1319
119 90
118 90
117 90
116 90
115 89
114 88
113 87
112 86
119 91
118 92
117 93
116 94
115 95
114 96
113 97
112 97
112 98
112 99
112 100
112 101
112 102
112 103
112 104
112 105
112 106
112 107
112 108
112 109
112 110
112 111
112 112
112 113
112 114
112 115
112 116
112 117
112 118
112 119
112 120
112 121
112 122
112 123
112 124
112 125
112 126
112 127
112 128
112 129
112 130
112 131
111 131
110 132
109 133
108 134
107 135
106 136
105 137
104 138
103 139
102 140
101 141
100 142
99 143
98 143
97 143
96 143
95 143
94 143
93 143
92 143
91 143
90 143
89 143
88 143
87 143
86 143
85 143
84 143
83 143
82 143
81 143
80 143
79 143
78 143
77 143
76 143
75 143
74 143
73 143
72 143
71 143
70 143
69 143
68 143
67 143
66 143
65 143
64 143
63 143
62 143
61 143
60 143
59 143
58 143
57 142
56 141
55 140
54 139
54 138
54 137
54 136
54 135
54 134
53 133
52 132
51 131
50 130
49 129
48 128
47 129
46 130
45 131
44 132
43 133
42 134
41 135
40 136
39 137
38 137
37 137
37 136
37 135
37 134
37 133
37 132
37 131
37 130
36 129
35 128
34 127
33 126
38 138
39 139
40 139
41 139
42 139
43 139
76 142
76 141
76 140
76 139
76 138
76 137
76 136
76 135
75 134
74 133
73 132
72 131
72 130
71 130
71 129
72 129
71 128
71 127
71 126
71 125
71 124
71 123
71 122
71 121
71 120
71 119
71 118
72 118
71 117
71 116
71 115
71 114
71 113
71 112
71 111
71 110
71 109
71 108
73 117
74 116
75 115
76 114
77 113
78 112
79 111
80 110
81 109
82 108
83 108
84 108
85 108
86 108
87 108
88 108
89 108
90 108
91 108
92 108
93 108
83 109
84 110
85 111
86 112
87 113
88 114
89 115
90 116
91 117
92 118
93 119
73 128
74 127
75 126
76 125
77 124
78 123
79 122
80 121
81 120
82 119
83 120
84 121
85 122
86 123
87 124
88 125
89 126
90 127
91 128
92 129
93 130
73 130
74 130
75 130
76 130
77 130
78 130
79 130
80 130
81 130
82 130
112 132
112 133
112 134
112 135
112 136
112 137
112 138
112 139
112 140
112 141
112 142
112 143
113 143
114 143
115 143
116 143
117 143
118 143
119 143
120 143
121 143
122 143
123 143
124 143
125 143
126 143
127 143
128 143
129 143
130 143
131 143
132 143
133 143
134 143
135 143
136 143
137 143
138 143
139 143
140 143
141 143
142 143
143 143
144 143
145 143
146 143
147 143
148 143
149 143
150 143
151 143
152 143
153 143
154 143
155 143
156 143
157 143
158 143
159 143
160 143
161 143
162 143
163 143
164 143
165 143
166 143
167 143
168 144
169 145
170 145
171 145
172 145
173 145
174 145
175 145
176 145
177 145
178 145
178 144
178 143
178 142
178 141
178 140
178 139
178 138
178 137
179 136
180 135
181 134
182 134
183 134
184 134
185 134
186 134
187 134
188 134
189 134
190 133
191 132
192 131
181 133
181 132
181 131
181 130
181 129
181 128
181 127
181 126
181 125
181 124
181 123
181 122
181 121
181 120
181 119
181 118
181 117
181 116
181 115
181 114
181 113
181 112
181 111
181 110
181 109
181 108
181 107
181 106
181 105
181 104
181 103
181 102
181 101
181 100
181 99
181 98
181 97
181 96
181 95
181 94
181 93
181 92
181 91
181 90
181 89
181 88
181 87
181 86
181 85
181 84
181 83
181 82
181 81
181 80
181 79
181 78
181 77
181 76
181 75
181 74
181 73
181 72
181 71
181 70
181 69
181 68
181 67
181 66
181 65
181 64
181 63
181 62
181 61
181 60
181 59
181 58
181 57
181 56
181 55
181 54
181 53
181 52
181 51
181 50
181 49
181 48
181 47
181 46
182 46
183 46
184 46
185 46
186 46
187 46
188 45
189 44
190 43
191 42
192 41
193 41
194 41
195 41
196 41
197 41
198 41
199 41
200 41
201 41
202 41
203 41
204 42
204 43
204 44
204 45
204 46
204 47
204 48
204 49
204 50
204 51
204 52
205 52
206 52
207 52
208 52
209 52
210 52
211 52
212 52
213 52
214 52
215 52
205 53
204 53
204 54
204 55
204 56
204 57
204 58
204 59
204 60
204 61
204 62
204 63
204 64
205 64
204 65
204 66
204 67
204 68
204 69
204 70
204 71
204 72
204 73
204 74
204 75
205 75
204 76
204 77
204 78
204 79
204 80
204 81
204 82
204 83
204 84
204 85
204 86
205 86
204 87
204 88
204 89
204 90
204 91
204 92
204 93
204 94
204 95
204 96
204 97
205 97
204 98
204 99
204 100
204 101
204 102
204 103
204 104
204 105
204 106
204 107
204 108
205 108
204 109
204 110
204 111
204 112
204 113
204 114
204 115
204 116
204 117
204 118
204 119
205 119
204 120
204 121
204 122
204 123
204 124
204 125
204 126
204 127
204 128
204 129
206 120
207 121
208 122
209 123
210 124
211 125
212 126
213 127
214 128
215 129
206 109
207 110
208 111
209 112
210 113
211 114
212 115
213 116
214 117
215 118
206 98
207 99
208 100
209 101
210 102
211 103
212 104
213 105
214 106
215 107
206 87
207 88
208 89
209 90
210 91
211 92
212 93
213 94
214 95
215 96
206 76
207 77
208 78
209 79
210 80
211 81
212 82
213 83
214 84
215 85
206 65
207 66
208 67
209 68
210 69
211 70
212 71
213 72
214 73
215 74
206 54
207 55
208 56
209 57
210 58
211 59
212 60
213 61
214 62
215 63
191 40
190 39
189 38
188 37
187 36
186 35
185 35
184 35
183 35
182 35
181 35
180 35
179 35
178 35
177 35
176 35
175 34
174 34
173 34
172 34
171 34
170 34
169 34
168 34
167 34
166 34
165 34
164 34
163 34
162 34
161 34
160 34
159 34
158 34
157 34
156 34
155 34
154 34
153 34
152 34
151 34
150 34
149 34
148 34
147 34
146 34
145 34
144 34
143 34
142 34
141 34
140 34
139 34
138 34
137 34
136 34
135 34
134 34
133 34
132 34
131 34
130 34
129 34
128 34
127 34
126 34
125 34
124 34
123 34
122 34
121 34
120 34
119 34
118 34
117 34
116 34
115 34
114 34
113 34
112 34
111 34
110 34
109 34
108 34
107 34
106 34
105 34
104 34
103 34
102 34
101 34
100 34
99 34
98 34
97 34
96 34
95 34
94 34
93 34
92 34
91 34
90 34
89 34
88 34
87 34
86 34
85 34
84 34
83 34
82 34
81 34
80 34
79 34
78 34
77 34
76 34
75 34
74 34
73 34
72 34
71 34
70 34
69 34
68 34
67 34
66 34
65 34
64 35
63 36
62 37
61 38
60 38
59 38
58 38
57 38
56 38
55 38
54 38
53 39
52 40
51 41
50 42
49 43
48 44
48 45
48 46
48 47
48 48
48 49
47 49
46 49
45 48
44 47
43 46
42 45
41 44
40 43
39 42
38 41
38 40
37 40
36 41
35 42
34 43
33 44
33 45
33 46
33 47
33 48
33 49
33 50
33 51
32 52
31 53
30 54
29 55
28 56
28 57
28 58
28 59
28 60
28 61
28 62
28 63
28 64
28 65
28 66
28 67
28 68
28 69
28 70
28 71
28 72
28 73
28 74
28 75
28 76
28 77
28 78
28 79
28 80
28 81
28 82
28 83
28 84
28 85
28 86
28 87
28 88
28 89
28 90
28 91
28 92
28 93
28 94
28 95
28 96
28 97
28 98
28 99
28 100
28 101
28 102
28 103
28 104
28 105
28 106
39 40
40 40
41 40
42 39
43 38
48 50
48 51
48 52
48 53
48 54
48 55
48 56
48 57
48 58
48 59
48 60
48 61
48 62
48 63
48 64
48 65
48 66
48 67
48 68
48 69
48 70
48 71
49 72
50 73
51 74
51 75
51 76
51 77
51 78
51 79
51 80
51 81
51 82
51 83
51 84
51 85
51 86
52 86
53 86
54 86
55 86
56 86
57 86
58 86
59 86
60 86
61 86
62 86
63 86
64 85
65 84
66 83
67 82
68 81
69 80
70 79
71 78
71 77
72 77
71 76
71 75
71 74
71 73
71 72
71 71
71 70
71 69
71 68
71 67
71 66
72 66
71 65
71 64
71 63
71 62
71 61
71 60
71 59
71 58
71 57
71 56
73 65
74 64
75 63
76 62
77 61
78 60
79 59
80 58
81 57
82 56
83 56
84 56
85 56
86 56
87 56
88 56
89 56
90 56
91 56
92 56
93 56
73 76
74 75
75 74
76 73
77 72
78 71
79 70
80 69
81 68
82 67
72 79
73 80
73 81
73 82
73 83
73 84
73 85
73 86
74 86
75 85
76 84
77 83
78 82
79 81
80 80
81 79
82 78
83 77
84 76
85 75
86 74
87 73
88 72
89 71
90 70
91 69
92 68
93 67
83 79
84 80
84 81
84 82
84 83
84 84
84 85
84 86
85 86
86 85
87 84
88 83
89 82
90 81
91 80
92 79
93 78
94 79
95 80
95 81
95 82
95 83
95 84
95 85
95 86
50 87
49 88
48 89
48 90
48 91
48 92
48 93
48 94
48 95
48 96
48 97
48 98
48 99
48 100
48 101
48 102
48 103
48 104
48 105
48 106
48 107
48 108
119 35
118 36
117 37
116 38
115 39
114 40
113 41
112 42
112 43
112 44
112 45
112 46
112 47
112 48
112 49
112 50
112 51
112 52
112 53
112 54
112 55
112 56
112 57
112 58
112 59
112 60
112 61
112 62
112 63
112 64
112 65
112 66
112 67
124 142
125 141
126 140
127 139
128 138
129 137
130 136
131 135
132 134
133 133
134 132
135 131
136 130
137 130
138 130
139 130
140 130
141 130
142 130
143 130
144 130
145 130
146 130
147 130
137 129
136 129
136 128
136 127
136 126
136 125
136 124
136 123
136 122
136 121
136 120
136 119
136 118
137 118
136 117
136 116
136 115
136 114
136 113
136 112
136 111
136 110
136 109
136 108
138 117
139 116
140 115
141 114
142 113
143 112
144 111
145 110
146 109
147 108
148 108
149 108
150 108
151 108
152 108
153 108
154 108
155 108
156 108
157 108
158 108
148 109
149 110
150 111
151 112
152 113
153 114
154 115
155 116
156 117
157 118
158 119
138 128
139 127
140 126
141 125
142 124
143 123
144 122
145 121
146 120
147 119
148 120
149 121
150 122
151 123
152 124
153 125
154 126
155 127
156 128
157 129
158 130
120 89
121 88
122 87
123 86
124 86
125 86
126 86
127 86
128 86
129 86
130 86
131 86
132 86
133 86
134 86
134 85
134 84
134 83
134 82
134 81
134 80
135 79
136 78
136 77
137 77
136 76
136 75
136 74
136 73
136 72
136 71
136 70
136 69
136 68
136 67
136 66
137 66
136 65
136 64
136 63
136 62
136 61
136 60
136 59
136 58
136 57
136 56
138 65
139 64
140 63
141 62
142 61
143 60
144 59
145 58
146 57
147 56
148 56
149 56
150 56
151 56
152 56
153 56
154 56
155 56
156 56
157 56
158 56
138 76
139 75
140 74
141 73
142 72
143 71
144 70
145 69
146 68
147 67
137 79
138 80
139 81
140 82
141 83
142 84
143 85
144 86
145 86
145 85
145 84
145 83
145 82
145 81
145 80
146 79
147 78
148 77
149 76
150 75
151 74
152 73
153 72
154 71
155 70
156 69
157 68
158 67
148 79
149 80
150 81
151 82
152 83
153 84
154 85
155 86
156 86
156 85
156 84
156 83
156 82
156 81
156 80
157 79
158 78
159 79
160 80
161 81
162 82
163 83
164 84
165 85
166 86
167 86
124
112 86
112 97
112 108
112 119
112 130
98 143
87 143
76 143
65 143
54 139
48 128
37 137
33 126
43 139
71 130
71 119
71 108
82 108
93 108
93 119
82 119
93 130
82 130
112 143
123 143
134 143
145 143
156 143
167 143
178 145
181 134
192 131
181 123
181 112
181 101
181 90
181 79
181 68
181 57
181 46
192 41
203 41
204 52
215 52
204 63
204 74
204 85
204 96
204 107
204 118
204 129
215 129
215 118
215 107
215 96
215 85
215 74
215 63
186 35
175 34
164 34
153 34
142 34
131 34
120 34
109 34
98 34
87 34
76 34
65 34
54 38
48 49
37 40
33 51
28 62
28 73
28 84
28 95
28 106
43 38
48 60
48 71
51 86
62 86
71 78
71 67
71 56
82 56
93 56
82 67
73 86
82 78
93 67
84 86
93 78
95 86
48 97
48 108
112 45
112 56
112 67
136 130
147 130
136 119
136 108
147 108
158 108
158 119
147 119
158 130
123 86
134 86
136 78
136 67
136 56
147 56
158 56
147 67
145 86
147 78
158 67
156 86
158 78
167 86
