1518
120 89
120 88
120 87
121 86
122 85
123 84
124 83
125 82
126 81
127 81
128 81
127 82
128 83
129 84
130 85
131 86
132 87
133 87
134 88
135 89
136 90
137 91
138 92
139 93
140 94
141 95
142 96
143 97
144 98
145 98
145 97
145 96
145 95
145 94
145 93
145 92
145 91
145 90
145 89
145 88
146 87
147 87
148 87
149 86
150 85
151 84
152 83
153 82
154 81
155 80
156 81
157 82
157 83
157 84
158 84
159 84
160 84
161 84
162 84
163 84
164 83
165 82
166 81
166 80
166 79
166 78
166 77
167 76
168 75
169 74
170 73
171 72
171 71
172 71
170 70
169 69
168 68
167 67
166 66
165 65
167 82
168 83
168 84
169 84
170 84
171 84
172 84
173 83
174 82
175 83
176 84
177 84
178 84
179 84
180 84
181 84
182 84
183 84
184 84
185 84
185 83
185 82
185 81
185 80
185 79
185 78
185 77
185 76
186 75
187 74
188 73
189 72
189 71
189 70
189 69
190 68
191 67
192 66
193 65
194 64
194 63
194 62
194 61
194 60
194 59
194 58
194 57
195 56
196 55
197 54
197 53
196 53
195 53
194 52
193 51
193 50
193 49
193 48
193 47
193 46
193 45
192 44
191 43
190 42
189 41
188 40
187 39
187 38
187 37
187 36
187 35
187 34
187 33
186 32
185 31
185 30
184 29
183 29
182 29
181 29
180 29
179 29
178 28
177 27
176 26
175 25
174 26
173 27
172 28
172 29
172 30
172 31
172 32
172 33
172 34
172 35
172 36
171 37
170 38
169 39
168 40
167 41
166 42
165 43
164 44
164 45
164 46
164 47
163 47
162 46
161 45
160 44
159 43
158 42
157 41
156 40
155 39
154 38
153 37
153 36
153 35
153 34
153 33
153 32
153 31
154 30
155 29
156 28
157 27
158 26
159 25
152 38
151 39
151 40
151 41
151 42
151 43
151 44
151 45
151 46
151 47
151 48
164 48
192 52
191 53
190 54
189 54
188 54
187 54
186 54
185 54
184 54
183 54
182 54
181 54
198 53
199 53
200 53
201 53
202 53
203 53
204 53
205 53
206 53
207 52
208 51
209 50
209 49
209 48
209 47
209 46
209 45
209 44
209 43
208 42
207 41
206 41
205 41
204 41
203 41
202 41
201 41
200 41
199 40
199 54
200 55
201 56
202 57
203 58
204 59
205 60
206 61
206 62
206 63
206 64
207 65
208 66
209 67
210 68
211 69
212 70
213 71
213 72
213 73
213 74
213 75
212 76
211 77
210 78
209 79
208 80
208 81
208 82
208 83
208 84
208 85
208 86
208 87
209 88
210 89
210 90
210 91
210 92
210 93
210 94
210 95
210 96
210 97
210 98
195 65
196 66
197 67
198 68
199 69
200 70
201 71
202 72
202 73
202 74
202 75
186 85
187 86
188 87
189 88
190 89
191 90
192 91
193 92
194 92
195 92
194 93
193 94
192 95
191 96
190 97
189 98
188 99
187 100
186 100
185 100
184 100
183 100
196 93
196 94
196 95
196 96
196 97
196 98
196 99
196 100
196 101
196 102
196 103
197 104
198 105
199 106
200 107
201 108
202 109
203 110
204 111
205 112
206 113
207 114
208 115
209 116
209 117
158 85
159 86
160 87
161 88
161 89
161 90
161 91
161 92
161 93
161 94
161 95
160 96
160 97
160 98
160 99
160 100
160 101
160 102
160 103
160 104
160 105
162 96
163 97
164 98
165 99
166 100
167 101
168 102
169 103
170 104
171 104
172 105
173 106
174 107
175 108
176 109
177 110
177 111
177 112
177 113
177 114
177 115
177 116
178 117
179 118
180 118
181 118
182 118
183 118
184 118
185 118
186 118
187 118
188 118
189 118
190 118
191 118
192 118
193 118
194 118
195 118
145 99
129 80
130 79
131 78
132 77
133 76
134 75
135 74
136 73
136 72
135 72
134 72
133 72
132 72
131 71
130 70
129 69
128 68
127 67
127 66
126 66
125 66
124 66
123 66
122 66
121 66
120 66
119 66
118 66
117 66
116 66
115 66
114 66
113 66
112 66
111 65
110 64
109 63
108 62
107 61
107 60
107 59
107 58
106 57
105 56
104 55
103 54
102 53
101 52
100 51
99 50
98 50
97 50
96 50
95 50
94 50
93 50
92 50
91 49
90 48
89 47
88 46
98 51
97 52
96 53
95 54
94 55
93 56
92 57
91 58
90 59
89 60
88 61
88 62
99 49
99 48
99 47
99 46
99 45
99 44
99 43
98 43
97 43
96 42
95 41
94 40
93 39
92 38
91 37
90 36
89 35
88 34
100 43
101 43
102 43
103 43
104 43
105 43
106 43
107 43
108 43
109 43
110 43
111 43
112 42
112 41
112 40
112 39
112 38
112 37
111 36
110 35
109 34
108 33
107 32
106 31
106 30
105 30
107 30
108 30
109 30
110 30
111 30
112 30
113 30
114 30
115 30
116 30
117 30
118 30
119 30
120 30
121 30
122 30
123 30
124 30
125 30
126 30
127 30
106 62
105 63
104 64
103 65
102 66
117 67
116 68
115 69
114 70
114 71
114 72
114 73
114 74
114 75
114 76
114 77
126 65
126 64
126 63
126 62
125 61
124 60
123 59
122 58
121 57
120 56
120 55
119 55
121 55
122 55
123 55
124 54
125 53
126 52
126 51
126 50
126 49
126 48
126 47
126 46
126 45
127 44
128 43
129 43
130 43
131 43
132 43
133 42
134 41
135 40
136 39
137 38
138 37
139 36
140 35
140 34
140 33
140 32
140 31
140 30
141 29
142 28
143 27
144 26
145 25
146 24
128 65
129 64
130 63
131 62
132 61
133 60
134 59
135 58
136 57
137 56
138 55
137 72
138 72
139 72
140 72
141 72
142 72
143 72
144 71
145 70
146 69
147 68
148 67
120 91
119 91
118 92
117 93
116 93
115 93
114 93
113 93
112 93
111 93
110 93
109 93
108 93
107 94
106 95
105 96
104 97
103 98
102 99
101 100
101 101
101 102
101 103
100 103
99 103
98 103
97 102
96 101
95 100
94 99
93 98
92 97
91 96
90 95
89 94
89 93
89 92
89 91
88 91
87 90
86 89
85 88
84 87
83 86
82 85
81 84
80 83
80 82
80 81
80 80
81 79
81 78
81 77
81 76
81 75
81 74
81 73
81 72
80 71
79 70
78 69
77 68
76 67
75 66
79 84
78 85
77 86
76 87
75 88
74 89
73 89
72 89
71 89
70 89
69 89
69 88
69 87
68 86
67 85
66 84
65 83
64 82
63 81
62 80
61 79
60 79
59 79
58 79
57 79
56 78
55 77
54 76
53 76
52 76
51 76
50 75
49 74
48 73
47 72
46 71
45 70
44 69
44 68
43 68
42 68
41 68
40 68
39 68
38 67
37 66
36 65
36 64
36 63
36 62
36 61
36 60
36 59
36 58
36 57
36 56
36 55
36 54
36 53
37 53
38 53
39 53
40 53
41 53
42 53
43 53
44 52
45 51
45 50
45 49
45 48
45 47
45 46
45 45
44 44
43 43
42 42
41 41
41 40
40 40
39 41
38 41
37 41
36 41
35 41
34 41
33 41
32 41
31 41
30 42
29 43
28 44
27 45
26 46
25 47
24 48
24 49
24 50
24 51
24 52
42 39
43 38
44 37
45 37
46 36
47 35
48 35
49 34
50 34
51 34
52 34
53 33
53 32
53 31
53 30
54 29
55 29
56 29
57 28
58 27
59 26
60 25
61 24
62 25
63 26
64 27
65 28
66 29
67 30
68 31
69 32
70 33
71 33
72 33
50 35
51 36
52 37
53 38
54 39
55 40
56 41
57 42
58 43
59 44
60 44
59 45
58 46
57 46
61 45
62 46
63 47
64 48
65 49
66 50
67 50
68 50
69 49
70 48
71 47
72 46
73 45
74 44
35 66
34 66
33 66
32 66
31 66
30 66
29 66
28 66
27 66
26 66
25 66
24 66
23 66
45 68
46 68
47 68
48 68
49 68
50 68
51 67
52 66
53 65
54 64
55 64
56 64
57 64
58 64
59 64
60 64
61 64
62 64
53 77
52 78
51 79
50 80
49 81
48 81
47 81
46 81
45 81
44 81
43 81
70 90
70 91
70 92
70 93
70 94
70 95
70 96
70 97
70 98
71 99
72 100
72 101
72 102
72 103
72 104
72 105
72 106
72 107
72 108
72 109
72 110
72 111
71 111
70 111
69 111
68 111
67 111
66 111
65 111
64 111
63 111
62 111
61 111
61 110
61 109
61 108
60 107
59 106
58 105
57 104
56 103
55 102
54 101
53 100
52 99
51 98
50 97
60 112
59 113
58 114
57 115
56 116
55 116
56 117
57 118
58 119
59 120
60 121
61 122
62 123
63 124
64 125
64 126
63 127
62 128
61 129
60 130
59 131
58 131
57 131
56 131
55 132
54 133
53 134
52 135
51 136
51 137
51 138
51 139
51 140
51 141
51 142
50 142
49 142
48 142
47 141
46 140
45 139
44 138
43 138
42 138
41 138
40 138
39 138
38 138
37 137
36 136
35 136
34 136
33 136
32 136
31 136
30 136
29 136
28 136
27 136
26 136
25 135
24 134
24 133
24 132
24 131
24 130
24 129
24 128
24 127
24 126
24 125
24 124
24 123
24 122
36 135
36 134
36 133
36 132
36 131
36 130
36 129
36 128
36 127
36 126
36 125
36 124
37 123
38 123
39 123
40 123
41 123
42 123
37 122
37 121
37 120
37 119
37 118
37 117
37 116
37 115
38 114
39 113
40 112
40 111
41 111
39 110
38 109
37 108
36 107
35 106
34 107
33 108
32 108
31 108
30 108
29 108
28 108
27 108
26 108
25 108
24 108
23 108
23 107
23 106
23 105
23 104
23 103
23 102
23 101
23 100
23 99
23 98
23 97
23 96
23 95
23 94
23 93
23 92
24 91
25 90
26 89
27 88
28 87
29 86
52 143
52 144
52 145
52 146
53 147
54 148
54 149
55 150
56 151
57 152
58 152
59 152
60 152
61 152
57 132
58 133
59 134
60 135
61 136
62 137
63 138
65 127
66 127
67 127
68 127
69 127
70 127
71 127
72 127
73 127
74 127
75 127
76 127
89 90
89 89
89 88
90 87
91 86
92 85
93 84
94 83
94 82
94 81
94 80
93 79
120 92
120 93
120 94
119 95
118 96
117 97
116 98
115 99
114 100
114 101
114 102
114 103
114 104
114 105
114 106
115 107
116 107
117 107
118 107
119 107
120 107
121 107
122 107
123 107
124 107
125 107
126 107
127 108
128 109
129 110
130 111
131 112
132 113
133 114
134 115
135 116
136 117
137 118
137 119
136 120
135 121
134 122
133 123
132 124
131 125
130 126
129 127
128 128
127 128
126 128
126 127
126 126
126 125
125 124
124 123
123 122
122 121
121 120
120 120
119 120
118 120
117 120
116 120
115 120
114 120
113 120
112 120
111 120
110 119
109 119
108 119
107 119
106 119
105 119
104 118
103 117
102 116
101 115
100 116
99 117
98 118
97 119
96 120
95 120
94 120
93 120
92 120
91 120
90 120
90 119
90 118
90 117
90 116
90 115
90 114
90 113
90 112
90 111
90 110
89 109
88 108
125 129
124 130
123 131
122 132
121 133
122 134
123 135
124 136
124 137
124 138
124 139
124 140
124 141
124 142
123 143
122 144
121 145
120 146
119 147
118 148
117 149
116 150
115 151
115 152
115 153
114 153
113 153
112 153
111 153
110 153
109 153
108 153
107 153
106 153
105 153
104 153
103 152
102 152
101 152
100 152
99 152
98 151
97 150
96 149
95 148
94 147
93 146
92 145
91 144
90 143
90 142
90 141
90 140
90 139
91 138
92 137
93 136
94 135
95 134
96 133
97 134
98 135
99 135
100 135
101 135
102 135
103 135
104 135
105 135
106 135
107 135
108 135
89 144
88 145
87 146
86 147
85 148
84 149
83 150
82 151
81 152
80 152
79 152
79 151
79 150
79 149
79 148
79 147
79 146
79 145
79 144
79 143
78 142
77 141
125 143
126 144
126 145
126 146
126 147
126 148
126 149
126 150
126 151
126 152
126 153
127 129
128 130
129 131
130 132
131 132
132 132
133 132
134 132
135 132
136 132
137 132
138 133
139 134
140 135
141 136
142 137
143 138
143 139
143 140
143 141
143 142
143 143
144 144
145 145
146 146
147 147
148 148
149 149
150 150
151 151
152 151
153 151
154 151
155 151
138 120
139 121
140 122
141 123
142 124
143 125
144 126
145 127
146 128
147 129
148 130
149 130
149 129
149 128
149 127
149 126
149 125
149 124
149 123
150 122
151 121
152 120
153 120
154 120
155 120
156 120
157 120
158 120
159 120
160 120
161 120
162 120
163 119
164 118
149 131
150 132
151 133
152 134
153 135
154 136
155 137
156 138
156 139
157 139
158 139
159 139
160 138
161 137
162 136
163 135
164 134
165 133
166 134
167 135
168 136
169 136
170 136
171 136
172 136
173 136
174 136
175 137
176 138
177 139
178 140
179 141
180 142
181 143
182 144
183 145
184 146
185 146
185 147
184 148
183 149
182 149
181 149
180 149
179 149
178 149
177 149
176 149
186 145
187 144
187 143
188 142
188 141
188 140
188 139
188 138
188 137
188 136
188 135
189 134
190 133
191 132
192 133
193 134
194 135
195 136
196 137
197 137
198 137
199 137
200 137
201 137
202 137
203 137
204 136
205 136
206 136
207 136
208 136
209 136
210 136
211 136
212 135
213 134
163
126 81
133 87
146 87
155 80
157 84
166 81
172 71
165 65
168 84
174 82
185 84
189 72
194 64
193 51
187 39
185 31
184 29
175 25
172 36
153 37
159 25
151 48
164 48
181 54
198 53
209 50
207 41
199 40
206 64
213 75
208 87
210 98
202 75
195 92
183 100
196 103
209 117
161 95
160 105
171 104
177 116
190 118
195 118
145 99
126 66
118 66
107 61
99 50
88 46
88 62
88 34
100 43
112 42
105 30
116 30
127 30
102 66
114 77
119 55
126 52
128 43
140 35
146 24
138 55
137 72
148 67
108 93
101 103
89 94
80 83
81 79
75 66
69 89
61 79
54 76
43 68
36 65
36 53
45 51
40 40
31 41
24 52
43 38
44 37
46 36
47 35
49 34
53 33
54 29
61 24
72 33
60 44
57 46
67 50
74 44
23 66
54 64
62 64
43 81
70 98
72 111
61 111
50 97
55 116
64 126
56 131
51 142
44 138
36 136
24 134
24 122
37 123
42 123
41 111
35 106
23 108
23 97
29 86
52 146
54 149
61 152
63 138
76 127
94 83
93 79
120 94
114 106
126 107
137 119
126 128
121 120
110 119
101 115
90 120
88 108
121 133
124 142
115 153
103 152
90 143
96 133
108 135
79 152
77 141
126 153
137 132
143 143
155 151
152 120
164 118
149 131
156 139
165 133
174 136
185 147
176 149
186 145
187 144
188 142
191 132
202 137
204 136
213 134
