1911
119 90
118 90
117 90
116 90
115 90
114 90
113 90
112 90
111 90
110 90
109 90
108 90
107 90
106 90
105 90
104 90
103 90
102 90
101 90
100 90
99 90
98 90
97 90
96 90
95 90
94 90
93 90
92 90
91 89
90 88
89 87
88 87
87 87
86 87
85 87
84 87
83 87
82 87
81 87
80 87
79 87
78 87
78 86
77 86
76 85
75 84
74 83
73 83
73 82
74 82
75 81
76 80
77 79
78 79
78 78
79 77
80 76
81 75
82 74
83 73
84 74
85 75
86 76
87 77
88 78
89 79
90 80
91 80
92 80
93 80
94 80
95 80
96 80
97 80
98 80
99 80
100 80
99 79
98 78
97 77
96 76
95 75
94 74
93 73
92 72
91 71
90 70
89 69
88 68
87 67
86 66
85 65
84 64
83 63
82 62
81 61
80 60
79 59
78 58
77 57
76 56
76 55
75 55
74 55
73 55
72 55
71 55
70 55
69 55
68 55
67 55
66 55
65 55
64 55
63 55
62 55
61 54
60 53
59 52
58 51
57 50
75 54
75 53
75 52
75 51
75 50
75 49
75 48
75 47
75 46
74 46
73 45
72 44
71 43
70 42
69 41
68 40
67 39
66 38
65 37
64 36
64 35
64 34
64 33
64 32
63 31
62 30
61 29
60 28
59 27
58 26
57 25
56 24
55 25
54 26
53 27
52 28
51 29
51 30
51 31
51 32
51 33
51 34
51 35
65 31
66 30
67 29
68 28
69 27
70 26
71 25
72 24
63 37
62 38
61 39
60 40
59 41
58 42
57 43
56 44
55 45
54 46
53 46
52 46
51 46
50 46
49 46
48 46
47 46
46 46
75 45
75 44
75 43
75 42
76 41
77 40
78 39
79 38
80 37
81 36
82 35
83 34
84 33
85 32
86 31
87 30
88 29
89 28
77 55
78 55
79 55
80 54
81 53
82 52
83 51
84 50
85 49
86 48
87 47
88 46
89 45
90 44
91 43
92 42
93 41
101 81
102 82
103 83
104 84
105 85
106 86
107 87
108 88
109 89
78 80
78 81
78 82
78 83
78 84
78 85
72 81
71 80
71 79
71 78
71 77
71 76
70 75
69 74
68 73
67 72
66 71
65 70
64 69
63 68
62 67
61 66
60 66
59 66
58 66
57 66
56 66
55 66
54 66
54 67
53 67
52 67
51 67
50 67
49 67
48 67
47 67
46 67
45 67
44 67
43 67
42 66
41 65
40 64
39 63
38 62
37 61
36 60
35 59
34 58
55 68
56 69
57 70
58 71
59 72
60 73
61 74
62 75
63 76
64 77
65 78
66 79
67 80
68 81
69 82
70 83
71 84
72 85
73 85
73 84
73 86
73 87
74 87
73 88
73 89
73 90
73 91
73 92
73 93
74 93
74 94
73 94
73 95
74 95
74 96
73 96
73 97
74 97
74 98
73 98
72 99
72 100
71 100
70 100
69 100
68 100
67 100
66 100
65 100
64 100
63 100
62 100
61 99
60 98
59 97
58 96
57 95
56 94
55 93
54 94
53 95
52 96
52 97
51 97
50 98
49 98
49 99
50 99
51 100
52 100
52 99
52 98
52 101
52 102
53 102
52 103
52 104
51 104
50 104
49 104
48 104
47 104
46 104
45 104
44 104
43 104
42 104
41 104
40 104
39 104
38 104
37 104
36 104
35 104
34 104
33 103
32 102
31 101
30 100
29 99
28 98
27 97
43 105
42 106
41 107
40 108
39 109
38 110
37 111
36 112
35 113
34 114
33 115
32 116
31 117
30 118
29 119
28 120
27 121
27 122
45 103
46 102
47 101
48 100
52 105
52 106
52 107
52 108
52 109
52 110
52 111
52 112
52 113
52 114
52 115
52 116
52 117
52 118
52 119
52 120
53 121
52 122
51 123
50 124
50 125
49 125
48 126
47 127
46 128
45 129
44 130
43 131
42 132
41 133
40 134
39 135
38 135
37 135
36 135
37 136
38 137
39 138
40 139
41 140
42 141
43 142
44 143
45 144
46 145
47 145
48 145
49 145
50 145
51 145
52 145
53 145
54 145
55 145
56 145
57 145
58 145
59 145
60 145
61 145
62 145
63 145
64 145
65 145
50 126
50 127
50 128
50 129
50 130
50 131
50 132
50 133
54 120
55 119
56 118
57 117
58 116
59 115
60 114
61 113
62 113
63 113
64 113
64 112
63 112
62 111
62 110
61 110
60 110
60 109
59 109
59 108
58 108
58 107
57 107
57 106
56 105
56 104
55 104
54 104
53 104
54 103
57 104
58 104
59 104
60 104
61 104
62 104
63 104
64 104
65 104
66 104
67 104
68 103
69 102
68 101
70 101
70 103
71 104
72 104
72 105
71 105
70 106
69 107
68 108
67 109
67 110
66 110
65 110
64 110
63 110
65 111
68 110
69 110
70 110
71 110
72 110
73 110
74 110
74 109
74 108
75 108
76 108
76 107
76 106
76 105
76 104
76 103
76 102
76 101
75 101
74 101
74 100
73 100
74 99
75 100
76 100
77 100
78 100
79 100
80 100
81 100
82 100
83 100
84 100
85 100
86 100
87 100
88 100
89 100
90 100
91 100
92 100
93 100
94 100
95 100
96 100
97 100
98 100
99 100
100 100
101 100
102 100
103 100
104 100
105 100
106 100
107 100
108 100
109 100
110 100
109 101
108 102
107 103
106 104
105 105
104 106
103 107
102 108
101 109
100 110
99 111
98 112
97 113
96 114
95 115
94 116
93 117
92 118
91 119
90 120
89 121
88 121
87 121
86 121
85 121
84 121
83 121
82 121
81 121
80 121
79 121
78 121
77 121
76 121
75 121
74 121
73 121
72 121
71 120
70 119
69 118
68 117
67 117
67 116
68 116
69 115
70 114
71 113
72 112
73 111
66 115
65 114
66 118
65 119
64 120
63 121
63 122
63 123
63 124
63 125
63 126
63 127
63 128
63 129
63 130
76 120
76 119
76 118
76 117
76 116
76 115
76 114
76 113
76 112
76 111
76 110
76 109
111 99
112 98
113 97
114 96
115 95
116 94
116 93
115 93
114 93
113 93
112 93
111 93
110 93
109 94
108 95
107 96
106 97
105 98
104 99
117 93
118 92
119 91
102 101
101 101
100 101
99 101
98 102
97 103
96 104
95 105
94 106
93 107
92 108
91 109
90 110
90 111
90 112
77 99
76 99
76 98
76 97
76 96
76 95
76 94
76 93
76 92
75 92
76 91
76 90
77 90
76 89
75 88
78 89
78 88
78 98
79 97
80 96
81 95
82 94
83 93
84 92
85 91
86 90
87 89
88 88
74 102
74 103
73 103
74 104
74 105
74 106
73 106
74 107
48 97
47 96
46 95
45 94
44 93
43 92
42 91
41 90
40 89
39 88
38 87
37 86
36 85
35 84
34 83
66 99
65 98
64 97
63 96
62 95
61 94
60 93
59 92
58 91
57 90
56 89
55 88
54 87
53 86
52 85
51 84
50 83
49 82
53 65
52 64
51 63
50 62
49 61
48 60
47 59
46 58
45 57
44 56
43 55
42 54
41 53
40 52
39 51
38 50
37 49
36 48
35 47
34 46
118 89
117 88
116 87
115 86
114 85
113 84
112 83
111 82
110 81
110 80
110 79
110 78
110 77
110 76
110 75
109 74
108 73
107 72
106 71
105 70
104 69
103 68
102 67
101 66
100 65
99 64
121 90
122 90
123 90
124 90
125 90
126 90
127 89
128 88
129 87
130 86
131 85
132 84
133 83
134 82
135 81
136 80
137 79
138 78
139 77
140 76
141 75
142 74
143 73
144 72
145 71
146 70
147 69
148 68
149 67
150 66
151 66
151 65
150 65
150 64
149 64
149 63
150 62
151 61
152 60
153 59
154 58
155 57
156 56
157 55
158 54
159 53
160 52
161 51
162 50
163 49
164 48
165 47
166 46
167 45
168 44
168 43
168 42
168 41
168 40
168 39
168 38
168 37
168 36
168 35
169 34
170 33
171 32
172 31
173 30
174 29
175 28
176 27
177 26
178 25
169 45
170 46
171 47
172 48
171 49
170 50
169 51
168 52
167 53
166 54
165 55
164 56
163 57
162 58
161 59
160 60
159 61
158 62
157 63
157 64
156 64
155 64
154 64
153 64
152 64
151 64
153 63
154 62
155 61
156 60
157 59
158 58
159 57
160 56
161 55
162 54
163 53
164 52
165 51
166 50
167 49
168 48
158 64
159 64
160 64
161 64
162 63
163 62
164 61
165 60
173 47
174 46
175 45
176 44
177 43
178 42
179 41
180 40
181 39
182 38
183 37
184 36
185 35
186 36
187 37
188 38
189 39
190 40
191 41
192 42
193 43
194 44
195 44
195 45
194 45
194 46
194 47
194 48
194 49
194 50
194 51
194 52
194 53
194 54
194 55
194 56
194 57
194 58
193 59
192 60
191 61
190 62
189 63
188 64
187 65
186 66
185 67
184 68
183 69
182 70
181 71
180 72
179 73
178 74
177 75
176 76
175 77
174 78
173 79
172 80
172 81
171 81
170 81
169 81
168 81
167 81
166 81
165 81
164 81
163 81
162 81
161 81
160 81
159 80
158 79
157 78
156 77
155 76
155 75
155 74
155 73
155 72
155 71
155 70
154 69
153 68
152 67
170 82
169 83
168 84
167 85
166 86
165 87
164 88
163 88
162 88
161 88
160 88
159 88
158 88
157 88
156 88
155 88
154 88
153 89
152 90
151 91
150 92
149 93
148 93
147 93
146 93
145 93
144 93
143 93
142 93
141 93
140 93
139 93
138 93
137 93
136 93
135 93
134 93
133 93
132 93
131 93
130 93
129 93
128 93
127 93
126 93
125 93
124 93
123 93
123 94
122 95
122 96
121 96
120 97
119 98
118 99
117 100
116 101
115 102
115 103
114 103
113 104
112 105
111 106
111 107
111 108
111 109
111 110
111 111
111 112
111 113
111 114
111 115
111 116
111 117
111 118
111 119
111 120
110 121
109 122
108 123
107 124
106 125
105 125
104 125
103 125
102 125
101 125
100 125
99 125
98 125
97 125
96 126
95 127
94 128
93 129
93 130
92 130
91 131
90 132
89 133
88 134
87 135
86 136
85 137
84 138
83 139
82 140
81 141
80 142
79 143
78 144
78 145
78 146
78 147
93 131
93 132
93 133
93 134
93 135
93 136
93 137
93 138
93 139
93 140
115 104
122 97
122 98
122 99
122 100
122 101
122 102
122 103
122 104
122 105
122 106
122 107
122 108
122 109
122 110
122 111
122 112
122 113
122 114
122 115
122 116
122 117
122 118
122 119
122 120
122 121
122 122
122 123
122 92
121 91
125 94
126 95
127 96
127 97
128 97
127 98
127 99
127 100
127 101
127 102
127 103
127 104
127 105
127 106
127 107
127 108
127 109
127 110
127 111
127 112
127 113
127 114
127 115
127 116
127 117
127 118
127 119
127 120
127 121
126 122
125 123
124 124
123 125
122 126
121 127
120 128
119 129
118 130
117 131
116 132
115 133
114 134
113 135
112 135
111 135
110 135
109 135
108 135
109 136
110 137
111 138
112 139
113 140
114 141
115 142
116 143
117 144
118 145
119 146
119 147
119 148
119 149
128 122
129 123
130 124
131 125
132 126
133 127
134 128
135 129
136 130
137 131
138 132
139 133
140 134
141 135
141 136
142 136
143 136
144 136
145 136
146 136
147 136
148 136
149 136
150 136
149 137
148 138
147 139
147 140
146 140
145 139
144 138
143 137
147 141
147 142
148 142
147 143
147 144
147 145
147 146
147 147
147 148
147 149
147 150
149 143
150 144
151 144
152 144
153 144
154 144
155 144
156 144
157 144
158 144
159 145
160 146
161 147
162 148
163 149
164 150
165 151
166 152
167 153
168 153
169 153
170 153
171 153
172 153
173 153
174 153
175 153
176 153
177 153
178 153
179 153
180 153
181 153
182 153
151 135
152 134
153 133
154 132
155 131
156 130
157 129
158 128
159 127
160 126
161 125
162 124
163 123
164 122
164 121
164 120
164 119
164 118
163 117
162 116
161 116
161 115
162 115
163 114
164 113
165 112
166 111
166 110
165 110
164 110
163 110
162 110
161 110
160 110
159 110
158 110
157 110
156 110
155 109
154 108
153 107
152 106
151 105
150 104
149 103
148 103
147 103
146 102
145 101
144 100
143 99
142 98
141 97
140 96
139 95
138 94
157 111
158 112
159 113
160 114
167 110
160 117
159 118
158 119
157 120
156 121
155 122
154 123
153 123
152 123
151 123
150 123
165 123
166 124
167 125
168 126
169 126
170 126
171 126
172 126
173 126
174 126
175 126
176 126
176 127
176 128
176 129
176 130
176 131
176 132
176 133
176 134
176 135
176 136
176 137
176 138
176 139
176 140
129 98
130 99
131 100
132 101
132 102
132 103
132 104
132 105
132 106
136 92
155 89
156 90
157 91
158 92
159 93
160 94
161 95
162 96
163 97
164 98
165 99
166 100
167 101
168 102
169 103
170 104
171 105
172 106
173 106
174 106
175 106
176 106
177 106
178 106
179 106
180 106
181 106
182 106
183 106
184 106
185 106
186 106
187 105
188 104
189 103
190 102
191 101
192 100
193 99
194 98
195 97
196 96
197 95
198 94
199 93
200 93
201 93
202 93
203 93
204 93
200 92
199 92
198 91
197 90
196 89
195 88
194 87
193 86
192 85
191 85
191 84
190 83
189 82
188 81
188 80
187 80
186 81
185 81
184 81
183 81
182 81
181 81
180 81
179 81
178 81
177 81
176 81
175 81
174 81
173 81
189 80
190 80
191 80
192 80
193 80
194 80
195 79
196 78
197 77
198 76
199 75
191 86
191 87
191 88
191 89
191 90
191 91
191 92
191 93
201 91
202 90
203 89
204 88
205 87
206 86
207 85
208 84
209 83
210 82
211 81
212 80
213 79
213 78
213 77
213 76
213 75
213 74
213 73
213 72
213 71
213 70
213 69
213 68
213 67
181 107
182 108
183 109
184 109
185 109
186 109
187 109
188 109
189 109
190 109
191 109
192 109
193 109
194 109
195 109
196 109
197 109
198 109
199 109
200 109
201 109
202 109
203 109
204 109
205 109
206 108
207 107
208 106
209 105
210 104
192 110
193 111
194 112
195 113
196 114
197 115
198 116
199 117
200 118
201 119
202 120
203 121
204 122
205 123
205 124
173 107
174 108
175 109
176 110
177 111
178 112
179 113
180 114
181 115
182 116
183 117
184 118
185 119
186 120
187 121
188 122
189 123
190 124
190 125
190 126
190 127
190 128
190 129
190 130
190 131
190 132
190 133
190 134
190 135
196 46
197 47
198 48
199 49
200 50
201 50
202 50
203 50
204 50
205 50
206 50
207 50
208 50
209 50
210 50
211 50
196 43
197 42
198 41
173 49
173 50
174 50
173 51
173 52
175 51
176 52
177 53
178 53
179 53
180 53
181 53
182 53
183 53
184 53
185 53
186 53
187 53
188 53
189 53
148 65
147 66
146 67
145 68
144 69
143 70
142 71
141 72
140 73
139 74
138 75
137 76
136 77
135 78
134 79
133 79
133 78
133 77
133 76
133 75
133 74
133 73
133 72
133 71
133 70
133 69
133 68
133 67
133 66
133 65
132 65
131 64
130 63
130 62
130 61
130 60
130 59
129 59
128 58
127 57
126 56
125 55
124 54
123 53
122 52
122 51
123 50
124 49
125 48
126 47
125 46
124 45
123 44
122 43
121 42
120 41
119 40
118 39
117 38
116 37
115 36
114 35
113 34
112 33
121 44
120 45
119 46
118 46
117 46
116 46
115 46
114 46
113 46
112 46
111 46
110 46
109 46
123 42
124 41
125 40
126 39
127 38
128 37
129 37
129 36
129 35
130 35
131 34
132 33
133 32
134 31
135 30
136 31
137 32
138 33
139 34
140 35
141 36
142 37
143 38
144 39
145 39
146 39
147 39
147 38
147 37
147 36
147 35
147 34
147 33
147 32
147 31
147 30
148 29
149 28
150 27
147 40
147 41
147 42
147 43
147 44
147 45
147 46
147 47
147 48
147 49
147 50
147 51
146 52
145 53
144 54
143 55
142 56
141 57
140 58
139 59
138 60
137 61
136 62
135 63
134 64
128 34
127 33
126 32
125 31
124 30
123 29
129 38
129 39
129 40
129 41
129 42
129 43
130 43
129 44
129 45
128 45
127 46
129 46
129 47
129 48
129 49
128 49
127 48
130 50
130 51
130 52
130 53
130 54
130 55
130 56
130 57
130 58
131 42
132 41
133 80
132 80
131 80
130 80
129 80
128 80
127 80
126 79
125 78
124 77
123 76
122 75
121 74
120 73
119 72
118 71
117 70
116 69
115 68
114 67
113 66
112 65
111 64
110 63
109 62
108 61
107 60
106 59
105 58
104 57
103 56
102 55
101 54
100 53
99 52
98 51
97 50
96 49
95 48
130 79
129 78
128 77
127 76
126 75
125 74
124 73
123 72
122 71
121 70
120 69
132 81
131 82
130 83
129 84
128 85
127 86
126 87
125 88
124 89
101
89 87
83 73
100 80
75 55
57 50
64 36
56 24
51 35
72 24
46 46
89 28
93 41
71 80
61 66
54 67
34 58
73 98
55 93
44 104
27 97
27 122
52 120
36 135
65 145
50 133
61 113
57 107
74 110
86 100
76 121
63 130
110 93
99 101
90 112
78 89
34 83
49 82
34 46
110 81
99 64
149 64
168 44
178 25
168 48
165 60
185 35
194 58
172 81
155 76
154 88
124 93
111 120
97 125
78 147
93 140
115 104
122 123
127 121
108 135
119 149
141 136
147 150
158 144
182 153
164 122
149 103
167 110
150 123
176 126
176 140
132 106
136 92
180 106
204 93
187 80
199 75
191 93
213 79
213 67
191 109
210 104
205 124
190 135
211 50
198 41
173 52
189 53
130 63
122 52
112 33
109 46
135 30
147 39
150 27
147 51
123 29
129 49
132 41
133 80
95 48
120 69
