1115
120 89
120 88
120 87
120 86
120 85
120 84
120 83
120 82
120 81
120 80
120 79
119 78
118 77
117 76
116 75
115 74
114 75
113 76
112 76
111 76
110 76
109 76
108 76
107 76
106 76
105 76
104 76
103 76
102 76
101 76
100 76
99 76
98 76
97 76
96 75
95 74
94 73
93 72
92 71
92 70
92 69
92 68
92 67
92 66
92 65
92 64
92 63
92 62
92 61
92 60
92 59
92 58
92 57
92 56
91 56
90 56
89 56
88 56
87 56
86 56
85 56
84 56
83 55
82 54
82 53
82 52
82 51
82 50
82 49
82 48
82 47
82 46
82 45
83 44
84 43
85 42
86 41
87 40
88 39
89 38
90 37
91 36
92 35
93 34
81 55
80 56
79 56
78 56
77 56
76 56
75 56
74 56
73 56
72 56
71 56
71 57
71 58
71 59
71 60
71 61
71 62
71 63
71 64
71 65
71 66
71 67
71 68
71 69
71 70
71 71
71 72
71 73
71 74
71 75
71 76
71 77
71 78
71 79
71 80
71 81
71 82
71 83
71 84
71 85
71 86
70 87
69 88
68 89
67 90
66 91
65 92
64 93
63 94
62 95
61 96
61 97
61 98
61 99
61 100
61 101
61 102
61 103
60 104
59 105
58 106
57 107
56 107
55 107
54 107
53 107
52 107
51 107
50 107
49 107
48 107
47 107
46 107
45 107
44 107
43 107
42 107
41 106
40 105
39 104
38 103
37 102
36 101
35 100
34 99
33 98
32 97
31 96
30 95
29 94
62 104
63 105
64 106
65 107
66 108
67 108
68 108
69 108
70 108
71 108
72 108
71 109
71 110
71 111
71 112
71 113
71 114
71 115
71 116
71 117
71 118
71 119
71 120
71 121
71 122
71 123
60 95
59 94
58 93
57 92
56 91
55 90
54 89
53 88
52 87
51 86
51 85
51 84
51 83
51 82
51 81
51 80
51 79
51 78
51 77
51 76
51 75
51 74
51 73
51 72
51 71
51 70
51 69
50 68
50 67
50 66
50 65
50 64
50 63
50 62
50 61
50 60
50 59
50 58
50 57
50 56
50 55
50 54
50 53
50 52
50 51
49 50
48 49
48 48
48 47
48 46
48 45
48 44
48 43
48 42
48 41
48 40
47 39
47 38
46 38
45 39
44 40
43 41
42 41
41 41
40 41
39 41
38 41
37 41
36 41
35 42
34 43
33 44
32 45
31 46
30 47
29 48
29 49
29 50
29 51
29 52
28 53
28 54
28 55
28 56
28 57
28 58
28 59
28 60
28 61
28 62
28 63
28 64
28 65
28 66
28 67
28 68
28 69
28 70
28 71
28 72
28 73
48 38
49 38
50 38
51 38
52 38
53 38
54 37
55 36
56 35
56 34
56 33
56 32
56 31
56 30
56 29
56 28
56 27
56 26
57 25
58 24
59 25
60 26
61 27
62 28
63 29
64 30
65 31
66 32
67 33
68 34
69 34
70 34
71 34
72 34
93 56
102 77
101 78
100 79
99 80
98 81
97 82
96 83
95 84
94 85
93 86
92 87
92 88
92 89
92 90
92 91
92 92
92 93
93 94
93 95
93 96
93 97
93 98
93 99
93 100
93 101
93 102
93 103
93 104
93 105
93 106
93 107
93 108
119 91
118 92
117 93
116 93
115 93
114 93
113 93
121 91
122 91
123 91
124 91
125 91
126 91
127 91
128 91
129 91
130 91
131 91
132 91
133 91
134 91
135 92
136 93
137 94
138 95
139 96
140 97
141 98
142 99
143 100
144 101
145 102
146 103
147 103
148 103
149 103
150 103
151 102
152 101
153 100
154 99
155 98
156 97
157 96
158 95
159 94
159 93
158 93
157 93
156 93
155 93
154 92
153 91
152 90
151 89
150 88
149 87
148 86
148 85
148 84
148 83
148 82
147 82
146 81
145 80
144 79
143 78
142 77
141 76
140 75
139 74
138 73
137 72
136 71
136 70
136 69
136 68
136 67
136 66
136 65
135 64
134 63
133 62
132 61
131 60
130 59
129 58
128 57
127 56
127 55
126 55
125 55
124 55
123 55
122 55
121 55
120 55
119 55
118 55
117 55
116 55
115 55
114 55
113 55
112 55
126 54
126 53
126 52
126 51
126 50
126 49
126 48
126 47
126 46
125 45
124 44
123 43
122 42
121 41
120 40
119 39
118 38
117 37
116 36
115 35
114 34
128 55
129 55
130 55
131 55
132 55
133 54
134 53
135 52
136 51
137 50
138 50
139 50
140 50
141 49
142 48
143 47
144 46
145 45
146 44
147 43
148 42
149 41
150 40
151 39
152 38
153 37
154 36
155 35
156 34
137 49
137 48
137 47
137 46
137 45
137 44
137 43
137 42
137 41
137 40
137 39
137 38
137 37
137 36
136 35
135 34
148 81
148 80
149 79
150 78
151 77
152 76
153 75
154 74
155 73
156 72
157 71
157 70
157 69
157 68
157 67
157 66
157 65
157 64
157 63
157 62
157 61
157 60
157 59
157 58
157 57
158 56
158 72
159 72
160 72
161 72
162 72
163 72
164 72
165 72
166 72
167 72
168 72
169 72
170 72
171 72
172 72
173 72
174 72
175 72
176 72
177 72
178 71
179 70
180 69
181 68
182 68
183 68
184 68
185 68
186 68
187 68
188 68
189 68
190 68
191 67
192 66
193 65
194 64
195 64
196 64
197 64
198 64
199 64
200 64
201 64
202 64
203 64
204 63
205 62
205 61
205 60
205 59
205 58
205 57
205 56
205 55
205 54
205 53
204 52
203 51
203 50
202 50
202 49
201 48
200 47
199 46
198 45
197 44
196 43
195 42
194 41
193 40
192 39
191 38
190 37
189 36
188 35
187 35
186 35
185 35
184 35
183 35
182 35
181 35
180 35
179 35
178 35
177 34
191 40
190 41
189 42
188 43
187 44
186 45
185 46
184 47
183 47
182 47
181 47
204 50
205 50
206 50
207 50
208 50
209 50
210 50
211 49
212 48
213 47
214 46
182 69
183 70
184 71
185 72
186 73
187 74
188 75
189 76
190 77
191 78
192 79
193 80
194 81
194 82
194 83
195 83
196 83
197 83
198 83
199 83
200 83
201 83
202 83
203 83
204 83
205 83
193 84
192 85
191 86
190 87
189 88
188 89
187 89
186 89
185 89
184 89
183 89
182 89
181 89
160 93
148 104
149 105
150 106
151 107
152 108
153 108
154 108
155 108
156 108
157 108
158 108
157 109
156 110
155 111
154 112
153 113
152 114
152 115
152 116
152 117
152 118
152 119
152 120
152 121
152 122
152 123
153 123
154 123
155 123
156 123
157 123
158 123
159 123
160 123
161 123
162 123
163 123
164 123
165 123
166 123
167 123
168 123
169 122
170 121
171 120
172 119
173 118
174 117
175 116
176 115
177 114
178 113
179 112
180 111
181 110
182 111
183 112
184 113
185 114
186 115
187 116
188 116
189 116
190 116
191 116
192 116
193 116
194 116
194 115
194 114
195 113
196 112
197 111
198 110
199 109
200 108
201 107
202 106
203 105
204 104
205 104
206 104
207 104
208 104
209 104
210 104
211 104
212 104
213 104
214 104
215 104
195 117
196 118
197 119
198 120
199 121
200 122
201 123
202 124
203 125
204 125
205 125
204 126
203 127
202 128
201 129
200 130
199 130
198 130
197 130
196 130
195 130
194 130
193 131
192 132
192 133
192 134
192 135
192 136
192 137
192 138
192 139
192 140
192 141
191 141
191 142
190 142
189 142
188 143
187 143
186 143
185 143
184 143
183 143
182 143
181 143
180 143
179 143
178 143
190 140
189 139
188 138
187 137
186 136
185 135
184 134
183 133
182 132
181 131
206 126
207 127
207 128
207 129
207 130
207 131
207 132
207 133
207 134
207 135
207 136
151 124
150 125
149 126
148 127
147 128
146 128
145 128
144 128
143 128
142 128
141 128
140 128
139 128
138 128
137 128
136 128
135 128
134 129
133 130
132 131
131 132
130 133
129 134
128 135
127 136
126 137
125 138
124 139
123 140
122 141
121 142
120 143
119 143
118 143
117 143
116 143
115 143
115 142
115 141
115 140
115 139
115 138
115 137
115 136
115 135
115 134
115 133
115 132
115 131
114 131
113 131
112 131
111 131
110 131
109 131
108 131
107 131
106 131
105 131
104 130
103 129
102 129
101 129
100 129
99 129
98 129
97 129
96 129
95 129
94 129
93 129
92 129
91 130
90 131
89 132
88 133
87 134
86 135
85 136
84 137
83 138
82 139
81 140
80 141
79 142
78 143
77 144
76 145
75 145
74 145
73 145
72 145
71 145
70 145
69 145
68 145
67 145
66 145
65 145
64 145
63 145
62 145
61 145
60 145
59 145
58 145
57 145
56 144
55 143
54 143
53 143
52 143
51 142
50 141
49 140
48 139
47 139
46 139
45 139
44 139
43 139
42 139
41 139
40 139
39 139
38 139
37 138
36 137
36 136
36 135
36 134
36 133
36 132
35 131
34 130
33 129
32 128
31 127
31 126
31 125
31 124
31 123
31 122
31 121
31 120
31 119
31 118
31 117
31 116
30 115
48 138
48 137
48 136
48 135
48 134
48 133
48 132
48 131
48 130
48 129
48 128
102 130
101 131
100 132
99 133
98 134
97 135
96 136
95 137
94 138
94 139
94 140
94 141
94 142
94 143
94 144
94 145
103 128
103 127
103 126
103 125
104 124
105 123
106 122
107 121
108 120
109 119
110 118
111 117
112 116
113 115
114 114
136 129
136 130
136 131
136 132
136 133
136 134
136 135
136 136
136 137
136 138
136 139
136 140
136 141
136 142
136 143
136 144
136 145
137 145
138 145
139 145
140 145
141 145
142 145
143 145
144 145
145 145
146 145
147 145
148 145
149 145
150 145
151 145
152 145
153 145
154 145
155 145
156 145
157 145
146 104
145 105
144 106
143 107
142 108
141 108
140 108
139 108
138 108
137 108
136 108
84
115 74
103 76
92 71
82 54
93 34
71 56
71 71
71 86
61 103
50 107
29 94
72 108
71 123
51 86
50 68
48 49
46 38
36 41
29 52
28 73
56 35
58 24
72 34
93 56
92 93
93 108
113 93
134 91
147 103
148 86
136 71
126 55
112 55
114 34
137 50
156 34
135 34
157 71
158 56
168 72
181 68
194 64
205 62
202 50
192 39
188 35
177 34
181 47
214 46
194 83
205 83
181 89
160 93
158 108
152 123
163 123
181 110
194 116
204 104
215 104
205 125
194 130
192 141
189 142
178 143
181 131
207 136
135 128
115 143
115 131
103 129
92 129
73 145
55 143
48 139
36 137
31 127
30 115
48 128
94 145
114 114
136 145
157 145
136 108
