3120
119 90
118 90
117 90
116 90
115 90
114 90
113 90
112 90
111 90
110 90
109 90
108 90
107 90
106 90
105 90
104 90
103 90
102 90
101 90
100 90
99 90
98 90
97 90
96 90
95 90
94 90
93 90
92 90
91 90
90 90
89 90
88 90
87 90
86 90
85 90
84 90
83 90
82 90
81 90
80 90
79 90
78 90
77 90
76 90
75 90
74 90
73 90
72 90
71 90
70 90
69 90
68 90
67 90
66 90
65 90
64 90
63 90
62 90
61 90
60 90
59 90
58 90
57 90
56 90
55 90
54 90
53 90
52 90
51 90
50 90
49 90
48 90
47 90
46 90
45 90
44 90
43 90
42 90
41 90
40 90
39 90
38 90
37 90
36 90
35 90
34 90
33 90
32 90
31 90
52 89
51 88
50 87
49 86
48 85
47 84
46 83
45 82
44 81
43 80
42 79
41 78
40 77
39 76
38 75
37 74
36 73
35 72
34 71
33 70
69 89
68 88
67 87
66 86
65 85
64 84
63 83
62 82
61 81
60 80
59 79
58 78
57 77
56 76
55 75
54 74
53 73
52 72
51 71
50 70
49 69
48 68
47 67
46 66
45 65
44 64
43 63
42 62
41 61
40 60
39 59
38 58
37 57
36 56
35 55
34 54
33 53
32 52
31 51
30 50
71 91
72 92
73 93
74 94
75 95
76 96
77 97
78 98
79 99
80 100
81 101
82 102
83 103
84 104
85 104
85 103
85 102
85 101
85 100
85 99
85 98
85 97
85 96
85 95
85 94
85 93
85 92
85 91
85 105
84 105
83 105
82 105
81 105
80 105
79 105
78 105
77 105
76 105
75 105
74 105
73 105
72 105
71 105
70 105
69 105
68 105
81 104
80 103
79 102
78 101
77 100
76 99
75 98
74 97
73 96
72 95
71 94
70 93
83 106
84 107
85 107
85 106
86 106
86 105
87 105
88 105
89 105
90 105
91 105
92 105
93 105
94 105
95 105
96 105
97 105
98 105
99 105
100 105
101 105
102 105
103 105
104 105
105 105
105 106
104 106
103 107
102 106
102 108
101 108
100 108
99 108
98 108
97 108
96 108
95 108
94 108
93 108
92 108
91 108
90 108
89 108
88 108
87 108
86 108
85 108
85 109
84 109
83 109
82 109
81 109
80 109
79 109
78 109
77 109
76 109
75 109
74 109
73 109
72 109
71 109
70 109
69 109
68 109
67 109
66 109
65 109
64 109
63 109
62 109
61 109
60 109
59 109
58 109
57 109
56 109
55 109
54 109
53 109
52 109
51 109
50 109
49 109
48 109
47 109
46 109
45 109
44 109
43 109
42 109
41 109
40 109
39 109
38 109
37 109
36 109
35 109
34 109
33 109
86 109
87 109
88 109
89 109
90 109
91 109
92 109
93 109
94 109
95 109
96 109
97 109
98 109
99 109
100 109
101 109
100 110
99 111
98 112
97 113
97 114
96 114
95 115
94 114
93 113
92 112
91 111
90 110
94 116
93 116
93 117
94 117
93 118
92 118
91 119
90 120
89 121
88 122
87 123
86 123
85 123
84 123
83 123
82 123
81 123
80 123
79 123
78 123
77 123
76 123
75 123
74 123
73 123
72 123
71 123
86 124
85 125
84 126
83 126
82 126
83 127
82 128
81 128
80 128
79 128
78 128
77 128
76 128
75 128
74 128
73 128
72 128
71 128
70 128
69 128
68 128
67 128
66 128
65 128
64 128
63 128
62 128
61 128
60 128
59 128
58 128
57 128
56 128
55 128
54 128
53 128
52 128
51 128
50 128
49 128
48 128
47 128
46 128
45 128
44 128
43 128
42 128
41 128
40 128
39 128
38 128
37 128
36 128
35 128
34 128
33 128
32 128
31 128
30 128
81 129
82 129
82 130
82 131
82 132
82 133
82 134
82 135
82 136
82 137
82 138
82 139
82 140
82 141
82 142
82 143
80 130
79 131
78 132
77 133
76 134
75 135
74 136
73 136
72 136
71 136
70 136
69 136
68 136
67 136
66 136
65 136
64 136
63 136
62 136
61 136
60 136
59 136
58 136
57 136
56 136
55 136
54 136
53 136
52 136
51 136
50 136
49 136
48 136
47 136
46 136
45 136
44 136
43 136
42 136
41 136
40 136
39 136
38 136
37 136
36 136
35 136
36 137
37 137
38 137
39 137
40 137
41 137
42 137
43 137
44 137
45 137
46 137
47 137
48 137
49 137
50 137
51 137
52 137
53 137
54 137
55 137
56 137
57 137
58 137
59 137
60 137
61 137
62 137
63 137
64 137
65 137
66 137
67 137
68 137
69 137
70 137
71 137
72 137
73 137
72 138
71 139
70 139
69 139
68 139
67 139
66 139
65 139
64 139
63 139
62 139
61 139
60 139
59 139
58 139
57 139
56 139
55 139
54 139
53 139
52 139
51 139
50 139
49 139
48 139
47 139
46 139
45 139
44 139
43 139
42 139
44 140
45 140
46 140
47 140
48 140
49 140
50 140
51 140
52 140
53 140
54 140
55 140
56 140
57 140
58 140
59 140
60 140
61 140
62 140
63 140
64 140
65 140
66 140
67 140
68 140
69 140
70 140
69 141
68 141
67 141
66 141
65 141
64 141
63 141
62 141
61 141
60 141
59 141
58 141
57 141
56 141
55 141
54 141
53 141
52 141
51 141
50 141
49 141
48 141
47 141
46 141
48 142
49 142
50 142
51 142
52 142
53 142
54 142
55 142
56 142
57 142
58 142
59 142
60 142
61 142
62 142
63 142
64 142
65 142
66 142
67 142
68 142
67 143
66 143
65 143
64 143
63 143
62 143
61 143
60 143
59 143
58 143
57 143
56 143
55 143
54 143
53 143
52 143
51 143
50 143
49 143
50 144
51 144
52 144
53 144
54 144
55 144
56 144
57 144
58 144
59 144
60 144
61 144
62 144
63 144
64 144
65 144
66 144
93 119
93 120
93 121
93 122
93 123
93 124
93 125
93 126
93 127
95 118
96 119
97 119
97 118
98 118
97 117
97 116
96 116
97 115
99 119
100 120
101 121
101 122
100 122
99 122
98 121
97 121
97 120
97 122
97 123
97 124
97 125
97 126
97 127
97 128
97 129
97 130
97 131
97 132
97 133
97 134
97 135
97 136
97 137
97 138
97 139
97 140
97 141
97 142
97 143
97 144
100 123
101 124
102 125
103 126
104 127
105 128
106 129
107 129
108 129
109 129
110 129
111 129
112 129
113 129
114 129
115 129
116 129
117 129
118 129
119 129
120 129
121 129
122 129
123 129
124 129
125 129
126 129
127 129
128 129
129 129
130 129
131 129
132 129
133 129
134 128
135 127
136 126
137 125
138 124
139 123
139 122
138 122
137 122
136 122
135 122
134 122
133 122
132 122
131 122
130 122
129 122
128 122
127 122
126 122
125 122
124 122
123 122
122 122
121 122
120 122
119 122
118 122
117 122
116 122
115 122
114 122
113 122
112 122
111 122
110 122
109 122
108 122
107 122
106 122
105 122
104 122
103 122
102 122
112 121
112 120
112 119
112 118
112 117
112 116
112 115
112 114
113 114
112 113
112 112
111 112
110 111
109 110
108 109
107 108
106 107
112 111
112 110
112 109
112 108
112 107
112 106
112 105
112 104
112 103
112 102
112 101
111 101
110 101
109 101
108 101
107 101
106 101
105 101
104 101
103 101
102 101
101 101
100 101
99 100
98 99
97 98
96 97
95 96
94 95
93 94
92 93
91 92
90 91
101 102
102 103
102 104
103 104
108 102
107 103
106 104
110 100
111 99
112 99
112 98
113 97
114 96
115 95
114 94
113 93
112 92
111 91
113 91
114 92
115 93
116 94
117 93
118 92
119 91
121 90
120 89
120 88
120 87
119 87
118 86
117 85
116 84
115 83
114 82
113 81
112 80
111 79
110 78
109 77
108 76
107 75
106 74
105 73
104 72
103 71
102 70
101 69
100 68
99 67
98 66
97 65
96 64
95 63
94 62
93 61
92 60
91 59
90 58
89 57
120 86
121 86
120 85
120 84
121 84
121 83
120 83
120 82
119 82
118 81
117 80
116 79
115 78
116 77
115 76
114 75
113 74
112 73
111 72
110 71
109 70
108 69
107 68
106 67
105 66
104 65
103 64
102 63
101 62
100 61
99 60
98 59
97 58
96 57
95 56
94 55
93 54
92 53
91 52
90 51
89 50
88 49
87 48
86 47
85 46
117 78
118 79
119 80
120 80
120 79
120 78
120 77
120 76
121 76
120 75
120 74
120 73
119 73
119 72
118 72
118 71
117 71
117 70
116 70
116 69
115 69
115 68
114 68
114 67
113 67
113 66
112 66
112 65
111 65
111 64
110 64
110 63
109 63
109 62
108 62
108 61
107 61
107 60
106 60
106 59
105 59
105 58
104 58
104 57
103 57
103 56
102 56
102 55
101 55
101 54
100 54
100 53
99 53
98 52
97 51
96 50
95 49
94 48
93 47
92 46
91 45
90 44
89 43
88 42
87 41
86 40
85 39
84 38
83 37
82 36
81 35
80 34
112 64
113 65
114 66
115 67
116 68
117 69
118 70
119 71
120 71
120 70
120 69
120 68
120 67
120 66
120 65
120 64
121 64
120 63
120 62
120 61
120 60
119 60
118 59
117 58
116 57
115 56
114 55
113 54
112 53
111 52
110 51
120 59
120 58
121 58
120 57
120 56
120 55
120 54
119 54
118 53
117 52
116 51
115 50
114 49
113 48
112 47
111 46
110 45
109 44
108 43
107 42
106 41
105 40
104 39
103 38
102 37
101 36
100 35
99 34
120 53
121 53
120 52
120 51
120 50
120 49
121 49
120 48
120 47
120 46
120 45
120 44
120 43
120 42
120 41
120 40
120 39
120 38
120 37
120 36
120 35
119 34
122 52
123 51
124 50
125 49
126 48
127 47
128 46
129 45
130 44
131 43
132 42
133 41
134 40
135 39
136 38
137 37
138 36
139 35
140 34
122 57
123 56
124 55
125 54
126 53
127 52
122 63
123 62
124 61
125 60
126 59
127 58
128 57
129 56
130 55
131 54
132 53
133 52
134 51
135 50
136 49
137 48
138 47
139 46
140 45
141 44
142 43
143 42
144 41
145 40
146 39
147 38
148 37
149 36
150 35
151 34
120 72
122 75
123 74
124 73
125 72
126 71
127 70
128 69
129 68
130 67
131 66
132 65
133 64
134 63
135 62
136 61
137 60
138 59
139 58
140 57
141 56
142 55
143 54
144 53
145 52
146 51
147 50
148 49
149 48
150 47
151 46
152 45
153 44
154 43
155 42
156 41
157 40
158 39
159 38
160 37
161 36
162 35
163 34
120 81
122 83
122 82
123 82
123 81
124 81
124 80
125 80
125 79
126 79
126 78
127 78
127 77
128 77
128 76
129 76
129 75
130 75
130 74
131 74
131 73
132 73
132 72
133 72
133 71
134 71
134 70
135 69
136 68
137 67
138 66
139 65
140 64
141 63
142 62
143 61
144 60
145 59
146 58
147 57
148 56
135 72
134 73
133 74
132 75
131 76
130 77
129 78
128 79
127 80
126 81
125 82
124 83
123 84
122 85
136 71
137 70
138 69
139 68
140 67
141 66
142 65
143 64
144 63
145 62
146 61
147 60
148 59
149 58
150 57
151 56
152 55
153 54
154 53
155 52
156 51
157 50
158 49
159 48
160 47
161 46
162 45
163 44
164 43
165 42
166 41
167 40
168 39
169 38
170 37
171 36
172 35
173 34
174 33
175 32
176 31
177 30
178 29
179 28
121 91
122 91
123 91
124 91
125 91
126 91
127 91
128 91
129 91
130 91
131 91
132 91
133 91
134 91
135 91
136 91
137 91
138 91
139 91
140 91
141 91
142 91
143 91
144 91
145 91
146 91
147 91
147 90
146 90
145 90
144 90
143 90
142 90
141 90
140 90
139 90
138 90
137 90
136 90
135 90
134 90
133 90
132 90
131 90
130 90
129 90
128 90
127 90
126 90
125 90
124 90
123 90
122 90
126 89
127 88
128 87
129 86
130 85
131 84
132 83
133 82
134 81
135 80
136 79
137 78
138 77
139 76
140 75
141 74
142 73
143 72
144 71
145 70
146 69
147 68
148 67
149 66
150 65
151 64
152 63
153 62
154 61
155 60
156 59
157 58
158 57
159 56
160 55
161 54
162 53
163 52
164 51
165 50
166 49
167 48
168 47
169 46
170 45
171 44
172 43
173 42
174 41
175 40
176 39
177 38
178 37
179 36
180 35
181 34
182 33
183 32
184 31
185 30
186 31
185 32
184 33
183 34
182 35
181 36
180 37
179 38
178 39
177 40
176 41
175 42
174 43
173 44
172 45
171 46
170 47
169 48
168 49
167 50
166 51
165 52
164 53
163 54
162 55
161 56
160 57
159 58
158 59
157 60
156 61
155 62
154 63
153 64
152 65
151 66
150 67
149 68
148 69
147 70
146 71
145 72
144 73
143 74
142 75
141 76
140 77
139 78
138 79
137 80
136 81
135 82
134 83
133 84
132 85
131 86
130 87
129 88
128 89
130 89
131 89
132 89
132 88
131 88
132 87
133 87
134 87
134 86
133 86
134 85
135 85
136 85
136 84
135 84
136 83
137 83
138 83
138 82
137 82
138 81
139 81
140 81
140 80
139 80
140 79
141 79
142 79
142 78
141 78
142 77
143 77
144 77
144 76
143 76
144 75
145 75
146 75
146 74
145 74
146 73
147 73
148 73
148 72
147 72
148 71
149 71
150 71
150 70
149 70
150 69
151 69
152 69
152 68
151 68
152 67
153 67
154 67
154 66
153 66
154 65
155 65
156 65
156 64
155 64
156 63
157 63
158 63
158 62
157 62
158 61
159 61
160 61
160 60
159 60
160 59
161 59
162 59
162 58
161 58
162 57
163 57
164 57
164 56
163 56
164 55
165 54
166 53
167 52
168 51
169 50
170 49
171 48
172 47
173 46
174 45
175 44
176 43
177 42
178 41
179 40
180 39
181 38
182 37
183 36
184 35
185 34
186 33
187 32
172 49
171 50
170 51
169 52
168 53
167 54
166 55
165 56
163 58
161 60
159 62
157 64
155 66
153 68
151 70
149 72
147 74
145 76
143 78
141 80
139 82
137 84
135 86
133 88
138 89
139 88
140 87
141 86
142 85
143 84
144 83
145 82
146 81
147 80
148 79
149 78
150 77
151 76
152 75
153 74
154 73
155 72
156 71
157 70
158 69
159 68
160 67
161 66
162 65
163 64
164 63
165 62
166 61
167 60
168 59
169 58
170 57
171 56
172 55
173 54
174 53
175 52
176 51
177 50
178 49
179 48
180 47
181 46
182 45
183 44
184 43
142 89
143 88
144 87
145 86
146 85
147 84
148 83
149 82
150 81
151 80
152 79
153 78
154 77
155 78
154 79
153 80
152 81
151 82
150 83
149 84
148 85
147 86
146 87
145 88
144 89
156 77
157 76
158 75
159 74
160 73
161 72
162 71
163 70
164 69
165 68
166 67
167 66
168 65
169 64
170 63
171 62
172 61
173 60
174 59
175 58
176 57
177 56
178 55
179 54
180 53
181 52
182 51
183 50
184 49
185 48
186 47
187 46
188 45
189 44
190 43
191 42
192 41
193 40
194 39
195 38
147 89
148 88
149 87
150 86
151 85
152 84
153 83
154 82
155 81
156 80
157 79
158 78
159 77
160 76
161 75
162 74
163 73
164 72
165 71
166 70
167 69
168 68
169 67
170 66
171 65
172 64
173 63
174 62
175 61
176 60
177 59
178 58
179 57
180 56
181 55
182 54
183 53
184 52
185 51
186 50
187 49
188 48
189 47
190 46
191 45
192 44
193 43
194 42
195 41
196 40
197 39
148 90
149 90
150 90
151 90
152 90
153 90
154 90
155 90
156 90
157 90
158 90
159 90
160 90
161 90
162 90
163 90
164 90
165 90
166 90
167 90
168 90
169 90
170 90
171 90
172 90
173 90
174 90
175 90
176 90
177 90
178 90
179 90
180 90
181 90
182 90
183 90
184 90
185 90
186 90
187 90
188 90
189 90
190 90
191 90
192 90
193 90
194 90
195 90
196 90
197 90
198 90
199 90
200 90
201 90
202 90
203 90
204 90
205 90
206 90
207 90
208 90
209 90
210 90
211 90
212 89
213 88
214 87
215 86
203 89
204 88
192 89
193 88
194 87
195 86
196 85
197 84
198 83
199 82
200 81
201 80
202 79
203 78
204 77
182 89
183 88
184 87
185 86
186 85
187 84
188 83
189 82
190 81
191 80
192 79
193 78
194 77
195 76
196 75
197 74
198 73
199 72
200 71
201 70
202 69
203 68
204 67
205 66
177 89
178 88
179 87
180 86
181 85
164 89
165 88
166 87
167 86
168 85
169 84
170 83
171 82
172 81
173 80
174 79
175 78
176 77
177 76
178 75
179 74
180 73
181 72
182 71
183 70
184 69
185 68
186 67
187 66
188 65
189 64
190 63
191 62
192 61
193 60
194 59
195 58
196 57
197 56
198 55
199 54
200 53
201 52
202 51
203 50
204 49
205 48
159 89
160 88
156 89
157 88
158 87
159 86
160 85
161 84
162 83
163 82
164 81
165 80
166 79
167 78
168 77
169 76
170 75
171 74
172 73
173 72
174 71
175 70
176 69
177 68
178 67
179 66
180 65
181 64
152 89
151 89
152 88
153 88
153 87
154 87
154 86
155 86
155 85
156 85
156 84
157 84
157 83
158 83
158 82
159 82
159 81
160 81
160 80
161 80
161 79
162 79
162 78
163 78
163 77
164 77
164 76
165 76
165 75
166 75
166 74
167 74
168 73
169 72
170 71
171 70
172 69
173 68
174 67
175 66
176 65
177 64
178 63
179 62
180 61
181 60
182 59
183 58
184 57
185 56
186 55
187 54
188 53
189 52
190 51
191 50
192 49
193 48
194 47
195 46
196 45
197 44
198 43
199 42
200 41
201 40
122 92
123 93
124 94
125 95
126 96
127 96
128 96
129 96
130 96
131 96
132 96
133 96
134 96
135 96
136 96
137 96
138 96
139 96
140 96
141 96
142 96
143 96
144 96
145 96
146 96
147 96
148 96
149 96
150 96
151 96
152 96
153 96
154 96
155 96
156 96
157 96
158 96
159 96
160 96
161 96
162 96
163 96
164 96
165 96
166 96
167 96
168 96
169 96
170 96
171 96
172 96
172 97
171 97
170 97
169 97
168 97
167 97
166 97
165 97
164 97
163 97
162 97
161 97
160 97
159 97
158 97
157 97
156 97
155 97
154 97
153 97
152 97
151 97
150 97
149 97
148 97
147 97
146 97
145 97
144 97
143 97
142 97
141 97
140 97
139 97
138 97
137 97
136 97
135 97
134 97
133 97
132 97
131 97
130 97
129 97
128 97
127 97
128 98
129 99
130 99
131 99
132 99
133 99
134 99
135 99
136 99
137 99
138 99
139 99
140 99
141 99
142 99
143 99
144 99
145 99
146 99
147 99
148 99
149 99
150 99
151 99
152 99
153 99
154 99
155 99
156 99
157 99
158 99
159 99
160 99
161 99
162 99
163 99
164 99
165 99
166 99
167 99
168 99
169 99
170 99
171 99
172 99
173 99
174 99
175 99
176 99
177 99
178 99
179 99
180 99
181 99
182 99
183 99
184 99
185 99
186 99
187 99
188 99
189 99
190 99
191 99
192 99
193 99
194 99
130 100
131 101
132 101
133 101
134 101
135 101
136 101
132 102
133 103
134 104
135 105
136 105
137 105
138 105
139 105
140 105
141 105
142 105
143 105
144 105
145 105
146 105
147 105
147 106
146 106
145 106
144 106
143 106
142 106
141 106
140 106
139 106
138 106
137 106
136 106
137 107
138 108
139 108
140 108
141 108
142 108
143 108
144 108
145 108
146 108
147 108
148 108
149 108
150 108
151 108
152 108
153 108
154 108
155 108
156 108
157 108
158 108
159 108
160 108
161 108
162 108
163 108
164 108
165 108
166 108
167 108
168 108
169 108
170 108
171 108
172 108
173 108
174 108
175 108
176 108
177 108
178 108
179 108
180 108
181 108
139 109
140 110
141 110
142 110
143 110
144 110
145 110
146 110
147 110
148 110
149 110
150 110
151 110
152 110
153 110
154 110
155 110
156 110
157 110
158 110
159 110
160 110
161 110
162 110
163 110
164 110
165 110
166 110
167 110
168 110
169 110
170 110
171 110
172 110
173 110
174 110
175 110
176 110
177 110
178 110
179 110
180 110
181 110
182 110
183 110
184 110
185 110
186 110
187 110
188 110
189 110
190 110
191 110
192 110
193 110
194 110
141 111
142 112
143 113
144 114
145 115
146 116
147 117
148 118
149 119
150 119
151 119
152 119
153 119
154 119
155 119
156 119
157 119
158 119
159 119
160 119
161 119
162 119
163 119
164 119
165 119
166 119
167 119
168 119
169 119
170 119
171 119
172 119
173 119
174 119
175 119
176 119
177 119
178 119
179 119
180 119
181 119
182 119
183 119
184 119
185 119
186 119
150 120
151 121
152 122
153 122
154 122
155 122
156 122
157 122
158 122
159 122
160 122
161 122
162 122
163 122
164 122
165 122
166 122
167 122
168 122
169 122
170 122
171 122
172 122
173 122
174 122
175 122
176 122
177 122
178 122
179 122
180 122
181 122
182 122
183 122
184 122
185 122
186 122
187 122
188 122
189 122
190 122
191 122
192 122
193 122
194 122
153 123
154 124
155 125
156 125
157 125
158 125
159 125
160 125
161 125
162 125
163 125
164 125
165 125
166 125
167 125
168 125
169 125
170 125
171 125
172 125
173 125
174 125
175 125
176 125
177 125
178 125
179 125
180 125
181 125
182 125
183 125
184 125
185 125
186 125
187 125
188 125
189 125
190 125
191 125
192 125
193 125
194 125
195 125
196 125
197 125
198 125
199 125
200 125
201 125
202 125
203 125
204 125
205 125
159 126
158 126
157 126
156 126
157 127
158 128
159 129
160 130
161 130
162 130
163 130
164 130
165 130
166 130
167 130
168 130
169 130
170 130
171 130
172 130
173 130
174 130
175 130
176 130
177 130
178 130
179 130
180 130
181 130
161 131
162 132
163 133
164 134
165 134
166 134
167 134
168 134
169 134
170 134
171 134
172 134
173 134
174 134
175 134
176 134
177 134
178 134
179 134
180 134
181 134
182 134
183 134
184 134
185 134
186 134
187 134
188 134
189 134
190 134
191 134
192 134
193 134
194 134
165 135
166 136
167 136
168 136
169 136
170 136
171 136
172 136
173 136
174 136
175 136
176 136
177 136
178 136
179 136
180 136
181 136
182 136
183 136
184 136
185 136
186 136
187 136
188 136
189 136
190 136
191 136
192 136
193 136
194 136
195 136
196 136
197 136
198 136
199 136
200 136
201 136
202 136
203 136
204 136
205 136
206 136
167 137
168 138
169 139
170 140
171 141
172 141
173 141
174 141
175 141
176 141
177 141
178 141
179 141
180 141
181 141
182 141
183 141
184 141
185 141
186 141
187 141
188 141
189 141
190 141
191 141
190 142
189 142
188 142
187 142
186 142
185 142
184 142
183 142
182 142
181 142
180 142
179 142
178 142
177 142
176 142
175 142
174 142
173 142
172 142
173 143
174 143
175 143
176 143
177 143
178 143
179 143
180 143
181 143
182 143
183 143
184 143
185 143
186 143
174 144
175 145
176 146
177 147
178 147
179 147
180 147
181 147
182 147
183 147
184 147
185 147
178 148
179 149
180 149
181 149
182 149
148 106
149 106
150 106
151 106
152 106
153 106
154 106
155 106
156 106
157 106
158 106
159 106
160 106
161 106
162 106
163 106
164 106
165 106
166 106
167 106
168 106
169 106
170 106
171 106
172 106
173 106
174 106
175 106
176 106
177 106
178 106
179 106
180 106
181 106
182 106
183 106
184 106
185 106
186 106
187 106
188 106
189 106
190 106
191 106
192 106
193 106
194 106
195 106
196 106
197 106
198 106
199 106
200 106
201 106
202 106
203 106
204 106
205 106
173 97
174 97
175 97
176 97
177 97
178 97
179 97
180 97
181 97
182 97
183 97
184 97
117 95
116 96
117 97
118 96
119 97
118 98
119 99
120 98
121 99
120 100
121 101
122 100
123 101
122 102
123 103
124 102
125 103
124 104
125 105
126 104
127 105
126 106
127 107
128 106
129 107
128 108
129 109
130 108
131 109
130 110
131 111
132 110
133 111
132 112
133 113
134 112
135 113
134 114
135 115
136 114
137 115
136 116
137 117
138 116
139 117
138 118
139 119
140 119
140 118
140 120
140 121
140 122
112 100
113 101
114 101
115 101
113 112
114 112
115 112
116 112
117 112
118 112
119 112
120 112
121 112
122 112
123 112
124 112
125 112
126 112
127 112
128 112
114 115
115 116
116 117
117 118
118 119
119 120
119 121
120 121
112 123
112 124
112 125
112 126
112 127
112 128
119 123
119 124
119 125
119 126
119 127
122 123
123 123
124 123
125 123
126 123
127 123
128 123
123 124
124 125
125 126
126 127
127 128
129 130
129 131
130 131
129 132
129 133
129 134
129 135
129 136
129 137
129 138
129 139
129 140
129 141
129 142
129 143
128 143
127 143
126 143
125 143
124 143
123 143
122 143
121 143
120 143
119 142
118 141
117 140
116 139
115 138
114 137
113 136
112 136
112 135
112 134
111 134
110 133
109 132
108 131
107 130
112 133
112 132
112 131
112 130
112 137
112 138
112 139
112 140
112 141
112 142
112 143
130 143
131 143
132 143
133 143
134 143
135 143
136 143
137 143
138 143
139 143
140 143
141 143
142 143
143 143
144 143
145 143
146 143
147 143
148 143
149 143
150 143
151 143
152 143
153 143
154 143
155 143
156 143
157 143
158 143
159 143
160 143
161 143
162 143
163 143
164 143
165 143
166 143
167 143
141 142
140 141
139 140
138 139
137 138
136 137
135 136
134 135
133 134
133 133
132 133
131 132
134 133
135 133
136 133
137 133
138 133
139 133
140 133
141 133
142 133
143 133
92 115
91 114
90 113
89 112
88 111
87 110
87 107
85 89
85 88
85 87
86 87
86 86
85 86
85 85
84 85
83 84
82 83
81 82
80 81
79 80
78 79
77 78
76 77
75 76
75 75
74 75
73 74
72 73
71 72
71 71
70 71
69 70
68 69
67 68
66 67
65 66
64 65
63 64
62 63
61 62
60 61
59 60
58 59
57 58
56 57
55 56
54 55
53 54
53 53
52 53
51 52
50 51
49 50
48 49
47 49
46 49
45 49
44 49
43 49
42 49
41 49
40 48
39 47
38 46
37 45
36 44
35 43
34 42
33 41
45 48
44 47
43 46
42 45
41 44
40 43
39 42
38 41
37 40
48 48
48 47
48 46
48 45
48 44
48 43
47 43
46 42
45 41
44 40
43 39
42 38
48 42
48 41
48 40
47 40
46 39
45 38
44 37
48 39
48 38
48 37
47 37
46 36
48 36
48 35
49 34
54 53
55 53
56 53
57 53
58 53
59 53
60 53
61 53
62 53
63 53
64 53
65 53
66 53
67 53
68 53
69 53
70 53
76 75
77 75
78 75
79 75
80 75
81 75
82 75
85 84
85 83
85 82
85 81
85 80
85 79
85 78
85 77
85 76
85 75
85 74
85 73
85 72
85 71
85 70
85 69
85 68
85 67
85 66
85 65
85 64
85 63
85 62
85 61
85 60
85 59
84 58
83 57
82 56
81 55
80 54
79 53
78 52
77 51
76 50
75 49
74 48
73 47
72 46
71 45
70 44
69 43
68 42
67 41
66 40
65 39
64 38
63 37
62 36
61 35
60 34
87 86
88 86
89 86
90 86
91 86
87 88
88 89
109 89
108 88
107 87
106 86
105 85
104 84
103 83
102 82
101 81
100 80
99 79
98 78
97 77
96 76
95 75
94 74
93 73
116
112 90
51 90
31 90
33 70
50 70
30 50
68 105
70 93
102 106
85 108
51 109
33 109
71 123
82 126
48 128
30 128
82 143
35 136
36 137
42 139
44 140
46 141
48 142
49 143
50 144
61 144
93 127
97 144
107 129
112 115
89 57
115 78
85 46
100 53
80 34
112 64
110 51
99 34
121 49
119 34
140 34
127 52
151 34
163 34
134 71
148 56
179 28
147 91
123 90
185 30
186 31
164 56
187 32
172 49
135 86
184 43
154 77
195 38
197 39
215 86
204 88
204 77
205 66
181 85
194 59
205 48
160 88
181 64
166 74
201 40
172 96
194 99
136 101
147 105
158 108
181 108
194 110
173 119
186 119
194 122
205 125
159 126
181 130
194 134
206 136
191 141
190 142
186 143
185 147
182 149
205 106
184 97
140 122
115 101
128 112
119 127
128 123
129 143
112 143
146 143
167 143
143 133
71 71
48 49
33 41
37 40
42 38
44 37
46 36
48 35
49 34
70 53
82 75
60 34
91 86
93 73
