1121
119 91
118 92
117 93
116 93
115 93
114 93
113 93
112 93
111 93
110 93
109 93
108 93
107 93
106 93
105 93
104 93
103 93
102 93
101 93
100 93
99 92
98 91
97 90
96 89
95 88
94 87
93 86
93 85
93 84
93 83
93 82
93 81
93 80
93 79
93 78
93 77
93 76
93 75
93 74
93 73
93 72
93 71
93 70
93 69
93 68
93 67
93 66
94 65
95 64
96 63
97 62
98 61
99 60
100 59
101 58
102 57
102 56
101 56
100 56
99 56
98 56
97 56
96 55
95 54
94 53
93 52
93 51
92 51
92 50
92 49
92 48
92 47
92 46
92 45
92 44
92 43
92 42
92 41
92 40
92 39
92 38
92 37
92 36
92 35
91 34
94 51
95 51
96 50
97 49
98 48
99 47
100 46
101 45
102 44
103 43
104 42
105 41
106 40
107 39
108 38
109 37
110 36
111 35
112 34
103 56
104 56
105 56
106 56
107 56
108 56
109 56
110 56
111 56
112 56
113 56
114 56
115 56
116 55
116 54
116 53
116 52
116 51
117 50
118 49
119 48
120 47
121 46
122 45
123 44
124 43
125 42
126 41
127 40
128 39
129 38
130 37
131 36
132 35
133 34
104 94
103 95
102 96
101 97
100 98
99 99
98 100
97 101
96 102
95 103
94 104
94 105
94 106
94 107
94 108
93 108
92 108
91 108
90 108
89 108
88 108
87 108
86 108
85 108
84 108
83 108
82 108
81 108
80 108
79 108
78 108
77 108
76 108
75 108
74 108
73 108
72 108
71 108
70 108
69 108
68 108
67 108
66 107
65 107
65 108
64 109
63 110
62 111
61 112
60 112
59 112
58 112
57 112
56 112
55 112
54 112
53 112
52 112
51 112
50 112
49 112
48 112
47 112
46 111
45 110
44 109
43 108
42 107
41 106
40 105
39 104
38 103
37 102
36 101
35 100
34 99
33 98
32 97
31 96
30 95
29 94
48 113
48 114
48 115
48 116
48 117
48 118
48 119
48 120
48 121
48 122
48 123
48 124
48 125
48 126
48 127
48 128
48 129
47 129
46 130
45 131
44 132
43 133
42 134
41 135
40 136
39 137
38 137
37 137
36 137
36 136
36 135
36 134
36 133
36 132
36 131
35 130
34 129
33 128
32 127
32 126
32 125
32 124
32 123
32 122
32 121
32 120
32 119
31 118
30 117
29 116
28 115
48 130
48 131
48 132
48 133
48 134
48 135
48 136
48 137
48 138
48 139
49 140
50 141
51 142
52 143
53 143
54 143
55 143
56 144
57 145
58 145
59 145
60 145
61 145
62 145
63 145
64 145
65 145
66 145
67 145
68 145
69 145
70 145
71 145
72 145
64 106
63 105
62 104
61 103
60 102
59 101
58 100
57 99
56 98
55 97
54 96
53 95
52 94
51 93
51 92
51 91
51 90
51 89
51 88
51 87
52 86
53 85
54 84
55 83
56 82
57 81
58 80
59 79
60 78
60 77
59 77
58 77
57 77
56 77
55 77
54 76
53 75
52 74
51 73
50 72
50 71
50 70
50 69
50 68
50 67
50 66
50 65
50 64
50 63
50 62
50 61
49 60
49 59
49 58
49 57
49 56
49 55
49 54
49 53
49 52
49 51
49 50
48 49
48 48
48 47
48 46
48 45
48 44
48 43
48 42
48 41
48 40
47 39
47 38
46 38
45 39
44 40
43 41
42 41
41 41
40 41
39 41
38 41
37 41
36 41
35 42
34 43
33 44
32 45
31 46
30 47
29 48
28 49
28 50
28 51
28 52
48 38
49 38
50 38
51 38
52 38
53 38
54 37
55 36
56 35
56 34
56 33
56 32
56 31
56 30
56 29
56 28
56 27
56 26
57 25
58 24
59 25
60 26
61 27
62 28
63 29
64 30
65 31
66 32
67 33
68 34
69 34
70 34
48 61
47 62
46 63
45 64
44 65
43 66
42 67
41 68
40 69
39 70
38 71
37 72
36 73
35 73
34 73
33 73
61 77
62 77
63 77
64 77
65 77
66 77
67 76
68 75
69 74
70 73
71 72
72 71
72 70
72 69
72 68
72 67
72 66
72 65
72 64
72 63
72 62
72 61
72 60
72 59
72 58
72 57
71 56
62 78
63 79
64 80
65 81
66 82
67 83
68 84
69 85
70 86
71 86
72 86
80 109
79 110
78 111
77 112
76 113
75 114
74 115
73 116
72 117
71 118
71 119
71 120
71 121
71 122
71 123
72 124
73 124
74 124
75 124
76 124
77 124
78 124
79 124
80 124
81 124
82 124
83 124
84 124
85 124
86 124
87 124
88 124
89 124
90 124
91 124
92 124
93 123
83 125
84 126
85 127
86 128
87 129
88 130
89 131
90 132
91 133
92 134
93 135
93 136
93 137
93 138
93 139
93 140
93 141
93 142
93 143
93 144
93 145
115 94
114 95
113 96
112 97
112 98
112 99
112 100
112 101
112 102
112 103
112 104
112 105
112 106
112 107
112 108
112 109
113 110
114 111
114 112
114 113
114 114
114 115
114 116
114 117
114 118
114 119
114 120
114 121
114 122
121 91
122 92
123 93
124 93
125 93
126 93
127 93
128 93
129 93
130 93
131 93
132 93
133 92
134 91
135 90
136 89
137 88
138 87
138 86
137 86
136 85
135 84
134 83
133 82
132 81
131 80
130 79
129 78
128 77
127 76
127 75
126 75
125 75
124 75
123 75
122 75
121 75
120 75
119 75
118 75
117 75
116 75
115 74
114 73
128 75
129 75
130 75
131 75
132 75
133 75
134 74
135 73
136 72
137 71
137 70
137 69
137 68
137 67
137 66
137 65
137 64
137 63
137 62
137 61
137 60
137 59
137 58
137 57
136 56
139 86
129 94
130 95
131 96
132 97
133 98
134 99
135 100
136 101
136 102
136 103
136 104
136 105
136 106
136 107
136 108
137 108
138 108
139 108
140 108
141 108
142 108
143 108
144 108
145 108
146 107
147 106
147 105
147 104
147 103
147 102
147 101
148 100
149 99
150 98
151 97
152 96
153 95
154 94
155 93
156 92
157 91
158 90
159 89
160 88
160 87
160 86
160 85
160 84
160 83
160 82
160 81
160 80
160 79
160 78
160 77
160 76
160 75
160 74
160 73
159 72
158 71
158 70
158 69
158 68
158 67
158 66
158 65
158 64
158 63
158 62
159 61
160 60
161 59
162 58
163 57
164 56
165 55
166 54
167 53
167 52
166 52
165 52
164 52
163 52
162 52
161 52
160 52
159 52
158 51
157 50
157 49
157 48
157 47
157 46
157 45
157 44
157 43
157 42
157 41
157 40
157 39
157 38
157 37
156 36
155 35
154 34
168 52
169 52
170 52
171 52
172 52
173 52
174 52
175 52
176 52
177 52
178 51
179 50
180 49
181 48
181 47
181 46
181 45
181 44
181 43
181 42
181 41
182 40
183 39
184 38
185 37
185 36
184 36
183 36
182 36
181 36
180 36
179 36
178 36
177 36
176 35
175 34
186 36
187 37
188 38
189 39
190 40
191 41
192 42
193 43
194 44
194 45
194 46
194 47
195 48
196 49
197 50
198 51
199 52
200 52
201 52
202 52
203 52
204 52
205 52
205 51
205 50
205 49
205 48
205 47
205 46
205 45
205 44
205 43
206 42
207 41
204 53
203 54
202 55
201 56
200 57
199 58
198 59
197 60
196 61
195 62
194 62
193 63
192 64
191 65
190 66
189 67
188 68
187 69
186 69
185 69
184 69
183 69
182 69
181 69
195 63
196 64
197 65
198 66
199 67
200 68
201 69
202 70
203 71
204 72
204 73
205 73
206 73
207 73
208 73
209 73
210 73
211 73
212 73
213 73
214 73
215 73
148 107
149 108
150 108
151 108
152 108
153 108
154 108
155 108
156 108
157 108
158 108
157 109
156 110
155 111
154 112
154 113
154 114
154 115
154 116
154 117
154 118
154 119
154 120
154 121
154 122
154 123
155 123
156 123
157 123
158 123
159 123
160 123
161 123
162 123
163 123
164 123
165 123
166 123
167 123
168 123
169 123
170 122
171 121
172 120
173 119
174 118
175 117
176 116
177 115
178 114
179 113
180 112
181 111
182 111
183 111
184 111
185 111
186 111
187 111
188 111
189 111
190 111
191 111
192 111
193 111
194 110
194 109
194 108
194 107
194 106
194 105
195 104
196 103
197 102
198 101
199 100
200 99
201 98
202 97
203 96
204 95
204 94
203 94
202 94
201 94
200 94
199 94
198 94
197 94
196 94
195 94
194 94
193 94
192 94
191 94
190 94
189 94
188 94
187 94
186 94
185 94
184 93
183 92
182 91
181 90
205 94
195 111
196 112
197 113
198 114
199 115
200 115
201 115
202 115
203 115
204 115
205 115
204 116
203 117
202 118
202 119
202 120
202 121
202 122
202 123
202 124
202 125
202 126
202 127
201 128
200 129
199 130
198 131
197 132
196 133
195 134
194 135
193 136
192 137
192 138
191 138
190 138
189 138
188 138
187 138
186 137
185 136
184 135
183 134
182 133
181 132
191 139
190 140
189 141
188 142
188 143
187 144
186 144
185 144
184 144
183 144
182 144
181 144
180 144
179 144
178 144
177 144
176 145
175 145
174 145
173 145
172 145
171 145
170 145
169 145
168 145
167 145
166 145
165 145
164 145
163 145
162 145
161 145
160 145
159 145
158 145
157 145
156 145
203 128
204 129
205 130
206 131
207 132
208 132
209 132
210 132
211 132
212 132
213 132
153 124
152 125
151 126
150 127
149 128
148 129
147 129
146 129
145 129
144 129
143 129
142 129
141 129
140 129
139 129
138 129
137 129
136 129
135 129
134 129
133 130
132 131
131 132
130 133
129 134
128 135
127 136
126 137
125 138
124 139
123 140
122 141
121 142
120 143
119 143
118 143
117 143
116 143
115 143
114 143
135 130
135 131
135 132
135 133
135 134
135 135
135 136
135 137
135 138
135 139
135 140
135 141
135 142
135 143
135 144
135 145
85
116 93
105 93
93 86
93 71
92 51
91 34
112 34
103 56
116 55
133 34
94 108
81 108
66 107
48 112
29 94
48 128
36 137
32 127
28 115
48 139
55 143
72 145
51 93
50 72
49 60
48 49
46 38
36 41
28 52
56 35
58 24
70 34
33 73
61 77
72 71
71 56
72 86
71 123
82 124
93 123
93 145
112 109
114 122
128 93
126 75
114 73
137 71
136 56
139 86
136 108
147 106
160 88
158 71
157 50
154 34
168 52
181 48
175 34
186 36
194 47
205 52
207 41
194 62
181 69
204 73
215 73
158 108
154 123
167 123
181 111
194 110
194 94
181 90
205 94
205 115
202 127
192 138
181 132
188 143
177 144
156 145
213 132
134 129
114 143
135 145
