2981
119 90
118 90
117 90
116 90
115 90
114 90
113 90
112 90
111 90
110 90
109 90
108 90
107 90
106 90
105 90
104 90
103 90
102 90
101 90
100 90
99 90
98 90
97 90
96 90
95 90
94 90
93 90
92 90
91 90
90 90
89 90
88 90
87 90
86 90
85 90
84 90
83 90
82 90
81 90
80 90
79 90
78 90
77 90
76 90
75 90
74 90
73 90
72 90
71 90
70 90
69 90
68 90
67 90
66 90
65 90
64 90
63 90
62 90
61 90
60 90
59 90
58 90
57 90
56 90
55 90
54 90
53 90
52 90
51 90
50 90
49 90
48 90
47 90
46 90
45 90
44 90
43 90
42 90
41 89
40 88
39 87
38 86
37 85
36 84
35 83
34 82
33 81
32 80
31 79
59 89
58 88
57 87
56 86
55 85
54 84
53 83
52 82
51 81
50 80
49 79
82 89
82 88
82 87
82 86
82 85
82 84
82 83
82 82
83 82
82 81
82 80
81 80
80 79
79 78
78 77
77 76
76 75
75 74
74 73
73 72
72 71
71 70
70 69
70 68
69 68
68 68
67 68
66 68
65 68
64 68
63 68
62 68
61 68
60 68
59 68
58 68
57 68
56 68
55 68
54 68
53 68
52 68
51 68
50 68
50 67
49 67
48 67
47 67
46 67
45 67
44 67
43 67
42 67
41 67
40 67
39 67
38 66
37 65
36 64
35 63
34 62
33 61
32 60
31 59
30 58
51 67
52 67
53 67
54 67
55 67
56 67
57 67
58 67
59 67
60 67
61 67
62 67
63 67
64 67
65 67
66 67
67 67
68 67
69 67
70 67
71 67
72 67
73 67
74 67
75 67
76 67
77 67
78 67
79 67
80 67
80 66
80 65
79 65
78 64
77 63
76 62
75 61
74 60
73 59
72 58
71 57
70 56
69 55
68 54
67 53
66 52
65 51
64 50
63 49
62 48
61 47
60 46
59 45
58 44
57 43
56 42
55 41
54 40
53 39
52 38
51 37
50 36
49 35
68 52
69 52
69 53
70 53
70 54
71 54
71 55
72 55
72 56
73 56
73 57
74 57
74 58
75 58
75 59
76 59
76 60
77 60
77 61
78 61
78 62
79 62
80 62
80 61
80 60
79 60
79 59
78 59
78 58
77 58
77 57
76 57
76 56
75 56
75 55
74 55
74 54
73 54
73 53
72 53
72 52
71 52
71 51
70 51
70 50
69 50
69 49
68 49
68 48
67 48
67 47
66 47
66 46
65 46
65 45
64 45
64 44
63 44
62 43
61 42
60 41
59 40
58 39
57 38
56 37
55 36
54 35
53 34
52 33
51 32
50 33
51 34
52 35
53 36
54 37
55 38
56 39
57 40
58 41
59 42
60 43
61 44
62 45
63 46
64 47
65 48
66 49
67 50
68 51
80 63
79 63
80 64
79 68
78 68
77 68
76 68
75 68
74 68
73 68
72 68
71 68
78 69
77 70
76 71
75 72
81 68
82 69
82 70
83 70
82 71
82 72
82 73
82 74
82 75
82 76
82 77
82 78
82 79
84 71
85 72
86 73
87 74
88 74
89 74
90 74
91 74
92 74
93 74
94 74
95 74
96 74
97 74
88 75
89 76
90 77
91 78
92 79
93 80
94 81
95 82
96 83
97 84
98 85
98 86
99 86
98 87
98 88
98 89
100 87
101 88
102 89
103 89
104 89
105 89
106 89
107 89
108 89
109 89
110 89
111 89
112 89
113 89
114 89
67 66
66 65
65 65
65 64
64 63
63 62
62 61
61 60
60 59
59 58
58 57
57 56
56 55
55 54
54 53
53 52
52 51
51 50
50 49
49 48
48 47
47 47
46 47
45 47
44 47
43 47
42 46
41 45
40 44
39 43
38 42
37 41
36 40
48 46
48 45
48 44
48 43
48 42
48 41
48 40
48 39
48 38
47 37
46 36
65 66
53 66
52 65
51 64
50 63
49 62
48 61
47 60
46 59
45 58
44 57
43 56
42 55
41 54
40 53
39 52
38 51
37 50
36 49
35 48
34 47
33 46
32 45
31 44
65 69
65 70
65 71
65 72
65 73
73 74
72 75
71 76
70 77
69 78
68 79
67 80
67 81
67 82
67 83
67 84
67 85
67 86
67 87
67 88
84 83
85 84
86 85
87 86
88 87
89 88
90 89
82 91
82 92
81 92
80 92
79 92
78 92
77 92
76 92
75 92
74 92
73 92
72 92
71 92
70 92
69 92
68 92
67 92
66 92
65 92
64 92
63 92
62 92
61 92
60 92
59 92
58 92
57 92
56 92
55 92
54 92
53 92
52 92
51 92
50 92
49 92
48 92
47 92
46 92
45 92
44 92
43 92
42 92
41 92
40 92
39 92
38 92
37 92
36 92
35 92
34 92
33 92
32 92
31 92
82 93
82 94
82 95
82 96
82 97
82 98
82 99
82 100
82 101
82 102
82 103
82 104
82 105
81 105
80 105
79 105
78 105
77 105
76 105
75 105
74 105
73 105
72 105
71 105
70 105
69 105
68 105
67 105
66 105
65 105
64 105
63 105
62 105
61 105
60 105
59 105
58 105
57 105
56 105
55 105
54 105
53 105
52 105
51 105
50 105
49 105
48 105
47 105
46 105
45 105
44 105
43 105
42 105
41 105
40 105
39 105
38 105
37 105
36 105
35 105
34 105
33 105
32 105
31 105
30 105
83 105
84 105
85 105
86 105
87 105
88 105
89 105
90 105
91 105
92 105
93 105
94 105
95 105
96 105
97 105
98 105
99 105
100 105
101 105
102 105
103 105
104 105
105 105
106 105
106 104
105 104
105 103
104 103
103 102
102 101
101 100
100 99
99 98
98 98
98 97
98 96
97 96
96 95
95 94
94 93
93 93
93 92
92 92
91 92
90 92
89 92
88 92
87 92
86 92
85 92
84 92
83 92
92 91
94 92
95 92
96 92
97 92
98 92
99 92
100 92
101 92
102 92
103 92
104 92
105 92
106 92
107 92
108 92
109 92
110 92
111 92
112 92
113 92
114 92
115 92
116 92
117 92
118 92
117 93
116 94
115 95
114 96
113 97
112 98
111 98
111 99
112 99
113 100
114 101
114 102
115 102
114 103
113 103
112 103
111 103
110 103
109 103
108 103
107 103
106 103
108 102
109 101
110 100
114 104
114 105
114 106
114 107
114 108
114 109
114 110
114 111
114 112
113 112
112 111
111 110
110 109
109 108
108 107
107 106
114 113
114 114
115 114
114 115
114 116
114 117
114 118
114 119
114 120
114 121
114 122
114 123
114 124
114 125
114 126
114 127
114 128
114 129
114 130
114 131
114 132
114 133
114 134
114 135
114 136
114 137
114 138
114 139
114 140
114 141
114 142
114 143
116 115
117 116
118 117
119 118
120 119
121 120
122 121
123 122
124 123
125 123
125 122
125 121
125 120
125 119
125 118
125 117
125 116
125 115
125 114
125 113
126 113
125 112
124 111
123 110
122 109
121 108
120 107
119 106
119 105
118 105
117 104
116 103
120 105
121 105
122 105
123 105
124 105
125 105
126 105
127 105
128 105
129 105
130 105
131 105
132 105
127 114
128 115
129 116
130 117
131 118
132 119
133 120
134 121
135 122
136 123
137 124
138 125
139 126
140 127
141 128
142 128
143 128
144 128
145 128
146 128
147 128
142 129
143 130
144 131
145 132
146 133
147 134
148 135
149 136
150 137
151 138
152 139
153 140
154 141
155 142
156 143
157 143
158 143
125 124
126 124
127 124
128 124
129 124
130 124
131 124
132 124
133 124
134 124
126 125
125 125
125 126
125 127
125 128
125 129
125 130
125 131
125 132
125 133
125 134
125 135
125 136
125 137
125 138
125 139
125 140
125 141
125 142
125 143
125 144
127 126
128 127
129 128
130 129
131 130
132 131
133 132
134 133
135 134
136 135
136 136
137 136
136 137
136 138
136 139
136 140
136 141
136 142
136 143
138 137
139 138
140 139
141 140
142 141
143 142
144 143
145 144
146 144
147 144
110 97
109 96
108 95
107 94
106 93
119 91
121 90
120 89
119 89
119 88
118 88
118 87
117 87
117 86
116 86
116 85
115 85
115 84
114 84
114 83
113 83
113 82
112 82
112 81
111 81
111 80
110 80
110 79
109 79
109 78
108 78
108 77
107 77
107 76
106 76
106 75
105 75
105 74
104 74
104 73
103 73
103 72
102 72
102 71
101 71
101 70
100 70
100 69
99 69
99 68
98 68
98 67
97 67
97 66
96 66
96 65
95 65
95 64
94 64
94 63
93 63
93 62
92 62
92 61
91 61
91 60
90 60
90 59
89 59
89 58
88 58
88 57
87 57
87 56
86 56
86 55
85 55
85 54
84 54
84 53
83 53
83 52
82 52
82 51
81 51
80 50
79 49
78 48
77 47
76 46
75 45
74 44
73 43
72 42
71 41
70 40
69 39
68 38
67 37
66 36
65 35
64 34
63 33
62 32
120 88
120 87
120 86
121 86
120 85
120 84
120 83
121 83
120 82
120 81
120 80
119 80
118 79
117 78
116 77
115 76
114 75
120 79
120 78
120 77
119 77
118 76
117 75
116 74
115 73
114 72
113 71
112 70
111 69
110 68
109 67
108 66
107 65
106 64
105 63
104 62
103 61
102 60
101 59
100 58
99 57
98 56
97 55
96 54
95 53
120 76
121 76
120 75
120 74
120 73
119 73
118 72
117 71
116 70
115 69
114 68
113 67
112 66
111 65
110 64
109 63
108 62
107 61
106 60
105 59
104 58
103 57
102 56
101 55
100 54
99 53
98 52
97 51
96 50
95 49
94 48
93 47
92 46
91 45
90 44
89 43
88 42
87 41
86 40
85 39
84 38
83 37
82 36
81 35
80 34
120 72
120 71
120 70
120 69
120 68
120 67
121 67
120 66
119 66
118 65
117 64
116 63
115 62
114 61
120 65
120 64
120 63
120 62
120 61
120 60
119 60
118 59
117 58
116 57
115 56
114 55
113 54
112 53
111 52
110 51
109 50
108 49
107 48
106 47
105 46
104 45
103 44
102 43
101 42
100 41
99 40
98 39
97 38
96 37
95 36
94 35
93 34
120 59
120 58
121 58
120 57
120 56
120 55
120 54
120 53
119 53
118 52
117 51
116 50
115 49
114 48
120 52
120 51
120 50
120 49
120 48
120 47
119 47
118 46
117 45
116 44
115 43
114 42
113 41
112 40
111 39
110 38
109 37
108 36
107 35
106 34
120 46
120 45
120 44
120 43
120 42
120 41
121 40
122 39
123 38
124 37
125 36
126 35
127 34
122 57
123 56
124 55
125 54
126 53
127 52
128 51
129 50
130 49
131 48
132 47
133 46
134 45
135 44
136 43
137 42
138 41
139 40
140 39
141 38
142 37
143 36
144 35
145 34
122 66
123 65
124 64
125 63
126 62
127 61
128 60
129 59
130 58
131 57
132 56
133 55
134 54
135 53
122 75
123 74
124 73
125 72
126 71
127 70
128 69
129 68
130 67
131 66
132 65
133 64
134 63
135 62
136 61
137 60
138 59
139 58
140 57
141 56
142 55
143 54
144 53
145 52
146 51
147 50
148 49
149 48
150 47
151 46
152 45
153 44
154 43
155 42
156 41
157 40
158 39
159 38
160 37
161 36
162 35
163 34
122 82
123 81
124 80
125 79
126 78
127 77
128 76
129 75
130 74
131 73
132 72
133 71
134 70
135 69
136 68
137 67
138 66
139 65
140 64
141 63
142 62
143 61
144 60
145 59
146 58
147 57
148 56
149 55
150 54
151 53
152 52
153 51
154 50
155 49
156 48
157 47
158 46
159 45
160 44
161 43
162 42
163 41
164 40
165 39
166 38
167 37
168 36
169 35
170 34
171 33
172 32
173 31
174 30
175 29
176 28
177 27
178 26
122 85
123 84
124 83
125 82
126 81
127 80
128 79
129 78
130 77
131 76
132 75
133 74
134 73
135 72
136 71
121 91
122 91
123 91
124 91
125 91
126 91
127 91
128 91
129 91
130 91
131 91
132 91
133 91
134 91
135 91
135 90
134 90
133 90
132 90
131 90
130 90
129 90
128 90
127 90
126 90
125 90
124 90
123 90
122 90
122 89
123 88
124 87
125 86
126 85
127 84
128 83
129 82
130 81
131 80
132 79
133 78
134 77
135 76
136 75
137 74
138 73
139 72
140 71
141 70
142 69
143 68
144 67
145 66
146 65
147 64
148 63
149 62
150 61
151 60
152 59
153 58
154 57
128 89
129 88
130 87
131 86
132 85
133 84
134 83
135 82
136 81
137 80
138 79
139 78
140 77
141 76
142 75
143 74
144 73
145 72
146 71
147 70
148 69
149 68
150 67
151 66
152 65
153 64
154 63
155 62
156 61
157 60
158 59
159 58
160 57
161 56
162 55
163 54
164 53
165 52
166 51
167 50
168 49
169 48
170 47
171 46
131 89
132 89
132 88
133 88
133 87
134 87
134 86
135 86
135 85
136 85
136 84
137 84
137 83
138 83
138 82
139 82
139 81
140 81
140 80
141 80
141 79
142 79
142 78
143 78
143 77
144 77
144 76
145 76
145 75
146 75
146 74
147 74
147 73
148 72
149 71
150 70
151 69
152 68
153 67
154 66
155 65
156 64
157 63
158 62
159 61
160 60
161 59
162 58
163 57
164 56
165 55
166 54
167 53
168 52
169 51
170 50
171 49
172 48
173 47
174 46
175 45
176 44
177 43
178 42
179 41
180 40
181 39
182 38
136 90
137 90
138 90
139 90
140 90
141 90
142 90
143 90
144 90
145 90
146 90
147 90
148 90
149 90
150 90
151 90
152 90
153 90
154 90
155 90
156 90
157 90
158 90
159 90
160 90
161 90
162 90
163 90
164 90
165 90
166 90
167 90
168 90
169 90
170 90
171 90
172 90
173 90
174 90
175 90
176 90
177 90
178 90
179 90
180 90
181 90
182 90
183 90
184 90
185 90
186 90
187 90
188 90
189 90
190 90
191 90
192 90
193 90
194 90
195 90
196 90
197 90
198 90
199 90
200 90
201 90
202 90
203 90
204 90
205 90
206 90
207 90
208 90
209 90
210 90
211 89
212 88
213 87
214 86
215 85
196 89
197 88
198 87
199 86
200 85
201 84
202 83
203 82
204 81
193 89
194 88
195 87
196 86
197 85
198 84
199 83
200 82
201 81
202 80
203 79
204 78
205 77
206 76
207 75
208 74
209 73
210 72
211 71
212 70
183 89
184 88
185 87
186 86
187 85
188 84
189 83
190 82
191 81
192 80
193 79
194 78
195 77
196 76
197 75
198 74
199 73
200 72
201 71
202 70
203 69
204 68
205 67
206 66
207 65
208 64
209 63
210 62
211 61
212 60
213 59
214 58
215 57
179 89
178 88
177 89
179 87
180 86
181 85
182 86
181 87
180 88
183 85
184 84
185 83
186 82
187 81
188 80
189 79
190 78
191 77
192 76
193 75
194 74
195 73
196 72
197 71
198 70
173 89
174 88
175 87
176 86
177 85
178 84
179 83
180 82
181 81
182 80
183 79
184 78
185 77
186 76
187 75
188 74
189 73
190 72
191 71
192 70
193 69
194 68
195 67
196 66
197 65
198 64
199 63
200 62
201 61
202 60
203 59
204 58
169 89
170 88
171 87
172 86
173 85
174 84
175 83
176 82
177 81
178 80
179 79
180 78
181 77
182 76
183 75
184 74
185 73
186 72
187 71
188 70
189 69
190 68
191 67
192 66
193 65
194 64
195 63
196 62
197 61
198 60
199 59
200 58
201 57
202 56
203 55
204 54
205 53
206 52
207 51
208 50
209 49
210 48
211 47
212 46
213 45
163 89
164 88
165 87
166 86
167 85
168 84
169 83
170 82
171 81
172 80
173 79
174 78
175 77
176 76
177 75
178 74
179 73
180 72
181 71
158 89
153 89
154 88
155 87
156 86
157 85
158 84
159 83
160 82
161 81
162 80
163 79
164 78
165 77
166 76
167 75
168 74
169 73
170 72
171 71
172 70
173 69
174 68
175 67
176 66
177 65
178 64
179 63
180 62
181 61
182 60
183 59
184 58
185 57
186 56
187 55
188 54
189 53
190 52
191 51
192 50
193 49
194 48
195 47
196 46
197 45
198 44
199 43
149 89
150 88
151 87
152 86
153 85
154 84
155 83
156 82
157 81
158 80
159 79
160 78
161 77
162 76
163 75
164 74
165 73
166 72
167 71
168 70
169 69
170 68
171 67
172 66
173 65
174 64
175 63
176 62
177 61
178 60
179 59
180 58
181 57
147 89
143 89
144 88
145 87
146 86
147 85
148 84
149 83
150 82
151 81
152 80
153 79
154 78
155 77
156 76
157 75
158 74
159 73
160 72
161 71
162 70
163 69
164 68
165 67
166 66
167 65
168 64
169 63
170 62
171 61
172 60
173 59
174 58
175 57
176 56
177 55
178 54
179 53
180 52
181 51
182 50
183 49
184 48
185 47
186 46
187 45
188 44
189 43
190 42
191 41
192 40
193 39
194 38
122 92
123 93
124 94
125 94
126 94
127 94
128 94
129 94
130 94
131 94
132 94
133 94
134 94
135 94
136 94
137 94
138 94
139 94
140 94
141 94
142 94
143 94
144 94
145 94
146 94
147 94
148 94
149 94
150 94
151 94
152 94
153 94
154 94
155 94
156 94
157 94
158 94
159 94
160 94
161 94
162 94
163 94
164 94
165 94
166 94
167 94
168 94
169 94
170 94
171 94
172 94
173 94
174 94
175 94
176 94
177 94
178 94
179 94
180 94
181 94
182 94
183 94
184 94
185 94
186 94
187 94
188 94
189 94
190 94
191 94
192 94
193 94
194 94
125 95
126 96
127 97
128 98
129 98
130 98
131 98
132 98
133 98
134 98
135 98
136 98
137 98
138 98
139 98
140 98
141 98
142 98
143 98
144 98
145 98
146 98
147 98
129 99
130 100
131 100
132 100
133 100
134 100
135 100
136 100
137 100
138 100
139 100
140 100
141 100
142 100
143 100
144 100
145 100
146 100
147 100
148 100
149 100
150 100
151 100
152 100
153 100
154 100
155 100
156 100
157 100
158 100
159 100
160 100
161 100
162 100
163 100
164 100
165 100
166 100
167 100
168 100
169 100
170 100
171 100
172 100
173 100
174 100
175 100
176 100
177 100
178 100
179 100
180 100
181 100
182 100
183 100
184 100
185 100
186 100
187 100
188 100
189 100
190 100
191 100
192 100
193 100
194 100
195 100
196 100
197 100
198 100
199 100
200 100
201 100
202 100
203 100
204 100
205 100
131 101
132 102
133 103
134 104
135 105
136 105
137 105
138 105
139 105
140 105
141 105
142 105
143 105
144 105
145 105
146 105
147 105
148 105
149 105
150 105
151 105
152 105
153 105
154 105
155 105
156 105
157 105
158 105
159 105
160 105
161 105
162 105
163 105
164 105
165 105
166 105
167 105
168 105
169 105
170 105
171 105
172 105
173 105
174 105
175 105
176 105
177 105
178 105
179 105
180 105
181 105
164 106
163 106
162 106
161 106
160 106
159 106
158 106
157 106
156 106
155 106
154 106
153 106
152 106
151 106
150 106
149 106
148 106
147 106
146 106
145 106
144 106
143 106
142 106
141 106
140 106
139 106
138 106
137 106
136 106
137 107
138 108
139 108
140 108
141 108
142 108
143 108
144 108
145 108
146 108
147 108
148 108
149 108
150 108
151 108
152 108
153 108
154 108
155 108
156 108
157 108
158 108
159 108
160 108
161 108
162 108
163 108
164 108
165 108
166 108
167 108
168 108
169 108
170 108
171 108
172 108
173 108
174 108
175 108
176 108
177 108
178 108
179 108
180 108
181 108
182 108
183 108
184 108
185 108
186 108
187 108
188 108
189 108
190 108
191 108
192 108
193 108
194 108
139 109
140 110
141 111
142 111
143 111
144 111
145 111
146 111
147 111
148 111
149 111
150 111
142 112
143 113
144 114
145 115
146 116
147 117
148 118
149 119
150 119
151 119
152 119
153 119
154 119
155 119
156 119
157 119
158 119
159 119
160 119
161 119
162 119
163 119
164 119
165 119
166 119
167 119
168 119
169 119
170 119
171 119
172 119
173 119
174 119
175 119
176 119
177 119
178 119
179 119
180 119
181 119
182 119
183 119
184 119
185 119
186 119
187 119
188 119
189 119
190 119
191 119
192 119
193 119
194 119
195 119
196 119
197 119
198 119
199 119
200 119
201 119
202 119
203 119
204 119
205 119
150 120
151 121
152 121
153 121
154 121
155 121
156 121
157 121
158 121
159 121
160 121
161 121
162 121
163 121
164 121
165 121
166 121
167 121
168 121
169 121
170 121
171 121
172 121
173 121
174 121
175 121
176 121
177 121
178 121
179 121
180 121
181 121
182 121
183 121
184 121
185 121
186 121
187 121
188 121
189 121
190 121
191 121
192 121
193 121
194 121
152 122
153 123
154 124
155 125
156 125
157 125
158 125
159 125
160 125
161 125
162 125
163 125
164 125
165 125
166 125
167 125
168 125
169 125
170 125
171 125
172 125
173 125
174 125
175 125
176 125
177 125
178 125
179 125
180 125
181 125
156 126
157 127
158 127
159 127
160 127
158 128
159 129
160 130
161 131
162 132
163 133
164 133
165 133
166 133
167 133
168 133
169 133
170 133
171 133
172 133
173 133
174 133
175 133
176 133
177 133
178 133
179 133
180 133
181 133
182 133
183 133
184 133
185 133
186 133
187 133
188 133
189 133
190 133
191 133
192 133
193 133
194 133
195 133
196 133
197 133
198 133
199 133
200 133
201 133
202 133
203 133
204 133
205 133
206 133
207 133
208 133
209 133
210 133
211 133
197 134
196 134
195 134
194 134
193 134
192 134
191 134
190 134
189 134
188 134
187 134
186 134
185 134
184 134
183 134
182 134
181 134
180 134
179 134
178 134
177 134
176 134
175 134
174 134
173 134
172 134
171 134
170 134
169 134
168 134
167 134
166 134
165 134
164 134
165 135
166 136
167 137
168 138
169 139
170 139
171 139
172 139
173 139
174 139
175 139
176 139
177 139
178 139
179 139
180 139
181 139
182 139
183 139
184 139
185 139
186 139
187 139
188 139
189 139
190 139
191 139
192 139
193 139
194 139
195 139
191 140
190 140
189 140
188 140
187 140
186 140
185 140
184 140
183 140
182 140
181 140
180 140
179 140
178 140
177 140
176 140
175 140
174 140
173 140
172 140
171 140
170 140
171 141
172 142
173 142
174 142
175 142
176 142
177 142
178 142
179 142
180 142
181 142
182 142
183 142
184 142
185 142
186 142
187 142
188 142
189 142
173 143
174 144
175 144
176 144
177 144
104 91
98 91
98 93
98 94
98 95
93 94
93 95
93 96
93 97
93 98
93 99
93 100
93 101
93 102
93 103
93 104
98 99
98 100
98 101
98 102
98 103
98 104
104 106
103 107
102 108
101 109
100 110
99 110
98 110
97 110
96 110
95 110
94 110
93 110
92 110
91 110
90 110
89 110
88 110
87 110
86 110
85 110
84 110
83 110
82 110
81 110
80 110
79 110
78 110
77 110
76 110
75 110
74 110
73 110
72 110
71 110
70 110
69 110
68 110
67 110
66 110
65 110
64 110
63 110
62 110
61 110
60 110
59 110
58 110
57 110
56 110
55 110
54 110
53 110
52 110
51 110
50 110
98 109
98 108
98 107
98 106
98 111
99 111
98 112
98 113
97 113
96 114
95 115
94 116
93 117
92 118
91 119
90 120
89 121
88 122
87 123
86 123
85 123
84 123
83 123
82 123
81 123
86 124
85 125
84 125
83 125
82 125
81 125
80 125
79 125
78 125
77 125
76 125
75 125
74 125
73 125
72 125
71 125
70 125
69 125
68 125
67 125
66 125
65 125
65 126
64 126
63 126
62 126
61 126
60 126
59 126
58 126
57 126
56 126
55 126
54 126
53 126
52 126
51 126
50 126
49 126
48 126
47 126
46 126
45 126
44 126
43 126
42 126
41 126
40 126
39 126
38 126
37 126
36 126
35 126
34 126
33 126
32 126
31 126
30 126
66 126
67 126
68 126
69 126
70 126
71 126
72 126
73 126
74 126
75 126
76 126
77 126
78 126
79 126
80 126
81 126
82 126
83 126
84 126
83 127
83 128
82 128
81 129
80 130
79 130
78 130
77 130
76 130
75 130
74 130
73 130
72 130
71 130
70 130
69 130
68 130
67 130
66 130
65 130
64 130
63 130
62 130
61 130
60 130
59 130
58 130
57 130
56 130
55 130
54 130
53 130
52 130
51 130
50 130
49 130
48 130
79 131
78 132
77 133
76 134
75 135
74 136
73 136
72 136
71 136
70 136
69 136
68 136
67 136
66 136
65 136
64 136
63 136
62 136
61 136
60 136
59 136
58 136
57 136
56 136
55 136
54 136
53 136
52 136
51 136
50 136
49 136
48 136
47 136
46 136
45 136
44 136
43 136
42 136
41 136
40 136
39 136
38 136
37 136
36 136
35 136
36 137
37 137
38 137
39 137
40 137
41 137
42 137
43 137
44 137
45 137
46 137
47 137
48 137
49 137
50 137
51 137
52 137
53 137
54 137
55 137
56 137
57 137
58 137
59 137
60 137
61 137
62 137
63 137
64 137
65 137
66 137
67 137
68 137
69 137
70 137
71 137
72 137
73 137
72 138
71 139
70 140
69 141
68 141
67 141
66 141
65 141
64 141
63 141
62 141
61 141
60 141
59 141
58 141
57 141
56 141
55 141
54 141
53 141
52 141
51 141
50 141
49 141
48 141
47 141
48 142
49 142
50 142
51 142
52 142
53 142
54 142
55 142
56 142
57 142
58 142
59 142
60 142
61 142
62 142
63 142
64 142
65 142
66 142
67 142
68 142
67 143
66 143
65 143
64 143
63 143
62 143
61 143
60 143
59 143
58 143
57 143
56 143
55 143
54 143
53 143
52 143
51 143
50 143
66 144
65 145
64 145
63 145
62 145
61 145
60 145
59 145
58 145
57 145
56 145
55 145
54 145
53 145
52 145
51 145
52 146
53 146
54 146
55 146
56 146
57 146
58 146
59 146
60 146
61 146
62 146
63 146
64 146
83 129
83 130
83 131
83 132
83 133
83 134
83 135
83 136
83 137
83 138
83 139
83 140
83 141
83 142
83 143
83 144
98 114
98 115
98 116
98 117
98 118
98 119
98 120
98 121
98 122
98 123
98 124
98 125
98 126
98 127
98 128
98 129
98 130
98 131
98 132
98 133
98 134
98 135
98 136
98 137
98 138
98 139
98 140
98 141
98 142
98 143
98 144
109
98 90
51 90
31 79
49 79
82 88
81 80
50 68
30 58
80 67
49 35
68 52
64 44
51 32
50 33
97 74
114 89
48 47
36 40
46 36
31 44
65 73
67 88
31 92
82 105
71 105
30 105
93 105
114 103
114 118
114 131
114 143
132 105
147 128
158 143
134 124
125 144
136 143
147 144
82 51
62 32
114 75
95 53
80 34
114 61
93 34
114 48
106 34
127 34
145 34
135 53
151 46
163 34
178 26
136 71
135 91
154 57
171 46
147 74
166 54
182 38
169 90
215 85
204 81
212 70
215 57
181 85
198 70
204 58
213 45
181 71
158 89
199 43
181 57
147 89
158 74
194 38
194 94
147 98
205 100
181 105
164 106
194 108
150 111
205 119
194 121
181 125
160 127
211 133
197 134
195 139
191 140
189 142
177 144
50 110
81 123
65 125
30 126
48 130
35 136
36 137
47 141
48 142
50 143
63 145
51 145
52 146
83 144
98 125
98 144
