1111
119 90
121 90
122 90
123 90
124 90
125 90
126 90
127 90
128 90
129 90
130 90
131 90
132 90
133 89
134 88
135 87
136 86
137 86
138 86
139 86
140 86
141 86
142 86
143 86
144 86
145 86
146 86
147 86
148 86
148 85
148 84
148 83
148 82
148 81
148 80
149 79
150 78
151 77
152 76
153 75
154 74
155 73
156 72
157 71
157 70
157 69
157 68
157 67
157 66
157 65
157 64
157 63
157 62
157 61
157 60
157 59
157 58
157 57
157 56
156 56
155 56
154 56
153 56
152 55
151 54
150 53
149 52
148 51
147 50
147 49
147 48
147 47
146 47
145 46
144 45
143 44
142 43
141 42
140 41
139 40
138 39
137 38
136 37
135 36
134 35
133 34
132 35
131 36
130 37
129 38
128 39
127 40
126 41
125 42
124 43
123 44
122 45
121 46
120 47
119 48
118 49
117 50
116 50
116 49
116 48
116 47
116 46
116 45
116 44
116 43
116 42
116 41
116 40
116 39
116 38
115 37
114 36
113 35
112 34
116 51
115 52
114 53
113 54
112 55
111 55
110 55
109 55
108 55
107 55
106 55
105 55
104 55
103 55
103 54
103 53
103 52
103 51
103 50
103 49
103 48
103 47
103 46
102 45
101 44
100 43
99 42
98 41
97 40
96 39
95 38
94 37
93 36
92 35
91 34
90 34
89 34
88 34
87 34
86 34
85 34
84 34
83 34
82 34
81 34
80 34
79 34
78 34
77 34
76 34
75 34
74 34
73 34
72 34
71 34
70 34
69 35
68 35
67 35
66 35
65 35
64 35
63 35
62 35
61 35
60 35
59 35
58 35
57 35
56 35
56 34
56 33
56 32
56 31
56 30
56 29
56 28
56 27
56 26
56 25
55 24
55 36
54 37
53 38
52 38
51 38
50 38
49 38
48 38
47 38
46 38
45 39
44 40
43 41
42 41
41 41
40 41
39 41
38 41
37 41
36 41
35 42
34 43
33 44
32 45
31 46
30 47
29 48
28 49
28 50
28 51
28 52
47 39
48 40
48 41
48 42
48 43
48 44
48 45
48 46
48 47
48 48
48 49
102 56
101 56
100 56
99 56
98 56
97 56
96 56
95 56
94 56
93 56
92 56
93 57
93 58
93 59
93 60
93 61
93 62
93 63
93 64
93 65
93 66
93 67
93 68
93 69
93 70
93 71
92 72
91 73
90 74
89 75
88 75
87 75
86 75
85 75
84 75
83 75
82 75
81 75
80 75
79 75
78 75
77 75
76 75
75 75
74 74
73 73
72 72
71 71
71 70
71 69
71 68
71 67
71 66
71 65
71 64
71 63
71 62
71 61
71 60
71 59
71 58
71 57
71 56
81 76
80 77
79 78
78 79
77 80
76 81
75 82
74 83
73 84
73 85
73 86
73 87
73 88
73 89
73 90
73 91
73 92
73 93
72 93
71 93
70 93
69 93
68 93
67 93
66 93
65 93
64 92
63 91
62 90
61 90
60 90
59 90
58 90
57 90
56 90
55 90
54 89
53 88
52 87
51 86
51 85
51 84
51 83
51 82
51 81
51 80
51 79
51 78
51 77
51 76
51 75
51 74
51 73
51 72
51 71
51 70
72 94
72 95
72 96
72 97
72 98
72 99
72 100
72 101
72 102
72 103
72 104
72 105
72 106
72 107
72 108
71 108
70 108
69 108
68 108
67 108
66 108
65 108
64 108
63 108
62 108
61 108
60 108
59 108
58 108
57 108
56 108
55 108
54 108
53 108
52 108
51 108
50 107
49 107
48 107
47 107
46 107
45 107
44 107
43 107
42 106
41 105
40 104
39 103
38 102
37 101
36 100
35 99
34 98
33 97
32 96
31 95
30 94
30 93
30 92
30 91
30 90
30 89
30 88
30 87
30 86
30 85
30 84
30 83
30 82
30 81
30 80
30 79
30 78
30 77
30 76
30 75
30 74
29 73
60 109
59 110
58 111
57 112
56 113
55 114
54 115
53 116
52 117
51 118
50 119
49 120
48 121
48 122
48 123
48 124
48 125
48 126
48 127
48 128
48 129
47 129
46 130
45 131
44 132
43 133
42 134
41 135
40 136
39 137
38 137
37 137
36 137
36 136
36 135
36 134
36 133
36 132
35 131
34 130
33 129
32 128
31 127
31 126
31 125
31 124
31 123
31 122
31 121
31 120
31 119
31 118
31 117
31 116
30 115
48 130
48 131
48 132
48 133
48 134
48 135
48 136
48 137
48 138
48 139
49 140
50 141
51 142
52 143
53 143
54 143
55 143
56 143
57 144
58 145
59 145
60 145
61 145
62 145
63 145
64 145
65 145
66 145
67 145
68 145
69 145
70 145
71 145
72 145
71 109
71 110
71 111
71 112
71 113
71 114
71 115
71 116
71 117
71 118
71 119
71 120
71 121
71 122
71 123
83 76
84 77
85 78
86 79
87 80
88 81
89 82
90 83
91 84
92 85
93 86
94 87
94 88
104 56
105 57
106 58
107 59
108 60
109 61
110 62
111 63
112 64
113 65
114 65
147 46
147 45
147 44
147 43
147 42
147 41
148 40
149 39
150 38
151 37
152 36
153 35
154 34
146 51
145 52
144 53
143 54
142 55
141 56
140 56
139 56
138 56
137 56
136 56
158 56
158 72
159 73
160 73
161 73
162 73
163 73
164 73
165 73
166 73
167 73
168 73
169 73
170 73
171 73
172 73
173 73
174 73
175 72
176 71
177 70
178 69
179 68
180 67
181 66
182 66
183 66
184 66
185 66
186 66
187 66
188 66
189 65
190 64
191 63
192 62
193 61
194 60
195 60
196 60
197 60
198 59
199 58
200 57
201 56
202 55
203 54
204 53
204 52
203 52
202 52
201 52
200 52
199 52
198 51
197 50
196 49
195 48
194 47
194 46
194 45
194 44
194 43
194 42
194 41
194 40
194 39
194 38
193 37
192 36
191 36
190 36
189 36
188 36
187 35
186 34
185 34
184 34
183 34
182 34
181 34
180 34
179 34
178 34
177 34
176 34
175 34
191 37
190 38
189 39
188 40
187 41
186 42
185 43
184 44
183 45
182 45
181 45
205 52
205 51
205 50
205 49
205 48
205 47
205 46
205 45
205 44
205 43
206 42
207 41
195 61
196 62
197 63
198 64
199 65
200 66
201 67
202 68
203 69
204 70
204 71
204 72
204 73
205 73
206 73
207 73
208 73
209 73
210 73
211 73
212 73
213 73
214 73
215 73
169 74
170 75
171 76
172 77
173 78
174 79
175 80
176 81
177 82
178 83
179 84
180 85
181 86
181 87
182 88
183 89
184 90
185 91
186 92
187 93
188 94
189 94
190 94
191 94
192 94
193 94
194 94
195 94
196 94
197 94
198 94
199 94
200 94
201 94
202 94
203 94
204 94
205 94
193 95
192 96
191 97
190 98
189 99
188 100
187 101
186 102
185 103
184 104
183 105
182 106
181 107
181 108
182 109
183 109
184 109
185 109
186 109
187 109
188 109
189 109
190 109
191 109
192 109
193 109
194 109
195 110
196 111
197 112
198 113
199 114
200 115
201 115
202 115
203 115
204 115
205 115
204 116
203 117
202 118
202 119
202 120
202 121
202 122
202 123
202 124
202 125
202 126
202 127
201 128
200 129
199 130
198 131
197 132
196 133
195 134
194 135
193 136
192 137
192 138
191 138
190 138
189 137
188 136
187 135
186 134
185 133
184 132
183 131
182 130
181 129
191 139
190 140
189 141
188 142
187 143
186 143
185 143
184 143
183 143
182 143
181 143
180 143
179 143
178 143
177 143
176 144
175 145
174 145
173 145
172 145
171 145
170 145
169 145
168 145
167 145
166 145
165 145
164 145
163 145
162 145
161 145
160 145
159 145
158 145
157 145
156 145
203 128
204 128
205 128
206 128
207 128
208 128
209 128
210 128
211 128
212 128
213 128
214 128
149 87
150 88
151 89
152 90
153 91
154 92
155 93
156 93
157 93
158 93
159 93
160 93
159 94
158 95
157 96
156 97
155 98
154 99
153 100
152 101
151 102
150 103
149 104
148 105
147 106
147 107
146 108
145 108
144 108
143 108
142 108
141 108
140 108
139 108
138 108
137 108
136 108
137 109
137 110
137 111
137 112
137 113
137 114
137 115
137 116
137 117
137 118
137 119
137 120
137 121
137 122
137 123
136 123
135 123
134 123
133 123
132 123
131 123
130 123
129 123
128 123
127 123
126 123
126 122
126 121
126 120
126 119
125 118
124 117
123 116
122 115
121 114
120 113
119 112
118 111
117 110
116 109
115 108
114 107
125 124
124 125
123 126
122 127
121 127
120 127
119 127
118 127
117 127
116 127
115 127
114 127
113 127
112 127
111 127
110 127
109 127
108 127
107 127
106 127
105 127
104 127
103 127
102 127
101 127
100 127
99 127
98 127
97 127
96 127
95 126
94 125
93 124
92 123
92 122
92 121
92 120
92 119
92 118
92 117
92 116
92 115
92 114
92 113
92 112
92 111
92 110
92 109
93 108
102 128
101 129
100 130
99 131
98 132
97 133
96 134
95 135
94 136
93 137
93 138
93 139
93 140
93 141
93 142
93 143
93 144
93 145
114 128
114 129
114 130
114 131
114 132
114 133
114 134
114 135
114 136
114 137
114 138
114 139
114 140
114 141
114 142
114 143
115 144
116 145
117 145
118 145
119 145
120 145
121 145
122 145
123 145
124 145
125 145
126 145
127 145
128 145
129 145
130 145
131 145
132 145
133 145
134 145
135 145
148 108
149 108
150 108
151 108
152 108
153 108
154 108
155 108
156 108
157 108
158 108
158 109
158 110
158 111
158 112
158 113
158 114
158 115
158 116
158 117
158 118
158 119
158 120
158 121
158 122
158 123
136 85
136 84
136 83
136 82
136 81
136 80
136 79
136 78
136 77
136 76
136 75
136 74
136 73
136 72
136 71
118 89
117 88
116 87
115 86
85
136 86
148 86
157 71
147 50
133 34
112 34
116 51
103 55
91 34
70 34
56 35
55 24
46 38
36 41
28 52
48 49
92 56
93 71
82 75
71 71
71 56
73 93
62 90
51 86
51 70
72 108
61 108
50 107
30 94
29 73
48 128
36 137
31 127
30 115
48 139
56 143
72 145
71 123
94 88
114 65
154 34
136 56
158 56
168 73
181 66
194 60
194 47
192 36
186 34
175 34
181 45
205 52
207 41
204 73
215 73
181 87
194 94
205 94
181 108
194 109
205 115
202 127
192 138
181 129
188 142
177 143
156 145
214 128
160 93
147 107
136 108
137 123
126 123
114 107
113 127
103 127
92 123
93 108
93 145
114 143
135 145
158 108
158 123
136 71
115 86
