3514
119 90
118 90
117 90
116 90
115 90
114 90
113 90
112 90
111 90
110 90
109 90
108 90
107 90
106 90
105 90
104 90
103 90
102 90
101 90
100 90
99 90
98 90
97 90
96 90
95 90
94 90
93 90
92 90
91 90
90 90
89 90
88 90
87 90
86 90
85 90
84 90
83 90
82 90
81 90
80 90
79 90
78 90
77 90
76 90
75 90
74 90
73 90
72 90
71 90
70 90
69 90
68 90
67 90
66 90
65 90
64 90
63 90
62 90
61 90
60 90
59 90
58 90
57 90
56 90
55 90
54 90
53 90
52 90
51 90
50 90
49 90
48 90
47 90
46 90
45 90
44 90
43 90
42 90
41 90
40 90
39 90
38 90
37 90
36 90
35 90
34 90
33 90
32 90
31 89
51 89
52 88
51 87
50 86
49 85
48 84
47 83
46 82
45 81
44 80
43 79
42 78
41 77
40 76
39 75
38 74
37 73
36 72
35 71
34 70
33 69
53 89
82 89
82 88
82 87
82 86
82 85
83 85
82 84
82 83
81 83
80 82
79 81
79 80
78 80
77 79
76 78
75 77
74 76
73 75
72 75
72 74
73 74
74 73
75 72
76 71
77 70
77 69
76 69
75 69
74 69
73 69
72 69
71 69
70 69
69 69
68 69
67 69
66 69
65 69
64 69
63 69
62 69
61 69
60 69
59 69
58 69
57 69
56 69
55 69
54 69
53 69
52 69
51 69
66 68
66 67
65 67
64 67
63 67
62 67
61 67
60 67
59 67
58 67
57 67
56 67
55 67
54 67
53 67
52 67
51 67
50 67
49 67
48 67
47 67
46 66
45 65
44 64
43 63
42 62
41 61
40 60
39 59
38 58
37 57
36 56
35 55
34 54
33 53
32 52
31 51
30 50
64 66
63 65
62 64
61 63
60 62
59 61
58 60
57 59
56 58
55 57
54 56
53 55
52 54
51 53
51 52
50 52
49 51
48 50
47 49
46 49
45 49
44 49
43 49
42 49
41 49
40 48
39 47
38 46
37 45
36 44
35 43
34 42
33 41
44 48
43 47
42 46
41 45
40 44
39 43
38 42
37 41
36 40
47 48
47 47
47 46
47 45
47 44
47 43
47 42
46 42
45 41
44 40
43 39
42 38
47 41
47 40
47 39
46 39
45 38
44 37
47 38
47 37
46 36
52 52
53 52
54 52
55 52
56 52
57 52
58 52
67 67
68 67
69 67
70 67
71 67
72 67
73 67
74 67
75 67
76 67
77 67
78 67
79 67
80 67
80 66
79 66
78 65
77 64
76 63
75 62
74 61
73 60
72 59
71 58
70 57
69 56
68 55
67 54
66 53
65 52
64 51
63 50
62 49
61 48
60 47
59 46
58 45
57 44
56 43
55 42
54 41
53 40
52 39
51 38
50 37
49 36
48 35
80 65
80 64
80 63
79 63
78 62
77 61
76 60
75 59
74 58
73 57
72 56
71 55
72 54
71 53
70 52
69 51
68 50
67 49
66 48
65 47
64 46
63 45
62 44
61 43
60 42
59 41
58 40
57 39
56 38
55 37
54 36
53 35
52 34
73 55
74 56
75 57
76 58
77 59
78 60
79 61
80 61
80 60
80 59
80 58
80 57
80 56
79 56
78 55
77 54
76 53
75 52
74 51
73 50
72 49
71 48
70 47
69 46
68 45
67 44
66 43
65 42
64 41
63 40
62 39
61 38
60 37
59 36
58 35
57 34
56 33
55 32
54 31
53 30
54 29
55 30
56 31
57 32
58 33
59 34
60 35
61 36
62 37
63 38
64 39
65 40
66 41
67 42
68 43
69 44
70 45
71 46
72 47
73 48
74 49
75 50
76 51
77 52
78 53
79 54
80 54
80 53
80 52
79 51
78 50
77 49
76 48
75 47
74 46
73 45
72 44
71 43
70 42
69 41
68 40
67 39
66 38
65 37
64 36
63 35
62 34
61 33
60 32
59 31
58 30
57 29
56 28
55 27
80 55
80 62
79 68
78 69
81 68
82 69
82 70
83 70
82 71
82 72
82 73
82 74
82 75
82 76
82 77
82 78
82 79
82 80
81 80
80 80
82 81
82 82
84 71
85 72
86 73
87 74
88 75
89 75
90 75
91 75
92 75
93 75
94 75
95 75
89 76
89 77
90 77
89 78
89 79
89 80
89 81
89 82
89 83
89 84
89 85
89 86
89 87
89 88
89 89
88 89
87 89
86 88
85 87
84 86
90 89
91 89
92 89
93 89
94 89
95 89
96 89
97 89
98 89
99 89
100 89
101 89
102 89
103 89
104 89
105 89
106 89
107 89
108 89
109 89
110 89
111 89
112 89
101 88
100 87
99 86
98 85
97 84
96 83
95 82
94 81
93 80
92 79
91 78
68 70
68 71
69 71
68 72
68 73
68 74
68 75
70 72
71 73
71 76
71 77
71 78
71 79
71 80
71 81
71 82
71 83
71 84
71 85
71 86
82 91
82 92
82 93
82 94
82 95
82 96
82 97
82 98
82 99
82 100
82 101
89 91
89 92
90 92
89 93
89 94
89 95
89 96
89 97
89 98
89 99
89 100
89 101
89 102
89 103
89 104
89 105
89 106
89 107
89 108
88 108
87 108
86 108
85 108
84 108
83 108
82 108
81 108
80 108
79 108
78 108
77 108
76 108
75 108
74 108
73 108
72 108
71 108
70 108
69 108
68 108
67 108
66 108
65 108
64 108
63 108
62 108
61 108
60 108
59 108
58 108
57 108
56 108
55 108
54 108
53 108
52 108
51 108
50 108
49 108
48 108
47 108
46 108
45 108
44 108
43 108
42 108
41 108
40 108
39 108
38 108
37 108
36 108
35 108
34 108
33 108
89 109
89 110
89 111
89 112
89 113
89 114
89 115
89 116
90 108
91 108
92 108
93 108
94 108
95 108
96 108
97 108
98 108
99 108
100 108
101 108
102 108
101 107
101 106
101 105
101 104
102 104
101 103
101 102
100 102
99 101
98 100
97 99
96 98
95 97
94 96
93 96
93 95
92 94
91 93
93 97
93 98
93 99
93 100
93 101
93 102
101 101
101 100
101 99
101 98
101 97
101 96
101 95
101 94
101 93
101 92
101 91
103 105
104 106
103 107
105 105
106 104
107 103
108 102
109 101
110 100
111 99
112 99
112 98
111 98
110 97
109 96
108 95
107 94
106 93
105 92
104 91
113 97
114 96
115 95
116 94
117 93
118 92
119 91
121 90
120 89
121 89
121 88
120 88
119 88
118 87
117 86
116 85
115 84
114 83
113 82
112 81
111 80
110 79
109 78
108 77
107 76
106 75
105 74
104 73
103 72
102 71
101 70
100 69
99 68
98 67
97 66
96 65
95 64
94 63
93 62
92 61
91 60
90 59
89 58
88 57
87 56
86 55
85 54
84 53
83 52
82 51
120 87
120 86
120 85
119 85
118 84
117 83
116 82
115 81
114 80
113 79
112 78
111 77
110 76
109 75
108 74
107 73
106 72
105 71
104 70
103 69
102 68
101 67
100 66
99 65
98 64
97 63
96 62
95 61
94 60
93 59
92 58
91 57
90 56
89 55
88 54
87 53
86 52
85 51
84 50
83 49
82 48
81 47
80 46
79 45
78 44
77 43
76 42
75 41
74 40
73 39
72 38
71 37
70 36
69 35
68 34
120 84
120 83
120 82
119 82
118 81
117 80
116 79
115 78
114 77
113 76
112 75
111 74
110 73
109 72
108 71
107 70
106 69
105 68
104 67
103 66
102 65
101 64
100 63
99 62
98 61
97 60
96 59
95 58
94 57
93 56
120 81
120 80
120 79
120 78
120 77
120 76
121 76
120 75
119 75
119 74
118 74
118 73
117 73
117 72
116 72
116 71
115 71
115 70
114 70
114 69
113 69
113 68
112 68
112 67
111 66
110 65
109 64
108 63
107 62
106 61
105 60
104 59
103 58
102 57
101 56
100 55
99 54
98 53
97 52
96 51
95 50
94 49
93 48
92 47
91 46
90 45
89 44
88 43
87 42
86 41
85 40
84 39
83 38
82 37
81 36
80 35
79 34
120 74
120 73
120 72
120 71
121 71
121 70
120 70
120 69
120 68
120 67
120 66
120 65
120 64
120 63
120 62
119 62
118 61
117 60
116 59
115 58
114 57
113 56
112 55
111 54
110 53
109 52
108 51
107 50
106 49
105 48
104 47
103 46
102 45
101 44
100 43
99 42
98 41
97 40
96 39
95 38
94 37
93 36
92 35
91 34
120 61
120 60
120 59
120 58
120 57
120 56
120 55
121 55
120 54
120 53
119 53
118 52
117 51
116 50
120 52
120 51
120 50
120 49
120 48
120 47
120 46
120 45
120 44
120 43
120 42
120 41
119 41
118 40
117 39
116 38
115 37
114 36
113 35
112 34
121 40
122 39
123 38
124 37
125 36
126 35
127 34
122 54
123 53
124 52
125 51
126 50
127 49
128 48
129 47
130 46
131 45
132 44
133 43
134 42
135 41
136 40
137 39
138 38
139 37
140 36
141 35
142 34
122 70
122 69
123 69
123 68
124 68
124 67
125 67
125 66
126 66
126 65
127 65
127 64
128 64
128 63
129 63
129 62
130 62
130 61
131 61
131 60
132 60
132 59
133 59
133 58
134 58
134 57
135 57
135 56
136 56
136 55
137 54
138 53
139 52
140 51
141 50
142 49
143 48
144 47
145 46
146 45
147 44
148 43
149 42
150 41
151 40
152 39
153 38
154 37
155 36
156 35
157 34
122 75
123 74
124 73
125 72
126 71
127 70
128 69
129 68
130 67
131 66
132 65
133 64
134 63
135 62
136 61
137 60
138 59
139 58
140 57
141 56
142 55
143 54
144 53
145 52
146 51
147 50
121 85
122 84
123 83
124 82
125 81
126 80
127 79
128 78
129 77
130 76
131 75
132 74
133 73
134 72
135 71
136 70
137 69
138 68
139 67
140 66
141 65
142 64
143 63
144 62
145 61
146 60
147 59
148 58
149 57
150 56
151 55
152 54
153 53
154 52
155 51
156 50
157 49
158 48
159 47
160 46
161 45
162 44
163 43
164 42
165 41
166 40
167 39
168 38
169 37
170 36
171 35
172 34
122 88
122 87
123 87
123 86
124 86
124 85
125 85
125 84
126 84
126 83
127 83
127 82
128 82
128 81
129 81
129 80
130 80
130 79
131 79
131 78
132 78
132 77
133 77
133 76
134 76
135 75
136 74
137 73
138 72
139 71
140 70
141 69
142 68
143 67
144 66
145 65
146 64
147 63
148 62
149 61
150 60
151 59
152 58
153 57
154 56
155 55
156 54
157 53
158 52
159 51
160 50
161 49
162 48
163 47
164 46
165 45
166 44
167 43
168 42
169 41
170 40
171 39
172 38
173 37
174 36
175 35
176 34
177 33
178 32
179 31
180 30
181 29
182 28
183 27
121 91
122 90
123 90
124 90
125 90
126 90
127 90
128 90
129 90
130 90
131 90
132 90
133 90
134 90
135 90
136 90
137 90
138 90
139 90
140 90
141 90
142 90
143 90
144 90
145 90
146 90
147 90
148 90
149 90
150 90
151 90
152 90
153 90
154 90
155 90
156 90
157 90
158 90
159 90
160 90
161 90
162 90
163 90
164 90
165 90
166 90
167 90
168 90
169 90
170 90
171 90
172 90
173 90
174 90
175 90
176 90
177 90
178 90
179 90
180 90
181 90
182 90
183 90
184 90
185 90
186 90
187 90
188 90
189 90
190 90
191 90
192 90
193 90
194 90
195 90
196 90
197 90
198 90
199 90
200 90
201 90
202 90
203 90
204 90
205 90
206 90
207 90
208 90
209 90
210 89
211 88
212 87
213 86
214 85
215 84
199 89
200 88
201 87
202 86
203 85
204 84
205 83
206 82
207 81
208 80
209 79
210 78
211 77
212 76
213 75
214 74
215 73
192 89
193 88
194 87
195 86
196 85
197 84
198 83
199 82
200 81
201 80
202 79
203 78
204 77
178 89
179 88
180 87
181 86
182 85
183 84
184 83
185 82
186 81
187 80
188 79
189 78
190 77
191 76
192 75
193 74
194 73
195 72
196 71
197 70
198 69
199 68
200 67
201 66
202 65
203 64
204 63
205 62
206 61
207 60
208 59
209 58
210 57
211 56
212 55
213 54
214 53
215 52
171 89
172 88
173 87
174 86
175 85
176 84
177 83
178 82
179 81
180 80
181 79
182 78
183 77
184 76
185 75
186 74
187 73
188 72
189 71
190 70
191 69
192 68
193 67
194 66
195 65
196 64
197 63
198 62
199 61
200 60
201 59
202 58
203 57
204 56
168 89
169 88
170 87
160 89
159 88
158 89
160 87
161 86
162 85
163 84
164 83
165 82
166 81
167 80
168 79
169 78
170 77
171 76
172 75
173 74
174 73
175 72
176 71
177 70
178 69
179 68
180 67
181 66
182 65
183 64
184 63
185 62
186 61
187 60
188 59
189 58
190 57
191 56
192 55
193 54
194 53
195 52
196 51
197 50
198 49
199 48
200 47
201 46
202 45
203 44
204 43
181 68
180 69
179 70
178 71
177 72
176 73
175 74
174 75
173 76
172 77
171 78
170 79
169 80
168 81
167 82
166 83
165 84
164 85
163 86
162 87
161 88
150 89
151 88
152 87
153 86
154 85
155 84
156 83
157 82
158 81
159 80
160 79
161 78
162 77
163 76
164 75
165 74
166 73
167 72
168 71
169 70
170 69
171 68
172 67
173 66
174 65
175 64
176 63
177 62
178 61
179 60
180 59
181 58
182 57
183 56
184 55
185 54
186 53
187 52
188 51
189 50
190 49
191 48
192 47
193 46
194 45
195 44
196 43
197 42
198 41
199 40
145 89
144 88
143 88
142 88
142 89
141 89
140 88
139 89
141 87
142 86
143 85
144 84
145 83
146 82
147 81
148 80
149 79
150 78
151 77
152 76
153 75
154 74
155 73
156 72
157 71
158 70
159 69
160 68
161 67
162 66
163 65
164 64
165 63
166 62
167 61
168 60
169 59
170 58
171 57
172 56
173 55
174 54
175 53
176 52
177 51
178 50
179 49
180 48
181 47
182 46
183 45
184 44
185 43
186 42
187 41
188 40
189 39
190 38
191 37
192 36
183 47
182 48
181 49
180 50
179 51
178 52
177 53
176 54
175 55
174 56
173 57
172 58
171 59
170 60
169 61
168 62
167 63
166 64
165 65
164 66
163 67
162 68
161 69
160 70
159 71
158 72
157 73
156 74
155 75
154 76
153 77
152 78
151 79
150 80
149 81
148 82
147 83
147 84
146 84
146 85
145 85
145 86
144 86
144 87
143 87
145 87
146 86
147 85
148 84
149 83
150 82
151 81
152 80
153 79
154 78
155 77
156 76
157 75
158 74
159 73
160 72
161 71
162 70
163 69
164 68
165 67
166 66
167 65
168 64
169 63
170 62
171 61
172 60
173 59
174 58
175 57
176 56
177 55
178 54
179 53
180 52
181 51
182 50
183 49
184 48
185 47
186 46
187 45
188 44
189 43
190 42
191 41
192 40
193 39
194 38
161 73
160 74
159 75
158 76
157 77
156 78
155 79
154 80
153 81
152 82
151 83
150 84
149 85
148 86
147 87
146 88
143 89
136 89
135 88
134 88
133 88
133 89
132 89
131 88
130 89
132 87
133 86
134 85
135 84
136 83
137 82
138 81
139 80
140 79
141 78
142 77
143 76
144 75
145 74
146 73
147 72
148 71
149 70
150 69
151 68
152 67
153 66
154 65
155 64
156 63
157 62
158 61
159 60
160 59
161 58
162 57
163 56
164 55
165 54
166 53
167 52
168 51
169 50
170 49
171 48
172 47
173 46
174 45
175 44
176 43
177 42
178 41
179 40
180 39
181 38
182 37
183 36
184 35
185 34
186 33
187 32
188 33
187 34
186 35
185 36
184 37
183 38
182 39
181 40
180 41
179 42
178 43
177 44
176 45
175 46
174 47
173 48
172 49
171 50
171 51
170 51
170 52
169 52
169 53
168 53
168 54
167 54
167 55
166 55
166 56
165 56
165 57
164 57
164 58
163 58
163 59
162 59
162 60
161 60
161 61
160 61
160 62
159 62
159 63
158 63
158 64
157 64
157 65
156 65
156 66
155 66
155 67
154 67
154 68
153 68
153 69
152 69
152 70
151 70
151 71
150 71
150 72
149 72
149 73
148 73
148 74
147 74
147 75
146 75
146 76
145 76
145 77
144 77
144 78
143 78
143 79
142 79
142 80
141 80
141 81
140 81
140 82
139 82
139 83
138 83
138 84
137 84
137 85
136 85
136 86
135 86
135 87
134 87
136 87
137 86
138 85
139 84
140 83
141 82
142 81
143 80
144 79
145 78
146 77
147 76
148 75
149 74
150 73
151 72
152 71
153 70
154 69
155 68
156 67
157 66
158 65
159 64
160 63
161 62
162 61
163 60
164 59
165 58
166 57
167 56
168 55
169 54
170 53
171 52
172 51
173 50
174 49
175 48
176 47
177 46
178 45
179 44
180 43
181 42
182 41
183 40
184 39
185 38
186 37
187 36
188 35
189 34
190 35
189 36
188 37
187 38
186 39
185 40
184 41
183 42
182 43
181 44
180 45
179 46
178 47
177 48
176 49
175 50
174 51
173 52
172 53
171 54
170 55
169 56
168 57
167 58
166 59
165 60
164 61
163 62
162 63
161 64
160 65
159 66
158 67
157 68
156 69
155 70
154 71
153 72
152 73
151 74
150 75
149 76
148 77
147 78
146 79
145 80
144 81
143 82
142 83
141 84
140 85
139 86
138 87
137 88
134 89
127 89
128 88
129 87
130 86
131 85
132 84
133 83
134 82
135 81
136 80
137 79
138 78
139 77
140 76
141 75
142 74
143 73
144 72
145 71
146 70
147 69
148 68
149 67
150 66
151 65
152 64
153 63
154 62
155 61
156 60
157 59
158 58
159 57
160 56
161 55
162 54
163 53
164 52
165 51
166 50
167 49
168 48
169 47
170 46
171 45
172 44
173 43
174 42
175 41
176 40
177 39
178 38
179 37
180 36
181 35
182 34
183 33
184 32
185 31
124 89
125 88
126 87
127 86
128 85
129 84
130 83
131 82
132 81
133 80
134 79
135 78
136 77
137 76
138 75
139 74
140 73
141 72
142 71
143 70
144 69
145 68
146 67
147 66
148 65
149 64
150 63
151 62
152 61
153 60
154 59
155 58
156 57
157 56
158 55
159 54
160 53
161 52
162 51
163 50
164 49
165 48
166 47
167 46
168 45
169 44
170 43
171 42
172 41
173 40
174 39
175 38
176 37
177 36
178 35
179 34
180 33
181 32
182 31
183 30
184 29
122 92
123 93
124 93
125 93
126 93
127 93
128 93
129 93
130 93
131 93
132 93
133 93
134 93
135 93
136 93
137 93
138 93
139 93
140 93
141 93
142 93
143 93
144 93
145 93
146 93
147 93
148 93
149 93
150 93
151 93
152 93
153 93
154 93
155 93
156 93
157 93
158 93
124 94
125 95
126 95
127 95
128 95
129 95
130 95
131 95
132 95
133 95
134 95
135 95
136 95
137 95
138 95
139 95
140 95
141 95
142 95
143 95
144 95
145 95
146 95
147 95
148 95
149 95
150 95
151 95
152 95
153 95
154 95
155 95
156 95
157 95
158 95
159 95
160 95
161 95
162 95
163 95
164 95
165 95
166 95
167 95
168 95
169 95
170 95
171 95
172 95
173 95
174 95
175 95
176 95
177 95
178 95
179 95
180 95
181 95
182 95
183 95
184 95
185 95
186 95
187 95
188 95
189 95
190 95
191 95
192 95
193 95
194 95
195 95
196 95
197 95
198 95
199 95
200 95
201 95
202 95
203 95
204 95
205 95
206 95
207 95
208 95
209 95
210 95
211 95
212 95
213 95
214 95
215 95
147 96
146 96
145 96
144 96
143 96
142 96
141 96
140 96
139 96
138 96
137 96
136 96
135 96
134 96
133 96
132 96
131 96
130 96
129 96
128 96
127 96
126 96
127 97
128 97
129 97
130 97
131 97
132 97
133 97
134 97
135 97
136 97
137 97
138 97
139 97
140 97
141 97
142 97
143 97
144 97
145 97
146 97
147 97
148 97
149 97
150 97
151 97
152 97
153 97
154 97
155 97
156 97
157 97
158 97
159 97
160 97
161 97
162 97
163 97
164 97
165 97
166 97
167 97
168 97
169 97
170 97
171 97
172 97
173 97
174 97
175 97
176 97
177 97
178 97
179 97
180 97
181 97
182 97
183 97
184 97
185 97
186 97
187 97
188 97
189 97
190 97
191 97
192 97
193 97
194 97
195 97
196 97
197 97
198 97
199 97
200 97
201 97
202 97
203 97
204 97
133 98
132 98
131 98
130 98
129 98
128 98
129 99
130 100
131 100
132 100
133 100
134 100
135 100
136 100
137 100
138 100
139 100
140 100
141 100
142 100
143 100
144 100
145 100
146 100
131 101
132 102
133 102
134 102
135 102
136 102
137 102
138 102
139 102
140 102
141 102
142 102
143 102
144 102
145 102
146 102
147 102
148 102
149 102
150 102
151 102
152 102
153 102
154 102
155 102
156 102
157 102
158 102
158 103
157 103
156 103
155 103
154 103
153 103
152 103
151 103
150 103
149 103
148 103
147 103
146 103
145 103
144 103
143 103
142 103
141 103
140 103
139 103
138 103
137 103
136 103
135 103
134 103
133 103
134 104
135 105
136 106
137 106
138 106
139 106
140 106
141 106
142 106
143 106
144 106
145 106
146 106
147 106
148 106
149 106
150 106
151 106
152 106
153 106
154 106
155 106
156 106
157 106
158 106
159 106
160 106
161 106
162 106
163 106
164 106
165 106
166 106
167 106
168 106
169 106
170 106
171 106
172 106
173 106
174 106
175 106
176 106
177 106
178 106
179 106
180 106
181 106
182 106
183 106
184 106
185 106
186 106
187 106
188 106
189 106
190 106
191 106
192 106
193 106
194 106
195 106
196 106
197 106
198 106
199 106
200 106
201 106
202 106
203 106
204 106
205 106
206 106
207 106
208 106
209 106
210 106
211 106
212 106
213 106
214 106
215 106
137 107
138 108
139 109
140 110
141 111
142 112
143 113
144 114
145 115
146 115
147 115
148 115
149 115
150 115
151 115
152 115
153 115
154 115
155 115
156 115
157 115
158 115
159 115
160 115
161 115
162 115
163 115
164 115
165 115
166 115
167 115
168 115
169 115
170 115
171 115
172 115
173 115
174 115
175 115
176 115
177 115
178 115
179 115
180 115
181 115
181 116
180 116
179 116
178 116
177 116
176 116
175 116
174 116
173 116
172 116
171 116
170 116
169 116
168 116
167 116
166 116
165 116
164 116
163 116
162 116
161 116
160 116
159 116
158 116
157 116
156 116
155 116
154 116
153 116
152 116
151 116
150 116
149 116
148 116
147 116
146 116
147 117
148 117
149 117
150 117
151 117
152 117
153 117
154 117
155 117
156 117
157 117
158 117
159 117
160 117
161 117
162 117
163 117
164 117
165 117
166 117
167 117
168 117
169 117
170 117
171 117
172 117
173 117
174 117
175 117
176 117
177 117
178 117
179 117
180 117
181 117
182 117
183 117
184 117
185 117
186 117
187 117
188 117
189 117
190 117
191 117
192 117
193 117
194 117
195 117
196 117
197 117
198 117
199 117
200 117
201 117
202 117
203 117
204 117
205 117
194 116
193 116
192 116
191 116
190 116
189 116
188 116
187 116
186 116
185 116
184 116
183 116
182 116
148 118
149 119
150 120
151 121
152 122
153 123
154 124
155 125
156 126
157 127
158 128
159 128
160 128
161 128
162 128
163 128
164 128
165 128
166 128
167 128
168 128
169 128
170 128
171 128
172 128
173 128
174 128
175 128
176 128
159 129
160 130
161 131
162 132
163 132
164 132
165 132
166 132
167 132
168 132
169 132
170 132
171 132
172 132
173 132
174 132
175 132
176 132
177 132
178 132
179 132
180 132
181 132
182 132
183 132
184 132
185 132
186 132
187 132
188 132
189 132
190 132
191 132
192 132
193 132
194 132
195 132
196 132
197 132
198 132
199 132
200 132
201 132
202 132
203 132
204 132
205 132
206 132
207 132
208 132
209 132
163 133
164 134
165 134
166 134
167 134
168 134
169 134
170 134
171 134
172 134
173 134
174 134
175 134
176 134
177 134
178 134
179 134
180 134
181 134
182 134
183 134
184 134
185 134
186 134
187 134
188 134
189 134
190 134
191 134
192 134
165 135
166 136
167 136
168 136
169 136
170 136
171 136
172 136
173 136
174 136
175 136
176 136
177 136
178 136
179 136
180 136
181 136
182 136
183 136
184 136
185 136
186 136
187 136
188 136
189 136
190 136
191 136
192 136
193 136
194 136
195 136
196 136
197 136
198 136
199 136
200 136
201 136
202 136
203 136
204 136
205 136
167 137
168 138
169 139
170 140
171 141
172 142
173 142
174 142
175 142
176 142
177 142
178 142
179 142
180 142
181 142
182 142
183 142
184 142
185 142
186 142
187 142
188 142
189 142
190 142
188 143
187 143
186 143
185 143
184 143
183 143
182 143
181 143
180 143
179 143
178 143
177 143
176 143
175 143
174 143
173 143
172 143
171 143
170 143
169 143
168 143
167 143
166 143
165 143
164 143
163 143
162 143
161 143
160 143
159 143
158 143
157 143
156 143
155 142
154 141
153 140
152 139
151 138
150 137
149 136
148 135
147 134
147 133
146 133
145 132
144 131
143 130
143 129
142 129
141 128
140 127
139 126
138 125
137 124
136 123
135 122
134 121
133 120
132 119
131 118
130 117
129 117
129 116
128 115
127 114
126 113
125 112
125 111
124 111
123 110
122 109
121 108
120 107
119 106
118 105
117 104
116 103
115 102
114 101
114 100
113 100
112 100
112 101
112 102
112 103
112 104
112 105
112 106
112 107
112 108
112 109
112 110
112 111
112 112
112 113
111 113
110 112
109 111
108 110
107 109
106 108
105 107
112 114
112 115
113 115
112 116
112 117
112 118
112 119
112 120
112 121
112 122
112 123
112 124
112 125
112 126
112 127
112 128
112 129
112 130
112 131
112 132
112 133
112 134
112 135
112 136
112 137
112 138
112 139
112 140
112 141
112 142
112 143
114 116
115 117
116 118
117 119
118 120
119 121
120 122
121 123
122 124
123 125
124 126
125 127
126 128
127 129
128 130
129 130
129 129
129 128
129 127
129 126
129 125
129 124
129 123
129 122
129 121
129 120
129 119
129 118
129 131
129 132
130 132
131 132
132 132
133 132
134 132
135 132
131 133
132 134
133 135
134 136
135 137
136 138
137 139
138 140
139 141
140 142
141 143
142 143
143 143
144 143
145 143
146 143
147 143
129 133
129 134
129 135
129 136
129 137
129 138
129 139
129 140
129 141
129 142
129 143
129 144
115 100
116 100
126 111
127 111
128 111
129 111
130 111
131 111
132 111
133 111
134 111
135 111
136 111
144 129
145 129
146 129
148 133
149 133
150 133
151 133
152 133
153 133
154 133
155 133
156 133
157 133
158 133
157 144
158 144
159 144
174 144
175 144
176 144
177 144
178 144
179 144
180 144
181 144
182 144
183 144
184 144
185 144
186 144
187 144
185 145
184 145
183 145
182 145
181 145
180 145
179 145
178 145
177 145
176 145
175 145
176 146
177 147
178 148
179 148
180 148
181 148
182 148
183 148
184 148
179 149
180 150
181 150
182 150
183 150
159 103
160 103
161 103
162 103
163 103
164 103
165 103
166 103
167 103
168 103
169 103
170 103
171 103
172 103
173 103
174 103
175 103
176 103
177 103
178 103
179 103
180 103
181 103
101 109
101 110
100 110
99 111
98 112
98 113
97 113
96 114
95 115
94 116
93 117
93 118
92 118
91 119
90 120
89 121
88 122
87 123
86 124
85 125
84 126
83 126
82 126
81 126
80 126
79 126
78 126
77 126
76 126
75 126
74 126
73 126
72 126
71 126
71 127
70 127
69 127
68 127
67 127
66 127
65 127
64 127
63 127
62 127
61 127
60 127
59 127
58 127
57 127
56 127
55 127
54 127
53 127
52 127
51 127
50 127
49 127
48 127
47 127
46 127
45 127
44 127
43 127
42 127
41 127
40 127
39 127
38 127
37 127
36 127
35 127
34 127
33 127
32 127
31 127
30 127
48 128
49 128
50 128
51 128
52 128
53 128
54 128
55 128
56 128
57 128
58 128
59 128
60 128
61 128
62 128
63 128
64 128
65 128
66 128
67 128
68 128
69 128
70 128
71 128
72 128
73 128
74 128
75 128
76 128
77 128
78 128
79 128
80 128
81 128
82 128
82 127
81 127
80 127
79 127
78 127
77 127
76 127
75 127
74 127
73 127
72 127
83 127
84 127
84 128
84 129
84 130
84 131
84 132
84 133
84 134
84 135
84 136
84 137
84 138
84 139
84 140
84 141
84 142
84 143
82 129
81 129
80 130
79 131
78 132
77 133
76 134
75 135
74 136
73 136
72 136
71 136
70 136
69 136
68 136
67 136
66 136
65 136
64 136
63 136
62 136
61 136
60 136
59 136
58 136
57 136
56 136
55 136
54 136
53 136
52 136
51 136
50 136
49 136
48 136
47 136
46 136
45 136
44 136
43 136
42 136
41 136
40 136
39 136
38 136
37 136
36 136
35 136
36 137
37 137
38 137
39 137
40 137
41 137
42 137
43 137
44 137
45 137
46 137
47 137
48 137
49 137
50 137
51 137
52 137
53 137
54 137
55 137
56 137
57 137
58 137
59 137
60 137
61 137
62 137
63 137
64 137
65 137
66 137
67 137
68 137
69 137
70 137
71 137
72 137
73 137
72 138
71 139
70 139
69 139
68 139
67 139
66 139
65 139
64 139
63 139
62 139
61 139
60 139
59 139
58 139
57 139
56 139
55 139
54 139
53 139
52 139
51 139
50 139
49 139
48 139
47 139
46 139
45 139
44 139
43 139
42 139
44 140
45 140
46 140
47 140
48 140
49 140
50 140
51 140
52 140
53 140
54 140
55 140
56 140
57 140
58 140
59 140
60 140
61 140
62 140
63 140
64 140
65 140
66 140
67 140
68 140
69 140
70 140
69 141
68 141
67 141
66 141
65 141
64 141
63 141
62 141
61 141
60 141
59 141
58 141
57 141
56 141
55 141
54 141
53 141
52 141
51 141
50 141
49 141
48 141
47 141
46 141
48 142
49 142
50 142
51 142
52 142
53 142
54 142
55 142
56 142
57 142
58 142
59 142
60 142
61 142
62 142
63 142
64 142
65 142
66 142
67 142
68 142
67 143
66 143
65 143
64 143
63 143
62 143
61 143
60 143
59 143
58 143
57 143
56 143
55 143
54 143
53 143
52 143
51 143
66 144
65 145
64 146
63 146
62 146
61 146
60 146
59 146
58 146
57 146
56 146
55 146
54 146
53 146
52 146
82 130
93 119
93 120
93 121
93 122
93 123
93 124
93 125
93 126
93 127
93 128
93 129
93 130
93 131
93 132
93 133
98 114
98 115
98 116
98 117
98 118
98 119
98 120
98 121
98 122
98 123
98 124
98 125
98 126
98 127
98 128
98 129
98 130
98 131
98 132
98 133
98 134
98 135
98 136
98 137
98 138
98 139
98 140
98 141
98 142
98 143
98 144
101 111
101 112
101 113
101 114
101 115
101 116
101 117
129
31 89
51 89
33 69
51 69
30 50
47 49
33 41
36 40
42 38
44 37
46 36
58 52
80 67
48 35
71 55
52 34
53 30
54 29
55 27
81 80
95 75
100 89
112 89
68 75
71 86
82 101
89 93
71 108
50 108
33 108
89 116
93 102
82 51
68 34
93 56
112 68
79 34
91 34
116 50
112 34
127 34
142 34
136 56
157 34
147 50
172 34
133 76
158 52
183 27
181 90
215 84
215 73
204 77
215 52
181 79
204 56
170 87
204 43
181 68
199 40
147 81
192 36
183 47
147 84
194 38
161 73
187 32
188 33
171 51
136 86
189 34
190 35
185 31
124 89
147 66
184 29
158 93
215 95
147 96
204 97
133 98
146 100
158 102
215 106
181 115
157 117
168 117
205 117
194 116
176 128
209 132
192 134
205 136
190 142
188 143
172 143
112 116
112 128
112 143
135 132
147 143
129 144
116 100
136 111
146 129
158 133
159 144
187 144
185 145
184 148
183 150
181 103
71 126
30 127
48 128
84 143
35 136
36 137
42 139
44 140
46 141
48 142
63 143
51 143
52 146
82 130
93 133
98 144
101 117
