1069
119 90
118 90
117 90
116 89
121 90
122 90
123 90
124 90
125 90
126 90
127 90
128 90
129 90
130 90
131 90
132 90
133 90
134 89
135 88
136 87
137 86
137 85
137 84
137 83
137 82
137 81
137 80
137 79
137 78
137 77
137 76
137 75
137 74
137 73
137 72
136 71
138 87
139 88
140 89
141 90
142 91
143 91
144 91
145 91
146 91
147 91
148 91
149 91
150 91
151 91
152 91
153 91
154 91
155 91
156 90
157 89
158 88
159 87
160 86
160 85
161 84
162 83
163 82
164 81
165 80
166 79
167 78
167 77
166 77
165 77
164 77
163 77
162 76
161 75
160 74
159 73
158 72
157 71
157 70
157 69
157 68
157 67
157 66
157 65
157 64
157 63
157 62
157 61
157 60
157 59
157 58
157 57
157 56
156 56
155 56
154 56
153 56
152 56
151 56
150 55
149 54
148 53
147 52
147 51
147 50
147 49
147 48
147 47
147 46
148 46
147 45
147 44
147 43
147 42
146 41
145 40
144 39
143 38
142 37
141 36
140 35
139 34
149 45
150 44
151 43
152 42
153 41
154 40
155 39
156 38
157 37
158 36
159 35
160 34
146 53
145 54
144 55
143 56
142 56
141 56
140 56
139 56
138 56
137 56
136 56
158 56
168 77
169 77
170 77
171 77
172 77
173 77
174 77
175 77
176 77
177 76
178 75
179 74
180 73
181 72
182 72
183 72
184 72
185 72
186 72
187 72
188 71
189 70
190 69
191 68
192 67
193 66
194 65
195 65
195 66
196 67
197 68
198 69
199 70
200 71
201 72
202 73
203 74
204 75
205 76
204 77
203 78
202 78
201 78
200 78
199 78
198 78
197 78
196 78
195 78
194 78
193 79
192 80
191 81
190 82
189 83
188 84
187 85
186 86
185 87
184 88
183 89
182 90
181 91
181 92
181 93
180 94
179 95
178 96
177 97
176 98
175 99
174 100
173 101
172 102
171 103
170 104
169 105
168 105
167 106
166 107
165 108
164 108
163 108
162 108
161 108
160 108
159 108
158 108
157 108
169 106
170 107
171 108
172 109
173 110
174 111
175 112
176 113
177 114
178 114
179 114
180 114
181 114
182 114
183 114
184 114
185 114
186 114
187 114
188 114
189 114
190 114
191 114
192 114
193 114
194 114
194 113
194 112
194 111
194 110
194 109
194 108
194 107
195 106
196 105
197 104
198 103
199 102
200 101
201 100
202 99
203 98
204 97
205 97
206 97
207 97
208 97
209 97
210 97
211 97
212 97
213 97
214 97
215 97
195 115
196 116
197 117
198 118
199 118
200 118
201 118
202 118
203 118
204 118
205 118
204 119
203 120
202 121
202 122
202 123
202 124
202 125
202 126
202 127
202 128
202 129
201 130
200 131
199 132
198 133
197 134
196 135
195 136
194 137
193 138
192 138
191 138
190 138
189 138
188 138
187 138
186 138
185 138
184 138
183 137
182 136
181 135
180 136
179 137
178 138
177 139
176 140
176 141
176 142
175 142
174 141
173 140
172 139
171 138
170 137
169 136
168 135
168 134
168 133
167 132
166 131
165 130
164 129
163 128
162 127
161 126
160 125
159 124
158 123
167 136
166 137
165 138
164 139
163 140
162 141
161 142
160 143
159 144
158 145
157 145
156 145
176 143
176 144
176 145
176 146
206 119
207 120
208 121
209 122
210 123
211 124
212 125
213 126
214 127
214 128
214 129
196 64
197 63
198 62
199 61
200 60
201 59
202 58
203 57
204 56
205 55
205 54
205 53
205 52
206 52
205 51
205 50
204 49
203 48
202 47
201 46
200 45
199 44
198 44
197 44
196 44
195 43
194 42
193 41
192 40
191 39
190 38
189 38
188 38
187 38
186 38
185 38
184 38
183 37
182 36
181 35
180 34
189 39
188 40
187 41
186 42
185 43
184 44
183 45
182 46
181 47
181 48
181 49
181 50
181 51
207 51
208 50
209 49
210 48
211 47
212 46
213 45
214 44
147 92
146 93
145 94
144 95
143 96
142 97
141 98
140 99
139 100
138 101
137 102
136 103
136 104
136 105
136 106
136 107
136 108
137 109
137 110
137 111
137 112
137 113
137 114
137 115
137 116
137 117
137 118
137 119
137 120
137 121
137 122
137 123
136 124
135 125
134 126
133 127
132 127
131 127
130 127
129 127
128 127
127 127
126 127
126 126
126 125
126 124
125 123
124 122
123 121
122 120
121 119
120 118
119 117
118 116
117 115
116 114
115 113
114 112
113 111
112 110
111 109
110 108
109 107
108 106
107 105
106 104
105 103
104 102
103 101
102 100
101 99
100 98
99 97
98 96
97 95
96 94
95 93
94 94
93 95
93 96
93 97
93 98
93 99
93 100
93 101
93 102
93 103
93 104
93 105
93 106
93 107
93 108
93 109
93 110
93 111
93 112
93 113
93 114
93 115
93 116
93 117
93 118
93 119
93 120
93 121
93 122
93 123
92 124
91 125
90 126
89 127
88 128
87 129
86 129
85 129
84 129
83 129
82 129
81 129
80 129
79 129
78 129
77 129
76 128
75 127
74 126
73 125
72 124
71 123
71 122
71 121
71 120
71 119
71 118
71 117
71 116
71 115
71 114
71 113
71 112
71 111
71 110
71 109
71 108
70 108
69 108
68 108
67 108
66 108
65 108
64 108
63 107
62 106
61 105
61 104
61 103
60 102
59 101
58 100
57 99
56 98
55 97
54 96
53 95
52 94
51 93
51 92
51 91
51 90
51 89
51 88
51 87
51 86
51 85
51 84
51 83
50 82
49 81
49 80
49 79
49 78
49 77
49 76
49 75
49 74
49 73
49 72
50 71
50 70
49 70
48 70
47 70
46 70
45 70
44 70
43 70
42 70
41 70
40 69
39 68
38 67
37 66
36 65
35 64
34 63
33 62
33 61
33 60
33 59
33 58
33 57
33 56
33 55
33 54
33 53
33 52
32 51
32 50
32 49
32 48
32 47
32 46
32 45
32 44
33 43
34 42
35 41
36 40
37 41
38 42
39 43
40 44
41 45
42 46
43 47
44 48
45 49
46 49
47 49
48 49
48 48
48 47
48 46
48 45
48 44
48 43
48 42
48 41
48 40
48 39
48 38
49 38
50 38
51 38
52 37
53 36
54 35
55 34
56 34
57 34
58 34
59 34
60 34
61 34
62 34
63 34
64 34
65 34
66 34
67 34
68 34
69 34
70 34
71 34
72 34
73 34
74 34
75 34
76 34
51 70
52 71
53 72
54 73
55 74
56 75
57 76
58 77
59 77
60 77
61 77
62 77
63 77
64 77
65 77
66 77
67 76
68 75
69 74
70 73
71 72
72 71
73 71
74 71
75 71
76 71
77 71
78 70
79 69
80 68
81 67
82 66
83 65
84 64
85 63
86 62
87 61
88 60
89 59
90 58
91 57
92 56
93 56
94 56
95 56
96 56
97 56
98 56
99 56
100 56
101 56
102 55
103 54
103 53
103 52
103 51
103 50
103 49
103 48
104 48
103 47
103 46
103 45
103 44
103 43
103 42
103 41
103 40
102 39
101 38
100 37
99 36
98 35
97 34
105 47
106 46
107 45
108 44
109 43
110 42
111 41
112 40
113 39
114 38
115 37
116 36
117 35
118 34
104 55
105 55
106 55
107 55
108 55
109 55
110 55
111 55
112 55
113 56
114 57
115 58
116 59
116 60
116 61
116 62
116 63
116 64
116 65
116 66
116 67
116 68
93 57
93 58
93 59
93 60
93 61
93 62
93 63
93 64
93 65
93 66
93 67
93 68
93 69
93 70
93 71
72 70
72 69
72 68
72 67
72 66
72 65
72 64
72 63
72 62
72 61
72 60
72 59
72 58
72 57
71 56
62 78
63 79
63 80
63 81
63 82
63 83
63 84
63 85
63 86
64 87
65 88
66 89
67 90
68 91
69 92
70 93
71 93
72 93
73 93
74 93
48 82
47 83
46 83
45 83
44 83
43 83
42 83
41 83
40 83
39 83
38 83
37 83
36 83
35 83
34 83
33 83
33 84
33 85
33 86
33 87
33 88
33 89
33 90
33 91
33 92
33 93
33 94
60 106
59 107
58 108
57 109
56 110
55 111
54 112
53 113
52 114
51 114
50 115
49 116
48 117
48 118
48 119
48 120
48 121
48 122
48 123
48 124
48 125
48 126
48 127
48 128
48 129
47 129
46 130
45 131
44 132
43 133
42 134
41 135
40 136
39 137
38 137
37 137
36 137
36 136
36 135
36 134
36 133
36 132
36 131
35 130
34 129
33 128
32 127
31 126
31 125
31 124
31 123
31 122
31 121
31 120
31 119
31 118
31 117
31 116
31 115
32 114
33 113
48 130
48 131
48 132
48 133
48 134
48 135
48 136
48 137
48 138
48 139
49 140
50 141
51 142
52 143
53 143
54 143
55 143
56 143
57 143
58 143
59 143
60 144
61 145
62 145
63 145
64 145
65 145
66 145
67 145
68 145
69 145
70 145
71 145
72 145
72 108
83 130
84 131
85 132
86 133
87 134
88 135
89 136
90 137
91 138
92 139
93 140
93 141
93 142
93 143
93 144
93 145
125 128
124 129
123 130
122 131
121 131
120 131
119 131
118 131
117 131
116 131
115 131
114 131
113 131
114 132
114 133
114 134
114 135
114 136
114 137
114 138
114 139
114 140
114 141
114 142
114 143
127 128
128 129
129 130
130 131
131 132
132 133
133 134
134 135
135 136
135 137
135 138
135 139
135 140
135 141
135 142
135 143
135 144
135 145
85
116 89
137 86
136 71
148 91
160 86
157 71
147 52
139 34
160 34
136 56
158 56
168 77
181 72
194 65
205 76
194 78
181 93
168 105
157 108
181 114
194 114
204 97
215 97
205 118
202 129
192 138
181 135
168 135
158 123
156 145
176 146
214 129
205 55
199 44
190 38
180 34
181 51
214 44
136 108
137 123
126 127
112 110
95 93
93 108
93 123
82 129
71 123
61 105
51 93
49 81
33 62
32 51
36 40
48 49
48 38
55 34
76 34
51 70
61 77
72 71
92 56
103 54
97 34
118 34
112 55
116 68
93 71
71 56
63 86
74 93
33 83
33 94
51 114
48 128
36 137
31 126
33 113
48 139
59 143
72 145
72 108
93 145
113 131
114 143
135 145
