1138
119 90
118 89
117 88
116 87
115 88
114 89
113 90
112 91
111 92
110 93
109 93
108 93
107 93
106 93
105 93
104 93
103 93
102 93
101 93
100 93
99 92
98 91
97 90
96 89
95 88
94 87
93 86
93 85
93 84
93 83
94 82
95 81
96 80
97 79
98 78
99 77
100 76
101 75
102 74
102 73
101 73
100 73
99 73
98 73
97 73
96 73
95 73
94 73
93 72
92 71
91 71
90 71
89 71
88 71
87 71
86 70
85 69
84 68
83 67
82 66
81 65
80 64
79 63
78 62
77 61
76 60
75 59
74 58
73 57
72 56
71 56
70 56
69 56
68 56
67 56
66 56
65 56
64 56
63 56
62 55
61 54
60 54
59 54
58 54
57 54
56 54
55 54
54 54
53 54
52 54
51 54
50 53
49 52
48 51
48 50
48 49
48 48
47 48
46 47
45 46
44 45
43 44
42 43
41 42
40 41
39 40
38 41
37 42
36 43
35 44
34 44
33 44
32 44
31 44
30 45
29 46
28 47
28 48
28 49
28 50
28 51
28 52
28 53
28 54
28 55
28 56
28 57
28 58
28 59
28 60
28 61
28 62
48 47
48 46
48 45
48 44
48 43
48 42
49 41
50 40
51 39
52 38
52 37
52 36
52 35
52 34
52 33
52 32
52 31
53 30
54 31
55 32
56 33
57 34
58 34
59 34
60 34
61 34
62 34
63 34
64 34
60 55
59 56
58 57
57 58
56 59
55 60
54 61
53 62
52 63
51 64
50 65
49 66
49 67
49 68
48 69
47 70
46 71
45 72
44 73
43 74
42 75
41 76
40 77
39 78
38 79
37 80
36 81
35 82
34 83
33 83
32 83
31 83
30 83
29 83
50 69
51 70
51 71
51 72
51 73
51 74
51 75
51 76
51 77
51 78
51 79
51 80
51 81
51 82
51 83
51 84
51 85
51 86
71 57
71 58
71 59
71 60
71 61
71 62
71 63
71 64
71 65
71 66
71 67
71 68
71 69
71 70
71 71
72 72
72 73
72 74
72 75
72 76
72 77
72 78
72 79
72 80
72 81
72 82
72 83
72 84
72 85
72 86
92 70
92 69
92 68
92 67
92 66
92 65
92 64
92 63
92 62
92 61
92 60
92 59
92 58
92 57
93 56
103 73
104 73
105 73
106 73
107 73
108 73
109 73
110 73
111 73
112 72
113 71
113 70
113 69
113 68
113 67
113 66
113 65
113 64
113 63
113 62
113 61
113 60
113 59
113 58
113 57
113 56
113 55
114 55
115 55
116 55
117 55
118 55
119 55
120 55
121 55
122 55
123 55
124 54
125 53
125 52
124 52
123 51
122 50
121 49
120 48
119 47
118 46
117 45
116 44
115 43
114 42
113 41
112 40
111 39
110 38
109 37
108 36
107 35
106 34
105 34
104 34
103 34
102 34
101 34
100 34
99 34
98 34
97 34
96 34
95 34
94 34
93 34
92 34
91 34
90 34
89 34
88 34
87 34
86 34
85 34
126 52
126 51
126 50
126 49
126 48
126 47
126 46
126 45
126 44
126 43
126 42
126 41
126 40
126 39
126 38
126 37
126 36
126 35
127 34
127 53
128 54
129 55
130 56
131 56
132 56
133 56
134 56
135 56
136 56
137 56
136 57
136 58
136 59
136 60
136 61
136 62
136 63
136 64
136 65
136 66
136 67
136 68
136 69
136 70
136 71
137 72
137 73
137 74
137 75
137 76
137 77
137 78
137 79
137 80
137 81
137 82
137 83
137 84
137 85
137 86
138 86
139 86
140 86
141 86
142 86
143 86
144 86
145 86
146 86
147 86
148 86
149 86
149 85
149 84
149 83
149 82
149 81
149 80
149 79
150 78
151 77
152 76
153 75
154 74
155 73
156 72
157 71
157 70
157 69
157 68
157 67
157 66
157 65
157 64
157 63
157 62
157 61
157 60
157 59
157 58
157 57
158 56
158 72
159 73
160 74
161 74
162 74
163 74
164 74
165 74
166 74
167 74
168 74
169 74
170 74
171 74
172 74
173 74
174 74
175 74
176 74
177 74
178 73
179 72
180 71
181 70
182 71
183 71
184 71
185 71
186 71
187 71
188 71
189 71
190 71
191 71
192 71
193 71
194 71
195 71
196 71
195 72
196 73
197 74
198 75
199 76
200 77
201 78
202 79
203 80
204 81
205 82
205 83
204 84
203 84
202 84
201 84
200 84
199 84
198 84
197 84
196 84
195 84
194 84
193 85
192 86
191 87
190 88
189 89
188 90
187 91
186 91
185 91
184 91
183 91
182 91
181 91
197 70
198 69
199 68
200 67
201 66
202 65
203 64
204 63
205 62
205 61
205 60
205 59
205 58
205 57
205 56
205 55
205 54
205 53
204 52
203 51
203 50
202 50
202 49
202 48
202 47
201 46
200 45
199 44
198 43
197 42
196 41
195 40
194 39
193 39
192 39
191 39
190 39
189 39
188 39
187 39
186 39
185 39
184 38
183 37
182 36
182 35
182 34
182 33
182 32
182 31
182 30
182 29
182 28
182 27
181 26
180 25
179 26
178 27
177 28
176 29
175 30
174 31
173 32
172 33
171 34
170 34
169 34
168 34
167 34
166 34
165 34
164 34
163 34
162 34
161 34
160 34
159 34
158 34
157 34
156 34
155 34
154 34
153 34
152 34
151 34
150 34
149 34
148 34
193 40
192 41
191 42
190 43
189 44
188 45
187 46
186 47
185 48
184 49
183 49
182 49
181 49
204 50
205 50
206 50
207 50
208 49
209 48
210 47
211 46
212 45
213 44
214 43
215 42
150 87
151 88
152 89
153 90
154 91
155 92
156 93
157 93
158 93
159 93
160 93
159 94
158 95
157 96
156 97
155 98
154 99
153 100
152 101
151 102
150 103
149 104
148 105
147 106
147 107
146 108
145 108
144 108
143 108
142 108
141 108
140 108
139 108
138 108
137 108
136 108
135 109
135 110
135 111
135 112
135 113
135 114
135 115
135 116
135 117
135 118
135 119
135 120
135 121
135 122
135 123
135 124
135 125
148 108
149 108
150 108
151 108
152 108
153 108
154 108
155 108
156 108
157 108
158 108
157 109
156 110
155 111
154 112
153 113
153 114
153 115
153 116
153 117
153 118
153 119
153 120
153 121
153 122
153 123
154 124
155 125
156 125
157 125
158 125
159 125
160 125
161 125
162 125
163 125
164 125
165 125
166 125
167 125
168 125
169 124
170 123
171 122
172 121
173 120
174 119
175 118
176 117
177 116
178 115
179 114
180 113
181 112
182 113
183 114
184 115
185 116
186 116
187 116
188 116
189 116
190 116
191 116
192 116
193 116
194 116
194 115
194 114
195 113
196 112
197 111
198 110
199 109
200 108
201 107
202 106
203 105
204 104
205 104
206 104
207 104
208 104
209 104
210 104
211 104
212 104
213 104
214 104
215 104
195 117
196 118
197 119
198 120
199 121
200 122
201 123
202 124
203 125
204 125
205 125
204 126
203 127
202 128
201 129
200 130
199 130
198 130
197 130
196 130
195 130
194 130
193 131
192 132
192 133
192 134
192 135
192 136
192 137
192 138
192 139
192 140
192 141
191 141
190 141
189 141
188 140
187 139
186 138
185 137
184 136
183 135
182 134
181 133
191 142
190 143
189 144
188 144
187 144
186 144
185 145
184 145
183 145
182 145
181 145
180 145
179 145
178 145
177 145
176 145
175 145
206 126
207 127
207 128
207 129
207 130
207 131
207 132
207 133
207 134
207 135
207 136
163 126
162 127
161 128
160 129
159 130
158 131
157 132
156 133
155 134
154 135
154 136
154 137
154 138
154 139
154 140
154 141
154 142
154 143
154 144
154 145
105 94
106 95
107 96
108 97
109 98
110 99
111 100
112 101
113 102
114 103
115 104
115 105
115 106
115 107
115 108
114 108
113 108
112 108
111 108
110 108
109 108
108 108
107 108
106 108
105 108
104 108
103 108
102 108
101 108
100 108
99 108
98 108
97 108
96 108
95 108
94 108
93 108
92 108
91 108
90 108
89 108
88 108
87 108
100 109
99 110
98 111
97 112
96 113
95 114
94 115
93 116
93 117
93 118
93 119
93 120
93 121
93 122
93 123
92 124
91 125
90 126
89 126
88 126
87 126
86 126
85 126
84 126
83 126
82 126
81 126
80 126
79 126
78 126
77 126
76 126
75 126
74 126
73 125
72 124
71 123
71 122
71 121
71 120
71 119
71 118
71 117
71 116
71 115
71 114
71 113
70 112
69 111
68 110
67 109
66 108
65 108
64 108
63 108
62 108
61 108
60 108
59 108
58 108
57 108
56 108
55 108
54 108
53 108
52 108
51 108
50 107
49 107
48 107
47 107
46 107
45 107
44 107
43 107
42 107
41 107
40 107
39 107
38 107
37 107
36 107
35 107
34 107
33 107
32 106
31 105
30 104
81 127
80 128
79 129
78 130
77 131
76 132
75 133
74 134
73 135
72 136
71 137
70 138
70 139
70 140
70 141
70 142
70 143
69 143
68 143
67 143
66 143
65 143
64 143
63 143
62 143
61 143
60 143
59 143
58 143
57 143
56 143
55 143
54 143
53 143
52 143
51 142
50 141
49 140
48 139
47 139
46 139
45 139
44 139
43 139
42 139
41 139
40 139
39 139
38 138
37 137
36 136
36 135
36 134
36 133
36 132
36 131
36 130
36 129
36 128
35 127
34 126
33 125
48 138
48 137
48 136
48 135
48 134
48 133
48 132
48 131
48 130
48 129
48 128
83 127
84 128
85 129
86 130
87 131
88 132
89 133
90 134
91 135
91 136
91 137
91 138
91 139
91 140
91 141
91 142
91 143
91 144
91 145
94 124
95 125
96 126
97 127
98 128
99 129
100 130
101 131
102 132
103 133
104 134
105 135
106 136
107 137
108 138
109 139
110 140
111 141
112 141
112 140
112 139
112 138
112 137
112 136
112 135
112 134
112 133
112 132
112 131
113 130
114 129
115 128
116 129
117 130
118 131
119 132
120 133
121 134
122 135
123 136
124 137
125 138
126 139
127 140
128 141
129 142
130 143
131 144
132 145
133 145
112 142
112 143
85
116 87
104 93
93 86
92 71
72 56
61 54
48 51
39 40
31 44
28 62
52 38
53 30
64 34
49 68
29 83
51 86
71 71
72 86
93 56
103 73
113 71
113 55
106 34
85 34
126 52
127 34
137 56
136 71
137 86
149 86
157 71
158 56
168 74
181 70
194 71
205 83
194 84
181 91
205 62
202 50
194 39
182 36
180 25
169 34
148 34
181 49
215 42
160 93
147 107
136 108
135 125
158 108
153 123
164 125
181 112
194 116
204 104
215 104
205 125
194 130
192 141
181 133
186 144
175 145
207 136
154 145
115 108
101 108
87 108
93 123
82 126
71 123
66 108
50 107
30 104
70 143
55 143
48 139
36 136
33 125
48 128
91 145
115 128
133 145
112 143
