1013
119 91
118 92
117 93
116 93
115 93
114 93
121 91
122 92
123 93
124 93
125 93
126 93
127 93
128 93
129 93
130 93
131 93
132 93
133 93
134 93
135 93
136 94
137 95
138 96
139 97
140 98
141 99
142 100
143 101
144 102
145 103
146 103
147 103
146 104
145 105
144 106
143 107
142 108
141 109
140 110
139 110
138 110
137 109
136 108
137 111
136 112
135 113
134 114
133 115
133 116
133 117
133 118
133 119
132 120
131 121
130 122
129 123
128 124
127 125
126 126
126 127
125 128
124 129
123 130
122 131
121 132
120 132
119 132
118 132
117 132
117 131
116 130
115 129
114 128
113 127
112 126
112 125
112 124
112 123
112 122
112 121
112 120
112 119
112 118
112 117
113 116
114 115
115 114
116 133
115 134
115 135
115 136
115 137
115 138
115 139
115 140
115 141
115 142
115 143
127 128
128 129
129 130
130 131
131 132
132 133
133 134
134 135
135 136
136 137
136 138
136 139
136 140
136 141
136 142
136 143
136 144
136 145
137 145
138 145
139 145
140 145
141 145
142 145
143 145
144 145
145 145
146 145
147 145
148 145
149 145
150 145
151 145
152 145
153 145
154 145
155 145
156 145
157 145
158 145
159 145
160 145
161 145
162 145
163 145
164 145
165 145
166 145
167 145
168 145
169 145
170 145
171 145
172 145
173 145
174 145
175 145
176 145
177 144
178 143
179 142
180 141
181 140
182 139
183 138
184 137
185 136
185 135
184 135
183 135
182 135
181 134
186 135
187 136
188 137
189 138
190 138
191 138
192 138
192 137
193 136
194 135
195 134
196 133
197 132
198 131
199 130
200 129
201 128
202 127
203 127
204 126
205 125
206 124
207 123
207 122
207 121
207 120
207 119
206 118
205 117
204 116
203 115
202 114
201 113
200 112
199 111
198 110
197 109
196 108
195 107
194 106
194 105
195 104
196 103
197 102
198 101
199 100
200 99
201 98
202 97
203 96
204 95
204 94
203 94
202 94
201 94
200 94
199 93
198 92
197 91
196 90
195 89
194 88
194 87
194 86
194 85
193 84
193 83
194 83
195 82
196 81
197 80
198 79
199 78
200 77
201 76
202 75
203 74
204 73
205 73
206 73
207 73
208 73
209 73
210 73
211 73
212 73
213 73
214 73
215 73
204 72
204 71
204 70
203 69
202 68
201 67
200 66
199 65
198 64
197 63
196 62
195 61
194 60
193 59
192 58
191 57
190 56
189 55
188 54
187 54
186 54
185 54
184 53
183 52
182 51
181 50
188 53
189 52
190 51
191 50
192 49
193 48
193 47
194 47
195 47
196 47
197 46
198 45
199 44
200 43
201 43
202 43
203 43
204 43
205 42
206 41
201 44
202 45
203 46
204 47
205 48
205 49
205 50
205 51
205 52
192 46
191 45
190 44
189 43
188 42
187 41
186 40
185 39
184 38
183 37
182 36
181 35
180 34
187 39
188 38
189 37
190 36
192 82
191 81
190 80
189 79
188 78
187 77
186 76
185 75
184 74
183 73
182 72
181 71
192 85
191 86
190 87
189 88
188 89
187 90
186 91
185 92
184 92
183 92
182 92
181 92
205 94
193 107
192 108
191 109
190 110
189 111
188 112
187 113
186 113
185 113
184 113
183 113
182 113
181 113
205 115
208 124
209 125
210 126
211 127
212 128
213 129
134 120
135 121
136 122
137 123
148 102
149 101
150 100
151 99
152 98
153 97
154 96
155 95
156 95
157 95
158 95
159 94
160 93
155 94
155 93
155 92
154 91
153 90
152 89
151 88
150 87
149 86
149 85
149 84
149 83
149 82
149 81
150 81
151 80
152 79
153 78
154 77
155 76
156 75
157 74
158 73
159 72
160 71
148 80
147 79
146 78
145 77
144 76
143 75
142 74
141 73
140 72
139 71
138 70
137 69
136 68
135 67
134 66
134 65
134 64
134 63
134 62
134 61
134 60
134 59
134 58
135 57
136 56
137 56
138 56
139 56
140 56
141 56
142 56
143 56
144 56
145 56
146 55
147 54
147 53
147 52
146 52
145 51
144 50
143 49
142 48
141 47
140 46
139 45
138 44
137 43
136 42
135 41
134 40
134 39
134 38
135 37
136 36
137 35
138 34
147 51
147 50
147 49
147 48
147 47
147 46
148 45
149 44
150 43
151 42
152 41
153 40
154 39
155 38
156 37
157 36
158 35
159 34
148 55
149 56
150 56
151 56
152 56
153 56
154 56
155 56
156 56
157 56
158 56
133 67
132 68
131 69
130 70
129 71
128 72
127 72
126 71
125 70
124 70
123 70
122 70
121 70
120 69
119 68
118 67
117 66
116 65
116 64
116 63
116 62
116 61
116 60
116 59
115 58
114 57
113 56
112 55
112 54
112 53
112 52
112 51
112 50
111 49
110 48
109 47
108 46
107 45
106 44
106 43
105 43
104 42
103 41
102 40
101 39
100 38
99 37
98 36
97 35
96 34
107 42
108 41
109 41
110 41
111 40
112 39
113 38
114 37
115 36
116 35
117 34
115 66
114 67
113 68
113 69
113 70
113 71
113 72
112 73
111 74
110 75
109 75
108 75
107 75
106 75
105 75
104 75
103 75
103 74
102 73
101 72
100 71
99 70
98 69
97 68
96 67
96 66
96 65
96 64
96 63
96 62
96 61
96 60
96 59
95 58
94 57
93 56
95 68
94 69
93 70
92 71
91 72
90 73
89 74
88 75
87 76
86 77
85 77
84 77
83 77
82 77
81 77
80 77
79 77
79 78
78 79
77 80
76 81
75 82
74 83
73 84
72 85
72 86
78 76
77 76
76 76
75 75
74 74
73 73
72 72
71 71
71 70
71 69
71 68
71 67
71 66
71 65
71 64
71 63
71 62
71 61
71 60
70 59
70 58
69 58
68 57
67 56
66 55
65 54
64 53
63 52
62 51
61 50
61 49
61 48
61 47
62 46
63 46
62 45
62 44
62 43
62 42
62 41
61 40
60 39
59 38
58 37
57 36
56 35
55 34
54 35
53 36
52 37
51 38
50 38
49 38
48 38
47 38
46 39
45 40
44 41
44 42
43 43
43 44
42 44
41 44
40 43
39 42
38 41
37 40
38 43
38 44
37 45
36 46
35 47
34 48
33 49
33 50
32 51
31 52
30 53
29 54
29 55
29 56
29 57
29 58
29 59
29 60
29 61
29 62
30 63
31 64
32 65
33 66
34 67
35 68
36 69
37 70
38 71
39 72
40 73
41 74
41 75
41 76
41 77
41 78
42 78
41 79
42 80
41 81
40 82
39 83
38 84
37 85
36 86
35 87
34 88
33 88
33 87
33 86
32 85
31 84
30 83
33 89
32 90
31 91
30 92
29 93
28 94
28 95
28 96
28 97
28 98
28 99
28 100
28 101
28 102
28 103
28 104
43 81
44 82
45 83
46 84
47 85
48 86
49 87
50 88
51 89
51 90
43 77
44 76
45 75
46 74
47 73
48 72
49 71
50 70
44 45
45 46
46 47
47 48
48 49
64 45
65 44
66 43
67 42
68 41
69 40
70 39
71 38
72 37
73 36
74 35
75 34
71 57
72 56
102 76
101 77
100 78
99 79
98 80
97 81
96 82
95 83
94 84
93 85
93 86
92 87
91 88
90 89
89 90
88 91
87 92
86 93
85 94
84 95
83 96
82 97
82 98
82 99
82 100
82 101
82 102
82 103
81 104
80 105
79 106
78 107
77 108
76 108
75 108
74 108
73 108
72 108
71 108
70 109
70 110
70 111
70 112
70 113
70 114
70 115
70 116
69 117
68 118
67 119
66 120
65 121
64 122
63 123
62 123
61 123
60 122
60 121
60 120
59 119
58 118
57 117
56 116
55 115
54 114
53 113
52 112
51 111
50 110
49 109
48 108
59 123
58 124
57 125
56 126
55 127
54 128
53 128
52 128
51 128
50 128
49 128
48 128
47 129
46 130
45 131
44 132
44 133
44 134
43 135
42 136
41 136
40 136
39 136
38 136
37 136
37 135
37 134
37 133
36 132
35 131
34 130
33 129
32 128
31 127
30 126
29 125
45 135
46 136
47 137
48 138
48 139
49 140
50 141
51 142
52 143
53 143
54 143
55 143
56 143
71 117
72 118
73 119
74 119
75 119
76 119
75 120
76 121
76 122
76 123
77 124
78 125
79 126
80 127
81 128
82 129
83 130
84 131
85 132
86 133
87 134
87 135
87 136
87 137
87 138
87 139
86 140
85 141
84 142
83 143
82 144
81 145
80 145
79 145
78 145
77 145
76 145
75 145
74 145
73 145
88 140
89 141
90 142
91 143
92 144
93 145
94 145
88 133
89 132
90 131
91 130
92 129
93 128
94 127
77 118
83 104
84 105
85 106
86 107
87 108
88 108
89 108
90 108
91 108
92 108
93 108
148 104
149 105
150 106
151 107
152 108
153 108
154 108
155 108
156 108
157 108
158 108
158 109
158 110
158 111
158 112
158 113
158 114
158 115
158 116
158 117
158 118
158 119
158 120
158 121
158 122
158 123
82
114 93
135 93
147 103
136 108
126 127
112 126
115 114
115 143
136 145
157 145
176 145
181 134
192 138
202 127
194 106
194 88
204 73
215 73
194 60
181 50
194 47
206 41
205 52
180 34
190 36
181 71
181 92
205 94
181 113
205 115
213 129
137 123
160 93
149 86
160 71
139 71
136 56
147 54
138 34
159 34
158 56
128 72
112 55
96 34
117 34
113 72
103 75
93 56
92 71
72 86
71 71
61 50
55 34
47 38
37 40
33 50
29 62
41 79
30 83
28 104
51 90
50 70
48 49
75 34
72 56
93 86
82 103
71 108
62 123
48 108
48 128
37 136
29 125
48 139
56 143
76 123
73 145
94 145
94 127
93 108
158 108
158 123
