3243
119 90
118 90
117 90
116 90
115 90
114 90
113 90
112 90
111 90
110 90
109 90
108 90
107 90
106 90
105 90
104 90
103 90
102 90
101 90
100 90
99 90
98 90
97 90
96 90
95 90
94 90
93 90
92 90
91 90
90 90
89 90
88 90
87 90
86 90
85 90
84 90
83 90
82 90
81 90
80 90
79 90
78 90
77 90
76 90
75 90
74 90
73 90
72 90
71 90
70 90
69 90
68 90
67 90
66 90
65 90
64 90
63 90
62 90
61 90
60 90
59 90
58 90
57 90
56 90
55 90
54 90
53 90
52 90
51 90
50 90
49 90
48 90
47 90
46 90
45 90
44 89
43 88
42 87
41 86
40 85
39 84
38 83
37 82
36 81
35 80
34 79
33 78
32 77
55 89
54 88
53 87
52 86
51 85
50 84
49 83
48 82
47 81
46 80
45 79
44 78
43 77
42 76
41 75
40 74
39 73
38 72
37 71
36 70
35 69
34 68
33 67
32 66
31 65
70 89
70 88
70 87
70 86
70 85
70 84
70 83
70 82
70 81
70 80
70 79
70 78
70 77
71 77
70 76
70 75
69 75
68 74
67 73
66 72
65 71
64 70
63 69
62 68
61 67
60 66
60 65
59 65
58 65
57 65
56 65
55 65
54 65
53 65
52 65
51 65
50 65
49 65
48 65
47 65
46 65
45 64
44 63
43 62
42 61
41 60
40 59
39 58
38 57
37 56
36 55
35 54
34 53
33 52
51 64
58 64
57 63
56 62
55 61
54 60
53 59
52 58
51 57
50 56
49 55
48 54
47 53
46 52
45 51
44 50
43 49
42 48
41 47
40 46
39 45
38 44
37 43
36 42
35 41
61 65
62 65
63 65
64 65
65 65
66 65
67 65
68 65
69 65
70 65
71 65
72 65
73 65
73 64
73 63
73 62
73 61
73 60
73 59
73 58
73 57
72 57
71 56
70 55
69 54
68 53
67 52
66 51
65 50
64 49
63 48
62 47
61 46
60 45
59 44
58 43
57 42
56 41
55 40
54 39
53 38
52 37
51 36
50 35
49 34
73 56
73 55
73 54
72 54
71 53
70 52
69 51
68 50
67 49
66 48
65 47
64 46
63 45
62 44
61 43
60 42
59 41
58 40
57 39
56 38
55 37
54 36
53 35
52 34
51 33
71 51
72 51
73 51
73 50
73 49
73 48
73 47
73 46
73 45
73 44
72 43
71 42
70 41
69 40
68 39
67 38
66 37
65 36
64 35
63 34
73 52
72 52
73 53
71 50
70 49
69 48
68 47
67 46
66 45
65 44
64 43
63 42
62 41
61 40
60 39
59 38
58 37
57 36
56 35
55 34
54 33
53 32
52 31
72 66
71 67
70 66
70 68
70 69
69 69
68 70
67 70
67 71
68 71
69 72
70 72
70 71
70 70
70 73
70 74
71 74
72 75
73 76
74 77
75 78
76 79
77 80
78 81
79 82
80 83
81 84
82 84
82 83
82 82
82 81
82 80
82 79
83 79
84 79
84 78
84 77
85 77
86 77
87 77
88 77
89 77
90 77
91 77
92 77
93 77
86 78
87 79
88 80
89 81
90 82
91 83
92 84
93 85
93 86
94 86
93 87
93 88
92 88
91 87
90 86
89 85
88 84
87 83
86 82
85 81
84 81
84 80
84 82
84 83
84 84
84 85
84 86
83 86
82 86
82 85
82 87
81 87
80 86
79 85
78 84
77 83
76 82
75 81
74 80
73 79
72 78
82 88
82 89
83 89
84 89
84 88
85 88
84 87
86 89
93 89
95 87
96 88
97 89
84 76
83 75
82 75
82 74
81 73
80 72
79 71
78 70
77 69
76 68
75 67
74 66
82 76
82 77
81 77
80 76
79 75
78 74
77 73
76 72
75 71
74 70
73 69
72 68
82 78
66 69
65 68
64 67
63 66
68 64
67 63
66 62
65 61
64 60
63 59
62 58
61 57
60 56
59 55
58 54
57 53
56 52
55 51
54 50
53 49
52 48
51 47
50 46
49 45
48 44
61 64
65 73
64 74
63 75
62 76
61 77
60 77
59 77
58 77
57 77
56 77
55 77
54 77
53 77
52 77
51 77
50 77
49 77
70 91
70 92
70 93
69 93
68 93
67 93
66 93
65 93
64 93
63 93
62 93
61 93
60 93
59 93
58 93
57 93
56 93
55 93
54 93
53 93
52 93
51 93
50 93
49 93
48 93
47 93
46 93
45 93
44 93
43 93
42 93
41 93
40 93
39 93
38 93
37 93
36 93
35 93
34 93
33 93
32 93
31 93
30 93
71 93
72 93
73 93
74 93
75 93
76 93
77 93
78 93
79 93
80 93
81 93
82 93
83 93
84 93
85 93
86 93
87 93
88 93
89 93
90 93
91 93
92 93
93 93
94 93
95 93
96 93
97 93
98 93
99 93
100 93
101 93
102 93
103 93
104 93
105 93
106 93
107 93
108 93
109 93
110 93
111 93
112 93
113 93
114 93
115 93
116 93
117 93
116 94
115 95
114 96
113 97
112 98
112 99
111 99
110 100
109 101
108 101
107 101
106 101
105 101
104 101
103 101
102 101
101 101
100 101
99 101
98 101
97 101
96 101
95 101
94 101
93 101
92 101
91 101
90 101
89 101
88 101
87 101
86 101
85 101
84 101
83 101
82 101
81 101
80 101
79 101
78 101
77 101
76 101
75 101
74 101
73 101
72 101
71 101
70 101
69 101
68 101
67 101
66 101
82 100
82 99
82 98
82 97
82 96
82 95
82 94
93 100
94 100
93 99
93 98
92 98
91 97
90 96
89 95
88 94
93 97
93 96
93 95
93 94
93 102
93 103
93 104
93 105
93 106
93 107
93 108
93 109
92 109
91 109
90 109
89 109
88 109
87 109
86 109
85 109
84 109
83 109
82 109
81 109
80 109
79 109
78 109
77 109
76 109
75 109
74 109
73 109
72 109
71 109
70 109
69 109
68 109
67 109
66 109
65 109
64 109
63 109
62 109
61 109
60 109
59 109
58 109
57 109
56 109
55 109
54 109
53 109
52 109
51 109
50 109
49 109
48 109
47 109
46 109
45 109
44 109
43 109
42 109
41 109
40 109
39 109
38 109
37 109
36 109
35 109
34 109
33 109
93 110
93 111
93 112
93 113
93 114
92 114
91 114
90 114
89 114
88 114
87 114
86 114
85 114
84 114
83 114
82 114
81 114
80 114
79 114
78 114
77 114
76 114
75 114
74 114
73 114
72 114
71 114
82 115
83 115
84 115
85 115
86 115
87 115
88 115
89 115
90 115
91 115
92 115
93 115
94 115
95 115
95 114
94 114
96 114
97 113
98 112
99 112
99 111
100 110
100 109
99 109
98 109
97 109
96 109
95 109
94 109
101 109
102 108
101 107
100 106
99 105
98 104
97 103
96 102
103 107
104 106
105 105
106 104
107 103
106 102
108 102
108 104
109 105
110 106
111 107
112 107
112 106
113 106
114 106
114 105
113 105
112 105
112 104
112 103
111 103
110 102
112 102
112 101
112 100
115 105
116 105
117 105
118 105
119 105
120 105
121 105
122 105
123 105
124 105
125 105
126 105
127 105
128 105
114 107
115 107
115 108
114 108
114 109
113 109
112 109
112 108
112 110
112 111
112 112
112 113
112 114
112 115
112 116
112 117
111 117
110 116
109 115
108 114
107 113
106 112
105 111
104 110
103 109
112 118
112 119
113 119
114 119
114 118
114 117
114 116
114 115
114 114
114 113
114 112
114 111
115 111
114 110
116 112
116 113
116 114
116 115
116 116
116 117
116 118
116 119
116 120
116 121
115 121
114 121
114 120
114 122
114 123
114 124
114 125
114 126
114 127
114 128
114 129
114 130
114 131
114 132
116 122
117 122
117 123
118 123
118 124
119 124
119 125
120 125
120 126
121 126
121 127
122 127
122 128
123 128
123 129
124 129
124 130
125 130
125 131
126 131
126 132
127 132
127 133
128 133
128 134
129 134
129 135
130 135
131 135
131 134
131 133
131 132
131 131
131 130
131 129
131 128
131 127
131 126
131 125
132 125
133 125
133 126
134 126
134 127
135 127
136 127
137 127
138 127
139 127
140 127
141 127
142 127
143 127
144 127
145 127
146 127
147 127
136 128
135 128
136 129
137 129
137 130
138 130
138 131
139 131
139 132
140 132
140 133
141 133
141 134
142 134
142 135
143 135
143 136
144 136
144 137
145 137
145 138
146 138
146 139
147 139
147 140
148 140
148 141
149 141
149 142
150 142
149 143
148 143
147 143
146 143
145 143
144 143
143 143
142 143
141 143
140 143
139 143
138 143
137 143
137 142
136 142
136 141
135 141
135 140
134 140
134 139
133 139
133 138
132 138
131 138
131 137
132 137
131 136
130 136
131 139
131 140
131 141
131 142
131 143
131 144
151 143
152 143
153 143
154 143
155 143
156 143
157 143
158 143
159 143
160 143
161 143
162 143
163 143
164 143
165 143
166 143
167 143
168 143
169 143
170 143
171 143
172 143
173 143
172 142
171 141
170 140
169 139
169 138
168 138
168 137
167 137
167 136
166 136
166 135
165 135
164 134
163 133
162 132
162 131
161 131
160 130
159 129
158 128
157 127
156 126
155 125
155 124
154 124
154 123
153 123
152 122
151 121
150 120
150 119
149 119
148 118
147 117
147 116
146 116
145 115
144 114
143 113
142 112
141 111
141 110
140 110
139 109
138 108
138 107
137 107
136 106
135 105
134 104
134 103
133 103
133 102
132 102
131 101
130 100
130 99
129 99
128 98
128 97
127 97
126 96
125 95
124 94
123 93
122 92
121 91
121 90
120 89
120 88
120 87
119 87
118 86
117 85
116 84
115 83
114 82
113 81
112 80
111 79
110 78
109 77
108 76
107 75
106 74
105 73
104 72
103 71
102 70
101 69
100 68
99 67
98 66
97 65
96 64
95 63
94 62
93 61
92 60
91 59
90 58
89 57
88 56
87 55
86 54
85 53
84 52
83 51
82 50
120 86
121 86
122 86
122 85
123 85
123 84
124 84
124 83
125 83
125 82
126 82
126 81
127 81
127 80
128 80
128 79
129 79
129 78
130 78
130 77
131 77
131 76
132 76
132 75
133 75
133 74
134 74
134 73
135 73
135 72
136 72
136 71
137 71
138 70
139 69
140 68
141 67
142 66
143 65
144 64
145 63
146 62
147 61
148 60
149 59
150 58
121 87
120 85
120 84
120 83
120 82
119 82
118 81
117 80
116 79
115 78
114 77
113 76
112 75
111 74
110 73
109 72
108 71
107 70
106 69
105 68
104 67
103 66
102 65
101 64
100 63
99 62
98 61
97 60
96 59
95 58
94 57
93 56
120 81
120 80
120 79
121 79
120 78
120 77
120 76
119 76
118 75
117 74
116 73
115 72
114 71
113 70
112 69
120 75
120 74
120 73
120 72
120 71
121 71
120 70
120 69
119 69
118 68
117 67
116 66
115 65
114 64
113 63
112 62
111 61
110 60
109 59
108 58
107 57
106 56
105 55
104 54
103 53
102 52
101 51
100 50
99 49
98 48
97 47
96 46
95 45
94 44
93 43
92 42
91 41
90 40
89 39
88 38
87 37
86 36
85 35
84 34
120 68
120 67
120 66
120 65
120 64
120 63
120 62
120 61
121 61
120 60
120 59
120 58
120 57
119 57
118 56
117 55
116 54
115 53
114 52
113 51
120 56
120 55
120 54
120 53
119 53
118 52
117 51
116 50
115 49
114 48
113 47
112 46
111 45
110 44
109 43
108 42
107 41
106 40
105 39
104 38
103 37
102 36
101 35
100 34
120 52
120 51
120 50
120 49
120 48
121 48
120 47
120 46
120 45
120 44
120 43
120 42
120 41
120 40
120 39
119 38
118 37
117 36
116 35
115 34
122 47
123 46
124 45
125 44
126 43
127 42
128 41
129 40
130 39
131 38
132 37
133 36
134 35
135 34
122 60
123 59
124 58
125 57
126 56
127 55
128 54
129 53
121 69
122 68
123 67
124 66
125 65
126 64
127 63
128 62
129 61
130 60
131 59
132 58
133 57
134 56
135 55
136 54
137 53
138 52
139 51
140 50
141 49
142 48
143 47
144 46
145 45
146 44
147 43
148 42
149 41
150 40
151 39
152 38
153 37
154 36
155 35
156 34
146 46
145 47
144 48
143 49
142 50
141 51
140 52
139 53
138 54
137 55
136 56
135 57
134 58
133 59
132 60
131 61
130 62
129 63
128 64
127 65
126 66
125 67
124 68
123 69
122 70
122 78
123 77
124 76
125 75
126 74
127 73
128 72
129 71
130 70
131 69
132 68
133 67
134 66
135 65
136 64
137 63
138 62
139 61
140 60
141 59
142 58
143 57
144 56
145 55
146 54
147 53
148 52
149 51
150 50
151 49
152 48
153 47
154 46
155 45
156 44
157 43
158 42
159 41
160 40
161 39
162 38
163 37
164 36
165 35
166 34
167 33
168 32
169 31
170 30
171 29
172 28
173 27
174 26
175 25
119 91
118 92
122 90
123 90
124 90
125 90
126 90
127 90
128 90
129 90
130 90
131 90
132 90
133 90
134 90
135 90
136 90
137 90
138 90
139 90
140 90
141 90
142 90
143 90
144 90
145 90
146 90
147 90
148 90
149 90
150 90
151 90
152 90
153 90
154 90
155 90
156 90
157 90
158 90
159 90
160 90
161 90
162 90
163 90
164 90
165 90
166 90
167 90
168 90
169 90
170 90
171 90
172 90
173 90
174 90
175 90
176 90
177 90
178 90
179 90
180 90
181 90
182 90
183 90
184 90
185 90
186 90
187 90
188 90
189 90
190 90
191 90
192 90
193 90
194 90
195 90
196 90
197 90
198 90
199 90
200 90
201 90
202 90
203 90
204 90
205 90
203 89
204 88
205 87
206 86
207 85
208 84
209 83
210 82
211 81
212 80
213 79
214 78
215 77
191 89
192 88
193 87
194 86
195 85
196 84
197 83
198 82
199 81
200 80
201 79
202 78
203 77
204 76
184 89
185 88
186 87
187 86
188 85
189 84
190 83
191 82
192 81
193 80
194 79
195 78
196 77
197 76
198 75
199 74
200 73
201 72
202 71
203 70
204 69
205 68
206 67
207 66
208 65
174 89
173 89
172 88
171 87
170 88
169 89
171 89
172 86
173 85
174 84
175 83
176 82
177 81
178 80
179 79
180 78
181 77
182 76
183 75
184 74
185 73
186 72
187 71
188 70
189 69
190 68
191 67
192 66
193 65
194 64
195 63
196 62
197 61
198 60
199 59
200 58
201 57
202 56
203 55
204 54
195 65
194 66
193 67
192 68
191 69
190 70
189 71
188 72
187 73
186 74
185 75
184 76
183 77
182 78
181 79
180 80
179 81
178 82
177 83
176 84
175 85
174 86
173 87
174 88
175 88
175 87
176 87
176 86
177 86
177 85
178 85
178 84
179 84
179 83
180 83
180 82
181 82
181 81
182 81
183 80
184 79
185 78
186 77
187 76
188 75
189 74
190 73
191 72
192 71
193 70
194 69
195 68
196 67
197 66
198 65
199 64
200 63
201 62
202 61
203 60
204 59
205 58
206 57
207 56
208 55
209 54
210 53
211 52
212 51
213 50
214 49
215 48
161 89
160 88
159 89
161 87
162 86
163 85
164 84
165 83
166 82
167 81
168 80
169 79
170 78
171 77
172 76
173 75
174 74
175 73
176 72
177 71
178 70
179 69
180 68
181 67
182 66
183 65
184 64
185 63
186 62
187 61
188 60
189 59
190 58
191 57
192 56
193 55
194 54
195 53
196 52
197 51
198 50
199 49
200 48
201 47
202 46
203 45
204 44
205 43
206 42
207 41
181 69
180 70
179 71
178 72
177 73
176 74
175 75
174 76
173 77
172 78
171 79
170 80
169 81
168 82
167 83
166 84
165 85
164 86
163 87
162 88
151 89
150 88
149 87
148 88
147 89
149 89
150 86
151 85
152 84
153 83
154 82
155 81
156 80
157 79
158 78
159 77
160 76
161 75
162 74
163 73
164 72
165 71
166 70
167 69
168 68
169 67
170 66
171 65
172 64
173 63
174 62
175 61
176 60
177 59
178 58
179 57
180 56
181 55
182 54
183 53
184 52
185 51
186 50
187 49
188 48
189 47
190 46
191 45
192 44
193 43
194 42
195 41
181 57
180 58
179 59
178 60
177 61
176 62
175 63
174 64
173 65
172 66
171 67
170 68
169 69
168 70
167 71
166 72
165 73
164 74
163 75
162 76
161 77
160 78
159 79
158 80
157 81
156 82
155 83
154 84
153 85
152 86
151 87
152 88
153 87
154 86
142 89
141 89
142 88
143 88
143 87
144 87
144 86
145 86
145 85
146 85
146 84
147 84
147 83
148 83
148 82
149 82
149 81
150 81
150 80
151 80
151 79
152 79
152 78
153 78
153 77
154 77
154 76
155 76
155 75
156 75
156 74
157 74
157 73
158 73
158 72
159 71
160 70
161 69
162 68
163 67
164 66
165 65
166 64
167 63
168 62
169 61
170 60
171 59
172 58
173 57
174 56
175 55
176 54
177 53
178 52
179 51
180 50
181 49
182 48
183 47
184 46
185 45
186 44
187 43
188 42
189 41
190 40
191 39
192 38
193 37
137 89
138 88
139 87
140 86
141 85
142 84
143 83
144 82
145 81
146 80
147 79
148 78
149 77
150 76
151 75
152 74
153 73
154 72
155 71
156 70
157 69
158 68
159 67
160 66
161 65
162 64
163 63
164 62
165 61
166 60
167 59
168 58
169 57
170 56
171 55
172 54
173 53
174 52
175 51
176 50
177 49
178 48
179 47
180 46
181 45
182 44
183 43
184 42
185 41
186 40
187 39
188 38
189 37
190 36
134 89
133 89
132 89
131 88
130 89
132 87
133 86
134 87
135 87
136 87
136 86
135 86
136 85
137 85
138 85
138 84
137 84
138 83
139 83
140 83
140 82
139 82
140 81
141 81
142 81
142 80
141 80
142 79
143 79
144 79
144 78
143 78
144 77
145 77
146 77
146 76
145 76
146 75
147 75
148 75
147 74
148 73
149 72
150 71
151 70
152 69
153 68
154 67
155 66
156 65
157 64
158 63
159 62
160 61
161 60
162 59
163 58
164 57
165 56
166 55
167 54
168 53
169 52
170 51
171 50
172 49
173 48
174 47
175 46
176 45
177 44
178 43
179 42
180 41
181 40
182 39
183 38
184 37
185 36
186 35
187 34
188 33
189 34
188 35
187 36
186 37
185 38
184 39
183 40
182 41
181 42
180 43
179 44
178 45
177 46
176 47
175 48
174 49
173 50
172 51
171 52
170 53
169 54
168 55
167 56
166 57
165 58
164 59
163 60
162 61
161 62
160 63
159 64
158 65
157 66
156 67
155 68
154 69
153 70
152 71
151 72
150 73
149 74
147 76
145 78
143 80
141 82
139 84
137 86
135 88
134 88
133 88
127 89
128 88
129 87
130 86
131 85
132 84
133 83
134 82
135 81
136 80
137 79
138 78
139 77
140 76
141 75
142 74
143 73
144 72
145 71
146 70
147 69
148 68
149 67
150 66
151 65
152 64
153 63
154 62
155 61
156 60
157 59
158 58
159 57
160 56
161 55
162 54
163 53
124 89
125 88
126 87
127 86
128 85
129 84
130 83
131 82
132 81
133 80
134 79
135 78
136 77
137 76
138 75
139 74
140 73
141 72
142 71
143 70
144 69
145 68
146 67
147 66
148 65
149 64
150 63
151 62
152 61
153 60
154 59
155 58
156 57
157 56
158 55
159 54
160 53
161 52
162 51
163 50
164 49
165 48
166 47
167 46
168 45
169 44
170 43
171 42
172 41
173 40
174 39
175 38
176 37
177 36
129 97
130 97
131 97
132 97
133 97
134 97
135 97
136 97
137 97
138 97
139 97
140 97
141 97
142 97
143 97
144 97
145 97
146 97
147 97
148 97
149 97
150 97
151 97
152 97
153 97
154 97
155 97
156 97
157 97
158 97
159 97
160 97
161 97
162 97
163 97
164 97
165 97
166 97
167 97
168 97
169 97
170 97
171 97
172 97
173 97
174 97
175 97
176 97
177 97
178 97
179 97
180 97
181 97
182 97
183 97
184 97
185 97
186 97
187 97
188 97
189 97
131 99
132 99
133 99
134 99
135 99
136 99
137 99
138 99
139 99
140 99
141 99
142 99
143 99
144 99
145 99
146 99
134 102
135 102
136 102
137 102
138 102
139 102
140 102
141 102
142 102
143 102
144 102
145 102
146 102
147 102
148 102
149 102
150 102
151 102
152 102
153 102
154 102
155 102
156 102
157 102
158 102
159 102
160 102
161 102
162 102
163 102
163 103
162 103
161 103
160 103
159 103
158 103
157 103
156 103
155 103
154 103
153 103
152 103
151 103
150 103
149 103
148 103
147 103
146 103
145 103
144 103
143 103
142 103
141 103
140 103
139 103
138 103
137 103
136 103
135 103
164 103
165 103
166 103
167 103
168 103
169 103
170 103
171 103
172 103
173 103
174 103
175 103
176 103
177 103
178 103
179 103
180 103
181 103
182 103
183 103
184 103
185 103
186 103
187 103
188 103
189 103
190 103
191 103
192 103
193 103
194 103
195 103
196 103
197 103
198 103
199 103
200 103
201 103
202 103
203 103
204 103
139 107
140 107
141 107
142 107
143 107
144 107
145 107
146 107
147 107
148 107
149 107
150 107
151 107
152 107
153 107
154 107
155 107
156 107
157 107
158 107
159 107
160 107
161 107
162 107
163 107
164 107
165 107
166 107
167 107
168 107
169 107
170 107
171 107
172 107
173 107
174 107
175 107
176 107
177 107
178 107
179 107
180 107
181 107
182 107
183 107
184 107
185 107
186 107
187 107
188 107
189 107
190 107
191 107
192 107
193 107
194 107
195 107
196 107
197 107
198 107
199 107
200 107
201 107
202 107
203 107
204 107
205 107
206 107
207 107
208 107
209 107
210 107
211 107
212 107
213 107
214 107
215 107
142 110
143 110
144 110
145 110
146 110
147 110
148 110
149 110
148 116
149 116
150 116
151 116
152 116
153 116
154 116
155 116
156 116
157 116
158 116
159 116
160 116
161 116
162 116
163 116
164 116
165 116
166 116
167 116
168 116
169 116
170 116
171 116
172 116
173 116
174 116
175 116
176 116
177 116
178 116
179 116
180 116
181 116
151 119
152 119
153 119
154 119
155 119
156 119
157 119
158 119
159 119
160 119
161 119
162 119
163 119
164 119
165 119
166 119
167 119
168 119
169 119
170 119
171 119
172 119
173 119
174 119
175 119
176 119
177 119
178 119
179 119
180 119
181 119
182 119
183 119
184 119
185 119
186 119
187 119
188 119
189 119
190 119
191 119
192 119
193 119
194 119
155 123
156 123
157 123
158 123
158 124
157 124
156 124
159 124
160 124
161 124
162 124
163 124
164 124
165 124
166 124
167 124
168 124
169 124
170 124
171 124
172 124
173 124
174 124
175 124
176 124
177 124
178 124
179 124
180 124
181 124
182 124
183 124
184 124
185 124
186 124
187 124
188 124
189 124
190 124
191 124
192 124
193 124
194 124
195 124
196 124
197 124
198 124
199 124
200 124
201 124
202 124
203 124
204 124
205 124
163 131
164 131
165 131
166 131
167 131
168 131
169 131
170 131
171 131
167 135
168 135
169 135
170 135
171 135
172 135
173 135
174 135
175 135
176 135
177 135
178 135
179 135
180 135
181 135
182 135
183 135
184 135
185 135
186 135
187 135
188 135
189 135
190 135
191 135
192 135
193 135
194 135
195 135
196 135
197 135
198 135
199 135
200 135
201 135
202 135
203 135
204 135
205 135
206 135
207 135
208 135
205 136
204 136
203 136
202 136
201 136
200 136
199 136
198 136
197 136
196 136
195 136
194 136
193 136
192 136
191 136
190 136
189 136
188 136
187 136
186 136
185 136
184 136
183 136
182 136
181 136
180 136
179 136
178 136
177 136
176 136
175 136
174 136
173 136
172 136
171 136
170 136
169 136
168 136
169 137
170 137
171 137
172 137
173 137
174 137
175 137
176 137
177 137
178 137
179 137
180 137
181 137
182 137
183 137
184 137
185 137
186 137
187 137
188 137
189 137
190 137
191 137
192 137
193 137
194 137
195 137
196 137
197 137
198 137
199 137
200 137
198 138
197 138
196 138
195 138
194 138
193 138
192 138
191 138
190 138
189 138
188 138
187 138
186 138
185 138
184 138
183 138
182 138
181 138
180 138
179 138
178 138
177 138
176 138
175 138
174 138
173 138
172 138
171 138
170 138
174 144
175 145
176 145
177 145
178 145
179 145
180 145
181 145
182 145
183 145
184 145
185 145
186 145
176 146
177 147
178 147
179 147
180 147
181 147
182 147
183 147
184 147
178 148
179 149
180 150
181 150
182 150
183 150
161 144
160 144
159 144
158 144
157 144
156 144
155 144
154 144
153 144
152 144
132 124
131 124
131 123
130 123
130 122
129 122
129 121
128 121
128 120
127 120
127 119
126 119
126 118
125 118
125 117
124 117
124 116
123 116
123 115
122 115
122 114
121 114
121 113
120 113
120 112
119 112
119 111
118 111
118 110
117 110
117 109
116 109
116 108
132 123
133 123
134 123
135 123
136 123
112 120
112 121
112 122
112 123
112 124
112 125
112 126
112 127
112 128
112 129
112 130
112 131
112 132
112 133
112 134
112 135
112 136
112 137
112 138
112 139
112 140
112 141
112 142
112 143
99 113
99 114
99 115
99 116
99 117
99 118
99 119
99 120
99 121
99 122
99 123
99 124
99 125
99 126
99 127
99 128
99 129
99 130
99 131
99 132
99 133
99 134
99 135
99 136
99 137
99 138
99 139
99 140
99 141
99 142
99 143
99 144
94 116
93 117
93 118
92 118
91 119
90 120
89 121
88 122
87 123
86 124
86 125
85 125
84 126
83 127
82 128
81 128
80 128
79 128
78 128
77 128
76 128
75 128
74 128
73 128
72 128
71 128
70 128
69 128
68 128
67 128
66 128
65 128
64 128
63 128
62 128
61 128
60 128
59 128
58 128
57 128
56 128
55 128
54 128
53 128
52 128
51 128
50 128
49 128
48 128
47 128
46 128
45 128
44 128
43 128
42 128
41 128
40 128
39 128
38 128
37 128
36 128
35 128
34 128
33 128
32 128
31 128
30 128
61 129
62 129
63 129
64 129
65 129
66 129
67 129
68 129
69 129
70 129
71 129
72 129
73 129
74 129
75 129
76 129
77 129
78 129
79 129
80 129
81 129
80 130
79 131
78 132
77 133
76 134
75 135
74 136
73 136
72 136
71 136
70 136
69 136
68 136
67 136
66 136
65 136
64 136
63 136
62 136
61 136
60 136
59 136
58 136
57 136
56 136
55 136
54 136
53 136
52 136
51 136
50 136
49 136
48 136
47 136
46 136
45 136
44 136
43 136
42 136
41 136
40 136
39 136
38 136
37 136
36 136
35 136
36 137
37 137
38 137
39 137
40 137
41 137
42 137
43 137
44 137
45 137
46 137
47 137
48 137
49 137
50 137
51 137
52 137
53 137
54 137
55 137
56 137
57 137
58 137
59 137
60 137
61 137
62 137
63 137
64 137
65 137
66 137
67 137
68 137
69 137
70 137
71 137
72 137
73 137
72 138
71 139
70 139
69 139
68 139
67 139
66 139
65 139
64 139
63 139
62 139
61 139
60 139
59 139
58 139
57 139
56 139
55 139
54 139
53 139
52 139
51 139
50 139
49 139
48 139
47 139
46 139
45 139
44 139
43 139
44 140
45 140
46 140
47 140
48 140
49 140
50 140
51 140
52 140
53 140
54 140
55 140
56 140
57 140
58 140
59 140
60 140
61 140
62 140
63 140
64 140
65 140
66 140
67 140
68 140
69 140
70 140
69 141
68 141
67 141
66 141
65 141
64 141
63 141
62 141
61 141
60 141
59 141
58 141
57 141
56 141
55 141
54 141
53 141
52 141
51 141
68 142
67 143
66 143
65 143
66 144
65 145
64 146
63 146
62 146
61 146
60 146
59 146
58 146
57 146
56 146
55 146
54 146
53 146
52 146
53 147
54 147
55 147
56 147
57 147
58 147
59 147
60 147
61 147
62 147
63 147
62 148
61 149
60 149
59 149
58 149
57 149
56 149
55 149
54 149
86 126
86 127
86 128
86 129
86 130
86 131
86 132
86 133
86 134
86 135
86 136
86 137
86 138
86 139
86 140
86 141
86 142
86 143
93 119
93 120
93 121
93 122
93 123
93 124
93 125
93 126
93 127
93 128
93 129
93 130
93 131
93 132
98 100
98 99
98 98
98 97
98 96
97 95
96 94
98 94
99 95
100 96
101 97
102 98
103 99
104 100
108 100
107 99
106 98
105 97
104 96
103 95
102 94
100 92
99 91
96 92
95 92
95 91
93 92
93 91
89 92
88 91
86 92
85 91
84 91
84 92
82 92
82 91
116
112 90
51 90
32 77
31 65
71 77
33 52
51 64
35 41
73 65
49 34
51 33
71 51
63 34
52 31
93 77
82 78
48 44
61 64
49 77
70 93
30 93
84 93
95 93
82 101
66 101
51 109
33 109
93 114
71 114
82 115
112 105
128 105
116 121
114 132
147 127
149 143
131 144
172 143
82 50
136 71
150 58
93 56
112 69
84 34
113 51
100 34
115 34
135 34
129 53
156 34
146 46
175 25
167 90
194 90
205 90
215 77
204 76
208 65
204 54
195 65
181 81
215 48
207 41
181 69
195 41
181 57
154 86
158 73
193 37
190 36
133 86
147 75
188 33
189 34
163 53
177 36
175 97
189 97
146 99
163 102
204 103
215 107
149 110
181 116
194 119
158 123
205 124
171 131
187 135
208 135
205 136
200 137
198 138
186 145
184 147
183 150
161 144
136 123
112 143
99 144
48 128
30 128
61 129
72 129
35 136
36 137
43 139
44 140
51 141
65 143
52 146
53 147
54 149
86 143
93 132
98 100
