2963
119 90
118 90
117 90
116 90
115 90
114 90
113 90
112 90
111 90
110 90
109 90
108 90
107 90
106 90
105 90
104 90
103 90
102 90
101 90
100 90
99 90
98 90
97 90
96 90
95 90
94 90
93 90
92 90
91 90
90 90
89 90
88 90
87 90
86 90
85 90
84 90
83 90
82 90
81 90
80 90
79 90
78 90
77 90
76 90
75 90
74 90
73 90
72 90
71 90
70 90
69 90
68 90
67 90
66 90
65 90
64 90
63 90
62 90
61 90
60 90
59 90
58 90
57 90
56 90
55 90
54 90
53 90
52 90
51 90
50 90
49 90
48 90
47 90
46 90
45 90
44 90
43 90
42 90
41 89
40 88
39 87
38 86
37 85
36 84
35 83
34 82
33 81
32 80
31 79
59 89
58 88
57 87
56 86
55 85
54 84
53 83
52 82
51 81
50 80
49 79
72 89
72 88
72 87
72 86
72 85
72 84
72 83
72 82
72 81
72 80
72 79
72 78
72 77
72 76
72 75
72 74
72 73
72 72
73 72
72 71
71 70
70 69
70 68
69 68
68 68
67 68
66 68
65 68
64 68
63 68
62 68
61 68
60 68
59 68
58 68
57 68
56 68
55 68
54 68
53 68
52 68
51 68
50 68
49 68
67 67
68 67
67 66
66 65
66 64
65 64
64 64
63 64
62 64
61 64
60 64
59 64
58 64
57 64
56 64
55 64
54 64
53 64
52 64
51 64
50 64
49 64
48 64
47 64
46 64
45 64
44 64
43 64
42 64
41 64
40 64
39 64
38 64
37 64
36 64
35 63
34 62
33 61
32 60
31 59
30 58
64 63
63 62
62 61
61 60
60 59
59 58
58 57
57 56
56 55
56 54
55 54
54 53
53 52
52 51
51 50
50 49
49 48
48 47
47 47
46 47
45 47
44 47
43 47
42 47
41 47
40 47
39 47
38 47
37 47
36 47
35 47
34 47
33 46
32 45
31 44
42 46
41 45
40 44
39 43
38 42
37 41
36 40
48 46
48 45
48 44
48 43
48 42
48 41
48 40
48 39
48 38
48 37
47 37
46 36
48 36
48 35
49 35
49 34
50 33
57 54
58 54
59 54
60 54
61 54
62 54
63 54
64 54
65 54
66 54
67 54
67 64
68 64
69 64
70 64
71 64
72 64
73 64
74 64
75 64
76 64
77 64
78 64
79 64
80 64
81 64
82 64
83 64
83 63
83 62
83 61
83 60
82 59
81 58
80 57
79 56
78 55
77 54
76 53
75 52
74 51
73 50
72 49
71 48
70 47
69 46
68 45
67 44
66 43
65 42
64 41
63 40
62 39
61 38
60 37
59 36
58 35
57 34
56 33
55 32
82 65
82 66
81 66
80 67
79 68
78 68
77 68
76 68
75 68
74 68
73 68
72 68
71 68
82 67
82 68
82 69
82 70
82 71
82 72
82 73
82 74
82 75
82 76
82 77
82 78
81 78
80 78
79 78
78 77
77 76
76 75
75 74
74 73
80 79
81 80
82 80
82 79
83 78
82 81
82 82
83 82
82 83
82 84
82 85
82 86
82 87
82 88
82 89
84 83
85 84
86 85
87 86
88 87
89 88
90 89
91 89
92 89
93 89
94 89
95 89
96 89
97 89
98 89
99 89
100 89
101 89
102 89
103 89
91 88
91 87
91 86
91 85
91 84
91 83
91 82
91 81
91 80
91 79
91 78
91 77
91 76
91 75
91 74
91 73
92 73
91 72
90 71
89 70
88 69
87 68
86 67
85 66
84 65
93 74
94 74
95 74
96 74
97 74
98 74
94 75
95 76
96 77
97 78
98 79
99 80
100 81
101 82
102 83
103 84
104 85
105 86
106 87
107 88
108 89
109 89
110 89
111 89
112 89
113 89
114 89
67 69
67 70
67 71
67 72
67 73
67 74
82 91
82 92
82 93
82 94
82 95
82 96
82 97
81 97
80 97
79 97
78 97
77 97
76 97
75 97
74 97
73 97
72 97
71 97
70 97
69 97
68 97
67 97
66 97
65 97
64 97
63 97
62 97
61 97
60 97
59 97
58 97
57 97
56 97
55 97
54 97
53 97
52 97
51 97
50 97
49 97
48 97
47 97
46 97
45 97
44 97
43 97
42 97
41 97
40 97
39 97
38 97
37 97
36 97
35 97
34 97
33 97
32 97
31 97
30 97
82 98
82 99
82 100
82 101
83 97
84 97
85 97
86 97
87 97
88 97
89 97
90 97
91 97
92 97
93 97
94 97
95 97
96 97
97 97
98 97
99 97
100 97
101 97
102 97
103 97
104 97
105 97
106 97
107 97
108 97
109 97
110 97
111 97
112 97
113 97
114 97
114 96
115 96
115 95
114 95
113 94
112 93
111 92
110 91
116 94
117 93
118 92
119 91
121 90
120 89
120 88
121 88
120 87
120 86
119 86
118 85
117 84
116 83
115 82
114 81
113 80
112 79
111 78
110 77
109 76
108 75
107 74
106 73
105 72
104 71
103 70
102 69
101 68
100 67
99 66
98 65
97 64
96 63
95 62
94 61
93 60
92 59
91 58
90 57
89 56
88 55
87 54
86 53
85 52
84 51
83 50
82 49
83 48
82 47
81 46
80 45
79 44
78 43
77 42
76 41
75 40
74 39
73 38
72 37
71 36
70 35
69 34
84 49
85 50
86 51
87 52
88 53
89 54
90 55
91 56
92 57
93 58
94 59
95 60
96 61
97 62
98 63
99 64
100 65
101 66
102 67
103 68
104 69
105 70
106 71
107 72
108 73
109 74
110 75
111 76
112 77
113 78
114 79
115 80
116 81
117 82
118 83
119 84
120 84
120 83
120 82
120 81
120 80
120 79
120 78
121 78
120 77
120 76
120 75
120 74
119 74
119 73
118 73
118 72
117 72
117 71
116 71
116 70
115 70
115 69
114 69
114 68
113 68
113 67
112 67
112 66
111 66
111 65
110 65
110 64
109 64
109 63
108 63
108 62
107 62
107 61
106 61
106 60
105 60
105 59
104 59
104 58
103 58
103 57
102 57
102 56
101 56
101 55
100 55
100 54
99 54
99 53
98 53
98 52
97 52
97 51
96 50
95 49
94 48
93 47
92 46
91 45
90 44
89 43
88 42
87 41
86 40
85 39
84 38
83 37
82 36
81 35
80 34
120 73
120 72
120 71
121 71
120 70
120 69
120 68
121 68
120 67
120 66
120 65
120 64
120 63
120 62
119 62
118 61
117 60
116 59
115 58
114 57
113 56
112 55
111 54
110 53
109 52
108 51
107 50
106 49
105 48
104 47
103 46
102 45
101 44
100 43
99 42
98 41
97 40
96 39
95 38
94 37
93 36
92 35
91 34
120 61
120 60
120 59
120 58
120 57
120 56
119 56
118 55
117 54
116 53
115 52
114 51
120 55
120 54
120 53
120 52
120 51
119 51
118 50
117 49
116 48
115 47
114 46
113 45
112 44
111 43
110 42
109 41
108 40
107 39
106 38
105 37
104 36
103 35
102 34
120 50
121 50
120 49
120 48
120 47
120 46
120 45
120 44
120 43
120 42
120 41
120 40
120 39
119 39
118 38
117 37
116 36
115 35
114 34
121 38
122 37
123 36
124 35
125 34
122 49
123 48
124 47
125 46
126 45
127 44
128 43
129 42
130 41
131 40
132 39
133 38
134 37
135 36
136 35
137 34
122 67
123 66
124 65
125 64
126 63
127 62
128 61
129 60
130 59
131 58
132 57
133 56
134 55
135 54
122 70
123 69
124 68
125 67
126 66
127 65
128 64
129 63
130 62
131 61
132 60
133 59
134 58
135 57
136 56
137 55
138 54
139 53
140 52
141 51
142 50
143 49
144 48
145 47
146 46
147 45
148 44
149 43
150 42
151 41
152 40
153 39
154 38
155 37
156 36
157 35
158 34
122 77
123 76
124 75
125 74
126 73
127 72
128 71
129 70
130 69
131 68
132 67
133 66
134 65
135 64
136 63
137 62
138 61
139 60
140 59
141 58
142 57
143 56
144 55
145 54
146 53
147 52
120 85
121 85
122 84
123 83
124 82
125 81
126 80
127 79
128 78
129 77
130 76
131 75
132 74
133 73
122 87
123 86
124 85
125 84
126 83
127 82
128 81
129 80
130 79
131 78
132 77
133 76
134 75
135 74
136 73
137 72
138 71
139 70
140 69
141 68
142 67
143 66
144 65
145 64
146 63
147 62
148 61
149 60
150 59
151 58
152 57
153 56
154 55
155 54
156 53
157 52
158 51
159 50
160 49
161 48
162 47
163 46
164 45
165 44
166 43
167 42
168 41
169 40
170 39
171 38
172 37
173 36
174 35
175 34
176 33
177 32
121 91
122 90
123 90
124 90
125 90
126 90
127 90
128 90
129 90
130 90
131 90
132 90
133 90
134 90
135 90
136 90
137 90
138 90
139 90
140 90
141 90
142 90
143 90
144 90
145 90
146 90
147 90
148 90
149 90
150 90
151 90
152 90
153 90
154 90
155 90
156 90
157 90
158 90
159 90
160 90
161 90
162 90
163 90
164 90
165 90
166 90
167 90
168 90
169 90
170 90
171 90
172 90
173 90
174 90
175 90
176 90
177 90
178 90
179 90
180 90
181 90
182 90
183 90
184 90
185 90
186 90
187 90
188 90
189 90
190 90
191 90
192 90
193 90
194 90
195 90
196 90
197 90
198 90
199 90
200 89
201 88
202 87
203 86
204 85
205 84
193 89
194 88
195 87
196 86
197 85
198 84
199 83
200 82
201 81
202 80
203 79
204 78
205 77
206 76
207 75
208 74
209 73
210 72
211 71
212 70
213 69
214 68
215 67
188 89
189 88
190 87
191 86
192 85
193 84
194 83
182 89
181 89
183 88
184 87
185 86
186 85
187 84
188 83
189 82
190 81
191 80
192 79
193 78
194 77
195 76
196 75
197 74
198 73
199 72
200 71
201 70
202 69
203 68
204 67
174 89
175 88
176 87
177 86
178 85
179 84
180 83
181 82
182 81
183 80
184 79
185 78
186 77
187 76
188 75
189 74
190 73
191 72
192 71
193 70
194 69
195 68
196 67
197 66
198 65
199 64
200 63
201 62
202 61
203 60
204 59
205 58
206 57
207 56
208 55
209 54
210 53
211 52
212 51
213 50
214 49
169 89
170 88
171 87
172 86
173 85
174 84
175 83
176 82
177 81
178 80
179 79
180 78
181 77
161 89
160 89
162 88
163 87
164 86
165 85
166 84
167 83
168 82
169 81
170 80
171 79
172 78
173 77
174 76
175 75
176 74
177 73
178 72
179 71
180 70
181 69
182 68
183 67
184 66
185 65
186 64
187 63
188 62
189 61
190 60
191 59
192 58
193 57
194 56
195 55
196 54
197 53
198 52
199 51
200 50
201 49
202 48
155 89
156 88
157 87
158 86
159 85
160 84
161 83
162 82
163 81
164 80
165 79
166 78
167 77
168 76
169 75
170 74
171 73
172 72
173 71
174 70
175 69
176 68
177 67
178 66
179 65
180 64
181 63
148 89
147 88
146 89
148 87
149 86
150 85
151 84
152 83
153 82
154 81
155 80
156 79
157 78
158 77
159 76
160 75
161 74
162 73
163 72
164 71
165 70
166 69
167 68
168 67
169 66
170 65
171 64
172 63
173 62
174 61
175 60
176 59
177 58
178 57
179 56
180 55
181 54
182 53
183 52
184 51
185 50
186 49
187 48
188 47
189 46
190 45
191 44
192 43
193 42
194 41
195 40
196 39
165 72
164 73
163 74
162 75
161 76
160 77
159 78
158 79
157 80
156 81
155 82
154 83
153 84
152 85
151 86
150 87
149 88
142 89
141 89
140 88
139 89
141 87
142 86
143 85
144 84
145 83
146 82
147 81
148 80
149 79
150 78
151 77
152 76
153 75
154 74
155 73
156 72
157 71
158 70
159 69
160 68
161 67
162 66
163 65
164 64
165 63
166 62
167 61
168 60
169 59
170 58
171 57
172 56
173 55
174 54
175 53
176 52
177 51
178 50
179 49
180 48
181 47
182 46
183 45
184 44
185 43
186 42
187 41
188 40
189 39
190 38
191 37
149 81
150 81
149 82
148 82
148 83
147 83
147 84
146 84
146 85
145 85
145 86
144 86
144 87
143 87
143 88
142 88
151 80
152 79
153 78
154 77
155 76
156 75
157 74
158 73
159 72
160 71
161 70
162 69
163 68
164 67
165 66
166 65
167 64
168 63
169 62
170 61
171 60
172 59
173 58
174 57
175 56
176 55
177 54
178 53
179 52
180 51
181 50
136 89
135 89
134 89
133 88
132 88
132 89
131 89
133 87
134 87
134 86
135 86
135 85
136 85
136 84
137 84
137 83
138 83
138 82
139 82
139 81
140 81
140 80
141 80
141 79
142 79
142 78
143 78
143 77
144 77
144 76
145 76
145 75
146 75
146 74
147 74
147 73
148 73
148 72
149 72
149 71
150 71
150 70
151 70
152 69
153 68
154 67
155 66
156 65
157 64
158 63
159 62
160 61
161 60
162 59
163 58
164 57
165 56
166 55
167 54
168 53
169 52
170 51
171 50
172 49
173 48
174 47
175 46
176 45
177 44
178 43
179 42
180 41
181 40
182 39
183 38
184 37
185 36
186 35
187 34
188 33
189 34
188 35
187 36
186 37
185 38
184 39
183 40
182 41
181 42
180 43
179 44
178 45
177 46
176 47
175 48
174 49
173 50
172 51
171 52
170 53
169 54
168 55
167 56
166 57
165 58
164 59
163 60
162 61
161 62
160 63
159 64
158 65
157 66
156 67
155 68
154 69
153 70
152 71
151 72
150 73
149 74
148 75
147 76
146 77
145 78
144 79
143 80
142 81
141 82
140 83
139 84
138 85
137 86
136 87
135 88
137 88
138 87
139 86
140 85
141 84
142 83
143 82
144 81
145 80
146 79
147 78
148 77
149 76
150 75
151 74
152 73
153 72
154 71
155 70
156 69
157 68
158 67
159 66
160 65
161 64
162 63
163 62
164 61
165 60
166 59
167 58
168 57
169 56
170 55
171 54
172 53
173 52
174 51
175 50
176 49
177 48
178 47
179 46
180 45
181 44
182 43
183 42
184 41
185 40
186 39
187 38
188 37
189 36
190 35
123 89
124 88
125 87
126 86
127 85
128 84
129 83
130 82
131 81
132 80
133 79
134 78
135 77
136 76
137 75
138 74
139 73
140 72
141 71
142 70
143 69
144 68
145 67
146 66
147 65
148 64
149 63
150 62
151 61
152 60
153 59
154 58
155 57
156 56
157 55
158 54
159 53
160 52
161 51
162 50
163 49
164 48
165 47
166 46
167 45
168 44
169 43
122 92
123 93
124 94
125 95
126 96
127 97
128 98
129 98
130 98
131 98
132 98
133 98
134 98
135 98
136 98
137 98
138 98
139 98
140 98
141 98
142 98
143 98
144 98
145 98
146 98
147 98
148 98
149 98
150 98
151 98
152 98
153 98
154 98
155 98
156 98
157 98
158 98
159 98
160 98
161 98
162 98
163 98
164 98
165 98
166 98
167 98
168 98
169 98
170 98
171 98
172 98
173 98
174 98
175 98
176 98
177 98
178 98
179 98
180 98
181 98
182 98
183 98
184 98
185 98
186 98
187 98
188 98
189 98
190 98
191 98
192 98
193 98
194 98
195 98
196 98
197 98
198 98
199 98
200 98
201 98
202 98
203 98
204 98
205 98
206 98
207 98
208 98
209 98
210 98
211 98
212 98
213 98
214 98
215 98
129 99
130 100
131 100
132 100
133 100
134 100
135 100
136 100
137 100
138 100
139 100
140 100
141 100
142 100
143 100
144 100
145 100
146 100
147 100
148 100
149 100
150 100
151 100
152 100
153 100
154 100
155 100
156 100
157 100
158 100
159 100
160 100
161 100
162 100
163 100
164 100
165 100
166 100
167 100
168 100
169 100
170 100
171 100
172 100
173 100
174 100
175 100
176 100
177 100
178 100
179 100
180 100
181 100
182 100
183 100
184 100
185 100
186 100
187 100
188 100
189 100
190 100
191 100
192 100
193 100
194 100
195 100
196 100
197 100
198 100
199 100
200 100
201 100
202 100
203 100
204 100
131 101
132 102
133 103
134 104
135 104
136 104
137 104
138 104
139 104
140 104
141 104
142 104
143 104
144 104
145 104
146 104
147 104
148 104
149 104
150 104
151 104
152 104
153 104
154 104
155 104
156 104
157 104
158 104
135 105
136 106
137 107
138 108
139 109
140 110
141 111
142 112
143 112
144 112
145 112
146 112
147 112
148 112
149 112
150 112
151 112
152 112
153 112
154 112
155 112
156 112
157 112
158 112
159 112
160 112
161 112
162 112
163 112
164 112
165 112
166 112
167 112
168 112
169 112
170 112
171 112
172 112
173 112
174 112
175 112
176 112
177 112
178 112
179 112
180 112
181 112
182 112
183 112
184 112
185 112
186 112
187 112
188 112
189 112
190 112
191 112
192 112
193 112
194 112
195 112
196 112
197 112
198 112
199 112
200 112
201 112
202 112
203 112
204 112
205 112
143 113
144 114
145 115
146 115
147 115
148 115
149 115
150 115
151 115
152 115
153 115
154 115
155 115
156 115
157 115
158 115
159 115
160 115
161 115
162 115
163 115
164 115
165 115
166 115
167 115
168 115
169 115
170 115
171 115
172 115
173 115
174 115
175 115
176 115
177 115
178 115
179 115
180 115
181 115
146 116
147 117
148 118
149 118
150 118
151 118
152 118
153 118
154 118
155 118
156 118
157 118
158 118
159 118
160 118
161 118
162 118
163 118
164 118
165 118
166 118
167 118
168 118
169 118
170 118
171 118
172 118
173 118
174 118
175 118
176 118
177 118
178 118
179 118
180 118
181 118
182 118
183 118
184 118
185 118
186 118
187 118
188 118
189 118
190 118
191 118
192 118
193 118
194 118
149 119
150 120
151 121
152 122
153 123
154 123
155 123
156 123
157 123
158 123
154 124
155 125
156 125
157 125
158 125
159 125
160 125
161 125
162 125
163 125
164 125
165 125
166 125
167 125
168 125
169 125
170 125
171 125
172 125
173 125
174 125
175 125
176 125
177 125
178 125
179 125
180 125
181 125
182 125
183 125
184 125
185 125
186 125
187 125
188 125
189 125
190 125
191 125
192 125
193 125
194 125
195 125
196 125
197 125
198 125
199 125
200 125
201 125
202 125
203 125
204 125
205 125
156 126
157 127
158 128
159 129
160 130
161 131
162 131
163 131
164 131
165 131
166 131
167 131
168 131
169 131
170 131
171 131
172 131
173 131
174 131
175 131
176 131
177 131
178 131
179 131
180 131
181 131
162 132
163 133
164 134
165 135
166 136
167 136
168 136
169 136
170 136
171 136
172 136
173 136
174 136
175 136
176 136
177 136
178 136
179 136
180 136
181 136
182 136
183 136
184 136
185 136
186 136
187 136
188 136
189 136
190 136
191 136
192 136
193 136
194 136
195 136
196 136
197 136
198 136
199 136
200 136
201 136
202 136
203 136
204 136
205 136
206 136
167 137
168 138
169 139
170 140
171 141
172 141
173 141
174 141
175 141
176 141
177 141
178 141
179 141
180 141
181 141
182 141
183 141
184 141
185 141
186 141
187 141
188 141
189 141
190 141
191 141
192 141
190 142
189 142
188 142
187 142
186 142
185 142
184 142
183 142
182 142
181 142
180 142
179 142
178 142
177 142
176 142
175 142
174 142
173 142
172 142
173 143
174 143
175 143
176 143
177 143
178 143
179 143
180 143
181 143
182 143
183 143
184 143
185 143
186 143
187 143
188 143
187 144
186 144
185 144
184 144
183 144
182 144
181 144
180 144
179 144
178 144
177 144
176 144
175 144
174 144
175 145
176 146
177 146
178 146
179 146
180 146
181 146
182 146
116 97
117 98
118 99
119 100
120 101
121 102
122 103
123 104
124 105
125 106
126 106
126 107
127 108
128 109
129 110
130 111
131 112
132 113
133 114
134 115
135 116
136 117
137 118
138 119
139 120
140 121
141 122
142 123
143 124
144 125
145 126
146 126
147 126
146 127
147 128
148 129
149 130
150 131
151 132
152 133
153 134
154 135
155 136
156 137
157 138
158 139
159 140
160 141
161 142
162 143
163 144
164 145
165 146
166 146
167 146
168 146
114 98
114 99
114 100
114 101
113 101
112 101
111 101
110 101
109 101
108 101
107 101
106 101
105 101
104 101
103 101
102 101
102 102
103 102
102 103
102 104
101 104
100 104
99 104
98 104
97 104
96 104
95 104
94 104
93 104
92 104
91 104
90 104
89 104
88 104
87 104
86 104
85 104
84 104
83 104
82 104
81 104
80 104
79 104
78 104
77 104
76 104
75 104
74 104
73 104
72 104
71 104
91 103
91 102
91 101
91 100
91 99
91 98
91 105
91 106
91 107
91 108
91 109
91 110
90 110
89 110
88 110
87 110
86 110
85 110
84 110
83 110
82 110
81 110
80 110
79 110
78 110
77 110
76 110
75 110
74 110
73 110
72 110
71 110
70 110
69 110
68 110
67 110
66 110
65 110
64 110
63 110
62 110
61 110
60 110
59 110
58 110
57 110
56 110
55 110
54 110
53 110
52 110
51 110
50 110
49 110
91 111
91 112
91 113
91 114
91 115
90 115
89 115
88 115
87 115
86 115
85 115
84 115
83 115
82 115
81 115
80 115
79 115
78 115
77 115
76 115
75 115
74 115
73 115
72 115
71 115
70 115
69 115
68 115
67 115
66 115
65 115
64 115
63 115
62 115
61 115
60 115
59 115
58 115
57 115
56 115
55 115
54 115
53 115
52 115
51 115
50 115
49 115
48 115
47 115
46 115
45 115
44 115
43 115
42 115
41 115
40 115
39 115
38 115
37 115
36 115
35 115
34 115
33 115
32 115
31 115
92 115
93 115
94 115
95 115
94 116
93 117
93 118
92 118
91 119
90 120
89 121
88 122
87 123
86 123
85 123
84 123
83 123
82 123
81 123
80 123
79 123
78 123
77 123
76 123
75 123
74 123
73 123
72 123
71 123
86 124
85 125
84 126
84 127
83 127
82 128
82 129
81 129
80 130
79 130
78 130
77 130
76 130
75 130
74 130
73 130
72 130
71 130
70 130
69 130
68 130
67 130
66 130
65 130
64 130
63 130
62 130
61 130
60 130
59 130
58 130
57 130
56 130
55 130
54 130
53 130
52 130
51 130
50 130
49 130
48 130
48 131
47 131
46 131
45 131
44 131
43 131
42 131
41 131
40 131
39 131
38 131
37 131
36 131
35 131
34 131
33 131
32 131
31 131
30 131
49 131
50 131
51 131
52 131
53 131
54 131
55 131
56 131
57 131
58 131
59 131
60 131
61 131
62 131
63 131
64 131
65 131
66 131
67 131
68 131
69 131
70 131
71 131
72 131
73 131
74 131
75 131
76 131
77 131
78 131
79 131
78 132
77 133
76 134
75 135
74 136
73 136
72 136
71 136
70 136
69 136
68 136
67 136
66 136
65 136
64 136
63 136
62 136
61 136
60 136
59 136
58 136
57 136
56 136
55 136
54 136
53 136
52 136
51 136
50 136
49 136
48 136
47 136
46 136
45 136
44 136
43 136
42 136
41 136
40 136
39 136
38 136
37 136
36 136
35 136
37 137
38 137
39 137
40 137
41 137
42 137
43 137
44 137
45 137
46 137
47 137
48 137
49 137
50 137
51 137
52 137
53 137
54 137
55 137
56 137
57 137
58 137
59 137
60 137
61 137
62 137
63 137
64 137
65 137
66 137
67 137
68 137
69 137
70 137
71 137
72 137
73 137
72 138
71 139
70 140
69 141
68 141
67 141
66 141
65 141
64 141
63 141
62 141
61 141
60 141
59 141
58 141
57 141
56 141
55 141
54 141
53 141
52 141
51 141
50 141
49 141
48 141
47 141
48 142
49 142
50 142
51 142
52 142
53 142
54 142
55 142
56 142
57 142
58 142
59 142
60 142
61 142
62 142
63 142
64 142
65 142
66 142
67 142
68 142
67 143
66 143
65 143
64 143
63 143
62 143
61 143
60 143
59 143
58 143
57 143
56 143
55 143
54 143
53 143
52 143
51 143
66 144
65 145
64 145
64 146
63 146
62 146
61 146
60 146
59 146
58 146
57 146
56 146
55 146
54 146
53 146
52 146
53 147
54 147
55 147
56 147
57 147
58 147
59 147
60 147
61 147
62 147
63 147
84 128
84 129
84 130
84 131
84 132
84 133
84 134
84 135
84 136
84 137
84 138
84 139
84 140
84 141
84 142
84 143
84 144
93 119
93 120
93 121
93 122
93 123
93 124
93 125
93 126
93 127
93 128
93 129
96 114
97 113
98 112
99 112
99 111
99 110
98 110
97 110
96 110
95 110
94 110
93 110
92 110
100 110
101 109
102 109
102 108
102 107
103 107
102 106
102 105
103 104
104 104
105 104
106 104
106 105
105 105
104 106
107 106
108 107
109 108
110 109
111 110
112 111
113 112
114 112
114 111
114 110
114 109
114 108
114 107
114 106
114 105
114 104
114 103
114 102
114 113
114 114
115 114
114 115
114 116
114 117
114 118
114 119
114 120
114 121
114 122
114 123
114 124
114 125
114 126
114 127
114 128
114 129
114 130
114 131
114 132
114 133
114 134
114 135
114 136
114 137
114 138
114 139
114 140
114 141
114 142
114 143
116 115
117 116
118 117
119 118
120 119
121 120
122 121
123 122
124 123
125 124
126 125
127 126
128 126
129 126
130 126
131 126
132 126
133 126
134 126
135 126
136 126
128 127
129 128
130 129
131 130
132 131
132 132
133 132
132 133
132 134
132 135
132 136
132 137
132 138
132 139
132 140
132 141
132 142
132 143
132 144
134 133
135 134
136 135
137 136
138 137
139 138
140 139
141 140
142 141
143 142
144 143
145 144
146 144
147 144
148 144
149 144
150 144
107 103
108 102
104 103
102 110
102 111
102 112
102 113
102 114
102 115
99 113
99 114
99 115
99 116
99 117
99 118
99 119
99 120
99 121
99 122
99 123
99 124
99 125
99 126
99 127
99 128
99 129
99 130
99 131
99 132
99 133
99 134
99 135
99 136
99 137
99 138
99 139
99 140
99 141
99 142
99 143
99 144
101 100
100 99
99 98
110 100
111 99
112 98
97 96
96 95
95 94
94 93
93 93
93 92
92 91
91 91
91 92
91 93
91 94
91 95
91 96
93 94
93 95
93 96
93 98
93 99
93 100
93 101
113
92 90
51 90
31 79
49 79
72 89
49 68
30 58
48 47
31 44
36 40
46 36
49 35
50 33
67 54
83 64
55 32
83 78
103 89
98 74
114 89
67 74
30 97
82 101
82 49
69 34
98 63
114 68
97 52
80 34
91 34
114 51
102 34
114 34
125 34
137 34
135 54
158 34
147 52
133 73
177 32
205 84
215 67
194 83
181 89
204 67
214 49
181 77
160 89
202 48
181 63
148 89
196 39
165 72
191 37
149 81
181 50
135 89
150 70
188 33
189 34
190 35
159 53
169 43
215 98
181 100
204 100
158 104
138 108
205 112
181 115
194 118
158 123
205 125
181 131
165 135
194 136
206 136
192 141
190 142
188 143
187 144
182 146
126 106
147 126
168 146
114 101
71 104
49 110
91 115
31 115
71 123
82 129
48 130
30 131
35 136
37 137
47 141
48 142
51 143
64 145
52 146
53 147
84 144
93 129
114 114
114 128
114 143
136 126
132 144
150 144
102 115
99 144
93 101
