1101
119 90
121 90
119 91
118 92
117 93
116 94
116 95
116 96
116 97
116 98
116 99
116 100
116 101
116 102
115 103
114 104
114 105
114 106
114 107
114 108
114 109
114 110
114 111
114 112
114 113
114 114
114 115
114 116
114 117
114 118
114 119
114 120
114 121
114 122
121 91
122 90
123 90
124 90
125 90
126 90
127 90
128 90
129 90
130 90
131 90
132 90
133 89
134 88
135 87
136 86
136 85
136 84
136 83
136 82
136 81
136 80
136 79
136 78
136 77
136 76
136 75
136 74
136 73
136 72
136 71
136 70
136 69
136 68
136 67
136 66
136 65
136 64
136 63
136 62
136 61
136 60
136 59
136 58
136 57
136 56
136 55
136 54
135 54
134 54
133 54
132 54
131 54
130 54
129 53
128 52
127 51
126 50
126 49
126 48
126 47
126 46
126 45
125 45
124 44
123 43
122 42
121 41
120 40
119 39
118 38
117 37
116 36
115 35
114 34
126 44
126 43
127 42
128 41
129 40
130 39
131 38
132 37
133 36
134 35
135 34
125 51
124 52
123 53
122 54
121 55
120 55
119 55
118 55
117 55
116 55
115 55
114 55
137 54
137 53
138 52
139 51
140 50
141 49
142 48
143 47
144 46
145 45
146 44
147 43
148 42
149 41
150 40
151 39
152 38
153 37
154 36
155 35
156 34
137 87
138 87
139 87
140 87
141 87
142 87
143 87
144 87
145 87
146 87
147 87
148 87
149 87
150 87
151 87
152 87
153 87
154 87
155 87
156 87
157 87
158 87
159 87
160 86
160 85
160 84
160 83
160 82
160 81
160 80
161 79
162 78
163 77
164 76
165 75
166 74
167 73
167 72
166 72
165 72
164 72
163 72
162 72
161 72
160 72
159 72
158 72
157 71
157 70
157 69
157 68
157 67
157 66
157 65
157 64
157 63
157 62
157 61
157 60
157 59
157 58
157 57
158 56
168 72
169 72
170 72
171 72
172 72
173 72
174 72
175 72
176 72
177 71
178 70
179 69
180 68
181 67
182 67
183 67
184 67
185 67
186 67
187 67
188 67
189 67
190 67
191 67
192 66
193 65
194 64
195 64
196 64
197 64
198 64
199 64
200 64
201 64
202 64
203 64
204 63
205 62
205 61
205 60
205 59
205 58
205 57
205 56
205 55
205 54
205 53
204 52
203 51
203 50
202 50
202 49
201 48
200 47
199 46
198 45
197 44
196 43
195 42
194 41
193 40
192 39
191 38
190 37
189 36
188 35
187 35
186 35
185 35
184 35
183 35
182 35
181 35
180 35
179 35
178 35
177 34
191 40
190 41
189 42
188 43
187 44
186 45
185 46
184 46
183 46
182 46
181 46
204 50
205 50
206 50
207 50
208 50
209 49
210 48
211 47
212 46
213 45
169 73
170 74
171 75
172 76
173 77
174 78
175 79
176 80
177 81
178 82
179 83
180 84
181 85
181 86
181 87
181 88
182 88
183 88
184 88
185 88
186 88
187 88
188 88
189 88
190 87
191 86
192 85
193 84
194 83
195 83
196 83
197 83
198 83
199 83
200 83
201 83
202 83
203 83
204 83
205 83
122 92
123 93
124 94
125 95
126 96
127 97
128 98
129 99
130 100
131 101
132 102
133 103
134 104
135 105
136 106
136 107
136 108
136 109
136 110
136 111
136 112
136 113
136 114
136 115
136 116
136 117
136 118
136 119
136 120
136 121
136 122
136 123
137 124
138 125
139 126
140 127
141 128
142 129
143 129
144 129
145 129
146 129
147 129
148 129
149 129
150 129
151 129
152 129
153 128
154 127
155 126
156 125
157 124
158 123
158 122
158 121
158 120
158 119
158 118
158 117
158 116
158 115
158 114
158 113
157 112
156 111
155 110
154 109
154 108
153 108
155 108
156 108
157 108
158 108
159 108
160 108
161 108
162 108
163 108
164 108
165 108
166 107
167 108
168 109
169 109
170 109
171 109
172 109
173 109
174 109
175 109
176 109
177 109
178 109
179 109
180 109
181 109
182 110
183 111
184 112
185 113
186 114
187 115
188 116
189 117
190 117
191 117
192 117
193 117
194 117
194 116
194 115
194 114
195 113
196 112
197 111
198 110
199 109
200 108
201 107
202 106
203 105
204 104
205 104
206 104
207 104
208 104
209 104
210 104
211 104
212 104
213 104
214 104
215 104
195 118
196 119
197 120
198 121
199 122
200 123
201 124
202 125
203 125
204 125
205 125
204 126
203 127
202 128
201 129
200 130
199 130
198 130
197 130
196 130
195 130
194 130
193 131
192 132
191 133
190 134
189 135
188 136
187 137
186 137
186 136
186 135
185 134
184 133
183 132
182 131
181 130
186 138
186 139
186 140
186 141
185 142
184 143
183 143
182 143
181 143
180 143
179 143
178 143
177 143
176 143
175 143
206 126
207 127
207 128
207 129
207 130
207 131
207 132
207 133
207 134
207 135
207 136
148 130
149 131
150 132
151 133
152 134
153 135
154 136
154 137
154 138
154 139
154 140
154 141
154 142
154 143
154 144
154 145
146 130
145 131
144 132
143 133
142 134
141 135
140 136
139 137
138 138
137 139
136 140
135 141
134 142
133 143
133 144
133 145
118 89
117 88
116 87
115 86
115 85
115 84
115 83
115 82
115 81
115 80
115 79
115 78
115 77
115 76
115 75
116 74
114 87
113 88
112 89
111 90
110 91
109 92
108 93
107 94
106 95
105 96
104 97
103 98
102 99
101 100
100 101
99 102
98 102
97 102
96 102
95 102
95 101
95 100
95 99
95 98
95 97
95 96
95 95
95 94
94 93
93 94
92 95
91 96
90 97
89 98
88 99
87 100
86 101
85 102
84 103
83 104
82 105
81 106
80 107
79 108
78 108
77 108
76 108
75 108
74 108
73 108
72 108
71 108
70 108
69 108
68 108
67 108
66 108
65 108
65 107
64 106
63 105
62 104
61 103
60 102
59 101
58 100
57 99
56 98
55 97
54 96
53 95
52 94
52 93
51 93
50 94
49 95
48 96
48 97
48 98
48 99
48 100
48 101
48 102
48 103
48 104
48 105
48 106
48 107
47 107
46 107
45 107
44 107
43 107
42 107
41 107
40 107
39 107
38 107
37 107
36 107
35 107
34 107
33 107
32 107
31 106
30 105
29 104
53 93
54 93
55 93
56 93
57 93
58 93
59 93
60 93
61 93
62 92
63 92
64 92
65 92
66 92
67 92
68 91
69 90
70 89
71 88
72 87
73 86
73 85
73 84
73 83
73 82
73 81
72 80
71 79
70 78
69 77
69 76
68 76
67 76
66 76
65 76
64 76
63 76
62 76
61 76
60 76
59 76
58 76
57 76
56 76
55 76
54 76
53 75
52 74
51 73
50 72
50 71
50 70
50 69
50 68
50 67
50 66
50 65
50 64
50 63
50 62
49 61
48 60
48 59
48 58
48 57
48 56
48 55
48 54
48 53
48 52
48 51
48 50
48 49
48 48
48 47
48 46
48 45
48 44
48 43
48 42
48 41
48 40
47 39
47 38
46 38
45 39
44 40
43 40
42 40
41 40
40 40
39 40
38 40
37 40
36 40
35 40
34 41
33 42
32 43
31 44
31 45
31 46
31 47
30 48
29 49
28 50
28 51
28 52
28 53
28 54
28 55
28 56
28 57
28 58
28 59
28 60
28 61
28 62
48 38
49 38
50 38
51 38
52 38
53 38
54 37
55 36
56 35
56 34
56 33
56 32
56 31
56 30
56 29
56 28
57 27
58 26
59 25
60 24
61 25
62 26
63 27
64 28
65 29
66 30
67 31
68 32
69 33
70 34
71 34
72 34
49 73
48 74
47 75
46 76
45 77
44 78
43 79
42 80
41 81
40 82
39 83
38 83
37 83
36 83
35 83
34 83
33 83
32 83
70 76
71 76
72 76
73 76
74 76
75 75
76 74
77 73
78 72
79 71
79 70
80 69
81 68
82 67
83 66
84 65
85 64
86 63
87 62
88 61
89 60
90 59
91 58
92 57
92 56
91 56
90 56
89 56
88 56
87 56
86 56
85 56
84 55
83 54
82 53
82 52
82 51
82 50
82 49
82 48
82 47
82 46
82 45
83 44
84 43
85 42
86 41
87 40
88 39
89 38
90 37
91 36
92 35
93 34
81 54
80 55
79 56
78 56
77 56
76 56
75 56
74 56
73 56
72 56
71 56
93 56
80 72
81 73
82 73
83 73
84 73
85 73
86 73
87 73
88 73
89 73
90 73
91 73
92 73
93 73
78 109
77 110
76 111
75 112
74 113
73 114
72 115
71 116
71 117
71 118
71 119
71 120
71 121
71 122
71 123
72 124
73 125
74 126
75 127
76 127
77 127
78 127
79 127
80 127
81 127
82 127
83 127
84 127
85 127
86 127
87 127
88 127
89 127
90 126
91 125
92 124
93 123
94 124
95 125
96 126
97 127
98 128
99 129
100 130
101 131
102 132
103 133
104 134
105 135
106 136
107 137
108 138
109 139
110 140
111 141
112 142
112 143
83 128
84 129
85 130
86 131
87 132
88 133
89 134
90 135
91 136
91 137
91 138
91 139
91 140
91 141
91 142
91 143
91 144
91 145
81 128
80 129
79 130
78 131
77 132
76 133
75 134
74 135
73 136
72 137
71 138
70 139
70 140
70 141
70 142
70 143
69 143
68 143
67 143
66 143
65 143
64 143
63 143
62 143
61 143
60 143
59 143
58 143
57 143
56 143
55 143
54 143
53 143
52 143
51 142
50 141
49 140
48 139
47 139
46 139
45 139
44 139
43 139
42 139
41 139
40 139
39 139
38 138
37 137
36 136
36 135
36 134
36 133
35 132
34 131
33 130
32 129
31 128
30 127
29 126
28 125
48 138
48 137
48 136
48 135
48 134
48 133
48 132
48 131
48 130
48 129
48 128
85
116 102
114 122
136 86
136 71
126 50
114 34
135 34
114 55
137 54
156 34
148 87
160 86
157 71
158 56
168 72
181 67
194 64
205 62
202 50
192 39
188 35
177 34
181 46
213 45
181 88
194 83
205 83
135 105
136 123
147 129
158 123
153 108
166 107
181 109
194 117
204 104
215 104
205 125
194 130
181 130
186 141
175 143
207 136
154 145
133 145
115 86
116 74
95 102
94 93
79 108
65 108
51 93
48 107
29 104
62 92
73 86
68 76
50 72
48 60
48 49
46 38
35 40
31 47
28 62
56 35
60 24
72 34
32 83
79 71
82 53
93 34
71 56
93 56
93 73
71 123
82 127
93 123
112 143
91 145
70 143
55 143
48 139
36 136
28 125
48 128
