3286
119 90
118 90
117 90
116 90
115 90
114 90
113 90
112 90
111 90
110 90
109 90
108 90
107 90
106 90
105 90
104 90
103 90
102 90
101 90
100 90
99 90
98 90
97 90
96 90
95 90
94 90
93 90
92 90
91 90
90 90
89 90
88 90
87 90
86 90
85 90
84 90
83 90
82 90
81 90
80 90
79 90
78 90
77 90
76 90
75 90
74 90
73 90
72 90
71 90
70 90
69 90
68 90
67 90
66 90
65 90
64 90
63 90
62 90
61 90
60 90
59 90
58 90
57 90
56 90
55 90
54 90
53 90
52 90
51 90
50 90
50 91
49 91
48 91
47 91
46 91
45 91
44 91
43 91
42 91
41 91
40 91
39 91
38 91
37 91
36 91
35 91
34 91
33 91
32 91
31 91
51 91
52 91
53 91
54 91
55 91
56 91
57 91
58 91
59 91
60 91
61 91
62 91
63 91
64 91
65 91
66 91
67 91
68 91
69 91
70 91
71 91
72 91
73 91
74 91
75 91
76 91
77 91
78 91
79 91
80 91
81 91
82 91
83 91
84 91
85 91
86 91
87 91
88 91
89 91
90 91
91 91
92 91
93 91
94 91
95 91
96 91
97 91
98 91
99 91
100 91
101 91
102 91
103 91
104 91
105 91
106 91
107 91
108 91
109 91
110 91
111 91
112 91
113 91
114 91
115 91
116 91
117 91
118 91
119 91
118 92
117 93
116 94
115 95
114 96
113 97
112 98
112 99
111 99
110 100
109 99
108 98
107 97
106 96
105 95
104 94
103 93
102 92
101 93
100 92
99 93
98 92
97 93
96 92
98 94
99 95
100 94
101 95
100 96
101 97
102 96
103 95
102 94
104 96
103 97
102 98
103 99
104 98
105 97
106 98
105 99
104 100
105 101
105 102
104 102
103 102
102 102
101 102
100 102
99 102
98 102
97 102
96 102
95 102
94 102
93 102
92 102
91 102
90 102
89 102
88 102
87 102
86 102
85 102
84 102
83 102
82 102
81 102
80 102
79 102
78 102
77 102
76 102
75 102
74 102
73 102
72 102
71 102
82 101
82 100
82 99
82 98
82 97
82 96
83 96
82 95
82 94
81 94
80 93
82 93
82 92
83 92
84 92
84 93
85 93
85 94
86 94
86 95
87 95
87 96
88 96
88 97
89 97
89 98
90 98
91 98
91 97
92 97
91 96
91 95
90 95
89 94
88 93
87 92
89 92
90 93
91 93
91 92
91 94
92 95
93 94
94 95
93 96
94 97
93 98
94 99
95 98
96 97
95 96
97 98
96 99
95 100
96 101
97 100
98 99
99 100
98 101
100 101
91 99
90 99
91 100
92 100
92 101
91 101
93 101
84 97
85 98
86 99
87 100
88 101
90 103
91 103
91 104
91 105
92 105
91 106
91 107
91 108
91 109
90 109
89 109
88 109
87 109
86 109
85 109
84 109
83 109
82 109
81 109
80 109
79 109
78 109
77 109
76 109
75 109
74 109
73 109
72 109
71 109
70 109
69 109
68 109
67 109
66 109
65 109
64 109
63 109
62 109
61 109
60 109
59 109
58 109
57 109
56 109
55 109
54 109
53 109
52 109
51 109
50 109
49 109
48 109
47 109
46 109
45 109
44 109
43 109
42 109
41 109
40 109
39 109
38 109
37 109
36 109
35 109
34 109
33 109
91 110
91 111
91 112
91 113
91 114
91 115
92 109
93 109
94 109
95 109
96 109
97 109
98 109
99 109
100 109
101 109
101 110
100 110
99 111
98 111
98 112
99 112
100 113
101 114
102 115
103 115
103 116
104 116
104 117
105 117
105 118
106 118
106 119
107 119
107 120
108 120
108 121
109 121
109 122
110 122
110 123
111 123
112 123
112 122
113 122
114 122
114 123
115 123
116 123
116 122
117 122
116 121
116 120
115 120
114 119
113 118
112 118
112 117
112 116
111 116
110 115
110 114
109 114
108 113
107 112
106 111
105 110
104 109
103 108
102 108
102 107
103 107
104 107
104 106
103 106
102 105
101 104
100 103
99 104
98 103
100 105
101 106
102 103
103 104
104 105
105 105
105 106
106 107
105 108
106 109
107 108
108 109
107 110
108 111
109 110
110 111
109 112
110 113
111 112
112 112
112 111
112 110
112 109
112 108
112 107
111 107
110 106
109 105
108 104
107 103
107 102
106 102
107 101
106 100
107 99
108 100
109 101
108 102
109 103
110 102
111 101
112 101
112 100
113 99
114 100
115 101
116 102
116 103
117 103
116 104
116 105
115 105
114 104
113 103
112 103
111 103
110 104
111 105
112 105
113 105
112 104
112 106
113 107
114 106
115 107
116 107
117 107
116 106
116 108
116 109
115 109
114 108
116 110
116 111
117 111
116 112
116 113
116 114
116 115
116 116
116 117
116 118
116 119
118 110
117 109
118 108
119 109
120 110
119 111
118 112
119 113
120 112
121 111
122 112
121 113
120 114
121 115
122 114
123 113
124 114
125 114
125 113
125 112
126 112
125 111
124 110
123 109
122 108
121 107
120 106
119 105
118 104
127 113
128 114
129 114
130 114
131 114
132 114
133 114
134 114
135 114
136 114
137 114
138 114
139 114
129 115
128 116
127 115
126 116
125 116
124 116
123 115
122 116
123 117
124 118
125 118
126 118
125 117
125 119
125 120
126 120
125 121
125 122
125 123
125 124
125 125
125 126
125 127
125 128
125 129
124 129
123 128
122 127
121 126
120 125
119 124
118 123
125 130
125 131
126 131
125 132
124 132
123 132
123 131
122 131
122 130
121 130
121 129
120 129
120 128
119 128
119 127
118 127
118 126
117 126
116 126
116 125
117 125
116 124
115 124
116 127
115 127
114 127
114 126
113 126
112 126
112 125
113 125
112 124
111 124
112 127
112 128
112 129
112 130
112 131
112 132
112 133
112 134
112 135
112 136
112 137
112 138
112 139
112 140
112 141
112 142
112 143
115 128
116 128
116 129
117 129
117 130
116 130
116 131
118 130
118 131
119 131
119 132
120 132
120 133
121 133
121 134
122 134
122 135
123 135
123 136
124 136
125 136
125 135
126 135
127 135
127 136
128 136
128 137
129 137
129 138
130 138
130 139
131 139
131 140
132 140
132 141
133 141
133 142
134 142
134 143
133 143
132 143
131 143
130 143
130 142
129 142
129 141
128 141
128 140
127 140
127 139
126 139
125 139
125 138
126 138
125 137
124 137
125 140
125 141
125 142
125 143
125 144
135 143
136 143
137 143
138 143
139 143
140 143
141 143
142 143
143 143
144 143
145 143
146 143
147 143
148 143
149 143
150 143
151 143
152 143
153 143
154 143
137 142
137 141
136 141
135 140
134 139
133 138
132 137
131 136
130 135
129 134
128 133
127 132
137 140
137 139
137 138
137 137
137 136
137 135
137 134
137 133
137 132
137 131
137 130
136 130
135 129
134 128
133 127
132 126
131 125
130 124
129 123
128 122
127 121
128 120
127 119
128 118
127 117
129 117
130 116
131 117
130 118
129 119
130 120
129 121
130 122
131 121
132 120
131 119
132 118
133 119
134 120
133 121
132 122
131 123
132 124
133 123
134 122
135 121
136 122
135 123
134 124
133 125
134 126
135 125
136 124
137 124
138 124
137 123
137 125
137 126
136 126
135 127
136 128
137 128
137 127
137 129
139 125
140 126
141 127
142 128
143 129
144 129
145 129
146 129
147 129
144 130
145 131
146 132
147 133
148 134
149 135
150 136
151 137
152 138
153 139
154 140
155 141
156 142
157 143
158 143
159 143
160 143
161 143
162 143
163 143
164 143
165 143
166 143
167 143
168 143
169 143
170 143
171 143
172 143
173 143
172 142
171 141
170 140
169 139
169 138
168 138
168 137
167 137
166 136
166 135
165 135
164 134
163 133
162 132
161 131
160 130
160 129
159 129
158 128
157 127
156 126
155 125
155 124
154 124
154 123
153 123
152 122
151 121
150 120
149 119
149 118
148 118
147 117
146 116
146 115
145 115
144 114
143 113
143 112
142 112
141 111
140 110
139 109
138 108
137 107
136 106
135 105
134 104
133 103
133 102
132 102
132 101
131 101
130 100
129 99
128 98
127 97
126 96
125 95
124 94
124 93
123 93
122 92
121 91
121 90
120 89
120 88
120 87
120 86
121 86
120 85
120 84
119 84
118 83
117 82
116 81
115 80
114 79
113 78
112 77
111 76
110 75
109 74
108 73
107 72
106 71
105 70
104 69
103 68
102 67
101 66
100 65
99 64
98 63
97 62
96 61
95 60
94 59
93 58
92 57
91 56
90 55
89 54
88 53
87 52
86 51
85 50
84 49
83 48
82 47
120 83
121 83
122 83
122 82
123 82
123 81
124 81
124 80
125 80
125 79
126 79
126 78
127 78
127 77
128 77
128 76
129 76
129 75
130 75
130 74
131 74
131 73
132 73
132 72
133 72
133 71
134 71
134 70
135 70
135 69
136 69
136 68
137 68
137 67
138 67
138 66
139 66
139 65
140 65
140 64
141 64
141 63
142 63
142 62
143 62
143 61
144 61
144 60
145 60
145 59
146 59
146 58
147 58
147 57
148 57
148 56
149 56
149 55
150 54
151 53
152 52
153 51
154 50
155 49
156 48
157 47
158 46
159 45
160 44
161 43
162 42
163 41
164 40
165 39
166 38
167 37
168 36
169 35
170 34
171 33
172 32
173 31
174 30
175 29
176 28
177 27
178 26
130 77
129 78
128 79
127 80
126 81
125 82
124 83
123 84
122 85
121 84
120 82
120 81
120 80
120 79
119 79
118 78
117 77
116 76
115 75
114 74
113 73
112 72
111 71
110 70
109 69
108 68
107 67
106 66
105 65
104 64
103 63
102 62
101 61
100 60
99 59
98 58
97 57
96 56
95 55
94 54
93 53
120 78
120 77
120 76
121 76
120 75
120 74
120 73
120 72
120 71
120 70
120 69
119 69
118 68
117 67
116 66
115 65
114 64
113 63
112 62
111 61
110 60
109 59
108 58
107 57
106 56
105 55
104 54
103 53
102 52
101 51
100 50
99 49
98 48
97 47
96 46
95 45
94 44
93 43
92 42
91 41
90 40
89 39
88 38
87 37
86 36
85 35
84 34
120 68
120 67
121 67
120 66
120 65
120 64
120 63
120 62
119 62
118 61
117 60
116 59
115 58
114 57
113 56
112 55
120 61
120 60
120 59
120 58
120 57
120 56
120 55
121 55
120 54
120 53
120 52
120 51
120 50
119 50
118 49
117 48
116 47
115 46
114 45
113 44
112 43
111 42
110 41
109 40
108 39
107 38
106 37
105 36
104 35
103 34
120 49
120 48
120 47
120 46
120 45
120 44
120 43
120 42
120 41
120 40
120 39
120 38
120 37
120 36
121 35
122 34
122 54
123 53
124 52
125 51
126 50
127 49
128 48
129 47
130 46
131 45
132 44
133 43
134 42
135 41
136 40
137 39
138 38
139 37
140 36
141 35
142 34
122 66
123 65
124 64
125 63
126 62
127 61
128 60
129 59
130 58
131 57
132 56
122 75
123 74
124 73
125 72
126 71
127 70
128 69
129 68
130 67
131 66
132 65
133 64
134 63
135 62
136 61
137 60
138 59
139 58
140 57
141 56
142 55
143 54
144 53
145 52
146 51
147 50
148 49
149 48
150 47
151 46
152 45
153 44
154 43
155 42
156 41
157 40
158 39
159 38
160 37
161 36
162 35
163 34
122 90
123 90
124 90
125 90
126 90
127 90
128 90
129 90
130 90
131 90
132 90
133 90
134 90
135 90
136 90
137 90
138 90
139 90
140 90
141 90
142 90
143 90
144 90
145 90
146 90
147 90
148 90
149 90
150 90
151 90
152 90
153 90
154 90
155 90
156 90
157 90
158 90
159 90
160 90
161 90
162 90
163 90
164 90
165 90
166 90
167 90
168 90
169 90
170 90
171 90
172 90
173 90
174 90
175 90
176 90
177 90
178 90
179 90
180 90
181 90
182 90
183 90
184 90
185 90
186 90
187 90
188 90
189 90
190 90
191 90
192 90
193 90
194 90
195 90
196 89
197 88
198 87
199 86
200 85
201 84
202 83
203 82
204 81
205 80
188 89
189 88
190 87
191 86
192 85
193 84
194 83
195 82
196 81
197 80
198 79
199 78
200 77
201 76
202 75
203 74
204 73
205 72
206 71
207 70
208 69
209 68
210 67
211 66
212 65
213 64
214 63
215 62
184 89
183 89
184 88
185 88
185 87
186 87
186 86
187 86
187 85
188 85
188 84
189 84
189 83
190 83
190 82
191 82
191 81
192 81
192 80
193 80
193 79
194 79
194 78
195 77
196 76
197 75
198 74
199 73
200 72
201 71
202 70
203 69
204 68
179 89
180 88
181 87
174 89
175 88
176 87
177 86
178 85
179 84
180 83
181 82
182 81
183 80
184 79
185 78
186 77
187 76
188 75
189 74
190 73
191 72
169 89
170 88
171 87
172 86
173 85
174 84
175 83
176 82
177 81
178 80
179 79
180 78
181 77
182 76
183 75
184 74
185 73
186 72
187 71
188 70
189 69
190 68
191 67
192 66
193 65
194 64
195 63
196 62
197 61
198 60
199 59
200 58
201 57
202 56
203 55
204 54
162 89
163 88
164 87
165 86
159 89
160 88
161 87
162 86
163 85
164 84
165 83
166 82
167 81
168 80
169 79
170 78
171 77
172 76
173 75
174 74
175 73
176 72
177 71
178 70
179 69
180 68
181 67
182 66
183 65
184 64
185 63
186 62
187 61
188 60
189 59
190 58
191 57
192 56
193 55
194 54
195 53
196 52
197 51
198 50
199 49
200 48
201 47
202 46
203 45
204 44
205 43
155 89
154 88
153 89
155 87
156 86
157 85
158 84
159 83
160 82
161 81
162 80
163 79
164 78
165 77
166 76
167 75
168 74
169 73
170 72
171 71
172 72
171 73
170 74
169 75
168 76
167 77
166 78
165 79
164 80
163 81
162 82
161 83
160 84
159 85
158 86
157 87
156 88
173 71
174 70
175 69
176 68
177 67
178 66
179 65
180 64
181 63
182 62
183 61
184 60
185 59
186 58
187 57
188 56
189 55
190 54
191 53
192 52
193 51
150 89
149 88
148 89
150 87
151 86
152 85
153 84
154 83
155 82
156 81
157 80
158 79
159 78
160 77
161 76
162 75
163 74
164 73
165 72
166 71
167 70
168 69
169 68
170 67
171 66
172 65
173 64
174 63
175 62
176 61
177 60
178 59
179 58
180 57
181 56
182 55
183 54
184 53
185 52
186 51
187 50
188 49
189 48
190 47
191 46
192 45
193 44
194 43
195 42
196 41
197 40
181 58
180 59
179 60
178 61
177 62
176 63
175 64
174 65
173 66
172 67
171 68
170 69
169 70
168 71
167 72
166 73
165 74
164 75
163 76
162 77
161 78
160 79
159 80
158 81
157 82
156 83
155 84
154 85
153 86
152 87
151 88
145 89
146 88
147 87
148 86
149 85
150 84
151 83
152 82
153 81
154 80
155 79
156 78
157 77
158 76
159 75
160 74
161 73
162 72
163 71
164 70
165 69
166 68
167 67
168 66
169 65
170 64
171 63
172 62
173 61
174 60
175 59
176 58
177 57
178 56
179 55
180 54
181 53
182 52
183 51
184 50
185 49
186 48
187 47
188 46
189 45
190 44
191 43
192 42
193 41
194 40
195 39
196 38
139 89
140 88
141 87
142 86
143 85
144 84
145 83
146 82
147 81
148 80
149 79
150 78
151 77
132 89
131 89
130 88
129 89
131 87
132 86
133 85
134 84
135 83
136 82
137 81
138 80
139 79
140 78
141 77
142 76
143 75
144 74
145 73
146 72
147 71
148 70
149 69
150 68
151 67
152 66
153 65
154 64
155 63
156 62
157 61
158 60
159 59
160 58
161 57
162 56
163 55
164 54
165 53
166 52
167 51
168 50
169 49
170 48
171 47
172 46
164 56
165 56
164 57
163 57
163 58
162 58
162 59
161 59
161 60
160 60
160 61
159 61
159 62
158 62
158 63
157 63
157 64
156 64
156 65
155 65
155 66
154 66
154 67
153 67
153 68
152 68
152 69
151 69
151 70
150 70
150 71
149 71
149 72
148 72
148 73
147 73
147 74
146 74
146 75
145 75
145 76
144 76
144 77
143 77
143 78
142 78
142 79
141 79
141 80
140 80
140 81
139 81
139 82
138 82
138 83
137 83
137 84
136 84
136 85
135 85
135 86
134 86
134 87
133 87
133 88
132 88
166 55
167 54
168 53
169 52
170 51
171 50
172 49
173 48
174 47
175 46
176 45
177 44
178 43
179 42
180 41
181 40
182 39
183 38
184 37
125 93
126 93
127 93
128 93
129 93
130 93
131 93
132 93
133 93
134 93
135 93
136 93
137 93
138 93
139 93
140 93
141 93
142 93
143 93
144 93
145 93
146 93
147 93
148 93
149 93
150 93
133 101
134 101
135 101
136 101
137 101
138 101
139 101
140 101
141 101
142 101
143 101
144 101
145 101
146 101
147 101
148 101
149 101
150 101
151 101
152 101
153 101
154 101
155 101
156 101
157 101
158 101
159 101
160 101
161 101
162 101
163 101
164 101
165 101
166 101
167 101
168 101
169 101
170 101
171 101
172 101
173 101
174 101
175 101
176 101
177 101
178 101
179 101
180 101
181 101
182 101
183 101
184 101
185 101
186 101
187 101
188 101
189 101
190 101
191 101
192 101
193 101
194 101
195 101
196 101
197 101
198 101
199 101
200 101
201 101
202 101
203 101
204 101
205 101
159 102
158 102
157 102
156 102
155 102
154 102
153 102
152 102
151 102
150 102
149 102
148 102
147 102
146 102
145 102
144 102
143 102
142 102
141 102
140 102
139 102
138 102
137 102
136 102
135 102
134 102
144 112
145 112
146 112
147 112
148 112
149 112
150 112
151 112
152 112
153 112
154 112
155 112
156 112
157 112
158 112
159 112
160 112
161 112
162 112
163 112
164 112
165 112
166 112
167 112
168 112
169 112
170 112
171 112
172 112
173 112
174 112
175 112
176 112
177 112
178 112
179 112
180 112
181 112
182 112
183 112
184 112
185 112
186 112
187 112
188 112
189 112
190 112
191 112
192 112
193 112
194 112
195 112
196 112
197 112
198 112
199 112
200 112
201 112
202 112
203 112
204 112
147 115
148 115
149 115
150 115
151 115
152 115
153 115
154 115
155 115
156 115
157 115
158 115
159 115
160 115
161 115
162 115
163 115
164 115
165 115
166 115
167 115
168 115
169 115
170 115
171 115
172 115
173 115
174 115
175 115
176 115
177 115
178 115
179 115
180 115
181 115
150 118
151 118
152 118
153 118
154 118
155 118
156 118
157 118
158 118
159 118
160 118
161 118
162 118
163 118
164 118
165 118
166 118
167 118
168 118
169 118
170 118
171 118
172 118
173 118
174 118
175 118
176 118
177 118
178 118
179 118
180 118
181 118
182 118
183 118
184 118
185 118
186 118
187 118
188 118
189 118
190 118
191 118
192 118
193 118
194 118
195 118
196 118
197 118
198 118
199 118
200 118
201 118
202 118
203 118
204 118
205 118
206 118
207 118
208 118
209 118
210 118
211 118
212 118
213 118
214 118
215 118
155 123
156 123
157 123
158 123
158 124
157 124
156 124
159 124
160 124
161 124
162 124
163 124
164 124
165 124
166 124
167 124
168 124
169 124
170 124
171 124
172 124
173 124
174 124
175 124
176 124
177 124
178 124
179 124
180 124
181 124
182 124
183 124
184 124
185 124
186 124
187 124
188 124
189 124
190 124
191 124
192 124
193 124
194 124
195 124
196 124
197 124
198 124
199 124
200 124
201 124
202 124
203 124
204 124
161 129
162 129
163 129
164 129
165 129
166 129
167 129
168 129
169 129
170 129
171 129
172 129
173 129
167 135
168 135
169 135
170 135
171 135
172 135
173 135
174 135
175 135
176 135
177 135
178 135
179 135
180 135
181 135
182 135
183 135
184 135
185 135
186 135
187 135
188 135
189 135
190 135
191 135
192 135
193 135
194 135
195 135
196 135
197 135
198 135
199 135
200 135
201 135
202 135
203 135
204 135
205 135
169 137
170 137
171 137
172 137
173 137
174 137
175 137
176 137
177 137
178 137
179 137
180 137
181 137
182 137
183 137
184 137
185 137
186 137
187 137
188 137
189 137
190 137
191 137
192 137
193 137
194 137
195 137
196 137
197 137
198 137
199 137
197 138
196 138
195 138
194 138
193 138
192 138
191 138
190 138
189 138
188 138
187 138
186 138
185 138
184 138
183 138
182 138
181 138
180 138
179 138
178 138
177 138
176 138
175 138
174 138
173 138
172 138
171 138
170 138
174 144
175 145
176 146
177 146
178 146
179 146
180 146
181 146
182 146
183 146
184 146
185 146
186 146
185 147
184 147
183 147
182 147
181 147
180 147
179 147
178 147
177 147
178 148
179 148
180 148
181 148
182 148
183 148
184 148
179 149
180 150
181 150
182 150
183 150
126 134
125 134
125 133
124 133
125 115
112 102
106 104
112 113
112 114
111 114
112 115
112 119
111 119
110 119
110 118
109 118
109 117
108 117
108 116
107 116
107 115
106 115
106 114
105 114
105 113
104 113
104 112
103 112
103 111
102 111
102 110
111 120
112 120
112 121
113 121
97 113
96 114
95 115
94 116
93 117
93 118
92 118
91 119
91 120
90 120
89 121
88 122
87 123
86 123
85 123
84 123
83 123
82 123
81 123
80 123
79 123
78 123
77 123
76 123
75 123
74 123
73 123
72 123
71 123
86 124
85 125
84 126
83 127
82 128
81 128
80 128
79 128
78 128
77 128
76 128
75 128
74 128
73 128
72 128
71 128
70 128
69 128
68 128
67 128
66 128
65 128
64 128
63 128
62 128
61 128
60 128
59 128
58 128
57 128
56 128
55 128
54 128
53 128
52 128
51 128
50 128
49 128
48 128
47 128
46 128
45 128
44 128
43 128
42 128
41 128
40 128
39 128
38 128
37 128
36 128
35 128
34 128
33 128
32 128
31 128
30 128
81 129
82 129
80 130
80 131
79 131
78 132
77 133
76 134
75 135
74 136
73 136
72 136
71 136
70 136
69 136
68 136
67 136
66 136
65 136
64 136
63 136
62 136
61 136
60 136
59 136
58 136
57 136
56 136
55 136
54 136
53 136
52 136
51 136
50 136
49 136
48 136
47 136
46 136
45 136
44 136
43 136
42 136
41 136
40 136
39 136
38 136
37 136
36 136
35 136
34 136
33 136
37 137
38 137
39 137
40 137
41 137
42 137
43 137
44 137
45 137
46 137
47 137
48 137
49 137
50 137
51 137
52 137
53 137
54 137
55 137
56 137
57 137
58 137
59 137
60 137
61 137
62 137
63 137
64 137
65 137
66 137
67 137
68 137
69 137
70 137
71 137
72 137
73 137
72 138
71 139
70 139
69 139
68 139
67 139
66 139
65 139
64 139
63 139
62 139
61 139
60 139
59 139
58 139
57 139
56 139
55 139
54 139
53 139
52 139
51 139
50 139
49 139
48 139
47 139
46 139
45 139
44 139
43 139
42 139
44 140
45 140
46 140
47 140
48 140
49 140
50 140
51 140
52 140
53 140
54 140
55 140
56 140
57 140
58 140
59 140
60 140
61 140
62 140
63 140
64 140
65 140
66 140
67 140
68 140
69 140
70 140
69 141
68 141
67 141
66 141
65 141
64 141
63 141
62 141
61 141
60 141
59 141
58 141
57 141
56 141
55 141
54 141
53 141
52 141
51 141
50 141
49 141
48 141
47 141
48 142
49 142
50 142
51 142
52 142
53 142
54 142
55 142
56 142
57 142
58 142
59 142
60 142
61 142
62 142
63 142
64 142
65 142
66 142
67 142
68 142
69 142
69 143
69 144
67 143
66 143
65 143
64 143
63 143
62 143
61 143
60 143
59 143
58 143
57 143
56 143
55 143
54 143
53 143
52 143
51 143
50 143
49 143
53 144
54 144
55 144
56 144
57 144
58 144
59 144
60 144
61 144
62 144
63 144
64 144
65 144
66 144
65 145
64 146
63 147
62 148
61 148
60 148
59 148
58 148
57 148
56 148
55 148
54 148
61 149
60 150
59 150
58 150
57 150
56 150
55 150
80 132
80 133
80 134
80 135
80 136
80 137
80 138
80 139
80 140
80 141
80 142
80 143
91 121
91 122
91 123
91 124
91 125
91 126
91 127
91 128
91 129
91 130
91 131
91 132
91 133
91 134
91 135
91 136
91 137
91 138
91 139
91 140
91 141
91 142
91 143
93 119
93 120
93 121
93 122
93 123
93 124
93 125
93 126
93 127
93 128
93 129
97 110
100 108
99 108
99 107
98 107
98 106
97 106
97 105
96 105
96 104
95 104
95 103
94 103
95 108
94 107
93 106
111 97
110 96
109 95
108 94
108 93
107 93
106 92
109 93
110 93
111 93
112 93
49 89
48 88
47 87
46 86
45 85
44 84
43 83
42 82
41 81
40 80
39 79
38 78
37 77
36 76
35 75
34 74
33 73
66 89
66 88
66 87
66 86
66 85
66 84
66 83
66 82
66 81
66 80
66 79
66 78
66 77
66 76
67 76
66 75
66 74
65 74
64 73
63 72
62 71
61 71
61 70
62 70
63 69
64 69
64 68
63 68
62 67
61 66
60 65
59 64
58 63
57 62
56 61
55 60
55 59
54 59
53 59
52 59
51 59
50 59
49 59
48 59
47 59
46 59
45 59
44 59
43 59
42 59
41 59
40 59
39 58
38 57
37 56
36 55
35 54
34 53
33 52
49 58
48 57
47 56
46 55
45 54
44 53
43 52
42 51
41 50
40 49
39 48
38 47
37 46
36 45
35 44
34 43
33 42
32 41
51 60
52 61
53 62
54 63
55 64
56 65
57 66
58 67
59 68
60 69
53 58
52 57
51 56
56 59
57 59
58 59
59 59
60 59
61 59
62 59
63 59
64 59
65 59
66 59
67 59
68 59
69 59
70 59
71 59
72 59
73 59
73 58
73 57
72 57
71 56
70 55
69 54
68 53
67 52
66 51
65 50
64 49
63 48
62 47
61 46
60 45
59 44
58 43
57 42
56 41
55 40
54 39
53 38
52 37
51 36
50 35
73 56
73 55
73 54
73 53
72 53
71 52
70 51
69 50
68 49
67 48
66 47
65 46
64 45
63 44
62 43
61 42
60 41
59 40
58 39
57 38
56 37
55 36
54 35
53 34
52 33
51 32
52 31
53 32
54 33
55 34
56 35
57 36
58 37
59 38
60 39
61 40
62 41
63 42
64 43
65 44
66 45
67 46
68 47
69 48
70 49
71 48
72 49
73 49
73 48
73 47
73 46
73 45
73 44
72 43
71 42
70 41
69 40
68 39
67 38
66 37
65 36
64 35
63 34
73 50
73 51
72 51
71 50
73 52
72 60
71 61
70 60
70 62
69 63
68 64
67 63
66 62
65 61
64 60
67 65
66 66
66 67
65 67
64 67
63 66
62 65
61 64
65 68
66 68
66 69
66 70
65 70
66 71
66 72
67 72
66 73
68 71
67 70
69 72
68 73
69 74
70 73
71 74
70 75
71 76
72 75
73 76
72 77
73 78
74 77
75 78
74 79
75 80
76 79
77 80
76 81
77 82
78 81
79 82
78 83
79 84
80 83
81 84
82 84
82 83
82 82
82 81
82 80
82 79
83 79
82 78
82 77
81 77
80 76
79 75
78 74
77 73
76 72
75 71
74 70
73 69
72 68
71 67
70 66
69 65
82 76
82 75
82 74
82 73
83 73
82 72
82 71
81 71
80 70
79 69
78 68
77 67
76 66
75 65
74 64
73 63
72 62
82 70
82 69
83 69
82 68
81 67
80 66
79 65
78 64
77 63
76 62
75 61
74 60
84 70
85 71
86 71
87 71
88 71
89 71
90 71
91 71
92 71
93 71
86 72
87 73
88 74
89 75
90 76
91 77
91 78
92 78
91 79
91 80
90 80
89 79
88 78
87 77
86 76
85 75
84 74
91 81
91 82
92 82
91 83
91 84
90 84
89 83
88 82
87 81
86 80
85 79
84 78
83 77
84 80
85 81
86 82
87 83
88 84
89 85
90 86
91 86
92 86
91 85
92 84
93 83
94 84
93 85
94 86
93 87
92 88
91 88
91 87
91 89
93 89
94 88
95 87
96 86
95 85
97 87
96 88
95 89
97 89
98 88
99 89
93 79
94 80
95 81
96 82
97 83
98 84
99 85
100 86
101 87
102 88
103 89
82 85
82 86
81 86
80 85
82 87
82 88
83 88
82 89
81 89
80 89
80 88
79 88
79 87
78 87
78 86
77 86
77 85
76 85
76 84
75 84
75 83
74 83
74 82
73 82
73 81
72 81
72 80
71 80
71 79
70 79
69 78
68 77
84 87
83 86
85 88
84 89
86 89
68 58
67 57
66 56
65 55
64 54
63 53
62 52
61 51
60 50
59 49
58 48
57 47
56 46
55 45
54 44
53 43
52 42
51 41
50 40
49 39
48 38
47 37
46 36
62 58
61 57
60 56
59 55
58 54
57 53
56 52
55 51
54 50
53 49
52 48
51 47
50 46
49 45
48 44
47 43
46 42
45 41
60 72
59 73
58 73
57 73
56 73
55 73
54 73
53 73
52 73
51 73
115
51 90
31 91
93 102
71 102
82 101
80 93
93 94
49 109
33 109
91 115
103 115
139 114
127 115
112 143
116 131
125 144
137 143
154 143
136 128
147 129
172 143
82 47
149 56
178 26
130 77
114 74
93 53
84 34
112 55
103 34
122 34
142 34
132 56
163 34
194 90
205 80
215 62
194 79
204 68
181 87
191 72
204 54
165 86
205 43
171 71
193 51
197 40
181 58
165 74
196 38
151 77
172 46
164 56
184 37
133 93
150 93
148 101
181 101
194 101
205 101
159 102
136 102
204 112
181 115
215 118
158 123
204 124
173 129
186 135
205 135
199 137
197 138
186 146
185 147
184 148
183 150
112 114
71 123
48 128
30 128
82 129
33 136
37 137
42 139
44 140
47 141
48 142
69 144
49 143
53 144
54 148
55 150
80 143
91 143
93 129
112 93
33 73
66 89
33 52
32 41
51 56
73 59
50 35
51 32
52 31
71 48
63 34
61 64
82 76
93 71
91 83
71 79
46 36
45 41
51 73
