3226
119 90
118 90
117 90
116 90
115 90
114 90
113 90
112 90
111 90
110 90
109 90
108 90
107 90
106 90
105 90
104 90
103 90
102 90
101 90
100 90
99 90
98 90
97 90
96 90
95 90
94 90
93 90
92 90
91 90
90 90
89 90
88 90
87 90
86 90
85 90
84 90
83 90
82 90
81 90
80 90
79 90
78 90
77 90
76 90
75 90
74 90
73 90
72 90
71 90
70 90
69 90
68 90
67 90
66 90
65 90
64 90
63 90
62 90
61 90
60 90
59 90
58 90
57 90
56 90
55 90
54 90
53 90
52 90
51 90
50 90
49 90
48 90
47 90
46 90
45 90
44 90
43 90
42 90
41 90
40 90
39 90
38 90
37 90
36 90
35 90
34 90
33 90
32 90
31 90
30 90
42 89
41 88
40 87
39 86
38 85
37 84
36 83
35 82
34 81
33 80
32 79
31 78
60 89
59 88
58 87
57 86
56 85
55 84
54 83
53 82
52 81
51 80
50 79
49 78
62 91
63 92
64 93
65 94
66 95
67 96
68 97
69 98
70 99
71 100
72 101
73 102
73 103
72 103
71 103
70 103
69 103
68 103
67 103
66 103
65 103
64 103
63 103
62 103
61 103
60 103
59 103
58 103
57 103
56 103
55 103
54 103
53 103
52 103
51 103
50 103
49 103
48 103
47 103
46 103
45 103
44 103
43 103
42 103
41 103
40 103
39 103
38 103
37 103
36 103
35 103
34 103
33 103
32 103
31 103
30 103
74 103
75 103
76 103
77 103
78 103
79 103
80 103
81 103
82 103
83 103
84 103
85 103
86 103
87 103
88 103
89 103
90 103
91 103
92 103
93 103
94 103
95 103
96 103
97 103
98 103
99 103
100 103
101 103
102 103
103 103
104 103
105 103
106 103
107 103
108 103
108 102
107 102
106 101
105 100
104 99
103 98
102 97
101 97
101 96
100 95
99 94
98 93
97 93
97 92
96 91
97 94
96 94
95 93
94 92
93 91
97 95
97 96
98 96
97 97
97 98
97 99
97 100
97 101
97 102
99 97
100 98
101 98
101 99
101 100
102 100
101 101
101 102
103 101
104 102
109 101
110 100
111 99
112 98
113 97
114 96
115 95
116 94
117 93
118 92
119 91
121 90
120 89
121 89
122 89
123 89
123 88
122 88
121 87
120 87
120 86
120 85
121 85
120 84
120 83
121 83
120 82
119 82
118 81
117 80
116 79
115 78
114 77
113 76
112 75
111 74
110 73
109 72
108 71
107 70
106 69
105 68
104 67
103 66
102 65
101 64
100 63
99 62
98 61
97 60
96 59
95 58
94 57
93 56
92 55
91 54
90 53
89 52
114 75
115 75
115 76
116 76
116 77
117 77
117 78
118 78
118 79
119 79
120 79
120 78
120 77
120 76
120 75
120 74
120 73
120 72
120 71
120 70
119 70
118 69
117 68
116 67
115 66
114 65
113 64
112 63
111 62
110 61
109 60
108 59
107 58
106 57
105 56
104 55
103 54
102 53
101 52
102 51
101 50
100 49
99 48
98 47
97 46
96 45
95 44
94 43
93 42
92 41
91 40
90 39
89 38
88 37
87 36
86 35
85 34
103 52
104 53
105 54
106 55
107 56
108 57
109 58
110 59
111 60
112 61
113 62
114 61
115 62
114 63
115 64
116 63
117 64
116 65
117 66
118 65
119 66
120 66
120 65
120 64
121 64
120 63
120 62
120 61
120 60
120 59
120 58
120 57
121 57
120 56
119 56
118 55
117 54
116 53
115 52
114 51
113 50
112 49
111 48
110 47
109 46
108 45
107 44
106 43
105 42
104 41
103 40
102 39
101 38
100 37
99 36
98 35
97 34
120 55
120 54
120 53
120 52
120 51
120 50
120 49
119 49
118 48
117 47
116 46
115 45
114 44
120 48
120 47
120 46
120 45
120 44
120 43
121 43
120 42
120 41
120 40
120 39
120 38
120 37
120 36
120 35
119 34
118 33
117 32
116 31
115 30
114 29
113 28
122 42
123 41
124 40
125 39
126 38
127 37
128 36
129 35
130 34
122 56
123 55
124 54
125 53
126 52
122 63
123 62
124 61
125 60
126 59
127 58
128 57
129 56
130 55
131 54
132 53
133 52
134 51
135 50
136 49
137 48
138 47
139 46
140 45
141 44
142 43
143 42
144 41
145 40
146 39
147 38
148 37
149 36
150 35
151 34
120 67
120 68
119 68
118 67
120 69
121 69
122 68
123 67
124 66
125 65
126 64
127 63
128 62
129 61
130 60
131 59
132 58
133 57
134 56
135 55
136 54
137 53
120 80
119 80
120 81
121 80
122 79
123 78
124 77
125 76
126 75
127 74
128 73
129 72
130 71
131 70
132 69
133 68
134 67
135 66
136 65
137 64
138 63
139 62
140 61
141 60
142 59
143 58
144 57
145 56
146 55
147 54
148 53
149 52
150 51
151 50
152 49
153 48
154 47
155 46
156 45
157 44
158 43
159 42
160 41
161 40
162 39
163 38
164 37
165 36
166 35
167 34
168 33
169 32
170 31
114 74
113 73
112 72
111 71
110 70
109 69
108 68
107 67
106 66
105 65
104 64
103 63
102 62
101 61
100 60
99 59
98 58
97 57
96 56
95 55
94 54
93 53
92 52
91 51
90 50
89 49
88 48
87 47
86 46
85 45
84 44
83 43
82 42
81 41
80 40
79 39
78 38
77 37
76 36
75 35
74 34
122 82
123 81
124 80
125 79
126 78
127 77
128 76
129 75
130 74
131 73
132 72
133 71
134 70
135 69
136 68
137 67
138 66
139 65
140 64
141 63
142 62
143 61
144 60
145 59
146 58
147 57
148 56
149 55
150 54
151 53
152 52
153 51
154 50
155 49
156 48
157 47
158 46
136 70
135 71
134 72
133 73
132 74
131 75
130 76
129 77
128 78
127 79
126 80
125 81
124 82
123 83
122 84
123 85
122 86
123 87
124 87
125 87
125 86
124 86
125 85
126 85
127 85
127 84
126 84
125 83
124 84
126 82
127 81
128 80
129 79
130 78
131 77
132 76
133 75
134 74
135 73
136 72
137 71
138 70
139 69
140 68
141 67
142 66
143 65
144 64
145 63
146 62
147 61
148 60
149 59
150 58
151 57
152 56
153 55
154 54
155 53
156 52
157 51
158 50
159 49
160 48
161 47
162 46
163 45
164 44
165 43
166 42
167 41
168 40
169 39
170 38
171 37
172 36
173 35
174 34
175 33
176 32
177 31
178 30
179 29
180 28
181 27
182 26
166 44
165 45
164 46
163 47
162 48
161 49
160 50
159 51
158 52
157 53
156 54
155 55
154 56
153 57
152 58
151 59
150 60
149 61
148 62
147 63
147 64
146 64
146 65
145 65
145 66
144 66
144 67
143 67
143 68
142 68
142 69
141 69
141 70
140 70
140 71
139 71
139 72
138 72
138 73
137 73
137 74
136 74
136 75
135 75
135 76
134 76
134 77
133 77
133 78
132 78
132 79
131 79
131 80
130 80
130 81
129 81
129 82
128 82
128 83
127 83
128 84
129 83
130 82
131 81
126 86
124 88
120 88
123 90
122 90
121 91
122 92
123 93
124 94
125 95
126 95
127 95
128 95
129 95
130 95
131 95
132 95
133 95
134 95
135 95
136 95
137 95
138 95
139 95
140 95
141 95
142 95
143 95
144 95
145 95
146 95
147 95
148 95
149 95
150 95
151 95
152 95
153 95
154 95
155 95
156 95
157 95
158 95
159 95
160 95
161 95
162 95
163 95
164 95
165 95
166 95
167 95
168 95
169 95
170 95
171 95
172 95
173 95
174 95
175 95
176 95
177 95
178 95
179 95
180 95
181 95
182 95
183 95
184 95
185 95
186 95
187 95
188 95
189 95
190 95
191 95
192 95
193 95
194 95
195 95
196 95
197 95
198 95
199 95
200 95
201 95
202 95
203 95
204 95
205 95
126 96
127 97
128 98
129 98
130 98
131 98
132 98
133 98
134 98
135 98
136 98
137 98
138 98
139 98
140 98
141 98
142 98
143 98
144 98
145 98
146 98
147 98
148 98
149 98
150 98
151 98
152 98
153 98
154 98
155 98
156 98
157 98
158 98
159 98
160 98
161 98
162 98
163 98
164 98
165 98
166 98
167 98
168 98
169 98
170 98
171 98
172 98
173 98
174 98
175 98
176 98
177 98
178 98
179 98
180 98
181 98
129 99
130 100
131 101
132 102
133 103
134 104
135 105
136 105
137 105
138 105
139 105
140 105
141 105
142 105
143 105
144 105
145 105
146 105
147 105
148 105
149 105
150 105
151 105
152 105
153 105
154 105
155 105
156 105
157 105
158 105
159 105
160 105
161 105
136 106
137 107
138 108
139 109
140 109
141 109
142 109
143 109
140 110
141 111
142 111
143 111
144 111
145 111
146 111
147 111
148 111
149 111
150 111
151 111
152 111
153 111
154 111
155 111
156 111
157 111
158 111
159 111
160 111
161 111
162 111
163 111
164 111
165 111
166 111
167 111
168 111
169 111
170 111
171 111
172 111
173 111
174 111
175 111
176 111
177 111
178 111
179 111
180 111
181 111
182 111
183 111
184 111
185 111
186 111
187 111
188 111
189 111
190 111
191 111
192 111
193 111
194 111
195 111
196 111
197 111
198 111
199 111
200 111
201 111
202 111
203 111
204 111
205 111
206 111
207 111
208 111
209 111
210 111
211 111
212 111
213 111
214 111
215 111
142 112
143 113
144 114
145 114
146 114
147 114
148 114
149 114
150 114
151 114
152 114
153 114
154 114
155 114
156 114
157 114
158 114
159 114
160 114
161 114
162 114
163 114
164 114
165 114
166 114
167 114
168 114
169 114
170 114
171 114
172 114
173 114
174 114
175 114
176 114
177 114
178 114
179 114
180 114
181 114
145 115
146 116
147 117
148 118
149 119
150 120
151 121
152 122
153 123
154 124
155 124
156 124
157 124
158 124
159 124
160 124
155 125
156 126
157 127
158 128
159 128
160 128
161 128
162 128
163 128
164 128
165 128
166 128
167 128
168 128
169 128
170 128
171 128
172 128
173 128
174 128
175 128
176 128
177 128
178 128
179 128
180 128
181 128
182 128
183 128
184 128
185 128
186 128
187 128
188 128
189 128
190 128
191 128
192 128
193 128
194 128
195 128
196 128
197 128
198 128
199 128
200 128
201 128
202 128
203 128
204 128
205 128
206 128
207 128
208 128
209 128
210 128
211 128
212 128
213 128
214 128
201 129
200 129
199 129
198 129
197 129
196 129
195 129
194 129
193 129
192 129
191 129
190 129
189 129
188 129
187 129
186 129
185 129
184 129
183 129
182 129
181 129
180 129
179 129
178 129
177 129
176 129
175 129
174 129
173 129
172 129
171 129
170 129
169 129
168 129
167 129
166 129
165 129
164 129
163 129
162 129
161 129
160 129
159 129
160 130
161 130
162 130
163 130
164 130
165 130
166 130
167 130
168 130
169 130
170 130
171 130
172 130
173 130
174 130
175 130
176 130
177 130
178 130
179 130
180 130
181 130
161 131
162 132
163 133
164 134
165 135
166 136
167 136
168 136
169 136
170 136
167 137
168 138
169 138
170 138
171 138
172 138
173 138
174 138
175 138
176 138
177 138
178 138
179 138
180 138
181 138
182 138
183 138
184 138
185 138
186 138
187 138
188 138
189 138
190 138
191 138
192 138
193 138
194 138
195 138
196 138
197 138
194 139
193 139
192 139
191 139
190 139
189 139
188 139
187 139
186 139
185 139
184 139
183 139
182 139
181 139
180 139
179 139
178 139
177 139
176 139
175 139
174 139
173 139
172 139
171 139
170 139
169 139
170 140
171 141
172 141
173 141
174 141
175 141
176 141
177 141
178 141
179 141
180 141
181 141
182 141
183 141
184 141
185 141
186 141
187 141
188 141
189 141
190 141
191 141
188 142
187 142
186 142
185 142
184 142
183 142
182 142
181 142
180 142
179 142
178 142
177 142
176 142
175 142
174 142
173 142
172 142
173 143
174 144
175 144
176 144
177 144
178 144
179 144
180 144
181 144
182 144
183 144
184 144
185 144
186 144
187 144
186 145
185 145
184 145
183 145
182 145
181 145
180 145
179 145
178 145
177 145
176 145
175 145
124 90
125 90
126 90
127 90
128 90
129 90
130 90
131 90
132 90
133 90
134 90
135 90
136 90
137 90
138 90
139 90
140 90
141 90
142 90
143 90
144 90
145 90
146 90
147 90
148 90
149 90
150 90
151 90
152 90
153 90
154 90
155 90
156 90
157 90
158 90
159 90
160 90
161 90
162 90
163 90
164 90
165 90
166 90
167 90
168 90
169 90
170 90
171 90
172 90
173 90
174 90
175 90
176 90
177 90
178 90
179 90
180 90
181 90
182 90
183 90
184 90
185 90
186 90
187 90
188 90
189 90
190 90
191 90
192 90
193 90
194 90
195 90
196 90
197 90
198 90
199 90
200 90
201 90
202 90
203 90
204 90
205 90
206 89
207 88
208 87
209 86
210 85
211 84
212 83
213 82
214 81
215 80
194 89
195 88
196 87
197 86
198 85
199 84
200 83
201 82
202 81
203 80
204 79
183 89
184 88
185 87
186 86
187 85
188 84
189 83
190 82
191 81
192 80
193 79
194 78
195 77
196 76
197 75
198 74
199 73
200 72
201 71
202 70
203 69
204 68
205 67
206 66
207 65
178 89
179 88
180 87
181 86
182 85
183 84
174 89
175 88
176 87
177 86
178 85
179 84
180 83
181 82
182 81
183 80
184 79
185 78
186 77
187 76
188 75
189 74
190 73
191 72
192 71
193 70
194 69
195 68
196 67
197 66
198 65
199 64
200 63
201 62
202 61
203 60
204 59
205 58
206 57
207 56
208 55
209 54
210 53
211 52
212 51
213 50
214 49
215 48
171 89
172 88
173 87
174 86
175 85
176 84
177 83
178 82
179 81
180 80
181 79
182 78
183 77
184 76
185 75
186 74
187 73
188 72
189 71
190 70
191 69
192 68
193 67
194 66
195 65
167 89
168 88
169 87
170 86
171 85
172 84
173 83
174 82
175 81
176 80
177 79
178 78
179 77
180 76
181 75
182 74
183 73
184 72
185 71
186 70
187 69
188 68
189 67
190 66
191 65
192 64
193 63
194 62
195 61
196 60
197 59
198 58
199 57
200 56
201 55
202 54
203 53
204 52
165 89
164 89
163 88
162 89
164 87
165 86
166 85
167 84
168 83
169 82
170 81
171 80
172 79
173 78
174 77
175 76
176 75
177 74
178 73
179 72
180 71
181 70
171 82
170 83
169 84
168 85
167 86
166 87
165 88
154 89
155 88
156 87
157 86
158 85
159 84
160 83
161 82
162 81
163 80
164 79
165 78
166 77
167 76
168 75
169 74
170 73
171 72
172 71
173 70
174 69
175 68
176 67
177 66
178 65
179 64
180 63
181 62
182 61
183 60
184 59
185 58
186 57
187 56
188 55
189 54
190 53
191 52
192 51
193 50
194 49
195 48
196 47
197 46
198 45
199 44
200 43
201 42
202 41
149 89
146 89
145 88
144 89
146 87
147 86
148 85
149 84
150 83
151 82
152 81
153 80
154 79
155 78
156 77
157 76
158 75
159 74
160 73
161 72
162 71
163 70
164 69
165 68
166 67
167 66
168 65
169 64
170 63
171 62
172 61
173 60
174 59
175 58
176 57
177 56
178 55
179 54
180 53
181 52
182 51
183 50
184 49
185 48
186 47
187 46
188 45
189 44
190 43
191 42
192 41
193 40
194 39
160 75
159 76
158 77
157 78
156 79
155 80
154 81
153 82
152 83
151 84
150 85
149 86
148 87
147 88
141 89
142 88
143 87
144 86
145 85
146 84
147 83
148 82
149 81
150 80
151 79
152 78
153 77
154 76
155 75
156 74
157 73
158 72
159 71
160 70
161 69
162 68
163 67
164 66
165 65
166 64
167 63
168 62
169 61
170 60
171 59
172 58
173 57
174 56
175 55
176 54
177 53
178 52
179 51
180 50
181 49
138 89
137 88
136 88
136 89
135 89
137 87
138 87
138 86
139 86
139 85
140 85
140 84
141 84
141 83
142 83
142 82
143 82
143 81
144 81
144 80
145 80
145 79
146 79
146 78
147 78
147 77
148 77
148 76
149 76
150 75
151 74
152 73
153 72
154 71
155 70
156 69
157 68
158 67
159 66
160 65
161 64
162 63
163 62
164 61
165 60
166 59
167 58
168 57
169 56
170 55
171 54
172 53
173 52
174 51
175 50
176 49
177 48
178 47
179 46
180 45
181 44
182 43
183 42
184 41
185 40
186 39
187 38
188 37
189 36
190 35
191 36
190 37
189 38
188 39
187 40
186 41
185 42
184 43
183 44
182 45
181 46
180 47
179 48
178 49
177 50
176 51
175 52
174 53
173 54
172 55
171 56
170 57
169 58
168 59
167 60
166 61
165 62
164 63
163 64
162 65
161 66
160 67
159 68
158 69
157 70
156 71
155 72
154 73
153 74
152 75
151 76
150 77
149 78
148 79
147 80
146 81
145 82
144 83
143 84
142 85
141 86
140 87
139 88
129 89
130 88
131 87
132 86
133 85
134 84
135 83
136 82
137 81
138 80
139 79
140 78
141 77
142 76
143 75
144 74
145 73
146 72
147 71
148 70
149 69
150 68
151 67
152 66
153 65
154 64
155 63
156 62
157 61
158 60
159 59
160 58
161 57
162 56
163 55
164 54
165 53
166 52
167 51
168 50
169 49
170 48
171 47
172 46
173 45
174 44
175 43
176 42
177 41
178 40
179 39
180 38
181 37
182 36
183 35
184 34
126 89
127 88
128 87
129 86
130 85
131 84
132 83
133 82
134 81
135 80
136 79
137 78
138 77
139 76
140 75
141 74
142 73
143 72
144 71
145 70
146 69
147 68
148 67
149 66
150 65
151 64
152 63
153 62
154 61
155 60
156 59
157 58
158 57
109 104
110 105
111 105
112 105
113 105
114 105
114 106
113 106
112 106
111 106
112 107
113 108
114 109
114 110
115 110
114 111
113 111
112 110
111 109
110 108
109 107
108 106
107 105
106 104
105 105
104 106
103 107
102 107
101 107
100 107
99 107
98 107
97 107
96 107
95 107
94 107
93 107
92 107
91 107
90 107
89 107
88 107
87 107
86 107
85 107
84 107
83 107
82 107
81 107
80 107
79 107
78 107
77 107
76 107
75 107
74 107
73 107
72 107
71 107
70 107
77 106
76 105
75 104
79 108
80 109
81 110
81 111
80 111
79 111
78 111
77 111
76 111
75 111
74 111
73 111
72 111
71 111
70 111
69 111
68 111
67 111
66 111
65 111
64 111
63 111
62 111
61 111
60 111
59 111
58 111
57 111
56 111
55 111
54 111
53 111
52 111
51 111
50 111
82 111
83 111
84 111
85 111
86 111
87 111
88 111
89 111
90 111
91 111
92 111
93 111
94 111
95 111
96 111
97 111
98 111
99 111
99 112
98 112
97 113
96 114
95 115
94 116
93 117
92 117
91 117
90 117
89 117
88 117
87 116
86 115
85 114
84 113
83 112
89 116
89 115
89 114
89 113
89 112
90 118
91 119
90 120
89 121
88 122
87 123
86 123
85 123
84 123
83 123
82 123
81 123
80 123
79 123
78 123
77 123
76 123
75 123
74 123
73 123
72 123
71 123
70 123
69 123
68 123
67 123
66 123
65 123
64 123
63 123
62 123
61 123
60 123
59 123
58 123
57 123
56 123
55 123
54 123
53 123
52 123
51 123
50 123
49 123
48 123
47 123
46 123
45 123
44 123
43 123
42 123
41 123
40 123
39 123
38 123
37 123
36 123
35 123
34 123
33 123
32 123
31 123
30 123
86 124
85 125
85 126
84 126
83 126
82 126
81 126
80 126
79 126
78 126
77 126
76 126
75 126
74 126
73 126
72 126
71 126
70 126
83 127
82 128
81 129
80 130
79 131
78 131
77 131
76 131
75 131
74 131
73 131
72 131
71 131
70 131
69 131
68 131
67 131
66 131
65 131
64 131
63 131
62 131
61 131
60 131
59 131
58 131
57 131
56 131
55 131
54 131
53 131
52 131
51 131
50 131
49 131
48 131
78 132
77 133
76 134
75 134
74 134
73 134
72 134
71 134
70 134
69 134
68 134
67 134
66 134
65 134
64 134
63 134
62 134
61 134
60 134
59 134
58 134
57 134
56 134
55 134
54 134
53 134
52 134
51 134
50 134
49 134
48 134
47 134
46 134
45 134
44 134
43 134
42 134
41 134
40 134
39 134
38 134
37 134
36 134
35 134
34 134
33 134
32 134
31 134
30 134
29 134
28 134
27 134
26 134
25 134
24 134
23 134
34 135
35 135
36 135
37 135
38 135
39 135
40 135
41 135
42 135
43 135
44 135
45 135
46 135
47 135
48 135
49 135
50 135
51 135
52 135
53 135
54 135
55 135
56 135
57 135
58 135
59 135
60 135
61 135
62 135
63 135
64 135
65 135
66 135
67 135
68 135
69 135
70 135
71 135
72 135
73 135
74 135
75 135
74 136
73 137
72 137
71 137
70 137
69 137
68 137
67 137
66 137
65 137
64 137
63 137
62 137
61 137
60 137
59 137
58 137
57 137
56 137
55 137
54 137
53 137
52 137
51 137
50 137
49 137
48 137
47 137
46 137
45 137
44 137
43 137
42 137
41 137
40 137
39 137
38 137
37 137
36 137
72 138
71 139
70 140
69 141
68 142
67 142
66 142
65 142
64 142
63 142
62 142
61 142
60 142
59 142
58 142
57 142
56 142
55 142
54 142
53 142
52 142
51 142
50 142
49 142
67 143
66 144
65 144
64 144
63 144
62 144
61 144
60 144
59 144
58 144
57 144
56 144
55 144
54 144
53 144
65 145
64 146
63 147
62 148
61 148
60 148
59 148
58 148
57 148
56 148
55 148
54 148
61 149
60 150
59 150
58 150
57 150
56 150
55 150
85 127
85 128
85 129
85 130
85 131
85 132
85 133
85 134
85 135
85 136
85 137
85 138
85 139
85 140
85 141
85 142
85 143
85 144
92 118
92 120
93 121
94 122
95 123
96 124
97 125
98 126
99 126
99 125
99 124
99 123
99 122
99 121
99 120
99 119
99 118
99 117
99 116
99 115
99 114
99 113
99 127
99 128
100 128
99 129
99 130
99 131
99 132
99 133
99 134
99 135
99 136
99 137
99 138
99 139
99 140
99 141
99 142
99 143
99 144
101 129
102 130
103 131
104 132
105 133
106 134
107 135
108 136
109 137
110 138
111 139
112 140
113 141
114 142
114 143
115 143
116 144
117 145
118 146
119 147
120 147
121 147
122 147
123 147
124 147
125 147
126 147
127 147
128 147
129 147
130 147
131 147
132 147
133 147
134 147
135 147
136 147
137 147
138 147
139 147
140 147
141 147
142 147
143 147
144 147
145 147
146 147
147 147
148 147
149 147
150 147
151 147
152 147
153 147
154 147
155 147
156 147
157 147
158 147
159 147
160 147
161 147
162 147
163 147
164 147
165 147
166 147
167 147
168 147
169 147
170 147
171 147
172 147
173 147
174 147
175 147
176 147
100 110
101 110
101 109
101 108
102 108
101 111
101 112
101 113
101 114
101 115
101 116
89 110
89 109
89 108
89 106
89 105
89 104
101 106
101 105
101 104
114 112
114 113
115 113
114 114
114 115
114 116
114 117
114 118
114 119
114 120
114 121
114 122
114 123
114 124
114 125
114 126
114 127
114 128
114 129
114 130
114 131
114 132
116 114
117 115
118 116
119 117
120 118
121 119
122 120
123 121
124 122
125 123
126 124
127 125
128 126
129 127
130 128
131 129
132 130
133 131
134 132
135 132
135 131
136 131
135 130
134 129
133 128
133 127
132 127
132 126
131 126
130 125
129 124
128 123
127 122
126 121
125 120
124 119
123 118
122 117
121 116
120 115
119 114
118 113
117 112
116 111
133 126
134 126
134 127
135 127
136 127
137 127
138 127
139 127
140 127
141 127
142 127
143 127
144 127
145 127
146 127
147 127
137 132
138 133
139 134
140 135
141 136
142 137
143 138
144 139
145 140
146 141
147 142
148 143
149 144
150 144
151 144
152 144
153 144
154 144
155 144
156 144
157 144
158 144
135 133
135 134
136 134
135 135
135 136
135 137
135 138
135 139
135 140
135 141
135 142
135 143
135 144
137 135
138 136
139 137
140 138
141 139
142 140
143 141
144 142
145 143
146 144
115 106
116 106
117 106
118 106
119 106
120 106
121 106
122 106
123 106
124 106
125 106
126 106
127 106
128 106
129 106
89 102
89 101
89 100
89 99
89 98
89 97
89 96
89 95
89 94
89 93
89 92
89 91
83 102
83 101
83 100
83 99
83 98
83 97
83 96
83 95
83 94
83 93
83 92
83 91
72 89
72 88
72 87
72 86
72 85
72 84
72 83
72 82
72 81
72 80
72 79
72 78
72 77
72 76
72 75
72 74
72 73
72 72
72 71
73 71
72 70
72 69
71 69
70 68
69 68
69 67
68 67
67 67
66 67
65 67
64 67
63 67
62 67
61 67
60 67
59 67
58 67
57 67
56 67
55 67
54 67
53 67
52 67
51 67
50 67
50 66
49 66
48 66
47 66
46 66
45 66
44 66
43 66
42 66
41 66
40 66
39 66
38 65
37 64
36 63
35 62
34 61
33 60
32 59
31 58
30 57
51 66
52 66
53 66
54 66
55 66
56 66
57 66
58 66
59 66
60 66
61 66
62 66
63 66
64 66
65 66
66 66
67 66
68 66
69 66
70 66
71 66
72 66
73 66
74 66
75 66
76 66
77 66
78 66
79 66
80 66
81 66
82 66
72 67
72 68
73 68
74 69
75 69
76 69
77 69
78 69
79 69
80 69
81 69
82 69
83 69
84 69
85 69
86 69
87 69
88 69
89 69
90 69
91 69
92 69
93 69
89 68
89 67
89 66
89 65
89 64
89 63
89 62
89 61
88 60
87 59
86 58
85 57
84 56
83 55
82 54
81 53
80 52
79 51
78 50
77 49
76 48
75 47
74 46
73 45
72 44
71 43
70 42
69 41
68 40
67 39
66 38
65 37
64 36
63 35
62 34
61 33
60 32
59 31
58 30
89 70
89 71
89 72
89 73
89 74
89 75
89 76
89 77
89 78
89 79
89 80
89 81
88 81
87 81
86 81
85 80
84 79
83 79
83 78
82 77
81 76
80 75
79 74
78 73
77 72
76 71
75 70
83 80
82 80
81 79
80 78
79 77
78 76
77 75
76 74
75 74
75 73
74 72
75 75
75 76
75 77
75 78
75 79
83 81
83 82
84 82
83 83
83 84
83 85
83 86
83 87
83 88
83 89
85 83
86 84
87 85
88 86
89 86
89 85
90 85
89 84
89 83
88 83
87 82
89 82
90 81
91 81
92 81
93 81
94 81
95 81
96 81
97 81
98 81
99 81
91 86
92 87
93 88
94 89
95 89
96 89
97 89
98 89
99 89
100 89
101 89
102 89
103 89
104 89
105 89
106 89
107 89
108 89
109 89
110 89
111 89
112 89
113 89
114 89
89 87
89 88
90 88
89 89
91 89
71 65
71 64
71 63
71 62
71 61
71 60
71 59
71 58
71 57
70 57
69 56
68 55
67 54
66 53
65 52
64 51
63 50
62 49
61 48
60 47
59 46
58 45
57 44
56 43
55 42
54 41
53 40
52 39
51 38
50 37
49 36
48 35
49 34
50 33
51 34
50 35
51 36
52 35
53 36
52 37
53 38
54 37
55 38
54 39
55 40
56 39
57 40
56 41
57 42
58 41
59 42
58 43
59 44
60 43
61 42
62 41
61 40
60 39
59 38
58 37
57 36
56 35
55 34
54 33
53 32
52 31
63 42
62 43
61 44
60 45
61 46
62 45
63 44
64 43
65 44
64 45
63 46
62 47
63 48
64 47
65 46
66 45
67 46
66 47
65 48
64 49
65 50
66 49
67 48
68 47
69 48
68 49
67 50
66 51
67 52
68 51
69 50
70 49
71 50
71 51
70 51
69 52
68 53
69 54
70 53
71 53
71 52
71 54
71 55
70 55
71 56
70 67
67 65
66 64
65 63
64 62
63 61
62 60
61 59
60 58
59 57
58 56
57 55
56 54
55 53
54 52
53 51
52 50
51 49
50 48
49 47
48 46
47 46
46 46
45 46
44 46
43 46
42 46
41 45
40 44
39 43
38 42
37 41
36 40
55 65
54 64
53 63
52 62
51 61
50 60
49 59
48 58
47 57
46 56
45 55
44 54
43 53
42 52
41 51
40 50
39 49
38 48
37 47
36 46
35 45
34 44
33 43
68 69
67 70
66 71
65 72
64 73
63 74
62 75
62 76
62 77
62 78
62 79
121
92 90
51 90
30 90
31 78
49 78
30 103
97 102
89 52
114 75
101 52
85 34
114 61
97 34
114 44
113 28
130 34
126 52
151 34
137 53
170 31
74 34
158 46
136 70
182 26
166 44
147 64
131 81
194 95
205 95
145 98
181 98
161 105
143 109
204 111
215 111
181 114
160 124
214 128
201 129
181 130
170 136
197 138
194 139
191 141
188 142
187 144
186 145
131 90
215 80
204 79
207 65
183 84
215 48
195 65
204 52
165 89
181 70
171 82
202 41
149 89
194 39
160 75
181 49
148 76
190 35
191 36
184 34
158 57
114 105
70 107
50 111
89 117
30 123
70 126
48 131
23 134
34 135
36 137
49 142
66 144
53 144
54 148
55 150
85 130
85 144
99 130
99 144
114 143
176 147
101 116
114 121
114 132
134 126
147 127
158 144
135 144
146 144
129 106
83 102
72 89
50 67
30 57
71 66
82 66
93 69
58 30
87 81
75 79
99 81
103 89
114 89
48 35
49 34
50 33
61 42
52 31
69 50
48 46
36 40
33 43
62 79
