1103
119 91
118 92
117 93
116 93
115 93
114 93
113 93
112 93
113 94
114 95
115 96
116 97
116 98
116 99
116 100
116 101
116 102
116 103
116 104
116 105
116 106
116 107
116 108
115 109
115 110
115 111
115 112
115 113
115 114
115 115
115 116
115 117
115 118
115 119
115 120
115 121
115 122
114 123
113 124
112 125
111 126
110 126
109 126
108 126
107 126
106 126
105 126
104 126
103 126
102 126
101 126
100 126
99 126
98 126
97 126
96 126
95 126
94 125
93 124
92 123
92 122
92 121
92 120
92 119
92 118
92 117
92 116
92 115
92 114
92 113
92 112
92 111
92 110
92 109
92 108
91 108
90 108
89 108
88 108
87 107
86 106
85 105
84 104
83 103
82 102
82 101
82 100
82 99
82 98
82 97
82 96
81 95
80 94
79 93
78 92
77 91
76 90
75 89
74 88
73 87
72 86
72 85
72 84
72 83
72 82
72 81
72 80
72 79
72 78
72 77
72 76
72 75
72 74
72 73
72 72
71 71
71 70
71 69
71 68
71 67
71 66
71 65
71 64
71 63
71 62
71 61
71 60
71 59
71 58
71 57
71 56
70 56
69 56
68 56
67 56
66 56
65 56
64 56
63 56
62 56
61 56
60 57
59 58
58 59
57 60
56 60
55 60
54 60
53 60
52 60
51 60
50 60
49 60
49 59
49 58
49 57
49 56
49 55
49 54
49 53
49 52
49 51
49 50
48 49
48 48
48 47
48 46
48 45
48 44
48 43
48 42
48 41
48 40
48 39
48 38
47 38
46 39
45 40
44 41
43 41
42 41
41 41
40 41
39 41
38 41
37 41
36 41
35 41
34 42
33 43
32 44
31 45
30 46
29 47
28 48
28 49
28 50
28 51
28 52
49 38
50 38
51 38
52 38
53 38
54 38
55 38
56 37
57 36
58 35
59 34
60 34
61 34
62 34
63 34
64 34
65 34
66 34
67 34
68 34
69 34
70 34
71 34
72 34
73 34
74 34
75 34
76 34
77 34
78 34
79 34
80 34
48 61
47 62
46 63
45 64
44 65
43 66
42 67
41 68
40 69
39 70
38 71
37 72
36 73
35 73
34 73
33 73
32 73
31 73
30 73
29 73
29 74
29 75
29 76
29 77
29 78
29 79
29 80
29 81
29 82
29 83
29 84
29 85
29 86
29 87
29 88
29 89
29 90
29 91
29 92
29 93
29 94
50 61
50 62
50 63
50 64
50 65
50 66
50 67
50 68
50 69
50 70
50 71
72 56
81 103
80 104
79 105
78 106
77 107
76 108
75 108
74 108
73 108
72 108
71 108
70 108
69 108
68 108
67 108
66 107
65 106
64 105
63 104
62 103
61 102
60 101
59 100
58 99
57 98
56 97
55 96
54 95
53 94
52 93
51 92
70 109
71 109
71 110
71 111
71 112
71 113
71 114
71 115
71 116
71 117
71 118
71 119
71 120
71 121
71 122
71 123
69 110
68 111
67 112
66 113
65 113
64 113
63 113
62 113
61 113
60 113
59 113
58 113
57 113
56 113
55 113
54 113
53 113
52 113
51 113
50 114
49 115
48 116
48 117
48 118
48 119
48 120
48 121
48 122
48 123
48 124
48 125
48 126
48 127
48 128
48 129
47 129
46 130
45 131
44 132
43 133
42 134
41 135
40 136
39 137
38 137
37 137
36 137
36 136
36 135
36 134
36 133
36 132
35 131
34 130
33 129
32 128
31 127
31 126
31 125
31 124
31 123
31 122
31 121
31 120
31 119
31 118
30 117
29 116
28 115
48 130
48 131
48 132
48 133
48 134
48 135
48 136
48 137
48 138
48 139
49 140
50 141
51 142
52 143
53 143
54 143
55 143
56 144
57 145
58 145
59 145
60 145
61 145
62 145
63 145
64 145
65 145
66 145
67 145
68 145
69 145
70 145
71 145
72 145
73 145
74 145
93 108
102 127
101 128
100 129
99 130
98 131
97 132
96 133
95 134
95 135
95 136
95 137
95 138
95 139
95 140
95 141
95 142
95 143
95 144
95 145
104 127
105 128
106 129
107 130
108 131
109 132
110 133
111 134
112 135
113 136
114 137
115 138
116 139
116 140
116 141
116 142
116 143
121 91
122 92
123 92
124 92
125 92
126 92
127 92
128 92
129 92
130 92
131 92
132 92
133 92
134 91
135 90
136 89
137 88
138 87
139 86
139 85
139 84
139 83
138 83
137 82
136 81
135 80
134 79
133 78
132 77
131 76
130 75
129 74
128 73
127 72
126 71
126 70
126 69
126 68
126 67
126 66
125 65
124 64
123 63
122 62
121 61
120 60
119 59
118 58
117 57
116 56
115 55
115 54
115 53
115 52
115 51
115 50
115 49
115 48
115 47
114 47
113 46
112 45
111 44
110 43
109 42
108 41
107 40
106 39
105 38
104 37
103 36
102 35
101 34
115 46
115 45
115 44
115 43
115 42
115 41
116 40
117 39
118 38
119 37
120 36
121 35
122 34
125 72
124 72
123 72
122 72
121 72
120 72
119 72
118 72
117 72
116 72
115 72
114 72
113 72
112 73
111 74
110 75
109 76
108 77
107 77
106 77
105 77
104 77
103 77
102 77
101 77
100 77
99 77
98 77
97 76
96 75
95 74
94 73
93 72
92 71
92 70
92 69
92 68
92 67
92 66
92 65
92 64
92 63
92 62
92 61
92 60
92 59
92 58
92 57
93 56
102 78
101 79
100 80
99 81
98 82
97 83
96 84
95 85
94 86
93 86
92 86
91 86
139 82
139 81
139 80
139 79
139 78
139 77
139 76
139 75
139 74
140 73
141 72
142 71
142 70
142 69
142 68
142 67
142 66
142 65
142 64
142 63
142 62
141 61
140 60
139 59
138 58
137 57
137 56
136 56
138 56
139 56
140 56
141 56
142 56
143 56
144 55
145 54
146 53
147 52
147 51
147 50
147 49
147 48
147 47
147 46
147 45
147 44
147 43
147 42
147 41
147 40
147 39
147 38
146 37
145 36
144 35
143 34
148 53
149 54
150 55
151 56
152 56
153 56
154 56
155 56
156 56
157 56
158 56
159 56
160 56
161 56
162 56
163 55
164 54
165 53
166 52
167 51
168 50
169 49
170 48
171 47
172 46
173 46
174 46
175 46
176 46
177 46
178 46
179 46
180 46
181 46
182 46
183 46
184 45
185 45
186 45
187 45
188 45
189 45
190 45
191 45
192 45
193 44
194 43
195 42
196 41
197 41
198 41
199 41
200 41
201 41
202 41
203 41
204 41
205 41
206 41
207 41
197 42
198 43
199 44
200 45
201 46
202 47
203 48
204 49
205 50
205 51
205 52
204 53
203 54
202 55
201 56
200 57
199 58
198 58
197 58
196 58
195 58
194 58
193 59
192 60
191 61
190 62
189 63
188 64
187 65
186 66
185 66
184 66
183 66
182 66
181 66
195 59
196 60
197 61
198 62
199 63
200 64
201 65
202 66
203 67
204 68
204 69
204 70
204 71
204 72
204 73
205 73
206 73
207 73
208 73
209 73
210 73
211 73
212 73
213 73
214 73
215 73
184 44
184 43
184 42
184 41
184 40
184 39
183 38
182 37
181 36
180 35
179 34
172 45
172 44
172 43
172 42
171 41
170 40
169 39
168 38
167 37
166 36
165 35
164 34
125 93
126 94
127 95
128 96
129 97
130 98
131 99
132 100
133 101
134 102
134 103
134 104
134 105
134 106
134 107
134 108
135 108
136 108
137 108
138 108
139 108
140 108
141 108
142 108
143 108
144 108
145 108
146 108
147 108
148 108
149 108
150 108
151 108
152 108
153 108
154 108
155 108
156 108
157 108
158 108
159 108
160 107
161 106
162 105
163 104
164 104
163 103
163 102
163 101
163 100
163 99
163 98
163 97
163 96
162 95
161 94
160 93
160 92
160 91
160 90
160 89
160 88
160 87
160 86
160 85
160 84
160 83
160 82
160 81
160 80
160 79
160 78
160 77
161 76
162 75
165 103
166 102
167 101
168 100
169 99
170 98
171 97
172 96
173 95
174 94
175 93
176 92
177 91
178 90
179 89
180 88
181 87
182 88
183 89
184 90
185 91
186 91
187 91
188 91
189 91
190 91
191 91
192 91
193 91
194 91
195 92
196 93
197 94
198 94
199 94
200 94
201 94
202 94
203 94
204 94
205 94
204 95
203 96
202 97
201 98
200 99
199 100
198 101
197 102
196 103
195 104
194 105
194 106
193 107
192 108
191 108
190 108
189 108
188 108
187 108
186 108
185 108
184 108
183 108
182 108
181 108
195 107
196 108
197 109
198 110
199 111
200 112
201 113
202 114
203 115
204 115
205 115
204 116
203 117
202 118
202 119
202 120
202 121
202 122
202 123
202 124
202 125
202 126
202 127
201 128
200 129
199 130
198 131
197 132
196 133
195 134
194 135
193 136
192 137
192 138
191 138
190 138
189 137
188 136
187 135
186 134
185 133
184 132
183 131
182 130
181 129
191 139
190 140
190 141
190 142
189 143
188 143
187 143
186 143
185 143
184 143
183 143
182 143
181 143
180 143
179 143
203 128
204 129
205 130
206 130
207 130
208 130
209 130
210 130
211 130
212 130
213 130
135 109
136 110
136 111
136 112
136 113
136 114
136 115
136 116
136 117
136 118
136 119
136 120
136 121
136 122
136 123
137 124
138 125
139 126
140 127
141 128
142 128
143 128
144 128
145 128
146 128
147 128
148 128
149 128
150 128
151 128
152 128
153 128
154 127
155 126
156 125
157 124
158 123
148 129
149 130
150 131
151 132
152 133
153 134
154 135
155 136
156 137
157 138
158 139
158 140
158 141
158 142
158 143
158 144
158 145
146 129
145 130
144 131
143 132
142 133
141 134
140 135
139 136
138 137
137 138
137 139
137 140
137 141
137 142
137 143
137 144
137 145
83
112 93
116 108
115 122
103 126
92 123
82 102
72 86
71 71
61 56
49 60
48 49
47 38
35 41
28 52
59 34
80 34
29 73
29 94
50 71
72 56
71 108
51 92
71 123
51 113
48 128
36 137
31 127
28 115
48 139
55 143
74 145
93 108
95 145
116 143
124 92
139 86
126 71
115 55
101 34
122 34
113 72
103 77
92 71
93 56
91 86
142 71
136 56
147 52
143 34
158 56
172 46
184 45
196 41
207 41
205 52
194 58
181 66
204 73
215 73
179 34
164 34
134 108
149 108
163 104
160 93
162 75
181 87
194 91
205 94
194 106
181 108
205 115
202 127
192 138
181 129
190 142
179 143
213 130
136 123
147 128
158 123
158 145
137 145
