3316
119 90
118 90
117 90
116 90
115 90
114 90
113 90
112 90
111 90
110 90
109 90
108 90
107 90
106 90
105 90
104 90
103 90
102 90
101 90
100 90
99 90
98 90
97 90
96 90
95 90
94 90
93 90
92 90
91 90
90 90
89 90
88 90
87 90
86 90
85 90
84 90
83 90
82 90
81 90
80 90
79 90
78 90
77 90
76 90
75 90
74 90
73 90
72 90
71 90
70 90
69 90
68 90
67 90
66 90
65 90
64 90
63 90
62 90
61 90
60 90
59 90
58 90
57 90
56 90
55 90
54 90
53 90
52 90
51 90
50 90
49 90
48 90
47 90
46 90
45 90
44 90
43 90
42 90
41 90
40 90
39 90
38 90
37 90
36 90
35 90
34 90
33 90
32 90
31 89
30 88
51 89
52 88
51 87
50 86
49 85
48 84
47 83
46 82
45 81
44 80
43 79
42 78
41 77
40 76
39 75
38 74
37 73
36 72
35 71
34 70
33 69
53 89
83 89
83 88
83 87
83 86
83 85
84 85
83 84
83 83
82 83
81 82
80 81
79 80
78 79
77 78
76 77
76 76
75 76
74 75
73 74
72 74
71 74
71 73
72 73
72 72
71 72
70 71
69 70
68 69
67 68
66 67
65 67
65 66
66 66
67 65
68 64
69 63
70 62
71 61
72 61
72 60
72 59
71 59
70 59
69 59
68 59
67 59
66 59
65 59
64 59
63 59
62 59
61 59
60 59
59 59
58 59
57 59
56 59
55 59
54 59
53 59
52 59
51 59
50 59
49 59
48 59
47 59
46 59
45 59
44 59
43 59
42 59
41 59
40 59
39 59
38 58
37 57
36 56
35 55
34 54
33 53
32 52
31 51
30 50
57 58
56 57
55 56
54 55
53 54
52 53
51 52
50 51
49 50
48 49
47 49
46 49
45 49
44 49
43 49
42 49
41 49
40 48
39 47
38 46
37 45
36 44
35 43
34 42
33 41
45 48
44 47
43 46
42 45
41 44
40 43
39 42
38 41
37 40
48 48
48 47
48 46
48 45
48 44
48 43
48 42
47 42
46 41
45 40
44 39
43 38
44 37
45 38
46 39
47 40
48 40
48 39
48 38
48 37
47 37
46 36
48 36
48 35
49 34
50 35
51 36
52 37
53 38
54 39
55 40
56 41
57 42
58 43
59 44
60 45
61 46
62 47
63 48
64 49
65 50
66 51
67 52
68 53
69 54
70 55
71 56
72 57
73 57
73 56
73 55
73 54
73 53
73 52
73 51
73 50
72 49
71 48
73 58
73 59
74 60
75 61
76 62
77 63
78 64
79 65
80 66
81 67
82 68
83 68
83 67
83 66
83 65
83 64
83 63
83 62
83 61
83 60
83 59
83 58
83 57
82 56
81 55
80 54
79 53
78 52
77 51
76 50
75 49
74 48
73 47
72 46
71 45
70 44
69 43
68 42
67 41
66 40
65 39
64 38
63 37
62 36
61 35
60 34
83 69
83 70
84 70
83 71
83 72
83 73
83 74
83 75
83 76
82 76
81 76
80 76
79 76
78 76
77 76
83 77
83 78
83 79
83 80
83 81
83 82
85 71
86 71
87 71
88 71
89 71
90 71
91 71
92 71
93 71
86 72
87 73
88 74
89 75
90 76
91 77
92 78
93 79
94 80
95 81
96 82
97 83
98 84
99 85
100 86
101 87
102 88
103 89
48 41
59 60
60 61
61 62
62 62
62 63
63 64
64 65
72 62
72 63
72 64
72 65
72 66
72 67
72 68
72 69
72 70
72 71
64 68
63 69
62 69
61 69
60 69
59 69
58 69
57 69
56 69
55 69
54 69
53 69
52 69
51 69
71 75
72 75
72 76
72 77
72 78
72 79
72 80
72 81
72 82
72 83
72 84
72 85
72 86
85 86
86 87
87 88
88 89
83 91
83 92
83 93
83 94
83 95
83 96
83 97
83 98
83 99
83 100
83 101
83 102
83 103
83 104
83 105
82 105
81 105
80 105
79 105
78 105
77 105
76 105
75 105
74 105
73 105
72 105
71 105
70 105
69 105
68 105
67 105
66 105
83 106
83 107
83 108
82 108
81 108
80 108
79 108
78 108
77 108
76 108
75 108
74 108
73 108
72 108
71 108
70 108
69 108
68 108
67 108
66 108
65 108
64 108
63 108
62 108
61 108
60 108
59 108
58 108
57 108
56 108
55 108
54 108
53 108
52 108
51 108
50 108
49 108
48 108
47 108
46 108
45 108
44 108
43 108
42 108
41 108
40 108
39 108
38 108
37 108
36 108
35 108
34 108
33 108
84 108
85 108
86 108
87 108
88 108
89 108
90 108
91 108
92 108
93 108
94 108
95 108
96 108
97 108
98 108
99 108
100 108
101 108
102 108
101 109
101 110
100 110
99 111
98 112
97 113
96 114
95 115
94 116
93 117
92 117
92 118
93 118
93 119
94 119
93 120
93 121
93 122
93 123
95 120
96 121
97 122
98 123
99 124
100 125
101 125
101 124
101 123
101 122
101 121
101 120
101 119
101 118
101 117
101 116
101 115
101 114
101 113
101 112
101 111
101 126
101 127
102 127
101 128
101 129
101 130
101 131
101 132
101 133
101 134
101 135
101 136
101 137
101 138
101 139
101 140
101 141
101 142
101 143
101 144
103 128
104 129
105 130
106 131
107 132
108 133
109 134
110 135
111 136
112 136
112 135
112 134
112 133
112 132
112 131
112 130
112 129
112 128
112 127
112 126
112 125
112 124
112 123
112 122
112 121
112 120
112 119
112 118
112 117
112 116
112 115
112 114
113 114
112 113
112 112
111 112
110 111
109 110
108 109
107 108
106 107
106 106
105 106
104 106
104 105
103 105
102 105
101 105
100 105
99 105
98 105
97 105
96 105
95 105
94 105
93 105
92 105
91 105
90 105
89 105
88 105
87 105
86 105
85 105
84 105
102 104
103 104
102 103
101 102
100 101
99 100
98 99
97 98
96 97
95 96
94 95
93 94
93 93
92 93
91 92
90 91
105 105
106 104
107 103
108 102
109 101
110 100
111 99
112 99
113 99
112 98
111 97
110 96
109 95
108 94
107 93
107 92
106 92
105 91
108 92
109 92
110 92
111 92
112 92
113 97
114 96
115 95
116 94
117 93
118 92
119 91
121 90
120 89
121 89
122 89
123 89
123 88
122 88
123 87
124 87
125 87
125 86
124 86
125 85
126 85
127 85
127 84
126 84
127 83
128 83
129 83
129 82
128 82
129 81
130 81
131 81
131 80
130 80
131 79
132 79
133 79
133 78
132 78
133 77
134 77
135 77
135 76
134 76
135 75
136 75
137 75
136 74
137 73
138 72
139 71
140 70
141 69
142 68
143 67
144 66
145 65
146 64
147 63
148 62
149 61
150 60
151 59
152 58
153 57
154 56
155 55
156 54
157 53
158 52
159 51
160 50
161 49
162 48
163 47
164 46
165 45
166 44
167 43
159 53
158 54
157 55
156 56
155 57
154 58
153 59
152 60
151 61
150 62
149 63
148 64
147 65
146 66
145 67
144 68
143 69
142 70
141 71
140 72
139 73
138 74
136 76
134 78
132 80
130 82
128 84
126 86
124 88
123 90
122 90
121 91
122 92
123 93
124 93
125 93
126 93
127 93
128 93
129 93
130 93
131 93
132 93
133 93
134 93
135 93
136 93
137 93
138 93
139 93
140 93
141 93
142 93
143 93
144 93
145 93
146 93
147 93
148 93
149 93
150 93
151 93
152 93
153 93
154 93
155 93
156 93
157 93
158 93
159 93
160 93
161 93
162 93
163 93
164 93
165 93
166 93
167 93
168 93
169 93
170 93
171 93
172 93
173 93
174 93
175 93
176 93
177 93
178 93
179 93
180 93
181 93
182 93
183 93
184 93
185 93
186 93
187 93
124 94
125 95
126 96
127 96
128 96
129 96
130 96
131 96
132 96
133 96
134 96
135 96
136 96
137 96
138 96
139 96
140 96
141 96
142 96
143 96
144 96
145 96
146 96
147 96
148 96
149 96
150 96
151 96
152 96
153 96
154 96
155 96
156 96
157 96
158 96
159 96
160 96
161 96
162 96
163 96
164 96
165 96
166 96
167 96
168 96
169 96
170 96
171 96
172 96
173 96
174 96
175 96
176 96
177 96
178 96
179 96
180 96
181 96
182 96
183 96
184 96
185 96
186 96
187 96
188 96
189 96
190 96
191 96
192 96
193 96
194 96
127 97
128 98
129 98
130 98
131 98
132 98
133 98
134 98
135 98
136 98
137 98
138 98
139 98
140 98
141 98
142 98
143 98
144 98
145 98
146 98
147 98
148 98
149 98
150 98
151 98
152 98
153 98
154 98
155 98
156 98
157 98
158 98
159 98
160 98
161 98
162 98
163 98
164 98
165 98
166 98
167 98
168 98
169 98
170 98
171 98
172 98
173 98
174 98
175 98
176 98
177 98
178 98
179 98
180 98
181 98
182 98
183 98
184 98
185 98
186 98
187 98
188 98
189 98
190 98
191 98
192 98
193 98
194 98
195 98
196 98
197 98
198 98
199 98
200 98
201 98
202 98
203 98
204 98
205 98
129 99
130 100
131 101
132 102
133 103
134 104
135 105
136 105
137 105
138 105
139 105
140 105
141 105
142 105
143 105
144 105
145 105
146 105
147 105
148 105
149 105
150 105
151 105
152 105
153 105
154 105
155 105
156 105
157 105
158 105
159 105
160 105
161 105
136 106
137 107
138 108
139 108
140 108
141 108
142 108
143 108
139 109
140 110
141 110
142 110
143 110
144 110
145 110
146 110
147 110
148 110
149 110
150 110
151 110
152 110
153 110
154 110
155 110
156 110
157 110
158 110
159 110
160 110
161 110
162 110
163 110
164 110
165 110
166 110
167 110
168 110
169 110
170 110
171 110
172 110
173 110
174 110
175 110
176 110
177 110
178 110
179 110
180 110
181 110
182 110
183 110
184 110
185 110
186 110
187 110
188 110
189 110
190 110
191 110
192 110
193 110
194 110
195 110
196 110
197 110
198 110
199 110
200 110
201 110
202 110
203 110
204 110
181 111
180 111
179 111
178 111
177 111
176 111
175 111
174 111
173 111
172 111
171 111
170 111
169 111
168 111
167 111
166 111
165 111
164 111
163 111
162 111
161 111
160 111
159 111
158 111
157 111
156 111
155 111
154 111
153 111
152 111
151 111
150 111
149 111
148 111
147 111
146 111
145 111
144 111
143 111
142 111
141 111
142 112
143 113
144 114
145 114
146 114
147 114
148 114
149 114
150 114
151 114
152 114
153 114
154 114
155 114
156 114
157 114
158 114
159 114
160 114
161 114
162 114
163 114
164 114
165 114
166 114
167 114
168 114
169 114
170 114
171 114
172 114
173 114
174 114
175 114
176 114
177 114
178 114
179 114
180 114
181 114
182 114
183 114
184 114
185 114
186 114
187 114
188 114
189 114
190 114
191 114
192 114
193 114
194 114
195 114
196 114
197 114
198 114
199 114
200 114
201 114
202 114
203 114
204 114
205 114
206 114
207 114
208 114
209 114
210 114
211 114
212 114
213 114
214 114
215 114
145 115
146 116
147 117
148 118
149 119
150 120
151 121
152 122
153 123
154 123
155 123
156 123
157 123
158 123
159 123
160 123
161 123
162 123
163 123
164 123
165 123
166 123
167 123
168 123
169 123
170 123
171 123
172 123
173 123
174 123
175 123
176 123
177 123
178 123
179 123
180 123
181 123
182 123
183 123
184 123
185 123
186 123
187 123
188 123
189 123
190 123
191 123
192 123
193 123
194 123
195 123
196 123
197 123
198 123
199 123
200 123
201 123
202 123
203 123
204 123
154 124
155 125
156 126
157 127
158 128
159 129
160 129
161 129
162 129
163 129
164 129
165 129
166 129
167 129
168 129
169 129
170 129
171 129
172 129
173 129
174 129
175 129
176 129
177 129
178 129
179 129
180 129
181 129
182 129
183 129
184 129
185 129
186 129
187 129
188 129
189 129
190 129
191 129
192 129
193 129
194 129
195 129
196 129
197 129
198 129
199 129
200 129
201 129
202 129
203 129
204 129
205 129
206 129
207 129
208 129
209 129
210 129
211 129
212 129
213 129
214 129
215 129
160 130
161 131
162 132
163 132
164 132
165 132
166 132
167 132
168 132
169 132
170 132
171 132
172 132
173 132
174 132
175 132
176 132
177 132
178 132
179 132
180 132
181 132
163 133
164 134
165 135
166 135
167 135
168 135
169 135
170 135
171 135
172 135
173 135
174 135
175 135
176 135
177 135
178 135
179 135
180 135
181 135
182 135
183 135
184 135
185 135
186 135
187 135
188 135
189 135
190 135
191 135
192 135
193 135
194 135
195 135
196 135
197 135
166 136
167 137
168 138
169 139
170 139
171 139
172 139
173 139
174 139
175 139
176 139
177 139
178 139
179 139
180 139
181 139
182 139
183 139
184 139
185 139
186 139
187 139
188 139
189 139
190 139
191 139
192 139
193 139
194 139
195 139
193 140
192 140
191 140
190 140
189 140
188 140
187 140
186 140
185 140
184 140
183 140
182 140
181 140
180 140
179 140
178 140
177 140
176 140
175 140
174 140
173 140
172 140
171 140
170 140
171 141
172 141
173 141
174 141
175 141
176 141
177 141
178 141
179 141
180 141
181 141
182 141
183 141
184 141
185 141
186 141
187 141
188 141
189 141
190 141
191 141
192 141
172 142
173 143
174 143
175 143
176 143
177 143
178 143
179 143
180 143
181 143
182 143
183 143
184 143
185 143
186 143
187 143
188 143
189 143
187 144
186 144
185 144
184 144
183 144
182 144
181 144
180 144
179 144
178 144
177 144
176 144
175 144
174 144
175 145
175 146
174 146
173 146
172 146
171 146
170 146
169 146
168 146
167 146
166 146
165 146
164 146
163 146
162 146
161 146
160 146
159 146
158 146
157 146
156 146
155 146
154 146
153 146
152 146
151 146
150 146
149 146
148 146
147 146
146 146
145 146
144 146
143 146
142 146
141 146
140 146
139 146
138 146
137 146
136 146
135 146
134 146
133 146
132 146
131 146
130 146
129 146
128 146
127 146
126 146
125 146
124 146
123 146
122 146
121 146
120 145
119 144
118 143
117 142
116 141
115 140
114 139
113 138
112 138
112 137
112 139
112 140
112 141
112 142
112 143
176 146
177 146
178 146
179 146
180 146
181 146
182 146
183 146
184 146
185 146
186 146
124 90
125 90
126 90
127 90
128 90
129 90
130 90
131 90
132 90
133 90
134 90
135 90
136 90
137 90
138 90
139 90
140 90
141 90
142 90
143 90
144 90
145 90
146 90
147 90
148 90
149 90
150 90
151 90
152 90
153 90
154 90
155 90
156 90
157 90
158 90
159 90
160 90
161 90
162 90
163 90
164 90
165 90
166 90
167 90
168 90
169 90
170 90
171 90
172 90
173 90
174 90
175 90
176 90
177 90
178 90
179 90
180 90
181 90
182 90
183 90
184 90
185 90
186 90
187 90
188 90
189 90
190 90
191 90
192 90
193 90
194 90
195 90
196 90
197 90
198 90
199 90
200 90
201 90
202 90
203 90
204 90
205 90
206 90
207 89
208 88
209 87
210 86
211 85
212 84
213 83
214 82
215 81
196 89
197 88
198 87
199 86
200 85
201 84
202 83
203 82
204 81
180 89
181 88
182 87
183 86
184 85
185 84
186 83
187 82
188 81
189 80
190 79
191 78
192 77
193 76
194 75
195 74
196 73
197 72
198 71
199 70
200 69
201 68
202 67
203 66
204 65
205 64
172 89
173 88
174 87
175 86
176 85
177 84
178 83
179 82
180 81
181 80
182 79
183 78
184 77
185 76
186 75
187 74
188 73
189 72
190 71
191 70
192 69
193 68
194 67
195 66
196 65
197 64
198 63
199 62
200 61
201 60
202 59
203 58
204 57
205 56
206 55
207 54
208 53
209 52
210 51
211 50
212 49
213 48
214 47
169 89
170 88
171 87
172 86
173 85
174 84
175 83
176 82
177 81
178 80
179 79
180 78
181 77
182 76
183 75
184 74
185 73
186 72
187 71
188 70
189 69
190 68
191 67
192 66
193 65
194 64
166 89
167 88
168 87
169 86
170 85
171 84
172 83
173 82
174 81
175 80
176 79
177 78
178 77
179 76
180 75
181 74
160 89
161 88
162 87
163 86
164 85
165 84
166 83
167 82
168 81
169 80
170 79
171 78
172 77
173 76
174 75
175 74
176 73
177 72
178 71
179 70
180 69
181 68
182 67
183 66
184 65
185 64
186 63
187 62
188 61
189 60
190 59
191 58
192 57
193 56
194 55
195 54
196 53
197 52
198 51
199 50
200 49
201 48
202 47
152 89
153 88
154 87
155 86
156 85
157 84
158 83
159 82
160 81
161 80
162 79
163 78
164 77
165 76
166 75
167 74
168 73
169 72
170 71
171 70
172 69
173 68
174 67
175 66
176 65
177 64
178 63
179 62
180 61
181 60
148 89
149 88
150 87
151 86
152 85
153 84
154 83
155 82
156 81
157 80
158 79
159 78
160 77
161 76
162 75
163 74
164 73
165 72
166 71
167 70
168 69
169 68
170 67
171 66
172 65
173 64
174 63
175 62
176 61
177 60
178 59
179 58
180 57
181 56
182 55
183 54
184 53
185 52
186 51
187 50
188 49
189 48
190 47
191 46
192 45
193 44
194 43
195 42
196 41
197 40
198 39
144 89
145 88
146 87
147 86
148 85
149 84
150 83
151 82
152 81
153 80
154 79
155 78
156 77
157 76
158 75
159 74
160 73
161 72
162 71
163 70
164 69
165 68
166 67
167 66
168 65
169 64
170 63
171 62
172 61
173 60
174 59
175 58
176 57
177 56
178 55
179 54
180 53
181 52
182 51
183 50
184 49
185 48
186 47
187 46
188 45
189 44
190 43
191 42
192 41
193 40
194 39
195 38
141 89
140 89
139 89
140 88
141 88
142 88
142 87
141 87
142 86
143 86
144 86
144 85
143 85
144 84
145 84
146 84
146 83
145 83
146 82
147 82
148 82
148 81
147 81
148 80
149 80
150 80
150 79
149 79
150 78
151 78
152 78
152 77
151 77
152 76
153 76
154 76
154 75
153 75
154 74
155 74
156 74
156 73
155 73
156 72
157 72
158 72
158 71
157 71
158 70
159 69
160 68
161 67
162 66
163 65
164 64
165 63
166 62
167 61
168 60
169 59
170 58
171 57
172 56
173 55
174 54
175 53
176 52
177 51
178 50
179 49
180 48
181 47
182 46
183 45
184 44
185 43
186 42
187 41
188 40
189 39
190 38
191 37
192 36
193 37
192 38
191 39
190 40
189 41
188 42
187 43
186 44
185 45
184 46
183 47
182 48
181 49
180 50
179 51
178 52
177 53
176 54
175 55
174 56
173 57
172 58
171 59
170 60
169 61
168 62
167 63
166 64
165 65
164 66
163 67
162 68
161 69
160 70
159 71
157 73
155 75
153 77
151 79
149 81
147 83
145 85
143 87
135 89
134 89
133 88
132 87
131 87
131 88
130 88
130 89
129 89
128 88
127 89
129 87
130 86
131 85
132 84
133 83
134 82
135 81
136 80
137 79
138 78
139 77
140 76
141 75
142 74
143 73
144 72
145 71
146 70
147 69
148 68
149 67
150 66
151 65
152 64
153 63
154 62
155 61
156 60
157 59
158 58
159 57
160 56
161 55
162 54
163 53
164 52
165 51
166 50
167 49
168 48
169 47
170 46
171 45
172 44
173 43
174 42
175 41
176 40
177 39
178 38
179 37
180 36
181 35
182 34
183 33
184 32
185 31
132 86
133 86
134 85
135 84
136 83
137 82
138 81
139 80
140 79
141 78
142 77
143 76
144 75
145 74
146 73
147 72
148 71
149 70
150 69
151 68
152 67
153 66
154 65
155 64
156 63
157 62
158 61
159 60
160 59
161 58
162 57
163 56
164 55
165 54
166 53
167 52
168 51
169 50
170 49
171 48
172 47
173 46
174 45
175 44
176 43
177 42
178 41
179 40
180 39
181 38
182 37
183 36
184 35
185 34
186 33
187 32
188 33
187 34
186 35
185 36
184 37
183 38
182 39
181 40
180 41
179 42
178 43
177 44
176 45
175 46
174 47
173 48
172 49
171 50
170 51
169 52
168 53
167 54
166 55
165 56
164 57
163 58
162 59
161 60
160 61
159 62
158 63
157 64
156 65
155 66
154 67
153 68
152 69
151 70
150 71
149 72
148 73
147 74
146 75
145 76
144 77
143 78
142 79
141 80
140 81
139 82
138 83
137 84
136 85
135 86
134 87
135 88
136 88
136 87
137 87
137 86
138 86
138 85
139 85
139 84
140 84
140 83
141 83
141 82
142 82
142 81
143 81
143 80
144 80
144 79
145 79
145 78
146 78
146 77
147 77
147 76
148 76
149 75
150 74
151 73
152 72
153 71
154 70
155 69
156 68
157 67
158 66
159 65
160 64
161 63
162 62
163 61
164 60
165 59
166 58
167 57
168 56
169 55
170 54
171 53
172 52
173 51
174 50
175 49
176 48
177 47
178 46
179 45
180 44
181 43
182 42
183 41
184 40
185 39
186 38
187 37
188 36
189 35
132 89
120 88
120 87
120 86
120 85
121 85
120 84
119 84
118 83
117 82
116 81
115 80
114 79
113 78
112 77
111 76
110 75
109 74
108 73
107 72
106 71
105 70
104 69
103 68
102 67
101 66
100 65
99 64
98 63
97 62
96 61
95 60
94 59
93 58
92 57
91 56
90 55
89 54
88 53
87 52
86 51
85 50
84 49
83 48
82 47
120 83
120 82
120 81
121 81
120 80
120 79
120 78
120 77
119 77
119 76
118 76
118 75
117 75
117 74
116 74
116 73
115 73
114 72
113 71
112 70
111 69
110 68
109 67
108 66
107 65
106 64
105 63
104 62
103 61
102 60
101 59
100 58
99 57
98 56
97 55
96 54
95 53
94 52
93 51
120 76
120 75
120 74
120 73
119 73
118 72
117 71
116 70
115 69
114 68
113 67
112 66
111 65
110 64
109 63
108 62
107 61
106 60
105 59
104 58
103 57
102 56
101 55
100 54
99 53
98 52
97 51
96 50
95 49
94 48
93 47
92 46
91 45
90 44
89 43
88 42
87 41
86 40
85 39
84 38
83 37
82 36
81 35
80 34
120 72
120 71
121 71
120 70
120 69
120 68
120 67
120 66
121 66
120 65
120 64
120 63
121 63
120 62
119 62
118 61
117 60
116 59
115 58
114 57
113 56
112 55
120 61
120 60
120 59
119 59
118 58
117 57
116 56
115 55
114 54
113 53
112 52
111 51
110 50
109 49
108 48
107 47
106 46
105 45
104 44
103 43
102 42
101 41
100 40
99 39
98 38
97 37
96 36
95 35
94 34
120 58
120 57
120 56
120 55
120 54
120 53
120 52
120 51
120 50
120 49
120 48
120 47
120 46
120 45
119 45
118 44
117 43
116 42
115 41
114 40
113 39
112 38
111 37
110 36
109 35
108 34
120 44
120 43
120 42
120 41
120 40
120 39
120 38
120 37
120 36
120 35
120 34
121 45
122 44
123 43
124 42
125 41
126 40
127 39
128 38
129 37
130 36
131 35
132 34
122 62
123 61
124 60
125 59
126 58
127 57
128 56
129 55
130 54
122 65
123 64
124 63
125 62
126 61
127 60
128 59
129 58
130 57
131 56
132 55
133 54
134 53
135 52
136 51
137 50
138 49
139 48
140 47
141 46
142 45
143 44
144 43
145 42
146 41
147 40
148 39
149 38
150 37
151 36
152 35
153 34
122 70
123 69
124 68
125 67
126 66
127 65
128 64
129 63
130 62
131 61
132 60
133 59
134 58
135 57
136 56
137 55
138 54
139 53
140 52
141 51
142 50
143 49
144 48
122 80
123 79
124 78
125 77
126 76
127 75
128 74
129 73
130 72
131 71
132 70
133 69
134 68
135 67
136 66
137 65
138 64
139 63
140 62
141 61
122 84
123 83
124 82
125 81
126 80
127 79
128 78
129 77
130 76
131 75
132 74
133 73
134 72
135 71
136 70
137 69
138 68
139 67
140 66
141 65
142 64
143 63
144 62
145 61
146 60
147 59
148 58
149 57
150 56
151 55
152 54
153 53
154 52
155 51
156 50
157 49
158 48
159 47
160 46
161 45
162 44
163 43
164 42
165 41
166 40
167 39
168 38
169 37
170 36
171 35
172 34
173 33
174 32
112 100
112 101
112 102
112 103
112 104
112 105
112 106
112 107
112 108
112 109
112 110
112 111
114 100
115 101
115 102
116 102
115 103
115 104
115 105
115 106
115 107
115 108
115 109
115 110
115 111
115 112
115 113
115 114
115 115
114 115
115 116
115 117
116 117
115 118
115 119
115 120
115 121
115 122
115 123
115 124
115 125
115 126
115 127
115 128
115 129
115 130
115 131
115 132
117 118
118 119
119 120
120 121
121 122
122 123
123 123
123 122
123 121
123 120
123 119
123 118
123 117
123 116
123 115
123 114
123 113
123 112
123 111
123 110
124 110
123 109
122 108
121 107
120 106
120 105
119 105
118 104
117 103
121 105
122 105
123 105
124 105
125 105
126 105
127 105
128 105
129 105
125 111
126 112
127 113
128 114
129 115
130 116
131 117
132 118
133 119
134 120
135 121
136 122
137 123
136 124
135 124
134 124
133 124
132 124
131 124
130 124
129 124
128 124
127 124
126 124
125 124
124 124
123 124
123 125
124 125
123 126
123 127
123 128
123 129
123 130
123 131
123 132
123 133
123 134
123 135
123 136
123 137
123 138
123 139
123 140
123 141
123 142
123 143
123 144
125 126
126 127
127 128
128 129
129 130
130 131
131 132
132 133
133 134
134 135
134 136
135 136
134 137
134 138
134 139
134 140
134 141
134 142
134 143
136 137
137 138
138 139
139 140
140 141
141 142
142 143
143 143
144 143
145 143
146 143
147 143
148 143
149 143
150 143
151 143
152 143
153 143
154 143
155 143
138 124
139 125
140 126
141 126
142 126
143 126
144 126
145 126
146 126
147 126
103 107
107 106
108 106
109 106
91 119
90 120
90 121
89 121
88 122
87 123
86 123
85 123
84 123
83 123
82 123
81 123
80 123
79 123
78 123
77 123
76 123
75 123
74 123
73 123
72 123
71 123
86 124
85 125
84 126
83 126
82 126
82 127
81 127
80 127
79 127
78 127
77 127
76 127
75 127
74 127
73 127
72 127
71 127
70 127
69 127
68 127
67 127
66 127
65 127
64 127
63 127
62 127
61 127
60 127
59 127
58 127
57 127
56 127
55 127
54 127
53 127
52 127
51 127
50 127
49 127
48 127
47 127
46 127
45 127
44 127
43 127
42 127
41 127
40 127
39 127
38 127
37 127
36 127
35 127
34 127
33 127
32 127
31 127
30 127
48 128
49 128
50 128
51 128
52 128
53 128
54 128
55 128
56 128
57 128
58 128
59 128
60 128
61 128
62 128
63 128
64 128
65 128
66 128
67 128
68 128
69 128
70 128
71 128
72 128
73 128
74 128
75 128
76 128
77 128
78 128
79 128
80 128
81 128
82 128
81 129
80 130
79 131
78 132
77 133
76 134
75 135
74 136
73 136
72 136
71 136
70 136
69 136
68 136
67 136
66 136
65 136
64 136
63 136
62 136
61 136
60 136
59 136
58 136
57 136
56 136
55 136
54 136
53 136
52 136
51 136
50 136
49 136
48 136
47 136
46 136
45 136
44 136
43 136
42 136
41 136
40 136
39 136
38 136
37 136
36 136
35 136
34 136
33 136
37 137
38 137
39 137
40 137
41 137
42 137
43 137
44 137
45 137
46 137
47 137
48 137
49 137
50 137
51 137
52 137
53 137
54 137
55 137
56 137
57 137
58 137
59 137
60 137
61 137
62 137
63 137
64 137
65 137
66 137
67 137
68 137
69 137
70 137
71 137
72 137
73 137
72 138
71 139
70 139
69 139
68 139
67 139
66 139
65 139
64 139
63 139
62 139
61 139
60 139
59 139
58 139
57 139
56 139
55 139
54 139
53 139
52 139
51 139
50 139
49 139
48 139
47 139
46 139
45 139
44 139
43 139
42 139
44 140
45 140
46 140
47 140
48 140
49 140
50 140
51 140
52 140
53 140
54 140
55 140
56 140
57 140
58 140
59 140
60 140
61 140
62 140
63 140
64 140
65 140
66 140
67 140
68 140
69 140
70 140
69 141
68 141
67 141
66 141
65 141
64 141
63 141
62 141
61 141
60 141
59 141
58 141
57 141
56 141
55 141
54 141
53 141
52 141
51 141
50 141
49 141
48 141
47 141
48 142
49 142
50 142
51 142
52 142
53 142
54 142
55 142
56 142
57 142
58 142
59 142
60 142
61 142
62 142
63 142
64 142
65 142
66 142
67 142
68 142
69 142
69 143
67 143
66 143
65 143
64 143
63 143
62 143
61 143
60 143
59 143
58 143
57 143
56 143
55 143
54 143
53 143
52 143
51 143
50 143
49 143
53 144
54 144
55 144
56 144
57 144
58 144
59 144
60 144
61 144
62 144
63 144
64 144
65 144
66 144
65 145
64 146
63 147
62 148
61 148
60 148
59 148
58 148
57 148
56 148
55 148
54 148
61 149
60 150
59 150
58 150
57 150
56 150
55 150
83 127
90 122
90 123
90 124
90 125
90 126
90 127
90 128
90 129
90 130
90 131
90 132
90 133
90 134
90 135
90 136
90 137
90 138
90 139
90 140
90 141
90 142
90 143
91 116
90 115
89 114
88 113
87 112
86 111
85 110
84 109
117
30 88
51 89
33 69
30 50
48 49
33 41
37 40
43 38
44 37
46 36
48 35
49 34
71 48
73 59
60 34
82 76
93 71
62 62
51 69
71 75
72 86
66 105
83 108
51 108
33 108
93 123
101 144
112 119
102 105
93 93
112 92
136 75
167 43
159 53
172 93
187 93
194 96
205 98
161 105
143 108
204 110
181 111
215 114
158 123
204 123
215 129
181 132
168 135
197 135
195 139
193 140
192 141
189 143
187 144
175 146
112 143
186 146
215 81
204 81
205 64
214 47
194 64
181 74
202 47
181 60
151 86
198 39
195 38
158 71
181 47
192 36
193 37
185 31
132 86
187 32
188 33
147 76
189 35
82 47
116 73
93 51
80 34
112 55
94 34
108 34
120 34
132 34
130 54
153 34
144 48
141 61
174 32
115 132
122 105
129 105
136 124
123 144
134 143
155 143
147 126
109 106
71 123
82 126
30 127
48 128
33 136
37 137
42 139
44 140
47 141
48 142
69 143
49 143
53 144
54 148
55 150
90 143
