1093
121 90
120 89
120 88
120 87
120 86
120 85
120 84
120 83
120 82
120 81
119 80
118 79
117 78
116 77
115 76
114 75
113 74
112 75
111 76
110 77
109 77
108 77
107 77
106 77
105 77
104 77
103 77
102 77
101 77
100 77
99 77
98 77
97 76
96 75
95 74
94 73
93 72
92 71
91 71
90 71
89 71
88 71
87 71
86 70
85 69
84 68
83 67
82 66
81 65
80 64
79 63
78 62
77 61
76 60
75 59
74 58
73 57
72 56
71 56
70 56
69 56
68 56
67 56
66 56
65 56
64 56
63 56
62 56
61 56
60 55
59 54
58 53
57 52
56 51
55 50
54 49
53 48
52 47
51 46
50 45
49 44
48 44
47 44
46 44
45 44
44 44
43 44
42 44
41 44
40 44
39 44
38 43
37 42
36 41
35 40
34 41
33 42
33 43
33 44
33 45
33 46
33 47
33 48
33 49
33 50
33 51
32 52
31 53
30 54
29 55
28 56
28 57
28 58
28 59
28 60
28 61
28 62
28 63
28 64
28 65
28 66
28 67
28 68
28 69
28 70
28 71
28 72
49 43
49 42
49 41
49 40
49 39
49 38
49 37
49 36
49 35
49 34
50 33
51 34
52 34
53 34
54 34
55 34
56 34
57 34
58 34
59 34
60 34
61 34
62 34
63 34
64 34
65 34
66 34
67 34
68 34
69 34
70 34
71 34
72 34
73 34
74 34
75 34
76 34
77 34
78 34
79 34
80 34
81 34
82 34
60 57
59 58
58 59
57 60
56 61
55 62
54 63
53 64
52 65
51 65
50 65
71 57
71 58
71 59
71 60
71 61
71 62
71 63
71 64
71 65
71 66
71 67
71 68
71 69
71 70
71 71
72 72
72 73
72 74
72 75
72 76
72 77
72 78
72 79
72 80
72 81
72 82
72 83
72 84
72 85
72 86
71 87
70 88
69 89
68 90
67 91
66 92
65 93
64 94
63 95
62 96
61 96
61 97
61 98
61 99
61 100
61 101
61 102
61 103
61 104
60 105
59 106
58 107
57 107
56 107
55 107
54 107
53 107
52 107
51 107
50 107
49 107
48 107
47 107
46 106
45 105
44 104
43 103
42 102
41 101
40 100
39 99
38 98
37 97
36 96
35 95
34 94
33 93
49 108
48 109
47 110
46 111
45 112
44 113
43 114
42 114
41 114
40 114
39 114
38 114
37 114
36 114
35 114
34 114
33 114
32 114
31 114
30 114
31 115
31 116
31 117
31 118
31 119
31 120
31 121
31 122
31 123
31 124
31 125
31 126
31 127
32 128
33 129
34 130
35 131
36 132
36 133
36 134
36 135
36 136
36 137
37 137
38 137
39 137
40 136
41 135
42 134
43 133
44 132
45 131
46 130
47 129
48 129
48 128
48 130
48 131
48 132
48 133
48 134
48 135
48 136
48 137
48 138
48 139
49 140
50 141
51 142
52 143
53 143
54 143
55 143
56 144
57 145
58 145
59 145
60 145
61 145
62 145
63 145
64 145
65 145
66 145
67 145
68 145
69 145
70 145
71 145
72 145
73 145
74 145
62 105
63 106
64 107
65 108
66 108
67 108
68 108
69 108
70 108
71 108
72 108
71 109
71 110
71 111
71 112
71 113
71 114
71 115
71 116
71 117
71 118
71 119
71 120
71 121
71 122
71 123
60 95
59 94
58 93
57 92
56 91
55 90
54 89
53 88
52 87
51 86
92 70
92 69
92 68
92 67
92 66
92 65
92 64
92 63
92 62
92 61
92 60
92 59
92 58
92 57
93 56
102 78
101 79
100 80
99 81
98 82
97 83
96 84
95 85
94 86
93 87
92 88
92 89
92 90
92 91
92 92
92 93
93 94
93 95
93 96
93 97
93 98
93 99
93 100
93 101
93 102
93 103
93 104
93 105
93 106
93 107
93 108
92 109
92 110
92 111
92 112
92 113
92 114
92 115
92 116
92 117
92 118
92 119
92 120
92 121
92 122
92 123
92 124
93 125
94 125
95 125
96 125
97 125
98 125
99 125
100 125
101 125
102 125
103 125
104 125
105 125
106 125
107 125
108 125
109 125
110 125
111 125
112 125
113 124
114 123
115 122
104 126
105 127
106 128
107 129
108 130
109 131
110 132
111 133
112 134
113 135
114 136
115 137
116 138
116 139
116 140
116 141
116 142
116 143
102 126
101 127
100 128
99 129
98 130
97 131
96 132
95 133
95 134
95 135
95 136
95 137
95 138
95 139
95 140
95 141
95 142
95 143
95 144
95 145
119 91
118 92
117 93
116 93
115 93
114 93
113 93
114 94
115 95
115 96
115 97
115 98
115 99
115 100
115 101
115 102
115 103
115 104
115 105
122 90
123 90
124 90
125 90
126 90
127 90
128 90
129 90
130 90
131 89
132 88
133 87
134 86
134 85
134 84
134 83
134 82
134 81
134 80
134 79
134 78
134 77
134 76
134 75
134 74
134 73
135 72
136 71
137 71
138 71
139 71
140 71
141 71
142 71
143 71
144 71
145 71
146 71
147 71
148 71
149 71
150 71
151 71
152 71
153 71
154 71
155 71
156 71
157 71
158 71
147 70
147 69
147 68
147 67
148 66
149 65
150 64
151 63
152 62
153 61
154 60
155 59
156 58
157 57
158 56
159 56
160 56
161 56
162 56
163 56
164 56
165 56
166 56
167 56
168 56
169 55
170 54
171 53
172 52
173 53
174 54
175 55
176 56
177 57
178 58
179 59
180 60
181 61
181 62
181 63
181 64
182 64
183 64
184 64
185 64
186 64
187 64
188 64
189 64
190 64
191 64
192 64
193 63
194 62
195 62
196 62
197 62
198 62
199 62
200 62
201 62
202 62
203 62
204 62
205 62
194 61
195 60
196 59
197 58
198 57
199 56
200 55
201 54
202 53
203 52
204 51
205 50
206 49
207 48
206 47
205 46
204 45
203 44
202 43
201 42
200 41
199 40
198 41
197 42
196 43
195 43
194 43
193 43
192 43
191 43
190 43
189 43
188 43
187 43
187 42
187 41
187 40
187 39
187 38
186 37
185 36
184 35
183 34
182 33
181 32
180 33
179 34
178 34
177 34
176 34
175 34
174 34
173 34
172 34
171 34
170 34
169 34
168 34
167 34
166 34
182 65
183 66
184 67
185 68
186 69
187 70
188 71
189 72
190 73
191 74
192 75
193 76
194 77
194 78
194 79
194 80
194 81
194 82
194 83
195 83
196 83
197 83
198 83
199 83
200 83
201 83
202 83
203 83
204 83
205 83
193 84
192 85
191 85
190 85
189 85
188 85
187 85
186 85
185 85
184 85
183 85
182 85
181 85
136 70
136 69
136 68
136 67
136 66
136 65
136 64
136 63
136 62
136 61
136 60
136 59
136 58
136 57
136 56
135 56
134 56
133 56
132 56
131 55
130 54
129 53
128 52
127 51
127 50
126 50
126 49
126 48
126 47
126 46
126 45
126 44
126 43
126 42
126 41
126 40
126 39
126 38
126 37
126 36
125 35
124 34
125 51
124 52
123 53
122 54
121 55
120 55
119 55
118 55
117 55
116 55
115 55
114 55
114 54
114 53
114 52
114 51
114 50
114 49
114 48
114 47
114 46
114 45
113 44
112 43
111 42
110 41
109 40
108 39
107 38
106 37
105 36
104 35
103 34
128 50
129 50
130 49
131 48
132 47
133 46
134 45
135 44
136 43
137 42
138 41
139 40
140 39
141 38
142 37
143 36
144 35
145 34
137 56
135 87
136 88
137 89
138 90
139 91
140 92
141 93
142 93
143 93
144 93
145 93
146 93
147 93
148 93
149 93
150 93
151 93
152 93
153 93
154 92
155 91
156 90
157 89
158 88
159 87
160 86
147 94
147 95
147 96
147 97
147 98
147 99
147 100
147 101
147 102
147 103
147 104
147 105
147 106
147 107
147 108
146 108
145 108
144 108
143 108
142 108
141 108
140 108
139 108
138 108
137 108
136 108
135 108
148 109
149 110
150 111
151 112
152 113
153 114
154 115
155 116
156 117
157 118
158 118
158 117
158 116
158 115
159 114
160 113
161 112
162 111
163 110
164 109
165 108
166 107
167 107
168 107
169 107
170 107
171 107
172 107
173 107
174 107
175 107
176 107
177 107
178 107
179 107
180 107
181 106
182 107
183 108
184 109
185 110
186 111
187 112
188 113
189 114
190 115
191 116
192 116
193 116
194 116
194 115
194 114
195 113
196 112
197 111
198 110
199 109
200 108
201 107
202 106
203 105
204 104
205 104
206 104
207 104
208 104
209 104
210 104
211 104
212 104
213 104
214 104
215 104
193 117
192 118
191 119
190 120
189 121
188 122
187 123
186 124
185 125
184 126
183 127
182 127
181 127
195 117
196 118
197 119
198 120
199 121
200 122
201 123
202 124
203 125
204 125
205 125
204 126
203 127
202 128
201 129
200 130
199 130
198 130
197 130
196 130
195 130
194 130
193 131
192 132
191 133
190 134
190 135
190 136
190 137
190 138
190 139
190 140
190 141
189 142
188 143
187 143
186 143
185 143
184 143
183 143
182 143
181 143
180 143
179 143
206 126
207 127
207 128
207 129
207 130
207 131
207 132
207 133
207 134
207 135
207 136
158 119
158 120
158 121
158 122
158 123
157 124
156 125
155 126
154 127
153 128
152 129
151 129
150 129
149 129
148 129
147 129
146 129
145 129
144 129
143 129
142 129
141 128
140 127
139 126
138 125
137 124
136 123
146 130
145 131
144 132
143 133
142 134
141 135
140 136
139 137
138 138
137 139
137 140
137 141
137 142
137 143
137 144
137 145
148 130
149 131
150 132
151 133
152 134
153 135
154 136
155 137
156 138
157 139
158 140
158 141
158 142
158 143
158 144
158 145
81
113 74
103 77
92 71
72 56
61 56
49 44
35 40
33 51
28 72
50 33
61 34
82 34
50 65
71 71
72 86
61 104
50 107
33 93
30 114
31 127
36 137
48 128
48 139
55 143
74 145
72 108
71 123
51 86
93 56
92 93
93 108
92 124
103 125
115 122
116 143
95 145
113 93
115 105
134 86
136 71
147 71
158 71
158 56
172 52
181 64
194 62
205 62
207 48
199 40
187 43
181 32
166 34
194 83
205 83
181 85
126 50
124 34
114 55
103 34
145 34
137 56
146 93
160 86
147 108
135 108
166 107
181 106
194 116
204 104
215 104
181 127
205 125
194 130
190 141
179 143
207 136
158 123
147 129
136 123
137 145
158 145
