1099
119 90
118 90
117 90
116 90
115 90
114 90
120 89
120 88
120 87
120 86
120 85
120 84
121 83
122 82
123 81
124 80
125 79
126 78
127 77
128 76
129 75
129 74
128 74
127 74
126 74
125 74
124 74
123 74
122 74
121 74
120 74
119 74
118 74
117 73
116 72
115 71
114 70
113 70
112 69
111 68
110 67
109 66
108 65
107 64
106 63
105 62
104 61
103 60
102 59
101 58
100 57
99 56
98 55
97 54
96 53
95 52
94 52
93 51
92 50
91 49
90 48
89 47
88 46
87 45
86 44
85 43
84 42
83 41
82 40
81 39
80 38
79 37
78 36
77 35
76 34
95 51
95 50
95 49
95 48
95 47
95 46
95 45
95 44
95 43
95 42
95 41
95 40
95 39
95 38
95 37
95 36
96 35
97 34
114 69
114 68
114 67
114 66
114 65
114 64
114 63
114 62
114 61
114 60
114 59
114 58
114 57
115 56
116 55
116 54
116 53
116 52
116 51
116 50
116 49
116 48
116 47
116 46
116 45
116 44
116 43
116 42
116 41
116 40
116 39
116 38
116 37
116 36
117 35
118 34
130 74
130 73
130 72
130 71
130 70
130 69
130 68
130 67
130 66
130 65
130 64
130 63
130 62
131 61
132 60
133 59
134 58
135 57
136 56
137 56
138 56
139 56
140 56
141 56
142 56
143 55
144 54
145 53
146 52
147 51
147 50
147 49
147 48
147 47
147 46
148 46
147 45
147 44
147 43
147 42
146 41
145 40
144 39
143 38
142 37
141 36
140 35
139 34
149 45
150 44
151 43
152 42
153 41
154 40
155 39
156 38
157 37
158 36
159 35
160 34
148 52
149 53
150 54
151 55
152 56
153 56
154 56
155 56
156 56
157 56
158 56
137 57
138 58
139 59
140 60
141 61
142 62
143 63
144 64
145 65
146 66
147 67
148 68
149 69
150 70
150 71
151 71
152 71
153 71
154 71
155 71
156 71
157 71
158 71
159 71
160 71
161 71
162 72
163 73
164 74
165 75
166 76
167 77
168 78
168 79
168 80
168 81
168 82
168 83
168 84
168 85
168 86
169 86
170 86
171 86
172 86
173 86
174 86
175 86
176 86
177 86
178 86
179 86
180 86
181 86
182 87
183 88
184 89
185 90
186 91
187 91
188 91
189 91
190 91
191 91
192 91
193 91
194 91
195 91
196 91
197 91
198 90
199 89
200 88
201 87
202 86
203 85
204 84
205 83
205 82
204 81
203 80
202 79
201 78
200 77
199 76
198 75
197 74
196 73
195 72
195 71
194 71
193 71
192 71
191 71
190 71
189 71
188 71
187 71
186 70
185 69
184 68
183 67
182 66
181 65
196 71
197 70
198 69
199 68
200 67
201 66
202 65
203 64
204 63
205 62
205 61
205 60
205 59
205 58
205 57
205 56
205 55
205 54
205 53
204 52
203 51
203 50
202 50
202 49
201 48
200 47
199 46
198 45
197 44
196 43
195 42
194 41
193 40
192 39
191 40
190 41
189 42
188 43
187 44
186 44
185 44
184 44
183 44
182 44
181 44
181 43
181 42
181 41
181 40
181 39
181 38
181 37
181 36
181 35
181 34
180 33
204 50
205 50
206 50
207 50
208 50
209 50
210 50
211 50
212 50
213 50
214 49
195 92
196 93
197 94
198 95
199 96
200 97
201 98
202 99
203 100
204 101
204 102
204 103
204 104
205 104
206 104
207 104
208 104
209 104
210 104
211 104
212 104
213 104
214 104
215 104
203 105
202 106
201 107
200 108
199 109
198 110
197 111
196 112
195 113
194 114
194 115
194 116
193 116
192 116
191 116
190 116
189 115
188 114
187 113
186 112
185 111
184 110
183 109
182 108
181 107
180 108
179 108
178 108
177 108
176 108
175 108
174 108
173 108
172 108
171 108
170 108
169 108
168 108
167 108
166 108
165 108
164 108
163 108
162 108
161 108
160 108
159 108
158 108
157 108
167 109
166 110
165 111
164 112
163 113
162 114
161 115
160 116
159 117
158 118
158 119
158 120
158 121
158 122
158 123
193 117
192 118
191 119
190 120
189 121
188 122
187 123
186 124
185 125
184 126
183 127
182 128
181 128
195 117
196 118
197 119
198 120
199 121
200 122
201 123
202 124
203 125
204 125
205 125
204 126
203 127
202 128
201 129
200 130
199 130
198 130
197 130
196 130
195 130
194 130
193 131
192 132
191 133
190 134
189 135
188 136
188 137
188 138
188 139
188 140
188 141
187 142
186 143
185 143
184 143
183 143
182 143
181 143
180 143
179 143
178 143
177 143
176 144
175 145
174 145
173 145
172 145
171 145
170 145
169 145
168 145
167 145
166 145
165 145
164 145
163 145
162 145
161 145
160 145
159 145
158 145
157 145
156 145
206 126
207 127
207 128
207 129
207 130
207 131
207 132
207 133
207 134
207 135
207 136
167 87
166 88
165 89
164 90
163 91
162 92
161 93
160 93
159 93
158 93
157 93
156 93
121 91
122 92
123 93
124 93
125 93
126 93
127 93
128 93
129 93
130 93
131 93
132 93
133 93
134 93
135 93
136 94
136 95
136 96
136 97
136 98
136 99
136 100
136 101
136 102
136 103
136 104
136 105
136 106
136 107
136 108
137 109
137 110
137 111
137 112
137 113
137 114
137 115
137 116
137 117
137 118
137 119
137 120
137 121
137 122
137 123
136 124
135 124
134 124
133 124
132 124
131 124
130 124
129 124
128 124
127 124
126 124
126 123
126 122
125 121
124 120
123 119
122 118
121 117
120 116
119 115
118 114
117 113
116 112
115 111
114 112
113 113
112 114
111 115
110 116
109 117
108 118
107 119
106 120
105 121
104 122
103 122
103 121
103 120
103 119
103 118
102 117
101 116
100 115
99 114
98 113
97 112
96 111
95 110
94 109
93 108
92 108
91 108
90 108
89 108
88 108
87 108
86 108
85 107
84 106
83 105
82 104
82 103
83 103
82 102
82 101
82 100
82 99
82 98
82 97
82 96
81 95
80 94
79 93
78 92
77 91
76 90
75 89
74 88
73 87
72 86
72 85
73 84
74 83
75 82
76 81
77 80
78 79
79 78
80 77
81 76
81 75
80 75
79 75
78 75
77 75
76 75
75 75
74 74
73 73
72 72
71 71
71 70
71 69
71 68
71 67
71 66
71 65
71 64
71 63
71 62
71 61
71 60
72 59
73 58
74 57
74 56
73 56
72 56
71 56
70 56
69 56
68 56
67 56
66 56
65 56
64 56
63 56
62 56
61 56
60 57
59 58
58 59
57 60
56 60
55 60
54 60
53 60
52 60
51 60
51 59
51 58
51 57
51 56
51 55
51 54
51 53
51 52
50 51
49 50
48 49
47 49
46 49
45 49
44 49
43 49
42 48
41 47
40 46
39 45
38 44
37 43
36 42
35 41
34 42
33 43
32 44
31 45
30 46
29 47
29 48
29 49
29 50
29 51
29 52
48 48
48 47
48 46
48 45
48 44
48 43
48 42
48 41
48 40
48 39
48 38
49 38
50 38
51 38
52 37
53 36
54 35
55 34
50 61
50 62
50 63
50 64
50 65
50 66
50 67
50 68
50 69
50 70
50 71
49 72
48 73
47 73
46 73
45 73
44 73
43 73
42 73
41 73
40 73
39 73
38 73
37 73
36 73
35 73
34 73
33 73
32 73
31 73
30 74
29 75
29 76
29 77
29 78
29 79
29 80
29 81
29 82
29 83
29 84
29 85
29 86
29 87
29 88
29 89
29 90
29 91
29 92
29 93
29 94
75 56
82 75
83 75
84 75
85 75
86 75
87 75
88 75
89 75
90 74
91 73
92 72
93 71
84 102
85 101
86 100
87 99
88 98
89 97
90 96
91 95
92 94
93 93
81 105
80 106
79 107
78 108
77 108
76 108
75 108
74 108
73 108
72 108
71 108
70 108
69 108
68 108
67 108
66 107
65 106
64 105
63 104
62 103
61 102
60 101
59 100
58 99
57 98
56 97
55 96
54 95
53 94
52 93
51 92
50 93
50 94
50 95
50 96
50 97
50 98
50 99
50 100
50 101
50 102
50 103
50 104
50 105
50 106
50 107
50 108
49 109
48 110
47 111
46 112
45 113
44 114
43 115
42 116
41 117
40 118
39 119
38 120
37 121
36 122
35 123
34 124
33 125
32 126
31 126
31 125
31 124
31 123
31 122
31 121
31 120
31 119
31 118
30 117
29 116
28 115
31 127
32 128
33 129
34 130
35 131
36 132
36 133
36 134
36 135
36 136
36 137
37 137
38 137
39 137
40 136
41 135
42 134
43 133
44 132
45 131
46 130
47 129
48 129
48 128
48 130
48 131
48 132
48 133
48 134
48 135
48 136
48 137
48 138
48 139
49 140
50 141
51 142
52 143
53 143
54 143
55 143
56 144
57 145
58 145
59 145
60 145
61 145
62 145
63 145
64 145
65 145
66 145
67 145
68 145
69 145
70 145
71 145
72 145
71 109
71 110
71 111
71 112
71 113
71 114
71 115
71 116
71 117
71 118
71 119
71 120
71 121
71 122
71 123
103 123
102 123
101 123
100 123
99 123
98 123
97 123
96 123
95 123
94 123
93 123
92 123
104 124
105 125
106 126
107 127
108 128
109 128
110 128
111 128
112 128
113 128
112 129
111 130
110 131
109 132
108 133
107 134
106 135
105 136
104 137
103 138
102 139
101 140
100 141
99 142
98 143
97 144
96 145
95 145
94 145
93 145
114 129
114 130
114 131
114 132
114 133
114 134
114 135
114 136
114 137
114 138
114 139
114 140
114 141
114 142
114 143
127 125
128 126
129 127
130 128
131 129
132 130
133 131
134 132
135 133
135 134
135 135
135 136
135 137
135 138
135 139
135 140
135 141
135 142
135 143
135 144
135 145
82
114 90
114 70
95 52
76 34
97 34
116 55
118 34
130 74
136 56
147 51
139 34
160 34
158 56
150 71
161 71
168 86
181 86
194 91
205 83
194 71
181 65
205 62
202 50
192 39
181 44
180 33
214 49
204 104
215 104
194 116
181 107
168 108
157 108
158 123
181 128
205 125
194 130
188 141
177 143
156 145
207 136
156 93
135 93
136 108
137 123
126 124
115 111
93 108
82 104
72 86
71 71
61 56
51 60
48 49
35 41
29 52
48 38
55 34
50 71
31 73
29 94
75 56
82 75
93 71
93 93
71 108
51 92
50 108
28 115
31 127
36 137
48 128
48 139
55 143
72 145
71 123
103 123
92 123
113 128
93 145
114 143
135 145
