1121
120 89
120 88
120 87
120 86
121 85
122 84
123 83
124 82
125 81
126 80
127 79
128 78
129 77
130 77
131 77
132 77
133 77
134 77
135 77
136 76
137 75
138 74
139 73
140 72
141 71
141 70
141 69
141 68
141 67
141 66
141 65
141 64
141 63
141 62
141 61
140 60
139 59
138 58
137 57
137 56
136 56
138 56
139 56
140 56
141 56
142 56
143 56
144 56
145 56
146 55
147 54
147 53
147 52
147 51
147 50
147 49
147 48
147 47
147 46
146 46
145 45
144 44
143 43
142 42
141 41
140 40
139 39
138 38
137 37
136 36
135 35
134 34
147 45
147 44
147 43
147 42
148 41
149 40
150 39
151 38
152 37
153 36
154 35
155 34
148 55
149 56
150 56
151 56
152 56
153 56
154 56
155 56
156 56
157 56
158 56
159 57
160 58
160 59
160 60
160 61
160 62
160 63
160 64
160 65
160 66
160 67
160 68
160 69
160 70
160 71
161 72
162 73
163 74
164 75
165 76
166 77
167 78
168 79
169 80
169 81
169 82
169 83
169 84
169 85
169 86
168 87
167 88
166 89
165 90
164 91
163 92
162 93
161 93
160 93
159 93
158 93
159 94
160 95
161 96
162 97
163 98
164 99
165 100
166 101
167 102
168 103
168 104
168 105
167 106
166 107
165 108
164 108
163 108
162 108
161 108
160 108
159 108
158 108
157 108
158 109
158 110
158 111
158 112
158 113
158 114
158 115
158 116
158 117
158 118
158 119
158 120
158 121
158 122
158 123
157 124
156 124
155 124
154 124
153 124
152 124
151 124
150 124
149 124
148 124
147 124
146 124
145 124
144 124
143 124
142 124
141 124
140 124
139 124
138 124
137 124
136 123
136 122
136 121
136 120
136 119
136 118
136 117
136 116
136 115
136 114
136 113
136 112
136 111
136 110
136 109
136 108
136 107
136 106
136 105
136 104
136 103
136 102
136 101
136 100
136 99
136 98
136 97
136 96
136 95
136 94
137 93
146 125
145 126
144 127
143 128
142 129
141 130
140 131
139 132
138 133
137 134
136 135
135 136
134 137
134 138
134 139
134 140
134 141
134 142
134 143
134 144
134 145
169 106
170 107
171 108
172 109
173 110
174 110
175 110
176 110
177 110
178 110
179 110
180 110
181 110
182 110
183 110
184 110
185 110
186 110
187 110
188 110
189 110
190 110
191 109
192 108
193 107
194 106
194 105
195 104
196 103
197 102
198 101
199 100
200 99
201 98
202 97
203 96
204 95
204 94
203 94
202 94
201 94
200 94
199 94
198 94
197 93
196 92
195 91
194 90
194 89
194 88
194 87
194 86
194 85
194 84
194 83
195 82
196 81
197 80
198 79
199 78
200 77
201 76
202 75
203 74
204 73
205 73
206 73
207 73
208 73
209 73
210 73
211 73
212 73
213 73
214 73
215 73
204 72
204 71
204 70
204 69
204 68
203 67
202 66
201 65
200 64
199 63
198 62
197 61
196 60
195 59
195 58
194 58
194 57
194 56
194 55
194 54
194 53
194 52
194 51
194 50
194 49
194 48
194 47
194 46
194 45
194 44
194 43
193 42
192 41
191 40
190 39
189 38
188 37
187 36
186 36
185 36
184 36
183 36
182 36
181 36
180 36
179 36
178 36
177 35
176 34
186 37
185 38
184 39
183 40
182 41
181 42
181 43
181 44
181 45
181 46
181 47
193 59
192 60
191 61
190 62
189 63
188 64
187 65
186 66
185 67
184 68
183 68
182 68
181 68
196 58
197 58
198 58
199 58
200 57
201 56
202 55
203 54
204 53
205 52
205 51
205 50
205 49
205 48
205 47
205 46
205 45
205 44
205 43
206 42
207 41
205 94
195 107
196 108
197 109
198 110
199 111
200 112
201 113
202 114
203 115
204 115
205 115
204 116
203 117
202 118
202 119
202 120
202 121
202 122
202 123
202 124
202 125
202 126
202 127
201 128
200 129
199 130
198 131
197 132
196 133
195 134
194 135
193 136
192 137
192 138
191 138
190 138
189 138
188 138
187 137
186 136
185 135
184 134
183 133
182 132
181 131
191 139
190 140
189 141
188 142
187 142
186 143
185 144
184 145
183 145
182 145
181 145
180 145
179 145
178 145
177 145
176 145
175 145
174 145
173 145
172 145
171 145
170 145
169 145
168 145
167 145
166 145
165 145
164 145
163 145
162 145
161 145
160 145
159 145
158 145
157 145
156 145
155 145
203 128
204 129
205 130
206 131
207 132
208 133
209 133
210 133
211 133
212 133
213 133
170 87
171 88
172 89
173 89
174 89
175 89
176 89
177 89
178 89
179 89
180 89
181 89
119 91
118 92
117 93
116 93
115 93
114 93
113 93
112 93
111 93
110 93
109 93
108 93
107 93
106 93
105 93
104 93
103 93
102 93
101 93
100 93
99 92
98 91
97 90
96 89
95 88
94 87
93 86
93 85
94 84
95 83
96 82
97 81
98 80
99 79
100 78
101 77
102 76
102 75
101 75
100 75
99 75
98 75
97 75
96 75
95 74
94 73
93 72
92 71
92 70
92 69
92 68
92 67
92 66
92 65
92 64
92 63
92 62
92 61
92 60
92 59
92 58
92 57
93 56
94 56
95 56
96 56
97 56
98 56
99 56
100 56
101 56
102 56
103 56
104 56
105 56
106 56
107 56
108 56
109 56
110 56
111 56
112 55
112 54
112 53
111 53
110 52
109 51
108 50
107 49
106 48
105 47
104 46
103 45
102 44
101 43
100 42
99 41
98 40
97 39
96 38
95 37
94 36
93 35
92 34
112 52
112 51
112 50
112 49
112 48
112 47
112 46
112 45
112 44
112 43
112 42
112 41
112 40
112 39
112 38
112 37
112 36
112 35
113 34
103 75
104 75
105 75
106 75
107 75
108 75
109 75
110 75
111 75
112 75
113 75
104 94
103 95
102 96
101 97
100 98
99 99
98 100
97 101
96 102
95 103
94 104
93 105
93 106
93 107
93 108
92 108
91 108
90 108
89 108
88 108
87 108
86 108
85 108
84 108
83 108
82 108
81 108
80 108
79 108
78 108
77 108
76 108
75 108
74 108
73 108
72 108
71 108
70 108
69 108
68 107
67 106
66 105
65 104
64 103
63 102
62 101
61 100
60 99
59 98
58 97
57 96
56 95
55 94
54 93
53 92
52 91
52 90
51 90
50 91
49 92
49 93
49 94
49 95
49 96
49 97
49 98
49 99
49 100
49 101
49 102
49 103
49 104
49 105
49 106
49 107
53 89
54 88
55 87
56 86
57 85
58 84
59 83
60 82
61 81
62 80
63 79
64 78
65 77
66 76
67 75
68 74
69 73
70 72
71 71
71 70
71 69
71 68
71 67
71 66
71 65
71 64
71 63
71 62
71 61
71 60
71 59
71 58
71 57
71 56
70 56
69 56
68 56
67 56
66 56
65 56
64 56
63 55
62 54
61 53
60 53
59 53
58 53
57 53
56 53
55 53
54 53
53 53
52 53
51 52
50 51
49 50
48 49
48 48
48 47
48 46
48 45
48 44
48 43
48 42
48 41
48 40
47 39
47 38
46 38
45 39
44 40
43 40
42 40
41 40
40 40
39 40
38 40
37 40
36 40
35 40
34 41
33 42
33 43
33 44
33 45
33 46
33 47
33 48
33 49
33 50
33 51
33 52
33 53
33 54
33 55
33 56
33 57
33 58
33 59
33 60
33 61
33 62
48 38
49 38
50 38
51 38
52 38
53 37
54 36
55 35
55 34
55 33
55 32
55 31
55 30
55 29
55 28
55 27
55 26
56 25
57 24
58 25
59 26
60 27
61 28
62 29
63 30
64 31
65 32
66 33
67 34
68 34
69 34
70 34
71 34
60 54
59 55
58 56
57 57
56 58
55 59
54 60
53 61
52 62
51 63
50 64
50 65
50 66
50 67
50 68
50 69
50 70
49 71
48 72
47 73
46 74
45 75
44 76
43 77
42 78
41 79
40 80
39 81
38 82
37 83
36 83
35 83
34 83
33 83
32 83
31 83
72 56
72 72
72 73
72 74
72 75
72 76
72 77
72 78
72 79
72 80
72 81
72 82
72 83
72 84
72 85
72 86
81 109
80 110
79 111
78 112
77 113
76 114
75 115
74 116
73 117
72 118
72 119
72 120
72 121
72 122
72 123
71 124
70 125
69 126
68 127
67 128
66 129
65 129
64 129
63 129
62 129
61 129
60 129
59 129
58 129
57 129
56 129
55 129
54 129
53 129
52 129
51 129
50 129
49 129
48 129
47 129
46 130
45 131
44 132
43 133
42 134
41 135
40 136
39 136
38 136
37 136
36 136
36 135
36 134
36 133
35 132
34 131
33 130
32 129
31 128
30 127
29 126
28 125
28 124
28 123
28 122
28 121
28 120
28 119
28 118
28 117
28 116
28 115
28 114
28 113
28 112
28 111
28 110
28 109
28 108
28 107
28 106
28 105
28 104
48 128
48 130
48 131
48 132
48 133
48 134
48 135
48 136
48 137
48 138
48 139
49 140
50 141
51 142
52 143
53 143
54 143
55 143
62 130
63 131
64 132
65 133
66 134
67 135
68 136
69 137
70 138
71 139
71 140
71 141
71 142
71 143
71 144
71 145
72 145
73 145
74 145
75 145
76 145
77 145
78 145
79 145
80 145
81 145
82 145
83 145
84 145
85 145
86 145
87 145
88 145
89 145
90 145
91 145
92 145
93 109
93 110
93 111
93 112
93 113
93 114
93 115
93 116
93 117
93 118
93 119
93 120
93 121
93 122
93 123
94 124
95 125
96 126
97 127
98 128
99 129
100 130
101 131
102 132
103 133
104 134
105 135
106 136
107 137
108 138
109 139
110 140
111 141
112 142
113 143
116 94
116 95
116 96
116 97
116 98
116 99
116 100
116 101
116 102
116 103
116 104
116 105
116 106
116 107
116 108
116 109
116 110
116 111
115 112
114 113
114 114
114 115
114 116
114 117
114 118
114 119
114 120
114 121
114 122
84
129 77
141 71
136 56
147 54
134 34
155 34
158 56
160 71
169 86
158 93
168 105
157 108
158 123
147 124
136 123
136 108
137 93
134 145
181 110
194 106
194 90
204 73
215 73
194 58
194 47
187 36
176 34
181 47
181 68
205 52
207 41
205 94
205 115
202 127
192 138
181 131
187 142
176 145
155 145
213 133
181 89
116 93
105 93
93 86
92 71
93 56
112 55
92 34
113 34
103 75
113 75
93 108
82 108
71 108
51 90
49 107
71 71
61 53
48 49
46 38
35 40
33 50
33 62
55 35
57 24
71 34
50 70
31 83
72 56
72 86
72 123
61 129
36 136
28 125
28 104
48 128
48 139
55 143
71 145
92 145
93 123
113 143
116 111
114 122
