1089
119 90
118 90
117 90
116 89
115 88
114 87
113 86
119 91
118 92
117 93
116 94
115 95
114 96
113 97
112 98
112 99
112 100
112 101
112 102
112 103
112 104
112 105
111 106
110 107
109 108
108 108
107 108
106 108
105 108
104 108
103 108
102 108
101 108
100 108
99 108
98 108
97 108
96 108
95 108
94 108
93 108
92 108
102 109
101 110
100 111
99 112
98 113
97 114
96 115
95 116
94 117
93 118
93 119
93 120
93 121
93 122
93 123
94 124
95 125
96 126
97 127
98 128
99 129
100 130
101 131
102 132
103 133
104 134
105 135
106 136
107 137
108 138
109 139
110 140
111 141
112 142
113 143
104 109
105 110
106 111
107 112
108 113
109 114
110 115
111 116
112 117
113 118
114 119
115 120
115 121
115 122
113 106
114 107
115 108
116 108
117 108
118 108
119 108
120 108
121 108
122 108
123 108
124 108
125 108
126 108
127 108
128 108
129 108
130 108
131 108
132 108
133 108
134 108
135 108
136 108
137 108
127 109
128 110
129 111
130 112
131 113
132 114
133 115
134 116
135 117
136 118
136 119
136 120
136 121
136 122
136 123
137 124
138 125
139 126
140 126
141 126
142 126
143 126
144 126
145 126
146 126
147 126
148 126
149 126
150 126
151 126
152 126
153 126
154 126
155 126
156 125
157 124
158 123
158 122
158 121
158 120
158 119
158 118
158 117
158 116
158 115
158 114
158 113
158 112
158 111
158 110
158 109
158 108
158 107
158 106
158 105
158 104
159 103
160 102
161 101
162 100
163 99
164 98
165 97
166 96
167 95
168 94
168 93
167 93
166 93
165 93
164 93
163 93
162 93
161 92
160 91
159 90
158 89
157 88
156 87
155 86
156 85
157 84
158 83
159 82
160 81
161 80
162 79
163 78
164 77
165 76
166 75
167 74
167 73
166 73
165 73
164 73
163 73
162 73
161 73
160 73
159 73
158 72
157 71
157 70
157 69
157 68
157 67
157 66
157 65
157 64
157 63
157 62
157 61
157 60
157 59
157 58
157 57
158 56
168 73
169 73
170 73
171 73
172 73
173 73
174 73
175 73
176 72
177 71
178 70
179 69
180 68
181 67
182 67
183 67
184 67
185 67
186 67
187 67
188 67
189 67
190 67
191 66
192 65
193 64
194 63
195 63
196 63
197 63
198 63
199 63
200 63
201 63
202 63
203 63
204 63
205 62
205 61
205 60
205 59
205 58
205 57
205 56
205 55
205 54
205 53
204 52
203 51
203 50
202 50
202 49
201 48
200 47
199 46
198 45
197 44
196 43
195 42
194 41
193 40
192 39
192 38
192 37
191 36
190 35
189 35
188 35
187 35
186 35
185 35
184 35
183 35
182 35
181 35
180 34
179 34
178 34
177 34
176 34
175 34
174 34
173 34
172 34
171 34
170 34
169 34
168 34
167 34
166 34
165 34
164 34
163 34
162 34
161 34
160 34
191 40
190 41
189 42
188 43
187 44
186 45
185 46
184 46
183 46
182 46
181 46
204 50
205 50
206 50
207 50
208 50
209 50
210 50
211 50
212 49
213 48
169 93
170 93
171 93
172 93
173 93
174 93
175 93
176 93
177 92
178 91
179 90
180 89
181 88
182 88
183 88
184 88
185 88
186 88
187 88
188 88
189 88
190 87
191 86
192 85
193 84
194 83
195 83
196 83
197 83
198 83
199 83
200 83
201 83
202 83
203 83
204 83
205 83
170 94
171 95
172 96
173 97
174 98
175 99
176 100
177 101
178 102
179 103
180 104
181 105
181 106
181 107
181 108
181 109
182 110
183 111
184 112
185 113
186 114
187 115
188 116
189 116
190 116
191 116
192 116
193 116
194 116
194 115
194 114
195 113
196 112
197 111
198 110
199 109
200 108
201 107
202 106
203 105
204 104
205 104
206 104
207 104
208 104
209 104
210 104
211 104
212 104
213 104
214 104
215 104
195 117
196 118
197 119
198 120
199 121
200 122
201 123
202 124
203 125
204 125
205 125
204 126
203 127
202 128
201 129
200 130
199 130
198 130
197 130
196 130
195 130
194 130
193 131
192 132
191 133
190 134
189 135
188 136
187 136
187 137
187 138
187 139
187 140
187 141
186 142
185 143
184 143
183 143
182 143
181 143
180 143
179 143
178 143
177 143
176 143
186 135
185 134
184 133
183 132
182 131
181 130
206 126
207 127
207 128
207 129
207 130
207 131
207 132
207 133
207 134
207 135
207 136
148 127
149 128
150 129
151 130
152 131
153 132
154 133
155 134
155 135
155 136
155 137
155 138
155 139
155 140
155 141
155 142
155 143
155 144
155 145
146 127
145 128
144 129
143 130
142 131
141 132
140 133
139 134
138 135
137 136
136 137
135 138
134 139
134 140
134 141
134 142
134 143
121 90
122 90
123 90
124 90
125 90
126 90
127 90
128 90
129 90
130 90
131 89
132 88
133 87
134 86
134 85
134 84
134 83
134 82
134 81
134 80
134 79
134 78
134 77
134 76
134 75
134 74
134 73
135 72
136 71
136 70
136 69
136 68
136 67
136 66
136 65
136 64
136 63
136 62
136 61
136 60
136 59
136 58
136 57
136 56
136 55
136 54
136 53
136 52
135 52
134 52
133 52
132 52
131 52
130 52
129 52
128 52
127 52
126 51
126 50
126 49
126 48
126 47
126 46
127 46
126 45
126 44
126 43
126 42
125 41
124 40
123 39
122 38
121 37
120 36
119 35
118 34
128 45
129 44
130 43
131 42
132 41
133 40
134 39
135 38
136 37
137 36
138 35
139 34
125 52
124 53
123 54
122 55
121 56
120 57
119 58
118 59
117 60
116 61
115 61
115 60
115 59
115 58
115 57
115 56
114 55
113 54
112 53
111 53
110 53
109 53
108 53
107 53
106 53
105 53
104 53
103 53
102 54
101 55
100 56
99 56
98 56
97 56
96 56
95 56
94 56
93 56
92 56
93 57
93 58
93 59
93 60
93 61
93 62
93 63
93 64
93 65
93 66
93 67
93 68
93 69
93 70
93 71
92 72
91 73
90 74
89 75
88 76
87 76
86 76
85 76
84 76
83 76
82 76
81 76
80 76
79 76
78 76
77 76
76 76
75 75
74 74
73 73
72 72
71 71
71 70
71 69
71 68
71 67
71 66
71 65
71 64
71 63
71 62
71 61
71 60
71 59
71 58
71 57
71 56
81 77
80 78
79 79
78 80
77 81
76 82
75 83
74 84
73 85
72 86
72 87
72 88
72 89
72 90
72 91
72 92
72 93
71 94
71 95
71 96
71 97
71 98
71 99
71 100
71 101
71 102
71 103
71 104
71 105
71 106
71 107
71 108
70 108
69 108
68 108
67 108
66 108
65 107
64 106
63 105
62 104
61 103
60 102
59 101
58 100
57 99
56 98
55 97
54 96
53 95
52 94
51 94
51 93
50 92
49 91
48 90
47 89
46 88
45 87
44 86
43 85
42 84
41 83
40 82
39 81
38 80
37 79
36 78
35 77
34 76
33 75
32 74
32 73
31 73
33 73
34 73
35 73
36 72
37 71
38 70
39 69
40 68
41 67
42 66
43 65
44 64
45 63
46 62
47 61
48 60
48 59
48 58
48 57
48 56
48 55
48 54
48 53
48 52
48 51
48 50
48 49
48 48
48 47
48 46
48 45
48 44
48 43
48 42
48 41
48 40
48 39
48 38
47 38
46 39
45 40
44 41
43 41
42 41
41 41
40 41
39 41
38 41
37 41
36 41
35 41
34 42
33 43
32 44
31 45
30 46
29 47
28 48
28 49
28 50
28 51
28 52
49 38
50 38
51 38
52 38
53 37
54 36
55 35
56 34
57 34
58 34
59 34
60 34
61 34
62 34
63 34
64 34
65 34
66 34
67 34
68 34
69 34
70 34
71 34
72 34
73 34
74 34
75 34
76 34
49 61
50 62
50 63
50 64
50 65
50 66
50 67
50 68
50 69
50 70
50 71
50 72
51 95
51 96
51 97
51 98
51 99
51 100
51 101
51 102
51 103
51 104
51 105
51 106
51 107
72 109
72 110
72 111
72 112
72 113
72 114
72 115
72 116
72 117
72 118
72 119
72 120
72 121
72 122
72 123
71 124
70 125
69 126
68 127
67 128
66 128
65 128
64 128
63 128
62 128
61 128
60 128
59 128
58 128
57 128
56 128
55 128
54 128
53 128
52 128
51 128
50 128
49 128
48 128
48 129
47 129
46 130
45 131
44 132
43 133
42 134
41 135
40 136
39 137
38 137
37 137
36 137
36 136
36 135
36 134
36 133
36 132
35 131
34 130
33 129
32 128
31 127
31 126
31 125
31 124
31 123
31 122
31 121
31 120
31 119
31 118
30 117
29 116
28 115
28 114
28 113
28 112
28 111
28 110
28 109
28 108
28 107
28 106
28 105
28 104
28 103
28 102
28 101
28 100
28 99
28 98
28 97
28 96
28 95
29 94
48 130
48 131
48 132
48 133
48 134
48 135
48 136
48 137
48 138
48 139
49 140
50 141
51 142
52 143
53 143
54 143
55 143
56 144
57 145
58 145
59 145
60 145
61 145
62 145
63 145
64 145
65 145
66 145
67 145
68 145
69 145
70 145
71 145
72 145
73 145
74 145
75 145
76 145
77 145
78 145
79 145
80 145
81 145
82 145
83 145
84 145
85 145
86 145
87 145
88 145
89 145
90 145
91 145
92 145
83 77
84 78
85 79
86 80
87 81
88 82
89 83
90 84
91 85
92 86
112 52
112 51
112 50
112 49
111 48
110 47
109 46
108 45
107 44
106 43
105 42
104 41
103 40
102 39
101 38
100 37
99 36
98 35
97 34
115 62
115 63
115 64
115 65
137 52
83
113 86
112 105
103 108
92 108
93 123
113 143
115 122
126 108
137 108
136 123
147 126
158 123
158 108
155 86
157 71
158 56
168 73
181 67
194 63
205 62
202 50
192 39
190 35
180 34
160 34
181 46
213 48
169 93
181 88
194 83
205 83
181 109
194 116
204 104
215 104
205 125
194 130
187 141
176 143
181 130
207 136
155 145
134 143
134 86
136 71
126 51
118 34
139 34
112 53
103 53
92 56
93 71
82 76
71 71
71 56
72 93
71 108
51 93
31 73
48 60
48 49
47 38
35 41
28 52
56 34
76 34
50 72
51 107
72 123
61 128
48 128
36 137
31 127
28 115
29 94
48 139
55 143
71 145
92 145
92 86
97 34
115 65
137 52
