1098
119 90
118 90
117 90
116 90
115 90
114 89
113 88
112 87
111 87
110 87
109 87
108 86
107 85
106 84
105 83
104 82
103 81
102 80
101 79
100 78
99 77
98 76
97 75
96 74
95 73
94 72
93 71
92 71
91 71
90 71
89 71
88 71
87 71
86 71
85 71
84 71
83 71
82 71
81 71
80 71
79 71
78 71
77 71
76 71
75 71
74 71
73 71
72 71
71 71
71 70
71 69
71 68
71 67
71 66
71 65
71 64
70 63
69 62
68 61
67 60
66 59
65 58
64 57
63 56
62 56
61 56
60 56
59 56
58 56
57 56
56 56
55 56
54 55
53 54
52 53
51 52
50 51
49 50
48 49
48 48
48 47
48 46
48 45
48 44
48 43
48 42
48 41
48 40
48 39
48 38
47 38
46 39
45 40
44 40
43 40
42 40
41 40
40 40
39 40
38 40
37 40
36 40
35 40
34 41
33 42
33 43
33 44
33 45
33 46
33 47
33 48
33 49
33 50
32 51
31 52
30 53
29 54
28 55
28 56
28 57
28 58
28 59
28 60
28 61
28 62
49 38
50 38
51 38
52 38
53 38
54 38
55 38
56 37
57 36
58 35
59 34
62 57
61 58
60 59
59 60
58 61
57 62
56 63
55 64
54 65
53 65
52 65
51 65
50 65
49 65
48 66
47 67
46 68
45 69
44 70
43 71
42 72
41 73
40 74
39 75
38 76
37 77
36 78
35 79
34 80
33 81
32 82
31 83
30 83
29 83
81 72
80 73
79 74
78 75
77 76
76 77
75 78
74 79
73 80
72 81
71 82
70 83
70 84
70 85
70 86
69 86
68 86
67 86
66 86
65 86
64 86
63 86
62 86
61 86
60 86
59 86
58 86
57 86
56 86
55 86
54 86
53 86
52 86
51 86
50 87
49 88
48 89
47 90
46 91
45 92
44 93
43 94
42 95
41 96
40 97
39 98
38 99
37 100
36 101
35 102
34 103
33 104
32 104
31 104
32 105
33 106
34 107
35 107
36 107
37 107
38 107
39 107
40 107
41 107
42 107
43 107
44 107
45 107
46 107
47 107
48 107
49 107
50 107
49 108
48 109
47 110
46 111
45 112
44 113
43 114
42 115
41 116
40 117
39 118
38 119
37 120
36 121
35 122
34 123
33 124
33 125
34 126
35 127
36 128
36 129
36 130
36 131
36 132
36 133
36 134
36 135
36 136
37 136
38 136
39 136
40 136
41 135
42 134
43 133
44 132
45 131
46 130
47 129
48 129
48 128
48 130
48 131
48 132
48 133
48 134
48 135
48 136
48 137
48 138
48 139
49 140
50 141
51 142
52 143
53 143
54 143
55 143
51 108
52 108
53 108
54 108
55 108
56 108
57 108
58 108
59 108
60 108
61 108
62 108
63 108
64 108
65 108
66 108
67 108
68 108
69 108
70 108
71 108
72 108
62 109
63 110
64 111
65 112
66 113
67 114
68 115
69 116
70 117
71 118
71 119
71 120
71 121
71 122
71 123
72 124
73 125
74 126
75 127
76 127
77 127
78 127
79 127
80 127
81 127
82 127
83 127
84 127
85 127
86 127
87 127
88 127
89 127
90 127
91 127
92 127
93 126
93 125
93 124
93 123
93 122
93 121
93 120
93 119
93 118
93 117
93 116
93 115
93 114
93 113
93 112
93 111
93 110
93 109
93 108
93 107
93 106
93 105
93 104
93 103
93 102
93 101
93 100
93 99
93 98
93 97
93 96
93 95
92 94
91 93
83 128
84 129
85 130
86 131
87 132
88 133
89 134
90 135
91 136
92 137
93 138
94 139
94 140
94 141
94 142
94 143
94 144
94 145
81 128
80 129
79 130
78 131
77 132
76 133
75 134
74 135
73 136
73 137
73 138
73 139
73 140
73 141
73 142
73 143
73 144
73 145
93 70
93 69
93 68
93 67
92 66
91 65
90 64
89 63
88 62
87 61
86 60
85 59
84 58
83 57
83 56
82 56
84 56
85 56
86 56
87 56
88 55
89 54
90 53
91 52
92 51
93 50
93 49
93 48
93 47
92 47
91 46
90 45
89 44
88 43
87 42
86 41
85 40
84 39
83 38
82 37
81 36
80 35
79 34
93 46
93 45
93 44
93 43
93 42
93 41
94 40
95 39
96 38
97 37
98 36
99 35
100 34
121 91
122 92
123 93
124 93
125 93
126 93
127 93
128 93
129 93
130 93
131 93
132 93
133 92
134 91
135 90
136 89
137 88
138 87
138 86
137 86
136 86
135 85
134 84
133 83
132 82
131 81
130 80
129 79
128 78
127 77
127 76
126 76
125 76
124 76
123 76
122 76
121 76
120 75
119 74
118 73
117 72
116 71
116 70
116 69
116 68
116 67
116 66
116 65
116 64
116 63
116 62
116 61
116 60
116 59
116 58
116 57
116 56
115 55
115 54
115 53
115 52
115 51
115 50
115 49
115 48
115 47
115 46
115 45
115 44
115 43
115 42
115 41
115 40
116 39
117 38
118 37
119 36
120 35
121 34
128 76
129 76
130 76
131 76
132 76
133 75
134 74
135 73
136 72
137 71
137 70
137 69
137 68
137 67
137 66
137 65
137 64
137 63
137 62
137 61
137 60
137 59
137 58
137 57
136 56
139 86
127 94
128 95
129 96
130 97
131 98
132 99
133 100
134 101
134 102
134 103
134 104
134 105
134 106
134 107
134 108
135 109
136 110
136 111
136 112
136 113
136 114
136 115
136 116
136 117
136 118
136 119
136 120
136 121
136 122
136 123
137 124
138 125
139 126
140 127
141 127
142 127
143 127
144 127
145 127
146 127
147 127
148 127
149 127
150 127
151 127
152 127
153 127
154 127
155 126
156 125
157 124
158 123
158 122
158 121
158 120
158 119
158 118
158 117
158 116
158 115
158 114
158 113
158 112
158 111
157 110
156 109
156 108
155 108
157 108
158 108
159 108
160 108
161 108
162 108
163 107
164 106
165 105
166 104
167 103
168 102
168 101
168 100
168 99
168 98
168 97
168 96
168 95
168 94
167 93
166 92
165 91
164 90
163 89
162 88
161 87
160 86
160 85
160 84
160 83
160 82
160 81
160 80
160 79
160 78
160 77
160 76
160 75
160 74
160 73
159 72
158 71
158 70
158 69
158 68
158 67
158 66
158 65
158 64
158 63
158 62
158 61
158 60
158 59
158 58
158 57
158 56
157 56
159 56
160 56
161 56
162 56
163 56
164 56
165 55
166 54
167 53
168 52
169 52
170 52
171 51
172 50
173 50
174 50
175 50
176 50
177 50
178 50
179 50
180 49
181 48
182 47
183 46
184 45
184 44
184 43
184 42
184 41
184 40
184 39
184 38
183 37
182 36
181 35
180 34
185 46
186 47
187 48
188 49
189 50
190 51
191 52
192 53
193 53
194 53
195 53
196 53
197 53
198 53
199 53
200 53
201 53
202 53
203 53
204 53
205 52
205 51
205 50
205 49
204 49
203 48
202 47
201 46
200 45
199 44
198 43
197 42
196 41
205 48
205 47
205 46
205 45
205 44
205 43
206 42
207 41
195 54
196 55
197 56
198 57
199 58
200 59
201 60
202 61
203 62
204 63
204 64
204 65
204 66
204 67
204 68
204 69
204 70
204 71
204 72
204 73
205 73
206 73
207 73
208 73
209 73
210 73
211 73
212 73
213 73
214 73
215 73
193 54
192 55
191 56
190 57
189 58
188 59
187 60
186 61
185 62
184 63
183 64
182 65
181 66
172 49
172 48
172 47
172 46
172 45
172 44
172 43
171 42
170 41
169 40
168 39
167 38
166 37
165 36
164 35
163 34
162 34
161 34
160 34
159 34
158 34
157 34
156 34
155 34
154 34
153 34
152 34
151 34
150 34
149 34
148 34
147 34
146 34
145 34
144 34
143 34
142 34
169 103
170 104
171 105
172 106
173 107
174 108
175 108
176 108
177 108
178 108
179 108
180 108
181 108
181 107
182 106
183 105
184 104
185 103
186 102
187 101
188 100
189 99
190 98
191 97
192 96
193 95
193 94
192 94
191 94
190 94
189 94
188 94
187 93
186 92
185 91
184 90
183 89
182 88
181 87
194 94
195 94
196 94
197 94
198 94
199 94
200 94
201 94
202 94
203 94
204 94
205 94
182 109
183 110
184 111
185 112
186 113
187 114
188 114
189 114
190 114
191 114
192 114
193 114
194 114
195 115
196 115
197 115
198 115
199 115
200 115
201 115
202 115
203 115
204 115
205 115
204 116
203 117
202 118
202 119
202 120
202 121
202 122
202 123
202 124
202 125
202 126
202 127
201 128
200 129
199 130
198 131
197 132
196 133
195 134
194 135
193 136
192 137
192 138
191 138
190 138
189 137
188 136
187 135
186 134
185 133
184 132
183 131
182 130
181 129
191 139
190 140
189 141
189 142
188 143
187 143
186 143
185 143
184 143
183 143
182 143
181 143
180 143
179 143
178 143
203 128
204 129
205 130
206 131
207 132
208 133
209 134
210 134
211 134
212 134
213 134
148 128
149 129
150 130
151 131
152 132
153 133
154 134
155 135
156 136
157 137
157 138
157 139
157 140
157 141
157 142
157 143
157 144
157 145
146 128
145 129
144 130
143 131
142 132
141 133
140 134
139 135
138 136
137 137
136 138
136 139
136 140
136 141
136 142
136 143
136 144
136 145
125 94
124 95
123 96
122 97
121 98
120 99
119 100
118 101
117 102
116 103
115 104
114 105
114 106
114 107
114 108
114 109
114 110
114 111
114 112
114 113
114 114
114 115
114 116
114 117
114 118
114 119
114 120
114 121
114 122
114 123
114 124
115 125
115 126
115 127
115 128
115 129
115 130
115 131
115 132
115 133
115 134
115 135
115 136
115 137
115 138
115 139
115 140
115 141
115 142
115 143
82
112 87
93 71
82 71
71 71
63 56
48 49
47 38
35 40
33 50
28 62
59 34
49 65
29 83
70 86
51 86
31 104
50 107
33 125
36 136
48 128
48 139
55 143
61 108
72 108
71 123
82 127
93 126
93 108
91 93
94 145
73 145
82 56
93 50
79 34
100 34
126 93
126 76
116 71
115 55
121 34
137 71
136 56
139 86
134 108
136 123
147 127
158 123
155 108
168 102
160 86
158 71
157 56
168 52
172 50
184 45
180 34
194 53
205 52
196 41
207 41
204 73
215 73
181 66
163 34
142 34
181 108
181 87
194 94
205 94
194 114
205 115
202 127
192 138
181 129
189 142
178 143
213 134
157 145
136 145
114 108
114 124
115 143
