3024
119 90
118 90
117 90
116 90
115 90
114 90
113 90
112 90
111 90
110 90
109 90
108 90
107 90
106 90
105 90
104 90
103 90
102 90
101 90
100 90
99 90
98 90
97 90
96 90
95 90
94 90
93 90
92 90
91 90
90 90
89 90
88 90
87 90
86 90
85 90
84 90
83 90
82 90
81 90
80 90
79 90
78 90
77 90
76 90
75 90
74 90
73 90
72 90
71 90
70 90
69 90
68 90
67 90
66 90
65 90
64 90
63 90
62 90
61 90
60 90
59 90
58 90
57 90
56 90
55 90
54 90
53 90
52 90
51 90
50 90
49 90
48 90
47 90
46 90
45 90
44 90
43 90
42 90
41 89
40 88
39 87
38 86
37 85
36 84
35 83
34 82
33 81
32 80
31 79
59 89
58 88
57 87
56 86
55 85
54 84
53 83
52 82
51 81
50 80
49 79
72 89
72 88
72 87
72 86
72 85
72 84
72 83
72 82
72 81
72 80
72 79
72 78
72 77
72 76
72 75
72 74
72 73
71 73
70 73
69 73
68 73
67 73
66 73
65 73
64 73
63 73
62 73
72 72
73 72
73 71
72 71
72 70
71 70
70 70
69 70
68 70
67 70
66 70
65 70
64 70
63 70
62 70
61 70
60 70
59 70
58 70
57 70
56 70
55 70
54 70
53 70
52 70
51 70
50 70
49 70
48 70
47 70
46 70
45 70
44 70
43 70
42 70
41 69
40 68
39 67
38 66
37 65
36 64
35 63
34 62
33 61
32 60
31 59
30 58
51 69
50 68
56 69
55 68
54 67
53 66
52 65
51 64
50 63
49 62
48 61
47 60
46 59
45 58
44 57
43 56
42 55
41 54
40 53
39 52
38 51
37 50
36 49
35 48
34 47
33 46
32 45
31 44
65 69
64 68
63 67
62 66
61 65
60 64
59 63
58 62
57 61
56 60
55 59
54 58
53 57
52 56
51 55
50 54
49 53
48 52
47 51
46 50
45 49
44 48
43 47
42 46
41 45
40 44
39 43
38 42
37 41
36 40
70 69
69 68
68 67
67 66
66 65
65 64
64 63
63 62
62 61
61 60
60 59
59 58
58 57
57 56
56 55
55 54
54 53
53 52
52 51
51 50
50 49
49 48
48 47
73 70
74 70
74 69
74 68
74 67
74 66
74 65
74 64
74 63
73 63
72 62
71 61
70 60
69 59
68 58
67 57
66 56
65 55
64 54
63 53
62 52
61 51
60 50
59 49
58 48
57 47
56 46
55 45
54 44
53 43
52 42
51 41
50 40
49 39
48 38
47 37
46 36
74 62
74 61
74 60
74 59
73 59
72 58
71 57
70 56
69 55
68 54
67 53
66 52
65 51
64 50
63 49
62 48
61 47
60 46
59 45
58 44
57 43
56 42
55 41
54 40
53 39
52 38
51 37
50 36
49 35
74 58
74 57
74 56
73 56
72 55
71 54
70 53
69 52
68 51
67 50
66 49
65 48
64 47
63 46
62 45
61 44
60 43
59 42
58 41
57 40
56 39
55 38
54 37
53 36
52 35
51 34
50 33
51 32
52 33
53 34
54 35
55 36
56 37
57 38
58 39
59 40
60 41
61 42
62 43
63 44
64 45
65 44
66 45
65 46
66 47
67 46
68 47
67 48
68 49
69 48
70 49
69 50
70 51
71 50
72 51
71 52
72 53
73 52
74 52
74 51
74 50
74 49
74 48
74 47
74 46
74 45
73 44
72 43
71 42
70 41
69 40
68 39
67 38
66 37
65 36
64 35
63 34
62 33
74 53
74 54
73 54
74 55
75 71
76 72
77 73
78 74
79 74
80 74
81 74
82 74
83 74
84 74
85 74
86 74
87 74
88 74
89 74
90 74
91 74
92 74
93 74
94 74
79 75
79 76
80 76
79 77
78 77
78 78
79 78
79 79
78 79
78 80
79 80
79 81
78 81
79 82
79 83
79 84
79 85
79 86
79 87
79 88
79 89
80 79
81 80
82 81
83 82
84 83
85 84
86 85
87 86
88 87
89 88
90 89
77 76
76 75
75 74
74 73
81 77
82 78
83 79
84 80
85 81
86 82
87 83
88 84
89 85
90 86
91 87
92 88
93 89
94 89
95 89
96 89
97 89
98 89
99 89
100 89
101 89
102 89
103 89
104 89
105 89
106 89
107 89
108 89
109 89
110 89
111 89
112 89
113 89
114 89
79 91
79 92
79 93
79 94
79 95
79 96
78 96
77 96
76 96
75 96
74 96
73 96
72 96
71 96
70 96
69 96
68 96
67 96
66 96
65 96
64 96
63 96
62 96
61 96
60 96
59 96
58 96
57 96
56 96
55 96
54 96
53 96
52 96
51 96
50 96
49 96
48 96
47 96
46 96
45 96
44 96
43 96
42 96
41 96
40 96
39 96
38 96
37 96
36 96
35 96
34 96
33 96
32 96
31 96
30 96
79 97
79 98
80 96
81 96
82 96
83 96
84 96
85 96
86 96
87 96
88 96
89 96
90 96
91 96
92 96
93 96
94 96
95 96
96 96
97 96
98 96
99 96
100 96
101 96
102 96
103 96
104 96
105 96
106 96
107 96
108 96
109 96
110 96
111 96
112 96
113 96
114 96
113 97
112 98
111 99
110 100
109 101
108 102
107 103
106 102
105 101
104 100
103 99
102 98
101 97
106 104
105 104
105 105
106 105
107 106
108 107
109 108
110 109
111 110
112 110
113 110
114 110
114 111
115 111
114 112
114 113
114 114
114 115
114 116
114 117
114 118
114 119
114 120
114 121
114 122
114 123
114 124
114 125
114 126
114 127
114 128
114 129
114 130
114 131
114 132
114 133
114 134
114 135
114 136
114 137
114 138
114 139
114 140
114 141
114 142
114 143
116 112
117 113
118 114
119 115
120 116
121 117
122 118
123 119
124 120
125 121
126 122
127 123
128 124
129 125
130 125
131 125
130 126
131 127
132 128
132 129
133 129
134 129
135 129
136 129
137 129
138 129
139 129
140 129
141 129
142 129
143 129
144 129
145 129
146 129
134 130
135 131
136 132
137 133
138 134
139 135
140 136
141 137
142 138
143 139
144 140
145 141
146 142
147 143
148 143
149 143
149 144
148 144
150 144
151 144
152 144
153 144
154 144
155 144
156 144
157 144
158 144
159 144
160 144
161 144
162 144
132 130
132 131
132 132
132 133
132 134
132 135
132 136
132 137
132 138
132 139
132 140
132 141
132 142
132 143
113 109
112 108
111 107
110 106
110 105
109 105
108 104
111 105
112 105
113 105
114 105
115 105
116 105
117 105
118 105
119 105
120 105
121 105
122 105
123 105
124 105
125 105
126 105
127 105
128 105
129 105
130 105
131 105
104 106
103 106
102 106
101 106
100 106
99 106
98 106
97 106
96 106
95 106
94 106
93 106
92 106
91 106
90 106
89 106
88 106
87 106
86 106
85 106
84 106
83 106
82 106
81 106
80 106
79 106
78 106
77 106
76 106
75 106
74 106
73 106
72 106
71 106
70 106
69 106
68 106
67 106
66 106
65 106
64 106
63 106
95 105
95 104
95 103
95 102
95 101
95 100
95 99
95 98
95 97
103 107
102 108
101 109
100 109
99 109
98 109
97 109
96 109
95 109
94 109
93 109
92 109
91 109
90 109
89 109
88 109
87 109
86 109
85 109
84 109
83 109
82 109
81 109
80 109
79 109
78 109
77 109
76 109
76 110
75 110
74 110
73 110
72 110
71 110
70 110
69 110
68 110
67 110
66 110
65 110
64 110
63 110
62 110
61 110
60 110
59 110
58 110
57 110
56 110
55 110
54 110
53 110
52 110
51 110
50 110
77 110
78 110
79 110
80 110
81 110
82 110
83 110
84 110
85 110
86 110
87 110
88 110
89 110
90 110
91 110
92 110
93 110
94 110
95 110
96 110
97 110
98 110
99 110
100 110
101 110
101 111
101 112
101 113
101 114
101 115
101 116
101 117
101 118
101 119
101 120
101 121
101 122
101 123
101 124
101 125
101 126
101 127
101 128
101 129
101 130
101 131
101 132
101 133
101 134
101 135
101 136
101 137
101 138
101 139
101 140
101 141
101 142
101 143
101 144
99 111
98 112
97 113
96 113
95 113
94 113
93 113
92 113
91 113
90 113
89 113
88 113
87 113
86 113
85 113
84 113
83 113
82 113
81 113
80 113
79 113
78 113
77 113
76 113
75 113
74 113
73 113
72 113
71 113
70 113
69 113
68 113
67 113
66 113
65 113
64 113
63 113
62 113
61 113
60 113
59 113
58 113
57 113
56 113
55 113
54 113
53 113
52 113
51 113
50 113
49 113
48 113
47 113
46 113
45 113
44 113
43 113
42 113
41 113
40 113
39 113
38 113
37 113
36 113
35 113
34 113
33 113
32 113
31 113
30 113
96 114
95 115
94 116
93 117
93 118
92 118
91 119
90 120
89 121
88 122
88 123
87 123
86 124
85 125
84 126
83 126
82 126
81 126
80 126
79 126
78 126
77 126
76 126
75 126
74 126
73 126
72 126
71 126
83 127
82 128
81 129
80 130
79 130
78 130
77 130
76 130
75 130
74 130
73 130
72 130
71 130
70 130
69 130
68 130
67 130
66 130
65 130
64 130
63 130
62 130
61 130
60 130
59 130
58 130
57 130
56 130
55 130
54 130
53 130
52 130
51 130
50 130
49 130
48 130
47 130
46 130
45 130
44 130
43 130
42 130
41 130
40 130
39 130
38 130
37 130
36 130
35 130
34 130
33 130
32 130
31 130
30 130
79 131
78 132
77 133
76 134
75 135
74 136
73 136
72 136
71 136
70 136
69 136
68 136
67 136
66 136
65 136
64 136
63 136
62 136
61 136
60 136
59 136
58 136
57 136
56 136
55 136
54 136
53 136
52 136
51 136
50 136
49 136
48 136
47 136
46 136
45 136
44 136
43 136
42 136
41 136
40 136
39 136
38 136
37 136
36 136
35 136
36 137
37 137
38 137
39 137
40 137
41 137
42 137
43 137
44 137
45 137
46 137
47 137
48 137
49 137
50 137
51 137
52 137
53 137
54 137
55 137
56 137
57 137
58 137
59 137
60 137
61 137
62 137
63 137
64 137
65 137
66 137
67 137
68 137
69 137
70 137
71 137
72 137
73 137
72 138
71 139
70 140
69 141
68 141
67 141
66 141
65 141
64 141
63 141
62 141
61 141
60 141
59 141
58 141
57 141
56 141
55 141
54 141
53 141
52 141
51 141
50 141
49 141
48 141
47 141
46 141
48 142
49 142
50 142
51 142
52 142
53 142
54 142
55 142
56 142
57 142
58 142
59 142
60 142
61 142
62 142
63 142
64 142
65 142
66 142
67 142
68 142
67 143
66 143
65 143
64 143
63 143
62 143
61 143
60 143
59 143
58 143
57 143
56 143
55 143
54 143
53 143
52 143
51 143
50 143
49 143
53 144
54 144
55 144
56 144
57 144
58 144
59 144
60 144
61 144
62 144
63 144
64 144
65 144
66 144
65 145
64 146
63 147
62 148
61 149
60 149
59 149
58 149
57 149
56 149
55 149
54 149
55 150
56 150
57 150
58 150
59 150
60 150
88 124
88 125
88 126
88 127
88 128
88 129
88 130
88 131
88 132
88 133
88 134
88 135
88 136
88 137
88 138
88 139
88 140
88 141
88 142
88 143
93 119
93 120
93 121
93 122
93 123
104 103
103 102
102 101
101 100
100 99
99 98
98 97
115 95
116 94
117 93
118 92
119 91
121 90
120 89
119 89
118 88
117 87
116 86
115 85
114 84
113 83
112 82
111 81
110 80
109 79
108 78
107 77
106 76
105 75
104 74
103 73
102 72
101 71
100 70
99 69
98 68
97 67
96 66
95 65
94 64
93 63
92 62
91 61
90 60
89 59
88 58
87 57
86 56
85 55
84 54
83 53
82 52
120 88
120 87
120 86
121 86
121 85
120 85
120 84
120 83
120 82
119 82
118 81
117 80
116 79
115 78
114 77
113 76
112 75
111 74
110 73
109 72
108 71
107 70
106 69
105 68
104 67
103 66
102 65
101 64
100 63
99 62
98 61
97 60
96 59
95 58
94 57
93 56
120 81
120 80
120 79
120 78
119 78
118 77
117 76
116 75
115 74
114 73
120 77
120 76
121 76
120 75
120 74
120 73
119 73
118 72
117 71
116 70
115 69
114 68
113 67
112 66
111 65
110 64
109 63
108 62
107 61
106 60
105 59
104 58
103 57
102 56
101 55
100 54
99 53
98 52
97 51
96 50
95 49
94 48
93 47
92 46
91 45
90 44
89 43
88 42
87 41
86 40
85 39
84 38
83 37
82 36
81 35
80 34
120 72
120 71
120 70
120 69
120 68
120 67
120 66
121 66
120 65
120 64
120 63
119 63
118 62
117 61
116 60
115 59
114 58
115 57
114 56
113 55
112 54
111 53
110 52
109 51
108 50
107 49
106 48
105 47
104 46
103 45
102 44
101 43
100 42
99 41
98 40
97 39
96 38
95 37
94 36
93 35
92 34
116 58
117 59
118 60
119 61
120 61
120 60
120 59
120 58
120 57
121 57
120 56
120 55
120 54
120 53
120 52
120 51
119 51
118 50
117 49
116 48
115 47
114 46
120 50
120 49
120 48
119 48
118 47
117 46
116 45
115 44
114 43
113 42
112 41
111 40
110 39
109 38
108 37
107 36
106 35
105 34
120 47
120 46
120 45
120 44
120 43
120 42
120 41
120 40
120 39
121 38
122 37
123 36
124 35
125 34
122 56
123 55
124 54
125 53
126 52
127 51
128 50
129 49
130 48
131 47
132 46
133 45
134 44
135 43
136 42
137 41
138 40
139 39
140 38
141 37
142 36
143 35
144 34
120 62
122 65
123 64
124 63
125 62
126 61
127 60
128 59
129 58
130 57
131 56
132 55
133 54
134 53
122 75
123 74
124 73
125 72
126 71
127 70
128 69
129 68
130 67
131 66
132 65
133 64
134 63
135 62
136 61
137 60
138 59
139 58
140 57
141 56
142 55
143 54
144 53
145 52
146 51
147 50
148 49
149 48
150 47
151 48
150 49
149 50
148 51
147 52
146 53
145 54
144 55
143 56
142 57
141 58
140 59
139 60
138 61
137 62
136 63
135 64
134 65
133 66
132 67
131 68
130 69
129 70
128 71
127 72
126 73
125 74
124 75
123 76
122 77
121 78
152 47
153 46
154 45
155 44
156 43
157 42
158 41
159 40
160 39
161 38
162 37
163 36
164 35
165 34
122 85
122 84
123 84
123 83
124 83
124 82
125 82
125 81
126 81
126 80
127 80
127 79
128 79
128 78
129 78
129 77
130 77
130 76
131 76
131 75
132 75
132 74
133 74
133 73
134 73
134 72
135 72
135 71
136 71
137 70
138 69
139 68
140 67
141 66
142 65
143 64
144 63
145 62
146 61
147 60
148 59
149 58
150 57
151 56
152 55
153 54
154 53
155 52
156 51
157 50
158 49
159 48
160 47
161 46
162 45
163 44
164 43
165 42
166 41
167 40
168 39
169 38
170 37
171 36
172 35
173 34
174 33
175 32
176 31
177 30
178 29
179 28
180 27
121 91
122 90
123 90
124 90
125 90
126 90
127 90
128 90
129 90
130 90
131 90
132 90
133 90
134 90
135 90
136 90
137 90
138 90
139 90
140 90
141 90
142 90
143 90
144 90
145 90
146 90
147 90
148 90
149 90
150 90
151 90
152 90
153 90
154 90
155 90
156 90
157 90
158 90
159 90
160 90
161 90
162 90
163 90
164 90
165 90
166 90
167 90
168 90
169 90
170 90
171 90
172 90
173 90
174 90
175 90
176 90
177 90
178 90
179 90
180 90
181 90
182 90
183 90
184 90
185 90
186 90
187 90
188 90
189 90
190 90
191 90
192 90
193 90
194 90
195 90
196 90
197 90
198 89
199 88
200 87
201 86
202 85
203 84
204 83
205 82
183 89
184 88
185 87
186 86
187 85
188 84
189 83
190 82
191 81
192 80
193 79
194 78
177 89
178 88
179 87
180 86
181 85
182 84
183 83
184 82
185 81
186 80
187 79
188 78
189 77
190 76
191 75
192 74
193 73
194 72
195 71
196 70
197 69
198 68
199 67
200 66
201 65
202 64
203 63
204 62
205 61
170 89
171 88
172 87
173 86
174 85
175 84
176 83
177 82
178 81
179 80
180 79
181 78
167 89
168 88
169 87
170 86
171 85
172 84
173 83
174 82
175 81
176 80
177 79
178 78
179 77
180 76
181 75
182 74
183 73
184 72
185 71
186 70
187 69
188 68
189 67
190 66
191 65
192 64
193 63
194 62
161 89
162 88
163 87
164 86
165 85
166 84
167 83
168 82
169 81
170 80
171 79
172 78
173 77
174 76
175 75
176 74
177 73
178 72
179 71
180 70
181 69
182 68
183 67
184 66
185 65
186 64
187 63
188 62
189 61
190 60
191 59
192 58
193 57
194 56
195 55
196 54
197 53
198 52
199 51
200 50
201 49
202 48
203 47
204 46
205 45
152 89
151 89
152 88
153 88
153 87
154 87
154 86
155 86
155 85
156 85
156 84
157 84
157 83
158 83
158 82
159 82
159 81
160 81
160 80
161 80
161 79
162 79
162 78
163 78
163 77
164 77
164 76
165 76
165 75
166 75
166 74
167 74
167 73
168 73
168 72
169 72
169 71
170 71
170 70
171 70
171 69
172 69
172 68
173 68
173 67
174 67
174 66
175 66
175 65
176 65
176 64
177 64
177 63
178 63
178 62
179 62
179 61
180 61
180 60
181 60
181 59
182 58
183 57
184 56
185 55
186 54
187 53
188 52
189 51
190 50
191 49
192 48
193 47
194 46
195 45
196 44
197 43
198 42
199 41
200 40
148 89
147 89
146 88
145 88
145 89
144 89
146 87
147 87
147 86
148 86
148 85
149 85
149 84
150 84
150 83
151 83
151 82
152 82
152 81
153 81
153 80
154 80
154 79
155 79
155 78
156 78
156 77
157 77
157 76
158 76
158 75
159 75
160 74
161 73
162 72
163 71
164 70
165 69
166 68
167 67
168 66
169 65
170 64
171 63
172 62
173 61
174 60
175 59
176 58
177 57
178 56
179 55
180 54
181 53
182 52
183 51
184 50
185 49
186 48
187 47
188 46
189 45
190 44
191 43
192 42
193 41
194 40
195 39
196 38
149 88
150 87
151 86
152 85
153 84
154 83
155 82
156 81
157 80
158 79
159 78
160 77
161 76
162 75
163 74
164 73
165 72
166 71
167 70
168 69
169 68
170 67
171 66
172 65
173 64
174 63
175 62
176 61
177 60
178 59
179 58
180 57
181 56
182 55
183 54
184 53
185 52
186 51
187 50
188 49
189 48
190 47
191 46
192 45
193 44
194 43
195 42
196 41
197 40
198 39
140 89
141 88
142 87
143 86
144 85
145 84
146 83
147 82
148 81
149 80
150 79
151 78
152 77
153 76
154 75
155 74
156 73
157 72
158 71
159 70
160 69
161 68
162 67
163 66
164 65
165 64
166 63
137 89
136 88
135 89
137 87
138 86
139 85
140 84
141 83
142 82
143 81
144 80
145 79
146 78
147 77
148 78
147 79
146 80
145 81
144 82
143 83
142 84
141 85
140 86
139 87
138 88
149 77
150 76
151 75
152 74
153 73
154 72
155 71
156 70
157 69
158 68
159 67
160 66
161 65
162 64
163 63
164 62
165 61
166 60
167 59
168 58
169 57
170 56
171 55
172 54
173 53
174 52
175 51
176 50
177 49
178 48
179 47
180 46
181 45
182 44
183 43
184 42
185 41
131 89
130 88
129 89
131 87
132 86
133 85
134 84
135 83
136 82
137 81
138 80
139 79
140 78
141 77
142 76
143 75
144 74
145 73
146 72
147 71
148 70
149 69
150 68
151 67
152 66
153 65
154 64
155 63
156 62
157 61
158 60
159 59
160 58
161 57
162 56
163 55
164 54
165 53
166 52
167 53
166 54
165 55
164 56
163 57
162 58
161 59
160 60
159 61
158 62
157 63
156 64
155 65
154 66
153 67
152 68
151 69
150 70
149 71
148 72
147 73
146 74
145 75
144 76
143 77
142 78
141 79
140 80
139 81
138 82
137 83
136 84
135 85
134 86
133 87
132 88
168 52
169 51
170 50
171 49
172 48
173 47
126 89
125 88
124 88
124 89
123 89
125 87
126 87
126 86
127 86
127 85
128 85
128 84
129 84
129 83
130 83
130 82
131 82
131 81
132 81
132 80
133 80
133 79
134 79
134 78
135 78
135 77
136 77
136 76
137 76
137 75
138 75
138 74
139 74
139 73
140 73
140 72
141 72
141 71
142 71
142 70
143 70
143 69
144 69
144 68
145 68
145 67
146 67
146 66
147 66
147 65
148 65
148 64
149 64
149 63
150 63
150 62
151 62
151 61
152 61
152 60
153 60
153 59
154 59
155 58
156 57
157 56
158 55
159 54
160 53
161 52
162 51
163 50
164 49
165 48
166 47
167 46
168 45
169 44
170 43
171 42
172 41
173 40
174 39
175 38
176 37
177 36
178 35
179 34
180 33
181 32
182 31
183 30
184 29
185 30
184 31
183 32
182 33
181 34
180 35
179 36
178 37
177 38
176 39
175 40
174 41
173 42
172 43
171 44
170 45
169 46
168 47
167 48
166 49
165 50
164 51
163 52
162 53
161 54
160 55
159 56
158 57
157 58
156 59
155 60
154 61
153 62
152 63
151 64
150 65
149 66
148 67
147 68
146 69
145 70
144 71
143 72
142 73
141 74
140 75
139 76
138 77
137 78
136 79
135 80
134 81
133 82
132 83
131 84
130 85
129 86
128 87
127 88
122 92
123 93
124 93
125 93
126 93
127 93
128 93
129 93
130 93
131 93
132 93
133 93
134 93
135 93
136 93
137 93
138 93
139 93
140 93
141 93
142 93
143 93
144 93
145 93
146 93
147 93
148 93
149 93
150 93
151 93
152 93
153 93
154 93
155 93
156 93
157 93
158 93
159 93
160 93
161 93
162 93
163 93
164 93
165 93
166 93
167 93
168 93
169 93
170 93
171 93
172 93
173 93
174 93
175 93
176 93
177 93
178 93
179 93
180 93
181 93
182 93
183 93
184 93
185 93
186 93
187 93
188 93
189 93
190 93
191 93
192 93
193 93
194 93
124 94
125 95
126 96
127 97
128 97
129 97
130 97
131 97
132 97
133 97
134 97
135 97
136 97
137 97
138 97
139 97
140 97
141 97
142 97
143 97
144 97
145 97
146 97
147 97
148 97
149 97
150 97
151 97
152 97
153 97
154 97
155 97
156 97
157 97
158 97
159 97
160 97
161 97
162 97
163 97
164 97
165 97
166 97
167 97
168 97
169 97
170 97
171 97
172 97
173 97
174 97
175 97
176 97
177 97
178 97
179 97
180 97
181 97
181 98
180 98
179 98
178 98
177 98
176 98
175 98
174 98
173 98
172 98
171 98
170 98
169 98
168 98
167 98
166 98
165 98
164 98
163 98
162 98
161 98
160 98
159 98
158 98
157 98
156 98
155 98
154 98
153 98
152 98
151 98
150 98
149 98
148 98
147 98
146 98
145 98
144 98
143 98
142 98
141 98
140 98
139 98
138 98
137 98
136 98
135 98
134 98
133 98
132 98
131 98
130 98
129 98
128 98
129 99
130 100
131 100
132 100
133 100
134 100
135 100
136 100
137 100
138 100
139 100
140 100
141 100
142 100
143 100
144 100
145 100
146 100
131 101
132 102
133 103
134 104
135 104
136 104
137 104
138 104
139 104
140 104
141 104
142 104
143 104
144 104
145 104
146 104
147 104
148 104
149 104
150 104
151 104
152 104
153 104
154 104
155 104
156 104
157 104
158 104
159 104
160 104
161 104
135 105
136 106
137 107
138 108
139 108
140 108
141 108
142 108
143 108
144 108
145 108
146 108
147 108
148 108
149 108
150 108
151 108
152 108
153 108
154 108
155 108
156 108
157 108
158 108
159 108
160 108
161 108
162 108
163 108
164 108
165 108
166 108
167 108
168 108
169 108
170 108
171 108
172 108
173 108
174 108
175 108
176 108
177 108
178 108
179 108
180 108
181 108
139 109
140 110
141 111
142 112
143 113
144 114
145 114
146 114
147 114
148 114
149 114
150 114
151 114
152 114
153 114
154 114
155 114
156 114
157 114
158 114
159 114
160 114
161 114
162 114
163 114
164 114
165 114
166 114
167 114
168 114
169 114
170 114
171 114
172 114
173 114
174 114
175 114
176 114
177 114
178 114
179 114
180 114
181 114
182 114
183 114
184 114
185 114
186 114
187 114
188 114
189 114
190 114
191 114
192 114
193 114
194 114
195 114
196 114
197 114
198 114
199 114
200 114
201 114
202 114
203 114
204 114
205 114
206 114
207 114
208 114
209 114
210 114
211 114
212 114
213 114
214 114
215 114
145 115
146 116
147 117
148 118
149 119
150 119
151 119
152 119
153 119
154 119
155 119
156 119
157 119
158 119
159 119
160 119
161 119
162 119
163 119
164 119
165 119
166 119
167 119
168 119
169 119
170 119
171 119
172 119
173 119
174 119
175 119
176 119
177 119
178 119
179 119
180 119
181 119
150 120
151 121
152 122
153 123
154 123
155 123
156 123
157 123
158 123
159 123
160 123
161 123
154 124
155 125
156 126
157 127
158 128
159 129
160 130
161 130
162 130
163 130
164 130
165 130
166 130
167 130
168 130
169 130
170 130
171 130
172 130
173 130
174 130
175 130
176 130
177 130
178 130
179 130
180 130
181 130
182 130
183 130
184 130
185 130
186 130
187 130
188 130
189 130
190 130
191 130
192 130
193 130
194 130
195 130
196 130
197 130
198 130
199 130
200 130
201 130
202 130
203 130
204 130
205 130
206 130
207 130
208 130
209 130
210 130
211 130
212 130
173 131
172 131
171 131
170 131
169 131
168 131
167 131
166 131
165 131
164 131
163 131
162 131
161 131
162 132
163 132
164 132
165 132
166 132
167 132
168 132
169 132
170 132
171 132
172 132
173 132
174 132
175 132
176 132
177 132
178 132
179 132
180 132
181 132
182 132
183 132
184 132
185 132
186 132
187 132
188 132
189 132
190 132
191 132
192 132
193 132
194 132
195 132
196 132
197 132
163 133
164 134
165 135
166 136
167 137
168 138
169 139
170 139
171 139
172 139
173 139
174 139
175 139
176 139
177 139
178 139
179 139
180 139
181 139
182 139
183 139
184 139
185 139
186 139
187 139
170 140
171 141
172 142
173 143
174 143
174 144
175 145
176 146
177 146
178 146
179 146
180 146
181 146
182 146
183 146
184 146
185 146
182 98
183 98
184 98
185 98
186 98
187 98
188 98
189 98
190 98
191 98
192 98
193 98
194 98
195 98
196 98
197 98
198 98
199 98
200 98
201 98
202 98
203 98
204 98
205 98
99 95
98 94
97 93
96 92
95 92
95 91
95 93
94 93
93 92
92 91
95 94
95 95
96 95
110
72 90
51 90
31 79
49 79
62 73
30 58
50 68
31 44
36 40
48 47
74 70
46 36
49 35
50 33
51 32
65 44
71 52
62 33
94 74
78 81
93 89
114 89
30 96
79 98
113 110
114 127
114 143
131 125
146 129
149 143
162 144
132 143
131 105
63 106
95 105
76 109
50 110
101 144
30 113
82 126
71 126
48 130
30 130
35 136
36 137
46 141
48 142
67 143
49 143
53 144
54 149
55 150
88 143
93 123
82 52
93 56
114 73
80 34
114 58
92 34
114 46
105 34
125 34
144 34
134 53
150 47
165 34
135 71
180 27
125 90
158 90
169 90
205 82
194 78
205 61
181 78
194 62
205 45
181 60
200 40
147 89
158 75
196 38
198 39
166 63
147 77
185 41
166 52
173 47
153 59
184 29
185 30
136 93
194 93
181 97
146 100
161 104
181 108
145 114
204 114
215 114
181 119
161 123
212 130
173 131
197 132
187 139
174 143
185 146
205 98
