3016
119 90
118 90
117 90
116 90
115 90
114 90
113 90
112 90
111 90
110 90
109 90
108 90
107 90
106 90
105 90
104 90
103 90
102 90
101 90
100 90
99 90
98 90
97 90
96 90
95 90
94 90
93 90
92 90
91 90
90 90
89 90
88 90
87 90
86 90
85 90
84 90
83 90
82 90
81 90
80 90
79 90
78 90
77 90
76 90
75 90
74 90
73 90
72 90
71 90
70 90
69 90
68 90
67 90
66 90
65 90
64 90
63 90
62 90
61 90
60 90
59 90
58 90
57 90
56 90
55 90
54 90
53 90
52 90
51 90
50 90
49 90
48 90
47 90
46 90
45 90
44 90
43 90
42 90
41 90
40 90
39 90
38 90
37 90
36 90
35 90
34 90
33 90
32 89
31 88
53 89
52 88
51 87
50 86
49 85
48 84
47 83
46 82
45 81
44 80
43 79
42 78
41 77
40 76
39 75
38 74
37 73
36 72
35 71
34 70
33 69
32 68
31 67
80 89
80 88
80 87
80 86
80 85
80 84
80 83
80 82
80 81
81 81
80 80
80 79
79 79
78 78
77 77
76 76
75 75
74 74
73 73
72 73
71 73
71 72
72 72
71 71
70 70
69 69
68 68
67 67
66 66
65 65
64 64
63 64
63 63
64 63
65 62
66 61
67 60
68 59
69 58
70 57
70 56
69 56
68 56
67 56
66 56
65 56
64 56
63 56
62 56
61 56
60 56
59 56
58 56
57 56
56 56
55 56
54 56
53 56
52 56
51 56
50 56
49 56
48 56
47 56
46 56
45 56
44 56
43 56
42 56
41 56
40 56
39 56
38 56
37 56
36 55
35 54
34 53
33 52
32 51
31 50
30 49
55 55
54 54
53 53
52 52
51 51
50 50
49 49
48 48
47 48
46 48
45 48
44 48
43 48
42 48
41 48
40 48
39 48
38 47
37 46
36 45
35 44
34 43
33 42
32 41
44 47
43 46
42 45
41 44
40 43
39 42
38 41
37 40
48 47
48 46
48 45
48 44
48 43
48 42
48 41
48 40
47 40
46 39
45 38
44 37
48 39
48 38
48 37
49 36
57 57
58 58
59 59
60 60
61 61
62 62
71 56
71 55
71 54
70 54
69 53
68 52
67 51
66 50
65 49
64 48
63 47
62 46
61 45
60 44
71 53
71 52
71 51
71 50
71 49
70 48
69 47
68 46
67 45
66 44
65 43
64 42
63 41
62 40
61 39
60 38
59 37
58 36
57 35
56 34
55 33
72 57
73 58
74 59
75 60
76 61
77 62
78 63
79 64
80 65
80 66
81 66
80 67
80 68
80 69
80 70
80 71
80 72
80 73
80 74
80 75
80 76
80 77
80 78
81 79
82 79
83 79
84 79
85 79
86 79
87 79
88 79
89 79
90 79
91 79
92 79
93 79
94 79
93 78
92 77
91 76
90 75
89 74
88 73
87 72
86 71
85 70
84 69
83 68
83 67
82 67
84 67
85 67
86 67
87 67
88 67
89 67
90 67
91 67
92 68
93 69
94 70
95 71
96 72
97 73
98 74
99 75
100 76
101 77
102 78
103 79
104 80
105 81
106 82
107 83
108 84
109 85
110 86
111 87
112 88
112 89
111 89
110 89
109 89
108 89
107 89
106 89
105 89
104 89
103 88
102 87
101 86
100 85
99 84
98 83
97 82
96 81
95 80
113 89
62 65
61 66
60 67
59 68
58 69
57 69
56 69
55 69
54 69
53 69
52 69
51 69
50 69
49 69
48 69
71 74
72 74
72 75
72 76
72 77
72 78
72 79
72 80
72 81
72 82
72 83
72 84
72 85
72 86
82 82
83 83
84 84
85 85
86 86
87 87
88 88
89 89
80 91
80 92
80 93
80 94
80 95
80 96
80 97
80 98
80 99
91 91
92 92
93 93
94 94
95 95
95 96
96 96
95 97
95 98
95 99
95 100
95 101
95 102
95 103
95 104
95 105
94 105
93 105
92 105
91 105
90 105
89 105
88 105
87 105
86 105
85 105
84 105
83 105
82 105
81 105
80 105
79 105
78 105
77 105
76 105
75 105
74 105
73 105
72 105
71 105
70 105
69 105
68 105
67 105
66 105
65 105
96 105
97 105
98 105
99 105
100 105
101 105
102 105
103 105
104 105
105 105
104 104
103 103
102 102
101 101
100 100
99 99
98 98
97 97
104 106
103 107
102 108
101 109
100 109
99 109
98 109
97 109
96 109
95 109
94 109
93 109
92 109
91 109
90 109
89 109
88 109
87 109
86 109
85 109
84 109
83 109
82 109
81 109
80 109
79 109
78 109
77 109
76 109
75 109
74 109
73 109
72 109
71 109
70 109
69 109
68 109
67 109
66 109
65 109
64 109
63 109
62 109
61 109
60 109
59 109
58 109
57 109
56 109
55 109
54 109
53 109
52 109
51 109
50 109
49 109
48 109
47 109
46 109
45 109
44 109
43 109
42 109
41 109
40 109
39 109
38 109
37 109
36 109
35 109
34 109
33 109
100 110
101 110
101 111
101 112
101 113
101 114
101 115
101 116
101 117
101 118
101 119
101 120
101 121
101 122
101 123
101 124
101 125
101 126
101 127
101 128
101 129
101 130
101 131
101 132
101 133
101 134
101 135
101 136
101 137
101 138
101 139
101 140
101 141
101 142
101 143
101 144
99 111
98 111
97 111
96 111
95 111
94 111
93 111
92 111
91 111
90 111
89 111
88 111
87 111
86 111
85 111
84 111
83 111
82 111
81 111
80 111
79 111
78 111
77 111
98 112
97 113
96 114
95 115
94 116
93 117
93 118
92 118
91 119
90 120
89 121
88 122
88 123
87 123
86 124
85 125
84 126
83 126
82 126
81 126
80 126
79 126
78 126
77 126
76 126
75 126
74 126
73 126
72 126
71 126
82 127
83 127
82 128
81 128
80 128
79 128
78 128
77 128
76 128
75 128
74 128
73 128
72 128
71 128
70 128
69 128
68 128
67 128
66 128
65 128
64 128
63 128
62 128
61 128
60 128
59 128
58 128
57 128
56 128
55 128
54 128
53 128
52 128
51 128
50 128
49 128
48 128
47 128
46 128
45 128
44 128
43 128
42 128
41 128
40 128
39 128
38 128
37 128
36 128
35 128
34 128
33 128
32 128
31 128
30 128
48 129
49 129
50 129
51 129
52 129
53 129
54 129
55 129
56 129
57 129
58 129
59 129
60 129
61 129
62 129
63 129
64 129
65 129
66 129
67 129
68 129
69 129
70 129
71 129
72 129
73 129
74 129
75 129
76 129
77 129
78 129
79 129
80 129
81 129
80 130
79 131
78 132
77 133
76 134
75 135
74 136
73 136
72 136
71 136
70 136
69 136
68 136
67 136
66 136
65 136
64 136
63 136
62 136
61 136
60 136
59 136
58 136
57 136
56 136
55 136
54 136
53 136
52 136
51 136
50 136
49 136
48 136
47 136
46 136
45 136
44 136
43 136
42 136
41 136
40 136
39 136
38 136
37 136
36 136
35 136
36 137
37 137
38 137
39 137
40 137
41 137
42 137
43 137
44 137
45 137
46 137
47 137
48 137
49 137
50 137
51 137
52 137
53 137
54 137
55 137
56 137
57 137
58 137
59 137
60 137
61 137
62 137
63 137
64 137
65 137
66 137
67 137
68 137
69 137
70 137
71 137
72 137
73 137
72 138
71 139
70 140
69 140
68 140
67 140
66 140
65 140
64 140
63 140
62 140
61 140
60 140
59 140
58 140
57 140
56 140
55 140
54 140
53 140
52 140
51 140
50 140
49 140
48 140
47 140
46 140
45 140
46 141
47 141
48 141
49 141
50 141
51 141
52 141
53 141
54 141
55 141
56 141
57 141
58 141
59 141
60 141
61 141
62 141
63 141
64 141
65 141
66 141
67 141
68 141
69 141
68 142
67 142
66 142
65 142
64 142
63 142
62 142
61 142
60 142
59 142
58 142
57 142
56 142
55 142
54 142
53 142
52 142
51 142
50 142
49 142
48 142
49 143
50 143
51 143
52 143
53 143
54 143
55 143
56 143
57 143
58 143
59 143
60 143
61 143
62 143
63 143
64 143
65 143
66 143
67 143
66 144
65 144
64 144
63 144
62 144
61 144
60 144
59 144
58 144
57 144
56 144
55 144
54 144
53 144
65 145
64 146
63 147
62 148
61 148
60 148
59 148
58 148
57 148
56 148
55 148
54 148
61 149
60 150
59 150
58 150
57 150
56 150
55 150
88 124
88 125
88 126
88 127
88 128
88 129
88 130
88 131
88 132
88 133
88 134
88 135
88 136
88 137
88 138
88 139
88 140
88 141
88 142
88 143
93 119
93 120
93 121
93 122
93 123
106 104
107 103
108 102
109 101
110 100
111 99
112 98
113 98
113 97
112 97
111 96
110 95
109 94
108 93
107 92
106 91
114 96
115 95
116 94
117 93
116 92
115 91
118 92
119 91
121 90
120 89
121 89
121 88
120 88
120 87
120 86
120 85
120 84
120 83
121 83
120 82
119 82
118 81
117 80
116 79
115 78
114 77
113 76
112 75
111 74
110 73
109 72
108 71
107 70
106 69
105 68
104 67
103 66
102 65
101 64
100 63
99 62
98 61
97 60
96 59
95 58
94 57
93 56
92 55
91 54
90 53
89 52
88 51
87 50
86 49
85 48
84 47
83 46
82 45
81 44
80 43
79 42
78 41
77 40
76 39
75 38
74 37
73 36
72 35
71 34
120 81
120 80
120 79
120 78
120 77
120 76
120 75
119 75
118 74
117 73
116 72
115 71
114 70
113 69
112 68
111 67
110 66
109 65
108 64
107 63
106 62
105 61
104 60
103 59
104 58
103 57
102 56
101 55
100 54
99 53
98 52
97 51
96 50
95 49
94 48
93 47
92 46
105 59
106 60
107 61
108 62
109 63
110 64
111 65
112 66
113 67
114 68
115 69
116 70
117 71
118 72
119 73
120 73
120 72
121 72
120 71
120 70
120 69
120 68
119 68
118 67
117 66
116 65
115 64
114 63
113 62
112 61
120 67
121 67
120 66
120 65
120 64
120 63
119 63
118 62
117 61
116 60
115 59
114 58
113 57
112 56
111 55
110 54
109 53
108 52
107 51
106 50
105 49
104 48
103 47
102 46
101 45
100 44
99 43
98 42
97 41
96 40
95 39
94 38
93 37
92 36
91 35
90 34
120 62
120 61
120 60
120 59
120 58
121 58
120 57
120 56
120 55
120 54
120 53
119 53
118 52
117 51
116 50
115 49
114 48
113 47
120 52
120 51
120 50
120 49
120 48
120 47
120 46
120 45
119 45
118 44
117 43
116 42
115 41
114 40
113 39
112 38
111 37
110 36
109 35
108 34
120 44
121 44
120 43
120 42
120 41
120 40
120 39
120 38
120 37
120 36
120 35
120 34
120 33
120 32
120 31
120 30
122 43
123 42
124 41
125 40
126 39
127 38
128 37
129 36
130 35
131 34
122 57
123 56
124 55
125 54
126 53
127 52
128 51
129 50
130 49
131 48
132 47
133 46
134 45
135 44
136 43
137 42
138 41
139 40
140 39
141 38
142 37
143 36
144 35
145 34
122 66
123 65
124 64
125 63
126 62
127 61
128 60
129 59
130 58
131 57
132 56
122 71
123 70
124 69
125 68
126 67
127 66
128 65
129 64
130 63
131 62
132 61
133 60
134 59
135 58
136 57
137 56
138 55
139 54
140 53
141 52
142 51
143 50
144 49
145 48
146 47
147 46
148 45
149 44
150 43
151 42
152 41
153 40
154 39
155 38
156 37
157 36
158 35
159 34
120 74
121 75
122 74
123 73
124 72
125 71
126 70
127 69
128 68
129 67
130 66
131 65
132 64
133 63
134 62
135 61
136 60
137 59
138 58
139 57
140 56
141 55
142 54
143 53
144 52
145 51
146 50
147 49
122 82
123 81
124 80
125 79
126 78
127 77
128 76
129 75
130 74
131 73
132 72
133 71
134 70
135 69
136 68
137 67
138 66
139 65
140 64
141 63
142 62
143 61
144 60
145 59
146 58
147 57
148 56
149 55
150 54
151 53
152 52
153 51
154 50
155 49
156 48
157 47
158 46
159 45
160 44
161 43
162 42
163 41
164 40
165 39
166 38
167 37
168 36
169 35
170 34
171 33
172 32
173 31
174 30
175 29
176 28
122 88
122 87
123 87
123 86
124 86
124 85
125 85
125 84
126 84
126 83
127 83
127 82
128 82
128 81
129 81
129 80
130 80
130 79
131 79
131 78
132 78
132 77
133 77
133 76
134 76
134 75
135 75
136 74
137 73
138 72
139 71
140 70
141 69
142 68
143 67
144 66
145 65
146 64
147 65
146 66
145 67
144 68
143 69
142 70
141 71
140 72
139 73
138 74
137 75
136 76
135 77
134 78
133 79
132 80
131 81
130 82
129 83
128 84
127 85
126 86
125 87
124 88
123 89
123 90
122 90
122 91
121 91
122 92
123 91
124 91
125 91
126 91
127 91
128 91
129 91
130 91
131 91
132 91
133 91
134 91
135 91
136 91
137 91
138 91
139 91
140 91
141 91
142 91
143 91
144 91
145 91
146 91
147 91
148 91
149 91
150 91
151 91
152 91
153 91
154 91
155 91
156 91
157 91
158 91
159 91
160 91
161 91
162 91
163 91
164 91
165 91
166 91
167 91
168 91
169 91
170 91
171 91
172 91
173 91
174 91
175 91
176 91
177 91
178 91
179 91
180 91
181 91
182 91
183 91
184 91
185 91
186 91
187 91
188 91
189 91
190 91
191 91
192 91
193 91
194 91
195 91
196 91
197 91
198 91
199 91
200 91
201 91
202 91
203 91
204 91
204 90
203 90
202 90
201 90
200 90
199 90
198 90
197 90
196 90
195 90
194 90
193 90
192 90
191 90
190 90
189 90
188 90
187 90
186 90
185 90
184 90
183 90
182 90
181 90
180 90
179 90
178 90
177 90
176 90
175 90
174 90
173 90
172 90
171 90
170 90
169 90
168 90
167 90
166 90
165 90
164 90
163 90
162 90
161 90
160 90
159 90
158 90
157 90
156 90
155 90
154 90
153 90
152 90
151 90
150 90
149 90
148 90
147 90
146 90
145 90
144 90
143 90
142 90
141 90
140 90
139 90
138 90
137 90
136 90
135 90
134 90
133 90
132 90
131 90
130 90
129 90
128 90
127 90
126 90
125 90
124 90
126 89
127 89
128 89
128 88
127 88
128 87
129 87
130 87
130 86
129 86
130 85
131 85
132 85
131 84
132 83
133 82
134 81
135 80
136 79
137 78
138 77
139 76
140 75
141 74
142 73
143 72
144 71
145 70
146 69
147 68
148 67
149 66
150 65
151 64
152 63
153 62
154 61
155 60
156 59
157 58
158 57
159 56
160 55
161 54
162 53
163 52
164 51
165 50
166 49
167 48
168 47
169 46
170 45
171 44
172 43
173 42
174 41
175 40
176 39
177 38
178 37
179 36
180 35
181 34
182 33
183 32
184 31
185 30
161 56
160 57
159 58
158 59
157 60
156 61
155 62
154 63
153 64
152 65
151 66
150 67
149 68
148 69
147 70
146 71
145 72
144 73
143 74
142 75
141 76
140 77
139 78
138 79
137 80
136 81
135 82
134 83
133 84
131 86
129 88
133 89
134 88
135 87
136 86
137 85
138 84
139 83
140 82
141 81
142 80
143 79
144 78
145 77
146 76
147 75
148 74
149 73
150 72
151 71
152 70
153 69
154 68
155 67
156 66
157 65
158 64
159 63
160 62
161 61
162 60
163 59
164 58
165 57
166 56
167 55
168 54
169 53
170 52
171 51
172 50
173 49
174 48
175 47
176 46
177 45
178 44
179 43
180 42
181 41
137 89
138 88
139 87
140 86
141 85
142 84
143 83
144 82
145 81
146 80
147 79
148 78
149 79
148 80
147 81
146 82
145 83
144 84
143 85
142 86
141 87
140 88
139 89
141 89
142 88
143 87
144 86
145 85
146 84
147 83
148 82
149 81
150 80
151 79
150 78
151 77
152 76
153 75
154 74
155 73
156 72
157 71
158 70
159 69
160 68
161 67
162 66
163 65
164 64
165 63
166 62
167 61
168 60
169 59
170 58
171 57
172 56
173 55
174 54
175 53
176 52
177 51
178 50
179 49
180 48
181 47
182 46
183 45
184 44
185 43
186 42
187 41
188 40
189 39
190 38
191 37
192 36
193 37
192 38
191 39
190 40
189 41
188 42
187 43
186 44
185 45
184 46
183 47
182 48
181 49
180 50
179 51
178 52
177 53
176 54
175 55
174 56
173 57
172 58
171 59
170 60
169 61
168 62
167 63
166 64
165 65
164 66
163 67
162 68
161 69
160 70
159 71
158 72
157 73
156 74
155 75
154 76
153 77
152 78
144 89
145 88
146 87
147 86
148 85
149 84
150 83
151 82
152 81
153 80
154 79
155 78
156 77
157 76
158 75
159 74
160 73
161 72
162 71
163 70
164 69
165 68
166 67
167 66
168 65
169 64
170 63
171 62
172 61
173 60
174 59
175 58
176 57
177 56
178 55
179 54
180 53
181 52
182 51
183 50
184 49
185 48
186 47
187 46
188 45
189 44
190 43
191 42
192 41
193 40
194 39
195 38
149 89
150 88
151 87
152 86
153 85
154 84
155 83
156 82
157 81
158 80
159 79
160 78
161 77
152 89
153 88
154 87
155 86
156 85
157 84
158 83
159 82
160 81
161 80
162 79
163 78
164 77
165 76
166 75
167 74
168 73
169 72
170 71
171 70
172 69
173 68
174 67
175 66
176 65
177 64
178 63
179 62
180 61
181 60
182 59
183 58
184 57
185 56
186 55
187 54
188 53
189 52
190 51
191 50
192 49
193 48
194 47
195 46
196 45
197 44
198 43
181 62
180 63
179 64
178 65
177 66
176 67
175 68
174 69
173 70
172 71
171 72
170 73
169 74
168 75
167 76
166 77
165 78
164 79
163 80
162 81
161 82
160 83
159 84
158 85
157 86
156 87
155 88
154 89
158 89
159 88
160 87
161 86
162 85
163 84
164 83
166 89
167 88
168 87
169 86
170 85
171 84
172 83
173 82
174 81
175 80
176 79
177 78
178 77
179 76
180 75
181 74
182 73
183 72
184 71
185 70
186 69
187 68
188 67
189 66
190 65
191 64
192 63
193 62
194 61
195 60
196 59
197 58
198 57
199 56
200 55
201 54
202 53
203 52
204 51
205 50
206 49
207 48
208 47
209 46
210 45
211 44
212 43
171 89
172 88
173 87
174 86
175 85
176 84
177 83
178 82
179 81
180 80
181 79
182 78
183 77
184 76
185 75
186 74
187 73
188 72
189 71
190 70
191 69
192 68
193 67
194 66
195 65
196 64
197 63
198 62
199 61
200 60
201 59
202 58
203 57
204 56
205 55
177 89
178 88
179 87
180 86
181 85
183 89
184 88
185 87
186 86
187 85
188 84
189 83
190 82
191 81
192 80
193 79
194 78
195 77
196 76
197 75
198 74
199 73
200 72
201 71
202 70
203 69
204 68
205 67
194 89
195 88
196 87
197 86
198 85
199 84
200 83
201 82
202 81
203 80
204 79
205 90
206 90
207 90
208 90
209 90
210 90
211 89
212 88
213 87
214 86
215 85
123 93
124 94
125 95
126 95
127 95
128 95
129 95
130 95
131 95
132 95
133 95
134 95
135 95
136 95
137 95
138 95
139 95
140 95
141 95
142 95
143 95
144 95
145 95
146 95
147 95
148 95
149 95
150 95
151 95
152 95
153 95
154 95
155 95
156 95
157 95
158 95
159 95
160 95
161 95
162 95
130 96
129 96
128 96
127 96
126 96
127 97
128 98
129 99
130 100
131 101
132 101
133 101
134 101
135 101
136 101
137 101
138 101
139 101
140 101
141 101
142 101
143 101
144 101
145 101
146 101
147 101
147 102
146 102
145 102
144 102
143 102
142 102
141 102
140 102
139 102
138 102
137 102
136 102
135 102
134 102
133 102
132 102
133 103
134 104
135 105
136 106
137 106
138 106
139 106
140 106
141 106
142 106
143 106
144 106
145 106
146 106
147 106
148 106
149 106
150 106
151 106
152 106
153 106
154 106
155 106
156 106
157 106
158 106
159 106
160 106
161 106
162 106
163 106
164 106
165 106
166 106
167 106
168 106
169 106
170 106
171 106
172 106
173 106
174 106
175 106
176 106
177 106
178 106
179 106
180 106
181 106
137 107
136 108
135 108
134 108
133 108
132 108
131 107
130 106
129 105
128 104
127 103
126 102
125 101
124 100
123 99
122 98
121 97
120 96
119 95
118 94
133 109
134 110
135 111
136 112
137 113
138 114
139 115
140 116
141 117
142 118
143 119
144 120
145 121
146 122
147 123
148 124
149 125
150 126
151 127
152 128
153 129
154 129
155 129
156 129
157 129
158 129
159 129
158 128
158 127
157 127
156 126
156 125
155 125
154 124
153 123
152 122
151 121
150 120
149 119
148 118
147 117
147 116
146 116
145 115
145 114
144 114
143 113
142 112
141 111
140 110
139 109
139 108
138 108
140 108
141 108
142 108
143 108
144 108
145 108
146 108
147 108
148 108
149 108
150 108
151 108
152 108
153 108
154 108
155 108
156 108
157 108
158 108
159 108
160 108
161 108
162 108
163 108
164 108
165 108
166 108
167 108
168 108
169 108
170 108
171 108
172 108
173 108
174 108
175 108
176 108
177 108
178 108
179 108
180 108
181 108
182 108
183 108
184 108
185 108
186 108
187 108
188 108
189 108
190 108
191 108
192 108
193 108
194 108
146 114
147 114
148 114
149 114
150 114
151 114
152 114
153 114
154 114
155 114
156 114
157 114
158 114
159 114
160 114
161 114
162 114
163 114
164 114
165 114
166 114
167 114
168 114
169 114
170 114
171 114
172 114
173 114
174 114
175 114
176 114
177 114
178 114
179 114
180 114
181 114
182 114
183 114
184 114
185 114
186 114
187 114
188 114
189 114
190 114
191 114
192 114
193 114
194 114
195 114
196 114
197 114
198 114
199 114
200 114
201 114
202 114
203 114
204 114
205 114
148 116
149 116
150 116
151 116
152 116
153 116
154 116
155 116
156 116
157 116
158 116
159 116
160 116
161 116
162 116
163 116
164 116
165 116
166 116
167 116
157 125
158 125
159 125
160 125
161 125
162 125
163 125
164 125
165 125
166 125
167 125
168 125
169 125
170 125
171 125
172 125
173 125
174 125
175 125
176 125
177 125
178 125
179 125
180 125
181 125
182 125
183 125
184 125
185 125
186 125
187 125
188 125
189 125
190 125
191 125
192 125
193 125
194 125
195 125
196 125
197 125
198 125
199 125
200 125
201 125
202 125
203 125
204 125
159 127
160 127
161 127
162 127
163 127
164 127
165 127
166 127
167 127
168 127
169 127
170 127
171 127
172 127
173 127
174 127
175 127
176 127
177 127
178 127
179 127
180 127
181 127
160 130
161 130
162 130
163 130
164 130
165 130
166 130
167 130
168 130
169 130
170 130
171 130
172 130
173 130
174 130
175 130
176 130
177 130
178 130
179 130
180 130
181 130
182 130
183 130
184 130
185 130
186 130
187 130
188 130
189 130
190 130
191 130
192 130
193 130
194 130
195 130
196 130
197 130
198 130
199 130
200 130
201 130
202 130
203 130
204 130
205 130
206 130
207 130
208 130
209 130
210 130
211 130
212 130
213 130
214 130
215 130
161 131
162 132
163 133
164 134
165 135
166 136
167 136
168 136
169 136
170 136
171 136
172 136
173 136
174 136
175 136
176 136
177 136
178 136
179 136
180 136
181 136
182 136
183 136
184 136
185 136
186 136
187 136
188 136
189 136
190 136
191 136
192 136
193 136
194 136
195 136
196 136
197 136
198 136
167 137
168 138
169 139
170 139
171 139
172 139
173 139
174 139
175 139
176 139
177 139
178 139
179 139
180 139
181 139
182 139
183 139
184 139
185 139
186 139
187 139
188 139
189 139
190 139
191 139
192 139
193 139
194 139
195 139
196 139
189 140
188 140
187 140
186 140
185 140
184 140
183 140
182 140
181 140
180 140
179 140
178 140
177 140
176 140
175 140
174 140
173 140
172 140
171 140
170 140
171 141
172 142
173 143
174 144
175 144
176 144
177 144
178 144
179 144
180 144
181 144
182 144
183 144
184 144
185 144
186 144
187 144
175 145
176 146
177 146
178 146
179 146
180 146
181 146
182 146
183 146
184 146
185 146
177 147
178 148
179 149
180 149
181 149
182 149
183 149
154 130
155 131
156 132
157 133
158 134
159 135
160 136
161 137
162 138
163 139
164 140
165 141
166 142
167 143
168 144
169 145
170 145
171 145
170 146
171 147
172 148
173 149
174 150
175 151
176 152
177 153
178 153
179 153
180 153
181 153
182 153
148 102
149 102
150 102
151 102
152 102
153 102
154 102
155 102
156 102
157 102
158 102
159 102
160 102
161 102
162 102
163 102
164 102
165 102
166 102
167 102
168 102
169 102
170 102
171 102
172 102
173 102
174 102
175 102
176 102
177 102
178 102
179 102
180 102
181 102
182 102
183 102
184 102
185 102
186 102
187 102
188 102
189 102
190 102
191 102
192 102
193 102
194 102
195 102
196 102
197 102
198 102
199 102
200 102
201 102
202 102
203 102
204 102
205 102
148 64
149 63
150 62
151 61
152 60
153 59
154 58
155 57
156 56
157 55
158 54
159 53
160 52
161 51
162 50
163 49
164 48
165 47
166 46
167 45
168 44
169 43
170 42
113 99
114 99
113 100
113 101
113 102
113 103
113 104
113 105
113 106
113 107
113 108
113 109
113 110
112 110
111 110
110 110
109 109
108 108
107 107
106 106
111 111
112 112
113 112
113 111
113 113
113 114
114 114
114 115
113 115
113 116
114 116
114 117
113 117
113 118
114 118
114 119
113 119
113 120
114 120
114 121
113 121
113 122
114 122
114 123
113 123
113 124
114 124
114 125
113 125
113 126
114 126
114 127
113 127
113 128
113 129
113 130
113 131
113 132
113 133
113 134
113 135
113 136
113 137
113 138
113 139
113 140
113 141
113 142
113 143
115 115
116 116
117 117
118 118
119 119
120 120
121 121
122 122
123 123
124 124
125 125
126 126
127 127
128 128
129 129
130 129
131 129
132 129
133 129
134 129
135 129
130 130
131 131
132 132
132 133
133 133
132 134
132 135
132 136
132 137
132 138
132 139
132 140
132 141
132 142
132 143
132 144
134 134
135 135
136 136
137 137
138 138
139 139
140 140
141 141
142 142
143 143
144 143
145 143
146 143
147 143
148 143
149 143
150 143
115 100
116 101
117 102
118 103
119 104
120 105
121 106
122 107
123 108
124 109
125 110
126 111
127 112
128 113
129 114
130 115
131 116
132 117
133 118
134 119
135 120
136 121
137 122
138 123
139 124
140 125
141 126
142 127
143 128
144 129
145 130
146 130
147 130
114
51 90
31 88
31 67
30 49
48 48
32 41
37 40
44 37
49 36
71 56
60 44
55 33
82 79
93 79
91 67
112 89
48 69
71 74
72 86
80 99
93 93
95 105
65 105
51 109
33 109
101 144
77 111
71 126
82 127
30 128
48 129
35 136
36 137
45 140
46 141
48 142
49 143
67 143
53 144
54 148
55 150
88 143
93 123
112 75
71 34
103 59
92 46
112 61
103 47
90 34
113 47
108 34
120 30
131 34
145 34
132 56
159 34
147 49
176 28
134 75
146 64
204 91
131 85
185 30
161 56
181 41
148 78
192 36
193 37
147 86
195 38
161 77
198 43
181 62
164 83
181 74
194 61
212 43
205 55
181 85
205 67
204 79
215 85
162 95
130 96
147 101
181 106
136 108
158 129
194 108
205 114
155 116
167 116
204 125
181 127
215 130
198 136
196 139
189 140
187 144
185 146
183 149
171 145
182 153
158 102
205 102
170 42
112 110
114 127
113 143
135 129
132 144
150 143
147 130
