3449
119 90
118 90
117 90
116 90
115 90
114 90
113 90
112 90
111 90
110 90
109 90
108 90
107 90
106 90
105 90
104 90
103 90
102 90
101 90
100 90
99 90
98 90
97 90
96 90
95 90
94 90
93 90
92 90
91 90
90 90
89 90
88 90
87 90
86 90
85 90
84 90
83 90
82 90
81 90
80 90
79 90
78 90
77 90
76 90
75 90
74 90
73 90
72 90
71 90
70 90
69 90
68 90
67 90
66 90
65 90
64 90
63 90
62 90
61 90
60 90
59 90
58 90
57 90
56 90
55 90
54 90
53 90
52 90
51 90
50 90
49 89
48 88
47 87
46 86
45 85
44 84
43 83
42 82
41 81
40 80
39 79
38 78
37 77
36 76
35 75
34 74
33 73
32 72
31 71
71 89
71 88
71 87
71 86
71 85
72 84
73 83
74 82
75 81
76 80
77 80
77 79
76 79
75 79
75 78
74 78
74 77
73 77
73 76
72 76
72 75
71 75
71 74
70 74
69 74
69 73
70 73
69 72
68 72
68 71
67 71
66 71
65 71
64 71
63 71
62 71
61 71
60 71
59 71
58 71
57 71
56 71
55 71
54 71
53 71
52 71
51 71
50 71
49 71
66 70
67 70
67 69
66 69
65 69
64 69
63 69
62 69
61 69
60 69
59 69
58 69
57 69
56 69
55 69
54 69
53 69
52 69
51 69
50 69
49 68
48 67
47 66
46 65
45 64
44 63
43 62
42 61
41 60
40 59
39 58
38 57
37 56
36 55
35 54
34 53
33 52
32 51
31 50
64 68
65 68
64 67
63 67
63 66
62 66
62 65
61 65
61 64
60 64
60 63
59 63
59 62
58 62
58 61
57 61
57 60
56 60
56 59
55 59
55 58
54 58
54 57
53 57
53 56
52 56
52 55
51 55
51 54
50 54
50 53
49 53
49 52
48 51
47 50
46 49
45 48
44 47
43 46
42 45
41 44
40 43
39 42
38 41
37 40
68 69
69 69
70 69
71 69
72 69
73 69
74 69
75 69
76 69
77 69
78 69
79 69
80 69
81 69
82 69
83 69
84 69
85 69
86 69
87 69
87 68
86 68
85 67
84 67
84 66
84 65
83 65
82 64
81 63
80 62
79 61
78 60
77 59
76 58
75 57
74 56
73 55
72 54
71 53
70 52
69 51
68 50
67 49
66 48
65 47
64 46
63 45
62 44
61 43
60 42
59 41
58 40
57 39
56 38
55 37
54 36
53 35
52 34
51 33
84 64
85 64
84 63
84 62
83 62
82 61
81 60
80 59
79 58
78 57
77 56
76 55
75 54
74 53
73 52
72 51
71 50
70 49
69 48
68 47
67 46
66 45
65 44
64 43
63 42
62 41
61 40
60 39
59 38
58 37
57 36
56 35
55 34
54 33
53 32
52 31
84 61
84 60
84 59
84 58
84 57
84 56
84 55
85 55
84 54
83 54
83 53
82 53
82 52
81 52
80 51
79 50
78 49
77 48
76 47
75 46
74 45
73 44
72 43
71 42
70 41
69 40
68 39
67 38
66 37
65 36
64 35
63 34
86 56
87 57
88 58
89 59
90 60
91 61
92 62
93 63
94 64
95 65
96 66
97 67
98 68
99 69
100 70
101 71
102 72
103 73
104 74
105 75
106 76
107 77
108 78
109 79
110 80
111 81
112 82
113 83
114 84
115 85
116 86
117 87
118 88
119 89
120 89
120 88
121 88
120 87
120 86
121 86
121 85
120 85
120 84
120 83
119 83
119 82
118 82
118 81
117 81
117 80
116 80
116 79
115 79
115 78
114 78
114 77
113 77
112 76
111 75
110 74
109 73
108 72
107 71
106 70
105 69
104 68
103 67
102 66
101 65
100 64
120 82
121 82
120 81
120 80
120 79
120 78
120 77
120 76
120 75
119 75
118 74
117 73
116 72
115 71
114 70
113 69
112 68
111 67
110 66
109 65
108 64
107 63
106 62
105 61
104 60
103 59
102 58
101 57
100 56
99 55
98 54
97 53
96 52
120 74
120 73
120 72
121 72
121 71
120 71
120 70
119 70
119 69
118 69
118 68
117 68
117 67
116 67
116 66
115 66
115 65
114 65
114 64
113 63
112 62
111 61
110 60
109 59
108 58
107 57
106 56
105 55
104 54
103 53
102 52
101 51
100 50
99 49
98 48
97 47
96 46
95 45
94 44
93 43
92 42
91 41
90 40
89 39
88 38
87 37
86 36
85 35
84 34
120 69
120 68
120 67
120 66
120 65
120 64
120 63
120 62
120 61
120 60
121 60
120 59
120 58
120 57
120 56
121 56
120 55
119 55
118 54
117 53
116 52
115 51
114 50
120 54
120 53
120 52
120 51
120 50
119 50
118 49
117 48
116 47
115 46
114 45
113 44
112 43
111 42
110 41
109 40
108 39
107 38
106 37
105 36
104 35
103 34
120 49
120 48
120 47
120 46
120 45
120 44
120 43
120 42
120 41
120 40
120 39
120 38
120 37
120 36
121 35
122 34
122 55
123 54
124 53
125 52
126 51
127 50
128 49
129 48
130 47
131 46
132 45
133 44
134 43
135 42
136 41
137 40
138 39
139 38
140 37
141 36
142 35
143 34
122 59
123 58
124 57
125 56
126 55
127 54
128 53
129 52
130 51
122 71
122 70
123 70
123 69
124 69
124 68
125 68
125 67
126 67
126 66
127 66
127 65
128 65
128 64
129 64
129 63
130 63
131 62
132 61
133 60
134 59
135 58
136 57
137 56
138 55
139 54
140 53
141 52
142 51
143 50
144 49
145 48
146 47
121 75
122 74
123 73
124 72
125 71
126 70
127 69
128 68
129 67
130 66
131 65
132 64
133 63
134 62
135 61
136 60
137 59
138 58
139 57
140 56
141 55
142 54
143 53
144 52
145 51
146 50
147 49
148 48
149 47
150 46
151 45
152 44
153 43
154 42
155 41
156 40
157 39
158 38
159 37
160 36
161 35
162 34
163 33
122 81
123 80
124 79
125 78
126 77
127 76
128 75
129 74
130 73
131 72
132 71
133 70
134 69
135 68
136 67
137 66
138 65
139 64
140 63
141 62
142 61
143 60
144 59
122 85
122 84
123 84
123 83
124 83
124 82
125 82
125 81
126 81
126 80
127 80
127 79
128 79
128 78
129 78
129 77
130 77
130 76
131 76
131 75
132 75
132 74
133 73
134 72
135 71
136 70
137 69
138 68
139 67
140 66
141 65
142 64
143 63
144 62
145 61
146 60
147 59
148 58
149 57
150 56
151 55
152 54
153 53
154 52
155 51
156 50
157 49
158 48
159 47
160 46
161 45
162 44
133 76
132 77
131 78
130 79
129 80
128 81
127 82
126 83
125 84
124 85
123 86
122 87
134 75
135 74
136 73
137 72
138 71
139 70
140 69
141 68
142 67
143 66
144 65
145 64
146 63
147 62
148 61
149 60
150 59
151 58
152 57
153 56
154 55
155 54
156 53
157 52
158 51
159 50
160 49
161 48
162 47
163 46
164 45
165 44
166 43
167 42
168 41
169 40
170 39
171 38
172 37
173 36
174 35
175 34
176 33
177 32
178 31
179 30
121 90
119 91
118 92
117 92
116 92
115 92
114 92
113 92
112 92
111 92
110 92
109 92
108 92
107 92
106 92
105 92
104 92
103 92
102 92
101 92
100 92
99 92
98 92
97 92
96 92
95 92
94 92
93 92
92 92
91 92
90 92
89 92
88 92
87 92
86 92
85 92
84 92
83 92
82 92
81 92
80 92
79 92
78 92
77 92
76 92
75 92
74 92
73 92
72 92
71 92
70 92
69 92
68 92
67 92
66 92
65 92
64 92
63 92
62 92
61 92
60 92
59 92
58 92
57 92
56 92
55 92
54 92
53 92
52 92
51 92
50 92
49 92
48 92
47 92
46 92
45 92
44 92
43 92
42 92
41 92
40 92
39 92
38 92
37 92
36 92
35 92
34 92
33 92
32 92
31 92
84 91
84 93
84 94
84 95
84 96
84 97
84 98
84 99
83 99
82 98
84 100
84 101
85 101
84 102
84 103
83 103
82 103
81 103
80 103
79 103
78 103
77 103
76 103
75 103
74 103
73 103
72 103
71 103
70 103
69 103
68 103
67 103
66 103
65 103
64 103
63 103
62 103
61 103
60 103
59 103
58 103
57 103
56 103
55 103
54 103
53 103
52 103
51 103
50 103
49 103
48 103
47 103
46 103
45 103
44 103
43 103
42 103
41 103
40 103
39 103
38 103
37 103
36 103
35 103
34 103
33 103
32 103
31 103
84 104
84 105
84 106
83 106
82 106
81 106
80 106
79 106
78 106
77 106
76 106
75 106
74 106
73 106
72 106
71 106
70 106
69 106
68 106
67 106
84 107
84 108
84 109
85 109
86 109
87 109
88 109
89 109
90 109
91 109
92 109
93 109
94 109
95 109
96 109
97 109
98 109
99 109
100 109
101 109
102 109
103 109
104 109
105 109
106 109
107 109
108 109
109 109
110 109
111 109
112 109
113 109
114 109
115 109
116 109
117 109
118 109
119 109
120 109
121 109
122 109
123 109
124 109
125 109
126 109
127 109
128 109
129 109
128 110
129 111
130 112
131 113
132 114
133 115
134 116
135 117
136 118
137 119
138 120
139 121
140 122
141 123
142 124
143 125
144 126
145 127
146 128
147 129
148 130
148 131
149 131
149 132
150 132
150 133
151 133
150 134
149 134
148 134
148 133
147 133
147 132
146 132
146 131
145 131
145 130
144 130
144 129
143 129
143 128
142 128
142 127
141 127
141 126
140 126
140 125
139 125
139 124
138 124
138 123
137 123
137 122
136 122
136 121
135 121
135 120
134 120
134 119
133 119
133 118
132 118
132 117
131 117
131 116
130 116
130 115
129 115
129 114
128 114
128 113
127 113
127 112
126 112
126 111
125 111
125 110
124 110
149 135
150 135
150 136
150 137
150 138
150 139
150 140
149 140
148 140
148 139
147 139
147 138
146 138
146 137
145 137
145 136
144 136
144 135
143 135
143 134
142 134
142 133
141 133
141 132
140 132
140 131
139 131
139 130
138 130
138 129
137 129
137 128
136 128
136 127
135 127
135 126
134 126
134 125
133 125
133 124
132 123
131 122
130 121
129 120
128 119
127 118
126 117
125 116
124 115
123 114
122 113
121 112
120 111
119 110
149 141
150 141
150 142
150 143
150 144
149 144
148 144
147 144
146 144
145 144
144 144
143 144
142 144
141 144
140 144
139 144
138 144
137 144
136 144
135 144
134 144
133 144
132 144
131 144
130 144
129 144
128 144
127 143
126 142
125 141
124 140
123 139
122 138
121 137
120 136
119 135
118 134
117 133
116 132
115 131
114 131
114 130
114 129
113 129
112 128
111 127
110 126
109 125
108 124
107 123
106 122
105 121
104 120
103 119
102 118
101 117
100 116
99 115
98 114
97 114
96 114
95 114
94 114
93 114
92 114
91 114
90 114
89 114
88 114
87 114
86 114
85 114
84 114
83 114
82 114
81 114
80 114
79 114
78 114
77 114
76 114
75 114
74 114
73 114
72 114
71 114
70 114
69 114
68 114
67 114
66 114
65 114
64 114
63 114
62 114
61 114
60 114
59 114
58 114
57 114
56 114
55 114
54 114
53 114
52 114
51 114
50 114
49 114
48 114
47 114
46 114
45 114
44 114
43 114
42 114
41 114
40 114
39 114
38 114
37 114
36 114
35 114
34 114
33 114
32 114
31 114
30 114
88 113
87 112
86 111
86 110
85 110
84 110
83 110
82 110
81 110
80 110
79 110
78 110
77 110
76 110
75 110
74 110
73 110
72 110
71 110
70 110
69 110
68 110
67 110
66 110
65 110
64 110
63 110
62 110
61 110
60 110
59 110
58 110
57 110
56 110
55 110
54 110
53 110
52 110
51 110
50 110
49 110
87 110
88 110
89 110
90 110
91 110
92 110
93 110
94 110
95 110
96 110
97 110
98 110
99 110
100 110
99 111
98 112
97 113
96 112
95 111
90 115
91 116
92 117
93 117
93 118
92 118
91 119
90 120
89 121
88 122
87 123
86 124
85 125
84 125
83 125
82 125
81 125
80 125
79 125
78 125
77 125
76 125
75 125
74 125
73 125
72 125
71 125
70 125
69 125
82 126
83 126
84 126
83 127
82 128
81 129
80 130
79 130
78 130
77 130
76 130
75 130
74 130
73 130
72 130
71 130
70 130
69 130
68 130
67 130
66 130
65 130
64 130
63 130
62 130
61 130
60 130
59 130
58 130
57 130
56 130
55 130
54 130
53 130
52 130
51 130
50 130
49 130
48 130
47 130
46 130
45 130
44 130
43 130
42 130
41 130
40 130
39 130
38 130
37 130
36 130
35 130
34 130
33 130
32 130
31 130
48 131
49 131
50 131
51 131
52 131
53 131
54 131
55 131
56 131
57 131
58 131
59 131
60 131
61 131
62 131
63 131
64 131
65 131
66 131
67 131
68 131
69 131
70 131
71 131
72 131
73 131
74 131
75 131
76 131
77 131
78 131
79 131
79 132
78 132
77 133
76 134
75 135
74 135
73 135
72 135
71 135
70 135
69 135
68 135
67 135
66 135
65 135
74 136
73 137
72 137
71 137
70 137
69 137
68 137
67 137
66 137
65 137
64 137
63 137
62 137
61 137
60 137
59 137
58 137
57 137
56 137
55 137
54 137
53 137
52 137
51 137
50 137
49 137
48 137
47 137
46 137
45 137
44 137
43 137
42 137
41 137
40 137
39 137
38 137
37 137
72 138
71 139
70 140
69 141
68 142
67 142
66 142
65 142
64 142
63 142
62 142
61 142
60 142
59 142
58 142
57 142
56 142
55 142
54 142
53 142
52 142
51 142
50 142
49 142
48 142
51 143
52 143
53 143
54 143
55 143
56 143
57 143
58 143
59 143
60 143
61 143
62 143
63 143
64 143
65 143
66 143
67 143
66 144
65 145
64 146
63 146
62 146
61 146
60 146
59 146
58 146
57 146
56 146
55 146
54 146
53 146
52 146
61 147
62 147
63 147
79 133
79 134
79 135
79 136
79 137
79 138
79 139
79 140
79 141
79 142
79 143
79 144
94 119
95 120
96 120
97 120
97 119
96 119
96 118
97 118
97 117
96 117
96 116
97 116
97 115
96 115
95 115
94 116
97 121
96 121
96 122
97 122
97 123
96 123
96 124
97 124
97 125
96 125
96 126
97 126
97 127
97 128
97 129
97 130
97 131
97 132
97 133
97 134
97 135
97 136
97 137
97 138
97 139
97 140
97 141
97 142
97 143
97 144
98 123
99 124
100 125
101 126
102 127
103 128
104 129
105 130
106 131
107 132
108 133
109 134
110 135
111 136
112 137
113 138
114 139
114 140
114 141
114 142
114 143
114 128
114 127
114 126
114 125
114 124
114 123
114 122
115 122
114 121
114 120
113 120
112 119
111 118
110 117
109 116
108 115
107 114
106 113
105 112
104 111
103 110
114 119
115 119
114 118
114 117
113 117
112 116
111 115
110 114
109 113
108 112
107 111
106 110
114 116
114 115
114 114
114 113
114 112
114 111
114 110
116 120
117 121
118 122
119 123
120 124
121 125
122 126
123 127
124 128
125 129
126 130
127 131
128 132
129 133
130 134
131 135
132 136
133 137
134 138
135 139
136 140
137 141
138 142
139 143
116 123
117 124
118 125
119 126
120 127
121 128
122 129
123 130
124 131
125 132
126 133
127 134
128 135
129 136
130 137
131 138
132 139
133 140
134 141
135 142
136 143
114 132
152 134
153 135
154 136
155 137
156 138
157 139
158 140
159 141
160 142
161 143
162 144
163 145
164 145
165 145
166 145
167 145
168 145
169 145
130 108
131 107
132 106
133 105
134 104
134 103
133 103
133 102
132 102
132 101
131 101
130 100
129 99
129 98
128 98
127 97
126 96
125 95
124 94
123 93
122 92
121 91
122 90
123 90
124 90
125 90
126 90
127 90
128 90
129 90
130 90
131 90
132 90
133 90
134 90
135 90
136 90
137 90
138 90
139 90
140 90
141 90
142 90
143 90
144 90
145 90
146 90
147 90
148 90
149 90
150 90
151 90
152 90
153 90
154 90
155 90
156 90
157 90
158 90
159 90
160 90
161 90
162 90
163 90
164 90
165 90
166 90
167 90
168 90
169 90
170 90
171 90
172 90
173 90
174 90
175 90
176 90
177 90
178 90
179 90
180 90
181 90
182 90
183 90
184 90
185 90
186 90
187 90
188 90
189 90
190 90
191 90
192 90
193 90
194 90
195 90
196 90
197 90
198 90
199 90
200 90
201 90
202 90
203 90
204 90
205 90
206 90
207 90
208 90
209 90
210 90
211 89
197 89
193 89
194 88
195 87
196 86
197 85
198 84
199 83
200 82
201 81
202 80
203 79
204 78
205 77
178 89
177 89
178 88
179 88
179 87
180 87
180 86
181 86
181 85
182 85
182 84
183 84
183 83
184 83
185 82
186 81
187 80
188 79
189 78
190 77
191 76
192 75
193 74
194 73
172 89
173 88
174 87
175 86
176 85
177 84
178 83
179 82
180 81
181 80
182 79
183 78
184 77
185 76
186 75
187 74
188 73
189 72
190 71
191 70
192 69
193 68
194 67
195 66
196 65
197 64
198 63
199 62
200 61
201 60
202 59
203 58
204 57
205 56
165 89
164 89
163 89
162 88
161 87
160 88
159 89
161 89
162 86
163 85
164 84
165 83
166 82
167 81
168 80
169 79
170 78
171 77
172 76
173 75
174 74
175 73
176 72
177 71
178 70
179 69
180 68
181 67
182 66
183 65
184 64
185 63
186 62
187 61
188 60
189 59
190 58
191 57
192 56
193 55
194 54
195 53
196 52
197 51
198 50
199 49
200 48
201 47
202 46
203 45
204 44
205 43
206 42
207 41
181 69
180 70
179 71
178 72
177 73
176 74
175 75
174 76
173 77
172 78
171 79
170 80
169 81
168 82
167 83
166 84
165 85
164 86
163 87
164 88
165 87
166 86
167 85
168 84
169 83
170 82
171 81
172 80
173 79
174 78
175 77
176 76
177 75
178 74
179 73
180 72
181 71
182 70
183 69
184 68
185 67
186 66
187 65
188 64
189 63
190 62
191 61
192 60
193 59
194 58
195 59
194 60
193 61
192 62
191 63
190 64
189 65
188 66
187 67
186 68
185 69
184 70
183 71
182 72
181 73
180 74
179 75
178 76
177 77
176 78
175 79
174 80
173 81
172 82
171 83
170 84
169 85
168 86
167 87
166 88
196 58
197 57
198 56
199 55
200 54
201 53
202 52
203 51
204 50
205 49
206 48
207 47
208 46
209 45
210 44
211 43
150 89
149 89
150 88
151 88
151 87
152 87
152 86
153 86
153 85
154 85
154 84
155 84
155 83
156 83
156 82
157 82
157 81
158 81
158 80
159 80
159 79
160 79
160 78
161 78
161 77
162 77
162 76
163 76
163 75
164 75
164 74
165 74
165 73
166 73
166 72
167 72
167 71
168 71
168 70
169 70
169 69
170 69
170 68
171 68
171 67
172 67
172 66
173 66
173 65
174 65
174 64
175 64
175 63
176 63
176 62
177 62
177 61
178 61
178 60
179 60
179 59
180 59
180 58
181 58
181 57
182 56
183 55
184 54
185 53
186 52
187 51
188 50
189 49
190 48
191 47
192 46
193 45
194 44
195 43
196 42
146 89
145 89
146 88
147 87
148 86
149 85
150 84
151 83
152 82
153 81
154 80
155 79
156 78
157 77
158 76
159 75
160 74
161 73
140 89
139 89
140 88
141 88
141 87
142 87
142 86
143 86
143 85
144 85
144 84
145 84
145 83
146 83
146 82
147 82
147 81
148 81
148 80
149 80
149 79
150 79
150 78
151 78
151 77
152 77
152 76
153 76
153 75
154 75
154 74
155 74
155 73
156 73
156 72
157 72
157 71
158 71
158 70
159 70
159 69
160 69
160 68
161 68
161 67
162 67
162 66
163 66
163 65
164 65
164 64
165 64
165 63
166 63
166 62
167 62
167 61
168 61
168 60
169 60
169 59
170 59
170 58
171 58
171 57
172 57
172 56
173 56
173 55
174 55
174 54
175 54
175 53
176 53
176 52
177 52
177 51
178 51
178 50
179 50
179 49
180 49
180 48
181 48
181 47
182 47
183 46
184 45
185 44
186 43
187 42
188 41
189 40
190 39
191 38
192 37
134 89
135 88
136 87
137 86
138 85
139 84
140 83
141 82
142 81
143 80
144 79
145 78
146 77
147 76
148 75
149 74
150 73
151 72
152 71
153 70
154 69
155 68
156 67
157 66
158 65
159 64
160 63
161 62
162 61
163 60
164 59
165 58
166 57
167 56
168 55
169 54
170 53
171 52
172 51
173 50
174 49
175 48
176 47
177 46
178 45
179 44
180 43
181 42
182 41
183 40
184 39
185 38
186 37
187 36
188 35
130 89
129 89
130 88
131 87
132 86
133 85
134 84
135 83
136 82
137 81
138 80
139 79
140 78
141 77
142 76
143 75
144 74
145 73
146 72
147 71
148 70
149 69
150 68
151 67
152 66
153 65
154 64
155 63
156 62
157 61
158 60
159 59
160 58
161 57
162 56
163 55
164 54
165 53
166 52
167 51
168 50
169 49
170 48
171 47
172 46
173 45
174 44
175 43
176 42
177 41
178 40
179 39
180 38
181 37
182 36
183 35
184 34
185 33
186 32
126 89
127 88
128 87
129 86
130 85
131 84
132 83
133 82
134 81
135 80
136 79
137 78
138 77
139 76
140 75
141 74
142 73
143 72
144 71
145 70
146 69
147 68
148 67
149 66
150 65
151 64
152 63
153 62
154 61
155 60
156 59
157 58
158 57
159 56
160 55
161 54
130 98
131 98
132 98
133 98
134 98
135 98
136 98
137 98
138 98
139 98
140 98
141 98
142 98
143 98
144 98
145 98
146 98
147 98
148 98
149 98
150 98
151 98
152 98
153 98
154 98
155 98
156 98
157 98
158 98
159 98
160 98
161 98
162 98
163 98
164 98
165 98
166 98
167 98
168 98
169 98
170 98
171 98
172 98
173 98
174 98
175 98
176 98
177 98
178 98
179 98
180 98
181 98
133 101
134 101
135 101
136 101
137 101
138 101
139 101
140 101
141 101
142 101
143 101
144 101
145 101
146 101
147 101
148 101
149 101
150 101
151 101
152 101
153 101
154 101
155 101
156 101
157 101
158 101
159 101
160 101
161 101
162 101
163 101
164 101
165 101
166 101
167 101
168 101
169 101
170 101
171 101
172 101
173 101
174 101
175 101
176 101
177 101
178 101
179 101
180 101
181 101
182 101
183 101
184 101
185 101
186 101
187 101
188 101
189 101
190 101
191 101
192 101
193 101
194 101
195 101
196 101
197 101
198 101
199 101
200 101
201 101
202 101
203 101
204 101
205 101
206 101
207 101
208 101
209 101
210 101
211 101
212 101
213 101
214 101
215 101
148 102
147 102
146 102
145 102
144 102
143 102
142 102
141 102
140 102
139 102
138 102
137 102
136 102
135 102
134 102
135 103
136 103
137 103
138 103
139 103
140 103
141 103
142 103
143 103
144 103
145 103
146 103
147 103
148 103
149 103
150 103
151 103
152 103
153 103
154 103
155 103
156 103
157 103
158 103
159 103
160 103
161 103
162 103
135 105
136 106
137 107
138 108
139 109
140 110
141 111
142 112
143 112
144 112
145 112
146 112
147 112
148 112
149 112
150 112
151 112
152 112
153 112
154 112
155 112
156 112
157 112
158 112
159 112
160 112
161 112
162 112
163 112
164 112
165 112
166 112
167 112
168 112
169 112
170 112
171 112
172 112
173 112
174 112
175 112
176 112
177 112
178 112
179 112
180 112
181 112
181 113
180 113
179 113
178 113
177 113
176 113
175 113
174 113
173 113
172 113
171 113
170 113
169 113
168 113
167 113
166 113
165 113
164 113
163 113
162 113
161 113
160 113
159 113
158 113
157 113
156 113
155 113
154 113
153 113
152 113
151 113
150 113
149 113
148 113
147 113
146 113
145 113
144 113
143 113
144 114
145 115
146 116
147 116
148 116
149 116
150 116
151 116
152 116
153 116
154 116
155 116
156 116
157 116
158 116
159 116
160 116
161 116
162 116
163 116
164 116
165 116
147 117
148 118
149 118
150 118
149 119
150 120
151 121
152 122
153 123
154 124
155 124
156 124
157 124
158 124
159 124
160 124
161 124
162 124
163 124
164 124
165 124
166 124
167 124
168 124
169 124
170 124
171 124
172 124
173 124
174 124
175 124
176 124
177 124
178 124
179 124
180 124
181 124
182 124
183 124
184 124
185 124
186 124
187 124
188 124
189 124
190 124
191 124
192 124
193 124
194 124
194 125
193 125
192 125
191 125
190 125
189 125
188 125
187 125
186 125
185 125
184 125
183 125
182 125
181 125
180 125
179 125
178 125
177 125
176 125
175 125
174 125
173 125
172 125
171 125
170 125
169 125
168 125
167 125
166 125
165 125
164 125
163 125
162 125
161 125
160 125
159 125
158 125
157 125
156 125
155 125
156 126
157 126
158 126
159 126
160 126
161 126
162 126
163 126
164 126
165 126
166 126
167 126
168 126
169 126
170 126
171 126
172 126
173 126
174 126
175 126
176 126
177 126
178 126
179 126
180 126
181 126
182 126
183 126
184 126
185 126
186 126
187 126
188 126
189 126
190 126
191 126
192 126
193 126
181 127
180 127
179 127
178 127
177 127
176 127
175 127
174 127
173 127
172 127
171 127
170 127
169 127
168 127
167 127
166 127
165 127
164 127
163 127
162 127
161 127
160 127
159 127
158 127
157 127
158 128
159 129
160 129
161 129
162 129
163 129
164 129
160 130
161 131
162 132
163 133
164 134
165 135
166 136
167 136
168 136
169 136
170 136
171 136
172 136
173 136
174 136
175 136
176 136
177 136
178 136
179 136
180 136
181 136
182 136
183 136
184 136
185 136
186 136
187 136
188 136
189 136
190 136
191 136
192 136
193 136
194 136
195 136
196 136
197 136
198 136
199 136
200 136
201 136
202 136
203 136
204 136
205 136
206 136
194 137
193 137
192 137
191 137
190 137
189 137
188 137
187 137
186 137
185 137
184 137
183 137
182 137
181 137
180 137
179 137
178 137
177 137
176 137
175 137
174 137
173 137
172 137
171 137
170 137
169 137
168 137
167 137
168 138
169 139
170 140
171 141
172 141
173 141
174 141
175 141
176 141
177 141
178 141
179 141
180 141
181 141
182 141
183 141
184 141
185 141
186 141
187 141
188 141
189 141
190 141
191 141
192 141
184 142
183 142
182 142
181 142
180 142
179 142
178 142
177 142
176 142
175 142
174 142
173 142
172 142
173 143
174 144
175 145
176 146
177 147
178 148
179 149
180 150
181 151
195 125
196 125
197 125
198 125
199 125
200 125
201 125
202 125
203 125
204 125
205 125
182 113
183 113
184 113
185 113
186 113
187 113
188 113
189 113
190 113
191 113
192 113
193 113
194 113
195 113
196 113
197 113
198 113
199 113
200 113
201 113
202 113
203 113
204 113
205 113
206 113
207 113
208 113
209 113
210 113
211 113
126 108
125 107
124 106
123 105
122 104
121 103
120 102
119 101
118 100
117 99
116 98
115 97
114 97
113 97
112 97
111 97
111 96
110 96
110 95
109 95
109 94
108 94
108 93
107 93
112 98
113 98
114 98
114 99
113 99
114 100
115 100
115 101
114 101
114 102
114 103
114 104
113 104
112 103
111 102
110 101
109 101
109 100
110 100
111 99
108 99
107 98
106 97
105 96
104 95
103 94
102 93
108 102
107 103
106 103
105 103
104 103
103 103
102 103
101 103
100 103
99 103
98 103
97 103
96 103
95 103
94 103
93 103
92 103
91 103
90 103
89 103
88 103
87 103
86 103
85 103
86 102
88 104
89 105
89 106
88 106
87 106
86 106
85 106
90 106
91 106
92 106
93 106
94 106
95 106
96 106
97 106
98 106
99 106
100 106
101 106
102 106
103 106
104 106
103 107
102 108
101 108
100 107
104 108
105 105
106 104
101 105
100 104
98 105
97 104
91 107
92 108
95 102
94 101
93 100
92 99
91 98
90 97
89 96
88 95
87 94
86 93
98 102
97 101
96 100
95 99
94 98
93 97
92 96
91 95
90 94
89 93
114 105
114 106
115 106
114 107
114 108
116 107
117 108
116 101
116 102
117 102
117 103
118 103
118 104
119 104
119 105
120 105
120 106
121 106
121 107
122 107
122 108
123 108
114 96
113 95
112 94
111 93
115 95
116 94
117 93
86 91
87 91
100 91
105 91
106 91
109 91
86 65
87 66
87 67
84 68
83 68
82 68
82 67
81 67
81 66
80 66
80 65
79 65
79 64
78 64
78 63
77 63
77 62
76 62
76 61
75 61
75 60
74 60
74 59
73 59
73 58
72 58
72 57
71 57
71 56
70 56
70 55
69 55
69 54
68 53
67 52
66 51
65 50
64 49
63 48
62 47
61 46
60 45
59 44
58 43
57 42
56 41
55 40
54 39
53 38
52 37
51 36
50 35
49 34
86 70
85 70
84 70
84 71
83 71
82 71
81 71
80 71
79 71
78 71
77 71
76 71
75 71
74 71
73 71
72 71
71 71
70 71
69 71
79 70
81 72
82 73
83 73
84 73
84 72
85 71
86 71
86 72
87 72
87 73
88 73
88 74
89 74
89 75
90 75
90 76
91 76
91 77
92 77
92 78
93 78
93 79
94 79
94 80
95 80
95 81
96 81
96 82
95 82
94 83
93 84
92 83
91 82
90 81
89 80
88 79
87 78
86 77
85 76
84 76
84 75
84 74
83 74
82 74
81 75
80 76
79 77
78 78
84 77
84 78
84 79
84 80
84 81
83 81
82 81
81 81
80 81
79 81
78 81
77 81
78 82
79 83
80 84
81 85
82 86
83 87
84 87
84 86
84 85
84 84
84 83
84 82
84 88
84 89
85 89
86 89
87 89
88 89
89 89
90 89
91 89
92 89
93 89
89 88
90 87
91 86
92 85
94 85
95 86
96 87
97 88
98 89
97 82
97 83
98 83
98 84
99 84
99 85
100 85
100 86
101 86
101 87
102 87
102 88
103 88
103 89
104 89
97 80
98 80
98 79
97 79
96 78
95 77
94 76
93 75
92 74
91 73
90 72
89 71
88 70
99 78
100 77
101 76
99 81
100 82
101 83
102 84
103 85
104 86
105 87
106 88
107 89
77 68
76 67
75 66
74 65
73 64
72 63
71 62
70 61
69 60
68 59
67 58
66 57
65 56
64 55
63 54
62 53
61 52
60 51
59 50
58 49
57 48
56 47
55 46
54 45
53 44
52 43
51 42
50 41
49 40
48 39
82 89
112
114 90
71 90
51 90
31 71
69 74
49 71
31 50
49 53
37 40
87 69
51 33
52 31
82 52
63 34
114 77
100 64
96 52
114 65
84 34
114 50
103 34
122 34
143 34
130 51
129 63
146 47
163 33
144 59
132 75
162 44
179 30
31 92
82 98
31 103
67 106
84 109
148 131
133 125
150 144
132 144
30 114
49 110
69 125
82 126
31 130
48 131
65 135
37 137
48 142
51 143
52 146
61 147
79 144
96 126
97 144
114 143
114 121
114 132
169 145
133 105
211 89
197 89
205 77
183 83
194 73
205 56
164 89
207 41
181 69
171 81
194 58
211 43
181 58
196 42
146 89
161 73
181 47
192 37
147 76
188 35
130 89
186 32
161 54
181 98
204 101
215 101
148 102
162 103
181 112
165 116
150 118
194 124
193 126
181 127
164 129
206 136
194 137
192 141
184 142
181 151
205 125
197 113
211 113
99 106
114 105
69 55
49 34
83 81
93 89
101 76
48 39
82 89
