1095
121 90
119 89
118 88
117 87
116 86
116 85
116 84
116 83
116 82
116 81
116 80
116 79
115 78
114 77
113 76
112 75
119 91
118 92
117 93
116 94
115 95
115 96
115 97
115 98
115 99
115 100
115 101
115 102
115 103
115 104
115 105
115 106
115 107
116 108
117 109
118 110
119 111
120 112
121 113
122 114
123 115
124 116
125 117
126 118
126 119
126 120
126 121
126 122
126 123
126 124
127 124
128 124
129 124
130 124
131 124
132 124
133 124
134 124
135 124
136 124
137 123
137 122
137 121
137 120
137 119
137 118
137 117
137 116
137 115
137 114
137 113
137 112
137 111
137 110
137 109
136 108
127 125
128 126
129 127
130 128
131 129
132 130
133 131
134 132
135 133
135 134
135 135
135 136
135 137
135 138
135 139
135 140
135 141
135 142
135 143
135 144
135 145
125 125
124 126
123 127
122 128
121 128
120 128
119 128
118 128
117 128
116 128
115 128
114 128
113 128
112 128
111 128
110 128
109 128
108 128
107 128
106 128
105 128
104 127
103 126
102 126
101 126
100 126
99 126
98 126
97 126
96 126
95 126
94 125
93 124
92 123
92 122
92 121
92 120
92 119
92 118
92 117
92 116
92 115
92 114
92 113
92 112
92 111
92 110
92 109
93 108
93 107
93 106
93 105
93 104
93 103
93 102
93 101
93 100
93 99
93 98
93 97
93 96
93 95
94 94
95 93
102 127
101 128
100 129
99 130
98 131
97 132
96 133
95 134
94 135
93 136
93 137
93 138
93 139
93 140
93 141
93 142
93 143
93 144
93 145
114 129
114 130
114 131
114 132
114 133
114 134
114 135
114 136
114 137
114 138
114 139
114 140
114 141
114 142
114 143
122 90
123 90
124 90
125 90
126 90
127 90
128 90
129 90
130 90
131 90
132 90
133 90
134 89
135 88
136 87
137 86
137 85
137 84
137 83
137 82
137 81
137 80
137 79
137 78
137 77
137 76
137 75
137 74
137 73
137 72
136 71
136 70
136 69
136 68
136 67
136 66
136 65
136 64
136 63
136 62
136 61
136 60
136 59
136 58
136 57
136 56
135 56
134 56
133 56
132 56
131 56
130 56
129 56
128 56
127 56
126 56
125 56
124 56
123 56
122 56
121 56
120 56
119 56
118 56
117 56
116 56
115 56
114 56
113 56
112 55
111 55
110 55
109 55
108 55
107 55
106 55
105 54
104 53
103 52
103 51
103 50
103 49
103 48
104 48
103 47
103 46
103 45
103 44
103 43
103 42
103 41
103 40
102 39
101 38
100 37
99 36
98 35
97 34
105 47
106 46
107 45
108 44
109 43
110 42
111 41
112 40
113 39
114 38
115 37
116 36
117 35
118 34
119 34
120 34
121 34
122 34
123 34
124 34
125 34
126 34
127 34
128 34
129 34
130 34
131 34
132 34
133 34
134 34
135 34
136 34
137 34
138 34
139 34
102 53
101 54
100 55
99 56
98 56
97 56
96 56
95 56
94 56
93 56
92 56
93 57
93 58
93 59
93 60
93 61
93 62
93 63
93 64
93 65
93 66
93 67
93 68
93 69
93 70
93 71
92 72
91 73
90 74
89 75
88 76
87 77
86 78
85 79
84 80
83 81
82 82
81 83
80 84
79 85
78 86
77 86
76 86
75 86
74 86
73 86
72 86
71 86
70 86
69 86
68 86
67 86
66 86
65 86
64 86
63 86
63 85
63 84
63 83
63 82
63 81
63 80
63 79
62 78
62 77
61 77
60 77
59 77
58 77
57 77
56 77
55 76
54 75
53 74
52 73
51 72
51 71
51 70
51 69
51 68
51 67
51 66
51 65
51 64
50 63
49 62
48 61
48 60
48 59
48 58
48 57
48 56
48 55
48 54
48 53
48 52
48 51
48 50
48 49
47 49
46 49
45 49
44 49
43 48
42 47
41 46
40 45
39 44
38 43
37 42
36 41
35 40
34 41
33 42
32 43
32 44
32 45
32 46
32 47
32 48
32 49
32 50
32 51
33 52
33 53
33 54
33 55
33 56
33 57
33 58
33 59
33 60
33 61
33 62
48 48
48 47
48 46
48 45
48 44
48 43
48 42
48 41
48 40
48 39
48 38
49 38
50 38
51 38
52 38
53 37
54 36
55 35
56 34
57 34
58 34
59 34
60 34
61 34
62 34
63 34
64 34
65 34
66 34
67 34
68 34
69 34
70 34
71 34
72 34
73 34
74 34
75 34
76 34
50 73
49 74
48 75
47 76
46 77
45 78
44 79
43 80
42 81
41 82
40 83
39 83
38 83
37 83
36 83
35 83
34 83
33 83
32 84
31 85
30 86
29 87
28 88
28 89
28 90
28 91
28 92
28 93
28 94
63 77
64 77
65 77
66 77
67 76
68 75
69 74
70 73
71 72
72 71
72 70
72 69
72 68
72 67
72 66
72 65
72 64
72 63
72 62
72 61
72 60
72 59
72 58
72 57
71 56
62 87
61 88
60 89
59 90
58 91
57 92
56 93
55 93
54 93
53 93
52 93
51 93
52 94
53 95
54 96
55 97
56 98
57 99
58 100
59 101
60 102
61 103
60 104
59 105
58 106
57 107
56 108
55 109
54 110
53 111
52 112
51 113
51 114
50 115
49 116
48 117
48 118
48 119
48 120
48 121
48 122
48 123
48 124
48 125
48 126
48 127
48 128
48 129
47 129
46 130
45 131
44 132
43 133
42 134
41 135
40 136
39 137
38 137
37 137
37 136
37 135
37 134
37 133
37 132
37 131
36 130
35 129
34 128
33 127
32 126
32 125
32 124
32 123
32 122
32 121
32 120
32 119
32 118
32 117
32 116
32 115
33 114
48 130
48 131
48 132
48 133
48 134
48 135
48 136
48 137
48 138
48 139
49 140
50 141
51 142
52 143
53 143
54 143
55 143
56 143
57 143
58 143
59 143
60 144
61 145
62 145
63 145
64 145
65 145
66 145
67 145
68 145
69 145
70 145
71 145
72 145
62 104
63 105
64 106
65 107
66 108
67 108
68 108
69 108
70 108
71 108
72 108
71 109
71 110
71 111
71 112
71 113
71 114
71 115
71 116
71 117
71 118
71 119
71 120
71 121
71 122
71 123
137 56
138 87
139 87
140 87
141 87
142 87
143 87
144 87
145 87
146 87
147 87
148 87
149 87
149 86
149 85
149 84
149 83
149 82
149 81
149 80
149 79
150 78
151 77
152 76
153 75
154 74
155 73
156 72
157 71
157 70
157 69
157 68
157 67
157 66
157 65
157 64
157 63
157 62
157 61
157 60
157 59
157 58
157 57
158 56
158 72
159 72
160 72
161 72
162 72
163 72
164 72
165 72
166 72
167 72
168 72
169 72
170 72
171 72
172 72
173 72
174 72
175 72
176 72
177 72
178 71
179 70
180 69
181 68
182 68
183 68
184 68
185 68
186 68
187 67
188 66
189 65
190 64
191 63
192 62
193 61
194 60
195 60
196 60
197 60
198 59
199 58
200 57
201 56
202 55
203 54
204 53
204 52
203 52
202 52
201 52
200 52
199 52
198 51
197 50
196 49
195 48
194 47
194 46
194 45
194 44
194 43
194 42
194 41
194 40
193 39
192 38
191 37
190 36
189 36
188 36
187 36
186 36
185 36
184 36
183 36
182 36
181 35
180 34
179 34
178 34
177 34
176 34
175 34
174 34
173 34
172 34
171 34
170 34
169 34
168 34
167 34
166 34
165 34
164 34
163 34
162 34
161 34
160 34
189 37
188 38
187 39
186 40
185 41
184 42
183 43
182 44
181 45
181 46
181 47
205 52
205 51
205 50
205 49
205 48
205 47
205 46
205 45
205 44
205 43
205 42
206 41
182 69
183 70
184 71
185 72
186 73
187 73
188 73
189 73
190 73
191 73
192 73
193 73
194 73
195 73
196 73
197 73
198 73
199 73
200 73
201 73
202 73
203 73
204 73
205 73
150 88
151 89
152 90
153 91
154 92
155 93
156 93
157 93
158 93
159 93
160 93
161 94
162 95
163 96
164 97
165 98
166 99
167 100
168 101
169 101
168 102
167 103
166 104
165 105
164 106
163 107
162 108
161 108
160 108
159 108
158 108
157 108
158 109
158 110
158 111
158 112
158 113
158 114
158 115
158 116
158 117
158 118
158 119
158 120
158 121
158 122
158 123
169 103
170 104
171 105
172 106
173 107
174 108
175 109
176 110
177 110
178 110
179 110
180 110
181 110
182 111
183 112
184 113
185 114
186 114
187 114
188 114
189 114
190 114
191 114
192 114
193 114
194 114
194 113
194 112
194 111
194 110
194 109
194 108
194 107
194 106
194 105
194 104
195 103
196 102
197 101
198 100
199 99
200 98
201 97
202 96
203 95
204 94
205 94
206 94
207 94
208 94
209 94
210 94
211 94
212 94
213 94
214 94
215 94
195 115
196 115
197 115
198 115
199 115
200 115
201 115
202 115
203 115
204 115
205 115
204 116
203 117
202 118
202 119
202 120
202 121
202 122
202 123
202 124
202 125
202 126
202 127
201 128
200 129
199 130
198 131
197 132
196 133
195 134
194 135
193 136
192 137
192 138
191 138
190 138
189 138
188 138
187 137
186 136
185 135
184 134
183 133
182 132
181 131
191 139
190 140
189 141
188 142
187 143
186 143
185 143
184 143
183 143
182 143
181 143
180 143
179 143
178 143
177 143
176 144
175 145
174 145
173 145
172 145
171 145
170 145
169 145
168 145
167 145
166 145
165 145
164 145
163 145
162 145
161 145
160 145
159 145
158 145
157 145
156 145
206 116
207 117
208 118
209 119
210 120
211 121
212 122
213 123
214 124
215 125
215 126
170 100
171 99
172 98
173 97
174 96
175 95
176 94
177 93
178 92
179 91
180 90
181 89
85
116 86
112 75
115 107
126 124
137 123
136 108
135 145
113 128
103 126
92 123
93 108
95 93
93 145
114 143
137 86
136 71
126 56
112 55
103 52
97 34
118 34
139 34
92 56
93 71
74 86
63 86
61 77
51 72
48 61
48 49
35 40
32 51
33 62
48 38
56 34
76 34
33 83
28 94
72 71
71 56
51 93
61 103
51 114
48 128
37 137
32 126
33 114
48 139
59 143
72 145
72 108
71 123
137 56
149 87
157 71
158 56
168 72
181 68
194 60
194 47
190 36
180 34
160 34
181 47
205 52
206 41
194 73
205 73
160 93
168 102
157 108
158 123
181 110
194 114
204 94
215 94
205 115
202 127
192 138
181 131
188 142
177 143
156 145
215 126
181 89
