3038
119 90
118 90
117 90
116 90
115 90
114 90
113 90
112 90
111 90
110 90
109 90
108 90
107 90
106 90
105 90
104 90
103 90
102 90
101 90
100 90
99 90
98 90
97 90
96 90
95 90
94 90
93 90
92 90
91 90
90 90
89 90
88 90
87 90
86 90
85 90
84 90
83 90
82 90
81 90
80 90
79 90
78 90
77 90
76 90
75 90
74 90
73 90
72 90
71 90
70 90
69 90
68 90
67 90
66 90
65 90
64 90
63 90
62 90
61 90
60 90
59 90
58 90
57 90
56 90
55 90
54 90
53 90
52 90
51 90
50 90
49 90
48 90
47 90
46 90
45 90
44 90
43 90
42 89
41 88
40 87
39 86
38 85
37 84
36 83
35 82
34 81
33 80
32 79
31 78
51 89
61 89
62 89
61 88
60 88
60 87
59 87
59 86
58 86
58 85
57 85
57 84
56 84
56 83
55 83
55 82
54 82
54 81
53 81
53 80
52 80
52 79
51 79
51 78
50 78
50 77
49 76
48 75
47 74
46 73
45 72
44 71
43 70
42 69
41 68
40 67
39 66
38 65
37 64
36 63
35 62
34 61
33 60
32 59
31 58
30 57
63 91
64 91
64 92
65 92
65 93
66 93
66 94
67 94
67 95
68 95
68 96
69 96
69 97
68 97
67 97
66 97
65 97
64 97
63 97
62 97
61 97
60 97
59 97
58 97
57 97
56 97
55 97
54 97
53 97
52 97
51 97
50 97
49 97
48 97
47 97
46 97
45 97
44 97
43 97
42 97
41 97
40 97
39 97
38 97
37 97
36 97
35 97
34 97
33 97
32 97
31 97
70 97
71 97
72 97
73 97
74 97
75 97
76 97
77 97
78 97
79 97
80 97
81 97
82 97
83 97
84 97
85 97
86 97
87 97
88 97
89 97
90 97
91 97
92 97
93 97
94 97
95 97
96 97
97 97
98 97
99 97
100 97
101 97
102 97
103 97
104 97
105 97
106 97
107 97
108 97
109 97
110 97
111 97
112 97
113 97
112 98
111 99
110 100
110 101
109 101
108 101
107 101
106 101
105 101
104 101
103 101
103 102
102 102
101 102
100 102
99 102
98 102
97 102
96 102
95 102
94 102
93 102
92 102
91 102
90 102
89 102
88 102
87 102
86 102
85 102
84 102
83 102
82 102
81 102
80 102
79 102
78 102
77 102
76 102
75 102
74 102
73 102
72 102
71 102
70 102
69 102
68 102
67 102
73 101
74 101
73 100
72 100
72 99
71 99
71 98
70 98
73 98
74 99
75 100
76 101
75 103
76 103
76 104
77 104
77 105
78 105
78 106
79 106
79 107
80 107
80 108
81 108
81 109
82 109
82 110
81 110
80 110
79 110
78 110
77 110
76 110
75 110
74 110
73 110
72 110
71 110
70 110
69 110
68 110
67 110
66 110
65 110
64 110
63 110
62 110
61 110
60 110
59 110
58 110
57 110
56 110
55 110
54 110
53 110
52 110
51 110
50 110
49 110
83 110
84 110
85 110
86 110
87 110
88 110
89 110
90 110
91 110
92 110
93 110
94 110
95 110
96 110
97 110
98 110
99 110
100 110
99 111
98 112
97 113
96 114
95 115
94 115
93 115
92 115
91 115
90 115
89 115
88 115
87 115
86 115
85 115
84 115
83 115
82 115
81 115
80 115
79 115
78 115
77 115
76 115
75 115
74 115
73 115
72 115
71 115
70 115
69 115
68 115
67 115
66 115
65 115
64 115
63 115
62 115
61 115
60 115
59 115
58 115
57 115
56 115
55 115
54 115
53 115
52 115
51 115
50 115
49 115
48 115
47 115
46 115
45 115
44 115
43 115
42 115
41 115
40 115
39 115
38 115
37 115
36 115
35 115
34 115
33 115
32 115
31 115
86 114
87 114
86 113
85 113
85 112
84 112
84 111
83 111
86 111
87 112
88 113
89 114
88 116
89 116
89 117
88 117
87 117
86 117
85 117
84 117
83 117
82 117
81 117
80 117
79 117
78 117
77 117
76 117
75 117
74 117
73 117
72 117
71 117
70 117
69 117
68 117
67 117
66 117
65 117
64 117
63 117
62 117
74 118
75 118
76 118
77 118
78 118
79 118
80 118
81 118
82 118
83 118
84 118
85 118
86 118
87 118
88 118
89 118
90 118
91 118
92 118
93 118
94 118
95 118
95 117
94 117
93 117
92 117
91 117
90 117
91 116
94 116
95 116
95 119
94 119
94 120
93 120
92 120
92 119
91 119
90 120
89 121
88 122
87 123
86 124
85 125
84 126
83 127
82 128
81 129
80 130
79 131
78 131
77 131
76 131
75 131
74 131
73 131
72 131
71 131
70 131
69 131
68 131
67 131
66 131
65 131
64 131
63 131
62 131
61 131
60 131
59 131
58 131
57 131
56 131
55 131
54 131
53 131
52 131
51 131
50 131
49 131
48 131
47 131
46 131
45 131
44 131
43 131
42 131
41 131
40 131
39 131
38 131
37 131
36 131
35 131
34 131
33 131
32 131
78 132
77 133
76 134
76 135
75 135
74 135
73 135
72 135
71 135
70 135
69 135
68 135
67 135
66 135
65 135
64 135
63 135
74 136
73 137
72 137
71 137
70 137
69 137
68 137
67 137
66 137
65 137
64 137
63 137
62 137
61 137
60 137
59 137
58 137
57 137
56 137
55 137
54 137
53 137
52 137
51 137
50 137
49 137
48 137
47 137
46 137
45 137
44 137
43 137
42 137
41 137
40 137
39 137
38 137
37 137
72 138
71 139
70 140
69 141
68 142
67 142
66 142
65 142
64 142
63 142
62 142
61 142
60 142
59 142
58 142
57 142
56 142
55 142
54 142
53 142
52 142
51 142
50 142
49 142
48 142
51 143
52 143
53 143
54 143
55 143
56 143
57 143
58 143
59 143
60 143
61 143
62 143
63 143
64 143
65 143
66 143
67 143
66 144
65 145
64 146
63 146
62 146
61 146
60 146
59 146
58 146
57 146
56 146
55 146
54 146
53 146
52 146
60 147
61 147
62 147
63 147
76 136
76 137
76 138
76 139
76 140
76 141
76 142
76 143
76 144
94 121
95 121
95 120
96 120
97 120
98 120
99 120
100 120
101 120
102 120
103 120
104 120
105 120
106 120
107 120
108 120
109 120
110 120
111 120
112 120
113 120
114 120
115 120
116 120
117 120
118 120
119 120
120 120
121 120
122 120
123 120
124 120
125 120
126 120
127 120
128 120
129 120
130 120
131 120
132 120
133 120
134 120
135 120
136 120
137 120
138 120
139 120
140 120
141 120
142 120
143 120
144 120
145 120
145 119
144 119
143 118
142 117
141 116
140 115
139 114
138 113
137 112
136 111
135 110
134 109
133 108
132 107
131 106
130 105
129 104
128 103
127 102
126 101
125 100
124 99
123 98
122 97
121 96
120 95
119 94
118 93
117 93
117 92
118 92
119 91
121 90
120 89
121 89
120 88
120 87
121 87
120 86
120 85
120 84
120 83
120 82
119 82
118 81
117 80
116 79
115 78
114 77
113 76
112 75
111 74
110 73
109 72
108 71
107 70
106 69
105 68
104 67
103 66
102 65
101 64
100 63
99 62
98 61
97 60
96 59
95 58
94 57
93 56
92 55
91 54
90 53
89 52
88 51
87 50
86 49
85 48
84 47
83 46
82 45
81 44
80 43
79 42
78 41
77 40
76 39
75 38
74 37
73 36
72 35
71 34
120 81
120 80
120 79
121 79
120 78
120 77
119 77
118 76
117 75
116 74
115 73
114 72
113 71
112 70
111 69
110 68
109 67
108 66
107 65
106 64
105 63
104 62
103 61
102 60
101 59
100 58
99 57
98 56
97 55
96 54
95 53
120 76
120 75
120 74
120 73
121 73
120 72
120 71
120 70
119 70
119 69
118 69
118 68
117 68
117 67
116 67
116 66
115 66
115 65
114 65
114 64
113 64
112 63
111 62
110 61
109 60
108 59
107 58
106 57
105 56
104 55
103 54
102 53
101 52
100 51
99 50
98 49
97 48
96 47
95 46
94 45
93 44
92 43
91 42
90 41
89 40
88 39
87 38
86 37
85 36
84 35
83 34
120 69
120 68
121 68
120 67
120 66
121 66
120 65
120 64
121 64
120 63
120 62
120 61
120 60
120 59
120 58
120 57
119 57
118 56
117 55
116 54
115 53
114 52
113 51
112 50
111 49
110 48
109 47
108 46
107 45
106 44
105 43
104 42
103 41
102 40
101 39
100 38
99 37
98 36
97 35
96 34
120 56
120 55
120 54
119 54
118 53
117 52
116 51
115 50
114 49
120 53
120 52
120 51
120 50
120 49
120 48
121 48
120 47
120 46
120 45
120 44
120 43
120 42
120 41
120 40
120 39
120 38
120 37
119 36
118 35
117 34
122 47
123 46
124 45
125 44
126 43
127 42
128 41
129 40
130 39
131 38
132 37
133 36
134 35
135 34
122 63
123 62
124 61
125 60
126 59
127 58
128 57
129 56
130 55
131 54
132 53
133 52
134 51
135 50
136 49
137 50
136 51
135 52
134 53
133 54
132 55
131 56
130 57
129 58
128 59
127 60
126 61
125 62
124 63
123 64
122 65
123 66
122 67
124 65
125 64
126 63
138 49
139 48
140 47
141 46
142 45
143 44
144 43
145 42
146 41
147 40
148 39
149 38
150 37
151 36
152 35
153 34
122 72
123 71
124 70
125 69
126 68
127 67
128 66
129 65
130 64
131 63
132 62
133 61
134 60
135 59
136 58
137 57
138 56
139 55
140 54
141 53
142 52
143 51
144 50
145 49
146 48
147 47
148 46
122 78
123 77
124 76
125 75
126 74
127 73
128 72
129 71
130 70
131 69
132 68
133 67
134 66
135 65
136 64
137 63
122 86
123 85
124 84
125 83
126 82
127 81
128 80
129 79
130 78
131 77
132 76
133 75
134 74
135 73
136 72
137 71
138 70
139 69
140 68
141 67
142 66
143 65
144 64
145 63
146 62
147 61
148 60
149 59
150 58
151 57
152 56
153 55
154 54
155 53
156 52
157 51
158 50
159 49
160 48
161 47
162 46
163 45
164 44
165 43
166 42
167 41
168 40
169 39
170 38
171 37
172 36
173 35
174 34
164 46
163 47
162 48
161 49
160 50
159 51
158 52
157 53
156 54
155 55
154 56
153 57
152 58
151 59
150 60
149 61
148 62
147 63
146 64
145 65
144 66
143 67
142 68
141 69
140 70
139 71
138 72
137 73
136 74
135 75
134 76
133 77
132 78
131 79
130 80
129 81
128 82
127 83
126 84
125 85
124 86
123 87
122 88
121 91
122 90
123 90
124 90
125 90
126 90
127 90
128 90
129 90
130 90
131 90
132 90
133 90
134 90
135 90
136 90
137 90
138 90
139 90
140 90
141 90
142 90
143 90
144 90
145 90
146 90
147 90
148 90
149 90
150 90
151 90
152 90
153 90
154 90
155 90
156 90
157 90
158 90
159 90
160 90
161 90
162 90
163 90
164 90
165 90
166 90
167 90
168 90
169 90
170 90
171 90
172 90
173 90
174 90
175 90
176 90
177 90
178 90
179 90
180 90
181 90
182 90
183 90
184 90
185 90
186 90
187 90
188 90
189 90
190 90
191 90
192 90
193 90
194 90
195 90
196 90
197 89
198 88
199 87
200 86
201 85
202 84
203 83
204 82
205 81
190 89
191 88
192 87
193 86
194 85
195 84
196 83
197 82
198 81
199 80
200 79
201 78
202 77
203 76
204 75
205 74
206 73
207 72
208 71
209 70
210 69
211 68
212 67
213 66
214 65
215 64
184 89
185 88
186 87
187 86
188 85
189 84
190 83
191 82
192 81
193 80
194 79
178 89
177 88
176 89
178 87
179 86
180 85
181 84
182 85
181 86
180 87
179 88
183 84
184 83
185 82
186 81
187 80
188 79
189 78
190 77
191 76
192 75
193 74
194 73
195 72
196 71
197 70
198 69
199 68
200 67
201 66
202 65
203 64
204 63
170 89
171 88
172 87
173 86
174 85
175 84
176 83
177 82
178 81
179 80
180 79
181 78
182 77
183 76
184 75
185 74
186 73
187 72
188 71
189 70
190 69
191 68
192 67
193 66
194 65
195 64
196 63
197 62
198 61
199 60
200 59
201 58
202 57
203 56
204 55
205 54
206 53
207 52
208 51
209 50
210 49
211 48
212 47
163 89
164 88
165 87
166 86
167 85
168 84
169 83
170 82
171 81
172 80
173 79
174 78
175 77
176 76
177 75
178 74
179 73
180 72
181 71
160 89
155 89
156 88
157 87
158 86
159 85
160 84
161 83
162 82
163 81
164 80
165 79
166 78
167 77
168 76
169 75
170 74
171 73
172 72
173 71
174 70
175 69
176 68
177 67
178 66
179 65
180 64
181 63
182 62
183 61
184 60
185 59
186 58
187 57
188 56
189 55
190 54
191 53
192 52
193 51
194 50
195 49
196 48
197 47
198 46
151 89
152 88
153 87
154 86
155 85
156 84
157 83
158 82
159 81
160 80
161 79
162 78
163 77
164 76
165 75
166 74
167 73
168 72
169 71
170 70
171 69
172 68
173 67
174 66
175 65
176 64
177 63
178 62
179 61
180 60
181 59
144 89
145 88
146 87
147 86
148 85
149 84
150 83
151 82
152 81
153 80
154 79
155 78
156 77
157 76
158 75
159 74
160 73
161 72
162 71
163 70
164 69
165 68
166 67
167 66
168 65
169 64
170 63
171 62
172 61
173 60
174 59
175 58
176 57
177 56
178 55
179 54
180 53
181 52
182 51
183 50
184 49
185 48
186 47
134 89
133 89
132 89
133 88
134 88
135 88
135 87
134 87
135 86
136 86
137 86
137 85
136 85
137 84
138 84
139 84
139 83
138 83
139 82
140 82
141 82
141 81
140 81
141 80
142 80
143 80
143 79
142 79
143 78
144 78
145 78
145 77
144 77
145 76
146 75
147 74
148 73
149 72
150 71
151 70
152 69
153 68
154 67
155 66
156 65
157 64
158 63
159 62
160 61
161 60
162 59
163 58
164 57
165 56
166 55
167 54
168 53
169 52
170 51
171 50
172 49
173 48
174 47
175 48
174 49
173 50
172 51
171 52
170 53
169 54
168 55
167 56
166 57
165 58
164 59
163 60
162 61
161 62
160 63
159 64
158 65
157 66
156 67
155 68
154 69
153 70
152 71
151 72
150 73
149 74
148 75
147 76
146 77
176 47
177 46
178 45
179 44
180 43
181 42
182 41
183 40
184 39
185 38
186 37
187 36
144 79
142 81
140 83
138 85
136 87
127 89
126 89
127 88
128 88
128 87
129 87
129 86
130 86
130 85
131 85
131 84
132 84
132 83
133 83
133 82
134 82
134 81
135 81
135 80
136 80
136 79
137 79
137 78
138 78
138 77
139 77
139 76
140 76
140 75
141 75
141 74
142 74
142 73
143 73
143 72
144 72
144 71
145 71
145 70
146 70
146 69
147 69
147 68
148 68
148 67
149 67
149 66
150 66
150 65
151 65
151 64
152 64
152 63
153 63
153 62
154 62
154 61
155 61
155 60
156 60
156 59
157 59
157 58
158 58
158 57
159 57
160 56
161 55
162 54
163 53
164 52
165 51
166 50
167 49
168 48
169 47
170 46
171 45
172 44
173 43
174 42
175 41
176 40
177 39
178 38
179 37
180 36
181 35
182 34
183 33
184 32
185 31
122 92
123 93
124 94
125 95
126 95
127 95
128 95
129 95
130 95
131 95
132 95
133 95
134 95
135 95
136 95
137 95
138 95
139 95
140 95
141 95
142 95
143 95
144 95
145 95
146 95
147 95
148 95
149 95
150 95
151 95
152 95
153 95
154 95
155 95
156 95
157 95
158 95
159 95
160 95
161 95
162 95
163 95
164 95
165 95
166 95
167 95
168 95
169 95
170 95
171 95
172 95
173 95
174 95
175 95
176 95
177 95
178 95
179 95
180 95
181 95
182 95
183 95
184 95
185 95
186 95
187 95
188 95
189 95
190 95
191 95
192 95
193 95
194 95
181 96
180 96
179 96
178 96
177 96
176 96
175 96
174 96
173 96
172 96
171 96
170 96
169 96
168 96
167 96
166 96
165 96
164 96
163 96
162 96
161 96
160 96
159 96
158 96
157 96
156 96
155 96
154 96
153 96
152 96
151 96
150 96
149 96
148 96
147 96
146 96
145 96
144 96
143 96
142 96
141 96
140 96
139 96
138 96
137 96
136 96
135 96
134 96
133 96
132 96
131 96
130 96
129 96
128 96
127 96
126 96
127 97
128 98
129 99
130 100
131 100
132 100
133 100
134 100
135 100
136 100
137 100
138 100
139 100
140 100
141 100
142 100
143 100
144 100
145 100
146 100
147 100
148 100
149 100
150 100
151 100
152 100
153 100
154 100
155 100
156 100
157 100
158 100
159 100
160 100
161 100
162 100
163 100
164 100
165 100
166 100
167 100
168 100
169 100
170 100
171 100
172 100
173 100
174 100
175 100
176 100
177 100
178 100
179 100
180 100
181 100
182 100
183 100
184 100
185 100
186 100
187 100
188 100
189 100
190 100
191 100
192 100
193 100
194 100
195 100
196 100
197 100
198 100
199 100
200 100
201 100
202 100
203 100
204 100
205 100
131 101
132 102
133 103
132 104
133 105
134 104
135 104
136 104
137 104
138 104
139 104
140 104
141 104
142 104
143 104
144 104
145 104
146 104
146 105
145 105
144 105
143 105
142 105
141 105
140 105
139 105
138 105
137 105
136 105
135 105
134 106
135 107
136 106
137 107
138 107
139 107
140 107
141 107
142 107
143 107
144 107
145 107
146 107
147 107
148 107
149 107
150 107
151 107
152 107
153 107
154 107
155 107
156 107
157 107
158 107
159 107
160 107
161 107
162 107
163 107
164 107
165 107
166 107
167 107
168 107
169 107
170 107
171 107
172 107
173 107
174 107
175 107
176 107
177 107
178 107
179 107
180 107
181 107
182 107
183 107
184 107
185 107
186 107
187 107
188 107
189 107
190 107
191 107
192 107
193 107
194 107
181 108
180 108
179 108
178 108
177 108
176 108
175 108
174 108
173 108
172 108
171 108
170 108
169 108
168 108
167 108
166 108
165 108
164 108
163 108
162 108
161 108
160 108
159 108
158 108
157 108
156 108
155 108
154 108
153 108
152 108
151 108
150 108
149 108
148 108
147 108
146 108
145 108
144 108
143 108
142 108
141 108
140 108
139 108
138 108
137 109
136 108
138 110
139 109
140 110
139 111
140 112
141 111
142 112
141 113
142 114
143 113
144 114
143 115
144 116
145 116
146 116
145 115
145 117
145 118
147 117
148 118
149 119
150 119
151 119
152 119
153 119
154 119
155 119
156 119
157 119
158 119
159 119
160 119
161 119
162 119
163 119
164 119
165 119
166 119
167 119
168 119
169 119
170 119
171 119
172 119
173 119
174 119
175 119
176 119
177 119
178 119
179 119
180 119
181 119
182 119
183 119
184 119
185 119
186 119
187 119
188 119
189 119
190 119
191 119
192 119
193 119
194 119
150 120
151 121
152 121
153 121
154 121
155 121
156 121
157 121
158 121
159 121
160 121
161 121
162 121
163 121
164 121
165 121
166 121
167 121
168 121
169 121
170 121
171 121
172 121
173 121
174 121
175 121
176 121
177 121
178 121
179 121
180 121
181 121
182 121
183 121
184 121
185 121
186 121
187 121
188 121
189 121
190 121
191 121
192 121
193 121
194 121
195 121
196 121
197 121
198 121
199 121
200 121
201 121
202 121
203 121
204 121
205 121
152 122
153 123
154 124
155 125
156 125
157 125
158 125
159 125
160 125
161 125
162 125
156 126
157 127
158 128
159 129
160 130
161 130
162 130
163 130
164 130
165 130
166 130
167 130
168 130
169 130
170 130
171 130
172 130
173 130
174 130
175 130
176 130
177 130
178 130
179 130
180 130
181 130
161 131
162 132
163 133
164 134
165 134
166 134
167 134
168 134
169 134
170 134
171 134
172 134
173 134
174 134
175 134
176 134
177 134
178 134
179 134
180 134
181 134
182 134
183 134
184 134
185 134
186 134
187 134
188 134
189 134
190 134
191 134
192 134
193 134
194 134
195 134
196 134
197 134
198 134
199 134
200 134
201 134
202 134
203 134
204 134
205 134
206 134
207 134
208 134
209 134
210 134
211 134
196 135
195 135
194 135
193 135
192 135
191 135
190 135
189 135
188 135
187 135
186 135
185 135
184 135
183 135
182 135
181 135
180 135
179 135
178 135
177 135
176 135
175 135
174 135
173 135
172 135
171 135
170 135
169 135
168 135
167 135
166 135
165 135
166 136
167 136
168 136
169 136
170 136
171 136
172 136
173 136
174 136
175 136
176 136
177 136
178 136
179 136
180 136
181 136
182 136
183 136
184 136
185 136
186 136
187 136
188 136
189 136
190 136
191 136
192 136
193 136
194 136
195 136
196 136
197 136
198 136
199 136
200 136
201 136
202 136
203 136
204 136
205 136
206 136
207 136
167 137
168 138
169 139
170 140
171 140
172 140
173 140
174 140
175 140
176 140
177 140
178 140
179 140
180 140
181 140
182 140
183 140
184 140
185 140
186 140
187 140
188 140
189 140
190 140
191 140
192 140
171 141
172 142
173 142
174 142
175 142
176 142
177 142
178 142
179 142
180 142
181 142
182 142
183 142
184 142
185 142
186 142
187 142
188 142
173 143
174 144
175 144
176 144
177 144
178 144
179 144
180 144
181 144
182 144
183 144
184 144
185 144
186 144
187 144
186 145
185 145
184 145
183 145
182 145
181 145
180 145
179 145
178 145
177 145
176 145
175 145
147 105
148 105
149 105
150 105
151 105
152 105
153 105
154 105
155 105
156 105
157 105
158 105
159 105
160 105
161 105
116 91
116 94
115 95
114 94
113 93
112 92
111 91
114 96
116 96
117 97
118 98
119 99
120 100
121 101
122 102
123 103
124 104
125 105
126 106
127 107
128 108
129 109
130 110
131 111
132 112
133 113
134 114
135 115
136 116
137 117
138 118
139 119
144 121
143 122
142 123
141 124
140 125
139 126
138 127
137 128
136 129
135 130
134 131
133 131
133 132
134 132
135 132
136 132
137 132
138 132
139 132
140 132
141 132
142 132
143 132
144 132
145 132
146 132
135 133
135 134
136 134
135 135
135 136
135 137
135 138
135 139
135 140
135 141
135 142
135 143
135 144
137 135
138 136
139 137
140 138
141 139
142 140
143 141
144 142
145 143
146 144
147 144
148 144
149 144
150 144
151 144
152 144
153 144
154 144
155 144
156 144
132 133
131 134
130 135
129 136
128 137
127 138
126 139
125 140
124 141
123 142
122 143
121 143
120 143
119 143
118 143
117 143
116 143
115 143
114 143
132 130
131 129
130 128
130 127
129 127
128 126
127 125
126 124
125 123
124 122
123 121
146 121
147 122
148 123
149 124
150 125
151 126
152 127
153 128
154 129
155 130
156 131
157 132
158 133
159 134
160 135
161 136
162 137
163 138
164 139
165 140
166 141
167 142
168 143
169 144
170 145
171 146
172 147
173 147
174 147
175 147
121 119
120 118
119 117
118 116
118 115
117 115
116 114
115 113
114 113
114 112
113 111
112 110
111 109
110 108
109 107
108 106
107 105
106 104
105 103
105 102
104 102
106 102
107 102
108 102
107 103
105 105
104 106
103 107
102 108
101 109
114 114
114 115
114 116
114 117
114 118
114 119
119 115
120 115
121 115
122 115
123 115
124 115
125 115
126 115
127 115
128 115
129 115
130 115
114 121
114 122
114 123
114 124
114 125
114 126
114 127
114 128
95 122
94 122
94 123
95 123
95 124
94 124
94 125
95 125
95 126
94 126
95 127
95 128
95 129
95 130
95 131
95 132
95 133
95 134
95 135
95 136
95 137
95 138
95 139
95 140
95 141
95 142
95 143
95 144
84 109
83 108
82 107
81 106
80 105
79 104
78 103
81 101
81 100
81 99
81 98
94 101
94 100
94 99
94 98
94 103
94 104
94 105
94 106
94 107
94 108
102 100
101 99
100 98
111 101
112 101
113 101
114 101
98 96
97 95
96 94
95 93
94 93
94 92
93 91
94 94
94 95
94 96
81 96
81 95
81 94
81 93
81 92
81 91
71 96
70 95
69 94
68 93
67 92
66 91
79 89
79 88
79 87
79 86
79 85
79 84
79 83
79 82
79 81
79 80
79 79
79 78
80 78
81 78
81 77
81 76
81 75
81 74
80 74
79 74
78 74
77 74
76 74
75 73
74 72
73 71
72 70
71 69
70 69
70 68
69 67
68 66
67 65
66 64
65 63
64 62
63 61
62 60
61 59
60 58
59 57
59 56
58 56
57 56
56 56
55 56
54 56
53 56
52 56
51 56
50 56
49 56
48 56
47 56
46 56
45 56
44 56
43 56
42 56
41 56
40 56
39 56
38 56
37 56
36 56
35 56
34 55
33 54
32 53
31 52
30 51
29 50
28 49
27 48
26 47
25 46
24 45
23 44
49 55
49 54
49 53
49 52
49 51
49 50
49 49
49 48
50 48
49 47
48 46
47 46
46 46
45 46
44 46
43 46
42 46
41 46
40 46
39 46
38 46
37 46
36 45
35 44
34 43
41 45
40 44
39 43
38 42
37 41
36 40
48 45
48 44
48 43
48 42
48 41
48 40
48 39
48 38
48 37
48 36
48 35
49 35
49 34
50 34
50 33
51 32
51 49
52 50
53 51
54 52
55 53
56 54
57 54
58 54
59 54
60 54
61 54
62 54
63 54
57 55
49 57
49 58
49 59
49 60
49 61
49 62
49 63
49 64
49 65
49 66
49 67
60 56
61 56
62 56
63 56
64 56
65 56
66 56
67 56
68 56
69 56
70 56
71 56
72 56
73 56
74 56
75 56
76 56
77 57
78 58
79 59
80 60
81 61
81 62
82 62
81 63
81 64
81 65
81 66
81 67
81 68
81 69
81 70
81 71
81 72
81 73
82 74
83 63
84 64
85 65
86 66
87 67
88 68
89 69
90 70
91 71
92 72
93 72
94 72
93 73
94 74
95 75
96 76
97 77
98 78
99 79
100 80
101 81
102 82
103 83
104 84
105 85
106 86
107 87
108 88
109 89
70 70
70 71
70 72
70 73
70 74
77 75
78 76
79 77
81 79
81 80
82 80
81 81
81 82
81 83
81 84
81 85
81 86
81 87
81 88
81 89
83 81
84 82
85 83
86 84
87 85
88 86
89 87
90 88
91 89
92 89
93 89
94 89
95 89
96 89
97 89
114 89
113 88
112 87
111 86
110 85
109 84
108 83
107 82
106 81
105 80
104 79
103 78
102 77
101 76
100 75
99 74
98 73
97 72
96 71
95 70
94 69
93 68
92 67
91 66
90 65
89 64
88 63
87 62
86 61
85 60
84 59
83 58
82 57
81 56
80 55
79 54
78 53
77 52
76 51
75 50
74 49
73 48
72 47
71 46
70 45
69 44
68 43
67 42
66 41
65 40
64 39
63 38
62 37
61 36
60 35
59 34
58 33
57 32
56 31
111
114 90
79 90
65 90
31 78
51 89
50 78
30 57
31 97
81 102
67 102
49 110
31 115
62 117
74 118
79 131
64 131
48 131
32 131
63 135
37 137
48 142
51 143
52 146
60 147
76 144
145 120
114 77
71 34
95 53
114 64
83 34
96 34
114 49
117 34
135 34
136 49
126 63
153 34
148 46
137 63
174 34
164 46
132 78
126 90
139 90
205 81
215 64
194 79
181 84
204 63
212 47
181 71
160 89
198 46
181 59
158 75
186 47
145 77
174 47
187 36
158 57
185 31
194 95
181 96
205 100
132 104
146 104
194 107
181 108
181 119
194 119
205 121
162 125
181 130
211 134
196 135
168 135
207 136
192 140
188 142
187 144
186 145
161 105
146 132
135 144
156 144
114 143
130 127
175 147
114 113
130 115
114 128
94 126
95 144
94 108
114 101
23 44
48 46
34 43
36 40
48 35
50 34
51 32
63 54
49 67
76 56
82 74
94 72
70 74
97 89
56 31
