3497
119 90
118 90
117 90
116 90
115 90
114 90
113 90
112 90
111 90
110 90
109 90
108 90
107 90
106 90
105 90
104 90
103 90
102 90
101 90
100 90
99 90
98 90
97 90
96 90
95 90
94 90
93 90
92 90
91 90
90 90
89 90
88 90
87 90
86 90
85 90
84 90
83 90
82 90
81 90
80 90
79 90
78 90
77 90
76 90
75 90
74 90
73 90
72 90
71 90
70 90
69 90
68 90
67 90
66 90
65 90
64 90
63 90
62 90
61 90
60 90
59 90
58 90
57 90
56 90
55 90
54 90
53 90
52 90
51 90
50 90
49 90
48 90
47 90
46 90
45 90
44 90
43 90
42 90
41 90
40 90
39 90
38 90
37 90
36 90
35 90
34 90
33 90
32 90
31 90
30 89
51 89
52 88
51 87
50 86
49 85
48 84
47 83
46 82
45 81
44 80
43 79
42 78
41 77
40 76
39 75
38 74
37 73
36 72
35 71
34 70
33 69
53 89
66 89
66 88
66 87
66 86
66 85
66 84
66 83
66 82
66 81
66 80
66 79
66 78
66 77
66 76
66 75
67 75
66 74
66 73
65 73
64 72
63 71
62 70
61 69
61 68
60 68
59 68
58 68
57 68
56 68
55 68
54 68
53 68
52 68
51 68
59 67
58 66
57 65
57 64
56 64
55 64
54 64
53 64
52 64
51 64
50 64
49 64
48 64
47 64
46 64
45 64
44 64
43 64
42 64
41 63
40 62
39 61
38 60
37 59
36 58
35 57
34 56
33 55
32 54
31 53
30 52
29 51
55 63
54 62
53 61
52 60
51 59
50 58
49 57
48 56
47 55
46 54
45 53
44 52
43 51
42 50
41 49
40 48
39 47
38 46
37 45
36 44
35 43
34 42
33 41
44 50
45 51
46 52
47 53
48 54
49 55
50 56
51 57
52 58
53 59
54 60
55 60
56 60
57 60
58 60
59 60
60 60
61 60
61 59
61 58
61 57
60 56
59 55
58 54
57 53
62 61
63 62
64 63
64 64
63 64
62 64
61 64
60 64
59 64
58 64
57 63
56 62
55 61
59 65
60 66
61 67
62 68
63 68
64 68
65 68
66 68
67 68
68 68
69 68
70 68
71 68
70 69
69 70
68 71
67 72
66 72
65 71
64 70
63 69
67 73
68 74
69 75
68 76
69 77
70 76
71 77
70 78
71 79
72 78
73 79
72 80
71 81
72 82
73 81
74 80
75 81
74 82
73 83
74 84
75 83
76 82
77 83
76 84
75 85
76 86
77 85
78 84
79 85
78 86
77 87
78 88
79 87
80 86
81 87
82 87
82 86
82 85
82 84
82 83
82 82
83 82
82 81
82 80
81 80
80 79
80 78
79 78
78 77
77 76
76 75
75 74
74 73
73 72
72 71
71 70
81 78
82 78
82 77
82 76
82 75
82 74
82 73
82 72
83 72
82 71
81 70
80 69
79 68
78 67
77 66
76 65
75 64
74 64
73 64
72 64
71 64
70 64
69 64
68 64
67 64
66 64
65 64
66 65
67 66
68 67
74 63
75 63
75 62
75 61
75 60
75 59
75 58
75 57
75 56
75 55
74 55
73 54
72 53
71 52
70 51
69 50
68 49
67 48
66 47
65 46
64 45
63 44
62 43
61 42
60 41
59 40
58 39
57 38
56 37
55 36
54 35
53 34
52 33
51 32
75 54
75 53
75 52
74 52
73 51
72 50
71 49
70 48
69 47
68 46
67 45
66 44
65 43
64 42
63 41
62 40
61 39
60 38
59 37
58 36
57 35
56 34
55 33
54 32
53 31
75 51
75 50
74 49
73 48
72 47
71 46
70 45
69 44
68 43
67 42
66 41
65 40
64 39
63 38
62 37
61 36
60 35
59 34
58 33
57 32
56 31
55 30
54 29
73 62
72 61
71 60
70 59
69 58
68 57
67 56
66 55
65 54
64 53
63 52
62 51
61 50
60 49
59 48
58 47
57 46
56 45
55 44
54 43
53 42
52 41
51 40
50 39
74 65
73 66
72 67
84 73
85 74
86 75
87 76
88 77
89 77
90 77
91 77
92 77
93 77
89 78
90 79
91 80
92 81
93 82
93 83
94 83
93 84
93 85
93 86
93 87
93 88
93 89
95 84
96 85
97 86
98 87
99 88
100 89
101 89
102 89
103 89
104 89
105 89
106 89
107 89
108 89
109 89
110 89
111 89
112 89
82 79
84 83
85 84
86 85
87 86
88 87
89 88
90 89
82 88
82 89
81 89
80 88
79 89
83 89
59 59
58 58
57 57
56 56
55 55
54 54
53 53
52 52
51 51
50 50
49 49
48 48
47 47
46 46
45 45
44 44
43 43
42 42
41 41
40 40
39 39
81 91
82 91
83 91
82 92
82 93
83 93
82 94
82 95
82 96
82 97
82 98
82 99
82 100
82 101
81 101
80 101
79 101
78 101
77 101
76 101
75 101
74 101
73 101
72 101
71 101
82 102
82 103
83 101
84 101
85 101
86 101
87 101
88 101
89 101
90 101
91 101
92 101
93 101
94 101
95 101
96 101
97 101
98 101
99 101
100 101
101 101
102 101
103 101
104 101
105 101
106 101
107 101
108 101
109 101
108 102
107 103
106 104
105 104
105 105
106 105
107 106
108 107
109 108
110 109
111 110
112 110
112 109
112 108
112 107
112 106
112 105
112 104
112 103
112 102
113 102
112 101
112 100
111 100
110 100
110 99
111 99
112 99
112 98
113 97
114 96
115 95
116 94
117 93
118 92
119 91
121 90
120 89
121 89
122 89
122 88
123 88
123 87
124 87
124 86
125 86
125 85
126 85
126 84
127 84
127 83
128 83
128 82
129 82
129 81
130 81
130 80
131 80
131 79
132 79
132 78
133 78
133 77
134 77
134 76
135 76
135 75
136 75
136 74
137 74
137 73
138 73
138 72
139 72
139 71
140 71
140 70
141 70
141 69
142 69
142 68
143 68
143 67
144 67
144 66
145 66
145 65
146 65
146 64
147 64
147 63
148 63
148 62
149 62
150 61
151 60
152 59
153 58
154 57
155 56
156 55
157 54
158 53
159 52
160 53
159 54
158 55
157 56
156 57
155 58
154 59
153 60
152 61
151 62
150 63
149 64
148 65
147 66
146 67
145 68
144 69
143 70
142 71
141 72
140 73
139 74
138 75
137 76
136 77
135 78
134 79
133 80
132 81
131 82
130 83
129 84
128 85
127 86
126 87
125 88
124 89
124 90
123 90
122 90
122 91
121 91
122 92
123 92
124 92
125 92
126 92
127 92
128 92
129 92
130 92
131 92
132 92
133 92
134 92
135 92
136 92
137 92
138 92
139 92
140 92
141 92
142 92
143 92
144 92
145 92
146 92
147 92
148 92
149 92
150 92
151 92
152 92
153 92
154 92
155 92
156 92
157 92
158 92
159 92
160 92
161 92
162 92
163 92
164 92
165 92
166 92
167 92
168 92
169 92
170 92
171 92
172 92
173 92
174 92
175 92
176 92
177 92
178 92
179 92
180 92
181 92
182 92
183 92
184 92
185 92
186 92
187 92
188 92
189 92
190 92
191 92
192 92
193 92
194 92
189 91
188 91
187 91
186 91
185 91
184 91
183 91
182 91
181 91
180 91
179 91
178 91
177 91
176 91
175 91
174 91
173 91
172 91
171 91
170 91
169 91
168 91
167 91
166 91
165 91
164 91
163 91
162 91
161 91
160 91
159 91
158 91
157 91
156 91
155 91
154 91
153 91
152 91
151 91
150 91
149 91
148 91
147 91
146 91
145 91
144 91
143 91
142 91
141 91
140 91
139 91
138 91
137 91
136 91
135 91
134 91
133 91
132 91
131 91
130 91
129 91
128 91
127 91
126 91
125 91
124 91
123 91
125 90
126 90
127 90
128 90
129 90
130 90
131 90
132 90
133 90
134 90
135 90
136 90
137 90
138 90
139 90
140 90
141 90
142 90
143 90
144 90
145 90
146 90
147 90
148 90
149 90
150 90
151 90
152 90
153 90
154 90
155 90
156 90
157 90
158 90
159 90
160 90
161 90
162 90
163 90
164 90
165 90
166 90
167 90
168 90
169 90
170 90
171 90
172 90
173 90
174 90
175 90
176 90
177 90
178 90
179 90
180 90
181 90
182 90
183 90
184 90
185 90
186 90
187 90
188 90
189 90
190 90
191 90
192 90
193 90
194 90
195 90
196 90
197 90
198 90
199 90
200 90
200 89
201 89
201 88
202 88
202 87
203 87
203 86
204 86
204 85
205 85
205 84
206 83
207 82
208 81
209 80
210 79
211 78
212 77
213 76
214 75
215 74
188 89
189 88
190 87
191 86
192 85
193 84
194 83
195 82
196 81
197 80
198 79
199 78
200 77
201 76
202 75
203 74
204 73
178 89
179 88
180 87
181 86
182 85
183 84
184 83
185 82
186 81
187 80
188 79
189 78
190 77
191 76
192 75
193 74
194 73
195 72
196 71
197 70
198 69
199 68
200 67
201 66
202 65
203 64
204 63
205 62
171 89
172 88
173 87
174 86
175 85
176 84
177 83
178 82
179 81
180 80
181 79
182 78
183 77
184 76
185 75
186 74
187 73
188 72
189 71
190 70
191 69
192 68
193 67
194 66
195 65
196 64
197 63
198 62
199 61
200 60
201 59
202 58
203 57
204 56
205 55
206 54
207 53
208 52
209 51
210 50
211 49
212 48
213 47
214 46
167 89
168 88
169 87
170 86
171 85
172 84
173 83
174 82
175 81
176 80
177 79
178 78
179 77
180 76
181 75
164 89
165 88
166 87
167 86
168 85
169 84
170 83
171 82
172 81
173 80
174 79
175 78
176 77
177 76
178 75
179 74
180 73
181 72
182 71
183 70
184 69
185 68
186 67
187 66
188 65
189 64
190 63
191 62
192 61
193 60
194 59
159 89
160 88
161 87
162 86
163 85
164 84
165 83
166 82
167 81
168 80
169 79
170 78
171 77
172 76
173 75
174 74
175 73
176 72
177 71
178 70
179 69
180 68
181 67
182 66
183 65
184 64
185 63
186 62
187 61
188 60
189 59
190 58
191 57
192 56
193 55
194 54
195 53
196 52
197 51
198 50
199 49
200 48
201 47
202 46
153 89
154 88
155 87
156 86
147 89
146 89
145 88
144 87
143 87
143 88
142 88
142 89
141 89
144 89
144 86
145 86
145 85
146 85
146 84
147 84
147 83
148 83
148 82
149 82
149 81
150 81
150 80
151 80
151 79
152 79
152 78
153 78
153 77
154 77
154 76
155 76
155 75
156 75
156 74
157 74
157 73
158 73
158 72
159 72
159 71
160 71
161 70
162 69
163 68
164 67
165 66
166 65
167 64
168 63
169 62
170 61
171 60
172 59
173 58
174 57
175 56
176 55
177 54
178 53
179 52
180 51
181 50
182 49
183 48
184 47
185 46
186 45
187 44
188 43
189 42
190 41
191 40
192 39
193 38
194 37
195 38
194 39
193 40
192 41
191 42
190 43
189 44
188 45
187 46
186 47
185 48
184 49
183 50
182 51
181 52
180 53
179 54
178 55
177 56
176 57
175 58
174 59
173 60
172 61
171 62
170 63
169 64
168 65
167 66
166 67
165 68
164 69
163 70
162 71
161 72
160 73
159 74
158 75
157 76
156 77
155 78
154 79
153 80
152 81
151 82
150 83
149 84
148 85
147 86
146 87
147 88
148 88
148 87
149 87
149 86
150 86
150 85
151 85
151 84
152 84
152 83
153 83
153 82
154 82
154 81
155 81
155 80
156 80
156 79
157 79
157 78
158 78
158 77
159 77
159 76
160 76
160 75
161 75
161 74
162 74
162 73
163 73
163 72
164 72
164 71
165 71
165 70
166 70
166 69
167 69
167 68
168 68
168 67
169 67
169 66
170 66
170 65
171 65
171 64
172 64
172 63
173 63
173 62
174 62
174 61
175 61
175 60
176 60
176 59
177 59
177 58
178 58
178 57
179 57
179 56
180 56
180 55
181 55
181 54
182 54
183 53
184 52
185 51
186 50
187 49
188 48
189 47
190 46
191 45
192 44
193 43
194 42
195 41
196 40
197 39
138 89
139 88
140 87
141 86
142 85
143 84
144 83
145 82
146 81
147 80
148 79
149 78
150 77
151 76
152 75
153 74
154 73
155 72
156 71
157 70
158 69
159 68
160 67
161 66
162 65
163 64
164 63
165 62
166 61
167 60
168 59
169 58
170 57
171 56
172 55
173 54
174 53
175 52
176 51
177 50
178 49
179 48
180 47
181 46
182 45
183 44
184 43
185 42
186 41
187 40
188 39
189 38
190 37
191 36
135 89
136 88
137 87
138 86
139 85
140 84
141 83
142 82
143 81
144 80
145 79
146 78
147 77
132 89
133 88
134 87
135 86
136 85
137 84
138 83
139 82
140 81
141 80
142 79
143 78
144 77
145 76
146 75
147 74
148 73
149 72
150 71
151 70
152 69
153 68
154 67
155 66
156 65
157 64
158 63
159 62
160 61
161 60
162 59
163 58
164 57
165 56
166 55
167 54
168 53
169 52
170 51
171 50
172 49
173 48
174 47
175 46
176 45
177 44
178 43
179 42
180 41
181 40
182 39
183 38
184 37
185 36
186 35
126 89
127 88
128 87
129 86
130 85
131 84
132 83
133 82
134 81
135 80
136 79
137 78
138 77
139 76
140 75
141 74
142 73
143 72
144 71
145 70
146 69
147 68
148 67
149 66
150 65
151 64
152 63
153 62
154 61
155 60
156 59
157 58
158 57
159 56
160 55
161 54
162 53
161 52
162 51
163 50
164 49
165 48
166 47
167 46
168 45
169 44
170 43
171 42
172 41
173 40
174 39
175 38
176 37
177 36
178 35
179 34
180 33
181 32
182 31
183 30
184 29
185 30
184 31
183 32
182 33
181 34
180 35
179 36
178 37
177 38
176 39
175 40
174 41
173 42
172 43
171 44
170 45
169 46
168 47
167 48
166 49
165 50
164 51
163 52
123 93
124 94
125 95
126 96
127 97
128 98
129 98
130 98
131 98
132 98
133 98
134 98
135 98
136 98
137 98
138 98
139 98
140 98
141 98
142 98
143 98
144 98
145 98
146 98
147 98
148 98
149 98
150 98
151 98
152 98
153 98
154 98
155 98
156 98
157 98
158 98
159 98
160 98
161 98
162 98
163 98
164 98
165 98
166 98
167 98
168 98
169 98
170 98
171 98
172 98
173 98
174 98
175 98
176 98
177 98
178 98
179 98
180 98
181 98
182 98
183 98
184 98
185 98
186 98
187 98
188 98
189 98
190 98
191 98
192 98
193 98
194 98
195 98
196 98
197 98
198 98
199 98
200 98
201 98
202 98
203 98
204 98
205 98
206 98
207 98
208 98
209 98
210 98
211 98
146 99
145 99
144 99
143 99
142 99
141 99
140 99
139 99
138 99
137 99
136 99
135 99
134 99
133 99
132 99
131 99
130 99
129 99
130 100
131 101
132 102
133 102
134 102
135 102
136 102
137 102
138 102
139 102
140 102
141 102
142 102
143 102
144 102
145 102
146 102
147 102
148 102
149 102
150 102
151 102
152 102
153 102
154 102
155 102
156 102
157 102
158 102
133 103
134 104
135 105
136 106
137 106
138 106
139 106
140 106
141 106
142 106
143 106
144 106
145 106
146 106
147 106
148 106
149 106
150 106
151 106
152 106
153 106
154 106
155 106
156 106
157 106
158 106
159 106
160 106
161 106
162 106
163 106
164 106
165 106
166 106
167 106
168 106
169 106
170 106
171 106
172 106
173 106
174 106
175 106
176 106
177 106
178 106
179 106
180 106
181 106
137 107
138 108
139 109
140 109
141 109
142 109
143 109
144 109
145 109
146 109
147 109
148 109
149 109
150 109
151 109
152 109
153 109
154 109
155 109
156 109
157 109
158 109
159 109
160 109
161 109
162 109
163 109
164 109
165 109
166 109
167 109
168 109
169 109
170 109
171 109
172 109
173 109
174 109
175 109
176 109
177 109
178 109
179 109
180 109
181 109
182 109
183 109
184 109
185 109
186 109
187 109
188 109
189 109
190 109
191 109
192 109
193 109
194 109
195 109
196 109
197 109
198 109
199 109
200 109
201 109
202 109
203 109
204 109
140 110
141 111
142 112
143 112
144 112
145 112
146 112
147 112
148 112
149 112
150 112
151 112
152 112
153 112
154 112
155 112
156 112
157 112
158 112
159 112
160 112
161 112
162 112
163 112
164 112
165 112
166 112
167 112
168 112
169 112
170 112
171 112
172 112
173 112
174 112
175 112
176 112
177 112
178 112
179 112
180 112
181 112
182 112
183 112
184 112
185 112
186 112
187 112
188 112
189 112
190 112
191 112
192 112
193 112
194 112
195 112
196 112
197 112
198 112
199 112
200 112
201 112
202 112
203 112
204 112
205 112
206 112
207 112
208 112
209 112
210 112
211 112
212 112
213 112
214 112
215 112
143 113
144 114
145 115
146 116
147 117
148 117
149 117
150 117
151 117
152 117
153 117
154 117
155 117
156 117
157 117
158 117
159 117
160 117
161 117
162 117
163 117
164 117
165 117
166 117
167 117
168 117
169 117
170 117
171 117
172 117
173 117
174 117
175 117
176 117
177 117
178 117
179 117
180 117
181 117
148 118
149 119
150 120
151 121
152 122
153 123
154 123
155 123
156 123
157 123
158 123
154 124
155 125
156 125
157 125
158 125
159 125
160 125
161 125
162 125
163 125
164 125
165 125
166 125
167 125
168 125
169 125
170 125
171 125
172 125
173 125
174 125
175 125
176 125
177 125
178 125
179 125
180 125
181 125
182 125
183 125
184 125
185 125
186 125
187 125
188 125
189 125
190 125
191 125
192 125
193 125
194 125
195 125
196 125
197 125
198 125
199 125
200 125
201 125
202 125
203 125
204 125
205 125
206 125
207 125
208 125
209 125
210 125
211 125
212 125
213 125
214 125
215 125
156 126
157 127
158 128
159 128
160 128
161 128
162 128
163 128
164 128
165 128
166 128
167 128
168 128
169 128
170 128
171 128
172 128
173 128
174 128
175 128
176 128
177 128
178 128
179 128
180 128
181 128
181 129
180 129
179 129
178 129
177 129
176 129
175 129
174 129
173 129
172 129
171 129
170 129
169 129
168 129
167 129
166 129
165 129
164 129
163 129
162 129
161 129
160 129
159 129
160 130
161 131
162 132
163 133
164 134
165 135
166 136
167 136
168 136
169 136
170 136
171 136
172 136
173 136
174 136
175 136
176 136
177 136
178 136
179 136
180 136
181 136
182 136
183 136
184 136
185 136
186 136
187 136
188 136
189 136
190 136
191 136
192 136
167 137
168 138
169 139
170 140
171 141
172 142
173 142
174 142
175 142
176 142
177 142
178 142
179 142
180 142
181 142
182 142
183 142
184 142
185 142
186 142
187 142
188 142
189 142
190 142
188 143
187 143
186 143
185 143
184 143
183 143
182 143
181 143
180 143
179 143
178 143
177 143
176 143
175 143
174 143
173 143
174 144
175 144
176 144
177 144
178 144
179 144
180 144
181 144
182 144
183 144
184 144
185 144
186 144
187 144
179 145
178 145
177 145
176 145
175 145
182 129
183 129
184 129
185 129
186 129
187 129
188 129
189 129
190 129
191 129
192 129
193 129
194 129
195 129
196 129
197 129
198 129
199 129
200 129
201 129
202 129
203 129
204 129
120 88
119 88
118 87
117 86
116 85
115 84
114 83
113 82
112 81
111 80
110 79
109 78
108 77
107 76
106 75
105 74
104 73
103 72
102 71
101 70
100 69
99 68
98 67
97 66
96 65
95 64
94 63
93 62
92 61
91 60
90 59
89 58
88 57
87 56
86 55
85 54
84 53
83 52
82 51
81 50
80 49
79 48
78 47
77 46
76 45
75 44
74 43
73 42
72 41
71 40
70 39
69 38
68 37
67 36
66 35
65 34
82 49
83 50
84 51
85 52
86 53
87 54
88 55
89 56
90 57
91 58
92 59
93 60
94 61
95 62
96 63
97 64
98 65
99 66
100 67
101 68
102 69
103 70
104 71
105 72
106 73
107 74
108 75
109 76
110 77
111 78
112 79
113 80
114 81
115 82
116 83
117 84
118 85
119 86
120 86
121 86
121 85
120 85
120 84
120 83
120 82
119 82
118 81
117 80
116 79
115 78
114 77
113 76
112 75
111 74
110 73
109 72
108 71
107 70
106 69
105 68
104 67
103 66
102 65
101 64
100 63
99 62
98 61
97 60
96 59
95 58
94 57
93 56
120 81
120 80
120 79
120 78
120 77
120 76
120 75
119 75
118 74
117 73
116 72
115 71
114 70
113 69
112 68
111 67
110 66
109 65
108 64
107 63
106 62
105 61
104 60
103 59
102 58
101 57
100 56
99 55
98 54
97 53
96 52
95 51
94 50
93 49
92 48
91 47
90 46
89 45
88 44
87 43
86 42
85 41
84 40
83 39
82 38
81 37
80 36
79 35
78 34
120 74
120 73
120 72
120 71
120 70
120 69
120 68
120 67
120 66
120 65
121 65
120 64
120 63
119 63
118 62
117 61
116 60
115 59
114 58
113 57
112 56
111 55
110 54
109 53
108 52
107 51
106 50
105 49
104 48
103 47
102 46
101 45
100 44
99 43
98 42
97 41
96 40
95 39
94 38
93 37
92 36
91 35
90 34
120 62
120 61
121 61
120 60
120 59
120 58
120 57
120 56
120 55
120 54
119 54
118 53
117 52
116 51
115 50
114 49
113 48
112 47
120 53
120 52
120 51
120 50
120 49
121 49
120 48
120 47
119 47
118 46
117 45
116 44
115 43
114 42
113 41
112 40
111 39
110 38
109 37
108 36
107 35
106 34
120 46
120 45
120 44
120 43
120 42
120 41
120 40
120 39
120 38
120 37
121 36
122 35
123 34
122 48
123 47
124 46
125 45
126 44
127 43
128 42
129 41
130 40
131 39
132 38
133 37
134 36
135 35
136 34
122 60
123 59
124 58
125 57
126 56
127 55
128 54
129 53
130 52
131 51
132 50
133 49
134 48
135 47
136 46
137 45
138 44
139 43
140 42
141 41
142 40
143 39
144 38
145 37
146 36
147 35
148 34
122 64
123 63
124 62
125 61
126 60
127 59
128 58
129 57
130 56
131 55
132 54
133 53
134 52
135 51
136 50
121 75
122 74
123 73
124 72
125 71
126 70
127 69
128 68
129 67
130 66
131 65
132 64
133 63
134 62
135 61
136 60
137 59
138 58
139 57
140 56
141 55
142 54
143 53
144 52
145 51
146 50
147 49
148 48
121 82
122 81
123 80
124 79
125 78
126 77
127 76
128 75
129 74
130 73
131 72
132 71
133 70
134 69
135 68
136 67
137 66
138 65
139 64
140 63
141 62
142 61
143 60
144 59
145 58
146 57
147 56
148 55
149 54
150 53
151 52
152 51
153 50
154 49
155 48
156 47
157 46
158 45
159 44
160 43
161 42
162 41
163 40
164 39
165 38
166 37
167 36
168 35
169 34
122 85
122 84
123 84
123 83
124 83
124 82
125 82
125 81
126 81
126 80
127 80
127 79
128 79
128 78
129 78
129 77
130 77
130 76
131 76
131 75
132 75
132 74
133 74
133 73
134 73
134 72
135 72
135 71
136 71
137 70
138 69
139 68
140 67
141 66
142 65
143 64
144 63
145 62
146 61
147 60
148 59
149 58
150 57
151 56
152 55
153 54
154 53
155 52
156 51
157 50
158 49
159 48
160 47
161 46
162 45
163 44
164 43
165 42
166 41
167 40
168 39
169 38
170 37
171 36
172 35
173 34
174 33
175 32
176 31
177 30
178 29
179 28
180 27
181 26
120 87
109 98
108 97
107 96
106 95
105 94
104 93
103 92
102 91
114 103
115 104
116 105
117 106
118 107
119 108
120 109
121 110
122 110
123 110
124 110
125 110
126 110
127 110
128 110
129 110
130 110
131 110
132 110
133 110
134 110
135 110
136 110
137 110
122 111
123 112
124 112
125 112
126 112
124 113
124 114
125 114
124 115
124 116
124 117
124 118
124 119
124 120
124 121
124 122
123 122
122 121
121 120
120 119
119 118
118 117
117 116
116 115
115 114
114 113
113 112
112 112
112 111
112 113
112 114
112 115
112 116
112 117
111 117
110 116
109 115
108 114
107 113
106 112
105 111
104 110
103 109
102 108
101 107
100 106
99 105
98 104
97 103
96 102
95 103
94 102
93 102
92 102
93 103
93 104
94 104
93 105
93 106
93 107
93 108
93 109
92 109
91 109
90 109
89 109
88 109
87 109
86 109
85 109
84 109
83 109
82 109
81 109
80 109
79 109
78 109
77 109
76 109
75 109
74 109
73 109
72 109
71 109
70 109
69 109
68 109
67 109
66 109
65 109
64 109
63 109
62 109
61 109
60 109
59 109
58 109
57 109
56 109
55 109
54 109
53 109
52 109
51 109
50 109
49 109
48 109
47 109
46 109
45 109
44 109
43 109
42 109
41 109
40 109
39 109
38 109
37 109
36 109
35 109
34 109
33 109
94 109
95 109
96 109
97 109
98 109
99 109
100 109
101 109
100 108
99 107
98 106
97 105
96 104
95 105
96 106
97 107
98 108
100 110
99 111
98 112
97 112
96 112
95 112
94 112
93 112
92 112
91 112
90 112
89 112
88 112
87 112
86 112
85 112
84 112
83 112
82 112
81 112
80 112
79 112
78 112
77 112
76 112
75 112
74 112
73 112
72 112
71 112
70 112
69 112
68 112
67 112
66 112
65 112
64 112
63 112
97 113
96 114
96 115
95 115
94 116
94 117
93 117
92 118
91 119
90 119
89 119
88 119
87 119
86 119
85 119
84 119
83 119
82 119
81 119
80 119
79 119
78 119
77 119
76 119
90 120
89 121
88 122
87 123
86 123
85 123
84 123
83 123
82 123
81 123
80 123
79 123
78 123
77 123
76 123
75 123
74 123
73 123
72 123
71 123
70 123
69 123
68 123
67 123
66 123
65 123
86 124
85 125
84 126
83 127
82 128
81 128
80 128
79 128
78 128
77 128
76 128
75 128
74 128
73 128
72 128
71 128
70 128
69 128
68 128
67 128
66 128
65 128
64 128
63 128
62 128
61 128
60 128
59 128
58 128
57 128
56 128
55 128
54 128
53 128
52 128
51 128
50 128
49 128
48 128
47 128
46 128
45 128
44 128
43 128
42 128
41 128
40 128
39 128
38 128
37 128
36 128
35 128
34 128
33 128
32 128
31 128
30 128
81 129
80 130
80 131
79 131
79 132
78 132
77 133
76 134
75 135
74 136
73 136
72 136
71 136
70 136
69 136
68 136
67 136
66 136
65 136
64 136
63 136
62 136
61 136
60 136
59 136
58 136
57 136
56 136
55 136
54 136
53 136
52 136
51 136
50 136
49 136
48 136
47 136
46 136
45 136
44 136
43 136
42 136
41 136
40 136
39 136
38 136
37 136
36 136
35 136
34 136
33 136
37 137
38 137
39 137
40 137
41 137
42 137
43 137
44 137
45 137
46 137
47 137
48 137
49 137
50 137
51 137
52 137
53 137
54 137
55 137
56 137
57 137
58 137
59 137
60 137
61 137
62 137
63 137
64 137
65 137
66 137
67 137
68 137
69 137
70 137
71 137
72 137
73 137
72 138
71 139
70 139
69 139
68 139
67 139
66 139
65 139
64 139
63 139
62 139
61 139
60 139
59 139
58 139
57 139
56 139
55 139
54 139
53 139
52 139
51 139
50 139
49 139
48 139
47 139
46 139
45 139
44 139
43 139
42 139
44 140
45 140
46 140
47 140
48 140
49 140
50 140
51 140
52 140
53 140
54 140
55 140
56 140
57 140
58 140
59 140
60 140
61 140
62 140
63 140
64 140
65 140
66 140
67 140
68 140
69 140
70 140
69 141
68 141
67 141
66 141
65 141
64 141
63 141
62 141
61 141
60 141
59 141
58 141
57 141
56 141
55 141
54 141
53 141
52 141
51 141
50 141
49 141
48 141
47 141
48 142
49 142
50 142
51 142
52 142
53 142
54 142
55 142
56 142
57 142
58 142
59 142
60 142
61 142
62 142
63 142
64 142
65 142
66 142
67 142
68 142
67 143
66 143
65 143
64 143
63 143
62 143
61 143
60 143
59 143
58 143
57 143
56 143
55 143
54 143
53 143
52 143
51 143
50 143
49 143
80 132
80 133
80 134
80 135
80 136
80 137
80 138
80 139
80 140
80 141
80 142
80 143
94 118
94 119
94 120
94 121
94 122
94 123
94 124
94 125
94 126
94 127
94 128
94 129
96 116
96 117
96 118
96 119
96 120
96 121
96 122
96 123
96 124
96 125
96 126
96 127
96 128
96 129
96 130
96 131
96 132
96 133
96 134
96 135
96 136
96 137
96 138
96 139
96 140
96 141
96 142
96 143
96 144
101 111
102 110
103 111
102 112
103 113
104 112
105 113
104 114
105 115
106 114
107 115
106 116
107 117
108 116
109 117
108 118
109 119
110 118
111 119
112 119
113 119
112 118
112 120
112 121
111 121
110 120
112 122
112 123
113 123
112 124
112 125
112 126
112 127
112 128
112 129
112 130
112 131
112 132
112 133
112 134
112 135
112 136
112 137
112 138
112 139
112 140
112 141
112 142
112 143
114 122
113 121
114 120
115 121
116 122
115 123
114 124
115 125
116 124
117 123
118 124
117 125
116 126
117 127
118 126
119 125
120 126
119 127
118 128
119 129
120 128
121 127
122 128
121 129
120 130
121 131
122 130
123 129
124 129
124 128
124 127
124 126
124 125
124 124
125 124
124 123
126 125
127 126
128 127
129 128
130 129
131 130
132 131
133 132
134 133
135 134
136 134
136 133
136 132
136 131
136 130
136 129
136 128
136 127
136 126
137 126
136 125
135 124
134 123
133 122
132 121
131 120
130 119
129 118
128 117
127 116
126 115
138 127
139 127
140 127
141 127
142 127
143 127
144 127
145 127
146 127
147 127
139 128
140 129
141 130
142 131
143 132
144 133
145 134
146 135
147 136
148 137
149 138
150 139
151 140
152 141
153 142
154 143
155 144
156 144
157 144
158 144
136 135
136 136
137 136
136 137
136 138
136 139
136 140
136 141
135 141
134 140
133 139
132 138
131 137
130 136
129 135
128 134
127 133
126 132
125 131
124 131
123 131
122 132
123 133
124 133
125 133
124 132
124 134
124 135
125 135
124 136
124 137
124 138
124 139
124 140
124 141
124 142
124 143
124 144
126 134
127 135
126 136
127 137
128 136
129 137
128 138
129 139
130 138
131 139
130 140
131 141
132 140
133 141
132 142
133 143
134 143
135 143
136 143
136 142
134 142
124 130
138 137
139 138
140 139
141 140
142 141
143 142
144 143
145 143
146 143
147 143
103 107
104 106
104 103
103 102
101 100
100 99
99 98
98 97
97 96
96 95
95 94
94 93
93 93
93 92
93 91
92 91
93 94
93 95
93 96
93 97
93 98
92 98
91 97
90 96
89 95
88 94
87 93
86 92
85 91
84 92
85 93
84 94
85 95
86 94
87 95
86 96
87 97
88 96
89 97
88 98
89 99
90 98
91 99
90 100
92 100
93 100
94 100
93 99
115
96 90
66 90
30 89
51 89
33 69
51 68
29 51
33 41
44 50
61 60
57 53
71 81
80 86
82 78
75 64
51 32
71 49
53 31
54 29
50 39
93 77
112 89
39 39
71 101
82 103
148 62
159 52
123 90
194 92
189 91
177 90
205 85
215 74
204 73
205 62
214 46
181 75
194 59
202 46
156 86
159 71
194 37
195 38
181 54
197 39
191 36
147 77
135 86
186 35
184 29
185 30
133 98
211 98
146 99
158 102
181 106
204 109
215 112
181 117
158 123
215 125
181 128
192 136
190 142
188 143
187 144
179 145
204 129
65 34
82 49
93 56
112 68
78 34
90 34
112 47
106 34
123 34
136 34
148 34
136 50
148 48
169 34
135 71
181 26
116 105
137 110
126 112
93 108
51 109
33 109
63 112
76 119
65 123
48 128
30 128
79 132
33 136
37 137
42 139
44 140
47 141
48 142
60 143
49 143
80 143
94 129
96 144
112 122
112 143
136 127
147 127
158 144
124 144
136 143
147 143
