1099
119 90
121 90
119 91
118 92
117 93
116 94
115 95
114 96
113 97
112 98
112 99
112 100
112 101
112 102
111 103
110 103
109 103
108 103
107 103
106 103
105 103
104 103
103 103
102 104
101 105
100 106
99 107
98 108
97 108
96 108
95 108
94 108
93 108
92 108
92 107
92 106
92 105
92 104
92 103
92 102
91 101
90 100
89 99
88 98
87 97
86 96
85 95
84 94
84 93
83 93
82 93
81 93
80 93
79 93
78 93
77 93
76 93
75 93
74 93
73 93
72 93
82 94
81 95
80 96
79 97
78 98
77 99
76 100
75 101
74 102
73 103
72 104
71 105
71 106
71 107
71 108
70 108
69 108
68 108
67 108
66 108
65 107
64 106
63 105
62 104
61 103
60 102
59 101
58 100
57 99
56 98
55 97
54 96
53 95
52 94
51 93
72 109
72 110
72 111
72 112
72 113
72 114
72 115
72 116
72 117
72 118
72 119
72 120
72 121
72 122
72 123
71 123
70 123
69 123
68 123
67 123
66 123
65 123
64 123
63 123
62 123
61 123
60 123
59 123
58 123
57 122
56 121
55 120
54 119
53 118
52 117
51 116
50 115
49 114
48 114
47 114
46 114
45 114
44 114
43 114
42 114
41 114
40 114
39 114
38 113
37 112
36 111
35 110
34 109
33 108
32 107
31 106
30 105
29 104
60 124
59 125
58 126
57 127
56 128
55 128
54 128
53 128
52 128
51 128
50 128
49 128
48 128
48 129
47 129
46 130
45 131
44 132
43 133
42 134
41 135
40 136
39 136
38 136
37 136
37 135
37 134
36 133
35 132
34 131
33 130
32 129
31 128
30 127
29 126
28 125
48 130
48 131
48 132
48 133
48 134
48 135
48 136
48 137
48 138
48 139
49 140
50 141
51 142
52 143
53 143
54 143
55 143
56 143
57 143
58 144
59 145
60 145
61 145
62 145
63 145
64 145
65 145
66 145
67 145
68 145
69 145
70 145
71 145
72 145
73 145
74 145
75 145
76 145
77 145
78 145
79 145
80 145
81 145
82 145
83 145
84 145
85 145
86 145
87 145
88 145
89 145
90 145
91 145
92 145
85 93
86 93
87 93
88 92
89 91
90 90
91 89
92 88
93 87
94 86
94 85
94 84
94 83
94 82
94 81
94 80
94 79
94 78
94 77
94 76
94 75
94 74
94 73
94 72
93 71
92 71
91 71
90 71
89 71
88 71
87 71
86 71
85 71
84 71
83 71
82 71
81 71
80 71
79 71
78 71
77 71
76 71
75 71
74 71
73 71
72 71
71 71
82 70
82 69
82 68
82 67
82 66
81 65
80 64
79 63
78 62
77 61
76 60
75 59
74 58
73 57
72 56
71 56
70 56
69 56
68 56
67 56
66 56
65 56
64 56
63 56
62 56
61 56
60 56
59 56
58 56
57 56
56 56
55 56
54 55
53 54
52 53
51 52
50 51
49 50
48 50
48 49
48 48
48 47
48 46
48 45
48 44
48 43
48 42
48 41
48 40
47 39
47 38
46 38
45 39
44 40
43 40
42 40
41 40
40 40
39 40
38 40
37 40
36 40
35 41
34 42
33 43
32 44
31 45
31 46
31 47
30 48
29 49
28 50
28 51
28 52
28 53
28 54
28 55
28 56
28 57
28 58
28 59
28 60
28 61
28 62
48 38
49 38
50 38
51 38
52 38
53 37
54 36
55 35
55 34
55 33
55 32
55 31
55 30
55 29
55 28
55 27
55 26
56 25
57 24
58 25
59 26
60 27
61 28
62 29
63 30
64 31
65 32
66 33
67 34
68 34
69 34
70 34
71 34
72 34
73 34
74 34
75 34
76 34
77 34
78 34
79 34
80 34
81 34
82 34
83 34
84 34
85 34
86 34
87 34
88 34
89 34
90 34
91 34
92 34
48 51
48 52
48 53
48 54
48 55
48 56
48 57
48 58
48 59
48 60
48 61
49 62
50 63
50 64
50 65
50 66
50 67
50 68
50 69
50 70
50 71
50 72
49 73
48 74
47 75
46 76
45 77
44 78
43 79
42 80
41 81
40 82
39 83
38 83
37 83
36 83
35 83
34 83
33 83
32 83
31 83
30 83
29 83
93 70
93 69
93 68
93 67
93 66
93 65
93 64
93 63
93 62
93 61
93 60
93 59
93 58
93 57
93 56
93 109
93 110
93 111
93 112
93 113
93 114
93 115
93 116
93 117
93 118
93 119
93 120
93 121
93 122
93 123
94 124
95 125
96 126
97 127
98 128
99 129
100 130
101 131
102 132
103 133
104 134
105 135
106 136
107 137
108 138
109 139
110 140
111 141
112 142
113 143
104 104
105 105
106 106
107 107
108 108
109 109
110 110
111 111
112 112
113 113
114 114
115 115
115 116
115 117
115 118
115 119
115 120
115 121
115 122
122 90
123 90
124 90
125 90
126 90
127 90
128 90
129 90
130 90
131 90
132 90
133 89
134 88
135 87
136 86
137 86
138 86
137 87
138 88
139 89
140 90
141 91
142 92
143 93
144 93
145 93
146 93
147 93
148 93
149 93
150 93
151 93
152 93
153 93
154 92
155 91
156 90
157 89
158 88
159 87
160 86
147 94
147 95
147 96
147 97
147 98
147 99
147 100
147 101
147 102
147 103
147 104
147 105
147 106
147 107
147 108
146 108
145 108
144 108
143 108
142 108
141 108
140 108
139 108
138 108
137 108
136 108
135 108
146 109
145 110
144 111
143 112
142 113
141 114
140 115
139 116
138 117
137 118
136 119
136 120
136 121
136 122
136 123
137 124
138 125
139 126
140 127
141 128
142 129
143 129
144 129
145 129
146 129
147 129
148 129
149 129
150 129
151 129
152 129
153 128
154 127
155 126
156 125
157 124
158 123
158 122
158 121
158 120
158 119
158 118
158 117
158 116
158 115
158 114
158 113
159 112
160 111
161 110
162 109
163 108
164 107
165 106
166 107
167 108
168 109
169 110
170 111
171 112
172 112
173 112
174 112
175 112
176 112
177 112
178 112
179 112
180 112
181 112
182 112
183 112
184 112
185 112
186 112
187 112
188 112
189 111
190 110
191 109
192 108
193 107
194 106
194 105
195 104
196 103
197 102
198 101
199 100
200 99
201 98
202 97
203 96
204 95
204 94
203 94
202 94
201 94
200 94
199 94
198 93
197 92
196 91
195 90
194 89
194 88
194 87
194 86
194 85
194 84
195 83
196 82
197 81
198 80
199 79
200 78
201 77
202 76
203 75
204 74
204 73
203 73
202 73
201 73
200 73
199 73
198 72
197 71
196 70
195 69
194 68
194 67
194 66
194 65
194 64
194 63
195 62
196 61
197 60
198 59
199 58
200 57
201 56
202 55
203 54
204 53
204 52
203 52
202 52
201 52
200 52
199 52
198 51
197 50
196 49
195 48
194 47
194 46
194 45
194 44
194 43
193 42
192 41
191 40
190 39
189 38
188 37
187 36
186 36
185 36
184 36
183 36
182 36
181 36
180 36
179 36
178 36
177 35
176 34
193 48
192 49
191 50
190 50
189 50
188 50
187 50
186 50
185 50
184 50
183 50
182 50
181 50
205 52
205 51
205 50
205 49
205 48
205 47
205 46
205 45
205 44
205 43
205 42
205 41
193 69
192 70
191 71
190 71
189 71
188 71
187 71
186 71
185 71
184 71
183 71
182 71
181 71
205 73
193 90
192 91
191 92
190 92
189 92
188 92
187 92
186 92
185 92
184 92
183 92
182 92
181 92
205 94
195 107
196 108
197 109
198 110
199 111
200 112
201 113
202 114
203 115
204 115
205 115
206 116
207 117
208 118
209 119
210 120
211 121
212 122
213 123
213 124
213 125
213 126
212 127
211 127
210 127
209 127
208 127
207 127
206 127
205 127
204 127
203 127
202 127
201 128
200 129
199 130
198 131
197 132
196 133
195 134
194 135
193 136
192 137
192 138
191 138
190 138
189 138
188 138
187 138
186 138
185 137
184 136
183 135
182 134
181 133
180 134
179 135
178 136
178 137
178 138
178 139
178 140
178 141
178 142
178 143
178 144
148 130
149 131
150 132
151 133
152 134
153 135
154 136
155 137
156 138
157 139
158 140
159 141
160 142
160 143
159 144
158 145
157 145
156 145
155 145
154 145
153 145
152 145
151 145
150 145
149 145
148 145
147 145
146 145
145 145
144 145
143 145
142 145
141 145
140 145
139 145
138 145
137 145
136 145
135 145
134 144
139 85
140 84
141 83
142 82
143 81
144 80
145 79
146 78
146 77
145 77
144 77
143 77
142 77
141 76
140 75
139 74
138 73
137 72
136 71
136 70
136 69
136 68
136 67
136 66
136 65
136 64
136 63
136 62
136 61
136 60
136 59
136 58
136 57
136 56
135 56
134 56
133 56
132 56
131 56
130 55
129 54
128 53
127 52
126 51
126 50
126 49
126 48
126 47
126 46
125 46
124 45
123 44
122 43
121 42
120 41
119 40
118 39
117 38
116 37
115 36
114 35
113 34
126 45
126 44
126 43
126 42
127 41
128 40
129 39
130 38
131 37
132 36
133 35
134 34
135 34
136 34
137 34
138 34
139 34
140 34
141 34
142 34
143 34
144 34
145 34
146 34
147 34
148 34
149 34
150 34
151 34
152 34
153 34
154 34
155 34
125 52
124 53
123 54
122 55
121 55
120 55
119 55
118 55
117 55
116 55
115 55
114 55
113 55
112 55
113 56
114 57
114 58
114 59
114 60
114 61
114 62
114 63
114 64
114 65
114 66
137 56
147 77
148 77
149 77
150 77
151 77
152 77
153 76
154 75
155 74
156 73
157 72
158 71
158 70
158 69
158 68
158 67
158 66
158 65
158 64
158 63
158 62
158 61
158 60
158 59
158 58
158 57
158 56
118 89
117 88
116 87
115 86
84
112 102
103 103
92 108
83 93
72 93
71 108
51 93
72 123
61 123
49 114
29 104
48 128
37 136
28 125
48 139
57 143
71 145
92 145
94 86
93 71
82 71
71 71
72 56
61 56
48 49
46 38
36 40
31 47
28 62
55 35
57 24
71 34
92 34
48 61
50 72
29 83
93 56
93 123
113 143
115 122
136 86
147 93
160 86
147 108
135 108
136 123
147 129
158 123
165 106
181 112
194 106
194 89
194 68
194 47
187 36
176 34
181 50
205 52
205 41
181 71
205 73
181 92
205 94
205 115
213 126
202 127
192 138
181 133
178 144
160 143
147 145
134 144
136 71
126 51
113 34
134 34
155 34
112 55
114 66
137 56
147 77
158 71
158 56
115 86
