1113
121 90
119 89
118 88
117 87
116 86
116 85
116 84
116 83
116 82
116 81
116 80
116 79
116 78
116 77
116 76
116 75
116 74
115 73
114 72
113 71
113 70
113 69
113 68
113 67
113 66
113 65
113 64
113 63
113 62
113 61
113 60
113 59
113 58
113 57
113 56
113 55
115 87
114 88
113 89
112 90
111 91
110 91
109 91
108 91
107 91
106 91
105 91
104 91
103 91
102 91
101 91
100 91
99 91
98 91
97 90
96 89
95 88
94 87
93 86
93 85
93 84
93 83
93 82
93 81
93 80
93 79
93 78
93 77
93 76
93 75
93 74
93 73
93 72
94 71
94 70
94 69
94 68
94 67
94 66
94 65
94 64
94 63
94 62
94 61
94 60
94 59
94 58
94 57
93 56
92 56
91 56
90 56
89 56
88 56
87 55
86 54
85 53
84 52
83 51
83 50
82 50
82 49
82 48
82 47
82 46
82 45
82 44
82 43
82 42
82 41
82 40
82 39
82 38
82 37
82 36
81 35
80 34
81 51
80 52
79 53
78 54
77 55
76 56
75 56
74 56
73 56
72 56
71 56
72 57
73 58
73 59
73 60
73 61
73 62
73 63
73 64
73 65
73 66
73 67
73 68
73 69
73 70
73 71
72 72
71 73
70 74
69 75
68 76
67 76
66 76
65 76
64 76
63 76
62 76
61 76
60 76
59 76
58 76
57 76
56 76
55 76
54 76
53 75
52 74
51 73
50 72
50 71
50 70
50 69
50 68
50 67
50 66
50 65
50 64
50 63
50 62
50 61
49 60
49 59
49 58
49 57
49 56
49 55
49 54
49 53
49 52
49 51
49 50
48 49
47 49
46 49
45 49
44 49
43 48
42 47
41 46
40 45
39 44
38 43
37 42
36 41
35 40
34 41
33 42
32 43
32 44
32 45
31 46
30 47
29 48
29 49
29 50
29 51
29 52
29 53
29 54
29 55
29 56
29 57
29 58
29 59
29 60
29 61
29 62
28 63
28 64
28 65
28 66
28 67
28 68
28 69
28 70
28 71
28 72
28 73
28 74
28 75
28 76
28 77
28 78
28 79
28 80
28 81
28 82
28 83
48 48
48 47
48 46
48 45
48 44
48 43
48 42
48 41
48 40
48 39
48 38
49 38
50 38
51 38
52 38
53 38
54 38
55 38
56 37
57 36
58 35
59 34
60 77
59 78
58 79
57 80
56 81
55 82
54 83
53 84
52 85
51 86
51 87
51 88
51 89
51 90
51 91
51 92
51 93
84 50
85 50
86 49
87 48
88 47
89 46
90 45
91 44
92 43
93 42
94 41
95 40
96 39
97 38
98 37
99 36
100 35
101 34
104 92
103 93
102 94
101 95
100 96
99 97
98 98
97 99
96 100
95 101
94 102
93 103
93 104
93 105
93 106
93 107
93 108
92 108
91 108
90 108
89 108
88 108
87 108
86 107
85 106
84 105
83 104
82 103
81 102
80 101
79 100
78 99
77 98
76 97
75 96
74 95
73 94
72 93
81 104
80 105
79 106
78 107
77 108
76 108
75 108
74 108
73 108
72 108
71 108
92 109
91 110
90 111
89 112
88 113
87 114
86 115
85 116
84 117
83 118
82 119
81 120
80 121
80 122
80 123
79 124
78 124
77 124
76 124
75 124
74 124
73 124
72 124
71 124
70 124
69 124
68 124
67 124
66 124
65 124
64 124
63 124
62 123
61 122
60 121
59 120
58 119
57 118
56 117
55 116
54 115
53 114
52 113
51 112
50 111
49 110
48 110
47 110
46 110
45 110
44 110
43 110
42 110
41 110
40 110
39 110
38 110
37 110
36 110
35 110
34 109
33 108
32 107
31 106
30 105
29 104
64 125
63 126
62 127
61 128
60 128
59 128
58 128
57 128
56 128
55 128
54 128
53 128
52 128
51 128
50 128
49 128
48 128
48 129
47 129
46 130
45 131
44 132
43 133
42 134
41 135
40 136
39 136
38 136
37 136
36 136
36 135
36 134
36 133
36 132
35 131
34 130
33 129
32 128
31 127
30 126
29 125
48 130
48 131
48 132
48 133
48 134
48 135
48 136
48 137
48 138
48 139
49 140
50 141
51 142
52 143
53 143
54 143
55 143
56 144
57 145
58 145
59 145
60 145
61 145
62 145
63 145
64 145
65 145
66 145
67 145
68 145
69 145
70 145
71 145
72 145
73 145
74 145
81 124
82 125
83 126
84 126
85 126
86 126
87 126
88 126
89 126
90 126
91 126
92 126
93 126
94 126
95 126
95 127
95 128
95 129
95 130
95 131
95 132
95 133
95 134
95 135
95 136
95 137
95 138
95 139
95 140
95 141
95 142
95 143
95 144
95 145
122 90
123 90
124 90
125 89
126 88
127 87
128 86
128 85
128 84
128 83
128 82
128 81
128 80
128 79
129 78
130 77
131 76
132 75
133 74
134 73
135 72
136 71
136 70
136 69
136 68
136 67
137 66
138 65
139 64
140 63
141 62
142 61
143 60
144 59
145 58
146 57
146 56
145 56
144 56
143 56
142 56
141 56
140 56
139 56
138 56
137 56
136 56
135 55
135 54
135 53
135 52
135 51
135 50
135 49
135 48
135 47
134 46
133 45
132 44
131 43
130 42
129 41
128 40
127 39
126 38
125 37
124 36
123 35
122 34
147 56
148 56
149 56
150 56
151 56
152 56
153 56
154 56
155 55
156 54
157 53
158 52
159 51
159 50
160 50
160 49
160 48
160 47
160 46
160 45
160 44
160 43
160 42
160 41
160 40
160 39
160 38
161 37
162 36
163 35
164 34
165 35
166 36
167 37
168 38
169 39
170 40
171 41
172 42
173 43
174 44
175 45
176 46
177 47
178 48
179 49
180 50
181 50
181 49
182 48
183 47
184 46
185 45
186 44
187 43
188 42
189 41
189 40
188 40
187 39
186 38
185 37
184 36
183 35
182 34
190 40
191 41
192 42
193 43
194 44
195 45
196 46
197 47
198 48
199 49
200 50
201 50
202 50
203 50
204 50
205 50
206 50
207 50
208 50
209 50
210 50
211 49
212 48
213 47
214 46
203 51
204 52
205 53
205 54
205 55
205 56
205 57
205 58
205 59
205 60
205 61
205 62
204 63
203 64
202 65
201 66
200 67
199 68
198 69
197 70
196 71
195 71
194 71
193 72
192 72
191 72
190 72
189 72
188 72
187 72
186 72
185 72
184 72
183 72
182 72
181 72
195 72
196 73
197 74
198 75
199 76
200 77
201 78
202 79
203 80
204 81
205 82
205 83
204 84
203 85
202 86
201 87
200 88
199 88
198 88
197 88
196 88
195 88
194 88
193 89
192 90
191 91
190 92
189 93
188 93
187 93
186 93
185 93
184 93
183 93
182 93
181 93
195 89
196 90
197 91
198 92
199 93
200 94
201 95
202 96
203 97
204 98
204 99
204 100
204 101
204 102
204 103
204 104
205 104
206 104
207 104
208 104
209 104
210 104
211 104
212 104
213 104
214 104
215 104
203 105
202 106
201 107
200 108
199 109
198 110
197 111
196 112
195 113
194 114
194 115
194 116
194 117
193 117
192 117
191 117
190 117
189 117
188 117
187 117
186 117
185 117
184 117
183 116
182 115
181 114
195 118
196 119
197 120
198 121
199 122
200 123
201 124
202 125
203 125
204 125
205 125
204 126
203 127
202 128
201 129
200 130
199 130
198 130
197 130
196 130
195 130
194 130
193 131
192 132
192 133
192 134
192 135
192 136
192 137
192 138
192 139
192 140
192 141
191 141
190 141
189 141
188 141
187 141
186 140
185 139
184 138
183 137
182 136
181 135
180 135
179 135
178 135
177 135
176 135
175 135
174 135
173 135
172 135
171 135
170 135
170 134
170 133
170 132
170 131
170 130
170 129
169 128
168 127
167 127
166 127
165 127
164 127
163 127
162 127
161 127
160 127
159 127
158 126
157 125
157 124
157 123
157 122
157 121
157 120
157 119
157 118
157 117
157 116
157 115
157 114
157 113
157 112
157 111
157 110
157 109
158 108
158 107
158 106
158 105
158 104
158 103
158 102
158 101
158 100
158 99
158 98
158 97
158 96
158 95
158 94
158 93
159 92
160 91
156 126
155 127
154 128
153 129
152 130
151 131
150 132
149 133
148 134
147 135
146 136
145 137
144 138
143 139
142 140
141 141
140 142
139 143
138 144
137 145
169 136
168 137
167 138
166 139
165 140
164 141
163 142
162 143
161 144
160 145
159 145
158 145
180 136
179 137
178 138
178 139
178 140
178 141
178 142
178 143
178 144
178 145
178 146
206 126
207 127
207 128
207 129
207 130
207 131
207 132
207 133
207 134
207 135
207 136
181 51
158 49
157 48
156 47
155 46
154 45
153 44
152 43
151 42
150 41
149 40
148 39
147 38
146 37
145 36
144 35
143 34
137 72
138 73
139 73
140 73
141 73
142 73
143 73
144 73
145 73
146 73
147 73
148 73
149 73
150 73
151 73
152 73
153 73
154 73
155 73
156 73
157 72
158 71
129 87
130 88
131 89
132 90
133 91
134 92
135 93
136 93
137 93
138 93
139 93
138 94
137 95
137 96
137 97
137 98
137 99
137 100
137 101
137 102
137 103
137 104
137 105
137 106
137 107
137 108
136 108
135 108
134 108
133 108
132 108
131 108
130 108
129 108
128 108
127 108
126 108
125 108
124 108
123 108
122 108
121 108
120 108
119 108
118 108
117 108
116 108
115 108
114 108
113 107
112 106
125 109
124 110
123 111
122 112
121 113
120 114
119 115
118 116
117 117
116 118
115 119
115 120
115 121
115 122
136 109
136 110
136 111
136 112
136 113
136 114
136 115
136 116
136 117
136 118
136 119
136 120
136 121
136 122
136 123
135 124
134 125
133 126
132 127
131 128
130 129
129 130
128 131
127 132
126 133
125 134
124 135
123 136
122 137
121 138
120 139
119 140
118 141
117 142
116 143
84
116 86
113 71
113 55
105 91
93 86
94 71
93 56
82 50
80 34
71 56
73 71
61 76
50 72
49 60
48 49
35 40
32 45
29 62
28 83
48 38
59 34
51 93
101 34
93 108
82 103
72 93
71 108
80 123
65 124
49 110
29 104
48 128
36 136
29 125
48 139
55 143
74 145
95 126
95 145
128 86
136 71
135 55
122 34
147 56
160 50
164 34
182 34
190 40
202 50
214 46
205 62
194 71
181 72
205 83
194 88
181 93
204 104
215 104
194 117
181 114
205 125
194 130
192 141
181 135
170 135
168 127
157 125
158 108
160 91
137 145
158 145
178 146
207 136
181 51
143 34
147 73
158 71
139 93
137 108
126 108
112 106
115 122
136 123
116 143
