3033
119 90
118 90
117 90
116 90
115 90
114 90
113 90
112 90
111 90
110 90
109 90
108 90
107 90
106 90
105 90
104 90
103 90
102 90
101 90
100 90
99 90
98 90
97 90
96 90
95 90
94 90
93 90
92 90
91 90
90 90
89 90
88 90
87 90
86 90
85 90
84 90
83 90
82 90
81 90
80 90
79 90
78 90
77 90
76 90
75 90
74 90
73 90
72 90
71 90
70 90
69 90
68 90
67 90
66 90
65 90
64 90
63 90
62 90
61 90
60 90
59 90
58 90
57 90
56 90
55 90
54 90
53 90
52 90
51 90
50 90
49 90
48 90
47 90
46 90
45 90
44 90
43 90
42 90
41 90
40 90
39 90
38 90
37 90
36 90
35 90
34 90
33 89
32 88
31 87
45 89
44 88
43 87
42 86
41 85
40 84
39 83
38 82
37 81
36 80
35 79
34 78
33 77
32 76
31 75
51 89
57 89
56 88
55 87
54 86
53 85
52 84
51 83
50 82
49 81
48 80
47 79
46 78
45 77
44 76
43 75
42 74
41 73
40 72
39 71
38 70
37 69
36 68
35 67
34 66
33 65
32 64
31 63
62 89
62 88
62 87
62 86
62 85
62 84
63 83
64 82
65 81
66 80
67 79
68 78
68 77
67 77
66 77
65 77
69 77
70 76
71 75
72 74
73 74
73 73
74 73
74 72
73 72
72 71
71 70
70 69
70 68
69 68
68 68
67 68
66 68
65 68
64 68
63 68
62 68
61 68
60 68
59 68
58 68
57 68
56 68
55 68
54 68
53 68
52 68
51 68
50 68
51 67
52 67
53 67
54 67
55 67
56 67
57 67
58 67
59 67
60 67
61 67
62 67
63 67
64 67
65 67
66 67
67 67
68 67
69 67
70 67
71 67
72 67
73 67
74 67
75 67
76 67
77 67
78 67
79 67
79 66
79 65
79 64
79 63
78 63
78 62
77 62
77 61
76 61
76 60
75 60
75 59
74 59
74 58
73 58
73 57
72 57
72 56
71 56
71 55
70 55
70 54
69 54
69 53
68 53
68 52
67 52
67 51
66 51
65 50
64 49
63 48
62 47
61 46
60 45
59 44
58 43
57 42
56 41
55 40
54 39
53 38
52 37
51 36
50 35
79 62
79 61
79 60
79 59
79 58
78 58
78 57
77 57
77 56
76 56
76 55
75 55
75 54
74 54
74 53
73 53
73 52
72 52
72 51
71 51
71 50
70 50
70 49
69 49
69 48
68 48
68 47
67 47
67 46
66 46
66 45
65 45
65 44
64 44
64 43
63 43
63 42
62 42
61 41
60 40
59 39
58 38
57 37
56 36
55 35
54 34
53 33
52 32
78 68
77 68
76 68
75 68
74 68
73 68
72 68
71 68
77 69
76 70
75 71
80 68
81 69
82 70
83 71
84 72
85 73
86 73
87 73
88 73
89 73
90 73
91 73
92 73
93 73
94 73
95 73
96 73
86 74
86 75
87 75
86 76
86 77
86 78
86 79
86 80
86 81
86 82
86 83
86 84
85 84
84 83
83 82
82 81
81 80
80 79
79 78
78 77
77 76
76 75
75 74
86 85
86 86
87 86
86 87
86 88
86 89
88 87
89 88
90 88
90 87
90 86
90 85
90 84
90 83
90 82
90 81
90 80
90 79
91 79
90 78
89 77
88 76
92 80
93 81
94 82
95 83
96 84
97 85
98 86
99 87
100 88
101 89
102 89
103 89
104 89
105 89
106 89
107 89
108 89
109 89
110 89
111 89
112 89
113 89
114 89
115 89
90 89
67 66
66 65
65 64
64 63
63 62
62 61
61 60
60 59
59 58
58 57
57 56
56 55
55 54
54 53
53 52
52 51
51 50
50 49
49 48
48 47
47 47
46 47
45 47
44 47
43 47
42 46
41 45
40 44
39 43
38 42
37 41
36 40
48 46
48 45
48 44
48 43
48 42
48 41
48 40
48 39
48 38
47 37
46 36
50 66
49 65
48 64
47 63
46 62
45 61
44 60
43 59
42 58
41 57
40 56
39 55
38 54
37 53
36 52
35 51
34 50
33 49
32 48
31 47
73 75
73 76
73 77
73 78
73 79
73 80
73 81
73 82
73 83
73 84
73 85
73 86
73 87
73 88
73 89
86 91
86 92
86 93
86 94
86 95
86 96
86 97
86 98
85 98
84 98
83 98
82 98
81 98
80 98
79 98
78 98
77 98
76 98
75 98
74 98
73 98
72 98
71 98
70 98
69 98
68 98
67 98
66 98
65 98
64 98
63 98
62 98
61 98
60 98
59 98
58 98
57 98
56 98
55 98
54 98
53 98
52 98
51 98
50 98
49 98
48 98
47 98
46 98
45 98
44 98
43 98
42 98
41 98
40 98
39 98
38 98
37 98
36 98
35 98
34 98
33 98
32 98
31 98
30 98
86 99
87 98
88 98
89 98
90 98
91 98
92 98
93 98
94 98
95 98
96 98
97 98
98 98
99 98
100 98
101 98
102 98
103 98
104 98
105 98
106 98
107 98
108 98
109 98
110 98
111 98
112 98
113 98
113 97
114 96
115 95
116 94
117 93
118 92
119 91
121 90
120 89
120 88
119 88
118 87
117 86
116 85
115 84
114 83
113 82
112 81
111 80
110 79
109 78
108 77
107 76
106 75
105 74
104 73
103 72
102 71
101 70
100 69
99 68
98 67
97 66
96 65
95 64
94 63
93 62
92 61
91 60
90 59
89 58
88 57
87 56
86 55
85 54
84 53
83 52
82 51
81 50
80 49
79 48
78 47
77 46
76 45
75 44
74 43
73 42
72 41
71 40
70 39
69 38
68 37
67 36
66 35
65 34
64 33
63 32
62 31
61 30
120 87
121 87
121 86
120 86
120 85
120 84
120 83
120 82
120 81
121 81
120 80
120 79
119 79
118 78
117 77
116 76
115 75
114 74
120 78
120 77
120 76
119 76
118 75
117 74
116 73
115 72
114 71
113 70
112 69
111 68
110 67
109 66
108 65
107 64
106 63
105 62
104 61
103 60
102 59
101 58
100 57
99 56
98 55
97 54
96 53
97 52
96 51
95 50
94 49
93 48
92 47
91 46
90 45
89 44
88 43
87 42
86 41
85 40
84 39
83 38
82 37
81 36
80 35
79 34
98 53
99 54
100 55
101 56
102 57
103 58
104 59
105 60
106 61
107 62
108 63
109 64
110 65
111 66
112 67
113 68
114 69
115 70
116 71
117 72
118 73
119 74
120 74
120 73
120 72
121 72
120 71
120 70
121 70
120 69
120 68
120 67
120 66
120 65
119 65
118 64
117 63
116 62
115 61
114 60
120 64
120 63
120 62
120 61
120 60
120 59
121 59
121 58
120 58
120 57
119 57
118 56
117 55
116 54
115 53
114 52
113 51
112 50
111 49
110 48
109 47
108 46
107 45
106 44
105 43
104 42
103 41
102 40
101 39
100 38
99 37
98 36
97 35
96 34
120 56
120 55
120 54
120 53
120 52
119 52
118 51
117 50
116 49
115 48
114 47
120 51
120 50
120 49
120 48
121 48
120 47
120 46
120 45
120 44
120 43
120 42
120 41
119 41
118 40
117 39
116 38
115 37
114 36
113 35
112 34
120 40
120 39
120 38
121 37
122 36
123 35
124 34
122 47
123 46
124 45
125 44
126 43
127 42
128 41
129 40
130 39
131 38
132 37
133 36
134 35
135 34
122 58
122 57
123 57
123 56
124 56
124 55
125 55
125 54
126 54
126 53
127 53
127 52
128 52
128 51
129 51
129 50
130 50
131 49
132 48
133 47
134 46
135 45
136 44
137 43
138 42
139 41
140 40
141 39
142 38
143 37
144 36
145 35
146 34
122 69
123 68
124 67
125 66
126 65
127 64
128 63
129 62
130 61
131 60
132 59
133 58
134 57
135 56
136 55
137 54
138 53
139 52
140 51
141 50
142 49
143 48
144 47
145 46
146 45
147 44
148 43
149 42
150 41
151 40
152 39
153 38
154 37
155 36
156 35
157 34
146 47
145 48
144 49
143 50
142 51
141 52
140 53
139 54
138 55
137 56
136 57
135 58
134 59
133 60
132 61
131 62
130 63
129 64
128 65
127 66
126 67
125 68
124 69
123 70
122 71
120 75
122 80
123 79
124 78
125 77
126 76
127 75
128 74
129 73
130 72
131 71
132 70
133 69
134 68
135 67
136 66
137 65
138 64
139 63
140 62
141 61
142 60
143 59
122 86
122 85
123 85
123 84
124 84
124 83
125 83
125 82
126 82
126 81
127 81
127 80
128 80
128 79
129 79
129 78
130 78
130 77
131 77
131 76
132 76
132 75
133 75
134 74
135 73
136 72
137 71
138 70
139 69
140 68
141 67
142 66
143 65
144 64
145 63
146 62
147 61
148 60
149 59
150 58
151 57
152 56
153 55
154 54
155 53
156 52
157 51
158 50
159 49
160 48
161 47
162 46
163 45
164 44
165 43
166 42
167 41
168 40
169 39
170 38
171 37
172 36
173 35
174 34
175 33
176 32
121 91
122 90
123 90
124 90
125 90
126 90
127 90
128 90
129 90
130 90
131 90
132 90
133 90
134 90
135 90
136 90
137 90
138 90
139 90
140 90
141 90
142 90
143 90
144 90
145 90
146 90
147 90
148 90
149 90
150 90
151 90
152 90
153 90
154 90
155 90
156 90
157 90
158 90
159 90
160 90
161 90
162 90
163 90
164 90
165 90
166 90
167 90
168 90
169 90
170 90
171 90
172 90
173 90
174 90
175 90
176 90
177 90
178 90
179 90
180 90
181 90
182 90
183 90
184 90
185 90
186 90
187 90
188 90
189 90
190 90
191 90
192 90
193 90
194 90
195 90
196 90
197 90
198 90
199 90
200 90
201 90
202 90
203 90
204 90
205 90
206 90
207 90
208 90
209 90
210 90
211 90
212 90
213 89
214 88
215 87
202 89
203 88
204 87
205 86
206 85
207 84
208 83
209 82
210 81
211 80
212 79
213 78
214 77
215 76
199 89
200 88
201 87
202 86
203 85
204 84
189 89
190 88
191 87
192 86
193 85
194 84
195 83
196 82
197 81
198 80
199 79
200 78
201 77
202 76
203 75
204 74
205 73
206 72
207 71
208 70
209 69
210 68
211 67
212 66
213 65
214 64
215 63
184 89
185 88
186 87
187 86
188 85
189 84
190 83
191 82
192 81
193 80
194 79
195 78
196 77
197 76
198 75
199 74
200 73
201 72
202 71
203 70
204 69
175 89
174 89
175 88
176 88
176 87
177 87
177 86
178 86
178 85
179 85
179 84
180 84
180 83
181 83
181 82
182 82
183 81
184 80
185 79
186 78
187 77
188 76
189 75
190 74
191 73
192 72
193 71
194 70
195 69
196 68
197 67
198 66
199 65
200 64
201 63
202 62
203 61
204 60
205 59
206 58
207 57
208 56
209 55
210 54
211 53
212 52
213 51
214 50
162 89
163 88
164 87
165 86
166 85
167 84
168 83
169 82
170 81
171 80
172 79
173 78
174 77
175 76
176 75
177 74
178 73
179 72
180 71
181 70
182 69
183 68
184 67
185 66
186 65
187 64
188 63
189 62
190 61
191 60
192 59
193 58
194 57
195 56
196 55
197 54
198 53
199 52
200 51
201 50
202 49
160 89
159 88
158 89
160 87
161 86
162 85
163 84
164 83
165 82
166 81
167 80
168 79
169 78
170 77
171 76
172 75
173 74
174 73
175 72
176 71
177 70
178 69
179 68
180 67
181 66
146 89
145 88
144 87
143 88
142 89
144 89
145 86
146 85
147 84
148 83
149 82
150 81
151 80
152 79
153 78
154 77
155 76
156 75
157 74
158 73
159 72
160 71
161 70
162 69
163 68
164 67
165 66
166 65
167 64
168 63
169 62
170 61
171 60
172 59
173 58
174 57
175 56
176 55
177 54
178 53
179 52
180 51
181 50
160 73
159 74
158 75
157 76
156 77
155 78
154 79
153 80
152 81
151 82
150 83
149 84
148 85
147 86
146 87
147 88
148 87
149 86
150 85
151 84
152 83
153 82
154 81
155 80
156 79
157 78
158 77
159 76
160 75
161 74
162 73
163 72
164 71
165 70
166 69
167 68
168 67
169 66
170 65
171 64
172 63
173 62
174 61
175 60
176 59
177 58
178 57
179 56
180 55
181 54
182 53
183 52
184 51
185 50
186 49
187 48
188 47
189 46
190 45
191 44
192 43
193 42
194 41
195 40
196 39
139 89
138 88
137 89
139 87
140 86
141 85
142 84
143 83
144 82
145 81
146 80
147 79
148 78
149 77
150 76
151 75
152 74
153 73
154 72
155 71
156 70
157 69
158 68
159 67
160 66
161 65
162 64
163 63
164 62
165 61
166 60
167 59
168 58
169 57
170 56
171 55
172 54
173 53
174 52
175 51
176 50
177 49
178 48
179 47
180 46
181 45
182 44
183 43
184 42
185 41
186 40
187 39
188 38
189 37
132 89
131 89
132 88
133 88
133 87
134 87
134 86
135 86
135 85
136 85
136 84
137 84
137 83
138 83
138 82
139 82
139 81
140 81
140 80
141 80
141 79
142 79
142 78
143 78
143 77
144 77
144 76
145 76
145 75
146 75
146 74
147 73
148 72
149 71
150 70
151 69
152 68
153 67
154 66
155 65
156 64
157 63
158 62
159 61
160 60
161 59
162 58
163 57
164 56
165 55
166 54
167 53
168 52
169 51
170 50
171 49
172 48
173 47
174 46
175 45
176 44
177 43
178 42
179 41
180 40
181 39
182 38
183 37
184 36
185 35
186 34
187 33
127 89
126 89
127 88
128 87
129 86
130 85
131 84
132 83
133 82
134 81
135 80
136 79
137 78
138 77
139 76
140 75
141 74
142 73
143 72
144 71
145 70
146 69
147 68
148 67
149 66
150 65
151 64
152 63
153 62
154 61
155 60
156 59
157 58
158 57
159 56
160 55
161 54
123 89
124 88
125 87
126 86
127 85
128 84
129 83
130 82
131 81
132 80
133 79
134 78
135 77
136 76
137 75
138 74
139 73
140 72
141 71
142 70
143 69
144 68
145 67
146 66
147 65
148 64
149 63
150 62
151 61
152 60
153 59
154 58
155 57
156 56
157 55
158 54
159 53
160 52
161 51
162 50
163 49
164 48
165 47
166 46
167 45
168 44
169 43
122 92
123 93
124 94
125 95
126 96
127 97
128 97
129 97
130 97
131 97
132 97
133 97
134 97
135 97
136 97
137 97
138 97
139 97
140 97
141 97
142 97
143 97
144 97
145 97
146 97
147 97
148 97
149 97
150 97
151 97
152 97
153 97
154 97
155 97
156 97
157 97
158 97
159 97
160 97
161 97
162 97
163 97
164 97
165 97
166 97
167 97
168 97
169 97
170 97
171 97
172 97
173 97
174 97
175 97
176 97
177 97
178 97
179 97
180 97
181 97
182 97
183 97
184 97
185 97
186 97
187 97
188 97
189 97
190 97
191 97
192 97
193 97
194 97
181 98
180 98
179 98
178 98
177 98
176 98
175 98
174 98
173 98
172 98
171 98
170 98
169 98
168 98
167 98
166 98
165 98
164 98
163 98
162 98
161 98
160 98
159 98
158 98
157 98
156 98
155 98
154 98
153 98
152 98
151 98
150 98
149 98
148 98
147 98
146 98
145 98
144 98
143 98
142 98
141 98
140 98
139 98
138 98
137 98
136 98
135 98
134 98
133 98
132 98
131 98
130 98
129 98
128 98
129 99
130 99
131 99
132 99
133 99
134 99
135 99
136 99
137 99
138 99
139 99
140 99
141 99
142 99
143 99
144 99
145 99
146 99
147 99
148 99
149 99
150 99
151 99
152 99
153 99
154 99
155 99
156 99
157 99
158 99
159 99
160 99
161 99
162 99
163 99
164 99
165 99
166 99
167 99
168 99
169 99
170 99
171 99
172 99
173 99
174 99
175 99
176 99
177 99
178 99
179 99
180 99
181 99
182 99
183 99
184 99
185 99
186 99
187 99
188 99
189 99
190 99
191 99
192 99
193 99
194 99
195 99
196 99
197 99
198 99
199 99
200 99
201 99
202 99
203 99
204 99
205 99
130 100
131 101
132 102
133 103
134 104
135 105
136 105
137 105
138 105
139 105
140 105
141 105
142 105
143 105
144 105
145 105
146 105
147 105
148 105
149 105
150 105
151 105
152 105
153 105
154 105
155 105
156 105
157 105
158 105
136 106
137 107
136 108
135 108
134 108
133 108
132 108
131 108
130 108
129 108
128 108
127 108
126 108
125 108
124 108
123 108
122 108
121 108
120 108
119 107
118 106
117 105
116 104
115 103
114 103
113 103
113 102
114 102
113 101
113 100
112 100
111 99
110 100
109 101
108 102
107 103
107 104
106 104
105 104
105 105
104 105
103 105
102 105
101 105
100 105
99 105
98 105
97 105
96 105
95 105
94 105
93 105
92 105
91 105
90 105
89 105
88 105
87 105
86 105
85 105
84 105
83 105
82 105
81 105
80 105
79 105
78 105
77 105
76 105
75 105
74 105
73 105
72 105
71 105
70 105
90 104
90 103
90 102
90 101
90 100
90 99
90 106
90 107
90 108
90 109
89 109
88 109
87 109
86 109
85 109
84 109
83 109
82 109
81 109
80 109
79 109
78 109
77 109
76 109
75 109
74 109
73 109
72 109
71 109
70 109
69 109
68 109
67 109
66 109
65 109
64 109
63 109
62 109
61 109
60 109
59 109
58 109
57 109
56 109
55 109
54 109
53 109
52 109
51 109
50 109
49 109
48 109
47 109
46 109
45 109
44 109
43 109
42 109
41 109
40 109
39 109
38 109
37 109
36 109
35 109
34 109
33 109
32 109
31 109
50 110
51 110
52 110
53 110
54 110
55 110
56 110
57 110
58 110
59 110
60 110
61 110
62 110
63 110
64 110
65 110
66 110
67 110
68 110
69 110
70 110
71 110
72 110
73 110
74 110
75 110
76 110
77 110
78 110
79 110
80 110
81 110
82 110
83 110
84 110
85 110
86 110
87 110
88 110
89 110
90 110
91 110
92 110
93 110
94 110
95 110
96 110
97 110
98 110
99 110
100 110
100 109
99 109
98 109
97 109
96 109
95 109
94 109
93 109
92 109
91 109
101 109
102 109
102 108
102 107
103 107
102 106
104 106
102 110
102 111
102 112
102 113
102 114
99 111
99 112
98 112
97 113
96 114
96 115
95 115
94 116
93 117
92 118
91 119
90 120
89 121
88 122
87 123
86 123
85 123
84 123
83 123
82 123
81 123
80 123
79 123
78 123
77 123
76 123
75 123
74 123
73 123
72 123
71 123
86 124
86 125
85 125
84 126
83 127
82 128
81 128
80 128
79 128
78 128
77 128
76 128
75 128
74 128
73 128
72 128
71 128
70 128
69 128
68 128
67 128
66 128
65 128
64 128
63 128
62 128
61 128
60 128
59 128
58 128
57 128
56 128
55 128
54 128
53 128
52 128
51 128
50 128
49 128
48 128
47 128
46 128
45 128
44 128
43 128
42 128
41 128
40 128
39 128
38 128
37 128
36 128
35 128
34 128
33 128
32 128
31 128
30 128
81 129
80 130
79 130
78 130
77 130
76 130
75 130
74 130
73 130
72 130
71 130
70 130
69 130
68 130
67 130
66 130
65 130
64 130
63 130
62 130
61 130
60 130
59 130
58 130
57 130
56 130
55 130
54 130
53 130
52 130
51 130
50 130
49 130
48 130
79 131
78 132
77 133
76 134
75 135
74 136
73 136
72 136
71 136
70 136
69 136
68 136
67 136
66 136
65 136
64 136
63 136
62 136
61 136
60 136
59 136
58 136
57 136
56 136
55 136
54 136
53 136
52 136
51 136
50 136
49 136
48 136
47 136
46 136
45 136
44 136
43 136
42 136
41 136
40 136
39 136
38 136
37 136
36 136
73 137
72 138
71 139
70 140
69 141
68 141
67 141
66 141
65 141
64 141
63 141
62 141
61 141
60 141
59 141
58 141
57 141
56 141
55 141
54 141
53 141
52 141
51 141
50 141
49 141
48 141
47 141
48 142
49 142
50 142
51 142
52 142
53 142
54 142
55 142
56 142
57 142
58 142
59 142
60 142
61 142
62 142
63 142
64 142
65 142
66 142
67 142
68 142
67 143
66 143
65 143
64 143
63 143
62 143
61 143
60 143
59 143
58 143
57 143
56 143
55 143
54 143
53 143
66 144
65 145
64 146
63 147
62 148
61 149
60 149
59 149
58 149
57 149
56 149
55 149
86 126
86 127
86 128
86 129
86 130
86 131
86 132
86 133
86 134
86 135
86 136
86 137
86 138
86 139
86 140
86 141
86 142
86 143
86 144
96 116
96 117
96 118
96 119
96 120
96 121
96 122
96 123
96 124
96 125
96 126
96 127
96 128
99 113
99 114
99 115
99 116
99 117
99 118
99 119
99 120
99 121
99 122
99 123
99 124
99 125
99 126
99 127
99 128
99 129
99 130
99 131
99 132
99 133
99 134
99 135
99 136
99 137
99 138
99 139
99 140
99 141
99 142
99 143
99 144
90 111
102 104
102 103
102 102
103 102
102 101
102 100
101 100
100 99
102 99
104 103
106 105
107 106
108 107
109 108
110 109
111 110
112 111
113 111
114 111
114 110
113 110
113 109
114 109
114 108
113 108
113 107
114 107
114 106
113 106
113 105
114 105
114 104
113 104
112 104
111 104
110 104
109 104
108 104
114 112
113 112
113 113
114 113
114 114
113 114
113 115
114 115
114 116
113 116
113 117
114 117
114 118
113 118
113 119
114 119
114 120
113 120
113 121
114 121
114 122
113 122
113 123
114 123
114 124
113 124
113 125
114 125
114 126
113 126
113 127
114 127
114 128
113 128
113 129
114 129
114 130
113 130
113 131
114 131
113 132
113 133
113 134
113 135
113 136
113 137
113 138
113 139
113 140
113 141
113 142
113 143
115 114
116 115
117 116
118 117
119 118
120 119
121 120
122 121
123 122
124 123
125 124
126 125
127 126
128 126
129 126
130 126
131 126
132 126
133 126
134 126
135 126
136 126
137 125
136 124
135 123
134 122
133 121
132 121
132 120
131 119
130 118
129 117
128 116
127 115
126 114
125 113
124 112
123 111
122 110
121 109
132 122
132 123
132 124
132 125
138 126
139 127
140 128
141 129
142 130
143 131
144 132
145 133
146 134
147 135
148 136
149 137
150 138
151 139
152 140
153 141
154 142
155 143
156 144
157 145
158 146
159 147
160 148
161 148
162 148
163 148
164 148
165 148
166 148
132 127
132 128
132 129
132 130
131 130
130 129
129 128
128 127
132 131
132 132
133 132
132 133
132 134
132 135
132 136
132 137
132 138
132 139
132 140
132 141
132 142
132 143
132 144
134 133
135 134
136 135
137 136
138 137
139 138
140 139
141 140
142 141
143 142
144 143
145 144
146 144
147 144
148 144
149 144
150 144
151 144
113 99
138 108
139 109
140 110
141 111
142 111
143 111
144 111
145 111
146 111
147 111
148 111
149 111
150 111
151 111
152 111
153 111
154 111
155 111
156 111
157 111
158 111
159 111
160 111
161 111
162 111
163 111
164 111
165 111
166 111
167 111
168 111
169 111
170 111
171 111
172 111
173 111
174 111
175 111
176 111
177 111
178 111
179 111
180 111
181 111
182 111
183 111
184 111
185 111
186 111
187 111
188 111
189 111
190 111
191 111
192 111
193 111
194 111
195 111
196 111
197 111
197 112
196 112
195 112
194 112
193 112
192 112
191 112
190 112
189 112
188 112
187 112
186 112
185 112
184 112
183 112
182 112
181 112
180 112
179 112
178 112
177 112
176 112
175 112
174 112
173 112
172 112
171 112
170 112
169 112
168 112
167 112
166 112
165 112
164 112
163 112
162 112
161 112
160 112
159 112
158 112
157 112
156 112
155 112
154 112
153 112
152 112
151 112
150 112
149 112
148 112
147 112
146 112
145 112
144 112
143 112
142 112
143 113
144 114
145 115
146 115
147 115
148 115
149 115
150 115
151 115
152 115
153 115
154 115
155 115
156 115
157 115
158 115
159 115
160 115
161 115
162 115
163 115
164 115
165 115
166 115
167 115
168 115
169 115
170 115
171 115
172 115
173 115
174 115
175 115
176 115
177 115
178 115
179 115
180 115
181 115
146 116
147 117
148 118
149 119
150 120
151 121
152 122
153 123
154 123
155 123
156 123
156 124
155 124
154 124
155 125
156 125
157 125
158 125
159 125
160 125
161 125
162 125
163 125
164 125
165 125
166 125
167 125
168 125
168 124
167 124
166 124
165 124
164 124
163 124
162 124
161 124
160 124
159 124
158 124
157 124
169 124
170 124
171 124
172 124
173 124
174 124
175 124
176 124
177 124
178 124
179 124
180 124
181 124
182 124
183 124
184 124
185 124
186 124
187 124
188 124
189 124
190 124
191 124
192 124
193 124
194 124
195 124
196 124
197 124
198 124
199 124
200 124
201 124
202 124
203 124
204 124
205 124
206 124
207 124
208 124
209 124
210 124
211 124
212 124
213 124
214 124
215 124
168 126
167 126
166 126
165 126
164 126
163 126
162 126
161 126
160 126
159 126
158 126
157 126
156 126
157 127
158 128
159 129
160 130
161 131
162 132
163 133
164 134
165 135
166 135
167 135
168 135
169 135
170 135
171 135
172 135
173 135
174 135
175 135
176 135
177 135
178 135
179 135
180 135
181 135
182 135
183 135
184 135
185 135
186 135
187 135
188 135
189 135
190 135
191 135
192 135
193 135
194 135
195 135
196 135
197 135
198 135
199 135
200 135
201 135
202 135
203 135
204 135
205 135
181 136
180 136
179 136
178 136
177 136
176 136
175 136
174 136
173 136
172 136
171 136
170 136
169 136
168 136
167 136
166 136
167 137
168 137
169 137
170 137
171 137
172 137
173 137
174 137
175 137
176 137
177 137
178 137
179 137
180 137
181 137
182 137
183 137
184 137
185 137
186 137
187 137
188 137
189 137
190 137
191 137
192 137
193 137
194 137
168 138
169 139
170 140
171 141
172 141
173 141
174 141
175 141
176 141
177 141
178 141
179 141
180 141
181 141
182 141
183 141
184 141
185 141
186 141
187 141
188 141
189 141
190 141
191 141
192 141
172 142
173 143
174 144
175 145
176 146
177 147
178 147
179 147
180 147
181 147
182 147
183 147
184 147
185 147
184 148
183 148
182 148
181 148
180 148
179 148
178 148
179 149
180 150
169 126
170 126
171 126
172 126
173 126
174 126
175 126
176 126
177 126
178 126
179 126
180 126
181 126
182 126
183 126
184 126
185 126
186 126
187 126
188 126
189 126
190 126
191 126
192 126
198 112
199 112
200 112
201 112
202 112
203 112
204 112
205 112
206 112
207 112
208 112
209 112
210 112
211 112
212 112
109 97
108 96
107 95
106 94
105 93
104 92
103 91
102 91
102 92
102 93
102 94
102 95
102 96
102 97
98 97
97 96
96 95
95 94
94 93
93 92
92 91
90 97
90 96
90 95
90 94
90 93
90 92
90 91
112
94 90
62 90
31 87
31 75
51 89
31 63
65 77
50 68
79 67
67 51
50 35
63 42
52 32
96 73
80 79
115 89
65 64
48 47
36 40
46 36
31 47
73 89
30 98
86 99
82 51
61 30
114 74
96 53
79 34
114 60
96 34
114 47
112 34
124 34
135 34
129 50
146 34
129 62
157 34
146 47
143 59
132 75
176 32
215 87
215 76
204 84
215 63
204 69
181 82
214 50
202 49
160 89
181 66
181 50
160 73
196 39
139 89
189 37
146 75
187 33
127 89
161 54
169 43
194 97
181 98
205 99
147 105
158 105
136 108
70 105
31 109
50 110
102 114
71 123
83 127
30 128
48 130
36 136
47 141
48 142
53 143
66 144
55 149
86 144
96 128
99 144
90 111
102 100
114 104
114 119
114 131
113 143
136 126
166 148
132 144
151 144
197 111
181 115
156 123
168 125
204 124
215 124
205 135
181 136
167 136
194 137
192 141
185 147
184 148
180 150
192 126
212 112
