3039
119 90
118 90
117 90
116 90
115 90
114 90
113 90
112 90
111 90
110 90
109 90
108 90
107 90
106 90
105 90
104 90
103 90
102 90
101 90
100 90
99 90
98 90
97 90
96 90
95 90
94 90
93 90
92 90
91 90
90 90
89 90
88 90
87 90
86 90
85 90
84 90
83 90
82 90
81 90
80 90
79 90
78 90
77 90
76 90
75 90
74 90
73 90
72 90
71 90
70 90
69 90
68 90
67 90
66 90
65 90
64 90
63 90
62 90
61 90
60 90
59 90
58 90
57 90
56 90
55 90
54 90
53 90
52 90
51 90
50 90
49 90
48 90
47 90
46 90
45 90
44 90
43 90
42 90
41 90
40 90
39 90
38 90
37 90
36 89
35 88
34 87
33 86
32 85
31 84
57 89
56 88
55 87
54 86
53 85
52 84
51 83
50 82
49 81
48 80
47 79
46 78
45 77
44 76
43 75
42 74
41 73
40 72
39 71
38 70
37 69
36 68
35 67
34 66
33 65
32 64
31 63
82 89
82 88
82 87
82 86
82 85
82 84
82 83
83 83
82 82
82 81
81 81
80 80
79 79
78 78
77 77
76 76
75 75
74 74
73 73
72 72
71 72
71 71
71 70
70 70
69 69
68 69
67 69
66 69
65 69
64 69
63 69
62 69
61 69
60 69
59 69
58 69
57 69
56 69
55 69
54 69
53 69
52 69
51 69
50 69
49 69
48 69
68 68
69 68
70 67
71 67
72 67
72 66
71 66
70 66
69 66
68 66
67 66
66 66
65 66
64 66
63 66
62 66
61 66
60 66
59 66
58 66
57 66
56 66
55 66
54 66
53 66
52 66
51 66
50 66
49 66
48 65
47 64
46 63
45 62
44 61
43 60
42 59
41 58
40 57
39 56
38 55
37 54
36 53
35 52
34 51
33 50
32 49
31 48
30 47
59 65
58 64
57 63
56 62
55 61
54 60
53 59
52 58
51 57
50 56
49 55
48 54
47 53
46 52
45 51
44 50
43 49
42 48
41 47
40 46
39 45
38 44
37 43
36 42
35 41
65 65
64 64
63 63
62 62
61 61
60 60
59 59
58 58
57 57
56 56
55 55
54 54
53 53
52 52
51 51
50 50
49 49
48 48
67 67
71 65
71 64
71 63
71 62
70 62
69 61
68 60
67 59
66 58
65 57
64 56
63 55
62 54
61 53
60 52
59 51
58 50
57 49
56 48
55 47
54 46
53 45
52 44
51 43
50 42
49 41
48 40
47 39
46 38
45 37
71 61
71 60
71 59
70 59
69 58
68 57
67 56
66 55
65 54
64 53
63 52
62 51
61 50
60 49
59 48
58 47
57 46
56 45
55 44
54 43
53 42
52 41
51 40
50 39
49 38
48 37
47 36
71 58
71 57
71 56
71 55
70 55
69 54
68 53
67 52
66 51
65 50
64 49
63 48
62 47
61 46
60 45
59 44
58 43
57 42
56 41
55 40
54 39
53 38
52 37
51 36
50 35
49 34
71 54
71 53
71 52
71 51
70 51
69 50
68 49
67 48
66 47
65 46
64 45
63 44
71 50
73 66
74 66
75 66
76 66
77 65
78 64
79 63
80 62
81 61
82 60
71 68
71 69
73 68
74 69
75 70
76 71
77 72
78 73
79 74
80 74
81 74
82 74
83 74
84 74
85 74
86 74
87 74
88 74
89 74
90 74
91 74
92 74
80 75
81 76
82 77
82 78
83 78
82 79
82 80
84 79
85 80
86 81
87 82
88 83
89 84
90 85
91 86
92 87
93 88
92 89
91 89
90 89
89 89
88 88
87 87
86 86
85 85
84 84
94 89
95 89
96 89
97 89
98 89
99 89
100 89
101 89
102 89
103 89
104 89
105 89
106 89
107 89
108 89
109 89
110 89
111 89
112 89
113 89
71 73
71 74
71 75
71 76
71 77
71 78
71 79
71 80
71 81
71 82
71 83
71 84
71 85
71 86
71 87
82 91
82 92
82 93
82 94
82 95
82 96
82 97
81 97
80 97
79 97
78 97
77 97
76 97
75 97
74 97
73 97
72 97
71 97
70 97
69 97
68 97
67 97
66 97
65 97
64 97
63 97
62 97
61 97
60 97
59 97
58 97
57 97
56 97
55 97
54 97
53 97
52 97
51 97
50 97
49 97
48 97
47 97
46 97
45 97
44 97
43 97
42 97
41 97
40 97
39 97
38 97
37 97
36 97
35 97
34 97
33 97
32 97
31 97
82 98
82 99
82 100
82 101
83 97
84 97
85 97
86 97
87 97
88 97
89 97
90 97
91 97
92 97
93 97
94 97
95 97
96 97
97 97
98 97
99 97
100 97
101 97
102 97
103 97
104 97
105 97
106 97
107 97
108 97
109 97
110 97
111 97
112 97
113 97
112 98
111 99
110 100
109 101
108 102
107 102
107 103
108 103
109 104
110 105
111 106
112 107
112 108
113 108
112 109
112 110
111 110
110 110
109 109
108 108
107 107
106 106
105 105
104 104
103 103
102 102
101 102
101 101
101 100
100 100
99 99
98 98
101 99
101 98
101 103
101 104
101 105
101 106
101 107
101 108
100 108
99 108
98 108
97 108
96 108
95 108
94 108
93 108
92 108
91 108
90 108
89 108
88 108
87 108
86 108
85 108
84 108
83 108
82 108
81 108
80 108
79 108
78 108
77 108
76 108
75 108
74 108
73 108
72 108
71 108
70 108
101 109
101 110
100 110
99 110
98 110
97 110
96 110
95 110
94 110
93 110
92 110
91 110
90 110
89 110
88 110
87 110
86 110
85 110
84 110
83 110
82 110
81 110
80 110
79 110
78 110
77 110
76 110
75 110
74 110
73 110
72 110
71 110
70 110
69 110
68 110
67 110
66 110
65 110
64 110
63 110
62 110
61 110
60 110
59 110
58 110
57 110
56 110
55 110
54 110
53 110
52 110
51 110
50 110
49 110
48 110
47 110
46 110
45 110
44 110
43 110
42 110
41 110
40 110
39 110
38 110
37 110
36 110
35 110
34 110
33 110
32 110
99 111
98 112
97 113
96 114
96 115
95 115
95 116
94 116
93 116
92 116
91 116
90 116
89 116
88 116
93 117
93 118
92 118
91 119
90 120
89 121
88 122
87 123
86 124
85 125
84 126
83 126
82 126
81 126
80 126
79 126
78 126
77 126
76 126
75 126
74 126
73 126
72 126
71 126
70 126
83 127
83 128
82 128
81 128
80 128
79 128
78 128
77 128
76 128
75 128
74 128
73 128
72 128
71 128
70 128
69 128
68 128
67 128
66 128
65 128
64 128
63 128
62 128
61 128
60 128
59 128
58 128
57 128
56 128
55 128
54 128
53 128
52 128
51 128
50 128
49 128
48 128
47 128
46 128
45 128
44 128
43 128
42 128
41 128
40 128
39 128
38 128
37 128
36 128
35 128
34 128
33 128
32 128
31 128
30 128
48 129
49 129
50 129
51 129
52 129
53 129
54 129
55 129
56 129
57 129
58 129
59 129
60 129
61 129
62 129
63 129
64 129
65 129
66 129
67 129
68 129
69 129
70 129
71 129
72 129
73 129
74 129
75 129
76 129
77 129
78 129
79 129
80 129
81 129
82 129
83 129
83 130
82 130
82 131
83 131
82 132
82 133
82 134
82 135
82 136
82 137
82 138
82 139
82 140
82 141
82 142
82 143
82 144
80 130
79 131
78 132
77 133
76 134
75 135
74 136
73 136
72 136
71 136
70 136
69 136
68 136
67 136
66 136
65 136
64 136
63 136
62 136
61 136
60 136
59 136
58 136
57 136
56 136
55 136
54 136
53 136
52 136
51 136
50 136
49 136
48 136
47 136
46 136
45 136
44 136
43 136
42 136
41 136
40 136
39 136
38 136
37 136
36 136
35 136
37 137
38 137
39 137
40 137
41 137
42 137
43 137
44 137
45 137
46 137
47 137
48 137
49 137
50 137
51 137
52 137
53 137
54 137
55 137
56 137
57 137
58 137
59 137
60 137
61 137
62 137
63 137
64 137
65 137
66 137
67 137
68 137
69 137
70 137
71 137
72 137
73 137
72 138
71 139
71 140
70 140
69 140
68 140
67 140
66 140
65 140
64 140
63 140
62 140
61 140
60 140
59 140
58 140
57 140
56 140
55 140
54 140
53 140
52 140
51 140
50 140
49 140
48 140
47 140
46 140
45 140
44 140
48 141
49 141
50 141
51 141
52 141
53 141
54 141
55 141
56 141
57 141
58 141
59 141
60 141
61 141
62 141
63 141
64 141
65 141
66 141
67 141
68 141
69 141
68 142
67 143
66 143
65 143
64 143
63 143
62 143
61 143
60 143
59 143
58 143
57 143
56 143
55 143
54 143
53 143
52 143
51 143
50 143
49 143
50 144
51 144
52 144
53 144
54 144
55 144
56 144
57 144
58 144
59 144
60 144
61 144
62 144
63 144
64 144
65 144
66 144
65 145
64 145
63 145
62 145
61 145
60 145
59 145
58 145
57 145
56 145
71 141
71 142
71 143
93 119
93 120
93 121
93 122
93 123
93 124
93 125
93 126
93 127
93 128
93 129
93 130
93 131
93 132
93 133
93 134
93 135
93 136
93 137
93 138
93 139
93 140
93 141
93 142
93 143
96 116
97 116
98 116
99 116
100 116
101 116
102 116
103 116
104 116
105 116
106 116
107 116
108 116
109 116
110 116
111 116
112 116
113 116
114 116
115 116
116 116
117 116
118 116
119 116
120 116
121 116
122 116
123 116
124 116
125 116
126 116
127 116
128 116
129 116
130 116
131 116
132 116
133 116
134 116
135 116
134 117
133 118
132 119
131 120
130 121
129 122
128 123
127 122
126 121
125 121
125 120
124 119
123 118
122 117
125 122
125 123
125 124
125 125
126 125
125 126
125 127
124 127
123 128
122 129
121 130
120 131
119 132
118 133
117 134
116 135
115 136
114 137
114 138
114 139
114 140
114 141
114 142
114 143
125 128
125 129
125 130
125 131
125 132
125 133
125 134
125 135
125 136
125 137
125 138
125 139
125 140
125 141
125 142
125 143
125 144
127 124
129 124
130 125
131 126
132 127
133 128
134 128
135 128
136 128
137 128
138 128
139 128
140 128
141 128
142 128
143 128
144 128
145 128
146 128
147 128
134 129
135 130
136 131
137 132
137 133
138 133
137 134
137 135
137 136
137 137
137 138
137 139
137 140
137 141
137 142
137 143
139 134
140 135
141 136
142 137
143 138
144 139
145 140
146 141
147 142
148 143
149 144
150 144
151 144
152 144
153 144
154 144
155 144
156 144
157 144
158 144
159 144
136 115
137 114
138 113
138 112
137 112
136 112
135 112
134 112
133 112
132 112
131 112
130 112
129 112
128 112
127 112
126 112
125 112
124 112
123 112
122 112
121 112
120 112
119 112
118 112
117 112
116 111
115 110
114 109
113 110
112 111
112 112
112 113
112 114
112 115
118 113
119 114
120 114
121 114
122 114
123 114
124 114
125 114
126 114
127 114
120 115
138 111
139 111
139 110
138 110
137 110
137 109
136 109
136 108
135 108
135 107
134 107
134 106
133 106
133 105
132 105
132 104
131 104
131 103
130 103
130 102
129 102
129 101
128 101
128 100
127 100
127 99
126 99
126 98
125 98
125 97
124 97
124 96
123 96
123 95
122 95
122 94
121 94
121 93
120 93
120 92
119 92
118 92
118 91
119 91
121 90
120 89
121 89
121 88
120 88
120 87
120 86
120 85
120 84
120 83
119 83
118 82
117 81
116 80
115 79
114 78
113 77
112 76
111 75
110 74
109 73
108 72
107 71
106 70
105 69
104 68
103 67
102 66
101 65
100 64
99 63
98 62
97 61
96 60
95 59
94 58
93 57
120 82
121 82
120 81
120 80
120 79
119 79
118 78
117 77
116 76
115 75
114 74
113 73
112 72
111 71
110 70
109 69
108 68
107 67
106 66
105 65
104 64
103 63
102 62
101 61
100 60
99 59
98 58
97 57
96 56
95 55
94 54
93 53
92 52
91 51
90 50
89 49
88 48
87 47
86 46
120 78
120 77
121 77
120 76
120 75
119 75
118 74
117 73
116 72
115 71
114 70
113 69
112 68
111 67
110 66
109 65
108 64
107 63
106 62
105 61
104 60
103 59
102 58
101 57
100 56
99 55
98 54
97 53
96 52
95 51
94 50
93 49
92 48
91 47
90 46
89 45
88 44
87 43
86 42
85 41
84 40
83 39
82 38
81 37
80 36
79 35
78 34
120 74
120 73
120 72
120 71
121 71
120 70
119 70
118 69
117 68
116 67
115 66
114 65
120 69
120 68
120 67
120 66
120 65
119 65
118 64
117 63
116 62
115 61
114 60
113 59
112 58
111 57
110 56
109 55
108 54
107 53
106 52
105 51
104 50
103 49
102 48
101 47
100 46
120 64
121 64
120 63
120 62
120 61
120 60
120 59
120 58
120 57
120 56
120 55
120 54
119 54
118 53
117 52
116 51
115 50
114 49
113 48
112 47
111 46
110 45
109 44
108 43
107 42
106 41
105 40
104 39
103 38
102 37
101 36
100 35
99 34
120 53
120 52
121 52
120 51
120 50
120 49
120 48
120 47
120 46
120 45
120 44
120 43
120 42
120 41
120 40
120 39
120 38
120 37
120 36
120 35
119 34
122 51
123 50
124 49
125 48
126 47
127 46
128 45
129 44
130 43
131 42
132 41
133 40
134 39
135 38
136 37
137 36
138 35
139 34
122 63
123 62
124 61
125 60
126 59
127 58
128 57
129 56
130 55
131 54
132 53
133 52
134 51
135 50
136 49
137 48
138 47
139 46
140 45
141 44
142 43
143 42
144 41
145 40
146 39
147 38
148 37
149 36
150 35
151 34
122 70
123 69
124 68
125 67
126 66
127 65
128 64
129 63
130 62
131 61
132 60
133 59
134 58
135 57
136 56
121 75
122 74
123 73
124 72
125 71
126 70
127 69
128 68
129 67
130 66
131 65
132 64
133 63
134 62
135 61
136 60
137 59
138 58
139 57
140 56
141 55
142 54
143 53
144 52
145 51
146 50
147 49
148 48
149 47
150 46
151 45
152 44
153 43
154 42
155 41
156 40
157 39
158 38
159 37
160 36
161 35
162 34
147 51
146 52
145 53
144 54
143 55
142 56
141 57
140 58
139 59
138 60
137 61
136 62
135 63
134 64
133 65
132 66
131 67
130 68
129 69
128 70
127 71
126 72
125 73
124 74
123 75
122 76
122 81
123 80
124 79
125 78
126 77
127 76
128 75
129 74
130 73
131 72
132 71
133 70
134 69
135 68
136 67
137 66
138 65
139 64
140 63
141 62
142 61
143 60
144 59
145 58
146 57
147 56
148 55
149 54
150 53
151 52
152 51
153 50
154 49
155 48
156 47
157 46
158 45
159 44
160 43
161 42
162 41
163 40
164 39
165 38
166 37
167 36
168 35
169 34
170 33
171 32
172 31
173 30
174 29
175 28
176 27
177 26
178 25
122 88
122 87
123 87
123 86
124 86
124 85
125 85
125 84
126 84
126 83
127 83
127 82
128 82
128 81
129 81
129 80
130 80
130 79
131 79
131 78
132 78
132 77
133 77
133 76
134 76
134 75
135 75
135 74
136 73
137 72
138 71
139 70
140 69
141 68
142 67
143 66
144 65
145 64
146 63
147 62
148 61
149 60
150 59
151 58
152 57
153 56
154 55
155 54
156 53
157 52
158 51
121 91
122 91
123 91
124 91
125 91
126 91
127 91
128 91
129 91
129 90
128 90
127 90
126 90
125 90
124 90
123 90
122 90
127 89
128 88
129 87
130 86
131 85
132 84
133 83
134 82
135 81
136 80
137 79
138 78
139 77
140 76
141 75
142 74
143 73
144 72
145 71
146 70
147 69
148 68
149 67
150 66
151 65
152 64
153 63
154 62
155 61
156 60
157 59
158 58
159 57
160 56
161 55
162 54
163 53
164 52
165 51
166 50
167 49
168 48
169 47
170 46
171 45
130 90
131 90
132 90
133 90
134 90
135 90
136 90
137 90
138 90
139 90
140 90
141 90
142 90
143 90
144 90
145 90
146 90
147 90
148 90
149 90
150 90
151 90
152 90
153 90
154 90
155 90
156 90
157 90
158 90
159 90
160 90
161 90
162 90
163 90
164 90
165 90
166 90
167 90
168 90
169 90
170 90
171 90
172 90
173 90
174 90
175 90
176 90
177 90
178 90
179 90
180 90
181 90
182 90
183 90
184 90
185 90
186 90
187 90
188 90
189 90
190 90
191 90
192 90
193 90
194 90
195 90
196 90
197 90
198 90
199 90
200 90
201 90
202 90
203 90
204 90
205 90
206 90
207 90
208 90
209 89
210 88
211 87
212 86
213 85
214 84
215 83
199 89
200 88
201 87
202 86
203 85
204 84
187 89
188 88
189 87
190 86
191 85
192 84
193 83
194 82
195 81
196 80
197 79
198 78
199 77
200 76
201 75
202 74
203 73
204 72
205 71
178 89
177 89
178 88
179 88
179 87
180 87
180 86
181 86
181 85
182 84
183 83
184 82
185 81
186 80
187 79
188 78
189 77
190 76
191 75
192 74
193 73
194 72
195 71
196 70
197 69
198 68
199 67
200 66
201 65
202 64
203 63
204 62
205 61
206 60
207 59
208 58
209 57
210 56
211 55
212 54
213 53
214 52
215 51
172 89
173 88
174 87
175 86
176 85
177 84
178 83
179 82
180 81
181 80
182 79
183 78
184 77
185 76
186 75
187 74
188 73
189 72
190 71
191 70
192 69
193 68
194 67
165 89
164 88
163 88
163 89
162 89
165 87
166 86
167 85
168 84
169 83
170 82
171 81
172 80
173 79
174 78
175 77
176 76
177 75
178 74
179 73
180 72
181 71
182 72
181 73
180 74
179 75
178 76
177 77
176 78
175 79
174 80
173 81
172 82
171 83
170 84
169 85
168 86
167 87
166 88
183 71
184 70
185 69
186 68
187 67
188 66
189 65
190 64
191 63
192 62
193 61
194 60
195 59
196 58
197 57
198 56
199 55
200 54
201 53
202 52
203 51
204 50
154 89
153 88
152 89
154 87
155 86
156 85
157 84
158 83
159 82
160 81
161 80
162 79
163 78
164 79
163 80
162 81
161 82
160 83
159 84
158 85
157 86
156 87
155 88
165 78
166 77
167 76
168 75
169 74
170 73
171 72
172 71
173 70
174 69
175 68
176 67
177 66
178 65
179 64
180 63
181 62
182 61
183 60
184 59
185 58
186 57
187 56
188 55
189 54
190 53
191 52
192 51
149 89
150 88
151 87
152 86
153 85
154 84
155 83
156 82
157 81
158 80
159 79
160 78
161 77
162 76
163 75
164 74
165 73
166 72
167 71
168 70
169 69
170 68
171 67
172 66
173 65
174 64
175 63
176 62
177 61
178 60
179 59
180 58
181 57
146 89
145 89
147 88
148 87
149 86
150 85
151 84
152 83
153 82
154 81
155 80
156 79
157 78
158 77
159 76
160 75
161 74
162 73
163 72
164 71
165 70
166 69
167 68
168 67
169 66
170 65
171 64
172 63
173 62
174 61
175 60
176 59
177 58
178 57
179 56
180 55
181 54
182 53
183 52
184 51
185 50
186 49
187 48
188 47
189 46
190 45
191 44
192 43
193 42
194 41
195 40
142 89
141 88
140 89
142 87
143 86
144 85
145 84
146 83
147 82
148 81
149 80
150 81
149 82
148 83
147 84
146 85
145 86
144 87
143 88
151 80
152 79
153 78
154 77
155 76
156 75
157 74
158 73
159 72
160 71
161 70
162 69
163 68
164 67
165 66
166 65
167 64
168 63
169 62
170 61
171 60
172 59
173 58
174 57
175 56
176 55
177 54
178 53
179 52
180 51
181 50
182 49
183 48
184 47
185 46
186 45
187 44
188 43
189 42
190 41
191 40
192 39
193 38
194 37
133 89
134 88
135 87
136 86
137 85
138 84
139 83
140 82
141 81
142 80
143 79
144 78
145 77
146 76
147 75
148 74
149 73
150 72
151 71
152 70
153 69
154 68
155 67
130 89
131 88
132 87
133 86
134 85
135 84
136 83
137 82
138 81
139 80
140 79
141 78
142 77
143 76
144 75
145 74
146 73
147 72
148 71
149 70
150 69
151 68
152 67
153 66
154 65
155 64
156 63
157 62
158 61
159 60
160 59
161 58
162 57
163 56
164 55
165 54
166 53
167 52
168 51
169 50
170 49
171 48
172 47
173 46
174 45
175 44
176 43
177 42
178 41
179 40
180 39
181 38
182 37
122 92
123 93
124 94
125 95
126 96
127 96
128 96
129 96
130 96
131 96
132 96
133 96
134 96
135 96
136 96
137 96
138 96
139 96
140 96
141 96
142 96
143 96
144 96
145 96
146 96
147 96
148 96
149 96
150 96
151 96
152 96
153 96
154 96
155 96
156 96
157 96
158 96
159 96
160 96
161 96
162 96
163 96
164 96
165 96
166 96
167 96
168 96
169 96
170 96
171 96
172 96
173 96
174 96
175 96
176 96
177 96
178 96
179 96
180 96
181 96
182 96
183 96
184 96
185 96
186 96
187 96
188 96
189 96
190 96
191 96
192 96
193 96
194 96
195 96
196 96
197 96
198 96
199 96
200 96
201 96
202 96
203 96
204 96
205 96
181 97
180 97
179 97
178 97
177 97
176 97
175 97
174 97
173 97
172 97
171 97
170 97
169 97
168 97
167 97
166 97
165 97
164 97
163 97
162 97
161 97
160 97
159 97
158 97
157 97
156 97
155 97
154 97
153 97
152 97
151 97
150 97
149 97
148 97
147 97
146 97
145 97
144 97
143 97
142 97
141 97
140 97
139 97
138 97
137 97
136 97
135 97
134 97
133 97
132 97
131 97
130 97
129 97
128 97
127 97
128 98
129 99
130 100
131 100
132 100
133 100
134 100
135 100
136 100
137 100
138 100
139 100
140 100
141 100
142 100
143 100
144 100
145 100
131 101
132 102
133 103
134 103
135 103
136 103
137 103
138 103
139 103
140 103
141 103
142 103
143 103
144 103
145 103
146 103
147 103
148 103
149 103
150 103
151 103
152 103
153 103
154 103
155 103
156 103
157 103
158 103
159 103
134 104
135 105
136 106
137 107
138 108
139 109
140 109
141 109
142 109
143 109
144 109
145 109
146 109
147 109
148 109
149 109
150 109
151 109
152 109
153 109
154 109
155 109
156 109
157 109
158 109
159 109
160 109
161 109
162 109
163 109
164 109
165 109
166 109
167 109
168 109
169 109
170 109
171 109
172 109
173 109
174 109
175 109
176 109
177 109
178 109
179 109
180 109
181 109
182 109
183 109
184 109
185 109
186 109
187 109
188 109
189 109
190 109
191 109
192 109
193 109
194 109
195 109
196 109
197 109
198 109
199 109
200 109
201 109
202 109
203 109
204 109
205 109
206 109
207 109
208 109
209 109
210 109
211 109
212 109
213 109
214 109
215 109
140 110
141 111
142 112
143 113
144 114
145 115
146 116
147 117
148 118
149 119
150 120
151 121
152 121
153 121
154 121
155 121
156 121
157 121
158 121
159 121
160 121
161 121
162 121
163 121
164 121
165 121
166 121
167 121
168 121
169 121
170 121
171 121
172 121
173 121
174 121
175 121
176 121
177 121
178 121
179 121
180 121
181 121
182 121
183 121
184 121
185 121
186 121
187 121
188 121
189 121
190 121
191 121
192 121
193 121
194 121
195 121
196 121
197 121
198 121
199 121
200 121
201 121
202 121
203 121
204 121
205 121
194 122
193 122
192 122
191 122
190 122
189 122
188 122
187 122
186 122
185 122
184 122
183 122
182 122
181 122
180 122
179 122
178 122
177 122
176 122
175 122
174 122
173 122
172 122
171 122
170 122
169 122
168 122
167 122
166 122
165 122
164 122
163 122
162 122
161 122
160 122
159 122
158 122
157 122
156 122
155 122
154 122
153 122
152 122
153 123
154 123
155 123
156 123
157 123
158 123
154 124
155 125
156 126
157 127
158 128
159 129
160 130
161 130
162 130
163 130
164 130
165 130
166 130
167 130
168 130
169 130
170 130
171 130
172 130
173 130
174 130
175 130
176 130
177 130
178 130
179 130
180 130
181 130
161 131
162 132
163 133
164 133
165 133
166 133
167 133
168 133
169 133
170 133
171 133
172 133
173 133
174 133
175 133
176 133
177 133
178 133
179 133
180 133
181 133
182 133
183 133
184 133
185 133
186 133
187 133
188 133
189 133
190 133
191 133
192 133
193 133
194 133
195 133
196 133
197 133
198 133
199 133
200 133
201 133
202 133
203 133
204 133
205 133
206 133
207 133
208 133
209 133
210 133
211 133
212 133
164 134
165 135
166 135
167 135
168 135
169 135
170 135
171 135
172 135
173 135
174 135
175 135
176 135
177 135
178 135
179 135
180 135
181 135
182 135
183 135
184 135
185 135
186 135
187 135
188 135
189 135
190 135
191 135
192 135
193 135
194 135
195 135
196 135
197 135
170 136
169 136
168 136
167 136
166 136
167 137
168 138
169 139
170 139
171 139
172 139
173 139
174 139
175 139
176 139
177 139
178 139
179 139
180 139
181 139
182 139
183 139
184 139
185 139
186 139
187 139
188 139
189 139
190 139
191 139
192 139
193 139
194 139
195 139
192 140
191 140
190 140
189 140
188 140
187 140
186 140
185 140
184 140
183 140
182 140
181 140
180 140
179 140
178 140
177 140
176 140
175 140
174 140
173 140
172 140
171 140
170 140
171 141
172 142
173 142
174 142
175 142
176 142
177 142
178 142
179 142
180 142
181 142
182 142
183 142
184 142
185 142
186 142
187 142
188 142
189 142
173 143
174 144
175 144
176 144
177 144
178 144
179 144
180 144
181 144
182 144
183 144
184 144
185 144
186 144
187 144
175 145
176 146
177 146
178 146
179 146
180 146
181 146
182 146
183 146
184 146
185 146
186 146
177 147
117 93
116 94
115 95
114 96
139 112
112 117
112 118
112 119
112 120
112 121
112 122
112 123
112 124
112 125
112 126
101 115
101 114
101 113
101 112
101 111
96 117
96 118
96 119
96 120
96 121
96 122
96 123
96 124
96 125
96 126
96 127
96 128
96 129
102 108
103 107
104 106
106 104
106 101
105 100
104 99
103 98
101 96
100 95
99 94
98 93
97 92
96 91
96 96
95 95
94 95
94 94
94 93
93 93
92 92
91 91
94 92
94 91
94 96
94 98
94 99
94 100
94 101
94 102
116 89
117 89
116 88
115 88
115 87
114 87
114 86
113 86
113 85
112 85
112 84
111 84
111 83
110 83
110 82
109 82
109 81
108 81
108 80
107 80
107 79
106 79
106 78
105 78
105 77
104 77
104 76
103 76
103 75
102 75
101 74
100 73
99 72
98 71
97 70
96 69
95 68
94 67
93 66
92 65
91 64
90 63
89 62
88 61
87 60
86 59
85 58
84 57
83 56
82 55
81 54
80 53
79 52
78 51
77 50
76 49
75 48
74 47
73 46
72 45
71 44
70 43
69 42
68 41
67 40
66 39
65 38
64 37
63 36
62 35
61 34
60 33
115
51 90
31 84
31 63
48 69
71 66
30 47
35 41
48 48
45 37
47 36
49 34
63 44
71 50
82 60
92 74
92 89
113 89
71 79
71 87
31 97
82 101
70 108
49 110
32 110
88 116
70 126
30 128
48 129
83 131
82 144
35 136
37 137
44 140
48 141
49 143
50 144
56 145
71 143
93 143
101 116
114 143
125 144
136 128
147 128
137 143
148 143
159 144
113 110
127 114
113 77
93 57
86 46
78 34
114 65
100 46
114 49
99 34
119 34
139 34
151 34
136 56
162 34
147 51
178 25
135 75
158 51
129 91
171 45
215 83
204 84
205 71
181 86
215 51
194 67
163 88
181 71
204 50
163 78
192 51
181 57
145 89
195 40
149 80
167 64
194 37
155 67
182 37
194 96
205 96
181 97
145 100
131 101
159 103
181 109
204 109
215 109
205 121
194 122
158 123
181 130
212 133
197 135
170 136
195 139
192 140
189 142
187 144
186 146
177 147
139 112
112 126
96 129
94 102
103 75
60 33
