1001
119 90
118 90
117 90
116 90
115 90
114 90
113 90
121 90
122 90
123 90
124 90
125 90
126 90
127 90
128 90
129 90
130 90
131 90
132 90
133 90
134 90
135 89
136 88
137 87
138 86
139 85
140 84
141 83
142 82
143 81
144 80
145 79
146 78
146 77
145 77
144 76
143 75
142 74
141 73
140 72
139 71
138 70
137 69
136 68
135 67
134 66
133 65
133 64
134 64
135 63
136 62
137 61
138 60
139 59
140 58
141 57
142 56
132 63
131 62
130 61
129 60
129 59
129 58
130 57
131 56
128 61
127 62
126 63
125 64
124 65
123 66
122 67
121 68
120 69
119 69
118 69
117 69
116 69
115 69
115 68
115 67
115 66
114 65
113 64
112 63
111 62
110 61
109 60
108 60
107 60
106 60
105 60
104 60
103 60
102 59
101 58
100 57
99 56
98 57
97 58
96 59
95 60
94 61
93 61
92 61
91 60
90 59
89 58
88 57
87 56
93 62
93 63
93 64
93 65
93 66
93 67
93 68
93 69
93 70
93 71
92 72
91 73
90 74
89 75
88 76
87 77
86 77
85 77
84 77
83 77
82 77
81 77
80 77
79 77
78 77
77 77
76 76
75 75
74 74
73 73
72 72
71 71
70 71
69 71
68 70
67 69
66 68
65 67
64 66
63 65
62 65
61 64
60 63
60 62
60 61
59 60
58 59
57 58
56 57
55 56
54 55
53 54
52 53
51 52
50 51
49 50
48 49
47 49
46 49
45 48
44 47
43 46
42 45
41 44
40 43
40 42
39 42
38 41
37 40
38 43
37 44
36 45
35 46
34 47
33 48
33 49
33 50
33 51
33 52
33 53
33 54
33 55
33 56
33 57
33 58
33 59
33 60
33 61
33 62
41 42
42 42
43 42
44 41
45 40
46 39
47 38
48 38
49 38
50 38
51 38
52 38
53 38
54 37
55 36
56 35
57 34
58 34
59 34
60 34
61 34
62 34
63 34
64 34
65 34
66 34
67 34
68 34
69 34
70 34
71 34
72 34
73 34
74 34
75 34
76 34
77 34
78 34
59 64
58 65
57 66
56 67
55 68
54 69
53 70
52 70
51 70
50 70
63 64
63 63
63 62
64 61
65 60
66 59
67 58
68 57
69 56
81 78
80 79
79 80
78 81
77 82
76 83
75 84
74 85
73 86
72 86
109 59
110 58
111 57
112 56
113 55
113 54
113 53
113 52
113 51
113 50
113 49
113 48
113 47
113 46
113 45
113 44
112 43
111 42
111 41
110 41
109 41
108 41
107 41
106 41
105 40
104 39
103 38
102 37
101 36
100 35
99 34
112 41
113 41
114 40
115 39
116 38
117 37
118 36
119 35
120 34
121 34
122 34
123 34
124 34
125 34
126 34
127 34
128 34
129 34
130 34
131 34
132 34
133 34
134 34
135 34
136 34
137 34
138 34
139 34
140 34
141 34
136 70
136 71
147 77
147 76
147 75
148 74
149 73
150 72
151 71
152 70
153 69
154 68
154 67
154 66
155 65
156 64
157 63
158 62
159 61
160 60
161 59
162 59
163 59
164 59
165 59
166 58
167 57
168 56
169 55
170 54
171 53
172 53
173 53
172 54
173 55
174 56
175 57
176 58
177 59
178 60
179 61
180 62
181 63
181 64
174 52
175 51
176 50
177 49
178 48
179 47
180 46
181 45
182 44
183 43
184 42
185 41
186 40
186 39
186 38
186 37
185 36
184 35
183 34
182 33
181 32
187 41
188 42
189 43
190 44
191 45
192 46
193 47
194 47
195 48
196 49
197 50
197 51
197 52
196 53
195 54
194 55
194 56
194 57
194 58
195 59
196 60
197 61
198 62
199 63
200 64
201 65
202 66
203 67
204 68
204 69
204 70
204 71
204 72
204 73
205 73
206 73
207 73
208 73
209 73
210 73
211 73
212 73
213 73
214 73
215 73
198 49
199 48
200 47
201 46
201 45
202 44
203 43
204 42
205 41
202 47
203 48
204 49
205 50
205 51
205 52
171 52
171 51
171 50
171 49
171 48
171 47
171 46
171 45
171 44
171 43
170 42
169 41
168 40
167 39
166 38
165 37
164 36
163 35
162 34
161 58
160 57
159 56
155 69
156 70
157 71
158 71
135 91
136 92
137 93
138 94
139 95
140 95
141 95
142 95
143 95
143 96
144 97
145 98
146 99
145 100
144 101
143 102
142 103
141 104
140 105
139 106
138 107
137 108
136 108
135 109
134 110
133 111
132 112
131 113
130 114
129 115
128 116
127 117
126 118
126 119
126 120
126 121
125 121
124 120
123 119
122 118
121 117
120 116
119 115
118 114
117 113
116 112
115 111
126 122
126 123
125 124
124 125
123 126
122 127
121 128
120 129
119 130
118 131
118 132
117 132
116 132
115 132
114 132
113 132
112 132
111 132
110 132
109 131
108 130
107 129
106 128
105 127
104 126
103 125
102 124
101 123
100 123
99 123
98 122
97 121
96 120
95 119
94 118
94 117
94 116
94 115
94 114
94 113
94 112
94 111
94 110
94 109
93 108
92 108
91 108
90 108
89 108
88 108
87 107
86 106
85 105
84 104
83 103
83 102
82 102
81 103
80 104
79 105
78 106
77 107
76 108
75 109
74 110
73 110
73 111
72 112
71 113
70 114
69 115
68 116
67 117
67 118
67 119
67 120
67 121
67 122
67 123
66 123
65 122
64 121
63 120
62 119
61 118
60 117
59 116
58 115
57 114
56 113
55 112
54 111
53 110
52 109
51 108
50 107
50 106
50 105
50 104
50 103
50 102
50 101
50 100
50 99
49 98
48 97
47 96
46 95
45 94
45 93
44 93
43 93
42 92
41 91
40 90
39 89
38 88
37 87
36 86
35 85
34 84
33 83
46 93
47 93
48 93
49 92
50 91
51 90
49 108
48 109
47 110
46 111
45 112
44 112
43 112
42 112
41 112
40 112
39 112
38 112
37 112
36 112
36 111
35 110
34 109
33 108
32 107
31 106
30 105
29 104
35 113
34 114
33 115
32 116
31 117
30 118
29 119
29 120
29 121
29 122
29 123
29 124
29 125
30 126
31 127
32 128
33 129
34 130
35 131
36 132
37 133
38 133
39 134
40 134
41 134
42 134
43 134
44 133
44 132
45 131
46 130
47 129
48 128
45 134
46 135
47 136
48 137
49 138
48 139
50 139
51 140
52 141
53 142
54 143
55 143
56 143
57 144
58 145
59 145
60 145
61 145
62 145
63 145
64 145
65 145
66 145
67 145
68 145
69 145
70 145
71 145
72 145
38 135
37 136
72 109
71 108
84 101
85 100
86 99
87 98
88 97
89 96
90 95
91 94
92 93
93 119
92 120
91 121
90 122
89 123
88 123
117 133
116 134
115 135
114 136
114 137
114 138
114 139
114 140
114 141
114 142
114 143
113 144
112 145
111 145
110 145
109 145
108 145
107 145
106 145
105 145
104 145
103 145
102 145
101 145
100 145
99 145
98 145
97 145
96 145
95 145
94 145
93 145
119 133
120 134
121 135
122 136
123 137
124 138
125 139
126 140
127 141
128 142
129 143
130 144
131 145
132 145
133 145
134 145
135 145
147 100
147 101
147 102
148 102
149 102
150 101
151 100
152 99
153 98
154 97
155 96
156 95
157 94
158 93
159 92
160 91
151 102
152 103
153 104
154 105
155 106
156 107
157 108
158 108
158 109
157 110
156 111
155 112
154 113
153 114
152 115
151 116
150 117
149 118
148 119
147 120
146 121
146 122
146 123
159 110
160 111
161 112
162 113
163 114
164 115
165 116
166 117
167 118
168 119
167 120
166 121
166 122
166 123
169 120
170 121
171 122
172 123
173 124
174 125
175 126
176 127
177 128
178 128
179 128
180 128
180 129
181 130
182 131
183 132
184 133
185 134
186 135
187 136
188 137
189 138
190 138
191 138
192 137
193 136
194 135
195 134
196 133
197 132
198 131
199 130
200 129
201 128
202 127
203 126
204 125
205 124
206 123
207 122
207 121
207 120
207 119
206 118
205 117
204 116
203 116
202 115
201 114
200 113
199 112
198 111
197 110
196 109
195 108
194 107
193 106
192 105
191 104
190 103
189 102
188 101
188 100
187 100
186 101
185 102
184 103
183 104
182 105
181 106
189 99
190 99
191 98
192 97
192 96
191 95
190 94
189 93
188 92
187 91
186 90
185 89
184 88
183 87
182 86
181 85
193 95
194 94
195 94
196 94
197 94
198 94
199 94
200 94
201 94
202 94
203 94
204 94
205 94
193 98
205 115
208 123
209 124
210 125
211 126
212 127
213 127
188 139
187 140
186 141
185 142
184 143
183 144
182 144
181 144
180 144
179 144
178 144
177 144
176 145
175 145
174 145
173 145
172 145
171 145
170 145
169 145
168 145
167 145
166 145
165 145
164 145
163 145
162 145
161 145
160 145
159 145
158 145
157 145
156 145
181 127
144 94
145 93
82
113 90
134 90
142 56
131 56
115 69
99 56
87 56
93 71
82 77
71 71
48 49
37 40
33 50
33 62
47 38
57 34
78 34
50 70
69 56
72 86
113 55
99 34
120 34
141 34
136 71
147 77
171 53
181 64
183 43
181 32
194 47
194 58
204 73
215 73
205 41
205 52
162 34
159 56
158 71
136 108
115 111
126 123
115 132
101 123
93 108
82 102
67 123
50 107
33 83
51 90
29 104
29 125
48 128
49 138
48 139
56 143
72 145
37 136
71 108
92 93
88 123
114 143
93 145
135 145
147 102
160 91
158 108
146 123
166 123
189 138
202 127
194 107
181 106
181 85
194 94
205 94
205 115
213 127
177 144
156 145
181 127
145 93
