1125
120 89
120 88
120 87
120 86
120 85
120 84
120 83
119 82
118 81
117 80
116 79
115 78
114 77
113 76
112 76
111 76
110 76
109 76
108 76
107 76
106 76
105 75
104 74
103 73
102 73
101 73
100 73
99 73
98 73
97 73
96 73
95 73
94 73
93 72
92 71
92 70
92 69
92 68
92 67
92 66
92 65
92 64
92 63
92 62
92 61
92 60
92 59
92 58
92 57
92 56
91 56
90 56
89 56
88 56
87 56
86 56
85 56
84 56
83 56
82 55
81 55
80 55
79 55
78 55
77 55
76 55
75 55
74 55
73 55
72 55
71 54
71 53
71 52
71 51
71 50
71 49
71 48
71 47
71 46
71 45
71 44
71 43
71 42
72 41
73 40
74 39
75 38
76 37
77 36
78 35
79 34
82 54
82 53
82 52
83 51
84 50
85 49
86 48
87 47
88 46
89 45
90 44
91 43
92 42
93 41
94 40
95 39
96 38
97 37
98 36
99 35
100 34
93 56
103 72
103 71
103 70
103 69
103 68
103 67
103 66
103 65
104 64
105 63
106 62
107 61
108 60
109 59
110 58
111 57
112 56
113 55
113 54
113 53
113 52
113 51
113 50
113 49
113 48
113 47
113 46
113 45
113 44
113 43
113 42
114 41
115 40
116 39
117 38
118 37
119 36
120 35
121 34
119 91
118 92
117 93
116 93
115 93
114 94
113 95
112 96
111 97
110 98
109 99
108 100
107 101
106 102
105 103
104 103
103 103
103 102
102 101
101 100
100 99
99 98
98 97
97 96
96 95
95 94
94 93
93 93
92 93
91 93
90 93
89 93
88 93
87 93
86 92
85 91
84 90
83 89
82 89
81 89
80 89
79 89
78 89
77 89
76 89
75 89
74 88
73 87
72 86
72 85
72 84
72 83
72 82
72 81
72 80
72 79
72 78
72 77
72 76
72 75
72 74
72 73
72 72
71 71
70 72
69 73
68 74
67 75
66 76
65 77
64 78
63 79
62 80
61 81
60 82
59 83
58 84
57 85
56 86
55 87
54 88
53 88
52 88
51 88
51 87
51 86
51 85
51 84
51 83
51 82
51 81
51 80
51 79
51 78
51 77
51 76
51 75
51 74
51 73
51 72
50 71
49 70
48 69
48 68
48 67
48 66
48 65
48 64
48 63
48 62
48 61
48 60
48 59
48 58
48 57
48 56
48 55
48 54
48 53
48 52
48 51
48 50
48 49
48 48
48 47
48 46
48 45
48 44
48 43
48 42
48 41
48 40
48 39
48 38
47 38
46 39
45 40
44 41
43 41
42 41
41 41
40 41
39 41
38 41
37 41
36 41
35 41
34 42
33 43
32 44
31 45
30 46
29 47
28 48
28 49
28 50
28 51
28 52
49 38
50 38
51 38
52 38
53 38
54 38
55 37
56 36
57 35
58 34
47 70
46 71
45 72
44 73
43 73
42 73
41 73
40 73
39 73
38 73
37 73
36 73
35 73
34 73
33 73
32 73
31 73
30 73
29 73
28 73
50 89
50 90
50 91
50 92
50 93
50 94
50 95
50 96
50 97
50 98
50 99
50 100
50 101
50 102
50 103
50 104
50 105
50 106
50 107
49 107
48 107
47 107
46 107
45 107
44 107
43 106
42 105
41 104
40 103
39 102
38 101
37 100
36 99
35 98
34 97
33 96
32 95
31 94
82 90
81 91
80 92
79 93
78 94
77 95
76 96
75 97
74 98
73 99
72 100
71 101
71 102
71 103
71 104
71 105
71 106
71 107
71 108
72 109
72 110
72 111
72 112
72 113
72 114
72 115
72 116
72 117
72 118
72 119
72 120
72 121
72 122
72 123
72 124
72 125
72 126
71 127
70 127
69 127
68 127
67 127
66 127
65 127
64 127
63 127
62 127
61 127
60 128
59 128
58 128
57 128
56 128
55 128
54 128
53 128
52 128
51 128
50 128
49 128
48 128
48 129
47 129
46 130
45 131
44 132
43 133
42 134
41 135
40 136
39 137
38 137
37 137
36 137
36 136
36 135
36 134
36 133
36 132
35 131
34 130
33 129
32 128
31 127
31 126
31 125
31 124
31 123
31 122
31 121
31 120
31 119
31 118
31 117
30 116
29 115
48 130
48 131
48 132
48 133
48 134
48 135
48 136
48 137
48 138
48 139
49 140
50 141
51 142
52 143
53 143
54 143
55 143
56 143
57 144
58 145
59 145
60 145
61 145
62 145
63 145
64 145
65 145
66 145
67 145
68 145
69 145
70 145
73 127
74 128
75 129
76 130
77 131
78 132
79 133
80 134
81 135
82 136
83 137
84 138
85 139
86 140
87 141
88 142
89 143
90 144
91 145
102 104
101 105
100 106
99 107
98 108
97 108
96 108
95 108
94 108
93 108
92 108
93 109
93 110
93 111
93 112
93 113
93 114
93 115
93 116
93 117
93 118
93 119
93 120
93 121
93 122
93 123
104 104
105 105
106 106
107 106
108 106
109 106
110 106
111 106
112 106
113 106
121 91
122 92
123 92
124 92
125 92
126 92
127 93
128 93
129 93
130 93
131 93
132 93
133 93
134 93
135 93
136 93
137 93
138 93
139 93
140 94
141 95
142 96
143 97
144 98
145 99
146 100
147 101
147 102
147 103
147 104
147 105
148 105
147 106
146 107
145 108
144 108
143 108
142 108
141 108
140 108
139 108
138 108
137 108
136 108
137 109
138 110
138 111
138 112
138 113
138 114
138 115
138 116
138 117
138 118
138 119
138 120
138 121
138 122
138 123
137 124
136 125
135 126
134 126
133 126
132 126
131 126
130 126
129 126
128 126
127 126
126 126
125 126
124 126
123 126
122 126
121 126
120 126
119 126
118 126
117 125
116 124
115 123
114 122
125 127
124 128
123 129
122 130
121 131
120 132
119 133
118 134
117 135
116 136
115 137
114 138
113 139
112 140
112 141
112 142
112 143
127 127
128 128
129 129
130 130
131 131
132 132
133 133
133 134
133 135
133 136
133 137
133 138
133 139
133 140
133 141
133 142
133 143
133 144
133 145
134 145
135 145
136 145
137 145
138 145
139 145
140 145
141 145
142 145
143 145
144 145
145 145
146 145
147 145
148 145
149 145
150 145
151 145
152 145
153 145
154 145
148 107
149 108
150 108
151 108
152 108
153 108
154 108
155 108
156 108
157 108
158 108
159 109
159 110
159 111
159 112
159 113
159 114
159 115
159 116
159 117
159 118
159 119
159 120
159 121
159 122
159 123
149 104
150 103
151 102
152 101
153 100
154 99
155 98
156 97
157 96
158 95
159 94
160 93
160 92
160 91
160 90
160 89
160 88
160 87
160 86
160 85
160 84
160 83
161 82
162 81
163 80
164 79
165 78
165 77
164 77
163 77
162 77
161 77
160 77
159 76
158 75
157 74
156 73
155 72
154 71
166 77
167 77
168 77
169 77
170 77
171 77
172 77
173 77
174 77
175 76
176 75
177 74
178 73
179 72
180 71
181 70
182 70
183 70
184 70
185 70
186 70
187 69
188 68
189 67
190 66
191 65
192 64
193 63
194 62
195 62
196 62
197 62
198 62
199 62
200 62
201 62
202 62
203 62
204 62
205 62
182 71
183 72
184 73
185 74
186 75
187 76
188 77
189 78
190 79
191 80
192 81
193 82
194 83
195 83
196 83
197 83
198 83
199 83
200 83
201 83
202 83
203 83
204 83
205 83
193 84
192 85
191 86
190 87
189 88
188 89
187 90
186 91
185 91
184 91
183 91
182 91
181 91
181 69
181 68
181 67
181 66
181 65
181 64
181 63
181 62
181 61
181 60
181 59
181 58
181 57
181 56
181 55
181 54
181 53
181 52
181 51
181 50
181 49
182 48
183 47
184 46
184 45
184 44
184 43
184 42
184 41
185 40
186 39
187 38
188 37
189 36
189 35
188 35
187 35
186 35
185 35
184 35
183 35
182 35
181 35
180 34
179 35
178 36
177 37
176 38
175 39
174 40
173 41
172 42
171 42
170 41
169 40
168 39
167 38
166 37
165 36
164 35
163 34
172 43
172 44
172 45
171 46
170 47
169 48
168 49
167 50
166 51
165 52
164 53
163 54
162 55
161 56
160 56
159 56
158 56
157 56
156 56
155 56
154 56
153 56
152 56
151 56
150 56
149 55
148 54
147 53
147 52
147 51
147 50
147 49
147 48
147 47
147 46
147 45
147 44
147 43
147 42
147 41
147 40
147 39
146 38
145 37
144 36
143 35
142 34
146 54
145 55
144 56
143 56
142 56
141 56
140 56
139 56
138 56
137 56
136 56
135 57
135 58
135 59
135 60
135 61
135 62
135 63
135 64
135 65
135 66
135 67
135 68
135 69
135 70
135 71
190 35
191 36
192 37
193 38
194 39
195 40
196 40
197 41
198 42
199 42
200 42
201 42
202 42
203 42
204 42
205 42
161 94
162 95
163 96
164 97
165 98
166 99
167 100
168 101
169 102
170 103
171 104
172 105
173 106
174 107
175 108
176 109
177 110
178 111
179 112
180 112
181 112
182 113
183 114
184 115
185 116
186 117
187 118
188 119
189 119
190 119
191 119
192 119
193 119
194 119
194 118
194 117
194 116
194 115
194 114
195 113
196 112
197 111
198 110
199 109
200 108
201 107
202 106
203 105
204 104
205 104
206 104
207 104
208 104
209 104
210 104
211 104
212 104
213 104
214 104
215 104
194 120
195 120
194 121
194 122
194 123
194 124
194 125
194 126
194 127
194 128
194 129
194 130
193 131
192 132
192 133
192 134
192 135
192 136
192 137
192 138
192 139
192 140
192 141
191 141
190 141
189 141
188 140
187 139
186 138
185 137
184 136
183 135
182 134
181 133
191 142
190 143
189 144
188 144
187 144
186 144
185 145
184 145
183 145
182 145
181 145
180 145
179 145
178 145
177 145
176 145
175 145
196 121
197 122
198 123
199 124
200 125
201 125
202 125
203 125
204 125
205 125
206 126
207 127
207 128
207 129
207 130
207 131
207 132
207 133
207 134
207 135
207 136
85
113 76
103 73
92 71
82 55
71 54
79 34
100 34
93 56
113 55
121 34
115 93
103 103
94 93
83 89
72 86
71 71
51 88
48 69
48 49
47 38
35 41
28 52
58 34
28 73
50 107
31 94
71 108
72 126
61 127
48 128
36 137
31 127
29 115
48 139
56 143
70 145
91 145
92 108
93 123
113 106
126 92
139 93
147 106
136 108
138 123
126 126
114 122
112 143
133 145
154 145
158 108
159 123
160 93
154 71
166 77
181 70
194 62
205 62
194 83
205 83
181 91
181 57
184 46
180 34
163 34
172 45
158 56
147 53
142 34
136 56
135 71
190 35
196 40
205 42
181 112
194 119
204 104
215 104
194 130
192 141
181 133
186 144
175 145
205 125
207 136
