1108
121 90
119 91
118 92
117 93
116 93
115 93
114 93
113 93
112 93
112 94
112 95
112 96
112 97
112 98
112 99
112 100
112 101
112 102
112 103
112 104
112 105
112 106
112 107
112 108
112 109
112 110
113 111
114 112
115 113
115 114
115 115
115 116
115 117
115 118
115 119
115 120
115 121
116 121
115 122
114 123
113 124
112 125
111 126
110 127
109 127
108 127
107 127
106 127
105 127
104 127
103 127
102 127
101 127
100 127
99 128
98 129
97 130
96 131
95 132
94 133
94 134
94 135
94 136
94 137
94 138
94 139
94 140
94 141
94 142
94 143
94 144
94 145
101 128
102 129
103 130
104 131
105 132
106 133
107 134
108 135
109 136
110 137
111 138
112 139
113 140
114 141
115 142
115 143
116 144
117 145
118 145
119 145
120 145
121 145
122 145
123 145
124 145
125 145
126 145
127 145
128 145
129 145
130 145
131 145
132 145
133 145
134 145
135 145
136 145
117 120
118 119
119 118
120 117
121 116
122 115
123 114
124 113
125 112
126 111
127 110
128 109
129 108
130 108
131 108
132 108
133 108
134 108
135 108
136 108
137 108
138 108
139 108
140 108
141 108
130 109
131 110
132 111
133 112
134 113
135 114
136 115
136 116
136 117
136 118
136 119
136 120
136 121
136 122
136 123
137 123
138 123
139 123
140 123
141 123
142 123
143 123
144 123
145 123
146 123
147 123
148 123
149 123
150 123
151 123
152 123
153 123
154 123
155 123
156 123
157 123
158 123
159 124
160 125
161 126
162 127
163 128
164 129
165 130
166 131
167 132
168 133
169 134
170 135
171 136
172 137
173 138
174 139
175 140
176 141
177 142
178 142
178 141
178 140
178 139
178 138
178 137
178 136
178 135
179 134
180 133
181 132
182 133
183 134
184 135
185 136
186 137
187 138
188 138
189 138
190 138
191 138
192 138
192 137
193 136
194 135
195 134
196 133
197 132
198 131
199 130
200 129
201 128
202 127
202 126
202 125
202 124
202 123
202 122
202 121
202 120
202 119
202 118
203 117
204 116
204 115
203 115
202 114
201 113
200 112
199 111
198 110
197 109
196 108
195 107
194 106
194 105
195 104
196 103
197 102
198 101
199 100
200 99
201 98
202 97
203 96
204 95
204 94
203 94
202 94
201 94
200 94
199 94
198 94
197 94
196 94
195 94
194 94
193 94
192 94
191 94
190 94
189 94
188 94
187 94
186 94
185 94
184 93
183 92
182 91
181 90
205 94
193 107
192 108
191 109
190 110
189 111
188 111
187 111
186 111
185 111
184 111
183 111
182 111
181 111
205 115
203 128
204 129
205 130
206 131
207 131
208 131
209 131
210 131
211 131
212 131
213 131
191 139
190 140
189 141
189 142
189 143
178 143
177 144
176 145
175 145
174 145
173 145
172 145
171 145
170 145
169 145
168 145
167 145
166 145
165 145
164 145
163 145
162 145
161 145
160 145
159 145
158 145
157 145
122 90
123 90
124 90
125 89
126 88
127 87
127 86
126 86
125 85
124 84
123 83
122 82
121 81
120 80
119 79
118 78
117 77
116 76
115 75
114 74
113 73
112 72
112 71
112 70
112 69
112 68
112 67
112 66
112 65
112 64
112 63
112 62
112 61
112 60
112 59
112 58
113 57
114 56
115 55
115 54
115 53
115 52
115 51
115 50
115 49
115 48
115 47
115 46
115 45
116 45
115 44
115 43
114 42
113 41
112 40
111 39
110 38
109 37
108 36
107 35
106 34
117 44
118 43
119 42
120 41
121 40
122 39
123 38
124 37
125 36
126 35
127 34
111 73
110 73
109 73
108 73
107 73
106 73
105 73
104 73
103 73
102 73
101 73
100 73
99 73
98 73
97 73
96 73
95 73
94 73
93 72
92 71
92 70
92 69
92 68
92 67
92 66
92 65
92 64
92 63
92 62
92 61
92 60
92 59
92 58
92 57
92 56
91 56
90 56
89 56
88 56
87 56
86 56
85 56
84 56
83 56
82 56
81 56
80 56
79 56
78 56
77 56
76 56
75 56
74 56
73 56
72 56
71 56
70 56
69 56
68 56
67 55
66 54
65 53
64 52
63 51
62 50
61 49
60 48
59 47
58 46
57 45
56 44
55 43
54 42
53 41
52 40
51 39
51 38
51 37
51 36
51 35
51 34
51 33
52 32
53 31
54 32
55 33
56 34
57 34
58 34
59 34
60 34
61 34
62 34
63 34
64 34
65 34
66 34
67 34
68 34
69 34
70 34
71 34
72 34
73 34
74 34
75 34
76 34
77 34
78 34
79 34
80 34
81 34
82 34
83 34
84 34
85 34
50 40
49 41
48 42
48 43
48 44
48 45
48 46
48 47
48 48
47 48
46 47
45 46
44 45
43 44
42 43
41 42
40 41
39 40
38 41
37 42
36 43
35 44
34 45
33 46
32 47
31 48
30 49
29 50
28 51
28 52
28 53
28 54
28 55
28 56
28 57
28 58
28 59
28 60
28 61
28 62
48 49
48 50
48 51
81 57
80 58
79 59
78 60
77 61
76 62
75 63
74 64
73 65
72 66
71 67
71 68
71 69
71 70
71 71
93 56
102 74
101 75
100 76
99 77
98 78
97 79
96 80
95 81
94 82
93 83
92 84
91 85
91 86
90 87
89 88
88 89
87 90
86 91
85 92
84 93
83 94
82 95
82 96
82 97
82 98
82 99
82 100
82 101
82 102
82 103
81 103
81 104
80 105
79 106
78 107
77 108
76 108
75 108
74 108
73 108
72 108
71 108
80 102
79 101
78 100
77 99
76 98
75 97
74 96
73 95
72 94
71 93
70 92
69 91
68 90
67 89
66 88
65 87
64 86
63 85
62 84
61 83
60 82
59 81
58 80
57 79
56 78
55 77
54 76
53 75
52 74
51 73
50 72
49 73
48 74
47 75
46 76
45 77
44 78
43 79
42 80
41 81
40 82
39 83
38 83
37 83
36 83
35 83
34 83
33 83
32 83
31 83
83 104
84 105
85 106
86 107
87 108
88 108
89 108
90 108
91 108
92 108
93 108
92 109
91 110
90 111
89 112
88 113
87 114
86 115
85 116
84 117
83 118
82 119
81 120
81 121
81 122
81 123
80 124
79 125
78 126
77 127
76 127
75 127
74 127
73 127
72 127
71 127
70 127
69 127
68 127
67 127
66 127
66 126
65 125
64 124
63 123
62 122
61 121
60 120
59 119
58 118
57 117
56 116
55 115
54 114
53 113
52 112
51 111
50 110
49 109
48 109
47 109
46 109
45 109
44 109
43 109
42 109
41 109
40 109
39 109
38 109
37 109
36 109
35 109
34 109
33 108
32 107
31 106
30 105
29 104
49 108
49 107
49 106
49 105
49 104
49 103
49 102
49 101
49 100
49 99
49 98
49 97
49 96
49 95
50 94
51 93
65 128
64 129
63 130
62 131
61 132
60 133
59 134
58 135
57 136
56 137
55 138
55 139
55 140
55 141
55 142
55 143
54 143
53 143
52 143
51 142
50 141
49 140
48 139
47 139
46 139
45 139
44 139
43 139
42 139
41 139
40 139
39 139
38 138
37 137
36 136
36 135
36 134
36 133
36 132
35 131
34 130
33 129
32 128
31 127
30 126
29 125
48 138
48 137
48 136
48 135
48 134
48 133
48 132
48 131
48 130
48 129
48 128
67 128
68 129
69 130
70 131
71 132
72 133
73 134
73 135
73 136
73 137
73 138
73 139
73 140
73 141
73 142
73 143
73 144
73 145
128 86
129 86
130 86
131 86
132 86
133 86
134 86
135 86
136 86
137 86
138 86
139 86
139 85
139 84
139 83
139 82
139 81
140 80
141 79
142 78
143 77
144 76
145 75
146 74
146 73
145 73
144 73
143 73
142 73
141 73
140 73
139 73
138 73
137 72
136 71
136 70
136 69
136 68
136 67
136 66
136 65
136 64
136 63
136 62
136 61
136 60
136 59
136 58
136 57
136 56
147 73
148 73
149 73
150 73
151 73
152 73
153 73
154 73
155 73
156 73
157 72
158 71
158 70
158 69
158 68
158 67
158 66
158 65
158 64
158 63
158 62
158 61
158 60
158 59
158 58
158 57
158 56
157 56
159 56
160 56
161 56
162 56
163 56
164 56
165 55
166 54
167 53
167 52
166 52
165 51
164 50
163 49
162 48
161 47
160 46
159 45
158 44
157 43
156 42
155 41
154 40
153 39
152 38
151 37
150 36
149 35
148 34
168 52
169 52
170 52
171 52
172 52
173 52
174 52
175 52
176 52
177 52
178 51
179 50
180 49
181 48
181 47
181 46
181 45
181 44
181 43
181 42
181 41
181 40
182 39
183 38
184 37
184 36
184 35
184 34
184 33
184 32
184 31
184 30
184 29
183 28
182 27
181 26
180 25
179 26
178 27
177 28
176 29
175 30
174 31
173 32
172 33
171 34
170 34
169 34
185 38
186 39
187 40
188 41
189 42
190 43
191 44
192 45
193 46
194 47
194 48
195 49
196 50
197 51
198 52
199 52
200 52
201 52
202 52
203 52
204 52
205 52
205 51
205 50
205 49
205 48
205 47
205 46
205 45
205 44
205 43
206 42
207 41
204 53
203 54
202 55
201 56
200 57
199 58
198 59
197 60
196 60
195 60
194 60
193 61
192 62
191 63
190 64
189 65
188 66
187 67
186 68
185 69
184 69
183 69
182 69
181 69
195 61
196 62
197 63
198 64
199 65
200 66
201 67
202 68
203 69
204 70
204 71
204 72
204 73
205 73
206 73
207 73
208 73
209 73
210 73
211 73
212 73
213 73
214 73
215 73
148 74
149 75
150 76
151 77
152 78
153 79
154 80
155 81
156 82
157 83
158 84
159 85
160 86
160 87
160 88
160 89
160 90
160 91
160 92
160 93
160 94
160 95
160 96
160 97
160 98
160 99
160 100
160 101
160 102
160 103
83
112 93
112 110
115 122
100 127
94 145
115 143
136 145
129 108
141 108
136 123
147 123
158 123
181 132
192 138
202 127
194 106
194 94
181 90
205 94
181 111
205 115
213 131
189 143
178 143
157 145
112 72
115 55
106 34
127 34
103 73
92 71
82 56
71 56
51 39
53 31
64 34
85 34
39 40
32 47
28 62
48 51
71 71
93 56
91 86
82 103
71 108
70 92
50 72
31 83
93 108
81 123
66 127
49 109
29 104
51 93
55 143
48 139
36 136
29 125
48 128
73 145
128 86
139 86
136 71
136 56
147 73
158 71
157 56
148 34
168 52
181 48
184 37
180 25
169 34
194 48
205 52
207 41
194 60
181 69
204 73
215 73
160 86
160 103
