1108
121 90
119 91
118 92
117 93
116 93
115 93
114 93
113 94
112 95
112 96
112 97
112 98
112 99
112 100
112 101
112 102
112 103
112 104
112 105
112 106
113 107
114 108
115 109
115 110
115 111
115 112
115 113
115 114
115 115
115 116
115 117
115 118
115 119
115 120
115 121
115 122
114 123
113 124
112 125
111 126
110 126
109 126
108 126
107 126
106 126
105 126
104 126
103 126
103 125
103 124
103 123
103 122
103 121
103 120
103 119
103 118
102 117
101 116
100 115
99 114
98 113
97 112
96 111
95 110
94 109
93 108
93 107
93 106
93 105
93 104
93 103
93 102
93 101
93 100
93 99
93 98
93 97
93 96
93 95
93 94
93 93
102 127
101 128
100 129
99 129
98 129
97 129
96 129
95 129
94 129
93 129
92 129
91 130
90 131
89 132
88 133
87 134
86 135
85 136
84 137
83 138
82 139
81 140
80 141
79 142
78 143
77 144
76 145
75 145
74 145
73 145
72 145
71 145
70 145
69 145
68 145
67 145
66 145
65 145
64 145
63 145
62 145
61 145
60 145
59 145
58 145
57 144
56 143
55 143
54 143
53 143
52 143
51 142
50 141
49 140
48 139
47 139
46 139
45 139
44 139
43 139
42 139
41 139
40 139
39 139
38 139
37 138
36 137
36 136
36 135
36 134
36 133
36 132
36 131
36 130
35 129
34 128
33 127
33 126
33 125
33 124
33 123
33 122
33 121
33 120
32 119
31 118
30 117
29 116
28 115
48 138
48 137
48 136
48 135
48 134
48 133
48 132
48 131
48 130
48 129
48 128
93 130
94 131
94 132
94 133
94 134
94 135
94 136
94 137
94 138
94 139
94 140
94 141
94 142
94 143
94 144
94 145
104 127
105 128
106 129
107 130
108 131
109 132
110 133
111 134
112 135
113 136
114 137
115 138
115 139
115 140
115 141
115 142
115 143
115 94
116 95
117 96
118 97
119 98
120 99
121 100
122 101
123 102
124 103
125 103
126 103
127 103
128 103
129 103
130 102
131 101
132 100
133 99
134 98
135 97
136 96
137 95
138 94
139 93
127 104
128 105
129 106
130 107
131 108
132 108
133 108
134 108
135 108
136 108
137 108
136 109
136 110
136 111
136 112
136 113
136 114
136 115
136 116
136 117
136 118
136 119
136 120
136 121
136 122
136 123
137 124
138 124
139 124
140 124
141 124
142 124
143 124
144 124
145 124
146 124
147 124
148 124
149 124
150 124
151 124
152 124
153 124
154 124
155 124
156 124
157 124
158 123
158 122
158 121
158 120
158 119
158 118
158 117
158 116
158 115
158 114
158 113
158 112
158 111
158 110
158 109
158 108
159 124
160 125
161 126
162 127
163 128
164 129
165 130
166 131
167 132
168 133
169 134
170 135
171 136
172 137
173 138
174 139
175 140
176 141
177 142
178 143
179 143
180 143
181 143
182 143
183 143
184 143
185 143
186 143
187 143
188 143
189 142
190 142
191 142
192 141
192 140
192 139
192 138
192 137
192 136
192 135
192 134
192 133
192 132
193 131
194 130
195 130
196 130
197 130
198 130
199 130
200 130
201 129
202 128
203 127
204 126
205 125
206 126
207 127
207 128
207 129
207 130
207 131
207 132
207 133
207 134
207 135
207 136
194 129
194 128
194 127
194 126
194 125
194 124
194 123
194 122
194 121
194 120
194 119
193 119
192 119
191 119
190 119
189 118
188 117
187 116
186 115
185 114
184 113
183 112
182 111
181 110
194 118
194 117
194 116
194 115
194 114
195 113
196 112
197 111
198 110
199 109
200 108
201 107
202 106
203 105
204 104
205 104
206 104
207 104
208 104
209 104
210 104
211 104
212 104
213 104
214 104
215 104
189 141
189 140
189 139
188 138
187 137
186 136
185 135
184 134
183 133
182 132
181 131
148 125
149 126
150 127
151 128
152 129
153 130
154 131
155 132
156 133
157 134
157 135
157 136
157 137
157 138
157 139
157 140
157 141
157 142
157 143
157 144
157 145
146 125
145 126
144 127
143 128
142 129
141 130
140 131
139 132
138 133
137 134
136 135
136 136
136 137
136 138
136 139
136 140
136 141
136 142
136 143
136 144
136 145
122 89
123 88
124 87
125 86
125 85
125 84
125 83
125 82
124 81
123 80
122 79
121 78
120 77
119 76
118 75
117 74
116 73
115 72
115 71
115 70
115 69
115 68
115 67
115 66
115 65
115 64
115 63
115 62
115 61
115 60
115 59
115 58
115 57
114 56
113 55
113 54
113 53
113 52
113 51
112 50
111 49
110 48
109 47
108 46
107 45
106 44
105 43
104 42
103 41
102 40
101 39
100 38
99 37
98 36
97 35
96 34
112 56
111 57
110 58
109 59
108 60
107 61
106 62
105 63
104 64
103 65
102 66
101 67
100 68
99 69
98 70
97 71
97 72
96 72
95 72
94 72
93 72
92 72
91 72
90 72
89 72
88 72
87 72
86 72
85 71
85 70
84 69
83 68
82 67
81 66
80 65
79 64
78 63
77 62
76 61
75 60
74 59
73 58
72 57
72 56
71 56
70 57
69 58
68 59
67 60
66 61
65 62
65 63
65 64
65 65
65 66
65 67
65 68
65 69
65 70
65 71
64 71
63 71
62 71
61 71
60 71
59 71
58 71
57 71
56 71
55 71
54 70
53 69
52 68
51 67
50 66
49 65
49 64
49 63
49 62
49 61
49 60
49 59
49 58
49 57
49 56
49 55
49 54
49 53
49 52
49 51
49 50
48 49
47 49
46 49
45 49
44 49
43 49
42 48
41 47
40 46
39 45
38 44
37 43
36 42
35 41
34 42
33 43
32 44
31 45
30 46
29 47
29 48
29 49
29 50
29 51
29 52
48 48
48 47
48 46
48 45
48 44
48 43
48 42
48 41
48 40
48 39
48 38
49 38
50 38
51 38
52 37
53 36
54 35
55 34
56 34
57 34
58 34
59 34
60 34
61 34
62 34
63 34
64 34
65 34
66 34
67 34
68 34
69 34
70 34
71 34
72 34
73 34
74 34
75 34
48 66
47 67
46 68
45 69
44 70
43 71
42 72
41 73
40 73
39 73
38 73
37 73
36 73
35 73
34 73
33 73
32 73
31 73
30 73
29 73
64 72
63 73
62 74
61 75
60 76
59 77
58 78
57 79
56 80
55 81
54 82
53 83
52 84
51 85
51 86
52 87
53 88
54 89
55 90
56 91
57 92
58 93
59 94
60 95
61 96
61 97
61 98
61 99
61 100
61 101
61 102
61 103
62 103
61 104
60 105
59 106
58 107
57 107
56 107
55 107
54 107
53 107
52 107
51 107
50 107
49 107
48 107
47 107
46 107
45 107
44 107
43 106
42 105
41 104
40 103
39 102
38 101
37 100
36 99
35 98
34 97
33 96
32 95
31 94
62 105
63 106
64 107
65 108
66 108
67 108
68 108
69 108
70 108
71 108
72 108
71 109
71 110
71 111
71 112
71 113
71 114
71 115
71 116
71 117
71 118
71 119
71 120
71 121
71 122
71 123
63 102
64 101
65 100
66 99
67 98
68 97
69 96
70 95
71 94
72 93
73 56
74 56
75 56
76 56
77 56
78 56
79 56
80 56
81 56
82 56
83 56
84 56
85 56
86 56
87 56
88 56
89 56
90 56
91 56
92 56
93 56
126 81
127 80
128 79
129 78
130 77
131 76
132 75
133 74
134 73
135 72
136 71
136 70
136 69
136 68
136 67
136 66
136 65
136 64
136 63
136 62
136 61
136 60
136 59
136 58
136 57
136 56
136 55
136 54
135 53
135 52
135 51
134 51
133 50
132 49
131 48
130 47
129 46
128 45
127 44
126 43
125 42
124 41
123 40
122 39
121 38
120 37
119 36
118 35
117 34
135 50
135 49
135 48
135 47
135 46
135 45
135 44
135 43
135 42
135 41
135 40
135 39
135 38
135 37
136 36
137 35
138 34
137 72
138 73
139 73
140 73
141 73
142 73
143 73
144 73
145 73
146 73
147 73
148 73
149 73
150 73
151 73
152 73
153 73
154 73
155 73
156 73
157 72
158 71
158 70
158 69
158 68
158 67
158 66
158 65
158 64
158 63
158 62
158 61
158 60
157 59
156 58
155 57
155 56
154 56
156 56
157 56
158 56
159 56
160 56
161 56
162 56
163 56
164 56
165 56
166 56
167 57
168 58
169 59
170 60
171 61
172 62
173 63
174 64
175 65
176 66
177 67
178 68
179 68
180 68
181 68
182 68
183 68
184 68
185 68
186 68
187 68
188 68
189 68
190 67
191 66
192 65
193 64
194 63
195 63
196 63
197 63
198 63
199 63
200 63
201 63
202 63
203 63
204 63
205 62
205 61
205 60
205 59
206 58
207 57
208 56
209 55
210 54
211 53
212 52
212 51
211 51
210 51
209 51
208 51
207 51
206 51
205 51
204 51
203 51
202 50
202 49
201 48
200 47
199 46
198 45
197 44
196 43
195 42
194 41
193 40
192 39
192 38
192 37
191 36
190 35
189 35
188 35
187 35
186 35
185 35
184 35
183 35
182 35
181 35
180 34
179 34
178 34
177 34
176 34
175 34
174 34
173 34
172 34
171 34
170 34
169 34
168 34
167 34
166 34
165 34
164 34
163 34
162 34
161 34
160 34
159 34
191 40
190 41
189 42
188 43
187 44
186 45
185 46
184 47
183 47
182 47
181 47
213 51
182 69
183 70
184 71
185 72
186 73
187 74
188 75
189 76
190 77
191 78
192 79
193 80
194 81
194 82
194 83
195 83
196 83
197 83
198 83
199 83
200 83
201 83
202 83
203 83
204 83
205 83
193 84
192 85
191 86
190 87
189 88
188 89
187 89
186 89
185 89
184 89
183 89
182 89
181 89
148 74
149 75
150 76
151 77
152 78
153 79
154 80
155 81
156 82
157 83
158 84
159 85
160 86
83
114 93
112 106
115 122
103 126
93 108
93 93
92 129
73 145
56 143
48 139
36 137
33 127
28 115
48 128
94 145
115 143
126 103
139 93
137 108
136 123
147 124
158 123
158 108
178 143
189 142
192 141
194 130
205 125
207 136
194 119
181 110
204 104
215 104
181 131
157 145
136 145
125 86
115 72
113 55
96 34
97 72
85 71
71 56
65 71
49 65
48 49
35 41
29 52
48 38
55 34
75 34
29 73
51 86
61 104
50 107
31 94
72 108
71 123
72 93
82 56
93 56
136 71
135 53
117 34
138 34
147 73
158 71
154 56
166 56
181 68
194 63
205 62
202 50
192 39
190 35
180 34
159 34
181 47
213 51
194 83
205 83
181 89
160 86
