4159
119 90
118 90
117 90
116 90
115 90
114 90
113 90
112 90
111 90
110 90
109 90
108 90
107 90
106 90
105 90
104 90
103 90
102 90
101 90
100 90
99 90
98 90
97 90
96 90
95 90
94 90
93 90
92 90
91 90
90 90
89 90
88 90
87 90
86 90
85 90
84 90
83 90
82 90
81 90
80 90
79 90
78 90
77 90
76 90
75 90
74 90
73 90
72 90
71 90
70 90
69 90
68 90
67 90
66 90
65 90
64 90
63 90
62 90
61 90
60 90
59 90
58 90
57 90
56 90
55 90
54 90
53 90
52 90
51 90
50 90
49 90
48 90
47 90
46 90
45 90
44 90
43 90
42 89
41 88
40 87
39 86
38 85
37 84
36 83
35 82
34 81
33 80
32 79
31 78
62 89
61 88
60 87
59 86
58 85
57 84
56 83
55 82
54 81
53 80
52 79
51 78
50 77
49 76
48 75
47 74
46 73
45 72
44 71
43 70
42 69
41 68
40 67
39 66
38 65
37 64
36 63
35 62
34 61
33 60
32 59
31 58
30 57
64 91
65 92
66 93
66 94
65 94
64 94
63 94
62 94
61 94
60 94
59 94
58 94
57 94
56 94
55 94
54 94
53 94
52 94
51 94
50 94
49 94
48 94
47 94
46 94
45 94
44 94
43 94
42 94
41 94
40 94
39 94
38 94
37 94
36 94
35 94
34 94
33 94
32 94
31 94
67 94
68 94
69 94
70 94
71 94
72 94
73 94
74 94
75 94
76 94
77 94
78 94
79 94
80 94
81 94
82 94
83 94
84 94
85 94
86 94
87 94
88 94
89 94
90 94
91 94
92 94
93 94
94 94
95 94
96 94
97 94
98 94
99 94
100 94
101 94
102 94
103 94
104 94
105 94
106 94
107 94
108 94
109 94
110 94
111 94
112 94
113 94
114 94
115 94
116 94
115 95
114 96
113 97
112 97
112 96
111 96
111 95
110 95
112 98
113 98
114 98
114 99
115 99
115 100
116 100
116 101
117 101
117 102
118 102
118 103
119 103
119 104
120 104
120 105
121 105
121 106
122 106
122 107
123 107
123 108
124 108
124 109
125 109
125 110
126 110
126 111
127 111
127 112
128 112
128 113
129 113
129 114
130 114
130 115
131 115
131 116
130 116
131 117
132 117
133 117
133 118
132 118
132 119
131 119
130 119
129 119
128 119
127 119
126 119
125 119
124 119
123 119
122 119
121 119
120 119
119 119
118 119
117 119
116 119
115 119
114 119
113 119
112 119
111 119
110 119
109 119
108 119
107 119
106 119
105 119
104 119
103 119
102 119
101 119
100 119
99 119
98 119
97 119
96 119
95 119
94 119
93 119
92 119
91 119
91 118
90 118
90 117
89 117
89 116
88 116
88 115
87 115
87 114
86 114
86 113
85 113
84 113
83 113
82 113
81 113
80 113
79 113
78 113
77 113
76 113
75 113
74 113
73 113
72 113
71 113
70 113
69 113
68 113
67 113
66 113
65 113
64 113
63 113
62 113
61 113
84 112
85 112
85 111
84 111
83 111
82 111
81 111
80 111
79 111
78 111
77 111
76 111
75 111
74 111
73 111
72 111
72 110
71 110
70 110
69 110
68 110
67 110
66 110
65 110
64 110
63 110
62 110
61 110
60 110
59 110
58 110
57 110
56 110
55 110
54 110
53 110
52 110
51 110
50 110
49 110
48 110
47 110
46 110
45 110
44 110
43 110
42 110
41 110
40 110
39 110
38 110
37 110
36 110
35 110
34 110
33 110
32 110
73 110
74 110
75 110
76 110
77 110
78 110
79 110
80 110
81 110
82 110
83 110
84 110
85 110
86 110
87 110
88 110
89 110
90 110
91 110
92 110
93 110
94 110
95 110
96 110
97 110
98 110
99 110
100 110
99 111
98 111
97 111
96 111
95 111
94 111
93 111
92 111
91 111
90 111
89 111
88 111
87 111
86 111
95 112
95 113
94 113
93 113
92 113
91 113
90 113
89 113
88 113
87 113
96 113
97 113
97 114
96 114
95 115
94 116
93 117
93 118
92 118
98 115
99 115
99 114
100 114
99 113
99 112
98 112
101 115
102 116
103 117
104 118
99 116
99 117
100 117
99 118
101 118
101 109
102 109
102 108
101 108
100 107
99 106
98 105
97 105
97 104
98 104
99 103
98 102
97 101
96 100
95 99
94 98
93 98
93 97
93 96
92 96
91 95
93 95
94 95
94 96
95 96
95 97
96 97
96 98
97 98
97 99
98 99
98 100
99 100
99 101
100 101
101 101
102 101
102 100
101 100
100 99
99 98
98 97
97 96
96 95
103 99
104 99
105 99
105 100
106 100
106 101
107 101
107 102
108 102
108 103
107 103
106 104
105 104
105 105
104 105
103 105
103 104
102 104
102 103
101 103
101 102
100 102
100 104
101 105
102 106
103 107
104 106
105 106
105 107
106 107
106 108
107 108
107 109
108 109
108 110
109 110
109 111
110 111
110 112
111 112
111 113
112 113
112 114
113 114
113 115
114 115
114 116
115 116
115 117
116 117
116 118
117 118
118 117
117 116
116 115
115 114
114 113
113 112
112 111
111 110
110 109
109 108
108 107
107 106
106 105
119 118
114 118
113 117
112 116
111 115
110 114
109 113
108 112
107 111
106 110
105 109
104 108
103 102
104 103
109 103
109 104
110 104
110 105
111 105
111 106
112 106
112 107
113 107
113 108
114 108
114 109
115 109
115 110
116 110
116 111
117 111
117 112
118 112
118 113
119 113
119 114
120 114
120 115
121 115
121 116
122 116
122 117
123 117
123 118
124 118
125 117
126 117
127 117
127 118
126 118
128 118
126 116
125 116
124 116
124 115
123 115
123 114
122 114
122 113
121 113
121 112
120 112
120 111
119 111
119 110
118 110
118 109
117 109
117 108
116 108
116 107
115 107
115 106
114 106
114 105
113 105
112 104
111 103
110 102
109 101
108 100
107 99
106 98
105 97
104 96
103 95
102 96
101 96
101 95
100 95
102 97
103 97
103 98
104 98
105 95
106 96
107 95
107 97
108 98
109 99
110 100
111 99
111 101
112 102
113 103
114 104
115 105
116 106
117 107
118 108
119 109
120 110
121 111
122 112
123 113
124 114
125 115
93 99
92 99
91 98
90 97
89 96
88 95
93 100
93 101
94 101
93 102
93 103
93 104
93 105
93 106
92 106
91 105
90 104
89 103
88 102
87 101
86 100
85 99
84 98
83 97
82 96
81 95
93 107
93 108
94 108
93 109
95 107
96 106
95 109
95 102
96 103
103 110
104 111
105 112
106 113
107 114
108 115
109 116
110 117
111 118
91 109
90 108
89 107
88 106
87 105
86 104
85 103
84 102
83 101
82 100
81 99
80 98
79 97
78 96
77 95
87 109
86 108
85 107
84 106
83 105
82 104
81 103
80 102
79 101
78 100
77 99
76 98
75 97
74 96
73 95
82 109
81 109
81 108
80 108
80 107
79 107
79 106
78 106
78 105
77 105
77 104
76 104
76 103
75 103
75 102
74 102
74 101
73 101
73 100
72 100
72 99
71 99
71 98
70 97
69 96
68 95
90 120
89 121
88 122
87 123
86 124
85 125
84 126
84 127
83 127
82 127
81 127
80 127
79 127
78 127
77 127
76 127
75 127
74 127
73 127
72 127
71 127
71 128
70 128
69 128
68 128
67 128
66 128
65 128
64 128
63 128
62 128
61 128
60 128
59 128
58 128
57 128
56 128
55 128
54 128
53 128
52 128
51 128
50 128
49 128
48 128
47 128
46 128
45 128
44 128
43 128
42 128
41 128
40 128
39 128
38 128
37 128
36 128
35 128
34 128
33 128
32 128
31 128
30 128
48 129
49 129
50 129
51 129
52 129
53 129
54 129
55 129
56 129
57 129
58 129
59 129
60 129
61 129
62 129
63 129
64 129
65 129
66 129
67 129
68 129
69 129
70 129
71 129
72 129
73 129
74 129
75 129
76 129
77 129
78 129
79 129
80 129
81 129
81 128
80 128
79 128
78 128
77 128
76 128
75 128
74 128
73 128
72 128
82 128
80 130
79 131
78 132
77 133
76 134
75 135
74 136
73 136
72 136
71 136
70 136
69 136
68 136
67 136
66 136
65 136
64 136
63 136
62 136
61 136
60 136
59 136
58 136
57 136
56 136
55 136
54 136
53 136
52 136
51 136
50 136
49 136
48 136
47 136
46 136
45 136
44 136
43 136
42 136
41 136
40 136
39 136
38 136
37 136
36 136
35 136
34 136
37 137
38 137
39 137
40 137
41 137
42 137
43 137
44 137
45 137
46 137
47 137
48 137
49 137
50 137
51 137
52 137
53 137
54 137
55 137
56 137
57 137
58 137
59 137
60 137
61 137
62 137
63 137
64 137
65 137
66 137
67 137
68 137
69 137
70 137
71 137
72 137
73 137
72 138
71 139
70 140
69 140
68 140
67 140
66 140
65 140
64 140
63 140
62 140
61 140
60 140
59 140
58 140
57 140
56 140
55 140
54 140
53 140
52 140
51 140
50 140
49 140
48 140
47 140
46 140
45 140
47 141
48 141
49 141
50 141
51 141
52 141
53 141
54 141
55 141
56 141
57 141
58 141
59 141
60 141
61 141
62 141
63 141
64 141
65 141
66 141
67 141
68 141
69 141
68 142
67 142
66 142
65 142
64 142
63 142
62 142
61 142
60 142
59 142
58 142
57 142
56 142
55 142
54 142
53 142
52 142
51 142
50 142
67 143
66 144
65 145
64 145
63 145
62 145
61 145
60 145
59 145
58 145
57 145
56 145
55 145
54 145
53 145
52 145
51 145
52 146
53 146
54 146
55 146
56 146
57 146
58 146
59 146
60 146
61 146
62 146
63 146
64 146
84 128
84 129
84 130
84 131
84 132
84 133
84 134
84 135
84 136
84 137
84 138
84 139
84 140
84 141
84 142
84 143
93 120
93 121
93 122
93 123
93 124
93 125
93 126
93 127
93 128
99 120
99 121
99 122
99 123
99 124
99 125
99 126
99 127
99 128
99 129
99 130
99 131
99 132
99 133
99 134
99 135
99 136
99 137
99 138
99 139
99 140
99 141
99 142
99 143
99 144
103 120
104 121
105 122
106 123
107 124
108 125
109 126
110 127
111 128
112 129
113 130
114 131
115 132
116 133
117 134
118 135
119 136
120 137
121 138
122 139
123 140
124 140
124 141
123 141
122 142
121 143
120 143
119 143
118 143
117 143
116 143
115 143
114 143
125 142
126 143
127 143
128 143
129 143
130 143
131 143
132 143
133 143
134 143
135 143
136 143
137 143
138 143
139 143
140 143
141 143
142 143
143 143
143 142
143 141
142 141
141 140
140 139
139 138
138 137
137 136
136 135
135 134
134 133
133 132
132 132
131 132
130 132
130 131
129 131
129 130
128 130
128 129
127 129
127 128
126 128
126 127
125 127
125 126
124 126
124 125
123 125
123 124
122 124
122 123
121 123
121 122
120 122
120 121
119 121
119 120
118 120
117 121
116 120
118 122
119 123
120 124
121 125
122 126
123 127
124 128
125 129
126 130
127 131
128 132
129 133
130 134
129 135
128 135
128 136
127 136
127 137
128 137
129 136
130 137
129 138
130 139
131 138
132 139
131 140
132 141
133 140
134 141
133 142
135 142
126 138
125 139
124 138
123 137
122 136
121 135
120 134
119 133
118 132
117 131
116 130
115 129
114 128
113 127
112 126
111 125
110 124
109 123
108 122
107 121
106 120
126 140
127 141
128 142
126 135
125 134
124 133
123 132
122 131
121 130
120 129
119 128
118 127
117 126
116 125
115 124
114 123
113 122
114 121
113 120
115 122
116 123
117 124
118 125
119 126
120 127
121 128
122 129
123 130
124 131
125 132
126 133
127 134
131 133
132 133
132 134
133 134
133 135
134 135
134 136
135 136
135 137
136 137
136 138
137 138
137 139
138 139
138 140
139 140
139 141
140 141
140 142
141 142
138 142
137 141
136 140
135 139
134 138
133 137
132 136
131 135
121 120
122 121
123 122
124 123
125 124
126 125
127 126
128 127
129 128
130 129
131 130
132 131
133 131
134 130
135 130
136 130
136 131
135 131
136 132
137 132
138 132
138 133
137 133
138 134
139 134
140 134
140 135
139 135
140 136
141 136
142 136
143 136
143 135
143 134
142 134
142 133
141 133
141 132
140 132
140 131
139 131
139 130
138 130
138 129
137 129
137 128
136 128
136 127
135 127
135 126
134 126
134 125
133 125
133 124
132 124
132 123
131 123
131 122
130 122
130 121
129 121
129 120
128 120
127 121
126 121
126 120
125 120
127 122
128 122
128 123
129 123
129 124
130 124
130 125
131 125
131 126
132 126
132 127
131 127
132 128
133 128
134 128
134 129
133 129
135 129
133 127
130 120
131 121
132 122
133 123
134 124
135 125
136 126
137 127
138 126
139 125
140 125
141 125
141 126
140 126
141 127
142 127
143 127
143 128
142 128
143 129
143 130
143 131
143 132
142 132
141 131
140 130
139 129
138 128
143 133
144 133
145 132
146 131
142 126
140 124
139 124
138 124
138 123
137 123
137 122
136 122
136 121
135 121
135 120
134 120
134 119
133 119
134 118
135 119
136 119
137 119
138 119
139 119
140 119
141 119
142 119
143 119
144 119
145 119
145 118
144 118
143 117
142 116
141 115
140 114
139 113
138 112
137 111
136 110
135 109
134 108
133 107
132 106
131 105
130 104
129 103
128 102
127 101
126 100
125 99
124 98
123 97
122 96
121 95
120 94
119 93
118 92
117 91
117 93
119 91
121 90
120 89
120 88
120 87
119 87
118 86
117 85
116 84
115 83
114 82
113 81
112 80
111 79
110 78
109 77
108 76
107 75
106 74
105 73
104 72
103 71
102 70
101 69
100 68
99 67
98 66
97 65
96 64
95 63
94 62
93 61
92 60
91 59
90 58
89 57
88 56
87 55
86 54
85 53
84 52
83 51
82 50
81 49
80 48
79 47
78 46
77 45
76 44
75 43
74 42
73 41
72 40
71 39
70 38
69 37
68 36
67 35
66 34
120 86
121 86
120 85
120 84
119 84
119 83
118 83
118 82
117 82
117 81
116 81
116 80
115 80
115 79
114 79
114 78
113 78
113 77
112 77
112 76
111 76
111 75
110 75
110 74
109 74
109 73
108 73
108 72
107 72
107 71
106 71
106 70
105 70
105 69
104 69
104 68
103 68
103 67
102 67
102 66
101 66
101 65
100 65
100 64
99 64
98 63
97 62
96 61
95 60
94 59
93 58
92 57
91 56
90 55
89 54
88 53
87 52
86 51
85 50
84 49
83 48
114 77
115 78
116 79
117 80
118 81
119 82
120 82
120 81
120 80
120 79
120 78
121 78
120 77
120 76
120 75
120 74
120 73
120 72
119 72
119 71
118 71
118 70
117 70
117 69
116 69
116 68
115 68
115 67
114 67
114 66
113 66
113 65
112 65
112 64
111 64
110 63
109 62
108 61
107 60
106 59
105 58
104 57
103 56
102 55
101 54
100 53
99 52
120 71
120 70
120 69
120 68
121 68
120 67
120 66
119 66
118 65
117 64
116 63
115 62
114 61
113 60
112 59
111 58
110 57
109 56
108 55
107 54
106 53
105 52
104 51
103 50
102 49
101 48
100 47
99 46
98 45
97 44
96 43
95 42
94 41
93 40
92 39
91 38
90 37
89 36
88 35
87 34
120 65
120 64
120 63
120 62
120 61
120 60
120 59
120 58
120 57
121 57
120 56
119 56
118 55
117 54
116 53
115 52
114 51
113 50
112 49
120 55
120 54
120 53
120 52
120 51
120 50
120 49
120 48
119 48
118 47
117 46
116 45
115 44
114 43
113 42
112 41
111 40
110 39
109 38
108 37
107 36
106 35
105 34
120 47
120 46
120 45
120 44
120 43
120 42
120 41
120 40
120 39
120 38
120 37
121 36
122 35
123 34
122 56
123 55
124 54
125 53
126 52
127 51
128 50
129 49
130 48
131 47
132 46
133 45
134 44
135 43
136 42
137 41
138 40
139 39
140 38
141 37
142 36
143 35
144 34
122 67
123 66
124 65
125 64
126 63
127 62
128 61
129 60
130 59
131 58
132 57
133 56
134 55
135 54
122 77
123 76
124 75
125 74
126 73
127 72
128 71
129 70
130 69
131 68
132 67
133 66
134 65
135 64
136 63
137 62
138 61
139 60
140 59
141 58
142 57
143 56
144 55
145 54
146 53
147 52
148 51
149 50
150 49
151 48
152 47
153 46
154 45
155 44
156 43
157 42
158 41
159 40
160 39
161 38
162 37
163 36
164 35
165 34
120 83
121 83
122 82
123 81
124 80
125 79
126 78
127 77
128 76
129 75
130 74
131 73
122 85
123 84
124 83
125 82
126 81
127 80
128 79
129 78
130 77
131 76
132 75
133 74
134 73
135 72
136 71
137 70
138 69
139 68
140 67
141 66
142 65
143 64
144 63
145 62
146 61
147 60
148 59
149 58
150 57
151 56
152 55
153 54
154 53
155 52
156 51
157 50
158 49
159 48
160 47
161 46
162 45
163 44
164 43
165 42
166 41
167 40
168 39
169 38
170 37
171 36
172 35
173 34
174 33
175 32
176 31
177 30
178 29
179 28
180 27
121 91
120 92
121 93
122 92
123 93
124 93
125 93
126 93
127 93
128 93
129 93
130 93
131 93
132 93
133 93
134 93
135 93
136 93
137 93
138 93
139 93
140 93
141 93
142 93
143 93
144 93
145 93
146 93
147 93
148 93
149 93
150 93
151 93
152 93
153 93
154 93
155 93
156 93
124 94
123 95
122 94
124 96
125 95
126 96
127 96
128 96
129 96
130 96
131 96
132 96
133 96
134 96
135 96
136 96
137 96
138 96
139 96
140 96
141 96
142 96
143 96
144 96
145 96
146 96
147 96
148 96
149 96
150 96
151 96
152 96
153 96
154 96
155 96
156 96
157 96
158 96
159 96
160 96
161 96
162 96
163 96
164 96
165 96
166 96
167 96
168 96
169 96
170 96
171 96
172 96
173 96
174 96
175 96
176 96
177 96
178 96
179 96
180 96
181 96
182 96
183 96
184 96
185 96
186 96
187 96
188 96
189 96
190 96
191 96
192 96
193 96
194 96
127 97
126 98
125 97
127 99
128 98
129 99
130 99
131 99
132 99
133 99
134 99
135 99
136 99
137 99
138 99
139 99
140 99
141 99
142 99
143 99
144 99
145 99
146 99
147 99
148 99
149 99
150 99
151 99
152 99
153 99
154 99
155 99
156 99
157 99
158 99
159 99
160 99
161 99
162 99
163 99
164 99
165 99
166 99
167 99
168 99
169 99
170 99
171 99
172 99
173 99
174 99
175 99
176 99
177 99
178 99
179 99
180 99
181 99
182 99
183 99
184 99
185 99
186 99
187 99
188 99
189 99
190 99
191 99
192 99
193 99
194 99
195 99
196 99
197 99
198 99
199 99
200 99
201 99
202 99
203 99
204 99
205 99
130 100
129 101
128 100
130 102
131 101
132 102
131 103
132 104
133 103
134 103
135 103
136 103
137 103
138 103
139 103
140 103
141 103
142 103
143 103
144 103
145 103
146 103
147 103
148 103
134 104
134 105
133 105
134 106
135 106
136 106
136 105
135 105
137 105
138 105
139 105
140 105
141 105
142 105
143 105
144 105
145 105
146 105
147 105
148 105
149 105
150 105
151 105
152 105
153 105
154 105
155 105
156 105
157 105
158 105
159 105
160 105
161 105
162 105
163 105
164 105
165 105
166 105
167 105
168 105
169 105
170 105
171 105
172 105
173 105
174 105
175 105
176 105
177 105
178 105
179 105
180 105
181 105
136 107
135 107
136 108
137 108
138 108
139 108
140 108
141 108
142 108
143 108
144 108
145 108
146 108
147 108
148 108
149 108
150 108
151 108
152 108
153 108
154 108
155 108
156 108
157 108
158 108
159 108
160 108
161 108
162 108
139 109
138 109
137 109
138 110
139 110
140 110
140 111
139 111
140 112
141 112
142 112
142 111
141 111
143 111
144 111
145 111
146 111
147 111
148 111
149 111
150 111
151 111
152 111
153 111
154 111
155 111
156 111
157 111
158 111
159 111
160 111
161 111
162 111
163 111
164 111
165 111
166 111
167 111
168 111
169 111
170 111
171 111
172 111
173 111
174 111
175 111
176 111
177 111
178 111
179 111
180 111
181 111
182 111
183 111
184 111
185 111
186 111
187 111
188 111
189 111
190 111
191 111
192 111
193 111
194 111
195 111
196 111
197 111
198 111
199 111
200 111
201 111
202 111
203 111
204 111
205 111
206 111
207 111
208 111
209 111
210 111
211 111
212 111
213 111
214 111
142 113
141 113
142 114
143 114
144 114
144 115
143 115
144 116
145 116
146 116
145 115
145 117
147 117
148 118
149 119
150 120
151 121
152 122
153 122
154 122
155 122
156 122
157 122
158 122
159 122
160 122
161 122
162 122
163 122
164 122
165 122
166 122
167 122
168 122
169 122
170 122
171 122
172 122
173 122
174 122
175 122
176 122
177 122
178 122
179 122
180 122
181 122
181 123
180 123
179 123
178 123
177 123
176 123
175 123
174 123
173 123
172 123
171 123
170 123
169 123
168 123
167 123
166 123
165 123
164 123
163 123
162 123
161 123
160 123
159 123
158 123
157 123
156 123
155 123
154 123
153 123
154 124
155 125
156 125
157 125
158 125
159 125
160 125
161 125
162 125
163 125
164 125
165 125
166 125
167 125
168 125
169 125
170 125
171 125
172 125
173 125
174 125
175 125
176 125
177 125
178 125
179 125
180 125
181 125
182 125
183 125
184 125
185 125
186 125
187 125
188 125
189 125
190 125
191 125
192 125
193 125
194 125
193 126
192 126
191 126
190 126
189 126
188 126
187 126
186 126
185 126
184 126
183 126
182 126
181 126
180 126
179 126
178 126
177 126
176 126
175 126
174 126
173 126
172 126
171 126
170 126
169 126
168 126
167 126
166 126
165 126
164 126
163 126
162 126
161 126
160 126
159 126
158 126
157 126
156 126
157 127
158 128
159 128
160 128
161 128
159 129
160 130
161 131
162 132
163 133
164 134
165 135
166 135
167 135
168 135
169 135
170 135
171 135
172 135
173 135
174 135
175 135
176 135
177 135
178 135
179 135
180 135
181 135
182 135
183 135
184 135
185 135
186 135
187 135
188 135
189 135
190 135
191 135
192 135
193 135
194 135
195 135
196 135
197 135
198 135
199 135
200 135
201 135
202 135
203 135
204 135
205 135
206 135
207 135
166 136
167 137
168 137
169 137
170 137
171 137
172 137
173 137
174 137
175 137
176 137
177 137
178 137
179 137
180 137
181 137
182 137
183 137
184 137
185 137
186 137
187 137
188 137
189 137
190 137
191 137
192 137
193 137
194 137
195 137
196 137
197 137
198 137
199 137
200 137
201 137
202 137
168 138
169 139
170 140
171 141
172 142
173 142
174 142
175 142
176 142
177 142
178 142
179 142
180 142
181 142
182 142
183 142
184 142
185 142
186 142
187 142
188 142
189 142
190 142
188 143
187 143
186 143
185 143
184 143
183 143
182 143
181 143
180 143
179 143
178 143
177 143
176 143
175 143
174 143
173 143
174 144
175 144
176 144
177 144
178 144
179 144
180 144
181 144
182 144
183 144
184 144
185 144
186 144
175 145
176 146
177 147
178 147
179 147
180 147
181 147
182 147
183 147
184 147
185 147
184 148
183 148
182 148
181 148
180 148
179 148
178 148
182 123
183 123
184 123
185 123
186 123
187 123
188 123
189 123
190 123
191 123
192 123
193 123
194 123
195 123
196 123
197 123
198 123
199 123
200 123
201 123
202 123
203 123
204 123
205 123
143 113
137 107
122 90
123 90
124 90
125 90
126 90
127 90
128 90
129 90
130 90
131 90
132 90
133 90
134 90
135 90
136 90
137 90
138 90
139 90
140 90
141 90
142 90
143 90
144 90
145 90
146 90
147 90
148 90
149 90
150 90
151 90
152 90
153 90
154 90
155 90
156 90
157 90
158 90
159 90
160 90
161 90
162 90
163 90
164 90
165 90
166 90
167 90
168 90
169 90
170 90
171 90
172 90
173 90
174 90
175 90
176 90
177 90
178 90
179 90
180 90
181 90
182 90
183 90
184 90
185 90
186 90
187 90
188 90
189 90
190 90
191 90
192 90
193 90
194 90
195 90
196 90
197 90
198 90
199 90
200 90
201 90
202 90
203 90
204 90
205 90
206 89
207 88
208 87
209 86
210 85
211 84
212 83
213 82
214 81
215 80
195 89
196 88
197 87
198 86
199 85
200 84
201 83
202 82
203 81
204 80
179 89
178 88
177 89
179 87
180 86
181 85
182 84
183 83
184 82
185 81
186 80
187 79
188 78
189 77
190 76
191 75
192 74
193 73
194 72
195 71
196 70
197 69
198 68
199 67
200 66
201 65
202 64
203 63
204 62
205 61
181 87
180 88
168 89
167 88
166 89
168 87
169 86
170 85
171 84
172 83
173 82
174 81
175 80
176 79
177 78
178 77
179 76
180 75
181 74
182 73
183 72
184 71
185 70
186 69
187 68
188 67
189 66
190 65
191 64
192 63
193 62
194 61
161 89
162 88
163 87
164 86
165 85
166 84
167 83
168 82
169 81
170 80
171 79
172 78
173 77
174 76
175 75
176 74
177 73
178 72
179 71
180 70
181 69
182 68
183 67
184 66
185 65
186 64
187 63
188 62
189 61
190 60
191 59
192 58
193 57
194 56
195 55
196 54
197 53
198 52
199 51
200 50
201 49
202 48
203 47
204 46
205 45
153 89
152 88
151 87
150 87
150 88
149 88
149 89
148 89
151 89
151 86
152 86
152 85
153 85
153 84
154 84
154 83
155 83
155 82
156 82
156 81
157 81
157 80
158 80
158 79
159 79
159 78
160 78
160 77
161 77
161 76
162 76
162 75
163 75
163 74
164 74
164 73
165 72
166 71
167 70
168 69
169 68
170 67
171 66
172 65
173 64
174 63
175 62
176 61
177 60
178 59
179 58
180 57
181 56
182 55
183 54
184 53
185 52
186 51
187 50
188 49
189 48
190 47
191 46
192 45
193 44
194 43
195 42
196 41
197 40
198 39
165 75
164 76
163 77
162 78
161 79
160 80
159 81
158 82
157 83
156 84
155 85
154 86
153 87
154 88
155 87
156 86
157 85
158 84
159 83
160 82
161 81
162 80
163 79
164 78
165 77
166 76
167 75
166 74
167 73
168 72
169 71
170 70
171 69
172 68
173 67
174 66
175 65
176 64
177 63
178 62
179 61
180 60
181 59
182 58
183 57
184 56
185 55
186 54
187 53
188 52
189 51
190 50
191 49
192 48
193 47
194 46
195 45
196 44
197 43
198 42
199 41
200 40
181 61
180 62
179 63
178 64
177 65
176 66
175 67
174 68
173 69
172 70
171 71
170 72
169 73
168 74
145 89
146 88
147 87
148 86
149 85
150 84
151 83
152 82
153 81
154 80
155 79
156 78
157 77
158 76
159 75
160 74
161 73
162 72
163 71
164 70
165 69
166 68
167 67
168 66
169 65
170 64
171 63
172 62
173 61
174 60
175 59
176 58
177 57
178 56
179 55
180 54
181 53
182 52
183 51
184 50
185 49
186 48
187 47
188 46
189 45
190 44
191 43
192 42
193 41
194 40
195 39
196 38
138 89
137 89
138 88
139 88
139 87
140 87
140 86
141 86
141 85
142 85
142 84
143 84
143 83
144 83
144 82
145 82
145 81
146 81
146 80
147 80
147 79
148 78
149 77
150 76
151 75
152 74
153 73
154 72
155 71
156 70
157 69
158 68
159 67
160 66
161 65
162 64
163 63
164 62
165 61
166 60
167 59
168 58
169 57
170 56
171 55
172 54
173 53
174 52
175 51
176 50
177 49
178 48
179 47
180 46
181 45
182 44
183 43
184 42
185 41
131 89
132 88
133 87
134 86
135 85
136 84
137 83
138 82
139 81
140 80
141 79
142 78
143 77
144 76
145 75
146 74
147 73
148 72
149 71
150 70
151 69
152 68
153 67
154 66
155 65
156 64
157 63
158 62
159 61
160 60
161 59
162 58
163 57
164 56
165 55
166 54
167 53
168 52
169 51
170 50
171 49
172 48
127 89
126 89
125 88
124 89
126 87
127 86
128 85
129 84
130 83
131 82
132 81
133 80
134 79
135 78
136 77
137 76
138 75
139 74
140 73
141 72
142 71
143 70
144 69
145 68
146 67
147 66
148 65
149 64
150 63
151 62
152 61
153 60
154 59
155 58
156 57
157 56
158 55
159 54
160 53
161 52
162 51
163 50
164 49
165 48
166 47
167 46
168 45
169 44
170 43
171 42
172 41
173 40
174 39
175 38
176 37
177 36
178 35
179 34
180 33
181 32
182 31
183 30
184 29
185 30
184 31
183 32
182 33
181 34
180 35
179 36
178 37
177 38
176 39
175 40
174 41
173 42
172 43
171 44
170 45
169 46
168 47
167 48
166 49
165 50
164 51
163 52
162 53
161 54
160 55
159 56
158 57
157 58
156 59
155 60
154 61
153 62
152 63
151 64
150 65
149 66
148 67
147 68
147 69
146 69
146 70
145 70
145 71
144 71
144 72
143 72
143 73
142 73
142 74
141 74
141 75
140 75
140 76
139 76
139 77
138 77
138 78
137 78
137 79
136 79
136 80
135 80
135 81
134 81
134 82
133 82
133 83
132 83
132 84
131 84
131 85
130 85
130 86
129 86
129 87
128 87
128 88
127 88
144 120
143 121
142 122
141 123
136 120
137 121
138 122
139 123
137 131
139 133
141 135
143 137
142 137
141 137
142 138
143 138
143 139
143 140
142 144
141 144
140 144
139 144
138 144
137 144
136 144
135 144
134 144
133 144
132 144
131 144
130 144
129 144
144 144
145 144
146 144
147 144
148 144
149 144
150 144
151 144
152 144
153 144
154 144
155 144
156 144
157 144
158 144
132 116
109 93
108 93
108 92
107 92
107 91
106 91
110 92
111 91
103 93
102 92
101 91
100 92
99 91
98 92
97 92
97 91
96 91
98 93
99 93
101 93
94 93
93 93
92 93
91 93
91 92
90 92
90 91
89 91
88 92
87 91
89 93
92 91
93 91
93 92
86 93
85 92
84 91
79 93
78 92
77 91
75 93
74 92
73 91
71 93
70 92
69 91
71 89
70 88
69 87
68 86
67 85
66 84
65 83
64 82
63 81
62 80
61 79
60 78
59 77
58 76
57 75
56 74
55 73
54 72
53 71
52 70
51 69
75 89
74 88
73 87
72 86
71 85
70 84
69 83
68 82
67 81
66 80
65 79
64 78
63 77
62 76
61 75
60 74
59 73
58 72
57 71
56 70
55 69
54 68
53 67
52 66
51 65
50 64
49 63
48 62
47 61
46 60
45 59
44 58
43 57
42 56
41 55
40 54
39 53
38 52
37 51
36 50
35 49
34 48
33 47
32 46
31 45
30 44
82 89
81 88
80 87
79 86
78 85
77 84
76 83
75 82
74 81
73 80
72 79
71 78
70 77
69 76
68 75
67 74
66 73
65 72
64 71
63 70
62 69
61 68
60 67
59 66
58 65
57 64
56 63
55 62
54 61
53 60
52 59
51 58
50 57
49 56
48 55
47 54
46 53
45 52
44 51
43 50
42 49
41 48
40 47
39 46
38 45
37 44
36 43
35 42
34 41
85 89
84 88
83 87
82 86
81 85
80 84
79 83
78 82
77 81
76 80
75 79
74 78
73 77
72 76
71 75
70 74
69 73
68 72
67 71
66 70
65 69
64 68
63 67
62 66
61 65
60 64
59 63
58 62
57 61
56 60
55 59
54 58
53 57
52 56
51 55
50 54
49 53
48 52
47 51
46 50
45 49
44 48
43 47
42 46
41 45
40 44
39 43
38 42
37 41
36 40
47 49
48 50
49 51
50 52
51 53
52 54
53 55
54 56
55 57
56 58
57 59
58 60
59 61
60 62
61 63
62 64
63 65
64 66
65 67
66 68
67 69
68 70
69 71
70 71
70 72
71 72
71 73
72 73
72 74
73 74
73 75
74 75
74 76
75 76
75 77
76 77
76 78
77 78
77 79
78 79
78 80
79 80
79 81
80 81
80 82
81 82
81 83
82 83
82 84
83 84
83 85
84 85
84 86
85 86
85 87
86 87
86 88
87 88
87 89
88 89
89 88
88 87
87 86
90 89
93 89
94 89
95 89
94 88
93 88
93 87
92 87
92 86
91 86
91 85
90 85
90 84
89 84
89 83
88 83
88 82
87 82
87 81
86 81
86 80
85 80
85 79
84 79
84 78
83 78
83 77
82 77
82 76
81 76
81 75
80 75
80 74
79 74
79 73
78 73
78 72
77 72
77 71
76 71
76 70
75 70
75 69
74 69
74 68
73 68
73 67
72 67
72 66
71 66
71 65
70 65
70 64
69 64
69 63
68 63
68 62
67 62
67 61
66 61
66 60
65 60
65 59
64 59
64 58
63 58
63 57
62 57
62 56
61 56
61 55
60 55
60 54
59 54
59 53
58 53
58 52
57 52
56 51
55 50
54 49
53 48
52 47
51 46
50 45
49 44
48 43
47 42
46 41
45 40
44 39
43 38
59 51
58 50
57 49
56 48
55 47
54 46
53 45
52 44
51 43
50 42
49 41
48 40
47 39
46 38
45 37
46 36
47 37
48 38
49 39
50 40
51 41
52 42
53 43
54 44
55 45
56 46
57 47
58 48
59 49
60 50
61 51
60 52
61 53
62 52
63 53
62 54
63 55
64 54
65 55
64 56
65 57
66 56
67 57
66 58
67 59
68 58
69 59
68 60
69 61
70 60
71 61
70 62
71 63
72 62
73 63
72 64
73 65
74 64
75 65
74 66
75 67
76 66
77 67
76 68
77 69
78 68
79 69
78 70
79 71
80 70
81 71
80 72
81 73
82 72
83 73
82 74
83 75
84 74
85 75
84 76
85 77
86 76
87 77
86 78
87 79
88 78
89 79
88 80
89 81
90 80
91 81
90 82
91 83
92 82
93 82
93 81
93 80
93 79
94 79
95 79
95 80
96 80
96 81
97 81
97 82
98 82
98 83
99 83
99 84
100 84
100 85
101 85
101 86
102 86
102 87
103 87
103 88
104 88
104 89
105 89
94 78
93 78
93 77
92 77
92 76
91 76
91 75
90 75
90 74
89 74
89 73
88 73
88 72
87 72
87 71
86 71
86 70
85 70
85 69
84 69
84 68
83 68
83 67
82 67
82 66
81 66
81 65
80 65
80 64
79 64
79 63
78 63
78 62
77 62
77 61
76 61
76 60
75 60
75 59
74 59
74 58
73 58
73 57
72 57
72 56
71 56
71 55
70 55
70 54
69 54
69 53
68 53
68 52
67 51
66 50
65 49
64 48
63 47
62 46
61 45
60 44
59 43
58 42
57 41
56 40
55 39
54 38
53 37
52 36
51 35
93 76
94 76
93 75
93 74
93 73
93 72
93 71
92 71
91 70
90 69
89 68
88 67
87 66
86 65
85 64
84 63
83 62
82 61
81 60
80 59
79 58
78 57
77 56
76 55
75 54
74 53
73 52
72 51
71 50
70 49
69 48
68 47
67 46
66 45
65 44
64 43
63 42
62 41
61 40
60 39
59 38
58 37
57 36
56 35
55 34
54 33
53 32
52 31
53 30
54 29
55 30
54 31
55 32
56 31
57 32
56 33
57 34
58 33
59 34
58 35
59 36
60 35
61 36
60 37
61 38
62 37
63 38
62 39
63 40
64 39
65 40
64 41
65 42
66 41
67 42
66 43
67 44
68 43
69 44
68 45
69 46
70 45
71 46
70 47
71 48
72 47
73 48
72 49
73 50
74 49
75 50
74 51
75 52
76 51
77 52
76 53
77 54
78 53
79 54
78 55
79 56
80 55
81 56
80 57
81 58
82 57
83 58
82 59
83 60
84 59
85 60
84 61
85 62
86 61
87 61
87 62
88 62
88 63
89 63
89 64
90 64
90 65
91 65
91 66
92 66
92 67
93 67
93 68
94 68
93 69
92 69
91 68
90 67
89 66
88 65
87 64
86 63
93 70
95 67
94 66
93 65
92 64
91 63
90 62
89 61
88 60
87 59
86 58
85 57
84 56
83 55
82 54
81 53
80 52
79 51
78 50
77 49
76 48
75 47
74 46
73 45
72 44
71 43
70 42
69 41
68 40
67 39
66 38
65 37
64 36
63 35
62 34
61 33
60 32
59 31
58 30
57 29
56 28
55 27
96 68
95 69
96 70
97 69
98 70
97 71
98 72
99 71
100 72
99 73
100 74
101 73
102 74
101 75
102 76
103 75
104 76
103 77
104 78
105 77
106 78
105 79
106 80
107 79
108 80
107 81
108 82
109 81
110 82
109 83
110 84
111 83
112 84
111 85
112 86
113 85
114 86
113 87
114 88
113 89
115 87
116 88
115 89
117 89
93 83
93 84
92 84
93 85
93 86
94 86
95 85
94 84
96 86
95 87
96 88
97 87
98 88
97 89
99 89
121
51 90
31 78
30 57
31 94
130 116
61 113
72 111
51 110
32 110
93 110
114 105
103 98
92 99
71 99
71 127
30 128
48 129
82 128
34 136
37 137
45 140
47 141
50 142
63 145
51 145
52 146
84 143
93 128
99 144
114 143
143 143
113 122
131 127
146 131
145 119
66 34
100 64
83 48
114 77
112 64
99 52
87 34
112 49
105 34
123 34
144 34
135 54
147 52
165 34
131 73
180 27
156 93
194 96
205 99
148 103
134 105
181 105
162 108
202 111
214 111
181 122
194 125
193 126
161 128
207 135
191 137
202 137
190 142
188 143
173 143
186 144
185 147
184 148
205 123
124 90
135 90
215 80
204 80
205 61
181 87
168 89
181 74
194 61
205 45
164 74
198 39
200 40
181 61
196 38
147 80
185 41
172 48
159 54
184 29
185 30
147 69
129 144
158 144
100 92
69 91
51 69
30 44
34 41
36 40
47 49
70 71
87 86
82 77
58 52
43 38
45 37
46 36
68 53
51 35
94 76
52 31
53 30
54 29
87 61
55 27
113 89
