1094
120 89
120 88
120 87
121 87
120 86
120 85
120 84
120 83
120 82
119 81
118 80
117 79
116 78
115 77
114 76
113 75
112 74
111 74
110 74
109 74
108 74
107 74
106 74
105 73
104 72
103 71
102 71
101 71
100 71
99 71
98 71
97 71
96 71
95 71
94 71
93 71
92 71
102 72
101 73
100 74
99 75
98 76
97 77
96 78
95 79
94 80
93 81
93 82
93 83
93 84
93 85
93 86
103 70
103 69
103 68
103 67
103 66
102 65
101 64
100 63
99 62
98 61
97 60
96 59
95 58
94 57
93 56
104 65
105 64
106 63
107 62
108 61
109 60
110 59
111 58
112 57
113 56
114 55
114 54
114 53
114 52
114 51
114 50
114 49
115 49
114 48
114 47
114 46
114 45
114 44
114 43
114 42
114 41
114 40
114 39
113 38
112 37
111 36
110 35
109 34
116 48
117 47
118 46
119 45
120 44
121 43
122 42
123 41
124 40
125 39
126 38
127 37
128 36
129 35
130 34
122 86
123 85
124 84
125 83
126 82
127 81
128 80
129 79
130 78
131 77
132 76
133 75
134 74
119 91
118 92
117 93
116 93
115 93
114 93
113 94
113 95
113 96
113 97
113 98
113 99
113 100
113 101
113 102
113 103
113 104
113 105
113 106
112 107
111 108
110 109
109 110
108 111
107 112
106 113
105 114
104 115
103 116
102 117
101 118
100 119
99 120
98 121
97 122
96 123
95 123
94 123
93 123
93 122
93 121
93 120
92 119
91 118
90 117
89 116
88 115
87 114
86 113
85 112
84 111
83 110
82 109
82 108
81 108
83 108
84 108
85 108
86 108
87 108
88 108
89 108
90 108
91 108
92 107
93 106
92 124
91 125
90 126
89 127
88 128
87 128
86 128
85 128
84 128
83 128
82 128
81 128
80 128
79 128
78 128
77 128
76 128
75 127
74 126
73 125
72 124
71 123
71 122
71 121
71 120
71 119
71 118
71 117
71 116
70 115
69 114
68 113
67 112
66 111
65 110
64 109
63 108
62 107
61 107
60 107
59 107
58 107
57 107
56 107
55 107
54 107
53 107
52 107
51 107
50 107
49 107
48 107
47 107
46 107
45 106
44 105
43 104
42 103
41 102
40 101
39 100
38 99
37 98
36 97
35 96
34 95
34 94
33 94
35 94
36 94
37 94
38 94
39 94
40 94
41 94
42 94
43 94
44 93
45 92
46 91
47 90
48 89
49 88
50 87
51 86
52 86
53 86
54 86
55 86
56 86
57 85
58 84
59 83
60 82
61 81
62 80
63 79
64 78
65 77
66 76
67 75
68 74
69 73
70 72
71 71
71 70
71 69
71 68
71 67
71 66
70 65
69 64
68 63
67 62
66 61
65 60
64 59
63 58
62 57
62 56
61 56
60 56
59 56
58 56
57 56
56 56
55 56
54 55
53 54
52 53
51 52
50 51
49 50
48 49
48 48
48 47
48 46
48 45
48 44
48 43
47 42
46 41
45 40
44 39
44 38
43 38
42 39
41 40
40 41
39 41
38 41
37 41
36 41
35 41
34 42
33 43
32 44
31 45
30 46
29 47
28 48
28 49
28 50
28 51
28 52
45 38
46 38
47 38
48 38
49 38
50 38
51 38
52 38
53 38
54 37
55 37
56 37
57 37
58 37
59 37
60 37
61 37
62 37
63 37
64 37
65 36
66 35
66 34
67 34
65 33
64 32
63 31
62 30
61 29
60 28
59 27
58 26
57 25
56 24
60 57
59 58
58 59
57 60
56 61
55 62
54 63
53 64
52 65
51 65
50 65
49 65
48 66
47 67
46 68
45 69
44 70
43 71
42 72
41 73
40 73
39 73
38 73
37 73
36 73
35 73
34 73
33 73
32 73
31 73
30 73
29 73
63 56
64 56
65 56
66 56
67 55
68 54
69 53
70 52
71 51
72 50
73 49
74 48
75 47
76 46
77 45
78 44
79 43
80 42
81 41
82 40
83 39
84 38
85 37
86 36
87 35
88 34
72 72
72 73
72 74
72 75
72 76
72 77
72 78
72 79
72 80
72 81
72 82
72 83
72 84
72 85
72 86
81 129
80 130
79 131
78 132
77 133
76 134
75 135
74 136
73 137
72 138
72 139
72 140
72 141
72 142
72 143
72 144
72 145
71 145
70 145
69 145
68 145
67 145
66 145
65 145
64 145
63 145
62 145
61 145
60 145
59 145
58 145
57 144
56 143
55 143
54 143
53 143
52 143
51 142
50 141
49 140
48 139
47 139
46 139
45 139
44 139
43 139
42 139
41 139
40 139
39 139
38 139
37 138
36 137
36 136
36 135
36 134
36 133
36 132
36 131
35 130
34 129
33 128
32 127
32 126
32 125
32 124
32 123
32 122
32 121
32 120
32 119
32 118
31 117
30 116
29 115
48 138
48 137
48 136
48 135
48 134
48 133
48 132
48 131
48 130
48 129
48 128
83 129
84 130
85 131
86 132
87 133
88 134
89 135
90 136
91 137
92 138
93 139
93 140
93 141
93 142
93 143
93 144
93 145
114 107
114 108
114 109
114 110
114 111
114 112
114 113
114 114
114 115
114 116
114 117
114 118
114 119
114 120
114 121
114 122
121 91
122 92
123 93
124 93
125 93
126 93
127 93
128 93
129 93
130 93
131 93
132 93
133 93
134 93
135 93
136 93
137 93
138 93
139 93
140 93
141 93
142 93
143 93
144 93
145 93
146 93
147 93
148 92
149 91
150 92
151 93
152 93
153 93
154 93
155 93
156 93
157 93
158 93
159 93
160 93
161 94
162 95
163 96
164 97
165 98
166 99
167 100
167 101
167 102
167 103
167 104
168 104
169 104
170 104
171 104
172 104
173 104
174 104
175 103
176 102
177 101
178 100
179 99
180 98
181 97
182 97
183 97
184 97
185 97
186 97
187 96
188 95
189 94
190 93
191 92
192 91
193 90
194 89
194 88
193 88
192 87
191 86
190 85
189 84
188 83
187 82
186 81
185 80
184 79
183 78
182 77
181 76
180 76
179 76
178 76
177 76
176 76
175 76
174 76
173 76
172 76
171 76
170 75
169 74
168 73
167 73
166 73
165 73
164 73
163 73
162 73
161 73
160 73
159 73
158 73
157 73
156 72
155 71
155 70
155 69
155 68
155 67
155 66
155 65
155 64
155 63
155 62
155 61
155 60
155 59
156 58
157 57
157 56
156 56
155 56
154 56
153 56
152 56
151 56
150 56
149 56
148 56
147 56
146 56
145 56
144 56
143 56
142 56
141 56
140 56
139 56
138 56
137 56
136 56
158 56
194 87
194 86
194 85
194 84
194 83
195 82
196 81
197 80
198 79
199 78
200 77
201 76
202 75
203 74
204 73
205 73
206 73
207 73
208 73
209 73
210 73
211 73
212 73
213 73
214 73
215 73
204 72
204 71
204 70
203 69
202 68
201 67
200 66
199 65
198 64
197 63
196 62
195 61
195 60
194 60
193 60
192 60
191 60
190 60
189 60
188 60
187 60
186 60
185 59
184 58
183 57
182 56
181 55
196 60
197 60
198 59
199 58
200 57
201 56
202 55
203 54
204 53
205 52
205 51
205 50
205 49
204 48
203 47
202 46
201 45
200 44
199 43
198 42
197 41
196 41
195 41
194 41
193 41
192 41
191 41
190 41
189 41
188 41
187 41
186 41
186 40
186 39
186 38
186 37
186 36
186 35
186 34
186 33
185 32
184 31
183 30
182 31
181 32
180 33
179 34
178 34
177 34
176 34
175 34
174 34
173 34
172 34
171 34
170 34
169 34
168 34
167 34
166 34
165 34
164 34
163 34
162 34
161 34
160 34
159 34
158 34
157 34
156 34
155 34
154 34
153 34
152 34
151 34
195 90
196 91
197 92
198 93
199 94
200 94
201 94
202 94
203 94
204 94
205 94
182 98
183 99
184 100
185 101
186 102
187 103
188 104
189 105
190 106
191 107
192 108
193 109
194 109
193 110
192 111
191 112
190 113
189 114
188 115
187 116
186 117
185 118
184 118
183 118
182 118
181 118
195 110
196 111
197 112
198 113
199 114
200 115
201 115
202 115
203 115
204 115
205 115
206 116
206 117
206 118
206 119
206 120
206 121
206 122
206 123
206 124
206 125
206 126
205 127
204 128
203 129
202 130
201 130
200 130
199 130
198 130
197 130
196 130
195 130
194 130
193 131
192 132
192 133
192 134
192 135
192 136
192 137
192 138
192 139
192 140
192 141
191 141
190 141
189 140
188 139
187 138
186 137
185 136
184 135
183 134
182 133
181 132
191 142
190 143
189 143
188 143
187 143
186 143
185 143
184 143
183 143
182 143
181 143
180 143
179 143
178 143
177 143
176 143
175 143
174 143
173 143
166 105
165 106
164 107
163 108
162 108
161 108
160 108
159 108
158 108
157 108
156 108
157 109
158 110
158 111
158 112
158 113
158 114
158 115
158 116
158 117
158 118
158 119
158 120
158 121
158 122
158 123
157 124
156 125
155 126
154 127
153 128
152 129
151 129
150 129
149 129
148 129
147 129
146 129
145 129
144 129
143 129
142 129
141 128
140 127
139 126
138 125
137 124
136 123
146 130
145 131
144 132
143 133
142 134
141 135
140 136
139 137
138 138
137 139
136 140
135 141
135 142
135 143
134 143
133 143
132 143
131 143
130 143
129 143
128 143
127 143
126 143
125 143
124 143
123 143
122 143
121 143
120 143
119 143
118 143
117 143
116 143
115 143
114 143
148 130
149 131
150 132
151 133
152 134
153 135
154 136
154 137
154 138
154 139
154 140
154 141
154 142
154 143
154 144
154 145
135 94
135 95
135 96
135 97
135 98
135 99
135 100
135 101
135 102
135 103
135 104
135 105
135 106
135 107
135 108
83
112 74
103 71
92 71
93 86
93 56
114 55
109 34
130 34
134 74
114 93
113 106
93 123
81 108
93 106
82 128
71 123
62 107
50 107
33 94
51 86
71 71
61 56
48 49
43 38
35 41
28 52
54 37
67 34
56 24
49 65
29 73
72 50
88 34
72 86
72 145
56 143
48 139
36 137
32 127
29 115
48 128
93 145
114 122
135 93
149 91
160 93
167 104
181 97
194 89
181 76
168 73
155 71
147 56
136 56
158 56
204 73
215 73
194 60
181 55
205 52
197 41
186 41
183 30
172 34
151 34
205 94
194 109
181 118
205 115
206 126
194 130
192 141
181 132
184 143
173 143
156 108
158 123
147 129
136 123
135 143
114 143
154 145
135 108
