1116
121 90
119 89
118 88
117 87
116 86
115 87
114 88
113 89
112 90
111 91
110 92
109 93
108 93
107 93
106 93
105 93
104 93
103 93
102 93
101 93
100 93
99 92
98 91
97 90
96 89
95 88
94 87
93 86
94 85
95 84
96 83
97 82
98 81
99 80
100 79
101 78
102 77
102 76
101 76
100 76
99 76
98 76
97 76
96 75
95 74
94 73
93 72
92 71
92 70
92 69
92 68
92 67
92 66
92 65
92 64
92 63
92 62
92 61
92 60
92 59
92 58
92 57
93 56
103 76
104 76
105 76
106 76
107 76
108 75
109 74
110 73
111 72
112 71
113 70
114 69
115 68
116 67
116 66
116 65
116 64
116 63
116 62
116 61
116 60
116 59
116 58
115 57
114 56
113 55
113 54
113 53
113 52
113 51
113 50
112 50
111 49
110 48
109 47
108 46
107 45
106 44
105 43
104 42
103 41
102 40
101 39
100 38
99 37
98 36
97 35
96 34
113 49
113 48
113 47
113 46
113 45
113 44
113 43
113 42
113 41
113 40
113 39
113 38
114 37
115 36
116 35
117 34
103 94
102 95
101 96
100 97
99 98
98 99
97 100
96 101
95 102
94 103
93 104
93 105
93 106
93 107
93 108
92 108
91 108
90 108
89 108
88 108
87 108
86 108
85 108
84 108
83 108
82 108
81 108
80 108
79 108
78 108
77 108
76 108
75 108
74 108
73 108
72 108
71 108
81 109
80 110
79 111
78 112
77 113
76 114
75 115
74 116
73 117
73 118
73 119
73 120
73 121
73 122
73 123
72 124
71 124
70 124
69 124
68 124
67 124
66 124
65 124
64 124
63 124
62 124
62 123
62 122
62 121
62 120
62 119
61 118
60 117
59 116
58 115
57 114
56 113
55 112
54 111
53 110
52 109
51 108
50 107
50 106
50 105
50 104
50 103
50 102
50 101
50 100
50 99
50 98
50 97
50 96
50 95
50 94
50 93
50 92
50 91
50 90
50 89
50 88
51 87
51 86
51 85
51 84
51 83
51 82
51 81
51 80
51 79
51 78
51 77
51 76
51 75
51 74
51 73
50 72
49 71
48 70
48 69
48 68
49 67
50 66
51 65
52 64
53 63
54 62
55 61
56 60
57 59
58 58
59 57
60 56
60 55
59 55
58 55
57 55
56 55
55 55
54 55
53 54
52 53
51 52
50 51
49 50
48 49
47 49
46 49
45 49
44 49
43 49
42 48
41 47
40 46
39 45
38 44
37 43
36 42
35 41
34 42
33 43
32 44
31 45
30 46
29 47
29 48
29 49
29 50
29 51
29 52
48 48
48 47
48 46
48 45
48 44
48 43
48 42
48 41
48 40
48 39
48 38
49 38
50 38
51 38
52 37
53 36
54 35
55 34
56 34
57 34
58 34
59 34
60 34
61 34
62 34
63 34
64 34
65 34
66 34
67 34
68 34
69 34
70 34
71 34
72 34
73 34
74 34
75 34
61 55
62 56
63 56
64 56
65 56
66 56
67 56
68 56
69 56
70 56
71 56
72 56
71 57
71 58
71 59
71 60
71 61
71 62
71 63
71 64
71 65
71 66
71 67
71 68
71 69
71 70
71 71
72 72
72 73
72 74
72 75
72 76
72 77
72 78
72 79
72 80
72 81
72 82
72 83
72 84
72 85
72 86
47 71
46 72
45 73
44 73
43 73
42 73
41 73
40 73
39 73
38 73
37 73
36 73
35 73
34 73
33 73
32 73
31 73
30 73
29 73
61 125
60 126
59 127
58 128
57 128
56 128
55 128
54 128
53 128
52 128
51 128
50 128
49 128
48 128
48 129
47 129
46 130
45 131
44 132
43 133
42 134
41 135
40 136
39 137
38 137
37 137
36 137
36 136
36 135
36 134
36 133
36 132
36 131
36 130
35 129
34 128
33 127
33 126
33 125
33 124
33 123
33 122
33 121
33 120
33 119
33 118
33 117
32 116
31 115
31 114
31 113
31 112
31 111
31 110
31 109
31 108
31 107
31 106
31 105
31 104
31 103
31 102
31 101
31 100
31 99
31 98
31 97
30 96
29 95
28 94
48 130
48 131
48 132
48 133
48 134
48 135
48 136
48 137
48 138
48 139
49 140
50 141
51 142
52 143
53 143
54 143
55 143
56 144
57 145
58 145
59 145
60 145
61 145
62 145
63 145
64 145
65 145
66 145
67 145
68 145
69 145
70 145
71 145
72 145
73 145
74 145
93 109
93 110
93 111
93 112
93 113
93 114
93 115
93 116
93 117
93 118
93 119
93 120
93 121
93 122
93 123
93 124
93 125
93 126
94 127
95 128
95 129
95 130
95 131
95 132
95 133
95 134
95 135
95 136
95 137
95 138
95 139
95 140
95 141
95 142
95 143
95 144
95 145
105 94
106 95
107 96
108 97
109 98
110 99
111 100
112 101
112 102
112 103
113 104
114 105
115 106
116 107
117 108
118 108
119 108
120 108
121 108
122 108
123 108
124 108
125 108
126 108
127 108
128 108
129 108
130 108
131 108
132 108
133 108
134 108
135 108
136 108
137 108
127 109
128 110
129 111
130 112
131 113
132 114
133 115
134 116
135 117
136 118
136 119
136 120
136 121
136 122
136 123
135 124
134 125
133 126
132 127
131 128
130 129
129 130
128 131
127 132
126 133
125 134
124 135
123 136
122 137
121 138
120 139
119 140
118 141
117 142
116 143
125 109
124 110
123 111
122 112
121 113
120 114
119 115
118 116
117 117
116 118
115 119
115 120
115 121
115 122
122 90
123 90
124 89
125 88
126 87
127 86
127 85
127 84
127 83
127 82
127 81
127 80
128 79
129 78
130 77
131 76
132 75
133 74
134 73
135 72
136 71
136 70
136 69
136 68
136 67
136 66
136 65
136 64
136 63
136 62
136 61
136 60
136 59
136 58
136 57
136 56
135 55
137 72
138 73
139 74
140 74
141 74
142 74
143 74
144 74
145 74
146 74
147 74
148 74
149 74
150 74
151 74
152 74
153 74
154 74
155 74
156 73
157 72
158 71
158 70
158 69
158 68
158 67
158 66
158 65
158 64
158 63
158 62
158 61
158 60
158 59
157 58
156 57
156 56
155 56
157 56
158 56
159 56
160 56
161 56
162 56
163 56
164 55
165 54
166 53
166 52
166 51
166 50
166 49
166 48
166 47
167 46
168 45
169 44
169 43
168 43
167 42
166 41
165 40
164 39
163 38
162 37
161 36
160 35
159 34
158 34
157 34
156 34
155 34
154 34
153 34
152 34
151 34
150 34
149 34
148 34
147 34
146 34
145 34
144 34
143 34
142 34
141 34
140 34
139 34
138 34
170 43
171 43
172 43
173 43
174 43
175 43
176 43
177 43
178 43
179 43
180 43
181 43
182 43
183 43
184 43
185 43
186 43
187 43
188 43
189 42
190 41
191 40
192 39
193 40
194 41
195 42
196 43
197 44
198 45
199 46
200 47
201 48
202 49
202 50
203 50
204 50
205 50
206 50
207 50
208 50
209 50
210 50
211 50
212 50
213 50
214 50
215 49
203 51
204 52
205 53
205 54
205 55
205 56
205 57
205 58
205 59
205 60
205 61
205 62
204 63
203 64
202 65
201 66
200 66
199 66
198 66
197 66
196 66
195 66
194 66
193 66
192 66
191 66
190 66
189 66
188 66
187 66
186 66
185 66
184 66
183 66
182 65
181 64
195 67
196 68
197 69
198 70
199 71
200 72
201 73
202 74
203 75
204 76
205 77
205 78
205 79
205 80
205 81
205 82
205 83
204 83
203 83
202 83
201 83
200 83
199 83
198 83
197 83
196 83
195 83
194 83
193 84
192 85
191 85
190 85
189 85
188 85
187 85
186 85
185 85
184 85
183 85
182 85
181 85
170 42
170 41
170 40
170 39
171 38
172 37
173 36
174 35
175 34
176 33
177 32
148 75
149 76
150 77
151 78
152 79
153 80
154 81
155 82
156 83
157 84
158 85
159 86
160 87
160 88
160 89
160 90
160 91
160 92
159 93
158 94
158 95
158 96
158 97
158 98
158 99
158 100
158 101
158 102
158 103
158 104
158 105
158 106
158 107
158 108
159 109
160 110
161 111
162 112
163 113
164 114
165 115
166 116
167 117
168 118
168 119
168 120
168 121
168 122
168 123
167 124
166 124
165 124
164 124
163 124
162 124
161 124
160 124
159 124
158 124
157 124
156 125
155 126
154 127
153 128
152 129
151 130
150 131
149 132
148 133
147 134
146 135
145 136
144 137
143 138
142 139
141 140
140 141
139 142
138 143
137 144
137 145
158 125
158 126
158 127
158 128
158 129
158 130
158 131
158 132
158 133
158 134
158 135
158 136
158 137
158 138
158 139
158 140
158 141
158 142
158 143
158 144
158 145
169 124
170 125
171 126
172 127
173 127
174 127
175 127
176 127
177 127
178 127
179 127
180 127
181 127
182 128
183 129
184 130
185 130
186 130
187 130
188 130
189 130
190 130
191 130
192 130
193 130
194 130
195 130
196 130
197 130
198 130
199 130
200 130
201 129
202 128
203 127
204 126
205 125
206 126
207 127
207 128
207 129
207 130
207 131
207 132
207 133
207 134
207 135
207 136
194 129
194 128
194 127
194 126
194 125
194 124
194 123
194 122
194 121
194 120
194 119
194 118
193 118
192 117
191 116
190 115
189 114
188 113
187 112
186 111
185 110
184 109
183 108
182 107
181 106
194 117
194 116
194 115
194 114
195 113
196 112
197 111
198 110
199 109
200 108
201 107
202 106
203 105
204 104
205 104
206 104
207 104
208 104
209 104
210 104
211 104
212 104
213 104
214 104
215 104
193 131
192 132
191 133
190 134
190 135
190 136
190 137
190 138
190 139
190 140
190 141
189 142
188 143
187 143
186 143
185 143
184 143
183 143
182 143
181 143
180 143
179 143
128 87
129 88
130 89
131 90
132 91
133 92
134 93
135 93
136 93
137 93
138 93
139 93
83
116 86
104 93
93 86
92 71
93 56
103 76
116 67
113 55
96 34
117 34
93 108
82 108
71 108
73 123
62 124
50 107
51 87
48 70
48 49
35 41
29 52
48 38
55 34
75 34
61 55
72 56
71 71
72 86
29 73
48 128
36 137
33 127
31 115
28 94
48 139
55 143
74 145
93 126
95 145
112 103
126 108
137 108
136 123
116 143
115 122
127 86
136 71
135 55
147 74
158 71
155 56
166 53
159 34
138 34
170 43
181 43
192 39
202 50
215 49
205 62
194 66
181 64
205 83
194 83
181 85
177 32
160 92
158 108
168 123
157 124
137 145
158 145
181 127
194 130
205 125
207 136
194 119
181 106
204 104
215 104
190 141
179 143
139 93
