3059
119 90
118 90
117 90
116 90
115 90
114 90
113 90
112 90
111 90
110 90
109 90
108 90
107 90
106 90
105 90
104 90
103 90
102 90
101 90
100 90
99 90
98 90
97 90
96 90
95 90
94 90
93 90
92 90
91 90
90 90
89 90
88 90
87 90
86 90
85 90
84 90
83 90
82 90
81 90
80 90
79 90
78 90
77 90
76 90
75 90
74 90
73 90
72 90
71 90
70 90
69 90
68 90
67 90
66 90
65 90
64 90
63 90
62 90
61 90
60 90
59 90
58 90
57 90
56 90
55 90
54 90
53 90
52 90
51 90
50 90
49 90
48 90
47 90
46 90
45 90
44 90
43 90
42 90
41 90
40 90
39 90
38 90
37 90
36 90
35 90
34 90
33 90
32 90
31 90
30 89
51 89
52 89
51 88
50 87
49 86
48 85
47 84
46 83
45 82
44 81
43 80
42 79
41 78
40 77
39 76
38 75
37 74
36 73
35 72
34 71
33 70
75 89
75 88
75 87
75 86
75 85
75 84
75 83
75 82
75 81
75 80
75 79
75 78
75 77
75 76
75 75
76 75
75 74
74 73
73 72
73 71
72 71
71 71
70 71
69 71
68 71
67 71
66 71
65 71
64 71
63 71
62 71
61 71
60 71
59 71
58 71
57 71
56 71
55 71
54 71
53 71
52 71
51 71
50 71
49 71
48 70
47 69
46 68
45 67
44 66
43 65
42 64
41 63
40 62
39 61
38 60
37 59
36 58
35 57
34 56
33 55
32 54
31 53
30 52
29 51
53 70
52 69
51 68
62 70
61 69
60 68
59 67
58 66
57 65
56 64
55 63
54 62
53 61
52 60
51 59
50 58
49 57
48 56
47 55
46 54
45 53
44 52
43 51
42 50
41 49
40 48
39 47
38 46
37 45
36 44
35 43
34 42
33 41
44 50
45 51
46 52
47 53
48 54
49 55
50 56
51 57
52 58
53 59
54 60
55 61
56 62
57 63
58 64
59 65
60 66
61 67
62 68
63 69
64 70
70 70
71 70
72 70
72 69
72 68
72 67
72 66
72 65
72 64
72 63
72 62
72 61
72 60
71 60
70 59
69 58
68 57
67 56
66 55
65 54
64 53
63 52
62 51
61 50
60 49
59 48
58 47
57 46
56 45
55 44
54 43
53 42
52 41
51 40
50 39
72 59
72 58
72 57
72 56
72 55
72 54
72 53
71 53
71 52
72 52
72 51
72 50
72 49
71 49
70 48
69 47
68 46
67 45
66 44
65 43
64 42
63 41
62 40
61 39
60 38
59 37
58 36
57 35
56 34
55 33
54 32
53 31
72 48
72 47
71 46
70 45
69 44
68 43
67 42
66 41
65 40
64 39
63 38
62 37
61 36
60 35
59 34
58 33
57 32
56 31
55 30
54 29
70 51
69 50
68 49
67 48
66 47
65 46
64 45
63 44
62 43
61 42
60 41
59 40
58 39
57 38
56 37
55 36
54 35
53 34
52 33
51 32
70 69
69 69
69 68
68 68
68 67
67 67
67 66
66 66
66 65
65 65
65 64
64 64
64 63
63 63
63 62
62 62
62 61
61 61
61 60
60 60
60 59
59 59
59 58
58 58
58 57
57 57
57 56
56 56
55 55
54 54
53 53
52 52
51 51
50 50
49 49
48 48
47 47
46 46
45 45
44 44
43 43
42 42
41 41
40 40
39 39
71 72
70 73
69 73
68 73
67 73
66 73
65 73
64 73
63 73
62 73
61 73
69 74
68 75
67 76
66 77
65 78
64 79
63 80
63 81
63 82
63 83
63 84
63 85
63 86
63 87
74 71
75 71
76 71
77 71
78 71
79 71
80 71
81 71
82 71
83 71
84 71
85 71
86 71
87 71
88 71
89 71
90 70
91 69
92 68
93 67
77 76
78 77
79 78
80 79
81 79
82 79
83 79
84 79
85 79
86 79
87 79
88 79
89 79
90 79
91 79
92 79
93 79
81 80
82 81
82 82
83 82
82 83
82 84
82 85
82 86
82 87
82 88
82 89
84 83
85 84
86 85
87 86
88 87
89 87
90 87
91 87
92 87
93 87
89 88
90 89
91 89
92 89
93 89
94 89
95 89
96 89
97 89
98 89
99 89
100 89
101 89
102 89
103 89
104 89
105 89
106 89
107 89
108 89
109 89
110 89
111 89
112 89
75 91
75 92
75 93
82 91
82 92
82 93
82 94
82 95
82 96
82 97
82 98
82 99
82 100
82 101
82 102
82 103
92 91
93 92
93 93
94 93
93 94
93 95
93 96
93 97
93 98
93 99
95 94
96 95
97 96
97 97
98 97
97 98
97 99
97 100
97 101
97 102
97 103
97 104
97 105
97 106
97 107
97 108
96 108
95 108
94 108
93 108
92 108
91 108
90 108
89 108
88 108
87 108
86 108
85 108
84 108
83 108
82 108
81 108
80 108
79 108
78 108
77 108
76 108
75 108
74 108
73 108
72 108
71 108
70 108
69 108
68 108
67 108
66 108
65 108
64 108
63 108
62 108
61 108
60 108
59 108
58 108
57 108
56 108
55 108
54 108
53 108
52 108
51 108
50 108
49 108
48 108
47 108
46 108
45 108
44 108
43 108
42 108
41 108
40 108
39 108
38 108
37 108
36 108
35 108
34 108
33 108
44 109
45 109
46 109
47 109
48 109
49 109
50 109
51 109
52 109
53 109
54 109
55 109
56 109
57 109
58 109
59 109
60 109
61 109
62 109
63 109
64 109
65 109
66 109
67 109
68 109
69 109
70 109
71 109
72 109
73 109
74 109
75 109
76 109
77 109
78 109
79 109
80 109
81 109
82 109
83 109
84 109
85 109
86 109
87 109
88 109
89 109
90 109
91 109
92 109
93 109
94 109
95 109
96 109
97 109
98 109
99 109
100 109
101 109
101 108
100 108
99 108
98 108
99 107
99 106
99 105
99 104
99 103
99 102
99 101
99 100
99 99
100 99
99 98
101 100
102 100
103 100
104 100
105 100
106 100
107 100
108 100
109 100
110 100
111 100
112 100
113 100
114 100
115 100
116 100
112 99
111 99
112 98
113 97
114 96
115 95
116 94
117 93
118 92
119 91
121 90
120 89
120 88
119 88
118 87
117 86
116 85
115 84
114 83
113 82
112 81
111 80
110 79
109 78
108 77
107 76
106 75
105 74
104 73
103 72
102 71
101 70
100 69
99 68
98 67
97 66
96 65
95 64
94 63
93 62
92 61
91 60
90 59
89 58
88 57
87 56
86 55
85 54
84 53
83 52
82 51
81 50
80 49
79 48
78 47
77 46
76 45
75 44
74 43
73 42
72 41
71 40
70 39
69 38
68 37
67 36
66 35
65 34
120 87
120 86
120 85
120 84
120 83
120 82
120 81
121 81
120 80
120 79
120 78
119 78
119 77
118 77
118 76
117 76
117 75
116 75
116 74
115 74
115 73
114 73
114 72
113 72
113 71
112 71
112 70
111 70
111 69
110 69
110 68
109 68
109 67
108 67
108 66
107 66
107 65
106 65
106 64
105 64
105 63
104 63
104 62
103 62
103 61
102 61
102 60
101 60
101 59
100 59
100 58
99 58
99 57
98 57
98 56
97 56
97 55
96 55
96 54
95 54
95 53
94 53
94 52
93 52
93 51
92 51
92 50
91 49
90 48
89 47
88 46
87 45
86 44
85 43
84 42
83 41
82 40
81 39
80 38
79 37
78 36
77 35
76 34
120 77
120 76
120 75
120 74
120 73
120 72
121 72
120 71
120 70
120 69
120 68
121 68
120 67
119 67
119 66
118 66
118 65
117 65
117 64
116 64
116 63
115 63
115 62
114 62
114 61
113 61
113 60
112 60
112 59
111 59
111 58
110 58
110 57
109 57
109 56
108 56
108 55
107 55
107 54
106 54
106 53
105 53
105 52
104 52
104 51
103 51
103 50
102 49
101 48
100 47
99 46
98 45
97 44
96 43
95 42
94 41
93 40
92 39
91 38
90 37
89 36
88 35
87 34
120 66
120 65
120 64
120 63
120 62
119 62
118 61
117 60
116 59
115 58
114 57
113 56
112 55
120 61
120 60
120 59
120 58
120 57
121 57
120 56
120 55
120 54
120 53
120 52
120 51
120 50
120 49
120 48
120 47
120 46
119 46
118 45
117 44
116 43
115 42
114 41
113 40
112 39
111 38
110 37
109 36
108 35
107 34
120 45
120 44
120 43
120 42
120 41
121 40
122 39
123 38
124 37
125 36
126 35
127 34
121 46
122 45
123 44
124 43
125 42
126 41
127 40
128 39
129 38
130 37
131 36
132 35
133 34
134 33
135 32
136 31
137 30
138 29
139 28
140 27
141 26
122 56
123 55
124 54
125 53
126 52
127 51
128 50
129 49
130 48
131 47
132 46
133 45
134 44
135 43
136 42
137 41
138 40
139 39
121 62
122 61
123 60
124 59
125 58
126 57
127 56
128 55
129 54
130 53
131 52
122 67
123 66
124 65
125 64
126 63
127 62
128 61
129 60
130 59
131 58
132 57
133 56
134 55
135 54
136 53
137 52
138 51
139 50
140 49
141 48
142 47
143 46
144 45
145 44
146 43
147 42
148 41
149 40
150 39
151 38
152 37
153 36
154 35
155 34
122 71
123 70
124 69
125 68
126 67
127 66
128 65
129 64
130 63
131 62
132 61
133 60
134 59
135 58
136 57
137 56
138 55
139 54
140 53
141 52
142 51
143 50
144 49
145 48
122 80
123 79
124 78
125 77
126 76
127 75
128 74
129 73
130 72
131 71
132 70
133 69
134 68
135 67
136 66
137 65
138 64
139 63
140 62
141 61
142 60
121 88
122 87
123 86
124 85
125 84
126 83
127 82
128 81
129 80
130 79
131 78
132 77
133 76
134 75
135 74
136 73
137 72
138 71
139 70
140 69
141 68
142 67
143 66
144 65
145 64
146 63
147 62
148 61
149 60
150 59
151 58
152 57
153 56
154 55
155 54
156 53
157 52
158 51
159 50
160 49
161 48
162 47
163 46
164 45
165 44
166 43
167 42
168 41
169 40
170 39
171 38
172 37
173 36
174 35
175 34
176 33
121 91
122 90
123 90
124 90
125 90
126 90
127 90
128 90
129 90
130 90
131 90
132 90
133 90
134 90
135 90
136 90
137 90
138 90
139 90
140 90
141 90
142 90
143 90
144 90
145 90
146 90
147 90
148 90
149 90
150 90
151 90
152 90
153 90
154 90
155 90
156 90
157 90
158 90
159 90
160 90
161 90
162 90
163 90
164 90
165 90
166 90
167 90
168 90
169 90
170 90
171 90
172 90
173 90
174 90
175 90
176 90
177 90
178 90
179 90
180 90
181 90
182 90
183 90
184 90
185 90
186 90
187 90
188 90
189 90
190 90
191 90
192 90
193 90
194 90
195 90
196 90
197 90
198 90
199 90
200 90
201 90
202 90
203 90
204 90
205 90
206 90
207 90
208 90
209 90
210 90
211 90
212 90
213 89
214 88
215 87
202 89
203 88
204 87
187 89
186 88
185 89
187 87
188 86
189 85
190 84
191 83
192 84
191 85
190 86
189 87
188 88
193 83
194 82
195 81
196 80
197 79
198 78
199 77
200 76
201 75
202 74
203 73
204 72
205 71
178 89
177 89
178 88
179 88
179 87
180 87
180 86
181 86
181 85
182 85
182 84
183 84
183 83
184 83
184 82
185 82
185 81
186 81
186 80
187 80
187 79
188 79
188 78
189 78
189 77
190 77
190 76
191 76
191 75
192 75
192 74
193 74
193 73
194 73
194 72
195 71
196 70
197 69
198 68
199 67
200 66
201 65
202 64
203 63
204 62
205 61
206 60
207 59
208 58
209 57
210 56
211 55
212 54
213 53
214 52
215 51
173 89
174 88
175 87
176 86
177 85
178 84
179 83
166 89
165 89
164 88
163 89
165 87
166 86
167 85
168 84
169 83
170 82
171 81
172 80
173 79
174 78
175 77
176 76
177 75
178 74
179 73
180 72
181 71
182 72
183 72
183 71
184 71
184 70
185 70
185 69
186 69
186 68
187 68
187 67
188 67
188 66
189 66
189 65
190 65
190 64
191 64
191 63
192 63
192 62
193 62
193 61
194 61
194 60
195 59
196 58
197 57
198 56
199 55
200 54
201 53
202 52
203 51
204 50
182 73
181 73
181 74
180 74
180 75
179 75
179 76
178 76
178 77
177 77
177 78
176 78
176 79
175 79
175 80
174 80
174 81
173 81
173 82
172 82
172 83
171 83
171 84
170 84
170 85
169 85
169 86
168 86
168 87
167 87
167 88
166 88
144 89
143 88
142 87
141 88
140 89
142 89
143 86
144 85
145 84
146 83
147 82
148 81
149 80
150 79
151 78
152 77
153 76
154 75
155 74
156 73
157 72
158 71
159 72
158 73
157 74
156 75
155 76
154 77
153 78
152 79
151 80
150 81
149 82
148 83
147 84
146 85
145 86
144 87
145 88
146 87
147 86
148 85
149 84
150 83
151 82
152 81
153 80
154 79
155 78
156 77
157 76
158 75
159 74
160 73
161 72
160 71
161 70
162 69
163 68
164 67
165 66
166 65
167 64
168 63
169 62
170 61
171 60
172 59
173 58
174 57
175 56
176 55
177 54
178 53
179 52
180 51
181 50
182 51
181 52
180 53
179 54
178 55
177 56
176 57
175 58
174 59
173 60
172 61
171 62
170 63
169 64
168 65
167 66
166 67
165 68
164 69
163 70
162 71
183 50
184 49
185 48
186 47
187 46
188 45
189 44
190 43
191 42
192 41
136 89
135 88
134 88
134 89
133 89
135 87
136 87
136 86
137 86
137 85
138 85
138 84
139 84
139 83
140 83
140 82
141 82
141 81
142 81
142 80
143 80
143 79
144 79
144 78
145 78
145 77
146 77
146 76
147 76
147 75
148 74
149 73
150 72
151 71
152 70
153 69
154 68
155 67
156 66
157 65
158 64
159 63
160 62
161 61
162 60
163 59
164 58
165 57
166 56
167 55
168 54
169 53
170 52
171 51
172 50
173 49
174 48
175 47
176 46
177 45
178 44
179 43
180 42
181 41
182 40
183 39
184 38
185 37
186 36
187 35
188 34
148 77
147 78
146 79
145 80
144 81
143 82
142 83
141 84
140 85
139 86
138 87
137 88
149 76
150 75
151 74
152 73
153 72
154 71
155 70
156 69
157 68
158 67
159 66
160 65
161 64
162 63
163 62
164 61
165 60
166 59
167 58
168 57
169 56
170 55
171 54
172 53
173 52
174 51
175 50
176 49
177 48
178 47
179 46
180 45
181 44
182 43
183 42
184 41
185 40
186 39
187 38
188 37
189 36
190 35
130 89
131 88
132 87
133 86
134 85
135 84
136 83
137 82
138 81
139 80
140 79
141 78
142 77
143 76
144 75
145 74
146 73
147 72
148 71
149 70
150 69
151 68
152 67
153 66
154 65
155 64
156 63
157 62
158 61
159 60
160 59
161 58
162 57
163 56
164 55
165 54
166 53
167 52
168 51
169 50
170 49
171 48
172 47
173 46
174 45
175 44
176 43
177 42
178 41
179 40
180 39
181 38
182 37
183 36
184 35
185 34
186 33
187 32
123 89
124 88
125 87
126 86
127 85
128 84
129 83
130 82
131 81
132 80
133 79
134 78
135 77
136 76
137 75
138 74
139 73
140 72
141 71
142 70
143 69
144 68
145 67
146 66
147 65
148 64
149 63
150 62
151 61
152 60
153 59
154 58
155 57
156 56
157 55
158 54
159 53
160 52
161 51
162 50
163 49
164 48
165 47
166 46
167 45
168 44
122 92
123 93
124 93
125 93
126 93
127 93
128 93
129 93
130 93
131 93
132 93
133 93
134 93
135 93
136 93
137 93
138 93
139 93
140 93
141 93
142 93
143 93
144 93
145 93
146 93
147 93
148 93
149 93
150 93
151 93
152 93
153 93
154 93
155 93
156 93
157 93
158 93
158 94
157 94
156 94
155 94
154 94
153 94
152 94
151 94
150 94
149 94
148 94
147 94
146 94
145 94
144 94
143 94
142 94
141 94
140 94
139 94
138 94
137 94
136 94
135 94
134 94
133 94
132 94
131 94
130 94
129 94
128 94
127 94
126 94
125 94
124 94
125 95
126 95
127 95
128 95
129 95
130 95
131 95
132 95
133 95
134 95
135 95
136 95
137 95
138 95
139 95
140 95
141 95
142 95
143 95
144 95
145 95
146 95
147 95
148 95
149 95
150 95
151 95
152 95
153 95
154 95
155 95
156 95
157 95
158 95
159 95
160 95
161 95
162 95
163 95
164 95
165 95
166 95
167 95
168 95
169 95
170 95
170 94
169 94
168 94
167 94
166 94
165 94
164 94
163 94
162 94
161 94
160 94
159 94
171 94
172 94
173 94
174 94
175 94
176 94
177 94
178 94
179 94
180 94
181 94
126 96
127 97
128 98
129 99
130 100
131 100
132 100
133 100
134 100
135 100
136 100
137 100
138 100
139 100
140 100
141 100
142 100
143 100
144 100
145 100
146 100
147 100
148 100
149 100
150 100
151 100
152 100
153 100
154 100
155 100
156 100
157 100
158 100
159 100
160 100
161 100
162 100
163 100
164 100
165 100
166 100
167 100
168 100
169 100
170 100
171 100
172 100
173 100
174 100
175 100
176 100
177 100
178 100
179 100
180 100
181 100
182 100
183 100
184 100
185 100
186 100
187 100
188 100
189 100
190 100
191 100
192 100
193 100
194 100
150 101
149 101
148 101
147 101
146 101
145 101
144 101
143 101
142 101
141 101
140 101
139 101
138 101
137 101
136 101
135 101
134 101
133 101
132 101
131 101
132 102
133 102
134 102
135 102
136 102
137 102
138 102
139 102
140 102
141 102
142 102
143 102
144 102
145 102
146 102
147 102
148 102
149 102
150 102
151 102
152 102
153 102
154 102
155 102
156 102
157 102
158 102
159 102
160 102
161 102
162 102
163 102
164 102
165 102
166 102
167 102
168 102
169 102
170 102
171 102
172 102
173 102
174 102
175 102
176 102
177 102
178 102
179 102
180 102
181 102
182 102
183 102
184 102
185 102
186 102
187 102
188 102
189 102
190 102
191 102
192 102
193 102
194 102
195 102
196 102
197 102
198 102
199 102
200 102
201 102
202 102
203 102
204 102
205 102
133 103
134 104
135 105
136 106
137 107
136 108
135 108
134 108
133 108
132 108
131 108
130 108
129 108
128 108
127 108
126 108
125 108
124 108
123 108
122 108
121 108
120 108
119 108
118 108
117 108
116 108
115 108
114 108
113 108
112 108
111 108
110 108
109 108
108 107
107 106
106 105
105 105
105 104
106 104
107 103
108 102
109 101
104 103
103 102
102 101
104 106
103 107
102 108
110 109
111 110
112 110
112 109
112 111
112 112
113 112
112 113
112 114
112 115
112 116
112 117
112 118
112 119
112 120
112 121
112 122
112 123
112 124
112 125
112 126
112 127
112 128
112 129
112 130
112 131
112 132
112 133
112 134
112 135
112 136
112 137
112 138
112 139
112 140
112 141
112 142
112 143
114 113
114 114
115 114
114 115
114 116
114 117
114 118
114 119
114 120
114 121
114 122
114 123
114 124
114 125
114 126
114 127
114 128
114 129
116 115
117 116
118 117
119 118
120 119
121 120
122 121
123 122
124 123
125 124
126 125
127 126
128 127
129 127
130 127
131 127
132 127
133 127
134 127
135 127
129 128
130 129
131 130
132 131
133 131
134 131
135 131
136 131
137 131
138 131
139 131
140 131
141 131
142 131
143 131
144 131
145 131
146 131
147 131
133 132
132 132
132 133
132 134
132 135
132 136
132 137
132 138
132 139
132 140
132 141
132 142
132 143
134 133
135 134
136 135
137 136
138 137
139 138
140 139
141 140
142 141
143 142
144 143
145 143
146 143
147 143
148 143
149 143
150 143
151 143
152 143
153 143
154 143
155 143
156 143
157 143
158 143
159 143
160 143
161 143
162 143
163 143
164 143
165 143
166 143
167 143
168 143
169 143
170 143
171 143
172 143
173 143
174 143
175 143
176 143
177 143
178 143
179 143
180 143
181 143
182 143
183 143
184 143
185 143
186 143
187 143
188 143
188 142
187 142
186 142
185 142
184 142
183 142
182 142
181 142
180 142
179 142
178 142
177 142
176 142
175 142
174 142
173 142
172 142
171 141
170 140
169 139
168 138
168 137
167 137
167 136
166 136
166 135
165 135
164 134
163 133
162 132
161 131
160 130
159 129
158 128
158 127
157 127
157 126
156 126
156 125
155 125
155 124
154 124
153 123
152 122
151 121
150 120
149 119
149 118
148 118
147 117
146 116
145 115
144 114
144 113
143 113
142 112
141 111
140 110
140 109
139 109
139 108
138 108
140 108
141 108
142 108
143 108
144 108
145 108
146 108
147 108
148 108
149 108
150 108
151 108
152 108
153 108
154 108
155 108
156 108
157 108
158 108
159 108
160 108
161 108
162 108
163 108
164 108
164 109
163 109
162 109
161 109
160 109
159 109
158 109
157 109
156 109
155 109
154 109
153 109
152 109
151 109
150 109
149 109
148 109
147 109
146 109
145 109
144 109
143 109
142 109
141 109
165 109
166 109
167 109
168 109
169 109
170 109
171 109
172 109
173 109
174 109
175 109
176 109
177 109
178 109
179 109
180 109
181 109
145 113
146 113
147 113
148 113
149 113
150 113
151 113
152 113
153 113
154 113
155 113
156 113
157 113
158 113
159 113
160 113
161 113
162 113
163 113
164 113
165 113
166 113
167 113
168 113
169 113
170 113
171 113
172 113
173 113
174 113
175 113
176 113
177 113
178 113
179 113
180 113
181 113
182 113
183 113
184 113
185 113
186 113
187 113
188 113
189 113
190 113
191 113
192 113
193 113
194 113
195 113
196 113
197 113
198 113
199 113
200 113
201 113
202 113
203 113
204 113
205 113
206 113
207 113
208 113
209 113
210 113
211 113
212 113
213 113
156 124
157 124
158 124
159 124
160 124
161 124
162 124
163 124
164 124
165 124
166 124
167 124
168 124
169 124
170 124
171 124
172 124
173 124
174 124
175 124
176 124
177 124
178 124
179 124
180 124
181 124
182 124
183 124
184 124
185 124
186 124
187 124
188 124
189 124
190 124
191 124
192 124
193 124
194 124
195 124
196 124
197 124
198 124
199 124
200 124
201 124
202 124
203 124
204 124
205 124
181 125
180 125
179 125
178 125
177 125
176 125
175 125
174 125
173 125
172 125
171 125
170 125
169 125
168 125
167 125
166 125
165 125
164 125
163 125
162 125
161 125
160 125
159 125
158 125
157 125
158 126
159 126
160 126
161 126
162 126
163 126
164 126
165 126
166 126
167 126
168 126
169 126
170 126
171 126
172 126
173 126
174 126
175 126
176 126
177 126
178 126
179 126
180 126
181 126
182 126
183 126
184 126
185 126
186 126
187 126
188 126
189 126
190 126
191 126
192 126
193 126
194 126
160 127
159 127
167 135
168 135
169 135
170 135
171 135
172 135
173 135
174 135
175 135
176 135
177 135
178 135
179 135
180 135
181 135
182 135
183 135
184 135
185 135
186 135
187 135
188 135
189 135
190 135
191 135
192 135
193 135
194 135
195 135
196 135
197 135
198 135
199 135
200 135
201 135
202 135
203 135
204 135
205 135
206 135
207 135
208 135
206 136
205 136
204 136
203 136
202 136
201 136
200 136
199 136
198 136
197 136
196 136
195 136
194 136
193 136
192 136
191 136
190 136
189 136
188 136
187 136
186 136
185 136
184 136
183 136
182 136
181 136
180 136
179 136
178 136
177 136
176 136
175 136
174 136
173 136
172 136
171 136
170 136
169 136
168 136
169 137
170 137
171 137
172 137
173 137
174 137
175 137
176 137
177 137
178 137
179 137
180 137
181 137
182 137
183 137
184 137
185 137
186 137
187 137
188 137
189 137
190 137
191 137
192 137
189 142
190 142
187 144
186 144
185 144
184 144
183 144
182 144
181 144
180 144
179 144
178 144
177 144
176 144
175 144
174 144
175 145
176 145
177 145
178 145
179 145
180 145
181 145
182 145
183 145
184 145
185 145
176 146
177 147
178 148
179 148
180 148
181 148
182 148
183 148
184 148
179 149
180 150
181 150
182 150
183 150
112 107
112 106
112 105
112 104
112 103
112 102
112 101
100 110
99 110
99 111
99 112
98 112
97 111
97 110
97 113
96 114
95 115
95 116
94 116
93 117
92 118
91 119
90 120
89 120
88 120
87 120
86 120
85 120
84 120
83 120
82 120
81 120
80 120
89 121
88 122
87 123
86 124
85 125
84 126
83 127
82 127
81 127
80 127
79 127
78 127
77 127
76 127
75 127
74 127
73 127
72 127
71 127
70 127
69 127
68 127
67 127
66 127
65 127
64 127
63 127
62 127
61 127
60 127
59 127
58 127
57 127
56 127
55 127
54 127
53 127
52 127
51 127
50 127
49 127
48 127
47 127
46 127
45 127
44 127
43 127
42 127
41 127
40 127
39 127
38 127
37 127
36 127
35 127
34 127
33 127
32 127
31 127
48 128
49 128
50 128
51 128
52 128
53 128
54 128
55 128
56 128
57 128
58 128
59 128
60 128
61 128
62 128
63 128
64 128
65 128
66 128
67 128
68 128
69 128
70 128
71 128
72 128
73 128
74 128
75 128
76 128
77 128
78 128
79 128
80 128
81 128
82 128
83 128
83 129
83 130
83 131
83 132
81 129
80 130
79 131
79 132
78 132
77 133
76 134
75 135
74 136
73 137
72 137
71 137
70 137
69 137
68 137
67 137
66 137
65 137
64 137
63 137
62 137
61 137
60 137
59 137
58 137
57 137
56 137
55 137
54 137
53 137
52 137
51 137
50 137
49 137
48 137
47 137
46 137
45 137
44 137
43 137
42 137
41 137
40 137
39 137
38 137
37 137
36 137
72 138
71 139
70 139
69 139
68 139
67 139
66 139
65 139
64 139
63 139
62 139
61 139
60 139
59 139
58 139
57 139
56 139
55 139
54 139
53 139
52 139
51 139
50 139
49 139
48 139
47 139
46 139
45 139
44 139
43 139
45 140
46 140
47 140
48 140
49 140
50 140
51 140
52 140
53 140
54 140
55 140
56 140
57 140
58 140
59 140
60 140
61 140
62 140
63 140
64 140
65 140
66 140
67 140
68 140
69 140
70 140
69 141
68 141
67 141
66 141
65 141
64 141
63 141
62 141
61 141
60 141
59 141
58 141
57 141
56 141
55 141
54 141
53 141
52 141
51 141
50 141
49 141
48 141
47 141
46 141
48 142
49 142
50 142
51 142
52 142
53 142
54 142
55 142
56 142
57 142
58 142
59 142
60 142
61 142
62 142
63 142
64 142
65 142
66 142
67 142
68 142
67 143
66 143
65 143
64 143
63 143
62 143
61 143
60 143
59 143
79 133
79 134
79 135
79 136
79 137
79 138
79 139
79 140
79 141
79 142
79 143
95 117
95 118
95 119
95 120
95 121
95 122
95 123
95 124
95 125
95 126
95 127
95 128
95 129
95 130
95 131
95 132
95 133
95 134
95 135
95 136
95 137
95 138
95 139
95 140
95 141
95 142
95 143
99 113
99 114
99 115
99 116
99 117
99 118
99 119
99 120
99 121
99 122
99 123
116
30 89
51 89
33 70
72 71
29 51
51 68
33 41
44 50
50 39
71 53
53 31
54 29
51 32
57 56
39 39
61 73
63 87
93 67
93 79
93 87
112 89
75 93
82 103
93 99
71 108
58 108
33 108
44 109
116 100
65 34
113 72
92 51
76 34
103 51
87 34
112 55
107 34
127 34
141 26
139 39
131 52
155 34
145 48
142 60
136 73
176 33
124 90
215 87
204 87
191 83
205 71
194 73
215 51
179 83
181 71
194 61
204 50
158 71
147 86
181 50
192 41
147 76
188 34
190 35
187 32
159 53
168 44
136 93
158 93
170 95
181 94
194 100
150 101
205 102
136 108
112 115
112 143
114 129
135 127
147 131
132 143
151 143
172 143
188 143
149 118
164 108
181 109
200 113
213 113
205 124
181 125
194 126
160 127
208 135
206 136
192 137
190 142
187 144
185 145
184 148
183 150
97 111
80 120
67 127
31 127
48 128
83 132
36 137
43 139
45 140
46 141
48 142
59 143
79 143
95 143
99 123
