1083
119 90
118 90
117 90
116 90
121 90
120 89
120 88
120 87
120 86
120 85
120 84
120 83
120 82
119 81
118 80
117 79
116 78
115 77
114 76
121 91
122 90
123 90
124 90
125 90
126 90
127 90
128 90
129 90
130 90
131 90
132 90
133 90
134 89
135 88
136 87
137 86
137 85
137 84
137 83
137 82
137 81
137 80
137 79
137 78
137 77
137 76
137 75
137 74
137 73
137 72
136 71
136 70
136 69
136 68
136 67
136 66
136 65
136 64
136 63
136 62
136 61
136 60
136 59
136 58
136 57
136 56
135 56
134 56
133 56
132 56
131 56
130 56
129 55
128 54
127 53
126 52
126 51
126 50
126 49
126 48
126 47
127 46
128 45
129 44
130 43
131 42
132 41
133 40
134 39
135 38
136 37
137 36
138 35
139 34
125 53
124 54
123 55
122 55
121 55
120 55
119 55
118 55
117 55
116 55
115 55
114 55
113 55
112 55
111 55
110 55
109 55
108 55
107 54
106 53
105 52
104 51
103 50
103 49
103 48
104 48
103 47
103 46
103 45
103 44
103 43
103 42
103 41
103 40
102 39
101 38
100 37
99 36
98 35
97 34
96 34
95 34
94 34
93 34
92 34
91 34
90 34
89 34
88 34
87 34
86 34
85 34
84 34
83 34
82 34
81 34
80 34
79 34
78 34
77 34
76 34
105 47
106 46
107 45
108 44
109 43
110 42
111 41
112 40
113 39
114 38
115 37
116 36
117 35
118 34
102 51
101 52
100 53
99 54
98 55
97 56
96 56
95 56
94 56
93 56
92 56
93 57
93 58
93 59
93 60
93 61
93 62
93 63
93 64
93 65
93 66
93 67
93 68
93 69
93 70
93 71
92 72
91 73
90 74
89 74
88 74
87 74
86 74
85 74
84 74
83 74
82 74
81 74
80 74
79 74
78 74
77 74
76 74
75 74
74 74
73 73
72 72
71 71
71 70
71 69
71 68
71 67
71 66
71 65
71 64
71 63
71 62
71 61
71 60
71 59
71 58
71 57
71 56
70 72
69 73
68 74
67 75
66 76
65 77
64 78
63 79
62 80
62 81
62 82
62 83
62 84
62 85
62 86
61 86
60 86
59 86
58 86
57 86
56 86
55 86
54 85
53 84
52 83
51 82
50 81
50 80
50 79
50 78
50 77
50 76
50 75
50 74
50 73
50 72
50 71
50 70
49 70
48 70
47 70
46 70
45 70
44 70
43 70
42 70
41 70
40 69
39 68
38 67
37 66
36 65
35 64
34 63
33 62
33 61
33 60
33 59
33 58
33 57
33 56
33 55
33 54
33 53
32 52
31 51
31 50
31 49
31 48
31 47
31 46
32 45
33 44
34 43
35 42
36 41
37 40
38 40
39 40
40 40
41 40
42 40
43 40
44 40
45 40
46 40
47 39
48 38
49 38
50 38
51 38
52 37
53 36
54 35
55 34
38 41
39 42
40 43
41 44
42 45
43 46
44 47
45 48
46 49
47 49
48 49
51 70
49 82
48 83
47 83
46 83
45 83
44 83
43 83
42 83
41 83
40 83
39 83
38 83
37 83
36 83
35 83
34 83
33 83
32 84
31 85
30 86
29 87
29 88
29 89
29 90
29 91
29 92
29 93
29 94
61 87
60 88
59 89
58 90
57 91
56 92
55 93
54 93
53 93
52 93
51 93
52 94
53 95
54 96
55 97
56 98
57 99
58 100
59 101
60 102
61 103
61 104
61 105
61 106
61 107
60 108
59 109
58 110
57 111
56 112
55 113
54 114
53 114
52 114
51 114
50 115
49 116
48 117
48 118
48 119
48 120
48 121
48 122
48 123
48 124
48 125
48 126
48 127
48 128
48 129
47 129
46 130
45 131
44 132
43 133
42 134
41 135
40 136
39 137
38 137
37 137
36 137
36 136
36 135
36 134
36 133
36 132
36 131
35 130
34 129
33 128
32 127
31 126
31 125
31 124
31 123
31 122
31 121
31 120
31 119
31 118
31 117
31 116
31 115
32 114
33 113
48 130
48 131
48 132
48 133
48 134
48 135
48 136
48 137
48 138
48 139
49 140
50 141
51 142
52 143
53 143
54 143
55 143
56 143
57 143
58 143
59 143
60 144
61 145
62 145
63 145
64 145
65 145
66 145
67 145
68 145
69 145
70 145
71 145
72 145
62 108
63 108
64 108
65 108
66 108
67 108
68 108
69 108
70 108
71 108
72 108
71 109
71 110
71 111
71 112
71 113
71 114
71 115
71 116
71 117
71 118
71 119
71 120
71 121
71 122
71 123
63 87
64 88
65 89
66 90
67 91
68 92
69 93
70 93
71 93
72 93
73 93
74 93
75 94
76 95
77 96
78 97
79 98
80 99
81 100
82 101
83 102
84 103
85 104
86 105
87 106
88 107
89 108
90 108
91 108
92 108
93 108
93 107
93 106
93 105
93 104
93 103
93 102
93 101
93 100
93 99
93 98
93 97
93 96
93 95
94 94
95 93
92 109
92 110
92 111
92 112
92 113
92 114
92 115
92 116
92 117
92 118
92 119
92 120
92 121
92 122
92 123
93 124
94 125
95 126
96 126
97 126
98 126
99 126
100 126
101 126
102 126
103 126
104 126
105 126
106 126
107 126
108 126
109 126
110 126
111 126
112 125
113 124
114 123
115 122
115 121
115 120
115 119
115 118
115 117
115 116
115 115
115 114
114 113
113 112
112 111
104 127
105 128
106 129
107 130
108 131
109 132
110 133
111 134
112 135
113 136
114 137
114 138
114 139
114 140
114 141
114 142
114 143
115 144
116 145
117 145
118 145
119 145
120 145
121 145
122 145
123 145
124 145
125 145
126 145
127 145
128 145
129 145
130 145
131 145
132 145
133 145
134 145
135 145
102 127
101 128
100 129
99 130
98 131
97 132
96 133
95 134
94 135
93 136
93 137
93 138
93 139
93 140
93 141
93 142
93 143
93 144
93 145
137 56
122 92
123 93
124 94
125 95
126 96
127 97
128 98
129 99
130 100
131 101
132 102
133 103
134 104
135 105
136 106
136 107
136 108
136 109
136 110
136 111
136 112
136 113
136 114
136 115
136 116
136 117
136 118
136 119
136 120
136 121
136 122
136 123
137 123
138 123
139 123
140 123
141 123
142 123
143 123
144 123
145 123
146 123
147 123
148 123
149 123
150 123
151 123
152 123
153 123
154 123
155 123
156 123
157 123
158 123
147 122
147 121
147 120
147 119
147 118
148 117
149 116
150 115
151 114
152 113
153 112
154 111
155 110
156 109
157 108
158 108
159 108
160 108
161 108
162 108
163 107
164 106
165 105
166 104
167 103
167 102
168 102
168 101
168 100
168 99
168 98
168 97
168 96
168 95
169 94
170 93
171 93
172 93
173 93
174 93
175 93
176 93
177 93
178 93
179 93
180 92
181 91
182 91
183 91
184 91
185 91
186 91
187 91
188 90
189 89
190 88
191 87
192 86
193 85
194 84
195 84
196 84
197 84
198 84
199 84
200 84
201 84
202 84
203 84
204 84
205 84
205 83
205 82
206 81
207 80
208 79
209 78
210 77
211 76
212 75
213 74
214 73
214 72
213 72
212 71
211 70
210 69
209 68
208 67
207 66
206 65
205 64
204 63
204 62
204 61
205 60
206 59
207 58
208 57
209 56
210 55
211 54
212 53
212 52
211 52
210 52
209 52
208 52
207 52
206 52
205 52
204 52
203 51
202 50
202 49
201 48
200 47
199 46
198 45
197 44
196 43
195 42
194 41
193 40
192 39
192 38
192 37
191 36
190 35
189 35
188 35
187 35
186 35
185 35
184 35
183 35
182 35
181 35
180 34
179 34
178 34
177 34
176 34
175 34
174 34
173 34
172 34
171 34
170 34
169 34
168 34
167 34
166 34
165 34
164 34
163 34
162 34
161 34
160 34
191 40
190 41
189 42
188 43
187 44
186 45
185 46
184 47
183 48
182 49
181 49
213 52
215 72
194 83
193 82
192 81
191 80
190 79
189 78
188 77
187 76
186 75
185 74
184 73
183 72
182 71
181 70
180 71
179 72
178 73
177 74
176 75
175 76
174 77
173 77
172 77
171 77
170 77
169 77
168 77
167 77
166 77
165 77
164 77
163 77
162 76
161 75
160 74
159 73
158 72
157 71
157 70
157 69
157 68
157 67
157 66
157 65
157 64
157 63
157 62
157 61
157 60
157 59
157 58
157 57
158 56
169 103
170 104
171 105
172 106
173 107
174 108
175 109
176 110
177 111
178 112
179 112
180 112
181 112
182 113
183 114
184 115
185 116
186 117
187 118
188 119
189 120
190 121
191 122
192 123
192 124
192 125
192 126
192 127
192 128
192 129
192 130
192 131
193 131
194 131
195 131
196 131
197 131
198 131
199 131
200 130
201 129
202 128
203 127
204 126
205 126
206 126
207 126
208 126
209 126
210 126
211 126
212 126
213 126
214 126
215 125
215 124
215 123
215 122
215 121
215 120
215 119
215 118
215 117
215 116
214 115
213 114
212 113
211 112
210 111
209 110
208 109
207 108
206 107
205 106
205 105
204 105
206 105
207 105
208 105
209 105
210 105
211 105
212 105
213 105
214 105
215 105
191 132
190 133
189 133
188 133
187 133
186 133
185 133
184 133
183 133
182 133
181 133
180 134
179 135
178 136
177 137
177 138
177 139
177 140
177 141
177 142
177 143
177 144
176 145
175 145
174 145
173 145
172 145
171 145
170 145
169 145
168 145
167 145
166 145
165 145
164 145
163 145
162 145
161 145
160 145
159 145
158 145
157 145
156 145
166 101
165 100
164 99
163 98
162 97
161 96
160 95
159 94
158 93
83
116 90
114 76
137 86
136 71
126 52
139 34
112 55
103 50
97 34
76 34
118 34
92 56
93 71
82 74
71 71
71 56
62 86
50 81
33 62
31 51
37 40
48 38
55 34
48 49
51 70
33 83
29 94
51 93
61 107
51 114
48 128
36 137
31 126
33 113
48 139
59 143
72 145
72 108
71 123
74 93
93 108
95 93
92 123
103 126
115 122
112 111
114 143
135 145
93 145
137 56
136 108
136 123
147 123
158 123
157 108
168 102
170 93
181 91
194 84
205 84
204 63
202 50
192 39
190 35
180 34
160 34
181 49
213 52
215 72
181 70
168 77
157 71
158 56
181 112
192 131
204 126
215 125
204 105
215 105
181 133
177 144
156 145
158 93
