1117
119 90
118 90
117 90
116 89
115 88
114 87
113 86
113 85
113 84
113 83
113 82
113 81
113 80
113 79
113 78
113 77
114 76
115 75
119 91
118 92
117 93
116 94
115 95
114 96
114 97
114 98
114 99
114 100
114 101
114 102
114 103
114 104
114 105
114 106
114 107
115 108
116 108
117 108
118 108
119 108
120 108
121 108
122 108
123 108
124 108
125 108
126 108
127 108
128 108
129 108
130 108
131 108
132 108
133 108
134 108
135 108
136 108
137 108
127 109
128 110
129 111
130 112
131 113
132 114
133 115
134 116
135 117
136 118
136 119
136 120
136 121
136 122
136 123
125 109
124 110
123 111
122 112
121 113
120 114
119 115
118 116
117 117
116 118
116 119
116 120
116 121
116 122
116 123
116 124
115 125
115 126
115 127
115 128
115 129
115 130
115 131
115 132
115 133
115 134
115 135
115 136
115 137
115 138
115 139
115 140
115 141
115 142
115 143
117 125
118 126
119 127
120 128
121 129
122 130
123 131
124 132
125 133
126 134
127 135
128 136
129 137
130 138
131 139
132 140
133 141
134 142
135 143
136 144
136 145
121 90
122 90
123 90
124 90
125 90
126 90
127 90
128 90
129 90
130 90
131 89
132 88
133 87
134 86
134 85
134 84
134 83
134 82
134 81
134 80
134 79
134 78
134 77
134 76
134 75
134 74
134 73
134 72
134 71
133 71
132 71
131 70
130 69
129 68
128 67
127 66
126 65
125 64
124 63
123 62
122 61
121 60
120 59
119 58
118 57
117 56
116 55
115 55
114 55
113 55
112 55
111 55
110 55
109 55
108 55
107 54
106 53
105 52
104 51
103 50
102 50
101 50
100 50
99 50
98 50
97 50
96 50
95 50
94 50
93 50
92 50
91 50
90 50
89 50
88 50
87 49
86 48
85 47
84 46
83 45
82 44
81 43
80 42
79 41
78 40
77 39
76 38
75 37
74 36
73 35
72 34
71 34
70 34
69 34
68 34
67 34
66 33
65 32
64 31
63 30
62 29
61 28
60 27
59 26
58 25
57 24
56 25
56 26
56 27
56 28
56 29
56 30
56 31
56 32
56 33
56 34
56 35
55 36
54 37
53 38
52 38
51 38
50 38
49 38
48 38
47 38
46 38
45 39
44 40
43 41
42 41
41 41
40 41
39 41
38 41
37 41
36 41
35 42
34 43
33 44
32 45
31 46
30 47
29 48
29 49
29 50
29 51
29 52
47 39
48 40
48 41
48 42
48 43
48 44
48 45
48 46
48 47
48 48
48 49
48 50
48 51
48 52
48 53
48 54
48 55
48 56
48 57
48 58
48 59
48 60
48 61
47 62
46 63
45 64
44 65
43 66
42 67
41 68
40 69
39 70
38 71
37 72
36 73
35 73
34 73
33 73
32 73
31 73
30 73
29 73
28 73
49 62
50 63
50 64
50 65
50 66
50 67
50 68
50 69
50 70
50 71
50 72
51 72
52 72
53 72
54 72
55 72
56 72
57 72
58 72
59 72
60 72
61 72
62 72
63 72
64 72
65 72
66 72
67 72
68 72
69 72
70 72
71 72
72 71
72 70
72 69
72 68
72 67
72 66
72 65
72 64
72 63
72 62
72 61
72 60
72 59
72 58
72 57
71 56
62 73
63 74
64 75
65 76
66 77
67 78
68 79
69 80
70 81
71 82
71 83
71 84
71 85
71 86
72 87
73 88
74 89
75 90
76 91
77 92
78 93
79 94
80 95
81 96
82 96
82 97
82 98
82 99
82 100
82 101
82 102
82 103
82 104
82 105
81 106
80 107
79 108
78 108
77 108
76 108
75 108
74 108
73 108
72 108
71 108
72 109
72 110
72 111
72 112
72 113
72 114
72 115
72 116
72 117
72 118
72 119
72 120
72 121
72 122
72 123
71 124
70 125
69 126
68 127
67 127
66 127
65 127
64 127
63 127
62 127
61 127
61 126
61 125
61 124
61 123
61 122
61 121
60 120
59 119
58 118
57 117
56 116
55 115
54 114
53 113
52 112
51 111
50 110
49 109
48 108
47 108
46 108
45 108
44 108
43 108
42 108
41 107
40 106
39 105
38 104
37 103
36 102
35 101
34 100
33 99
32 98
31 97
30 96
29 95
28 94
48 107
48 106
48 105
48 104
48 103
48 102
48 101
48 100
48 99
48 98
48 97
48 96
49 95
50 94
51 93
60 128
59 128
58 128
57 128
56 128
55 128
54 128
53 128
52 128
51 128
50 128
49 128
48 128
48 129
47 129
46 130
45 131
44 132
43 133
42 134
41 135
40 136
39 137
38 137
37 137
36 137
36 136
36 135
36 134
36 133
36 132
36 131
35 130
34 129
33 128
32 127
32 126
32 125
32 124
32 123
32 122
32 121
32 120
32 119
31 118
30 117
29 116
28 115
48 130
48 131
48 132
48 133
48 134
48 135
48 136
48 137
48 138
48 139
49 140
50 141
51 142
52 143
53 143
54 143
55 143
56 143
57 144
58 145
59 145
60 145
61 145
62 145
63 145
64 145
65 145
66 145
67 145
68 145
69 145
70 145
71 145
72 145
73 145
74 145
75 145
76 145
77 145
78 144
79 143
80 142
81 141
82 140
83 139
84 138
85 137
86 136
87 135
88 134
89 133
90 132
91 131
92 130
93 129
94 130
94 131
94 132
94 133
94 134
94 135
94 136
94 137
94 138
94 139
94 140
94 141
94 142
94 143
94 144
94 145
83 106
84 107
85 108
86 108
87 108
88 108
89 108
90 108
91 108
92 108
93 108
83 95
84 94
85 93
86 92
87 91
88 90
89 89
90 88
91 87
92 86
92 85
92 84
92 83
92 82
92 81
92 80
92 79
92 78
92 77
92 76
92 75
92 74
92 73
92 72
93 71
103 49
103 48
103 47
103 46
103 45
103 44
104 44
105 43
106 42
107 41
108 40
109 39
110 38
111 37
112 36
113 35
114 34
102 43
101 42
100 41
99 40
98 39
97 38
96 37
95 36
94 35
93 34
135 71
135 70
135 69
135 68
135 67
135 66
135 65
135 64
135 63
135 62
135 61
135 60
135 59
135 58
135 57
136 56
137 56
138 56
139 56
140 56
141 56
142 56
143 56
144 56
145 56
146 56
147 55
147 54
147 53
147 52
147 51
147 50
147 49
147 48
147 47
147 46
147 45
146 45
145 44
144 43
143 42
142 41
141 40
140 39
139 38
138 37
137 36
136 35
135 34
147 44
147 43
148 42
149 41
150 40
151 39
152 38
153 37
154 36
155 35
156 34
148 56
149 56
150 56
151 56
152 56
153 56
154 56
155 56
156 56
157 56
158 56
157 57
156 58
156 59
156 60
156 61
156 62
156 63
156 64
156 65
156 66
156 67
156 68
156 69
156 70
156 71
157 72
158 73
159 73
160 73
161 73
162 73
163 73
164 73
165 73
166 73
167 73
168 73
169 73
170 73
171 73
172 73
173 73
174 73
175 73
176 72
177 71
178 70
179 69
180 68
181 67
182 67
183 67
184 67
185 67
186 67
187 67
188 67
189 66
190 65
191 64
192 63
193 62
194 61
195 61
196 61
195 62
196 63
197 64
198 65
199 66
200 67
201 68
202 69
203 70
204 71
204 72
204 73
205 73
206 73
207 73
208 73
209 73
210 73
211 73
212 73
213 73
214 73
215 73
197 60
198 59
199 58
200 57
201 56
202 55
203 54
204 53
204 52
203 52
202 52
201 52
200 52
199 52
198 51
197 50
196 49
195 48
194 47
194 46
194 45
194 44
194 43
194 42
194 41
194 40
194 39
194 38
193 37
192 36
191 36
190 36
189 36
188 35
187 35
186 35
185 35
184 35
183 35
182 35
181 35
180 35
179 35
178 35
177 34
191 37
190 38
189 39
188 40
187 41
186 42
185 43
184 44
183 45
182 46
181 46
205 52
205 51
205 50
205 49
205 48
205 47
205 46
205 45
205 44
205 43
206 42
207 41
169 74
170 75
171 76
172 77
173 78
174 79
175 80
176 81
177 82
178 83
179 84
180 85
181 86
181 87
181 88
180 89
179 90
178 91
177 92
176 93
175 93
174 93
173 93
172 93
171 93
170 93
169 93
168 93
167 93
166 93
165 93
164 93
163 93
162 93
161 93
160 93
159 93
158 93
157 93
156 92
155 91
168 94
167 95
166 96
165 97
164 98
163 99
162 100
161 101
160 102
159 103
158 104
158 105
158 106
158 107
158 108
182 89
183 90
184 91
185 92
186 93
187 94
188 94
189 94
190 94
191 94
192 94
193 94
194 94
195 94
196 94
197 94
198 94
199 94
200 94
201 94
202 94
203 94
204 94
205 94
193 95
192 96
191 97
190 98
189 99
188 100
187 101
186 102
185 103
184 104
183 105
182 106
181 107
181 108
181 109
182 110
183 111
184 111
185 111
186 111
187 111
188 111
189 111
190 111
191 111
192 111
193 111
194 111
195 112
196 113
197 114
198 115
199 115
200 115
201 115
202 115
203 115
204 115
205 115
204 116
203 117
202 118
202 119
202 120
202 121
202 122
202 123
202 124
202 125
202 126
202 127
201 128
200 129
199 130
198 131
197 132
196 133
195 134
194 135
193 136
192 137
192 138
191 138
190 138
189 138
188 137
187 136
186 135
185 134
184 133
183 132
182 131
181 130
180 130
179 130
178 130
177 130
176 130
175 130
174 130
173 130
172 129
171 128
170 127
169 126
168 125
167 125
166 125
165 125
164 125
163 125
162 125
161 125
160 125
159 125
158 124
157 123
167 126
166 127
165 128
164 129
163 130
162 131
161 132
160 133
159 134
158 135
157 136
157 137
157 138
157 139
157 140
157 141
157 142
157 143
157 144
157 145
191 139
190 140
189 141
189 142
188 143
187 143
186 143
185 143
184 143
183 143
182 143
181 143
180 143
179 143
178 143
206 116
207 117
208 118
209 119
210 120
211 121
212 122
213 123
214 124
215 125
215 126
215 127
215 128
85
113 86
115 75
114 107
126 108
137 108
136 123
116 124
115 143
136 145
134 86
116 55
103 50
92 50
72 34
57 24
56 35
46 38
36 41
29 52
48 49
48 61
28 73
50 72
61 72
72 71
71 56
71 86
82 105
71 108
72 123
61 127
48 108
28 94
51 93
48 128
36 137
32 127
28 115
48 139
56 143
73 145
93 129
94 145
93 108
92 86
93 71
114 34
93 34
135 71
136 56
147 55
135 34
156 34
158 56
156 71
168 73
181 67
194 61
204 73
215 73
194 47
192 36
188 35
177 34
181 46
205 52
207 41
181 88
169 93
155 91
158 108
194 94
205 94
181 109
194 111
205 115
202 127
192 138
181 130
168 125
157 123
157 145
189 142
178 143
215 128
