3307
119 90
118 90
117 90
116 90
115 90
114 90
113 90
112 90
111 90
110 90
109 90
108 90
107 90
106 90
105 90
104 90
103 90
102 90
101 90
100 90
99 90
98 90
97 90
96 90
95 90
94 90
93 90
92 90
91 90
90 90
89 90
88 90
87 90
86 90
85 90
84 90
83 90
82 90
81 90
80 90
79 90
78 90
77 90
76 90
75 90
74 90
73 90
72 90
71 90
70 90
69 90
68 90
67 90
66 90
65 90
64 90
63 90
62 90
61 90
60 90
59 90
58 90
57 90
56 90
55 90
54 90
53 90
52 90
51 90
50 90
49 90
48 90
47 90
46 90
45 90
44 90
43 90
42 90
41 90
40 90
39 90
38 90
37 90
36 90
35 90
34 90
33 90
32 90
31 89
42 89
41 88
40 87
39 86
38 85
37 84
36 83
35 82
34 81
33 80
32 79
31 78
72 89
72 88
72 87
72 86
72 85
72 84
72 83
72 82
72 81
72 80
72 79
72 78
72 77
72 76
72 75
72 74
72 73
72 72
72 71
73 71
72 70
72 69
71 69
70 68
70 67
69 67
68 67
67 67
66 67
65 67
64 67
63 67
62 67
61 67
60 67
59 67
58 67
57 67
56 67
55 67
54 67
53 67
52 67
51 67
50 67
49 67
67 66
68 66
67 65
66 64
66 63
65 63
64 63
63 63
62 63
61 63
60 63
59 63
58 63
57 63
56 63
55 63
54 63
53 63
52 63
51 63
50 63
49 63
48 63
47 63
46 63
45 63
44 63
43 63
42 63
41 63
40 63
39 63
38 63
37 63
36 63
35 62
34 61
33 60
32 59
31 58
30 57
50 62
49 61
48 60
47 59
46 58
45 57
44 56
43 55
42 54
41 53
40 52
39 51
38 50
37 49
36 48
35 47
34 46
33 45
32 44
63 62
64 62
63 61
62 60
61 59
60 58
59 57
58 56
57 55
56 54
55 53
54 52
53 51
52 50
51 49
50 48
49 47
48 46
47 46
46 46
45 46
44 46
43 46
42 46
41 45
40 44
39 43
38 42
37 41
36 40
67 63
68 63
69 63
70 63
71 63
72 63
73 63
74 63
75 63
75 62
75 61
74 61
73 60
72 59
71 58
70 57
69 56
68 55
67 54
66 53
65 52
64 51
63 50
62 49
61 48
60 47
59 46
58 45
57 44
56 43
55 42
54 41
53 40
52 39
51 38
50 37
49 36
48 35
49 34
50 35
51 36
52 37
53 38
54 39
55 40
56 41
57 42
58 43
59 44
60 45
61 46
62 47
63 48
64 49
65 50
66 49
67 49
67 50
68 50
68 51
69 51
69 52
70 52
70 53
71 53
71 54
72 54
72 55
73 55
73 56
74 56
75 56
75 55
75 54
75 53
74 53
74 52
73 52
73 51
72 51
72 50
71 50
71 49
70 49
70 48
69 48
69 47
68 47
68 46
67 46
67 45
66 45
66 44
65 44
64 43
63 42
62 41
61 40
60 39
59 38
58 37
57 36
56 35
55 34
54 33
53 32
52 31
53 30
54 31
55 32
56 33
57 34
58 35
59 36
60 37
61 38
62 39
63 40
64 41
65 42
66 43
67 44
68 45
69 46
70 47
71 48
72 49
73 50
74 51
75 52
75 57
74 57
73 58
72 57
71 56
70 55
69 54
68 53
67 52
66 51
74 59
75 59
75 58
75 60
66 48
65 47
64 46
63 45
62 44
61 43
60 42
59 41
58 40
57 39
56 38
55 37
54 36
53 35
52 34
51 33
74 64
73 65
72 66
72 67
71 67
72 68
76 64
77 65
78 66
79 67
80 68
81 69
82 70
82 71
83 71
84 71
85 71
86 71
87 71
88 71
89 71
90 71
91 71
92 71
93 71
94 71
84 72
85 73
86 74
87 75
88 76
89 77
90 78
91 79
92 80
93 81
93 82
94 82
93 83
93 84
93 85
93 86
93 87
93 88
93 89
92 89
91 89
90 88
89 87
88 86
87 85
86 84
85 83
84 82
83 81
82 81
82 80
82 79
81 79
80 78
80 77
79 77
78 76
77 75
76 74
75 73
74 72
81 77
82 77
82 76
82 75
82 74
82 73
82 72
82 78
82 82
82 83
82 84
82 85
82 86
82 87
82 88
82 89
95 83
96 84
97 85
98 86
99 87
100 88
101 89
67 68
67 69
67 70
68 70
67 71
67 72
66 72
65 73
64 74
63 75
62 76
61 77
60 78
59 78
58 78
57 78
56 78
55 78
54 78
53 78
52 78
51 78
50 78
67 73
67 74
67 75
67 76
67 77
69 69
82 91
82 92
82 93
82 94
82 95
82 96
82 97
82 98
82 99
82 100
81 100
80 100
79 100
78 100
77 100
76 100
75 100
74 100
73 100
72 100
71 100
70 100
69 100
68 100
67 100
66 100
65 100
64 100
63 100
62 100
61 100
60 100
59 100
58 100
57 100
56 100
55 100
54 100
53 100
52 100
51 100
50 100
49 100
48 100
47 100
46 100
45 100
44 100
43 100
42 100
41 100
40 100
39 100
38 100
37 100
36 100
35 100
34 100
33 100
32 100
31 100
71 101
72 101
73 101
74 101
75 101
76 101
77 101
78 101
79 101
80 101
81 101
82 101
83 101
84 101
85 101
86 101
87 101
88 101
89 101
90 101
91 101
92 101
93 101
94 101
95 101
96 101
97 101
98 101
99 101
100 101
101 101
102 101
103 101
104 101
105 101
106 101
107 101
108 101
109 101
109 100
108 100
107 100
106 100
105 100
104 100
103 100
102 100
101 100
100 100
99 100
98 100
97 100
96 100
95 100
94 100
93 100
92 100
91 100
90 100
89 100
88 100
87 100
86 100
85 100
84 100
83 100
93 99
93 98
93 97
93 96
93 95
93 94
93 93
93 92
94 92
93 91
95 93
96 94
97 95
98 96
99 97
100 98
101 99
110 100
111 99
110 98
109 97
108 96
107 95
106 94
105 93
104 92
103 91
112 98
113 97
114 96
115 95
116 94
117 93
118 92
119 91
121 90
120 89
121 89
122 89
123 89
123 88
122 88
121 88
120 88
119 88
119 87
118 87
118 86
117 86
117 85
116 85
116 84
115 84
115 83
114 83
114 82
113 82
113 81
112 81
112 80
111 80
111 79
110 79
110 78
109 78
109 77
108 77
108 76
107 76
107 75
106 75
106 74
105 74
105 73
104 73
104 72
103 72
103 71
102 71
102 70
101 70
101 69
100 69
100 68
99 68
99 67
98 67
98 66
97 66
97 65
96 65
96 64
95 64
95 63
94 63
94 62
93 62
93 61
92 61
92 60
91 60
91 59
90 59
90 58
89 58
89 57
88 57
88 56
87 56
87 55
86 55
86 54
85 54
85 53
84 53
84 52
83 52
83 51
82 51
82 50
81 50
81 49
80 49
80 48
79 47
78 46
77 45
76 44
75 43
74 42
73 41
72 40
71 39
70 38
69 37
68 36
67 35
66 34
65 33
64 32
120 87
120 86
121 86
121 85
120 85
120 84
120 83
120 82
121 82
120 81
119 81
118 80
117 79
116 78
115 77
114 76
120 80
121 80
120 79
120 78
119 78
118 77
117 76
116 75
115 74
114 73
113 72
112 71
111 70
110 69
109 68
108 67
107 66
106 65
105 64
104 63
103 62
102 61
101 60
100 59
99 58
98 57
97 56
96 55
95 54
94 53
120 77
121 77
120 76
120 75
120 74
120 73
120 72
120 71
119 71
118 70
117 69
116 68
115 67
114 66
113 65
112 64
111 63
110 62
109 61
108 60
107 59
106 58
105 57
104 56
103 55
102 54
101 53
100 52
99 51
98 50
97 49
96 48
95 47
94 46
93 45
92 44
91 43
90 42
89 41
88 40
87 39
86 38
85 37
84 36
83 35
82 34
120 70
120 69
120 68
120 67
119 67
118 66
117 65
116 64
115 63
114 62
120 66
120 65
121 65
120 64
120 63
120 62
120 61
120 60
120 59
120 58
120 57
119 57
118 56
117 55
116 54
115 53
114 52
113 51
112 50
111 49
110 48
109 47
108 46
107 45
106 44
105 43
104 42
103 41
102 40
101 39
100 38
99 37
98 36
97 35
96 34
120 56
121 56
120 55
120 54
121 54
120 53
119 53
118 52
117 51
116 50
115 49
114 48
120 52
120 51
120 50
120 49
120 48
120 47
120 46
120 45
120 44
119 44
118 43
117 42
116 41
115 40
114 39
113 38
112 37
111 36
110 35
109 34
121 43
122 42
123 41
124 40
125 39
126 38
127 37
128 36
129 35
130 34
122 53
123 52
124 51
125 50
126 49
127 48
128 47
129 46
130 45
131 44
132 43
133 42
134 41
135 40
136 39
137 38
138 37
139 36
140 35
141 34
126 51
125 52
124 53
123 54
122 55
122 64
123 63
124 62
125 61
126 60
127 59
128 58
129 57
130 56
131 55
132 54
133 53
134 52
135 51
136 50
137 49
138 48
139 47
140 46
141 45
142 44
143 43
144 42
145 41
146 40
147 39
148 38
149 37
150 36
151 35
152 34
137 51
136 52
135 53
134 54
133 55
132 56
131 57
130 58
129 59
128 60
127 61
126 62
125 63
124 64
123 65
122 66
121 67
122 76
123 75
124 74
125 73
126 72
127 71
128 70
129 69
130 68
131 67
132 66
133 65
134 64
135 63
136 62
137 61
138 60
139 59
140 58
141 57
142 56
143 55
144 54
145 53
146 52
147 51
148 50
149 49
150 48
151 47
122 79
123 78
124 77
125 76
126 75
127 74
128 73
129 72
130 71
131 70
132 69
133 68
134 67
135 66
136 65
137 64
138 63
139 62
140 61
141 60
142 59
143 58
144 57
145 56
146 55
147 54
148 53
149 52
150 51
151 50
152 49
153 48
154 47
155 46
156 45
157 44
158 43
159 42
160 41
161 40
162 39
163 38
164 37
165 36
166 35
167 34
168 33
169 32
170 31
171 30
136 67
135 68
134 69
133 70
132 71
131 72
130 73
129 74
128 75
127 76
126 77
125 78
124 79
123 80
122 81
122 85
122 84
123 84
123 83
124 83
124 82
125 82
125 81
126 81
126 80
127 80
127 79
128 78
129 77
130 76
131 75
132 74
133 73
134 72
135 71
136 70
137 69
138 68
139 67
140 66
141 65
142 64
143 63
144 62
145 61
146 60
147 59
148 58
149 57
150 56
151 55
152 54
153 53
154 52
155 51
156 50
157 49
158 48
159 47
160 46
161 45
162 44
163 43
164 42
165 41
166 40
167 39
168 38
169 37
170 36
171 35
172 34
173 33
174 32
175 31
176 30
177 29
178 28
179 27
180 26
181 25
182 24
128 81
129 81
130 81
131 81
131 80
130 80
129 80
130 79
131 79
132 79
133 79
133 78
132 78
131 78
132 77
133 77
134 77
135 77
135 76
134 76
133 76
134 75
135 75
136 75
137 75
137 74
136 74
135 74
136 73
137 73
138 73
139 73
139 72
138 72
137 72
138 71
139 71
140 71
141 71
141 70
140 70
139 70
140 69
141 69
142 69
143 69
143 68
142 68
141 68
142 67
143 67
144 67
145 67
145 66
144 66
143 66
144 65
145 65
146 65
147 65
147 64
146 64
145 64
146 63
147 63
148 63
149 63
149 62
148 62
147 62
148 61
149 61
150 61
151 61
151 60
150 60
149 60
150 59
151 59
152 59
153 59
153 58
152 58
151 58
152 57
153 57
154 57
155 57
155 56
154 56
153 56
154 55
155 55
156 55
157 55
157 54
156 54
155 54
156 53
157 53
158 53
159 53
159 52
158 52
157 52
158 51
159 51
160 51
161 51
161 50
160 50
159 50
160 49
161 49
162 49
163 49
163 48
162 48
161 48
162 47
163 47
164 47
165 47
165 46
164 46
163 46
164 45
165 45
165 44
166 44
166 43
167 43
168 42
169 41
170 40
171 39
172 38
173 37
174 36
175 35
176 34
177 33
178 32
179 31
180 30
181 29
182 28
183 27
184 28
183 29
182 30
181 31
180 32
179 33
178 34
177 35
176 36
175 37
174 38
173 39
172 40
171 41
170 42
169 43
168 44
167 45
166 46
164 48
162 50
160 52
158 54
156 56
154 58
152 60
150 62
148 64
146 66
144 68
142 70
140 72
138 74
136 76
134 78
132 80
130 82
129 82
128 82
127 82
127 83
126 83
126 84
125 84
125 85
124 85
124 86
123 86
123 87
122 87
124 87
125 87
125 86
126 86
126 85
127 85
127 84
128 84
128 83
129 83
124 88
123 90
122 90
121 91
122 92
123 93
124 94
125 95
126 96
127 97
128 97
129 97
130 97
131 97
132 97
133 97
134 97
135 97
136 97
137 97
138 97
139 97
140 97
141 97
142 97
143 97
144 97
145 97
146 97
147 97
148 97
149 97
150 97
151 97
152 97
153 97
154 97
155 97
156 97
157 97
158 97
159 97
160 97
161 97
162 97
163 97
164 97
165 97
166 97
167 97
168 97
169 97
170 97
171 97
172 97
173 97
174 97
175 97
176 97
177 97
178 97
179 97
180 97
181 97
182 97
183 97
184 97
185 97
186 97
187 97
188 97
189 97
190 97
191 97
192 97
193 97
194 97
195 97
196 97
197 97
198 97
199 97
200 97
201 97
202 97
203 97
204 97
205 97
206 97
207 97
208 97
209 97
210 97
211 97
212 97
213 97
214 97
215 97
128 98
129 99
130 100
131 101
132 102
133 103
134 103
135 103
136 103
137 103
138 103
139 103
140 103
141 103
142 103
143 103
144 103
145 103
146 103
147 103
148 103
149 103
150 103
151 103
152 103
153 103
154 103
155 103
156 103
157 103
158 103
159 103
160 103
161 103
162 103
163 103
164 103
165 103
166 103
167 103
168 103
169 103
170 103
171 103
172 103
173 103
174 103
175 103
176 103
177 103
178 103
179 103
180 103
181 103
134 104
135 105
136 106
137 107
138 108
139 109
140 110
141 111
142 112
143 113
144 114
145 114
146 114
147 114
148 114
149 114
150 114
151 114
152 114
153 114
154 114
155 114
156 114
157 114
158 114
159 114
160 114
161 114
162 114
163 114
164 114
165 114
166 114
167 114
168 114
169 114
170 114
171 114
172 114
173 114
174 114
175 114
176 114
177 114
178 114
179 114
180 114
181 114
182 114
183 114
184 114
185 114
186 114
187 114
188 114
189 114
190 114
191 114
192 114
193 114
194 114
195 114
196 114
197 114
198 114
199 114
200 114
201 114
202 114
203 114
204 114
205 114
145 115
146 116
147 116
148 116
149 116
150 116
151 116
152 116
153 116
154 116
155 116
156 116
157 116
158 116
159 116
160 116
161 116
162 116
163 116
164 116
165 116
166 116
167 116
168 116
169 116
170 116
171 116
172 116
173 116
174 116
175 116
176 116
177 116
178 116
179 116
180 116
181 116
167 117
166 117
165 117
164 117
163 117
162 117
161 117
160 117
159 117
158 117
157 117
156 117
155 117
154 117
153 117
152 117
151 117
150 117
149 117
148 117
147 117
148 118
149 119
150 119
151 119
152 119
153 119
154 119
155 119
150 120
151 121
152 122
153 123
154 124
155 125
156 126
157 127
158 128
159 129
160 130
161 130
162 130
163 130
164 130
165 130
166 130
167 130
168 130
169 130
170 130
171 130
172 130
173 130
174 130
175 130
176 130
177 130
178 130
179 130
180 130
181 130
182 130
183 130
184 130
185 130
186 130
187 130
188 130
189 130
190 130
191 130
192 130
193 130
194 130
195 130
196 130
197 130
198 130
199 130
200 130
201 130
202 130
203 130
204 130
205 130
206 130
207 130
208 130
209 130
210 130
211 130
212 130
213 130
199 131
198 131
197 131
196 131
195 131
194 131
193 131
192 131
191 131
190 131
189 131
188 131
187 131
186 131
185 131
184 131
183 131
182 131
181 131
180 131
179 131
178 131
177 131
176 131
175 131
174 131
173 131
172 131
171 131
170 131
169 131
168 131
167 131
166 131
165 131
164 131
163 131
162 131
161 131
162 132
163 133
164 134
165 135
166 136
167 137
168 138
169 138
170 138
171 138
172 138
173 138
174 138
175 138
176 138
177 138
178 138
179 138
180 138
181 138
182 138
183 138
184 138
185 138
186 138
187 138
188 138
189 138
190 138
191 138
192 138
193 138
194 138
195 138
196 138
169 139
170 140
171 140
172 140
173 140
174 140
175 140
176 140
177 140
178 140
179 140
180 140
181 140
182 140
183 140
184 140
185 140
186 140
187 140
188 140
189 140
190 140
191 140
192 140
171 141
172 142
173 142
174 142
175 142
176 142
177 142
178 142
179 142
180 142
181 142
182 142
183 142
184 142
185 142
186 142
187 142
188 142
189 142
190 142
188 143
187 143
186 143
185 143
184 143
183 143
182 143
181 143
180 143
179 143
178 143
177 143
176 143
175 143
174 143
173 143
174 144
175 144
176 144
177 144
178 144
179 144
180 144
181 144
182 144
183 144
184 144
185 144
186 144
187 144
175 145
176 146
177 146
178 146
179 146
180 146
124 90
125 90
126 90
127 90
128 90
129 90
130 90
131 90
132 90
133 90
134 90
135 90
136 90
137 90
138 90
139 90
140 90
141 90
142 90
143 90
144 90
145 90
146 90
147 90
148 90
149 90
150 90
151 90
152 90
153 90
154 90
155 90
156 90
157 90
158 90
159 90
160 90
161 90
162 90
163 90
164 90
165 90
166 90
167 90
168 90
169 90
170 90
171 90
172 90
173 90
174 90
175 90
176 90
177 90
178 90
179 90
180 90
181 90
182 90
183 90
184 90
185 90
186 90
187 90
188 90
189 90
190 90
191 90
192 90
193 90
194 90
195 90
196 89
197 88
198 87
199 86
200 85
201 84
202 83
203 82
204 81
205 80
193 89
194 88
195 87
196 86
197 85
198 84
199 83
200 82
201 81
202 80
203 79
204 78
205 77
206 76
207 75
208 74
209 73
210 72
211 71
212 70
213 69
214 68
215 67
187 89
186 89
187 88
188 88
188 87
189 87
189 86
190 85
191 84
192 83
193 82
194 81
180 89
181 88
182 87
183 86
184 85
185 84
186 83
187 82
188 81
189 80
190 79
191 78
192 77
193 76
194 75
195 74
196 73
197 72
198 71
199 70
200 69
201 68
202 67
203 66
175 89
176 88
169 89
170 88
171 87
172 86
173 85
174 84
175 83
176 82
177 81
178 80
179 79
180 78
181 77
182 76
183 75
184 74
185 73
186 72
187 71
188 70
189 69
190 68
191 67
192 66
193 65
194 64
195 63
196 62
197 61
198 60
199 59
200 58
201 57
202 56
203 55
204 54
205 53
164 89
163 88
162 89
164 87
165 86
166 85
167 84
168 83
169 82
170 81
171 80
172 79
173 78
174 77
175 76
176 75
177 74
178 73
179 72
180 71
181 70
182 69
183 68
184 67
185 66
186 65
187 64
188 63
189 62
190 61
191 60
192 59
193 58
194 57
195 56
196 55
197 54
198 53
199 52
200 51
201 50
202 49
203 48
204 47
205 46
206 45
207 44
208 43
209 42
181 72
180 73
179 74
178 75
177 76
176 77
175 78
174 79
173 80
172 81
171 82
170 83
169 84
168 85
167 86
166 87
165 88
159 89
160 88
161 87
162 86
163 85
164 84
165 83
166 82
167 81
168 80
169 79
170 78
171 77
172 76
173 75
174 74
175 73
176 72
177 71
178 70
179 69
180 68
181 67
182 66
183 65
184 64
185 63
186 62
187 61
188 60
189 59
190 58
191 57
192 56
193 55
194 54
195 53
196 52
197 51
198 50
199 49
200 48
201 47
202 46
203 45
204 44
205 43
206 42
207 41
157 89
152 89
153 88
154 87
155 86
156 85
157 84
158 83
159 82
160 81
161 80
162 79
163 78
164 77
165 76
166 75
167 74
168 73
169 72
170 71
171 70
172 69
173 68
174 67
175 66
176 65
177 64
178 63
179 62
180 61
181 60
147 89
146 88
145 89
147 87
148 86
149 85
150 84
151 83
152 82
153 81
154 80
155 79
156 78
157 77
158 76
159 77
158 78
157 79
156 80
155 81
154 82
153 83
152 84
151 85
150 86
149 87
148 88
160 76
161 75
162 74
163 73
164 72
165 71
166 70
167 69
168 68
169 67
170 66
171 65
172 64
173 63
174 62
175 61
176 60
177 59
178 58
179 57
180 56
181 55
182 54
183 53
184 52
185 51
186 50
187 49
188 48
189 47
190 46
191 45
192 44
193 43
194 42
195 41
141 89
140 89
139 89
138 89
137 88
136 87
135 88
134 89
136 89
137 86
138 85
139 84
140 83
141 82
142 81
143 80
144 79
145 78
146 77
147 76
148 75
149 74
150 73
151 72
152 71
153 70
154 69
155 68
156 67
157 66
158 65
159 64
160 63
161 62
162 61
163 60
164 59
165 58
166 57
167 56
168 55
169 54
170 53
171 52
172 51
173 50
174 49
175 48
176 47
177 46
178 45
179 44
180 43
181 42
182 41
183 40
184 39
185 38
186 37
187 36
188 35
189 34
190 35
189 36
188 37
187 38
186 39
185 40
184 41
183 42
182 43
181 44
180 45
179 46
178 47
177 48
176 49
175 50
174 51
173 52
172 53
171 54
170 55
169 56
168 57
167 58
166 59
165 60
164 61
163 62
162 63
161 64
160 65
159 66
158 67
157 68
156 69
155 70
154 71
153 72
152 73
151 74
150 75
149 76
148 77
147 78
146 79
145 80
144 81
143 82
142 83
141 84
140 85
139 86
138 87
139 88
140 88
141 88
142 88
142 87
141 87
140 87
141 86
142 86
143 86
144 86
144 85
143 85
142 85
143 84
144 84
145 84
146 84
146 83
145 83
144 83
145 82
146 82
147 82
148 82
148 81
147 81
146 81
147 80
148 80
149 80
150 80
150 79
149 79
148 79
149 78
150 78
151 78
152 78
152 77
151 77
150 77
151 76
152 76
153 76
154 76
154 75
153 75
152 75
153 74
154 74
155 74
156 74
156 73
155 73
154 73
155 72
156 72
157 72
158 72
158 71
157 71
156 71
157 70
158 70
159 70
160 70
160 69
159 69
158 69
159 68
160 68
161 68
162 68
162 67
161 67
160 67
161 66
162 66
163 66
164 66
164 65
163 65
162 65
163 64
164 64
165 64
166 64
166 63
165 63
164 63
165 62
166 62
167 62
168 62
168 61
167 61
166 61
167 60
168 60
168 59
169 59
169 58
170 58
170 57
171 57
171 56
172 56
172 55
173 55
173 54
174 54
174 53
175 53
175 52
176 52
176 51
177 51
177 50
178 50
178 49
179 49
179 48
180 48
180 47
181 47
181 46
182 45
183 44
184 43
185 42
186 41
187 40
188 39
189 38
190 37
191 36
182 48
181 49
180 50
179 51
178 52
177 53
176 54
175 55
174 56
173 57
172 58
171 59
170 60
169 61
183 47
184 46
185 45
186 44
187 43
188 42
189 41
190 40
191 39
192 38
193 37
167 63
165 65
163 67
161 69
159 71
157 73
155 75
153 77
151 79
149 81
147 83
145 85
143 87
130 89
129 89
128 89
129 88
130 88
131 88
131 87
130 87
131 86
132 86
133 86
133 85
132 85
133 84
134 84
135 84
135 83
134 83
135 82
136 82
137 82
137 81
136 81
137 80
138 80
139 80
139 79
138 79
139 78
140 78
140 77
141 77
141 76
142 76
142 75
143 75
143 74
144 74
144 73
145 73
145 72
146 72
146 71
147 71
147 70
148 70
148 69
149 69
149 68
150 68
150 67
151 67
151 66
152 66
152 65
153 65
153 64
154 64
154 63
155 63
155 62
156 62
156 61
157 61
157 60
158 60
159 59
160 58
161 57
162 56
163 55
164 54
165 53
166 52
167 51
168 50
169 49
170 48
171 47
172 46
173 45
174 44
175 43
176 42
177 41
178 40
179 39
180 38
181 37
182 36
183 35
184 34
185 33
140 79
138 81
136 83
134 85
132 87
112 100
113 101
114 102
114 103
113 103
112 103
111 103
110 103
109 103
108 103
107 103
106 103
105 103
104 102
106 104
105 105
104 106
103 107
102 108
101 109
100 110
99 110
98 110
97 110
96 110
95 110
94 110
93 110
92 110
91 110
90 110
89 110
88 110
87 110
86 110
85 110
84 110
83 110
82 110
81 110
80 110
79 110
78 110
77 110
76 110
75 110
74 110
73 110
72 110
71 110
70 110
69 110
68 110
67 110
66 110
65 110
64 110
63 110
62 110
61 110
60 110
59 110
58 110
57 110
56 110
55 110
54 110
53 110
52 110
51 110
50 110
49 110
99 111
99 112
98 112
97 113
96 114
95 115
94 115
93 115
92 115
91 115
90 115
89 115
88 115
87 115
86 115
85 115
84 115
83 115
82 115
81 115
80 115
79 115
78 115
77 115
76 115
75 115
74 115
73 115
72 115
71 115
70 115
69 115
68 115
67 115
66 115
65 115
64 115
63 115
62 115
61 115
94 116
93 117
93 118
92 118
91 119
90 120
89 121
88 121
87 121
86 121
85 121
84 121
83 121
82 121
81 121
80 121
79 121
78 121
77 121
76 121
75 121
74 121
73 121
72 121
71 121
70 121
69 121
68 121
67 121
66 121
65 121
64 121
63 121
62 121
61 121
60 121
59 121
58 121
57 121
56 121
55 121
54 121
53 121
52 121
51 121
50 121
49 121
48 121
47 121
46 121
45 121
44 121
43 121
42 121
41 121
40 121
39 121
38 121
37 121
36 121
35 121
34 121
33 121
32 121
31 121
30 121
88 122
87 123
86 124
85 125
85 126
84 126
83 127
82 128
82 129
81 129
80 129
79 129
78 129
77 129
76 129
75 129
74 129
73 129
72 129
71 129
80 130
79 131
78 131
77 131
76 131
75 131
74 131
73 131
72 131
71 131
70 131
69 131
68 131
67 131
66 131
65 131
64 131
63 131
62 131
61 131
60 131
59 131
58 131
57 131
56 131
55 131
54 131
53 131
52 131
51 131
50 131
49 131
48 131
78 132
77 133
76 134
75 134
74 134
73 134
72 134
71 134
70 134
69 134
68 134
67 134
66 134
65 134
64 134
63 134
62 134
61 134
60 134
59 134
58 134
57 134
56 134
55 134
54 134
53 134
52 134
51 134
50 134
49 134
48 134
47 134
46 134
45 134
44 134
43 134
42 134
41 134
40 134
39 134
38 134
37 134
36 134
35 134
34 134
33 134
75 135
74 136
73 137
72 137
71 137
70 137
69 137
68 137
67 137
66 137
65 137
64 137
63 137
62 137
61 137
60 137
59 137
58 137
57 137
56 137
55 137
54 137
53 137
52 137
51 137
50 137
49 137
48 137
47 137
46 137
45 137
44 137
43 137
42 137
41 137
40 137
39 137
38 137
37 137
72 138
71 139
70 140
69 141
68 142
67 142
66 142
65 142
64 142
63 142
62 142
61 142
60 142
59 142
58 142
57 142
56 142
55 142
54 142
53 142
52 142
51 142
50 142
49 142
67 143
66 144
65 144
64 144
63 144
62 144
61 144
60 144
59 144
58 144
57 144
56 144
55 144
54 144
53 144
65 145
64 146
63 147
62 148
61 148
60 148
59 148
58 148
57 148
56 148
55 148
54 148
61 149
60 150
59 150
58 150
57 150
56 150
55 150
82 130
85 127
85 128
85 129
85 130
85 131
85 132
85 133
85 134
85 135
85 136
85 137
85 138
85 139
85 140
85 141
85 142
85 143
85 144
93 119
93 120
93 121
93 122
93 123
99 113
99 114
99 115
99 116
99 117
99 118
99 119
99 120
99 121
99 122
99 123
99 124
99 125
99 126
99 127
99 128
99 129
99 130
99 131
99 132
99 133
99 134
99 135
99 136
99 137
99 138
99 139
99 140
99 141
99 142
99 143
99 144
107 105
108 106
109 107
110 108
111 109
112 110
113 111
114 111
114 110
114 109
114 108
114 107
114 106
114 105
114 104
115 103
116 104
117 105
118 106
119 107
120 108
121 108
122 108
123 108
124 108
125 108
126 108
127 108
128 108
129 108
130 108
131 108
132 108
133 108
134 108
135 108
121 109
122 110
123 111
124 112
125 113
126 114
127 115
128 116
129 117
129 118
130 118
129 119
129 120
129 121
129 122
129 123
129 124
129 125
129 126
128 126
127 125
126 124
125 123
124 122
123 121
122 120
121 119
120 118
119 117
118 116
117 115
116 114
115 113
114 113
114 112
114 114
114 115
114 116
114 117
114 118
114 119
114 120
114 121
114 122
114 123
114 124
114 125
114 126
114 127
114 128
114 129
114 130
114 131
114 132
114 133
114 134
114 135
114 136
114 137
114 138
114 139
114 140
114 141
114 142
114 143
129 127
129 128
130 128
129 129
129 130
129 131
129 132
129 133
129 134
129 135
129 136
129 137
129 138
129 139
129 140
129 141
129 142
129 143
129 144
131 129
132 130
133 131
134 132
135 133
136 134
137 135
138 136
139 137
140 138
141 139
142 140
143 141
144 142
144 143
144 144
130 126
131 126
132 126
133 126
134 126
135 126
131 119
132 120
133 121
134 122
135 123
136 124
137 125
138 126
139 127
140 128
141 129
142 130
143 131
144 132
145 132
146 132
147 132
148 132
149 132
150 132
145 133
146 134
147 135
148 136
149 137
150 138
151 139
152 140
153 141
154 142
155 143
156 144
157 144
158 144
159 144
160 144
161 144
162 144
163 144
164 144
108 102
93 102
93 103
93 104
93 105
124
114 90
51 90
31 89
31 78
72 89
49 67
63 63
30 57
32 44
48 46
36 40
75 63
48 35
49 34
66 49
66 44
52 31
53 30
51 33
94 71
93 89
81 77
50 78
67 77
31 100
71 101
82 101
80 49
64 32
114 76
94 53
82 34
114 62
96 34
114 48
109 34
130 34
141 34
126 51
152 34
137 51
151 47
171 30
136 67
127 80
182 24
165 46
166 43
183 27
184 28
204 97
215 97
146 103
158 103
181 103
194 114
205 114
181 116
167 117
155 119
181 130
213 130
199 131
165 131
196 138
192 140
190 142
188 143
187 144
180 146
125 90
205 80
215 67
189 87
194 81
203 66
176 88
205 53
209 42
181 72
194 54
207 41
157 89
181 60
158 76
195 41
136 89
189 34
190 35
168 61
181 47
191 36
193 37
157 60
185 33
140 79
114 103
49 110
72 115
61 115
30 121
71 129
48 131
33 134
37 137
49 142
66 144
53 144
54 148
55 150
82 130
85 144
93 123
99 144
135 108
114 117
114 130
114 143
129 144
144 144
135 126
150 132
164 144
93 105
