3203
119 90
118 90
117 90
116 90
115 90
114 90
113 90
112 90
111 90
110 90
109 90
108 90
107 90
106 90
105 90
104 90
103 90
102 90
101 90
100 90
99 90
98 90
97 90
96 90
95 90
94 90
93 90
92 90
91 90
90 90
89 90
88 90
87 90
86 90
85 90
84 90
83 90
82 90
81 90
80 90
79 90
78 90
77 90
76 90
75 90
74 90
73 90
72 90
71 90
70 90
69 90
68 90
67 90
66 90
65 90
64 90
63 90
62 90
61 90
60 90
59 90
58 90
57 90
56 90
55 90
54 90
53 90
52 90
51 90
50 90
49 90
48 90
47 90
46 90
45 90
44 90
43 90
42 90
41 90
40 90
39 90
38 90
37 90
36 90
35 89
34 88
33 87
32 86
31 85
51 89
56 89
55 88
54 87
53 86
52 85
51 84
50 83
49 82
48 81
47 80
46 79
45 78
44 77
43 76
42 75
41 74
40 73
39 72
38 71
37 70
36 69
35 68
34 67
33 66
32 65
31 64
63 89
63 88
63 87
63 86
63 85
63 84
63 83
63 82
63 81
63 80
63 79
63 78
63 77
63 76
64 75
65 74
66 73
67 72
68 71
69 70
70 70
70 69
69 69
68 69
67 69
66 69
65 69
64 69
63 69
62 69
61 69
60 69
59 69
58 69
57 69
56 69
55 69
54 69
53 69
52 69
51 69
68 68
67 67
66 66
65 65
64 64
63 64
63 63
62 63
61 63
60 63
59 63
58 63
57 63
56 63
55 63
54 63
53 63
52 63
51 63
50 63
49 63
48 63
47 63
46 63
45 62
44 61
43 60
42 59
41 58
40 57
39 56
38 55
37 54
36 53
35 52
34 51
33 50
32 49
31 48
30 47
62 62
61 61
60 60
59 59
58 58
57 57
56 56
55 55
54 54
53 53
52 52
51 51
50 50
49 49
48 48
47 48
46 48
45 48
44 48
43 48
42 48
41 48
40 48
39 47
38 46
37 45
36 44
35 43
34 42
33 41
44 47
43 46
42 45
41 44
40 43
39 42
38 41
37 40
48 47
48 46
48 45
48 44
48 43
48 42
48 41
48 40
48 39
47 39
46 38
45 37
46 36
47 37
48 38
64 63
65 63
66 63
67 63
68 63
69 63
70 63
71 63
72 63
73 63
74 63
75 63
76 63
76 62
75 62
74 61
73 60
72 59
71 58
70 57
69 56
68 55
67 54
66 53
65 52
64 51
63 50
62 49
61 48
60 47
59 46
58 45
57 44
56 43
55 42
54 41
53 40
52 39
51 38
50 37
49 36
48 35
49 34
50 35
51 36
52 37
53 38
54 39
55 40
56 41
57 42
58 43
59 44
60 45
61 46
62 47
63 48
64 49
65 50
66 51
67 52
68 53
69 54
70 55
71 56
72 57
73 58
74 59
75 60
76 60
76 59
76 58
76 57
76 56
75 56
74 55
73 54
72 53
71 52
70 51
69 50
76 55
76 54
75 53
74 52
73 51
72 50
71 49
70 48
69 47
68 46
67 45
66 44
65 43
64 42
63 41
62 40
61 39
60 38
59 37
58 36
57 35
56 34
55 33
76 61
76 64
75 64
74 65
73 66
72 67
71 68
76 65
76 66
76 67
76 68
76 69
76 70
76 71
76 72
76 73
76 74
76 75
75 75
74 74
73 73
72 72
71 71
70 71
70 72
70 73
70 74
70 75
70 76
70 77
76 76
76 77
77 77
78 77
79 77
80 77
81 77
82 77
81 76
81 75
81 74
81 73
81 72
81 71
81 70
81 69
82 69
81 68
80 67
79 66
78 65
77 64
83 70
84 71
85 71
86 71
87 71
88 71
89 71
90 71
91 71
92 71
93 71
94 71
85 72
86 73
87 74
88 75
89 76
90 77
91 78
92 79
93 80
94 81
94 82
95 82
94 83
94 84
94 85
94 86
94 87
94 88
94 89
96 83
97 84
98 85
99 86
100 87
101 88
102 89
103 89
104 89
105 89
106 89
107 89
108 89
109 89
110 89
111 89
112 89
113 89
81 78
81 79
81 80
80 80
79 79
78 78
81 81
81 82
82 82
81 83
81 84
81 85
81 86
81 87
81 88
81 89
83 83
84 84
85 85
86 86
87 87
88 88
89 89
76 78
76 79
76 80
76 81
76 82
76 83
76 84
76 85
76 86
76 87
76 88
76 89
76 91
76 92
76 93
81 91
81 92
81 93
81 94
81 95
81 96
81 97
80 97
79 97
78 97
77 97
76 97
75 97
74 97
73 97
72 97
71 97
70 97
69 97
68 97
67 97
66 97
65 97
64 97
63 97
62 97
61 97
60 97
59 97
58 97
57 97
56 97
55 97
54 97
53 97
52 97
51 97
50 97
49 97
48 97
47 97
46 97
45 97
44 97
43 97
42 97
41 97
40 97
39 97
38 97
37 97
36 97
35 97
34 97
33 97
32 97
31 97
30 97
81 98
81 99
81 100
81 101
80 101
79 101
78 101
77 101
76 101
75 101
74 101
73 101
72 101
71 101
70 101
69 101
68 101
82 101
83 101
84 101
85 101
86 101
87 101
88 101
89 101
90 101
91 101
92 101
93 101
94 101
95 101
96 101
97 101
98 101
99 101
100 101
101 101
102 101
103 101
104 101
105 101
106 101
107 101
108 101
109 101
108 102
107 103
106 104
105 105
104 104
103 103
102 102
104 106
103 107
102 108
101 109
100 109
99 109
98 109
97 109
96 109
95 109
94 109
93 109
92 109
91 109
90 109
89 109
88 109
87 109
86 109
85 109
84 109
83 109
82 109
81 109
80 109
79 109
78 109
77 109
76 109
75 109
74 109
73 109
72 109
71 109
70 109
69 109
68 109
67 109
66 109
65 109
64 109
63 109
62 109
61 109
60 109
59 109
58 109
57 109
56 109
55 109
54 109
53 109
52 109
51 109
50 109
49 109
48 109
47 109
46 109
45 109
44 109
43 109
42 109
41 109
40 109
39 109
38 109
37 109
36 109
35 109
34 109
33 109
94 108
94 107
94 106
94 105
94 104
94 103
94 102
94 110
94 111
94 112
94 113
94 114
93 114
92 114
91 114
90 114
89 114
88 114
87 114
86 114
85 114
84 114
83 114
82 114
81 114
80 114
79 114
78 114
77 114
76 114
75 114
74 114
73 114
72 114
71 114
70 114
69 114
68 114
67 114
66 114
65 114
64 114
63 114
94 115
95 115
95 114
96 114
97 113
98 112
99 111
100 110
94 116
94 117
93 117
92 118
91 119
90 120
89 121
88 122
87 123
86 124
85 125
84 126
83 127
83 128
82 128
81 128
80 128
79 128
78 128
77 128
76 128
75 128
74 128
73 128
72 128
71 128
70 128
69 128
68 128
67 128
66 128
65 128
64 128
63 128
62 128
61 128
60 128
59 128
58 128
57 128
56 128
55 128
54 128
53 128
52 128
51 128
50 128
49 128
48 128
47 128
46 128
45 128
44 128
43 128
42 128
41 128
40 128
39 128
38 128
37 128
36 128
35 128
34 128
33 128
32 128
31 128
30 128
48 129
49 129
50 129
51 129
52 129
53 129
54 129
55 129
56 129
57 129
58 129
59 129
60 129
61 129
62 129
63 129
64 129
65 129
66 129
67 129
68 129
69 129
70 129
71 129
72 129
73 129
74 129
75 129
76 129
77 129
78 129
79 129
80 129
81 129
80 130
79 131
78 132
77 133
76 134
75 135
75 136
74 136
73 136
72 136
71 136
70 136
69 136
68 136
67 136
66 136
65 136
64 136
63 136
62 136
61 136
60 136
59 136
58 136
57 136
56 136
55 136
54 136
53 136
52 136
51 136
50 136
49 136
48 136
47 136
46 136
45 136
44 136
43 136
42 136
41 136
40 136
39 136
38 136
37 136
36 136
35 136
36 137
37 137
38 137
39 137
40 137
41 137
42 137
43 137
44 137
45 137
46 137
47 137
48 137
49 137
50 137
51 137
52 137
53 137
54 137
55 137
56 137
57 137
58 137
59 137
60 137
61 137
62 137
63 137
64 137
65 137
66 137
67 137
68 137
69 137
70 137
71 137
72 137
73 137
72 138
71 139
70 140
69 140
68 140
67 140
66 140
65 140
64 140
63 140
62 140
61 140
60 140
59 140
58 140
57 140
56 140
55 140
54 140
53 140
52 140
51 140
50 140
49 140
48 140
47 140
46 140
45 140
47 141
48 141
49 141
50 141
51 141
52 141
53 141
54 141
55 141
56 141
57 141
58 141
59 141
60 141
61 141
62 141
63 141
64 141
65 141
66 141
67 141
68 141
69 141
68 142
67 142
66 142
65 142
64 142
63 142
62 142
61 142
60 142
59 142
58 142
57 142
56 142
55 142
54 142
53 142
52 142
51 142
50 142
49 142
48 142
50 143
51 143
52 143
53 143
54 143
55 143
56 143
57 143
58 143
59 143
60 143
61 143
62 143
63 143
64 143
65 143
66 143
67 143
66 144
65 145
64 145
63 145
62 145
61 145
60 145
59 145
58 145
75 137
75 138
75 139
75 140
75 141
75 142
75 143
83 129
94 118
94 119
94 120
94 121
94 122
94 123
94 124
94 125
94 126
94 127
94 128
94 129
94 130
94 131
94 132
94 133
94 134
94 135
94 136
94 137
94 138
94 139
94 140
94 141
94 142
94 143
94 144
106 106
107 107
108 108
109 109
110 110
111 110
112 110
113 110
113 109
113 108
113 107
113 106
113 105
113 104
113 103
113 102
113 101
114 101
113 100
113 99
112 99
111 99
111 98
112 98
113 98
113 97
112 97
111 97
110 97
109 97
108 97
107 97
106 97
105 97
104 97
103 97
102 97
101 97
100 97
99 97
98 97
97 97
96 97
95 97
94 97
93 97
92 97
91 97
90 97
89 97
88 97
87 97
86 97
85 97
84 97
83 97
82 97
94 96
94 95
95 95
94 94
94 93
93 93
92 92
91 91
94 92
94 91
96 96
94 98
94 99
94 100
98 98
99 99
100 100
109 96
108 95
107 94
106 93
105 92
104 91
114 96
115 95
116 94
117 93
118 92
119 91
121 90
120 89
120 88
120 87
120 86
119 86
118 85
117 84
116 83
115 82
114 81
113 80
112 79
111 78
110 77
109 76
108 75
107 74
106 73
105 72
104 71
103 70
102 69
101 68
100 67
99 66
98 65
97 64
96 63
95 62
94 61
93 60
92 59
91 58
90 57
89 56
88 55
87 54
86 53
85 52
84 51
83 50
82 49
81 48
120 85
120 84
121 84
120 83
119 83
118 82
117 81
116 80
115 79
114 78
113 77
112 76
111 75
110 74
109 73
108 72
107 71
106 70
105 69
104 68
103 67
102 66
101 65
100 64
99 63
98 62
97 61
96 60
95 59
94 58
93 57
92 56
91 55
90 54
89 53
88 52
87 51
86 50
85 49
84 48
83 47
82 46
81 45
80 44
79 43
78 42
77 41
76 40
75 39
74 38
73 37
72 36
71 35
70 34
120 82
120 81
120 80
120 79
119 79
119 78
118 78
118 77
117 77
117 76
116 76
116 75
115 75
115 74
114 74
114 73
113 72
112 71
111 70
110 69
109 68
108 67
107 66
106 65
105 64
104 63
103 62
102 61
101 60
100 59
99 58
98 57
97 56
96 55
95 54
94 53
120 78
120 77
121 77
120 76
120 75
120 74
120 73
120 72
119 72
118 71
117 70
116 69
115 68
114 67
113 66
112 65
111 64
110 63
109 62
108 61
107 60
106 59
105 58
104 57
103 56
102 55
101 54
100 53
99 52
98 51
97 50
96 49
95 48
94 47
93 46
92 45
91 44
90 43
89 42
88 41
87 40
86 39
85 38
84 37
83 36
82 35
81 34
120 71
121 71
120 70
120 69
120 68
120 67
119 67
118 66
117 65
116 64
115 63
114 62
113 61
112 60
120 66
120 65
120 64
120 63
120 62
120 61
119 61
118 60
117 59
116 58
115 57
114 56
113 55
112 54
111 53
110 52
109 51
108 50
107 49
106 48
105 47
104 46
103 45
102 44
101 43
100 42
99 41
98 40
97 39
96 38
95 37
94 36
93 35
92 34
120 60
120 59
120 58
120 57
121 57
120 56
120 55
120 54
120 53
120 52
120 51
120 50
120 49
119 49
118 48
117 47
116 46
115 45
114 44
113 43
112 42
111 41
110 40
109 39
120 48
120 47
121 47
120 46
120 45
120 44
120 43
120 42
120 41
120 40
120 39
120 38
119 37
118 36
117 35
116 34
115 33
114 32
113 31
112 30
111 29
110 28
109 27
108 26
121 37
122 36
123 35
124 34
122 56
123 55
124 54
125 53
126 52
127 51
128 50
129 49
130 48
131 47
132 46
133 45
134 44
135 43
136 42
137 41
138 40
139 39
140 38
141 37
142 36
143 35
144 34
122 70
123 69
124 68
125 67
126 66
127 65
128 64
129 63
130 62
131 61
132 60
133 59
134 58
135 57
136 56
122 76
123 75
124 74
125 73
126 72
127 71
128 70
129 69
130 68
131 67
132 66
133 65
134 64
135 63
136 62
137 61
138 60
139 59
140 58
141 57
142 56
143 55
144 54
145 53
146 52
147 51
148 50
149 49
150 48
151 47
152 46
153 45
154 44
155 43
156 42
157 41
158 40
159 39
160 38
161 37
162 36
163 35
164 34
147 53
146 54
145 55
144 56
143 57
142 58
141 59
140 60
139 61
138 62
137 63
136 64
135 65
134 66
133 67
132 68
131 69
130 70
129 71
128 72
127 73
126 74
125 75
124 76
123 77
122 78
121 79
122 83
123 82
124 81
125 80
126 79
127 78
128 77
129 76
130 75
131 74
132 73
133 72
134 71
135 70
136 69
137 68
138 67
139 66
140 65
141 64
142 63
143 62
144 61
145 60
146 59
147 58
148 57
149 56
150 55
151 54
152 53
153 52
154 51
155 50
156 49
157 48
158 47
159 46
160 45
161 44
162 43
163 42
164 41
165 40
166 39
167 38
168 37
169 36
170 35
171 34
172 33
173 32
174 31
175 30
176 29
177 28
178 27
179 26
121 91
122 90
123 90
124 90
125 90
126 90
127 90
128 90
129 90
130 90
131 90
132 90
133 90
134 90
135 90
136 90
137 90
138 90
139 90
140 90
141 90
142 90
143 90
144 90
145 90
146 90
147 90
148 90
149 90
150 90
151 90
152 90
153 90
154 90
155 90
156 90
157 90
158 90
159 90
160 90
161 90
162 90
163 90
164 90
165 90
166 90
167 90
168 90
169 90
170 90
171 90
172 90
173 90
174 90
175 90
176 90
177 90
178 90
179 90
180 90
181 90
182 90
183 90
184 90
185 90
186 90
187 90
188 90
189 90
190 90
191 90
192 90
193 90
194 90
195 90
196 90
197 90
198 90
199 89
200 88
201 87
202 86
203 85
204 84
205 83
194 89
195 88
196 87
197 86
198 85
199 84
200 83
201 82
202 81
203 80
204 79
205 78
206 77
207 76
208 75
209 74
210 73
211 72
212 71
213 70
214 69
215 68
186 89
187 88
188 87
189 86
190 85
191 84
192 83
193 82
194 81
183 89
184 88
185 87
186 86
187 85
188 84
189 83
190 82
191 81
192 80
193 79
194 78
195 77
196 76
197 75
198 74
199 73
200 72
201 71
202 70
203 69
204 68
171 89
170 88
169 89
171 87
172 86
173 85
174 84
175 83
176 82
177 81
178 80
179 79
180 78
181 77
182 76
183 75
184 74
185 73
186 72
187 71
188 70
189 69
190 68
191 67
192 66
193 65
194 64
195 63
196 62
197 61
198 60
199 59
200 58
201 57
202 56
203 55
204 54
205 53
181 79
180 80
179 81
178 82
177 83
176 84
175 85
174 86
173 87
172 88
165 89
166 88
167 87
168 86
169 85
170 84
171 83
172 82
173 81
174 80
175 79
176 78
177 77
178 76
179 75
180 74
181 73
182 72
183 71
184 70
185 69
186 68
187 67
188 66
189 65
190 64
191 63
192 62
193 61
194 60
195 59
196 58
197 57
198 56
199 55
200 54
201 53
202 52
203 51
204 50
205 49
206 48
207 47
208 46
209 45
210 44
211 43
212 42
160 89
159 89
160 88
161 88
161 87
162 87
162 86
163 86
163 85
164 85
164 84
165 84
165 83
166 83
166 82
167 82
167 81
168 81
168 80
169 80
169 79
170 79
170 78
171 78
171 77
172 77
172 76
173 76
173 75
174 75
174 74
175 74
175 73
176 73
176 72
177 72
177 71
178 71
178 70
179 70
179 69
180 69
180 68
181 68
181 67
182 66
183 65
184 64
185 63
186 62
187 61
188 60
189 59
190 58
191 57
192 56
193 55
194 54
152 89
153 88
154 87
155 86
156 85
157 84
158 83
159 82
160 81
161 80
162 79
163 78
164 77
165 76
166 75
167 74
168 73
169 72
170 71
171 70
172 69
173 68
174 67
175 66
176 65
177 64
178 63
179 62
180 61
181 60
182 59
183 58
184 57
185 56
186 55
187 54
188 53
189 52
190 51
191 50
192 49
193 48
194 47
195 46
196 45
197 44
198 43
199 42
200 41
149 89
148 89
147 89
148 88
149 88
150 88
150 87
149 87
150 86
151 86
152 86
152 85
151 85
152 84
153 84
154 84
154 83
153 83
154 82
155 82
156 82
156 81
155 81
156 80
157 80
158 80
158 79
157 79
158 78
159 78
160 78
160 77
159 77
160 76
161 76
162 76
162 75
161 75
162 74
163 74
164 74
164 73
163 73
164 72
165 71
166 70
167 69
168 68
169 67
170 66
171 65
172 64
173 63
174 62
175 61
176 60
177 59
178 58
179 57
180 56
181 55
182 54
183 53
184 52
185 51
186 50
187 49
188 48
189 47
190 46
191 45
192 44
193 43
194 42
195 41
196 40
197 39
181 57
180 58
179 59
178 60
177 61
176 62
175 63
174 64
173 65
172 66
171 67
170 68
169 69
168 70
167 71
166 72
165 73
163 75
161 77
159 79
157 81
155 83
153 85
151 87
144 89
145 88
146 87
147 86
148 85
149 84
150 83
151 82
152 81
153 80
154 79
155 78
156 77
157 76
158 75
159 74
160 73
161 72
162 71
163 70
164 69
165 68
166 67
167 66
168 65
169 64
170 63
171 62
172 61
173 60
174 59
175 58
176 57
177 56
178 55
179 54
180 53
181 52
182 51
183 50
184 49
185 48
186 47
187 46
188 45
189 44
190 43
191 42
192 41
193 40
194 39
195 38
133 89
132 89
131 89
132 88
133 88
134 88
134 87
133 87
134 86
135 85
136 84
137 83
138 82
139 81
140 80
141 79
142 78
143 77
144 76
145 75
146 74
147 73
148 72
149 71
150 72
149 73
148 74
147 75
146 76
145 77
144 78
143 79
142 80
141 81
140 82
139 83
138 84
137 85
136 86
135 87
151 71
152 70
153 69
154 68
155 67
156 66
157 65
158 64
159 63
160 62
161 61
162 60
163 59
164 58
165 57
166 56
167 55
168 54
169 53
170 52
171 51
172 50
173 49
174 48
175 47
176 46
177 45
178 44
179 43
180 42
181 41
182 40
183 39
184 38
128 89
129 88
130 87
131 86
132 85
133 84
134 83
135 82
136 81
137 80
138 79
139 78
140 77
141 76
142 75
143 74
144 73
145 72
146 71
147 70
148 69
149 68
150 67
151 66
152 65
153 64
154 63
155 62
156 61
157 60
158 59
159 58
160 57
161 56
162 55
163 54
164 53
165 52
166 51
167 50
168 49
169 48
170 47
171 46
172 45
123 89
124 88
125 87
126 86
127 85
128 84
129 83
130 82
131 81
132 80
133 79
134 78
135 77
136 76
137 75
138 74
139 73
140 72
141 71
142 70
143 69
144 68
145 67
146 66
147 65
148 64
149 63
150 62
151 61
152 60
153 59
154 58
155 57
156 56
157 55
158 54
122 92
123 93
124 93
125 93
126 93
127 93
128 93
129 93
130 93
131 93
132 93
133 93
134 93
135 93
136 93
137 93
138 93
139 93
140 93
141 93
142 93
143 93
144 93
145 93
146 93
147 93
148 93
149 93
150 93
151 93
152 93
153 93
154 93
155 93
156 93
157 93
158 93
159 93
160 93
161 93
162 93
163 93
164 93
165 93
166 93
167 93
168 93
169 93
170 93
171 93
172 93
173 93
174 93
175 93
176 93
177 93
178 93
179 93
180 93
181 93
182 93
183 93
184 93
185 93
186 93
187 93
188 93
189 93
190 93
191 93
191 94
190 94
189 94
188 94
187 94
186 94
185 94
184 94
183 94
182 94
181 94
180 94
179 94
178 94
177 94
176 94
175 94
174 94
173 94
172 94
171 94
170 94
169 94
168 94
167 94
166 94
165 94
164 94
163 94
162 94
161 94
160 94
159 94
158 94
157 94
156 94
155 94
154 94
153 94
152 94
151 94
150 94
149 94
148 94
147 94
146 94
145 94
144 94
143 94
142 94
141 94
140 94
139 94
138 94
137 94
136 94
135 94
134 94
133 94
132 94
131 94
130 94
129 94
128 94
127 94
126 94
125 94
124 94
125 95
126 96
127 96
128 96
129 96
130 96
131 96
132 96
133 96
134 96
135 96
136 96
137 96
138 96
139 96
140 96
141 96
142 96
143 96
144 96
145 96
146 96
147 96
148 96
149 96
150 96
151 96
152 96
153 96
154 96
155 96
156 96
157 96
158 96
159 96
160 96
161 96
162 96
163 96
164 96
165 96
166 96
167 96
168 96
169 96
170 96
171 96
172 96
173 96
174 96
175 96
176 96
177 96
178 96
179 96
180 96
181 96
182 96
183 96
184 96
185 96
186 96
187 96
188 96
189 96
190 96
191 96
192 96
193 96
194 96
195 96
196 96
197 96
198 96
199 96
200 96
201 96
202 96
203 96
204 96
205 96
206 96
207 96
208 96
209 96
210 96
211 96
212 96
213 96
127 97
128 98
129 99
130 100
131 101
132 102
133 102
134 102
135 102
136 102
137 102
138 102
139 102
140 102
141 102
142 102
143 102
144 102
145 102
146 102
147 102
148 102
149 102
150 102
151 102
152 102
153 102
154 102
155 102
156 102
157 102
157 103
156 103
155 103
154 103
153 103
152 103
151 103
150 103
149 103
148 103
147 103
146 103
145 103
144 103
143 103
142 103
141 103
140 103
139 103
138 103
137 103
136 103
135 103
134 103
133 103
134 104
135 105
136 106
137 107
138 107
139 107
140 107
141 107
142 107
143 107
144 107
145 107
146 107
147 107
148 107
149 107
150 107
151 107
152 107
153 107
154 107
155 107
156 107
157 107
158 107
159 107
160 107
161 107
162 107
163 107
164 107
165 107
166 107
167 107
168 107
169 107
170 107
171 107
172 107
173 107
174 107
175 107
176 107
177 107
178 107
179 107
180 107
181 107
182 107
183 107
184 107
185 107
186 107
187 107
188 107
189 107
190 107
191 107
192 107
193 107
194 107
195 107
196 107
197 107
198 107
199 107
200 107
201 107
202 107
203 107
204 107
205 107
206 107
207 107
208 107
209 107
210 107
211 107
212 107
213 107
214 107
215 107
181 108
180 108
179 108
178 108
177 108
176 108
175 108
174 108
173 108
172 108
171 108
170 108
169 108
168 108
167 108
166 108
165 108
164 108
163 108
162 108
161 108
160 108
159 108
158 108
157 108
156 108
155 108
154 108
153 108
152 108
151 108
150 108
149 108
148 108
147 108
146 108
145 108
144 108
143 108
142 108
141 108
140 108
139 108
138 108
139 109
140 110
141 111
142 112
143 113
144 114
145 115
146 116
147 117
148 118
149 118
150 118
151 118
152 118
153 118
154 118
155 118
156 118
157 118
158 118
159 118
160 118
161 118
162 118
163 118
164 118
165 118
166 118
167 118
168 118
169 118
170 118
171 118
172 118
173 118
174 118
175 118
176 118
177 118
178 118
179 118
180 118
181 118
182 118
183 118
184 118
185 118
186 118
187 118
188 118
189 118
190 118
191 118
192 118
193 118
194 118
195 118
196 118
197 118
198 118
199 118
200 118
201 118
202 118
203 118
204 118
205 118
206 118
207 118
208 118
209 118
210 118
211 118
212 118
213 118
214 118
215 118
181 119
180 119
179 119
178 119
177 119
176 119
175 119
174 119
173 119
172 119
171 119
170 119
169 119
168 119
167 119
166 119
165 119
164 119
163 119
162 119
161 119
160 119
159 119
158 119
157 119
156 119
155 119
154 119
153 119
152 119
151 119
150 119
149 119
150 120
151 121
152 122
153 123
154 124
155 125
156 126
157 127
158 127
159 127
160 127
161 127
162 127
163 127
164 127
165 127
166 127
167 127
168 127
169 127
170 127
171 127
172 127
173 127
174 127
175 127
176 127
177 127
178 127
179 127
180 127
181 127
182 127
183 127
184 127
185 127
186 127
187 127
188 127
189 127
190 127
191 127
192 127
193 127
194 127
195 127
196 127
197 127
198 127
199 127
200 127
201 127
202 127
203 127
204 127
158 128
159 129
160 130
161 131
162 131
163 131
164 131
165 131
166 131
167 131
168 131
169 131
170 131
171 131
172 131
173 131
174 131
175 131
176 131
177 131
178 131
179 131
180 131
181 131
181 132
180 132
179 132
178 132
177 132
176 132
175 132
174 132
173 132
172 132
171 132
170 132
169 132
168 132
167 132
166 132
165 132
164 132
163 132
162 132
163 133
164 134
165 135
166 135
167 135
168 135
169 135
169 136
168 136
167 136
166 136
167 137
168 138
169 139
170 140
171 141
172 141
173 141
174 141
175 141
176 141
177 141
178 141
179 141
180 141
181 141
182 141
183 141
184 141
185 141
186 141
187 141
188 141
189 141
190 141
191 141
192 141
190 142
189 142
188 142
187 142
186 142
185 142
184 142
183 142
182 142
181 142
180 142
179 142
178 142
177 142
176 142
175 142
174 142
173 142
172 142
173 143
174 143
175 143
176 143
177 143
178 143
179 143
180 143
181 143
182 143
183 143
184 143
185 143
186 143
187 143
188 143
187 144
186 144
185 144
184 144
183 144
182 144
181 144
180 144
179 144
178 144
177 144
176 144
175 144
174 144
175 145
176 145
177 145
178 145
179 145
180 145
181 145
182 145
183 145
184 145
185 145
186 145
176 146
177 147
170 136
171 136
172 136
173 136
174 136
175 136
176 136
177 136
178 136
179 136
180 136
181 136
182 136
183 136
184 136
185 136
186 136
187 136
188 136
189 136
190 136
191 136
192 136
193 136
182 132
183 132
184 132
185 132
186 132
187 132
188 132
189 132
190 132
191 132
192 132
193 132
194 132
195 132
196 132
197 132
198 132
199 132
200 132
201 132
202 132
203 132
204 132
205 132
206 132
207 132
208 132
209 132
210 132
211 132
212 132
213 132
214 132
215 132
158 103
159 103
160 103
161 103
162 103
163 103
164 103
165 103
166 103
167 103
168 103
192 94
193 94
194 94
195 94
196 94
197 94
198 94
199 94
110 100
115 102
116 103
117 104
118 105
119 106
120 107
121 108
122 109
123 110
124 111
125 112
125 113
126 113
125 114
125 115
125 116
125 117
125 118
125 119
125 120
125 121
125 122
125 123
124 123
123 123
122 122
121 121
120 120
119 119
118 118
117 117
116 117
116 116
115 115
114 114
113 114
113 113
113 112
112 112
111 111
113 111
113 115
113 116
113 117
113 118
113 119
113 120
113 121
113 122
113 123
113 124
113 125
113 126
113 127
113 128
113 129
113 130
113 131
113 132
113 133
113 134
113 135
113 136
113 137
113 138
113 139
113 140
113 141
113 142
113 143
116 118
116 119
116 120
116 121
116 122
116 123
116 124
116 125
116 126
116 127
124 124
125 124
125 125
125 126
126 126
125 127
125 128
125 129
125 130
125 131
125 132
125 133
125 134
125 135
125 136
125 137
125 138
125 139
125 140
125 141
125 142
125 143
127 127
128 128
129 129
130 130
131 131
132 132
133 133
134 134
135 135
136 136
136 137
137 137
136 138
136 139
136 140
136 141
136 142
136 143
136 144
138 138
139 139
140 140
141 141
142 142
143 143
144 144
145 144
146 144
147 144
126 123
127 114
128 115
129 116
130 117
131 118
132 119
133 120
134 121
135 122
136 123
137 123
137 124
138 125
139 126
140 127
141 128
142 129
143 130
144 131
145 131
146 131
147 131
148 131
149 131
150 131
151 131
152 131
153 131
154 131
155 131
156 131
157 131
158 131
145 132
146 133
147 134
148 135
149 136
150 137
151 138
152 139
153 140
154 141
155 142
156 143
157 143
158 143
117
95 90
31 85
51 89
31 64
63 89
51 69
63 64
30 47
48 48
33 41
37 40
45 37
46 36
76 63
48 35
49 34
69 50
55 33
70 77
82 77
94 71
113 89
76 93
30 97
81 101
68 101
51 109
33 109
94 102
76 114
63 114
71 128
30 128
48 129
35 136
36 137
45 140
47 141
48 142
50 143
58 145
75 143
83 129
94 123
94 144
113 110
81 48
70 34
114 74
94 53
81 34
112 60
92 34
109 39
121 47
108 26
124 34
144 34
136 56
164 34
147 53
131 74
179 26
146 90
205 83
215 68
194 81
204 68
205 53
181 79
212 42
181 68
194 54
200 41
164 73
197 39
181 57
195 38
134 87
149 71
184 38
172 45
158 54
158 93
179 93
191 93
213 96
136 102
157 102
204 107
215 107
181 108
158 118
215 118
181 119
204 127
181 131
169 135
192 141
190 142
188 143
187 144
186 145
177 147
193 136
215 132
168 103
199 94
113 143
116 127
125 143
136 144
147 144
126 123
137 123
158 131
158 143
