1107
119 90
118 90
117 90
116 90
115 89
114 88
113 87
112 86
111 86
110 86
109 86
108 86
107 85
106 84
105 83
104 82
103 81
102 80
101 79
100 78
99 77
98 76
97 75
96 74
95 73
94 72
93 71
93 70
93 69
93 68
93 67
93 66
93 65
93 64
93 63
93 62
93 61
93 60
93 59
93 58
93 57
93 56
92 56
94 56
95 56
96 56
97 56
98 56
99 56
100 56
101 56
102 56
103 56
104 56
105 56
106 56
107 56
108 56
109 56
110 56
111 56
112 55
113 54
113 53
113 52
113 51
113 50
113 49
113 48
113 47
113 46
113 45
113 44
113 43
113 42
113 41
113 40
112 39
111 38
110 37
109 36
108 35
107 34
106 34
105 34
104 34
103 34
102 34
101 34
100 34
99 34
98 34
97 34
96 34
95 34
94 34
93 34
92 34
91 34
90 34
89 34
88 34
87 34
86 34
114 55
115 56
115 57
115 58
115 59
115 60
115 61
115 62
115 63
115 64
115 65
121 90
122 90
123 90
124 89
125 88
126 87
127 86
127 85
127 84
127 83
127 82
127 81
127 80
128 79
129 78
130 77
131 76
132 75
133 74
134 73
135 72
136 71
136 70
136 69
136 68
136 67
136 66
137 65
138 64
139 63
140 62
141 61
142 60
143 59
144 58
145 57
145 56
144 56
143 56
142 56
141 56
140 56
139 55
138 54
137 53
136 52
135 51
134 50
134 49
134 48
135 48
134 47
134 46
134 45
134 44
134 43
134 42
134 41
134 40
133 39
132 38
131 37
130 36
129 35
128 34
136 47
137 46
138 45
139 44
140 43
141 42
142 41
143 40
144 39
145 38
146 37
147 36
148 35
149 34
146 56
137 72
138 73
139 74
140 75
141 75
142 75
143 75
144 75
145 75
146 75
147 75
148 75
149 75
150 75
151 75
152 75
153 75
154 75
155 74
156 73
157 72
158 71
158 70
158 69
158 68
158 67
158 66
158 65
158 64
158 63
158 62
158 61
158 60
159 59
160 58
161 57
162 56
163 55
164 54
165 53
166 54
167 55
168 55
169 55
170 55
171 55
172 55
173 55
174 55
175 55
176 55
177 55
178 55
179 55
180 55
181 55
182 55
183 55
184 55
185 55
186 55
187 55
188 55
189 55
190 55
191 55
192 54
193 53
194 52
195 52
196 52
197 52
198 52
199 52
200 52
201 52
202 52
203 52
204 52
205 52
195 53
196 54
197 55
198 56
199 57
200 58
201 59
202 60
203 61
204 62
204 63
204 64
204 65
204 66
204 67
204 68
204 69
204 70
204 71
204 72
204 73
205 73
206 73
207 73
208 73
209 73
210 73
211 73
212 73
213 73
214 73
215 73
194 51
194 50
194 49
194 48
193 48
192 47
191 46
190 45
189 44
188 43
187 42
186 41
186 40
186 39
186 38
186 37
186 36
186 35
185 34
184 33
183 32
182 31
181 30
180 31
179 32
178 33
177 34
176 34
175 34
174 34
173 34
172 34
171 34
170 34
194 47
194 46
194 45
194 44
195 43
196 42
197 41
148 76
149 77
150 78
151 79
152 80
153 81
154 82
155 83
156 84
157 85
158 86
159 87
160 88
160 89
128 87
129 88
130 89
131 90
132 91
133 92
134 93
135 93
136 93
137 93
138 93
139 93
138 94
137 95
137 96
137 97
137 98
137 99
137 100
137 101
137 102
137 103
137 104
137 105
137 106
137 107
137 108
136 108
135 108
134 108
133 108
132 108
131 108
130 108
129 108
128 108
127 108
126 108
125 108
124 108
123 108
122 108
121 108
120 108
119 108
118 108
117 108
116 108
115 108
114 108
113 107
112 108
111 108
110 108
109 108
108 108
107 108
106 108
105 108
104 108
103 108
102 108
101 108
100 108
99 108
98 108
97 108
96 108
95 108
94 108
93 108
93 107
93 106
93 105
93 104
93 103
93 102
93 101
93 100
93 99
93 98
93 97
93 96
93 95
93 94
92 93
91 92
92 109
91 110
90 111
89 112
88 113
87 114
86 115
85 116
84 117
83 118
82 119
82 120
82 121
82 122
82 123
82 124
82 125
81 125
80 125
79 125
78 125
77 125
76 125
75 125
74 125
73 125
72 124
71 123
71 122
71 121
71 120
71 119
71 118
71 117
71 116
71 115
71 114
71 113
71 112
71 111
71 110
71 109
71 108
70 108
69 108
68 108
67 108
66 108
65 107
64 106
63 105
62 104
61 103
61 102
61 101
61 100
61 99
61 98
61 97
61 96
60 95
59 94
58 93
57 92
56 91
55 90
54 89
53 88
52 87
51 86
51 85
52 84
53 83
54 82
55 81
56 80
57 79
58 78
59 77
60 76
60 75
59 75
58 75
57 75
56 75
55 75
54 74
53 73
52 72
51 71
50 70
49 69
49 68
49 67
49 66
49 65
49 64
49 63
49 62
49 61
49 60
49 59
49 58
49 57
49 56
49 55
49 54
49 53
49 52
48 51
47 51
46 51
45 50
44 49
43 48
42 47
41 46
40 45
39 44
38 43
37 42
37 41
36 41
35 42
34 43
33 44
32 45
31 46
30 47
29 48
29 49
29 50
29 51
29 52
38 41
39 41
40 40
41 39
42 39
43 39
44 39
45 39
46 39
47 39
48 39
49 39
50 39
51 39
52 38
52 37
52 36
52 35
52 34
52 33
52 32
53 31
54 30
55 31
56 32
57 33
58 34
59 34
60 34
61 34
62 34
63 34
64 34
65 34
48 70
47 71
46 72
45 73
44 73
43 73
42 73
41 73
40 73
39 73
38 73
37 73
36 73
35 73
34 73
33 73
32 73
31 73
30 73
29 73
61 75
62 75
63 75
64 75
65 75
66 75
67 75
68 75
69 74
70 73
71 72
72 71
72 70
72 69
72 68
72 67
72 66
72 65
72 64
72 63
72 62
72 61
72 60
72 59
72 58
72 57
71 56
62 76
63 77
64 78
65 79
66 80
67 81
68 82
69 83
70 84
71 85
71 86
60 104
59 105
58 106
57 107
56 107
55 107
54 107
53 107
52 107
51 107
50 107
49 107
48 107
47 107
46 107
45 107
44 106
43 105
42 104
41 103
40 102
39 101
38 100
37 99
36 98
35 97
34 96
33 95
32 94
49 108
48 109
47 110
46 111
45 112
44 113
43 114
42 115
41 115
40 115
39 115
38 115
37 115
36 115
35 115
34 115
33 115
32 115
33 116
33 117
33 118
33 119
33 120
33 121
33 122
33 123
33 124
33 125
33 126
33 127
34 128
35 129
36 130
36 131
36 132
36 133
36 134
36 135
36 136
36 137
37 137
38 137
39 137
40 136
41 135
42 134
43 133
44 132
45 131
46 130
47 129
48 129
48 128
48 130
48 131
48 132
48 133
48 134
48 135
48 136
48 137
48 138
48 139
49 140
50 141
51 142
52 143
53 143
54 143
55 143
56 143
57 144
58 145
59 145
60 145
61 145
62 145
63 145
64 145
65 145
66 145
67 145
68 145
69 145
70 145
71 145
72 145
73 145
72 108
83 126
84 127
85 128
86 128
87 128
88 128
89 128
90 128
91 128
92 128
93 128
94 129
94 130
94 131
94 132
94 133
94 134
94 135
94 136
94 137
94 138
94 139
94 140
94 141
94 142
94 143
94 144
94 145
125 109
124 110
123 111
122 112
121 113
120 114
119 115
118 116
117 117
116 118
115 119
114 120
114 121
114 122
114 123
115 124
115 125
115 126
115 127
115 128
115 129
115 130
115 131
115 132
115 133
115 134
115 135
115 136
115 137
115 138
115 139
115 140
115 141
115 142
115 143
136 109
136 110
136 111
136 112
136 113
136 114
136 115
136 116
136 117
136 118
136 119
136 120
136 121
136 122
136 123
137 124
138 125
139 126
140 126
141 126
142 126
143 126
144 126
145 126
146 126
147 126
148 126
149 126
150 126
151 126
152 126
153 126
154 126
155 126
156 125
157 124
158 123
158 122
158 121
158 120
158 119
158 118
158 117
158 116
158 115
158 114
158 113
158 112
158 111
158 110
158 109
158 108
159 124
160 125
161 126
162 127
163 128
164 129
165 130
166 131
167 132
168 133
169 134
170 135
171 136
172 137
173 138
173 139
174 139
173 140
173 141
173 142
173 143
174 143
175 143
176 143
177 143
178 143
179 143
180 143
181 143
182 143
183 143
184 143
185 143
186 143
187 143
188 143
189 143
190 143
191 142
192 141
192 140
192 139
192 138
192 137
192 136
192 135
192 134
192 133
192 132
193 131
193 130
194 130
195 131
196 132
197 132
198 132
199 132
200 132
201 132
202 132
203 132
204 132
205 132
192 129
191 128
190 127
189 126
188 125
187 124
186 123
185 122
184 121
183 120
182 119
182 118
181 118
183 118
184 118
185 118
186 118
187 118
188 118
189 117
190 116
191 115
192 114
193 113
194 112
194 111
194 110
193 109
192 108
191 107
190 106
189 105
188 104
187 103
186 102
185 101
184 100
183 99
182 98
182 97
181 97
183 97
184 97
185 97
186 97
187 97
188 97
189 97
190 97
191 97
192 96
193 95
194 94
195 94
196 94
197 94
198 94
199 94
200 94
201 94
202 94
203 94
204 94
205 94
194 93
194 92
194 91
194 90
194 89
193 88
192 87
191 86
190 85
189 84
188 83
187 82
186 81
185 80
184 79
183 78
182 77
181 76
195 113
196 114
197 115
198 115
199 115
200 115
201 115
202 115
203 115
204 115
205 115
175 138
176 137
177 136
178 135
179 134
180 133
181 132
146 127
145 128
144 129
143 130
142 131
141 132
140 133
139 134
138 135
137 136
136 137
136 138
136 139
136 140
136 141
136 142
136 143
136 144
136 145
137 145
138 145
139 145
140 145
141 145
142 145
143 145
144 145
145 145
146 145
147 145
148 145
149 145
150 145
151 145
152 145
153 145
83
112 86
93 71
92 56
103 56
113 54
107 34
86 34
115 65
127 86
136 71
134 50
128 34
149 34
146 56
147 75
158 71
165 53
181 55
194 52
205 52
204 73
215 73
186 41
181 30
170 34
197 41
160 89
139 93
137 108
126 108
113 107
93 108
91 92
82 125
71 123
61 103
51 86
49 69
48 51
36 41
29 52
41 39
52 38
54 30
65 34
29 73
61 75
72 71
71 56
71 86
50 107
32 94
32 115
33 127
36 137
48 128
48 139
56 143
73 145
72 108
93 128
94 145
114 123
115 143
136 123
147 126
158 123
158 108
173 143
184 143
192 141
194 130
205 132
181 118
194 112
181 97
194 94
205 94
181 76
205 115
181 132
136 145
153 145
