3326
119 90
118 90
117 90
116 90
115 90
114 90
113 90
112 90
111 90
110 90
109 90
108 90
107 90
106 90
105 90
104 90
103 90
102 90
101 90
100 90
99 90
98 90
97 90
96 90
95 90
94 90
93 90
92 90
91 90
90 90
89 90
88 90
87 90
86 90
85 90
84 90
83 90
82 90
81 90
80 90
79 90
78 90
77 90
76 90
75 90
74 90
73 90
72 90
71 90
70 90
69 90
68 90
67 90
66 90
65 90
64 90
63 90
62 90
61 90
60 90
59 90
58 90
57 90
56 90
55 90
54 90
53 90
52 90
51 90
50 90
49 90
48 89
47 88
46 87
45 86
44 85
43 84
42 83
41 82
40 81
39 80
38 79
37 78
36 77
35 76
34 75
33 74
32 73
31 72
63 89
63 88
63 87
63 86
63 85
63 84
63 83
63 82
63 81
63 80
63 79
64 78
65 77
66 77
66 76
67 75
68 74
69 74
70 74
70 75
71 75
71 76
72 76
72 77
73 77
73 78
74 78
75 78
75 77
75 76
76 76
75 75
75 74
74 74
73 73
72 72
71 71
70 70
69 69
68 68
67 67
66 66
65 65
65 64
64 64
63 64
62 64
61 64
60 64
59 64
58 64
57 64
56 64
55 64
54 64
53 64
52 64
51 64
50 64
49 64
48 64
47 64
46 64
45 64
44 64
43 63
42 62
41 61
40 60
39 59
38 58
37 57
36 56
35 55
34 54
33 53
32 52
31 51
58 63
59 63
58 62
57 62
57 61
56 61
56 60
55 60
55 59
54 59
54 58
53 58
53 57
52 57
52 56
51 56
51 55
50 55
50 54
49 54
49 53
49 52
48 52
47 51
46 50
45 49
44 48
43 47
42 46
41 45
40 44
39 43
38 42
37 41
36 40
49 51
49 50
49 49
49 48
49 47
49 46
49 45
49 44
49 43
49 42
49 41
48 40
47 39
60 65
61 65
61 66
62 66
62 67
63 67
63 68
64 68
64 69
65 69
65 70
66 70
66 71
67 71
67 72
66 72
65 72
64 72
63 72
62 72
61 72
60 72
59 72
58 72
57 72
56 72
55 72
54 72
53 72
52 72
51 72
50 72
68 72
69 72
70 72
69 73
68 73
66 64
67 64
68 64
69 64
70 64
71 64
72 64
73 64
74 64
75 64
76 64
77 64
78 64
78 63
78 62
77 62
76 61
75 60
74 59
73 58
72 57
71 56
70 55
69 54
68 53
67 52
66 51
65 50
64 49
63 48
62 47
61 46
60 45
59 44
58 43
57 42
56 41
55 40
54 39
53 38
52 37
51 36
50 35
49 34
50 33
51 32
52 33
51 34
52 35
53 34
54 35
53 36
54 37
55 36
56 37
55 38
56 39
57 38
58 39
57 40
58 41
59 40
60 41
59 42
60 43
61 42
62 43
61 44
62 45
63 44
64 45
63 46
64 47
65 46
66 47
65 48
66 49
67 48
68 49
67 50
68 51
69 50
70 51
69 52
70 53
71 52
72 53
71 54
72 55
73 54
74 55
73 56
74 57
75 56
76 57
75 58
76 59
77 58
78 58
78 57
78 56
78 55
78 54
78 53
78 52
78 51
78 50
77 49
76 48
75 47
74 46
73 45
72 44
71 43
70 42
69 41
68 40
67 39
66 38
65 37
64 36
63 35
62 34
78 59
78 60
77 60
78 61
77 65
76 66
75 67
75 68
74 68
73 69
72 70
75 69
75 70
75 71
75 72
75 73
79 65
80 66
81 67
81 68
82 68
81 69
81 70
81 71
81 72
81 73
81 74
81 75
81 76
81 77
81 78
81 79
82 79
81 80
80 80
79 79
78 78
77 77
81 81
81 82
82 82
81 83
81 84
80 84
79 84
79 83
78 83
78 82
77 82
77 81
76 81
75 81
75 80
76 80
75 79
74 79
75 82
75 83
75 84
75 85
74 85
73 84
72 83
71 82
70 81
69 80
68 79
67 78
75 86
75 87
76 87
75 88
75 89
77 88
78 89
80 85
81 85
81 86
82 86
82 87
81 87
81 88
81 89
83 87
83 88
84 88
84 89
85 89
83 83
84 84
85 85
86 86
87 87
88 88
89 89
83 80
84 81
85 82
86 83
87 84
88 85
89 86
90 87
91 88
92 89
83 69
84 70
85 71
86 72
87 73
88 74
89 74
90 74
91 74
92 74
93 74
94 74
95 74
96 74
89 75
90 76
91 77
92 78
93 79
94 80
95 81
96 82
97 83
98 84
99 85
100 86
101 87
102 88
103 89
104 89
105 89
106 89
107 89
108 89
109 89
110 89
111 89
112 89
113 89
114 89
80 91
81 91
81 92
81 93
80 93
79 93
78 93
77 93
76 93
75 93
74 93
73 93
72 93
71 93
70 93
69 93
68 93
67 93
66 93
65 93
64 93
63 93
62 93
61 93
60 93
59 93
58 93
57 93
56 93
55 93
54 93
53 93
52 93
51 93
50 93
49 93
48 93
47 93
46 93
45 93
44 93
43 93
42 93
41 93
40 93
39 93
38 93
37 93
36 93
35 93
34 93
33 93
32 93
31 93
81 94
81 95
81 96
81 97
81 98
81 99
82 93
83 93
84 93
85 93
86 93
87 93
88 93
89 93
90 93
91 93
92 93
93 93
94 93
95 93
96 93
97 93
98 93
99 93
100 93
101 93
102 93
103 93
104 93
105 93
106 93
107 93
108 93
109 93
110 93
111 93
112 93
113 93
114 93
115 93
116 93
117 93
116 94
115 95
114 96
113 97
112 98
111 97
110 96
109 95
108 94
111 99
110 100
109 101
108 102
107 103
106 103
106 104
105 104
104 104
103 104
102 104
101 104
100 104
99 104
98 104
97 104
96 104
95 104
94 104
93 104
92 104
91 104
90 104
89 104
88 104
87 104
86 104
85 104
84 104
83 104
82 104
81 104
80 104
79 104
78 104
77 104
76 104
75 104
74 104
73 104
72 104
71 104
70 104
69 104
68 104
67 104
66 104
65 104
64 104
63 104
62 104
61 104
60 104
59 104
58 104
57 104
56 104
55 104
54 104
53 104
52 104
51 104
50 104
49 104
48 104
47 104
46 104
45 104
44 104
43 104
42 104
41 104
40 104
39 104
38 104
37 104
36 104
35 104
34 104
33 104
32 104
31 104
92 103
91 102
90 101
89 100
88 99
87 98
86 97
85 96
84 95
83 94
94 105
94 106
93 106
92 106
91 106
90 106
89 106
88 106
87 106
86 106
85 106
84 106
83 106
82 106
81 106
80 106
79 106
78 106
77 106
76 106
75 106
74 106
73 106
72 106
71 106
70 106
69 106
68 106
67 106
66 106
65 106
95 106
96 106
97 106
98 106
99 106
100 106
101 106
102 106
103 106
104 106
103 107
102 107
102 108
103 108
104 108
104 109
105 109
105 110
106 110
106 111
107 111
107 112
108 112
108 113
109 113
110 113
111 113
112 113
113 113
114 113
114 112
114 111
114 110
113 110
112 109
111 108
110 107
109 106
108 105
107 104
114 109
114 108
114 107
114 106
114 105
114 104
114 103
114 102
115 102
116 102
116 103
117 103
117 104
118 104
118 105
119 105
119 106
120 106
121 106
122 106
123 106
124 106
125 106
126 106
127 106
128 106
129 106
121 107
120 107
121 108
122 108
122 109
123 109
123 110
124 110
124 111
125 111
125 112
126 112
126 113
127 113
127 114
128 114
128 115
129 115
129 116
130 116
130 117
131 117
131 118
132 118
132 119
133 119
133 120
134 120
134 121
135 121
135 122
136 122
135 123
135 124
135 125
135 126
135 127
134 127
133 127
132 127
131 127
130 127
129 127
128 127
127 127
126 127
125 127
124 127
123 127
122 127
121 126
120 125
119 124
118 123
117 122
116 121
115 120
114 120
114 119
114 118
113 118
112 117
111 116
110 115
109 114
114 117
114 116
114 115
114 114
115 114
116 115
117 116
118 117
119 118
120 119
121 120
122 121
123 122
124 123
125 124
126 125
127 126
114 121
114 122
113 122
112 121
111 120
110 119
109 118
108 117
107 116
106 115
105 114
104 113
103 112
102 111
101 110
100 110
99 110
98 110
97 110
96 110
95 110
94 110
93 110
92 110
91 110
90 110
89 110
88 110
87 110
86 110
85 110
84 110
83 110
82 110
81 110
80 110
79 110
78 110
77 110
76 110
75 110
74 110
73 110
72 110
71 110
70 110
69 110
68 110
67 110
66 110
65 110
64 110
63 110
62 110
61 110
60 110
59 110
58 110
57 110
56 110
55 110
54 110
53 110
52 110
51 110
50 110
98 109
97 108
96 107
98 107
99 108
100 109
101 109
99 111
100 111
101 112
102 113
103 114
104 115
105 116
106 117
107 118
108 119
109 120
110 121
111 122
112 123
113 124
114 124
115 124
114 123
114 125
114 126
115 126
114 127
114 128
114 129
114 130
114 131
114 132
114 133
114 134
114 135
114 136
114 137
114 138
114 139
114 140
114 141
114 142
114 143
116 125
117 126
116 127
117 128
118 127
119 128
118 129
119 130
120 129
121 130
120 131
121 132
122 131
123 132
122 133
123 134
124 133
125 134
124 135
125 136
126 135
127 136
126 137
127 138
128 137
129 138
128 139
129 140
130 139
131 140
130 141
131 142
132 141
133 142
132 143
133 144
134 144
135 144
135 143
134 143
135 142
135 141
135 140
135 139
134 139
133 138
132 137
131 136
130 135
129 134
128 133
127 132
126 131
125 130
124 129
123 128
135 138
135 137
135 136
135 135
136 135
135 134
135 133
134 133
133 132
132 131
131 130
130 129
129 128
135 132
135 131
135 130
135 129
135 128
137 136
138 137
139 138
140 139
141 140
142 141
143 142
144 143
145 144
146 144
147 144
98 112
97 113
96 114
96 115
95 115
94 115
93 115
92 115
91 115
90 115
89 115
88 115
87 115
86 115
85 115
84 115
83 115
82 115
81 115
80 115
79 115
78 115
77 115
76 115
75 115
74 115
73 115
72 115
71 115
70 115
69 115
68 115
67 115
66 115
65 115
64 115
63 115
62 115
61 115
60 115
59 115
58 115
57 115
56 115
55 115
54 115
53 115
52 115
51 115
50 115
49 115
48 115
47 115
46 115
45 115
44 115
43 115
42 115
41 115
40 115
39 115
38 115
37 115
36 115
35 115
34 115
33 115
32 115
31 115
94 116
95 116
96 116
96 117
95 117
95 118
96 118
96 119
95 119
95 120
96 120
96 121
95 121
95 122
96 122
96 123
95 123
95 124
96 124
96 125
95 125
96 126
96 127
96 128
96 129
96 130
96 131
96 132
96 133
96 134
96 135
96 136
96 137
96 138
96 139
96 140
96 141
96 142
96 143
96 144
93 117
92 118
91 119
90 120
89 121
88 122
87 123
86 124
85 125
84 126
83 127
82 127
81 127
80 127
79 127
78 127
77 127
76 127
75 127
74 127
73 127
72 127
71 127
70 127
69 127
82 128
81 129
80 130
79 131
78 131
77 131
76 131
75 131
74 131
73 131
72 131
71 131
70 131
69 131
68 131
67 131
66 131
65 131
64 131
63 131
62 131
61 131
60 131
59 131
58 131
57 131
56 131
55 131
54 131
53 131
52 131
51 131
50 131
49 131
48 131
47 131
46 131
45 131
44 131
43 131
42 131
41 131
40 131
39 131
38 131
37 131
36 131
35 131
34 131
33 131
32 131
31 131
78 132
79 132
79 133
79 134
79 135
79 136
79 137
79 138
79 139
79 140
79 141
79 142
79 143
79 144
77 133
76 134
75 135
74 135
73 135
72 135
71 135
70 135
69 135
68 135
67 135
66 135
65 135
64 135
74 136
73 137
72 137
71 137
70 137
69 137
68 137
67 137
66 137
65 137
64 137
63 137
62 137
61 137
60 137
59 137
58 137
57 137
56 137
55 137
54 137
53 137
52 137
51 137
50 137
49 137
48 137
47 137
46 137
45 137
44 137
43 137
42 137
41 137
40 137
39 137
38 137
37 137
36 137
72 138
71 139
70 140
69 141
68 142
67 142
66 142
65 142
64 142
63 142
62 142
61 142
60 142
59 142
58 142
57 142
56 142
55 142
54 142
53 142
52 142
51 142
50 142
49 142
48 142
50 143
51 143
52 143
53 143
54 143
55 143
56 143
57 143
58 143
59 143
60 143
61 143
62 143
63 143
64 143
65 143
66 143
67 143
66 144
65 145
64 145
63 145
62 145
61 145
60 145
59 145
58 145
57 145
56 145
55 145
54 145
53 145
52 145
51 145
61 146
62 146
63 146
64 146
137 123
138 124
139 125
140 126
141 127
142 127
143 127
144 127
145 127
146 127
147 127
142 128
143 129
144 130
145 131
146 132
147 133
148 134
149 135
150 136
151 137
152 138
153 139
154 140
155 141
156 142
157 143
158 144
115 101
114 101
114 100
113 99
112 112
111 111
110 110
109 109
108 108
107 107
106 106
105 105
101 105
100 105
98 103
99 103
98 102
97 102
97 101
96 101
96 100
95 100
95 99
94 99
94 98
93 98
93 97
92 97
92 96
91 96
91 95
90 95
90 94
89 94
103 103
102 102
101 101
100 100
99 99
98 98
97 97
96 96
95 95
94 94
105 102
104 101
103 100
102 99
101 98
100 97
99 96
98 95
97 94
118 92
119 91
121 90
120 89
120 88
119 88
118 87
117 86
116 85
115 84
114 83
113 82
112 81
111 80
110 79
109 78
108 77
107 76
106 75
105 74
104 73
103 72
102 71
101 70
100 69
99 68
98 67
97 66
96 65
95 64
94 63
93 62
92 61
91 60
90 59
89 58
88 57
87 56
86 55
85 54
84 53
83 52
82 51
81 50
120 87
121 87
120 86
120 85
121 85
120 84
120 83
119 83
118 82
117 81
116 80
115 79
114 78
120 82
120 81
121 81
120 80
120 79
120 78
119 78
118 77
117 76
116 75
115 74
114 73
113 72
112 71
111 70
110 69
109 68
108 67
107 66
106 65
105 64
104 63
103 62
102 61
101 60
100 59
99 58
98 57
97 56
96 55
120 77
120 76
120 75
120 74
121 74
121 73
120 73
120 72
119 72
118 71
117 70
116 69
115 68
114 67
115 66
114 65
113 64
112 63
111 62
110 61
109 60
108 59
107 58
106 57
105 56
104 55
103 54
102 53
101 52
100 51
99 50
98 49
97 48
96 47
95 46
94 45
93 44
92 43
91 42
90 41
89 40
88 39
87 38
86 37
85 36
84 35
83 34
116 67
117 68
118 69
119 70
120 70
120 69
120 68
120 67
121 67
120 66
120 65
120 64
120 63
121 63
120 62
120 61
120 60
120 59
120 58
119 58
118 57
117 56
116 55
115 54
114 53
113 52
112 51
111 50
110 49
109 48
108 47
107 46
106 45
105 44
104 43
103 42
102 41
101 40
100 39
99 38
98 37
97 36
96 35
95 34
120 57
120 56
120 55
119 55
118 54
117 53
116 52
115 51
114 50
120 54
120 53
121 53
120 52
120 51
120 50
120 49
120 48
120 47
119 47
118 46
117 45
116 44
115 43
114 42
113 41
112 40
111 39
110 38
109 37
108 36
107 35
106 34
120 46
120 45
120 44
120 43
120 42
120 41
120 40
120 39
120 38
120 37
121 36
122 35
123 34
122 52
123 51
124 50
125 49
126 48
127 47
128 46
129 45
130 44
131 43
132 42
133 41
134 40
135 39
136 38
137 37
138 36
139 35
140 34
122 62
123 61
124 60
125 59
126 58
127 57
128 56
129 55
130 54
131 53
122 66
123 65
124 64
125 63
126 62
127 61
128 60
129 59
130 58
131 57
132 56
133 55
134 54
135 53
136 52
137 51
138 50
139 49
140 48
141 47
142 46
143 45
144 44
145 43
146 42
147 41
148 40
149 39
150 38
151 37
152 36
153 35
154 34
120 71
122 73
122 72
123 72
123 71
124 71
124 70
125 70
125 69
126 69
126 68
127 68
127 67
128 67
128 66
129 66
129 65
130 65
130 64
131 64
131 63
132 62
133 61
134 60
135 59
136 58
137 57
138 56
139 55
140 54
141 53
142 52
143 51
144 50
145 49
146 48
122 80
123 79
124 78
125 77
126 76
127 75
128 74
129 73
130 72
131 71
132 70
133 69
134 68
135 67
136 66
137 65
138 64
139 63
140 62
141 61
142 60
143 59
144 58
145 57
146 56
147 55
148 54
149 53
150 52
151 51
152 50
153 49
154 48
155 47
156 46
157 45
158 44
159 43
160 42
161 41
162 40
163 39
164 38
165 37
166 36
167 35
168 34
122 84
123 83
124 82
125 81
126 80
127 79
128 78
129 77
130 76
131 75
132 74
133 73
134 72
135 71
136 70
137 69
138 68
139 67
140 66
141 65
142 64
143 63
144 62
145 61
146 60
147 61
146 62
145 63
144 64
143 65
142 66
141 67
140 68
139 69
138 70
137 71
136 72
135 73
134 74
133 75
132 76
131 77
130 78
129 79
128 80
127 81
126 82
125 83
124 84
123 85
122 86
148 60
149 59
150 58
151 57
152 56
153 55
154 54
155 53
156 52
157 51
158 50
159 49
160 48
161 47
162 46
163 45
164 44
165 43
166 42
167 41
168 40
169 39
170 38
171 37
172 36
173 35
174 34
175 33
176 32
177 31
178 30
179 29
180 28
181 27
121 91
122 90
123 90
124 90
125 90
126 90
127 90
128 90
129 90
130 90
131 90
132 90
133 90
134 90
135 90
136 90
137 90
138 90
139 90
140 90
141 90
142 90
143 90
144 90
145 90
146 90
147 90
148 90
149 90
150 90
151 90
152 90
153 90
154 90
155 90
156 90
157 90
158 90
159 90
160 90
161 90
162 90
163 90
164 90
165 90
166 90
167 90
168 90
169 90
170 90
171 90
172 90
173 90
174 90
175 90
176 90
177 90
178 90
179 90
180 90
181 90
182 90
183 90
184 90
185 90
186 90
187 90
188 90
189 90
190 90
191 90
192 90
193 90
194 90
195 90
196 90
197 90
198 90
199 90
200 90
201 90
202 90
203 90
204 90
205 90
206 90
207 90
208 90
209 90
210 90
211 89
212 88
213 87
198 89
199 88
200 87
192 89
191 88
190 89
192 87
193 86
194 85
195 84
196 83
197 82
198 81
199 80
200 79
201 78
202 77
203 76
204 75
205 76
204 77
203 78
202 79
201 80
200 81
199 82
198 83
197 84
196 85
195 86
194 87
193 88
206 75
207 74
208 73
209 72
210 71
211 70
212 69
213 68
214 67
215 66
187 89
172 89
171 89
170 88
169 89
171 87
172 86
173 85
174 84
175 83
176 82
177 81
178 80
179 79
180 78
181 77
182 76
183 75
184 74
185 73
186 72
187 71
188 70
189 69
190 68
191 67
192 66
193 65
194 64
195 63
196 62
197 61
198 60
199 59
200 58
201 57
202 56
203 55
204 54
205 53
196 64
195 65
194 66
193 67
192 68
191 69
190 70
189 71
188 72
187 73
186 74
185 75
184 76
183 77
182 78
181 79
180 80
179 81
178 82
177 83
176 84
175 85
174 86
173 87
172 88
165 89
166 88
167 87
168 86
169 85
170 84
171 83
172 82
173 81
174 80
175 79
176 78
177 77
178 76
179 75
180 74
181 73
182 72
183 71
184 70
185 69
186 68
187 67
188 66
189 65
190 64
191 63
192 62
193 61
194 60
195 59
196 58
197 57
198 56
199 55
200 54
201 53
202 52
203 51
204 50
205 49
206 48
207 47
208 46
209 45
210 44
211 43
212 42
158 89
159 88
160 87
161 86
162 85
163 84
164 83
165 82
166 81
167 80
168 79
169 78
170 77
171 76
172 75
173 74
174 73
175 72
176 71
177 70
178 69
179 68
180 67
181 66
182 65
183 64
184 63
185 62
186 61
187 60
188 59
189 58
190 57
191 56
192 55
193 54
194 53
152 89
153 88
154 87
155 86
156 85
157 84
158 83
159 82
160 81
161 80
162 79
163 78
164 77
165 76
166 75
167 74
168 73
169 72
170 71
171 70
172 69
173 68
174 67
175 66
176 65
177 64
178 63
179 62
180 61
181 60
182 59
183 58
184 57
185 56
186 55
187 54
188 53
189 52
190 51
191 50
192 49
193 48
194 47
195 46
196 45
197 44
198 43
199 42
200 41
148 89
147 88
146 89
148 87
149 86
150 85
151 84
152 83
153 82
154 81
155 80
156 79
157 78
158 77
159 76
160 75
161 74
162 75
161 76
160 77
159 78
158 79
157 80
156 81
155 82
154 83
153 84
152 85
151 86
150 87
149 88
163 74
164 73
165 72
166 71
167 70
168 69
169 68
170 67
171 66
172 65
173 64
174 63
175 62
176 61
177 60
178 59
179 58
180 57
181 56
182 55
183 54
184 53
185 52
186 51
187 50
188 49
189 48
190 47
191 46
192 45
193 44
194 43
195 42
196 41
197 40
198 39
136 89
135 88
134 89
136 87
137 86
138 85
139 84
140 83
141 82
142 81
143 80
144 79
145 78
146 77
147 76
148 77
147 78
146 79
145 80
144 81
143 82
142 83
141 84
140 85
139 86
138 87
137 88
149 76
150 75
151 74
152 73
153 72
154 71
155 70
156 69
157 68
158 67
159 66
160 65
161 64
162 63
163 62
164 61
165 60
166 59
167 58
168 57
169 56
170 55
171 54
172 53
173 52
174 51
175 50
176 49
177 48
178 47
179 46
180 45
181 44
182 43
183 42
184 41
185 40
186 39
129 89
128 88
127 88
127 89
126 89
125 89
124 89
125 88
126 87
127 86
128 85
129 84
130 83
131 82
132 81
133 80
134 79
135 78
136 77
137 76
138 75
139 74
140 73
141 72
142 71
143 70
144 69
145 68
146 67
147 66
148 65
149 64
150 63
151 62
152 61
153 60
154 59
155 58
156 57
157 56
158 55
159 54
160 53
161 52
162 51
163 50
164 49
165 48
166 47
167 46
168 45
169 44
170 43
171 42
172 41
173 40
174 39
175 38
176 37
177 36
178 35
179 34
180 33
181 32
182 31
183 30
184 29
185 30
184 31
183 32
182 33
181 34
180 35
179 36
178 37
177 38
176 39
175 40
174 41
173 42
172 43
171 44
170 45
169 46
168 47
167 48
166 49
165 50
164 51
163 52
162 53
162 54
161 54
161 55
160 55
160 56
159 56
159 57
158 57
158 58
157 58
157 59
156 59
156 60
155 60
155 61
154 61
154 62
153 62
153 63
152 63
152 64
151 64
151 65
150 65
150 66
149 66
149 67
148 67
148 68
147 68
147 69
146 69
146 70
145 70
145 71
144 71
144 72
143 72
143 73
142 73
142 74
141 74
141 75
140 75
140 76
139 76
139 77
138 77
138 78
137 78
137 79
136 79
136 80
135 80
135 81
134 81
134 82
133 82
133 83
132 83
132 84
131 84
131 85
130 85
130 86
129 86
129 87
128 87
130 88
131 87
132 86
133 85
134 84
135 83
136 82
137 81
138 80
139 79
140 78
141 77
142 76
143 75
144 74
145 73
146 72
147 71
148 70
149 69
150 68
151 67
152 66
153 65
154 64
155 63
156 62
157 61
158 60
159 59
160 58
161 57
162 56
163 55
164 54
165 53
166 52
167 51
168 50
169 49
170 48
171 47
172 46
173 45
122 92
123 93
124 94
125 95
126 96
127 97
128 98
129 98
130 98
131 98
132 98
133 98
134 98
135 98
136 98
137 98
138 98
139 98
140 98
141 98
142 98
143 98
144 98
145 98
146 98
147 98
148 98
149 98
150 98
151 98
152 98
153 98
154 98
155 98
156 98
157 98
158 98
159 98
160 98
161 98
162 98
163 98
164 98
165 98
166 98
167 98
168 98
169 98
170 98
171 98
172 98
173 98
174 98
175 98
176 98
177 98
178 98
179 98
180 98
181 98
182 98
183 98
184 98
185 98
186 98
187 98
188 98
189 98
190 98
191 98
192 98
193 98
194 98
194 99
193 99
192 99
191 99
190 99
189 99
188 99
187 99
186 99
185 99
184 99
183 99
182 99
181 99
180 99
179 99
178 99
177 99
176 99
175 99
174 99
173 99
172 99
171 99
170 99
169 99
168 99
167 99
166 99
165 99
164 99
163 99
162 99
161 99
160 99
159 99
158 99
157 99
156 99
155 99
154 99
153 99
152 99
151 99
150 99
149 99
148 99
147 99
146 99
145 99
144 99
143 99
142 99
141 99
140 99
139 99
138 99
137 99
136 99
135 99
134 99
133 99
132 99
131 99
130 99
129 99
130 100
131 101
132 101
133 101
134 101
135 101
136 101
137 101
138 101
139 101
140 101
141 101
142 101
143 101
144 101
145 101
146 101
147 101
148 101
149 101
150 101
151 101
152 101
153 101
154 101
155 101
156 101
157 101
158 101
159 101
160 101
161 101
162 101
163 101
164 101
165 101
166 101
167 101
168 101
169 101
170 101
171 101
172 101
173 101
174 101
175 101
176 101
177 101
178 101
179 101
180 101
181 101
132 102
133 103
134 104
135 105
136 106
137 106
138 106
139 106
140 106
141 106
142 106
143 106
144 106
145 106
146 106
147 106
148 106
149 106
150 106
151 106
152 106
153 106
154 106
155 106
156 106
157 106
158 106
159 106
160 106
161 106
137 107
138 108
139 109
140 110
141 110
142 110
143 110
144 110
145 110
146 110
147 110
148 110
149 110
150 110
151 110
152 110
153 110
154 110
155 110
156 110
157 110
158 110
159 110
160 110
161 110
162 110
163 110
164 110
165 110
166 110
167 110
168 110
169 110
170 110
171 110
172 110
173 110
174 110
175 110
176 110
177 110
178 110
179 110
180 110
181 110
182 110
183 110
184 110
185 110
186 110
187 110
188 110
189 110
190 110
191 110
192 110
193 110
194 110
195 110
196 110
197 110
198 110
198 111
197 111
196 111
195 111
194 111
193 111
192 111
191 111
190 111
189 111
188 111
187 111
186 111
185 111
184 111
183 111
182 111
181 111
180 111
179 111
178 111
177 111
176 111
175 111
174 111
173 111
172 111
171 111
170 111
169 111
168 111
167 111
166 111
165 111
164 111
163 111
162 111
161 111
160 111
159 111
158 111
157 111
156 111
155 111
154 111
153 111
152 111
151 111
150 111
149 111
148 111
147 111
146 111
145 111
144 111
143 111
142 111
141 111
142 112
143 113
144 114
145 115
146 115
147 115
148 115
149 115
150 115
151 115
152 115
153 115
154 115
155 115
156 115
157 115
158 115
159 115
160 115
161 115
162 115
163 115
164 115
165 115
166 115
167 115
168 115
169 115
170 115
171 115
172 115
173 115
174 115
175 115
176 115
177 115
178 115
179 115
180 115
181 115
146 116
147 117
148 118
149 119
150 120
151 121
152 122
153 122
154 122
155 122
156 122
157 122
158 122
159 122
160 122
161 122
162 122
163 122
164 122
165 122
166 122
167 122
168 122
169 122
170 122
171 122
172 122
173 122
174 122
175 122
176 122
177 122
178 122
179 122
180 122
181 122
182 122
183 122
184 122
185 122
186 122
187 122
188 122
189 122
190 122
191 122
192 122
193 122
194 122
195 122
196 122
197 122
198 122
199 122
200 122
201 122
202 122
203 122
204 122
205 122
206 122
207 122
208 122
209 122
210 122
211 122
212 122
213 122
214 122
215 122
153 123
154 124
155 125
156 125
157 125
158 125
159 125
160 125
156 126
157 127
158 128
159 129
160 130
161 130
162 130
163 130
164 130
165 130
166 130
167 130
168 130
169 130
170 130
171 130
172 130
173 130
174 130
175 130
176 130
177 130
178 130
179 130
180 130
181 130
161 131
162 132
163 133
164 134
165 134
166 134
167 134
168 134
169 134
170 134
171 134
172 134
173 134
174 134
175 134
176 134
177 134
178 134
179 134
180 134
181 134
182 134
183 134
184 134
185 134
186 134
187 134
188 134
189 134
190 134
191 134
192 134
193 134
194 134
195 134
196 134
197 134
198 134
199 134
200 134
201 134
202 134
203 134
204 134
205 134
206 134
207 134
208 134
209 134
210 134
211 134
169 135
168 135
167 135
166 135
165 135
166 136
167 136
168 136
169 136
170 136
171 136
172 136
173 136
174 136
175 136
176 136
177 136
178 136
179 136
180 136
181 136
182 136
183 136
184 136
185 136
186 136
187 136
188 136
189 136
190 136
191 136
192 136
193 136
194 136
195 136
196 136
197 136
198 136
199 136
200 136
201 136
202 136
203 136
204 136
205 136
206 136
207 136
167 137
168 138
169 139
170 140
171 140
172 140
173 140
174 140
175 140
176 140
177 140
178 140
179 140
180 140
181 140
182 140
183 140
184 140
185 140
186 140
187 140
188 140
189 140
190 140
191 140
192 140
193 140
192 141
191 141
190 141
189 141
188 141
187 141
186 141
185 141
184 141
183 141
182 141
181 141
180 141
179 141
178 141
177 141
176 141
175 141
174 141
173 141
172 141
171 141
172 142
173 142
174 142
175 142
176 142
177 142
178 142
179 142
180 142
181 142
182 142
183 142
184 142
185 142
186 142
187 142
188 142
173 143
174 144
175 144
176 144
177 144
178 144
179 144
180 144
181 144
182 144
183 144
184 144
185 144
186 144
187 144
186 145
185 145
184 145
183 145
182 145
181 145
180 145
179 145
178 145
177 145
176 145
175 145
176 146
177 147
199 111
200 111
201 111
202 111
203 111
204 111
205 111
206 111
207 111
208 111
209 111
210 111
211 111
212 111
213 111
195 99
196 99
197 99
198 99
199 99
200 99
201 99
202 99
203 99
204 99
205 99
106 92
105 91
95 92
94 91
92 92
91 91
88 92
87 92
87 91
86 91
118
95 90
51 90
31 72
63 89
66 77
64 64
31 51
49 54
36 40
47 39
50 72
78 64
66 51
49 34
50 33
51 32
62 34
81 78
75 89
96 74
114 89
31 93
81 99
31 104
65 106
97 106
114 113
129 106
134 127
79 110
50 110
114 128
114 143
135 144
147 144
31 115
95 125
96 144
82 127
69 127
48 131
31 131
79 144
64 135
36 137
48 142
50 143
51 145
61 146
147 127
158 144
114 101
81 50
114 78
96 55
114 67
83 34
95 34
114 50
106 34
123 34
140 34
131 53
154 34
131 64
146 48
168 34
146 60
133 75
181 27
147 90
213 87
200 87
204 75
215 66
187 89
172 89
181 77
205 53
196 64
212 42
158 89
194 53
200 41
161 74
181 56
198 39
136 89
147 76
186 39
125 89
184 29
185 30
162 54
173 45
146 98
194 98
181 101
161 106
144 110
198 110
181 115
204 122
215 122
160 125
181 130
211 134
169 135
196 136
207 136
193 140
192 141
188 142
187 144
186 145
177 147
213 111
205 99
