1109
119 90
118 90
117 89
116 88
115 87
114 86
121 90
122 90
123 90
124 90
125 90
126 90
127 90
128 90
129 90
130 90
131 90
132 89
133 88
134 87
135 86
136 85
137 84
138 83
139 82
140 81
141 80
142 79
143 78
144 77
145 76
146 75
146 74
145 74
144 74
143 74
142 74
141 74
140 74
139 74
138 73
137 72
136 71
136 70
136 69
136 68
136 67
136 66
136 65
137 64
138 63
139 62
140 61
141 60
142 59
143 58
144 57
144 56
143 56
142 56
141 56
140 56
139 56
138 56
137 56
136 56
135 56
134 56
133 56
132 56
131 56
130 55
129 54
128 53
127 53
126 53
125 53
124 53
123 53
122 53
121 53
120 53
119 53
118 53
117 52
116 51
115 50
114 49
113 48
113 47
113 46
113 45
113 44
113 43
113 42
113 41
113 40
113 39
113 38
113 37
113 36
112 35
111 34
127 54
126 55
125 56
124 57
123 58
122 59
121 60
120 61
119 62
118 63
117 64
116 65
115 65
114 65
128 52
128 51
128 50
128 49
128 48
128 47
128 46
128 45
128 44
128 43
128 42
128 41
128 40
128 39
128 38
129 37
130 36
131 35
132 34
145 56
146 56
147 56
148 56
149 56
150 56
151 56
152 56
153 56
154 56
155 56
156 55
157 54
158 53
159 52
159 51
159 50
159 49
159 48
160 48
159 47
159 46
159 45
159 44
159 43
159 42
159 41
159 40
158 39
157 38
156 37
155 36
154 35
153 34
161 47
162 46
163 45
164 44
165 43
166 42
167 41
168 40
169 39
170 38
171 37
172 36
173 35
174 34
175 35
176 35
177 35
178 35
179 35
180 35
181 35
182 35
183 35
184 35
185 35
186 36
187 37
188 38
189 39
190 40
191 41
192 42
191 43
190 44
189 45
188 46
187 47
186 48
185 48
184 48
183 48
182 48
181 48
193 43
194 44
195 45
196 46
197 47
198 48
199 49
200 50
201 51
202 52
203 52
204 52
205 52
205 51
205 50
205 49
205 48
205 47
205 46
205 45
205 44
205 43
205 42
205 41
204 53
203 54
202 55
201 56
200 57
199 58
198 58
197 58
196 58
195 58
194 58
193 59
192 60
191 61
190 62
189 63
188 64
187 65
186 66
185 67
184 68
183 69
182 69
181 69
181 70
182 70
181 71
181 72
181 73
181 74
181 75
181 76
181 77
181 78
181 79
181 80
181 81
181 82
181 83
181 84
181 85
181 86
181 87
181 88
181 89
181 90
181 91
181 92
182 93
183 94
184 95
185 96
186 97
187 98
188 99
189 100
190 101
191 102
192 103
193 104
194 104
194 105
194 106
194 107
194 108
193 109
192 110
191 111
190 112
189 113
188 113
187 113
186 113
185 113
184 113
183 113
182 113
181 113
195 109
196 110
197 111
198 112
199 113
200 114
201 115
202 115
203 115
204 115
205 115
204 116
203 117
202 118
202 119
202 120
202 121
202 122
202 123
202 124
202 125
202 126
202 127
201 128
200 129
199 130
198 131
197 132
196 133
195 134
194 135
193 136
192 137
192 138
191 138
190 138
189 138
188 138
187 138
186 138
185 138
184 137
183 136
182 135
181 134
180 135
179 136
178 137
177 138
177 139
177 140
177 141
177 142
177 143
177 144
177 145
177 146
176 146
175 146
174 146
173 146
172 146
171 146
170 146
169 146
168 146
167 146
166 146
165 146
164 146
163 146
162 145
161 144
160 143
159 144
158 145
157 145
156 145
155 145
154 145
153 145
152 145
151 145
150 145
149 145
148 145
147 145
146 145
145 145
144 145
143 145
142 145
141 145
140 145
139 145
138 145
137 145
136 144
135 143
203 128
204 129
205 130
206 131
207 132
208 133
209 134
210 134
211 134
212 134
213 134
214 134
195 103
196 102
197 101
198 100
199 99
200 98
201 97
202 96
203 95
204 94
205 94
206 94
207 94
208 94
209 94
210 94
211 94
212 94
213 94
214 94
215 94
183 71
184 72
185 73
186 73
187 73
188 73
189 73
190 73
191 73
192 73
193 73
194 73
195 73
196 73
197 73
198 73
199 73
200 73
201 73
202 73
203 73
204 73
205 73
147 74
148 74
149 74
150 74
151 74
152 74
153 74
154 74
155 74
156 73
157 72
158 71
136 87
137 88
138 89
139 90
140 91
141 92
142 93
143 93
144 93
145 93
146 93
147 93
148 93
149 93
150 93
151 93
152 93
153 93
154 92
155 91
156 90
157 89
158 88
159 87
160 86
148 94
149 95
150 96
151 97
152 98
153 99
154 100
155 101
156 102
157 103
158 104
159 105
160 106
160 107
160 108
146 94
145 95
144 96
143 97
142 98
141 99
140 100
140 101
140 102
140 103
140 104
140 105
140 106
140 107
140 108
139 108
138 108
137 108
136 108
135 108
134 108
133 108
132 108
131 108
130 108
129 108
128 108
127 108
126 108
125 108
124 108
123 108
122 108
121 108
120 108
119 108
118 108
117 108
116 108
115 108
114 108
113 108
112 107
111 107
110 107
109 107
108 107
107 107
106 107
105 107
104 106
103 105
103 104
103 103
102 102
101 101
100 100
99 99
98 98
97 97
96 96
95 95
94 94
93 93
93 92
93 91
93 90
93 89
93 88
92 87
91 86
90 85
89 84
88 83
87 82
86 81
85 80
84 79
83 78
83 77
82 77
81 77
80 77
79 77
78 77
77 77
76 76
75 75
74 74
73 73
72 72
71 71
71 70
71 69
71 68
71 67
71 66
71 65
71 64
70 63
69 62
68 61
67 60
66 59
65 58
64 57
63 56
62 56
61 56
60 56
59 56
58 56
57 56
56 56
55 56
54 55
53 54
52 53
51 52
50 51
49 50
48 49
48 48
48 47
48 46
48 45
48 44
48 43
48 42
48 41
48 40
47 39
47 38
46 38
45 39
44 40
43 41
42 41
41 41
40 41
39 41
38 41
37 41
36 41
35 42
34 43
33 44
32 45
31 46
30 47
29 48
29 49
29 50
29 51
29 52
28 53
28 54
28 55
28 56
28 57
28 58
28 59
28 60
28 61
28 62
28 63
28 64
28 65
28 66
28 67
28 68
28 69
28 70
28 71
28 72
28 73
48 38
49 38
50 38
51 38
52 38
53 37
54 36
55 35
55 34
55 33
55 32
55 31
55 30
55 29
55 28
55 27
56 26
57 25
58 24
59 25
60 26
61 27
62 28
63 29
64 30
65 31
66 32
67 33
68 34
69 34
62 57
61 58
60 59
59 60
58 61
57 62
56 63
55 64
54 65
53 66
52 67
51 68
50 69
84 77
85 77
86 77
87 77
88 76
89 75
90 74
91 73
92 72
93 71
92 70
91 69
90 68
89 67
88 66
87 65
86 64
85 63
84 62
83 61
82 60
81 59
80 58
79 57
79 56
78 56
80 56
81 56
82 56
83 56
84 56
85 56
86 56
87 56
88 55
89 54
90 53
91 52
92 51
93 50
93 49
93 48
93 47
93 46
93 45
93 44
93 43
93 42
93 41
93 40
93 39
93 38
93 37
92 36
91 35
90 34
102 106
101 107
100 108
99 108
98 108
97 108
96 108
95 108
94 108
93 108
92 108
93 109
93 110
93 111
93 112
93 113
93 114
93 115
93 116
93 117
93 118
93 119
93 120
93 121
93 122
93 123
92 124
91 125
90 126
89 127
88 128
87 129
86 129
85 129
84 129
83 129
82 129
81 129
80 129
79 129
78 129
77 129
76 128
75 127
74 126
73 125
72 124
71 123
71 122
71 121
71 120
71 119
71 118
71 117
71 116
71 115
71 114
71 113
71 112
71 111
71 110
71 109
71 108
70 108
69 108
68 107
67 106
66 105
65 104
64 103
63 102
62 101
61 100
60 99
59 98
58 97
57 96
56 95
55 94
54 93
53 92
52 91
51 90
50 91
50 92
50 93
50 94
50 95
50 96
50 97
50 98
50 99
50 100
50 101
50 102
50 103
50 104
50 105
50 106
50 107
50 108
71 107
71 106
71 105
71 104
71 103
71 102
71 101
71 100
71 99
71 98
71 97
71 96
71 95
71 94
72 93
81 130
80 131
79 132
78 133
77 134
76 135
75 136
74 137
73 138
72 139
72 140
72 141
72 142
72 143
72 144
72 145
71 145
70 145
69 145
68 145
67 145
66 145
65 145
64 145
63 145
62 145
61 145
60 145
59 145
58 145
57 145
56 144
55 143
54 143
53 143
52 143
51 142
50 141
49 140
48 139
47 139
46 139
45 139
44 139
43 139
42 139
41 139
40 139
39 139
38 138
37 137
36 137
35 137
34 137
33 136
32 135
31 134
48 138
48 137
48 136
48 135
48 134
48 133
48 132
48 131
48 130
48 129
48 128
47 128
46 128
45 128
44 128
43 128
42 128
41 127
40 126
39 125
38 124
37 123
36 122
35 121
34 120
33 119
32 118
31 117
30 116
29 115
29 114
29 113
29 112
29 111
29 110
29 109
29 108
29 107
29 106
29 105
29 104
29 103
29 102
29 101
29 100
29 99
29 98
29 97
29 96
29 95
28 94
83 130
84 131
85 132
86 133
87 134
88 135
89 136
90 137
91 138
92 139
93 140
93 141
93 142
93 143
93 144
93 145
125 109
124 110
123 111
122 112
121 113
120 114
119 115
118 116
117 117
116 118
115 119
114 120
114 121
114 122
114 123
114 124
114 125
114 126
114 127
114 128
114 129
114 130
114 131
114 132
114 133
114 134
114 135
114 136
114 137
114 138
114 139
114 140
114 141
114 142
114 143
139 109
138 110
137 111
136 112
136 113
136 114
136 115
136 116
136 117
136 118
136 119
136 120
136 121
136 122
136 123
137 124
138 124
139 124
140 124
141 124
142 124
143 124
144 124
145 124
146 124
147 124
148 124
149 124
150 124
151 124
152 124
153 124
154 124
155 124
156 124
157 124
158 123
84
114 86
135 86
136 71
128 53
113 48
111 34
114 65
132 34
145 56
159 52
153 34
174 34
185 35
192 42
181 48
205 52
205 41
194 58
181 69
181 81
181 92
194 108
181 113
205 115
202 127
192 138
181 134
177 146
160 143
149 145
135 143
214 134
204 94
215 94
194 73
205 73
147 74
158 71
147 93
160 86
160 108
140 108
126 108
112 107
103 105
93 93
82 77
71 71
63 56
48 49
46 38
36 41
29 52
28 73
55 35
58 24
69 34
50 69
93 71
78 56
93 50
90 34
92 108
93 123
82 129
71 123
71 108
51 90
50 108
72 93
72 145
55 143
48 139
37 137
31 134
48 128
29 115
28 94
93 145
114 122
114 143
136 123
147 124
158 123
