1123
121 90
119 89
118 88
117 87
116 86
116 85
116 84
116 83
116 82
116 81
116 80
116 79
116 78
116 77
116 76
115 75
114 74
113 73
112 74
111 75
110 76
109 77
108 78
107 79
106 80
105 81
104 82
103 83
102 84
101 85
100 86
99 86
98 86
97 86
96 86
95 86
94 87
93 88
92 89
91 90
90 91
89 92
88 93
87 93
86 93
85 93
84 93
83 93
82 93
81 93
80 93
79 93
78 92
77 91
76 90
75 89
74 88
73 87
72 86
73 85
74 84
75 83
76 82
77 81
78 80
79 79
80 78
81 77
81 76
80 76
79 76
78 76
77 76
76 76
75 75
74 74
73 73
72 72
71 71
71 70
71 69
71 68
71 67
71 66
71 65
71 64
71 63
71 62
71 61
71 60
71 59
71 58
71 57
71 56
70 56
69 56
68 56
67 56
66 56
65 56
64 55
63 54
62 53
61 52
60 52
59 52
58 52
57 52
56 52
55 52
54 52
53 52
52 52
51 52
50 51
49 50
48 49
48 48
48 47
48 46
48 45
48 44
48 43
47 43
46 42
45 41
44 40
43 39
42 38
41 39
40 40
39 41
38 41
37 41
36 41
35 41
34 42
33 43
32 44
31 45
30 46
29 47
28 48
28 49
28 50
28 51
28 52
49 42
50 41
51 40
52 39
53 38
54 37
55 37
56 37
57 37
58 37
59 37
60 37
61 37
62 37
63 37
64 37
65 36
66 35
66 34
67 34
65 33
64 32
63 31
62 30
61 29
60 28
59 27
58 26
57 25
56 24
60 53
59 54
58 55
57 56
56 57
55 58
54 59
53 60
52 61
51 62
50 63
49 64
49 65
48 66
47 67
46 68
45 69
44 70
43 71
42 72
41 73
40 73
39 73
38 73
37 73
36 73
35 73
34 73
33 73
32 73
31 73
30 73
29 73
72 56
82 76
83 76
84 76
85 76
86 76
87 76
88 76
89 75
90 74
91 73
92 72
93 71
93 70
93 69
93 68
93 67
93 66
93 65
93 64
93 63
93 62
93 61
93 60
93 59
93 58
93 57
93 56
83 94
82 95
81 96
80 97
79 98
78 99
77 100
76 101
75 102
75 103
75 104
75 105
75 106
75 107
75 108
74 108
73 108
72 108
71 108
70 108
69 108
68 108
67 108
66 108
65 108
64 107
63 107
62 107
61 107
60 107
59 107
58 107
57 107
56 107
55 107
54 107
53 107
52 107
51 107
50 107
49 107
48 107
47 107
46 107
45 106
44 105
43 104
42 103
41 102
40 101
39 100
38 99
37 98
36 97
35 96
34 95
34 94
33 94
35 94
36 94
37 94
38 94
39 94
40 94
41 94
42 94
43 94
44 93
45 92
46 91
47 90
48 89
49 88
50 87
51 86
74 109
73 110
72 111
71 112
71 113
71 114
71 115
71 116
71 117
71 118
71 119
71 120
71 121
71 122
71 123
70 124
69 125
68 126
67 127
66 128
65 129
64 130
63 131
62 132
61 133
60 134
59 135
58 136
57 137
56 138
55 139
55 140
55 141
55 142
55 143
54 143
53 143
52 143
51 142
50 141
49 140
48 139
47 139
46 139
45 139
44 139
43 139
42 139
41 139
40 139
39 139
38 139
37 138
36 137
36 136
36 135
36 134
36 133
36 132
35 131
34 130
33 129
32 128
31 127
31 126
31 125
31 124
31 123
31 122
31 121
31 120
31 119
31 118
31 117
30 116
29 115
48 138
48 137
48 136
48 135
48 134
48 133
48 132
48 131
48 130
48 129
48 128
56 144
57 145
58 145
59 145
60 145
61 145
62 145
63 145
64 145
65 145
66 145
67 145
68 145
69 145
70 145
71 145
72 145
73 145
72 124
73 124
74 124
75 124
76 124
77 124
78 124
79 124
80 124
81 124
82 124
83 124
84 124
85 124
86 124
87 124
88 124
89 124
90 124
91 124
92 124
93 123
83 125
84 126
85 127
86 128
87 129
88 130
89 131
90 132
91 133
92 134
93 135
94 136
94 137
94 138
94 139
94 140
94 141
94 142
94 143
94 144
94 145
85 94
86 95
87 96
88 97
89 98
90 99
91 100
92 101
93 102
94 103
94 104
94 105
94 106
94 107
94 108
119 91
118 92
117 93
116 94
115 95
114 96
114 97
114 98
114 99
114 100
114 101
114 102
114 103
114 104
115 105
115 106
115 107
115 108
115 109
115 110
115 111
115 112
115 113
115 114
115 115
115 116
115 117
115 118
115 119
115 120
115 121
115 122
121 91
122 90
123 90
124 90
125 89
126 88
127 87
128 87
129 87
130 87
131 87
132 87
133 87
134 87
135 87
136 87
137 87
138 87
139 86
139 85
139 84
139 83
139 82
139 81
139 80
139 79
139 78
139 77
139 76
139 75
139 74
138 73
137 72
137 71
136 71
136 70
136 69
136 68
136 67
136 66
136 65
136 64
136 63
136 62
136 61
136 60
136 59
136 58
136 57
136 56
135 56
134 56
133 56
132 56
131 56
130 55
129 54
128 53
127 52
126 51
126 50
125 50
124 49
123 48
122 47
121 46
120 45
119 44
118 43
117 42
116 41
115 40
114 39
113 38
112 37
111 36
110 35
109 34
108 34
107 34
106 34
105 34
104 34
103 34
102 34
101 34
100 34
99 34
98 34
97 34
96 34
95 34
94 34
93 34
92 34
91 34
90 34
89 34
88 34
126 49
126 48
126 47
126 46
126 45
126 44
126 43
126 42
126 41
126 40
126 39
126 38
127 37
128 36
129 35
130 34
131 34
132 34
133 34
134 34
135 34
136 34
137 34
138 34
139 34
140 34
141 34
142 34
143 34
144 34
145 34
146 34
147 34
148 34
149 34
150 34
151 34
125 52
124 53
123 54
122 55
121 55
120 55
119 55
118 55
117 55
116 55
115 55
114 55
113 55
137 56
138 71
139 71
140 71
141 71
142 71
143 71
144 71
145 71
146 71
147 71
148 71
149 71
150 71
151 71
152 71
153 71
154 71
155 71
156 71
157 71
158 71
148 72
149 73
150 74
151 75
152 76
153 77
154 78
155 79
156 80
157 81
158 82
159 83
160 84
160 85
160 86
147 70
147 69
147 68
147 67
148 66
149 65
150 64
151 63
152 62
153 61
154 60
155 59
156 58
157 57
158 56
122 92
123 93
124 94
125 95
126 96
127 97
128 98
129 99
130 100
131 101
132 102
133 103
134 104
134 105
134 106
134 107
134 108
135 108
136 108
137 108
138 108
139 108
140 108
141 108
142 108
143 108
144 108
145 108
146 108
147 108
148 108
149 108
135 109
136 110
136 111
136 112
136 113
136 114
136 115
136 116
136 117
136 118
136 119
136 120
136 121
136 122
136 123
137 124
138 125
139 125
140 125
141 125
142 125
143 125
144 125
145 125
146 125
147 125
148 125
149 125
150 125
151 125
152 125
153 125
154 125
155 125
156 125
157 124
158 123
158 122
158 121
158 120
158 119
158 118
158 117
158 116
158 115
158 114
159 113
160 112
161 111
162 110
163 109
164 108
165 108
166 108
167 108
168 108
169 108
170 108
171 107
172 106
173 105
174 104
175 103
176 102
177 101
178 100
179 99
180 98
181 97
182 97
183 97
184 97
185 97
186 97
187 97
188 97
189 97
190 96
191 95
192 94
193 93
194 92
195 92
196 92
195 93
196 94
197 95
198 96
199 97
200 98
201 99
202 100
203 101
204 102
204 103
204 104
205 104
206 104
207 104
208 104
209 104
210 104
211 104
212 104
213 104
214 104
215 104
197 91
198 90
199 89
200 88
201 87
202 86
203 85
204 84
205 83
205 82
204 81
203 80
202 79
201 78
200 77
199 76
198 75
197 74
196 73
195 72
195 71
194 71
194 70
194 69
194 68
193 67
192 66
191 65
190 64
189 63
188 62
187 61
186 60
185 59
184 58
183 57
182 56
181 55
193 72
192 73
191 74
190 75
189 76
188 76
187 76
186 76
185 76
184 76
183 76
182 76
181 76
196 71
197 70
198 69
199 68
200 67
201 66
202 65
203 64
204 63
205 62
205 61
205 60
205 59
205 58
206 58
205 57
205 56
205 55
205 54
205 53
204 52
203 51
202 50
202 49
202 48
202 47
202 46
201 45
200 44
199 43
198 42
197 41
196 40
195 39
194 39
193 39
192 39
191 39
190 39
189 39
188 39
187 39
186 39
185 39
184 38
183 38
182 38
181 38
180 38
179 38
178 38
177 38
176 38
175 37
174 36
173 35
173 34
172 34
174 34
175 33
176 32
177 31
178 30
179 29
180 28
181 27
182 26
183 25
207 57
208 56
209 55
210 54
211 53
212 52
213 51
214 50
159 124
160 125
161 126
162 127
163 128
164 129
165 130
166 130
167 130
168 130
169 130
170 130
171 130
171 129
171 128
172 127
173 126
174 125
175 124
176 123
177 122
178 121
179 120
180 119
181 118
170 131
169 132
168 133
167 134
166 135
165 136
164 137
163 138
162 139
161 140
160 141
159 142
158 143
157 144
156 145
155 145
154 145
153 145
152 145
172 131
173 132
173 133
173 134
173 135
173 136
173 137
173 138
173 139
173 140
173 141
173 142
173 143
174 144
175 145
176 146
177 147
178 147
179 147
180 147
181 147
182 147
183 147
184 147
184 146
184 145
184 144
184 143
184 142
184 141
184 140
184 139
184 138
185 137
186 136
186 135
186 134
186 133
187 132
188 131
189 130
190 129
191 128
192 127
193 126
194 125
195 125
196 125
197 125
198 125
199 125
200 125
201 125
202 125
203 125
204 125
205 125
195 126
196 127
197 128
198 129
198 130
198 131
198 132
198 133
198 134
198 135
198 136
146 126
145 127
144 128
143 129
142 130
141 131
140 132
139 133
138 134
137 135
136 136
135 137
134 138
133 139
132 140
132 141
132 142
132 143
132 144
131 144
130 144
129 144
128 144
127 144
126 144
125 144
124 144
123 144
122 144
121 144
120 144
119 144
118 144
117 144
116 144
115 143
85
116 86
113 73
95 86
84 93
72 86
71 71
61 52
48 49
42 38
35 41
28 52
54 37
67 34
56 24
49 65
29 73
72 56
82 76
93 71
93 56
75 108
64 107
50 107
33 94
51 86
71 123
55 143
48 139
36 137
31 127
29 115
48 128
73 145
82 124
93 123
94 145
94 108
114 104
115 122
127 87
139 86
136 71
126 51
109 34
88 34
130 34
151 34
113 55
137 56
147 71
158 71
160 86
158 56
134 108
149 108
136 123
147 125
158 123
164 108
181 97
194 92
204 104
215 104
205 83
194 71
181 55
181 76
205 62
202 50
195 39
184 38
172 34
183 25
214 50
171 130
181 118
152 145
173 143
184 147
186 136
194 125
205 125
198 136
132 144
115 143
