1105
120 89
120 88
120 87
120 86
120 85
120 84
120 83
120 82
120 81
121 80
122 79
123 78
124 77
125 76
125 75
124 75
123 75
122 75
121 75
120 75
119 75
118 74
117 73
116 72
116 71
116 70
116 69
116 68
116 67
116 66
116 65
116 64
116 63
116 62
116 61
116 60
116 59
116 58
116 57
116 56
116 55
115 55
114 55
113 55
112 55
111 55
110 55
109 55
108 55
107 55
106 55
105 55
104 54
103 53
103 52
103 51
103 50
104 50
103 49
103 48
103 47
103 46
103 45
103 44
103 43
103 42
103 41
103 40
103 39
103 38
102 37
101 36
100 35
99 34
105 49
106 48
107 47
108 46
109 45
110 44
111 43
112 42
113 41
114 40
115 39
116 38
117 37
118 36
119 35
120 34
121 34
122 34
123 34
124 34
125 34
126 34
127 34
128 34
129 34
130 34
131 34
132 34
133 34
134 34
135 34
136 34
137 34
138 34
139 34
140 34
141 34
102 54
101 55
100 56
99 56
98 56
97 56
96 56
95 56
94 56
93 56
92 56
93 57
93 58
93 59
93 60
93 61
93 62
93 63
93 64
93 65
93 66
93 67
93 68
93 69
93 70
93 71
92 72
91 73
90 74
89 75
88 76
87 76
86 76
85 76
84 76
83 76
82 76
81 76
80 76
79 76
78 76
77 76
76 76
75 75
74 74
73 73
72 72
71 71
71 70
71 69
71 68
71 67
71 66
71 65
71 64
71 63
71 62
71 61
71 60
71 59
71 58
71 57
71 56
81 77
80 78
79 79
78 80
77 81
76 82
75 83
74 84
73 85
73 86
73 87
73 88
73 89
73 90
73 91
73 92
73 93
72 93
71 93
70 93
69 93
68 93
67 93
66 93
65 92
64 91
63 90
62 89
62 88
62 87
62 86
62 85
62 84
61 83
60 82
59 81
58 80
57 79
56 78
55 77
54 76
53 75
52 74
51 73
50 72
50 71
50 70
50 69
50 68
50 67
50 66
50 65
50 64
50 63
50 62
50 61
49 60
49 59
49 58
49 57
49 56
49 55
49 54
49 53
49 52
49 51
49 50
48 49
47 49
46 49
45 49
44 49
43 48
42 47
41 46
40 45
39 44
38 43
37 42
36 41
35 40
34 41
33 42
32 43
31 44
31 45
31 46
31 47
30 48
29 49
28 50
28 51
28 52
28 53
28 54
28 55
28 56
28 57
28 58
28 59
28 60
28 61
28 62
48 48
48 47
48 46
48 45
48 44
48 43
48 42
48 41
48 40
48 39
48 38
49 38
50 38
51 38
52 38
53 38
54 37
55 36
56 35
57 34
58 34
59 34
60 34
61 34
62 34
63 34
64 34
65 34
66 34
67 34
68 34
69 34
70 34
71 34
72 34
73 34
74 34
75 34
76 34
77 34
78 34
49 73
48 74
47 75
46 76
45 77
44 78
43 79
42 80
41 81
40 82
39 83
38 83
37 83
36 83
35 83
34 83
33 83
32 83
61 90
60 91
59 92
58 93
57 93
56 93
55 93
54 93
53 93
52 93
51 93
50 94
49 95
48 96
48 97
48 98
48 99
48 100
48 101
48 102
48 103
48 104
48 105
48 106
48 107
48 108
47 108
46 108
45 108
44 108
43 108
42 108
41 108
40 108
39 108
38 108
37 108
36 108
35 108
34 108
33 108
32 107
31 106
30 105
29 104
72 94
71 95
71 96
71 97
71 98
71 99
71 100
71 101
71 102
71 103
71 104
71 105
71 106
71 107
71 108
72 109
72 110
72 111
72 112
72 113
72 114
72 115
72 116
72 117
72 118
72 119
72 120
72 121
72 122
72 123
71 124
70 124
69 124
68 124
67 124
66 124
65 124
64 124
63 124
62 124
61 124
60 125
59 126
58 127
57 128
56 128
55 128
54 128
53 128
52 128
51 128
50 128
49 128
48 128
48 129
47 129
46 130
45 131
44 132
43 133
42 134
41 135
40 136
39 136
38 136
37 136
36 136
36 135
36 134
36 133
36 132
35 131
34 130
33 129
32 128
31 127
30 126
29 125
48 130
48 131
48 132
48 133
48 134
48 135
48 136
48 137
48 138
48 139
49 140
50 141
51 142
52 143
53 143
54 143
55 143
56 143
57 144
58 145
59 145
60 145
61 145
62 145
63 145
64 145
65 145
66 145
67 145
68 145
69 145
70 145
71 145
72 145
73 145
74 145
75 145
76 145
77 145
78 145
79 145
80 145
81 145
82 145
83 145
84 145
85 145
86 145
87 145
88 145
89 145
90 145
91 145
92 145
93 145
83 77
84 78
85 79
86 80
87 81
88 82
89 83
90 84
91 85
92 86
93 86
94 86
126 75
127 75
128 75
129 75
130 75
131 75
132 75
133 75
134 74
135 73
136 72
137 71
138 71
139 71
140 71
141 71
142 71
143 70
144 69
145 68
146 67
147 66
148 65
149 64
150 63
151 62
152 61
153 60
154 59
155 58
156 57
157 56
158 56
159 56
160 56
161 56
162 56
163 56
164 56
165 56
166 56
167 56
168 55
169 54
170 53
171 52
172 52
173 52
174 52
175 51
176 50
177 49
178 48
179 47
180 46
181 45
182 44
183 43
183 42
183 41
183 40
183 39
183 38
183 37
183 36
183 35
183 34
182 33
181 32
184 44
185 45
186 46
187 47
188 47
189 47
190 47
191 47
192 47
193 47
194 47
195 48
196 49
197 50
198 51
199 52
200 52
201 52
202 52
203 52
204 52
205 52
205 51
205 50
205 49
205 48
205 47
205 46
205 45
205 44
205 43
206 42
207 41
204 53
203 54
202 55
201 56
200 57
199 58
198 59
197 59
196 59
195 59
194 59
195 60
196 61
197 62
198 63
199 64
200 65
201 66
202 67
203 68
204 69
204 70
204 71
204 72
204 73
205 73
206 73
207 73
208 73
209 73
210 73
211 73
212 73
213 73
214 73
215 73
203 74
202 75
201 76
200 77
199 78
198 79
197 80
196 81
195 82
194 83
194 84
194 85
193 85
192 85
191 85
190 85
189 85
188 85
187 85
186 85
185 85
184 85
183 85
182 85
181 85
180 86
179 86
178 86
177 86
176 86
175 86
174 86
173 86
172 86
171 86
170 86
169 86
168 86
167 86
166 86
165 86
164 86
163 86
162 86
161 86
160 86
159 86
158 86
157 86
195 86
196 87
197 88
198 89
199 90
200 91
201 92
202 93
203 94
204 94
205 94
204 95
203 96
202 97
201 98
200 99
199 100
198 101
197 102
196 103
195 104
194 105
194 106
193 106
192 106
191 106
190 106
189 106
188 106
187 106
186 106
185 106
184 106
183 106
182 106
181 106
180 106
179 106
178 106
177 106
176 106
175 106
174 106
173 106
172 106
171 105
170 104
169 103
168 102
167 103
166 104
165 105
164 106
163 107
162 108
161 108
160 108
159 108
158 108
157 108
158 109
158 110
158 111
158 112
158 113
158 114
158 115
158 116
158 117
158 118
158 119
158 120
158 121
158 122
158 123
195 107
196 108
197 109
198 110
199 111
200 112
201 113
202 114
203 115
204 115
205 115
204 116
203 117
202 118
202 119
202 120
202 121
202 122
202 123
202 124
202 125
202 126
202 127
201 128
200 129
199 130
198 131
197 132
196 133
195 134
194 135
193 136
192 137
191 138
190 138
189 138
188 138
188 137
188 136
188 135
188 134
187 133
186 132
185 131
184 130
183 129
182 128
181 127
187 139
186 140
185 141
184 142
183 143
182 144
181 144
180 144
179 144
178 144
177 144
176 145
175 145
174 145
173 145
172 145
171 145
170 145
169 145
168 145
167 145
166 145
165 145
164 145
163 145
162 145
161 145
160 145
159 145
158 145
157 145
156 145
203 128
204 129
205 129
206 129
207 129
208 129
209 129
210 129
211 129
212 129
213 129
214 129
215 129
172 53
173 54
174 55
175 56
176 57
177 58
178 59
179 60
180 61
181 62
181 63
181 64
171 51
171 50
171 49
171 48
171 47
171 46
171 45
171 44
171 43
170 42
169 41
168 40
167 39
166 38
165 37
164 36
163 35
162 34
158 57
158 58
158 59
158 60
158 61
158 62
158 63
158 64
158 65
158 66
158 67
158 68
158 69
158 70
158 71
137 70
137 69
137 68
137 67
137 66
137 65
137 64
137 63
137 62
137 61
137 60
137 59
137 58
137 57
136 56
119 91
118 92
117 93
116 93
115 93
114 94
113 95
112 96
111 97
110 98
109 99
108 100
107 101
106 102
105 103
104 104
103 105
102 106
101 107
100 108
99 108
98 108
97 108
96 108
95 108
94 108
93 108
92 108
93 109
93 110
93 111
93 112
93 113
93 114
93 115
93 116
93 117
93 118
93 119
93 120
93 121
93 122
93 123
104 106
105 107
106 107
107 107
108 107
109 107
110 107
111 107
112 107
113 107
114 107
115 107
116 107
115 108
114 109
114 110
114 111
114 112
114 113
114 114
114 115
114 116
114 117
114 118
114 119
114 120
114 121
114 122
115 123
116 124
117 124
118 124
119 124
120 124
121 124
122 124
123 124
124 124
125 124
126 124
127 124
128 124
129 124
130 124
131 124
132 124
133 124
134 124
135 124
136 124
137 123
137 122
137 121
137 120
137 119
137 118
137 117
137 116
137 115
137 114
137 113
137 112
137 111
137 110
137 109
136 108
136 107
136 106
136 105
136 104
136 103
136 102
136 101
136 100
136 99
136 98
136 97
136 96
136 95
136 94
136 93
127 125
128 126
129 127
130 128
131 129
132 130
133 131
134 132
135 133
135 134
135 135
135 136
135 137
135 138
135 139
135 140
135 141
135 142
135 143
135 144
135 145
125 125
124 126
123 127
122 128
121 129
120 130
119 131
118 132
117 133
116 134
115 135
114 136
114 137
114 138
114 139
114 140
114 141
114 142
114 143
83
116 72
116 55
103 53
99 34
120 34
141 34
92 56
93 71
82 76
71 71
71 56
73 93
62 89
50 72
49 60
48 49
35 40
31 47
28 62
48 38
57 34
78 34
32 83
51 93
48 108
29 104
71 108
72 123
61 124
48 128
36 136
29 125
48 139
56 143
72 145
93 145
94 86
126 75
137 71
157 56
168 55
171 52
183 43
181 32
194 47
205 52
207 41
194 59
204 73
215 73
194 85
181 85
168 86
157 86
205 94
194 106
181 106
168 102
157 108
158 123
205 115
202 127
188 138
181 127
177 144
156 145
215 129
181 64
162 34
158 71
136 56
115 93
103 105
92 108
93 123
116 107
114 122
126 124
137 123
136 108
136 93
135 145
114 143
