1092
119 91
118 92
117 93
116 93
115 93
114 93
113 93
112 93
111 94
110 95
109 96
108 97
107 98
106 99
105 100
104 101
103 102
102 103
101 104
100 105
99 106
98 107
97 108
96 108
95 108
94 108
93 108
93 109
93 110
93 111
93 112
93 113
93 114
93 115
93 116
93 117
93 118
93 119
93 120
93 121
93 122
93 123
92 124
91 125
90 126
89 127
88 128
87 129
86 129
85 129
84 129
83 129
82 129
81 129
80 129
79 129
78 129
77 129
76 128
75 127
74 126
73 125
72 124
71 123
71 122
71 121
71 120
71 119
71 118
71 117
71 116
71 115
71 114
71 113
71 112
71 111
71 110
71 109
71 108
70 108
69 108
68 108
67 108
66 108
65 108
64 108
63 107
62 106
61 105
61 104
61 103
61 102
61 101
61 100
61 99
61 98
61 97
61 96
60 95
59 94
58 93
57 92
56 91
55 90
54 89
53 88
52 87
51 86
51 85
51 84
51 83
51 82
51 81
51 80
51 79
51 78
51 77
51 76
51 75
51 74
51 73
51 72
51 71
51 70
50 69
49 68
49 67
48 67
47 68
46 69
45 70
44 71
43 72
42 73
41 73
40 73
39 73
38 73
37 73
36 73
35 73
34 73
33 73
32 73
31 73
30 73
29 73
28 73
50 66
51 65
52 64
53 63
54 62
55 61
56 60
57 59
58 58
59 57
60 56
60 55
59 55
58 55
57 55
56 55
55 55
54 55
53 54
52 53
51 52
50 51
49 50
48 49
48 48
48 47
48 46
48 45
48 44
48 43
48 42
48 41
48 40
47 39
47 38
46 38
45 39
44 40
43 41
42 41
41 41
40 41
39 41
38 41
37 41
36 41
35 42
34 43
33 44
32 45
31 46
30 47
29 48
29 49
29 50
29 51
29 52
48 38
49 38
50 38
51 38
52 38
53 38
54 37
55 36
56 35
57 35
58 35
59 35
60 35
61 35
62 35
63 35
64 35
65 35
66 35
67 35
68 35
69 35
70 35
71 34
56 34
56 33
56 32
56 31
56 30
56 29
56 28
56 27
56 26
56 25
56 24
61 55
62 55
63 55
64 55
65 55
66 55
67 55
68 55
69 55
70 54
71 53
72 52
73 52
74 52
75 51
76 50
77 49
78 48
79 47
80 46
81 45
82 44
83 43
84 42
85 41
86 40
87 39
88 38
89 37
90 36
91 35
92 34
62 56
63 57
64 58
65 59
66 60
67 61
68 62
69 63
70 64
71 65
71 66
71 67
71 68
71 69
71 70
71 71
70 72
70 73
70 74
70 75
70 76
70 77
70 78
70 79
70 80
70 81
70 82
70 83
70 84
70 85
70 86
60 106
59 107
58 107
57 107
56 107
55 107
54 107
53 107
52 107
51 107
50 107
49 107
48 107
47 107
46 107
45 107
44 107
43 106
42 105
41 104
40 103
39 102
38 101
37 100
36 99
35 98
34 97
33 96
32 95
31 94
72 108
81 130
80 131
79 132
78 133
77 134
76 135
75 136
74 137
73 138
72 139
72 140
72 141
72 142
72 143
72 144
72 145
71 145
70 145
69 145
68 145
67 145
66 145
65 145
64 145
63 145
62 145
61 145
60 145
59 145
58 145
57 144
56 143
55 143
54 143
53 143
52 143
51 142
50 141
49 140
48 139
47 139
46 139
45 139
44 139
43 139
42 139
41 139
40 139
39 139
38 139
37 138
36 137
36 136
36 135
36 134
36 133
36 132
36 131
35 130
34 129
33 128
32 127
32 126
32 125
32 124
32 123
32 122
32 121
32 120
32 119
32 118
31 117
30 116
29 115
48 138
48 137
48 136
48 135
48 134
48 133
48 132
48 131
48 130
48 129
48 128
83 130
84 131
85 132
86 133
87 134
88 135
89 136
90 137
91 138
92 139
93 140
93 141
93 142
93 143
93 144
93 145
121 89
121 91
122 92
123 93
124 94
125 95
126 96
127 97
128 98
129 99
130 100
131 101
132 102
133 103
134 104
135 105
136 106
136 107
136 108
137 109
137 110
137 111
137 112
137 113
137 114
137 115
137 116
137 117
137 118
137 119
137 120
137 121
137 122
137 123
137 124
137 125
136 125
135 125
134 125
133 125
132 125
131 125
130 125
129 125
128 125
127 125
126 125
125 125
125 126
124 127
123 128
122 129
121 129
120 129
119 129
118 129
117 129
116 129
115 129
114 129
114 130
114 131
114 132
114 133
114 134
114 135
114 136
114 137
114 138
114 139
114 140
114 141
114 142
114 143
124 124
123 123
122 122
121 121
120 120
119 119
118 118
117 117
116 116
115 115
114 114
136 126
135 127
135 128
135 129
135 130
135 131
135 132
135 133
135 134
135 135
135 136
135 137
135 138
135 139
135 140
135 141
135 142
135 143
135 144
135 145
138 126
139 127
140 128
141 129
142 130
143 131
144 132
145 133
146 134
147 135
148 136
149 137
150 138
151 139
152 140
153 141
154 142
155 143
156 144
156 145
122 88
123 87
123 86
123 85
123 84
123 83
124 83
125 82
126 81
127 80
128 79
129 78
130 77
131 76
132 75
133 74
134 73
135 72
136 71
136 70
136 69
136 68
136 67
136 66
136 65
136 64
136 63
136 62
136 61
136 60
136 59
136 58
136 57
136 56
137 56
138 56
139 56
140 56
141 56
142 56
143 56
144 56
145 56
146 55
147 54
147 53
147 52
147 51
147 50
147 49
147 48
147 47
147 46
146 46
145 45
144 44
143 43
142 42
141 41
140 40
139 39
138 38
137 37
136 36
135 35
134 34
147 45
147 44
147 43
147 42
148 41
149 40
150 39
151 38
152 37
153 36
154 35
155 34
148 55
149 56
150 56
151 56
152 56
153 56
154 56
155 56
156 56
157 56
158 56
157 57
157 58
157 59
157 60
157 61
157 62
157 63
157 64
157 65
157 66
157 67
157 68
157 69
157 70
157 71
158 72
159 72
160 72
161 72
162 72
163 72
164 72
165 72
166 72
167 72
168 72
169 72
170 72
171 72
172 72
173 72
174 72
175 72
176 72
177 72
178 72
179 72
180 71
181 70
182 70
183 70
184 70
185 70
186 70
187 70
188 70
189 70
190 70
191 70
192 69
193 68
194 67
195 67
196 67
197 67
198 67
199 67
200 67
201 66
202 65
203 64
204 63
205 62
205 61
205 60
205 59
206 59
205 58
205 57
205 56
205 55
205 54
205 53
204 52
203 51
202 50
202 49
202 48
202 47
202 46
202 45
202 44
201 43
200 42
199 41
198 40
197 39
196 39
195 39
194 39
193 39
192 39
191 39
190 39
189 39
188 39
187 38
186 38
185 38
184 38
183 38
182 38
181 38
180 38
179 37
178 36
177 35
176 34
186 39
185 40
184 41
183 42
182 43
181 44
181 45
181 46
181 47
181 48
181 49
207 58
208 57
209 56
210 55
211 54
212 53
213 52
214 51
215 50
182 71
183 72
184 73
185 74
186 75
187 76
188 77
189 78
190 79
191 80
192 81
193 82
194 83
195 83
196 83
197 83
198 83
199 83
200 83
201 83
202 83
203 83
204 83
205 83
193 84
192 85
191 86
190 87
189 88
188 89
187 90
186 91
185 91
184 91
183 91
182 91
181 91
180 92
179 93
178 94
177 95
176 96
175 97
174 98
173 99
172 100
171 101
170 102
169 102
168 102
168 101
167 100
166 99
165 98
164 97
163 96
162 95
161 94
160 93
167 103
166 104
165 105
164 106
163 107
162 108
161 108
160 108
159 108
158 108
157 108
158 109
158 110
158 111
158 112
158 113
158 114
158 115
158 116
158 117
158 118
158 119
158 120
158 121
158 122
158 123
169 103
170 104
171 105
172 106
173 107
174 108
175 109
176 110
177 111
178 112
179 112
180 112
181 112
182 113
183 114
184 115
185 116
186 117
187 118
188 118
189 118
190 118
191 118
192 118
193 118
194 118
194 117
194 116
194 115
194 114
195 113
196 112
197 111
198 110
199 109
200 108
201 107
202 106
203 105
204 104
205 104
206 104
207 104
208 104
209 104
210 104
211 104
212 104
213 104
214 104
215 104
195 119
196 120
197 121
198 122
199 123
200 124
201 125
202 125
203 125
204 125
205 125
204 126
203 127
202 128
201 129
200 130
199 130
198 130
197 130
196 130
195 130
194 130
193 131
192 132
192 133
192 134
192 135
192 136
192 137
192 138
192 139
192 140
192 141
191 141
190 141
189 141
188 140
187 139
186 138
185 137
184 136
183 135
182 134
181 133
180 134
179 135
178 136
177 137
177 138
177 139
177 140
177 141
177 142
177 143
177 144
206 126
207 127
207 128
207 129
207 130
207 131
207 132
207 133
207 134
207 135
207 136
137 72
138 73
139 74
139 75
139 76
139 77
139 78
139 79
139 80
139 81
139 82
139 83
139 84
139 85
139 86
122 82
121 81
120 80
119 79
118 78
117 77
116 76
115 75
114 74
113 73
112 72
112 71
112 70
112 69
112 68
112 67
112 66
112 65
112 64
112 63
112 62
112 61
112 60
112 59
112 58
112 57
112 56
112 55
112 54
112 53
112 52
112 51
112 50
112 49
112 48
112 47
112 46
112 45
112 44
112 43
112 42
112 41
112 40
112 39
112 38
112 37
112 36
112 35
113 34
111 73
110 74
109 75
108 75
107 75
106 75
105 75
104 75
103 75
102 75
101 75
100 75
99 75
98 75
97 75
96 75
95 74
94 73
93 72
92 71
92 70
92 69
92 68
92 67
92 66
92 65
92 64
92 63
92 62
92 61
92 60
92 59
92 58
92 57
93 56
102 76
101 77
100 78
99 79
98 80
97 81
96 82
95 83
94 84
93 85
92 86
91 87
91 88
91 89
83
112 93
93 108
93 123
82 129
71 123
61 105
51 86
48 67
28 73
48 49
46 38
36 41
29 52
56 35
71 34
56 24
61 55
72 52
92 34
71 71
70 86
50 107
31 94
72 108
72 145
56 143
48 139
36 137
32 127
29 115
48 128
93 145
136 108
137 125
126 125
114 129
114 143
114 114
135 145
156 145
123 87
136 71
136 56
147 54
134 34
155 34
158 56
157 71
168 72
181 70
194 67
205 62
202 50
197 39
187 38
176 34
181 49
215 50
194 83
205 83
181 91
168 102
160 93
157 108
158 123
181 112
194 118
204 104
215 104
205 125
194 130
192 141
181 133
177 144
207 136
139 86
112 72
112 55
113 34
103 75
92 71
93 56
91 89
