951
119 90
121 89
122 88
123 87
124 86
125 85
126 84
127 83
128 84
129 85
130 86
131 87
132 88
133 89
134 90
135 89
136 88
137 87
138 86
139 85
140 84
141 83
142 82
143 81
144 80
145 79
146 78
146 77
147 77
148 76
149 75
150 74
151 73
152 72
153 71
154 70
155 69
155 68
154 67
153 66
152 65
151 64
150 64
149 63
148 62
147 61
146 60
145 59
144 58
143 57
142 56
141 56
140 56
139 56
138 56
137 56
136 56
135 56
134 56
133 56
132 56
131 56
152 63
153 62
154 61
155 60
156 59
157 58
158 57
159 56
160 55
161 54
162 53
163 52
164 51
165 50
166 49
166 48
165 47
164 46
163 45
162 44
161 43
160 42
159 41
158 40
157 39
156 39
155 39
154 39
153 39
152 39
151 39
150 39
149 39
148 39
147 39
146 39
145 38
144 37
143 36
142 35
141 34
158 38
159 37
160 36
161 35
162 34
167 50
168 51
169 52
170 53
171 53
172 52
173 51
174 50
175 49
176 48
177 47
178 46
179 45
180 44
181 43
182 42
183 43
184 42
185 41
186 40
186 39
186 38
186 37
185 36
184 35
183 34
182 33
181 32
187 41
188 42
189 43
190 44
191 45
192 46
193 47
194 47
193 48
192 49
191 50
190 51
189 52
190 53
191 54
192 55
193 56
194 57
194 58
193 59
192 60
193 61
194 62
195 63
196 64
197 65
198 66
199 67
200 68
201 69
202 70
203 71
204 72
205 72
204 73
206 71
207 70
208 69
209 68
210 69
211 70
212 71
213 72
214 73
215 73
195 46
196 45
197 44
198 43
199 42
200 41
201 40
202 39
203 40
204 41
205 41
198 45
199 46
200 47
201 48
202 49
203 50
204 51
205 52
172 54
173 55
174 56
175 57
176 58
177 59
178 60
179 61
180 62
181 63
181 64
156 70
157 71
158 71
145 76
144 75
143 74
142 73
141 72
140 71
139 70
138 69
137 70
136 71
139 87
140 88
141 89
142 90
143 91
144 92
145 93
144 94
143 95
142 96
143 97
144 98
144 99
144 100
143 101
142 102
141 103
140 104
139 105
138 106
137 107
136 108
135 109
134 110
133 111
132 112
131 113
130 114
129 115
128 116
127 117
126 118
125 119
124 120
123 119
122 118
121 117
120 116
119 115
118 114
117 113
116 112
115 111
125 121
125 122
124 123
123 124
122 125
121 126
120 127
119 128
118 129
117 130
116 131
115 132
114 133
113 134
112 135
111 136
110 137
109 138
108 138
107 137
106 136
105 135
104 134
104 133
104 132
104 131
104 130
104 129
104 128
104 127
104 126
103 125
102 124
101 123
100 123
99 122
98 121
97 120
96 119
95 118
94 117
94 116
94 115
93 114
92 113
91 112
90 111
90 110
91 110
92 109
93 108
89 109
88 108
87 107
86 106
85 105
84 104
83 103
82 102
81 102
80 101
79 100
78 101
77 102
76 103
75 104
74 105
73 106
72 107
71 108
70 109
69 110
68 111
67 112
66 113
65 114
64 115
63 116
62 117
61 117
60 116
59 116
59 117
58 118
57 119
56 120
55 121
54 122
53 123
52 124
51 125
50 126
49 127
48 128
47 129
46 130
45 131
44 132
43 133
42 134
41 135
40 136
39 136
38 136
37 136
37 135
36 134
35 133
34 132
33 131
32 130
31 129
30 128
29 127
28 126
29 125
44 134
45 135
46 136
47 137
48 138
49 138
48 139
50 137
51 138
52 139
53 140
54 141
55 142
56 143
57 142
58 141
59 140
60 139
61 138
62 137
63 136
64 137
65 138
66 139
67 140
68 141
69 142
70 143
71 144
72 145
58 115
57 114
56 113
55 112
54 111
53 110
52 109
51 108
50 107
49 106
48 105
47 104
46 103
45 102
44 101
43 100
42 99
41 98
40 97
39 96
38 95
38 94
38 93
38 92
38 91
38 90
38 89
38 88
37 87
36 86
35 85
34 84
33 83
37 96
36 97
35 98
34 99
33 100
32 101
31 102
30 103
29 104
43 98
44 97
45 96
46 95
47 94
48 93
49 92
50 91
51 90
63 118
64 119
65 120
66 121
67 122
67 123
83 101
84 100
85 100
86 99
87 98
88 97
89 96
90 95
91 94
92 93
91 92
90 91
89 90
88 89
87 88
86 87
85 86
84 85
83 84
82 83
81 82
80 81
79 80
79 79
80 79
81 78
82 77
83 76
84 75
85 74
86 73
87 72
88 71
89 70
90 69
90 68
90 67
89 66
89 65
90 65
89 64
89 63
89 62
89 61
89 60
89 59
89 58
88 57
87 56
91 64
92 63
93 62
94 61
95 60
96 59
97 58
98 57
99 56
100 55
101 54
102 53
103 52
104 51
105 50
106 49
106 48
106 47
107 47
108 46
109 45
110 44
111 43
112 42
113 41
114 40
115 39
116 38
117 37
118 36
119 35
120 34
105 46
104 45
103 44
102 43
101 42
100 41
99 40
98 39
97 38
96 37
95 37
94 37
93 37
92 37
91 37
90 37
89 37
88 37
87 37
86 37
85 37
84 37
83 37
82 37
81 37
80 36
79 35
78 34
97 36
98 35
99 34
107 50
108 51
109 52
110 53
111 54
112 55
113 55
112 56
111 57
110 58
109 59
108 60
107 61
108 62
109 63
110 64
111 65
112 66
113 67
114 68
115 69
91 70
92 71
93 71
78 78
77 77
76 76
75 75
74 74
73 73
72 72
71 71
71 70
70 69
69 68
68 67
67 66
66 65
65 64
64 63
63 62
62 63
61 64
60 65
59 66
58 67
57 68
56 69
55 70
54 70
53 70
52 70
51 70
50 70
49 69
48 68
47 68
46 67
45 66
44 65
43 64
42 63
41 62
40 61
39 60
38 59
37 58
37 57
37 56
37 55
37 54
36 53
35 52
34 51
33 50
32 49
31 48
30 47
31 46
32 45
33 44
34 43
35 42
36 41
37 40
38 39
39 38
40 37
41 36
42 35
43 34
44 35
45 36
46 37
47 38
48 37
49 36
50 35
51 34
52 33
53 32
54 31
55 32
56 33
57 34
39 40
40 41
41 42
42 43
43 44
44 45
45 46
46 47
47 48
48 49
36 59
35 60
34 61
33 62
64 61
65 60
66 59
67 58
68 57
69 56
78 81
77 82
76 83
75 84
74 85
73 86
72 86
93 118
92 119
91 120
90 121
89 122
88 123
103 135
102 136
101 137
100 138
99 139
98 140
97 141
96 142
95 143
94 144
93 145
110 139
111 140
112 141
113 142
114 143
119 130
120 131
121 132
122 133
123 134
124 135
125 136
126 137
127 138
128 139
129 140
130 141
131 142
132 143
133 144
134 145
135 145
126 123
135 111
136 112
137 113
138 114
139 115
140 116
141 117
142 118
143 119
144 120
145 121
146 122
146 123
145 101
146 102
147 102
148 101
149 100
150 99
151 98
152 97
153 96
154 95
155 94
156 93
157 92
158 91
159 90
160 91
150 101
151 102
152 103
153 104
154 105
155 106
156 107
157 108
158 108
159 109
160 110
161 111
162 112
163 113
164 114
165 115
166 116
166 117
166 118
166 119
166 120
166 121
166 122
166 123
167 124
167 125
167 126
167 127
167 128
167 129
167 130
167 131
167 132
167 133
167 134
166 135
165 136
164 137
163 138
162 139
161 140
160 141
159 142
158 143
157 144
156 145
168 135
169 136
170 137
171 138
172 139
173 140
174 141
175 142
176 143
177 144
178 143
179 142
180 141
181 140
182 139
183 138
184 137
185 136
186 135
186 134
185 133
184 132
183 131
182 130
181 129
180 128
181 127
187 136
188 137
189 138
190 137
191 136
192 135
193 134
194 133
195 132
196 131
197 130
198 129
199 128
200 127
201 126
202 127
203 126
204 125
205 124
206 123
207 122
207 121
207 120
207 119
207 118
207 117
206 116
205 115
204 115
203 114
202 113
201 112
200 111
199 110
198 109
197 108
196 107
195 106
194 107
193 106
192 105
191 104
190 103
189 102
188 101
188 100
187 100
186 101
185 102
184 103
183 104
182 105
181 106
189 99
190 98
191 97
192 96
193 95
194 94
193 93
192 92
191 91
190 90
189 89
188 88
187 87
186 86
185 85
184 84
183 83
182 84
181 85
195 93
196 92
197 91
198 90
199 89
200 90
201 91
202 92
203 93
204 94
205 94
208 123
209 124
210 125
211 126
212 127
213 127
118 89
117 88
116 87
115 88
114 89
113 90
81
134 90
147 77
142 56
131 56
159 56
141 34
162 34
171 53
183 43
181 32
194 47
194 58
204 73
215 73
205 41
205 52
181 64
158 71
136 71
145 93
136 108
115 111
115 132
101 123
93 108
82 102
71 108
48 128
37 136
29 125
48 139
56 143
72 145
50 107
33 83
29 104
51 90
67 123
92 93
82 77
87 56
99 56
120 34
78 34
99 34
113 55
115 69
93 71
71 71
50 70
33 50
37 40
47 38
57 34
48 49
33 62
69 56
72 86
88 123
93 145
114 143
135 145
126 123
146 123
147 102
160 91
158 108
166 123
156 145
177 144
181 127
189 138
202 127
205 115
194 107
181 106
194 94
181 85
205 94
213 127
113 90
