1100
119 91
118 92
117 93
116 93
115 93
114 93
113 93
121 91
122 92
123 93
124 93
125 93
126 93
127 93
128 93
129 93
130 93
131 93
132 93
133 93
134 93
135 93
136 93
137 93
138 93
139 93
140 93
141 93
142 93
143 92
144 91
145 90
146 89
147 88
148 87
149 86
149 85
149 84
149 83
149 82
148 82
147 81
146 80
145 79
144 78
143 77
142 76
141 75
140 74
139 73
138 72
137 71
136 71
135 71
134 71
133 71
132 71
131 71
130 71
129 71
128 71
127 71
126 71
126 70
126 69
126 68
126 67
126 66
125 65
124 64
123 63
122 62
121 61
120 60
119 59
118 58
117 57
116 56
115 55
115 54
115 53
115 52
114 52
113 51
112 50
111 49
110 48
109 47
108 46
107 45
106 44
105 43
104 42
103 41
102 40
101 39
100 38
99 37
98 36
97 35
96 34
115 51
115 50
115 49
115 48
115 47
115 46
115 45
115 44
115 43
115 42
115 41
115 40
115 39
115 38
115 37
115 36
116 35
117 34
125 72
124 72
123 72
122 72
121 72
120 72
119 72
118 72
117 72
116 72
115 73
114 74
113 75
112 76
111 77
110 77
109 77
108 77
107 77
106 77
105 77
104 77
103 77
102 77
101 77
100 77
99 77
98 77
97 76
96 75
95 74
94 73
93 72
92 71
92 70
92 69
92 68
92 67
92 66
92 65
92 64
92 63
92 62
92 61
92 60
92 59
92 58
92 57
93 56
102 78
101 79
100 80
99 81
98 82
97 83
96 84
95 85
94 86
93 87
92 88
92 89
92 90
92 91
92 92
92 93
91 94
90 95
89 96
88 97
87 98
86 99
85 100
84 101
83 102
82 102
82 101
82 100
82 99
82 98
82 97
82 96
81 95
80 94
79 93
78 92
77 91
76 90
75 89
74 88
73 87
72 86
72 85
72 84
72 83
72 82
72 81
72 80
72 79
72 78
72 77
72 76
72 75
72 74
72 73
72 72
71 71
71 70
71 69
71 68
71 67
71 66
71 65
71 64
71 63
71 62
71 61
71 60
71 59
71 58
71 57
71 56
70 56
69 56
68 56
67 56
66 56
65 55
64 54
63 53
62 52
61 51
60 51
59 51
58 51
57 51
56 51
55 51
54 51
53 51
52 51
51 51
50 51
49 50
48 49
47 49
46 49
45 49
44 49
43 49
42 48
41 47
40 46
39 45
38 44
37 43
36 42
35 41
34 42
33 43
32 44
31 45
30 46
29 47
29 48
29 49
29 50
29 51
29 52
48 48
48 47
48 46
48 45
48 44
48 43
48 42
48 41
48 40
48 39
48 38
49 38
50 38
51 38
52 38
53 37
54 36
55 35
56 34
60 52
59 53
58 54
57 55
56 56
55 57
54 58
53 59
52 60
51 61
50 62
49 63
49 64
49 65
49 66
49 67
48 68
47 69
46 70
45 71
44 72
43 73
42 73
41 73
40 73
39 73
38 73
37 73
36 73
35 73
34 73
33 73
32 73
31 73
30 73
29 73
50 68
51 69
51 70
51 71
51 72
51 73
51 74
51 75
51 76
51 77
51 78
51 79
51 80
51 81
51 82
51 83
51 84
51 85
51 86
61 50
61 49
61 48
62 47
63 46
64 45
65 44
66 43
67 42
68 41
69 40
70 39
71 38
72 37
73 36
74 35
75 34
72 56
81 103
80 104
79 105
78 106
77 107
76 108
75 108
74 108
73 108
72 108
71 108
83 103
84 104
85 105
86 106
87 107
88 108
89 108
90 108
91 108
92 108
93 108
92 109
91 110
90 111
89 112
88 113
87 114
86 115
85 116
84 117
83 118
82 119
81 120
81 121
81 122
81 123
82 123
83 123
84 123
85 123
86 123
87 123
88 123
89 123
90 123
91 123
92 123
93 123
94 123
95 124
96 125
97 126
98 127
99 128
100 129
101 130
102 131
103 131
104 131
105 131
106 131
107 131
108 131
109 131
110 131
111 131
112 131
112 130
112 129
112 128
112 127
112 126
112 125
112 124
112 123
112 122
112 121
112 120
112 119
112 118
112 117
112 116
113 115
114 114
111 132
110 133
109 134
108 135
107 136
106 137
105 138
104 139
103 140
102 141
101 142
100 143
99 144
98 145
97 145
96 145
95 145
94 145
113 132
114 133
115 134
115 135
115 136
115 137
115 138
115 139
115 140
115 141
115 142
115 143
80 124
79 125
78 125
77 125
76 125
75 125
74 125
73 125
72 125
71 125
70 125
69 126
68 127
67 128
66 129
65 130
64 131
63 132
62 133
61 134
60 135
59 136
58 137
57 138
56 139
55 140
55 141
55 142
55 143
54 143
53 143
52 143
51 142
50 141
49 140
48 139
47 139
46 139
45 139
44 139
43 139
42 139
41 139
40 139
39 139
38 139
37 138
36 137
36 136
36 135
36 134
36 133
36 132
36 131
35 130
34 129
33 128
32 127
32 126
32 125
32 124
32 123
32 122
32 121
32 120
32 119
32 118
32 117
32 116
32 115
31 115
33 115
34 115
35 115
36 115
37 115
38 115
39 115
40 115
41 115
42 115
43 114
44 113
45 112
46 111
47 110
48 109
49 108
49 107
48 107
47 107
46 107
45 107
44 107
43 106
42 105
41 104
40 103
39 102
38 101
37 100
36 99
35 98
34 97
33 96
32 95
31 94
50 107
48 138
48 137
48 136
48 135
48 134
48 133
48 132
48 131
48 130
48 129
48 128
56 144
57 145
58 145
59 145
60 145
61 145
62 145
63 145
64 145
65 145
66 145
67 145
68 145
69 145
70 145
71 145
72 145
73 145
137 70
137 69
137 68
137 67
137 66
137 65
137 64
137 63
137 62
137 61
137 60
137 59
137 58
137 57
136 56
149 81
149 80
150 79
151 78
152 77
153 76
154 75
155 74
156 73
157 72
158 71
158 70
158 69
158 68
158 67
158 66
158 65
158 64
158 63
158 62
158 61
158 60
158 59
158 58
158 57
158 56
157 56
159 56
160 56
161 56
162 56
163 56
164 55
165 54
166 53
167 52
168 51
168 50
168 49
168 48
168 47
168 46
168 45
169 44
169 43
168 43
167 42
166 41
165 40
164 39
163 38
162 37
161 36
160 35
159 34
158 34
157 34
156 34
155 34
154 34
153 34
152 34
151 34
150 34
149 34
148 34
147 34
146 34
145 34
144 34
143 34
142 34
141 34
140 34
139 34
138 34
170 43
171 43
172 43
173 43
174 43
175 43
176 43
177 43
178 43
179 43
180 43
181 43
182 43
183 43
184 43
185 43
186 42
187 41
188 40
189 39
190 38
191 37
192 36
193 37
194 38
194 39
194 40
194 41
194 42
194 43
194 44
194 45
194 46
194 47
195 48
196 49
197 50
198 51
199 52
200 52
201 52
202 52
203 52
204 52
205 52
205 51
205 50
205 49
205 48
205 47
205 46
205 45
205 44
205 43
206 42
207 41
204 53
203 54
202 55
201 56
200 57
199 58
198 59
197 60
196 61
195 61
194 61
195 62
196 63
197 64
198 65
199 66
200 67
201 68
202 69
203 70
204 71
204 72
204 73
205 73
206 73
207 73
208 73
209 73
210 73
211 73
212 73
213 73
214 73
215 73
170 42
171 41
172 40
173 39
174 38
175 37
176 36
177 35
178 34
179 33
180 32
169 52
170 53
171 54
172 55
173 56
174 57
175 58
176 59
177 60
178 61
179 62
180 63
181 64
150 87
151 88
152 89
153 89
154 89
155 89
156 89
157 89
158 89
159 89
160 89
135 94
136 95
136 96
136 97
136 98
136 99
136 100
136 101
136 102
136 103
136 104
136 105
136 106
136 107
136 108
137 108
138 108
139 108
140 108
141 108
142 108
143 108
144 108
145 108
146 108
147 108
148 108
149 108
150 108
151 108
152 108
153 108
154 108
155 108
156 108
157 108
158 108
148 109
149 110
150 111
151 112
152 113
153 114
154 115
155 116
156 117
157 118
157 119
157 120
157 121
157 122
157 123
158 124
159 125
160 125
161 125
162 125
163 125
164 125
165 125
166 125
167 125
168 125
167 126
166 127
165 128
164 129
163 130
162 131
161 132
160 133
159 134
158 135
157 136
157 137
157 138
157 139
157 140
157 141
157 142
157 143
157 144
157 145
169 126
170 127
171 127
172 127
173 127
174 127
175 127
176 127
177 127
178 127
179 127
180 127
181 127
182 128
183 129
184 130
185 131
186 132
187 133
188 134
189 135
189 136
189 137
189 138
190 138
191 138
192 137
193 136
194 135
195 134
196 133
197 132
198 131
199 130
200 129
201 128
202 127
202 126
202 125
202 124
202 123
202 122
202 121
202 120
202 119
202 118
203 117
204 116
204 115
203 115
202 115
201 115
200 115
199 115
198 115
197 115
196 115
195 114
194 113
193 113
192 113
191 113
190 113
189 113
188 113
187 112
186 111
185 110
184 109
183 108
182 107
182 106
181 106
183 105
184 104
185 103
186 102
187 101
188 100
189 99
190 98
191 97
192 96
193 95
193 94
192 94
191 94
190 94
189 93
188 92
187 91
186 90
185 89
184 88
183 87
182 86
181 85
194 94
195 94
196 94
197 94
198 94
199 94
200 94
201 94
202 94
203 94
204 94
205 94
205 115
203 128
204 129
205 130
206 130
207 130
208 130
209 130
210 130
211 130
212 130
213 130
214 130
188 139
187 140
186 141
185 142
184 143
183 143
182 143
181 143
180 143
179 143
178 143
136 109
136 110
136 111
136 112
136 113
136 114
136 115
136 116
136 117
136 118
136 119
136 120
136 121
136 122
136 123
136 124
136 125
136 126
136 127
136 128
136 129
136 130
136 131
136 132
136 133
136 134
136 135
136 136
136 137
136 138
136 139
136 140
136 141
136 142
136 143
136 144
136 145
82
113 93
134 93
149 86
137 71
126 71
115 55
96 34
117 34
116 72
103 77
92 71
93 56
92 93
82 102
72 86
71 71
61 51
48 49
35 41
29 52
48 38
56 34
49 67
29 73
51 86
75 34
72 56
71 108
93 108
81 123
94 123
112 131
114 114
94 145
115 143
70 125
55 143
48 139
36 137
32 127
31 115
31 94
50 107
48 128
73 145
136 56
158 71
157 56
168 51
159 34
138 34
170 43
181 43
192 36
194 47
205 52
207 41
194 61
204 73
215 73
180 32
181 64
160 89
136 108
147 108
158 108
157 123
168 125
157 145
181 127
189 138
202 127
194 113
181 106
181 85
194 94
205 94
205 115
214 130
178 143
136 124
136 145
