1150
121 90
119 91
118 92
117 92
116 92
115 92
114 92
115 93
116 94
116 95
116 96
116 97
116 98
116 99
116 100
116 101
116 102
116 103
116 104
116 105
116 106
116 107
116 108
116 109
116 110
116 111
116 112
116 113
116 114
116 115
116 116
115 117
114 118
114 119
114 120
114 121
114 122
114 123
114 124
114 125
114 126
114 127
114 128
114 129
113 130
112 131
111 132
110 133
109 134
108 135
107 136
106 137
105 138
104 139
103 140
102 141
101 142
100 143
99 144
98 144
97 145
96 145
95 145
94 145
93 145
92 145
91 145
90 145
89 145
88 145
87 145
86 145
86 144
86 143
86 142
86 141
86 140
86 139
86 138
85 137
84 136
83 135
82 134
82 133
81 133
81 132
81 131
81 130
81 129
81 128
81 127
81 126
81 125
81 124
81 123
80 122
79 121
78 120
78 119
78 118
78 117
78 116
78 115
77 114
76 113
75 112
74 111
73 110
72 109
72 108
71 108
73 108
74 108
75 108
76 107
77 106
78 105
79 104
80 103
81 102
82 101
83 101
84 101
85 101
86 101
87 100
88 99
89 98
90 97
91 96
92 95
93 94
94 93
83 102
84 103
85 104
86 105
87 106
88 107
89 108
90 108
91 108
92 108
93 108
82 100
82 99
82 98
82 97
82 96
82 95
82 94
82 93
82 92
82 91
81 90
80 89
80 88
79 88
79 87
79 86
79 85
79 84
79 83
79 82
79 81
79 80
79 79
79 78
79 77
79 76
79 75
79 74
79 73
79 72
79 71
78 70
77 69
77 68
77 67
77 66
77 65
77 64
77 63
77 62
76 61
75 60
74 59
73 58
72 57
72 56
71 56
73 56
74 56
75 56
76 56
77 56
78 56
79 56
80 55
81 54
82 53
82 52
82 51
82 50
82 49
82 48
82 47
82 46
82 45
82 44
82 43
82 42
82 41
83 40
84 39
85 38
86 37
87 36
88 35
88 34
87 34
86 34
85 34
84 34
83 34
82 34
81 34
80 34
79 34
78 34
77 34
76 34
75 34
74 34
73 34
72 34
71 34
70 34
69 34
68 34
67 34
66 34
65 34
64 33
63 32
62 31
61 30
60 29
59 28
58 27
57 26
56 25
55 24
66 35
65 36
64 37
63 37
62 37
61 37
60 37
59 37
58 37
57 37
56 37
55 37
54 38
53 38
52 38
51 38
50 38
49 38
48 38
47 38
46 38
45 38
44 38
43 39
42 40
41 40
40 40
39 40
38 40
37 40
36 41
35 42
34 42
33 42
32 43
31 44
30 45
29 46
28 47
28 48
28 49
28 50
28 51
28 52
28 53
28 54
28 55
28 56
28 57
45 39
46 40
47 41
48 42
48 43
48 44
48 45
48 46
48 47
48 48
48 49
89 34
90 34
91 34
92 34
93 34
94 34
95 34
96 34
97 34
98 34
99 34
100 34
101 34
102 34
103 34
104 34
105 34
106 34
107 34
108 34
109 34
110 34
111 34
112 34
113 34
114 34
115 34
116 34
117 34
118 34
119 34
120 34
121 34
122 34
123 34
124 34
125 34
126 34
127 34
128 34
129 34
130 34
131 34
132 34
133 34
134 34
135 34
136 34
137 34
138 34
139 34
140 34
101 35
102 36
103 37
104 38
105 39
106 40
107 41
108 42
109 43
110 44
111 45
112 46
113 47
113 48
113 49
113 50
113 51
83 54
84 55
85 56
86 56
87 56
88 56
89 56
90 56
91 56
92 56
93 56
76 70
75 71
74 72
73 73
72 73
71 73
70 73
69 73
68 73
67 73
66 73
65 73
64 73
63 73
62 73
61 73
60 73
59 73
58 73
57 73
56 73
55 73
54 73
53 73
52 73
51 72
50 71
49 70
48 69
47 70
46 71
45 72
44 73
43 74
42 75
41 76
40 77
39 78
38 78
37 78
36 78
35 78
34 78
33 78
32 78
31 78
30 78
29 78
30 79
31 80
31 81
31 82
31 83
31 84
31 85
31 86
31 87
31 88
31 89
31 90
32 91
32 92
32 93
32 94
32 95
32 96
32 97
32 98
32 99
32 100
32 101
32 102
32 103
32 104
78 89
77 90
76 90
75 90
74 90
73 90
72 90
71 90
70 90
69 90
68 90
67 90
66 90
65 90
64 90
63 90
62 90
61 90
60 90
59 90
58 90
57 90
56 90
55 90
54 90
53 90
52 90
51 90
81 88
82 88
83 87
84 86
85 85
86 84
87 83
88 82
89 81
90 80
91 79
92 78
93 77
77 121
76 122
75 123
74 124
73 125
72 125
71 125
70 125
69 125
68 125
67 125
66 124
65 123
64 122
63 121
62 120
61 119
60 118
59 117
58 116
57 115
56 114
55 113
54 112
53 111
52 110
51 109
66 126
65 127
64 128
63 129
62 130
61 131
60 132
59 133
58 134
57 135
56 136
55 137
54 137
54 136
54 135
54 134
53 133
52 132
51 131
50 130
49 129
48 128
47 129
46 130
45 131
44 132
43 133
42 134
42 135
42 136
42 137
42 138
42 139
41 139
40 139
39 139
38 138
37 137
36 136
36 135
36 134
36 133
36 132
36 131
35 130
34 129
33 128
32 127
31 126
30 125
54 138
54 139
55 140
56 141
57 142
58 143
59 143
60 143
61 143
62 143
63 143
64 143
65 143
83 133
84 132
85 131
86 130
87 129
88 128
89 127
90 126
91 125
92 124
93 123
115 130
115 131
115 132
115 133
115 134
115 135
115 136
115 137
115 138
115 139
115 140
115 141
115 142
115 143
116 144
117 145
118 145
119 145
120 145
121 145
122 145
123 145
124 145
125 145
126 145
127 145
128 145
129 145
130 145
131 145
132 145
133 145
134 145
135 145
136 145
137 145
138 144
139 143
122 90
123 90
124 90
125 90
126 90
127 89
128 88
129 87
129 86
129 85
129 84
128 84
127 83
126 82
125 81
124 80
123 79
122 78
121 77
120 76
119 75
118 74
117 73
116 72
115 71
129 83
130 82
131 81
132 80
133 79
134 78
135 77
136 76
137 77
138 78
139 79
140 80
141 81
142 82
142 83
142 84
142 85
143 85
142 86
142 87
144 84
145 83
146 82
147 81
148 81
149 81
150 81
151 81
152 81
153 80
154 79
155 78
156 77
157 76
158 75
158 74
158 73
158 72
158 71
159 71
158 70
157 69
156 68
155 67
154 66
153 65
152 64
152 63
152 62
152 61
152 60
152 59
152 58
153 58
154 57
155 56
156 55
157 54
158 53
158 52
158 51
158 50
158 49
158 48
158 47
158 46
158 45
158 44
158 43
158 42
158 41
158 40
158 39
158 38
158 37
159 36
160 35
161 34
151 57
150 56
149 55
148 54
147 53
146 54
145 55
144 56
143 56
142 56
141 56
140 56
139 56
138 56
137 56
136 56
160 70
161 69
162 68
163 67
164 66
165 65
166 64
167 64
168 64
169 64
170 64
171 63
172 62
173 61
174 60
175 59
176 58
177 57
178 56
179 55
180 54
181 53
182 53
183 53
184 53
185 53
186 52
187 51
188 50
189 49
190 48
191 47
192 46
193 45
193 44
192 44
191 44
190 44
189 43
188 42
187 41
186 40
185 39
184 38
183 37
182 36
182 35
182 34
182 33
182 32
182 31
182 30
182 29
182 28
182 27
182 26
181 25
194 44
195 45
196 46
197 47
198 48
199 49
200 50
201 51
202 51
203 51
204 51
205 51
204 52
204 53
204 54
204 55
204 56
204 57
204 58
204 59
204 60
204 61
204 62
204 63
204 64
204 65
205 66
206 67
207 68
208 69
209 70
210 71
211 71
212 71
213 71
214 71
215 71
214 72
213 73
212 74
211 75
210 76
209 77
208 78
207 79
206 79
205 79
204 79
203 80
202 81
201 82
200 83
199 84
198 85
197 86
196 87
195 88
194 89
194 90
193 90
192 90
191 90
190 89
189 88
188 87
187 86
186 85
185 84
184 83
183 82
182 81
181 81
181 80
181 79
181 78
181 77
181 76
181 75
181 74
181 73
181 72
181 71
181 70
181 69
181 68
181 82
181 83
181 84
181 85
181 86
181 87
181 88
181 89
181 90
181 91
205 80
205 81
205 82
205 83
205 84
205 85
205 86
205 87
205 88
205 89
205 90
204 91
204 92
204 93
204 94
204 95
204 96
204 97
204 98
204 99
204 100
204 101
205 102
206 103
207 104
208 105
209 106
210 107
211 108
212 108
213 108
214 108
215 108
214 109
213 110
212 111
211 112
210 113
209 114
208 115
207 116
206 117
205 118
204 119
204 120
204 121
203 122
202 123
202 124
202 125
202 126
202 127
202 128
202 129
202 130
202 131
202 132
201 133
200 134
199 135
198 136
197 137
196 138
195 138
194 138
193 138
192 138
191 138
190 138
190 137
190 136
189 135
188 134
187 133
186 132
185 131
184 130
183 129
182 128
181 127
180 127
179 127
178 127
177 127
176 127
175 127
174 127
173 127
172 127
171 127
170 127
169 127
168 127
167 127
166 127
165 127
164 127
163 127
162 127
161 127
160 127
159 126
158 125
157 124
156 123
156 122
156 121
156 120
156 119
156 118
156 117
156 116
156 115
156 114
156 113
156 112
156 111
156 110
157 109
157 108
156 108
155 108
154 108
153 108
152 108
151 108
150 108
149 108
148 108
147 107
146 108
145 108
144 108
143 108
142 108
141 108
140 108
139 108
138 108
137 108
136 108
136 109
136 110
136 111
136 112
136 113
136 114
136 115
136 116
136 117
136 118
136 119
136 120
136 121
136 122
136 123
136 124
158 108
166 128
165 129
164 130
163 131
162 132
161 133
160 134
160 135
160 136
160 137
160 138
160 139
160 140
160 141
160 142
160 143
160 144
160 145
181 126
181 125
181 124
181 123
181 122
181 121
181 120
181 119
181 118
181 117
181 116
181 115
181 114
181 113
181 112
181 111
181 110
181 109
181 108
181 107
181 106
181 105
189 139
188 140
187 141
186 142
185 143
184 143
183 143
182 143
181 143
180 143
179 143
205 122
206 123
207 124
208 125
209 125
210 125
211 125
212 125
213 125
214 125
215 125
159 76
160 77
161 78
162 79
163 80
163 81
163 82
163 83
163 84
163 85
163 86
163 87
96
114 92
116 104
116 116
114 129
98 144
86 145
81 133
78 120
71 108
82 101
94 93
93 108
79 88
79 81
77 69
71 56
82 53
78 34
67 34
55 24
55 37
44 38
37 40
33 42
28 57
48 49
89 34
100 34
112 34
125 34
140 34
113 51
93 56
66 73
48 69
29 78
31 90
32 104
63 90
51 90
93 77
67 125
51 109
48 128
42 139
36 136
30 125
54 139
65 143
93 123
115 143
127 145
139 143
129 87
115 71
136 76
142 87
147 81
158 75
152 64
158 53
161 34
147 53
136 56
166 64
181 53
182 36
181 25
194 44
205 51
204 65
215 71
204 79
194 90
181 80
181 68
181 91
205 90
204 101
215 108
204 121
202 132
190 138
181 127
167 127
156 123
147 107
136 108
136 124
158 108
160 145
181 116
181 105
179 143
215 125
163 87
