3241
119 90
118 90
117 90
116 90
115 90
114 90
113 90
112 90
111 90
110 90
109 90
108 90
107 90
106 90
105 90
104 90
103 90
102 90
101 90
100 90
99 90
98 90
97 90
96 90
95 90
94 90
93 90
92 90
91 90
90 90
89 90
88 90
87 90
86 90
85 90
84 90
83 90
82 90
81 90
80 90
79 90
78 90
77 90
76 90
75 90
74 90
73 90
72 90
71 90
70 90
69 90
68 90
67 90
66 90
65 90
64 90
63 90
62 90
61 90
60 90
59 90
58 90
57 90
56 90
55 90
54 90
53 90
52 90
51 90
50 90
49 90
48 90
47 90
46 90
45 90
44 90
43 90
42 90
41 90
40 90
39 90
38 90
37 90
36 89
35 88
34 87
33 86
32 85
31 84
48 89
47 88
46 87
45 86
44 85
43 84
42 83
41 82
40 81
39 80
38 79
37 78
36 77
35 76
34 75
33 74
32 73
31 72
51 89
66 89
66 88
66 87
66 86
66 85
66 84
67 83
68 82
69 81
70 80
71 79
72 78
73 77
74 76
75 75
76 75
76 74
75 74
74 73
73 72
72 71
71 70
70 69
70 68
69 68
68 68
67 68
66 68
65 68
64 68
63 68
62 68
61 68
60 68
59 68
58 68
57 68
56 68
55 68
54 68
53 68
52 68
51 68
50 68
49 68
67 67
68 67
68 66
67 66
66 66
65 66
64 66
63 66
62 66
61 66
60 66
59 66
58 66
57 66
56 66
55 66
54 66
53 66
52 66
51 66
50 66
49 66
48 66
47 66
46 66
45 66
44 65
43 64
42 63
41 62
40 61
39 60
38 59
37 58
36 57
35 56
34 55
33 54
32 53
31 52
30 51
66 65
65 64
64 63
63 62
62 61
61 60
60 59
59 58
58 57
57 56
56 55
56 54
55 54
54 53
53 52
52 51
51 50
50 49
49 48
48 47
47 47
46 47
45 47
44 47
43 47
42 47
41 47
40 46
39 45
38 44
37 43
36 42
35 41
48 46
48 45
48 44
48 43
48 42
48 41
48 40
48 39
48 38
48 37
47 37
46 36
48 36
49 35
57 54
58 54
59 54
60 54
61 54
62 54
63 54
64 54
65 54
66 54
67 54
68 54
69 66
70 66
71 66
72 66
73 66
74 66
75 66
76 66
77 66
78 66
79 66
80 66
81 66
82 66
83 66
84 66
84 65
84 64
84 63
84 62
84 61
83 60
82 59
81 58
80 57
79 56
78 55
77 54
76 53
75 52
74 51
73 50
72 49
71 48
70 47
69 46
68 45
67 44
66 43
65 42
64 41
63 40
62 39
61 38
60 37
59 36
58 35
57 34
56 33
55 32
84 67
83 67
83 68
82 68
81 68
80 68
79 68
78 68
77 68
76 68
75 68
74 68
73 68
72 68
71 68
81 69
80 70
79 71
78 72
77 73
83 69
83 70
83 71
83 72
83 73
83 74
83 75
83 76
83 77
83 78
83 79
82 79
81 79
80 79
79 78
78 77
77 76
81 80
81 81
82 81
83 81
83 80
83 82
83 83
84 83
83 84
83 85
83 86
83 87
83 88
83 89
85 84
86 85
87 86
88 87
89 87
89 86
89 85
89 84
89 83
89 82
89 81
89 80
89 79
89 78
89 77
89 76
89 75
89 74
89 73
90 73
91 73
91 74
92 74
93 74
94 74
95 74
96 74
97 74
98 74
99 74
93 75
92 75
93 76
94 76
94 77
95 77
95 78
96 78
96 79
97 79
97 80
98 80
98 81
99 81
99 82
100 82
100 83
101 83
101 84
102 84
102 85
103 85
103 86
104 86
104 87
105 87
105 88
106 88
106 89
107 89
90 72
89 72
89 71
88 71
88 70
87 70
87 69
86 69
86 68
85 68
85 67
89 88
89 89
90 89
91 89
92 89
93 89
94 89
95 89
96 89
97 89
81 82
81 83
81 84
81 85
81 86
81 87
81 88
81 89
82 65
81 64
80 63
79 62
78 61
77 60
76 59
75 58
74 57
73 56
72 55
71 54
70 53
69 52
68 51
67 50
66 49
65 48
64 47
63 46
62 45
61 44
60 43
59 42
58 41
57 40
56 39
55 38
54 37
53 36
52 35
51 34
50 33
67 69
67 70
67 71
67 72
67 73
67 74
83 91
83 92
83 93
83 94
83 95
83 96
82 96
81 96
80 96
79 96
78 96
77 96
76 96
75 96
74 96
73 96
72 96
71 96
70 96
69 96
68 96
67 96
66 96
65 96
64 96
63 96
62 96
61 96
60 96
59 96
58 96
57 96
56 96
55 96
54 96
53 96
52 96
51 96
50 96
49 96
48 96
47 96
46 96
45 96
44 96
43 96
42 96
41 96
40 96
39 96
38 96
37 96
36 96
35 96
34 96
33 96
32 96
31 96
83 97
83 98
83 99
83 100
83 101
84 96
85 96
86 96
87 96
88 96
89 96
90 96
91 96
92 96
93 96
94 96
95 96
96 96
97 96
98 96
99 96
100 96
101 96
102 96
103 96
104 96
105 96
106 96
107 96
108 96
109 96
110 96
111 96
112 96
113 96
114 96
114 97
113 97
112 98
111 99
110 100
109 101
108 102
107 103
106 104
105 104
105 105
104 105
103 105
102 105
101 105
100 105
99 105
98 105
97 105
96 105
95 105
94 105
93 105
92 105
91 105
90 105
89 105
88 105
87 105
86 105
85 105
84 105
83 105
82 105
81 105
80 105
79 105
78 105
77 105
76 105
75 105
74 105
73 105
72 105
71 105
70 105
89 104
89 103
89 102
89 101
89 100
89 99
89 98
89 97
89 106
89 107
89 108
89 109
88 109
87 109
86 109
85 109
84 109
83 109
82 109
81 109
80 109
79 109
78 109
77 109
76 109
75 109
74 109
73 109
72 109
71 109
70 109
69 109
68 109
67 109
66 109
65 109
64 109
63 109
62 109
61 109
60 109
59 109
58 109
57 109
56 109
55 109
54 109
53 109
52 109
51 109
50 109
49 109
89 110
89 111
89 112
89 113
89 114
89 115
90 115
91 115
92 115
93 115
94 115
95 115
96 115
97 115
97 114
96 114
97 113
98 112
99 111
100 110
101 110
101 109
100 109
99 109
98 109
97 109
96 109
95 109
94 109
93 109
92 109
91 109
90 109
101 108
102 108
101 107
101 106
103 107
104 106
101 111
101 112
101 113
101 114
101 115
97 116
96 116
96 117
97 117
97 118
96 118
95 118
94 118
93 118
92 118
92 117
91 117
90 117
89 117
88 117
87 117
86 117
85 117
84 117
83 117
82 117
81 117
80 117
79 117
78 117
77 117
76 117
75 117
74 117
73 117
72 117
71 117
70 117
69 117
68 117
67 117
66 117
65 117
64 117
63 117
62 117
61 117
60 117
59 117
58 117
57 117
56 117
55 117
54 117
53 117
52 117
51 117
50 117
49 117
48 117
47 117
46 117
45 117
44 117
43 117
42 117
41 117
40 117
39 117
38 117
37 117
36 117
35 117
34 117
33 117
32 117
31 117
30 117
90 116
93 117
94 116
91 119
90 120
89 121
88 122
87 123
86 123
85 123
84 123
83 123
82 123
81 123
80 123
79 123
78 123
77 123
76 123
75 123
74 123
73 123
72 123
71 123
70 123
86 124
85 125
84 126
83 127
83 128
82 128
81 129
80 130
79 130
78 130
77 130
76 130
75 130
74 130
73 130
72 130
71 130
70 130
69 130
68 130
67 130
66 130
65 130
64 130
63 130
62 130
61 130
60 130
59 130
58 130
57 130
56 130
55 130
54 130
53 130
52 130
51 130
50 130
49 130
48 130
79 131
80 131
80 132
80 133
80 134
80 135
80 136
80 137
80 138
80 139
80 140
80 141
80 142
80 143
80 144
78 132
77 132
76 132
75 132
74 132
73 132
72 132
71 132
70 132
69 132
68 132
67 132
66 132
65 132
64 132
63 132
62 132
61 132
60 132
59 132
58 132
57 132
56 132
55 132
54 132
53 132
52 132
51 132
50 132
49 132
48 132
47 132
46 132
45 132
44 132
43 132
42 132
41 132
40 132
39 132
38 132
37 132
36 132
35 132
34 132
33 132
32 132
31 132
77 133
76 134
75 135
74 136
73 137
72 137
71 137
70 137
69 137
68 137
67 137
66 137
65 137
64 137
63 137
62 137
61 137
60 137
59 137
58 137
57 137
56 137
55 137
54 137
53 137
52 137
51 137
50 137
49 137
48 137
47 137
46 137
45 137
44 137
43 137
42 137
41 137
40 137
39 137
38 137
37 137
36 137
72 138
71 139
70 140
69 141
68 141
67 141
66 141
65 141
64 141
63 141
62 141
61 141
60 141
59 141
58 141
57 141
56 141
55 141
54 141
53 141
52 141
51 141
50 141
49 141
48 141
47 141
49 142
50 142
51 142
52 142
53 142
54 142
55 142
56 142
57 142
58 142
59 142
60 142
61 142
62 142
63 142
64 142
65 142
66 142
67 142
68 142
67 143
66 144
65 144
64 144
63 144
62 144
61 144
60 144
59 144
58 144
57 144
56 144
55 144
54 144
53 144
52 144
51 144
50 144
51 145
52 145
53 145
54 145
55 145
56 145
57 145
58 145
59 145
60 145
61 145
62 145
63 145
64 145
65 145
83 129
93 119
94 120
95 121
96 121
97 121
97 120
96 120
96 119
97 119
98 118
99 118
100 118
101 118
102 118
103 118
104 118
105 118
106 118
107 118
108 118
109 118
110 118
111 118
112 118
113 118
114 118
115 118
116 118
117 118
118 118
119 118
120 118
121 118
122 118
123 118
124 118
125 118
126 118
127 118
128 118
129 118
130 118
131 118
132 118
133 118
134 118
135 118
136 118
137 118
138 118
139 118
140 118
141 118
142 118
143 118
144 118
145 118
146 118
147 118
148 118
147 117
146 116
145 115
144 114
143 113
142 112
142 111
141 111
141 110
140 110
140 109
139 109
138 108
137 107
136 106
135 105
135 104
134 104
134 103
133 103
132 102
131 101
130 100
129 99
129 98
128 98
127 97
126 96
125 95
125 94
124 94
123 93
122 92
121 91
121 90
120 89
121 89
122 89
122 88
123 88
123 87
124 87
124 86
125 86
125 85
126 85
126 84
127 84
127 83
128 83
128 82
129 82
129 81
130 81
130 80
131 80
131 79
132 79
132 78
133 78
133 77
134 77
134 76
135 76
135 75
136 75
136 74
137 74
137 73
138 73
138 72
139 72
139 71
140 71
140 70
141 70
141 69
142 69
142 68
143 68
144 67
145 66
146 65
147 64
148 63
149 62
150 61
151 60
152 59
153 58
154 57
155 56
156 55
157 54
158 53
159 52
160 51
161 50
162 49
163 48
164 47
165 46
166 45
167 44
168 43
169 42
122 90
123 90
124 90
125 90
126 90
127 90
128 90
129 90
130 90
131 90
132 90
133 90
134 90
135 90
136 90
137 90
138 90
139 90
140 90
141 90
142 90
143 90
144 90
145 90
146 90
147 90
148 90
149 90
150 90
151 90
152 90
153 90
154 90
155 90
156 90
157 90
158 90
159 90
160 90
161 90
162 90
163 90
164 90
165 90
166 90
167 90
168 90
169 90
170 90
171 90
172 90
173 90
174 90
175 90
176 90
177 90
178 90
179 90
180 90
181 90
182 90
183 90
184 90
185 90
186 90
187 90
188 90
189 90
190 90
191 90
192 90
193 90
194 90
195 89
196 88
197 87
198 86
199 85
200 84
201 83
202 82
203 81
204 80
205 79
191 89
192 88
193 87
194 86
195 85
196 84
197 83
198 82
199 81
200 80
201 79
202 78
203 77
204 76
205 75
206 74
207 73
208 72
209 71
210 70
211 69
212 68
213 67
185 89
186 88
187 87
188 86
189 85
190 84
191 83
192 82
193 81
194 80
179 89
180 88
181 87
182 86
183 85
184 84
185 83
186 82
187 81
188 80
189 79
190 78
191 77
192 76
193 75
194 74
195 73
196 72
197 71
198 70
199 69
200 68
201 67
172 89
171 88
170 89
172 87
173 86
174 85
175 84
176 83
177 82
178 81
179 80
180 79
181 78
182 77
183 76
184 75
185 74
186 73
187 72
188 71
189 70
190 69
191 68
192 67
193 66
194 65
195 64
196 63
197 62
198 61
199 60
200 59
201 58
202 57
203 56
204 55
205 54
181 80
180 81
179 82
178 83
177 84
176 85
175 86
174 87
173 88
164 89
165 88
166 87
167 86
168 85
169 84
170 83
171 82
172 81
173 80
174 79
175 78
176 77
177 76
178 75
179 74
180 73
181 72
182 71
183 70
184 69
185 68
186 67
187 66
188 65
189 64
190 63
191 62
192 61
193 60
194 59
195 58
196 57
197 56
198 55
199 54
200 53
201 52
202 51
203 50
204 49
205 48
206 47
207 46
208 45
209 44
210 43
211 42
159 89
160 88
161 87
162 86
163 85
164 84
165 83
166 82
167 81
168 80
169 79
170 78
171 77
172 76
173 75
174 74
175 73
176 72
177 71
178 70
179 69
180 68
181 67
182 66
183 65
184 64
185 63
186 62
187 61
188 60
189 59
190 58
191 57
192 56
193 55
194 54
195 53
196 52
197 51
198 50
199 49
200 48
201 47
202 46
203 45
204 44
205 43
206 42
207 41
155 89
156 88
157 87
158 86
159 85
160 84
161 83
162 82
163 81
164 80
165 79
166 78
167 77
168 76
169 75
170 74
171 73
172 72
173 71
174 70
175 69
176 68
177 67
178 66
179 65
180 64
181 63
148 89
147 88
146 89
148 87
149 86
150 85
151 84
152 83
153 82
154 81
155 80
156 79
157 78
158 77
159 76
160 75
161 74
162 75
161 76
160 77
159 78
158 79
157 80
156 81
155 82
154 83
153 84
152 85
151 86
150 87
149 88
163 74
164 73
165 72
166 71
167 70
168 69
169 68
170 67
171 66
172 65
173 64
174 63
175 62
176 61
177 60
178 59
179 58
180 57
181 56
182 55
183 54
184 53
185 52
186 51
187 50
188 49
189 48
190 47
191 46
192 45
193 44
194 43
195 42
196 41
141 89
140 88
139 89
141 87
142 86
143 85
144 84
145 83
146 82
147 81
148 80
149 79
150 78
151 77
152 76
153 75
154 74
155 73
156 72
157 71
158 70
159 69
160 68
161 67
162 66
163 65
164 64
165 63
166 62
167 61
168 60
169 59
170 58
171 57
172 56
173 55
174 54
175 53
176 52
177 51
178 50
179 49
180 48
181 47
182 46
183 45
184 44
185 43
186 42
187 41
188 40
189 39
190 38
191 37
192 36
193 37
192 38
191 39
190 40
189 41
188 42
187 43
186 44
185 45
184 46
183 47
182 48
181 49
180 50
179 51
178 52
177 53
176 54
175 55
174 56
173 57
172 58
171 59
170 60
169 61
168 62
167 63
166 64
165 65
164 66
163 67
162 68
161 69
160 70
159 71
158 72
157 73
156 74
155 75
154 76
153 77
152 78
151 79
150 80
149 81
148 82
147 83
146 84
145 85
144 86
143 87
142 88
136 89
135 88
134 89
136 87
137 86
138 85
139 84
140 83
141 82
142 81
143 80
144 79
145 78
146 77
147 76
148 75
149 74
150 73
151 72
152 71
153 70
154 69
155 68
156 67
157 66
158 65
159 64
160 63
161 62
162 61
163 60
164 59
165 58
166 57
167 56
168 55
169 54
170 53
171 52
172 51
173 50
174 49
175 48
176 47
177 46
178 45
179 44
180 43
181 42
145 80
144 81
143 82
142 83
141 84
140 85
139 86
138 87
137 88
128 89
127 88
126 88
126 89
125 89
127 87
128 87
128 86
129 86
129 85
130 85
130 84
131 84
131 83
132 83
132 82
133 82
133 81
134 81
134 80
135 80
135 79
136 79
136 78
137 78
137 77
138 77
138 76
139 76
139 75
140 75
140 74
141 74
141 73
142 73
142 72
143 72
143 71
144 71
144 70
145 70
145 69
146 69
146 68
147 68
147 67
148 67
148 66
149 66
149 65
150 65
150 64
151 64
151 63
152 63
152 62
153 62
153 61
154 61
154 60
155 60
155 59
156 59
156 58
157 58
157 57
158 57
158 56
159 56
159 55
160 55
161 54
162 53
163 52
164 51
165 50
166 49
167 48
168 47
169 46
170 45
171 44
172 43
173 42
174 41
175 40
176 39
177 38
178 37
179 36
180 35
181 34
182 33
183 32
184 31
185 30
186 31
185 32
184 33
183 34
182 35
181 36
180 37
179 38
178 39
177 40
176 41
175 42
174 43
173 44
172 45
171 46
170 47
169 48
168 49
167 50
166 51
165 52
164 53
163 54
162 55
161 56
160 57
159 58
158 59
157 60
156 61
155 62
154 63
153 64
152 65
151 66
150 67
149 68
148 69
147 70
146 71
145 72
144 73
143 74
142 75
141 76
140 77
139 78
138 79
137 80
136 81
135 82
134 83
133 84
132 85
131 86
130 87
129 88
120 88
120 87
119 87
118 86
117 85
116 84
115 83
114 82
113 81
112 80
111 79
110 78
109 77
108 76
107 75
106 74
105 73
104 72
103 71
102 70
101 69
100 68
99 67
98 66
97 65
96 64
95 63
94 62
93 61
92 60
91 59
90 58
89 57
88 56
87 55
86 54
85 53
84 52
83 51
120 86
120 85
120 84
120 83
119 83
118 82
117 81
116 80
115 79
114 78
113 77
112 76
111 75
110 74
109 73
108 72
107 71
106 70
105 69
104 68
103 67
102 66
101 65
100 64
99 63
98 62
97 61
96 60
95 59
94 58
93 57
92 56
91 55
90 54
89 53
88 52
87 51
86 50
85 49
84 48
83 47
82 46
81 45
80 44
79 43
78 42
77 41
76 40
75 39
74 38
73 37
72 36
71 35
70 34
114 76
115 77
116 78
117 79
118 80
119 81
120 81
120 80
120 79
120 78
121 78
120 77
120 76
120 75
120 74
119 74
118 73
117 72
116 71
115 70
114 69
113 68
112 67
111 66
110 65
109 64
108 63
107 62
106 61
105 60
104 59
103 58
102 57
101 56
100 55
99 54
98 53
97 52
120 73
120 72
120 71
120 70
121 70
120 69
120 68
119 68
118 67
117 66
116 65
115 64
114 63
120 67
120 66
121 66
120 65
120 64
119 64
118 63
117 62
116 61
115 60
114 59
113 58
112 57
111 56
110 55
109 54
108 53
107 52
106 51
105 50
104 49
103 48
102 47
101 46
100 45
99 44
98 43
97 42
96 41
95 40
94 39
93 38
92 37
91 36
90 35
89 34
120 63
120 62
120 61
120 60
120 59
120 58
121 58
120 57
120 56
120 55
120 54
120 53
120 52
119 52
118 51
117 50
116 49
115 48
120 51
120 50
120 49
120 48
120 47
120 46
121 46
120 45
120 44
119 44
118 43
117 42
116 41
115 40
114 39
113 38
112 37
111 36
110 35
109 34
120 43
120 42
120 41
120 40
120 39
120 38
120 37
120 36
120 35
120 34
120 33
120 32
120 31
121 30
122 45
123 44
124 43
125 42
126 41
127 40
128 39
129 38
130 37
131 36
132 35
133 34
122 57
123 56
124 55
125 54
126 53
127 52
128 51
129 50
130 49
131 48
132 47
133 46
134 45
135 44
136 43
137 42
138 41
139 40
140 39
141 38
142 37
143 36
144 35
145 34
122 65
123 64
124 63
125 62
126 61
127 60
128 59
129 58
130 57
131 56
132 55
133 54
134 53
135 52
122 69
123 68
124 67
125 66
126 65
127 64
128 63
129 62
130 61
131 60
132 59
133 58
134 57
135 56
136 55
137 54
138 53
139 52
140 51
141 50
142 49
143 48
144 47
145 46
146 45
147 44
148 43
149 42
150 41
151 40
152 39
153 38
154 37
155 36
156 35
157 34
122 77
123 76
124 75
125 74
126 73
127 72
128 71
129 70
130 69
131 68
132 67
133 66
134 65
135 64
136 63
137 62
138 61
139 60
140 59
141 58
142 57
143 56
144 55
145 54
146 53
147 52
120 82
121 82
122 81
123 80
124 79
125 78
126 77
127 76
128 75
129 74
130 73
131 72
132 71
133 70
134 69
135 68
136 67
137 66
138 65
139 64
140 63
141 62
142 61
143 60
144 59
145 58
146 57
147 56
148 55
149 54
150 53
151 52
152 51
153 50
154 49
155 48
156 47
157 46
158 45
159 44
160 43
161 42
162 41
163 40
164 39
165 38
166 37
167 36
168 35
169 34
170 33
171 32
172 31
173 30
174 29
175 28
119 91
118 92
117 93
116 94
115 95
126 94
127 94
128 94
129 94
130 94
131 94
132 94
133 94
134 94
135 94
136 94
137 94
138 94
139 94
140 94
141 94
142 94
143 94
144 94
145 94
146 94
147 94
148 94
149 94
150 94
151 94
152 94
153 94
154 94
155 94
156 94
157 94
158 94
159 94
160 94
161 94
162 94
163 94
164 94
165 94
166 94
167 94
168 94
169 94
170 94
171 94
172 94
173 94
174 94
175 94
176 94
177 94
178 94
179 94
180 94
181 94
182 94
183 94
184 94
185 94
186 94
187 94
188 94
189 94
190 94
191 94
192 94
193 94
194 94
195 94
196 94
197 94
198 94
199 94
200 94
201 94
202 94
203 94
204 94
205 94
206 94
207 94
208 94
209 94
210 94
211 94
212 94
213 94
214 94
215 94
130 98
131 98
132 98
133 98
134 98
135 98
136 98
137 98
138 98
139 98
140 98
141 98
142 98
143 98
144 98
145 98
146 98
147 98
148 98
149 98
150 98
151 98
152 98
153 98
154 98
155 98
156 98
157 98
158 98
159 98
160 98
161 98
162 98
163 98
164 98
165 98
166 98
167 98
168 98
169 98
170 98
171 98
172 98
173 98
174 98
175 98
176 98
177 98
178 98
179 98
180 98
181 98
135 103
136 103
137 103
138 103
139 103
140 103
141 103
142 103
143 103
144 103
145 103
146 103
147 103
148 103
149 103
150 103
151 103
152 103
153 103
154 103
155 103
156 103
157 103
158 103
159 103
160 103
140 104
139 104
138 104
137 104
136 104
141 109
142 109
143 109
144 109
145 109
146 109
147 109
148 109
149 109
150 109
151 109
152 109
153 109
154 109
155 109
156 109
157 109
158 109
159 109
160 109
161 109
162 109
163 109
164 109
165 109
166 109
167 109
168 109
169 109
170 109
171 109
172 109
173 109
174 109
175 109
176 109
177 109
178 109
179 109
180 109
181 109
182 109
183 109
184 109
185 109
186 109
187 109
188 109
189 109
190 109
191 109
192 109
193 109
194 109
195 109
196 109
197 109
198 109
199 109
200 109
201 109
202 109
203 109
204 109
205 109
181 110
180 110
179 110
178 110
177 110
176 110
175 110
174 110
173 110
172 110
171 110
170 110
169 110
168 110
167 110
166 110
165 110
164 110
163 110
162 110
161 110
160 110
159 110
158 110
157 110
156 110
155 110
154 110
153 110
152 110
151 110
150 110
149 110
148 110
147 110
146 110
145 110
144 110
143 110
142 110
143 111
144 111
145 111
146 111
147 111
148 111
149 111
150 111
151 111
152 111
153 111
154 111
155 111
156 111
157 111
158 111
159 111
160 111
161 111
162 111
163 111
164 111
165 111
166 111
167 111
168 111
169 111
170 111
171 111
172 111
173 111
174 111
175 111
176 111
177 111
178 111
179 111
180 111
181 111
182 111
183 111
184 111
185 111
186 111
187 111
188 111
189 111
190 111
191 111
192 111
193 111
194 111
149 119
150 119
151 119
152 119
153 119
154 119
155 119
156 119
157 119
158 119
150 120
151 121
152 122
153 123
154 123
155 123
156 123
157 123
158 123
159 123
160 123
161 123
162 123
163 123
164 123
165 123
166 123
167 123
168 123
169 123
170 123
171 123
172 123
173 123
174 123
175 123
176 123
177 123
178 123
179 123
180 123
181 123
154 124
155 125
156 126
157 126
158 126
159 126
160 126
161 126
162 126
163 126
164 126
165 126
166 126
167 126
168 126
169 126
170 126
171 126
172 126
173 126
174 126
175 126
176 126
177 126
178 126
179 126
180 126
181 126
182 126
183 126
184 126
185 126
186 126
187 126
188 126
189 126
190 126
191 126
192 126
192 127
191 127
190 127
189 127
188 127
187 127
186 127
185 127
184 127
183 127
182 127
181 127
180 127
179 127
178 127
177 127
176 127
175 127
174 127
173 127
172 127
171 127
170 127
169 127
168 127
167 127
166 127
165 127
164 127
163 127
162 127
161 127
160 127
159 127
158 127
157 127
158 128
159 128
160 128
161 128
162 128
163 128
164 128
165 128
166 128
167 128
168 128
169 128
170 128
171 128
172 128
173 128
174 128
175 128
176 128
177 128
178 128
179 128
180 128
181 128
182 128
183 128
184 128
185 128
186 128
187 128
188 128
189 128
190 128
191 128
192 128
193 128
194 128
195 128
196 128
197 128
198 128
199 128
200 128
201 128
202 128
203 128
203 127
202 127
201 127
200 127
199 127
198 127
197 127
196 127
195 127
194 127
193 127
204 127
205 127
206 127
207 127
208 127
209 127
210 127
211 127
212 127
213 127
214 127
215 127
159 129
160 130
161 131
162 132
161 133
160 133
159 133
158 133
157 133
156 133
155 133
154 133
153 133
152 133
151 133
150 133
149 133
148 133
147 133
146 133
145 133
144 133
143 133
142 133
141 133
140 133
139 133
138 133
137 133
136 133
135 133
134 133
133 133
132 133
131 133
130 133
129 133
128 133
127 133
126 133
125 133
124 133
123 133
122 133
121 133
120 133
119 133
118 133
117 133
116 133
115 133
114 133
113 133
112 133
111 133
110 133
109 133
108 133
107 133
106 132
105 131
104 130
103 129
102 128
101 127
100 126
99 125
98 124
97 124
96 124
96 123
97 123
97 122
96 122
96 125
97 125
97 126
96 126
96 127
97 127
97 128
96 128
96 129
97 129
97 130
97 131
97 132
97 133
97 134
97 135
97 136
97 137
97 138
97 139
97 140
97 141
97 142
97 143
108 134
109 135
110 136
111 137
112 138
113 139
114 140
114 141
114 142
114 143
130 132
130 131
130 130
131 130
130 129
129 128
128 127
127 126
126 125
125 124
124 123
123 122
122 121
122 120
121 120
120 119
123 120
124 120
125 120
126 120
127 120
128 120
129 120
130 120
131 120
132 120
133 120
134 120
135 120
136 120
136 119
137 119
138 120
139 121
140 122
141 123
142 124
143 125
144 126
145 127
146 128
147 129
148 130
149 131
150 132
132 131
133 131
134 131
135 131
136 131
137 131
138 131
139 131
140 131
141 131
142 131
143 131
144 131
145 131
133 132
132 132
132 134
132 135
132 136
132 137
132 138
132 139
132 140
132 141
132 142
132 143
132 144
135 134
136 135
137 136
138 137
139 138
140 139
141 140
142 141
143 142
144 143
145 144
146 144
147 144
148 144
149 144
150 144
152 134
153 135
154 136
155 137
156 138
157 139
158 140
159 141
160 142
161 143
162 144
163 133
164 134
165 135
166 136
167 137
168 137
169 137
170 137
171 137
172 137
173 137
174 137
175 137
176 137
177 137
178 137
179 137
180 137
181 137
182 137
183 137
184 137
185 137
186 137
187 137
188 137
189 137
190 137
191 137
192 137
193 137
194 137
195 137
196 137
197 137
198 137
199 137
200 137
189 138
188 138
187 138
186 138
185 138
184 138
183 138
182 138
181 138
180 138
179 138
178 138
177 138
176 138
175 138
174 138
173 138
172 138
171 138
170 138
169 138
168 138
169 139
170 140
171 141
172 142
173 143
174 144
175 144
176 144
177 144
178 144
179 144
180 144
181 144
182 144
183 144
184 144
185 144
186 144
187 144
186 145
185 145
184 145
183 145
182 145
181 145
180 145
179 145
178 145
177 145
176 145
175 145
176 146
177 147
178 147
179 147
180 147
181 147
182 147
183 147
184 147
185 147
135 117
134 117
134 116
133 116
133 115
132 115
132 114
131 114
131 113
130 113
130 112
129 112
129 111
128 111
128 110
127 110
127 109
126 109
126 108
125 108
125 107
124 107
124 106
123 106
123 105
122 105
122 104
121 104
121 103
120 103
120 102
119 102
119 101
118 101
118 100
117 100
117 99
116 99
116 98
115 98
115 97
122 103
123 103
124 103
125 103
126 103
127 103
118 117
117 116
116 115
115 114
114 114
114 113
113 112
112 111
111 110
110 109
109 108
108 107
108 106
107 106
106 105
109 106
110 106
111 106
112 106
113 106
114 106
114 115
114 116
114 117
114 119
114 120
114 121
114 122
101 104
101 103
101 102
101 101
102 101
101 100
100 99
99 98
98 97
103 102
104 103
113 95
112 95
112 94
111 94
111 93
110 93
110 92
109 92
109 91
108 91
96 95
95 94
94 93
93 92
92 91
96 97
96 98
96 99
96 100
96 101
89 95
89 94
89 93
89 92
89 91
115
114 90
81 90
66 90
31 84
31 72
51 89
49 68
30 51
48 47
35 41
46 36
49 35
68 54
84 66
55 32
83 79
99 74
97 89
50 33
67 74
31 96
83 101
70 105
49 109
89 115
101 115
30 117
70 123
48 130
80 144
31 132
36 137
47 141
49 142
50 144
51 145
62 145
83 129
147 118
142 68
169 42
138 90
159 90
205 79
213 67
194 80
201 67
170 89
205 54
181 80
211 42
194 54
207 41
181 63
161 74
196 41
192 36
193 37
181 42
145 80
126 89
159 55
185 30
186 31
83 51
99 63
70 34
114 76
97 52
114 63
89 34
115 48
109 34
121 30
133 34
145 34
135 52
128 63
157 34
147 52
128 75
175 28
204 94
215 94
181 98
160 103
140 104
205 109
181 110
194 111
158 119
181 123
192 126
203 128
215 127
161 133
96 129
97 143
114 143
130 132
136 120
145 131
132 144
150 144
162 144
200 137
189 138
174 144
187 144
186 145
185 147
127 103
114 106
114 122
96 101
