1102
119 90
118 90
117 89
116 88
115 87
114 86
121 90
121 91
122 90
123 90
124 90
125 90
126 90
127 90
128 90
129 90
130 90
131 90
132 89
133 88
134 87
135 86
136 87
137 88
138 89
139 90
140 91
141 92
142 93
143 93
144 93
145 93
146 93
147 93
148 93
149 93
150 93
151 93
152 93
153 93
154 92
155 91
156 90
157 89
158 88
159 87
160 86
160 85
160 84
160 83
160 82
160 81
160 80
160 79
160 78
160 77
160 76
160 75
160 74
160 73
159 72
158 71
157 71
156 71
155 71
154 71
153 71
152 71
151 71
150 71
149 71
148 71
147 71
146 71
145 71
144 71
143 71
142 71
141 71
140 71
139 71
138 71
137 71
136 71
147 70
147 69
147 68
147 67
147 66
147 65
147 64
147 63
146 62
145 61
144 60
143 59
142 58
141 57
140 56
139 55
138 54
137 53
136 52
135 51
135 50
135 49
135 48
135 47
135 46
135 45
135 44
134 44
133 43
132 42
131 41
130 40
129 39
128 38
127 37
126 36
125 35
124 34
123 35
122 36
121 37
120 38
119 39
118 40
117 41
116 42
115 43
114 44
113 44
112 43
111 42
110 41
109 40
108 39
107 38
106 37
105 36
104 35
103 34
114 45
114 46
114 47
114 48
114 49
114 50
114 51
114 52
114 53
114 54
114 55
114 56
114 57
114 58
114 59
114 60
114 61
114 62
114 63
114 64
114 65
136 43
137 42
138 41
139 40
140 39
141 38
142 37
143 36
144 35
145 34
158 70
158 69
158 68
158 67
158 66
158 65
158 64
158 63
158 62
158 61
158 60
158 59
158 58
157 57
157 56
156 56
158 56
159 56
160 56
161 56
162 56
163 56
164 55
165 54
166 53
167 52
168 52
169 52
170 52
171 52
172 52
173 52
174 52
175 52
176 52
177 52
178 52
179 51
180 50
181 49
182 49
183 48
184 47
185 46
186 45
187 44
188 43
189 42
190 41
191 40
192 39
192 38
192 37
191 36
190 35
189 35
188 35
187 35
186 35
185 35
184 35
183 35
182 35
181 35
180 34
179 34
178 34
177 34
176 34
175 34
174 34
173 34
172 34
171 34
170 34
169 34
168 34
167 34
166 34
193 40
194 41
195 42
196 43
197 44
198 45
199 46
200 47
201 48
202 49
202 50
203 50
204 50
205 50
206 50
207 50
208 50
209 50
210 50
211 50
212 50
213 50
214 49
203 51
204 52
205 53
205 54
205 55
205 56
205 57
205 58
205 59
205 60
205 61
205 62
204 63
203 63
202 63
201 63
200 63
199 63
198 63
197 63
196 63
195 63
194 63
193 64
192 65
191 66
190 67
189 68
188 69
187 70
186 70
185 70
184 70
183 70
182 70
181 70
182 71
183 72
184 73
185 74
186 75
187 76
188 77
189 78
190 79
191 80
192 81
193 82
194 83
195 83
196 83
197 83
198 83
199 83
200 83
201 83
202 83
203 83
204 83
205 83
193 84
192 85
191 86
190 87
189 88
188 89
187 90
186 91
185 91
184 91
183 91
182 91
181 91
181 92
181 93
181 94
181 95
181 96
181 97
181 98
181 99
181 100
181 101
181 102
181 103
181 104
181 105
181 106
181 107
181 108
181 109
181 110
181 111
181 112
181 113
180 114
179 115
178 116
177 117
176 118
175 119
174 120
173 121
172 122
171 123
170 123
169 123
168 123
167 123
166 123
165 123
164 123
163 123
162 123
161 123
160 123
159 123
158 123
157 123
169 124
170 125
171 126
172 127
173 128
174 129
175 130
176 131
177 132
178 133
179 134
180 134
181 134
180 135
179 136
178 137
178 138
178 139
178 140
178 141
178 142
178 143
178 144
178 145
177 145
176 145
175 145
174 145
173 145
172 145
171 145
170 145
169 145
168 145
167 145
166 145
165 145
164 145
163 145
162 145
161 145
160 145
159 145
158 145
157 145
182 135
183 136
184 137
185 138
186 139
187 140
188 141
189 141
190 141
191 141
192 141
192 140
192 139
192 138
192 137
192 136
192 135
192 134
192 133
192 132
193 131
194 130
195 130
196 130
197 130
198 130
199 130
200 130
201 129
202 128
203 127
204 126
204 125
203 125
202 125
201 125
200 124
199 123
198 122
197 121
196 120
195 119
194 118
194 117
194 116
194 115
194 114
195 113
196 112
197 111
198 110
199 109
200 108
201 107
202 106
203 105
204 104
205 104
206 104
207 104
208 104
209 104
210 104
211 104
212 104
213 104
214 104
215 104
205 125
195 131
196 132
197 133
198 134
199 135
200 136
201 136
202 136
203 136
204 136
205 136
150 94
151 95
152 96
153 97
154 98
155 99
156 100
157 101
158 102
158 103
158 104
158 105
158 106
158 107
158 108
122 92
123 93
124 94
125 95
126 96
126 97
126 98
126 99
126 100
126 101
126 102
125 103
124 104
123 105
122 106
121 106
120 106
119 106
118 106
117 106
116 106
115 107
115 108
115 109
115 110
115 111
115 112
115 113
115 114
115 115
115 116
115 117
115 118
115 119
115 120
115 121
115 122
114 123
113 124
112 125
111 126
110 127
109 127
108 127
107 127
106 127
105 127
104 127
103 127
102 127
101 127
100 127
99 127
98 127
97 127
96 127
95 126
94 125
93 124
92 123
91 123
90 123
89 123
88 123
87 123
86 122
85 121
84 120
83 119
82 118
81 117
80 116
79 115
78 114
77 113
76 112
75 111
74 110
73 109
72 108
71 108
70 108
69 108
68 108
67 108
66 108
65 108
64 107
63 106
62 105
61 104
61 103
62 103
63 102
64 101
65 100
66 99
67 98
68 97
69 96
70 95
71 94
72 93
60 102
59 101
58 100
57 99
56 98
55 97
54 96
53 95
52 94
51 93
51 92
51 91
51 90
51 89
51 88
51 87
51 86
51 85
51 84
51 83
51 82
51 81
51 80
51 79
51 78
51 77
51 76
50 75
49 74
48 74
47 74
46 74
45 74
44 74
43 74
42 74
41 74
40 74
39 74
38 74
37 74
36 74
35 74
34 74
33 74
32 74
31 73
30 72
49 73
49 72
49 71
49 70
49 69
49 68
49 67
49 66
49 65
49 64
49 63
49 62
48 62
47 62
46 62
45 62
44 62
43 61
42 60
41 59
40 58
39 57
38 56
37 55
36 54
35 53
34 52
33 51
33 50
33 49
33 48
33 47
33 46
33 45
34 44
35 43
36 42
37 41
38 40
39 41
40 42
41 43
42 43
43 43
44 43
45 43
46 43
47 43
48 43
49 43
49 42
49 41
49 40
49 39
49 38
49 37
49 36
49 35
49 34
50 33
51 34
52 34
53 34
54 34
55 34
56 34
57 34
58 34
59 34
60 34
61 34
50 62
51 63
52 64
53 65
54 66
55 67
56 68
57 69
58 70
59 71
60 71
61 71
62 71
63 71
64 71
65 71
66 71
67 71
68 71
69 71
70 71
71 71
72 71
61 70
61 69
61 68
61 67
61 66
62 65
63 64
64 63
65 62
66 61
67 60
68 59
69 58
70 57
71 56
72 56
73 56
74 56
75 56
76 56
77 56
78 56
79 55
80 54
81 53
82 52
82 51
82 50
82 49
82 48
82 47
82 46
82 45
82 44
82 43
82 42
82 41
82 40
82 39
82 38
82 37
82 36
82 35
82 34
83 53
84 54
85 55
86 55
87 55
88 55
89 55
90 55
91 55
92 55
93 55
93 56
93 57
93 58
93 59
93 60
93 61
93 62
93 63
93 64
93 65
93 66
93 67
93 68
93 69
93 70
93 71
93 72
93 73
93 74
93 75
93 76
93 77
93 78
93 79
93 80
93 81
93 82
93 83
93 84
93 85
93 86
60 105
59 106
58 107
57 107
56 107
55 107
54 107
53 107
52 107
51 107
50 107
49 107
48 107
47 107
46 107
45 107
44 107
43 107
42 107
41 106
40 105
39 104
38 103
37 102
36 101
35 100
34 99
33 98
32 97
31 96
30 95
29 94
28 93
48 108
47 109
46 110
45 111
44 112
43 113
42 114
41 114
40 114
39 114
38 114
37 114
36 114
35 114
34 114
33 114
32 114
31 114
30 114
29 114
30 115
31 116
32 117
33 118
34 119
35 120
36 121
37 122
38 123
39 124
40 125
41 126
42 127
43 128
44 128
45 128
46 128
47 128
48 128
48 129
47 129
46 130
45 131
44 132
43 133
42 134
41 135
40 136
39 137
38 137
37 137
36 137
35 137
34 137
33 136
32 135
31 134
48 130
48 131
48 132
48 133
48 134
48 135
48 136
48 137
48 138
48 139
49 140
50 141
51 142
52 143
53 143
54 143
55 143
56 143
57 143
58 143
59 143
60 144
61 145
62 145
63 145
64 145
65 145
66 145
67 145
68 145
69 145
70 145
71 145
72 145
73 145
71 109
71 110
71 111
71 112
71 113
71 114
71 115
71 116
71 117
71 118
71 119
71 120
71 121
71 122
71 123
92 122
92 121
92 120
92 119
92 118
92 117
92 116
92 115
92 114
92 113
92 112
92 111
92 110
92 109
93 108
102 128
101 129
100 130
99 131
98 132
97 133
96 134
95 135
94 136
94 137
94 138
94 139
94 140
94 141
94 142
94 143
94 144
94 145
104 128
105 129
106 130
107 131
108 132
109 133
110 134
111 135
112 136
113 137
114 138
115 139
115 140
115 141
115 142
115 143
116 144
117 145
118 145
119 145
120 145
121 145
122 145
123 145
124 145
125 145
126 145
127 145
128 145
129 145
130 145
131 145
132 145
133 145
134 145
135 145
136 145
127 103
128 104
129 105
130 106
131 107
132 108
133 108
134 108
135 108
136 108
137 108
136 109
136 110
136 111
136 112
136 113
136 114
136 115
136 116
136 117
136 118
136 119
136 120
136 121
136 122
136 123
84
114 86
135 86
149 93
160 86
158 71
147 71
136 71
135 51
124 34
103 34
114 51
114 65
145 34
156 56
167 52
181 49
192 39
190 35
180 34
166 34
202 50
214 49
205 62
194 63
181 70
194 83
205 83
181 91
181 102
181 113
168 123
157 123
181 134
178 145
157 145
192 141
194 130
194 118
204 104
215 104
205 125
205 136
158 108
126 102
116 106
115 122
103 127
92 123
72 108
61 104
72 93
51 93
49 74
30 72
33 51
38 40
49 43
50 33
61 34
50 62
61 71
72 71
71 56
82 52
82 34
93 55
93 71
93 86
49 107
28 93
29 114
48 128
37 137
31 134
48 139
59 143
73 145
71 123
93 108
94 145
115 143
136 145
137 108
136 123
