4228
119 90
118 90
117 90
116 90
115 90
114 90
113 90
112 90
111 90
110 90
109 90
108 90
107 90
106 90
105 90
104 90
103 90
102 90
101 90
100 90
99 90
98 90
97 90
96 90
95 90
94 90
93 90
92 90
91 90
90 90
89 90
88 90
87 90
86 90
85 90
84 90
83 90
82 90
81 90
80 90
79 90
78 90
77 90
76 90
75 90
74 90
73 90
72 90
71 90
70 90
69 90
68 90
67 90
66 90
65 90
64 90
63 90
62 90
61 90
60 90
59 90
58 90
57 90
56 90
55 90
54 90
53 90
52 90
51 90
50 90
49 90
48 90
47 90
46 90
45 90
44 90
43 90
43 91
42 91
41 91
40 91
39 91
38 91
37 91
36 91
35 91
34 91
33 91
32 91
31 91
30 91
44 91
45 91
46 91
47 91
48 91
49 91
50 91
51 91
52 91
53 91
54 91
55 91
56 91
57 91
58 91
59 91
60 91
61 91
62 91
63 91
64 91
65 91
66 91
67 91
68 91
69 91
70 91
71 91
72 91
73 91
74 91
75 91
76 91
77 91
78 91
79 91
80 91
81 91
82 91
83 91
84 91
85 91
86 91
87 91
88 91
89 91
90 91
91 91
92 91
93 91
94 91
95 91
96 91
97 91
98 91
99 91
100 91
101 91
102 91
103 91
104 91
105 91
106 91
107 91
108 91
109 91
110 91
111 91
112 91
113 91
114 91
115 91
116 91
117 91
118 91
119 91
118 92
117 93
116 94
115 95
114 95
114 94
113 94
112 93
111 93
111 92
112 92
110 94
109 95
108 95
108 94
107 94
107 93
106 93
106 92
105 92
108 96
109 96
110 96
110 97
111 97
111 98
110 98
109 98
108 98
107 98
106 98
105 98
104 98
103 98
102 98
101 98
100 98
99 98
98 98
97 98
96 98
95 98
94 98
93 98
92 98
91 98
90 98
89 98
88 98
87 98
86 98
85 98
84 98
83 98
82 98
81 98
80 98
79 98
78 98
77 98
76 98
75 98
74 98
73 98
72 98
71 98
70 98
69 98
68 98
67 98
66 98
65 98
64 98
63 98
62 98
61 98
75 97
74 96
73 95
72 94
71 93
70 92
72 92
73 93
74 94
75 95
76 96
77 97
77 99
78 100
79 99
80 100
79 101
80 102
81 101
82 102
81 103
82 104
82 105
81 105
80 105
79 105
78 105
77 105
76 105
75 105
74 105
73 105
72 105
71 105
70 105
69 105
68 105
67 105
66 105
65 105
64 105
63 105
62 105
61 105
60 105
59 105
58 105
57 105
56 105
55 105
54 105
53 105
52 105
51 105
50 105
49 105
48 105
47 105
46 105
45 105
44 105
43 105
42 105
41 105
40 105
39 105
38 105
37 105
36 105
35 105
34 105
33 105
32 105
31 105
30 105
83 105
84 105
85 105
86 105
87 105
88 105
89 105
90 105
91 105
92 105
93 105
94 105
95 105
96 105
97 105
98 105
99 105
100 105
101 105
102 105
103 105
104 105
105 105
104 104
103 103
102 102
101 101
100 100
99 99
98 100
97 99
99 101
100 102
101 103
100 104
99 104
98 103
97 102
96 101
95 100
94 99
93 99
93 100
92 100
91 99
93 101
94 101
94 102
93 102
93 103
93 104
95 102
95 103
96 103
96 104
97 104
102 104
103 101
104 100
105 100
106 100
106 101
105 101
106 102
107 102
108 102
108 103
107 103
106 104
108 104
109 104
110 104
110 105
109 105
110 106
111 106
112 106
112 107
111 107
112 108
113 108
114 108
114 107
113 107
114 106
114 105
114 104
114 103
114 102
115 102
116 102
116 103
117 103
117 104
118 104
118 105
119 105
119 106
120 106
120 107
121 107
121 108
122 108
122 109
123 109
123 110
124 110
125 110
125 111
124 111
123 112
122 113
121 113
120 113
119 113
118 113
117 113
116 113
115 113
114 113
113 113
112 113
111 113
110 113
109 113
108 113
107 113
106 113
105 113
104 113
103 113
102 113
101 113
100 113
99 113
98 113
97 113
96 113
95 113
94 113
93 113
92 113
91 113
90 112
90 111
89 111
88 111
87 111
86 111
85 111
84 111
83 111
82 111
81 111
80 111
79 111
78 111
77 111
76 111
75 111
74 111
73 111
72 111
71 111
70 111
69 111
68 111
67 111
66 111
65 111
64 111
63 111
62 111
61 111
60 111
59 111
58 111
57 111
56 111
55 111
54 111
53 111
52 111
51 111
50 111
61 110
62 110
63 110
64 110
65 110
66 110
67 110
68 110
69 110
70 110
71 110
72 110
73 110
74 110
75 110
76 110
77 110
78 110
79 110
80 110
81 110
82 110
83 110
84 110
85 110
86 110
87 110
88 110
89 110
90 110
91 110
92 110
93 110
94 110
95 110
96 110
97 110
98 110
99 110
100 110
99 111
98 111
97 111
96 111
95 111
94 111
93 111
92 111
91 111
92 112
93 112
95 112
98 112
101 109
102 109
103 109
104 109
103 108
102 108
101 108
100 108
99 108
98 108
97 108
96 108
95 108
94 108
93 108
92 108
91 108
90 108
89 108
88 108
87 108
86 108
85 108
84 108
83 108
82 108
81 108
80 108
79 108
78 108
77 108
76 108
75 108
74 108
73 108
72 108
85 107
84 106
86 106
87 107
87 109
89 109
90 107
89 106
92 109
93 109
93 107
93 106
95 109
97 107
98 106
99 106
99 107
100 107
101 106
102 107
103 107
104 106
105 107
106 106
107 107
106 108
107 109
108 108
109 109
108 110
109 111
110 110
111 111
110 112
112 112
103 110
102 110
103 111
104 111
104 112
103 112
105 112
106 111
105 110
107 112
94 114
95 115
94 116
93 117
93 118
92 118
92 119
91 119
90 120
89 121
88 122
87 123
86 124
85 124
84 124
83 124
82 124
81 124
80 124
79 124
78 124
77 124
76 124
75 124
74 124
73 124
72 124
71 124
70 124
69 124
68 124
67 124
66 124
65 124
64 124
63 124
62 124
61 124
60 124
59 124
58 124
57 124
56 124
55 124
54 124
53 124
52 124
51 124
50 124
49 124
48 124
47 124
46 124
45 124
44 124
43 124
42 124
41 124
40 124
39 124
38 124
37 124
36 124
35 124
34 124
33 124
32 124
31 124
30 124
85 125
84 126
83 126
82 126
81 126
80 126
79 126
78 126
77 126
76 126
75 126
74 126
73 126
72 126
72 127
71 127
70 127
69 127
68 127
67 127
66 127
65 127
64 127
63 127
62 127
61 127
73 127
74 127
75 127
76 127
77 127
78 127
79 127
80 127
81 127
82 127
83 127
82 128
81 129
81 130
80 130
79 131
78 131
77 131
76 131
75 131
74 131
73 131
72 131
71 131
70 131
69 131
68 131
67 131
66 131
65 131
64 131
63 131
62 131
61 131
60 131
59 131
58 131
57 131
56 131
55 131
54 131
53 131
52 131
51 131
50 131
49 131
48 131
78 132
77 133
76 134
75 135
74 135
73 135
72 135
71 135
70 135
69 135
68 135
67 135
66 135
65 135
64 135
63 135
62 135
61 135
60 135
59 135
58 135
57 135
56 135
55 135
54 135
53 135
52 135
51 135
50 135
49 135
48 135
47 135
46 135
45 135
44 135
43 135
42 135
41 135
40 135
39 135
38 135
37 135
36 135
35 135
34 135
33 135
32 135
31 135
30 135
29 135
28 135
27 135
35 136
36 136
37 136
38 136
39 136
40 136
41 136
42 136
43 136
44 136
45 136
46 136
47 136
48 136
49 136
50 136
51 136
52 136
53 136
54 136
55 136
56 136
57 136
58 136
59 136
60 136
61 136
62 136
63 136
64 136
65 136
66 136
67 136
68 136
69 136
70 136
71 136
72 136
73 136
74 136
73 137
72 137
71 137
70 137
69 137
68 137
67 137
66 137
65 137
64 137
63 137
62 137
61 137
60 137
59 137
58 137
57 137
56 137
55 137
54 137
53 137
52 137
51 137
50 137
49 137
48 137
47 137
46 137
45 137
44 137
43 137
42 137
41 137
40 137
39 137
38 137
37 137
36 137
72 138
71 139
70 140
69 141
69 142
68 142
67 142
66 142
65 142
64 142
63 142
62 142
61 142
60 142
59 142
58 142
57 142
56 142
55 142
54 142
53 142
52 142
51 142
50 142
49 142
48 142
49 143
50 143
51 143
52 143
53 143
54 143
55 143
56 143
57 143
58 143
59 143
60 143
61 143
62 143
63 143
64 143
65 143
66 143
67 143
66 144
65 144
64 144
63 144
62 144
61 144
60 144
59 144
58 144
57 144
56 144
55 144
54 144
53 144
52 144
51 144
50 144
55 145
56 145
57 145
58 145
59 145
60 145
61 145
62 145
63 145
64 145
65 145
69 143
69 144
81 131
81 132
81 133
81 134
81 135
81 136
81 137
81 138
81 139
81 140
81 141
81 142
81 143
81 144
92 120
93 120
93 119
93 121
92 121
92 122
93 122
93 123
92 123
92 124
93 124
93 125
92 125
92 126
93 126
93 127
92 127
92 128
93 128
93 129
92 129
92 130
92 131
92 132
92 133
92 134
92 135
92 136
92 137
92 138
92 139
92 140
92 141
92 142
92 143
92 144
96 114
97 114
98 115
99 116
100 117
101 118
102 119
103 119
103 118
103 117
103 116
103 115
103 114
103 120
103 121
104 121
103 122
102 122
101 121
100 120
99 119
98 118
97 117
96 116
103 123
103 124
104 124
103 125
103 126
103 127
103 128
103 129
103 130
103 131
103 132
103 133
103 134
103 135
103 136
103 137
103 138
103 139
103 140
103 141
103 142
103 143
103 144
105 125
106 126
107 126
108 126
109 126
110 126
111 126
112 126
113 126
114 126
115 126
116 126
117 126
118 126
119 126
120 126
121 126
122 126
123 126
124 126
125 126
126 126
127 126
128 126
129 126
130 126
131 126
132 126
133 126
134 126
135 126
136 126
137 126
138 126
139 126
140 126
141 126
142 126
143 126
144 126
145 126
146 126
147 126
143 125
143 124
142 123
141 122
140 121
139 120
138 119
137 118
136 117
135 116
134 115
133 114
132 113
131 112
130 111
129 110
128 109
127 108
126 107
125 106
124 105
123 104
122 103
121 102
120 101
119 100
118 99
117 98
116 97
115 96
114 96
114 97
113 97
112 98
112 99
111 99
110 100
109 101
113 99
114 99
114 98
114 100
113 100
114 101
115 101
126 109
128 107
143 127
143 128
142 128
141 128
141 127
140 127
142 129
143 129
143 130
143 131
143 132
143 133
142 133
141 133
141 132
140 132
140 131
139 131
139 130
138 130
138 129
137 129
137 128
136 128
136 127
135 127
134 128
133 128
132 128
132 127
131 127
133 127
133 129
134 129
135 129
135 130
134 130
135 131
136 131
137 131
137 132
136 132
137 133
138 133
139 133
139 134
138 134
139 135
140 135
141 135
141 136
140 136
141 137
142 137
143 137
143 136
142 136
143 135
143 134
142 134
143 138
142 138
143 139
143 140
143 141
143 142
142 142
141 141
140 140
139 139
138 138
137 137
136 136
135 135
134 134
133 133
132 132
131 131
130 130
129 129
128 128
127 127
126 128
125 127
127 129
128 130
129 131
130 132
131 133
132 134
133 135
134 136
135 137
136 138
137 139
138 140
139 141
140 142
141 143
141 144
140 144
139 144
138 144
137 144
136 144
135 144
134 144
133 144
132 144
131 144
130 144
129 144
128 144
127 144
126 144
125 144
124 144
123 143
122 142
121 141
120 140
119 139
118 138
117 137
116 136
115 135
114 135
114 134
114 133
113 133
112 132
111 131
110 130
109 129
108 128
107 127
114 132
115 132
114 131
114 130
113 130
112 129
111 128
110 127
114 129
114 128
114 127
116 133
117 134
118 135
119 136
120 137
121 138
122 139
123 140
124 141
125 142
126 143
114 136
114 137
114 138
114 139
114 140
114 141
114 142
114 143
135 143
136 143
135 142
134 142
134 141
133 141
133 140
132 140
132 139
131 139
131 138
130 138
130 137
129 137
129 136
128 136
128 135
127 135
127 134
126 134
126 133
125 133
125 132
124 132
124 131
123 131
123 130
122 130
122 129
121 129
121 128
120 128
120 127
119 127
122 127
123 128
124 129
125 130
126 131
127 132
128 133
129 134
130 135
131 136
132 137
133 138
134 139
135 140
136 141
137 142
138 143
142 144
143 144
144 144
145 144
146 144
147 144
148 144
149 144
150 144
151 144
152 144
153 144
154 144
155 144
156 144
157 144
158 144
159 144
160 144
161 144
162 144
163 144
164 144
143 143
140 134
138 132
136 130
139 125
138 125
138 124
137 124
137 123
136 123
136 122
135 122
135 121
134 121
134 120
133 120
133 119
132 119
132 118
131 118
131 117
130 117
130 116
129 116
129 115
128 115
128 114
127 114
127 113
126 113
126 112
125 112
133 125
132 124
131 123
130 122
129 121
128 120
127 119
126 118
125 117
124 116
123 115
122 114
121 115
120 115
119 115
119 114
118 114
120 114
120 116
121 116
122 116
122 117
121 117
122 118
123 118
124 118
124 119
123 119
124 120
125 120
126 120
126 121
125 121
126 122
127 122
128 122
128 123
127 123
128 124
129 124
130 124
130 125
129 125
131 125
129 123
127 121
125 119
123 117
125 125
124 124
123 123
122 122
121 121
120 120
119 119
118 118
117 117
116 116
115 115
114 115
113 115
112 114
114 114
114 116
114 117
115 117
114 118
113 118
112 117
111 116
110 115
109 114
108 115
107 115
107 114
106 114
108 116
109 116
109 117
110 117
110 118
111 118
111 119
112 119
112 120
113 120
114 120
115 120
114 119
114 121
113 121
114 122
115 122
115 123
114 123
114 124
114 125
116 123
116 124
117 124
117 125
118 125
119 124
118 123
117 122
116 121
120 125
116 118
117 119
118 120
119 121
120 122
121 123
122 124
123 125
108 125
107 124
106 123
105 122
114 112
114 111
115 111
116 111
117 111
117 112
116 112
118 112
119 111
118 110
117 109
116 108
115 107
115 109
114 109
113 109
114 110
115 110
116 110
120 112
111 105
109 103
107 101
105 99
104 99
103 99
87 104
86 103
85 102
84 101
83 100
82 99
84 104
83 103
80 97
79 96
78 95
77 94
76 93
75 92
89 97
88 96
87 95
86 94
85 93
84 92
92 97
93 97
93 96
94 96
93 95
93 94
92 94
91 93
90 92
92 92
93 92
93 93
94 94
95 95
96 96
95 97
97 97
91 96
90 95
89 94
88 93
87 92
101 97
102 97
103 97
102 96
101 96
100 96
100 95
99 95
99 94
98 94
98 93
97 93
97 92
96 92
98 92
99 93
100 94
101 95
107 97
114 93
114 92
121 90
120 89
120 88
119 88
118 87
117 86
116 85
115 84
114 83
113 82
112 81
111 80
110 79
109 78
108 77
107 76
106 75
105 74
104 73
103 72
102 71
101 70
100 69
99 68
98 67
97 66
96 65
95 64
94 63
93 62
92 61
91 60
90 59
89 58
88 57
87 56
86 55
85 54
84 53
83 52
82 51
81 50
80 49
79 48
78 47
77 46
76 45
75 44
74 43
73 42
72 41
71 40
70 39
69 38
68 37
67 36
66 35
65 34
120 87
121 87
122 87
122 86
123 86
123 85
124 85
124 84
125 84
125 83
126 83
126 82
127 82
127 81
128 81
128 80
129 80
129 79
130 79
130 78
131 78
131 77
132 77
132 76
133 76
133 75
134 75
134 74
135 74
135 73
136 73
136 72
137 72
137 71
138 71
138 70
139 70
139 69
140 69
140 68
141 68
141 67
142 67
142 66
143 66
143 65
144 65
144 64
145 64
145 63
146 63
146 62
147 62
147 61
148 61
149 60
150 59
151 58
152 57
153 56
154 55
155 54
156 53
157 52
158 51
159 50
160 49
161 48
162 47
163 46
164 45
165 44
166 43
121 88
120 86
120 85
120 84
121 84
120 83
119 83
118 82
117 81
116 80
115 79
114 78
113 77
112 76
111 75
110 74
109 73
108 72
107 71
106 70
105 69
104 68
103 67
102 66
101 65
100 64
99 63
98 62
97 61
96 60
95 59
94 58
93 57
92 56
91 55
90 54
89 53
88 52
87 51
86 50
85 49
84 48
120 82
120 81
120 80
120 79
119 79
118 78
117 77
116 76
115 75
114 74
120 78
121 78
120 77
120 76
121 76
120 75
120 74
120 73
120 72
120 71
119 71
118 70
117 69
116 68
115 67
114 66
113 65
112 64
111 63
110 62
109 61
108 60
107 59
106 58
105 57
104 56
103 55
102 54
101 53
100 52
99 51
120 70
120 69
120 68
120 67
119 67
118 66
117 65
116 64
115 63
114 62
113 61
112 60
111 59
110 58
109 57
108 56
107 55
106 54
105 53
104 52
103 51
102 50
101 49
100 48
99 47
98 46
97 45
96 44
95 43
94 42
93 41
92 40
91 39
90 38
89 37
88 36
87 35
86 34
120 66
121 66
121 65
120 65
120 64
120 63
119 63
118 62
117 61
116 60
115 59
114 58
120 62
120 61
120 60
120 59
120 58
120 57
120 56
120 55
120 54
121 54
120 53
120 52
120 51
119 51
118 50
117 49
116 48
115 47
114 46
115 45
114 44
113 43
112 42
111 41
110 40
109 39
108 38
107 37
106 36
105 35
104 34
116 46
117 47
118 48
119 49
120 49
120 48
120 47
120 46
120 45
120 44
120 43
120 42
120 41
120 40
120 39
120 38
120 37
121 36
122 35
123 34
120 50
121 50
122 49
123 48
124 47
125 46
126 45
127 44
128 43
129 42
130 41
131 40
132 39
133 38
134 37
135 36
136 35
137 34
122 53
123 52
124 51
125 50
126 49
127 48
122 65
122 64
123 64
123 63
124 63
124 62
125 62
125 61
126 61
126 60
127 60
127 59
128 59
128 58
129 58
129 57
130 57
130 56
131 56
131 55
132 55
132 54
133 54
133 53
134 53
134 52
135 52
135 51
136 51
136 50
137 50
137 49
138 49
138 48
139 48
139 47
140 46
141 45
142 44
143 43
144 42
145 41
146 40
147 39
148 38
149 37
150 36
151 35
152 34
122 75
123 74
124 73
125 72
126 71
127 70
128 69
129 68
130 67
131 66
132 65
133 64
134 63
135 62
136 61
137 62
136 63
135 64
134 65
133 66
132 67
131 68
130 69
129 70
128 71
127 72
126 73
125 74
124 75
123 76
122 77
138 61
139 60
140 59
141 58
142 57
143 56
144 55
145 54
146 53
147 52
148 51
149 50
150 49
151 48
152 47
153 46
154 45
155 44
156 43
157 42
158 41
159 40
160 39
161 38
162 37
163 36
164 35
165 34
166 33
167 32
168 31
169 30
122 83
123 82
124 81
125 80
126 79
127 78
128 77
129 76
130 75
131 74
132 73
133 72
134 71
135 70
136 69
137 68
138 67
139 66
140 65
141 64
142 63
143 62
144 61
145 60
146 59
147 58
148 57
149 56
150 55
151 54
152 53
153 52
154 51
155 50
156 49
157 48
158 47
159 46
160 45
161 44
162 43
163 42
164 41
165 40
166 39
167 38
168 37
169 36
170 35
171 34
172 33
173 32
174 31
175 30
176 29
177 28
178 27
179 26
180 25
181 24
121 91
122 90
123 90
124 90
125 90
126 90
127 90
128 90
129 90
130 90
131 90
132 90
133 90
134 90
135 90
136 90
137 90
138 90
139 90
140 90
141 90
142 90
143 90
144 90
145 90
146 90
147 90
148 90
149 90
150 90
151 90
152 90
153 90
154 90
155 90
156 90
157 90
158 90
159 90
160 90
161 90
162 90
163 90
164 90
165 90
166 90
167 90
168 90
169 90
170 90
171 90
172 90
173 90
174 90
175 90
176 90
177 90
178 90
179 90
180 90
181 90
182 90
183 90
184 90
185 90
186 90
187 90
188 90
189 90
190 90
191 90
192 90
193 90
194 90
195 90
196 90
197 90
198 90
199 90
200 90
201 90
202 90
203 90
204 90
205 90
206 90
207 89
208 88
209 87
210 86
211 85
212 84
213 83
214 82
215 81
195 89
194 89
195 88
196 88
196 87
197 87
197 86
198 86
198 85
199 85
199 84
200 84
200 83
201 83
201 82
202 82
202 81
203 81
203 80
204 80
204 79
205 78
206 77
207 76
208 75
209 74
210 73
211 72
212 71
213 70
214 69
183 89
184 88
185 87
186 86
187 85
188 84
189 83
190 82
191 81
192 80
193 79
194 78
195 77
196 76
197 75
198 74
199 73
200 72
201 71
202 70
203 69
204 68
205 67
206 66
207 65
208 64
209 63
210 62
211 61
212 60
213 59
214 58
215 57
178 89
177 89
178 88
179 88
179 87
180 87
180 86
181 86
181 85
182 85
183 84
184 83
185 82
186 81
187 80
188 79
189 78
190 77
191 76
192 75
193 74
194 73
195 72
196 71
197 70
198 69
173 89
174 88
175 87
176 86
177 85
178 84
179 83
180 82
181 81
182 80
183 79
184 78
185 77
186 76
187 75
188 74
189 73
190 72
191 71
192 70
193 69
194 68
195 67
196 66
197 65
198 64
199 63
200 62
201 61
202 60
203 59
204 58
168 89
169 88
170 87
171 86
172 85
173 84
174 83
175 82
176 81
177 80
178 79
179 78
180 77
181 76
182 75
183 74
184 73
185 72
186 71
187 70
188 69
189 68
190 67
191 66
192 65
193 64
194 63
195 62
196 61
197 60
198 59
199 58
200 57
201 56
202 55
203 54
204 53
205 52
206 51
207 50
208 49
209 48
210 47
211 46
212 45
164 89
165 88
166 87
167 86
168 85
169 84
170 83
171 82
172 81
173 80
174 79
175 78
176 77
177 76
178 75
179 74
180 73
181 72
160 89
153 89
152 88
151 89
153 87
154 86
155 85
156 84
157 83
158 82
159 81
160 80
161 79
162 78
163 77
164 76
165 75
166 74
167 73
168 72
169 71
170 70
171 69
172 68
173 67
174 66
175 65
176 64
177 63
178 62
179 61
180 60
181 59
182 58
183 57
184 56
185 55
186 54
187 53
188 52
189 51
190 50
191 49
192 48
193 47
194 46
195 45
196 44
197 43
168 74
167 75
166 76
165 77
164 78
163 79
162 80
161 81
160 82
159 83
158 84
157 85
156 86
155 87
154 88
144 89
143 89
142 88
141 87
140 87
140 88
139 88
139 89
138 89
137 88
136 87
135 86
134 87
133 88
132 89
134 89
135 89
136 89
135 88
136 85
137 84
138 83
139 82
140 81
141 80
142 79
143 78
144 77
145 76
146 75
147 74
148 73
149 72
150 71
151 70
152 69
153 68
154 67
155 66
156 65
157 64
158 63
159 62
160 61
161 60
162 59
163 58
164 57
165 56
166 55
167 54
168 53
169 52
170 51
171 50
172 49
173 48
174 47
175 46
176 45
177 44
178 43
179 42
180 41
181 40
182 39
183 38
184 37
185 36
186 35
187 34
188 33
189 34
188 35
187 36
186 37
185 38
184 39
183 40
182 41
181 42
180 43
179 44
178 45
177 46
176 47
175 48
174 49
173 50
172 51
171 52
170 53
169 54
168 55
167 56
166 57
165 58
164 59
163 60
162 61
161 62
160 63
159 64
158 65
157 66
156 67
155 68
154 69
153 70
152 71
151 72
150 73
149 74
148 75
147 76
146 77
145 78
144 79
143 80
142 81
141 82
140 83
139 84
138 85
137 86
138 87
139 86
140 85
141 84
142 83
143 82
144 81
145 80
146 79
147 78
148 77
149 76
150 75
151 74
152 73
153 72
154 71
155 70
156 69
157 68
158 67
159 66
160 65
161 64
162 63
163 62
164 61
165 60
166 59
167 58
168 57
169 56
170 55
171 54
172 53
173 52
174 51
175 50
176 49
177 48
178 47
179 46
180 45
181 44
182 43
183 42
184 41
185 40
186 39
187 38
188 37
189 36
190 35
181 46
182 46
181 47
180 47
180 48
179 48
179 49
178 49
178 50
177 50
177 51
176 51
176 52
175 52
175 53
174 53
174 54
173 54
173 55
172 55
172 56
171 56
171 57
170 57
170 58
169 58
169 59
168 59
168 60
167 60
167 61
166 61
166 62
165 62
165 63
164 63
164 64
163 64
163 65
162 65
162 66
161 66
161 67
160 67
160 68
159 68
159 69
158 69
158 70
157 70
157 71
156 71
156 72
155 72
155 73
154 73
154 74
153 74
153 75
152 75
152 76
151 76
151 77
150 77
150 78
149 78
149 79
148 79
148 80
147 80
147 81
146 81
146 82
145 82
145 83
144 83
144 84
143 84
143 85
142 85
142 86
141 86
143 87
144 86
145 85
146 84
147 83
148 82
149 81
150 80
151 79
152 78
153 77
154 76
155 75
156 74
157 73
158 72
159 71
160 70
161 69
162 68
163 67
164 66
165 65
166 64
167 63
168 62
169 61
170 60
171 59
172 58
173 57
174 56
175 55
176 54
177 53
178 52
179 51
180 50
181 49
182 48
183 47
184 46
183 45
184 44
185 43
186 42
187 41
188 40
189 39
190 38
191 37
192 36
193 37
192 38
191 39
190 40
189 41
188 42
187 43
186 44
185 45
157 75
158 75
157 76
156 76
156 77
155 77
155 78
154 78
154 79
153 79
153 80
152 80
152 81
151 81
151 82
150 82
150 83
149 83
149 84
148 84
148 85
147 85
147 86
146 86
146 87
145 87
145 88
144 88
159 74
160 73
161 72
162 71
163 70
164 69
165 68
166 67
167 66
168 65
169 64
170 63
171 62
172 61
173 60
174 59
175 58
176 57
177 56
178 55
179 54
180 53
181 52
182 51
183 50
184 49
185 48
186 47
187 46
188 45
189 44
190 43
191 42
192 41
193 40
194 39
195 38
141 89
126 89
125 88
124 89
126 87
127 86
128 85
129 84
130 83
131 82
132 81
133 80
134 79
135 78
136 77
137 78
136 79
135 80
134 81
133 82
132 83
131 84
130 85
129 86
128 87
127 88
138 77
139 76
140 75
141 74
142 73
143 72
144 71
145 70
146 69
147 68
148 67
149 66
150 65
151 64
152 63
153 62
154 61
155 60
156 59
157 58
158 57
159 56
160 55
161 54
162 53
163 52
164 51
165 50
166 49
167 48
168 47
169 46
170 45
171 44
172 43
173 42
174 41
175 40
176 39
177 38
178 37
179 36
180 35
181 34
182 33
183 32
122 92
123 92
124 92
125 92
126 92
127 92
128 92
129 92
130 92
131 92
132 92
133 92
134 92
135 92
136 92
137 92
138 92
139 92
140 92
141 92
142 92
143 92
144 92
145 92
146 92
147 92
148 92
149 92
150 92
151 92
152 92
153 92
154 92
155 92
156 92
157 92
158 92
159 92
160 92
161 92
162 92
163 92
164 92
165 92
166 92
167 92
168 92
169 92
170 92
171 92
172 92
173 92
174 92
175 92
176 92
177 92
178 92
179 92
180 92
181 92
182 92
183 92
184 92
185 92
186 92
187 92
188 92
189 92
190 92
191 92
192 92
193 92
194 92
195 92
196 92
197 92
198 92
199 92
200 92
201 92
202 92
203 92
204 92
205 92
206 92
207 92
208 92
209 92
196 93
195 93
194 93
193 93
192 93
191 93
190 93
189 93
188 93
187 93
186 93
185 93
184 93
183 93
182 93
181 93
180 93
179 93
178 93
177 93
176 93
175 93
174 93
173 93
172 93
171 93
170 93
169 93
168 93
167 93
166 93
165 93
164 93
163 93
162 93
161 93
160 93
159 93
158 93
157 93
156 93
155 93
154 93
153 93
152 93
151 93
150 93
149 93
148 93
147 93
146 93
145 93
144 93
143 93
142 93
141 93
140 93
139 93
138 93
137 93
136 93
135 93
134 93
133 93
132 93
131 93
130 93
129 93
128 93
127 93
126 93
125 93
124 93
123 93
124 94
125 95
126 96
127 97
128 98
129 98
130 98
131 98
132 98
133 98
134 98
135 98
136 98
137 98
138 98
139 98
140 98
141 98
142 98
143 98
144 98
145 98
146 98
147 98
148 98
149 98
150 98
151 98
152 98
153 98
154 98
155 98
156 98
157 98
158 98
159 98
160 98
161 98
162 98
163 98
164 98
165 98
166 98
167 98
168 98
169 98
170 98
171 98
172 98
173 98
174 98
175 98
176 98
177 98
178 98
179 98
180 98
181 98
129 99
130 100
131 101
132 102
133 103
134 104
135 105
136 105
137 105
138 105
139 105
140 105
141 105
142 105
143 105
144 105
145 105
146 105
147 105
148 105
149 105
150 105
151 105
152 105
153 105
154 105
155 105
156 105
157 105
158 105
159 105
160 105
161 105
162 105
163 105
164 105
165 105
166 105
167 105
168 105
169 105
170 105
171 105
172 105
173 105
174 105
175 105
176 105
177 105
178 105
179 105
180 105
181 105
182 105
183 105
184 105
185 105
186 105
187 105
188 105
189 105
190 105
191 105
192 105
193 105
194 105
195 105
196 105
197 105
198 105
199 105
200 105
201 105
202 105
203 105
204 105
205 105
136 106
137 107
138 108
139 108
140 108
141 108
141 109
140 109
139 109
140 110
141 111
142 112
143 113
144 113
145 113
146 113
147 113
148 113
149 113
150 113
151 113
152 113
153 113
154 113
155 113
156 113
157 113
158 113
159 113
160 113
161 113
162 113
163 113
164 113
165 113
166 113
167 113
168 113
169 113
170 113
171 113
172 113
173 113
174 113
175 113
176 113
177 113
178 113
179 113
180 113
181 113
144 114
145 115
146 116
147 117
148 118
149 119
150 120
151 121
152 122
153 123
154 123
155 123
156 123
157 123
158 123
159 123
154 124
155 125
156 125
157 125
158 125
159 125
160 125
161 125
162 125
163 125
164 125
165 125
166 125
167 125
168 125
169 125
170 125
171 125
172 125
173 125
174 125
175 125
176 125
177 125
178 125
179 125
180 125
181 125
182 125
183 125
184 125
185 125
186 125
187 125
188 125
189 125
190 125
191 125
192 125
193 125
194 125
195 125
196 125
197 125
198 125
199 125
200 125
201 125
202 125
203 125
204 125
205 125
206 125
207 125
208 125
209 125
210 125
211 125
212 125
213 125
214 125
215 125
204 126
203 126
202 126
201 126
200 126
199 126
198 126
197 126
196 126
195 126
194 126
193 126
192 126
191 126
190 126
189 126
188 126
187 126
186 126
185 126
184 126
183 126
182 126
181 126
180 126
179 126
178 126
177 126
176 126
175 126
174 126
173 126
172 126
171 126
170 126
169 126
168 126
167 126
166 126
165 126
164 126
163 126
162 126
161 126
160 126
159 126
158 126
157 126
156 126
157 127
158 127
159 127
160 127
161 127
162 127
163 127
164 127
165 127
166 127
167 127
168 127
169 127
170 127
171 127
172 127
173 127
174 127
175 127
176 127
177 127
178 127
179 127
180 127
181 127
158 128
159 129
160 130
161 131
162 132
163 133
164 134
165 135
166 136
167 137
168 137
169 137
170 137
171 137
172 137
173 137
174 137
175 137
176 137
177 137
178 137
179 137
180 137
181 137
182 137
183 137
184 137
185 137
186 137
187 137
188 137
189 137
190 137
191 137
192 137
193 137
194 137
195 137
196 137
197 137
198 137
199 137
197 138
196 138
195 138
194 138
193 138
192 138
191 138
190 138
189 138
188 138
187 138
186 138
185 138
184 138
183 138
182 138
181 138
180 138
179 138
178 138
177 138
176 138
175 138
174 138
173 138
172 138
171 138
170 138
169 138
168 138
169 139
170 139
171 139
172 139
173 139
174 139
175 139
176 139
177 139
178 139
179 139
180 139
181 139
182 139
183 139
184 139
185 139
186 139
187 139
188 139
189 139
190 139
191 139
192 139
170 140
171 141
172 142
173 142
174 142
175 142
176 142
177 142
178 142
179 142
180 142
181 142
182 142
183 142
184 142
185 142
186 142
187 142
188 142
189 142
173 143
174 144
175 144
176 144
177 144
178 144
179 144
180 144
142 109
143 109
144 109
145 109
146 109
147 109
148 109
149 109
150 109
151 109
152 109
153 109
154 109
155 109
156 109
157 109
158 109
159 109
160 109
161 109
162 109
163 109
164 109
165 109
166 109
167 109
168 109
169 109
170 109
171 109
172 109
173 109
174 109
175 109
176 109
177 109
178 109
179 109
180 109
181 109
182 109
183 109
184 109
185 109
186 109
187 109
188 109
189 109
190 109
191 109
192 109
193 109
194 109
42 89
41 88
40 87
39 86
38 85
37 84
36 83
35 82
34 81
33 80
32 79
31 78
30 77
56 89
55 88
54 87
53 86
52 85
51 84
50 83
49 82
48 81
47 80
46 79
45 78
44 77
43 76
42 75
41 74
40 73
39 72
38 71
37 70
36 69
35 68
34 67
33 66
32 65
31 64
67 89
66 88
65 87
64 86
63 85
62 84
61 83
60 82
59 81
58 80
57 79
56 78
55 77
54 76
53 75
52 74
51 73
50 72
49 71
48 70
47 69
46 68
45 67
44 66
43 65
42 64
41 63
40 62
39 61
38 60
37 59
36 58
35 57
34 56
33 55
32 54
31 53
30 52
50 70
51 71
52 72
53 73
54 74
55 75
56 76
57 77
58 78
59 79
60 80
61 81
62 82
63 83
64 84
65 85
66 86
67 87
68 88
69 89
72 89
81 89
80 88
79 87
78 86
77 85
76 84
75 83
74 82
73 81
72 80
71 79
70 78
69 77
68 76
67 75
66 74
65 73
64 72
63 71
62 70
61 69
60 68
59 67
58 66
57 65
56 64
55 63
54 62
53 61
52 60
51 59
50 58
49 57
48 56
47 55
46 54
45 53
44 52
43 51
42 50
41 49
40 48
39 47
38 46
37 45
36 44
35 43
34 42
33 41
84 89
83 88
82 87
81 86
80 85
79 84
78 83
77 82
76 81
75 80
74 79
73 78
72 77
71 76
70 75
69 74
68 73
87 89
86 88
85 87
84 86
83 85
82 84
81 83
80 82
79 81
78 80
77 79
76 78
75 77
74 76
73 75
72 74
71 73
70 72
69 71
68 70
67 69
66 68
65 67
64 66
63 65
62 64
61 63
60 62
59 61
58 60
57 59
56 58
55 57
54 56
53 55
52 54
51 53
50 52
49 51
50 50
49 49
48 48
47 47
46 46
45 45
44 44
43 43
42 42
41 41
40 40
51 51
52 52
53 53
54 54
55 55
56 56
57 57
58 58
59 59
60 60
61 61
62 62
63 63
64 64
65 65
66 66
67 67
68 68
69 69
70 70
71 71
72 72
73 73
74 74
75 75
76 76
77 77
78 78
79 79
80 80
81 81
82 82
83 83
84 84
85 85
86 86
87 87
88 88
89 89
93 89
94 89
95 89
94 88
93 88
93 87
92 87
92 86
91 86
91 85
90 85
90 84
89 84
89 83
88 83
88 82
87 82
87 81
86 81
86 80
85 80
85 79
84 79
84 78
83 78
83 77
82 77
82 76
81 76
80 75
79 74
78 73
77 72
76 71
75 70
74 69
73 68
72 67
71 66
70 65
69 64
68 63
67 62
66 61
65 60
64 59
63 58
62 57
61 56
60 55
59 54
58 53
57 52
56 51
55 50
54 49
53 48
52 47
51 46
50 45
49 44
48 43
47 42
46 41
45 40
44 39
43 38
93 86
93 85
93 84
93 83
93 82
93 81
94 81
95 81
95 82
96 82
96 83
97 83
97 84
98 84
98 85
99 85
99 86
100 86
100 87
101 87
101 88
102 88
102 89
103 89
94 80
93 80
93 79
92 79
92 78
91 78
91 77
90 77
90 76
89 76
89 75
88 75
88 74
87 74
87 73
86 73
86 72
85 72
85 71
84 71
84 70
83 70
83 69
82 69
82 68
81 68
81 67
80 67
80 66
79 66
79 65
78 65
78 64
77 64
77 63
76 63
76 62
75 62
75 61
74 61
74 60
73 60
73 59
72 59
72 58
71 58
71 57
70 57
70 56
69 56
69 55
68 55
68 54
67 54
66 53
65 52
64 51
63 50
62 49
61 48
60 47
59 46
58 45
57 44
56 43
55 42
54 41
53 40
52 39
51 38
50 37
93 78
94 78
93 77
93 76
93 75
94 75
93 74
93 73
92 73
91 72
90 71
89 70
88 69
87 68
86 67
85 66
84 65
83 64
82 63
81 62
80 61
79 60
78 59
77 58
76 57
75 56
74 55
73 54
72 53
71 52
70 51
69 50
68 49
67 48
66 47
65 46
64 45
63 44
62 43
61 42
60 41
59 40
58 39
57 38
56 37
55 36
54 35
53 34
52 33
51 32
93 72
93 71
93 70
92 70
91 69
90 68
89 67
88 66
87 65
86 64
85 63
84 62
83 61
82 60
81 59
80 58
79 57
78 56
77 55
76 54
75 53
74 52
73 51
72 50
71 49
70 48
69 47
68 46
67 45
66 44
65 43
64 42
63 41
62 40
61 39
60 38
59 37
58 36
57 35
56 34
55 33
54 32
53 31
93 69
94 69
93 68
92 67
91 66
90 65
89 64
88 63
87 62
86 61
85 60
84 59
83 58
82 57
81 56
80 55
79 54
78 53
77 52
76 51
75 50
74 49
73 48
72 47
71 46
70 45
69 44
68 43
67 42
66 41
65 40
64 39
63 38
62 37
61 36
60 35
59 34
58 33
57 32
56 31
55 30
54 29
95 70
96 71
97 72
98 73
99 74
100 75
101 76
102 77
103 78
104 79
105 80
106 81
107 82
108 83
109 84
110 85
111 86
112 87
113 88
114 89
95 76
96 76
96 77
95 77
97 78
98 79
99 80
100 81
101 82
102 83
103 84
104 85
105 86
106 87
107 88
108 89
97 75
118
114 90
51 90
30 91
61 98
30 105
93 100
114 106
93 113
50 111
61 110
72 108
30 124
72 126
61 127
48 131
27 135
35 136
36 137
48 142
49 143
50 144
55 145
69 144
81 144
93 129
92 144
103 144
135 126
147 126
128 107
128 144
114 143
143 144
164 144
114 122
65 34
147 61
166 43
99 63
84 48
114 74
99 51
86 34
114 58
114 46
104 34
123 34
137 34
127 48
139 48
152 34
136 61
169 30
159 46
181 24
148 90
215 81
204 80
214 69
215 57
181 85
198 69
204 58
212 45
181 72
160 89
181 59
197 43
168 74
135 89
188 33
189 34
190 35
181 46
192 36
193 37
157 75
195 38
136 77
158 57
183 32
209 92
196 93
181 98
160 105
205 105
141 108
181 113
159 123
215 125
204 126
192 126
181 127
199 137
197 138
192 139
189 142
180 144
194 109
30 77
31 64
30 52
50 70
72 89
33 41
68 73
49 51
40 40
93 89
82 76
43 38
68 54
50 37
51 32
53 31
85 60
54 29
97 75
