1118
119 90
118 90
117 89
116 88
115 87
114 86
113 87
112 88
111 89
110 90
109 91
108 92
107 93
106 94
105 95
104 96
103 97
102 98
101 99
100 100
99 101
98 102
97 103
96 104
95 105
94 106
93 107
92 108
91 108
90 108
89 108
88 108
87 108
86 108
85 108
84 108
83 108
82 108
81 108
80 108
79 108
78 108
77 108
76 108
75 108
74 108
73 108
72 108
71 108
70 108
69 108
68 107
67 107
66 107
65 107
64 107
63 107
62 107
61 107
60 107
59 107
58 107
57 107
56 107
55 107
54 107
53 107
52 107
51 107
50 107
49 107
48 107
47 107
46 107
45 106
44 105
43 104
42 103
41 102
40 101
39 100
38 99
37 98
36 97
35 96
34 95
34 94
33 94
33 93
33 92
33 91
33 90
33 89
33 88
33 87
33 86
33 85
33 84
33 83
33 82
33 81
33 80
33 79
33 78
32 77
31 76
30 75
29 74
28 73
35 94
36 94
37 94
38 94
39 94
40 94
41 94
42 94
43 94
44 93
45 92
46 91
47 90
48 89
49 88
50 87
51 86
51 85
51 84
51 83
51 82
51 81
51 80
51 79
51 78
51 77
51 76
51 75
51 74
51 73
51 72
51 71
51 70
50 69
49 68
49 67
50 66
51 65
52 64
53 63
54 62
55 61
56 60
57 59
58 58
59 57
60 56
61 55
62 54
62 53
61 53
60 53
59 53
58 53
57 53
56 53
55 53
54 53
53 53
52 53
51 52
50 51
49 50
48 49
48 48
48 47
48 46
48 45
48 44
48 43
48 42
48 41
48 40
48 39
48 38
47 38
46 39
45 40
44 41
43 41
42 41
41 41
40 41
39 41
38 41
37 41
36 42
35 43
34 44
33 45
32 46
31 47
30 48
29 49
28 50
28 51
28 52
49 38
50 38
51 38
52 38
53 38
54 37
55 36
56 35
57 34
58 34
59 34
60 34
61 34
62 34
63 34
64 34
65 34
66 34
67 34
68 34
69 34
70 34
71 34
72 34
73 34
63 53
64 54
65 55
66 56
67 56
68 56
69 56
70 56
71 56
72 56
73 56
74 56
75 56
76 56
77 56
78 56
79 56
80 56
81 56
82 56
83 56
84 56
85 56
86 56
87 56
88 56
89 56
90 55
91 54
92 53
93 52
94 51
95 51
96 51
97 51
98 51
99 51
100 51
101 51
102 51
103 51
104 51
105 51
106 51
107 51
108 50
109 49
110 48
111 47
112 46
112 45
112 44
112 43
112 42
112 41
112 40
112 39
112 38
112 37
113 36
114 35
115 34
113 47
114 48
114 49
114 50
114 51
114 52
114 53
114 54
114 55
114 56
114 57
114 58
114 59
114 60
114 61
114 62
114 63
114 64
114 65
94 50
94 49
94 48
94 47
94 46
94 45
94 44
94 43
94 42
94 41
94 40
94 39
94 38
94 37
94 36
94 35
94 34
78 57
77 58
76 59
75 60
74 61
73 62
72 63
71 64
71 65
71 66
71 67
71 68
71 69
71 70
71 71
72 72
73 73
74 74
75 74
76 74
77 74
78 74
79 74
80 74
81 74
82 74
83 74
84 74
85 74
86 74
87 74
88 74
89 74
90 74
91 73
92 72
93 71
83 75
84 76
85 77
86 78
87 79
88 80
89 81
90 82
91 83
92 84
93 85
93 86
81 75
80 76
79 77
78 78
77 79
76 80
75 81
74 82
73 83
72 84
72 85
72 86
83 109
84 110
85 111
86 112
87 113
88 114
89 115
90 116
91 117
92 118
93 119
93 120
93 121
93 122
93 123
92 124
91 125
90 125
89 125
88 125
87 125
86 125
85 125
84 125
83 125
82 125
81 125
80 125
79 125
78 125
77 125
76 125
75 125
74 125
73 125
72 124
71 123
81 126
80 127
79 128
78 129
77 130
76 131
75 132
74 133
73 134
72 135
72 136
72 137
72 138
72 139
72 140
72 141
72 142
72 143
72 144
72 145
71 145
70 145
69 145
68 145
67 145
66 145
65 145
64 145
63 145
62 145
61 145
60 145
59 145
58 145
57 145
56 144
55 143
54 143
53 143
52 143
51 142
50 141
49 140
48 139
47 139
46 139
45 139
44 139
43 139
42 139
41 139
40 139
39 139
38 138
37 137
36 137
35 137
34 136
33 135
32 134
31 133
48 138
48 137
48 136
48 135
48 134
48 133
48 132
48 131
48 130
48 129
48 128
47 128
46 128
45 128
44 128
43 128
42 127
41 126
40 125
39 124
38 123
37 122
36 121
35 120
34 119
33 118
32 117
31 116
30 115
83 126
84 127
85 128
86 129
87 130
88 131
89 132
90 133
91 134
92 135
93 136
93 137
93 138
93 139
93 140
93 141
93 142
93 143
93 144
93 145
119 91
118 92
117 93
116 94
116 95
116 96
116 97
116 98
116 99
116 100
116 101
116 102
117 103
118 104
119 104
120 104
121 104
122 104
123 104
124 104
125 104
126 104
125 105
124 106
123 107
122 108
121 109
120 110
119 111
118 112
117 113
116 114
115 115
114 116
114 117
114 118
114 119
114 120
114 121
114 122
114 123
114 124
114 125
114 126
114 127
114 128
114 129
114 130
114 131
114 132
114 133
114 134
114 135
114 136
114 137
114 138
114 139
114 140
114 141
114 142
114 143
127 105
128 106
129 107
130 108
131 108
132 108
133 108
134 108
135 108
136 108
137 108
136 109
136 110
136 111
136 112
136 113
136 114
136 115
136 116
136 117
136 118
136 119
136 120
136 121
136 122
136 123
135 124
135 125
135 126
135 127
135 128
135 129
135 130
135 131
135 132
135 133
135 134
135 135
135 136
135 137
135 138
135 139
135 140
135 141
135 142
135 143
121 90
122 90
123 90
124 90
125 90
126 90
127 90
128 90
129 90
130 90
131 90
132 89
133 88
134 87
135 86
136 86
136 87
137 88
138 89
139 90
140 91
141 92
142 93
143 93
144 93
145 93
146 93
147 93
148 93
149 93
150 93
151 93
152 93
153 93
154 93
155 93
156 93
157 93
158 93
159 93
160 93
149 94
150 95
151 96
152 97
153 98
154 99
155 100
156 101
157 102
158 103
158 104
158 105
158 106
158 107
158 108
157 109
157 110
157 111
157 112
157 113
157 114
157 115
157 116
157 117
157 118
157 119
157 120
157 121
157 122
157 123
158 124
159 125
160 126
161 127
162 128
163 129
164 129
165 129
166 129
167 129
168 129
167 130
166 131
165 132
164 133
163 134
162 135
161 136
160 137
159 138
158 139
157 140
156 141
156 142
156 143
156 144
156 145
169 130
170 131
171 132
172 133
173 133
174 133
175 133
176 133
177 133
178 133
179 133
180 133
181 133
180 134
179 135
178 136
177 137
177 138
177 139
177 140
177 141
177 142
177 143
177 144
182 134
183 135
184 136
185 137
186 138
187 138
188 138
189 138
190 138
191 138
192 138
192 137
193 136
194 135
195 134
196 133
197 132
198 131
199 130
200 129
201 128
202 127
202 126
202 125
202 124
202 123
202 122
202 121
202 120
202 119
202 118
203 117
204 116
204 115
203 115
202 115
201 115
200 115
199 115
198 115
197 115
196 115
195 115
194 115
193 115
192 115
191 115
190 115
189 115
188 115
187 115
186 115
185 115
184 115
183 114
182 113
181 112
181 111
181 110
181 109
181 108
181 107
182 106
183 105
184 104
185 103
186 102
187 101
188 100
189 99
190 98
191 97
192 96
193 95
193 94
192 94
191 94
190 94
189 94
188 94
187 94
186 94
185 94
184 94
183 93
182 92
181 91
194 94
195 94
196 94
197 94
198 94
199 94
200 94
201 94
202 94
203 94
204 94
205 94
205 115
203 128
204 129
205 130
206 131
207 132
208 133
209 133
210 133
211 133
212 133
213 133
137 85
138 84
139 83
140 82
141 81
142 80
143 79
144 78
145 77
146 76
146 75
145 75
144 75
143 75
142 75
141 75
140 75
139 74
138 73
137 72
136 71
136 70
136 69
136 68
136 67
137 66
138 65
139 64
140 63
141 62
142 61
143 60
144 59
145 58
146 57
146 56
145 56
144 56
143 56
142 56
141 56
140 56
139 56
138 56
137 56
136 56
135 55
135 54
135 53
135 52
135 51
135 50
135 49
135 48
135 47
135 46
135 45
135 44
135 43
135 42
135 41
135 40
135 39
135 38
135 37
135 36
135 35
136 34
147 56
148 56
149 56
150 56
151 56
152 56
153 56
154 56
155 56
156 56
157 56
158 56
159 56
160 56
161 55
162 54
163 53
163 52
163 51
163 50
163 49
163 48
163 47
163 46
163 45
163 44
163 43
163 42
163 41
163 40
162 39
161 38
160 37
159 36
158 35
157 34
164 54
165 55
166 56
167 57
168 58
169 59
170 60
171 61
172 62
173 63
174 64
175 65
176 66
177 67
178 68
179 69
180 70
181 70
182 70
183 69
184 68
185 67
186 66
187 65
188 64
189 63
190 62
191 61
192 60
193 59
193 58
192 58
191 58
190 58
189 57
188 56
187 55
186 54
185 53
184 52
183 51
182 50
181 49
194 58
195 58
196 58
197 58
198 58
199 58
200 57
201 56
202 55
203 54
204 53
205 52
205 51
205 50
205 49
205 48
205 47
205 46
205 45
205 44
205 43
206 42
207 41
195 59
196 60
197 61
198 62
199 63
200 64
201 65
202 66
203 67
204 68
204 69
204 70
204 71
204 72
204 73
205 73
206 73
207 73
208 73
209 73
210 73
211 73
212 73
213 73
214 73
215 73
194 57
194 56
194 55
194 54
194 53
194 52
194 51
194 50
194 49
194 48
194 47
194 46
194 45
194 44
194 43
194 42
194 41
193 40
192 39
191 38
190 37
189 36
188 36
187 36
186 36
185 36
184 36
183 36
182 36
181 36
180 36
179 35
178 34
147 75
148 75
149 75
150 75
151 75
152 75
153 75
154 75
155 74
156 73
157 72
158 71
81
114 86
95 105
82 108
68 107
50 107
33 94
28 73
51 86
49 68
48 49
47 38
37 41
28 52
57 34
73 34
63 53
79 56
94 51
112 46
115 34
114 65
94 34
71 71
82 74
93 71
93 86
72 86
93 123
82 125
71 123
72 145
55 143
48 139
37 137
31 133
48 128
30 115
93 145
116 102
126 104
114 122
114 143
137 108
136 123
135 143
135 86
148 93
160 93
158 108
157 123
168 129
156 145
181 133
177 144
192 138
202 127
194 115
181 112
181 91
194 94
205 94
205 115
213 133
136 71
135 55
136 34
147 56
163 53
157 34
181 70
181 49
194 58
205 52
207 41
204 73
215 73
194 47
189 36
178 34
147 75
158 71
