1101
119 90
118 90
117 89
116 88
115 87
119 91
118 92
117 93
116 94
115 95
115 96
115 97
115 98
115 99
115 100
115 101
115 102
115 103
115 104
115 105
115 106
115 107
115 108
115 109
115 110
115 111
115 112
115 113
115 114
115 115
115 116
115 117
115 118
115 119
115 120
115 121
115 122
121 90
122 90
123 90
124 90
125 90
126 90
127 91
128 92
129 93
130 93
131 93
132 93
133 93
134 93
135 93
136 93
137 93
138 93
139 93
140 94
141 95
142 96
143 97
144 98
145 99
146 100
147 101
147 102
147 103
147 104
148 104
147 105
146 106
145 107
144 108
143 108
142 108
141 108
140 108
139 108
138 108
137 108
136 108
135 109
134 110
134 111
134 112
134 113
134 114
134 115
134 116
134 117
134 118
134 119
134 120
134 121
134 122
134 123
134 124
134 125
134 126
133 127
132 128
131 129
130 130
129 131
128 132
127 133
126 134
125 135
124 136
123 137
122 138
121 139
120 140
119 141
118 142
117 143
116 143
115 143
135 127
136 128
136 129
136 130
136 131
136 132
136 133
136 134
136 135
136 136
136 137
136 138
136 139
136 140
136 141
136 142
136 143
136 144
136 145
148 106
149 107
150 108
151 108
152 108
153 108
154 108
155 108
156 108
157 108
158 108
157 109
156 110
155 111
154 112
154 113
154 114
154 115
154 116
154 117
154 118
154 119
154 120
154 121
154 122
154 123
155 124
156 125
157 126
158 127
159 128
160 128
161 128
162 128
163 128
164 128
165 128
164 129
163 130
162 131
161 132
160 133
159 134
158 135
157 136
157 137
157 138
157 139
157 140
157 141
157 142
157 143
157 144
157 145
166 129
167 130
168 131
169 132
170 133
171 134
172 135
173 136
174 137
175 138
176 139
177 140
178 141
178 142
178 143
179 143
180 143
181 143
182 143
183 143
184 143
185 143
186 143
187 143
188 143
189 142
189 141
189 140
190 140
189 139
188 138
187 137
186 136
185 135
184 134
183 133
182 132
181 131
191 139
192 138
192 137
193 136
194 135
195 134
196 133
197 132
198 131
199 130
200 129
201 128
202 127
202 126
202 125
202 124
202 123
202 122
202 121
202 120
202 119
202 118
203 117
204 116
204 115
203 115
202 115
201 115
200 115
199 115
198 115
197 115
196 115
195 115
194 114
193 114
192 114
191 114
190 114
189 114
188 114
187 114
186 114
185 114
184 113
183 112
182 111
181 110
181 109
181 108
181 107
182 106
183 105
184 104
185 103
186 102
187 101
188 100
189 99
190 98
191 97
192 96
193 95
193 94
192 94
191 94
190 94
189 94
188 94
187 94
186 94
185 93
184 92
183 91
182 90
181 89
181 88
181 87
181 86
181 85
181 84
181 83
181 82
181 81
181 80
181 79
181 78
181 77
181 76
181 75
181 74
181 73
181 72
181 71
181 70
181 69
181 68
182 68
183 68
184 68
185 68
186 68
187 68
188 67
189 66
190 65
191 64
192 63
193 62
194 61
195 61
196 61
195 62
196 63
197 64
198 65
199 66
200 67
201 68
202 69
203 70
204 71
204 72
204 73
205 73
206 73
207 73
208 73
209 73
210 73
211 73
212 73
213 73
214 73
215 73
197 60
198 59
199 58
200 57
201 56
202 55
203 54
204 53
204 52
203 52
202 52
201 52
200 52
199 52
198 51
197 50
196 49
195 48
194 47
194 46
194 45
194 44
194 43
194 42
194 41
194 40
193 39
192 38
191 37
190 36
189 36
188 36
187 36
186 36
185 36
184 36
183 36
182 36
181 35
180 34
189 37
188 38
187 39
186 40
185 41
184 42
183 43
182 44
181 45
181 46
181 47
205 52
205 51
205 50
205 49
205 48
205 47
205 46
205 45
205 44
205 43
206 42
207 41
194 94
195 94
196 94
197 94
198 94
199 94
200 94
201 94
202 94
203 94
204 94
205 94
205 115
203 128
204 129
205 130
206 130
207 130
208 130
209 130
210 130
211 130
212 130
213 130
214 130
215 130
149 103
150 102
151 101
152 100
153 99
154 98
155 97
156 96
157 95
158 94
159 93
160 92
160 91
160 90
159 89
158 88
157 87
156 86
155 85
154 84
153 83
152 82
151 81
150 80
149 79
148 78
148 77
147 77
146 77
145 77
144 77
143 77
142 77
141 76
140 75
139 74
138 73
137 72
136 71
136 70
136 69
136 68
136 67
136 66
136 65
136 64
136 63
136 62
136 61
135 60
134 59
133 58
132 57
131 56
130 55
129 54
128 53
127 52
127 51
127 50
127 49
127 48
127 47
127 46
127 45
128 44
129 43
130 42
131 41
132 40
133 39
134 38
135 37
136 36
137 35
138 34
126 53
125 54
124 55
123 56
122 57
121 58
120 59
119 60
118 61
117 62
116 63
115 64
115 65
115 66
114 66
113 66
112 65
111 64
110 63
109 62
108 61
107 60
106 59
105 58
104 57
104 56
103 56
102 56
101 56
100 56
99 56
98 56
97 56
96 56
95 56
94 56
93 56
92 56
91 56
102 57
101 58
100 59
99 60
98 61
97 62
96 63
95 64
94 65
93 66
93 67
93 68
93 69
93 70
93 71
92 72
91 73
90 74
89 75
88 76
87 77
86 77
85 77
84 77
83 77
82 77
81 77
80 77
79 77
78 77
77 77
76 76
75 75
74 74
73 73
72 72
71 71
71 70
71 69
71 68
71 67
71 66
71 65
71 64
71 63
71 62
71 61
71 60
71 59
71 58
71 57
70 56
81 78
80 79
79 80
78 81
77 82
76 83
75 84
74 85
73 86
73 87
73 88
73 89
73 90
73 91
73 92
73 93
72 93
71 93
70 93
69 93
68 93
67 92
66 91
65 90
64 89
63 88
62 87
61 87
60 87
59 87
58 87
57 87
56 87
55 87
54 87
53 87
52 87
51 86
51 85
51 84
51 83
51 82
51 81
51 80
51 79
51 78
51 77
51 76
51 75
51 74
51 73
51 72
51 71
51 70
50 69
49 68
48 67
48 66
48 65
48 64
48 63
48 62
48 61
48 60
48 59
48 58
48 57
48 56
48 55
48 54
48 53
48 52
48 51
48 50
48 49
48 48
48 47
48 46
48 45
48 44
48 43
48 42
48 41
48 40
48 39
48 38
47 38
46 39
45 40
44 41
43 41
42 41
41 41
40 41
39 41
38 41
37 41
36 41
35 41
34 42
33 43
32 44
31 45
30 46
29 47
28 48
28 49
28 50
28 51
28 52
49 38
50 38
51 38
52 37
53 36
54 35
55 34
56 34
57 34
58 34
59 34
60 34
61 34
62 34
63 34
64 34
65 34
66 34
67 34
68 34
69 34
70 34
71 34
72 34
73 34
74 34
75 34
47 68
46 69
45 70
44 71
43 72
42 73
41 73
40 73
39 73
38 73
37 73
36 73
35 73
34 73
33 73
32 73
31 73
30 73
29 73
72 94
72 95
72 96
72 97
72 98
72 99
72 100
72 101
72 102
72 103
72 104
72 105
72 106
72 107
72 108
71 108
70 108
69 108
68 108
67 108
66 108
65 108
64 108
63 108
62 108
61 108
60 108
59 108
58 108
57 108
56 108
55 108
54 108
53 108
52 108
51 108
50 107
71 109
71 110
71 111
71 112
71 113
71 114
71 115
71 116
71 117
71 118
71 119
71 120
71 121
71 122
71 123
72 124
73 125
74 126
75 127
76 128
77 128
78 128
79 128
80 128
81 128
82 128
83 128
84 128
85 128
86 128
87 128
88 128
89 128
90 128
91 128
92 128
93 127
83 129
84 130
85 131
86 132
87 133
88 134
89 135
90 136
91 137
92 138
93 139
94 140
94 141
94 142
94 143
94 144
94 145
81 129
80 130
79 131
78 132
77 133
76 134
75 135
74 136
73 137
73 138
73 139
73 140
73 141
73 142
73 143
73 144
73 145
72 145
71 145
70 145
69 145
68 145
67 145
66 145
65 145
64 145
63 145
62 145
61 145
60 145
59 145
58 145
57 145
56 144
55 143
54 143
53 143
52 143
51 142
50 141
49 140
48 139
47 139
46 139
45 139
44 139
43 139
42 139
41 139
40 139
39 139
38 139
37 138
36 137
36 136
36 135
36 134
36 133
36 132
35 131
34 130
33 129
32 128
31 127
31 126
31 125
31 124
31 123
31 122
31 121
31 120
31 119
31 118
30 117
29 116
28 115
28 114
28 113
28 112
28 111
28 110
28 109
28 108
28 107
28 106
28 105
28 104
28 103
28 102
28 101
28 100
28 99
28 98
28 97
28 96
28 95
28 94
48 138
48 137
48 136
48 135
48 134
48 133
48 132
48 131
48 130
48 129
48 128
83 78
84 79
85 80
86 81
87 82
88 83
89 84
90 85
91 86
92 87
93 88
94 89
94 90
93 91
93 92
93 93
93 94
93 95
93 96
93 97
93 98
93 99
93 100
93 101
93 102
93 103
93 104
93 105
93 106
93 107
93 108
105 56
106 56
107 56
108 55
109 54
110 53
111 52
112 51
112 50
112 49
111 49
110 48
109 47
108 46
107 45
106 44
105 43
104 42
103 41
102 40
101 39
100 38
99 37
98 36
97 35
96 34
112 48
112 47
112 46
112 45
112 44
112 43
112 42
112 41
112 40
112 39
113 38
114 37
115 36
116 35
117 34
149 77
150 77
151 77
152 77
153 76
154 75
155 74
156 73
157 72
158 71
158 70
158 69
158 68
157 67
156 66
155 65
154 64
153 63
152 62
151 61
150 60
149 59
148 58
147 57
147 56
146 56
148 56
149 56
150 56
151 56
152 56
153 56
154 56
155 55
156 54
157 53
158 52
158 51
158 50
158 49
158 48
158 47
158 46
158 45
158 44
158 43
158 42
158 41
158 40
158 39
158 38
158 37
158 36
158 35
159 34
83
115 87
115 108
115 122
126 90
139 93
147 105
136 108
134 126
115 143
136 145
158 108
154 123
165 128
157 145
178 143
189 142
181 131
192 138
202 127
194 114
181 110
181 89
181 68
194 61
204 73
215 73
194 47
190 36
180 34
181 47
205 52
207 41
194 94
205 94
205 115
215 130
160 92
147 77
136 71
127 52
138 34
115 66
103 56
91 56
93 71
82 77
71 71
70 56
73 93
62 87
51 86
48 67
48 49
47 38
35 41
28 52
55 34
75 34
29 73
72 108
61 108
50 107
71 123
82 128
93 127
94 145
73 145
55 143
48 139
36 137
31 127
28 115
28 94
48 128
94 90
93 108
112 51
96 34
117 34
158 71
146 56
158 52
159 34
