3014
119 90
118 90
117 90
116 90
115 90
114 90
113 90
112 90
111 90
110 90
109 90
108 90
107 90
106 90
105 90
104 90
103 90
102 90
101 90
100 90
99 90
98 90
97 90
96 90
95 90
94 90
93 90
92 90
91 90
90 90
89 90
88 90
87 90
86 90
85 90
84 90
83 90
82 90
81 90
80 90
79 90
78 90
77 90
76 90
75 90
74 90
73 90
72 90
71 90
70 90
69 90
68 90
67 90
66 90
65 90
64 90
63 90
62 90
61 90
60 90
59 90
58 90
57 90
56 90
55 90
54 90
53 90
52 90
51 90
50 90
49 90
48 90
47 90
46 90
45 90
44 90
43 90
42 90
41 90
40 90
39 90
38 89
37 88
36 87
35 86
34 85
33 84
32 83
31 82
30 81
51 89
59 89
58 88
57 87
56 86
55 85
54 84
53 83
52 82
51 81
50 80
49 79
48 78
47 77
46 76
45 75
44 74
43 73
42 72
41 71
40 70
39 69
38 68
37 67
36 66
35 65
34 64
33 63
32 62
31 61
30 60
72 89
72 88
72 87
72 86
72 85
72 84
72 83
72 82
72 81
72 80
72 79
73 78
74 77
75 76
76 75
75 74
74 73
73 72
73 71
72 71
71 71
70 71
69 71
68 71
67 71
66 71
65 71
64 71
63 71
62 71
61 71
60 71
59 71
58 71
57 71
56 71
55 71
54 71
53 71
52 70
51 69
50 68
56 70
55 69
54 68
53 67
52 66
51 65
50 64
49 63
48 62
47 61
46 60
45 59
44 58
43 57
42 56
41 55
40 54
39 53
38 52
37 51
36 50
35 49
34 48
33 47
32 46
31 45
65 70
65 69
65 68
65 67
65 66
65 65
66 65
65 64
64 63
63 62
62 61
61 60
60 59
59 58
58 57
57 56
56 55
55 54
54 53
53 52
52 51
51 50
50 49
49 48
48 47
47 47
46 47
45 47
44 47
43 47
42 46
41 45
40 44
39 43
38 42
37 41
36 40
67 66
68 67
69 68
70 69
71 70
65 72
65 73
74 71
75 71
76 71
77 71
78 71
79 71
80 71
80 70
80 69
79 69
78 68
77 67
76 66
75 65
74 64
73 63
72 62
71 61
70 60
69 59
68 58
67 57
66 56
65 55
64 54
63 53
62 52
61 51
60 50
59 49
58 48
57 47
56 46
55 45
54 44
53 43
52 42
51 41
50 40
49 39
48 38
47 37
46 36
80 68
80 67
80 66
80 65
79 65
78 64
77 63
76 62
75 61
74 60
73 59
72 58
71 57
70 56
69 55
68 54
67 53
66 52
65 51
64 50
63 49
62 48
61 47
60 46
59 45
58 44
57 43
56 42
55 41
54 40
53 39
52 38
51 37
50 36
49 35
80 64
80 63
80 62
79 62
78 61
77 60
76 59
75 58
74 57
73 56
72 55
71 54
70 53
69 52
68 51
67 50
66 49
65 48
64 47
63 46
62 45
61 44
60 43
59 42
58 41
57 40
56 39
55 38
54 37
53 36
52 35
51 34
50 33
80 61
80 60
80 59
80 58
80 57
80 56
80 55
79 54
78 53
77 52
76 51
75 50
74 49
73 48
72 47
71 46
70 45
69 44
68 43
67 42
66 41
65 40
64 39
63 38
62 37
61 36
60 35
59 34
58 33
57 32
81 54
82 53
79 72
79 73
78 73
77 74
79 74
79 75
79 76
79 77
78 77
77 76
79 78
79 79
80 79
79 80
79 81
79 82
79 83
79 84
79 85
79 86
79 87
79 88
79 89
81 80
82 81
83 82
84 83
85 84
86 85
87 86
88 87
89 88
90 89
81 72
82 73
83 73
84 73
85 73
86 73
87 73
88 73
89 73
90 73
91 73
92 73
93 73
94 73
95 73
96 73
97 73
83 74
84 75
85 76
86 77
87 78
88 79
89 80
90 81
91 82
92 83
93 84
93 85
94 85
93 86
93 87
93 88
93 89
95 86
96 87
97 88
98 89
79 91
79 92
79 93
79 94
79 95
79 96
79 97
79 98
78 98
77 98
76 98
75 98
74 98
73 98
72 98
71 98
70 98
69 98
68 98
67 98
66 98
65 98
64 98
63 98
62 98
61 98
60 98
59 98
58 98
57 98
56 98
55 98
54 98
53 98
52 98
51 98
50 98
49 98
48 98
47 98
46 98
45 98
44 98
43 98
42 98
41 98
40 98
39 98
38 98
37 98
36 98
35 98
34 98
33 98
32 98
31 98
30 98
65 99
66 99
67 99
68 99
69 99
70 99
71 99
72 99
73 99
74 99
75 99
76 99
77 99
78 99
79 99
80 99
81 99
82 99
83 99
84 99
85 99
86 99
87 99
88 99
89 99
90 99
91 99
92 99
93 99
94 99
95 99
96 99
97 99
98 99
99 99
100 99
101 99
102 99
103 99
104 99
105 99
106 99
107 99
108 99
109 99
110 99
111 99
111 98
110 98
109 98
108 98
107 98
106 98
105 98
104 98
103 98
102 98
101 98
100 98
99 98
98 98
97 98
96 98
95 98
94 98
93 98
92 98
91 98
90 98
89 98
88 98
87 98
86 98
85 98
84 98
83 98
82 98
81 98
80 98
93 97
93 96
93 95
93 94
93 93
94 93
93 92
93 91
92 91
95 94
96 95
97 96
98 97
106 97
105 96
104 95
103 94
102 93
101 92
100 91
112 98
113 97
114 96
115 95
116 94
117 93
118 92
119 91
121 90
120 89
120 88
120 87
121 87
120 86
120 85
120 84
120 83
121 83
120 82
119 82
118 81
117 80
116 79
115 78
114 77
115 76
114 75
113 74
112 73
111 72
110 71
109 70
108 69
107 68
106 67
105 66
104 65
103 64
102 63
101 62
100 61
99 60
98 59
97 58
96 57
95 56
94 55
93 54
92 53
91 52
90 51
89 50
88 49
87 48
86 47
85 46
84 45
83 44
82 43
81 42
80 41
79 40
78 39
77 38
76 37
75 36
74 35
73 34
116 77
117 78
118 79
119 80
120 80
120 79
120 78
121 78
120 77
120 76
120 75
120 74
120 73
120 72
120 71
120 70
120 69
120 68
119 68
118 67
117 66
116 65
115 64
114 63
120 67
120 66
121 66
120 65
120 64
121 64
120 63
119 63
118 62
117 61
116 60
115 59
114 58
113 57
112 56
111 55
110 54
109 53
108 52
107 51
106 50
105 49
104 48
103 47
102 46
101 45
100 44
99 43
98 42
97 41
96 40
95 39
94 38
93 37
92 36
91 35
90 34
120 62
120 61
120 60
120 59
120 58
120 57
120 56
120 55
120 54
120 53
119 53
118 52
117 51
116 50
115 49
114 48
120 52
120 51
121 51
120 50
120 49
120 48
120 47
119 47
118 46
117 45
116 44
115 43
114 42
113 41
112 40
111 39
110 38
109 37
108 36
107 35
106 34
120 46
120 45
120 44
120 43
120 42
120 41
120 40
120 39
120 38
120 37
120 36
121 35
122 34
122 50
123 49
124 48
125 47
126 46
127 45
128 44
129 43
130 42
131 41
132 40
133 39
134 38
135 37
136 36
137 35
138 34
122 63
123 62
124 61
125 60
126 59
127 58
128 57
129 56
130 55
131 54
132 53
133 52
134 51
135 50
136 49
137 48
138 47
139 46
140 45
141 44
142 43
143 42
144 41
145 40
146 39
147 38
148 37
149 36
150 35
151 34
136 51
135 52
134 53
133 54
132 55
131 56
130 57
129 58
128 59
127 60
126 61
125 62
124 63
123 64
122 65
122 77
123 76
124 75
125 74
126 73
127 72
128 71
129 70
130 69
131 68
132 67
133 66
134 65
135 64
136 63
137 62
138 61
139 60
140 59
141 58
142 57
143 56
144 55
145 54
146 53
147 52
148 51
149 50
150 49
151 48
152 47
153 46
154 45
155 44
156 43
157 42
158 41
159 40
160 39
161 38
162 37
163 36
164 35
165 34
120 81
122 82
123 81
124 80
125 79
126 78
127 77
128 76
129 75
130 74
131 73
132 72
133 71
134 70
135 69
136 68
122 86
123 85
124 84
125 83
126 82
127 81
121 91
122 90
123 90
124 90
125 90
126 90
127 90
128 90
129 90
130 90
131 90
132 90
133 90
134 90
135 90
136 90
137 90
138 90
139 90
140 90
141 90
142 90
143 90
144 90
145 90
146 90
147 90
148 90
149 90
150 90
151 90
152 90
153 90
154 90
155 90
156 90
157 90
158 90
159 90
160 90
161 90
162 90
163 90
164 90
165 90
166 90
167 90
168 90
169 90
170 90
171 90
172 90
173 90
174 90
175 90
176 90
177 90
178 90
179 90
180 90
181 90
182 90
183 90
184 90
185 90
186 90
187 90
188 90
189 90
190 90
191 90
192 90
193 90
194 90
195 90
196 90
197 89
198 88
199 87
200 86
201 85
202 84
203 83
204 82
205 81
194 89
195 88
196 87
197 86
198 85
199 84
200 83
201 82
202 81
203 80
204 79
205 78
206 77
207 76
208 75
209 74
210 73
211 72
212 71
213 70
214 69
215 68
187 89
188 88
189 87
190 86
191 85
192 84
193 83
194 82
183 89
184 88
185 87
186 86
187 85
188 84
189 83
190 82
191 81
192 80
193 79
194 78
195 77
196 76
197 75
198 74
199 73
200 72
201 71
202 70
203 69
204 68
181 89
171 89
170 89
171 88
172 88
172 87
173 87
173 86
174 86
174 85
175 85
175 84
176 84
176 83
177 83
177 82
178 82
178 81
179 81
179 80
180 80
180 79
181 79
181 78
182 78
183 77
184 76
185 75
186 74
187 73
188 72
189 71
190 70
191 69
192 68
193 67
194 66
195 65
196 64
197 63
198 62
199 61
200 60
201 59
202 58
203 57
204 56
205 55
167 89
168 88
169 87
170 86
171 85
172 84
173 83
174 82
175 81
176 80
177 79
178 78
179 77
180 76
181 75
182 74
183 73
184 72
185 71
186 70
187 69
188 68
189 67
190 66
191 65
192 64
193 63
194 62
195 61
196 60
197 59
198 58
199 57
200 56
201 55
202 54
203 53
204 52
205 51
206 50
207 49
208 48
209 47
210 46
211 45
212 44
213 43
160 89
159 89
158 89
160 88
161 88
161 87
162 87
162 86
163 86
163 85
164 85
164 84
165 84
165 83
166 83
166 82
167 82
167 81
168 81
168 80
169 80
169 79
170 79
170 78
171 78
171 77
172 77
172 76
173 76
173 75
174 75
174 74
175 74
175 73
176 73
176 72
177 72
177 71
178 71
178 70
179 70
179 69
180 69
180 68
181 68
181 67
182 67
183 66
184 65
185 64
186 63
187 62
188 61
189 60
190 59
191 58
192 57
193 56
194 55
153 89
154 88
155 87
156 86
157 85
158 84
159 83
160 82
161 81
162 80
163 79
164 78
165 77
166 76
167 75
168 74
169 73
170 72
171 71
172 70
173 69
174 68
175 67
176 66
177 65
178 64
179 63
180 62
181 61
182 60
183 59
184 58
185 57
186 56
187 55
188 54
189 53
190 52
191 51
192 50
193 49
194 48
195 47
196 46
197 45
198 44
199 43
200 42
146 89
145 89
146 88
147 88
147 87
148 87
148 86
149 86
149 85
150 85
150 84
151 84
151 83
152 83
152 82
153 82
153 81
154 81
154 80
155 80
155 79
156 79
156 78
157 78
157 77
158 77
158 76
159 76
160 75
161 74
162 73
163 72
164 71
165 70
166 69
167 68
168 67
169 66
170 65
171 64
172 63
173 62
174 61
175 60
176 59
177 58
178 57
179 56
180 55
181 54
182 53
183 52
184 51
185 50
186 49
187 48
188 47
189 46
190 45
191 44
192 43
193 42
194 41
195 40
196 39
142 89
141 89
142 88
143 88
143 87
144 87
144 86
145 86
145 85
146 85
146 84
147 84
147 83
148 82
149 81
150 80
151 79
152 78
153 77
154 76
155 75
156 74
157 73
158 72
159 71
160 70
161 69
162 68
163 67
164 66
165 65
166 64
167 63
168 62
169 61
170 60
171 59
172 58
173 57
174 56
175 55
176 54
177 53
178 52
179 51
180 50
181 49
182 48
183 47
184 46
136 89
135 88
134 88
134 89
133 89
132 88
131 88
130 88
129 88
129 89
128 89
130 89
131 89
130 87
131 87
132 87
133 87
133 86
132 86
131 86
132 85
133 85
134 85
135 85
135 84
134 84
133 84
134 83
135 83
136 83
137 83
137 82
136 82
135 82
136 81
137 81
138 81
139 81
139 80
138 80
137 80
138 79
139 79
140 79
140 78
139 78
140 77
141 77
142 77
142 76
141 76
142 75
143 75
144 75
144 74
143 74
144 73
145 73
146 73
146 72
145 72
146 71
147 71
148 71
148 70
147 70
148 69
149 69
150 69
150 68
149 68
150 67
151 67
152 67
152 66
151 66
152 65
153 65
154 65
154 64
153 64
154 63
155 63
156 63
156 62
155 62
156 61
157 61
158 61
157 60
158 59
159 58
160 57
161 56
162 55
163 54
164 53
165 52
166 51
167 50
168 49
169 48
170 47
171 46
172 45
173 44
174 43
175 42
176 41
177 40
178 39
179 38
180 37
181 36
182 35
183 34
184 33
185 32
186 31
187 32
186 33
185 34
184 35
183 36
182 37
181 38
180 39
179 40
178 41
177 42
176 43
175 44
174 45
173 46
172 47
171 48
170 49
169 50
168 51
167 52
166 53
165 54
164 55
163 56
162 57
161 58
160 59
159 60
157 62
155 64
153 66
151 68
149 70
147 72
145 74
143 76
141 78
140 80
141 81
142 81
142 80
143 80
143 79
144 79
144 78
145 78
145 77
146 77
146 76
147 76
147 75
148 75
148 74
149 74
149 73
150 73
150 72
151 72
151 71
152 71
152 70
153 70
153 69
154 69
154 68
155 68
155 67
156 67
156 66
157 66
157 65
158 65
158 64
159 64
159 63
160 63
160 62
161 62
161 61
162 61
162 60
163 60
163 59
164 59
164 58
165 58
165 57
166 57
166 56
167 56
167 55
168 55
168 54
169 54
169 53
170 53
170 52
171 52
171 51
172 51
172 50
173 49
174 48
175 47
176 46
177 45
178 44
179 43
180 42
181 41
182 40
183 39
184 38
185 37
186 36
187 35
188 34
173 52
172 53
171 54
170 55
169 56
168 57
167 58
166 59
165 60
164 61
163 62
162 63
161 64
160 65
159 66
158 67
157 68
156 69
155 70
154 71
153 72
152 73
151 74
150 75
149 76
148 77
147 78
146 79
145 80
144 81
143 82
142 83
141 82
140 82
140 83
139 83
139 84
138 84
138 85
137 85
137 86
136 86
136 87
135 87
134 86
137 88
138 87
139 86
140 85
141 84
136 84
138 82
174 51
175 50
176 49
177 48
178 47
179 46
180 45
181 44
182 43
183 42
184 41
185 40
186 39
187 38
188 37
189 36
190 35
122 89
123 88
124 87
125 86
126 85
127 84
128 83
129 82
130 81
131 80
132 79
133 78
134 77
135 76
136 75
137 74
138 73
139 72
140 71
141 70
142 69
143 68
144 67
145 66
146 65
147 64
148 63
149 62
150 61
151 60
152 59
153 58
154 57
155 56
156 55
157 54
158 53
159 52
160 51
161 50
162 49
163 48
164 47
165 46
166 45
167 44
168 43
169 42
170 41
171 40
172 39
173 38
174 37
175 36
176 35
177 34
178 33
179 32
180 31
181 30
122 92
123 93
124 94
125 95
126 95
127 95
128 95
129 95
130 95
131 95
132 95
133 95
134 95
135 95
136 95
137 95
138 95
139 95
140 95
141 95
142 95
143 95
144 95
145 95
146 95
147 95
148 95
149 95
150 95
151 95
152 95
153 95
154 95
155 95
156 95
157 95
158 95
159 95
160 95
161 95
162 95
163 95
164 95
165 95
166 95
167 95
168 95
169 95
170 95
171 95
172 95
173 95
174 95
175 95
176 95
177 95
178 95
179 95
180 95
181 95
182 95
183 95
184 95
185 95
186 95
187 95
188 95
189 95
190 95
191 95
192 95
193 95
194 95
195 95
196 95
197 95
198 95
199 95
200 95
201 95
202 95
203 95
204 95
205 95
206 95
207 95
208 95
209 95
210 95
211 95
212 95
213 95
214 95
215 95
126 96
127 97
128 98
129 98
130 98
131 98
132 98
133 98
134 98
135 98
136 98
137 98
138 98
139 98
140 98
141 98
142 98
143 98
129 99
130 100
131 101
132 102
133 103
134 104
135 105
136 105
137 105
138 105
139 105
140 105
141 105
142 105
143 105
144 105
145 105
146 105
147 105
148 105
149 105
150 105
151 105
152 105
153 105
154 105
155 105
156 105
157 105
158 105
159 105
136 106
137 107
138 108
139 108
140 108
141 108
142 108
143 108
144 108
145 108
146 108
147 108
148 108
149 108
150 108
151 108
152 108
153 108
154 108
155 108
156 108
157 108
158 108
159 108
160 108
161 108
162 108
163 108
164 108
165 108
166 108
167 108
168 108
169 108
170 108
171 108
172 108
173 108
174 108
175 108
176 108
177 108
178 108
179 108
180 108
181 108
181 109
180 109
179 109
178 109
177 109
176 109
175 109
174 109
173 109
172 109
171 109
170 109
169 109
168 109
167 109
166 109
165 109
164 109
163 109
162 109
161 109
160 109
159 109
158 109
157 109
156 109
155 109
154 109
153 109
152 109
151 109
150 109
149 109
148 109
147 109
146 109
145 109
144 109
143 109
142 109
141 109
140 109
139 109
140 110
141 111
142 111
143 111
144 111
145 111
146 111
147 111
148 111
149 111
150 111
151 111
152 111
153 111
154 111
155 111
156 111
157 111
158 111
159 111
160 111
161 111
162 111
163 111
164 111
165 111
166 111
167 111
168 111
169 111
170 111
171 111
172 111
173 111
174 111
175 111
176 111
177 111
178 111
179 111
180 111
181 111
182 111
183 111
184 111
185 111
186 111
187 111
188 111
189 111
190 111
191 111
192 111
193 111
194 111
142 112
143 113
144 114
145 115
146 116
147 117
148 118
149 119
150 120
151 121
152 122
153 123
154 123
155 123
156 123
157 123
158 123
154 124
155 125
156 126
157 126
158 126
159 126
160 126
161 126
162 126
163 126
164 126
165 126
166 126
167 126
168 126
169 126
170 126
171 126
172 126
173 126
174 126
175 126
176 126
177 126
178 126
179 126
180 126
181 126
182 126
183 126
184 126
185 126
186 126
187 126
188 126
189 126
190 126
191 126
192 126
192 127
191 127
190 127
189 127
188 127
187 127
186 127
185 127
184 127
183 127
182 127
181 127
180 127
179 127
178 127
177 127
176 127
175 127
174 127
173 127
172 127
171 127
170 127
169 127
168 127
167 127
166 127
165 127
164 127
163 127
162 127
161 127
160 127
159 127
158 127
157 127
158 128
159 128
160 128
161 128
162 128
163 128
164 128
165 128
166 128
167 128
168 128
169 128
170 128
171 128
172 128
173 128
174 128
175 128
176 128
177 128
178 128
179 128
180 128
181 128
182 128
183 128
184 128
185 128
186 128
187 128
188 128
189 128
190 128
191 128
192 128
193 128
194 128
195 128
196 128
197 128
198 128
199 128
200 128
201 128
202 128
203 128
203 127
202 127
201 127
200 127
199 127
198 127
197 127
196 127
195 127
194 127
193 127
204 127
205 127
206 127
207 127
208 127
209 127
210 127
211 127
212 127
213 127
214 127
159 129
160 130
161 131
162 132
163 133
164 134
165 135
166 136
167 137
168 137
169 137
170 137
171 137
172 137
173 137
174 137
175 137
176 137
177 137
178 137
179 137
180 137
181 137
182 137
183 137
184 137
185 137
186 137
187 137
188 137
189 137
190 137
191 137
192 137
193 137
194 137
195 137
196 137
197 137
198 137
199 137
197 138
196 138
195 138
194 138
193 138
192 138
191 138
190 138
189 138
188 138
187 138
186 138
185 138
184 138
183 138
182 138
181 138
180 138
179 138
178 138
177 138
176 138
175 138
174 138
173 138
172 138
171 138
170 138
169 138
168 138
169 139
170 139
171 139
172 139
173 139
174 139
175 139
176 139
177 139
178 139
179 139
180 139
181 139
182 139
183 139
184 139
185 139
186 139
187 139
188 139
189 139
190 139
191 139
170 140
171 141
172 142
173 142
174 142
175 142
176 142
177 142
178 142
179 142
180 142
181 142
182 142
183 142
184 142
185 142
186 142
187 142
188 142
189 142
190 142
188 143
187 143
186 143
185 143
184 143
183 143
182 143
181 143
180 143
179 143
178 143
177 143
176 143
175 143
174 143
173 143
174 144
175 144
176 144
177 144
178 144
179 144
180 144
181 144
182 144
183 144
184 144
185 144
186 144
187 144
178 145
177 145
176 145
175 145
182 109
183 109
184 109
185 109
186 109
187 109
188 109
189 109
190 109
191 109
192 109
193 109
194 109
195 109
196 109
197 109
198 109
199 109
200 109
201 109
202 109
203 109
204 109
205 109
110 100
109 100
109 101
110 101
111 102
112 102
113 102
114 102
112 103
113 104
114 105
115 105
116 105
117 105
118 105
119 105
120 105
121 105
122 105
123 105
124 105
125 105
126 105
127 105
115 106
114 106
114 107
114 108
114 109
114 110
114 111
114 112
113 112
112 111
111 110
110 109
109 108
108 107
107 106
106 105
105 105
105 104
106 104
107 103
108 102
104 103
103 102
102 101
101 100
104 106
103 107
102 108
101 109
100 109
99 109
98 109
97 109
96 109
95 109
94 109
93 109
92 109
91 109
90 109
89 109
88 109
87 109
86 109
85 109
84 109
83 109
82 109
81 109
80 109
79 109
78 109
77 109
76 109
75 109
74 109
73 109
72 109
71 109
70 109
69 109
68 109
67 109
66 109
65 109
64 109
63 109
62 109
61 109
60 109
59 109
58 109
57 109
56 109
55 109
54 109
53 109
52 109
51 109
50 109
73 110
74 110
75 110
76 110
77 110
78 110
79 110
80 110
81 110
82 110
83 110
84 110
85 110
86 110
87 110
88 110
89 110
90 110
91 110
92 110
93 110
94 110
95 110
96 110
97 110
98 110
99 110
100 110
99 111
98 112
97 113
96 113
95 113
94 113
93 113
92 113
91 113
90 113
89 113
88 113
87 113
86 113
85 113
84 113
83 113
82 113
81 113
80 113
79 113
78 113
77 113
76 113
75 113
74 113
73 113
72 113
71 113
70 113
69 113
68 113
67 113
66 113
65 113
64 113
63 113
62 113
61 113
61 114
60 114
59 114
58 114
57 114
56 114
55 114
54 114
53 114
52 114
51 114
50 114
49 114
48 114
47 114
46 114
45 114
44 114
43 114
42 114
41 114
40 114
39 114
38 114
37 114
36 114
35 114
34 114
33 114
32 114
31 114
30 114
62 114
63 114
64 114
65 114
66 114
67 114
68 114
69 114
70 114
71 114
72 114
73 114
74 114
75 114
76 114
77 114
78 114
79 114
80 114
81 114
82 114
83 114
84 114
85 114
86 114
87 114
88 114
89 114
90 114
91 114
92 114
93 114
94 114
95 114
96 114
95 115
94 116
93 117
93 118
92 118
91 119
90 120
89 121
88 122
87 123
86 124
85 125
84 126
83 127
82 127
81 127
80 127
79 127
78 127
77 127
76 127
75 127
74 127
73 127
72 127
71 127
82 128
81 129
80 130
79 130
78 130
77 130
76 130
75 130
74 130
73 130
72 130
71 130
70 130
69 130
68 130
67 130
66 130
65 130
64 130
63 130
62 130
61 130
60 130
59 130
58 130
57 130
56 130
55 130
54 130
53 130
52 130
51 130
50 130
49 130
48 130
47 130
46 130
45 130
44 130
43 130
42 130
41 130
40 130
39 130
38 130
37 130
36 130
35 130
34 130
33 130
32 130
31 130
30 130
79 131
78 132
77 133
76 134
75 135
74 136
73 136
72 136
71 136
70 136
69 136
68 136
67 136
66 136
65 136
64 136
63 136
62 136
61 136
60 136
59 136
58 136
57 136
56 136
55 136
54 136
53 136
52 136
51 136
50 136
49 136
48 136
47 136
46 136
45 136
44 136
43 136
42 136
41 136
40 136
39 136
38 136
37 136
36 136
35 136
37 137
38 137
39 137
40 137
41 137
42 137
43 137
44 137
45 137
46 137
47 137
48 137
49 137
50 137
51 137
52 137
53 137
54 137
55 137
56 137
57 137
58 137
59 137
60 137
61 137
62 137
63 137
64 137
65 137
66 137
67 137
68 137
69 137
70 137
71 137
72 137
73 137
72 138
72 139
71 139
70 140
69 141
68 141
67 141
66 141
65 141
64 141
63 141
62 141
61 141
60 141
59 141
58 141
57 141
56 141
55 141
54 141
53 141
52 141
51 141
50 141
49 141
48 141
47 141
49 142
50 142
51 142
52 142
53 142
54 142
55 142
56 142
57 142
58 142
59 142
60 142
61 142
62 142
63 142
64 142
65 142
66 142
67 142
68 142
67 143
66 144
65 144
64 144
63 144
62 144
61 144
60 144
59 144
58 144
57 144
56 144
55 144
54 144
53 144
52 144
51 144
50 144
57 145
58 145
59 145
60 145
61 145
62 145
63 145
64 145
65 145
72 140
72 141
72 142
72 143
93 119
93 120
93 121
93 122
93 123
93 124
93 125
93 126
93 127
93 128
93 129
93 130
93 131
93 132
93 133
93 134
93 135
93 136
93 137
93 138
93 139
93 140
93 141
93 142
93 143
93 144
114 113
114 114
115 114
114 115
114 116
114 117
114 118
114 119
114 120
114 121
114 122
114 123
114 124
114 125
114 126
114 127
114 128
114 129
114 130
114 131
114 132
114 133
114 134
114 135
114 136
114 137
114 138
114 139
114 140
114 141
114 142
114 143
116 115
117 116
118 117
119 118
120 119
121 120
122 121
123 122
124 123
125 123
125 122
125 121
125 120
125 119
125 118
125 117
126 117
125 116
124 115
123 114
122 113
121 112
120 111
119 110
118 109
117 108
116 107
127 118
128 119
129 120
130 121
131 122
132 123
133 124
134 125
135 126
136 126
137 126
138 126
139 126
140 126
141 126
142 126
143 126
144 126
145 126
146 126
147 126
136 127
137 128
138 129
139 130
140 131
141 132
142 133
143 134
144 135
145 136
146 137
147 138
148 139
149 140
150 141
151 142
152 143
153 144
154 144
155 144
156 144
157 144
158 144
159 144
125 124
125 125
126 125
125 126
125 127
125 128
125 129
125 130
125 131
125 132
125 133
125 134
125 135
125 136
125 137
125 138
125 139
125 140
125 141
125 142
125 143
125 144
127 126
128 127
129 128
130 129
131 130
132 131
133 132
134 133
135 134
136 135
136 136
137 136
136 137
136 138
136 139
136 140
136 141
136 142
136 143
138 137
139 138
140 139
141 140
142 141
143 142
144 143
145 144
146 144
147 144
93 100
93 101
93 102
93 103
93 104
93 105
117
114 90
93 90
72 90
30 81
51 89
30 60
50 68
31 45
48 47
36 40
65 73
80 71
46 36
49 35
71 54
61 44
50 33
57 32
82 53
97 73
79 98
30 98
65 99
114 77
93 54
73 34
114 63
90 34
114 48
106 34
122 34
138 34
151 34
136 51
153 46
165 34
136 68
127 81
125 90
169 90
205 81
215 68
194 82
204 68
181 89
181 78
205 55
213 43
158 89
181 67
194 55
200 42
158 76
196 39
147 84
168 62
184 46
136 89
157 61
168 49
186 31
187 32
140 80
172 51
188 34
190 35
181 30
147 95
204 95
215 95
143 98
159 105
181 108
140 109
194 111
158 123
192 126
181 127
203 128
214 127
199 137
197 138
191 139
190 142
188 143
187 144
178 145
205 109
114 102
127 105
50 109
73 110
61 113
30 114
82 127
71 127
48 130
30 130
35 136
37 137
47 141
49 142
50 144
57 145
72 143
93 123
93 144
114 114
114 128
114 143
136 126
147 126
159 144
125 144
136 143
147 144
93 105
