3231
119 90
118 90
117 90
116 90
115 90
114 90
113 90
112 90
111 90
110 90
109 90
108 90
107 90
106 90
105 90
104 90
103 90
102 90
101 90
100 90
99 90
98 90
97 90
96 90
95 90
94 90
93 90
92 90
91 90
90 90
89 90
88 90
87 90
86 90
85 90
84 90
83 90
82 90
81 90
80 90
79 90
78 90
77 90
76 90
75 90
74 90
73 90
72 90
71 90
70 90
69 90
68 90
67 90
66 90
65 90
64 90
63 90
62 90
61 90
60 90
59 90
58 90
57 90
56 90
55 90
54 90
53 90
52 90
51 90
50 90
49 90
48 90
47 90
46 90
45 90
44 90
43 90
42 90
41 90
40 90
39 90
38 90
37 90
36 90
35 90
34 90
33 90
32 90
31 89
30 88
51 91
52 91
53 91
54 91
55 91
56 91
57 91
58 91
59 91
60 91
61 91
62 91
63 91
64 91
65 91
66 91
67 91
68 91
69 91
70 91
71 91
72 91
73 91
74 91
75 91
76 91
77 91
78 91
79 91
80 91
81 91
82 91
83 91
84 91
85 91
86 91
87 91
88 91
89 91
90 91
91 91
92 91
93 91
94 91
95 91
96 91
97 91
98 91
99 91
100 91
101 91
102 91
103 91
104 91
105 91
106 91
107 91
108 91
109 91
110 91
111 91
112 91
113 91
114 91
115 91
116 91
117 91
118 91
119 91
119 92
118 92
117 93
116 94
115 95
114 95
114 94
114 93
114 92
114 96
114 97
113 97
112 98
111 99
110 100
109 101
108 102
107 101
106 100
105 99
104 98
103 97
102 97
102 96
101 95
100 94
99 93
98 92
102 98
102 99
101 99
100 98
99 98
99 97
98 96
97 95
96 94
95 93
94 92
99 99
99 100
99 101
99 102
102 100
102 101
103 101
102 102
102 103
102 104
102 105
102 106
102 107
103 107
102 108
101 108
100 108
99 108
98 108
97 108
96 108
95 108
94 108
93 108
92 108
91 108
90 108
89 108
88 108
87 108
86 108
85 108
84 108
83 108
82 108
81 108
80 108
79 108
78 108
77 108
76 108
75 108
74 108
73 108
72 108
71 108
70 108
69 108
68 108
67 108
66 108
65 108
64 108
63 108
62 108
61 108
60 108
59 108
58 108
57 108
56 108
55 108
54 108
53 108
52 108
51 108
50 108
49 108
48 108
47 108
46 108
45 108
44 108
43 108
42 108
41 108
40 108
39 108
38 108
37 108
36 108
35 108
34 108
33 108
32 108
31 108
30 108
101 109
102 109
102 110
102 111
102 112
102 113
102 114
102 115
102 116
101 116
100 116
99 116
98 116
97 116
96 116
95 116
94 116
93 116
92 116
91 116
90 116
93 117
92 118
91 119
90 120
89 121
88 122
87 123
86 124
85 125
84 126
83 126
82 126
81 126
80 126
79 126
78 126
77 126
76 126
75 126
74 126
73 126
72 126
71 126
70 126
70 127
69 127
68 127
67 127
66 127
65 127
64 127
63 127
62 127
61 127
60 127
59 127
58 127
57 127
56 127
55 127
54 127
53 127
52 127
51 127
50 127
49 127
48 127
47 127
46 127
45 127
44 127
43 127
42 127
41 127
40 127
39 127
38 127
37 127
36 127
35 127
34 127
33 127
32 127
31 127
30 127
71 127
72 127
73 127
74 127
75 127
76 127
77 127
78 127
79 127
80 127
81 127
82 127
83 127
84 127
84 128
84 129
84 130
82 128
82 129
81 129
80 130
79 131
78 131
77 131
76 131
75 131
74 131
73 131
72 131
71 131
70 131
69 131
68 131
67 131
66 131
65 131
64 131
63 131
62 131
61 131
60 131
59 131
58 131
57 131
56 131
55 131
54 131
53 131
52 131
51 131
50 131
49 131
48 131
78 132
77 133
76 134
75 135
74 135
73 135
72 135
71 135
70 135
69 135
68 135
67 135
67 136
66 136
65 136
64 136
63 136
62 136
61 136
60 136
59 136
58 136
57 136
56 136
55 136
54 136
53 136
52 136
51 136
50 136
49 136
48 136
47 136
46 136
45 136
44 136
43 136
42 136
41 136
40 136
39 136
38 136
37 136
36 136
68 136
69 136
70 136
71 136
72 136
73 136
74 136
73 137
72 138
71 139
70 140
69 141
68 142
67 142
66 142
65 142
64 142
63 142
62 142
61 142
60 142
59 142
58 142
57 142
56 142
55 142
54 142
53 142
52 142
51 142
50 142
49 142
67 143
66 144
65 144
64 144
63 144
62 144
61 144
60 144
59 144
58 144
57 144
56 144
55 144
54 144
53 144
52 144
65 145
64 146
63 147
62 147
61 147
60 147
59 147
58 147
57 147
56 147
55 147
54 147
53 147
82 130
82 131
82 132
82 133
82 134
82 135
82 136
82 137
82 138
82 139
82 140
82 141
82 142
82 143
82 144
95 115
96 114
97 113
98 113
99 113
99 112
98 112
98 111
97 111
96 111
95 111
94 111
93 111
92 111
91 111
90 111
89 111
88 111
87 111
86 111
85 111
84 111
83 111
82 111
81 111
80 111
79 111
78 111
77 111
76 111
75 111
74 111
73 111
72 111
71 111
70 111
69 111
68 111
67 111
66 111
65 111
64 111
63 111
62 111
61 111
60 111
59 111
58 111
57 111
56 111
55 111
54 111
53 111
52 111
51 111
50 111
99 111
100 110
99 114
98 114
98 115
99 115
98 117
99 117
99 118
98 118
98 119
99 119
99 120
98 120
98 121
99 121
99 122
98 122
98 123
99 123
99 124
98 124
98 125
99 125
99 126
98 126
98 127
99 127
99 128
98 128
98 129
99 129
99 130
98 130
98 131
98 132
98 133
98 134
98 135
98 136
98 137
98 138
98 139
98 140
98 141
98 142
98 143
98 144
103 116
104 116
105 116
106 116
107 116
108 116
109 116
110 116
111 116
112 116
113 116
114 116
115 116
116 116
117 116
118 116
119 116
120 116
121 116
122 116
123 116
124 116
125 116
126 116
127 116
128 116
129 116
130 116
131 116
132 116
133 116
134 116
135 116
136 116
137 116
138 116
139 115
139 114
138 114
137 114
136 114
135 114
134 114
133 114
132 114
131 114
130 114
129 114
128 114
127 114
126 114
125 114
124 114
123 114
122 114
121 114
120 114
119 113
118 112
117 111
116 110
115 109
114 109
114 108
114 107
113 107
112 106
111 105
110 104
110 103
109 103
111 103
112 103
113 103
114 103
114 102
114 101
114 100
114 99
114 98
114 104
114 105
114 106
114 110
114 111
113 111
112 110
111 109
110 108
109 107
108 106
107 105
106 104
105 103
104 102
105 105
104 106
107 103
114 112
114 113
115 113
114 114
114 115
116 114
117 115
121 115
122 115
123 115
124 115
125 115
126 115
127 115
139 113
140 113
140 114
139 112
138 112
138 111
137 111
137 110
136 110
136 109
135 109
135 108
134 108
134 107
133 107
133 106
132 106
132 105
131 105
131 104
130 104
130 103
129 103
129 102
128 102
128 101
127 101
127 100
126 100
126 99
125 99
125 98
124 98
124 97
123 97
123 96
122 96
122 95
121 95
121 94
120 94
120 93
119 93
129 101
130 100
129 99
128 98
127 97
126 96
125 95
124 94
123 93
122 92
122 91
121 91
121 90
120 89
120 88
119 88
118 87
117 86
116 85
115 84
114 83
113 82
112 81
111 80
110 79
109 78
108 77
107 76
106 75
105 74
104 73
103 72
102 71
101 70
100 69
99 68
98 67
97 66
96 65
95 64
94 63
93 62
92 61
91 60
90 59
89 58
88 57
87 56
86 55
85 54
84 53
83 52
82 51
81 50
120 87
120 86
121 86
121 85
120 85
120 84
120 83
119 83
118 82
117 81
116 80
115 79
114 78
113 77
112 76
111 75
110 74
109 73
108 72
107 71
106 70
105 69
104 68
103 67
102 66
101 65
100 64
99 63
98 62
97 61
96 60
95 59
94 58
93 57
92 56
91 55
90 54
89 53
88 52
87 51
86 50
85 49
84 48
83 47
82 46
81 45
80 44
79 43
78 42
77 41
76 40
75 39
74 38
73 37
72 36
71 35
70 34
120 82
120 81
120 80
119 80
119 79
118 79
118 78
117 78
117 77
116 77
116 76
115 76
115 75
114 75
114 74
113 74
112 73
111 72
110 71
109 70
108 69
107 68
106 67
105 66
104 65
103 64
120 79
120 78
120 77
120 76
121 76
120 75
120 74
120 73
120 72
119 72
119 71
118 71
118 70
117 70
117 69
116 69
116 68
115 68
115 67
114 67
114 66
113 66
113 65
112 65
112 64
111 64
111 63
110 63
110 62
109 62
109 61
108 61
108 60
107 60
107 59
106 59
106 58
105 58
105 57
104 57
104 56
103 56
103 55
102 55
102 54
101 54
101 53
100 53
100 52
99 52
99 51
98 51
98 50
97 50
96 49
95 48
94 47
93 46
92 45
91 44
90 43
89 42
88 41
87 40
86 39
85 38
84 37
83 36
82 35
81 34
120 71
120 70
120 69
120 68
120 67
120 66
121 66
120 65
120 64
119 64
118 63
117 62
116 61
115 60
114 59
120 63
120 62
120 61
119 61
118 60
117 59
116 58
115 57
114 56
113 55
112 54
111 53
110 52
109 51
108 50
107 49
106 48
105 47
104 46
103 45
102 44
101 43
100 42
99 41
98 40
97 39
96 38
95 37
94 36
93 35
92 34
120 60
120 59
121 59
120 58
120 57
120 56
120 55
120 54
120 53
120 52
119 52
118 51
117 50
116 49
115 48
114 47
115 46
114 45
113 44
112 43
111 42
110 41
109 40
108 39
107 38
106 37
105 36
104 35
103 34
116 47
117 48
118 49
119 50
120 50
120 49
120 48
120 47
120 46
120 45
120 44
120 43
121 43
120 42
120 41
120 40
119 39
118 38
117 37
116 36
115 35
114 34
122 42
123 41
124 40
125 39
126 38
127 37
128 36
129 35
130 34
120 51
122 58
123 57
124 56
125 55
126 54
127 53
128 52
129 51
130 50
131 49
132 48
133 47
134 46
135 45
136 44
137 43
138 42
139 41
140 40
141 39
142 38
143 37
144 36
145 35
146 34
122 65
123 64
124 63
125 62
126 61
127 60
128 59
129 58
130 57
131 56
132 55
133 54
134 53
121 72
122 71
123 70
124 69
125 68
126 67
127 66
128 65
129 64
130 63
131 62
132 61
133 60
134 59
135 58
136 57
137 56
138 55
139 54
140 53
141 52
142 51
143 50
144 49
145 48
146 47
147 46
148 45
149 44
150 43
151 42
152 41
153 40
154 39
155 38
156 37
157 36
158 35
159 34
122 75
123 74
124 73
125 72
126 71
127 70
128 69
129 68
130 67
131 66
132 65
133 64
134 63
135 62
136 61
137 60
138 59
139 58
140 57
141 56
142 55
143 54
144 53
145 52
146 51
147 50
148 49
149 48
150 47
122 85
122 84
123 84
123 83
124 83
124 82
125 82
125 81
126 81
126 80
127 80
127 79
128 79
128 78
129 78
129 77
130 77
130 76
131 76
131 75
132 75
132 74
133 74
133 73
134 73
134 72
135 72
135 71
136 70
137 69
138 68
139 67
140 66
141 65
142 64
143 63
144 62
145 61
146 60
147 59
148 58
149 57
150 56
151 55
152 54
153 53
154 52
155 51
156 50
157 49
158 48
159 47
160 46
161 45
162 44
163 43
164 42
165 41
166 40
167 39
168 38
169 37
170 36
171 35
172 34
136 73
135 74
134 75
133 76
132 77
131 78
130 79
129 80
128 81
127 82
126 83
125 84
124 85
123 86
122 87
121 88
137 72
138 71
139 70
140 69
141 68
142 67
143 66
144 65
145 64
146 63
147 62
148 61
149 60
150 59
151 58
152 57
153 56
154 55
155 54
156 53
157 52
158 51
159 50
160 49
161 48
162 47
163 46
164 45
165 44
166 43
167 42
168 41
169 40
170 39
171 38
172 37
173 36
174 35
175 34
176 33
177 32
178 31
179 30
180 29
181 28
182 27
183 26
122 90
123 90
124 90
125 90
126 90
127 90
128 90
129 90
130 90
131 90
132 90
133 90
134 90
135 90
136 90
137 90
138 90
139 90
140 90
141 90
142 90
143 90
144 90
145 90
146 90
147 90
148 90
149 90
150 90
151 90
152 90
153 90
154 90
155 90
156 90
157 90
158 90
159 90
160 90
161 90
162 90
163 90
164 90
165 90
166 90
167 90
168 90
169 90
170 90
171 90
172 90
173 90
174 90
175 90
176 90
177 90
178 90
179 90
180 90
181 90
182 90
183 90
184 90
185 90
186 90
187 90
188 90
189 90
190 90
191 90
192 90
193 90
194 90
195 90
196 90
197 90
197 91
196 91
195 91
194 91
193 91
192 91
191 91
190 91
189 91
188 91
187 91
186 91
185 91
184 91
183 91
182 91
181 91
180 91
179 91
178 91
177 91
176 91
175 91
174 91
173 91
172 91
171 91
170 91
169 91
168 91
167 91
166 91
165 91
164 91
163 91
162 91
161 91
160 91
159 91
158 91
157 91
156 91
155 91
154 91
153 91
152 91
151 91
150 91
149 91
148 91
147 91
146 91
145 91
144 91
143 91
142 91
141 91
140 91
139 91
138 91
137 91
136 91
135 91
134 91
133 91
132 91
131 91
130 91
129 91
128 91
127 91
126 91
125 91
124 91
123 91
198 91
199 91
200 91
201 91
202 91
203 91
204 91
205 91
206 91
207 91
208 91
209 91
210 91
211 91
212 91
213 91
214 91
215 91
198 89
199 88
200 87
201 86
202 85
203 84
204 83
205 82
206 81
207 80
208 79
209 78
189 89
190 88
191 87
192 86
193 85
194 84
195 83
196 82
197 81
198 80
199 79
200 78
201 77
202 76
203 75
204 74
205 73
206 72
207 71
208 70
209 69
210 68
211 67
212 66
213 65
214 64
215 63
185 89
186 88
187 87
188 86
189 85
190 84
191 83
192 82
193 81
194 80
195 79
196 78
182 89
183 88
179 89
180 88
181 87
182 86
183 85
184 84
185 83
186 82
187 81
188 80
189 79
190 78
191 77
192 76
193 75
194 74
195 73
196 72
197 71
198 70
199 69
200 68
201 67
202 66
203 65
204 64
172 89
173 88
174 87
175 86
176 85
177 84
178 83
179 82
180 81
181 80
182 79
183 78
184 77
185 76
186 75
187 74
188 73
189 72
190 71
191 70
192 69
193 68
194 67
195 66
196 65
197 64
198 63
199 62
200 61
201 60
202 59
203 58
204 57
205 56
206 55
207 54
208 53
209 52
210 51
211 50
212 49
213 48
165 89
164 89
163 89
164 88
165 87
166 86
167 85
168 84
169 83
170 82
171 81
172 80
173 79
174 78
175 77
176 76
177 75
178 74
179 73
180 72
181 71
172 82
171 83
170 84
169 85
168 86
167 87
166 88
156 89
157 88
158 87
159 86
160 85
161 84
162 83
163 82
164 81
165 80
166 79
167 78
168 77
169 76
170 75
171 74
172 73
173 72
174 71
175 70
176 69
177 68
178 67
179 66
180 65
181 64
182 63
183 62
184 61
185 60
186 59
187 58
188 57
189 56
190 55
191 54
192 53
193 52
194 51
195 50
196 49
197 48
198 47
199 46
148 89
147 88
146 89
148 87
149 86
150 85
151 84
152 83
153 82
154 81
155 80
156 79
157 78
158 77
159 76
160 75
161 74
162 73
163 72
164 71
165 70
166 69
167 68
168 67
169 66
170 65
171 64
172 63
173 62
174 61
175 60
176 59
177 58
178 57
179 56
180 55
181 54
182 53
183 52
162 75
161 76
160 77
159 78
158 79
157 80
156 81
155 82
154 83
153 84
152 85
151 86
150 87
149 88
143 89
144 88
145 87
146 86
147 85
148 84
149 83
150 82
151 81
152 80
153 79
154 78
155 77
156 76
157 75
158 74
159 73
160 72
161 71
162 70
163 69
164 68
165 67
166 66
167 65
168 64
169 63
170 62
171 61
172 60
173 59
174 58
175 57
176 56
177 55
178 54
179 53
180 52
181 51
182 50
183 49
184 48
185 47
186 46
187 45
188 44
189 43
190 42
191 41
192 40
193 39
194 38
139 89
140 88
141 87
142 86
143 85
144 84
145 83
146 82
147 81
148 80
149 79
150 78
151 77
152 76
153 75
154 74
155 73
156 72
157 71
158 70
159 69
160 68
161 67
162 66
163 65
164 64
165 63
166 62
167 61
136 89
135 88
134 88
134 89
133 89
135 87
136 87
136 86
137 86
137 85
138 85
138 84
139 84
139 83
140 83
140 82
141 82
141 81
142 81
142 80
143 80
143 79
144 79
144 78
145 78
145 77
146 77
146 76
147 76
147 75
148 75
148 74
149 73
150 72
151 71
152 70
153 69
154 68
155 67
156 66
157 65
158 64
159 63
160 62
161 61
162 60
163 59
164 58
165 57
166 56
167 55
168 54
169 53
170 52
171 51
172 50
173 49
174 48
175 47
176 46
177 45
178 44
179 43
180 42
181 41
182 40
183 39
184 38
185 37
186 36
149 76
148 77
147 78
146 79
145 80
144 81
143 82
142 83
141 84
140 85
139 86
138 87
137 88
150 75
151 74
152 73
153 72
154 71
155 70
156 69
157 68
158 67
159 66
160 65
161 64
162 63
163 62
164 61
165 60
166 59
167 58
168 57
169 56
170 55
171 54
172 53
126 89
125 89
124 89
125 88
126 88
127 88
127 87
126 87
127 86
128 86
129 86
129 85
128 85
129 84
130 84
131 84
131 83
130 83
131 82
132 82
133 82
133 81
132 81
133 80
134 80
135 80
135 79
134 79
135 78
136 78
137 78
137 77
136 77
137 76
138 76
139 76
139 75
138 75
139 74
140 74
141 74
141 73
140 73
141 72
142 72
143 72
143 71
142 71
143 70
144 70
145 70
145 69
144 69
145 68
146 68
147 68
147 67
146 67
147 66
148 66
149 66
149 65
148 65
149 64
150 64
151 64
151 63
150 63
151 62
152 62
153 62
153 61
152 61
153 60
154 60
155 60
155 59
154 59
155 58
156 58
157 58
157 57
156 57
157 56
158 56
159 56
159 55
158 55
159 54
160 54
161 54
161 53
160 53
161 52
162 52
163 52
163 51
162 51
163 50
164 50
165 50
165 49
164 49
165 48
166 48
167 48
166 47
167 46
168 45
169 44
170 43
171 42
172 41
173 40
174 39
175 38
176 37
177 36
178 35
179 34
180 33
181 32
182 31
183 30
184 29
185 30
184 31
183 32
182 33
181 34
180 35
179 36
178 37
177 38
176 39
175 40
174 41
173 42
172 43
171 44
170 45
169 46
168 47
166 49
164 51
162 53
160 55
158 57
156 59
154 61
152 63
150 65
148 67
146 69
144 71
142 73
140 75
138 77
136 79
134 81
132 83
130 85
128 87
131 101
132 101
133 101
134 101
135 101
136 101
137 101
138 101
139 101
140 101
141 101
142 101
143 101
144 101
132 102
133 103
134 103
135 103
136 103
137 103
138 103
139 103
140 103
141 103
142 103
143 103
144 103
145 103
146 103
147 103
148 103
149 103
150 103
151 103
152 103
153 103
154 103
155 103
156 103
157 103
158 103
159 103
160 103
161 103
162 103
163 103
164 103
165 103
166 103
167 103
168 103
169 103
170 103
171 103
172 103
173 103
174 103
175 103
176 103
177 103
178 103
179 103
180 103
181 103
182 103
183 103
184 103
185 103
186 103
187 103
188 103
189 103
190 103
191 103
192 103
193 103
194 103
195 103
196 103
197 103
198 103
199 103
200 103
201 103
202 103
203 103
204 103
205 103
206 103
207 103
208 103
209 103
210 103
211 103
212 103
197 104
196 104
195 104
194 104
193 104
192 104
191 104
190 104
189 104
188 104
187 104
186 104
185 104
184 104
183 104
182 104
181 104
180 104
179 104
178 104
177 104
176 104
175 104
174 104
173 104
172 104
171 104
170 104
169 104
168 104
167 104
166 104
165 104
164 104
163 104
162 104
161 104
160 104
159 104
158 104
157 104
156 104
155 104
154 104
153 104
152 104
151 104
150 104
149 104
148 104
147 104
146 104
145 104
144 104
143 104
142 104
141 104
140 104
139 104
138 104
137 104
136 104
135 104
134 104
135 105
136 105
137 105
138 105
139 105
140 105
141 105
142 105
143 105
144 105
145 105
146 105
147 105
148 105
149 105
150 105
151 105
152 105
153 105
154 105
155 105
156 105
157 105
158 105
159 105
160 105
161 105
162 105
163 105
164 105
165 105
166 105
167 105
168 105
169 105
170 105
171 105
172 105
173 105
174 105
175 105
176 105
177 105
178 105
179 105
180 105
181 105
136 106
137 107
138 108
139 109
140 110
141 111
142 112
143 113
144 114
145 115
146 116
147 116
148 116
149 116
150 116
151 116
152 116
153 116
154 116
155 116
156 116
157 116
158 116
159 116
160 116
161 116
162 116
163 116
164 116
165 116
166 116
167 116
168 116
169 116
170 116
171 116
172 116
173 116
174 116
175 116
176 116
177 116
178 116
179 116
180 116
181 116
182 116
183 116
184 116
185 116
186 116
187 116
188 116
189 116
190 116
191 116
192 116
193 116
194 116
195 116
196 116
197 116
198 116
199 116
200 116
201 116
202 116
203 116
204 116
205 116
181 117
180 117
179 117
178 117
177 117
176 117
175 117
174 117
173 117
172 117
171 117
170 117
169 117
168 117
167 117
166 117
165 117
164 117
163 117
162 117
161 117
160 117
159 117
158 117
157 117
156 117
155 117
154 117
153 117
152 117
151 117
150 117
149 117
148 117
147 117
148 118
149 118
150 118
151 118
152 118
153 118
154 118
155 118
156 118
157 118
158 118
159 118
160 118
161 118
162 118
163 118
164 118
165 118
166 118
167 118
168 118
169 118
170 118
171 118
172 118
173 118
174 118
175 118
176 118
177 118
178 118
179 118
180 118
181 118
182 118
183 118
184 118
185 118
186 118
187 118
188 118
189 118
190 118
191 118
192 118
193 118
194 118
149 119
150 120
151 121
152 122
153 123
154 124
155 124
156 124
157 124
158 124
159 124
155 125
156 126
157 127
158 128
159 129
160 130
161 130
162 130
163 130
164 130
165 130
166 130
167 130
168 130
169 130
170 130
171 130
172 130
173 130
174 130
175 130
176 130
177 130
178 130
179 130
180 130
181 130
181 131
180 131
179 131
178 131
177 131
176 131
175 131
174 131
173 131
172 131
171 131
170 131
169 131
168 131
167 131
166 131
165 131
164 131
163 131
162 131
161 131
162 132
163 132
164 132
165 132
166 132
167 132
168 132
169 132
170 132
171 132
172 132
173 132
174 132
175 132
176 132
177 132
178 132
179 132
180 132
181 132
182 132
183 132
184 132
185 132
186 132
187 132
188 132
189 132
190 132
191 132
192 132
193 132
194 132
195 132
196 132
197 132
198 132
198 131
197 131
196 131
195 131
194 131
193 131
192 131
191 131
190 131
189 131
188 131
187 131
186 131
185 131
184 131
183 131
182 131
199 131
200 131
201 131
202 131
203 131
204 131
205 131
206 131
207 131
208 131
209 131
210 131
211 131
212 131
163 133
164 134
165 135
166 136
167 137
168 138
169 139
170 139
171 139
172 139
173 139
174 139
175 139
176 139
177 139
178 139
179 139
180 139
181 139
182 139
183 139
184 139
185 139
186 139
187 139
188 139
189 139
190 139
191 139
192 139
193 139
194 139
195 139
193 140
192 140
191 140
190 140
189 140
188 140
187 140
186 140
185 140
184 140
183 140
182 140
181 140
180 140
179 140
178 140
177 140
176 140
175 140
174 140
173 140
172 140
171 140
170 140
171 141
172 141
173 141
174 141
175 141
176 141
177 141
178 141
179 141
180 141
181 141
182 141
183 141
184 141
185 141
186 141
187 141
188 141
189 141
190 141
191 141
192 141
188 142
187 142
186 142
185 142
184 142
183 142
182 142
181 142
180 142
179 142
178 142
177 142
176 142
175 142
174 142
173 142
172 142
173 143
174 144
175 144
176 144
177 144
178 144
179 144
180 144
181 144
182 144
183 144
184 144
185 144
186 144
187 144
186 145
185 145
184 145
183 145
182 145
181 145
180 145
179 145
178 145
177 145
176 145
175 145
176 146
177 147
123 117
124 118
125 119
126 120
126 121
127 121
126 122
126 123
125 123
124 122
123 121
122 120
121 119
120 118
119 117
126 124
126 125
127 125
126 126
126 127
126 128
126 129
126 130
126 131
126 132
126 133
126 134
126 135
126 136
126 137
126 138
126 139
126 140
126 141
126 142
126 143
126 144
128 126
129 127
130 128
131 129
132 130
133 131
134 132
135 133
136 134
137 135
138 136
139 137
139 138
139 139
139 140
139 141
139 142
139 143
139 144
128 122
129 123
130 124
131 125
132 126
133 127
134 128
135 129
136 129
137 129
138 129
139 129
140 129
141 129
142 129
143 129
144 129
145 129
136 130
137 131
138 132
139 133
140 134
141 135
142 136
143 137
144 138
145 139
146 140
147 141
148 142
149 143
150 144
151 144
152 144
153 144
154 144
155 144
156 144
157 144
158 144
159 144
160 144
114 117
114 118
114 119
114 120
114 121
114 122
114 123
114 124
114 125
114 126
114 127
114 128
114 129
114 130
114 131
114 132
114 133
114 134
114 135
114 136
114 137
114 138
114 139
114 140
114 141
114 142
114 143
84 92
84 93
84 94
84 95
84 96
84 97
84 98
84 99
84 100
84 101
84 102
52 89
51 88
50 87
49 86
48 85
47 84
46 83
45 82
44 81
43 80
42 79
41 78
40 77
39 76
38 75
37 74
36 73
35 72
34 71
33 70
32 69
31 68
30 67
71 89
71 88
71 87
71 86
71 85
71 84
71 83
71 82
71 81
71 80
71 79
71 78
71 77
71 76
71 75
71 74
71 73
71 72
71 71
71 70
72 70
71 69
71 68
70 68
69 67
68 66
68 65
67 65
66 65
65 65
64 65
63 65
62 65
61 65
60 65
59 65
58 65
57 65
56 65
55 65
54 65
53 65
52 65
51 65
50 65
49 65
48 65
47 65
46 65
45 64
44 63
43 62
42 61
41 60
40 59
39 58
38 57
37 56
36 55
35 54
34 53
33 52
32 51
31 50
30 49
56 64
55 63
54 62
53 61
52 60
51 59
50 58
66 64
65 63
64 62
63 61
62 60
61 59
60 58
59 57
58 56
57 55
56 54
55 53
54 52
53 51
52 50
51 49
50 48
49 47
48 46
47 46
46 46
45 46
44 46
43 46
42 46
41 46
40 45
39 44
38 43
37 42
36 41
69 65
70 65
71 65
71 64
71 63
71 62
71 61
71 60
71 59
71 58
71 57
70 57
69 56
68 55
67 54
66 53
65 52
64 51
63 50
62 49
61 48
60 47
59 46
58 45
57 44
56 43
55 42
54 41
53 40
52 39
51 38
50 37
49 36
48 35
49 34
50 33
51 34
50 35
51 36
52 35
53 36
52 37
53 38
54 37
55 38
54 39
55 40
56 39
57 40
56 41
57 42
58 41
59 42
58 43
59 44
60 43
61 44
60 45
61 46
62 45
63 46
62 47
63 48
64 47
65 48
64 49
65 50
66 49
67 50
66 51
67 52
68 51
69 52
68 53
69 54
70 53
71 53
71 52
71 51
71 50
71 49
71 48
71 47
70 46
69 45
68 44
67 43
66 42
65 41
64 40
63 39
62 38
61 37
60 36
59 35
58 34
57 33
56 32
71 54
71 55
70 55
71 56
71 66
70 66
71 67
72 66
73 67
74 68
75 69
76 70
77 71
78 72
79 73
80 74
81 75
82 76
83 77
84 78
85 78
86 78
87 78
88 78
89 78
90 78
91 78
92 78
93 78
94 78
95 78
96 78
97 78
85 79
84 79
84 80
84 81
83 81
82 80
81 79
80 78
79 77
78 76
77 75
76 74
75 74
75 73
74 72
73 71
75 75
75 76
75 77
75 78
75 79
84 82
84 83
85 83
84 84
84 85
84 86
84 87
84 88
84 89
86 84
87 85
88 86
89 87
90 88
91 89
86 80
87 81
88 82
89 83
90 84
91 85
92 86
93 87
94 88
95 89
96 89
97 89
98 89
99 89
100 89
101 89
102 89
103 89
104 89
68 68
67 69
66 70
65 70
64 70
63 70
62 70
61 70
60 70
59 70
58 70
57 70
56 70
55 70
54 70
53 70
52 70
51 70
50 70
65 71
64 72
63 73
63 74
63 75
63 76
63 77
63 78
63 79
114 89
115 89
116 89
115 88
114 88
114 87
113 86
112 85
111 84
110 83
109 82
108 81
107 80
106 79
105 78
104 77
103 76
102 75
101 74
100 73
99 72
98 71
97 70
96 69
95 68
94 67
93 66
92 65
118
92 90
30 88
51 91
99 102
70 108
30 108
102 116
90 116
70 126
30 127
84 130
48 131
67 135
36 136
49 142
52 144
64 146
53 147
82 144
50 111
99 130
98 144
114 103
127 115
140 114
129 101
81 50
70 34
114 74
103 64
98 50
81 34
114 59
92 34
114 47
103 34
114 34
130 34
146 34
134 53
159 34
150 47
135 72
172 34
183 26
130 90
144 90
204 91
215 91
209 78
215 63
196 78
183 88
204 64
213 48
164 89
181 71
172 82
199 46
183 52
162 75
194 38
167 61
148 75
186 36
172 53
154 59
166 48
184 29
185 30
144 101
212 103
197 104
159 105
181 105
205 116
181 117
194 118
159 124
181 130
198 132
212 131
195 139
193 140
192 141
188 142
187 144
186 145
177 147
126 144
131 129
139 144
145 129
160 144
114 117
114 130
114 143
84 102
30 67
71 89
30 49
50 58
48 46
36 41
71 65
48 35
49 34
50 33
65 50
56 32
86 78
97 78
75 79
104 89
50 70
63 79
115 89
92 65
