3047
119 90
118 90
117 90
116 90
115 90
114 90
113 90
112 90
111 90
110 90
109 90
108 90
107 90
106 90
105 90
104 90
103 90
102 90
101 90
100 90
99 90
98 90
97 90
96 90
95 90
94 90
93 90
92 90
91 90
90 90
89 90
88 90
87 90
86 90
85 90
84 90
83 90
82 90
81 90
80 90
79 90
78 90
77 90
76 90
75 90
74 90
73 90
72 90
71 90
70 90
69 90
68 90
67 90
66 90
65 90
64 90
63 90
62 90
61 90
60 90
59 90
58 90
57 90
56 90
55 90
54 90
53 90
52 90
51 90
50 90
49 90
48 90
47 90
46 90
45 90
44 90
43 90
42 90
41 90
40 90
39 90
38 90
37 90
36 90
35 90
34 90
33 90
32 90
31 90
30 89
51 89
52 88
51 87
50 86
49 85
48 84
47 83
46 82
45 81
44 80
43 79
42 78
41 77
40 76
39 75
38 74
37 73
36 72
35 71
34 70
33 69
53 89
71 89
71 88
71 87
72 86
73 85
74 84
75 83
76 82
77 81
78 80
79 80
79 79
78 79
77 78
76 77
75 76
74 75
73 74
72 73
71 72
70 71
69 71
69 70
68 70
67 70
66 70
65 70
64 70
63 70
62 70
61 70
60 70
59 70
58 70
57 70
56 70
55 70
54 70
53 70
52 70
51 70
50 70
49 69
48 68
47 67
46 66
45 65
44 64
43 63
42 62
41 61
40 60
39 59
38 58
37 57
36 56
35 55
34 54
33 53
32 52
31 51
30 50
51 69
68 69
67 68
66 67
65 66
64 65
63 64
62 63
61 62
60 61
59 60
58 59
57 58
56 57
56 56
55 56
54 55
53 54
52 53
51 52
50 51
49 50
48 49
47 49
46 49
45 49
44 49
43 49
42 49
41 49
40 49
39 48
38 47
37 46
36 45
35 44
34 43
33 42
32 41
45 48
44 47
43 46
42 45
41 44
40 43
39 42
38 41
37 40
48 48
48 47
48 46
48 45
48 44
48 43
47 43
46 42
45 41
44 40
43 39
42 38
48 42
48 41
48 40
47 40
46 39
45 38
44 37
48 39
48 38
48 37
47 36
57 56
58 56
59 56
60 56
61 56
62 56
63 56
64 56
65 56
66 56
67 56
68 56
69 56
70 56
71 56
70 70
71 70
72 70
73 70
74 70
75 70
76 70
77 70
78 70
79 70
80 70
81 70
82 70
83 70
84 70
85 70
86 70
87 70
88 70
88 69
88 68
88 67
88 66
88 65
87 64
86 63
85 62
84 61
83 60
82 59
81 58
80 57
79 56
78 55
77 54
76 53
75 52
74 51
73 50
72 49
71 48
70 47
69 46
68 45
67 44
66 43
65 42
64 41
63 40
62 39
61 38
60 37
59 36
58 35
57 34
87 71
86 72
85 73
84 74
83 75
82 76
82 77
81 77
80 78
82 78
82 79
82 80
82 81
81 81
80 81
81 82
82 82
82 83
82 84
83 84
82 85
82 86
82 87
82 88
82 89
84 85
85 86
86 87
87 87
88 87
89 87
90 87
91 87
92 87
93 87
94 87
95 87
96 87
97 87
98 87
99 87
100 87
87 88
88 89
83 81
84 81
85 81
86 81
89 71
90 72
91 73
92 74
93 75
94 76
95 77
96 78
97 78
98 78
99 78
100 78
101 78
102 78
103 78
104 78
105 78
106 78
107 78
108 78
109 78
109 79
110 79
110 80
111 80
111 81
112 81
112 82
113 82
113 83
114 83
114 84
115 84
115 85
116 85
116 86
117 86
117 87
118 87
118 88
119 88
120 88
120 87
120 86
120 85
121 85
121 84
120 84
120 83
120 82
120 81
120 80
121 80
120 79
119 79
119 78
118 78
118 77
119 77
120 77
120 76
120 75
120 74
120 73
119 73
118 72
117 71
116 70
115 69
114 68
113 67
112 66
120 72
121 72
120 71
120 70
120 69
120 68
120 67
120 66
121 66
120 65
120 64
119 64
119 63
118 63
118 62
117 62
117 61
116 61
116 60
115 60
115 59
114 59
114 58
113 58
113 57
112 57
112 56
111 56
111 55
110 55
110 54
109 54
109 53
108 53
108 52
107 52
107 51
106 51
106 50
105 50
104 49
103 48
102 47
101 46
100 45
99 44
98 43
97 42
96 41
95 40
94 39
93 38
92 37
91 36
90 35
89 34
120 63
120 62
120 61
120 60
120 59
120 58
120 57
120 56
120 55
120 54
120 53
120 52
120 51
121 51
120 50
119 50
118 49
117 48
116 47
115 46
114 45
113 44
112 43
111 42
110 41
109 40
108 39
107 38
106 37
105 36
104 35
103 34
120 49
120 48
120 47
121 47
120 46
119 46
118 45
120 45
120 44
120 43
120 42
120 41
120 40
120 39
120 38
120 37
120 36
120 35
120 34
120 33
121 32
122 46
123 45
124 44
125 43
122 50
123 49
124 48
125 47
126 46
127 45
128 44
129 43
130 42
131 41
132 40
133 39
134 38
135 37
136 36
137 35
138 34
122 65
123 64
124 63
125 62
126 61
127 60
128 59
129 58
130 57
131 56
132 55
133 54
134 53
135 52
136 51
137 50
122 71
123 70
124 69
125 68
126 67
127 66
128 65
129 64
130 63
131 62
132 61
133 60
134 59
135 58
136 57
137 56
138 55
139 54
140 53
141 52
142 51
143 50
144 49
145 48
146 47
147 46
148 45
149 44
150 43
151 42
152 41
153 40
154 39
155 38
156 37
157 36
158 35
159 34
120 78
118 76
117 76
117 75
116 75
116 74
115 74
115 73
114 73
114 72
113 72
113 71
112 71
112 70
111 70
111 69
110 69
110 68
109 68
109 67
108 67
108 66
107 66
107 65
106 65
106 64
105 64
105 63
104 63
104 62
103 62
103 61
102 61
102 60
101 60
101 59
100 59
100 58
99 58
99 57
98 57
98 56
97 56
97 55
96 55
96 54
95 54
95 53
94 53
94 52
93 52
93 51
92 51
91 50
90 49
89 48
88 47
87 46
86 45
85 44
84 43
83 42
82 41
81 40
80 39
79 38
78 37
77 36
76 35
75 34
122 79
123 78
124 77
125 76
126 75
127 74
128 73
129 72
130 71
131 70
132 69
133 68
134 67
135 66
136 65
122 84
122 83
123 83
123 82
124 82
124 81
125 81
125 80
126 80
126 79
127 79
127 78
128 77
129 76
130 75
131 74
132 73
133 72
134 71
135 70
136 69
137 68
138 67
139 66
140 65
141 64
142 63
143 62
144 61
145 60
146 59
147 58
148 57
149 56
150 55
151 54
152 53
153 52
154 51
155 50
156 49
157 48
158 47
120 89
119 89
121 90
119 91
118 92
117 93
116 94
115 95
114 96
113 95
112 94
111 93
110 92
109 91
113 97
112 98
112 99
111 99
110 100
109 101
108 101
107 101
106 101
105 101
104 101
103 101
102 101
101 101
100 101
99 101
98 101
97 101
96 101
95 101
94 101
93 101
92 101
91 101
90 101
89 101
88 101
87 101
86 101
85 101
84 101
83 101
82 101
81 101
80 101
79 101
78 101
77 101
76 101
75 101
74 101
73 101
72 101
71 101
82 100
82 99
82 98
82 97
82 96
82 95
82 94
82 93
82 92
82 91
93 100
93 99
93 98
93 97
93 96
93 95
94 95
93 94
92 93
91 92
90 91
89 91
89 92
89 93
95 96
96 97
97 98
98 99
99 100
93 102
93 103
93 104
101 102
102 103
103 104
104 105
105 105
105 106
104 106
103 107
102 108
101 108
100 108
99 108
98 108
97 108
96 108
95 108
94 108
93 108
92 108
91 108
90 108
89 108
88 108
87 108
86 108
85 108
84 108
83 108
82 108
81 108
80 108
79 108
78 108
77 108
76 108
75 108
74 108
73 108
72 108
71 108
70 108
69 108
68 108
67 108
66 108
65 108
64 108
63 108
62 108
61 108
60 108
59 108
58 108
57 108
56 108
55 108
54 108
53 108
52 108
51 108
51 109
50 109
49 109
48 109
47 109
46 109
45 109
44 109
43 109
42 109
41 109
40 109
39 109
38 109
37 109
36 109
35 109
34 109
33 109
52 109
53 109
54 109
55 109
56 109
57 109
58 109
59 109
60 109
61 109
62 109
63 109
64 109
65 109
66 109
67 109
68 109
69 109
70 109
71 109
72 109
73 109
74 109
75 109
76 109
77 109
78 109
79 109
80 109
81 109
82 109
83 109
84 109
85 109
86 109
87 109
88 109
89 109
90 109
91 109
92 109
93 109
94 109
95 109
96 109
97 109
98 109
99 109
100 109
101 109
100 110
99 111
98 112
97 113
96 114
95 114
94 114
93 114
92 114
91 114
90 114
89 114
88 114
87 114
86 114
85 114
84 114
83 114
82 114
81 114
80 114
79 114
78 114
77 114
76 114
75 114
74 114
73 114
73 115
72 115
71 115
70 115
69 115
68 115
67 115
66 115
65 115
64 115
63 115
62 115
61 115
74 115
75 115
76 115
77 115
78 115
79 115
80 115
81 115
82 115
83 115
84 115
85 115
86 115
87 115
88 115
89 115
90 115
91 115
92 115
93 115
94 115
95 115
94 116
93 117
93 118
92 118
92 119
91 119
90 120
89 121
88 122
87 123
86 124
85 125
84 126
83 127
82 128
81 128
80 128
79 128
78 128
77 128
76 128
75 128
74 128
73 128
72 128
71 128
70 128
69 128
68 128
67 128
66 128
65 128
64 128
63 128
62 128
61 128
60 128
59 128
58 128
57 128
56 128
55 128
54 128
53 128
52 128
51 128
50 128
49 128
48 128
47 128
46 128
45 128
44 128
43 128
42 128
41 128
40 128
39 128
38 128
37 128
36 128
35 128
34 128
33 128
32 128
31 128
30 128
71 129
72 129
73 129
74 129
75 129
76 129
77 129
78 129
79 129
80 129
81 129
82 129
80 130
79 131
78 132
77 133
76 134
75 135
74 136
73 136
72 136
71 136
70 136
69 136
68 136
67 136
66 136
65 136
64 136
63 136
62 136
61 136
60 136
59 136
58 136
57 136
56 136
55 136
54 136
53 136
52 136
51 136
50 136
49 136
48 136
47 136
46 136
45 136
44 136
43 136
42 136
41 136
40 136
39 136
38 136
37 136
36 136
35 136
34 136
33 136
37 137
38 137
39 137
40 137
41 137
42 137
43 137
44 137
45 137
46 137
47 137
48 137
49 137
50 137
51 137
52 137
53 137
54 137
55 137
56 137
57 137
58 137
59 137
60 137
61 137
62 137
63 137
64 137
65 137
66 137
67 137
68 137
69 137
70 137
71 137
72 137
73 137
72 138
72 139
71 139
70 139
69 139
68 139
67 139
66 139
65 139
64 139
63 139
62 139
61 139
60 139
59 139
58 139
57 139
56 139
55 139
54 139
53 139
52 139
51 139
50 139
49 139
48 139
47 139
46 139
45 139
44 139
43 139
42 139
44 140
45 140
46 140
47 140
48 140
49 140
50 140
51 140
52 140
53 140
54 140
55 140
56 140
57 140
58 140
59 140
60 140
61 140
62 140
63 140
64 140
65 140
66 140
67 140
68 140
69 140
70 140
69 141
68 141
67 141
66 141
65 141
64 141
63 141
62 141
61 141
60 141
59 141
58 141
57 141
56 141
55 141
54 141
53 141
52 141
51 141
50 141
49 141
48 141
47 141
48 142
49 142
50 142
51 142
52 142
53 142
54 142
55 142
56 142
57 142
58 142
59 142
60 142
61 142
62 142
63 142
64 142
65 142
66 142
67 142
68 142
67 143
66 143
65 143
64 143
63 143
62 143
61 143
60 143
59 143
58 143
57 143
56 143
55 143
54 143
53 143
52 143
51 143
50 143
49 143
55 144
56 144
57 144
58 144
59 144
60 144
61 144
62 144
63 144
64 144
65 144
66 144
72 140
72 141
72 142
72 143
92 120
93 120
93 119
93 121
92 121
92 122
93 122
93 123
92 123
92 124
92 125
92 126
92 127
92 128
92 129
92 130
92 131
92 132
92 133
92 134
92 135
92 136
92 137
92 138
92 139
92 140
92 141
92 142
92 143
92 144
106 107
107 108
108 109
109 110
110 111
111 111
112 111
112 110
112 109
112 108
112 107
112 106
112 105
112 104
112 103
112 102
112 101
112 100
112 112
111 112
112 113
112 114
113 114
112 115
112 116
112 117
112 118
112 119
112 120
112 121
112 122
112 123
112 124
112 125
112 126
112 127
112 128
112 129
112 130
112 131
112 132
112 133
112 134
112 135
112 136
112 137
112 138
112 139
112 140
112 141
112 142
112 143
114 115
114 116
115 116
114 117
114 118
114 119
114 120
114 121
114 122
114 123
114 124
114 125
114 126
114 127
116 117
117 118
118 119
119 120
120 121
121 122
122 123
123 124
124 124
125 124
126 124
127 124
124 125
125 126
126 127
127 128
128 129
129 130
130 131
131 132
131 133
132 133
133 133
134 133
135 133
136 133
137 133
138 133
139 133
140 133
141 133
142 133
143 133
144 133
145 133
133 134
134 135
135 136
136 137
137 138
138 139
139 140
140 141
141 142
142 143
143 143
144 143
145 143
146 143
147 143
148 143
149 143
143 144
144 145
145 146
146 147
147 148
148 149
149 150
150 151
151 152
152 153
153 153
154 153
155 153
156 153
157 153
158 153
159 153
160 153
131 134
131 135
131 136
131 137
131 138
131 139
131 140
131 141
131 142
131 143
106 104
107 103
108 102
115 97
116 98
117 99
118 100
119 101
120 102
121 103
122 104
123 105
124 106
125 107
126 108
127 109
128 110
129 111
130 112
131 113
132 114
133 115
134 116
135 117
136 118
137 119
138 120
139 121
140 121
141 121
142 121
143 121
144 121
145 121
146 121
147 121
148 121
140 122
141 123
142 124
143 125
144 126
145 127
146 128
147 129
148 130
149 131
150 132
151 133
152 134
153 135
154 136
155 137
156 138
157 139
158 140
159 141
160 142
161 143
162 143
163 143
164 143
165 143
166 143
167 143
168 143
169 143
170 143
171 143
172 143
121 91
122 90
123 90
124 90
125 90
126 90
127 90
128 90
129 90
130 90
131 90
132 90
133 90
134 90
135 90
136 90
137 90
138 90
139 90
140 90
141 90
142 90
143 90
144 90
145 90
146 90
147 90
148 90
149 90
150 90
151 90
152 90
153 90
154 90
155 90
156 90
157 90
158 90
159 90
160 90
161 90
162 90
163 90
164 90
165 90
166 90
167 90
168 90
169 90
170 90
171 90
172 90
173 90
174 90
175 90
176 90
177 90
178 90
179 90
180 90
181 90
182 90
183 90
184 90
185 90
186 90
187 90
188 90
189 90
190 90
191 90
192 90
193 90
194 90
195 90
196 90
197 90
198 90
199 90
200 90
201 90
202 90
203 90
204 90
205 90
206 90
207 90
208 90
209 90
210 90
211 90
212 90
213 90
214 90
215 89
200 89
201 88
202 87
203 86
204 85
205 84
206 83
207 82
208 81
209 80
210 79
211 78
212 77
213 76
214 75
215 74
187 89
188 88
189 87
190 86
191 85
192 84
193 83
194 82
195 81
196 80
197 79
198 78
199 77
200 76
201 75
202 74
203 73
204 72
169 89
170 88
171 87
172 86
173 85
174 84
175 83
176 82
177 81
178 80
179 79
180 78
181 77
182 76
183 75
184 74
185 73
186 72
187 71
188 70
189 69
190 68
191 67
192 66
193 65
194 64
195 63
196 62
197 61
198 60
199 59
200 58
201 57
202 56
203 55
204 54
205 53
166 89
165 88
164 87
163 88
162 89
164 89
165 86
166 85
167 84
168 83
169 82
170 81
171 80
172 79
173 78
174 77
175 76
176 75
177 74
178 73
179 72
180 71
181 70
182 69
183 68
184 67
185 66
186 65
187 64
188 63
189 62
190 61
191 60
192 59
193 58
194 57
195 58
194 59
193 60
192 61
191 62
190 63
189 64
188 65
187 66
186 67
185 68
184 69
183 70
182 71
181 72
180 73
179 74
178 75
177 76
176 77
175 78
174 79
173 80
172 81
171 82
170 83
169 84
168 85
167 86
166 87
167 88
168 87
169 86
170 85
171 84
172 83
173 82
174 81
175 80
176 79
177 78
178 77
179 76
180 75
181 74
196 57
197 56
198 55
199 54
200 53
201 52
202 51
203 50
204 49
205 48
206 47
207 46
208 45
209 44
210 43
211 42
159 89
160 88
161 87
162 86
163 85
164 84
165 83
166 82
167 81
168 80
169 79
170 78
171 77
172 76
173 75
174 74
175 73
176 72
177 71
178 70
179 69
180 68
181 67
182 66
183 65
184 64
185 63
186 62
187 61
188 60
189 59
190 58
191 57
192 56
193 55
194 54
195 53
196 52
197 51
198 50
199 49
200 48
201 47
202 46
203 45
204 44
205 43
206 42
207 41
152 89
153 88
154 87
155 86
156 85
157 84
158 83
159 82
160 81
149 89
150 88
151 87
152 86
153 85
154 84
155 83
156 82
157 81
158 80
159 79
160 78
161 77
162 76
163 75
164 74
165 73
166 72
167 71
168 70
169 69
170 68
171 67
172 66
173 65
174 64
175 63
176 62
177 61
178 60
179 59
180 58
181 57
182 56
183 55
184 54
185 53
186 52
187 51
188 50
189 49
190 48
191 47
192 46
193 45
194 44
195 43
196 42
145 89
146 88
147 87
148 86
149 85
150 84
151 83
152 82
153 81
154 80
155 79
156 78
157 77
158 76
159 75
160 74
161 73
162 72
163 71
164 70
165 69
166 68
167 67
168 66
169 65
170 64
171 63
172 62
173 61
174 60
175 59
176 58
177 57
178 56
179 55
180 54
181 53
141 89
142 88
143 87
144 86
145 85
146 84
147 83
148 82
149 81
150 80
151 79
152 78
153 77
154 76
155 75
156 74
157 73
158 72
159 71
160 70
161 69
162 68
163 67
164 66
165 65
166 64
167 63
168 62
169 61
170 60
171 59
172 58
173 57
174 56
175 55
176 54
177 53
178 52
179 51
180 50
181 49
182 48
183 47
184 46
185 45
186 44
187 43
188 42
189 41
190 40
191 39
192 38
193 37
138 89
137 88
136 89
138 87
139 86
140 85
141 84
142 83
143 82
144 81
145 80
146 79
147 78
148 77
149 76
150 75
151 74
152 73
153 72
154 71
155 70
156 69
157 68
158 67
159 66
160 65
161 64
162 63
163 62
164 61
165 60
166 59
167 58
168 57
169 56
170 55
171 54
172 53
173 52
174 51
175 50
176 49
177 48
178 47
179 46
180 45
181 44
182 43
183 42
184 41
185 40
186 39
187 38
188 37
189 36
190 35
191 36
190 37
189 38
188 39
187 40
186 41
185 42
184 43
183 44
182 45
181 46
180 47
179 48
178 49
177 50
176 51
175 52
174 53
173 54
172 55
171 56
170 57
169 58
168 59
167 60
166 61
165 62
164 63
163 64
162 65
161 66
160 67
159 68
158 69
157 70
156 71
155 72
154 73
153 74
152 75
151 76
150 77
149 78
148 79
147 80
146 81
145 82
144 83
143 84
142 85
141 86
140 87
139 88
129 89
128 89
129 88
130 88
130 87
131 87
131 86
132 86
132 85
133 85
133 84
134 84
134 83
135 83
135 82
136 82
136 81
137 81
137 80
138 80
138 79
139 79
139 78
140 78
141 77
142 76
143 75
144 74
145 73
146 72
147 71
148 70
149 69
150 68
151 67
152 66
153 65
154 64
155 63
156 62
157 61
158 60
125 89
126 88
127 87
128 86
129 85
130 84
131 83
132 82
133 81
134 80
135 79
136 78
137 77
138 76
139 75
140 74
141 73
142 72
143 71
144 70
145 69
146 68
147 67
148 66
149 65
150 64
151 63
152 62
153 61
154 60
155 59
156 58
157 57
158 56
159 55
160 54
161 53
162 52
163 51
164 50
165 49
166 48
167 47
168 46
169 45
170 44
171 43
172 42
173 41
174 40
175 39
176 38
177 37
178 36
179 35
180 34
122 89
123 88
124 87
125 86
126 85
127 84
128 83
129 82
130 81
131 80
132 79
133 78
134 77
135 76
136 75
137 74
138 73
139 72
140 71
141 70
142 69
143 68
144 67
145 66
146 65
147 64
122 92
123 92
124 92
125 92
126 92
127 92
128 92
129 92
130 92
131 92
132 92
133 92
134 92
135 92
136 92
137 92
138 92
139 92
140 92
141 92
142 92
143 92
144 92
145 92
146 92
147 92
148 92
149 92
150 92
151 92
152 92
153 92
154 92
155 92
156 92
157 92
158 92
159 92
160 92
161 92
162 92
163 92
164 92
165 92
166 92
167 92
168 92
169 92
170 92
171 92
172 92
173 92
174 92
175 92
176 92
177 92
178 92
179 92
180 92
181 92
182 92
183 92
184 92
185 92
186 92
187 92
188 92
189 92
190 92
191 92
192 92
193 92
194 92
195 92
196 92
197 92
198 92
199 92
200 92
201 92
202 92
203 92
204 92
150 93
149 93
148 93
147 93
146 93
145 93
144 93
143 93
142 93
141 93
140 93
139 93
138 93
137 93
136 93
135 93
134 93
133 93
132 93
131 93
130 93
129 93
128 93
127 93
126 93
125 93
124 93
123 93
124 94
125 95
126 95
127 95
128 95
129 95
130 95
131 95
132 95
133 95
134 95
135 95
136 95
137 95
138 95
139 95
140 95
141 95
142 95
143 95
144 95
145 95
146 95
147 95
148 95
149 95
150 95
151 95
152 95
153 95
154 95
155 95
156 95
157 95
158 95
159 95
160 95
161 95
162 95
163 95
164 95
165 95
166 95
167 95
168 95
169 95
170 95
171 95
172 95
173 95
174 95
175 95
176 95
177 95
178 95
179 95
180 95
181 95
126 96
127 97
128 98
129 99
130 100
131 101
132 102
133 103
134 103
135 103
136 103
137 103
138 103
139 103
140 103
141 103
142 103
143 103
144 103
145 103
146 103
147 103
148 103
149 103
150 103
151 103
152 103
153 103
154 103
155 103
156 103
157 103
158 103
159 103
160 103
161 103
162 103
163 103
164 103
165 103
166 103
167 103
168 103
169 103
170 103
171 103
172 103
173 103
174 103
175 103
176 103
177 103
178 103
179 103
180 103
181 103
182 103
183 103
184 103
185 103
186 103
187 103
188 103
189 103
190 103
191 103
192 103
193 103
194 103
195 103
196 103
197 103
198 103
199 103
200 103
201 103
202 103
203 103
204 103
205 103
194 104
193 104
192 104
191 104
190 104
189 104
188 104
187 104
186 104
185 104
184 104
183 104
182 104
181 104
180 104
179 104
178 104
177 104
176 104
175 104
174 104
173 104
172 104
171 104
170 104
169 104
168 104
167 104
166 104
165 104
164 104
163 104
162 104
161 104
160 104
159 104
158 104
157 104
156 104
155 104
154 104
153 104
152 104
151 104
150 104
149 104
148 104
147 104
146 104
145 104
144 104
143 104
142 104
141 104
140 104
139 104
138 104
137 104
136 104
135 104
134 104
135 105
136 106
137 106
138 106
139 106
140 106
141 106
142 106
143 106
144 106
145 106
146 106
147 106
148 106
149 106
150 106
151 106
152 106
153 106
154 106
155 106
156 106
157 106
158 106
158 107
157 107
156 107
155 107
154 107
153 107
152 107
151 107
150 107
149 107
148 107
147 107
146 107
145 107
144 107
143 107
142 107
141 107
140 107
139 107
138 107
137 107
138 108
139 108
140 108
141 108
142 108
143 108
144 108
145 108
146 108
147 108
148 108
149 108
150 108
151 108
152 108
153 108
154 108
155 108
156 108
157 108
158 108
159 108
160 108
161 108
162 108
163 108
164 108
165 108
166 108
167 108
168 108
169 108
170 108
171 108
172 108
173 108
174 108
175 108
176 108
177 108
178 108
179 108
180 108
181 108
182 108
183 108
184 108
172 107
171 107
170 107
169 107
168 107
167 107
166 107
165 107
164 107
163 107
162 107
161 107
160 107
159 107
139 109
140 110
141 111
142 112
143 113
144 114
145 114
146 114
147 114
148 114
149 114
150 114
151 114
152 114
153 114
154 114
155 114
156 114
157 114
158 114
159 114
160 114
161 114
162 114
163 114
164 114
165 114
166 114
167 114
168 114
169 114
170 114
171 114
172 114
173 114
174 114
175 114
176 114
177 114
178 114
179 114
180 114
181 114
182 114
183 114
184 114
185 114
186 114
187 114
188 114
189 114
190 114
191 114
192 114
193 114
194 114
195 114
196 114
197 114
198 114
199 114
200 114
201 114
202 114
203 114
204 114
205 114
194 115
193 115
192 115
191 115
190 115
189 115
188 115
187 115
186 115
185 115
184 115
183 115
182 115
181 115
180 115
179 115
178 115
177 115
176 115
175 115
174 115
173 115
172 115
171 115
170 115
169 115
168 115
167 115
166 115
165 115
164 115
163 115
162 115
161 115
160 115
159 115
158 115
157 115
156 115
155 115
154 115
153 115
152 115
151 115
150 115
149 115
148 115
147 115
146 115
145 115
146 116
147 117
148 118
149 119
150 119
151 119
152 119
153 119
154 119
155 119
156 119
157 119
158 119
159 119
160 119
161 119
162 119
163 119
164 119
165 119
166 119
167 119
168 119
169 119
170 119
171 119
172 119
173 119
174 119
175 119
176 119
177 119
178 119
179 119
180 119
181 119
150 120
151 121
152 122
153 123
154 124
155 125
156 126
157 127
158 127
159 127
160 127
161 127
162 127
163 127
164 127
158 128
159 129
160 130
161 130
162 130
163 130
164 130
165 130
166 130
167 130
168 130
169 130
170 130
171 130
172 130
173 130
174 130
175 130
176 130
177 130
178 130
179 130
180 130
181 130
182 130
183 130
184 130
185 130
186 130
187 130
188 130
189 130
190 130
191 130
192 130
193 130
194 130
195 130
196 130
197 130
198 130
199 130
200 130
201 130
202 130
203 130
204 130
205 130
206 130
207 130
208 130
209 130
161 131
162 132
163 133
164 134
165 134
166 134
167 134
168 134
169 134
170 134
171 134
172 134
173 134
174 134
175 134
176 134
177 134
178 134
179 134
180 134
181 134
182 134
183 134
184 134
185 134
186 134
187 134
188 134
189 134
190 134
191 134
192 134
193 134
165 135
166 136
167 136
168 136
169 136
170 136
171 136
172 136
173 136
174 136
175 136
176 136
177 136
178 136
179 136
180 136
181 136
182 136
183 136
184 136
185 136
186 136
187 136
188 136
189 136
190 136
191 136
192 136
193 136
194 136
195 136
196 136
197 136
198 136
199 136
200 136
201 136
202 136
203 136
204 136
205 136
206 136
167 137
168 138
169 139
170 140
171 141
172 141
173 141
174 141
175 141
176 141
177 141
178 141
179 141
180 141
181 141
182 141
183 141
108 77
107 77
107 76
106 76
106 75
105 75
105 74
104 74
104 73
103 73
103 72
102 72
101 71
100 70
99 69
98 68
97 67
96 66
95 65
94 64
93 63
92 62
91 61
90 60
89 59
88 58
87 57
86 56
85 55
84 54
83 53
82 52
97 79
98 80
99 81
100 82
101 83
102 84
103 85
104 86
105 87
106 88
107 89
69 72
69 73
69 74
71 91
71 92
71 93
112
112 90
30 89
51 89
33 69
30 50
51 69
48 49
32 41
37 40
42 38
44 37
47 36
71 56
88 70
57 34
100 87
86 81
107 78
118 78
112 66
106 50
89 34
103 34
118 45
121 32
125 43
126 46
138 34
137 50
159 34
93 51
75 34
136 65
127 79
158 47
71 101
82 100
89 93
93 104
51 108
33 109
73 114
61 115
48 128
30 128
71 129
82 129
33 136
37 137
42 139
44 140
47 141
48 142
49 143
55 144
72 143
93 123
92 144
112 111
112 143
114 127
127 124
145 133
149 143
160 153
131 143
148 121
160 142
172 143
215 89
215 74
204 72
205 53
166 89
194 57
181 74
211 42
207 41
160 81
196 42
181 53
193 37
190 35
191 36
132 86
139 78
158 60
180 34
147 64
204 92
150 93
181 95
136 103
205 103
194 104
147 104
158 106
184 108
172 107
205 114
194 115
181 119
164 127
175 130
209 130
193 134
206 136
183 141
103 72
82 52
69 74
71 93
