1110
119 90
118 90
117 90
116 90
115 89
114 88
121 91
122 92
123 93
124 93
125 93
126 93
127 93
128 93
129 93
130 93
131 93
132 93
133 93
134 93
135 93
136 94
137 95
138 96
139 97
140 98
141 99
142 100
143 101
144 102
145 102
146 102
147 102
147 101
148 100
149 99
150 98
151 97
152 96
153 95
154 94
155 93
156 92
157 91
158 90
159 89
159 88
158 88
157 88
156 88
155 88
154 88
153 88
152 88
151 88
150 87
149 86
149 85
149 84
149 83
149 82
148 82
147 81
146 80
145 79
144 78
143 77
142 76
141 75
140 74
139 73
138 72
137 71
137 70
137 69
137 68
137 67
137 66
137 65
137 64
137 63
137 62
137 61
137 60
137 59
137 58
137 57
136 56
136 72
135 73
134 73
133 73
132 73
131 73
130 73
129 73
128 73
127 73
126 73
125 73
124 73
123 73
122 73
121 73
120 73
119 73
118 73
117 73
116 73
115 73
114 72
113 71
112 70
111 70
110 69
109 68
108 67
107 66
106 65
105 64
104 63
103 62
102 61
101 60
100 59
99 58
98 57
97 56
96 55
95 54
95 53
95 52
95 51
95 50
95 49
95 48
95 47
95 46
95 45
95 44
95 43
95 42
95 41
95 40
95 39
95 38
95 37
95 36
96 35
97 34
94 55
93 56
93 57
93 58
93 59
93 60
93 61
93 62
93 63
93 64
93 65
93 66
93 67
93 68
93 69
93 70
93 71
92 72
91 73
90 74
89 75
88 76
87 76
86 76
85 76
84 76
83 76
82 76
81 76
80 76
79 76
78 76
77 76
76 76
75 75
74 74
73 73
72 72
71 71
71 70
71 69
71 68
71 67
71 66
71 65
71 64
71 63
71 62
71 61
71 60
72 59
73 58
74 57
74 56
73 56
72 56
71 56
70 56
69 55
68 54
67 53
66 52
65 51
64 50
63 50
62 50
61 50
60 50
59 50
58 50
57 50
56 50
55 50
54 50
53 50
52 50
51 50
50 50
49 50
48 49
48 48
48 47
48 46
48 45
48 44
48 43
48 42
48 41
48 40
48 39
48 38
47 38
46 39
45 40
44 41
43 41
42 41
41 41
40 41
39 41
38 41
37 41
36 41
35 41
34 42
33 43
32 44
31 45
30 46
29 47
28 48
28 49
28 50
28 51
28 52
49 38
50 38
51 38
52 37
53 36
54 35
55 34
63 51
62 52
61 53
60 54
59 55
58 56
57 57
56 58
55 59
54 60
53 61
52 62
51 63
50 64
49 65
49 66
49 67
49 68
48 69
47 70
46 71
45 72
44 73
43 73
42 73
41 73
40 73
39 73
38 73
37 73
36 73
35 73
34 73
33 73
32 73
31 73
30 73
29 73
50 69
51 70
51 71
51 72
51 73
51 74
51 75
51 76
51 77
51 78
51 79
51 80
51 81
51 82
51 83
51 84
51 85
51 86
64 49
64 48
64 47
64 46
65 45
66 44
67 43
68 42
69 41
70 40
71 39
72 38
73 37
74 36
75 35
76 34
75 56
81 77
80 78
79 79
78 80
77 81
76 82
75 83
74 84
73 85
72 86
71 87
70 88
69 89
68 90
67 91
66 92
65 93
64 94
63 95
62 96
61 97
61 98
61 99
61 100
61 101
61 102
61 103
61 104
61 105
60 106
59 107
58 107
57 107
56 107
55 107
54 107
53 107
52 107
51 107
50 107
49 107
48 107
47 107
46 107
45 107
44 107
43 106
42 105
41 104
40 103
39 102
38 101
37 100
36 99
35 98
34 97
33 96
32 95
31 94
62 106
63 107
64 108
65 108
66 108
67 108
68 108
69 108
70 108
71 108
72 108
71 109
71 110
71 111
71 112
71 113
71 114
71 115
71 116
71 117
71 118
71 119
71 120
71 121
71 122
71 123
70 124
69 125
68 126
67 127
66 128
65 129
64 130
63 131
62 132
61 133
60 134
59 135
58 136
57 137
56 138
56 139
56 140
56 141
56 142
56 143
55 143
54 143
53 143
52 143
51 142
50 141
49 140
48 139
47 139
46 139
45 139
44 139
43 139
42 139
41 139
40 139
39 139
38 139
37 138
36 137
36 136
36 135
36 134
36 133
36 132
35 131
34 130
33 129
32 128
31 127
31 126
31 125
31 124
31 123
31 122
31 121
31 120
31 119
31 118
30 117
29 116
28 115
48 138
48 137
48 136
48 135
48 134
48 133
48 132
48 131
48 130
48 129
48 128
57 144
58 145
59 145
60 145
61 145
62 145
63 145
64 145
65 145
66 145
67 145
68 145
69 145
70 145
71 145
72 145
73 145
83 77
84 78
85 79
86 80
87 81
88 82
89 83
90 84
91 85
92 86
93 87
93 88
93 89
93 90
93 91
93 92
93 93
93 94
93 95
93 96
93 97
93 98
93 99
93 100
93 101
93 102
93 103
93 104
93 105
93 106
93 107
93 108
92 109
92 110
92 111
92 112
92 113
92 114
92 115
92 116
92 117
92 118
92 119
92 120
92 121
92 122
92 123
93 124
94 125
95 125
96 125
97 125
98 125
99 125
100 125
101 125
102 125
103 125
104 125
105 125
106 125
107 125
108 125
109 125
110 125
111 125
112 125
113 125
114 125
115 124
115 123
115 122
115 121
115 120
115 119
115 118
115 117
115 116
115 115
115 114
115 113
115 112
115 111
115 110
115 109
104 126
105 127
106 128
107 129
108 130
109 131
110 132
111 133
112 134
113 135
114 136
115 137
115 138
115 139
115 140
115 141
115 142
115 143
102 126
101 127
100 128
99 129
98 130
97 131
96 132
95 133
94 134
94 135
94 136
94 137
94 138
94 139
94 140
94 141
94 142
94 143
94 144
94 145
112 69
112 68
112 67
112 66
112 65
112 64
112 63
112 62
112 61
112 60
112 59
113 58
114 57
115 56
116 55
116 54
116 53
116 52
116 51
116 50
116 49
116 48
116 47
116 46
116 45
116 44
116 43
116 42
116 41
116 40
116 39
116 38
116 37
116 36
117 35
118 34
149 81
149 80
150 79
151 78
152 77
153 76
154 75
155 74
156 73
157 72
158 71
158 70
158 69
158 68
158 67
158 66
158 65
158 64
158 63
158 62
158 61
158 60
158 59
158 58
158 57
158 56
157 56
159 56
160 56
161 56
162 56
163 56
164 56
165 55
166 54
167 53
168 52
169 52
170 52
171 52
172 52
173 52
174 52
175 52
176 52
177 52
178 52
179 52
180 52
181 51
182 51
183 51
184 51
185 51
186 51
187 51
188 51
189 51
190 51
191 50
192 49
193 48
194 47
194 46
194 45
194 44
194 43
194 42
194 41
194 40
193 39
192 38
191 37
190 36
189 36
188 36
187 36
186 36
185 36
184 36
183 36
182 36
181 35
180 34
195 48
196 49
197 50
198 51
199 52
200 52
201 52
202 52
203 52
204 52
205 52
205 51
205 50
205 49
205 48
205 47
205 46
205 45
205 44
205 43
206 42
207 41
204 53
203 54
202 55
201 56
200 57
199 58
198 59
197 59
196 59
195 59
194 59
193 60
192 61
191 62
190 63
189 64
188 65
187 66
186 67
185 68
184 69
183 70
182 71
181 72
195 60
196 61
197 62
198 63
199 64
200 65
201 66
202 67
203 68
204 69
204 70
204 71
204 72
204 73
205 73
206 73
207 73
208 73
209 73
210 73
211 73
212 73
213 73
214 73
215 73
203 74
202 75
201 76
200 77
199 78
198 79
197 80
196 81
195 82
194 83
194 84
194 85
194 86
193 87
192 88
191 89
190 90
189 91
188 92
187 93
186 93
185 93
184 93
183 93
182 93
181 93
195 87
196 88
197 89
198 90
199 91
200 92
201 93
202 94
203 94
204 94
205 94
204 95
203 96
202 97
201 98
200 99
199 100
198 101
197 102
196 103
195 104
194 105
194 106
193 107
192 108
191 109
190 110
189 111
188 112
187 113
186 114
185 114
184 114
183 114
182 114
181 114
195 107
196 108
197 109
198 110
199 111
200 112
201 113
202 114
203 115
204 115
205 115
204 116
203 117
202 118
202 119
202 120
202 121
202 122
202 123
202 124
202 125
202 126
202 127
201 128
200 129
199 130
198 131
197 132
196 133
195 134
194 135
193 136
192 137
192 138
191 138
190 138
189 138
188 138
187 138
186 138
185 138
184 138
183 137
182 136
181 135
180 135
179 135
178 135
177 135
176 135
175 135
174 135
173 135
172 135
171 135
170 135
170 134
170 133
170 132
170 131
170 130
169 129
168 128
167 127
166 127
165 127
164 127
163 127
162 127
161 127
160 127
159 127
158 127
157 127
156 126
155 125
154 124
153 123
169 136
168 137
167 138
166 139
165 140
164 141
163 142
162 143
161 144
160 145
159 145
158 145
157 145
180 136
179 137
178 138
177 139
177 140
177 141
177 142
177 143
177 144
177 145
177 146
203 128
204 129
205 130
206 131
207 132
208 133
209 134
210 134
211 134
212 134
213 134
214 134
215 134
168 51
168 50
168 49
168 48
168 47
168 46
168 45
168 44
168 43
168 42
167 41
166 40
165 39
164 38
163 37
162 36
161 35
160 34
159 34
158 34
157 34
156 34
155 34
154 34
153 34
152 34
151 34
150 34
149 34
148 34
147 34
146 34
145 34
144 34
143 34
142 34
141 34
140 34
139 34
160 88
146 103
145 104
144 105
143 106
142 107
141 108
140 108
139 108
138 108
137 108
136 108
136 109
136 110
136 111
136 112
136 113
136 114
136 115
136 116
136 117
136 118
136 119
136 120
136 121
136 122
136 123
136 124
136 125
136 126
136 127
136 128
136 129
136 130
136 131
136 132
136 133
136 134
136 135
136 136
136 137
136 138
136 139
136 140
136 141
136 142
136 143
136 144
136 145
148 103
149 104
150 105
151 106
152 107
153 108
154 108
155 108
156 108
157 108
158 108
82
114 88
135 93
147 102
149 86
137 71
136 56
126 73
112 70
95 54
97 34
93 71
82 76
71 71
64 50
48 49
47 38
35 41
28 52
55 34
49 68
29 73
51 86
76 34
75 56
72 86
61 105
50 107
31 94
72 108
71 123
56 143
48 139
36 137
31 127
28 115
48 128
73 145
93 93
93 108
92 123
103 125
115 124
115 109
115 143
94 145
116 55
118 34
158 71
157 56
168 52
181 51
194 47
190 36
180 34
205 52
207 41
194 59
181 72
204 73
215 73
194 86
181 93
205 94
194 106
181 114
205 115
202 127
192 138
181 135
170 135
167 127
153 123
157 145
177 146
215 134
160 34
139 34
160 88
136 108
136 125
136 145
158 108
