2963
119 90
118 90
117 90
116 90
115 90
114 90
113 90
112 90
111 90
110 90
109 90
108 90
107 90
106 90
105 90
104 90
103 90
102 90
101 90
100 90
99 90
98 90
97 90
96 90
95 90
94 90
93 90
92 90
91 90
90 90
89 90
88 90
87 90
86 90
85 90
84 90
83 90
82 90
81 90
80 90
79 90
78 90
77 90
76 90
75 90
74 90
73 90
72 90
71 90
70 90
69 90
68 90
67 90
66 90
65 90
64 90
63 90
62 90
61 90
60 90
59 90
58 90
57 90
56 90
55 90
54 90
53 90
52 90
51 90
50 90
49 90
48 90
47 90
46 90
45 90
44 90
43 90
42 90
41 89
40 88
39 87
38 86
37 85
36 84
35 83
34 82
33 81
32 80
31 79
59 89
58 88
57 87
56 86
55 85
54 84
53 83
52 82
51 81
50 80
49 79
72 89
72 88
72 87
72 86
72 85
72 84
72 83
72 82
72 81
72 80
72 79
72 78
72 77
72 76
72 75
72 74
72 73
72 72
72 71
73 71
72 70
71 69
70 68
69 67
68 67
68 66
67 66
66 66
65 66
64 66
63 66
62 66
61 66
60 66
59 66
58 66
57 66
56 66
55 66
54 66
53 66
52 66
51 66
50 66
49 66
48 66
47 66
46 66
45 66
44 66
43 66
42 66
41 66
40 66
39 66
38 66
37 65
36 64
35 63
34 62
33 61
32 60
31 59
30 58
49 65
49 64
49 63
49 62
49 61
49 60
49 59
49 58
49 57
49 56
49 55
49 54
49 53
49 52
49 51
49 50
49 49
49 48
50 48
49 47
48 46
47 46
46 46
45 46
44 46
43 46
42 46
41 46
40 46
39 46
38 46
37 46
36 46
35 46
34 45
33 44
41 45
40 44
39 43
38 42
37 41
36 40
48 45
48 44
48 43
48 42
48 41
48 40
48 39
48 38
48 37
48 36
48 35
49 34
50 33
51 49
52 50
53 51
54 52
55 53
56 54
57 54
58 54
59 54
60 54
61 54
62 54
63 54
64 54
65 54
66 54
67 54
68 54
57 55
58 56
59 57
60 58
61 59
62 60
63 61
64 62
65 63
66 64
67 65
49 67
49 68
69 66
70 66
71 66
72 66
73 66
74 66
75 66
76 66
77 66
78 66
79 66
80 66
81 66
82 66
83 66
84 66
85 66
86 66
86 65
86 64
86 63
85 62
84 61
83 60
82 59
81 58
80 57
79 56
78 55
77 54
76 53
75 52
74 51
73 50
72 49
71 48
70 47
69 46
68 45
67 44
66 43
65 42
64 41
63 40
62 39
61 38
60 37
59 36
58 35
57 34
56 33
55 32
85 67
84 68
83 69
82 70
82 71
82 72
82 73
82 74
82 75
82 76
82 77
82 78
82 79
81 79
80 78
79 77
78 76
77 75
76 74
75 73
74 72
82 80
82 81
83 81
82 82
82 83
82 84
82 85
82 86
82 87
82 88
82 89
84 82
85 83
86 84
87 85
88 86
89 87
90 88
91 89
92 89
92 88
92 87
92 86
92 85
92 84
92 83
92 82
92 81
92 80
92 79
92 78
92 77
92 76
92 75
92 74
92 73
93 73
92 72
91 71
90 70
89 69
88 68
87 67
94 74
95 75
96 76
97 77
98 77
99 77
100 77
98 78
99 79
100 80
101 81
102 82
103 83
104 84
105 85
106 86
107 87
108 88
109 89
83 79
84 79
68 68
68 69
68 70
68 71
68 72
68 73
82 91
82 92
82 93
82 94
82 95
81 95
80 95
79 95
78 95
77 95
76 95
75 95
74 95
73 95
72 95
71 95
70 95
69 95
68 95
67 95
66 95
65 95
64 95
63 95
62 95
61 95
60 95
59 95
58 95
57 95
56 95
55 95
54 95
53 95
52 95
51 95
50 95
49 95
48 95
47 95
46 95
45 95
44 95
43 95
42 95
41 95
40 95
39 95
38 95
37 95
36 95
35 95
34 95
33 95
32 95
31 95
30 95
82 96
82 97
82 98
82 99
82 100
82 101
82 102
83 95
84 95
85 95
86 95
87 95
88 95
89 95
90 95
91 95
92 95
93 95
94 95
95 95
96 95
97 95
98 95
99 95
100 95
101 95
102 95
103 95
104 95
105 95
106 95
107 95
108 95
109 95
110 95
111 95
112 95
113 95
114 95
115 95
114 94
113 93
112 92
111 91
114 96
114 97
113 97
112 98
111 99
110 100
110 101
109 101
108 101
107 101
106 101
105 101
104 101
103 101
103 102
104 102
103 103
103 104
102 104
101 104
100 104
99 104
98 104
97 104
96 104
95 104
94 104
93 104
92 104
91 104
90 104
89 104
88 104
87 104
86 104
85 104
84 104
83 104
82 104
81 104
80 104
79 104
78 104
77 104
76 104
75 104
74 104
73 104
72 104
71 104
92 103
92 102
93 102
93 101
92 101
92 100
93 100
93 99
92 99
92 98
93 98
93 97
92 97
92 96
93 96
92 105
92 106
92 107
92 108
92 109
92 110
92 111
91 111
90 111
89 111
88 111
87 111
86 111
85 111
84 111
83 111
82 111
81 111
80 111
79 111
78 111
77 111
76 111
75 111
74 111
73 111
72 111
71 111
70 111
69 111
68 111
67 111
66 111
65 111
64 111
63 111
62 111
61 111
60 111
59 111
58 111
57 111
56 111
55 111
54 111
53 111
52 111
51 111
50 111
49 111
48 111
47 111
46 111
45 111
44 111
43 111
42 111
41 111
40 111
39 111
38 111
37 111
36 111
35 111
34 111
33 111
32 111
31 111
30 111
92 112
92 113
92 114
92 115
92 116
92 117
93 117
92 118
92 119
91 119
90 120
89 121
88 122
87 122
86 122
85 122
84 122
83 122
82 122
81 122
80 122
79 122
78 122
77 122
76 122
75 122
74 122
73 122
72 122
71 122
87 123
86 124
85 125
84 126
83 127
83 128
82 128
81 129
80 129
79 129
78 129
77 129
76 129
75 129
74 129
73 129
72 129
71 129
70 129
69 129
68 129
67 129
66 129
65 129
64 129
63 129
62 129
61 129
60 129
59 129
58 129
57 129
56 129
55 129
54 129
53 129
52 129
51 129
50 129
49 129
48 129
47 129
46 129
45 129
44 129
43 129
42 129
41 129
40 129
39 129
38 129
37 129
36 129
35 129
34 129
33 129
32 129
31 129
30 129
80 130
79 131
78 131
77 131
76 131
75 131
74 131
73 131
72 131
71 131
70 131
69 131
68 131
67 131
66 131
65 131
64 131
63 131
62 131
61 131
60 131
59 131
58 131
57 131
56 131
55 131
54 131
53 131
52 131
51 131
50 131
49 131
48 131
78 132
77 133
76 133
75 133
74 133
73 133
72 133
71 133
70 133
69 133
68 133
67 133
76 134
75 135
74 136
73 136
72 136
71 136
70 136
69 136
68 136
67 136
66 136
65 136
64 136
63 136
62 136
61 136
60 136
59 136
58 136
57 136
56 136
55 136
54 136
53 136
52 136
51 136
50 136
49 136
48 136
47 136
46 136
45 136
44 136
43 136
42 136
41 136
40 136
39 136
38 136
37 136
36 136
35 136
37 137
38 137
39 137
40 137
41 137
42 137
43 137
44 137
45 137
46 137
47 137
48 137
49 137
50 137
51 137
52 137
53 137
54 137
55 137
56 137
57 137
58 137
59 137
60 137
61 137
62 137
63 137
64 137
65 137
66 137
67 137
68 137
69 137
70 137
71 137
72 137
73 137
72 138
71 139
71 140
70 140
69 141
68 142
67 142
66 142
65 142
64 142
63 142
62 142
61 142
60 142
59 142
58 142
57 142
56 142
55 142
54 142
53 142
52 142
51 142
50 142
49 142
48 142
50 143
51 143
52 143
53 143
54 143
55 143
56 143
57 143
58 143
59 143
60 143
61 143
62 143
63 143
64 143
65 143
66 143
67 143
66 144
65 145
64 145
63 145
62 145
61 145
60 145
59 145
58 145
57 145
56 145
55 145
54 145
53 145
52 145
51 145
56 146
57 146
58 146
59 146
60 146
61 146
62 146
63 146
64 146
71 141
71 142
71 143
71 144
83 129
83 130
83 131
92 120
92 121
92 122
92 123
92 124
92 125
92 126
92 127
92 128
92 129
92 130
92 131
92 132
92 133
92 134
92 135
92 136
92 137
92 138
92 139
92 140
92 141
92 142
92 143
92 144
94 116
95 116
95 115
96 114
97 113
98 112
98 111
97 111
96 111
95 111
94 111
93 111
99 111
100 110
101 109
102 108
103 108
103 107
103 106
104 106
103 105
104 104
105 104
106 104
105 103
105 105
107 103
108 102
107 105
108 106
109 107
110 108
111 109
112 110
113 111
114 111
114 110
114 109
114 108
114 107
114 106
114 105
114 104
114 103
114 102
114 101
113 101
112 101
111 101
114 100
114 99
114 98
114 112
114 113
115 113
114 114
114 115
114 116
114 117
114 118
114 119
114 120
114 121
114 122
114 123
114 124
114 125
114 126
114 127
114 128
114 129
114 130
114 131
114 132
114 133
114 134
114 135
114 136
114 137
114 138
114 139
114 140
114 141
114 142
114 143
116 114
117 115
118 115
119 115
120 115
121 115
122 115
123 115
124 115
125 115
126 115
127 115
128 115
129 115
118 116
119 117
120 118
121 119
122 120
123 121
124 122
125 123
126 124
127 125
127 126
128 126
127 127
127 128
127 129
127 130
127 131
127 132
127 133
127 134
127 135
127 136
127 137
127 138
127 139
127 140
127 141
127 142
127 143
127 144
129 127
130 128
130 129
131 129
132 130
133 130
134 130
135 130
136 130
137 130
138 130
139 130
140 130
141 130
142 130
143 130
144 130
145 130
146 130
133 131
134 132
135 133
136 134
137 135
138 136
139 137
140 138
140 139
141 139
140 140
140 141
140 142
140 143
140 144
142 140
143 141
144 142
145 143
146 144
147 144
148 144
149 144
150 144
151 144
152 144
153 144
154 144
155 144
156 144
157 144
158 144
103 109
103 110
103 111
103 112
103 113
103 114
103 115
103 116
103 117
103 118
103 119
103 120
103 121
103 122
103 123
103 124
103 125
103 126
103 127
103 128
103 129
103 130
103 131
103 132
103 133
103 134
103 135
103 136
103 137
103 138
103 139
103 140
103 141
103 142
103 143
103 144
95 117
95 118
95 119
95 120
95 121
95 122
95 123
95 124
95 125
95 126
95 127
95 128
95 129
95 130
102 100
101 99
100 98
99 97
98 96
116 94
117 93
118 92
119 91
121 90
120 89
120 88
120 87
119 87
118 86
117 85
116 84
115 83
114 82
113 81
112 80
111 79
110 78
109 77
108 76
107 75
106 74
105 73
104 72
103 71
102 70
101 69
100 68
99 67
98 66
97 65
96 64
95 63
94 62
93 61
92 60
91 59
90 58
89 57
88 56
87 55
86 54
85 53
84 52
83 51
120 86
121 86
120 85
120 84
119 84
119 83
118 83
118 82
117 82
117 81
116 81
116 80
115 80
115 79
114 79
114 78
113 78
113 77
112 77
112 76
111 76
111 75
110 75
110 74
109 74
109 73
108 73
108 72
107 72
107 71
106 71
106 70
105 70
105 69
104 69
104 68
103 68
103 67
102 67
102 66
101 66
101 65
100 65
100 64
99 64
98 63
97 62
96 61
95 60
94 59
93 58
92 57
91 56
90 55
89 54
88 53
87 52
86 51
85 50
84 49
83 48
82 47
81 46
80 45
79 44
78 43
77 42
76 41
75 40
74 39
73 38
72 37
71 36
70 35
69 34
114 76
115 77
116 78
117 79
118 80
119 81
120 81
120 80
120 79
120 78
121 78
120 77
120 76
120 75
121 75
120 74
120 73
120 72
119 72
118 71
117 70
116 69
115 68
114 67
113 66
112 65
111 64
110 63
109 62
108 61
107 60
106 59
105 58
104 57
103 56
102 55
101 54
100 53
99 52
98 51
120 71
120 70
120 69
120 68
121 68
120 67
120 66
119 66
118 65
117 64
116 63
115 62
114 61
113 60
112 59
111 58
110 57
109 56
108 55
107 54
106 53
105 52
104 51
103 50
102 49
101 48
100 47
99 46
98 45
97 44
96 43
95 42
94 41
93 40
92 39
91 38
90 37
89 36
88 35
87 34
120 65
121 65
120 64
120 63
120 62
120 61
120 60
120 59
120 58
120 57
120 56
120 55
120 54
121 54
120 53
119 53
118 52
117 51
116 50
115 49
114 48
120 52
120 51
121 51
120 50
120 49
120 48
119 48
118 47
117 46
116 45
115 44
114 43
113 42
112 41
111 40
110 39
109 38
108 37
107 36
106 35
105 34
120 47
120 46
120 45
120 44
120 43
120 42
120 41
120 40
120 39
120 38
120 37
120 36
121 35
122 34
122 50
123 49
124 48
125 47
126 46
127 45
128 44
129 43
130 42
131 41
132 40
133 39
134 38
135 37
136 36
137 35
138 34
122 53
123 52
124 51
125 50
126 49
127 48
122 64
123 63
124 62
125 61
126 60
127 59
128 58
129 57
130 56
131 55
132 54
133 53
134 52
135 51
136 50
137 49
138 48
139 47
140 46
141 45
142 44
143 43
144 42
145 41
146 40
147 39
148 38
149 37
150 36
151 35
152 34
122 67
123 66
124 65
125 64
126 63
127 62
128 61
129 60
130 59
131 58
132 57
133 56
134 55
135 54
136 53
137 52
138 51
139 50
140 49
141 48
142 47
143 46
122 74
123 73
124 72
125 71
126 70
127 69
128 68
129 67
130 66
131 65
132 64
133 63
134 62
135 61
136 60
137 59
138 58
122 77
123 76
124 75
125 74
126 73
127 72
128 71
129 70
130 69
131 68
132 67
133 66
134 65
135 64
136 63
137 62
138 61
139 60
140 59
141 58
142 57
143 56
144 55
145 54
146 53
147 52
148 51
149 50
150 49
151 48
152 47
153 46
154 45
155 44
156 43
157 42
158 41
159 40
160 39
161 38
162 37
163 36
164 35
165 34
120 82
120 83
122 85
123 84
124 83
125 82
126 81
127 80
128 79
129 78
130 77
131 76
132 75
133 74
134 73
135 72
136 71
137 70
138 69
139 68
140 67
141 66
142 65
143 64
144 63
145 62
146 61
147 60
148 59
149 58
150 57
151 56
152 55
153 54
154 53
155 52
156 51
157 50
158 49
159 48
160 47
161 46
162 45
163 44
164 43
165 42
166 41
167 40
168 39
169 38
170 37
171 36
172 35
173 34
174 33
175 32
176 31
177 30
178 29
179 28
180 27
121 91
122 90
123 90
124 90
125 90
126 90
127 90
128 90
129 90
130 90
131 90
132 90
133 90
134 90
135 90
136 90
137 90
138 90
139 90
140 90
141 90
142 90
143 90
144 90
145 90
146 90
147 90
148 90
149 90
150 90
151 90
152 90
153 90
154 90
155 90
156 90
157 90
158 90
159 90
160 90
161 90
162 90
163 90
164 90
165 90
166 90
167 90
168 90
169 90
170 90
171 90
172 90
173 90
174 90
175 90
176 90
177 90
178 90
179 90
180 90
181 90
182 90
183 90
184 90
185 90
186 90
187 90
188 90
189 90
190 90
191 90
192 90
193 90
194 90
195 90
196 90
197 90
198 90
199 90
200 89
201 88
202 87
203 86
204 85
205 84
191 89
190 89
191 88
192 88
192 87
193 87
193 86
194 86
194 85
195 84
196 83
197 82
198 81
199 80
200 79
201 78
202 77
203 76
204 75
205 74
206 73
207 72
208 71
209 70
210 69
211 68
212 67
213 66
214 65
215 64
184 89
185 88
186 87
187 86
188 85
189 84
190 83
191 82
192 81
193 80
194 79
195 78
196 77
197 76
198 75
199 74
200 73
201 72
202 71
203 70
204 69
175 89
176 88
177 87
178 86
179 85
180 84
181 83
169 89
168 89
169 88
170 88
170 87
171 87
171 86
172 86
172 85
173 85
173 84
174 84
174 83
175 83
175 82
176 82
176 81
177 81
177 80
178 80
178 79
179 79
179 78
180 78
180 77
181 77
181 76
182 76
182 75
183 75
183 74
184 74
184 73
185 73
185 72
186 72
186 71
187 71
187 70
188 70
188 69
189 69
189 68
190 68
190 67
191 67
191 66
192 66
192 65
193 65
193 64
194 64
194 63
195 63
195 62
196 62
196 61
197 61
197 60
198 60
198 59
199 59
199 58
200 58
200 57
201 57
201 56
202 56
202 55
203 55
203 54
204 54
204 53
205 53
206 52
207 51
208 50
209 49
210 48
211 47
212 46
213 45
214 44
215 43
163 89
164 88
165 87
166 86
167 85
168 84
169 83
170 82
171 81
172 80
173 79
174 78
175 77
176 76
177 75
178 74
179 73
180 72
181 71
151 89
150 89
151 88
152 88
152 87
153 87
153 86
154 86
154 85
155 85
155 84
156 84
156 83
157 83
157 82
158 82
158 81
159 81
159 80
160 80
160 79
161 79
161 78
162 78
162 77
163 77
163 76
164 76
164 75
165 75
165 74
166 74
166 73
167 73
167 72
168 72
168 71
169 71
169 70
170 70
170 69
171 69
171 68
172 68
172 67
173 67
173 66
174 66
174 65
175 65
175 64
176 64
176 63
177 63
177 62
178 62
178 61
179 61
179 60
180 60
180 59
181 59
181 58
182 57
183 56
184 55
185 54
186 53
187 52
188 51
189 50
190 49
191 48
192 47
193 46
194 45
195 44
196 43
197 42
198 41
145 89
146 88
147 87
148 86
149 85
150 84
151 83
152 82
153 81
154 80
155 79
156 78
157 77
158 76
159 75
160 74
161 73
162 72
163 71
164 70
165 69
166 68
167 67
168 66
169 65
170 64
171 63
172 62
173 61
174 60
175 59
176 58
177 57
178 56
179 55
180 54
181 53
182 52
183 51
184 50
185 49
186 48
187 47
188 46
189 45
190 44
191 43
192 42
193 41
194 40
195 39
196 38
140 89
141 88
142 87
143 86
144 85
145 84
146 83
147 82
148 81
149 80
150 79
151 78
152 77
153 76
154 75
155 74
156 73
157 72
158 71
135 89
134 88
133 89
135 87
136 86
137 85
138 84
139 83
140 82
141 81
142 80
143 79
144 78
145 77
146 76
147 75
148 76
147 77
146 78
145 79
144 80
143 81
142 82
141 83
140 84
139 85
138 86
137 87
136 88
149 75
150 74
151 73
152 72
153 71
154 70
155 69
156 68
157 67
158 66
159 65
160 64
161 63
162 62
163 61
164 60
165 59
166 58
167 57
168 56
169 55
170 54
171 53
172 52
173 51
174 50
175 49
176 48
177 47
178 46
179 45
180 44
181 43
182 42
183 41
184 40
130 89
131 88
132 87
133 86
134 85
135 84
136 83
137 82
138 81
139 80
140 79
141 78
142 77
143 76
144 75
145 74
146 73
147 72
148 71
149 70
150 69
151 68
152 67
153 66
154 65
155 64
156 63
157 62
158 61
159 60
160 59
161 58
162 57
163 56
164 55
165 54
166 53
167 52
168 51
169 50
170 49
171 48
172 47
123 89
122 89
123 88
124 88
124 87
125 87
125 86
126 86
126 85
127 85
127 84
128 84
128 83
129 83
129 82
130 82
130 81
131 81
131 80
132 80
132 79
133 79
133 78
134 78
134 77
135 77
135 76
136 76
136 75
137 75
137 74
138 74
138 73
139 73
139 72
140 72
140 71
141 71
141 70
142 70
142 69
143 69
143 68
144 68
144 67
145 67
145 66
146 66
146 65
147 65
147 64
148 64
148 63
149 63
149 62
150 62
150 61
151 61
151 60
152 60
152 59
153 59
153 58
154 58
154 57
155 57
155 56
156 56
156 55
157 55
157 54
158 54
158 53
159 53
160 52
161 51
162 50
163 49
164 48
165 47
166 46
167 45
168 44
169 43
170 42
171 41
172 40
173 39
174 38
175 37
176 36
177 35
178 34
179 33
180 32
181 31
182 30
183 29
184 28
122 92
123 93
124 94
125 95
126 96
127 96
128 96
129 96
130 96
131 96
132 96
133 96
134 96
135 96
136 96
137 96
138 96
139 96
140 96
141 96
142 96
143 96
144 96
145 96
146 96
147 96
148 96
149 96
150 96
151 96
152 96
153 96
154 96
155 96
156 96
157 96
158 96
159 96
160 96
161 96
162 96
163 96
164 96
165 96
166 96
167 96
168 96
169 96
170 96
171 96
172 96
173 96
174 96
175 96
176 96
177 96
178 96
179 96
180 96
181 96
182 96
183 96
184 96
185 96
186 96
187 96
188 96
189 96
190 96
191 96
192 96
193 96
194 96
195 96
196 96
197 96
198 96
199 96
200 96
201 96
202 96
203 96
204 96
205 96
206 96
207 96
208 96
209 96
210 96
211 96
212 96
213 96
214 96
215 96
127 97
128 98
129 99
130 100
131 101
132 101
133 101
134 101
135 101
136 101
137 101
138 101
139 101
140 101
141 101
142 101
143 101
144 101
145 101
146 101
147 101
148 101
149 101
150 101
151 101
152 101
153 101
154 101
155 101
156 101
157 101
158 101
159 101
160 101
161 101
162 101
163 101
164 101
165 101
166 101
167 101
168 101
169 101
170 101
171 101
172 101
173 101
174 101
175 101
176 101
177 101
178 101
179 101
180 101
181 101
132 102
131 102
130 102
129 102
128 102
127 102
126 102
125 102
124 102
123 102
122 102
121 101
120 100
119 99
118 98
117 97
116 96
123 103
124 104
125 105
126 106
127 107
128 108
129 109
130 110
131 111
132 112
133 113
134 114
135 115
136 116
137 116
138 116
139 116
140 116
141 116
142 116
143 116
133 103
134 103
135 103
136 103
137 103
138 103
139 103
140 103
141 103
142 103
143 103
144 103
145 103
146 103
147 103
148 103
149 103
150 103
151 103
152 103
153 103
154 103
155 103
156 103
157 103
158 103
159 103
160 103
161 103
162 103
163 103
164 103
165 103
166 103
167 103
168 103
169 103
170 103
171 103
172 103
173 103
174 103
175 103
176 103
177 103
178 103
179 103
180 103
181 103
182 103
183 103
184 103
185 103
186 103
187 103
188 103
189 103
190 103
191 103
192 103
193 103
194 103
195 103
196 103
197 103
198 103
199 103
200 103
201 103
202 103
203 103
204 103
134 104
135 105
136 106
137 106
138 106
139 106
140 106
141 106
142 106
143 106
144 106
145 106
146 106
147 106
148 106
149 106
150 106
151 106
152 106
153 106
154 106
155 106
156 106
157 106
158 106
159 106
160 106
161 106
161 107
160 107
159 107
158 107
157 107
156 107
155 107
154 107
153 107
152 107
151 107
150 107
149 107
148 107
147 107
146 107
145 107
144 107
143 107
142 107
141 107
140 107
139 107
138 107
137 107
138 108
139 109
140 110
141 111
142 112
143 113
144 114
145 115
146 116
147 117
148 118
149 119
150 119
151 119
152 119
153 119
154 119
155 119
156 119
157 119
158 119
159 119
160 119
161 119
162 119
163 119
164 119
165 119
166 119
167 119
168 119
169 119
170 119
171 119
172 119
173 119
174 119
175 119
176 119
177 119
178 119
179 119
180 119
181 119
181 120
180 120
179 120
178 120
177 120
176 120
175 120
174 120
173 120
172 120
171 120
170 120
169 120
168 120
167 120
166 120
165 120
164 120
163 120
162 120
161 120
160 120
159 120
158 120
157 120
156 120
155 120
154 120
153 120
152 120
151 120
150 120
151 121
152 122
153 122
154 122
155 122
156 122
157 122
158 122
159 122
160 122
161 122
162 122
163 122
164 122
165 122
166 122
167 122
168 122
169 122
170 122
171 122
172 122
173 122
174 122
175 122
176 122
177 122
178 122
179 122
180 122
181 122
182 122
183 122
184 122
185 122
186 122
187 122
188 122
189 122
190 122
191 122
192 122
193 122
194 122
195 122
196 122
197 122
198 122
199 122
200 122
201 122
202 122
203 122
204 122
153 123
154 124
155 125
156 125
157 125
158 125
159 125
160 125
161 125
156 126
157 127
158 128
159 129
160 130
161 131
162 131
163 131
164 131
165 131
166 131
167 131
168 131
169 131
170 131
171 131
172 131
173 131
174 131
175 131
162 132
163 133
164 134
165 134
166 134
167 134
168 134
169 134
170 134
171 134
172 134
173 134
174 134
175 134
176 134
177 134
178 134
179 134
180 134
181 134
182 134
183 134
184 134
185 134
186 134
187 134
188 134
189 134
190 134
191 134
192 134
193 134
194 134
195 134
196 134
197 134
198 134
199 134
200 134
201 134
202 134
203 134
204 134
205 134
165 135
166 136
167 136
168 136
169 136
170 136
171 136
172 136
173 136
174 136
175 136
176 136
177 136
178 136
179 136
180 136
181 136
182 136
183 136
184 136
185 136
186 136
187 136
188 136
189 136
190 136
191 136
191 137
190 137
189 137
188 137
187 137
186 137
185 137
184 137
183 137
182 137
181 137
180 137
179 137
178 137
177 137
176 137
175 137
174 137
173 137
172 137
171 137
170 137
169 137
168 137
167 137
168 138
169 139
170 140
171 141
172 142
173 142
174 142
175 142
176 142
177 142
178 142
179 142
180 142
181 142
182 142
183 142
184 142
185 142
186 142
187 142
188 142
189 142
190 142
187 143
186 143
185 143
184 143
183 143
182 143
181 143
180 143
179 143
178 143
177 143
176 143
175 143
174 143
173 143
174 144
175 145
176 145
177 145
178 145
179 145
180 145
181 145
182 145
183 145
184 145
185 145
186 145
192 137
193 137
194 137
195 137
196 137
197 137
198 137
199 137
200 137
201 137
202 137
182 120
183 120
184 120
185 120
186 120
187 120
188 120
189 120
190 120
191 120
192 120
193 120
194 120
195 120
196 120
197 120
198 120
199 120
200 120
201 120
202 120
203 120
204 120
205 120
206 120
207 120
208 120
209 120
210 120
211 120
212 120
213 120
214 120
215 120
162 107
163 107
164 107
165 107
166 107
167 107
168 107
169 107
170 107
171 107
172 107
173 107
174 107
175 107
176 107
177 107
178 107
179 107
180 107
181 107
182 107
183 107
184 107
185 107
186 107
187 107
188 107
189 107
190 107
191 107
192 107
193 107
194 107
195 107
196 107
197 107
198 107
199 107
200 107
201 107
202 107
203 107
204 107
205 107
206 107
207 107
208 107
209 107
210 107
211 107
212 107
213 107
214 107
215 107
96 94
95 93
94 92
93 92
92 92
92 91
93 91
92 93
93 93
93 94
92 94
115
114 90
103 90
92 90
51 90
31 79
49 79
72 89
30 58
49 57
48 46
33 44
36 40
48 35
49 34
50 33
68 54
49 68
86 66
55 32
100 77
84 79
68 73
30 95
82 102
71 104
93 102
49 111
30 111
92 117
71 122
30 129
48 131
67 133
35 136
37 137
48 142
50 143
51 145
56 146
71 144
83 131
92 144
114 101
114 112
114 128
114 143
129 115
127 144
130 129
146 130
140 144
158 144
103 116
103 144
95 130
83 51
100 64
69 34
114 76
98 51
114 61
87 34
114 48
105 34
122 34
138 34
127 48
152 34
127 62
143 46
138 58
165 34
180 27
126 90
137 90
158 90
170 90
205 84
194 86
215 64
204 69
181 83
204 53
215 43
181 71
181 59
198 41
196 38
158 71
147 75
184 40
172 47
136 75
158 53
184 28
215 96
146 101
181 101
131 102
143 116
204 103
161 106
181 119
204 122
161 125
175 131
205 134
191 136
190 142
187 143
175 143
186 145
202 137
215 120
215 107
