1017
119 91
118 92
117 93
116 93
115 93
114 93
121 91
122 92
123 93
124 93
125 93
126 93
127 93
128 93
129 93
130 93
131 93
132 93
133 93
134 93
135 93
136 94
137 95
138 96
139 97
140 98
141 99
142 100
143 101
144 102
145 103
146 103
147 103
146 104
145 105
144 106
143 107
142 108
141 109
140 110
140 111
139 111
139 112
138 113
137 114
136 115
135 116
134 117
134 118
134 119
134 120
133 121
132 122
131 123
130 124
129 125
128 126
127 127
126 127
126 126
125 125
124 124
123 123
122 122
121 121
120 120
120 119
119 118
118 117
117 116
116 115
115 114
119 121
118 122
117 123
116 124
115 125
114 126
113 127
112 126
112 128
111 129
110 130
109 131
109 132
109 133
109 134
109 135
108 136
107 137
106 138
105 138
104 138
103 138
102 138
101 138
101 137
101 136
101 135
101 134
100 133
99 132
98 131
97 130
96 129
95 128
94 127
94 126
93 125
92 124
91 123
90 122
89 121
88 120
87 119
86 118
85 117
84 116
84 115
83 115
82 115
82 116
81 117
80 118
79 119
78 120
77 121
76 122
76 123
81 114
80 114
79 114
78 113
77 112
76 111
75 111
74 111
73 110
72 109
71 108
75 112
74 113
73 114
72 115
71 116
70 117
69 118
68 119
67 120
66 121
65 122
64 123
63 123
62 123
61 124
60 125
59 126
58 127
57 128
56 128
55 128
54 128
53 128
52 128
51 128
50 128
49 128
48 128
47 129
46 130
45 131
44 132
44 133
44 134
43 135
42 136
41 136
40 136
39 136
38 136
37 136
37 135
37 134
37 133
36 132
35 131
34 130
33 129
32 128
31 127
30 126
29 125
29 124
29 123
29 122
29 121
29 120
29 119
29 118
30 117
31 116
32 115
33 114
34 113
35 112
35 111
36 111
37 110
38 109
39 108
40 107
41 106
42 105
43 104
44 103
44 102
44 101
44 100
44 99
44 98
44 97
45 96
46 95
47 94
48 93
49 92
50 91
51 90
51 89
50 88
49 87
48 86
47 85
46 84
45 83
44 82
43 81
43 80
43 79
43 78
43 77
44 76
45 75
46 74
47 73
48 72
49 71
50 70
42 82
41 83
40 83
39 83
38 83
37 83
36 83
35 83
34 83
33 83
32 83
31 83
30 83
45 104
46 105
47 106
48 107
48 108
34 110
33 109
32 108
31 107
30 106
29 105
28 104
45 135
46 136
47 137
48 138
48 139
49 140
50 141
51 142
52 143
53 143
54 143
55 143
56 143
57 144
58 145
59 145
60 145
61 145
62 145
63 145
64 145
65 145
66 145
67 145
68 145
69 145
70 145
71 145
72 145
73 145
76 110
76 109
77 108
78 107
79 106
80 105
81 104
82 103
85 115
86 115
87 114
88 113
89 112
90 111
91 110
92 109
93 108
100 139
99 140
98 141
97 142
96 143
95 144
94 145
110 136
111 137
112 138
113 139
114 140
115 141
115 142
115 143
127 128
128 129
129 130
130 131
131 132
132 133
133 134
134 135
135 136
136 137
136 138
136 139
136 140
136 141
136 142
136 143
136 144
136 145
135 121
136 122
137 123
138 110
137 109
136 108
148 102
149 101
150 100
151 99
152 98
153 97
154 96
155 95
156 95
157 95
158 95
159 94
160 93
155 94
155 93
155 92
154 91
153 90
152 89
151 88
150 87
149 86
149 85
149 84
149 83
149 82
149 81
150 81
151 80
152 79
153 78
154 77
155 76
156 75
157 74
158 73
159 72
160 71
148 80
147 79
146 78
145 77
144 76
143 75
142 74
141 73
140 72
139 71
138 70
137 69
136 68
135 67
134 66
134 65
134 64
134 63
134 62
134 61
134 60
134 59
134 58
135 57
136 56
137 56
138 56
139 56
140 56
141 56
142 56
143 56
144 56
145 56
146 55
147 54
148 53
149 52
150 51
151 50
151 49
151 48
151 47
150 46
149 45
148 44
147 43
146 42
146 41
145 41
144 40
143 39
142 38
141 37
140 36
139 35
138 34
137 34
136 34
135 34
134 34
133 34
132 34
131 34
130 34
129 34
128 34
127 34
126 34
125 34
124 34
123 34
122 34
121 34
120 34
119 34
118 34
117 34
147 41
148 40
149 40
150 40
151 40
152 40
153 40
154 39
155 38
156 37
157 36
158 35
159 34
152 51
153 52
154 53
155 54
156 55
157 56
158 56
133 67
132 68
131 69
130 70
129 71
128 72
127 72
126 71
125 70
125 69
125 68
124 67
123 66
122 65
121 64
120 63
119 62
118 61
117 60
116 59
115 58
114 57
113 56
112 55
112 54
112 53
112 52
112 51
112 50
111 49
110 48
109 47
108 46
107 45
106 44
105 43
104 42
103 41
102 40
101 39
100 38
99 37
98 36
97 35
96 34
124 71
123 72
122 72
121 72
120 72
119 72
118 72
117 72
116 72
115 72
114 72
113 72
112 73
111 74
110 75
109 75
108 75
107 75
106 75
105 75
104 75
103 75
103 74
102 73
101 72
100 71
99 70
98 69
97 68
96 67
96 66
96 65
96 64
96 63
96 62
96 61
96 60
96 59
95 58
94 57
93 56
95 68
94 69
93 70
92 71
91 72
90 73
89 74
88 75
87 76
86 77
85 78
84 79
83 80
82 81
81 81
80 81
79 81
78 81
78 80
78 79
78 78
77 77
76 76
75 75
74 74
73 73
72 72
71 71
71 70
71 69
71 68
71 67
71 66
71 65
71 64
71 63
71 62
71 61
71 60
71 59
71 58
71 57
71 56
70 56
69 56
68 56
67 56
66 55
65 54
64 53
63 52
62 51
61 50
60 50
59 50
58 50
57 50
56 50
55 50
54 50
53 50
52 50
51 50
50 50
49 50
48 49
48 48
48 47
48 46
47 45
46 44
45 43
44 42
44 41
45 40
46 39
47 38
48 38
49 38
50 38
51 38
52 37
53 36
54 35
55 34
43 43
42 43
41 43
40 43
40 44
39 45
38 46
37 47
36 48
35 49
34 50
33 50
34 51
33 52
32 53
31 54
30 55
29 56
29 57
29 58
29 59
29 60
29 61
29 62
39 42
38 41
37 40
61 49
61 48
62 47
63 46
64 45
65 44
66 43
67 42
68 41
69 40
70 39
71 38
72 37
73 36
74 35
75 34
72 56
77 82
76 83
75 84
74 85
73 86
72 86
102 76
101 77
100 78
99 79
98 80
97 81
96 82
95 83
94 84
93 85
93 86
148 104
149 105
150 106
151 107
152 108
153 108
154 108
155 108
156 108
157 108
158 108
158 109
158 110
158 111
158 112
158 113
158 114
158 115
158 116
158 117
158 118
158 119
158 120
158 121
158 122
158 123
159 124
160 125
161 126
162 127
163 128
164 129
165 130
166 131
167 132
168 133
169 134
170 135
171 136
172 137
172 138
172 139
172 140
172 141
172 142
172 143
171 144
170 145
169 145
168 145
167 145
166 145
165 145
164 145
163 145
162 145
161 145
160 145
159 145
158 145
157 145
173 144
174 145
175 145
176 145
177 145
178 144
179 143
180 142
181 141
182 140
183 139
184 138
184 137
185 137
186 138
187 138
188 138
189 138
190 138
191 138
192 138
192 137
193 136
194 135
195 134
196 133
197 132
198 131
199 130
200 129
201 128
202 127
202 126
202 125
202 124
202 123
202 122
202 121
202 120
202 119
202 118
203 117
204 116
204 115
203 115
202 114
201 113
200 112
199 111
198 110
197 109
196 108
195 107
194 106
194 105
195 104
196 103
197 102
198 101
199 100
200 99
201 98
202 97
203 96
204 95
204 94
203 94
202 94
201 94
200 94
199 93
198 92
197 91
196 90
195 89
194 88
194 87
194 86
194 85
194 84
194 83
195 82
196 81
197 80
198 79
199 78
200 77
201 76
202 75
203 74
204 73
205 73
206 73
207 73
208 73
209 73
210 73
211 73
212 73
213 73
214 73
215 73
204 72
204 71
204 70
203 69
202 68
201 67
200 66
199 65
198 64
197 63
196 62
195 61
194 60
193 59
192 58
191 57
190 56
189 55
188 54
187 54
186 54
185 54
184 53
183 52
182 51
181 50
188 53
189 52
190 51
191 50
192 49
193 48
193 47
194 47
195 47
196 47
197 46
198 45
199 44
200 43
201 43
202 43
203 43
204 43
205 42
206 41
201 44
202 45
203 46
204 47
205 48
205 49
205 50
205 51
205 52
192 46
191 45
190 44
189 43
188 42
187 41
186 40
185 39
184 38
183 37
182 36
181 35
180 34
187 39
188 38
189 37
190 36
193 61
192 62
191 63
190 64
189 65
188 66
187 67
186 68
185 69
184 70
183 71
182 71
181 71
193 89
192 90
191 91
190 92
189 92
188 92
187 92
186 92
185 92
184 92
183 92
182 92
181 92
205 94
193 107
192 108
191 109
190 110
189 111
188 112
187 113
186 113
185 113
184 113
183 113
182 113
181 113
205 115
203 128
204 129
205 129
206 129
207 129
208 129
209 129
210 129
211 129
212 129
213 129
183 136
182 135
181 134
81
114 93
135 93
147 103
126 127
115 114
112 126
94 127
76 123
71 108
62 123
48 128
37 136
29 125
51 90
50 70
30 83
48 108
28 104
48 139
56 143
73 145
82 103
93 108
94 145
115 143
136 145
137 123
136 108
160 93
149 86
160 71
139 71
136 56
147 54
138 34
117 34
159 34
158 56
128 72
112 55
96 34
113 72
103 75
93 56
92 71
71 71
61 50
48 49
47 38
55 34
33 50
29 62
37 40
75 34
72 56
72 86
93 86
158 108
158 123
157 145
176 145
192 138
202 127
194 106
194 88
204 73
215 73
194 60
181 50
194 47
206 41
205 52
180 34
190 36
181 71
181 92
205 94
181 113
205 115
213 129
181 134
