1105
119 90
118 90
117 90
116 90
115 90
121 90
122 90
123 89
124 88
125 87
126 86
126 85
126 84
126 83
126 82
126 81
127 80
128 79
129 78
130 77
131 76
132 75
133 74
134 73
135 72
136 71
136 70
136 69
136 68
136 67
136 66
136 65
136 64
136 63
136 62
137 61
138 60
139 59
140 58
141 57
141 56
140 56
139 56
138 56
137 56
136 56
135 56
134 56
133 56
132 56
131 56
130 56
129 55
128 54
127 54
126 54
125 54
124 54
123 54
122 54
121 54
120 54
119 54
118 54
117 54
116 54
115 54
114 53
113 52
112 52
111 52
110 52
109 52
108 52
107 52
106 52
105 52
104 52
103 51
103 50
103 49
103 48
103 47
104 47
103 46
103 45
103 44
103 43
103 42
103 41
102 40
101 39
100 38
99 37
98 36
97 35
96 34
105 46
106 45
107 44
108 43
109 42
110 41
111 40
112 39
113 38
114 37
115 36
116 35
117 34
102 52
101 53
100 54
99 55
98 56
97 56
96 56
95 56
94 56
93 56
92 56
93 57
93 58
93 59
93 60
93 61
93 62
93 63
93 64
93 65
93 66
93 67
93 68
93 69
93 70
93 71
92 71
91 71
90 71
89 71
88 71
87 71
86 71
85 71
84 71
83 71
82 71
81 71
80 71
79 71
78 71
77 71
76 71
75 71
74 71
73 71
72 71
71 71
81 72
80 73
79 74
78 75
77 76
76 77
75 78
74 79
73 80
72 81
72 82
72 83
72 84
72 85
72 86
73 87
74 88
75 89
76 90
77 91
78 92
79 93
80 93
81 93
82 93
83 93
84 93
85 93
86 93
87 93
88 93
89 93
90 93
91 93
92 92
93 91
94 90
84 94
85 95
86 96
87 97
88 98
89 99
90 100
91 101
92 102
93 103
93 104
93 105
93 106
93 107
93 108
92 108
91 108
90 108
89 108
88 108
87 108
86 108
85 108
84 108
83 108
82 108
81 108
80 108
79 108
78 108
77 108
76 108
75 108
74 108
73 108
72 108
71 108
70 108
69 108
68 108
67 108
66 108
65 107
64 106
63 105
62 104
61 103
60 102
59 101
58 100
57 99
56 98
55 97
54 96
53 95
52 94
51 93
50 93
49 93
48 93
47 93
46 93
45 93
44 93
43 93
42 93
41 93
40 92
39 91
38 90
37 89
36 88
35 87
34 86
33 85
32 84
32 83
31 83
33 83
34 83
35 83
36 83
37 83
38 83
39 83
40 82
41 81
42 80
43 79
44 78
45 77
46 76
47 75
48 74
49 73
50 72
50 71
50 70
50 69
50 68
50 67
50 66
50 65
50 64
50 63
50 62
50 61
51 60
51 59
51 58
51 57
51 56
51 55
51 54
51 53
51 52
50 51
49 50
48 49
47 49
46 49
45 49
44 49
43 48
42 47
41 46
40 45
39 44
38 43
37 42
36 41
35 40
34 41
33 42
32 43
32 44
32 45
32 46
32 47
32 48
31 49
30 50
29 51
29 52
29 53
29 54
29 55
29 56
29 57
29 58
29 59
29 60
29 61
29 62
48 48
48 47
48 46
48 45
48 44
48 43
48 42
48 41
48 40
48 39
48 38
49 38
50 38
51 38
52 37
53 36
54 35
55 34
56 34
57 34
58 34
59 34
60 34
61 34
62 34
63 34
64 34
65 34
66 34
67 34
68 34
69 34
70 34
71 34
72 34
73 34
74 34
75 34
50 94
49 95
49 96
49 97
49 98
49 99
49 100
49 101
49 102
49 103
49 104
49 105
49 106
49 107
49 108
49 109
48 109
47 109
46 109
45 109
44 109
43 109
42 109
41 109
40 109
39 109
38 109
37 109
36 109
35 109
34 109
33 109
32 108
31 107
30 106
29 105
28 104
48 110
48 111
48 112
48 113
48 114
48 115
48 116
48 117
48 118
48 119
48 120
48 121
48 122
48 123
48 124
48 125
48 126
48 127
48 128
48 129
47 129
46 130
45 131
44 132
43 133
42 134
41 135
40 136
39 136
38 136
37 136
36 136
36 135
36 134
36 133
36 132
35 131
34 130
33 129
32 128
31 127
30 126
29 125
48 130
48 131
48 132
48 133
48 134
48 135
48 136
48 137
48 138
48 139
49 140
50 141
51 142
52 143
53 143
54 143
55 143
56 144
57 145
58 145
59 145
60 145
61 145
62 145
63 145
64 145
65 145
66 145
67 145
68 145
69 145
70 145
71 145
72 145
73 145
81 109
80 110
79 111
78 112
77 113
76 114
75 115
74 116
73 117
72 118
71 119
71 120
71 121
71 122
71 123
92 109
92 110
92 111
92 112
92 113
92 114
92 115
92 116
92 117
92 118
92 119
92 120
92 121
92 122
92 123
93 124
94 124
95 124
96 124
97 124
98 124
99 124
100 124
101 124
102 124
103 124
103 123
104 122
105 121
106 120
107 119
108 118
109 117
110 116
111 115
112 114
113 113
114 112
115 111
104 125
105 126
106 127
107 128
108 129
109 129
110 129
111 129
112 129
111 130
110 131
109 132
108 133
107 134
106 135
105 136
104 137
103 138
102 139
101 140
100 141
99 142
98 143
97 144
96 145
95 145
94 145
113 130
114 131
115 132
115 133
115 134
115 135
115 136
115 137
115 138
115 139
115 140
115 141
115 142
115 143
82 70
82 69
82 68
82 67
81 66
80 65
79 64
78 63
77 62
76 61
75 60
74 59
73 58
72 57
71 56
127 55
126 56
125 57
124 58
123 59
122 60
121 61
120 62
119 63
118 64
117 65
116 66
115 67
115 68
115 69
128 53
128 52
128 51
128 50
128 49
128 48
128 47
128 46
128 45
128 44
129 43
130 42
131 41
132 40
133 39
134 38
135 37
136 36
137 35
138 34
142 56
137 72
138 72
139 72
140 72
141 72
142 72
143 72
144 72
145 72
146 72
147 72
148 72
149 72
150 72
151 72
152 72
153 72
154 72
155 72
156 72
157 72
158 71
158 70
158 69
158 68
158 67
158 66
158 65
158 64
158 63
158 62
158 61
158 60
158 59
158 58
158 57
158 56
158 55
158 54
158 53
158 52
158 51
158 50
158 49
158 48
158 47
158 46
158 45
158 44
158 43
158 42
158 41
158 40
158 39
158 38
158 37
158 36
158 35
159 34
127 87
128 88
129 89
130 90
131 91
132 92
133 93
134 93
135 93
136 93
137 93
138 93
139 93
140 94
141 95
142 96
143 97
144 98
145 99
146 100
147 101
147 102
147 103
146 104
145 105
144 106
143 107
142 108
141 108
140 108
139 108
138 108
137 108
136 108
135 109
134 110
134 111
134 112
134 113
134 114
134 115
134 116
134 117
134 118
134 119
134 120
134 121
134 122
134 123
134 124
134 125
135 126
136 127
136 128
136 129
136 130
136 131
136 132
136 133
136 134
136 135
136 136
136 137
136 138
136 139
136 140
136 141
136 142
136 143
136 144
136 145
148 104
149 105
150 106
151 107
152 108
153 108
154 108
155 108
156 108
157 108
158 108
157 109
156 110
155 111
154 112
153 113
153 114
153 115
153 116
153 117
153 118
153 119
153 120
153 121
153 122
153 123
154 124
155 124
156 124
157 124
158 124
159 124
160 124
161 124
162 124
163 124
164 124
165 124
166 124
167 124
168 124
169 124
170 123
171 122
172 121
173 120
174 119
175 118
176 117
177 116
178 115
179 114
180 113
181 112
182 112
183 112
184 112
185 112
186 112
187 112
188 112
189 111
190 110
191 109
192 108
193 107
194 106
194 105
195 104
196 103
197 102
198 101
199 100
200 99
201 98
202 97
203 96
204 95
204 94
203 94
202 94
201 94
200 94
199 94
198 94
197 94
196 93
195 92
194 91
193 91
192 91
191 91
190 91
189 91
188 91
187 91
186 91
185 91
184 91
183 91
182 91
181 91
194 90
194 89
194 88
194 87
194 86
194 85
194 84
194 83
195 82
196 81
197 80
198 79
199 78
200 77
201 76
202 75
203 74
204 73
205 73
206 73
207 73
208 73
209 73
210 73
211 73
212 73
213 73
214 73
215 73
204 72
204 71
204 70
203 69
202 68
201 67
200 66
199 65
198 64
197 63
196 62
195 61
195 60
194 60
193 60
192 60
191 59
190 58
189 57
188 56
187 55
186 54
185 53
184 52
183 51
182 50
181 49
193 61
192 62
191 63
190 64
189 65
188 66
187 67
186 68
185 69
184 70
183 70
182 70
181 70
196 60
197 60
198 59
199 58
200 57
201 56
202 55
203 54
204 53
204 52
203 52
202 52
201 52
200 52
199 52
198 51
197 50
196 49
195 48
194 47
194 46
194 45
194 44
194 43
194 42
194 41
194 40
193 39
192 38
191 37
190 36
189 36
188 36
187 36
186 36
185 36
184 36
183 36
182 36
181 35
180 34
205 52
205 51
205 50
205 49
205 48
205 47
205 46
205 45
205 44
205 43
206 42
207 41
205 94
195 107
196 108
197 109
198 110
199 111
200 112
201 113
202 114
203 115
204 115
205 115
204 116
203 117
202 118
202 119
202 120
202 121
202 122
202 123
202 124
202 125
202 126
202 127
201 128
200 129
199 130
198 131
197 132
196 133
195 134
194 135
193 136
192 137
192 138
191 138
190 138
189 138
188 138
187 138
186 138
185 137
184 136
183 135
182 134
181 133
180 134
179 135
178 136
178 137
178 138
178 139
178 140
178 141
178 142
178 143
178 144
203 128
204 128
205 128
206 128
207 128
208 128
209 128
210 128
211 128
212 128
213 128
214 128
165 125
164 126
163 127
162 128
161 129
160 130
159 131
158 132
157 133
157 134
157 135
157 136
157 137
157 138
157 139
157 140
157 141
157 142
157 143
157 144
157 145
148 100
149 99
150 98
151 97
152 96
153 95
154 94
155 93
156 92
157 91
158 90
159 89
160 88
83
115 90
126 86
136 71
128 54
113 52
103 51
96 34
117 34
92 56
93 71
82 71
71 71
72 86
83 93
94 90
93 108
82 108
71 108
51 93
31 83
50 72
51 60
48 49
35 40
32 48
29 62
48 38
55 34
75 34
49 109
28 104
48 128
36 136
29 125
48 139
55 143
73 145
71 123
92 123
103 124
115 111
112 129
94 145
115 143
71 56
115 69
138 34
142 56
147 72
158 71
158 55
159 34
139 93
147 103
136 108
134 125
136 145
158 108
153 123
166 124
181 112
194 106
194 91
181 91
204 73
215 73
194 60
181 49
181 70
194 47
190 36
180 34
205 52
207 41
205 94
205 115
202 127
192 138
181 133
178 144
214 128
157 145
160 88
