3173
119 90
118 90
117 90
116 90
115 90
114 90
113 90
112 90
111 90
110 90
109 90
108 90
107 90
106 90
105 90
104 90
103 90
102 90
101 90
100 90
99 90
98 90
97 90
96 90
95 90
94 90
93 90
92 90
91 90
90 90
89 90
88 90
87 90
86 90
85 90
84 90
83 90
82 90
81 90
80 90
79 90
78 90
77 90
76 90
75 90
74 90
73 90
72 90
71 90
70 90
69 90
68 90
67 90
66 90
65 90
64 90
63 90
62 90
61 90
60 90
59 90
58 90
57 90
56 90
55 90
54 90
53 90
52 90
51 90
50 90
49 90
48 90
47 90
46 90
45 90
44 90
43 90
42 90
41 90
40 90
39 90
38 90
37 90
36 90
35 90
34 90
33 89
32 88
31 87
46 89
45 88
44 87
43 86
42 85
41 84
40 83
39 82
38 81
37 80
36 79
35 78
34 77
33 76
32 75
31 74
65 89
65 88
65 87
65 86
65 85
65 84
65 83
65 82
65 81
65 80
65 79
65 78
66 78
66 77
65 77
65 76
66 76
66 75
65 75
65 74
66 74
66 73
65 73
65 72
66 72
66 71
65 71
66 70
66 69
65 69
64 69
63 69
62 69
61 69
60 69
59 69
58 69
57 69
56 69
55 69
54 69
53 69
52 69
51 69
50 69
67 69
68 68
69 68
69 67
68 67
67 66
66 65
65 64
65 63
64 63
63 63
62 63
61 63
60 63
59 63
58 63
57 63
56 63
55 63
54 63
53 63
52 63
51 63
50 63
49 63
48 63
47 63
46 63
45 63
44 63
43 63
42 63
41 63
40 63
39 63
38 63
37 63
36 63
35 63
34 63
33 62
32 61
31 60
48 62
49 62
48 61
47 61
47 60
46 60
46 59
45 59
45 58
44 58
44 57
43 57
43 56
42 55
41 54
40 53
39 52
38 51
37 50
36 49
35 48
34 47
33 46
32 45
62 62
63 62
62 61
61 60
60 59
59 58
58 57
57 56
56 56
56 55
55 54
54 53
53 52
52 51
51 50
50 49
49 48
48 47
47 46
46 46
45 46
44 46
43 46
42 46
41 46
40 45
39 44
38 43
37 42
36 41
35 40
56 57
62 64
66 63
67 63
68 63
69 63
70 63
71 63
72 63
73 63
73 62
73 61
73 60
72 60
72 59
71 59
71 58
70 58
70 57
69 57
69 56
68 56
68 55
67 55
67 54
66 54
66 53
65 53
65 52
64 52
64 51
63 51
63 50
62 50
62 49
61 49
61 48
60 48
60 47
59 47
59 46
58 46
58 45
57 44
56 43
55 42
54 41
53 40
52 39
51 38
50 37
49 36
48 35
49 34
50 35
51 36
52 37
53 38
54 39
55 40
56 41
57 42
58 43
59 44
60 45
61 46
62 47
63 48
63 49
64 49
64 50
65 50
65 51
66 51
66 52
67 52
67 53
68 53
68 54
69 54
69 55
70 55
70 56
71 56
71 57
72 57
73 57
73 56
73 55
73 54
73 53
73 52
72 52
71 51
70 50
69 49
68 48
67 47
66 46
65 45
64 44
63 43
62 42
61 41
60 40
59 39
58 38
57 37
56 36
55 35
54 34
53 33
73 51
73 50
73 49
73 48
73 47
73 46
72 45
71 44
70 43
69 42
68 41
67 40
66 39
65 38
64 37
63 36
62 35
61 34
60 33
59 32
58 31
57 30
56 29
55 28
74 52
75 51
76 50
77 49
73 58
72 58
73 59
72 64
71 65
70 66
74 64
75 65
76 66
77 67
78 68
78 69
79 69
78 70
78 71
78 72
78 73
78 74
78 75
78 76
77 76
76 75
75 74
74 73
73 72
72 71
71 70
70 69
78 77
78 78
79 78
80 78
80 79
81 80
82 81
83 81
83 80
83 79
83 78
83 77
83 76
83 75
83 74
84 74
83 73
82 72
82 71
81 71
80 70
83 71
84 71
85 71
86 71
87 71
88 71
89 71
90 71
91 71
92 71
93 71
85 75
86 76
87 77
88 78
89 79
90 80
91 81
92 82
93 83
94 84
95 85
96 86
97 87
98 88
99 89
83 82
83 83
84 83
83 84
83 85
83 86
83 87
83 88
83 89
85 84
86 85
87 86
88 87
89 88
90 89
78 79
78 80
78 81
78 82
78 83
78 84
78 85
78 86
78 87
78 88
78 89
83 91
83 92
83 93
83 94
83 95
83 96
83 97
83 98
83 99
83 100
83 101
83 102
92 91
93 92
94 93
95 94
96 95
97 96
98 97
98 98
99 98
100 98
100 97
100 96
100 95
100 94
100 93
100 92
100 91
101 91
102 92
103 93
104 94
105 95
106 96
107 97
108 98
109 99
110 100
109 101
108 102
107 103
106 104
105 104
105 105
104 105
103 105
102 105
101 105
100 105
99 105
98 105
97 105
96 105
95 105
94 105
93 105
92 105
91 105
90 105
89 105
88 105
87 105
86 105
85 105
84 105
83 105
82 105
81 105
80 105
79 105
78 105
77 105
76 105
75 105
74 105
73 105
72 105
71 105
70 105
69 105
68 105
100 104
100 103
100 102
100 101
100 100
101 100
100 99
102 101
103 102
104 103
100 106
100 107
100 108
99 108
98 108
97 108
96 108
95 108
94 108
93 108
92 108
91 108
90 108
89 108
88 108
87 108
86 108
85 108
84 108
83 108
82 108
81 108
80 108
79 108
78 108
77 108
76 108
75 108
74 108
73 108
72 108
71 108
70 108
69 108
68 108
67 108
66 108
65 108
64 108
63 108
62 108
61 108
60 108
59 108
58 108
57 108
56 108
55 108
54 108
53 108
52 108
51 108
50 108
49 108
48 108
47 108
46 108
45 108
44 108
43 108
42 108
41 108
40 108
39 108
38 108
37 108
36 108
35 108
34 108
33 108
32 108
31 108
100 109
101 109
101 108
102 108
103 107
104 106
100 110
100 111
99 111
98 111
97 111
96 111
95 111
94 111
93 111
92 111
91 111
90 111
89 111
88 111
87 111
86 111
85 111
84 111
83 111
82 111
81 111
80 111
79 111
78 111
77 111
76 111
75 111
74 111
73 111
72 111
71 111
70 111
69 111
68 111
67 111
66 111
65 111
64 111
63 111
62 111
61 111
60 111
59 111
58 111
57 111
56 111
55 111
54 111
53 111
52 111
51 111
50 111
98 112
99 112
100 112
100 113
99 113
99 114
100 114
100 115
99 115
99 116
100 116
99 117
99 118
99 119
99 120
99 121
99 122
99 123
99 124
99 125
99 126
99 127
99 128
99 129
97 113
96 114
95 115
94 116
93 117
93 118
92 118
91 118
90 118
89 118
88 118
87 118
86 118
85 118
91 119
90 120
89 121
88 122
87 123
86 124
85 125
84 125
83 125
82 125
81 125
80 125
79 125
78 125
77 125
76 125
75 125
74 125
73 125
72 125
71 125
70 125
69 125
68 125
84 126
83 127
82 127
81 127
80 127
79 127
78 127
77 127
76 127
75 127
74 127
73 127
72 127
71 127
70 127
69 127
68 127
67 127
66 127
65 127
64 127
63 127
62 127
61 127
60 127
59 127
58 127
57 127
56 127
55 127
54 127
53 127
52 127
51 127
50 127
49 127
48 127
47 127
46 127
45 127
44 127
43 127
42 127
41 127
40 127
39 127
38 127
37 127
36 127
35 127
34 127
33 127
32 127
31 127
30 127
82 128
83 128
83 129
83 130
83 131
81 129
81 130
80 130
79 131
78 131
77 131
76 131
75 131
74 131
73 131
72 131
71 131
70 131
69 131
68 131
67 131
66 131
65 131
64 131
63 131
62 131
61 131
60 131
59 131
58 131
57 131
56 131
55 131
54 131
53 131
52 131
51 131
50 131
49 131
48 131
78 132
77 133
76 134
75 135
74 136
73 136
72 136
71 136
70 136
69 136
68 136
67 136
66 136
65 136
64 136
63 136
62 136
61 136
60 136
59 136
58 136
57 136
56 136
55 136
54 136
53 136
52 136
51 136
50 136
49 136
48 136
47 136
46 136
45 136
44 136
43 136
42 136
41 136
40 136
39 136
38 136
37 136
36 136
73 137
72 138
71 139
70 140
69 141
69 142
68 142
67 142
66 142
65 142
64 142
63 142
62 142
61 142
60 142
59 142
58 142
57 142
56 142
55 142
54 142
53 142
52 142
51 142
50 142
49 142
48 142
49 143
50 143
51 143
52 143
53 143
54 143
55 143
56 143
57 143
58 143
59 143
60 143
61 143
62 143
63 143
64 143
65 143
66 143
67 143
66 144
65 144
64 144
63 144
62 144
61 144
60 144
59 144
58 144
57 144
56 144
55 144
54 144
53 144
52 144
51 144
50 144
55 145
56 145
57 145
58 145
59 145
60 145
61 145
62 145
63 145
64 145
65 145
69 143
69 144
81 131
81 132
81 133
81 134
81 135
81 136
81 137
81 138
81 139
81 140
81 141
81 142
81 143
81 144
93 119
93 120
93 121
93 122
93 123
93 124
93 125
93 126
93 127
93 128
93 129
93 130
93 131
93 132
93 133
93 134
93 135
93 136
93 137
93 138
93 139
93 140
93 141
93 142
93 143
93 144
106 105
107 106
108 107
109 108
110 109
111 110
112 111
113 112
114 112
114 111
114 110
114 109
114 108
114 107
114 106
114 105
115 105
114 104
113 103
112 102
111 101
116 106
117 107
118 107
119 107
120 107
121 107
122 107
123 107
124 107
125 107
126 107
127 107
128 107
129 107
130 107
131 107
132 107
133 107
134 107
135 107
136 106
136 105
135 105
134 104
134 103
133 103
133 102
132 102
131 101
130 100
129 99
128 98
127 97
126 96
125 95
125 94
124 94
123 93
122 92
122 91
121 91
121 90
120 89
120 88
120 87
119 87
118 86
117 85
116 84
115 83
114 82
113 81
112 80
111 79
110 78
109 77
108 76
107 75
106 74
105 73
104 72
103 71
102 70
101 69
100 68
99 67
98 66
97 65
96 64
95 63
94 62
93 61
92 60
91 59
90 58
89 57
88 56
87 55
86 54
85 53
84 52
83 51
82 50
81 49
80 48
79 47
78 46
77 45
76 44
75 43
74 42
73 41
72 40
71 39
70 38
69 37
68 36
67 35
66 34
120 86
121 86
122 86
122 85
121 85
120 85
120 84
121 84
122 84
123 84
124 84
124 83
123 83
122 83
123 82
124 82
125 82
126 82
126 81
125 81
124 81
125 80
126 80
127 80
128 80
128 79
127 79
126 79
127 78
128 78
129 78
129 77
128 77
129 76
130 76
131 76
131 75
130 75
131 74
132 74
133 74
133 73
132 73
133 72
134 72
135 72
135 71
134 71
135 70
136 70
137 70
137 69
136 69
137 68
138 68
139 68
139 67
138 67
139 66
140 66
140 65
141 65
141 64
142 64
142 63
143 63
143 62
144 62
144 61
145 61
145 60
146 60
146 59
147 59
147 58
148 58
148 57
149 57
149 56
150 56
150 55
151 55
151 54
152 54
152 53
153 53
153 52
154 52
154 51
155 51
155 50
156 50
156 49
157 49
157 48
158 48
158 47
159 47
159 46
160 46
160 45
161 45
161 44
162 44
162 43
163 43
163 42
164 42
164 41
165 41
165 40
166 40
166 39
167 39
167 38
168 38
168 37
169 37
169 36
170 36
170 35
171 35
171 34
172 34
173 33
174 32
175 31
176 30
177 29
178 28
179 27
180 26
181 25
182 24
140 67
138 69
136 71
134 73
132 75
130 77
129 79
127 81
125 83
123 85
120 83
120 82
120 81
120 80
120 79
119 79
119 78
118 78
118 77
117 77
117 76
116 76
116 75
115 75
115 74
114 74
114 73
113 73
112 72
111 71
110 70
109 69
108 68
107 67
106 66
105 65
104 64
103 63
102 62
101 61
100 60
99 59
98 58
97 57
96 56
95 55
94 54
93 53
115 72
114 71
113 70
112 69
111 68
110 67
109 66
108 65
107 64
106 63
105 62
104 61
103 60
102 59
101 58
100 57
99 56
98 55
97 54
96 53
95 52
94 51
93 50
92 49
91 48
90 47
89 46
88 45
87 44
86 43
85 42
84 41
83 40
82 39
81 38
80 37
79 36
78 35
77 34
116 73
117 74
118 75
119 76
120 76
121 76
120 75
120 74
120 73
120 72
121 72
120 71
120 70
120 69
120 68
120 67
120 66
121 66
120 65
120 64
119 64
118 63
117 62
116 61
115 60
114 59
113 58
112 57
111 56
110 55
109 54
108 53
107 52
106 51
105 50
104 49
103 48
102 47
101 46
100 45
99 44
98 43
97 42
96 41
95 40
94 39
93 38
92 37
91 36
90 35
89 34
120 63
121 63
120 62
120 61
120 60
119 60
118 59
117 58
116 57
115 56
114 55
120 59
120 58
120 57
120 56
120 55
120 54
120 53
120 52
120 51
120 50
120 49
120 48
120 47
121 47
120 46
120 45
120 44
120 43
119 43
118 42
117 41
116 40
115 39
114 38
113 37
112 36
111 35
110 34
120 42
120 41
120 40
120 39
120 38
120 37
120 36
121 35
122 34
122 46
123 45
124 44
125 43
126 42
127 41
128 40
129 39
130 38
131 37
132 36
133 35
134 34
122 62
123 61
124 60
125 59
126 58
127 57
128 56
129 55
130 54
131 53
132 52
133 51
122 65
123 64
124 63
125 62
126 61
127 60
128 59
129 58
130 57
131 56
132 55
133 54
134 53
135 52
136 51
137 50
138 49
139 48
140 47
141 46
142 45
143 44
144 43
145 42
146 41
147 40
148 39
149 38
150 37
151 36
152 35
153 34
122 71
123 70
124 69
125 68
126 67
127 66
128 65
120 77
120 78
122 75
123 74
124 73
125 72
126 71
127 70
128 69
129 68
130 67
131 66
132 65
133 64
134 63
135 62
136 61
137 60
138 59
139 58
140 57
141 56
142 55
143 54
144 53
145 52
146 51
121 87
119 91
118 92
117 93
116 94
115 95
114 96
113 97
112 98
111 99
122 90
123 90
124 90
125 90
126 90
127 90
128 90
129 90
130 90
131 90
132 90
133 90
134 90
135 90
136 90
137 90
138 90
139 90
140 90
141 90
142 90
143 90
144 90
145 90
146 90
147 90
148 90
149 90
150 90
151 90
152 90
153 90
154 90
155 90
156 90
157 90
158 90
159 90
160 90
161 90
162 90
163 90
164 90
165 90
166 90
167 90
168 90
169 90
170 90
171 90
172 90
173 90
174 90
175 90
176 90
177 90
178 90
179 90
180 90
181 90
182 90
183 90
184 90
185 90
186 90
187 90
188 90
189 90
190 90
191 90
192 90
193 90
194 90
195 90
196 90
197 90
198 90
199 90
200 90
201 90
202 90
203 90
204 90
205 90
205 91
204 91
203 91
202 91
201 91
200 91
199 91
198 91
197 91
196 91
195 91
194 91
193 91
192 91
191 91
190 91
189 91
188 91
187 91
186 91
185 91
184 91
183 91
182 91
181 91
180 91
179 91
178 91
177 91
176 91
175 91
174 91
173 91
172 91
171 91
170 91
169 91
168 91
167 91
166 91
165 91
164 91
163 91
162 91
161 91
160 91
159 91
158 91
157 91
156 91
155 91
154 91
153 91
152 91
151 91
150 91
149 91
148 91
147 91
146 91
145 91
144 91
143 91
142 91
141 91
140 91
139 91
138 91
137 91
136 91
135 91
134 91
133 91
132 91
131 91
130 91
129 91
128 91
127 91
126 91
125 91
124 91
123 91
206 89
207 88
208 87
209 86
210 85
211 84
212 83
213 82
214 81
215 80
194 89
193 88
192 89
194 87
195 86
196 85
197 84
198 83
199 82
200 81
201 80
202 79
203 78
204 77
205 78
204 79
203 80
202 81
201 82
200 83
199 84
198 85
197 86
196 87
195 88
206 77
207 76
208 75
209 74
210 73
211 72
212 71
213 70
214 69
215 68
183 89
184 88
185 87
186 86
187 85
188 84
189 83
190 82
191 81
192 80
193 79
194 78
195 77
196 76
197 75
198 74
199 73
200 72
201 71
202 70
203 69
204 68
205 67
206 66
207 65
208 64
209 63
210 62
211 61
212 60
213 59
214 58
215 57
177 89
178 88
179 87
180 86
181 85
182 84
183 83
184 82
185 81
186 80
187 79
188 78
189 77
190 76
191 75
192 74
193 73
194 72
195 71
196 70
197 69
198 68
199 67
200 66
201 65
202 64
203 63
204 62
173 89
174 88
175 87
176 86
177 85
178 84
179 83
180 82
181 81
162 89
161 89
162 88
163 88
163 87
164 87
164 86
165 86
165 85
166 85
166 84
167 84
167 83
168 83
168 82
169 82
169 81
170 81
170 80
171 80
171 79
172 79
172 78
173 78
173 77
174 77
174 76
175 76
175 75
176 75
176 74
177 74
177 73
178 73
178 72
179 72
179 71
180 71
180 70
181 70
181 69
182 69
183 68
184 67
185 66
186 65
187 64
188 63
189 62
190 61
191 60
192 59
193 58
194 57
195 56
196 55
197 54
198 53
199 52
200 51
201 50
202 49
203 48
204 47
205 46
151 89
150 89
149 89
150 88
151 88
152 88
152 87
151 87
152 86
153 86
154 86
154 85
153 85
154 84
155 84
156 84
156 83
155 83
156 82
157 82
158 82
158 81
157 81
158 80
159 80
160 80
160 79
159 79
160 78
161 78
162 78
162 77
161 77
162 76
163 76
164 76
164 75
163 75
164 74
165 74
166 74
166 73
165 73
166 72
167 72
168 72
168 71
167 71
168 70
169 70
170 70
170 69
169 69
170 68
171 68
172 68
172 67
171 67
172 66
173 66
174 66
174 65
173 65
174 64
175 64
176 64
176 63
175 63
176 62
177 62
178 62
178 61
177 61
178 60
179 60
180 60
180 59
179 59
180 58
181 58
182 58
181 57
182 56
183 55
184 54
185 53
186 52
187 51
188 50
189 49
190 48
191 47
192 46
193 45
194 44
195 43
196 42
197 41
198 40
199 39
200 40
199 41
198 42
197 43
196 44
195 45
194 46
193 47
192 48
191 49
190 50
189 51
188 52
187 53
186 54
185 55
184 56
183 57
181 59
179 61
177 63
175 65
173 67
171 69
169 71
167 73
165 75
163 77
161 79
159 81
157 83
155 85
153 87
144 89
145 88
146 87
147 86
148 85
149 84
150 83
151 82
152 81
153 80
154 79
155 78
156 77
157 76
158 75
159 74
140 89
141 88
142 87
143 86
144 85
145 84
146 83
147 82
148 81
149 80
150 79
151 78
152 77
153 76
154 75
155 74
156 73
157 72
158 71
159 70
160 69
161 68
162 67
163 66
164 65
165 64
166 63
167 62
168 61
169 60
170 59
171 58
172 57
173 56
174 55
175 54
176 53
177 52
178 51
179 50
180 49
181 48
182 47
183 46
184 45
185 44
186 43
187 42
188 41
135 89
136 88
137 87
138 86
139 85
140 84
141 83
142 82
143 81
144 80
131 89
130 88
129 89
131 87
132 86
133 85
134 84
135 83
136 82
137 81
138 80
139 79
140 78
141 77
142 76
143 75
144 74
145 73
146 72
147 71
148 70
149 69
150 68
151 67
152 66
153 65
154 64
155 63
156 62
157 61
158 60
159 59
160 58
161 57
162 56
163 55
164 54
165 53
166 52
167 51
168 50
169 49
170 48
171 47
172 46
173 45
174 44
175 43
176 42
177 41
178 40
179 39
180 38
181 37
182 36
183 35
184 34
185 33
186 32
174 46
173 47
172 48
171 49
170 50
169 51
168 52
167 53
166 54
165 55
164 56
163 57
162 58
161 59
160 60
159 61
158 62
157 63
156 64
155 65
154 66
153 67
152 68
151 69
150 70
149 71
148 72
147 73
146 74
145 75
144 76
143 77
142 78
141 79
140 80
139 81
138 82
137 83
136 84
135 85
134 86
133 87
132 88
125 89
124 89
125 88
126 88
126 87
127 87
127 86
128 86
128 85
129 85
129 84
130 84
130 83
131 83
131 82
132 82
132 81
133 81
133 80
134 80
134 79
135 79
135 78
136 78
136 77
137 77
137 76
138 76
138 75
139 75
139 74
140 74
140 73
141 73
141 72
142 72
142 71
143 71
143 70
144 70
144 69
145 69
145 68
146 68
146 67
147 67
147 66
148 66
148 65
149 65
149 64
150 64
150 63
151 63
151 62
152 62
152 61
153 61
153 60
154 60
154 59
155 59
155 58
156 58
156 57
157 57
157 56
158 56
158 55
159 55
159 54
160 53
161 52
162 51
163 50
164 49
165 48
166 47
167 46
168 45
169 44
170 43
171 42
172 41
173 40
174 39
175 38
176 37
177 36
178 35
179 34
180 33
181 32
182 31
183 30
126 94
127 94
128 94
129 94
130 94
131 94
132 94
133 94
134 94
135 94
136 94
137 94
138 94
139 94
140 94
141 94
142 94
143 94
144 94
145 94
146 94
147 94
148 94
149 94
150 94
151 94
152 94
153 94
154 94
155 94
156 94
157 94
158 94
159 94
160 94
161 94
162 94
163 94
164 94
165 94
166 94
167 94
168 94
169 94
170 94
171 94
172 94
173 94
174 94
175 94
176 94
177 94
178 94
179 94
180 94
181 94
182 94
183 94
134 102
135 102
136 102
137 102
138 102
139 102
140 102
141 102
142 102
143 102
144 102
145 102
146 102
147 102
148 102
149 102
150 102
151 102
152 102
153 102
154 102
155 102
156 102
157 102
158 102
159 102
160 102
161 102
162 102
163 102
164 102
165 102
166 102
167 102
168 102
169 102
170 102
171 102
172 102
173 102
174 102
175 102
176 102
177 102
178 102
179 102
180 102
181 102
182 102
183 102
184 102
185 102
186 102
187 102
188 102
189 102
190 102
191 102
192 102
193 102
194 102
195 102
196 102
196 103
195 103
194 103
193 103
192 103
191 103
190 103
189 103
188 103
187 103
186 103
185 103
184 103
183 103
182 103
181 103
180 103
179 103
178 103
177 103
176 103
175 103
174 103
173 103
172 103
171 103
170 103
169 103
168 103
167 103
166 103
165 103
164 103
163 103
162 103
161 103
160 103
159 103
158 103
157 103
156 103
155 103
154 103
153 103
152 103
151 103
150 103
149 103
148 103
147 103
146 103
145 103
144 103
143 103
142 103
141 103
140 103
139 103
138 103
137 103
136 103
135 103
197 103
198 103
199 103
200 103
201 103
202 103
203 103
204 103
205 103
206 103
207 103
208 103
209 103
210 103
211 103
137 105
138 105
139 105
140 105
141 105
142 105
143 105
144 105
145 105
146 105
147 105
148 105
149 105
150 105
151 105
152 105
153 105
154 105
155 105
156 105
157 105
158 105
159 105
160 105
137 107
138 107
139 107
140 107
141 107
142 107
143 107
144 107
145 107
146 107
147 107
148 107
149 107
150 107
151 107
152 107
153 107
154 107
155 107
156 107
157 107
158 107
159 107
160 107
161 107
162 107
163 107
164 107
165 107
166 107
167 107
168 107
169 107
170 107
171 107
172 107
173 107
174 107
175 107
176 107
177 107
178 107
179 107
180 107
181 107
138 108
139 109
140 110
141 111
142 112
143 113
144 114
145 114
146 114
147 114
148 114
149 114
150 114
151 114
152 114
153 114
154 114
155 114
156 114
157 114
158 114
159 114
160 114
161 114
162 114
163 114
164 114
165 114
166 114
167 114
168 114
169 114
170 114
171 114
172 114
173 114
174 114
175 114
176 114
177 114
178 114
179 114
180 114
181 114
182 114
183 114
184 114
185 114
186 114
187 114
188 114
189 114
190 114
191 114
192 114
193 114
194 114
195 114
196 114
197 114
198 114
199 114
200 114
201 114
202 114
203 114
204 114
205 114
145 115
146 116
147 116
148 116
149 116
150 116
151 116
152 116
153 116
154 116
155 116
156 116
157 116
158 116
159 116
160 116
161 116
162 116
163 116
164 116
165 116
166 116
167 116
168 116
169 116
170 116
171 116
172 116
173 116
174 116
175 116
176 116
177 116
178 116
179 116
180 116
181 116
182 116
183 116
184 116
185 116
186 116
187 116
188 116
189 116
190 116
191 116
192 116
193 116
194 116
147 117
148 118
149 119
150 119
151 119
152 119
153 119
154 119
155 119
156 119
157 119
158 119
159 119
160 119
161 119
162 119
163 119
164 119
165 119
166 119
167 119
168 119
169 119
170 119
171 119
172 119
173 119
174 119
175 119
176 119
177 119
178 119
179 119
180 119
181 119
150 120
151 121
152 121
153 121
154 121
155 121
156 121
157 121
158 121
159 121
160 121
161 121
162 121
163 121
164 121
165 121
166 121
152 122
152 123
151 123
150 123
149 123
148 123
147 123
146 123
145 123
144 123
143 123
142 123
141 123
140 123
139 123
138 123
137 123
136 123
135 123
134 123
133 123
132 122
131 121
130 120
129 119
128 118
127 117
126 116
125 116
125 115
124 114
123 113
122 112
121 111
120 110
119 109
118 108
125 117
125 118
125 119
125 120
125 121
125 122
125 123
124 123
123 122
122 121
121 120
120 119
119 118
118 117
117 116
116 115
115 114
114 114
114 113
114 115
114 116
114 117
114 118
114 119
114 120
114 121
114 122
114 123
114 124
114 125
114 126
114 127
114 128
114 129
114 130
114 131
114 132
114 133
114 134
114 135
114 136
114 137
114 138
114 139
114 140
114 141
114 142
114 143
125 124
125 125
126 125
125 126
125 127
125 128
125 129
125 130
125 131
125 132
125 133
125 134
125 135
125 136
125 137
125 138
125 139
125 140
125 141
125 142
125 143
125 144
127 126
128 127
129 128
130 129
131 130
132 131
133 132
134 133
135 134
136 135
137 135
137 134
137 133
137 132
137 131
137 130
137 129
136 129
135 128
134 127
133 126
137 128
138 128
137 127
136 126
135 125
134 124
139 129
140 130
141 131
142 132
143 133
144 134
145 135
146 136
147 137
148 138
149 139
150 140
151 141
152 142
153 143
154 144
155 144
156 144
157 144
158 144
159 144
137 136
137 137
138 137
137 138
137 139
137 140
137 141
137 142
137 143
137 144
139 138
140 139
141 140
142 141
143 142
144 143
145 144
146 144
147 144
148 144
153 123
154 124
155 125
156 126
157 127
158 128
159 129
160 130
161 130
162 130
163 130
164 130
165 130
166 130
167 130
168 130
169 130
170 130
171 130
172 130
173 130
174 130
175 130
176 130
177 130
178 130
179 130
180 130
181 130
182 130
183 130
184 130
185 130
186 130
187 130
188 130
189 130
190 130
191 130
192 130
193 130
194 130
195 130
196 130
197 130
198 130
199 130
200 130
201 130
202 130
203 130
204 130
205 130
206 130
207 130
208 130
209 130
210 130
211 130
212 130
199 131
198 131
197 131
196 131
195 131
194 131
193 131
192 131
191 131
190 131
189 131
188 131
187 131
186 131
185 131
184 131
183 131
182 131
181 131
180 131
179 131
178 131
177 131
176 131
175 131
174 131
173 131
172 131
171 131
170 131
169 131
168 131
167 131
166 131
165 131
164 131
163 131
162 131
161 131
162 132
163 133
164 133
165 133
166 133
164 134
165 135
166 136
167 136
168 136
169 136
170 136
167 137
168 138
169 138
170 138
171 138
172 138
173 138
174 138
175 138
176 138
177 138
178 138
179 138
180 138
181 138
182 138
183 138
184 138
185 138
186 138
187 138
188 138
189 138
190 138
191 138
192 138
193 138
194 138
195 138
196 138
197 138
194 139
193 139
192 139
191 139
190 139
189 139
188 139
187 139
186 139
185 139
184 139
183 139
182 139
181 139
180 139
179 139
178 139
177 139
176 139
175 139
174 139
173 139
172 139
171 139
170 139
169 139
170 140
171 141
172 141
173 141
174 141
175 141
176 141
177 141
178 141
179 141
180 141
181 141
182 141
183 141
184 141
185 141
186 141
187 141
188 141
189 141
190 141
191 141
188 142
187 142
186 142
185 142
184 142
183 142
182 142
181 142
180 142
179 142
178 142
177 142
176 142
175 142
174 142
173 142
172 142
173 143
174 144
175 144
176 144
177 144
178 144
179 144
180 144
181 144
182 144
183 144
184 144
185 144
186 144
187 144
186 145
185 145
184 145
183 145
182 145
181 145
180 145
179 145
178 145
177 145
176 145
175 145
176 146
177 147
98 99
98 100
98 101
98 102
98 103
119
114 90
96 90
65 90
51 90
31 87
31 74
66 78
50 69
31 60
43 57
32 45
47 46
35 40
56 57
62 64
73 63
58 46
48 35
49 34
63 49
53 33
55 28
77 49
80 78
93 71
78 89
83 102
68 105
31 108
50 111
100 116
99 129
85 118
68 125
30 127
83 131
48 131
36 136
48 142
49 143
50 144
55 145
69 144
81 144
93 144
114 104
135 107
66 34
171 34
182 24
140 67
129 79
114 73
93 53
77 34
89 34
114 55
110 34
122 34
134 34
133 51
153 34
128 65
146 51
163 90
205 91
215 80
194 89
204 77
215 68
215 57
204 62
181 81
181 69
205 46
181 58
199 39
200 40
144 89
159 74
188 41
144 80
129 89
186 32
174 46
159 55
183 30
183 94
196 102
211 103
148 105
160 105
181 107
205 114
194 116
181 119
166 121
152 123
114 118
114 130
114 143
125 144
133 126
159 144
137 144
148 144
181 130
212 130
199 131
166 133
170 136
197 138
194 139
191 141
188 142
187 144
186 145
177 147
98 103
