1130
121 90
120 89
120 88
120 87
120 86
120 85
120 84
120 83
120 82
120 81
120 80
120 79
120 78
120 77
119 76
118 75
117 74
116 73
115 72
114 71
119 91
118 92
117 92
116 92
115 92
114 92
113 92
112 92
122 90
123 90
124 90
125 90
126 90
127 90
128 90
129 90
130 90
131 90
132 90
133 89
133 88
133 87
133 86
133 85
133 84
133 83
133 82
133 81
133 80
133 79
133 78
133 77
133 76
133 75
133 74
134 73
135 72
136 71
136 70
136 69
136 68
136 67
136 66
136 65
136 64
136 63
136 62
136 61
136 60
136 59
136 58
136 57
136 56
136 55
135 55
134 55
133 55
132 55
131 55
130 55
129 54
128 53
127 52
126 51
125 51
124 51
123 51
122 51
121 51
120 51
119 51
118 51
117 51
116 51
115 51
114 51
113 51
112 51
111 51
110 51
109 51
108 51
107 51
106 51
105 51
104 51
103 51
102 51
102 52
101 53
100 54
99 55
98 56
97 56
96 56
95 56
94 56
93 56
92 56
93 57
93 58
93 59
93 60
93 61
93 62
93 63
93 64
93 65
93 66
93 67
93 68
93 69
93 70
93 71
92 72
91 73
90 74
89 75
88 76
87 77
86 77
85 77
84 77
83 77
82 77
81 77
80 77
79 77
78 77
77 77
76 76
75 75
74 74
73 73
72 72
71 71
71 70
71 69
71 68
71 67
71 66
71 65
71 64
71 63
71 62
71 61
71 60
71 59
71 58
71 57
71 56
70 56
69 56
68 56
67 55
66 54
65 53
64 52
63 51
62 50
61 49
60 48
59 47
58 46
57 45
56 44
55 43
54 42
53 41
52 40
52 39
52 38
52 37
52 36
52 35
52 34
52 33
52 32
52 31
53 30
54 31
55 32
56 33
57 34
58 34
59 34
60 34
61 34
62 34
63 34
64 34
51 41
50 42
49 43
48 44
48 45
48 46
48 47
48 48
48 49
48 50
48 51
47 51
46 51
45 50
44 49
43 48
42 47
41 46
40 45
39 44
38 43
37 42
37 41
36 41
35 42
34 43
33 44
32 45
32 46
32 47
32 48
32 49
32 50
32 51
32 52
33 53
34 54
35 55
36 56
37 57
38 58
39 59
40 60
41 61
42 62
43 63
44 64
45 65
46 66
47 67
48 68
49 69
50 70
50 71
50 72
49 73
48 73
47 73
46 73
45 73
44 73
43 73
42 73
41 73
40 73
39 73
38 73
37 73
36 73
35 73
34 73
33 73
32 73
31 73
38 41
39 40
40 39
83 78
84 79
85 80
86 81
87 82
88 83
89 84
90 85
91 86
91 87
91 88
91 89
91 90
91 91
91 92
91 93
90 94
89 95
88 96
87 97
86 98
85 99
84 100
83 101
82 102
82 103
82 104
81 104
80 103
79 102
78 101
77 100
76 99
75 98
74 97
73 96
72 95
71 94
70 93
82 105
82 106
81 107
80 108
79 108
78 108
77 108
76 108
75 108
74 108
73 108
72 108
71 108
72 109
72 110
72 111
72 112
72 113
72 114
72 115
72 116
72 117
72 118
72 119
72 120
72 121
72 122
72 123
71 124
70 125
69 126
68 127
67 128
66 128
65 128
64 128
63 128
62 128
61 128
60 128
59 128
58 128
57 128
56 128
55 128
54 128
53 128
52 128
51 128
50 128
49 128
48 128
48 129
47 129
46 130
45 131
44 132
43 133
42 134
41 135
40 136
39 137
38 137
37 137
36 137
36 136
36 135
36 134
36 133
36 132
36 131
36 130
35 129
34 128
33 127
33 126
33 125
33 124
34 124
33 123
33 122
33 121
33 120
33 119
32 118
31 117
30 116
29 115
35 123
36 122
37 121
38 120
39 119
40 118
41 117
42 116
43 115
44 114
45 113
46 112
47 111
47 110
46 110
45 110
44 110
43 109
42 108
41 107
40 106
39 105
38 104
37 103
36 102
35 101
34 100
33 99
32 98
31 97
30 96
29 95
28 94
48 110
48 109
48 108
48 107
48 106
48 105
48 104
48 103
48 102
48 101
48 100
48 99
48 98
48 97
48 96
49 95
50 94
51 93
48 130
48 131
48 132
48 133
48 134
48 135
48 136
48 137
48 138
48 139
49 140
50 141
51 142
52 143
53 143
54 143
55 143
56 143
57 144
58 145
59 145
60 145
61 145
62 145
63 145
64 145
65 145
66 145
67 145
68 145
69 145
70 145
71 145
72 145
83 107
84 108
85 108
86 108
87 108
88 108
89 108
90 108
91 108
92 108
93 108
93 109
93 110
93 111
93 112
93 113
93 114
93 115
93 116
93 117
93 118
93 119
93 120
93 121
93 122
93 123
93 124
93 125
93 126
93 127
93 128
93 129
93 130
93 131
93 132
93 133
93 134
93 135
93 136
93 137
93 138
93 139
93 140
93 141
93 142
93 143
93 144
93 145
101 50
100 49
99 48
98 47
97 46
96 45
95 44
94 43
93 42
92 41
91 40
90 39
89 38
88 37
87 36
86 35
85 34
116 50
116 49
116 48
116 47
116 46
116 45
116 44
115 43
114 42
113 41
112 40
111 39
110 38
109 37
108 36
107 35
106 34
126 50
126 49
126 48
126 47
126 46
126 45
126 44
126 43
126 42
126 41
126 40
126 39
126 38
126 37
126 36
126 35
127 34
137 55
134 90
135 91
136 92
137 93
138 94
139 95
140 96
141 97
142 98
143 99
144 100
145 101
146 102
147 102
146 103
145 104
144 105
143 106
142 107
141 108
140 108
139 108
138 108
137 108
136 108
135 109
134 110
134 111
134 112
134 113
134 114
134 115
134 116
134 117
134 118
134 119
134 120
134 121
134 122
134 123
134 124
134 125
133 126
132 127
131 128
130 129
129 129
128 129
127 129
126 129
125 129
124 129
123 129
122 129
121 129
120 129
119 129
118 129
117 129
116 129
115 129
115 128
115 127
115 126
115 125
115 124
115 123
115 122
115 121
115 120
115 119
115 118
115 117
115 116
115 115
115 114
114 113
114 130
114 131
114 132
114 133
114 134
114 135
114 136
114 137
114 138
114 139
114 140
114 141
114 142
114 143
135 126
135 127
135 128
135 129
135 130
135 131
135 132
135 133
135 134
135 135
135 136
135 137
135 138
135 139
135 140
135 141
135 142
135 143
135 144
135 145
148 103
149 104
150 105
151 106
152 107
153 108
154 108
155 108
156 108
157 108
158 108
158 107
158 106
158 105
158 104
158 103
158 102
158 101
158 100
159 99
160 98
161 97
162 96
163 95
164 94
164 93
163 93
162 93
161 93
160 92
159 91
158 90
157 89
156 88
155 87
154 86
155 85
156 84
157 83
158 82
159 81
160 80
161 79
162 78
163 77
164 76
165 75
166 74
167 73
167 72
166 72
165 72
164 72
163 72
162 72
161 72
160 72
159 72
158 72
157 71
157 70
157 69
157 68
157 67
157 66
157 65
157 64
157 63
157 62
157 61
157 60
157 59
157 58
157 57
158 56
168 72
169 72
170 72
171 72
172 72
173 72
174 72
175 72
176 72
177 72
178 72
179 72
180 71
181 70
182 70
183 70
184 70
185 69
186 68
187 67
188 66
189 65
190 64
191 63
192 62
193 61
194 60
195 60
196 60
197 60
198 59
199 58
200 57
201 56
202 55
203 54
204 53
205 52
205 51
205 50
205 49
205 48
205 47
205 46
205 45
205 44
205 43
205 42
205 41
204 41
203 41
202 41
201 41
200 41
199 41
198 40
197 39
196 38
195 61
196 62
197 63
198 64
199 65
200 66
201 67
202 68
203 69
204 70
204 71
204 72
204 73
205 73
206 73
207 73
208 73
209 73
210 73
211 73
212 73
213 73
214 73
215 73
194 59
194 58
194 57
194 56
194 55
194 54
194 53
194 52
194 51
194 50
194 49
194 48
193 47
192 46
191 45
190 44
189 43
188 42
187 41
186 40
185 39
184 38
184 37
184 36
184 35
184 34
184 33
184 32
184 31
184 30
184 29
184 28
183 27
182 26
181 27
180 28
179 29
178 30
177 31
176 32
175 33
174 34
173 34
172 34
171 34
170 34
169 34
168 34
167 34
166 34
165 34
164 34
163 34
162 34
161 34
160 34
159 34
158 34
157 34
156 34
155 34
154 34
153 34
152 34
151 34
150 34
149 34
148 34
183 39
182 40
181 41
181 42
181 43
181 44
181 45
181 46
181 47
181 48
181 49
165 93
157 109
156 110
155 111
154 112
153 113
153 114
153 115
153 116
153 117
153 118
153 119
153 120
153 121
153 122
153 123
159 109
160 110
161 111
162 112
163 113
164 114
165 115
166 116
167 117
168 118
168 119
168 120
168 121
168 122
168 123
169 123
170 123
169 124
170 125
171 126
172 127
173 128
174 129
175 130
176 131
177 132
178 133
179 133
180 133
181 133
180 134
179 135
178 136
177 137
177 138
177 139
177 140
177 141
177 142
177 143
177 144
176 145
175 145
174 145
173 145
172 145
171 145
170 145
169 145
168 145
167 145
166 145
165 145
164 145
163 145
162 145
161 145
160 145
159 145
158 145
157 145
156 145
182 134
183 135
184 136
185 137
186 138
187 138
188 138
189 138
190 138
191 138
192 138
192 137
193 136
194 135
195 134
196 133
197 132
198 131
199 130
200 129
201 128
202 127
202 126
202 125
202 124
202 123
202 122
202 121
202 120
202 119
202 118
203 117
204 116
204 115
203 115
202 114
201 113
200 112
199 111
198 110
197 109
196 108
195 107
194 106
194 105
195 104
196 103
197 102
198 101
199 100
200 99
201 98
202 97
203 96
204 95
204 94
203 94
202 94
201 94
200 94
199 94
198 94
197 93
196 92
195 91
194 90
193 91
192 91
191 91
190 91
189 91
188 91
187 91
186 91
185 91
184 91
183 91
182 91
181 91
205 94
205 115
203 128
204 129
205 130
206 131
207 132
208 132
209 132
210 132
211 132
212 132
213 132
214 132
215 132
171 122
172 121
173 120
174 119
175 118
176 117
177 116
178 115
179 114
180 113
181 112
84
114 71
112 92
133 89
136 71
126 51
116 51
103 51
92 56
93 71
82 77
71 71
71 56
52 40
53 30
64 34
48 51
36 41
32 52
50 72
31 73
40 39
91 93
70 93
82 106
71 108
72 123
61 128
48 128
36 137
33 127
29 115
28 94
48 110
51 93
48 139
56 143
72 145
93 108
93 128
93 145
85 34
106 34
127 34
137 55
147 102
136 108
134 125
115 129
114 113
114 143
135 145
158 108
154 86
157 71
158 56
168 72
181 70
194 60
205 52
205 41
196 38
204 73
215 73
194 49
184 38
182 26
169 34
148 34
181 49
165 93
153 123
168 123
181 133
177 144
156 145
192 138
202 127
194 106
194 90
181 91
205 94
205 115
215 132
181 112
