1108
119 90
118 90
117 90
116 90
115 90
114 89
121 90
122 90
123 90
124 90
125 90
126 90
127 90
128 90
129 90
130 90
131 90
132 89
133 88
134 87
135 86
135 85
135 84
135 83
135 82
135 81
135 80
135 79
135 78
135 77
135 76
135 75
135 74
135 73
135 72
136 71
136 70
136 69
136 68
136 67
136 66
136 65
136 64
136 63
136 62
136 61
136 60
136 59
136 58
136 57
136 56
136 55
137 55
138 55
139 55
140 55
141 55
142 55
143 55
144 54
145 53
146 52
147 51
147 50
147 49
147 48
147 47
147 46
147 45
146 45
145 44
144 43
143 42
142 41
141 40
140 39
139 38
138 37
137 36
136 35
135 34
147 44
147 43
148 42
149 41
150 40
151 39
152 38
153 37
154 36
155 35
156 34
148 52
149 53
150 54
151 55
152 56
153 56
154 56
155 56
156 56
157 56
158 56
157 57
157 58
157 59
157 60
157 61
157 62
157 63
157 64
157 65
157 66
157 67
157 68
157 69
157 70
157 71
158 72
159 73
160 73
161 73
162 73
163 73
164 73
165 73
166 73
167 73
168 73
169 73
170 73
171 73
172 73
173 73
174 73
175 73
176 73
177 73
178 73
179 72
180 71
181 70
182 70
183 70
184 70
185 70
186 70
187 70
188 70
189 70
190 70
191 69
192 68
193 67
194 66
195 66
196 66
197 66
198 66
199 66
200 66
201 66
202 65
203 64
204 63
205 62
205 61
205 60
205 59
206 59
205 58
205 57
205 56
205 55
205 54
205 53
204 52
203 51
202 50
202 49
202 48
202 47
202 46
202 45
202 44
201 43
200 42
199 41
198 40
197 39
196 39
195 39
194 39
193 39
192 39
191 39
190 39
189 39
188 38
187 38
186 38
185 38
184 38
183 38
182 38
181 38
180 37
179 36
178 35
177 34
187 39
186 40
185 41
184 42
183 43
182 44
181 45
181 46
181 47
181 48
181 49
207 58
208 57
209 56
210 55
211 54
212 53
213 52
214 51
182 71
183 72
184 73
185 74
186 75
187 76
188 77
189 78
190 79
191 80
192 81
193 82
194 83
195 83
196 83
197 83
198 83
199 83
200 83
201 83
202 83
203 83
204 83
205 83
193 84
192 85
191 86
190 87
189 88
188 89
187 90
186 91
185 91
184 91
183 91
182 91
181 91
167 74
166 75
165 76
164 77
163 78
162 79
161 80
160 81
159 82
158 83
157 84
156 85
156 86
157 87
158 88
159 89
160 90
161 91
162 92
163 93
164 93
165 93
166 93
167 93
166 94
165 95
164 96
163 97
162 98
161 99
161 100
161 101
161 102
161 103
161 104
161 105
161 106
161 107
161 108
160 109
159 110
158 111
158 112
158 113
158 114
158 115
158 116
158 117
158 118
158 119
158 120
158 121
158 122
158 123
157 124
156 125
155 126
154 126
153 126
152 126
151 126
150 126
149 126
148 126
147 126
146 126
145 126
144 126
143 126
142 126
141 126
140 126
139 126
138 125
137 124
136 123
136 122
136 121
136 120
136 119
136 118
136 117
136 116
136 115
136 114
136 113
136 112
137 111
138 110
139 109
139 108
138 108
137 108
136 108
135 108
134 108
133 108
132 108
131 108
130 108
129 108
128 108
127 108
126 108
125 108
124 108
123 108
122 108
121 108
120 108
119 108
118 108
117 108
116 108
115 108
114 108
113 107
126 109
125 110
124 111
123 112
122 113
121 114
120 115
119 116
118 117
117 118
116 119
115 120
115 121
115 122
114 123
113 123
112 123
111 123
110 123
109 123
108 123
107 123
106 123
105 123
104 123
103 123
102 123
101 123
101 122
101 121
101 120
101 119
101 118
101 117
101 116
100 115
99 114
98 113
97 112
96 111
95 110
94 109
93 108
92 108
91 108
90 108
89 108
88 108
87 107
86 106
85 105
84 104
83 103
83 102
82 102
82 101
82 100
82 99
82 98
82 97
82 96
81 95
80 94
79 93
78 92
77 91
76 90
75 89
74 88
73 87
73 86
72 86
74 85
75 84
76 83
77 82
78 81
79 80
80 79
81 78
81 77
80 77
79 77
78 77
77 77
76 76
75 75
74 74
73 73
72 72
71 71
71 70
71 69
71 68
71 67
71 66
71 65
71 64
71 63
71 62
71 61
71 60
71 59
71 58
71 57
70 56
82 77
83 77
84 77
85 77
86 77
87 77
88 76
89 75
90 74
91 73
92 72
93 71
93 70
93 69
93 68
93 67
93 66
93 65
93 64
93 63
93 62
93 61
93 60
93 59
92 58
91 57
91 56
90 56
92 56
93 56
94 56
95 56
96 56
97 56
98 56
99 55
100 54
101 53
101 52
101 51
101 50
101 49
101 48
101 47
101 46
102 46
101 45
101 44
101 43
101 42
100 41
99 40
98 39
97 38
96 37
95 36
94 35
93 34
103 45
104 44
105 43
106 42
107 41
108 40
109 39
110 38
111 37
112 36
113 35
114 34
102 54
103 55
104 56
105 57
106 58
107 59
108 60
109 61
110 62
111 63
112 64
113 65
114 65
114 64
114 63
114 62
114 61
114 60
114 59
114 58
114 57
115 56
116 55
114 66
114 67
114 68
81 103
80 104
79 105
78 106
77 107
76 108
75 108
74 108
73 108
72 108
71 108
84 102
85 101
86 100
87 99
88 98
89 97
90 96
91 95
92 94
93 93
92 109
91 110
90 111
89 112
88 113
87 114
86 115
85 116
84 117
83 118
82 119
81 120
81 121
81 122
81 123
80 124
79 125
78 126
77 127
76 127
75 127
74 127
73 127
72 127
71 127
70 127
69 127
68 127
67 126
66 125
65 124
64 123
63 122
62 121
61 120
60 119
59 118
58 117
57 116
56 115
55 114
54 113
53 112
52 111
51 110
50 109
49 108
48 108
47 108
46 108
45 108
44 108
43 108
42 108
41 108
40 108
39 108
38 108
37 108
36 108
35 108
34 108
33 108
32 107
31 106
30 105
29 104
49 107
49 106
49 105
49 104
49 103
49 102
49 101
49 100
49 99
49 98
49 97
49 96
49 95
49 94
49 93
49 92
49 91
50 90
51 89
51 88
51 87
51 86
51 85
51 84
51 83
51 82
51 81
51 80
51 79
51 78
51 77
51 76
51 75
51 74
51 73
51 72
51 71
50 70
49 70
48 70
47 70
46 70
45 70
44 70
43 70
42 70
41 70
40 70
39 70
38 70
37 69
36 68
35 67
34 66
33 65
32 64
31 63
30 62
30 61
30 60
30 59
30 58
30 57
30 56
30 55
30 54
30 53
31 52
32 51
33 50
33 49
33 48
33 47
33 46
33 45
33 44
33 43
33 42
34 41
35 40
36 40
37 40
38 40
39 40
40 40
41 40
42 40
43 40
44 40
45 39
46 38
47 38
48 38
49 38
50 38
51 38
52 38
53 37
54 36
55 35
55 34
55 33
55 32
55 31
55 30
55 29
55 28
56 27
57 26
58 25
59 24
60 25
61 26
62 27
63 28
64 29
65 30
66 31
67 32
68 33
69 34
70 34
71 34
72 34
47 39
48 40
48 41
48 42
48 43
48 44
48 45
48 46
48 47
48 48
48 49
29 63
28 64
28 65
28 66
28 67
28 68
28 69
28 70
28 71
28 72
28 73
28 74
28 75
28 76
28 77
28 78
28 79
28 80
28 81
28 82
28 83
67 128
66 129
65 130
64 131
63 132
62 133
61 134
60 135
59 136
58 137
57 138
56 139
55 140
55 141
55 142
55 143
54 143
53 143
52 143
51 142
50 141
49 140
48 139
47 139
46 139
45 139
44 139
43 139
42 139
41 139
40 139
39 139
38 138
37 137
36 136
36 135
36 134
36 133
36 132
35 131
34 130
33 129
32 128
31 127
30 126
29 125
48 138
48 137
48 136
48 135
48 134
48 133
48 132
48 131
48 130
48 129
48 128
69 128
70 129
71 130
72 131
73 132
74 133
74 134
74 135
74 136
74 137
74 138
74 139
74 140
74 141
74 142
74 143
74 144
74 145
75 145
76 145
77 145
78 145
79 145
80 145
81 145
82 145
83 145
84 145
85 145
86 145
87 145
88 145
89 145
90 145
91 145
92 145
93 145
94 145
95 145
140 108
135 124
134 125
133 126
132 127
131 128
130 129
129 130
128 131
127 132
126 133
125 134
124 135
123 136
122 137
121 138
120 139
119 140
118 141
117 142
116 143
146 127
145 128
144 129
143 130
142 131
141 132
140 133
139 134
138 135
137 136
137 137
137 138
137 139
137 140
137 141
137 142
137 143
137 144
137 145
148 127
149 128
150 129
151 130
152 131
153 132
154 133
155 134
156 135
157 136
158 137
158 138
158 139
158 140
158 141
158 142
158 143
158 144
158 145
168 94
169 95
170 96
171 97
172 98
173 99
174 100
175 101
176 102
177 103
178 104
179 105
180 106
181 107
181 108
181 109
181 110
181 111
181 112
182 113
183 114
184 115
185 116
186 117
187 118
188 119
189 119
190 119
191 119
192 119
193 119
194 119
194 118
194 117
194 116
194 115
194 114
195 113
196 112
197 111
198 110
199 109
200 108
201 107
202 106
203 105
204 104
205 104
206 104
207 104
208 104
209 104
210 104
211 104
212 104
213 104
214 104
215 104
194 120
195 120
194 121
194 122
194 123
194 124
194 125
194 126
194 127
194 128
194 129
194 130
193 131
192 132
192 133
192 134
192 135
192 136
192 137
192 138
192 139
192 140
192 141
191 141
190 141
189 141
188 140
187 139
186 138
185 137
184 136
183 135
182 134
181 133
180 134
179 135
178 136
178 137
178 138
178 139
178 140
178 141
178 142
178 143
178 144
196 121
197 122
198 123
199 124
200 125
201 125
202 125
203 125
204 125
205 125
206 126
207 127
207 128
207 129
207 130
207 131
207 132
207 133
207 134
207 135
207 136
83
114 89
135 86
136 71
136 55
147 51
135 34
156 34
158 56
157 71
168 73
181 70
194 66
205 62
202 50
197 39
188 38
177 34
181 49
214 51
194 83
205 83
181 91
156 86
167 93
161 108
158 123
147 126
136 123
127 108
113 107
115 122
101 123
93 108
82 102
72 86
71 71
70 56
82 77
93 71
90 56
101 53
93 34
114 34
116 55
114 68
71 108
93 93
81 123
68 127
49 108
29 104
51 89
50 70
30 62
33 50
35 40
46 38
55 35
59 24
72 34
48 49
28 83
55 143
48 139
36 136
29 125
48 128
74 145
95 145
140 108
116 143
137 145
158 145
181 112
194 119
204 104
215 104
194 130
192 141
181 133
178 144
205 125
207 136
