1116
119 91
118 92
117 93
116 93
115 93
114 93
113 93
121 91
122 92
123 93
124 93
125 93
126 93
127 93
128 93
129 93
130 93
131 93
132 93
133 93
134 93
135 93
136 93
137 93
138 93
139 92
140 91
141 90
142 89
143 88
144 87
145 86
145 85
146 85
145 84
145 83
145 82
145 81
145 80
145 79
145 78
145 77
144 76
143 75
142 74
141 73
140 72
139 71
139 70
139 69
139 68
139 67
139 66
139 65
139 64
139 63
139 62
139 61
139 60
139 59
138 58
137 57
137 56
136 56
138 56
139 56
140 56
141 56
142 56
143 56
144 56
145 55
146 54
147 53
147 52
147 51
147 50
147 49
147 48
147 47
147 46
146 46
145 45
144 44
143 43
142 42
141 41
140 40
139 39
138 38
137 37
136 36
135 35
134 34
147 45
147 44
147 43
147 42
148 41
149 40
150 39
151 38
152 37
153 36
154 35
155 34
148 54
149 55
150 56
151 56
152 56
153 56
154 56
155 56
156 56
157 56
158 56
138 72
137 73
136 74
135 74
134 74
133 74
132 74
131 74
130 74
129 74
128 74
127 74
126 74
125 74
124 74
123 74
122 74
121 74
120 74
119 74
118 74
117 74
116 74
115 73
114 72
114 71
114 70
114 69
114 68
114 67
114 66
114 65
114 64
114 63
114 62
114 61
114 60
114 59
114 58
114 57
114 56
114 55
114 54
114 53
114 52
114 51
114 50
114 49
114 48
114 47
114 46
114 45
114 44
114 43
114 42
114 41
114 40
114 39
114 38
114 37
114 36
114 35
113 34
113 73
112 74
111 75
110 75
109 75
108 75
107 75
106 75
105 75
104 75
103 75
102 75
101 75
100 75
99 75
98 75
97 75
96 75
95 75
94 75
93 75
92 75
91 75
90 75
89 75
88 75
87 75
86 75
85 75
84 74
83 73
82 72
81 71
80 71
79 71
78 71
77 71
76 71
75 71
74 71
73 71
72 71
71 71
70 71
69 71
68 72
67 73
66 74
65 75
64 76
63 77
62 78
61 79
60 80
59 81
58 82
57 83
56 84
55 85
54 86
53 86
52 86
51 86
51 85
51 84
51 83
51 82
51 81
51 80
51 79
51 78
51 77
51 76
51 75
51 74
51 73
51 72
51 71
51 70
51 69
50 68
49 67
49 66
49 65
49 64
49 63
49 62
49 61
49 60
49 59
49 58
49 57
49 56
49 55
49 54
49 53
49 52
49 51
49 50
48 49
48 48
48 47
48 46
48 45
48 44
48 43
48 42
48 41
48 40
47 39
47 38
46 38
45 39
44 40
43 41
42 41
41 41
40 41
39 41
38 41
37 41
36 41
35 42
34 43
33 44
32 45
31 46
30 47
29 48
28 49
28 50
28 51
28 52
48 38
49 38
50 38
51 38
52 38
53 37
54 36
55 35
55 34
55 33
55 32
55 31
55 30
55 29
55 28
55 27
55 26
55 25
56 24
57 25
58 26
59 27
60 28
61 29
62 30
63 31
64 32
65 33
66 34
67 34
68 34
69 34
70 34
71 34
48 68
47 69
46 70
45 71
44 72
43 73
42 73
41 73
40 73
39 73
38 73
37 73
36 73
35 73
34 73
33 73
32 73
31 73
30 73
29 73
50 87
49 88
48 89
47 90
46 91
45 92
44 93
43 94
42 94
41 94
40 94
39 94
38 94
37 94
36 94
35 94
34 94
33 94
34 95
35 96
36 97
37 98
38 99
39 100
40 101
41 102
42 103
43 104
44 105
45 106
46 107
47 107
48 107
49 107
50 107
81 70
81 69
81 68
82 67
83 66
84 65
85 64
86 63
87 62
88 61
89 60
90 59
91 58
92 57
92 56
91 56
90 56
89 56
88 56
87 56
86 56
85 56
84 56
83 56
82 55
82 54
82 53
82 52
82 51
82 50
82 49
82 48
82 47
82 46
82 45
82 44
83 43
84 42
85 41
86 40
87 39
88 38
89 37
90 36
91 35
92 34
81 56
80 56
79 56
78 56
77 56
76 56
75 56
74 56
73 56
72 56
71 56
93 56
147 84
148 83
149 82
150 81
151 80
152 79
153 78
154 77
155 76
156 75
157 74
158 73
159 72
160 71
135 94
136 95
137 96
138 97
139 98
140 99
141 100
142 101
143 102
144 103
145 104
146 105
147 105
148 105
148 106
149 107
150 108
151 108
152 108
153 108
154 108
155 108
156 108
157 108
158 108
159 109
160 110
161 111
161 112
161 113
161 114
161 115
161 116
161 117
161 118
161 119
161 120
161 121
161 122
161 123
161 124
161 125
160 126
159 127
158 128
157 129
156 130
156 131
156 132
156 133
156 134
156 135
156 136
156 137
156 138
156 139
156 140
156 141
156 142
156 143
156 144
156 145
162 126
163 127
164 128
165 129
166 130
167 131
168 132
169 133
170 134
171 135
172 136
173 137
174 138
175 139
176 140
177 141
177 142
177 143
177 144
178 144
179 144
180 144
181 144
182 144
183 144
184 144
185 144
186 144
187 144
188 143
189 142
190 142
191 142
192 141
192 140
192 139
192 138
192 137
192 136
192 135
192 134
192 133
192 132
193 131
194 130
195 130
196 130
197 130
198 130
199 130
200 130
201 129
202 128
203 127
204 126
204 125
205 125
206 126
207 127
207 128
207 129
207 130
207 131
207 132
207 133
207 134
207 135
207 136
203 124
202 123
201 122
200 121
199 120
198 119
197 118
196 117
195 116
194 115
193 115
192 115
191 115
190 115
189 115
188 115
187 115
186 115
185 114
184 113
183 112
182 111
181 110
194 114
195 113
196 112
197 111
198 110
199 109
200 108
201 107
202 106
203 105
204 104
205 104
206 104
207 104
208 104
209 104
210 104
211 104
212 104
213 104
214 104
215 104
189 141
189 140
189 139
188 138
187 137
186 136
185 135
184 134
183 133
182 132
181 131
149 104
150 103
151 102
152 101
153 100
154 99
155 98
156 97
157 96
158 95
159 94
160 93
161 93
162 93
163 93
164 93
165 93
166 93
167 93
168 93
169 93
170 93
171 93
172 93
173 93
174 93
175 93
176 93
177 93
178 92
179 91
180 90
181 89
182 89
183 89
184 89
185 89
186 89
187 89
188 89
189 88
190 87
191 86
192 85
193 84
194 83
195 83
196 83
197 83
198 83
199 83
200 83
201 83
202 83
203 83
204 83
205 83
194 82
194 81
193 80
192 79
191 78
190 77
189 76
188 75
187 74
186 73
185 72
184 71
183 70
182 69
182 68
181 68
183 68
184 68
185 68
186 68
187 68
188 68
189 68
190 68
191 68
192 68
193 68
194 67
195 67
196 67
197 67
198 67
199 67
200 67
201 66
202 65
203 64
204 63
205 62
205 61
205 60
205 59
205 58
205 57
205 56
205 55
205 54
205 53
204 52
203 51
203 50
202 50
202 49
201 48
200 47
199 46
198 45
197 44
196 43
195 42
194 41
193 40
192 39
191 39
191 40
190 41
189 42
188 43
187 44
186 45
185 46
184 47
183 47
182 47
181 47
190 38
189 37
188 36
187 35
186 35
185 35
184 35
183 35
182 35
181 35
180 35
179 35
178 35
177 35
176 34
204 50
205 50
206 50
207 50
208 50
209 50
210 50
211 50
212 50
213 50
214 49
146 106
145 107
144 108
143 108
142 108
141 108
140 108
139 108
138 108
137 108
136 108
137 109
138 110
139 111
140 112
141 113
142 114
142 115
142 116
142 117
142 118
142 119
142 120
142 121
142 122
142 123
141 124
140 125
139 126
138 126
137 126
136 126
135 126
134 126
133 126
132 126
131 126
130 126
129 126
128 126
127 126
126 126
125 125
124 124
123 123
122 122
121 121
120 120
119 119
118 118
117 117
116 116
115 115
114 114
113 115
112 116
112 117
112 118
112 119
112 120
112 121
112 122
112 123
112 124
112 125
112 126
111 127
110 128
109 128
108 128
107 128
106 128
105 128
104 128
103 128
102 128
101 128
100 128
99 128
98 128
97 128
96 127
95 126
94 125
93 124
92 123
92 122
92 121
92 120
92 119
92 118
92 117
92 116
92 115
92 114
92 113
92 112
92 111
92 110
92 109
92 108
91 108
90 108
89 108
88 108
87 108
86 107
85 106
84 105
83 104
82 103
81 102
80 101
79 100
78 99
77 98
76 97
75 96
74 95
73 94
72 93
81 104
80 105
79 106
78 107
77 108
76 108
75 108
74 108
73 108
72 108
71 108
71 109
71 110
71 111
71 112
71 113
71 114
71 115
71 116
71 117
71 118
71 119
71 120
71 121
71 122
71 123
70 124
69 125
68 126
67 127
66 128
65 129
64 130
63 131
62 132
61 133
60 134
59 135
58 136
57 137
56 138
55 139
55 140
55 141
55 142
55 143
54 143
53 143
52 143
51 142
50 141
49 140
48 139
47 139
46 139
45 139
44 139
43 139
42 139
41 139
40 139
39 139
38 139
37 138
36 137
36 136
36 135
36 134
36 133
36 132
36 131
36 130
35 129
34 128
33 127
33 126
33 125
33 124
33 123
33 122
33 121
33 120
33 119
32 118
31 117
30 116
29 115
48 138
48 137
48 136
48 135
48 134
48 133
48 132
48 131
48 130
48 129
48 128
56 144
57 145
58 145
59 145
60 145
61 145
62 145
63 145
64 145
65 145
66 145
67 145
68 145
69 145
70 145
71 145
72 145
83 102
84 101
85 100
86 99
87 98
88 97
89 96
90 95
91 94
92 93
93 108
102 129
101 130
100 131
99 132
98 133
97 134
96 135
95 136
94 137
93 138
93 139
93 140
93 141
93 142
93 143
93 144
93 145
104 129
105 130
106 131
107 132
108 133
109 134
110 135
111 136
112 137
113 138
114 139
114 140
114 141
114 142
114 143
128 127
129 128
130 129
131 130
132 131
133 132
134 133
135 134
135 135
135 136
135 137
135 138
135 139
135 140
135 141
135 142
135 143
135 144
135 145
84
113 93
134 93
145 86
139 71
136 56
147 53
134 34
155 34
158 56
126 74
114 72
114 55
113 34
97 75
81 71
69 71
51 86
49 67
48 49
46 38
36 41
28 52
55 35
56 24
71 34
29 73
33 94
50 107
82 55
92 34
71 56
93 56
160 71
147 105
158 108
161 125
156 145
177 144
189 142
192 141
194 130
205 125
207 136
194 115
181 110
204 104
215 104
181 131
160 93
181 89
194 83
205 83
181 68
194 67
205 62
202 50
192 39
181 47
187 35
176 34
214 49
136 108
142 123
127 126
114 114
112 126
103 128
92 123
82 103
72 93
71 108
71 123
55 143
48 139
36 137
33 127
29 115
48 128
72 145
92 93
93 108
93 145
114 143
135 145
