1109
119 90
121 90
122 90
123 90
124 90
125 90
126 90
127 89
128 88
129 88
130 88
131 88
132 88
133 88
134 88
135 88
136 88
137 88
138 87
139 86
139 85
139 84
139 83
140 82
141 81
142 80
143 79
144 78
145 77
146 76
146 75
145 75
144 75
143 75
142 75
141 75
140 75
139 74
138 73
137 72
136 71
136 70
136 69
136 68
136 67
136 66
136 65
136 64
136 63
136 62
136 61
136 60
136 59
137 58
138 57
138 56
137 56
136 56
135 56
134 56
133 56
132 56
131 56
130 56
129 55
128 54
127 53
127 52
127 51
127 50
127 49
127 48
127 47
127 46
127 45
127 44
126 44
125 43
124 42
123 41
122 40
121 39
120 38
119 37
118 36
117 35
116 34
128 43
129 42
130 41
131 40
132 39
133 38
134 37
135 36
136 35
137 34
138 34
139 34
140 34
141 34
142 34
143 34
144 34
145 34
146 34
147 34
148 34
149 34
150 34
151 34
152 34
153 34
154 34
155 34
156 34
157 34
158 34
126 54
125 55
124 55
123 55
122 55
121 55
120 55
119 55
118 55
117 55
116 55
115 55
114 55
113 55
112 55
112 56
111 56
110 57
109 58
108 59
107 60
106 61
105 62
104 63
103 64
102 65
101 66
100 67
99 68
98 69
97 70
96 71
95 71
94 71
94 70
94 69
94 68
94 67
94 66
94 65
94 64
94 63
94 62
94 61
94 60
94 59
94 58
94 57
93 56
92 56
91 56
90 56
89 56
88 56
87 56
86 56
85 56
84 56
83 55
82 54
82 53
82 52
82 51
82 50
82 49
82 48
82 47
83 46
84 45
85 44
86 43
87 42
88 41
89 40
90 39
91 38
92 37
93 36
94 35
95 34
81 55
80 56
79 56
78 56
77 56
76 56
75 56
74 56
73 56
72 56
71 56
72 57
73 58
74 59
75 60
76 61
77 62
77 63
77 64
77 65
77 66
77 67
77 68
77 69
77 70
77 71
76 72
75 73
74 74
73 75
72 75
71 75
70 75
69 75
68 75
67 75
66 75
65 75
64 75
63 75
62 75
61 75
60 75
59 75
58 75
57 75
56 75
55 75
54 75
53 75
52 74
51 73
50 72
50 71
50 70
50 69
50 68
50 67
50 66
50 65
50 64
50 63
50 62
49 61
48 60
48 59
48 58
48 57
48 56
48 55
48 54
48 53
48 52
48 51
48 50
48 49
48 48
48 47
48 46
48 45
48 44
48 43
48 42
48 41
48 40
48 39
48 38
47 38
46 39
45 40
44 41
43 41
42 41
41 41
40 41
39 41
38 41
37 41
36 41
35 41
34 42
33 43
32 44
31 45
30 46
29 47
28 48
28 49
28 50
28 51
28 52
49 38
50 38
51 38
52 37
53 36
54 35
55 34
56 34
57 34
58 34
59 34
60 34
61 34
62 34
63 34
64 34
65 34
66 34
67 34
68 34
69 34
70 34
71 34
72 34
73 34
74 34
47 61
46 62
45 63
44 64
43 65
42 66
41 67
40 68
39 69
38 70
37 71
36 72
35 73
34 73
33 73
32 73
31 73
64 76
63 77
62 78
61 79
60 80
59 81
58 82
57 83
56 84
55 85
54 86
53 87
52 88
51 89
51 90
51 91
51 92
51 93
50 94
49 95
49 96
49 97
49 98
49 99
49 100
49 101
49 102
49 103
49 104
49 105
49 106
49 107
49 108
49 109
48 109
47 109
46 109
45 109
44 109
43 108
42 107
41 106
40 105
39 104
38 103
37 102
36 101
35 100
34 99
33 98
32 97
31 96
30 95
29 94
93 72
92 73
91 74
90 75
89 76
88 77
87 78
86 79
85 80
84 81
84 82
84 83
84 84
84 85
84 86
83 87
82 88
81 89
80 90
79 91
78 92
77 93
76 93
75 93
74 93
73 93
72 93
73 94
74 95
75 96
76 97
77 98
78 99
79 100
80 101
81 102
82 103
82 104
82 105
81 106
80 107
79 108
78 108
77 108
76 108
75 108
74 108
73 108
72 108
71 108
72 109
72 110
72 111
72 112
72 113
72 114
72 115
72 116
72 117
72 118
72 119
72 120
72 121
72 122
72 123
71 124
70 125
69 126
68 127
67 127
66 127
65 127
64 127
63 127
62 127
61 127
60 128
59 128
58 128
57 128
56 128
55 128
54 128
53 128
52 128
51 128
50 128
49 128
48 128
48 129
47 129
46 130
45 131
44 132
43 133
42 134
41 135
40 136
39 137
38 137
37 137
36 137
36 136
36 135
36 134
36 133
36 132
36 131
36 130
35 129
34 128
33 127
33 126
33 125
33 124
33 123
33 122
33 121
33 120
33 119
32 118
31 117
30 116
29 115
48 130
48 131
48 132
48 133
48 134
48 135
48 136
48 137
48 138
48 139
49 140
50 141
51 142
52 143
53 143
54 143
55 143
56 143
57 144
58 145
59 145
60 145
61 145
62 145
63 145
64 145
65 145
66 145
67 145
68 145
69 145
70 145
71 145
83 106
84 107
85 108
86 108
87 108
88 108
89 108
90 108
91 108
92 108
93 108
93 109
93 110
93 111
93 112
93 113
93 114
93 115
93 116
93 117
93 118
93 119
93 120
93 121
93 122
93 123
85 87
86 88
87 89
88 90
89 91
90 92
91 93
92 93
93 93
94 93
95 93
112 57
112 58
112 59
112 60
112 61
112 62
112 63
112 64
112 65
112 66
139 56
147 75
148 75
149 75
150 75
151 75
152 75
153 75
154 75
155 74
156 73
157 72
158 71
158 70
158 69
158 68
158 67
158 66
158 65
158 64
158 63
158 62
158 61
158 60
158 59
158 58
158 57
159 56
148 76
149 77
150 78
151 79
152 80
153 81
154 82
155 83
156 84
157 85
158 86
159 87
160 88
160 89
160 90
160 91
161 91
162 91
163 91
164 91
165 91
166 91
167 91
168 91
169 91
170 91
171 91
172 91
173 91
174 91
175 91
176 91
177 91
178 91
179 91
180 91
181 90
182 90
183 90
184 90
185 90
186 90
187 90
188 89
189 88
190 87
191 86
192 85
193 84
194 83
195 83
196 83
197 83
198 83
199 83
200 83
201 83
202 83
203 83
204 83
205 83
194 82
193 81
192 80
191 79
190 78
189 77
188 76
187 75
186 74
185 73
184 72
183 71
182 70
182 69
181 69
183 69
184 69
185 69
186 69
187 69
188 69
189 69
190 68
191 67
192 66
193 65
194 64
195 64
196 64
197 64
198 64
199 64
200 64
201 64
202 64
203 64
204 63
205 62
205 61
205 60
205 59
205 58
206 58
205 57
205 56
205 55
205 54
205 53
204 52
203 51
202 50
202 49
201 48
200 47
199 46
198 45
197 44
196 43
195 42
194 41
193 40
192 39
192 38
192 37
191 36
190 35
189 35
188 35
187 35
186 35
185 35
184 35
183 35
182 35
181 35
180 35
179 34
191 40
190 41
189 42
188 43
187 44
186 45
185 46
184 47
183 48
182 48
181 48
207 57
208 56
209 55
210 54
211 53
212 52
213 51
214 50
215 49
159 92
158 93
157 94
156 95
155 96
154 97
153 98
152 99
151 100
150 101
149 102
148 102
147 102
146 103
145 104
144 105
143 106
142 107
141 108
140 108
139 108
138 108
137 108
136 108
137 109
138 110
139 111
140 112
141 113
142 114
142 115
142 116
142 117
142 118
142 119
142 120
142 121
142 122
142 123
141 124
140 124
139 124
138 124
137 124
136 124
135 124
134 124
133 124
132 124
131 124
130 124
130 123
129 122
128 121
127 120
126 119
125 118
124 117
123 116
122 115
121 114
120 113
119 112
118 111
117 110
116 109
115 108
129 125
128 126
127 127
126 128
125 129
124 129
123 129
122 129
121 129
120 129
119 129
118 129
117 129
116 129
115 129
114 129
113 129
112 129
111 130
110 131
109 132
108 133
107 134
106 135
105 136
104 137
103 138
102 139
101 140
100 141
99 142
98 143
97 144
96 145
95 145
94 145
93 145
92 145
113 130
113 131
113 132
113 133
113 134
113 135
113 136
113 137
113 138
113 139
113 140
113 141
113 142
113 143
131 125
132 126
133 127
134 128
134 129
134 130
134 131
134 132
134 133
134 134
134 135
134 136
134 137
134 138
134 139
134 140
134 141
134 142
134 143
134 144
134 145
143 124
144 125
145 126
146 127
147 127
148 127
149 127
150 127
151 127
152 127
153 127
154 127
155 127
156 127
157 127
158 127
159 127
158 128
157 129
156 130
155 131
155 132
155 133
155 134
155 135
155 136
155 137
155 138
155 139
155 140
155 141
155 142
155 143
155 144
155 145
160 128
161 129
162 130
163 131
164 132
165 133
166 134
167 135
168 136
169 137
170 138
171 139
172 140
173 141
174 142
175 143
176 144
176 145
177 145
178 145
179 145
180 145
181 145
182 145
183 145
184 145
185 145
186 144
187 143
188 143
189 143
190 143
191 142
192 141
192 140
192 139
192 138
192 137
192 136
192 135
192 134
192 133
192 132
193 131
194 130
195 130
196 130
197 130
198 130
199 130
200 130
201 129
202 128
203 127
204 126
204 125
205 125
206 126
207 127
207 128
207 129
207 130
207 131
207 132
207 133
207 134
207 135
207 136
203 124
202 123
201 122
200 121
199 120
198 119
197 118
196 117
195 116
194 115
193 115
192 115
191 115
190 115
189 115
188 115
187 115
186 115
185 115
184 114
183 113
182 112
181 111
194 114
195 113
196 112
197 111
198 110
199 109
200 108
201 107
202 106
203 105
204 104
205 104
206 104
207 104
208 104
209 104
210 104
211 104
212 104
213 104
214 104
215 104
187 142
187 141
187 140
187 139
187 138
186 137
185 136
184 135
183 134
182 133
181 132
148 103
149 104
150 105
151 106
152 107
153 108
154 108
155 108
156 108
157 108
158 108
118 89
117 88
116 87
85
128 88
139 86
136 71
127 53
116 34
137 34
158 34
112 55
94 71
93 56
82 54
95 34
71 56
77 71
65 75
50 72
48 60
48 49
47 38
35 41
28 52
55 34
74 34
31 73
51 93
49 109
29 94
84 86
72 93
82 105
71 108
72 123
61 127
48 128
36 137
33 127
29 115
48 139
56 143
71 145
93 108
93 123
95 93
112 66
139 56
147 75
158 71
159 56
160 91
181 90
194 83
205 83
181 69
194 64
205 62
202 50
192 39
190 35
179 34
181 48
215 49
147 102
136 108
142 123
130 124
115 108
112 129
92 145
113 143
134 145
159 127
155 145
176 145
187 143
192 141
194 130
205 125
207 136
194 115
181 111
204 104
215 104
181 132
158 108
116 87
