1089
119 90
118 90
117 90
116 90
120 89
120 88
120 87
120 86
121 86
120 85
120 84
120 83
120 82
120 81
119 80
118 79
117 78
116 77
115 76
122 85
123 84
124 83
125 82
126 81
127 80
128 79
129 78
130 77
131 76
132 75
133 74
134 73
135 72
136 71
136 70
136 69
136 68
136 67
136 66
136 65
136 64
136 63
136 62
136 61
136 60
136 59
136 58
136 57
136 56
135 56
134 56
133 56
132 56
131 56
130 56
129 56
128 55
127 54
126 53
126 52
126 51
126 50
126 49
126 48
126 47
126 46
127 46
126 45
126 44
126 43
126 42
125 41
124 40
123 39
122 38
121 37
120 36
119 35
118 34
128 45
129 44
130 43
131 42
132 41
133 40
134 39
135 38
136 37
137 36
138 35
139 34
125 54
124 55
123 55
122 55
121 55
120 55
119 55
118 55
117 55
116 55
115 55
114 55
113 55
112 55
111 55
110 55
109 55
108 55
107 55
106 55
105 55
104 55
103 55
102 56
101 56
100 56
99 56
98 56
97 56
96 56
95 56
94 56
93 56
92 56
93 57
93 58
93 59
93 60
93 61
93 62
93 63
93 64
93 65
93 66
93 67
93 68
93 69
93 70
93 71
112 54
112 53
112 52
112 51
112 50
112 49
111 48
110 47
109 46
108 45
107 44
106 43
105 42
104 41
103 40
102 39
101 38
100 37
99 36
98 35
97 34
137 56
138 57
139 58
140 59
141 60
142 61
143 62
144 63
145 64
146 65
147 66
148 67
149 68
150 69
151 70
152 71
153 71
154 71
155 71
156 71
157 71
157 70
157 69
157 68
157 67
157 66
157 65
157 64
157 63
157 62
157 61
157 60
157 59
157 58
157 57
158 56
158 72
159 73
160 74
161 75
162 76
163 77
164 77
165 77
166 77
167 77
168 77
169 77
170 77
171 77
172 77
173 77
174 76
175 75
176 74
177 73
178 72
179 71
180 70
181 69
182 69
183 69
184 68
185 67
186 66
187 65
188 64
189 63
190 62
191 61
192 60
193 59
194 58
195 58
196 58
197 58
198 58
199 57
200 56
201 55
202 54
203 53
204 52
205 51
195 59
196 60
197 61
198 62
199 63
200 64
201 65
202 66
203 67
204 68
204 69
205 69
206 69
207 69
208 69
209 69
210 69
211 69
212 69
213 69
214 69
215 69
194 57
194 56
194 55
194 54
194 53
194 52
194 51
194 50
194 49
194 48
194 47
194 46
194 45
194 44
194 43
194 42
194 41
194 40
193 39
192 38
191 37
190 36
189 36
188 36
187 36
186 36
185 36
184 36
183 36
182 36
181 35
180 34
179 34
178 34
177 34
176 34
175 34
174 34
173 34
172 34
171 34
170 34
169 34
168 34
167 34
166 34
165 34
164 34
163 34
162 34
161 34
160 34
189 37
188 38
187 39
186 40
185 41
184 42
183 43
182 44
181 45
181 46
181 47
181 48
169 78
170 79
170 80
170 81
170 82
170 83
170 84
170 85
170 86
171 87
172 88
173 89
174 90
175 90
176 90
177 90
178 90
179 90
180 90
181 90
182 90
183 90
184 90
185 90
186 90
187 90
188 90
189 90
190 90
191 90
192 90
193 90
194 90
195 90
196 90
197 90
198 90
199 90
200 90
201 90
202 90
203 90
204 90
205 90
206 91
207 92
208 93
209 94
210 95
211 96
212 97
213 98
214 99
215 100
215 101
215 102
215 103
215 104
215 105
215 106
215 107
214 108
213 109
212 110
211 111
210 111
209 111
208 111
207 111
206 111
205 111
204 111
205 112
205 113
205 114
205 115
205 116
205 117
205 118
205 119
205 120
205 121
205 122
205 123
205 124
205 125
205 126
204 127
203 128
202 129
201 130
200 131
199 131
198 131
197 131
196 131
195 131
194 131
193 132
192 133
192 134
192 135
192 136
192 137
192 138
192 139
192 140
192 141
191 141
190 141
189 140
188 139
187 138
186 137
185 136
184 135
183 134
182 133
181 132
191 142
190 143
189 143
188 143
187 143
186 143
185 143
184 143
183 143
182 143
181 143
180 143
179 143
178 143
177 144
176 145
175 145
174 145
173 145
172 145
171 145
170 145
169 145
168 145
167 145
166 145
165 145
164 145
163 145
162 145
161 145
160 145
159 145
158 145
157 145
180 91
179 92
178 93
177 94
176 95
175 96
174 97
173 98
172 99
171 100
170 101
169 102
168 103
168 104
168 105
168 106
167 107
166 108
165 108
164 108
163 108
162 108
161 108
160 108
159 108
158 108
157 108
158 109
158 110
158 111
158 112
158 113
158 114
158 115
158 116
158 117
158 118
158 119
158 120
158 121
158 122
158 123
169 107
170 108
171 109
172 110
173 111
174 111
175 111
176 111
177 111
178 111
179 111
180 111
181 111
167 78
166 79
165 80
164 81
163 82
162 83
161 84
160 85
159 86
158 86
121 91
122 92
123 93
124 93
125 93
126 93
127 93
128 93
129 93
130 93
131 93
132 93
133 93
134 93
135 93
136 93
137 93
136 94
136 95
136 96
136 97
136 98
136 99
136 100
136 101
136 102
136 103
136 104
136 105
136 106
136 107
136 108
137 109
137 110
137 111
137 112
137 113
137 114
137 115
137 116
137 117
137 118
137 119
137 120
137 121
137 122
137 123
136 124
135 124
134 124
133 124
132 124
131 124
130 124
129 124
128 124
127 124
126 124
125 124
125 125
124 126
123 127
122 128
121 129
120 130
119 131
118 132
117 133
116 134
115 135
115 136
115 137
115 138
115 139
115 140
115 141
115 142
115 143
124 123
123 122
122 121
121 120
120 119
119 118
118 117
117 116
116 115
115 114
114 113
113 112
112 112
112 111
112 110
111 109
110 108
109 107
108 106
107 105
106 104
105 103
104 102
103 101
102 100
101 99
100 98
99 97
98 96
97 95
96 94
95 93
94 94
93 95
93 96
93 97
93 98
93 99
93 100
93 101
93 102
93 103
93 104
93 105
93 106
93 107
93 108
93 109
93 110
93 111
93 112
93 113
93 114
93 115
93 116
93 117
93 118
93 119
93 120
93 121
93 122
93 123
92 124
91 124
90 124
89 124
88 124
87 124
86 124
85 124
84 124
83 124
82 124
81 124
80 124
79 124
78 124
77 124
76 124
75 124
74 124
73 124
72 124
71 123
71 122
71 121
71 120
71 119
71 118
71 117
71 116
71 115
71 114
71 113
71 112
71 111
71 110
71 109
71 108
70 108
69 108
68 108
67 108
66 108
65 107
64 106
63 105
62 104
61 103
60 102
59 101
58 100
57 99
56 98
55 97
54 96
53 95
52 94
52 93
51 93
50 93
49 93
48 93
47 93
46 93
45 93
44 93
43 93
42 92
41 91
40 90
39 89
38 88
37 87
36 86
35 85
34 84
33 83
32 84
31 85
30 86
30 87
30 88
30 89
30 90
30 91
30 92
30 93
30 94
53 93
54 93
55 93
56 93
57 92
58 91
59 90
60 89
61 88
62 87
63 86
63 85
63 84
63 83
63 82
63 81
63 80
63 79
62 78
62 77
61 77
60 77
59 77
58 77
57 77
56 77
55 76
54 75
53 74
52 73
51 72
51 71
51 70
51 69
51 68
51 67
51 66
51 65
51 64
51 63
50 62
49 61
49 60
49 59
49 58
49 57
49 56
49 55
49 54
49 53
49 52
49 51
49 50
48 49
47 49
46 49
45 49
44 48
43 47
42 46
41 45
40 44
39 43
38 42
37 41
36 40
35 41
34 42
33 43
33 44
33 45
33 46
33 47
33 48
33 49
33 50
33 51
33 52
33 53
33 54
33 55
33 56
33 57
33 58
33 59
33 60
33 61
33 62
48 48
48 47
48 46
48 45
48 44
48 43
48 42
48 41
48 40
48 39
48 38
49 38
50 38
51 38
52 37
53 36
54 35
55 34
56 34
57 34
58 34
59 34
60 34
61 34
62 34
63 34
64 34
65 34
66 34
67 34
68 34
69 34
70 34
71 34
72 34
73 34
74 34
75 34
76 34
63 77
64 77
65 77
66 77
67 76
68 75
69 74
70 73
71 72
72 71
72 70
72 69
72 68
72 67
72 66
72 65
72 64
72 63
72 62
72 61
72 60
72 59
72 58
72 57
71 56
64 87
65 88
66 89
67 90
68 91
69 92
70 93
71 93
72 93
73 93
74 93
60 104
59 105
58 106
57 107
56 108
55 109
54 110
53 111
52 112
51 113
51 114
50 115
49 116
48 117
48 118
48 119
48 120
48 121
48 122
48 123
48 124
48 125
48 126
48 127
48 128
48 129
47 129
46 130
45 131
44 132
43 133
42 134
41 135
40 136
39 137
38 137
37 137
36 137
36 136
36 135
36 134
36 133
36 132
36 131
35 130
34 129
33 128
32 127
31 126
31 125
31 124
31 123
31 122
31 121
31 120
31 119
31 118
31 117
31 116
32 115
33 114
48 130
48 131
48 132
48 133
48 134
48 135
48 136
48 137
48 138
48 139
49 140
50 141
51 142
52 143
53 143
54 143
55 143
56 143
57 143
58 143
59 143
60 144
61 145
62 145
63 145
64 145
65 145
66 145
67 145
68 145
69 145
70 145
71 145
72 145
73 145
72 108
83 125
84 126
85 127
86 128
87 129
88 130
89 131
90 132
91 133
92 134
93 135
94 136
94 137
94 138
94 139
94 140
94 141
94 142
94 143
94 144
94 145
112 113
112 114
112 115
112 116
112 117
112 118
112 119
112 120
112 121
112 122
127 125
128 126
129 127
130 128
131 129
132 130
133 131
134 132
135 133
136 134
136 135
136 136
136 137
136 138
136 139
136 140
136 141
136 142
136 143
136 144
136 145
84
116 90
115 76
136 71
126 53
118 34
139 34
112 55
103 55
92 56
93 71
97 34
137 56
157 71
158 56
168 77
181 69
194 58
205 51
204 69
215 69
194 47
190 36
180 34
160 34
181 48
170 86
181 90
194 90
205 90
215 107
204 111
205 126
194 131
192 141
181 132
189 143
178 143
157 145
168 106
157 108
158 123
181 111
158 86
137 93
136 108
137 123
126 124
115 143
112 111
95 93
93 108
93 123
82 124
71 123
61 103
51 93
33 83
30 94
63 86
61 77
51 72
49 61
48 49
36 40
33 51
33 62
48 38
55 34
76 34
72 71
71 56
74 93
51 114
48 128
36 137
31 126
33 114
48 139
59 143
73 145
72 108
94 145
112 122
136 145
