3395
119 90
118 90
117 90
116 90
115 90
114 90
113 90
112 90
111 90
110 90
109 90
108 90
107 90
106 90
105 90
104 90
103 90
102 90
101 90
100 90
99 90
98 90
97 90
96 90
95 90
94 90
93 90
92 90
91 90
90 90
89 90
88 90
87 90
86 90
85 90
84 90
83 90
82 90
81 90
80 90
79 90
78 90
77 90
76 90
75 90
74 90
73 90
72 90
71 90
70 90
69 90
68 90
67 90
66 90
65 90
64 90
63 90
62 90
61 90
60 90
59 90
58 90
57 90
56 90
55 90
54 90
53 90
52 90
51 90
50 90
49 90
48 90
47 90
46 90
45 90
44 90
43 90
42 90
41 90
40 90
39 90
38 90
37 90
36 90
35 90
34 90
33 90
32 90
31 90
30 89
48 89
47 88
46 87
45 86
44 85
43 84
42 83
41 82
40 81
39 80
38 79
37 78
36 77
35 76
34 75
33 74
32 73
31 72
51 89
70 89
70 88
70 87
70 86
70 85
70 84
70 83
70 82
70 81
70 80
71 80
70 79
70 78
69 78
68 77
67 76
66 75
70 77
70 76
70 75
71 75
71 74
70 74
69 73
68 72
68 71
67 71
66 71
65 71
64 71
63 71
62 71
61 71
60 71
59 71
58 71
57 71
56 71
55 71
54 71
53 71
52 71
51 71
50 71
49 71
66 70
65 69
64 68
63 67
62 66
62 65
61 65
60 65
59 65
58 65
57 65
56 65
55 65
54 65
53 65
52 65
51 65
50 65
49 65
48 65
47 65
46 65
45 65
44 64
43 63
42 62
41 61
40 60
39 59
38 58
37 57
36 56
35 55
34 54
33 53
32 52
31 51
60 64
59 63
58 62
57 61
56 60
55 59
54 58
53 57
52 56
51 55
50 54
49 53
63 65
64 65
65 65
66 65
67 65
68 65
69 65
70 65
71 65
72 65
73 65
74 65
75 65
76 65
77 65
78 65
79 65
80 65
80 64
79 64
78 63
77 62
76 61
75 60
74 59
73 58
72 57
71 56
70 55
69 54
68 53
67 52
68 51
67 50
66 49
65 48
64 47
63 46
62 45
61 44
60 43
59 42
58 41
57 40
56 39
55 38
54 37
53 36
52 35
51 34
50 33
69 52
70 53
71 54
72 55
73 56
74 57
75 58
76 59
77 60
78 61
79 62
80 62
80 61
80 60
80 59
79 59
78 58
77 57
76 56
75 55
74 54
73 53
72 52
71 51
70 50
69 49
68 48
67 47
66 46
65 45
64 44
63 43
62 42
61 41
60 40
59 39
58 38
57 37
56 36
55 35
54 34
53 33
52 32
80 58
80 57
79 56
78 55
77 54
76 53
75 52
74 51
73 50
72 49
71 48
70 47
69 46
68 45
67 44
66 43
65 42
64 41
63 40
62 39
61 38
60 37
59 36
58 35
57 34
56 33
55 32
54 31
53 30
80 63
79 66
78 67
77 66
77 68
76 69
75 70
74 71
73 71
72 71
71 71
70 71
69 71
71 70
70 69
69 68
68 67
67 66
73 72
72 73
74 73
75 74
76 75
77 76
78 77
78 78
77 78
76 78
75 78
74 78
73 77
72 76
75 79
76 80
77 81
78 82
79 83
80 84
81 85
82 85
82 84
82 83
82 82
83 82
82 81
82 80
81 80
80 79
80 78
79 78
81 78
82 78
82 77
82 76
82 75
82 74
82 73
82 72
83 72
82 71
82 70
81 70
80 69
79 68
82 69
82 68
83 68
82 67
81 66
84 69
85 70
86 71
87 72
88 73
89 73
90 73
91 73
92 73
93 73
94 73
95 73
96 73
97 73
89 74
90 75
91 76
92 77
92 78
93 78
92 79
92 80
91 80
90 79
89 78
88 77
87 76
86 75
85 74
84 73
92 81
92 82
93 82
92 83
92 84
92 85
92 86
92 87
92 88
92 89
94 83
95 84
96 85
97 86
98 87
99 88
100 89
101 89
94 79
95 80
96 81
97 82
98 83
99 84
100 85
101 86
102 87
103 88
104 89
105 89
106 89
107 89
108 89
109 89
110 89
111 89
112 89
113 89
114 89
82 79
84 83
85 84
86 85
87 86
88 87
88 88
88 89
82 86
82 87
83 87
82 88
82 89
84 88
85 89
75 64
74 63
73 62
72 61
71 60
70 59
69 58
68 57
67 56
66 55
65 54
64 53
63 52
62 51
61 50
60 49
59 48
58 47
57 46
56 45
55 44
54 43
53 42
52 41
51 40
50 39
49 38
65 64
64 64
63 64
62 63
61 62
60 61
59 60
58 59
57 58
56 57
55 56
54 55
53 54
52 53
51 52
50 51
49 50
48 49
47 48
46 47
45 46
44 45
43 44
42 43
41 42
40 41
39 40
72 81
73 82
74 83
75 84
76 85
77 86
78 87
79 88
80 89
82 91
82 92
83 92
82 93
82 94
82 95
82 96
82 97
82 98
82 99
82 100
82 101
82 102
82 103
81 103
80 103
79 103
78 103
77 103
76 103
75 103
74 103
73 103
72 103
71 103
83 103
84 103
85 103
86 103
87 103
88 103
89 103
90 103
91 103
92 103
93 103
94 103
95 103
96 103
97 103
98 103
99 103
100 103
101 103
102 103
103 103
104 103
105 103
106 103
107 103
106 104
105 105
104 105
103 105
102 105
101 105
100 105
99 105
98 105
97 105
96 105
95 105
94 105
93 105
92 105
91 105
90 105
89 105
88 105
87 105
86 105
85 105
84 105
83 105
82 105
81 105
80 105
79 105
78 105
77 105
76 105
75 105
74 105
73 105
72 105
71 105
70 105
69 105
68 105
67 105
66 105
65 105
64 105
63 105
62 105
61 105
60 105
59 105
58 105
57 105
56 105
55 105
54 105
53 105
52 105
51 105
50 105
49 105
48 105
47 105
46 105
45 105
44 105
43 105
42 105
41 105
40 105
39 105
38 105
37 105
36 105
35 105
34 105
33 105
32 105
31 105
92 104
92 106
92 107
92 108
92 109
91 109
90 109
89 109
88 109
87 109
86 109
85 109
84 109
83 109
82 109
81 109
80 109
79 109
78 109
77 109
76 109
75 109
74 109
73 109
72 109
71 109
70 109
69 109
68 109
67 109
66 109
65 109
64 109
63 109
62 109
61 109
60 109
59 109
58 109
57 109
56 109
55 109
54 109
53 109
52 109
51 109
50 109
49 109
92 110
92 111
92 112
92 113
92 114
92 115
92 116
92 117
93 117
93 118
92 118
92 119
91 119
90 120
89 121
88 121
87 121
86 121
85 121
84 121
83 121
82 121
81 121
80 121
79 121
78 121
77 121
76 121
75 121
74 121
73 121
72 121
71 121
88 122
87 123
86 124
85 125
84 125
83 125
82 125
81 125
80 125
79 125
78 125
77 125
76 125
75 125
74 125
73 125
72 125
71 125
70 125
69 125
68 125
67 125
66 125
65 125
64 125
63 125
62 125
61 125
60 125
59 125
58 125
57 125
56 125
55 125
54 125
53 125
52 125
51 125
50 125
49 125
48 125
47 125
46 125
45 125
44 125
43 125
42 125
41 125
40 125
39 125
38 125
37 125
36 125
35 125
34 125
33 125
32 125
31 125
30 125
84 126
85 126
85 127
85 128
85 129
85 130
85 131
85 132
85 133
85 134
85 135
85 136
85 137
85 138
85 139
85 140
85 141
85 142
85 143
85 144
83 127
82 128
81 129
80 130
79 130
78 130
77 130
76 130
75 130
74 130
73 130
72 130
71 130
70 130
69 130
68 130
67 130
66 130
65 130
64 130
63 130
62 130
61 130
60 130
59 130
58 130
57 130
56 130
55 130
54 130
53 130
52 130
51 130
50 130
49 130
48 130
79 131
78 132
77 132
76 132
75 132
74 132
73 132
73 133
72 133
71 133
70 133
69 133
68 133
67 133
66 133
65 133
64 133
63 133
62 133
74 133
75 133
76 133
77 133
76 134
75 135
74 136
73 136
72 136
71 136
70 136
69 136
68 136
67 136
66 136
65 136
64 136
63 136
62 136
61 136
60 136
59 136
58 136
57 136
56 136
55 136
54 136
53 136
52 136
51 136
50 136
49 136
48 136
47 136
46 136
45 136
44 136
43 136
42 136
41 136
40 136
39 136
38 136
37 136
36 136
35 136
37 137
38 137
39 137
40 137
41 137
42 137
43 137
44 137
45 137
46 137
47 137
48 137
49 137
50 137
51 137
52 137
53 137
54 137
55 137
56 137
57 137
58 137
59 137
60 137
61 137
62 137
63 137
64 137
65 137
66 137
67 137
68 137
69 137
70 137
71 137
72 137
73 137
72 138
71 139
70 140
69 141
68 141
67 141
66 141
65 141
64 141
63 141
62 141
61 141
60 141
59 141
58 141
57 141
56 141
55 141
54 141
53 141
52 141
51 141
50 141
49 141
48 141
47 141
48 142
49 142
50 142
51 142
52 142
53 142
54 142
55 142
56 142
57 142
58 142
59 142
60 142
61 142
62 142
63 142
64 142
65 142
66 142
67 142
68 142
67 143
66 143
65 143
64 143
63 143
62 143
61 143
60 143
59 143
58 143
57 143
56 143
55 143
54 143
53 143
52 143
65 144
66 144
65 145
64 146
63 147
62 147
61 147
60 147
59 147
58 147
57 147
56 147
55 147
54 147
53 147
54 148
55 148
56 148
57 148
58 148
59 148
60 148
61 148
62 148
93 119
93 120
93 121
94 121
93 122
93 123
93 124
93 125
93 126
93 127
93 128
93 129
93 130
93 131
95 122
96 123
97 124
98 125
99 126
100 126
100 125
100 124
100 123
100 122
100 121
100 120
100 119
100 118
100 117
100 116
100 115
100 114
100 113
100 112
100 111
99 111
98 112
97 113
96 114
95 115
94 116
100 110
101 110
101 109
100 109
99 109
98 109
97 109
96 109
95 109
94 109
93 109
98 108
99 108
98 107
97 107
97 106
96 106
102 108
103 107
102 106
104 106
104 108
105 109
106 110
107 111
108 112
109 113
110 114
111 115
112 116
113 117
114 117
114 116
114 115
114 114
114 113
114 112
114 111
114 110
114 109
114 108
114 107
114 106
114 105
115 105
116 105
117 105
117 106
116 106
117 107
118 107
119 107
119 108
118 108
119 109
120 109
121 109
121 110
120 110
121 111
122 111
123 111
123 112
122 112
123 113
124 113
125 113
125 114
124 114
125 115
126 115
127 115
127 116
126 116
127 117
128 117
129 117
130 117
130 118
129 118
128 118
129 119
130 119
131 119
132 119
132 120
131 120
130 120
131 121
132 121
133 121
134 121
134 122
133 122
132 122
133 123
134 123
135 123
136 123
136 124
135 124
134 124
135 125
136 125
137 125
138 125
138 126
137 126
136 126
137 127
138 127
139 127
140 127
140 128
139 128
138 128
139 129
140 129
141 129
142 129
142 130
141 130
140 130
141 131
142 131
143 131
144 131
144 132
143 132
142 132
143 133
144 133
145 133
146 133
146 134
145 134
144 134
145 135
146 135
147 135
148 135
148 136
147 136
146 136
147 137
148 137
149 137
150 137
150 138
149 138
148 138
149 139
150 139
151 139
152 139
152 138
151 138
152 137
151 136
150 135
149 134
148 133
147 132
146 131
145 130
144 129
144 128
143 128
142 127
141 126
140 125
139 124
138 123
137 122
136 121
135 120
134 119
133 118
132 117
131 116
130 115
129 114
128 113
127 112
126 111
125 110
124 109
123 108
122 107
121 106
121 105
120 105
119 104
118 103
117 102
116 101
115 100
114 100
114 99
113 98
112 98
112 97
113 97
114 96
115 95
116 94
117 93
118 92
119 91
121 90
120 89
119 89
119 88
118 88
118 87
117 87
117 86
116 86
116 85
115 85
115 84
114 84
114 83
113 83
113 82
112 82
112 81
111 81
111 80
110 80
110 79
109 79
109 78
108 78
108 77
107 77
107 76
106 76
106 75
105 75
105 74
104 74
104 73
103 73
103 72
102 72
102 71
101 71
101 70
100 70
100 69
99 69
99 68
98 68
98 67
97 67
97 66
96 66
96 65
95 65
95 64
94 64
94 63
93 63
93 62
92 62
92 61
91 61
91 60
90 60
90 59
89 59
89 58
88 58
88 57
87 57
87 56
86 56
86 55
85 55
85 54
84 54
84 53
83 53
83 52
82 52
82 51
81 51
81 50
80 50
79 49
78 48
77 47
76 46
75 45
74 44
73 43
72 42
71 41
70 40
69 39
68 38
67 37
66 36
65 35
64 34
120 88
120 87
120 86
120 85
120 84
120 83
120 82
119 82
118 81
117 80
116 79
115 78
114 77
120 81
120 80
121 80
121 79
120 79
120 78
120 77
120 76
119 76
118 75
117 74
116 73
115 72
114 71
113 70
112 69
111 68
110 67
109 66
108 65
107 64
106 63
105 62
104 61
103 60
102 59
101 58
100 57
99 56
98 55
97 54
96 53
120 75
120 74
120 73
120 72
120 71
121 71
121 70
120 70
119 70
118 69
117 68
116 67
115 66
114 65
115 64
114 63
113 62
112 61
111 60
110 59
109 58
108 57
107 56
106 55
105 54
104 53
103 52
102 51
101 50
100 49
99 48
98 47
97 46
96 45
95 44
94 43
93 42
92 41
91 40
90 39
89 38
88 37
87 36
86 35
85 34
116 65
117 66
118 67
119 68
120 68
120 67
120 66
120 65
120 64
120 63
120 62
120 61
120 60
120 59
121 59
120 58
120 57
120 56
120 55
120 54
119 54
118 53
117 52
116 51
115 50
114 49
115 48
114 47
113 46
112 45
111 44
110 43
109 42
108 41
107 40
106 39
105 38
104 37
103 36
102 35
101 34
116 49
117 50
118 51
119 52
120 52
120 51
120 50
120 49
120 48
120 47
120 46
120 45
121 45
120 44
120 43
120 42
120 41
120 40
120 39
120 38
120 37
119 36
118 35
117 34
122 44
123 43
124 42
125 41
126 40
127 39
128 38
129 37
130 36
131 35
132 34
120 53
122 58
123 57
124 56
125 55
126 54
127 53
128 52
129 51
130 50
131 49
132 48
133 47
134 46
135 45
136 44
137 43
138 42
139 41
140 40
141 39
142 38
143 37
144 36
145 35
146 34
120 69
122 70
122 69
123 69
123 68
124 68
124 67
125 67
125 66
126 66
126 65
127 65
127 64
128 64
128 63
129 62
130 61
131 60
132 59
133 58
134 57
135 56
136 55
137 54
138 53
139 52
140 51
141 50
142 49
143 48
144 47
122 79
122 78
123 78
123 77
124 77
124 76
125 76
125 75
126 75
126 74
127 74
127 73
128 73
128 72
129 72
129 71
130 71
130 70
131 70
131 69
132 69
132 68
133 68
133 67
134 67
134 66
135 66
135 65
136 65
136 64
137 64
137 63
138 63
138 62
139 62
139 61
140 61
140 60
141 60
141 59
142 59
143 58
144 57
145 56
146 55
147 54
148 53
149 52
150 51
151 50
152 49
153 48
154 47
155 46
156 45
157 44
158 43
159 42
160 41
161 40
162 39
163 38
164 37
165 36
166 35
167 34
121 89
121 91
122 90
123 90
124 90
125 90
126 90
127 90
128 90
129 90
130 90
131 90
132 90
133 90
134 90
135 90
136 90
137 90
138 90
139 90
140 90
141 90
142 90
143 90
144 90
145 90
146 90
147 90
148 90
149 90
150 90
151 90
152 90
153 90
154 90
155 90
156 90
157 90
158 90
159 90
160 90
161 90
162 90
163 90
164 90
165 90
166 90
167 90
168 90
169 90
170 90
171 90
172 90
173 90
174 90
175 90
176 90
177 90
178 90
179 90
180 90
181 90
182 90
183 90
184 90
185 90
186 90
187 90
188 90
189 90
190 90
191 90
192 90
193 90
194 90
195 90
196 90
197 90
198 90
199 90
200 90
201 90
202 90
203 90
204 90
205 90
206 90
207 90
208 90
209 90
210 90
211 90
212 90
213 90
214 90
215 90
195 89
196 88
197 87
192 89
193 88
194 87
195 86
196 85
197 84
198 83
199 82
200 81
201 80
202 79
203 78
204 77
205 76
187 89
188 88
189 87
190 86
191 85
192 84
193 83
194 82
195 81
196 80
197 79
198 78
199 77
200 76
201 75
202 74
203 73
204 72
205 71
206 70
207 69
208 68
209 67
210 66
211 65
212 64
180 89
181 88
182 87
183 86
184 85
185 84
186 83
187 82
188 81
189 80
190 79
191 78
192 77
193 76
194 75
174 89
175 88
176 87
177 86
178 85
179 84
180 83
181 82
182 81
183 80
184 79
185 78
186 77
187 76
188 75
189 74
190 73
191 72
192 71
193 70
194 69
195 68
196 67
197 66
198 65
199 64
170 89
169 88
168 89
170 87
171 86
172 85
173 84
174 83
175 82
176 81
177 80
178 79
179 78
180 77
181 76
182 75
183 74
184 73
185 72
186 71
187 70
188 69
189 68
190 67
191 66
192 65
193 64
194 63
195 62
196 61
197 60
198 59
199 58
200 57
201 56
202 55
203 54
204 53
205 52
161 89
162 88
163 87
164 86
165 85
166 84
167 83
168 82
169 81
170 80
171 79
172 78
173 77
174 76
175 75
176 74
177 73
178 72
179 71
180 70
181 69
157 89
158 88
159 87
160 86
161 85
162 84
163 83
164 82
165 81
166 80
167 79
168 78
169 77
170 76
171 75
172 74
173 73
174 72
175 71
176 70
177 69
178 68
179 67
180 66
181 65
182 64
183 63
184 62
185 61
186 60
187 59
188 58
189 57
190 56
191 55
192 54
193 53
194 52
195 51
196 50
197 49
198 48
199 47
200 46
201 45
202 44
203 43
204 42
205 41
148 89
149 88
150 87
151 86
152 85
153 84
154 83
155 82
156 81
157 80
158 79
159 78
160 77
161 76
162 75
163 74
164 73
165 72
166 71
167 70
168 69
169 68
170 67
171 66
172 65
173 64
174 63
175 62
176 61
177 60
178 59
179 58
180 57
181 56
182 55
183 54
184 53
185 52
186 51
187 50
188 49
189 48
190 47
191 46
192 45
193 44
194 43
195 42
196 41
197 40
144 89
143 89
142 89
141 89
142 88
143 88
144 88
145 88
145 87
144 87
143 87
144 86
145 86
146 86
147 86
147 85
146 85
145 85
146 84
147 84
148 84
149 84
149 83
148 83
147 83
148 82
149 82
150 82
151 82
151 81
150 81
149 81
150 80
151 80
152 80
153 80
153 79
152 79
151 79
152 78
153 78
154 78
155 78
155 77
154 77
153 77
154 76
155 76
156 76
157 76
157 75
156 75
155 75
156 74
157 74
158 74
159 74
159 73
158 73
157 73
158 72
159 72
160 72
161 72
161 71
160 71
159 71
161 70
162 70
163 70
163 69
162 69
163 68
164 68
165 68
165 67
164 67
165 66
166 66
167 66
167 65
166 65
167 64
168 64
169 64
169 63
168 63
169 62
170 62
171 62
171 61
170 61
171 60
172 60
173 60
173 59
172 59
173 58
174 58
175 58
175 57
174 57
175 56
176 56
177 56
177 55
176 55
177 54
178 54
179 54
179 53
178 53
179 52
180 52
181 52
181 51
180 51
181 50
182 50
183 50
183 49
182 49
183 48
184 48
185 48
184 47
185 46
186 45
187 44
188 43
189 42
190 41
191 40
192 39
193 38
194 37
195 38
194 39
193 40
192 41
191 42
190 43
189 44
188 45
187 46
186 47
184 49
182 51
180 53
178 55
176 57
174 59
172 61
170 63
168 65
166 67
164 69
162 71
160 73
158 75
156 77
154 79
152 81
150 83
148 85
146 87
138 89
137 89
138 88
139 87
140 86
141 85
142 84
143 83
144 82
145 81
146 80
147 79
148 78
149 77
150 76
151 75
152 74
153 73
154 72
155 71
156 70
157 69
158 68
159 67
160 66
161 65
162 64
163 63
164 62
165 61
166 60
167 59
168 58
169 57
170 56
171 55
172 54
173 53
174 52
175 51
176 50
177 49
178 48
179 47
180 46
181 45
182 44
183 43
184 42
185 41
186 40
187 39
188 38
189 37
190 36
134 89
133 88
132 89
134 87
135 86
136 85
137 84
138 83
139 82
140 81
141 80
142 79
143 78
144 77
145 76
146 75
147 74
148 73
149 72
150 71
151 70
152 69
153 68
154 67
155 66
156 65
157 64
158 63
159 62
160 61
161 60
162 59
163 58
164 57
165 56
166 55
167 54
168 53
169 52
170 51
171 50
172 49
173 48
174 47
175 46
176 45
177 44
178 43
179 42
180 41
181 40
182 39
183 38
184 37
185 36
186 35
187 34
188 33
189 34
188 35
187 36
186 37
185 38
184 39
183 40
182 41
181 42
180 43
179 44
178 45
177 46
176 47
175 48
174 49
173 50
172 51
171 52
170 53
169 54
168 55
167 56
166 57
165 58
164 59
163 60
162 61
161 62
160 63
159 64
158 65
157 66
156 67
155 68
154 69
153 70
152 71
151 72
150 73
149 74
148 75
147 76
146 77
145 78
144 79
143 80
142 81
141 82
140 83
139 84
138 85
137 86
136 87
135 88
126 89
125 89
124 89
125 88
126 88
126 87
127 87
127 86
128 86
128 85
129 85
129 84
130 84
130 83
131 83
131 82
132 82
132 81
133 81
133 80
134 80
134 79
135 79
135 78
136 78
136 77
137 77
137 76
138 76
138 75
139 75
139 74
140 74
140 73
141 73
141 72
142 72
142 71
143 71
143 70
144 70
144 69
145 69
145 68
146 68
146 67
147 67
147 66
148 66
148 65
149 65
149 64
150 64
150 63
151 63
151 62
152 62
152 61
153 61
153 60
154 60
154 59
155 59
155 58
156 58
156 57
157 57
157 56
158 56
158 55
159 55
159 54
160 54
160 53
161 53
162 52
163 51
164 50
165 49
166 48
167 47
168 46
169 45
170 44
171 43
172 42
173 41
174 40
175 39
176 38
177 37
178 36
179 35
180 34
181 33
182 32
122 92
123 93
124 94
125 95
126 96
127 97
128 98
129 98
130 98
131 98
132 98
133 98
134 98
135 98
136 98
137 98
138 98
139 98
140 98
141 98
142 98
143 98
144 98
145 98
146 98
147 98
148 98
149 98
150 98
151 98
152 98
153 98
154 98
155 98
156 98
157 98
158 98
159 98
160 98
161 98
162 98
163 98
164 98
165 98
166 98
167 98
168 98
169 98
170 98
171 98
172 98
173 98
174 98
175 98
176 98
177 98
178 98
179 98
180 98
181 98
182 98
183 98
184 98
185 98
186 98
187 98
188 98
189 98
190 98
191 98
192 98
193 98
194 98
195 98
196 98
197 98
198 98
199 98
200 98
201 98
202 98
203 98
204 98
145 99
144 99
143 99
142 99
141 99
140 99
139 99
138 99
137 99
136 99
135 99
134 99
133 99
132 99
131 99
130 99
129 99
130 100
131 101
132 102
133 103
134 104
135 105
136 105
137 105
138 105
139 105
140 105
141 105
142 105
143 105
144 105
145 105
146 105
147 105
148 105
149 105
150 105
151 105
152 105
153 105
154 105
155 105
156 105
157 105
158 105
159 105
160 105
161 105
136 106
137 107
138 107
139 107
140 107
141 107
142 107
143 107
144 107
145 107
146 107
147 107
148 107
149 107
150 107
151 107
152 107
153 107
154 107
155 107
156 107
157 107
158 107
159 107
160 107
161 107
162 107
163 107
164 107
165 107
166 107
167 107
168 107
169 107
170 107
171 107
172 107
173 107
174 107
175 107
176 107
177 107
178 107
179 107
180 107
181 107
138 108
139 109
140 110
141 110
142 110
143 110
144 110
145 110
146 110
147 110
148 110
149 110
150 110
151 110
152 110
153 110
154 110
155 110
156 110
157 110
158 110
159 110
160 110
161 110
162 110
163 110
164 110
165 110
166 110
167 110
168 110
169 110
170 110
171 110
172 110
173 110
174 110
175 110
176 110
177 110
178 110
179 110
180 110
181 110
182 110
183 110
184 110
185 110
186 110
187 110
188 110
189 110
190 110
191 110
192 110
193 110
194 110
195 110
196 110
197 110
198 110
199 110
200 110
201 110
202 110
203 110
204 110
205 110
206 110
207 110
208 110
209 110
210 110
211 110
212 110
143 111
142 111
141 111
142 112
143 113
144 114
145 115
146 116
147 117
148 118
149 119
150 120
151 121
152 121
153 121
154 121
155 121
156 121
157 121
158 121
159 121
160 121
161 121
162 121
163 121
164 121
165 121
166 121
167 121
168 121
169 121
170 121
171 121
172 121
173 121
174 121
175 121
176 121
177 121
178 121
179 121
180 121
181 121
182 121
183 121
184 121
185 121
186 121
187 121
188 121
189 121
190 121
191 121
192 121
193 121
194 121
195 121
196 121
197 121
198 121
199 121
200 121
201 121
202 121
203 121
204 121
205 121
206 121
207 121
208 121
209 121
210 121
211 121
212 121
213 121
214 121
215 121
152 122
153 123
154 124
155 124
156 124
157 124
158 124
159 124
160 124
155 125
156 126
157 127
158 128
159 128
160 128
161 128
162 128
163 128
164 128
165 128
166 128
167 128
168 128
169 128
170 128
171 128
172 128
173 128
174 128
175 128
176 128
177 128
178 128
179 128
180 128
181 128
159 129
160 130
161 131
162 132
163 133
164 133
165 133
166 133
167 133
168 133
169 133
170 133
171 133
172 133
173 133
174 133
175 133
176 133
177 133
178 133
179 133
180 133
181 133
182 133
183 133
184 133
185 133
186 133
187 133
188 133
189 133
190 133
191 133
192 133
193 133
194 133
195 133
196 133
197 133
198 133
199 133
200 133
201 133
202 133
203 133
204 133
205 133
206 133
207 133
208 133
209 133
210 133
211 133
164 134
165 135
166 135
167 135
168 135
169 135
170 135
171 135
172 135
173 135
174 135
175 135
176 135
177 135
178 135
179 135
180 135
181 135
182 135
183 135
184 135
185 135
186 135
187 135
188 135
189 135
190 135
191 135
192 135
193 135
194 135
195 135
196 135
196 136
195 136
194 136
193 136
192 136
191 136
190 136
189 136
188 136
187 136
186 136
185 136
184 136
183 136
182 136
181 136
180 136
179 136
178 136
177 136
176 136
175 136
174 136
173 136
172 136
171 136
170 136
169 136
168 136
167 136
166 136
167 137
168 138
169 139
170 140
171 140
172 140
173 140
174 140
175 140
176 140
177 140
178 140
179 140
180 140
181 140
182 140
183 140
184 140
185 140
186 140
187 140
188 140
189 140
190 140
191 140
192 140
171 141
172 142
173 142
174 142
175 142
176 142
177 142
178 142
179 142
180 142
181 142
182 142
183 142
184 142
185 142
186 142
187 142
173 143
174 144
175 145
176 146
177 146
178 146
179 146
180 146
181 146
182 146
183 146
184 146
185 146
177 147
178 148
179 148
180 148
181 148
182 148
183 148
184 148
197 136
198 136
199 136
200 136
201 136
202 136
203 136
204 136
205 136
206 136
207 136
122 88
123 87
124 86
125 85
126 84
127 83
128 82
129 81
130 80
131 79
132 78
133 77
134 76
135 75
111 96
110 95
109 94
108 93
107 92
106 91
111 99
110 99
110 98
109 98
109 97
108 97
108 96
107 96
107 95
106 95
106 94
105 94
105 93
104 93
104 92
103 92
103 91
102 91
110 100
111 100
112 100
112 101
113 101
114 101
114 102
113 102
114 103
115 103
115 104
114 104
116 104
109 101
108 102
122 105
123 105
124 105
125 105
126 105
127 105
128 105
129 105
129 116
128 116
131 118
133 120
135 122
137 124
139 126
141 128
145 128
146 128
147 128
143 130
145 132
147 134
149 136
152 140
151 140
150 140
151 141
152 141
152 142
152 143
152 144
151 144
150 144
149 144
148 144
147 144
146 144
145 144
144 144
143 144
142 144
141 144
140 144
139 144
138 144
137 144
136 144
135 144
134 144
133 144
132 144
131 144
130 144
129 143
128 142
127 141
126 140
125 139
124 138
123 137
122 136
121 135
120 134
119 133
118 132
117 131
116 130
115 129
114 129
114 128
114 127
113 127
112 126
111 125
110 124
109 123
108 122
107 121
106 120
105 119
104 118
103 117
114 126
114 125
115 125
116 125
116 126
117 126
117 127
118 127
118 128
119 128
119 129
120 129
120 130
121 130
121 131
122 131
122 132
123 132
123 133
124 133
124 134
125 134
125 135
126 135
126 136
127 136
127 137
128 137
128 138
129 138
129 139
130 139
130 140
131 140
131 141
132 141
132 142
133 142
133 143
134 143
115 124
114 124
114 123
113 123
113 122
112 122
112 121
111 121
111 120
110 120
110 119
109 119
109 118
108 118
108 117
107 117
107 116
106 116
106 115
105 115
105 114
104 114
104 113
103 113
103 112
102 112
102 111
101 111
114 122
114 121
114 120
114 119
115 119
114 118
116 120
117 121
118 122
119 123
120 124
121 125
122 126
123 127
124 127
125 127
126 127
127 127
128 127
129 127
130 127
131 127
132 127
133 127
134 127
124 128
125 129
126 130
127 131
128 132
129 133
130 134
131 135
132 136
133 137
134 138
135 139
136 140
137 141
138 142
139 143
114 130
114 131
126 114
124 112
122 110
120 108
118 106
100 127
100 128
101 128
100 129
100 130
100 131
100 132
100 133
100 134
100 135
100 136
100 137
100 138
100 139
100 140
100 141
100 142
100 143
100 144
102 129
103 130
104 131
105 132
106 133
107 134
108 135
109 136
110 137
111 138
112 139
113 140
114 141
114 142
115 142
114 143
116 143
117 144
118 145
119 146
120 146
121 146
122 146
123 146
124 146
125 146
126 146
127 146
128 146
129 146
130 146
131 146
132 146
133 146
134 146
135 146
136 146
137 146
138 146
139 146
140 146
141 146
142 146
143 146
144 146
145 146
146 146
147 146
148 146
149 146
150 146
151 146
152 146
153 146
154 146
155 146
156 146
157 146
158 146
159 146
160 146
161 146
162 146
163 146
164 146
165 146
166 146
167 146
168 146
169 146
170 146
171 146
172 146
173 146
94 104
95 104
100 104
98 102
97 101
96 100
95 99
94 98
93 97
92 97
92 96
92 95
91 95
90 94
89 93
88 92
87 91
92 94
92 93
92 92
92 91
92 98
92 99
92 100
91 100
90 99
89 98
88 97
87 96
86 95
85 94
84 93
92 101
92 102
93 102
118
88 90
30 89
31 72
51 89
70 89
66 75
49 71
31 51
49 53
80 65
67 52
50 33
52 32
53 30
82 78
97 73
101 89
114 89
49 38
65 64
39 40
82 103
71 103
93 103
31 105
49 109
92 119
71 121
30 125
85 144
48 130
73 132
62 133
35 136
37 137
47 141
48 142
52 143
65 144
53 147
54 148
93 131
81 50
64 34
114 77
96 53
114 65
85 34
114 49
101 34
117 34
132 34
128 52
146 34
128 64
144 47
141 59
167 34
159 90
215 90
197 87
205 76
212 64
181 88
194 75
199 64
170 89
205 52
181 69
194 52
205 41
197 40
159 71
184 48
194 37
195 38
138 89
190 36
188 33
189 34
172 51
147 76
126 89
160 53
182 32
204 98
145 99
161 105
181 107
197 110
212 110
143 111
204 121
215 121
160 124
181 128
211 133
166 135
196 135
192 140
187 142
185 146
184 148
207 136
135 75
114 104
129 105
129 116
147 128
152 144
133 144
103 117
114 119
134 127
114 131
100 144
114 143
173 146
