1110
119 90
121 90
119 91
118 92
117 93
116 94
115 95
115 96
115 97
115 98
115 99
115 100
115 101
115 102
115 103
115 104
115 105
115 106
115 107
115 108
115 109
115 110
115 111
115 112
115 113
115 114
115 115
115 116
115 117
115 118
115 119
115 120
115 121
115 122
114 123
114 124
114 125
114 126
114 127
114 128
114 129
114 130
114 131
114 132
114 133
114 134
114 135
114 136
114 137
114 138
114 139
114 140
114 141
114 142
114 143
122 90
123 90
124 90
125 90
126 89
127 88
128 88
129 88
130 88
131 88
132 88
133 88
134 88
135 88
136 88
137 88
138 87
139 86
140 86
141 86
142 86
143 85
144 84
145 83
146 82
147 81
148 80
149 79
150 78
151 77
152 76
153 75
154 74
155 73
156 72
157 71
158 72
159 73
160 74
161 74
162 74
163 74
164 74
165 74
166 74
167 74
168 74
169 74
170 74
171 74
172 74
173 74
174 74
175 74
176 74
177 74
178 73
179 72
180 71
181 70
181 69
181 68
181 67
181 66
181 65
181 64
181 63
181 62
181 61
181 60
181 59
181 58
181 57
181 56
181 55
181 54
181 53
181 52
181 51
181 50
181 49
181 48
182 47
183 46
183 45
183 44
183 43
183 42
184 41
185 40
186 39
187 38
188 37
189 36
189 35
188 35
187 35
186 35
185 35
184 35
183 35
182 35
181 35
180 34
179 35
178 36
177 37
176 38
175 39
174 40
173 41
172 42
171 43
171 44
171 45
170 46
169 47
168 48
167 49
166 50
165 51
164 52
163 53
162 54
161 55
160 56
159 56
158 56
170 42
169 41
168 40
167 39
166 38
165 37
164 36
163 35
162 34
190 35
184 47
185 47
186 47
187 47
188 47
189 47
190 47
191 47
192 47
193 47
194 47
195 48
196 49
197 50
198 51
199 52
200 52
201 52
202 52
203 52
204 52
205 52
205 51
205 50
205 49
205 48
205 47
205 46
205 45
205 44
205 43
206 42
207 41
204 53
203 54
202 55
201 56
200 57
199 58
198 59
197 60
196 61
195 61
194 61
195 62
196 63
197 64
198 65
199 66
200 67
201 68
202 69
203 70
204 71
204 72
204 73
205 73
206 73
207 73
208 73
209 73
210 73
211 73
212 73
213 73
214 73
215 73
169 75
170 76
171 77
172 78
173 79
174 80
175 81
176 82
177 83
178 84
179 85
180 86
181 87
181 88
181 89
181 90
181 91
182 92
183 93
184 94
185 94
186 94
187 94
188 94
189 94
190 94
191 94
192 94
193 94
194 94
195 94
196 94
197 94
198 94
199 94
200 94
201 94
202 94
203 94
204 94
205 94
193 95
192 96
191 97
190 98
189 99
188 100
187 101
186 102
185 103
184 104
183 105
182 106
181 107
181 108
181 109
181 110
181 111
181 112
182 112
183 112
184 112
185 112
186 112
187 112
188 112
189 112
190 112
191 112
192 112
193 112
194 112
195 113
196 114
197 115
198 115
199 115
200 115
201 115
202 115
203 115
204 115
205 115
204 116
203 117
202 118
202 119
202 120
202 121
202 122
202 123
202 124
202 125
202 126
202 127
201 128
200 129
199 130
198 131
197 132
196 133
195 134
194 135
193 136
192 137
192 138
191 138
190 138
189 138
188 138
187 138
186 138
185 137
184 136
183 135
182 134
181 133
180 133
179 133
178 133
177 133
176 133
175 133
174 133
173 133
172 132
171 131
170 130
169 129
168 128
167 128
166 128
165 128
164 128
163 128
162 128
161 127
160 126
159 125
158 124
157 123
157 122
157 121
157 120
157 119
157 118
157 117
157 116
157 115
157 114
157 113
157 112
157 111
157 110
157 109
157 108
156 108
155 108
154 108
153 108
152 108
151 108
150 108
149 108
148 107
147 106
146 107
145 108
144 108
143 108
142 108
141 108
140 108
139 108
138 108
137 108
136 108
136 109
136 110
136 111
136 112
136 113
136 114
136 115
136 116
136 117
136 118
136 119
136 120
136 121
136 122
136 123
148 105
149 104
150 103
151 102
152 101
153 100
154 99
155 98
156 97
157 96
158 95
159 94
160 93
158 108
167 129
166 130
165 131
164 132
163 133
162 134
161 135
160 136
159 137
158 138
157 139
156 140
156 141
156 142
156 143
156 144
156 145
155 145
154 145
153 145
152 145
151 145
150 145
149 145
148 145
147 145
146 145
145 145
144 145
143 145
142 145
141 145
140 145
139 145
138 145
137 145
136 145
135 145
180 134
179 135
178 136
177 137
177 138
177 139
177 140
177 141
177 142
177 143
177 144
203 128
204 129
205 130
206 131
207 132
208 132
209 132
210 132
211 132
212 132
213 132
214 132
139 85
139 84
139 83
139 82
139 81
139 80
139 79
139 78
139 77
139 76
139 75
139 74
138 73
137 72
136 71
136 70
136 69
136 68
136 67
136 66
136 65
136 64
136 63
136 62
136 61
136 60
136 59
136 58
136 57
136 56
135 56
134 56
133 56
132 56
131 56
130 56
129 56
128 55
127 54
126 53
125 53
124 53
123 53
122 53
121 53
120 53
119 53
118 53
117 53
116 52
116 51
116 50
116 49
116 48
116 47
116 46
116 45
116 44
116 43
116 42
116 41
116 40
116 39
116 38
117 37
118 36
119 35
120 34
125 54
124 55
123 56
122 57
121 58
120 59
119 60
118 61
117 62
116 63
115 64
115 65
126 52
126 51
126 50
126 49
127 48
128 47
129 46
130 45
131 44
132 43
133 42
134 41
135 40
136 39
137 38
138 37
139 36
140 35
141 34
137 56
118 89
117 88
116 87
115 86
114 87
113 88
112 89
111 90
110 91
109 92
108 93
107 94
106 95
105 96
104 97
103 98
102 99
101 100
100 101
99 102
98 102
98 101
98 100
98 99
98 98
98 97
98 96
98 95
98 94
98 93
98 92
98 91
98 90
97 89
96 88
95 87
94 86
94 85
93 84
92 83
91 82
90 81
89 80
88 79
87 78
86 77
85 76
84 75
83 74
83 73
82 73
81 73
80 73
79 73
78 73
77 73
76 73
75 73
74 73
73 73
72 72
71 71
71 70
71 69
71 68
71 67
72 66
73 65
74 64
75 63
76 62
77 61
78 60
79 59
80 58
81 57
81 56
80 56
79 56
78 56
77 56
76 56
75 56
74 56
73 55
72 54
71 53
70 52
69 51
69 50
69 49
69 48
69 47
69 46
69 45
68 45
67 44
66 43
65 42
64 41
63 40
62 39
61 38
60 37
59 36
58 35
57 34
56 35
55 36
54 37
53 38
52 38
51 38
50 38
49 38
48 38
48 39
47 39
46 40
45 40
44 40
43 40
42 40
41 40
40 40
39 40
38 40
37 40
36 40
35 40
34 41
33 42
32 43
32 44
32 45
32 46
32 47
32 48
32 49
32 50
31 51
30 52
29 53
28 54
28 55
28 56
28 57
28 58
28 59
28 60
28 61
28 62
28 63
28 64
28 65
28 66
28 67
28 68
28 69
28 70
28 71
28 72
28 73
28 74
28 75
28 76
28 77
28 78
28 79
28 80
28 81
28 82
28 83
33 51
34 52
35 53
36 54
37 55
38 56
39 57
40 58
41 59
42 60
43 61
44 62
45 63
46 64
47 65
48 66
49 67
48 40
48 41
48 42
48 43
48 44
48 45
48 46
48 47
48 48
48 49
69 44
69 43
70 42
71 41
72 40
73 39
74 38
75 37
76 36
77 35
78 34
82 56
83 56
84 56
85 56
86 56
87 56
88 56
89 56
90 56
91 56
92 55
93 54
94 53
95 52
96 51
96 50
96 49
96 48
96 47
96 46
96 45
96 44
96 43
96 42
96 41
96 40
96 39
96 38
96 37
97 36
98 35
99 34
81 74
80 75
79 76
78 77
77 78
76 79
75 80
74 81
73 82
73 83
73 84
73 85
73 86
72 87
71 88
70 89
69 89
68 89
67 89
66 89
65 89
64 89
63 89
62 89
61 89
60 89
59 89
58 89
57 89
56 89
55 89
54 89
53 88
52 87
51 86
84 73
85 73
86 73
87 73
88 73
89 73
90 73
91 73
92 72
93 71
98 103
97 104
96 105
95 106
94 107
93 108
92 108
91 108
90 108
89 108
88 108
87 108
86 108
85 108
84 108
83 108
82 108
83 109
84 110
85 111
86 112
87 113
88 114
89 115
90 116
91 117
92 118
93 119
93 120
93 121
93 122
93 123
92 124
91 125
90 126
89 127
88 128
87 128
86 128
85 128
84 128
83 128
82 128
81 128
80 128
79 128
78 128
77 128
76 128
75 127
74 126
73 125
72 124
71 123
71 122
71 121
71 120
71 119
71 118
71 117
71 116
71 115
70 114
69 113
68 112
67 111
66 110
65 109
64 108
63 108
62 108
61 108
60 108
59 108
58 108
57 108
56 108
55 108
54 108
53 108
52 108
51 108
50 107
49 107
48 107
47 107
46 107
45 107
44 107
43 107
42 107
41 107
40 107
39 107
38 107
37 107
36 107
35 107
34 107
33 107
32 106
31 105
30 104
81 129
80 130
79 131
78 132
77 133
76 134
75 135
74 136
73 137
72 138
72 139
72 140
72 141
72 142
72 143
72 144
72 145
71 145
70 145
69 145
68 145
67 145
66 145
65 145
64 145
63 145
62 145
61 145
60 145
59 145
58 145
57 145
56 144
55 143
54 143
53 143
52 143
51 142
50 141
49 140
48 139
47 139
46 139
45 139
44 139
43 139
42 139
41 139
40 139
39 139
38 138
37 137
36 136
36 135
36 134
36 133
35 132
34 131
33 130
32 129
31 128
30 127
29 126
28 125
48 138
48 137
48 136
48 135
48 134
48 133
48 132
48 131
48 130
48 129
48 128
83 129
84 130
85 131
86 132
87 133
88 134
89 135
90 136
91 137
92 138
93 139
93 140
93 141
93 142
93 143
93 144
93 145
84
115 107
115 122
114 143
127 88
139 86
157 71
168 74
181 70
181 57
183 46
180 34
171 45
158 56
162 34
190 35
194 47
205 52
207 41
194 61
204 73
215 73
181 91
194 94
205 94
181 112
194 112
205 115
202 127
192 138
181 133
168 128
157 123
147 106
136 108
136 123
160 93
158 108
156 145
135 145
177 144
214 132
136 71
126 53
116 52
120 34
115 65
141 34
137 56
115 86
94 86
82 73
71 71
69 51
57 34
48 38
35 40
32 50
28 62
28 83
49 67
48 49
78 34
82 56
96 51
99 34
73 86
62 89
51 86
93 71
98 103
82 108
93 123
82 128
71 123
64 108
50 107
30 104
72 145
55 143
48 139
36 136
28 125
48 128
93 145
