3097
119 90
118 90
117 90
116 90
115 90
114 90
113 90
112 90
111 90
110 90
109 90
108 90
107 90
106 90
105 90
104 90
103 90
102 90
101 90
100 90
99 90
98 90
97 90
96 90
95 90
94 90
93 90
92 90
91 90
90 90
89 90
88 90
87 90
86 90
85 90
84 90
83 90
82 90
81 90
80 90
79 90
78 90
77 90
76 90
75 90
74 90
73 90
72 90
71 90
70 90
69 90
68 90
67 90
66 90
65 90
64 90
63 90
62 90
61 90
60 90
59 90
58 90
57 90
56 90
55 90
54 90
53 90
52 90
51 90
50 90
49 90
48 90
47 90
46 90
45 90
44 90
43 90
42 90
41 90
40 90
39 90
38 90
37 90
36 90
35 90
34 90
33 90
32 90
31 90
41 89
40 88
39 87
38 86
37 85
36 84
35 83
34 82
33 81
32 80
31 79
59 89
58 88
57 87
56 86
55 85
54 84
53 83
52 82
51 81
50 80
49 79
50 78
49 77
48 76
47 75
46 74
45 73
44 72
43 71
42 70
41 69
40 68
39 67
38 66
37 65
36 64
35 63
34 62
33 61
32 60
31 59
30 58
51 79
52 80
53 81
54 82
55 83
56 84
57 85
58 86
59 87
60 88
61 89
63 91
64 92
65 93
66 94
67 95
68 96
69 97
70 98
71 99
72 100
73 101
73 102
72 102
71 102
70 102
69 102
68 102
67 102
66 102
65 102
64 102
63 102
62 102
61 102
60 102
59 102
58 102
57 102
56 102
55 102
54 102
53 102
52 102
51 102
50 102
49 102
48 102
47 102
46 102
45 102
44 102
43 102
42 102
41 102
40 102
39 102
38 102
37 102
36 102
35 102
34 102
33 102
32 102
31 102
71 103
72 103
73 103
74 103
75 103
76 103
77 103
78 103
79 103
80 103
81 103
82 103
83 103
84 103
85 103
86 103
87 103
88 103
89 103
90 103
91 103
92 103
93 103
94 103
95 103
96 103
97 103
98 103
99 103
100 103
101 103
102 103
103 103
104 103
105 103
106 103
107 103
107 102
106 102
105 102
104 102
103 102
102 102
101 102
100 102
99 102
98 102
97 102
96 102
95 102
94 102
93 102
92 102
91 102
90 102
89 102
88 102
87 102
86 102
85 102
84 102
83 102
82 102
81 102
80 102
79 102
78 102
77 102
76 102
75 102
74 102
76 101
75 100
74 99
73 98
72 97
71 96
70 95
69 94
68 93
67 92
66 91
92 101
92 100
92 99
93 99
93 98
92 98
92 97
93 97
93 96
92 96
92 95
93 95
93 94
92 94
92 93
93 93
94 93
93 92
92 92
92 91
93 91
94 91
95 91
95 94
96 95
97 96
98 97
99 98
100 99
101 100
102 101
108 102
109 101
110 100
111 100
111 99
110 99
109 98
108 97
107 96
106 95
105 94
104 93
103 92
102 91
112 98
113 97
114 96
115 95
116 94
117 93
116 92
115 91
117 91
118 92
119 91
121 90
120 89
120 88
120 87
119 87
118 86
117 85
116 84
115 83
114 82
113 81
112 80
111 79
110 78
109 77
108 76
107 75
106 74
105 73
104 72
103 71
102 70
101 69
100 68
99 67
98 66
97 65
96 64
95 63
94 62
93 61
92 60
91 59
90 58
89 57
88 56
87 55
86 54
85 53
84 52
83 51
82 50
120 86
120 85
121 85
121 84
120 84
120 83
120 82
119 82
119 81
118 81
118 80
117 80
117 79
116 79
116 78
115 78
115 77
114 77
114 76
113 75
112 74
111 73
110 72
109 71
108 70
107 69
106 68
105 67
104 66
103 65
102 64
101 63
100 62
99 61
98 60
97 59
96 58
95 57
94 56
95 55
94 54
93 53
92 52
91 51
90 50
89 49
88 48
87 47
86 46
85 45
84 44
83 43
82 42
81 41
80 40
79 39
78 38
77 37
76 36
75 35
74 34
96 56
97 57
98 58
99 59
100 60
101 61
102 62
103 63
104 64
105 65
106 66
107 67
108 68
109 69
110 70
111 71
112 72
113 73
114 74
115 75
116 76
117 77
118 78
119 79
120 79
121 79
120 78
120 77
120 76
120 75
120 74
120 73
121 73
121 72
120 72
120 71
120 70
120 69
121 69
120 68
119 68
118 67
117 66
116 65
115 64
114 63
120 67
120 66
120 65
120 64
120 63
120 62
119 62
118 61
117 60
116 59
115 58
114 57
113 56
112 55
111 54
110 53
109 52
108 51
107 50
106 49
105 48
104 47
103 46
102 45
101 44
100 43
99 42
98 41
97 40
96 39
95 38
94 37
93 36
92 35
91 34
120 61
121 61
121 60
120 60
120 59
120 58
120 57
120 56
120 55
120 54
119 54
118 53
117 52
116 51
115 50
114 49
120 53
120 52
120 51
120 50
120 49
120 48
120 47
120 46
120 45
119 45
118 44
117 43
116 42
115 41
114 40
113 39
112 38
111 37
110 36
109 35
108 34
120 44
120 43
120 42
121 41
122 40
123 39
124 38
125 37
126 36
127 35
128 34
122 60
122 59
123 59
123 58
124 58
124 57
125 57
125 56
126 56
126 55
127 55
127 54
128 54
128 53
129 53
129 52
130 52
130 51
131 51
131 50
132 50
132 49
133 49
134 48
135 47
136 46
137 45
138 44
139 43
140 42
141 41
142 40
143 39
144 38
145 37
146 36
147 35
148 34
122 68
123 67
124 66
125 65
126 64
127 63
122 72
122 71
123 71
123 70
124 70
124 69
125 69
125 68
126 68
126 67
127 67
127 66
128 66
128 65
129 65
129 64
130 64
130 63
131 63
131 62
132 62
132 61
133 61
133 60
134 60
134 59
135 59
135 58
136 58
136 57
137 57
137 56
138 56
138 55
139 55
139 54
140 54
140 53
141 53
141 52
142 52
142 51
143 51
143 50
144 50
144 49
145 49
145 48
146 48
146 47
147 46
148 45
149 44
150 43
151 42
152 41
153 40
154 39
155 38
156 37
157 36
158 35
159 34
120 80
120 81
122 78
123 77
124 76
125 75
126 74
127 73
128 72
129 71
130 70
131 69
132 68
133 67
134 66
135 65
136 64
137 63
138 62
139 61
122 84
122 83
123 83
123 82
124 82
124 81
125 81
125 80
126 80
126 79
127 79
127 78
128 78
128 77
129 77
129 76
130 76
130 75
131 75
131 74
132 74
132 73
133 73
133 72
134 72
134 71
135 71
135 70
136 70
136 69
137 69
137 68
138 68
138 67
139 67
139 66
140 66
140 65
141 65
141 64
142 64
142 63
143 63
143 62
144 62
144 61
145 61
145 60
146 60
146 59
147 59
147 58
148 58
148 57
149 57
149 56
150 56
150 55
151 55
151 54
152 54
152 53
153 53
153 52
154 52
154 51
155 51
155 50
156 50
156 49
157 49
157 48
158 48
158 47
159 47
159 46
160 46
160 45
161 45
161 44
162 44
162 43
163 43
163 42
164 42
164 41
165 41
165 40
166 40
166 39
167 39
167 38
168 38
168 37
169 37
169 36
170 36
170 35
171 35
171 34
172 34
173 33
174 32
175 31
176 30
177 29
178 28
179 27
180 26
181 25
182 24
121 91
122 90
123 90
124 90
125 90
126 90
127 90
128 90
129 90
130 90
131 90
132 90
133 90
134 90
135 90
136 90
137 90
138 90
139 90
140 90
141 90
142 90
143 90
144 90
145 90
146 90
147 90
148 90
149 90
150 90
151 90
152 90
153 90
154 90
155 90
156 90
157 90
158 90
159 90
160 90
161 90
162 90
163 90
164 90
165 90
166 90
167 90
168 90
169 90
170 90
171 90
172 90
173 90
174 90
175 90
176 90
177 90
178 90
179 90
180 90
181 90
182 90
183 90
184 90
185 90
186 90
187 90
188 90
189 90
190 90
191 90
192 90
193 90
194 90
195 90
196 90
197 90
198 90
199 90
200 90
201 90
202 90
203 90
204 90
205 90
206 90
207 90
208 90
209 90
210 90
211 90
212 90
213 90
214 89
215 88
187 89
188 88
189 87
190 86
191 85
192 84
193 83
194 82
195 81
196 80
197 79
198 78
199 77
200 76
201 75
202 74
203 73
204 72
205 71
179 89
178 88
177 88
177 89
176 89
178 87
179 87
179 86
180 86
180 85
181 85
181 84
182 84
182 83
183 83
183 82
184 82
184 81
185 81
185 80
186 80
186 79
187 79
187 78
188 78
188 77
189 77
189 76
190 76
190 75
191 75
191 74
192 74
192 73
193 73
193 72
194 72
194 71
195 71
196 70
197 69
198 68
199 67
200 66
201 65
202 64
203 63
204 62
205 61
206 60
207 59
208 58
209 57
210 56
211 55
212 54
213 53
214 52
215 51
181 87
180 88
169 89
165 89
166 88
167 87
168 86
169 85
170 84
171 83
172 82
173 81
174 80
175 79
176 78
177 77
178 76
179 75
180 74
181 73
182 72
183 71
184 70
185 69
186 68
187 67
188 66
189 65
190 64
191 63
192 62
193 61
194 60
195 59
196 58
197 57
198 56
199 55
200 54
201 53
202 52
203 51
204 50
151 89
150 88
149 89
151 87
152 86
153 85
154 84
155 83
156 82
157 81
158 80
159 79
160 78
161 77
162 76
163 75
164 74
165 73
166 72
167 71
168 70
169 69
170 68
171 67
172 66
173 65
174 64
175 63
176 62
177 61
178 60
179 59
180 58
181 57
182 56
183 55
184 54
185 53
186 52
187 51
188 50
189 49
190 48
191 47
192 46
193 45
194 44
195 43
196 42
197 41
198 40
199 39
200 40
199 41
198 42
197 43
196 44
195 45
194 46
193 47
192 48
191 49
190 50
189 51
188 52
187 53
186 54
185 55
184 56
183 57
182 58
181 59
180 60
179 61
178 62
177 63
176 64
175 65
174 66
173 67
172 68
171 69
170 70
169 71
168 72
167 73
166 74
165 75
164 76
163 77
162 78
161 79
160 80
159 81
158 82
157 83
156 84
155 85
154 86
153 87
152 88
140 89
139 89
140 88
141 88
141 87
142 87
142 86
143 86
143 85
144 85
144 84
145 84
145 83
146 83
146 82
147 82
147 81
148 81
148 80
149 80
149 79
150 79
150 78
151 78
151 77
152 77
152 76
153 76
153 75
154 75
154 74
155 74
155 73
156 73
156 72
157 72
157 71
158 71
158 70
159 69
160 68
161 67
162 66
163 65
164 64
165 63
166 62
167 61
168 60
169 59
170 58
171 57
172 56
173 55
174 54
175 53
176 52
177 51
178 50
179 49
180 48
181 47
182 46
183 45
184 44
185 43
186 42
187 41
136 89
135 88
134 89
136 87
137 86
138 85
139 84
140 83
141 82
142 81
143 80
144 79
145 78
146 77
147 76
131 89
132 88
133 87
134 86
135 85
136 84
137 83
138 82
139 81
140 80
141 79
142 78
143 77
144 76
145 75
146 74
147 73
148 72
149 71
150 70
151 69
152 68
153 67
154 66
155 65
156 64
157 63
158 62
159 61
160 60
161 59
162 58
163 57
164 56
165 55
166 54
167 53
168 52
169 51
170 50
171 49
172 48
173 47
174 46
128 89
127 88
126 89
128 87
129 86
130 85
131 84
132 83
133 82
134 81
135 80
136 79
137 78
138 77
139 76
140 75
141 74
142 73
143 72
144 71
145 70
146 69
147 68
148 67
149 66
150 65
151 64
152 63
153 62
154 61
155 60
156 59
157 58
158 57
159 56
160 55
161 54
162 53
163 52
164 51
165 50
166 49
167 48
168 47
169 46
170 45
171 44
172 43
173 42
174 41
175 40
176 39
177 38
178 37
179 36
180 35
181 34
182 33
183 32
184 31
185 30
186 31
185 32
184 33
183 34
182 35
181 36
180 37
179 38
178 39
177 40
176 41
175 42
174 43
173 44
172 45
171 46
170 47
169 48
168 49
167 50
166 51
165 52
164 53
163 54
162 55
161 56
160 57
159 58
158 59
157 60
156 61
155 62
154 63
153 64
152 65
151 66
150 67
149 68
148 69
147 70
146 71
145 72
144 73
143 74
142 75
141 76
140 77
139 78
138 79
137 80
136 81
135 82
134 83
133 84
132 85
131 86
130 87
129 88
123 89
124 88
125 87
126 86
127 85
128 84
129 83
130 82
131 81
132 80
133 79
134 78
135 77
136 76
137 75
138 74
139 73
140 72
141 71
142 70
143 69
144 68
145 67
146 66
147 65
148 64
149 63
150 62
151 61
152 60
153 59
154 58
155 57
156 56
157 55
158 54
159 53
160 52
161 51
162 50
163 49
164 48
165 47
166 46
167 45
168 44
169 43
170 42
171 41
172 40
173 39
174 38
175 37
176 36
177 35
178 34
179 33
180 32
181 31
182 30
183 29
122 92
123 92
124 92
125 92
126 92
127 92
128 92
129 92
130 92
131 92
132 92
133 92
134 92
135 92
136 92
137 92
138 92
139 92
140 92
141 92
142 92
143 92
144 92
145 92
146 92
147 92
148 92
149 92
150 92
151 92
152 92
153 92
154 92
155 92
156 92
157 92
158 92
159 92
160 92
161 92
162 92
163 92
164 92
165 92
166 92
167 92
168 92
169 92
170 92
171 92
172 92
173 92
174 92
175 92
176 92
177 92
178 92
179 92
180 92
181 92
182 92
183 92
184 92
185 92
186 92
187 92
188 92
189 92
190 92
191 92
192 92
193 92
194 92
195 92
196 92
197 92
198 92
199 92
200 92
201 92
202 92
203 92
204 92
123 93
124 94
125 95
126 96
127 97
128 98
129 99
130 100
131 101
132 102
133 103
134 103
135 103
136 103
137 103
138 103
139 103
140 103
141 103
142 103
143 103
144 103
145 103
146 103
147 103
148 103
149 103
150 103
151 103
152 103
153 103
154 103
155 103
156 103
157 103
158 103
159 103
160 103
161 103
162 103
163 103
164 103
165 103
166 103
167 103
168 103
169 103
170 103
171 103
172 103
173 103
174 103
175 103
176 103
177 103
178 103
179 103
180 103
181 103
158 104
157 104
156 104
155 104
154 104
153 104
152 104
151 104
150 104
149 104
148 104
147 104
146 104
145 104
144 104
143 104
142 104
141 104
140 104
139 104
138 104
137 104
136 104
135 104
134 104
135 105
136 105
137 105
138 105
139 105
140 105
141 105
142 105
143 105
144 105
145 105
146 105
147 105
148 105
149 105
150 105
151 105
152 105
153 105
154 105
155 105
156 105
157 105
158 105
159 105
160 105
161 105
162 105
163 105
164 105
165 105
166 105
167 105
168 105
169 105
170 105
171 105
172 105
173 105
174 105
175 105
176 105
177 105
178 105
179 105
180 105
181 105
182 105
183 105
184 105
185 105
186 105
187 105
188 105
189 105
190 105
191 105
192 105
193 105
194 105
195 105
196 105
197 105
198 105
199 105
200 105
201 105
202 105
203 105
204 105
205 105
136 106
137 107
138 108
139 109
140 110
141 111
142 112
143 113
144 114
145 115
145 116
146 116
145 117
145 118
144 118
143 117
142 116
141 115
140 114
139 113
138 112
137 111
136 110
135 109
134 108
133 107
132 106
131 105
130 104
129 103
128 102
127 101
126 100
125 99
124 98
123 97
122 96
121 95
120 94
119 93
118 94
119 95
120 96
121 97
122 98
123 99
124 100
125 101
126 102
127 103
128 104
129 105
130 106
131 107
132 108
133 109
134 110
135 111
136 112
137 113
138 114
139 115
140 116
141 117
142 118
143 119
144 120
145 120
145 119
145 121
144 121
143 121
142 121
141 121
140 121
139 121
138 121
137 121
136 121
135 121
134 121
133 121
132 121
131 121
130 121
129 121
128 121
127 121
126 121
125 121
124 121
123 121
122 121
121 121
120 121
119 121
118 121
117 121
116 121
115 121
114 121
113 121
112 121
111 121
110 121
109 121
108 121
107 121
106 121
105 121
104 121
103 121
102 121
101 121
100 121
99 121
98 121
97 121
96 121
95 121
94 121
93 121
93 120
92 120
91 119
90 118
89 117
88 116
87 115
86 114
85 113
84 112
83 111
83 110
82 110
81 110
80 110
79 110
78 110
77 110
76 110
75 110
74 110
73 110
72 110
71 110
70 110
69 110
68 110
67 110
66 110
65 110
64 110
63 110
62 110
61 110
60 110
59 110
58 110
57 110
56 110
55 110
54 110
53 110
52 110
51 110
50 110
81 109
80 108
79 107
78 106
77 105
76 104
84 110
85 110
86 110
87 110
88 110
89 110
90 110
91 110
92 110
93 110
94 110
95 110
96 110
97 110
98 110
99 110
100 110
99 111
98 112
97 113
96 114
95 114
95 115
96 115
95 116
94 116
93 117
92 117
92 118
93 118
93 119
94 119
95 119
95 118
95 117
95 120
91 116
90 115
89 114
88 113
87 112
86 111
97 116
98 117
99 118
100 119
101 120
94 113
93 112
92 111
101 109
102 108
103 108
103 107
103 106
104 106
103 105
103 104
105 105
106 105
106 104
105 104
107 106
108 107
109 108
110 109
111 110
112 111
113 112
114 112
114 111
114 110
114 109
114 108
114 107
114 106
114 105
114 104
115 104
114 103
113 102
113 101
112 101
114 101
115 101
116 105
117 106
118 107
119 108
120 109
121 110
122 111
123 112
124 113
125 114
126 115
127 116
128 117
129 118
130 119
130 120
131 120
114 113
113 113
114 114
115 114
114 115
114 116
114 117
114 118
114 119
114 120
116 115
117 116
118 117
119 118
120 119
121 120
103 109
103 110
103 111
103 112
103 113
92 109
92 108
92 107
92 106
92 105
92 104
84 109
83 108
82 107
81 106
80 105
79 104
90 120
89 120
88 120
87 120
86 120
85 120
84 120
83 120
82 120
81 120
80 120
79 120
78 120
77 120
76 120
75 120
74 120
73 120
72 120
71 120
89 121
88 122
87 123
86 123
85 123
84 123
83 123
82 123
81 123
80 123
79 123
78 123
77 123
76 123
75 123
74 123
73 123
72 123
71 123
70 123
69 123
68 123
67 123
66 123
65 123
64 123
63 123
62 123
61 123
60 123
59 123
58 123
57 123
56 123
55 123
54 123
53 123
52 123
51 123
50 123
49 123
48 123
47 123
46 123
45 123
44 123
43 123
42 123
41 123
40 123
39 123
38 123
37 123
36 123
35 123
34 123
33 123
32 123
31 123
30 123
86 124
85 125
84 126
83 127
82 128
81 129
80 130
79 130
78 130
77 130
76 130
75 130
74 130
73 130
72 130
71 130
70 130
69 130
68 130
67 130
66 130
65 130
64 130
63 130
62 130
61 130
60 130
59 130
58 130
57 130
56 130
55 130
54 130
53 130
52 130
51 130
50 130
49 130
48 130
79 131
78 132
77 132
76 132
75 132
74 132
73 132
72 132
71 132
70 132
69 132
68 132
67 132
66 132
65 132
64 132
63 132
62 132
61 132
77 133
77 134
76 134
75 135
74 135
73 135
72 135
71 135
70 135
69 135
68 135
67 135
66 135
65 135
64 135
63 135
62 135
61 135
60 135
59 135
58 135
57 135
56 135
55 135
54 135
53 135
52 135
51 135
50 135
49 135
48 135
47 135
46 135
45 135
44 135
43 135
42 135
41 135
40 135
39 135
38 135
37 135
36 135
35 135
34 135
33 135
32 135
74 136
73 137
72 137
71 137
70 137
69 137
68 137
67 137
66 137
65 137
64 137
63 137
62 137
61 137
60 137
59 137
58 137
57 137
56 137
55 137
54 137
53 137
52 137
51 137
50 137
49 137
48 137
47 137
46 137
45 137
44 137
43 137
42 137
41 137
40 137
39 137
38 137
37 137
72 138
71 139
70 140
69 141
68 141
67 141
66 141
65 141
64 141
63 141
62 141
61 141
60 141
59 141
58 141
57 141
56 141
55 141
54 141
53 141
52 141
51 141
50 141
49 141
48 141
47 141
46 141
49 142
50 142
51 142
52 142
53 142
54 142
55 142
56 142
57 142
58 142
59 142
60 142
61 142
62 142
63 142
64 142
65 142
66 142
67 142
68 142
67 143
66 144
65 144
64 144
63 144
62 144
61 144
60 144
59 144
58 144
57 144
56 144
55 144
54 144
53 144
52 144
51 144
50 144
60 145
61 145
62 145
63 145
64 145
65 145
77 135
77 136
77 137
77 138
77 139
77 140
77 141
77 142
77 143
93 122
93 123
93 124
93 125
93 126
93 127
95 122
95 123
95 124
95 125
95 126
95 127
95 128
95 129
95 130
95 131
95 132
95 133
95 134
95 135
95 136
95 137
95 138
95 139
95 140
95 141
95 142
95 143
114 122
114 123
114 124
114 125
114 126
114 127
114 128
123 122
124 123
125 124
126 125
127 125
128 125
129 125
130 125
130 124
130 123
130 122
130 126
130 127
130 128
129 128
128 127
127 126
130 129
130 130
131 130
130 131
130 132
130 133
130 134
130 135
131 135
130 136
130 137
129 137
128 138
127 139
126 140
125 141
124 142
123 143
122 143
121 143
120 143
119 143
118 143
117 143
116 143
115 143
114 143
130 138
130 139
130 140
130 141
130 142
130 143
132 134
133 133
134 133
134 132
133 132
132 131
135 131
136 130
137 129
138 128
139 128
139 127
138 127
137 126
136 125
135 124
134 123
133 122
140 126
141 125
142 124
143 123
144 122
140 129
141 130
142 131
143 132
144 132
145 132
144 133
145 134
146 135
147 136
148 137
149 138
150 139
151 140
152 141
153 142
154 143
155 144
156 144
157 144
158 144
159 144
160 144
135 134
136 135
137 136
138 137
139 138
140 139
141 140
142 141
143 142
144 143
145 143
146 143
147 117
148 118
149 119
150 119
151 119
152 119
153 119
154 119
155 119
156 119
157 119
158 119
159 119
160 119
161 119
162 119
163 119
164 119
165 119
166 119
167 119
168 119
169 119
170 119
171 119
172 119
173 119
174 119
175 119
176 119
177 119
178 119
179 119
180 119
181 119
182 119
183 119
184 119
185 119
186 119
187 119
188 119
189 119
190 119
191 119
192 119
193 119
194 119
195 119
196 119
197 119
198 119
199 119
200 119
201 119
202 119
203 119
204 119
205 119
206 119
207 119
208 119
209 119
210 119
211 119
212 119
213 119
214 119
215 119
150 120
151 121
152 122
153 123
154 124
155 125
156 125
157 125
158 125
159 125
160 125
161 125
162 125
156 126
157 127
158 128
159 129
160 130
161 131
162 131
163 131
164 131
165 131
166 131
167 131
168 131
169 131
170 131
171 131
172 131
173 131
174 131
175 131
176 131
162 132
163 133
164 133
165 133
166 133
167 133
168 133
169 133
170 133
171 133
172 133
173 133
174 133
175 133
176 133
177 133
178 133
179 133
180 133
181 133
182 133
183 133
184 133
185 133
186 133
187 133
188 133
189 133
190 133
191 133
192 133
193 133
194 133
195 133
196 133
197 133
198 133
199 133
200 133
201 133
202 133
203 133
204 133
205 133
206 133
207 133
208 133
209 133
164 134
165 135
166 135
167 135
168 135
169 135
170 135
171 135
172 135
173 135
174 135
175 135
176 135
177 135
178 135
179 135
180 135
181 135
182 135
183 135
184 135
185 135
186 135
187 135
188 135
189 135
190 135
191 135
192 135
192 136
191 136
190 136
189 136
188 136
187 136
186 136
185 136
184 136
183 136
182 136
181 136
180 136
179 136
178 136
177 136
176 136
175 136
174 136
173 136
172 136
171 136
170 136
169 136
168 136
167 136
166 136
167 137
168 138
169 139
170 140
171 141
172 142
173 142
174 142
175 142
176 142
177 142
178 142
179 142
180 142
181 142
182 142
183 142
184 142
185 142
186 142
187 142
188 142
189 142
190 142
188 143
187 143
186 143
185 143
184 143
183 143
182 143
181 143
180 143
179 143
178 143
177 143
176 143
175 143
174 143
173 143
174 144
175 144
176 144
177 144
178 144
179 144
180 144
181 144
182 144
183 144
184 144
185 144
186 144
187 144
186 145
185 145
184 145
183 145
182 145
181 145
180 145
179 145
178 145
177 145
176 145
175 145
176 146
177 147
178 147
179 147
180 147
181 147
182 147
183 147
184 147
185 147
193 136
194 136
195 136
196 136
197 136
198 136
199 136
200 136
201 136
202 136
203 136
204 136
205 136
64 89
77 89
77 88
77 87
77 86
77 85
77 84
77 83
77 82
77 81
77 80
77 79
77 78
77 77
78 77
77 76
77 75
76 75
75 74
74 73
73 72
72 71
71 70
70 69
70 68
69 68
68 68
67 68
66 68
65 68
64 68
63 68
62 68
61 68
60 68
59 68
58 68
57 68
56 68
55 68
54 68
53 68
52 68
51 68
50 68
68 67
67 66
66 65
66 64
65 64
64 64
63 64
62 64
61 64
60 64
59 64
58 64
57 64
56 64
55 64
54 64
53 64
52 64
51 64
50 63
49 62
48 61
47 60
46 59
45 58
44 57
43 56
42 55
41 54
40 53
39 52
38 51
37 50
36 49
35 48
34 47
33 46
32 45
31 44
63 63
64 63
63 62
62 61
61 60
60 59
59 58
58 57
57 56
56 55
55 54
54 53
53 52
52 51
51 50
50 49
49 48
48 47
47 47
46 47
45 47
44 47
43 47
42 46
41 45
40 44
39 43
38 42
37 41
36 40
48 46
48 45
48 44
48 43
48 42
48 41
48 40
48 39
48 38
47 37
46 36
67 64
68 64
69 64
70 64
71 64
72 64
73 64
74 64
75 64
75 63
75 62
75 61
75 60
74 60
73 59
72 58
71 57
70 56
69 55
68 54
67 53
66 52
65 51
64 50
63 49
62 48
61 47
60 46
59 45
58 44
57 43
56 42
55 41
54 40
53 39
52 38
51 37
50 36
49 35
75 59
75 58
74 57
73 56
72 55
71 54
70 53
69 52
68 51
67 50
66 49
65 48
64 47
63 46
62 45
61 44
60 43
59 42
58 41
57 40
56 39
55 38
54 37
53 36
52 35
51 34
50 33
69 50
70 51
71 52
72 53
73 54
74 55
75 56
76 57
77 58
78 59
79 60
80 61
81 62
82 63
83 64
84 65
85 66
86 67
87 68
88 69
89 70
90 71
91 72
92 73
92 74
92 75
92 76
91 76
90 76
89 76
88 76
87 76
86 75
85 74
84 73
83 72
82 72
82 71
81 70
80 69
79 68
78 67
77 67
77 66
76 65
77 68
77 69
77 70
77 71
77 72
77 73
77 74
82 73
82 74
82 75
82 76
82 77
82 78
81 78
80 78
79 78
80 79
81 80
82 80
82 79
82 81
82 82
83 82
82 83
82 84
82 85
82 86
82 87
82 88
82 89
84 83
85 84
86 85
87 86
88 87
89 88
90 89
88 77
89 78
90 79
91 80
92 80
92 79
92 78
92 77
93 76
94 76
92 81
92 82
93 82
92 83
92 84
92 85
92 86
92 87
92 88
92 89
94 83
95 84
96 85
97 86
98 87
99 88
100 89
74 65
73 66
72 67
71 68
69 70
68 71
67 72
67 73
67 74
67 75
67 76
67 77
67 78
82 91
82 92
82 93
82 94
82 95
82 96
82 97
82 98
82 99
115 89
114 88
113 87
112 86
111 85
110 84
109 83
108 82
107 81
106 80
105 79
104 78
103 77
102 76
101 75
100 74
99 73
98 72
97 71
96 70
95 69
94 68
93 67
92 66
91 65
90 64
89 63
88 62
87 61
86 60
85 59
84 58
83 57
82 56
81 55
80 54
79 53
78 52
77 51
76 50
75 49
74 48
73 47
72 46
71 45
70 44
69 43
68 42
67 41
66 40
65 39
64 38
63 37
62 36
61 35
60 34
59 33
58 32
116
114 90
51 90
31 90
31 79
49 79
30 58
31 102
71 103
93 99
95 91
82 50
114 77
94 56
74 34
114 63
91 34
114 49
108 34
128 34
132 49
148 34
127 63
146 48
159 34
139 61
171 34
182 24
125 90
157 90
215 88
205 71
194 71
215 51
181 87
169 89
181 73
204 50
199 39
200 40
181 59
158 71
187 41
136 89
147 76
174 46
185 30
186 31
136 76
159 53
183 29
204 92
181 103
158 104
147 104
135 105
194 105
205 105
145 121
50 110
92 111
115 101
113 113
103 113
71 120
30 123
48 130
72 132
61 132
32 135
37 137
46 141
49 142
50 144
60 145
77 143
93 127
95 143
114 128
129 125
114 143
130 143
145 132
160 144
146 143
181 119
204 119
215 119
162 125
176 131
209 133
192 135
190 142
188 143
174 143
187 144
186 145
185 147
205 136
64 89
77 89
50 68
63 64
31 44
48 47
36 40
46 36
75 64
49 35
61 44
50 33
69 50
81 78
94 76
67 78
82 99
58 32
