3808
119 90
118 90
117 90
116 90
115 90
114 90
113 90
112 90
111 90
110 90
109 90
108 90
107 90
106 90
105 90
104 90
103 90
102 90
101 90
100 90
99 90
98 90
97 90
96 90
95 90
94 90
93 90
92 90
91 90
90 90
89 90
88 90
87 90
86 90
85 90
84 90
83 90
82 90
81 90
80 90
79 90
78 90
77 90
76 90
75 90
74 90
73 90
72 90
71 90
70 90
69 90
68 90
67 90
66 90
65 90
64 90
63 90
62 90
61 90
60 90
59 90
58 90
57 90
56 90
55 90
54 90
53 90
52 90
51 90
50 90
49 90
48 90
47 90
46 90
45 90
44 90
43 90
42 90
41 90
40 90
39 90
38 90
37 89
36 88
35 87
34 86
33 85
32 84
31 83
51 89
58 89
57 88
56 87
55 86
54 85
53 84
52 83
51 82
50 81
49 80
48 79
47 78
46 77
45 76
44 75
43 74
42 73
41 72
40 71
39 70
38 69
37 68
36 67
35 66
34 65
33 64
32 63
31 62
69 89
68 88
67 87
66 86
65 85
64 84
63 83
62 82
61 81
60 80
59 79
58 78
57 77
56 76
55 75
54 74
53 73
52 72
51 71
50 70
49 69
71 91
72 92
73 91
74 92
73 93
74 94
75 93
76 92
75 91
77 93
76 94
75 95
76 96
77 95
78 94
79 95
78 96
77 97
78 98
78 99
77 99
76 99
75 99
74 99
73 99
72 99
71 99
70 99
69 99
68 99
67 99
66 99
65 99
64 99
63 99
62 99
61 99
60 99
59 99
58 99
57 99
56 99
55 99
54 99
53 99
52 99
51 99
50 99
49 99
48 99
47 99
46 99
45 99
44 99
43 99
42 99
41 99
40 99
39 99
38 99
37 99
36 99
35 99
34 99
33 99
32 99
31 99
30 99
79 99
80 99
81 99
82 99
83 99
84 99
85 99
86 99
87 99
88 99
89 99
90 99
91 99
92 99
93 99
94 99
95 99
96 99
97 99
98 99
99 99
100 99
101 99
102 99
103 99
104 99
105 99
106 99
107 99
108 99
109 99
110 99
111 99
111 100
110 100
109 101
108 100
108 102
107 102
106 102
105 102
104 102
103 102
102 102
101 102
100 102
99 102
98 102
97 102
96 102
95 102
94 102
93 102
92 102
91 102
90 102
89 102
88 102
87 102
86 102
85 102
84 102
83 102
82 102
81 102
80 102
79 102
78 102
77 102
76 102
75 102
74 102
73 102
72 102
71 102
70 102
69 102
68 102
67 102
66 102
65 102
81 101
80 100
82 100
83 101
84 100
85 101
83 103
84 104
85 103
86 104
85 105
86 106
87 105
88 104
87 103
89 105
88 106
87 107
88 108
89 107
90 106
91 107
90 108
89 109
89 110
88 110
87 110
86 110
85 110
84 110
83 110
82 110
81 110
80 110
79 110
78 110
77 110
76 110
75 110
74 110
73 110
72 110
71 110
70 110
69 110
68 110
67 110
66 110
65 110
64 110
63 110
62 110
61 110
60 110
59 110
58 110
57 110
56 110
55 110
54 110
53 110
52 110
51 110
50 110
49 110
90 110
91 110
92 110
93 110
94 110
95 110
96 110
97 110
98 110
99 110
100 110
99 109
98 108
97 107
96 106
95 106
95 105
95 104
95 103
95 107
95 108
95 109
99 111
99 112
98 112
97 113
96 113
95 113
94 113
93 113
92 113
91 113
90 113
89 113
88 113
87 113
86 113
85 113
84 113
83 113
82 113
81 113
80 113
79 113
78 113
77 113
92 112
91 111
93 111
94 112
95 112
96 112
95 111
94 114
95 114
96 114
95 115
94 115
93 115
92 115
91 115
90 115
89 115
88 115
87 115
86 115
85 115
84 115
83 115
82 115
81 115
80 115
79 115
78 115
77 115
76 115
75 115
74 115
73 115
72 115
71 115
70 115
69 115
68 115
67 115
66 115
65 115
64 115
63 115
62 115
61 115
60 115
59 115
58 115
57 115
56 115
55 115
54 115
53 115
52 115
51 115
50 115
49 115
48 115
47 115
46 115
45 115
44 115
43 115
42 115
41 115
40 115
39 115
38 115
37 115
36 115
35 115
34 115
33 115
32 115
31 115
94 116
95 116
96 116
95 117
95 118
95 119
95 120
95 121
95 122
95 123
95 124
97 115
98 114
99 114
99 113
99 115
99 116
98 116
97 117
98 118
99 118
100 118
99 117
100 116
101 117
102 118
101 119
100 120
99 120
99 119
99 121
99 122
99 123
99 124
99 125
99 126
99 127
99 128
99 129
99 130
99 131
99 132
99 133
99 134
99 135
99 136
99 137
99 138
99 139
99 140
99 141
99 142
99 143
99 144
101 121
102 120
103 119
104 120
103 121
102 122
103 123
104 122
105 121
106 122
105 123
104 124
105 125
106 124
107 123
108 124
107 125
106 126
107 127
108 126
109 125
110 126
109 127
108 128
109 129
110 128
111 127
112 128
111 129
110 130
111 131
112 130
113 129
114 129
114 128
115 128
114 127
114 126
114 125
115 125
114 124
114 123
113 123
112 122
111 121
110 120
109 119
108 118
107 117
106 116
105 115
104 114
103 113
102 112
101 111
114 122
114 121
114 120
114 119
114 118
114 117
114 116
114 115
115 115
114 114
114 113
113 113
112 112
112 111
111 111
110 110
109 109
108 108
107 107
106 106
105 105
104 104
103 103
104 106
103 107
102 108
101 109
106 104
107 103
113 111
114 111
114 110
114 109
114 108
114 107
115 107
114 106
114 105
113 105
112 104
111 103
110 102
114 104
115 104
114 103
114 102
113 102
112 101
114 101
115 101
114 100
114 99
113 99
112 98
111 97
110 96
109 95
108 94
107 93
106 92
105 91
113 97
114 97
115 97
115 98
114 98
116 98
116 99
117 99
117 100
118 100
118 101
119 101
119 102
120 102
120 103
121 103
121 104
122 104
122 105
123 105
123 106
124 106
124 107
125 107
125 108
126 108
126 109
127 109
127 110
128 110
128 111
129 111
129 112
130 112
130 113
131 113
131 114
132 114
132 115
133 115
133 116
134 116
134 117
135 117
135 118
136 118
136 119
137 119
137 120
138 120
138 121
139 121
139 122
140 122
140 123
141 123
141 124
142 124
142 125
143 125
143 126
144 126
144 127
145 127
145 128
146 128
146 129
147 129
147 130
148 130
148 131
149 131
149 132
150 132
151 132
151 131
151 130
150 130
149 129
148 128
147 127
146 126
145 125
144 124
143 123
142 122
141 121
140 120
139 119
138 118
137 117
136 116
135 115
134 114
133 113
132 112
131 111
130 110
129 109
128 108
127 107
126 106
125 105
124 104
123 103
122 102
121 101
120 100
119 99
118 98
117 97
116 96
115 95
114 95
113 95
112 95
112 94
111 94
111 93
110 93
110 92
109 92
109 91
108 91
111 91
112 92
113 93
114 93
114 92
115 92
116 92
116 93
117 93
117 94
116 94
118 94
118 95
119 95
119 96
120 96
120 97
121 97
121 98
122 98
122 99
123 99
123 100
124 100
124 101
125 101
125 102
126 102
126 103
127 103
127 104
128 104
128 105
129 105
129 106
130 106
130 107
131 107
131 108
132 108
132 109
133 109
133 110
134 110
134 111
135 111
135 112
136 112
136 113
137 113
137 114
138 114
138 115
139 115
139 116
140 116
140 117
141 117
141 118
142 118
142 119
143 119
143 120
144 120
144 121
145 121
145 122
146 122
146 123
147 123
147 124
148 124
148 125
149 125
149 126
150 126
150 127
151 127
151 128
151 129
152 126
151 125
150 124
149 123
148 122
147 121
146 120
145 119
144 118
143 117
142 116
141 115
140 114
139 113
138 112
137 111
136 110
135 109
135 108
134 108
133 107
132 106
131 105
130 104
129 103
128 102
127 101
126 100
125 99
124 98
123 97
122 96
121 95
120 94
119 93
118 92
117 91
119 91
121 90
120 89
120 88
121 88
120 87
119 87
118 86
117 85
116 84
115 83
114 82
113 81
112 80
111 79
110 78
109 77
108 76
107 75
106 74
105 73
104 72
103 71
102 70
101 69
100 68
99 67
98 66
97 65
96 64
95 63
94 62
93 61
92 60
91 59
90 58
89 57
88 56
87 55
86 54
85 53
84 52
83 51
82 50
81 49
80 48
79 47
78 46
77 45
76 44
75 43
74 42
73 41
72 40
71 39
70 38
69 37
68 36
67 35
66 34
120 86
120 85
120 84
119 84
118 83
117 82
116 81
115 80
114 79
113 78
112 77
111 76
110 75
109 74
108 73
107 72
106 71
105 70
104 69
103 68
102 67
101 66
100 65
99 64
98 63
97 62
96 61
95 60
94 59
93 58
92 57
91 56
90 55
89 54
88 53
87 52
86 51
85 50
84 49
114 77
115 76
114 75
113 74
112 73
111 72
110 71
109 70
108 69
107 68
106 67
105 66
104 65
103 64
102 63
116 77
115 78
116 79
117 78
118 79
117 80
118 81
119 80
120 80
120 79
121 79
120 78
120 77
120 76
121 76
120 75
120 74
120 73
119 73
118 72
117 71
116 70
115 69
114 68
113 67
112 66
111 65
110 64
109 63
108 62
107 61
106 60
105 59
104 58
103 57
102 56
101 55
100 54
99 53
98 52
97 51
96 50
95 49
94 48
93 47
92 46
91 45
90 44
89 43
88 42
87 41
86 40
85 39
84 38
83 37
82 36
81 35
80 34
97 49
98 50
99 51
100 52
101 53
102 54
103 55
104 56
105 57
106 58
107 59
108 60
109 61
110 62
111 63
112 64
113 65
114 65
114 66
115 66
115 67
116 67
116 68
117 68
117 69
118 69
118 70
119 70
120 70
120 69
120 68
120 67
120 66
120 65
120 64
120 63
120 62
120 61
120 60
120 59
119 59
118 58
117 57
116 56
115 55
114 54
113 53
112 52
111 51
110 50
109 49
108 48
107 47
106 46
105 45
104 44
103 43
102 42
101 41
100 40
99 39
98 38
97 37
96 36
95 35
94 34
120 58
120 57
120 56
120 55
121 55
120 54
119 54
118 53
117 52
116 51
115 50
114 49
120 53
120 52
120 51
120 50
120 49
120 48
119 48
118 47
117 46
116 45
115 44
114 43
113 42
112 41
111 40
110 39
109 38
108 37
107 36
106 35
105 34
120 47
120 46
120 45
120 44
120 43
120 42
121 42
120 41
120 40
120 39
120 38
119 37
118 36
117 35
116 34
122 41
123 40
124 39
125 38
126 37
127 36
128 35
129 34
122 54
123 53
124 52
125 51
126 50
127 49
128 48
129 47
130 46
131 45
132 44
133 43
134 42
135 41
136 40
137 39
138 38
139 37
140 36
141 35
142 34
120 71
119 71
120 72
121 71
122 70
123 69
124 68
125 67
126 66
127 65
128 64
129 63
130 62
131 61
132 60
133 59
134 58
135 57
136 56
122 75
123 74
124 73
125 72
126 71
127 70
128 69
129 68
130 67
131 66
132 65
133 64
134 63
135 62
136 61
137 60
138 59
139 58
140 57
141 56
142 55
143 54
144 53
145 52
146 51
147 50
148 49
149 48
150 47
151 46
152 45
153 44
154 43
155 42
156 41
157 40
158 39
159 38
160 37
161 36
162 35
163 34
122 78
123 77
124 76
125 75
126 74
127 73
128 72
129 71
130 70
131 69
132 68
133 67
134 66
135 65
136 64
137 63
138 62
139 61
140 60
141 59
142 58
143 57
144 56
145 55
146 54
147 53
120 81
120 82
119 82
120 83
122 87
123 86
124 85
125 84
126 83
127 82
128 81
129 80
130 79
131 78
132 77
133 76
134 75
135 74
136 75
135 76
134 77
133 78
132 79
131 80
130 81
129 82
128 83
127 84
126 85
125 86
124 87
123 88
122 89
122 90
123 90
124 90
125 90
126 90
127 90
128 90
129 90
130 90
131 90
132 90
133 90
134 90
135 90
136 90
137 90
138 90
139 90
140 90
141 90
142 90
143 90
144 90
145 90
146 90
147 90
148 90
149 90
150 90
151 90
152 90
153 90
154 90
155 90
156 90
157 90
158 90
159 90
160 90
161 90
162 90
163 90
164 90
165 90
166 90
167 90
168 90
169 90
170 90
171 90
172 90
173 90
174 90
175 90
176 90
177 90
178 90
179 90
180 90
181 90
182 90
183 90
184 90
185 90
186 90
187 90
188 90
189 90
190 90
190 89
191 89
191 88
192 88
192 87
193 87
193 86
194 86
194 85
195 85
196 84
197 83
198 82
199 81
200 80
201 79
202 78
203 77
204 76
205 75
188 89
187 89
188 88
189 87
190 86
191 85
192 84
193 83
194 82
195 81
196 80
197 79
198 78
199 77
200 76
201 75
202 74
203 73
204 72
205 71
206 70
207 69
208 68
209 67
210 66
211 65
212 64
213 63
174 89
173 89
172 89
174 88
175 88
175 87
176 87
176 86
177 86
177 85
178 85
178 84
179 84
179 83
180 83
180 82
181 82
181 81
182 81
182 80
183 80
183 79
184 79
184 78
185 78
185 77
186 77
186 76
187 76
187 75
188 75
188 74
189 74
189 73
190 73
190 72
191 72
191 71
192 71
192 70
193 70
193 69
194 69
194 68
195 68
195 67
196 67
196 66
197 66
197 65
198 65
198 64
199 64
199 63
200 62
201 61
202 60
203 59
204 58
205 57
206 56
207 55
208 54
209 53
210 52
211 51
212 50
213 49
214 48
215 47
169 89
168 88
167 89
169 87
170 86
171 85
172 84
173 83
174 82
175 81
176 80
177 79
178 78
179 77
180 76
181 75
182 74
183 73
184 72
185 71
186 70
187 69
188 68
189 67
190 66
191 65
192 64
193 63
194 62
195 61
196 60
197 59
198 58
199 57
200 56
201 55
202 54
203 53
204 52
181 77
180 78
179 79
178 80
177 81
176 82
175 83
174 84
173 85
172 86
171 87
170 88
157 89
156 88
155 88
155 89
154 89
153 88
152 89
154 87
155 86
156 85
157 84
158 83
159 82
160 81
161 80
162 79
163 78
164 77
165 76
166 75
167 74
168 75
169 75
169 74
170 74
170 73
171 73
171 72
172 72
172 71
173 71
173 70
174 70
174 69
175 69
175 68
176 68
176 67
177 67
177 66
178 66
178 65
179 65
179 64
180 64
180 63
181 63
181 62
182 62
183 61
184 60
185 59
186 58
187 57
188 56
189 55
190 54
191 53
192 52
193 51
194 52
193 53
192 54
191 55
190 56
189 57
188 58
187 59
186 60
185 61
184 62
183 63
182 64
181 65
180 66
179 67
178 68
177 69
176 70
175 71
174 72
173 73
172 74
171 75
170 76
169 77
168 76
167 76
167 77
166 77
166 78
165 78
165 79
164 79
164 80
163 80
163 81
162 81
162 82
161 82
161 83
160 83
160 84
159 84
159 85
158 85
158 86
157 86
157 87
156 87
158 88
159 87
160 86
161 85
162 84
163 83
164 82
165 81
166 80
167 79
168 78
195 51
196 50
197 49
198 48
199 47
200 46
201 45
202 44
203 43
204 42
205 41
145 89
144 88
143 89
145 87
146 86
147 85
148 84
149 83
150 82
151 81
152 82
151 83
150 84
149 85
148 86
147 87
146 88
153 81
154 80
155 79
156 78
157 77
158 76
159 75
160 74
161 73
162 72
163 71
164 70
165 69
166 68
167 67
168 66
169 65
170 64
171 63
172 62
173 61
174 60
175 59
176 58
177 57
178 56
179 55
180 54
181 53
182 52
183 51
184 50
185 49
186 48
187 47
188 46
189 45
190 44
191 43
192 42
193 41
194 40
140 89
139 88
138 87
137 86
136 87
135 88
134 89
136 89
137 89
138 89
137 88
138 85
139 84
140 83
141 82
142 81
143 80
144 79
145 78
146 77
147 76
148 75
149 74
150 73
151 72
152 71
153 70
154 69
155 68
156 67
157 66
158 65
159 64
160 63
161 62
162 61
163 60
164 59
165 58
166 57
167 56
168 55
169 54
170 53
171 52
172 51
173 50
174 49
175 48
176 47
177 46
178 45
179 44
180 43
181 42
182 41
183 40
184 39
185 38
186 37
187 36
188 35
155 70
154 71
153 72
152 73
151 74
150 75
149 76
148 77
147 78
146 79
145 80
144 81
143 82
142 83
141 84
140 85
139 86
140 87
141 86
142 85
143 84
144 83
145 82
146 81
147 80
148 79
149 78
150 77
151 76
152 75
153 74
154 73
155 72
156 71
157 70
158 69
159 68
160 67
161 66
162 65
163 64
164 63
165 62
166 61
167 60
168 59
169 58
170 57
171 56
172 55
173 54
174 53
175 52
176 51
177 50
178 49
179 48
180 47
181 46
182 45
183 44
184 43
185 42
186 41
187 40
188 39
189 38
190 37
191 36
181 48
180 49
179 50
178 51
177 52
176 53
175 54
174 55
173 56
172 57
171 58
170 59
169 60
168 61
167 62
166 63
165 64
164 65
163 66
162 67
161 68
160 69
159 70
158 71
157 72
156 73
155 74
154 75
153 76
152 77
151 78
150 79
149 80
148 81
147 82
146 83
145 84
144 85
143 86
142 87
141 88
130 89
131 88
132 87
133 86
134 85
135 84
136 83
137 82
138 81
139 80
140 79
141 78
142 77
143 76
144 75
145 74
146 73
147 72
148 71
149 70
150 69
151 68
152 67
153 66
154 65
155 64
156 63
157 62
158 61
159 60
160 59
161 58
162 57
163 56
164 55
165 54
166 53
167 52
168 51
169 50
170 49
171 48
172 47
173 46
174 45
175 44
176 43
177 42
178 41
179 40
180 39
181 38
182 37
183 36
184 35
185 34
186 33
187 32
125 89
121 91
122 92
123 93
124 94
125 95
126 96
127 96
128 96
129 96
130 96
131 96
132 96
133 96
134 96
135 96
136 96
137 96
138 96
139 96
140 96
141 96
142 96
143 96
144 96
145 96
146 96
147 96
148 96
149 96
150 96
151 96
152 96
153 96
154 96
155 96
156 96
157 96
158 96
159 96
160 96
161 96
162 96
163 96
164 96
165 96
166 96
167 96
168 96
169 96
170 96
171 96
172 96
173 96
174 96
175 96
176 96
177 96
178 96
179 96
180 96
181 96
182 96
183 96
184 96
185 96
186 96
187 96
188 96
189 96
190 96
191 96
192 96
193 96
194 96
195 96
196 96
197 96
198 96
199 96
200 96
201 96
202 96
203 96
204 96
205 96
194 97
193 97
192 97
191 97
190 97
189 97
188 97
187 97
186 97
185 97
184 97
183 97
182 97
181 97
180 97
179 97
178 97
177 97
176 97
175 97
174 97
173 97
172 97
171 97
170 97
169 97
168 97
167 97
166 97
165 97
164 97
163 97
162 97
161 97
160 97
159 97
158 97
157 97
156 97
155 97
154 97
153 97
152 97
151 97
150 97
149 97
148 97
147 97
146 97
145 97
144 97
143 97
142 97
141 97
140 97
139 97
138 97
137 97
136 97
135 97
134 97
133 97
132 97
131 97
130 97
129 97
128 97
127 97
128 98
129 99
130 100
131 101
132 101
133 101
134 101
135 101
136 101
137 101
138 101
139 101
140 101
141 101
142 101
143 101
144 101
145 101
146 101
147 101
148 101
149 101
150 101
151 101
152 101
153 101
154 101
155 101
156 101
157 101
158 101
159 101
160 101
161 101
162 101
163 101
164 101
165 101
166 101
167 101
168 101
169 101
170 101
171 101
172 101
173 101
174 101
175 101
176 101
177 101
178 101
179 101
180 101
181 101
132 102
133 103
134 104
135 104
136 104
137 104
138 104
139 104
140 104
141 104
142 104
143 104
144 104
145 104
146 104
147 104
148 104
149 104
150 104
151 104
152 104
153 104
154 104
155 104
156 104
157 104
158 104
135 105
136 106
137 107
136 108
138 108
139 109
140 109
141 109
142 109
143 109
144 109
145 109
146 109
147 109
148 109
149 109
150 109
151 109
152 109
153 109
154 109
155 109
156 109
157 109
158 109
159 109
160 109
161 109
162 109
163 109
164 109
165 109
166 109
167 109
168 109
169 109
170 109
171 109
172 109
173 109
174 109
175 109
176 109
177 109
178 109
179 109
180 109
181 109
182 109
183 109
184 109
185 109
186 109
187 109
188 109
189 109
190 109
191 109
192 109
193 109
194 109
195 109
196 109
197 109
198 109
199 109
200 109
201 109
202 109
203 109
204 109
140 110
141 111
142 112
143 113
144 114
145 114
146 114
147 114
148 114
149 114
150 114
151 114
152 114
153 114
154 114
155 114
156 114
157 114
158 114
159 114
160 114
161 114
162 114
163 114
164 114
165 114
166 114
167 114
168 114
169 114
170 114
171 114
172 114
173 114
174 114
175 114
176 114
177 114
178 114
179 114
180 114
181 114
181 115
180 115
179 115
178 115
177 115
176 115
175 115
174 115
173 115
172 115
171 115
170 115
169 115
168 115
167 115
166 115
165 115
164 115
163 115
162 115
161 115
160 115
159 115
158 115
157 115
156 115
155 115
154 115
153 115
152 115
151 115
150 115
149 115
148 115
147 115
146 115
145 115
146 116
147 117
148 118
149 118
150 118
151 118
152 118
153 118
154 118
155 118
156 118
157 118
158 118
159 118
160 118
161 118
162 118
163 118
164 118
165 118
166 118
167 118
149 119
150 120
151 121
152 121
153 121
154 121
155 121
156 121
156 122
155 122
154 122
153 122
152 122
153 123
154 124
155 125
156 126
157 127
158 127
159 127
160 127
161 127
162 127
163 127
164 127
165 127
166 127
167 127
168 127
169 127
170 127
171 127
172 127
173 127
174 127
175 127
176 127
177 127
178 127
179 127
180 127
181 127
158 128
159 129
160 130
161 131
162 132
163 132
164 132
165 132
163 133
164 134
165 134
166 134
167 134
168 134
169 134
170 134
171 134
172 134
173 134
174 134
175 134
176 134
177 134
178 134
179 134
180 134
181 134
182 134
183 134
184 134
185 134
186 134
187 134
188 134
189 134
190 134
191 134
192 134
193 134
194 134
195 134
196 134
197 134
198 134
199 134
200 134
201 134
202 134
203 134
204 134
205 134
206 134
207 134
208 134
209 134
210 134
211 134
212 134
197 135
196 135
195 135
194 135
193 135
192 135
191 135
190 135
189 135
188 135
187 135
186 135
185 135
184 135
183 135
182 135
181 135
180 135
179 135
178 135
177 135
176 135
175 135
174 135
173 135
172 135
171 135
170 135
169 135
168 135
167 135
166 135
165 135
166 136
167 137
168 138
169 139
170 139
171 139
172 139
173 139
174 139
175 139
176 139
177 139
178 139
179 139
180 139
181 139
182 139
183 139
184 139
185 139
186 139
187 139
188 139
189 139
190 139
191 139
192 139
193 139
194 139
170 140
171 141
172 141
173 141
174 141
175 141
176 141
177 141
178 141
179 141
180 141
181 141
182 141
183 141
184 141
185 141
186 141
172 142
173 143
174 144
175 145
176 146
177 147
178 147
179 147
180 147
181 147
182 147
183 147
184 147
185 147
178 148
179 149
180 149
181 149
182 149
183 149
180 150
181 151
182 152
157 122
158 122
159 122
160 122
161 122
162 122
163 122
164 122
165 122
166 122
167 122
168 122
169 122
170 122
171 122
172 122
173 122
174 122
175 122
176 122
177 122
178 122
179 122
180 122
181 122
182 122
183 122
184 122
185 122
186 122
187 122
188 122
189 122
190 122
191 122
192 122
193 122
194 122
195 122
196 122
197 122
198 122
199 122
200 122
201 122
202 122
203 122
204 122
182 115
183 115
184 115
185 115
186 115
187 115
188 115
189 115
190 115
191 115
192 115
193 115
194 115
195 115
196 115
197 115
198 115
199 115
200 115
201 115
202 115
203 115
204 115
205 115
206 115
207 115
208 115
209 115
210 115
211 115
212 115
213 115
214 115
215 115
137 74
138 73
139 72
140 71
141 70
142 69
143 68
144 67
145 66
146 65
147 64
148 63
149 62
150 61
151 60
152 59
153 58
154 57
155 56
156 55
157 54
158 53
159 52
160 51
161 50
162 49
163 48
164 47
165 46
166 45
167 44
168 43
169 42
170 41
171 40
172 39
173 38
174 37
175 36
176 35
177 34
178 33
179 32
180 31
153 127
154 128
155 129
156 130
157 131
158 132
159 133
160 134
161 135
162 136
163 137
164 138
165 139
166 140
167 141
168 142
169 143
170 144
171 145
115 91
114 91
114 94
113 96
114 96
151 133
150 133
151 134
151 135
151 136
150 136
149 135
148 134
147 133
146 132
145 131
144 130
143 129
142 128
141 127
140 126
139 125
138 124
137 123
136 122
135 121
134 120
133 119
132 118
131 117
130 116
129 115
128 114
127 113
126 112
125 111
124 110
123 109
122 108
121 107
120 106
119 105
118 104
117 103
116 102
151 137
151 138
151 139
150 139
149 139
149 138
148 138
148 137
147 137
147 136
146 136
146 135
145 135
145 134
144 134
144 133
143 133
143 132
142 132
142 131
141 131
141 130
140 130
140 129
139 129
139 128
138 128
138 127
137 127
137 126
136 126
136 125
135 124
134 123
133 122
132 121
131 120
130 119
129 118
128 117
127 116
126 115
125 114
124 113
123 112
122 111
121 110
120 109
119 108
118 107
117 106
116 105
135 127
134 126
133 125
132 124
131 123
130 122
129 121
128 120
127 119
126 118
125 117
124 116
123 115
122 114
121 113
120 112
119 111
118 110
117 109
116 108
136 128
137 129
138 130
139 131
140 132
141 133
142 134
143 135
144 136
145 137
146 138
147 139
148 140
149 141
150 140
151 140
151 141
151 142
150 142
151 143
151 144
150 144
149 144
148 144
147 144
146 144
145 144
144 144
143 144
142 144
141 144
140 144
139 144
138 144
137 144
136 144
135 144
134 144
133 144
132 144
131 144
130 144
129 144
128 144
127 144
126 144
125 144
124 144
123 143
122 142
121 141
120 140
119 139
118 138
117 137
116 136
115 135
114 135
114 134
114 133
113 133
112 132
113 131
114 131
115 131
114 130
114 132
115 133
116 132
117 133
116 134
117 135
118 134
119 135
118 136
119 137
120 136
121 137
120 138
121 139
122 138
123 139
122 140
123 141
124 140
125 141
124 142
125 143
126 142
127 143
114 136
114 137
114 138
114 139
114 140
114 141
114 142
114 143
130 143
129 142
128 141
127 140
126 139
125 138
124 137
123 136
122 135
121 134
120 133
119 132
118 131
117 130
116 129
133 143
132 142
131 141
130 140
129 139
128 138
127 137
126 136
125 135
124 134
123 133
122 132
121 131
120 130
119 129
118 128
117 127
116 126
143 143
142 142
141 141
140 140
139 139
138 138
137 137
136 136
135 135
134 134
133 133
132 132
131 131
130 130
129 129
128 128
127 127
126 126
125 125
124 124
123 123
122 122
121 121
120 120
119 119
118 118
117 117
116 116
114 112
93 117
92 118
91 119
90 120
89 121
88 122
87 123
86 124
85 125
85 126
84 126
83 127
82 128
81 128
80 128
79 128
78 128
77 128
76 128
75 128
74 128
73 128
72 128
71 128
70 128
69 128
68 128
81 129
80 130
79 130
78 130
77 130
76 130
75 130
74 130
73 130
72 130
71 130
70 130
69 130
68 130
67 130
66 130
65 130
64 130
63 130
62 130
61 130
60 130
59 130
58 130
57 130
56 130
55 130
54 130
53 130
52 130
51 130
50 130
49 130
48 130
48 131
47 131
46 131
45 131
44 131
43 131
42 131
41 131
40 131
39 131
38 131
37 131
36 131
35 131
34 131
33 131
32 131
31 131
30 131
49 131
50 131
51 131
52 131
53 131
54 131
55 131
56 131
57 131
58 131
59 131
60 131
61 131
62 131
63 131
64 131
65 131
66 131
67 131
68 131
69 131
70 131
71 131
72 131
73 131
74 131
75 131
76 131
77 131
78 131
79 131
78 132
77 133
76 134
75 135
74 136
73 136
72 136
71 136
70 136
69 136
68 136
67 136
66 136
65 136
64 136
63 136
62 136
61 136
60 136
59 136
58 136
57 136
56 136
55 136
54 136
53 136
52 136
51 136
50 136
49 136
48 136
47 136
46 136
45 136
44 136
43 136
42 136
41 136
40 136
39 136
38 136
37 136
36 136
35 136
37 137
38 137
39 137
40 137
41 137
42 137
43 137
44 137
45 137
46 137
47 137
48 137
49 137
50 137
51 137
52 137
53 137
54 137
55 137
56 137
57 137
58 137
59 137
60 137
61 137
62 137
63 137
64 137
65 137
66 137
67 137
68 137
69 137
70 137
71 137
72 137
73 137
72 138
71 139
70 140
69 141
68 141
67 141
66 141
65 141
64 141
63 141
62 141
61 141
60 141
59 141
58 141
57 141
56 141
55 141
54 141
53 141
52 141
51 141
50 141
49 141
48 141
47 141
48 142
49 142
50 142
51 142
52 142
53 142
54 142
55 142
56 142
57 142
58 142
59 142
60 142
61 142
62 142
63 142
64 142
65 142
66 142
67 142
68 142
67 143
66 143
65 143
64 143
63 143
62 143
61 143
60 143
59 143
58 143
57 143
56 143
55 143
54 143
53 143
52 143
65 144
66 144
65 145
64 146
63 147
62 147
61 147
60 147
59 147
58 147
57 147
56 147
55 147
54 147
53 147
54 148
55 148
56 148
57 148
58 148
59 148
60 148
61 148
62 148
85 127
85 128
85 129
85 130
85 131
85 132
85 133
85 134
85 135
85 136
85 137
85 138
85 139
85 140
85 141
85 142
85 143
85 144
93 109
92 108
91 109
95 101
95 100
101 101
100 100
109 98
108 97
107 96
106 95
105 94
104 93
103 92
102 91
106 98
105 97
104 96
103 95
102 94
101 93
100 92
99 91
98 98
97 97
96 96
95 96
95 95
95 94
94 94
93 93
92 92
91 91
95 93
95 92
95 91
95 97
95 98
82 98
81 97
80 96
79 97
80 98
73 89
72 88
71 87
70 86
69 85
68 84
67 83
66 82
65 81
64 80
63 79
62 78
61 77
60 76
59 75
58 74
57 73
56 72
55 71
54 70
53 69
52 68
51 67
50 66
49 65
48 64
47 63
46 62
45 61
44 60
43 59
42 58
41 57
40 56
39 55
38 54
37 53
36 52
35 51
34 50
33 49
32 48
31 47
30 46
89 89
88 88
87 87
86 86
85 85
84 84
83 83
82 82
81 81
80 80
79 79
78 78
78 77
77 77
76 76
75 75
74 74
73 73
72 72
71 71
70 71
70 70
69 69
68 68
67 67
66 66
65 65
64 64
63 63
62 62
61 61
60 60
59 59
58 58
57 57
56 56
55 55
54 54
53 53
52 52
51 51
50 50
49 49
48 48
47 48
46 48
45 48
44 48
43 48
42 48
41 47
40 46
39 45
38 44
37 43
36 42
35 41
79 77
80 77
81 77
82 77
83 77
84 76
83 75
82 74
81 73
80 72
79 71
78 70
77 69
76 68
75 67
74 66
73 65
72 64
71 63
70 62
69 61
68 60
67 59
66 58
65 57
64 56
63 55
62 54
61 53
60 52
59 51
58 50
57 49
56 48
55 47
54 46
53 45
52 44
51 43
50 42
49 41
48 40
47 39
46 38
45 37
85 77
86 78
87 79
88 80
89 81
90 82
91 83
92 84
93 85
94 86
95 86
95 85
96 85
95 84
95 83
94 83
93 82
92 81
91 80
90 79
89 78
88 77
87 76
86 75
85 74
84 73
83 72
82 71
81 70
80 69
79 68
78 67
77 66
76 65
75 64
74 63
73 62
72 61
71 60
70 59
69 58
68 57
67 56
66 55
65 54
64 53
63 52
62 51
61 50
60 49
59 48
58 47
57 46
56 45
55 44
54 43
53 42
52 41
51 40
50 39
49 38
48 37
47 36
95 82
95 81
95 80
95 79
96 79
97 79
97 80
98 80
98 81
99 81
99 82
100 82
100 83
101 83
101 84
102 84
102 85
103 85
103 86
104 86
104 87
105 87
105 88
106 88
106 89
107 89
108 88
107 87
106 86
105 85
104 84
103 83
102 82
101 81
100 80
99 79
98 78
97 77
96 78
95 78
95 77
94 77
94 76
93 76
93 75
92 75
92 74
91 74
91 73
90 73
90 72
89 72
89 71
88 71
88 70
87 70
87 69
86 69
86 68
85 68
85 67
84 67
84 66
83 66
83 65
82 65
82 64
81 64
81 63
80 63
80 62
79 62
79 61
78 61
78 60
77 60
77 59
76 59
76 58
75 58
75 57
74 57
74 56
73 56
73 55
72 55
72 54
71 54
71 53
70 53
70 52
69 51
68 50
67 49
66 48
65 47
64 46
63 45
62 44
61 43
60 42
59 41
58 40
57 39
56 38
55 37
54 36
53 35
52 34
95 76
95 75
95 74
95 73
96 73
95 72
95 71
94 71
93 70
92 69
91 68
90 67
89 66
88 65
87 64
86 63
85 62
84 61
83 60
82 59
81 58
80 57
79 56
78 55
77 54
76 53
75 52
74 51
73 50
72 49
71 48
70 47
69 46
68 45
67 44
66 43
65 42
64 41
63 40
62 39
61 38
60 37
59 36
58 35
57 34
56 33
55 32
54 31
53 30
95 70
96 70
95 69
94 68
93 67
92 66
91 65
90 64
89 63
89 62
88 61
87 60
86 59
85 58
84 57
83 56
82 55
81 54
80 53
79 52
78 51
77 50
76 49
75 48
74 47
73 46
72 45
71 44
70 43
69 42
68 41
67 40
66 39
65 38
64 37
63 36
62 35
61 34
60 33
59 32
58 31
57 30
56 29
55 28
97 71
98 72
99 73
100 74
101 75
102 76
103 77
104 78
105 79
106 80
107 81
108 82
109 83
110 84
111 85
112 86
113 87
114 88
114 89
115 89
97 74
98 75
99 76
100 77
101 78
102 79
103 80
104 81
105 82
106 83
107 84
108 85
109 86
110 87
111 88
112 89
109 89
97 86
98 87
99 88
100 89
95 87
95 88
96 88
95 89
97 89
103 89
115
114 90
92 90
72 90
31 83
51 89
31 62
49 69
30 99
65 102
80 100
49 110
95 105
77 113
64 115
31 115
95 124
99 144
114 127
114 111
66 34
84 49
114 77
102 63
80 34
97 49
114 65
94 34
114 49
105 34
116 34
129 34
142 34
136 56
163 34
147 53
135 74
158 90
194 85
205 75
188 89
213 63
172 89
199 64
215 47
204 52
181 77
167 74
181 62
193 51
205 41
151 81
194 40
137 89
188 35
155 70
191 36
181 48
187 32
125 89
205 96
194 97
181 101
147 104
158 104
136 108
204 109
181 114
167 118
156 121
181 127
165 132
212 134
197 135
194 139
186 141
185 147
183 149
182 152
204 122
215 115
158 53
180 31
171 145
151 133
136 126
151 144
133 144
114 143
82 128
68 128
48 130
30 131
35 136
37 137
47 141
48 142
52 143
65 144
53 147
54 148
85 144
30 46
70 71
48 48
35 41
83 77
45 37
47 36
97 77
70 53
52 34
53 30
89 63
55 28
103 89
