1108
119 90
118 90
117 89
116 88
115 87
114 86
114 85
114 84
114 83
114 82
114 81
114 80
114 79
114 78
114 77
114 76
114 75
115 74
115 73
114 73
113 73
112 73
111 73
110 73
109 73
108 73
107 73
106 73
105 73
104 72
103 71
102 71
101 71
100 71
99 71
98 71
97 71
96 71
95 71
94 71
93 71
92 71
103 70
103 69
103 68
103 67
103 66
104 66
105 65
106 64
107 63
108 62
109 61
110 60
111 59
112 58
113 57
114 56
115 55
115 54
115 53
115 52
115 51
115 50
115 49
115 48
114 48
113 47
112 46
111 45
110 44
109 43
108 42
107 41
106 40
105 39
104 38
103 37
102 36
101 35
100 34
99 34
98 34
97 34
96 34
95 34
94 34
93 34
92 34
91 34
90 34
89 34
88 34
87 34
86 34
85 34
84 34
83 34
82 34
81 34
80 34
79 34
78 35
77 36
76 37
75 38
74 39
73 40
72 41
72 42
72 43
72 44
72 45
72 46
72 47
72 48
72 49
72 50
71 51
70 52
69 53
68 54
67 54
66 54
65 54
64 54
63 54
62 54
61 54
60 54
59 54
58 54
57 54
56 54
55 54
54 54
53 54
52 53
51 52
50 51
49 50
48 50
48 49
47 49
46 49
45 49
44 49
43 49
42 48
41 47
40 46
39 45
38 44
37 43
36 42
35 41
34 42
33 43
32 44
31 45
30 46
29 47
29 48
29 49
29 50
29 51
29 52
48 48
48 47
48 46
48 45
48 44
48 43
48 42
48 41
48 40
48 39
48 38
49 38
50 38
51 38
52 38
53 38
54 38
55 38
56 37
57 36
58 35
59 34
48 51
48 52
48 53
48 54
48 55
48 56
48 57
48 58
48 59
48 60
47 61
46 62
45 63
44 64
43 65
42 66
41 67
40 68
39 69
38 70
37 71
36 72
35 73
34 73
33 73
32 73
31 73
30 73
29 73
49 61
50 62
50 63
50 64
50 65
50 66
50 67
50 68
50 69
50 70
50 71
62 55
63 56
64 57
65 58
66 59
67 60
68 61
69 62
70 63
71 64
71 65
71 66
71 67
71 68
71 69
71 70
71 71
115 47
115 46
115 45
115 44
115 43
115 42
115 41
115 40
116 39
117 38
118 37
119 36
120 35
121 34
102 65
101 64
100 63
99 62
98 61
97 60
96 59
95 58
94 57
93 56
116 73
119 91
118 92
117 93
116 94
116 95
116 96
116 97
116 98
116 99
116 100
116 101
116 102
115 103
114 103
113 103
112 103
111 103
110 103
109 103
108 103
107 103
106 103
105 103
104 103
103 103
102 102
101 101
100 100
99 99
98 98
97 97
96 96
95 95
94 94
93 93
102 104
101 105
100 106
99 107
98 108
97 108
96 108
95 108
94 108
93 108
92 108
93 109
93 110
93 111
93 112
93 113
93 114
93 115
93 116
93 117
93 118
93 119
93 120
93 121
93 122
93 123
92 123
91 123
90 123
89 123
88 123
87 123
86 123
85 123
84 123
83 123
82 123
81 123
80 123
79 123
78 123
77 123
76 123
75 123
74 123
73 123
72 123
71 123
70 124
69 125
68 126
67 127
66 128
65 129
64 130
63 131
62 132
61 133
60 134
59 135
58 136
57 137
56 138
55 139
55 140
55 141
55 142
55 143
54 143
53 143
52 143
51 142
50 141
49 140
48 139
47 139
46 139
45 139
44 139
43 139
42 139
41 139
40 139
39 139
38 139
37 138
36 137
36 136
36 135
36 134
36 133
36 132
35 131
34 130
33 129
32 128
31 127
31 126
31 125
31 124
31 123
31 122
31 121
31 120
31 119
31 118
31 117
30 116
29 115
48 138
48 137
48 136
48 135
48 134
48 133
48 132
48 131
48 130
48 129
48 128
48 127
48 126
48 125
48 124
48 123
48 122
48 121
48 120
48 119
48 118
48 117
48 116
48 115
48 114
48 113
49 113
47 112
46 111
45 110
44 109
43 108
42 107
41 106
40 105
39 104
38 103
37 102
36 101
35 100
34 99
33 98
32 97
31 96
30 95
29 94
56 144
57 145
58 145
59 145
60 145
61 145
62 145
63 145
64 145
65 145
66 145
67 145
68 145
69 145
70 145
71 145
72 145
73 145
74 145
75 145
76 145
77 145
78 145
79 145
80 145
81 145
82 145
83 145
84 145
85 145
86 145
87 145
88 145
89 145
90 145
91 145
92 145
93 145
94 145
82 122
82 121
82 120
82 119
81 118
80 117
79 116
78 115
77 114
76 113
75 112
74 111
73 110
72 109
71 108
70 108
69 108
68 108
67 108
66 107
65 106
64 105
63 104
62 103
61 102
60 101
59 100
58 99
57 98
56 97
55 96
54 95
53 94
52 93
51 92
71 107
71 106
71 105
71 104
71 103
71 102
71 101
71 100
71 99
71 98
71 97
71 96
71 95
71 94
72 93
104 104
105 105
106 106
107 107
108 108
109 109
110 110
111 111
112 112
113 113
114 114
115 115
115 116
115 117
115 118
115 119
115 120
115 121
115 122
121 91
122 91
123 91
124 91
125 91
126 91
127 91
128 91
129 91
130 91
131 91
132 91
133 91
134 91
135 91
136 91
137 91
138 91
139 91
140 91
141 91
142 91
143 91
144 91
145 90
146 89
147 88
148 87
149 86
149 85
149 84
149 83
149 82
149 81
149 80
150 79
151 78
152 77
153 76
154 75
155 74
156 73
157 72
157 71
156 71
155 71
154 71
153 71
152 71
151 71
150 71
149 71
148 71
147 71
146 71
145 71
144 71
143 71
142 71
141 71
140 71
139 71
138 71
137 71
136 71
147 70
147 69
147 68
147 67
146 66
145 65
144 64
143 63
142 62
141 61
140 60
139 59
138 58
137 57
136 56
158 71
158 70
158 69
158 68
158 67
158 66
158 65
158 64
158 63
158 62
158 61
158 60
158 59
158 58
158 57
158 56
157 56
159 56
160 56
161 56
162 56
163 56
164 56
165 56
166 55
167 54
168 53
169 53
170 53
171 53
172 53
173 53
174 53
175 53
176 53
177 52
178 51
179 50
180 49
181 48
182 47
183 46
184 45
185 45
186 45
187 45
188 45
189 45
190 45
191 45
192 45
193 44
194 43
195 42
196 41
197 41
198 41
199 41
200 41
201 41
202 41
203 41
204 41
205 41
206 41
207 41
197 42
198 43
199 44
200 45
201 46
202 47
203 48
204 49
205 50
205 51
205 52
204 53
203 54
202 55
201 56
200 57
199 58
198 58
197 58
196 58
195 58
194 58
195 59
196 60
197 61
198 62
199 63
200 64
201 65
202 66
203 67
204 68
204 69
204 70
204 71
204 72
204 73
205 73
206 73
207 73
208 73
209 73
210 73
211 73
212 73
213 73
214 73
215 73
184 44
184 43
184 42
184 41
184 40
184 39
184 38
183 37
182 36
181 35
180 34
179 34
178 34
177 34
176 34
175 34
174 34
173 34
172 34
171 34
170 34
169 34
168 34
167 34
166 34
165 34
164 34
163 34
162 34
161 34
160 34
159 34
158 34
157 34
156 34
155 34
154 34
153 34
152 34
151 34
150 34
149 34
148 34
147 34
146 34
145 34
144 34
143 34
142 34
169 54
170 55
171 56
172 57
173 58
174 59
175 60
176 61
177 62
178 63
179 64
180 65
181 66
150 87
151 88
152 88
153 88
154 88
155 88
156 88
157 88
158 88
159 88
160 88
136 92
137 93
138 94
139 95
140 96
141 97
142 98
143 99
144 100
145 101
146 102
147 103
147 104
146 105
145 106
144 107
143 108
142 108
141 108
140 108
139 108
138 108
137 108
136 108
136 109
136 110
136 111
136 112
136 113
136 114
136 115
136 116
136 117
136 118
136 119
136 120
136 121
136 122
136 123
135 124
134 125
133 126
132 127
131 128
130 129
129 130
128 131
127 132
126 133
125 134
124 135
123 136
122 137
121 138
120 139
119 140
118 141
117 142
116 143
115 143
148 105
149 106
150 107
151 108
152 108
153 108
154 108
155 108
156 108
157 108
158 108
157 109
157 110
157 111
157 112
157 113
157 114
157 115
157 116
157 117
157 118
157 119
157 120
157 121
157 122
157 123
158 124
159 125
160 126
161 127
162 127
163 127
164 127
165 127
166 127
167 127
168 127
167 128
166 129
165 130
164 131
163 132
162 133
161 134
160 135
159 136
158 137
157 138
157 139
157 140
157 141
157 142
157 143
157 144
157 145
156 145
155 145
154 145
153 145
152 145
151 145
150 145
149 145
148 145
147 145
146 145
145 145
144 145
143 145
142 145
141 145
140 145
139 145
138 145
137 145
136 145
169 128
170 129
171 129
172 129
173 129
174 129
175 129
176 129
177 129
178 129
179 129
180 129
181 129
182 130
183 131
184 132
185 133
186 134
187 135
188 136
189 137
190 138
191 138
192 138
192 137
193 136
194 135
195 134
196 133
197 132
198 131
199 130
200 129
201 128
202 127
203 127
204 127
205 127
206 127
207 127
208 127
209 127
210 127
211 127
212 127
213 127
214 127
202 126
202 125
202 124
202 123
202 122
202 121
202 120
202 119
202 118
203 117
204 116
204 115
203 115
202 115
201 115
200 115
199 114
198 113
197 112
196 111
195 110
194 109
193 109
192 109
191 109
190 109
189 109
188 109
187 109
186 109
185 109
184 109
183 109
182 109
181 108
181 107
182 106
183 105
184 104
185 103
186 102
187 101
188 100
189 99
190 98
191 97
192 96
193 95
193 94
192 94
191 94
190 94
189 94
188 94
187 93
186 92
185 91
184 90
183 89
182 88
181 87
194 94
195 94
196 94
197 94
198 94
199 94
200 94
201 94
202 94
203 94
204 94
205 94
205 115
191 139
190 140
189 141
189 142
188 143
187 143
186 143
185 143
184 143
183 143
182 143
181 143
180 143
179 143
178 143
83
114 86
103 71
92 71
115 55
100 34
79 34
72 50
61 54
48 49
35 41
29 52
48 38
59 34
48 60
29 73
50 71
71 71
121 34
93 56
116 73
116 102
103 103
93 93
92 108
93 123
82 123
71 123
55 143
48 139
36 137
31 127
29 115
48 128
49 113
29 94
73 145
94 145
71 108
51 92
72 93
115 122
135 91
149 86
147 71
136 71
136 56
158 71
157 56
168 53
172 53
184 45
196 41
207 41
205 52
194 58
204 73
215 73
180 34
163 34
142 34
181 66
160 88
147 104
136 108
136 123
115 143
158 108
157 123
168 127
157 145
136 145
181 129
192 138
202 127
214 127
194 109
181 108
181 87
194 94
205 94
205 115
189 142
178 143
