3167
119 90
118 90
117 90
116 90
115 90
114 90
113 90
112 90
111 90
110 90
109 90
108 90
107 90
106 90
105 90
104 90
103 90
102 90
101 90
100 90
99 90
98 90
97 90
96 90
95 90
94 90
93 90
92 90
91 90
90 90
89 90
88 90
87 90
86 90
85 90
84 90
83 90
82 90
81 90
80 90
79 90
78 90
77 90
76 90
75 90
74 90
73 90
72 90
71 90
70 90
69 90
68 90
67 90
66 90
65 90
64 90
63 90
62 90
61 90
60 90
59 90
58 90
57 90
56 90
55 90
54 90
53 90
52 90
51 90
50 90
49 90
48 90
47 90
46 90
45 90
44 90
43 90
42 89
41 88
40 87
39 86
38 85
37 84
36 83
35 82
34 81
33 80
32 79
31 78
51 89
61 89
62 89
61 88
60 88
60 87
59 87
59 86
58 86
58 85
57 85
57 84
56 84
56 83
55 83
55 82
54 82
54 81
53 81
53 80
52 80
52 79
51 79
51 78
50 78
50 77
49 76
48 75
47 74
46 73
45 72
44 71
43 70
42 69
41 68
40 67
39 66
38 65
37 64
36 63
35 62
34 61
33 60
32 59
31 58
30 57
63 91
64 91
64 92
65 92
65 93
66 93
66 94
65 94
64 94
63 94
62 94
61 94
60 94
59 94
58 94
57 94
56 94
55 94
54 94
53 94
52 94
51 94
50 94
49 94
48 94
47 94
46 94
45 94
44 94
43 94
42 94
41 94
40 94
39 94
38 94
37 94
36 94
35 94
34 94
33 94
32 94
31 94
30 94
67 94
68 94
69 94
70 94
71 94
72 94
73 94
74 94
75 94
76 94
77 94
78 94
79 94
80 94
81 94
82 94
83 94
84 94
85 94
86 94
87 94
88 94
89 94
90 94
91 94
92 94
93 94
94 94
95 94
96 94
97 94
98 94
99 94
100 94
101 94
102 94
103 94
104 94
105 94
106 94
107 94
108 94
109 94
110 94
111 94
112 94
113 94
114 94
115 94
116 94
115 95
114 95
114 96
114 97
113 97
112 98
111 99
110 100
109 101
108 102
107 103
106 103
106 104
105 104
104 104
103 104
102 104
101 104
100 104
99 104
98 104
97 104
96 104
95 104
94 104
93 104
92 104
91 104
90 104
89 104
88 104
87 104
86 104
85 104
84 104
83 104
82 104
81 104
80 104
79 104
78 104
77 104
76 104
75 104
74 104
73 104
72 104
71 104
70 104
69 104
68 104
67 104
66 104
75 103
76 103
75 102
74 102
74 101
73 101
73 100
72 100
72 99
71 99
71 98
70 98
70 97
69 97
69 96
68 96
68 95
67 95
77 105
78 105
78 106
79 106
79 107
80 107
80 108
81 108
81 109
82 109
82 110
81 110
80 110
79 110
78 110
77 110
76 110
75 110
74 110
73 110
72 110
71 110
70 110
69 110
68 110
67 110
66 110
65 110
64 110
63 110
62 110
61 110
60 110
59 110
58 110
57 110
56 110
55 110
54 110
53 110
52 110
51 110
50 110
49 110
48 110
47 110
46 110
45 110
44 110
43 110
42 110
41 110
40 110
39 110
38 110
37 110
36 110
35 110
34 110
33 110
32 110
31 110
83 110
84 110
85 110
86 110
87 110
88 110
89 110
90 110
91 110
92 110
93 110
94 110
95 110
96 110
97 110
98 110
99 110
100 110
99 111
98 112
97 112
97 111
97 113
97 114
96 114
95 115
94 115
93 115
92 115
91 115
90 115
89 115
88 115
87 115
86 115
85 115
84 115
83 115
82 115
81 115
80 115
79 115
78 115
77 115
76 115
75 115
74 115
73 115
72 115
71 115
70 115
69 115
68 115
67 115
66 115
65 115
86 114
87 114
86 113
85 113
85 112
84 112
84 111
83 111
88 116
89 116
89 117
88 117
87 117
86 117
85 117
84 117
83 117
82 117
81 117
90 117
91 117
92 117
93 117
93 118
92 118
91 118
90 118
91 119
92 119
93 119
93 120
92 120
93 121
94 121
95 121
96 121
97 121
98 121
99 121
100 121
101 121
102 121
103 121
104 121
105 121
106 121
107 121
108 121
109 121
110 121
111 121
112 121
113 121
114 121
115 121
116 121
117 121
118 121
119 121
120 121
121 121
122 121
123 121
124 121
125 121
126 121
127 121
128 121
129 121
130 121
131 121
132 121
133 121
134 121
135 121
136 121
137 121
138 121
139 121
140 121
141 121
142 121
143 121
144 121
145 121
146 121
147 121
148 121
148 120
148 119
149 119
148 118
147 118
147 117
146 117
146 116
145 116
145 115
144 115
144 114
143 114
143 113
142 113
142 112
141 112
141 111
140 111
140 110
139 110
139 109
138 109
138 108
137 108
137 107
136 107
136 106
135 106
135 105
134 105
134 104
133 104
133 103
132 103
132 102
131 102
131 101
130 101
130 100
129 100
129 99
128 99
128 98
127 98
127 97
126 97
126 96
125 96
125 95
124 95
124 94
123 94
123 93
122 93
122 92
121 92
121 91
120 91
119 91
118 92
117 93
121 90
120 89
121 89
120 88
119 88
118 87
117 86
116 85
115 84
114 83
113 82
112 81
111 80
110 79
109 78
108 77
107 76
106 75
105 74
104 73
103 72
102 71
101 70
100 69
99 68
98 67
97 66
96 65
95 64
94 63
93 62
92 61
91 60
90 59
89 58
88 57
87 56
86 55
85 54
84 53
83 52
82 51
81 50
80 49
79 48
78 47
77 46
76 45
75 44
74 43
73 42
72 41
71 40
70 39
69 38
68 37
67 36
66 35
65 34
64 33
63 32
62 31
61 30
93 64
94 65
95 66
96 67
97 68
97 69
98 69
97 70
97 71
97 72
97 73
97 74
97 75
97 76
97 77
97 78
97 79
97 80
97 81
97 82
97 83
97 84
97 85
97 86
97 87
97 88
97 89
96 89
95 89
94 89
93 89
92 89
91 88
90 87
89 86
88 85
87 84
86 83
85 82
84 81
83 80
82 79
81 79
81 78
82 78
83 78
84 78
85 78
86 78
87 78
88 78
89 78
90 78
91 78
92 78
93 78
80 77
79 76
78 76
78 75
77 75
77 74
76 74
76 73
75 73
75 72
74 72
74 71
73 71
72 71
72 70
71 70
71 69
70 69
69 69
68 69
67 69
66 69
65 69
64 69
63 69
62 69
61 69
60 69
59 69
58 69
57 69
56 69
55 69
54 69
53 69
52 69
51 68
50 67
58 68
57 67
56 66
55 65
54 64
53 63
52 62
51 61
50 60
49 59
48 58
47 57
46 56
45 55
44 54
43 53
42 52
41 51
40 50
39 49
38 48
37 47
36 46
35 45
34 44
33 43
63 68
64 68
63 67
62 67
62 66
61 66
61 65
60 64
59 63
58 62
57 61
56 60
55 59
54 58
53 57
52 56
51 55
50 54
49 53
48 52
47 51
46 50
45 49
44 48
43 47
42 46
41 45
40 44
39 43
38 42
37 41
36 40
70 68
69 67
68 66
67 65
66 64
65 63
64 62
63 61
62 60
61 59
60 58
59 57
58 56
57 55
56 54
55 53
54 52
53 51
52 50
51 49
50 48
49 47
48 46
72 69
72 68
72 67
72 66
72 65
72 64
72 63
72 62
72 61
72 60
72 59
72 58
71 58
70 57
69 56
68 55
67 54
66 53
65 52
64 51
63 50
62 49
61 48
60 47
59 46
58 45
57 44
56 43
55 42
54 41
53 40
52 39
51 38
50 37
49 36
48 35
72 57
72 56
72 55
72 54
71 54
70 53
69 52
68 51
67 50
66 49
65 48
64 47
63 46
62 45
61 44
60 43
59 42
58 41
57 40
56 39
55 38
54 37
53 36
52 35
51 34
72 53
72 52
72 51
71 51
71 50
70 50
70 49
69 49
69 48
68 48
68 47
67 47
67 46
66 46
66 45
65 45
65 44
64 44
64 43
63 43
63 42
62 41
61 40
60 39
59 38
58 37
57 36
56 35
55 34
54 33
53 32
52 31
73 70
70 71
69 72
68 73
67 74
66 75
65 76
64 77
64 78
64 79
64 80
72 72
72 73
72 74
72 75
72 76
72 77
72 78
72 79
72 80
72 81
72 82
72 83
72 84
72 85
72 86
72 87
72 88
72 89
78 77
78 78
78 79
78 80
81 80
81 81
81 82
81 83
81 84
81 85
81 86
81 87
81 88
81 89
98 89
99 89
100 89
101 89
102 89
103 89
104 89
105 89
106 89
107 89
108 89
109 89
110 89
111 89
112 89
113 89
114 89
114 88
114 87
114 86
115 86
114 85
113 84
112 83
111 82
110 81
109 80
108 79
107 78
106 77
105 76
104 75
103 74
102 73
101 72
100 71
99 70
116 87
117 88
118 89
120 87
120 86
120 85
120 84
120 83
119 83
118 82
117 81
116 80
115 79
114 78
113 77
112 76
111 75
110 74
109 73
108 72
107 71
106 70
105 69
104 68
103 67
102 66
101 65
100 64
99 63
98 62
97 61
96 60
95 59
94 58
93 57
92 56
91 55
90 54
89 53
88 52
87 51
86 50
120 82
121 82
122 82
122 81
123 81
123 80
124 80
124 79
125 79
125 78
126 78
126 77
127 77
127 76
128 76
128 75
129 75
129 74
130 74
130 73
131 72
132 71
133 70
134 69
135 68
136 67
137 66
138 65
139 64
140 63
141 62
142 61
143 60
144 59
145 58
146 57
147 56
148 55
149 54
150 53
151 52
152 51
153 50
154 49
155 48
156 47
157 46
158 45
159 44
160 43
161 42
162 41
163 40
164 39
165 38
166 37
167 36
168 35
169 34
170 33
121 83
120 81
120 80
119 80
118 79
117 78
116 77
115 76
114 75
120 79
120 78
121 78
120 77
120 76
120 75
120 74
119 74
118 73
117 72
116 71
115 70
114 69
113 68
112 67
111 66
110 65
109 64
108 63
107 62
106 61
105 60
104 59
103 58
102 57
101 56
100 55
99 54
98 53
97 52
96 51
95 50
94 49
93 48
92 47
91 46
90 45
89 44
88 43
87 42
86 41
85 40
84 39
83 38
82 37
81 36
80 35
79 34
120 73
120 72
121 72
120 71
120 70
120 69
120 68
119 68
118 67
117 66
116 65
115 64
114 63
113 62
112 61
111 60
110 59
109 58
108 57
107 56
106 55
105 54
104 53
103 52
102 51
101 50
100 49
114 61
115 62
116 63
117 64
118 65
119 66
120 66
120 65
120 64
121 64
121 63
120 63
120 62
120 61
120 60
120 59
120 58
120 57
120 56
120 55
120 54
119 54
118 53
117 52
116 51
115 50
114 49
113 48
112 47
111 46
110 45
109 44
108 43
107 42
106 41
105 40
104 39
103 38
102 37
101 36
100 35
99 34
114 47
115 48
116 49
117 50
118 51
119 52
120 52
120 51
120 50
120 49
120 48
121 48
120 47
120 46
120 45
120 44
120 43
120 42
120 41
120 40
120 39
120 38
120 37
120 36
120 35
119 34
122 47
123 46
124 45
125 44
126 43
127 42
128 41
129 40
130 39
131 38
132 37
133 36
134 35
135 34
120 53
122 63
122 62
123 62
123 61
124 61
124 60
125 60
125 59
126 59
126 58
127 58
127 57
128 57
128 56
129 56
129 55
130 55
130 54
131 54
131 53
132 53
132 52
133 52
133 51
134 50
135 49
136 48
137 47
138 46
139 45
140 44
141 43
142 42
143 41
144 40
145 39
146 38
147 37
148 36
149 35
150 34
120 67
122 71
123 70
124 69
125 68
126 67
127 66
128 65
129 64
130 63
122 77
123 76
124 75
125 74
126 73
127 72
128 71
129 70
130 69
131 68
132 67
133 66
134 65
135 64
136 63
137 62
138 61
139 60
140 59
141 58
142 57
143 56
144 55
145 54
146 53
147 52
122 88
123 87
124 86
125 85
126 84
127 83
128 82
129 81
130 80
131 79
132 78
133 77
134 76
135 75
136 74
137 73
138 72
139 71
140 70
141 69
142 68
143 67
144 66
145 65
146 64
147 63
148 62
149 61
150 60
151 59
152 58
153 57
154 56
155 55
156 54
157 53
158 52
159 51
160 50
161 49
162 48
163 47
164 46
165 45
166 44
167 43
168 42
169 41
170 40
171 39
172 38
173 37
174 36
175 35
176 34
177 33
178 32
179 31
180 30
181 29
182 28
122 90
123 90
124 90
125 90
126 90
127 90
128 90
129 90
130 90
131 90
132 90
133 90
134 90
135 90
136 90
137 90
138 90
139 90
140 90
141 90
142 90
143 90
144 90
145 90
146 90
147 90
148 90
149 90
150 90
151 90
152 90
153 90
154 90
155 90
156 90
157 90
158 90
159 90
160 90
161 90
162 90
163 90
164 90
165 90
166 90
167 90
168 90
169 90
170 90
171 90
172 90
173 90
174 90
175 90
176 90
177 90
178 90
179 90
180 90
181 90
182 90
183 90
184 90
185 90
186 90
187 90
188 90
189 90
190 90
191 90
192 90
193 90
194 90
195 90
196 90
197 90
198 90
199 90
200 90
201 90
202 90
203 90
204 90
205 90
206 90
207 90
208 90
209 90
210 90
211 90
212 89
213 88
214 87
215 86
200 89
199 88
198 89
200 87
201 86
202 85
203 84
204 83
205 84
204 85
203 86
202 87
201 88
206 83
207 82
208 81
209 80
210 79
211 78
212 77
213 76
214 75
215 74
189 89
190 88
191 87
192 86
193 85
194 84
195 83
196 82
197 81
198 80
199 79
200 78
201 77
202 76
203 75
204 74
205 73
206 72
207 71
208 70
209 69
210 68
211 67
212 66
213 65
214 64
215 63
182 89
183 88
184 87
185 86
186 85
187 84
188 83
189 82
190 81
191 80
192 79
193 78
194 77
195 76
196 75
197 74
198 73
199 72
200 71
201 70
202 69
203 68
204 67
181 91
180 91
179 91
178 91
177 91
176 91
175 91
174 91
173 91
172 91
171 91
170 91
169 91
168 91
167 91
166 91
165 91
164 91
163 91
162 91
161 91
160 91
159 91
158 91
157 91
156 91
155 91
154 91
153 91
152 91
151 91
150 91
149 91
148 91
147 91
146 91
145 91
144 91
143 91
142 91
141 91
140 91
139 91
138 91
137 91
136 91
135 91
134 91
133 91
132 91
131 91
130 91
129 91
128 91
127 91
126 91
125 91
124 91
123 91
122 91
168 89
167 88
166 89
168 87
169 86
170 85
171 84
172 83
173 82
174 81
175 80
176 79
177 78
178 77
179 76
180 75
181 74
182 75
181 76
180 77
179 78
178 79
177 80
176 81
175 82
174 83
173 84
172 85
171 86
170 87
169 88
183 74
184 73
185 72
186 71
187 70
188 69
189 68
190 67
191 66
192 65
193 64
194 63
195 62
196 61
197 60
198 59
199 58
200 57
201 56
202 55
203 54
204 53
205 52
158 89
157 89
156 88
155 88
155 89
154 89
156 87
157 87
157 86
158 86
158 85
159 85
159 84
160 84
160 83
161 83
161 82
162 82
162 81
163 81
163 80
164 80
164 79
165 79
165 78
166 78
166 77
167 77
167 76
168 76
168 75
169 75
169 74
170 74
170 73
171 73
171 72
172 72
172 71
173 71
173 70
174 70
174 69
175 69
175 68
176 68
176 67
177 67
177 66
178 66
178 65
179 65
179 64
180 64
180 63
181 63
181 62
182 61
183 60
184 59
185 58
186 57
187 56
188 55
189 54
190 53
191 52
192 51
182 64
183 64
183 63
184 63
184 62
185 62
185 61
186 61
186 60
187 60
187 59
188 59
188 58
189 58
189 57
190 57
190 56
191 56
191 55
192 55
192 54
193 54
193 53
194 53
194 52
195 51
196 50
197 49
198 48
199 47
200 46
201 45
202 44
203 43
204 42
205 41
182 65
181 65
181 66
180 66
180 67
179 67
179 68
178 68
178 69
177 69
177 70
176 70
176 71
175 71
175 72
174 72
174 73
173 73
173 74
172 74
172 75
171 75
171 76
170 76
170 77
169 77
169 78
168 78
168 79
167 79
167 80
166 80
166 81
165 81
165 82
164 82
164 83
163 83
163 84
162 84
162 85
161 85
161 86
160 86
160 87
159 87
159 88
158 88
149 89
150 88
151 87
152 86
153 85
154 84
155 83
156 82
157 81
158 80
159 79
160 78
161 77
162 76
163 75
164 74
165 73
166 72
167 71
168 70
169 69
170 68
171 67
172 66
173 65
174 64
175 63
176 62
177 61
178 60
179 59
180 58
181 57
182 56
183 55
184 54
185 53
186 52
187 51
188 50
189 49
190 48
191 47
192 46
193 45
194 44
195 43
196 42
197 41
198 40
147 89
146 89
145 88
144 89
146 87
147 86
148 85
149 84
150 83
151 82
152 81
153 80
154 79
155 78
156 77
157 76
158 75
159 74
160 73
161 72
162 71
163 70
164 69
165 68
166 67
167 66
168 65
169 64
170 63
171 62
172 61
173 60
174 59
175 58
176 57
177 56
178 55
179 54
180 53
181 52
182 51
183 50
184 49
185 48
186 47
187 46
188 45
189 44
190 43
191 42
192 41
193 40
194 39
195 38
162 73
161 74
160 75
159 76
158 77
157 78
156 79
155 80
154 81
153 82
152 83
151 84
150 85
149 86
148 87
147 88
137 89
138 88
139 87
140 86
141 85
142 84
143 83
144 82
145 81
146 80
134 89
135 88
136 87
137 86
138 85
139 84
140 83
141 82
142 81
143 80
144 79
145 78
146 77
147 76
148 75
149 74
150 73
151 72
152 71
153 70
154 69
155 68
156 67
157 66
158 65
159 64
160 63
161 62
162 61
163 60
164 59
165 58
166 57
167 56
168 55
169 54
170 53
171 52
172 51
173 50
174 49
175 48
176 47
177 46
178 45
179 44
180 43
181 42
182 41
183 40
184 39
185 38
186 37
131 89
126 89
125 88
124 89
126 87
127 86
128 85
129 84
130 83
131 82
132 81
133 80
134 79
135 78
136 77
137 76
138 75
139 74
140 73
141 72
142 71
143 70
144 69
145 68
146 69
145 70
144 71
143 72
142 73
141 74
140 75
139 76
138 77
137 78
136 79
135 80
134 81
133 82
132 83
131 84
130 85
129 86
128 87
127 88
147 68
148 67
149 66
150 65
151 64
152 63
153 62
154 61
155 60
156 59
157 58
158 57
159 56
160 55
161 54
162 53
163 52
164 51
165 50
166 49
167 48
168 47
169 46
170 45
171 44
172 43
173 42
174 41
175 40
176 39
177 38
178 37
179 36
180 35
181 34
182 33
183 32
184 31
185 30
130 99
131 99
132 99
133 99
134 99
135 99
136 99
137 99
138 99
139 99
140 99
141 99
142 99
143 99
144 99
145 99
146 99
147 99
148 99
149 99
150 99
151 99
152 99
153 99
154 99
155 99
156 99
157 99
158 99
159 99
160 99
161 99
162 99
163 99
164 99
165 99
166 99
167 99
168 99
169 99
170 99
171 99
172 99
173 99
174 99
175 99
176 99
177 99
178 99
179 99
180 99
181 99
182 99
183 99
184 99
185 99
186 99
187 99
188 99
189 99
190 99
191 99
192 99
193 99
194 99
195 99
196 99
197 99
198 99
199 99
200 99
201 99
202 99
203 99
204 99
205 99
194 100
193 100
192 100
191 100
190 100
189 100
188 100
187 100
186 100
185 100
184 100
183 100
182 100
181 100
180 100
179 100
178 100
177 100
176 100
175 100
174 100
173 100
172 100
171 100
170 100
169 100
168 100
167 100
166 100
165 100
164 100
163 100
162 100
161 100
160 100
159 100
158 100
157 100
156 100
155 100
154 100
153 100
152 100
151 100
150 100
149 100
148 100
147 100
146 100
145 100
144 100
143 100
142 100
141 100
140 100
139 100
138 100
137 100
136 100
135 100
134 100
133 100
132 100
131 100
135 104
136 104
137 104
138 104
139 104
140 104
141 104
142 104
143 104
144 104
145 104
146 104
147 104
148 104
148 105
147 105
146 105
145 105
144 105
143 105
142 105
141 105
140 105
139 105
138 105
137 105
136 105
149 105
150 105
151 105
152 105
153 105
154 105
155 105
156 105
157 105
158 105
159 105
160 105
161 105
140 109
141 109
142 109
143 109
144 109
145 109
146 109
147 109
148 109
149 109
150 109
151 109
152 109
153 109
154 109
155 109
156 109
157 109
158 109
159 109
160 109
161 109
162 109
163 109
164 109
165 109
166 109
167 109
168 109
169 109
170 109
171 109
172 109
173 109
174 109
175 109
176 109
177 109
178 109
179 109
180 109
181 109
146 115
147 115
148 115
149 115
150 115
151 115
152 115
153 115
154 115
155 115
156 115
157 115
158 115
159 115
160 115
161 115
162 115
163 115
164 115
165 115
166 115
167 115
168 115
169 115
170 115
171 115
172 115
173 115
174 115
175 115
176 115
177 115
178 115
179 115
180 115
181 115
182 115
183 115
184 115
185 115
186 115
187 115
188 115
189 115
190 115
191 115
192 115
193 115
194 115
195 115
196 115
197 115
198 115
199 115
200 115
201 115
202 115
203 115
204 115
205 115
206 115
207 115
208 115
209 115
210 115
211 115
212 115
213 115
214 115
215 115
204 116
203 116
202 116
201 116
200 116
199 116
198 116
197 116
196 116
195 116
194 116
193 116
192 116
191 116
190 116
189 116
188 116
187 116
186 116
185 116
184 116
183 116
182 116
181 116
180 116
179 116
178 116
177 116
176 116
175 116
174 116
173 116
172 116
171 116
170 116
169 116
168 116
167 116
166 116
165 116
164 116
163 116
162 116
161 116
160 116
159 116
158 116
157 116
156 116
155 116
154 116
153 116
152 116
151 116
150 116
149 116
148 116
147 116
150 120
151 121
152 122
153 123
154 124
155 125
156 125
157 125
158 125
159 125
160 125
161 125
162 125
163 125
156 126
157 127
158 128
159 129
160 130
161 130
162 130
163 130
164 130
165 130
166 130
167 130
168 130
169 130
170 130
171 130
172 130
173 130
174 130
175 130
176 130
177 130
178 130
179 130
180 130
181 130
181 131
180 131
179 131
178 131
177 131
176 131
175 131
174 131
173 131
172 131
171 131
170 131
169 131
168 131
167 131
166 131
165 131
164 131
163 131
162 131
161 131
162 132
163 132
164 132
165 132
166 132
167 132
168 132
169 132
170 132
171 132
172 132
173 132
174 132
175 132
176 132
177 132
178 132
179 132
180 132
181 132
182 132
183 132
184 132
185 132
186 132
187 132
188 132
189 132
190 132
191 132
192 132
193 132
194 132
195 132
196 132
197 132
198 132
198 131
197 131
196 131
195 131
194 131
193 131
192 131
191 131
190 131
189 131
188 131
187 131
186 131
185 131
184 131
183 131
182 131
199 131
200 131
201 131
202 131
203 131
204 131
205 131
206 131
207 131
208 131
209 131
210 131
211 131
212 131
163 133
164 134
165 135
166 135
166 136
167 137
168 138
169 139
170 139
171 139
172 139
173 139
174 139
175 139
176 139
177 139
178 139
179 139
180 139
181 139
182 139
183 139
184 139
185 139
186 139
187 139
188 139
189 139
190 139
191 139
192 139
193 139
194 139
170 140
171 141
172 141
173 141
174 141
175 141
176 141
177 141
178 141
179 141
180 141
181 141
182 141
183 141
184 141
185 141
186 141
187 141
188 141
189 141
190 141
191 141
189 142
188 142
187 142
186 142
185 142
184 142
183 142
182 142
181 142
180 142
179 142
178 142
177 142
176 142
175 142
174 142
173 142
172 142
173 143
174 144
175 144
176 144
177 144
178 144
179 144
180 144
181 144
182 144
183 144
184 144
175 145
176 146
177 147
178 148
179 149
180 150
181 151
182 151
125 122
126 123
127 124
128 125
129 125
130 125
131 125
132 125
129 126
130 127
131 128
132 129
133 130
133 131
134 131
133 132
133 133
133 134
133 135
133 136
133 137
133 138
133 139
133 140
133 141
133 142
133 143
133 144
135 132
136 133
137 133
138 133
139 133
140 133
141 133
142 133
143 133
144 133
145 133
146 133
147 133
148 133
137 134
138 135
139 136
140 137
141 138
142 139
143 140
144 141
145 142
146 143
147 144
148 144
149 144
150 144
151 144
152 144
148 145
149 146
150 147
151 147
152 147
153 147
154 147
155 147
156 147
157 147
158 147
159 147
160 147
161 147
162 147
163 147
164 147
165 147
166 147
167 147
168 147
169 147
170 147
123 120
122 119
121 118
120 117
119 116
118 115
117 114
116 113
115 112
114 112
114 111
114 110
113 110
112 109
111 108
110 107
110 106
109 106
108 105
107 104
111 106
112 106
113 106
114 106
114 105
114 104
114 103
114 102
114 101
114 100
114 99
114 98
114 107
114 108
114 109
114 113
114 114
114 115
114 116
114 117
114 118
114 119
114 120
114 122
114 123
114 124
114 125
114 126
114 127
114 128
114 129
114 130
114 131
114 132
114 133
114 134
114 135
114 136
114 137
114 138
114 139
114 140
114 141
114 142
114 143
97 120
97 119
97 118
97 117
97 116
97 115
97 122
97 123
97 124
97 125
97 126
93 122
93 123
93 124
93 125
93 126
93 127
93 128
93 129
93 130
93 131
93 132
93 133
93 134
93 135
93 136
93 137
93 138
93 139
93 140
93 141
93 142
93 143
93 144
90 120
89 121
88 122
87 123
86 124
85 125
84 126
83 127
82 127
81 127
80 127
79 127
78 127
77 127
76 127
75 127
74 127
73 127
72 127
71 127
70 127
69 127
68 127
67 127
66 127
66 128
65 128
64 128
63 128
62 128
61 128
60 128
59 128
58 128
57 128
56 128
55 128
54 128
53 128
52 128
51 128
50 128
49 128
48 128
47 128
46 128
45 128
44 128
43 128
42 128
41 128
40 128
39 128
38 128
37 128
36 128
35 128
34 128
33 128
32 128
31 128
30 128
67 128
68 128
69 128
70 128
71 128
72 128
73 128
74 128
75 128
76 128
77 128
78 128
79 128
80 128
81 128
82 128
81 129
81 130
80 130
79 131
78 131
77 131
76 131
75 131
74 131
73 131
72 131
71 131
70 131
69 131
68 131
67 131
66 131
65 131
64 131
63 131
62 131
61 131
60 131
59 131
58 131
57 131
56 131
55 131
54 131
53 131
52 131
51 131
50 131
49 131
48 131
78 132
77 133
76 134
75 135
74 136
73 136
72 136
71 136
70 136
69 136
68 136
67 136
66 136
65 136
64 136
63 136
62 136
61 136
60 136
59 136
58 136
57 136
56 136
55 136
54 136
53 136
52 136
51 136
50 136
49 136
48 136
47 136
46 136
45 136
44 136
43 136
42 136
41 136
40 136
39 136
38 136
37 136
36 136
35 136
37 137
38 137
39 137
40 137
41 137
42 137
43 137
44 137
45 137
46 137
47 137
48 137
49 137
50 137
51 137
52 137
53 137
54 137
55 137
56 137
57 137
58 137
59 137
60 137
61 137
62 137
63 137
64 137
65 137
66 137
67 137
68 137
69 137
70 137
71 137
72 137
73 137
72 138
71 139
70 140
69 141
69 142
68 142
67 142
66 142
65 142
64 142
63 142
62 142
61 142
60 142
59 142
58 142
57 142
56 142
55 142
54 142
53 142
52 142
51 142
50 142
49 142
48 142
49 143
50 143
51 143
52 143
53 143
54 143
55 143
56 143
57 143
58 143
59 143
60 143
61 143
62 143
63 143
64 143
65 143
66 143
67 143
66 144
65 144
64 144
63 144
62 144
61 144
60 144
59 144
58 144
57 144
56 144
55 144
54 144
53 144
52 144
51 144
50 144
55 145
56 145
57 145
58 145
59 145
60 145
61 145
62 145
63 145
64 145
65 145
69 143
69 144
81 131
81 132
81 133
81 134
81 135
81 136
81 137
81 138
81 139
81 140
81 141
81 142
81 143
81 144
94 116
101 109
102 108
103 107
104 106
105 105
97 109
97 108
97 107
97 106
97 105
97 103
97 102
97 101
97 100
97 99
97 98
97 97
97 96
97 95
98 95
99 96
100 97
101 98
102 99
103 100
104 101
105 102
114 93
114 92
114 91
97 93
96 93
95 92
94 91
97 92
97 91
81 93
81 92
81 91
81 95
81 96
81 97
81 98
81 99
81 100
81 101
81 102
113
93 90
72 90
31 78
51 89
50 78
30 57
30 94
66 104
50 110
31 110
65 115
81 117
148 121
134 105
61 30
93 64
93 78
50 67
33 43
61 66
36 40
48 46
72 69
48 35
69 52
51 34
63 43
52 31
64 80
78 80
114 89
86 50
130 74
170 33
114 75
79 34
100 49
114 61
99 34
114 47
119 34
135 34
133 52
150 34
130 63
147 52
166 44
182 28
164 90
215 86
204 83
215 74
215 63
204 67
181 91
181 74
205 52
181 63
192 51
194 53
205 41
198 40
147 89
181 52
195 38
162 73
146 80
186 37
131 89
145 68
161 54
185 30
205 99
194 100
148 104
161 105
181 109
215 115
204 116
163 125
181 130
198 132
212 131
166 135
194 139
191 141
189 142
184 144
182 151
132 125
133 144
148 133
152 144
170 147
114 106
114 122
114 143
97 126
93 144
66 127
30 128
48 131
35 136
37 137
48 142
49 143
50 144
55 145
69 144
81 131
81 144
97 105
81 102
