1138
119 90
120 89
120 88
120 87
121 86
122 85
123 84
124 83
125 82
126 81
127 80
128 79
129 78
130 77
131 77
132 77
133 77
134 77
135 77
136 77
137 77
138 77
139 77
140 77
141 76
142 75
143 74
144 73
145 72
146 71
147 71
148 71
149 71
150 71
151 71
152 71
153 71
154 71
155 71
156 71
157 71
158 71
159 71
160 71
146 70
146 69
146 68
146 67
146 66
145 65
144 64
143 63
142 62
141 61
140 60
139 59
138 58
137 57
137 56
136 56
138 56
139 56
140 56
141 56
142 56
143 56
144 56
145 56
146 55
147 54
147 53
147 52
147 51
146 51
145 50
144 49
143 48
142 47
141 46
140 45
139 44
138 43
137 42
136 41
135 40
134 39
133 38
132 37
131 36
130 35
129 34
147 50
147 49
147 48
147 47
147 46
147 45
147 44
147 43
147 42
147 41
147 40
147 39
147 38
147 37
148 36
149 35
150 34
148 55
149 56
150 56
151 56
152 56
153 56
154 56
155 56
156 56
157 56
158 56
119 91
118 92
117 93
116 94
115 95
115 96
115 97
115 98
115 99
115 100
115 101
115 102
115 103
115 104
115 105
115 106
115 107
114 107
113 107
112 107
111 107
110 107
109 107
108 107
107 107
106 107
105 107
104 106
103 105
102 106
101 107
100 108
99 108
98 108
97 108
96 108
95 108
94 108
93 108
92 108
93 109
93 110
93 111
93 112
93 113
93 114
93 115
93 116
93 117
93 118
93 119
93 120
93 121
93 122
93 123
92 124
91 125
90 126
89 126
88 126
87 126
86 126
85 126
84 126
83 126
82 126
81 126
80 126
79 126
78 126
77 126
76 126
75 126
74 126
73 125
72 124
71 123
71 122
71 121
71 120
71 119
71 118
71 117
71 116
71 115
71 114
71 113
71 112
71 111
71 110
71 109
71 108
71 107
71 106
71 105
71 104
71 103
71 102
71 101
71 100
71 99
71 98
71 97
71 96
71 95
71 94
72 93
73 93
74 93
75 93
76 93
77 93
78 93
79 93
80 93
81 92
82 91
83 90
84 90
85 90
86 90
87 90
88 90
89 90
90 90
91 89
92 88
93 87
94 86
94 85
94 84
94 83
94 82
94 81
94 80
94 79
94 78
94 77
94 76
94 75
94 74
94 73
94 72
93 71
92 71
91 71
90 71
89 71
88 71
87 71
86 71
85 71
84 71
83 71
82 71
81 71
80 71
79 71
78 71
77 71
76 71
75 71
74 71
73 71
72 71
71 71
82 70
82 69
82 68
82 67
82 66
81 65
80 64
79 63
78 62
77 61
76 60
75 59
74 58
73 57
72 56
71 56
70 56
69 56
68 56
67 56
66 56
65 56
64 56
63 55
62 54
61 53
60 53
59 53
58 53
57 53
56 53
55 53
54 53
53 53
52 53
51 53
50 52
49 51
48 50
48 49
48 48
48 47
48 46
48 45
47 44
46 43
45 42
44 41
43 40
43 39
42 39
41 40
40 41
39 41
38 41
37 41
36 41
35 41
34 42
33 43
32 44
31 45
30 46
29 47
28 48
28 49
28 50
28 51
28 52
44 39
45 39
46 39
47 39
48 39
49 39
50 39
51 39
52 39
53 38
54 37
55 37
56 37
57 37
58 37
59 37
60 37
61 37
62 37
63 37
64 36
65 35
65 34
66 34
67 34
68 34
69 34
70 34
71 34
72 34
73 34
74 34
75 34
76 34
77 34
78 34
79 34
80 34
81 34
82 34
83 34
84 34
85 34
86 34
87 34
64 33
63 32
62 31
61 30
60 29
59 28
58 27
57 26
56 25
55 24
60 54
59 55
58 56
57 57
56 58
55 59
54 60
53 61
52 62
51 63
50 64
49 65
49 66
49 67
49 68
49 69
48 70
47 71
46 72
45 73
44 73
43 73
42 73
41 73
40 73
39 73
38 73
37 73
36 73
35 73
34 73
33 73
32 73
31 73
30 73
29 73
50 70
51 71
51 72
51 73
51 74
51 75
51 76
51 77
51 78
51 79
51 80
51 81
51 82
51 83
51 84
51 85
51 86
93 70
93 69
93 68
93 67
93 66
93 65
93 64
93 63
93 62
93 61
93 60
93 59
93 58
93 57
93 56
81 127
80 128
79 129
78 130
77 131
76 132
75 133
74 134
73 135
72 136
72 137
72 138
72 139
72 140
72 141
72 142
72 143
72 144
72 145
71 145
70 145
69 145
68 145
67 145
66 145
65 145
64 145
63 145
62 145
61 145
60 145
59 145
58 145
57 145
56 144
55 143
54 143
53 143
52 143
51 142
50 141
49 140
48 139
47 139
46 139
45 139
44 139
43 139
42 139
41 139
40 139
39 139
38 139
37 138
36 137
36 136
36 135
36 134
36 133
36 132
36 131
35 130
34 129
33 128
32 127
32 126
32 125
32 124
32 123
32 122
32 121
32 120
32 119
32 118
32 117
32 116
33 115
34 115
35 115
36 115
37 115
38 115
39 115
40 115
41 115
42 115
43 114
44 113
45 112
46 111
47 110
48 109
49 108
49 107
48 107
47 107
46 107
45 107
44 107
43 107
42 106
41 105
40 104
39 103
38 102
37 101
36 100
35 99
34 98
33 97
32 96
31 95
30 94
50 107
48 138
48 137
48 136
48 135
48 134
48 133
48 132
48 131
48 130
48 129
48 128
83 127
84 128
85 129
86 130
87 131
88 132
89 133
90 134
91 135
92 136
93 137
93 138
93 139
93 140
93 141
93 142
93 143
93 144
93 145
114 108
114 109
114 110
114 111
114 112
114 113
114 114
114 115
114 116
114 117
114 118
114 119
114 120
114 121
114 122
121 91
122 92
123 93
124 93
125 93
126 93
127 93
128 93
129 93
130 93
131 93
132 93
133 93
134 93
135 93
136 93
137 93
138 93
139 93
140 93
141 93
142 93
143 93
144 93
145 93
146 93
147 93
148 92
149 91
150 92
151 93
152 93
153 93
154 93
155 93
156 93
157 93
158 93
159 93
160 93
161 94
162 95
163 96
164 97
165 98
166 99
167 100
168 101
168 102
168 103
168 104
169 104
170 104
171 104
172 104
173 104
174 104
175 103
176 102
177 101
178 100
179 99
180 98
181 97
181 96
182 95
183 94
184 93
185 92
186 91
187 90
188 89
189 88
190 87
191 86
192 85
193 84
193 83
192 83
191 83
190 83
189 83
188 83
187 82
186 81
185 80
184 79
183 78
182 77
182 76
181 76
183 76
184 76
185 76
186 76
187 75
188 74
189 73
190 72
191 71
192 70
193 69
194 68
195 68
196 68
197 68
198 68
199 68
200 67
201 66
202 65
203 64
204 63
205 62
205 61
205 60
205 59
205 58
205 57
205 56
205 55
205 54
205 53
204 52
203 51
203 50
202 50
202 49
202 48
202 47
202 46
201 45
200 44
199 43
198 42
197 41
196 40
195 39
194 39
193 39
192 39
191 39
190 39
189 39
188 39
187 39
186 39
185 38
184 37
184 36
184 35
184 34
184 33
184 32
184 31
184 30
184 29
184 28
184 27
183 26
182 25
181 26
180 27
179 28
178 29
177 30
176 31
175 32
174 33
173 34
172 34
171 34
204 50
205 50
206 50
207 50
208 49
209 48
210 47
211 46
212 45
213 44
214 43
215 42
193 67
192 66
191 65
190 64
189 63
188 62
187 61
186 60
185 59
184 58
183 57
182 56
181 55
194 83
195 83
196 83
197 83
198 83
199 83
200 83
201 83
202 83
203 83
204 83
205 83
169 105
170 106
171 107
172 108
173 109
174 110
175 111
176 112
177 113
178 114
179 115
180 116
181 117
181 118
180 119
179 120
178 121
177 122
176 123
175 124
175 125
175 126
175 127
175 128
175 129
176 130
177 131
178 132
179 133
180 134
181 135
182 136
183 136
184 136
185 136
186 136
187 136
188 136
189 136
190 136
191 136
192 136
193 136
194 136
195 136
196 136
197 136
198 136
198 135
198 134
198 133
198 132
199 131
200 130
201 129
202 128
203 127
204 126
204 125
203 125
202 125
201 125
200 125
199 125
198 125
197 125
196 125
195 124
194 123
194 122
194 121
194 120
194 119
194 118
194 117
194 116
194 115
194 114
195 113
196 112
197 111
198 110
199 109
200 108
201 107
202 106
203 105
204 104
205 104
206 104
207 104
208 104
209 104
210 104
211 104
212 104
213 104
214 104
215 104
205 125
185 137
184 138
184 139
184 140
184 141
184 142
184 143
184 144
184 145
184 146
184 147
183 147
182 147
181 147
180 147
179 147
178 147
177 147
176 146
175 145
174 144
173 143
167 105
166 106
165 107
164 108
163 108
162 108
161 108
160 108
159 108
158 108
157 108
158 109
158 110
158 111
158 112
158 113
158 114
158 115
158 116
158 117
158 118
158 119
158 120
158 121
158 122
158 123
157 124
156 125
155 126
154 127
153 128
152 129
151 129
150 129
149 129
148 129
147 129
146 129
145 129
144 129
143 129
142 129
141 128
140 127
139 126
138 125
137 124
136 123
146 130
145 131
144 132
143 133
142 134
141 135
140 136
139 137
138 138
137 139
136 140
135 141
135 142
135 143
135 144
134 144
133 144
132 144
131 144
130 144
129 144
128 144
127 144
126 144
125 144
124 144
123 144
122 144
121 144
120 144
119 144
118 144
117 144
116 144
115 144
114 143
148 130
149 131
150 132
151 133
152 134
153 135
153 136
153 137
153 138
153 139
153 140
153 141
153 142
153 143
153 144
153 145
136 94
136 95
136 96
136 97
136 98
136 99
136 100
136 101
136 102
136 103
136 104
136 105
136 106
136 107
136 108
118 89
117 88
116 87
115 86
115 85
115 84
115 83
115 82
115 81
115 80
115 79
115 78
115 77
115 76
115 75
115 74
114 73
113 72
112 71
112 70
112 69
112 68
112 67
112 66
112 65
112 64
112 63
112 62
112 61
112 60
112 59
112 58
112 57
113 56
114 55
114 54
114 53
114 52
114 51
114 50
114 49
114 48
114 47
114 46
114 45
114 44
114 43
114 42
114 41
114 40
113 39
112 38
111 37
110 36
109 35
108 34
85
130 77
146 71
160 71
136 56
147 54
129 34
150 34
158 56
115 107
103 105
92 108
93 123
82 126
71 123
71 108
72 93
83 90
94 86
93 71
82 71
71 71
72 56
61 53
48 50
42 39
35 41
28 52
54 37
66 34
87 34
55 24
49 69
29 73
51 86
93 56
72 145
55 143
48 139
36 137
32 127
33 115
30 94
50 107
48 128
93 145
114 122
136 93
149 91
160 93
168 104
181 97
181 76
194 68
205 62
202 50
195 39
184 37
182 25
171 34
215 42
181 55
194 83
205 83
181 118
175 129
186 136
198 136
194 123
204 104
215 104
205 125
184 147
173 143
157 108
158 123
147 129
136 123
135 144
114 143
153 145
136 108
115 86
112 71
114 55
108 34
