1117
120 89
120 88
120 87
120 86
120 85
120 84
120 83
120 82
120 81
119 80
118 79
117 78
116 77
115 76
114 75
114 74
113 74
112 75
111 75
110 75
109 75
108 75
107 75
106 75
105 75
104 75
103 75
102 75
101 75
100 75
99 75
98 75
97 75
96 75
95 74
94 73
93 72
92 71
92 70
92 69
92 68
92 67
92 66
92 65
92 64
92 63
92 62
92 61
92 60
92 59
92 58
92 57
93 56
102 76
101 77
100 78
99 79
98 80
97 81
96 82
95 83
94 84
93 85
93 86
93 87
93 88
93 89
93 90
93 91
93 92
93 93
93 94
93 95
93 96
93 97
93 98
93 99
93 100
93 101
93 102
93 103
93 104
93 105
93 106
93 107
93 108
93 109
93 110
93 111
93 112
93 113
93 114
93 115
93 116
93 117
93 118
93 119
93 120
93 121
93 122
93 123
93 124
93 125
93 126
92 126
91 126
90 126
89 126
88 126
87 126
86 126
85 126
84 126
83 126
82 126
81 126
80 126
79 126
78 126
77 126
76 126
75 126
74 126
73 125
72 124
71 123
71 122
71 121
71 120
71 119
71 118
71 117
71 116
71 115
71 114
71 113
71 112
71 111
71 110
71 109
71 108
70 108
69 108
68 108
67 108
66 108
65 108
64 108
63 108
62 107
61 106
60 107
59 107
58 107
57 107
56 107
55 107
54 107
53 107
52 107
51 107
50 107
49 107
48 107
47 107
46 106
45 105
44 104
43 103
42 102
41 101
40 100
39 99
38 98
37 97
36 96
35 95
34 94
34 93
33 93
33 92
33 91
33 90
33 89
33 88
33 87
33 86
33 85
33 84
33 83
33 82
33 81
33 80
33 79
33 78
33 77
33 76
32 75
31 74
30 73
29 72
35 93
36 93
37 93
38 93
39 93
40 93
41 93
42 93
43 93
44 93
45 92
46 91
47 90
48 89
49 88
50 87
51 86
52 86
53 86
54 86
55 86
56 86
57 85
58 84
59 83
60 82
61 81
62 80
63 79
64 78
65 77
66 76
67 75
68 74
69 73
70 72
71 71
71 70
71 69
71 68
71 67
71 66
71 65
71 64
71 63
71 62
71 61
71 60
71 59
71 58
71 57
71 56
70 56
69 56
68 56
67 56
66 56
65 55
64 54
63 53
62 52
62 51
61 51
60 51
59 51
58 51
57 51
56 51
55 50
54 49
53 48
52 47
51 46
50 45
49 44
48 44
47 44
46 44
45 44
44 44
43 44
42 44
41 43
40 42
39 41
38 40
37 41
36 42
35 43
34 44
33 45
33 46
33 47
33 48
33 49
33 50
33 51
49 43
49 42
49 41
49 40
49 39
49 38
49 37
49 36
49 35
49 34
50 33
51 34
52 34
53 34
54 34
55 34
56 34
57 34
58 34
59 34
60 34
61 34
60 52
59 53
58 54
57 55
56 56
55 57
54 58
53 59
52 60
51 61
50 62
50 63
50 64
50 65
63 51
64 51
65 51
66 50
67 49
68 48
69 47
70 46
71 45
72 44
73 43
74 42
75 41
76 40
77 39
78 38
79 37
80 36
81 35
82 34
72 56
72 72
72 73
72 74
72 75
72 76
72 77
72 78
72 79
72 80
72 81
72 82
72 83
72 84
72 85
72 86
72 108
92 127
91 128
90 129
89 130
88 131
87 132
86 133
85 134
84 135
83 136
82 137
81 138
80 139
79 140
78 141
77 142
76 143
75 144
74 145
73 145
72 145
71 145
70 145
69 145
68 145
67 145
66 145
65 145
64 145
63 145
62 145
61 145
60 145
59 145
58 145
57 144
56 143
55 143
54 143
53 143
52 143
51 142
50 141
49 140
48 139
47 139
46 139
45 139
44 139
43 139
42 139
41 139
40 139
39 139
38 138
37 137
36 137
35 137
34 136
33 135
32 134
31 133
48 138
48 137
48 136
48 135
48 134
48 133
48 132
48 131
48 130
48 129
48 128
47 128
46 128
45 128
44 127
43 126
42 125
41 124
40 123
39 122
38 121
37 120
36 119
35 118
34 117
33 116
32 115
31 114
94 127
95 128
95 129
95 130
95 131
95 132
95 133
95 134
95 135
95 136
95 137
95 138
95 139
95 140
95 141
95 142
95 143
95 144
95 145
115 74
116 74
117 74
118 74
119 74
120 74
121 74
122 74
123 74
124 74
125 74
126 73
127 73
128 73
129 73
130 73
131 73
132 73
133 73
134 73
135 73
136 72
137 71
137 70
137 69
137 68
137 67
137 66
137 65
137 64
137 63
137 62
137 61
137 60
137 59
137 58
137 57
136 56
126 72
126 71
126 70
126 69
126 68
125 67
124 66
123 65
122 64
121 63
120 62
119 61
118 60
117 59
116 58
115 57
114 56
113 55
113 54
113 53
113 52
113 51
113 50
113 49
113 48
113 47
113 46
113 45
113 44
114 44
115 43
116 42
117 41
118 40
119 39
120 38
121 37
122 36
123 35
124 34
112 43
111 42
110 41
109 40
108 39
107 38
106 37
105 36
104 35
103 34
119 91
118 92
117 93
116 93
115 93
114 93
121 91
122 92
123 93
124 93
125 93
126 93
127 93
128 93
129 93
130 93
131 93
132 93
133 93
134 93
135 93
136 93
137 93
138 92
139 91
140 92
141 93
142 94
143 95
144 96
145 97
146 98
147 99
148 100
149 101
150 102
151 103
152 104
153 105
154 106
155 107
156 108
157 108
158 108
158 107
158 106
158 105
158 104
158 103
158 102
158 101
158 100
158 99
158 98
158 97
158 96
158 95
158 94
158 93
158 92
158 91
159 90
160 89
160 88
160 87
160 86
160 85
160 84
160 83
160 82
160 81
160 80
160 79
160 78
160 77
160 76
160 75
160 74
160 73
159 72
158 71
158 70
158 69
158 68
158 67
158 66
158 65
158 64
158 63
158 62
158 61
158 60
158 59
158 58
158 57
158 56
157 56
159 56
160 56
161 56
162 56
163 56
164 56
165 56
166 56
167 56
168 56
169 56
170 55
171 54
172 53
173 52
174 52
174 53
175 54
176 55
177 56
178 57
179 58
180 59
181 60
181 61
181 62
181 63
181 64
181 65
181 66
181 67
181 68
181 69
181 70
181 71
181 72
181 73
181 74
175 51
176 50
177 49
178 48
179 47
180 46
181 45
182 44
183 43
184 42
185 42
186 42
187 42
188 42
189 42
190 42
191 42
192 42
193 42
194 42
195 42
196 41
197 41
198 41
199 41
200 41
201 41
202 41
203 41
204 41
205 41
206 41
207 41
197 42
198 43
199 44
200 45
201 46
202 47
203 48
204 49
205 50
205 51
205 52
204 53
203 54
202 55
201 56
200 57
199 58
198 58
197 58
196 58
195 58
194 58
195 59
196 60
197 61
198 62
199 63
200 64
201 65
202 66
203 67
204 68
204 69
204 70
204 71
204 72
204 73
205 73
206 73
207 73
208 73
209 73
210 73
211 73
212 73
213 73
214 73
215 73
184 41
184 40
184 39
184 38
184 37
184 36
184 35
184 34
183 33
182 32
181 31
180 32
179 33
178 34
177 34
176 34
175 34
174 34
173 34
172 34
171 34
170 34
169 34
168 34
167 34
166 34
165 34
164 34
163 34
162 34
161 34
160 34
159 34
158 34
157 34
156 34
155 34
154 34
153 34
152 34
151 34
150 34
149 34
148 34
147 34
146 34
145 34
157 109
157 110
157 111
157 112
157 113
157 114
157 115
157 116
157 117
157 118
157 119
157 120
157 121
157 122
157 123
158 124
159 125
160 126
161 127
162 127
163 127
164 127
165 127
166 127
167 127
168 127
167 128
166 129
165 130
164 131
163 132
162 133
161 134
160 135
160 136
160 137
160 138
160 139
160 140
160 141
160 142
160 143
160 144
160 145
169 126
170 125
171 124
172 123
173 122
174 121
175 120
176 119
177 118
178 117
179 116
180 115
181 114
169 128
170 129
171 130
172 131
173 132
174 133
175 134
176 135
177 135
178 135
179 135
180 135
181 135
180 136
180 137
180 138
180 139
180 140
180 141
180 142
180 143
180 144
180 145
180 146
182 136
183 137
184 138
185 138
186 138
187 138
188 138
189 138
190 138
191 138
192 138
192 137
193 136
194 135
195 134
196 133
197 132
198 131
199 130
200 129
201 128
202 127
202 126
202 125
202 124
202 123
202 122
202 121
202 120
202 119
202 118
203 117
204 116
204 115
203 115
202 115
201 115
200 115
199 115
198 115
197 115
196 114
195 113
194 112
194 111
194 110
194 109
194 108
194 107
194 106
194 105
195 104
196 103
197 102
198 101
199 100
200 99
201 98
202 97
203 96
204 95
204 94
203 94
202 94
201 94
200 94
199 94
198 94
197 94
196 94
195 94
194 94
193 94
192 94
191 94
190 94
189 94
188 94
187 94
186 94
185 94
184 94
183 94
182 94
181 93
205 94
205 115
203 128
204 129
205 130
206 131
207 132
208 133
209 134
210 134
211 134
212 134
213 134
214 134
127 94
126 95
126 96
126 97
126 98
126 99
126 100
126 101
126 102
125 103
124 104
123 105
122 106
121 107
120 108
119 108
118 108
117 108
116 108
115 108
114 108
113 108
112 108
113 109
114 110
115 111
115 112
115 113
115 114
115 115
115 116
115 117
115 118
115 119
115 120
115 121
115 122
127 103
128 104
129 105
130 106
131 107
132 108
133 108
134 108
135 108
136 108
137 108
136 109
136 110
136 111
136 112
136 113
136 114
136 115
136 116
136 117
136 118
136 119
136 120
136 121
136 122
136 123
135 124
134 125
133 126
132 127
131 128
130 129
129 130
128 131
127 132
126 133
125 134
124 135
123 136
122 137
121 138
120 139
119 140
118 141
117 142
116 143
117 144
118 145
119 145
120 145
121 145
122 145
123 145
124 145
125 145
126 145
127 145
128 145
129 145
130 145
131 145
132 145
133 145
134 145
135 145
136 145
137 145
138 145
139 145
83
113 74
103 75
92 71
93 56
93 93
93 108
93 126
82 126
71 123
61 106
50 107
33 93
29 72
51 86
71 71
61 51
49 44
38 40
33 51
50 33
61 34
50 65
82 34
72 56
72 86
72 108
74 145
56 143
48 139
37 137
31 133
48 128
31 114
95 145
126 73
137 71
136 56
113 55
124 34
103 34
114 93
128 93
139 91
158 108
160 89
158 71
157 56
168 56
173 52
181 63
181 74
184 42
196 41
207 41
205 52
194 58
204 73
215 73
181 31
166 34
145 34
157 123
168 127
160 145
181 114
181 135
180 146
192 138
202 127
194 112
194 94
181 93
205 94
205 115
214 134
126 102
112 108
115 122
137 108
136 123
116 143
128 145
139 145
