1100
121 90
119 91
118 92
117 93
116 93
115 94
115 95
115 96
115 97
115 98
115 99
115 100
115 101
115 102
115 103
115 104
115 105
115 106
115 107
114 107
113 107
112 107
111 107
110 107
109 107
108 107
107 107
106 107
105 107
104 107
103 107
102 107
101 107
100 106
99 107
98 108
97 108
96 108
95 108
94 108
93 108
92 108
91 108
90 108
89 108
90 109
91 110
92 111
93 112
93 113
93 114
93 115
93 116
93 117
93 118
93 119
93 120
93 121
93 122
93 123
92 124
91 125
90 126
89 126
88 126
87 126
86 126
85 126
84 126
83 126
82 126
81 126
80 126
79 126
78 126
77 126
76 126
75 126
74 126
73 125
72 124
71 123
71 122
71 121
71 120
71 119
71 118
71 117
71 116
71 115
71 114
71 113
71 112
71 111
70 110
69 109
68 108
81 127
80 128
79 129
78 130
77 131
76 132
75 133
74 134
73 135
72 136
71 137
70 138
70 139
70 140
70 141
70 142
70 143
69 143
68 143
67 143
66 143
65 143
64 143
63 143
62 143
61 143
60 143
59 143
58 143
57 143
56 143
55 143
54 143
53 143
52 143
51 142
50 141
49 140
48 139
47 139
46 139
45 139
44 139
43 139
42 139
41 139
40 139
39 139
38 139
37 138
36 137
36 136
36 135
36 134
36 133
36 132
36 131
36 130
35 129
34 128
33 127
33 126
33 125
33 124
33 123
33 122
33 121
33 120
33 119
33 118
32 117
31 116
30 115
30 114
30 113
30 112
30 111
30 110
30 109
30 108
30 107
30 106
30 105
30 104
30 103
30 102
30 101
30 100
30 99
30 98
30 97
30 96
29 95
28 94
48 138
48 137
48 136
48 135
48 134
48 133
48 132
48 131
48 130
48 129
48 128
83 127
84 128
85 129
86 130
87 131
88 132
89 133
90 134
91 135
91 136
91 137
91 138
91 139
91 140
91 141
91 142
91 143
91 144
91 145
114 108
114 109
114 110
114 111
114 112
114 113
114 114
114 115
114 116
114 117
114 118
114 119
114 120
114 121
114 122
115 123
116 123
117 123
118 123
119 123
120 123
121 123
122 123
123 123
124 123
125 123
126 123
125 124
124 125
123 126
122 127
121 128
120 129
119 130
118 131
117 132
116 133
115 134
114 135
113 136
112 137
112 138
112 139
112 140
112 141
112 142
112 143
113 144
114 145
115 145
116 145
117 145
118 145
119 145
120 145
121 145
122 145
123 145
124 145
125 145
126 145
127 145
128 145
129 145
130 145
131 145
132 145
133 145
122 90
123 90
124 89
125 88
126 87
127 86
127 85
127 84
127 83
126 83
125 82
124 81
123 80
122 79
121 78
120 77
119 76
118 75
117 74
116 73
115 72
127 82
127 81
127 80
128 79
129 78
130 77
131 76
132 75
133 74
134 73
135 72
136 71
136 70
136 69
136 68
136 67
136 66
136 65
136 64
136 63
136 62
136 61
136 60
137 59
138 58
139 57
139 56
138 56
137 56
136 56
135 56
134 56
133 56
132 55
131 54
130 53
129 52
129 51
128 51
127 51
126 51
125 51
124 51
123 51
122 51
121 51
120 51
119 51
118 51
117 51
116 51
115 51
115 50
115 49
115 48
115 47
115 46
115 45
115 44
114 43
113 42
112 41
111 40
110 39
109 38
108 37
107 36
106 35
105 34
114 52
113 52
112 52
111 52
110 52
109 52
108 52
107 52
106 52
105 52
104 52
103 52
102 52
101 52
100 52
99 52
99 51
99 50
99 49
98 48
97 47
96 46
95 45
94 44
93 43
92 42
91 41
90 40
89 39
88 38
87 37
86 36
85 35
84 34
83 35
82 36
81 37
80 38
79 39
78 40
77 41
76 42
75 43
74 44
73 45
72 46
71 47
70 48
69 49
68 50
67 50
67 49
67 48
67 47
67 46
67 45
67 44
67 43
67 42
67 41
67 40
67 39
67 38
66 37
65 36
64 35
63 34
62 34
61 34
60 34
59 34
58 34
57 34
56 34
55 34
54 34
53 33
52 32
51 33
50 34
50 35
50 36
50 37
50 38
50 39
50 40
49 40
48 40
47 40
46 40
45 40
44 40
43 40
42 40
41 40
40 40
39 39
38 40
37 41
36 41
35 41
34 42
33 43
32 44
31 45
30 46
29 47
28 48
28 49
28 50
28 51
28 52
49 41
48 42
48 43
48 44
48 45
48 46
48 47
48 48
48 49
48 50
48 51
98 53
97 54
96 55
95 56
94 56
93 56
92 56
91 56
90 56
89 56
88 56
89 57
90 58
91 59
92 60
93 61
93 62
93 63
93 64
93 65
93 66
93 67
93 68
93 69
93 70
93 71
92 72
91 73
90 74
89 75
88 75
87 75
86 75
85 75
84 75
83 75
82 75
81 75
80 75
79 75
78 75
77 75
76 75
75 75
74 74
73 73
72 72
71 71
81 76
80 77
79 78
78 79
77 80
76 81
75 82
74 83
74 84
74 85
74 86
73 87
72 88
71 89
70 90
69 91
68 91
67 91
66 91
65 91
64 91
63 91
62 91
61 91
60 91
59 91
58 91
57 91
56 91
55 90
54 89
53 88
52 87
51 86
51 85
51 84
51 83
51 82
51 81
51 80
51 79
51 78
51 77
51 76
51 75
51 74
51 73
51 72
51 71
50 70
49 71
48 72
47 73
46 73
45 73
44 73
43 73
42 73
41 73
40 73
39 73
38 73
37 73
36 73
35 73
34 73
33 73
32 73
31 73
30 73
29 73
61 92
60 93
59 94
58 95
57 96
56 97
55 98
54 99
53 100
52 101
51 102
50 103
50 104
50 105
50 106
50 107
83 76
84 77
85 78
86 79
87 80
88 81
89 82
90 83
91 84
92 85
93 86
94 86
95 86
128 50
128 49
128 48
128 47
128 46
128 45
128 44
128 43
128 42
128 41
128 40
128 39
128 38
128 37
128 36
127 35
126 34
130 51
131 50
132 49
133 48
134 47
135 46
136 45
137 44
138 43
139 42
140 41
141 40
142 39
143 38
144 37
145 36
146 35
147 34
140 56
137 72
138 73
139 74
140 74
141 74
142 74
143 74
144 74
145 74
146 74
147 74
148 74
149 74
150 74
151 74
152 74
153 74
154 74
155 74
156 73
157 72
158 71
158 70
158 69
158 68
158 67
158 66
158 65
158 64
158 63
158 62
158 61
158 60
158 59
158 58
158 57
159 56
160 56
161 56
162 56
163 56
164 56
165 56
166 56
167 56
168 56
169 56
170 55
171 54
172 55
173 56
174 57
175 58
176 59
177 60
178 61
179 62
180 63
181 64
181 65
181 66
182 66
183 66
184 66
185 66
186 66
187 66
188 66
189 66
190 66
191 65
192 64
193 63
194 62
195 62
196 62
197 62
198 62
199 62
200 62
201 62
202 62
203 62
204 62
205 62
194 61
194 60
194 59
194 58
194 57
194 56
194 55
194 54
194 53
194 52
194 51
194 50
193 49
192 48
191 47
190 46
190 45
189 45
189 44
188 43
187 42
186 41
185 40
184 39
183 38
182 37
181 36
180 35
179 34
178 34
177 34
176 34
175 34
174 34
173 34
172 34
171 34
170 34
169 34
168 34
191 45
192 45
193 45
194 45
195 45
196 45
197 45
198 44
199 43
200 42
201 41
202 40
203 41
204 42
205 43
206 44
207 45
182 67
183 68
184 69
185 70
186 71
187 72
188 73
189 74
190 75
191 76
192 77
193 78
194 79
194 80
194 81
194 82
194 83
195 83
196 83
197 83
198 83
199 83
200 83
201 83
202 83
203 83
204 83
205 83
193 84
192 85
191 86
190 87
189 87
188 87
187 87
186 87
185 87
184 87
183 87
182 87
181 87
181 88
181 89
181 90
181 91
181 92
181 93
181 94
181 95
181 96
181 97
181 98
181 99
181 100
181 101
181 102
181 103
181 104
181 105
181 106
181 107
181 108
182 109
183 110
184 111
185 112
186 113
187 114
188 115
189 116
190 117
191 118
192 119
193 119
194 119
194 118
194 117
194 116
194 115
194 114
195 113
196 112
197 111
198 110
199 109
200 108
201 107
202 106
203 105
204 104
205 104
206 104
207 104
208 104
209 104
210 104
211 104
212 104
213 104
214 104
215 104
194 120
195 120
194 121
194 122
194 123
194 124
194 125
194 126
194 127
194 128
194 129
194 130
193 131
192 132
191 133
190 134
189 135
188 136
187 137
186 137
186 136
186 135
186 134
185 133
184 132
183 131
182 130
181 129
186 138
186 139
186 140
186 141
185 142
184 143
183 144
182 145
181 145
180 145
179 145
178 145
177 145
176 145
175 145
174 145
173 145
172 145
171 145
170 145
169 145
168 145
167 145
166 145
165 145
164 145
163 145
162 145
161 145
160 145
159 145
158 145
157 145
156 145
155 145
154 145
196 121
197 122
198 123
199 124
200 125
201 125
202 125
203 125
204 125
205 125
206 126
207 127
207 128
207 129
207 130
207 131
207 132
207 133
207 134
207 135
207 136
148 75
149 76
150 77
151 78
152 79
153 80
154 81
155 82
156 83
157 84
158 85
159 86
160 86
128 87
129 88
130 89
131 90
132 91
133 92
134 93
135 93
136 93
137 93
138 93
139 93
140 94
141 95
142 96
143 97
144 98
145 99
146 100
147 101
147 102
146 103
145 104
144 105
143 106
142 107
141 108
140 108
139 108
138 108
137 108
136 108
137 109
138 110
139 111
140 112
141 113
141 114
141 115
141 116
141 117
141 118
141 119
141 120
141 121
141 122
141 123
148 103
149 104
150 105
151 106
152 107
153 108
154 108
155 108
156 108
157 108
158 108
159 109
159 110
159 111
159 112
159 113
159 114
159 115
159 116
159 117
159 118
159 119
159 120
159 121
159 122
159 123
84
116 93
115 107
100 106
89 108
93 123
82 126
71 123
68 108
70 143
55 143
48 139
36 137
33 127
30 115
28 94
48 128
91 145
114 122
126 123
112 143
133 145
127 86
115 72
136 71
128 51
115 51
105 34
99 52
84 34
67 50
63 34
52 32
50 40
39 39
35 41
28 52
48 51
88 56
93 71
82 75
71 71
74 86
62 91
51 86
50 70
29 73
50 107
95 86
126 34
147 34
140 56
147 74
158 71
159 56
171 54
181 66
194 62
205 62
189 45
179 34
168 34
202 40
207 45
194 83
205 83
181 87
181 108
194 119
204 104
215 104
194 130
181 129
186 141
175 145
154 145
205 125
207 136
160 86
139 93
147 102
136 108
141 123
158 108
159 123
