1120
119 90
118 90
117 90
116 90
115 89
114 88
113 87
112 86
111 86
110 86
109 86
108 86
107 85
106 84
105 83
104 82
103 81
102 80
101 79
100 78
99 77
98 76
97 75
96 74
95 73
94 72
93 71
92 72
91 73
90 73
89 73
88 73
87 73
86 73
85 73
84 73
83 73
82 73
81 73
80 73
79 73
78 73
77 73
76 73
75 73
74 73
73 73
72 72
71 71
71 70
71 69
71 68
71 67
71 66
71 65
71 64
71 63
71 62
71 61
71 60
72 59
73 58
74 57
74 56
73 56
72 56
71 56
70 56
69 56
68 56
67 56
66 55
65 54
64 53
63 54
62 55
61 56
60 57
59 58
58 59
57 60
56 61
55 61
54 61
53 61
52 61
51 61
50 61
49 61
49 60
49 59
49 58
49 57
49 56
49 55
49 54
49 53
49 52
49 51
49 50
48 49
48 48
48 47
48 46
48 45
48 44
48 43
48 42
48 41
48 40
48 39
48 38
47 38
46 39
45 40
44 41
43 41
42 41
41 41
40 41
39 41
38 41
37 41
36 41
35 41
34 42
33 43
32 44
31 45
30 46
29 47
28 48
28 49
28 50
28 51
28 52
49 38
50 38
51 38
52 38
53 37
54 36
55 35
56 34
57 34
58 34
59 34
60 34
61 34
62 34
63 34
64 34
65 34
66 34
67 34
68 34
69 34
70 34
71 34
72 34
73 34
74 34
48 62
47 63
46 64
45 65
44 66
43 67
42 68
41 69
40 70
39 71
38 72
37 73
36 73
35 73
34 73
33 73
32 73
31 73
30 73
29 73
28 73
50 62
50 63
50 64
50 65
50 66
50 67
50 68
50 69
50 70
50 71
50 72
75 56
81 74
80 75
79 76
78 77
77 78
76 79
75 80
74 81
73 82
72 83
71 84
70 85
70 86
70 87
70 88
70 89
70 90
70 91
71 92
71 93
71 94
71 95
71 96
71 97
71 98
71 99
71 100
71 101
71 102
71 103
71 104
71 105
71 106
71 107
71 108
72 109
72 110
72 111
72 112
72 113
72 114
72 115
72 116
72 117
72 118
72 119
72 120
72 121
72 122
72 123
72 124
72 125
71 126
70 127
69 127
68 127
67 127
66 127
65 127
64 127
63 127
62 127
61 127
61 126
61 125
61 124
61 123
61 122
60 121
59 120
58 119
57 118
56 117
55 116
54 115
53 114
52 113
51 112
50 111
49 110
48 109
47 109
46 109
45 109
44 109
43 108
42 107
41 106
40 105
39 104
38 103
37 102
36 101
35 100
34 99
33 98
32 97
31 96
30 95
29 94
48 108
48 107
48 106
48 105
48 104
48 103
48 102
48 101
48 100
48 99
48 98
48 97
48 96
49 95
50 94
51 93
60 128
59 128
58 128
57 128
56 128
55 128
54 128
53 128
52 128
51 128
50 128
49 128
48 128
48 129
47 129
46 130
45 131
44 132
43 133
42 134
41 135
40 136
39 137
38 137
37 137
36 137
36 136
36 135
36 134
36 133
36 132
35 131
34 130
33 129
32 128
31 127
31 126
31 125
31 124
31 123
31 122
31 121
31 120
31 119
31 118
31 117
30 116
29 115
48 130
48 131
48 132
48 133
48 134
48 135
48 136
48 137
48 138
48 139
49 140
50 141
51 142
52 143
53 143
54 143
55 143
56 143
57 144
58 145
59 145
60 145
61 145
62 145
63 145
64 145
65 145
66 145
67 145
68 145
69 145
70 145
73 126
74 127
75 128
76 129
77 130
78 131
79 132
80 133
81 134
82 135
83 136
84 137
85 138
86 139
87 140
88 141
89 142
90 143
91 144
91 145
111 87
110 88
109 89
108 90
107 91
106 92
105 93
104 94
103 95
103 96
103 97
103 98
103 99
103 100
103 101
103 102
102 102
101 102
100 102
99 101
98 100
97 99
96 98
95 97
94 96
93 95
92 94
91 93
102 103
101 104
100 105
99 106
98 107
97 108
96 108
95 108
94 108
93 108
92 108
93 109
93 110
93 111
93 112
93 113
93 114
93 115
93 116
93 117
93 118
93 119
93 120
93 121
93 122
93 123
94 124
95 125
96 126
97 127
98 128
99 129
100 130
101 131
102 132
103 133
104 134
105 135
106 136
107 137
108 138
109 139
110 140
111 141
112 142
112 143
104 103
105 104
106 105
107 106
108 107
109 107
110 107
111 107
112 107
113 108
114 109
114 110
114 111
114 112
114 113
114 114
114 115
114 116
114 117
114 118
114 119
114 120
114 121
114 122
112 85
112 84
112 83
112 82
112 81
112 80
112 79
112 78
112 77
112 76
112 75
112 74
112 73
112 72
113 71
114 71
115 71
116 71
117 71
118 71
119 71
120 71
121 71
122 71
123 71
124 71
125 71
126 71
126 70
126 69
126 68
126 67
126 66
127 65
128 64
129 63
130 62
131 61
132 60
133 59
134 58
135 57
136 56
137 56
138 56
139 56
140 56
141 56
142 56
143 56
144 56
145 55
146 54
147 53
147 52
147 51
147 50
147 49
147 48
147 47
147 46
147 45
147 44
148 44
149 43
150 42
151 41
152 40
153 39
154 38
155 37
156 36
157 35
158 34
146 43
145 42
144 41
143 40
142 39
141 38
140 37
139 36
138 35
137 34
148 54
149 55
150 56
151 56
152 56
153 56
154 56
155 56
156 56
157 56
158 56
137 57
138 58
139 59
140 60
141 61
142 62
143 63
143 64
143 65
143 66
143 67
143 68
143 69
143 70
143 71
144 72
145 73
146 74
147 74
148 74
149 74
150 74
151 74
152 74
153 74
154 74
155 74
156 74
157 74
158 74
159 74
160 74
113 70
113 69
113 68
113 67
113 66
113 65
113 64
113 63
113 62
113 61
113 60
113 59
113 58
113 57
114 56
114 55
113 55
112 55
111 55
110 55
109 55
108 55
107 55
106 55
105 55
104 55
103 55
102 55
101 55
100 55
99 54
98 53
97 52
97 51
96 51
96 50
96 49
96 48
96 47
96 46
96 45
96 44
96 43
96 42
96 41
96 40
96 39
96 38
96 37
96 36
96 35
95 34
98 51
99 51
100 50
101 49
102 48
103 47
104 46
105 45
106 44
107 43
108 42
109 41
110 40
111 39
112 38
113 37
114 36
115 35
116 34
115 55
121 90
122 90
123 90
124 90
125 90
126 89
127 90
128 91
129 92
130 93
131 93
132 93
133 93
134 93
135 93
136 93
137 93
138 93
139 93
138 94
137 95
136 96
136 97
136 98
136 99
136 100
136 101
136 102
136 103
136 104
136 105
136 106
136 107
136 108
136 109
136 110
136 111
136 112
136 113
136 114
136 115
136 116
136 117
136 118
136 119
136 120
136 121
136 122
136 123
136 124
137 125
138 126
139 126
140 126
141 126
142 126
143 126
144 126
145 126
146 126
147 126
148 126
149 126
150 126
151 126
152 126
153 126
154 126
155 126
156 125
157 124
158 123
158 122
158 121
158 120
158 119
158 118
158 117
158 116
158 115
158 114
158 113
158 112
158 111
158 110
158 109
158 108
157 108
159 108
160 108
161 108
162 108
163 108
164 108
165 108
166 108
167 108
168 107
168 106
168 105
168 104
168 103
168 102
168 101
167 100
166 99
165 98
164 97
163 96
162 95
161 94
160 93
169 108
170 108
171 108
172 108
173 108
174 108
175 108
176 108
177 108
178 108
179 108
180 108
181 108
182 108
183 108
184 108
185 108
186 108
187 108
188 108
189 108
190 108
191 108
192 108
193 107
194 106
194 105
195 104
196 103
197 102
198 101
199 100
200 99
201 98
202 97
203 96
204 95
204 94
203 94
202 94
201 94
200 94
199 94
198 94
197 94
196 93
195 92
194 91
193 91
192 91
191 91
190 91
189 91
188 91
187 91
186 91
185 91
184 90
183 89
182 88
181 87
194 90
194 89
194 88
194 87
194 86
194 85
194 84
194 83
195 82
196 81
197 80
198 79
199 78
200 77
201 76
202 75
203 74
204 73
205 73
206 73
207 73
208 73
209 73
210 73
211 73
212 73
213 73
214 73
215 73
204 72
204 71
204 70
203 69
202 68
201 67
200 66
199 65
198 64
197 63
196 62
195 61
195 60
194 60
193 61
192 62
191 63
190 64
189 65
188 66
187 66
186 66
185 66
184 66
183 66
182 66
181 66
196 60
197 60
198 59
199 58
200 57
201 56
202 55
203 54
204 53
204 52
203 52
202 52
201 52
200 52
199 52
198 51
197 50
196 49
195 48
194 47
194 46
194 45
194 44
194 43
194 42
194 41
194 40
194 39
194 38
193 37
192 36
191 37
190 38
189 39
188 40
187 41
186 42
185 43
184 44
183 45
182 45
181 45
181 44
181 43
181 42
181 41
181 40
181 39
181 38
181 37
181 36
180 35
179 34
205 52
205 51
205 50
205 49
205 48
205 47
205 46
205 45
205 44
205 43
206 42
207 41
205 94
195 107
196 108
197 109
198 110
199 111
200 112
201 113
202 114
203 115
204 115
205 115
204 116
203 117
202 118
202 119
202 120
202 121
202 122
202 123
202 124
202 125
202 126
202 127
201 128
200 129
199 130
198 131
197 132
196 133
196 134
196 135
196 136
196 137
196 138
195 139
194 140
193 140
192 140
191 140
190 140
189 140
188 140
187 140
186 140
186 139
186 138
186 137
186 136
186 135
186 134
185 133
184 132
183 131
182 130
181 129
185 141
184 142
183 143
182 144
181 144
180 144
179 144
178 144
177 144
176 144
175 144
203 128
204 129
205 130
206 131
207 132
208 133
209 133
210 133
211 133
212 133
213 133
214 133
215 133
148 127
149 128
150 129
151 130
152 131
153 132
154 133
154 134
154 135
154 136
154 137
154 138
154 139
154 140
154 141
154 142
154 143
154 144
154 145
146 127
145 128
144 129
143 130
142 131
141 132
140 133
139 134
138 135
137 136
136 137
135 138
134 139
133 140
133 141
133 142
133 143
133 144
133 145
83
112 86
93 71
82 73
71 71
64 53
49 61
48 49
47 38
35 41
28 52
56 34
74 34
28 73
50 72
75 56
70 91
71 108
72 125
61 127
48 109
29 94
51 93
48 128
36 137
31 127
29 115
48 139
56 143
70 145
91 145
103 102
91 93
92 108
93 123
112 143
112 107
114 122
113 71
126 71
136 56
147 53
158 34
137 34
158 56
143 71
160 74
96 51
95 34
116 34
115 55
126 89
139 93
136 108
136 124
147 126
158 123
157 108
168 107
160 93
181 108
194 106
194 91
181 87
204 73
215 73
194 60
181 66
194 47
192 36
181 45
179 34
205 52
207 41
205 94
205 115
202 127
196 138
186 140
181 129
175 144
215 133
154 145
133 145
