3533
119 90
118 90
117 90
116 90
115 90
114 90
113 90
112 90
111 90
110 90
109 90
108 90
107 90
106 90
105 90
104 90
103 90
102 90
101 90
100 90
99 90
98 90
97 90
96 90
95 90
94 90
93 90
92 90
91 90
90 90
89 90
88 90
87 90
86 90
85 90
84 90
83 90
82 90
81 90
80 90
79 90
78 90
77 90
76 90
75 90
74 90
73 90
72 90
71 90
70 90
69 90
68 90
67 90
66 90
65 90
64 90
63 90
62 90
61 90
60 90
59 90
58 90
57 90
56 90
55 90
54 90
53 90
52 90
51 90
50 90
49 90
48 90
47 90
46 90
45 90
44 90
43 90
42 90
41 90
40 90
39 90
38 90
37 90
36 90
35 90
34 90
33 90
32 90
31 90
30 89
51 89
54 89
53 88
52 87
51 86
50 85
49 84
48 83
47 82
46 81
45 80
44 79
43 78
42 77
41 76
40 75
39 74
38 73
37 72
36 71
35 70
34 69
33 68
70 89
69 88
68 87
67 86
66 85
65 84
64 83
63 82
62 81
61 80
60 79
59 78
58 77
57 76
56 75
55 74
54 73
53 72
52 71
51 70
50 69
49 68
48 67
47 66
46 65
45 64
44 63
43 62
42 61
41 60
40 59
39 58
38 57
37 56
36 55
35 54
34 53
33 52
32 51
31 50
30 49
72 91
73 92
74 93
75 94
76 95
77 96
78 97
79 98
80 99
81 100
82 101
83 102
84 103
85 104
85 105
84 105
83 105
82 105
81 105
80 105
79 105
78 105
77 105
76 105
75 105
74 105
73 105
72 105
71 105
70 105
69 105
82 104
81 103
80 102
79 101
78 100
77 99
76 98
75 97
74 96
73 95
72 94
71 93
84 106
85 107
86 108
86 109
85 109
84 109
83 109
82 109
81 109
80 109
79 109
78 109
77 109
76 109
75 109
74 109
73 109
72 109
71 109
70 109
69 109
68 109
67 109
66 109
65 109
64 109
63 109
62 109
61 109
60 109
59 109
58 109
57 109
56 109
55 109
54 109
53 109
52 109
51 109
50 109
49 109
48 109
47 109
46 109
45 109
44 109
43 109
42 109
41 109
40 109
39 109
38 109
37 109
36 109
35 109
34 109
33 109
87 109
88 109
89 109
90 109
91 109
92 109
93 109
94 109
95 109
96 109
97 109
98 109
99 109
100 109
101 109
100 110
99 111
99 112
98 112
97 113
96 114
95 114
95 115
96 115
97 116
98 117
99 117
99 116
99 115
99 114
99 113
99 118
98 118
97 118
96 118
95 118
95 117
94 117
93 117
93 116
94 116
93 115
92 115
92 114
91 114
91 113
90 113
90 112
89 112
89 111
88 111
88 110
87 110
93 118
92 118
91 119
90 120
89 121
88 122
87 123
86 123
85 123
84 123
83 123
82 123
81 123
80 123
79 123
78 123
77 123
76 123
75 123
74 123
73 123
72 123
71 123
86 124
87 124
87 125
87 126
87 127
87 128
87 129
87 130
87 131
87 132
87 133
87 134
87 135
87 136
87 137
87 138
87 139
87 140
87 141
87 142
87 143
85 125
84 126
83 127
82 127
82 128
81 128
80 128
79 128
78 128
77 128
76 128
75 128
74 128
73 128
72 128
71 128
70 128
69 128
68 128
67 128
66 128
65 128
64 128
63 128
62 128
61 128
60 128
59 128
58 128
57 128
56 128
55 128
54 128
53 128
52 128
51 128
50 128
49 128
48 128
47 128
46 128
45 128
44 128
43 128
42 128
41 128
40 128
39 128
38 128
37 128
36 128
35 128
34 128
33 128
32 128
31 128
30 128
48 129
49 129
50 129
51 129
52 129
53 129
54 129
55 129
56 129
57 129
58 129
59 129
60 129
61 129
62 129
63 129
64 129
65 129
66 129
67 129
68 129
69 129
70 129
71 129
72 129
73 129
74 129
75 129
76 129
77 129
78 129
79 129
80 129
81 129
80 130
79 131
78 132
77 133
76 134
75 135
74 136
73 136
72 136
71 136
70 136
69 136
68 136
67 136
66 136
65 136
64 136
63 136
62 136
61 136
60 136
59 136
58 136
57 136
56 136
55 136
54 136
53 136
52 136
51 136
50 136
49 136
48 136
47 136
46 136
45 136
44 136
43 136
42 136
41 136
40 136
39 136
38 136
37 136
36 136
35 136
36 137
37 137
38 137
39 137
40 137
41 137
42 137
43 137
44 137
45 137
46 137
47 137
48 137
49 137
50 137
51 137
52 137
53 137
54 137
55 137
56 137
57 137
58 137
59 137
60 137
61 137
62 137
63 137
64 137
65 137
66 137
67 137
68 137
69 137
70 137
71 137
72 137
73 137
72 138
71 139
70 140
69 140
68 140
67 140
66 140
65 140
64 140
63 140
62 140
61 140
60 140
59 140
58 140
57 140
56 140
55 140
54 140
53 140
52 140
51 140
50 140
49 140
48 140
47 140
46 140
45 140
46 141
47 141
48 141
49 141
50 141
51 141
52 141
53 141
54 141
55 141
56 141
57 141
58 141
59 141
60 141
61 141
62 141
63 141
64 141
65 141
66 141
67 141
68 141
69 141
68 142
67 142
66 142
65 142
64 142
63 142
62 142
61 142
60 142
59 142
58 142
57 142
56 142
55 142
54 142
53 142
52 142
51 142
50 142
49 142
48 142
52 143
53 143
54 143
55 143
56 143
57 143
58 143
59 143
60 143
61 143
62 143
63 143
64 143
65 143
66 143
67 143
66 144
65 145
64 146
63 147
62 147
61 147
60 147
59 147
58 147
57 147
56 147
55 147
54 147
53 147
62 148
61 149
60 149
59 149
58 149
57 149
56 149
55 149
54 149
55 150
56 150
57 150
58 150
59 150
60 150
93 119
93 120
93 121
93 122
93 123
93 124
93 125
93 126
93 127
99 119
99 120
99 121
99 122
99 123
99 124
99 125
99 126
99 127
99 128
99 129
99 130
99 131
99 132
99 133
99 134
99 135
99 136
99 137
99 138
99 139
99 140
99 141
99 142
99 143
99 144
100 118
101 118
102 118
103 118
104 118
105 118
106 118
107 118
108 118
109 118
110 118
111 118
112 118
113 118
114 118
115 118
116 118
117 118
118 118
119 118
120 118
121 118
122 118
123 118
124 118
125 118
126 118
127 118
128 118
129 118
130 118
131 118
132 118
133 118
134 118
135 118
136 118
137 118
137 117
137 116
137 115
136 115
136 114
135 114
135 113
134 113
134 112
133 112
133 111
132 111
132 110
131 110
131 109
130 109
130 108
129 108
129 107
128 107
128 106
127 106
127 105
126 105
126 104
125 104
125 103
124 103
124 102
123 102
123 101
122 101
122 100
121 100
121 99
120 99
120 98
119 98
119 97
118 97
118 96
117 96
117 95
116 95
115 95
115 94
116 94
115 93
114 93
114 92
113 92
113 91
112 91
115 91
116 92
117 93
118 92
119 92
119 91
118 91
121 90
120 89
120 88
121 88
121 87
120 87
120 86
119 86
118 85
117 84
116 83
115 82
114 81
113 80
112 79
111 78
110 77
109 76
108 75
107 74
106 73
105 72
104 71
103 70
102 69
101 68
100 67
99 66
98 65
97 64
96 63
95 62
94 61
93 60
120 85
120 84
120 83
120 82
120 81
120 80
120 79
120 78
120 77
120 76
120 75
119 75
118 74
117 73
116 72
115 71
114 70
113 69
114 68
113 67
112 66
111 65
110 64
109 63
108 62
107 61
106 60
105 59
104 58
103 57
102 56
101 55
100 54
99 53
98 52
97 51
96 50
95 49
94 48
93 47
92 46
91 45
90 44
89 43
88 42
87 41
86 40
85 39
84 38
83 37
82 36
81 35
80 34
115 69
116 70
117 71
118 72
119 73
120 73
120 72
121 72
120 71
120 70
120 69
120 68
121 68
120 67
120 66
120 65
120 64
121 64
120 63
119 63
119 62
118 62
118 61
117 61
117 60
116 60
116 59
115 59
115 58
114 58
114 57
113 57
113 56
112 56
112 55
111 55
111 54
110 54
110 53
109 53
109 52
108 52
108 51
107 51
107 50
106 50
106 49
105 49
105 48
104 48
104 47
103 47
103 46
102 45
101 44
100 43
99 42
98 41
97 40
96 39
95 38
94 37
93 36
92 35
91 34
120 62
120 61
120 60
120 59
120 58
120 57
120 56
120 55
120 54
120 53
120 52
120 51
119 51
119 50
118 50
118 49
117 49
117 48
116 48
116 47
115 46
114 45
113 44
112 43
111 42
110 41
109 40
108 39
107 38
106 37
105 36
104 35
103 34
120 50
120 49
120 48
120 47
120 46
121 46
120 45
120 44
120 43
120 42
120 41
120 40
120 39
120 38
120 37
120 36
120 35
120 34
120 33
119 32
118 31
122 45
123 44
124 43
125 42
126 41
127 40
128 39
129 38
130 37
131 36
132 35
133 34
121 51
122 50
123 49
124 48
125 47
126 46
127 45
128 44
129 43
130 42
131 41
132 40
133 39
134 38
135 37
136 36
137 35
138 34
139 33
140 32
141 31
142 30
143 29
144 28
145 27
146 26
122 63
123 62
124 61
125 60
126 59
127 58
128 57
129 56
130 55
131 54
132 53
133 52
134 51
135 50
136 49
137 48
138 47
139 46
140 45
141 44
142 43
143 42
144 41
145 40
146 39
147 38
122 67
123 66
124 65
125 64
126 63
127 62
128 61
129 60
130 59
131 58
132 57
133 56
134 55
135 54
136 53
122 71
123 70
124 69
125 68
126 67
127 66
128 65
129 64
130 63
131 62
132 61
133 60
134 59
135 58
136 57
137 56
138 55
139 54
140 53
141 52
142 51
143 50
144 49
145 48
146 47
147 46
148 45
149 44
150 43
151 42
152 41
153 40
154 39
155 38
156 37
157 36
158 35
159 34
120 74
121 75
122 74
123 73
124 72
125 71
126 70
127 69
128 68
129 67
130 66
131 65
132 64
133 63
134 62
135 61
136 60
137 59
138 58
139 57
140 56
141 55
142 54
143 53
144 52
145 51
146 50
147 49
148 48
149 47
121 86
122 86
123 86
123 85
122 85
123 84
124 84
125 84
125 83
124 83
125 82
126 82
127 82
127 81
126 81
127 80
128 80
129 80
129 79
128 79
129 78
130 78
131 78
131 77
130 77
131 76
132 76
133 76
133 75
132 75
133 74
134 74
135 74
135 73
134 73
135 72
136 72
137 72
137 71
136 71
138 71
138 70
139 70
139 69
140 69
140 68
141 68
141 67
142 67
142 66
143 66
143 65
144 65
144 64
145 64
145 63
146 63
146 62
147 62
147 61
148 61
148 60
149 60
149 59
150 59
150 58
151 58
151 57
152 57
152 56
153 56
153 55
154 55
154 54
155 54
155 53
156 53
156 52
157 52
157 51
158 51
158 50
159 50
159 49
160 49
160 48
161 48
161 47
162 46
163 45
164 44
165 43
166 42
167 41
168 40
169 39
170 38
171 37
172 36
173 35
174 34
175 33
176 32
177 31
178 30
136 73
134 75
132 77
130 79
128 81
126 83
124 85
122 87
121 91
122 90
123 90
124 90
125 90
126 90
127 90
128 90
129 90
130 90
131 90
132 90
133 90
134 90
135 90
136 90
137 90
138 90
139 90
140 90
141 90
142 90
143 90
144 90
145 90
146 90
147 90
148 90
149 90
150 90
151 90
152 90
153 90
154 90
155 90
156 90
157 90
158 90
159 90
160 90
161 90
162 90
163 90
164 90
165 90
166 90
167 90
168 90
169 90
170 90
171 90
172 90
173 90
174 90
175 90
176 90
177 90
178 90
179 90
180 90
181 90
182 90
183 90
184 90
185 90
186 90
187 90
188 90
189 90
190 90
191 90
192 90
193 90
194 90
195 90
196 90
197 90
198 90
199 90
200 90
201 90
202 89
203 88
204 87
205 86
194 89
195 88
196 87
197 86
198 85
199 84
200 83
201 82
202 81
203 80
204 79
205 78
206 77
207 76
208 75
209 74
210 73
211 72
212 71
213 70
214 69
215 68
191 89
192 88
193 87
194 86
188 89
189 88
190 87
191 86
192 85
193 84
194 83
195 82
196 81
197 80
198 79
199 78
200 77
201 76
202 75
203 74
204 73
175 89
174 89
175 88
176 88
176 87
177 87
177 86
178 86
178 85
179 85
179 84
180 84
180 83
181 83
181 82
182 82
182 81
183 81
183 80
184 80
184 79
185 79
185 78
186 78
186 77
187 77
187 76
188 76
188 75
189 75
189 74
190 74
190 73
191 73
191 72
192 72
192 71
193 71
193 70
194 70
194 69
195 69
195 68
196 68
196 67
197 67
197 66
198 66
198 65
199 65
199 64
200 64
200 63
201 63
201 62
202 62
202 61
203 61
203 60
204 60
204 59
205 58
206 57
207 56
208 55
209 54
210 53
211 52
212 51
213 50
214 49
171 89
172 88
173 87
174 86
175 85
176 84
177 83
178 82
179 81
180 80
181 79
157 89
156 88
155 88
155 89
154 89
156 87
157 87
157 86
158 86
158 85
159 84
160 83
161 82
162 81
163 80
164 79
165 78
166 77
167 76
168 75
169 74
170 73
171 72
172 71
173 70
174 69
175 68
176 67
177 66
178 65
179 64
180 63
181 62
159 87
158 88
160 86
161 85
162 84
163 83
164 82
165 81
166 80
167 79
168 78
169 77
170 76
171 75
172 74
173 73
174 72
175 71
176 70
177 69
178 68
179 67
180 66
181 65
182 64
183 63
184 62
185 61
186 60
187 59
188 58
189 57
190 56
191 55
192 54
193 53
194 52
195 51
196 50
197 49
198 48
199 47
200 46
201 45
202 44
148 89
149 88
150 87
151 86
152 85
153 84
154 83
155 82
156 81
157 80
158 79
159 78
160 77
161 76
162 75
163 74
164 73
165 72
166 71
167 70
168 69
169 68
170 67
171 66
172 65
173 64
174 63
175 62
176 61
177 60
178 59
179 58
180 57
181 56
182 55
183 54
184 53
185 52
186 51
187 50
188 49
189 48
190 47
191 46
192 45
193 44
194 43
195 42
196 41
197 40
198 39
144 89
145 88
146 87
147 86
148 85
149 84
150 83
151 82
152 81
153 80
154 79
155 78
156 77
157 76
158 75
159 74
160 73
161 72
162 71
163 70
164 69
165 68
166 67
167 66
168 65
169 64
170 63
171 62
172 61
173 60
174 59
175 58
176 57
177 56
178 55
179 54
180 53
181 52
182 51
183 50
184 49
185 48
186 47
187 46
188 45
189 44
190 43
191 42
192 41
193 40
194 39
195 38
141 89
140 89
139 89
138 89
137 88
136 87
135 87
134 87
134 88
133 88
133 89
132 89
131 88
130 87
129 88
128 89
130 89
131 86
132 85
133 84
134 83
135 82
136 81
137 80
138 79
139 78
140 77
141 76
142 75
143 74
144 73
145 72
146 71
147 70
148 69
149 68
150 67
151 66
152 65
153 64
154 63
155 62
156 61
157 60
158 59
159 58
160 57
161 56
162 55
163 54
164 53
165 52
166 51
167 50
168 49
169 48
170 47
171 46
172 45
173 44
174 43
175 42
176 41
177 40
178 39
179 38
180 37
181 36
182 35
183 34
184 33
185 32
186 31
187 32
186 33
185 34
184 35
183 36
182 37
181 38
180 39
179 40
178 41
177 42
176 43
175 44
174 45
173 46
172 47
171 48
170 49
169 50
168 51
167 52
166 53
165 54
164 55
163 56
162 57
161 58
160 59
159 60
158 61
157 62
156 63
155 64
154 65
153 66
152 67
151 68
150 69
149 70
148 71
147 72
146 73
145 74
144 75
143 76
142 77
141 78
140 79
139 80
138 81
137 82
136 83
135 84
134 85
133 86
132 87
135 86
136 86
137 86
137 85
136 85
137 84
138 84
139 84
139 83
138 83
139 82
140 82
141 82
141 81
140 81
141 80
142 80
143 80
143 79
142 79
143 78
144 78
145 78
145 77
144 77
145 76
146 76
147 76
147 75
146 75
147 74
148 73
149 72
150 71
151 70
152 69
153 68
154 67
155 66
156 65
157 64
158 63
159 62
160 61
161 60
162 59
163 58
164 57
165 56
166 55
167 54
168 53
169 52
170 51
171 50
172 49
173 48
174 47
175 46
176 45
177 44
178 43
179 42
180 41
181 40
182 39
183 38
184 37
185 36
186 35
187 34
188 33
189 34
188 35
187 36
186 37
185 38
184 39
183 40
182 41
181 42
180 43
179 44
178 45
177 46
176 47
175 48
174 49
173 50
172 51
171 52
170 53
169 54
168 55
167 56
166 57
165 58
164 59
163 60
162 61
161 62
160 63
159 64
158 65
157 66
156 67
155 68
154 69
153 70
152 71
151 72
150 73
149 74
148 75
149 76
148 77
147 78
146 77
146 79
145 80
144 79
144 81
143 82
142 81
142 83
141 84
140 83
140 85
139 86
138 85
138 87
139 88
140 88
141 88
142 88
142 87
141 87
140 87
141 86
142 86
143 86
144 86
144 85
143 85
142 85
143 84
144 84
145 84
146 84
146 83
145 83
144 83
145 82
146 82
147 82
148 82
148 81
147 81
146 81
147 80
148 80
149 80
150 80
150 79
149 79
148 79
149 78
150 78
151 78
152 78
152 77
151 77
150 77
151 76
152 76
153 76
154 76
154 75
153 75
152 75
151 74
150 75
152 73
153 72
154 71
155 70
156 69
157 68
158 67
159 66
160 65
161 64
162 63
163 62
164 61
165 60
166 59
167 58
168 57
169 56
170 55
171 54
172 53
173 52
174 51
175 50
176 49
177 48
178 47
179 46
180 45
181 44
182 43
183 42
184 41
185 40
186 39
187 38
188 37
189 36
190 35
181 46
182 46
181 47
180 47
180 48
179 48
179 49
178 49
178 50
177 50
177 51
176 51
176 52
175 52
175 53
174 53
174 54
173 54
173 55
172 55
172 56
171 56
171 57
170 57
170 58
169 58
169 59
168 59
168 60
167 60
167 61
166 61
166 62
165 62
165 63
164 63
164 64
163 64
163 65
162 65
162 66
161 66
161 67
160 67
160 68
159 68
159 69
158 69
158 70
157 70
157 71
156 71
156 72
155 72
155 73
154 73
154 74
153 74
155 74
156 74
156 73
157 73
157 72
158 72
158 71
159 71
159 70
160 70
160 69
161 69
161 68
162 68
162 67
163 67
163 66
164 66
164 65
165 65
165 64
166 64
166 63
167 63
167 62
168 62
169 61
170 60
171 59
172 58
173 57
174 56
175 55
176 54
177 53
178 52
179 51
180 50
181 49
182 48
183 47
184 46
183 45
184 44
185 43
186 42
187 41
188 40
189 39
190 38
191 37
192 36
193 37
192 38
191 39
190 40
189 41
188 42
187 43
186 44
185 45
155 75
153 77
151 79
149 81
147 83
145 85
143 87
134 89
135 88
136 89
125 89
124 89
125 88
126 88
126 87
127 87
127 86
128 86
128 85
129 85
129 84
130 84
130 83
131 83
131 82
132 82
132 81
133 81
133 80
134 80
134 79
135 79
135 78
136 78
136 77
137 77
137 76
138 76
138 75
139 75
139 74
140 74
140 73
141 73
141 72
142 72
142 71
143 71
143 70
144 70
144 69
145 69
145 68
146 68
146 67
147 67
147 66
148 66
148 65
149 65
149 64
150 64
150 63
151 63
151 62
152 62
152 61
153 61
153 60
154 60
154 59
155 59
155 58
156 57
157 56
158 55
159 54
160 53
161 52
162 51
163 50
164 49
165 48
166 47
167 46
168 45
169 44
170 43
122 92
123 92
124 92
125 92
126 92
127 92
128 92
129 92
130 92
131 92
132 92
133 92
134 92
135 92
136 92
137 92
138 92
139 92
140 92
141 92
142 92
143 92
144 92
145 92
146 92
147 92
148 92
149 92
150 92
151 92
152 92
153 92
154 92
155 92
156 92
157 92
158 92
159 92
160 92
161 92
162 92
163 92
164 92
165 92
166 92
167 92
168 92
169 92
137 93
136 93
135 93
134 93
133 93
132 93
131 93
130 93
129 93
128 93
127 93
126 93
125 93
124 93
123 93
124 94
125 95
126 96
127 97
128 98
129 98
130 98
131 98
132 98
133 98
134 98
135 98
136 98
137 98
138 98
139 98
140 98
141 98
142 98
143 98
144 98
145 98
146 98
147 98
148 98
149 98
150 98
151 98
152 98
153 98
154 98
155 98
156 98
157 98
158 98
159 98
160 98
161 98
162 98
163 98
164 98
165 98
166 98
167 98
168 98
169 98
170 98
171 98
172 98
173 98
174 98
175 98
176 98
177 98
178 98
179 98
180 98
181 98
182 98
183 98
184 98
185 98
186 98
187 98
188 98
189 98
190 98
191 98
192 98
193 98
194 98
195 98
196 98
197 98
198 98
199 98
200 98
201 98
202 98
203 98
204 98
205 98
206 98
207 98
208 98
209 98
210 98
211 98
212 98
213 98
214 98
215 98
129 99
130 100
131 100
132 100
133 100
134 100
135 100
136 100
137 100
138 100
139 100
140 100
141 100
142 100
143 100
144 100
145 100
146 100
147 100
148 100
149 100
150 100
151 100
152 100
153 100
154 100
155 100
156 100
157 100
158 100
159 100
160 100
161 100
162 100
163 100
164 100
165 100
166 100
167 100
168 100
169 100
170 100
171 100
172 100
173 100
174 100
175 100
176 100
177 100
178 100
179 100
180 100
181 100
131 101
132 102
133 102
134 102
135 102
136 102
137 102
138 102
139 102
140 102
141 102
142 102
143 102
144 102
145 102
146 102
147 102
148 102
149 102
150 102
151 102
152 102
153 102
154 102
155 102
156 102
157 102
158 102
159 102
160 102
161 102
162 102
163 102
164 102
165 102
166 102
167 102
168 102
157 103
156 103
155 103
154 103
153 103
152 103
151 103
150 103
149 103
148 103
147 103
146 103
145 103
144 103
143 103
142 103
141 103
140 103
139 103
138 103
137 103
136 103
135 103
134 103
133 103
134 104
135 105
136 106
137 107
137 108
138 108
137 109
136 109
135 108
134 107
133 106
132 105
131 104
130 103
129 102
128 101
127 100
126 99
125 98
124 97
123 96
122 95
121 94
120 93
137 110
137 111
137 112
136 112
135 111
134 110
133 109
132 108
131 107
130 106
129 105
128 104
127 103
126 102
125 101
124 100
123 99
122 98
121 97
120 96
119 95
118 94
137 113
137 114
139 109
140 110
141 111
142 111
143 111
144 111
145 111
146 111
147 111
148 111
149 111
150 111
151 111
152 111
153 111
154 111
155 111
156 111
157 111
158 111
159 111
160 111
161 111
162 111
163 111
164 111
165 111
166 111
167 111
168 111
169 111
170 111
171 111
172 111
173 111
174 111
175 111
176 111
177 111
178 111
179 111
180 111
181 111
182 111
183 111
184 111
185 111
186 111
187 111
188 111
189 111
190 111
191 111
192 111
193 111
194 111
195 111
196 111
197 111
198 111
199 111
200 111
201 111
202 111
203 111
204 111
205 111
181 112
180 112
179 112
178 112
177 112
176 112
175 112
174 112
173 112
172 112
171 112
170 112
169 112
168 112
167 112
166 112
165 112
164 112
163 112
162 112
161 112
160 112
159 112
158 112
157 112
156 112
155 112
154 112
153 112
152 112
151 112
150 112
149 112
148 112
147 112
146 112
145 112
144 112
143 112
142 112
143 113
144 114
145 114
146 114
147 114
148 114
149 114
150 114
151 114
152 114
153 114
154 114
155 114
156 114
157 114
158 114
159 114
160 114
161 114
162 114
163 114
164 114
165 114
166 114
167 114
168 114
169 114
170 114
171 114
172 114
173 114
174 114
175 114
176 114
177 114
178 114
179 114
180 114
181 114
182 114
183 114
184 114
185 114
186 114
187 114
188 114
189 114
190 114
191 114
192 114
193 114
194 114
145 115
146 116
147 117
148 118
149 118
150 118
151 118
152 118
153 118
154 118
155 118
156 118
157 118
158 118
149 119
150 120
151 121
152 122
153 123
154 124
155 124
156 124
157 124
158 124
159 124
160 124
161 124
162 124
163 124
164 124
165 124
166 124
167 124
168 124
169 124
170 124
171 124
172 124
173 124
174 124
175 124
176 124
177 124
178 124
179 124
180 124
181 124
155 125
156 126
157 127
158 128
159 129
160 129
161 129
162 129
163 129
164 129
165 129
166 129
167 129
168 129
169 129
170 129
171 129
172 129
173 129
174 129
175 129
176 129
177 129
178 129
179 129
180 129
181 129
182 129
183 129
184 129
185 129
186 129
187 129
188 129
189 129
190 129
191 129
192 129
193 129
194 129
195 129
196 129
197 129
198 129
199 129
200 129
201 129
202 129
203 129
204 129
205 129
206 129
207 129
208 129
209 129
210 129
211 129
212 129
213 129
214 129
202 130
201 130
200 130
199 130
198 130
197 130
196 130
195 130
194 130
193 130
192 130
191 130
190 130
189 130
188 130
187 130
186 130
185 130
184 130
183 130
182 130
181 130
180 130
179 130
178 130
177 130
176 130
175 130
174 130
173 130
172 130
171 130
170 130
169 130
168 130
167 130
166 130
165 130
164 130
163 130
162 130
161 130
160 130
161 131
162 131
163 131
164 131
165 131
166 131
167 131
168 131
162 132
163 133
164 134
165 135
166 136
167 137
168 138
169 138
170 138
171 138
172 138
173 138
174 138
175 138
176 138
177 138
178 138
179 138
180 138
181 138
182 138
183 138
184 138
185 138
186 138
187 138
188 138
189 138
190 138
191 138
192 138
193 138
194 138
195 138
196 138
197 138
192 139
191 139
190 139
189 139
188 139
187 139
186 139
185 139
184 139
183 139
182 139
181 139
180 139
179 139
178 139
177 139
176 139
175 139
174 139
173 139
172 139
171 139
170 139
169 139
170 140
171 141
172 142
173 142
174 142
175 142
176 142
177 142
178 142
179 142
180 142
181 142
182 142
183 142
184 142
185 142
186 142
187 142
188 142
189 142
190 142
181 143
180 143
179 143
178 143
177 143
176 143
175 143
174 143
173 143
114 96
113 97
112 98
112 99
111 99
110 98
109 97
108 96
107 95
106 94
105 93
104 92
103 91
110 100
109 101
108 102
107 103
106 104
105 105
104 105
103 105
102 105
101 105
100 105
99 105
98 105
97 105
96 105
95 105
94 105
93 105
92 105
91 105
90 105
89 105
88 105
87 105
86 105
87 106
88 107
89 108
103 104
104 104
103 103
102 102
101 101
100 100
99 99
98 98
97 97
96 96
95 95
94 94
93 93
92 92
91 91
103 106
104 106
103 107
102 108
106 106
107 107
108 108
109 109
110 110
111 111
112 111
112 110
112 109
112 108
112 107
112 106
112 105
112 104
112 103
112 102
112 101
113 101
114 101
115 101
116 101
114 102
115 103
116 104
116 105
117 105
116 106
116 107
116 108
116 109
116 110
116 111
116 112
116 113
116 114
116 115
115 115
114 114
113 113
112 113
112 112
112 114
112 115
112 116
112 117
116 116
116 117
117 117
118 117
119 117
120 117
121 117
122 117
123 117
124 117
125 117
126 117
118 106
119 107
120 108
121 109
122 110
123 111
124 112
125 113
126 114
127 115
128 116
129 117
112 100
136 119
135 120
134 121
133 122
132 123
131 124
130 125
129 126
128 127
127 127
127 128
128 128
127 129
127 130
127 131
127 132
127 133
127 134
127 135
127 136
127 137
127 138
127 139
127 140
127 141
127 142
127 143
127 144
127 145
127 146
127 147
127 148
127 149
127 150
127 151
129 129
130 130
131 131
132 131
133 131
134 131
135 131
136 131
132 132
133 133
134 134
135 135
136 136
137 137
138 138
139 139
140 140
141 141
141 142
141 143
126 126
125 125
124 124
123 123
122 122
121 121
120 120
119 119
138 119
139 120
140 121
141 122
142 123
143 124
144 125
145 126
146 127
147 128
148 129
149 130
150 131
151 131
152 131
153 131
154 131
155 131
156 131
157 131
151 132
152 133
153 134
154 135
155 136
156 137
157 138
158 139
159 140
160 141
161 142
162 143
116 119
116 120
116 121
116 122
116 123
116 124
116 125
116 126
116 127
116 128
116 129
112 119
112 120
112 121
112 122
112 123
112 124
112 125
112 126
112 127
112 128
112 129
112 130
112 131
112 132
112 133
112 134
112 135
112 136
112 137
112 138
112 139
112 140
112 141
112 142
112 143
94 113
93 112
92 111
91 110
86 89
86 88
86 87
87 87
87 86
86 86
86 85
85 85
84 84
83 83
82 82
81 81
80 80
79 79
78 78
77 77
76 76
75 75
74 74
73 73
72 72
71 72
71 71
70 70
69 69
68 68
67 67
66 66
65 65
64 64
63 63
62 62
61 61
60 60
60 59
59 59
58 58
57 57
56 56
55 55
54 54
53 53
52 52
51 51
50 50
49 49
48 48
47 48
46 48
45 48
44 48
43 48
42 48
41 47
40 46
39 45
38 44
37 43
36 42
35 41
48 47
48 46
48 45
48 44
48 43
48 42
48 41
48 40
48 39
47 39
46 38
45 37
46 36
47 37
48 38
61 59
62 59
63 59
64 59
65 59
66 59
67 59
68 59
69 59
70 59
71 59
71 58
71 57
70 57
69 56
68 55
67 54
66 53
65 52
64 51
63 50
62 49
61 48
60 47
59 46
58 45
57 44
56 43
55 42
54 41
53 40
52 39
51 38
50 37
49 36
48 35
49 34
50 33
51 34
50 35
51 36
52 35
53 36
52 37
53 38
54 37
55 38
54 39
55 40
56 39
57 40
56 41
57 42
58 41
59 42
58 43
59 44
60 43
61 44
60 45
61 46
62 45
63 46
62 47
63 48
64 47
65 48
64 49
65 50
66 49
67 50
66 51
67 52
68 51
69 52
68 53
69 54
70 53
71 54
71 55
70 55
71 56
72 60
73 61
74 62
75 63
76 64
77 65
78 66
79 67
80 68
81 69
82 70
83 71
84 72
85 73
86 74
86 75
87 75
86 76
86 77
86 78
86 79
86 80
86 81
86 82
86 83
86 84
88 76
89 76
90 76
91 76
92 76
89 77
90 78
91 79
92 80
93 81
94 82
95 83
96 84
97 85
98 86
99 87
100 88
101 89
71 73
71 74
71 75
71 76
71 77
71 78
71 79
71 80
88 86
89 86
90 86
91 86
88 88
89 89
86 91
86 92
86 93
86 94
86 95
86 96
86 97
86 98
110 89
109 88
108 87
107 86
106 85
105 84
104 83
103 82
102 81
101 80
100 79
99 78
98 77
97 76
96 75
95 74
94 73
93 72
92 71
91 70
90 69
89 68
88 67
87 66
86 65
85 64
84 63
83 62
82 61
113 89
112 88
111 87
110 86
109 85
108 84
107 83
106 82
105 81
104 80
103 79
102 78
101 77
100 76
99 75
98 74
97 73
96 72
95 71
94 70
93 69
92 68
91 67
90 66
89 65
88 64
87 63
86 62
85 61
84 60
83 59
82 58
81 57
80 56
79 55
78 54
77 53
76 52
75 51
74 50
73 49
72 48
71 47
116 89
115 88
114 87
113 86
112 85
111 84
110 83
109 82
108 81
107 80
106 79
105 78
104 77
103 76
102 75
101 74
100 73
99 72
98 71
97 70
96 69
95 68
94 67
93 66
92 65
91 64
90 63
89 62
88 61
87 60
86 59
85 58
84 57
83 56
82 55
81 54
80 53
79 52
78 51
77 50
76 49
75 48
74 47
73 46
72 45
71 44
70 43
69 42
68 41
67 40
66 39
65 38
64 37
63 36
62 35
61 34
121
112 90
30 89
51 89
33 68
49 68
30 49
69 105
71 93
51 109
33 109
87 110
71 123
87 143
82 127
30 128
48 129
35 136
36 137
45 140
46 141
48 142
52 143
66 143
53 147
54 149
55 150
93 127
99 144
137 118
93 60
113 69
92 46
80 34
103 47
91 34
116 48
103 34
118 31
133 34
146 26
147 38
136 53
159 34
149 47
136 71
161 48
178 30
205 86
215 68
194 86
204 73
204 60
214 49
181 79
158 86
181 62
202 44
198 39
158 75
195 38
186 31
187 32
147 75
188 33
189 34
190 35
181 46
167 62
192 36
193 37
124 89
155 59
170 43
169 92
137 93
204 98
215 98
181 100
168 102
157 103
136 103
205 111
181 112
194 114
158 118
181 124
214 129
202 130
168 131
197 138
192 139
190 142
181 143
103 106
116 101
112 116
126 117
127 138
127 151
136 131
141 143
157 131
162 143
116 129
112 143
48 48
35 41
45 37
46 36
71 59
48 35
49 34
50 33
92 76
71 80
91 86
86 98
82 61
71 47
103 76
61 34
