3481
119 90
118 90
117 90
116 90
115 90
114 90
113 90
112 90
111 90
110 90
109 90
108 90
107 90
106 90
105 90
104 90
103 90
102 90
101 90
100 90
99 90
98 90
97 90
96 90
95 90
94 90
93 90
92 90
91 90
90 90
89 90
88 90
87 90
86 90
85 90
84 90
83 90
82 90
81 90
80 90
79 90
78 90
77 90
76 90
75 90
74 90
73 90
72 90
71 90
70 90
69 90
68 90
67 90
66 90
65 90
64 90
63 90
62 90
61 90
60 90
59 90
58 90
57 90
56 90
55 90
54 90
53 90
52 90
51 90
50 90
49 90
48 90
47 90
46 90
45 90
44 90
43 90
42 90
41 89
40 88
39 87
38 86
37 85
36 84
35 83
34 82
33 81
32 80
31 79
30 78
51 89
62 89
61 88
60 87
59 86
58 85
57 84
56 83
55 82
54 81
53 80
52 79
51 78
50 77
49 76
48 75
47 74
46 73
45 72
44 71
43 70
42 69
41 68
40 67
39 66
38 65
37 64
36 63
35 62
34 61
33 60
32 59
31 58
30 57
64 91
65 92
66 93
66 94
65 94
64 94
63 94
62 94
61 94
60 94
59 94
58 94
57 94
56 94
55 94
54 94
53 94
52 94
51 94
50 94
49 94
48 94
47 94
46 94
45 94
44 94
43 94
42 94
41 94
40 94
39 94
38 94
37 94
36 94
35 94
34 94
33 94
32 94
31 94
67 94
68 94
69 94
70 94
71 94
72 94
73 94
74 94
75 94
76 94
77 94
78 94
79 94
80 94
81 94
82 94
83 94
84 94
85 94
86 94
87 94
88 94
89 94
90 94
91 94
92 94
93 94
94 94
95 94
96 94
97 94
98 94
99 94
100 94
101 94
102 94
103 94
104 94
105 94
106 94
107 94
108 94
109 94
110 94
111 94
112 94
113 94
114 94
115 94
116 94
115 95
114 96
113 97
113 98
112 98
111 99
110 100
109 101
109 102
108 102
107 102
106 102
105 101
104 100
103 99
102 98
101 97
100 96
99 95
107 103
106 104
105 105
104 105
103 105
102 105
101 105
100 105
99 105
98 105
97 105
96 105
95 105
94 105
93 105
92 105
91 105
90 105
89 105
88 105
87 105
86 105
85 105
84 105
83 105
82 105
81 105
80 105
79 105
78 105
77 105
76 105
75 105
74 105
73 105
72 105
71 105
70 105
69 105
68 105
67 105
66 105
65 105
64 105
77 104
76 103
75 102
74 101
73 100
72 99
71 98
70 97
69 96
68 95
79 106
80 107
81 108
81 109
80 109
79 109
78 109
77 109
76 109
75 109
74 109
73 109
72 109
71 109
70 109
69 109
68 109
67 109
66 109
65 109
64 109
63 109
62 109
61 109
60 109
59 109
58 109
57 109
56 109
55 109
54 109
53 109
52 109
51 109
50 109
49 109
48 109
47 109
46 109
45 109
44 109
43 109
42 109
41 109
40 109
39 109
38 109
37 109
36 109
35 109
34 109
33 109
82 109
83 109
84 109
85 109
86 109
87 109
88 109
89 109
90 109
91 109
92 109
93 109
94 109
95 109
96 109
97 109
98 109
99 109
100 109
101 109
100 110
99 111
98 112
97 113
96 114
95 115
94 116
93 117
92 118
91 118
91 119
92 119
92 120
93 120
92 121
92 122
92 123
92 124
92 125
92 126
92 127
92 128
92 129
92 130
92 131
92 132
92 133
92 134
92 135
92 136
92 137
92 138
92 139
92 140
92 141
92 142
92 143
94 121
95 122
96 123
97 123
98 123
99 123
100 123
101 123
102 123
103 123
104 123
105 123
106 123
107 123
108 123
109 123
110 123
111 123
112 123
113 123
114 123
115 123
116 123
117 123
118 123
119 123
120 123
121 123
122 123
123 123
124 123
125 123
126 123
127 123
128 123
129 123
130 123
131 123
132 123
133 123
134 123
135 123
136 123
137 123
138 123
139 123
140 123
141 123
142 123
143 123
144 123
145 123
146 123
147 123
148 123
148 122
147 122
147 121
146 121
146 120
145 120
145 119
144 119
144 118
143 118
143 117
142 117
142 116
141 116
141 115
140 115
140 114
139 114
139 113
138 113
138 112
137 112
137 111
136 111
136 110
135 110
135 109
134 109
134 108
133 108
133 107
132 107
132 106
131 106
131 105
130 105
130 104
129 103
128 102
127 101
126 100
125 99
124 98
123 97
122 96
121 95
120 94
119 93
118 92
117 91
117 93
119 91
120 91
121 91
122 91
123 91
124 91
125 91
126 91
127 91
128 91
129 91
130 91
131 91
132 91
133 91
134 91
135 91
136 91
137 91
138 91
139 91
140 91
141 91
142 91
143 91
144 91
145 91
146 91
147 91
148 91
149 91
150 91
151 91
152 91
153 91
154 91
155 91
156 91
157 91
158 91
159 91
160 91
161 91
162 91
163 91
164 91
165 91
166 91
167 91
168 91
169 91
170 91
171 91
172 91
173 91
174 91
175 91
176 91
177 91
178 91
179 91
180 91
181 91
182 91
183 91
184 91
185 91
186 91
187 91
188 91
189 91
190 91
191 91
192 91
193 91
194 91
195 91
196 91
197 91
198 91
199 91
200 91
201 91
202 91
203 91
204 91
205 91
185 90
184 90
183 90
182 90
181 90
180 90
179 90
178 90
177 90
176 90
175 90
174 90
173 90
172 90
171 90
170 90
169 90
168 90
167 90
166 90
165 90
164 90
163 90
162 90
161 90
160 90
159 90
158 90
157 90
156 90
155 90
154 90
153 90
152 90
151 90
150 90
149 90
148 90
147 90
146 90
145 90
144 90
143 90
142 90
141 90
140 90
139 90
138 90
137 90
136 90
135 90
134 90
133 90
132 90
131 90
130 90
129 90
128 90
127 90
126 90
125 90
124 90
123 90
122 90
121 90
120 89
121 89
120 88
120 87
120 86
121 86
121 85
120 85
120 84
120 83
121 83
120 82
119 82
118 81
117 80
116 79
115 78
114 77
113 76
112 75
111 74
110 73
109 72
108 71
107 70
106 69
105 68
104 67
103 66
102 65
101 64
100 63
99 62
98 61
97 60
96 59
95 58
94 57
93 56
120 81
120 80
120 79
120 78
120 77
120 76
119 76
118 75
117 74
116 73
115 72
114 71
113 70
112 69
113 68
112 67
111 66
110 65
109 64
108 63
107 62
106 61
105 60
104 59
103 58
102 57
101 56
100 55
99 54
98 53
97 52
96 51
95 50
94 49
93 48
92 47
91 46
90 45
89 44
88 43
87 42
86 41
85 40
84 39
83 38
82 37
81 36
80 35
79 34
114 69
115 70
116 71
117 72
118 73
119 74
120 74
120 73
120 72
120 71
120 70
120 69
120 68
120 67
120 66
121 66
121 65
120 65
120 64
120 63
120 62
120 61
120 60
120 59
120 58
120 57
119 57
119 56
118 56
118 55
117 55
117 54
116 54
116 53
115 53
115 52
114 52
114 51
113 51
112 50
111 49
110 48
109 47
108 46
107 45
106 44
105 43
104 42
103 41
102 40
101 39
100 38
99 37
98 36
97 35
96 34
120 56
120 55
120 54
120 53
120 52
120 51
120 50
120 49
120 48
121 48
120 47
120 46
120 45
120 44
120 43
120 42
120 41
120 40
119 40
118 39
117 38
116 37
115 36
114 35
113 34
120 39
120 38
121 37
122 36
123 35
124 34
122 47
123 46
124 45
125 44
126 43
127 42
128 41
129 40
130 39
131 38
132 37
133 36
134 35
135 34
122 65
122 64
123 64
123 63
124 63
124 62
125 62
125 61
126 61
126 60
127 60
127 59
128 59
128 58
129 58
129 57
130 57
130 56
131 56
131 55
132 55
132 54
133 54
133 53
134 53
134 52
135 51
136 50
137 49
138 48
139 47
140 46
141 45
142 44
143 43
144 42
145 41
146 40
147 39
148 38
149 37
150 36
151 35
152 34
120 75
121 75
122 74
123 73
124 72
125 71
126 70
127 69
128 68
129 67
130 66
131 65
132 64
133 63
134 62
135 61
136 60
137 59
138 58
139 57
140 56
141 55
142 54
143 53
144 52
145 51
146 50
147 49
148 48
149 47
122 82
123 81
124 80
125 79
126 78
127 77
128 76
129 75
130 74
131 73
132 72
133 71
134 70
135 69
136 68
137 67
138 66
139 65
140 64
141 63
142 62
143 61
144 60
145 59
146 58
147 57
148 56
149 55
150 54
151 53
152 52
153 51
154 50
155 49
156 48
157 47
158 46
159 45
160 44
161 43
162 42
163 41
164 40
165 39
166 38
167 37
168 36
169 35
170 34
171 35
170 36
169 37
168 38
167 39
166 40
165 41
164 42
163 43
162 44
161 45
160 46
159 47
158 48
157 49
156 50
155 51
154 52
153 53
152 54
151 55
150 56
149 57
148 58
147 59
146 60
145 61
144 62
143 63
142 64
141 65
140 66
139 67
138 68
137 69
136 70
136 71
135 71
135 72
134 72
134 73
133 73
133 74
132 74
132 75
131 75
131 76
130 76
130 77
129 77
129 78
128 78
128 79
127 79
127 80
126 80
126 81
125 81
125 82
124 82
124 83
123 83
123 84
122 84
122 85
172 34
173 33
174 32
175 31
176 30
177 29
178 28
179 27
180 26
181 25
182 24
122 88
123 87
124 86
125 85
126 84
127 83
128 82
129 81
130 80
131 79
132 78
133 77
134 76
135 75
136 74
137 73
138 72
139 71
140 70
141 69
142 68
143 67
144 66
145 65
146 64
147 63
148 62
149 61
150 60
151 59
152 58
153 57
154 56
155 55
156 54
157 53
158 52
159 51
160 50
161 49
162 48
163 47
164 46
165 45
166 44
167 43
168 42
169 41
170 40
171 39
172 38
173 37
174 36
175 35
176 34
177 33
178 32
179 31
180 30
181 29
182 28
183 27
153 59
154 59
153 60
152 60
152 61
151 61
151 62
150 62
150 63
149 63
149 64
148 64
148 65
147 65
147 66
146 66
146 67
145 67
145 68
144 68
144 69
143 69
143 70
142 70
142 71
141 71
141 72
140 72
140 73
139 73
139 74
138 74
138 75
137 75
137 76
136 76
136 77
135 77
135 78
134 78
134 79
133 79
133 80
132 80
132 81
131 81
131 82
130 82
130 83
129 83
129 84
128 84
128 85
127 85
127 86
126 86
126 87
125 87
125 88
124 88
124 89
123 89
155 58
156 57
157 56
158 55
159 54
160 53
161 52
162 51
163 50
164 49
165 48
166 47
167 46
168 45
169 44
170 43
171 42
172 41
173 40
174 39
175 38
176 37
177 36
178 35
179 34
180 33
181 32
182 31
183 30
184 29
129 89
130 89
130 88
131 88
131 87
132 87
132 86
133 86
133 85
134 85
134 84
135 84
135 83
136 83
136 82
137 82
137 81
138 81
138 80
139 80
139 79
140 79
140 78
141 78
141 77
142 77
142 76
143 76
143 75
144 75
144 74
145 74
145 73
146 73
146 72
147 72
147 71
148 71
148 70
149 70
149 69
150 69
150 68
151 68
151 67
152 67
152 66
153 66
153 65
154 65
154 64
155 64
155 63
156 63
156 62
157 62
157 61
158 61
158 60
159 60
159 59
160 59
160 58
161 58
161 57
162 57
162 56
163 56
163 55
164 55
164 54
165 54
165 53
166 52
167 51
168 50
169 49
170 48
171 47
172 46
173 45
174 44
175 43
176 42
177 41
178 40
179 39
180 38
181 37
182 36
183 35
184 34
185 33
133 89
134 89
134 88
135 88
135 87
136 87
136 86
137 86
137 85
138 85
138 84
139 84
139 83
140 83
140 82
141 82
141 81
142 81
142 80
143 80
143 79
144 79
144 78
145 78
145 77
146 77
146 76
147 76
147 75
148 75
149 74
150 73
151 72
152 71
153 70
154 69
155 68
156 67
157 66
158 65
159 64
160 63
161 62
162 61
163 60
164 59
165 58
166 57
167 56
168 55
169 54
170 53
171 52
172 51
173 50
174 49
175 48
176 47
177 46
178 45
179 44
180 43
181 42
182 41
183 40
184 39
185 38
186 37
187 36
188 35
189 34
190 35
189 36
188 37
187 38
186 39
185 40
184 41
183 42
182 43
181 44
180 45
179 46
178 47
177 48
176 49
175 50
174 51
173 52
172 53
171 54
170 55
169 56
168 57
167 58
166 59
165 60
164 61
163 62
162 63
161 64
160 65
159 66
158 67
157 68
156 69
155 70
154 71
153 72
152 73
151 74
150 75
149 76
148 77
147 78
146 79
145 80
144 81
143 82
142 83
141 84
140 85
139 86
138 87
137 88
136 89
138 89
139 88
140 87
141 86
142 85
143 84
144 83
145 82
146 81
147 80
148 79
149 78
150 77
151 76
152 75
153 74
154 73
155 72
156 71
157 70
158 69
159 68
160 67
161 66
162 65
163 64
164 63
165 62
166 61
167 60
168 59
169 58
170 57
171 56
172 55
173 54
174 55
173 56
172 57
171 58
170 59
169 60
168 61
167 62
166 63
165 64
164 65
163 66
162 67
161 68
160 69
159 70
158 71
157 72
156 73
155 74
154 75
153 76
152 77
151 78
150 79
149 80
148 81
147 82
146 83
145 84
144 85
143 86
142 87
141 88
140 89
175 54
176 53
177 52
178 51
179 50
180 49
181 48
182 47
183 46
184 45
185 44
186 43
187 42
188 41
189 40
190 39
191 38
192 37
144 89
145 88
146 87
147 86
148 85
149 84
150 83
151 82
152 81
153 80
154 79
155 78
156 77
157 76
158 75
146 89
150 89
151 88
152 87
153 86
154 85
155 84
156 83
157 82
158 81
159 80
160 79
161 78
162 77
163 76
164 75
165 74
166 73
167 72
168 71
169 70
170 69
171 68
172 67
173 66
174 65
175 64
176 63
177 62
178 61
179 60
180 59
181 58
182 57
183 56
184 55
185 54
186 53
187 52
188 51
189 50
190 49
191 48
153 89
154 88
155 87
156 86
157 85
158 84
159 83
160 82
161 81
162 80
163 79
164 78
165 77
166 76
167 75
168 74
169 73
170 72
171 71
172 70
173 69
174 68
175 67
176 66
177 65
178 64
179 63
180 62
181 61
182 60
183 59
184 58
185 57
186 56
187 55
188 54
189 53
190 52
191 51
192 50
193 49
194 48
195 47
196 46
197 45
198 44
199 43
200 42
201 41
202 40
158 86
157 87
156 88
155 89
162 89
163 88
164 87
165 86
166 85
167 84
168 83
169 82
170 81
171 80
172 79
173 78
174 77
175 76
176 75
177 74
178 73
179 72
180 71
181 70
182 69
183 68
184 67
185 66
186 65
187 64
188 63
189 62
190 61
191 60
181 72
182 72
181 73
180 73
180 74
179 74
179 75
178 75
178 76
177 76
177 77
176 77
176 78
175 78
175 79
174 79
174 80
173 80
173 81
172 81
172 82
171 82
171 83
170 83
170 84
169 84
169 85
168 85
168 86
167 86
167 87
166 87
166 88
165 88
165 89
164 89
183 71
184 70
185 69
186 68
187 67
188 66
189 65
190 64
191 63
192 62
193 61
194 60
168 89
169 88
170 87
171 86
172 85
173 84
174 83
175 82
176 81
177 80
178 79
179 78
180 77
181 76
182 75
183 74
184 73
185 72
186 71
187 70
188 69
189 68
190 67
191 66
192 65
193 64
194 63
195 62
196 61
197 60
198 59
199 58
200 57
201 56
202 55
203 54
204 53
205 52
206 51
184 89
185 88
186 87
187 86
188 85
189 84
190 83
191 84
190 85
189 86
188 87
187 88
186 89
192 83
193 82
194 81
195 80
196 79
197 78
198 77
199 76
200 75
201 74
202 73
203 72
204 71
205 70
122 92
121 92
122 93
123 93
124 93
125 93
126 93
127 93
128 93
129 93
130 93
131 93
132 93
133 93
134 93
135 93
136 93
137 93
138 93
139 93
140 93
141 93
142 93
143 93
144 93
145 93
146 93
147 93
148 93
149 93
150 93
151 93
152 93
153 93
154 93
155 93
156 93
157 93
158 93
159 93
160 93
161 93
162 93
163 93
164 93
165 93
166 93
167 93
168 93
169 93
169 94
168 94
167 94
166 94
165 94
164 94
163 94
162 94
161 94
160 94
159 94
158 94
157 94
156 94
155 94
154 94
153 94
152 94
151 94
150 94
149 94
148 94
147 94
146 94
145 94
144 94
143 94
142 94
141 94
140 94
139 94
138 94
137 94
136 94
135 94
134 94
133 94
132 94
131 94
130 94
129 94
128 94
127 94
126 94
125 94
124 94
123 94
124 95
125 95
125 96
126 96
126 97
127 97
127 98
128 98
128 99
129 99
130 99
131 99
132 99
133 99
134 99
135 99
136 99
137 99
138 99
139 99
140 99
141 99
142 99
143 99
144 99
145 99
146 99
147 99
148 99
149 99
150 99
151 99
152 99
153 99
154 99
155 99
156 99
157 99
158 99
159 99
160 99
161 99
162 99
163 99
130 100
129 100
130 101
131 101
131 102
132 102
133 102
134 102
135 102
136 102
137 102
138 102
139 102
140 102
141 102
142 102
143 102
144 102
145 102
146 102
147 102
148 102
149 102
150 102
151 102
152 102
153 102
154 102
155 102
156 102
157 102
158 102
159 102
160 102
161 102
162 102
163 102
164 102
165 102
166 102
167 102
168 102
169 102
170 102
171 102
172 102
173 102
174 102
175 102
176 102
177 102
178 102
179 102
180 102
181 102
182 102
183 102
184 102
185 102
186 102
187 102
188 102
189 102
190 102
191 102
192 102
193 102
194 102
195 102
196 102
197 102
198 102
199 102
200 102
201 102
202 102
203 102
204 102
205 102
206 102
207 102
208 102
209 102
210 102
211 102
133 103
132 103
133 104
134 104
134 105
135 105
135 106
136 106
136 107
137 107
137 108
138 108
138 109
139 109
139 110
140 110
140 111
141 111
142 111
143 111
144 111
145 111
146 111
147 111
148 111
149 111
150 111
151 111
152 111
153 111
154 111
155 111
156 111
157 111
158 111
159 111
160 111
161 111
162 111
163 111
164 111
165 111
166 111
167 111
168 111
169 111
170 111
171 111
172 111
173 111
174 111
175 111
176 111
177 111
178 111
179 111
180 111
181 111
142 112
141 112
142 113
143 113
144 113
145 113
146 113
147 113
148 113
149 113
150 113
151 113
152 113
153 113
154 113
155 113
156 113
157 113
158 113
159 113
160 113
161 113
162 113
163 113
164 113
165 113
166 113
167 113
168 113
169 113
170 113
171 113
172 113
173 113
174 113
175 113
176 113
177 113
178 113
179 113
180 113
181 113
182 113
183 113
184 113
185 113
186 113
187 113
188 113
189 113
190 113
191 113
192 113
193 113
194 113
195 113
196 113
197 113
198 113
199 113
200 113
201 113
202 113
203 113
204 113
205 113
144 114
143 114
144 115
145 115
145 116
146 116
147 116
148 116
149 116
150 116
151 116
152 116
153 116
154 116
155 116
156 116
157 116
158 116
159 116
160 116
161 116
162 116
163 116
164 116
165 116
166 116
167 116
168 116
169 116
170 116
171 116
172 116
173 116
174 116
175 116
176 116
177 116
178 116
179 116
180 116
181 116
182 116
183 116
184 116
185 116
186 116
187 116
188 116
189 116
190 116
191 116
192 116
193 116
194 116
147 117
146 117
147 118
148 118
148 119
149 119
148 120
148 121
150 120
151 121
152 122
153 123
154 124
155 125
156 126
157 127
158 127
159 127
160 127
161 127
162 127
163 127
164 127
158 128
159 129
160 129
161 129
162 129
163 129
164 129
165 129
166 129
167 129
168 129
169 129
170 129
171 129
172 129
173 129
174 129
175 129
176 129
177 129
178 129
179 129
180 129
181 129
182 129
183 129
184 129
185 129
186 129
187 129
188 129
189 129
190 129
191 129
192 129
193 129
194 129
195 129
196 129
197 129
198 129
199 129
200 129
201 129
202 129
203 129
204 129
205 129
206 129
207 129
208 129
209 129
210 129
211 129
212 129
213 129
214 129
202 130
201 130
200 130
199 130
198 130
197 130
196 130
195 130
194 130
193 130
192 130
191 130
190 130
189 130
188 130
187 130
186 130
185 130
184 130
183 130
182 130
181 130
180 130
179 130
178 130
177 130
176 130
175 130
174 130
173 130
172 130
171 130
170 130
169 130
168 130
167 130
166 130
165 130
164 130
163 130
162 130
161 130
160 130
161 131
162 132
163 133
164 134
165 135
166 136
167 137
168 138
169 138
170 138
171 138
172 138
173 138
174 138
175 138
176 138
177 138
178 138
179 138
180 138
181 138
182 138
183 138
184 138
185 138
186 138
187 138
188 138
189 138
190 138
191 138
192 138
193 138
194 138
195 138
196 138
197 138
195 139
194 139
193 139
192 139
191 139
190 139
189 139
188 139
187 139
186 139
185 139
184 139
183 139
182 139
181 139
180 139
179 139
178 139
177 139
176 139
175 139
174 139
173 139
172 139
171 139
170 139
169 139
170 140
171 140
172 140
173 140
174 140
175 140
176 140
177 140
178 140
179 140
180 140
181 140
182 140
183 140
184 140
185 140
186 140
187 140
188 140
189 140
190 140
191 140
171 141
172 142
173 142
174 142
175 142
176 142
177 142
178 142
179 142
180 142
181 142
182 142
183 142
184 142
185 142
186 142
187 142
188 142
189 142
190 142
189 143
188 143
187 143
186 143
185 143
184 143
183 143
182 143
181 143
180 143
179 143
178 143
177 143
176 143
175 143
174 143
173 143
174 144
175 144
176 144
177 144
178 144
179 144
180 144
181 144
182 144
183 144
184 144
185 144
186 144
187 144
175 145
176 146
177 146
178 146
179 146
170 94
171 94
172 94
173 94
174 94
175 94
176 94
177 94
178 94
179 94
180 94
181 94
147 124
146 125
145 126
144 126
143 126
142 126
141 126
140 126
139 126
138 126
137 126
136 126
135 126
134 126
133 126
132 126
131 126
130 126
129 126
128 126
127 126
126 126
125 126
124 126
123 126
122 126
121 126
120 126
119 126
118 126
117 126
116 126
115 126
114 126
113 126
112 126
111 126
110 126
109 126
108 126
107 126
106 126
105 126
104 126
103 126
102 126
101 126
100 126
113 125
114 125
114 124
113 124
113 127
114 127
114 128
113 128
113 129
113 130
113 131
113 132
113 133
113 134
113 135
113 136
113 137
113 138
113 139
113 140
113 141
113 142
113 143
125 125
124 124
127 127
128 128
129 129
130 130
131 131
132 132
133 133
134 133
134 132
134 131
135 131
134 130
133 129
132 128
131 127
136 132
137 133
138 134
139 135
140 136
141 137
142 138
143 139
144 140
145 141
146 142
147 143
148 143
149 143
150 143
151 143
152 143
153 143
154 143
155 143
156 143
157 143
158 143
159 143
160 143
147 144
146 144
145 144
144 144
143 143
142 142
141 141
140 140
139 139
138 138
137 137
136 136
135 135
134 135
134 134
134 136
134 137
134 138
134 139
134 140
134 141
134 142
134 143
129 125
128 124
126 122
125 121
124 120
123 119
122 118
121 117
120 116
119 115
118 114
117 113
116 112
115 111
114 111
113 111
113 110
114 110
113 109
113 108
112 108
111 107
110 106
109 105
108 104
113 107
113 106
113 105
113 104
113 103
113 102
112 102
111 102
110 102
113 101
113 100
113 99
114 102
113 112
112 112
112 113
113 113
114 113
114 112
114 114
113 114
112 114
113 115
114 115
115 115
114 116
113 116
113 117
114 117
114 118
113 118
113 119
114 119
114 120
113 120
113 121
114 121
114 122
113 122
116 116
117 117
118 118
119 119
120 120
121 121
122 122
111 111
110 110
109 109
108 108
107 107
106 106
90 120
89 121
88 122
87 123
86 123
85 123
84 123
83 123
82 123
81 123
80 123
79 123
78 123
77 123
76 123
75 123
74 123
73 123
72 123
71 123
70 123
69 123
68 123
67 123
66 123
86 124
85 125
84 126
83 127
82 128
81 128
80 128
79 128
78 128
77 128
76 128
75 128
74 128
73 128
72 128
71 128
70 128
69 128
68 128
67 128
66 128
65 128
64 128
63 128
62 128
61 128
60 128
59 128
58 128
57 128
56 128
55 128
54 128
53 128
52 128
51 128
50 128
49 128
48 128
47 128
46 128
45 128
44 128
43 128
42 128
41 128
40 128
39 128
38 128
37 128
36 128
35 128
34 128
33 128
32 128
31 128
30 128
48 129
49 129
50 129
51 129
52 129
53 129
54 129
55 129
56 129
57 129
58 129
59 129
60 129
61 129
62 129
63 129
64 129
65 129
66 129
67 129
68 129
69 129
70 129
71 129
72 129
73 129
74 129
75 129
76 129
77 129
78 129
79 129
80 129
81 129
81 130
80 130
79 131
78 132
77 133
76 134
75 135
74 136
73 136
72 136
71 136
70 136
69 136
68 136
67 136
66 136
65 136
64 136
63 136
62 136
61 136
60 136
59 136
58 136
57 136
56 136
55 136
54 136
53 136
52 136
51 136
50 136
49 136
48 136
47 136
46 136
45 136
44 136
43 136
42 136
41 136
40 136
39 136
38 136
37 136
36 136
35 136
34 136
33 136
37 137
38 137
39 137
40 137
41 137
42 137
43 137
44 137
45 137
46 137
47 137
48 137
49 137
50 137
51 137
52 137
53 137
54 137
55 137
56 137
57 137
58 137
59 137
60 137
61 137
62 137
63 137
64 137
65 137
66 137
67 137
68 137
69 137
70 137
71 137
72 137
73 137
72 138
71 139
70 140
69 140
68 140
67 140
66 140
65 140
64 140
63 140
62 140
61 140
60 140
59 140
58 140
57 140
56 140
55 140
54 140
53 140
52 140
51 140
50 140
49 140
48 140
47 140
46 140
45 140
44 140
47 141
48 141
49 141
50 141
51 141
52 141
53 141
54 141
55 141
56 141
57 141
58 141
59 141
60 141
61 141
62 141
63 141
64 141
65 141
66 141
67 141
68 141
69 141
69 142
68 142
67 142
66 142
65 142
64 142
63 142
62 142
61 142
60 142
59 142
58 142
57 142
56 142
55 142
54 142
53 142
52 142
51 142
50 142
49 142
48 142
49 143
50 143
51 143
52 143
53 143
54 143
55 143
56 143
57 143
58 143
59 143
60 143
61 143
62 143
63 143
64 143
65 143
66 143
67 143
66 144
65 144
64 144
63 144
62 144
61 144
60 144
59 144
58 144
57 144
56 144
55 144
54 144
53 144
52 144
51 144
50 144
54 145
55 145
56 145
57 145
58 145
59 145
60 145
61 145
62 145
63 145
64 145
65 145
64 146
63 147
62 148
61 149
60 150
59 150
58 150
57 150
56 150
55 150
69 143
81 131
81 132
81 133
81 134
81 135
81 136
81 137
81 138
81 139
81 140
81 141
81 142
81 143
81 144
90 117
89 116
88 115
87 114
86 113
85 112
84 111
83 110
102 108
103 107
104 106
97 108
97 107
97 106
97 104
97 103
97 102
97 101
97 100
97 99
97 98
98 98
97 97
97 96
96 96
95 95
97 95
99 99
100 100
101 101
102 102
103 103
104 104
97 93
96 92
95 91
93 93
92 92
91 91
79 93
79 92
79 91
79 95
79 96
79 97
79 98
79 99
79 100
79 101
79 102
70 89
70 88
70 87
70 86
70 85
70 84
70 83
70 82
70 81
70 80
70 79
70 78
70 77
70 76
71 75
72 74
73 73
73 72
72 72
71 72
70 72
69 72
68 72
67 72
66 72
65 72
64 72
63 72
62 72
62 71
61 71
60 71
59 71
58 71
57 71
56 71
55 71
54 71
53 71
52 71
51 71
50 71
49 70
48 69
57 70
56 69
55 68
54 67
53 66
52 65
51 64
50 63
49 62
48 61
47 60
46 59
45 58
44 57
43 56
42 55
41 54
40 53
39 52
38 51
37 50
36 49
35 48
34 47
33 46
32 45
31 44
63 71
64 71
65 71
66 71
67 71
68 71
69 71
70 71
71 71
72 71
73 71
74 71
75 71
75 70
75 69
75 68
75 67
75 66
74 66
73 65
72 64
71 63
70 62
69 61
68 60
67 59
66 58
65 57
64 56
63 55
62 54
61 53
60 52
59 51
58 50
57 49
56 48
55 47
54 46
53 45
52 44
51 43
50 42
49 41
48 40
47 39
46 38
45 37
46 36
47 35
48 36
47 37
48 38
49 37
50 38
49 39
50 40
51 39
52 40
51 41
52 42
53 41
54 42
53 43
54 44
55 43
56 44
55 45
56 46
57 45
58 46
57 47
58 48
59 47
60 48
59 49
60 50
61 49
62 50
61 51
62 52
63 51
64 52
63 53
64 54
65 53
66 54
65 55
66 56
67 55
68 56
67 57
68 58
69 57
70 58
69 59
70 60
71 59
72 60
71 61
72 62
73 61
74 62
75 62
75 61
75 60
75 59
74 59
73 58
72 57
71 56
70 55
69 54
68 53
67 52
66 51
65 50
64 49
63 48
62 47
61 46
60 45
59 44
58 43
57 42
56 41
55 40
54 39
53 38
52 37
51 36
50 35
49 34
75 58
75 57
75 56
74 55
73 54
72 53
71 52
75 63
75 64
74 64
73 63
75 65
74 72
76 72
77 73
78 74
79 74
80 74
81 74
82 74
83 74
84 74
85 74
86 74
87 74
88 74
89 74
90 74
91 74
92 74
93 74
94 74
79 75
79 76
80 76
79 77
79 78
78 78
77 77
76 76
75 75
74 74
79 79
79 80
80 80
79 81
79 82
79 83
79 84
79 85
79 86
79 87
79 88
79 89
81 81
82 82
83 83
84 84
85 85
86 86
87 87
88 88
89 89
81 77
82 78
83 79
84 80
85 81
86 82
87 83
88 84
89 85
90 86
91 86
91 87
92 88
93 89
70 70
69 69
68 68
67 67
66 66
65 65
64 64
63 63
62 62
61 61
60 60
59 59
58 58
57 57
56 56
55 55
54 54
53 53
52 52
51 51
50 50
49 49
48 48
66 70
65 69
64 68
63 67
62 66
61 65
60 64
59 63
58 62
57 61
56 60
55 59
54 58
53 57
52 56
51 55
50 54
49 53
48 52
47 51
46 50
45 49
44 48
43 47
42 46
41 45
40 44
39 43
38 42
37 41
36 40
70 91
115 89
114 88
113 87
112 86
111 85
110 84
109 83
108 82
107 81
106 80
105 79
104 78
103 77
102 76
101 75
100 74
99 73
98 72
97 71
96 70
95 69
94 68
93 67
92 66
91 65
90 64
89 63
88 62
87 61
86 60
85 59
84 58
83 57
82 56
81 55
80 54
79 53
78 52
77 51
76 50
75 49
74 48
73 47
72 46
71 45
70 44
69 43
68 42
67 41
66 40
65 39
64 38
63 37
62 36
61 35
60 34
118 89
117 88
116 87
115 86
114 85
113 84
112 83
111 82
110 81
109 80
108 79
107 78
106 77
105 76
104 75
103 74
102 73
101 72
100 71
99 70
98 69
97 68
96 67
95 66
94 65
93 64
92 63
91 62
90 61
89 60
88 59
87 58
86 57
85 56
84 55
83 54
82 53
112
112 90
30 78
51 89
30 57
31 94
64 105
51 109
33 109
92 143
130 123
148 123
130 105
205 91
93 56
112 69
79 34
114 51
96 34
113 34
124 34
135 34
134 53
152 34
149 47
170 34
136 71
182 24
183 27
153 59
184 29
165 54
185 33
147 75
189 34
190 35
173 54
192 37
158 75
146 89
191 48
202 40
158 86
191 60
181 72
194 60
206 51
190 83
194 81
205 70
133 93
169 93
163 99
147 102
197 102
211 102
168 111
181 111
205 113
194 116
164 127
181 129
214 129
202 130
197 138
195 139
191 140
190 142
189 143
187 144
179 146
181 94
100 126
114 128
113 143
160 143
147 144
134 143
114 102
112 114
81 123
66 123
30 128
48 129
33 136
37 137
44 140
47 141
48 142
49 143
50 144
54 145
55 150
69 143
81 144
97 108
79 102
62 72
48 69
31 44
75 71
45 37
46 36
47 35
49 34
71 52
94 74
91 86
48 48
36 40
70 91
60 34
82 53
