1072
119 90
118 90
117 89
116 88
121 91
122 92
123 93
124 93
125 93
126 93
127 93
128 93
129 93
130 93
131 93
132 93
133 93
134 93
135 93
136 93
137 93
138 93
139 93
140 93
141 93
142 93
143 93
144 93
145 92
146 91
147 90
148 89
149 88
150 88
151 88
152 88
153 88
154 88
155 88
156 88
157 88
158 88
159 87
160 86
160 85
161 84
162 83
163 82
164 81
165 80
166 79
167 78
167 77
166 77
165 77
164 77
163 77
162 76
161 75
160 74
159 73
158 72
157 71
168 77
168 76
169 75
170 74
171 73
172 72
173 71
174 70
175 69
176 68
177 67
178 66
179 65
180 64
181 63
182 63
183 63
184 63
185 63
186 63
187 63
188 63
189 63
190 63
191 63
192 63
193 63
194 63
195 63
195 64
196 65
197 66
198 67
199 68
200 69
201 70
202 71
203 72
204 73
204 74
205 74
206 74
207 74
208 74
209 74
210 74
211 74
212 74
213 74
214 74
215 74
196 62
197 61
198 60
199 59
200 58
201 57
202 56
203 55
204 54
204 53
203 53
202 53
201 53
200 53
199 52
198 51
197 50
196 49
195 48
194 47
194 46
194 45
194 44
194 43
194 42
194 41
194 40
194 39
194 38
193 37
192 36
191 37
190 38
189 39
188 40
187 41
186 42
185 42
184 42
183 42
182 42
181 42
181 41
181 40
181 39
181 38
181 37
181 36
181 35
181 34
181 33
180 32
179 31
180 43
179 44
178 44
177 44
176 44
175 44
174 44
173 44
172 44
171 44
170 44
169 44
169 45
168 46
167 47
166 48
165 49
164 50
163 51
162 52
161 53
160 54
159 55
158 56
168 43
167 42
166 41
165 40
164 39
163 38
162 37
161 36
160 35
159 34
205 53
205 52
205 51
205 50
205 49
205 48
205 47
205 46
205 45
205 44
205 43
205 42
169 78
170 79
171 80
172 81
173 82
174 83
175 84
176 84
177 84
178 84
179 84
180 84
181 84
182 85
183 86
184 87
185 88
186 89
187 90
188 91
189 92
190 93
191 94
192 95
193 95
194 95
195 95
196 95
197 95
198 95
199 95
200 95
201 95
202 95
203 95
204 95
205 95
193 96
192 97
191 98
190 99
189 100
188 101
187 102
186 103
185 104
184 105
183 105
182 105
181 105
180 105
179 105
178 105
177 105
176 105
175 105
174 105
173 105
172 105
171 105
170 105
169 105
168 104
167 105
166 106
165 107
164 108
163 108
162 108
161 108
160 108
159 108
158 108
157 108
158 109
158 110
158 111
158 112
158 113
158 114
158 115
158 116
158 117
158 118
158 119
158 120
158 121
158 122
158 123
182 106
183 107
184 108
185 109
186 110
187 111
188 112
189 113
190 114
191 115
192 115
193 115
194 115
193 116
192 117
191 118
190 119
189 120
188 121
187 122
186 123
185 124
184 125
183 126
182 126
181 126
182 127
183 128
184 129
185 130
186 131
187 132
188 133
188 134
188 135
188 136
188 137
188 138
187 139
186 140
185 141
184 142
183 143
182 143
181 143
180 143
179 143
178 143
177 143
176 144
175 145
174 145
173 145
172 145
171 145
170 145
169 145
168 145
167 145
166 145
165 145
164 145
163 145
162 145
161 145
160 145
159 145
158 145
157 145
156 145
195 116
196 116
197 116
198 116
199 116
200 116
201 116
202 116
203 116
204 116
205 116
204 117
203 118
202 119
202 120
202 121
202 122
202 123
202 124
202 125
202 126
202 127
203 128
204 129
205 130
206 131
207 132
208 133
209 133
210 133
211 133
212 133
213 133
149 87
149 86
149 85
149 84
148 83
147 82
146 81
145 80
144 79
143 78
142 77
141 76
140 75
139 74
138 73
137 72
136 71
136 70
136 69
136 68
136 67
136 66
136 65
136 64
136 63
136 62
136 61
136 60
136 59
136 58
136 57
136 56
135 56
134 56
133 56
132 56
131 56
130 56
129 56
128 55
127 54
126 53
125 53
124 53
123 53
122 53
121 53
120 53
119 53
118 52
117 51
116 50
115 49
114 48
113 47
112 46
111 46
110 46
109 46
108 46
107 45
106 44
105 43
104 42
103 41
102 40
101 39
100 38
99 37
98 36
97 35
96 34
112 45
112 44
112 43
112 42
112 41
112 40
112 39
113 38
114 37
115 36
116 35
117 34
125 54
124 55
123 56
122 57
121 58
120 59
119 60
118 61
117 62
116 63
115 64
114 65
113 66
112 67
111 68
110 69
109 70
108 71
107 71
106 71
105 71
104 71
103 71
102 71
101 71
100 71
99 71
98 71
97 71
96 71
95 71
94 71
93 71
93 70
93 69
93 68
93 67
93 66
93 65
93 64
93 63
93 62
93 61
93 60
93 59
93 58
93 57
93 56
92 56
91 56
90 56
89 56
88 56
87 56
86 56
85 56
84 56
83 56
82 55
81 56
80 56
79 56
78 56
77 56
76 56
75 56
74 56
73 56
72 56
71 56
72 57
72 58
72 59
72 60
72 61
72 62
72 63
72 64
72 65
72 66
72 67
72 68
72 69
72 70
72 71
71 72
70 73
69 74
68 75
67 76
66 76
65 76
64 76
63 76
62 76
61 76
60 76
59 76
58 75
57 74
56 73
55 72
54 71
53 70
52 69
51 68
50 67
49 66
48 65
47 65
46 65
45 65
44 65
43 65
42 65
41 65
40 65
39 65
38 65
37 65
36 65
35 64
34 63
33 62
33 61
33 60
33 59
33 58
33 57
33 56
33 55
33 54
33 53
32 52
31 51
31 50
31 49
31 48
31 47
31 46
31 45
31 44
32 43
33 42
34 41
35 40
36 41
37 42
38 43
39 44
40 45
41 46
42 47
43 48
44 49
45 49
46 49
47 49
48 49
48 48
48 47
48 46
48 45
48 44
48 43
48 42
48 41
48 40
48 39
48 38
49 38
50 38
51 38
52 38
53 37
54 36
55 35
56 34
57 34
58 34
59 34
60 34
61 34
62 34
63 34
64 34
65 34
66 34
67 34
68 34
69 34
70 34
71 34
72 34
73 34
74 34
75 34
60 77
59 78
58 79
57 80
56 81
55 82
54 83
53 84
52 85
51 86
50 87
49 88
48 89
47 90
46 91
45 92
44 93
43 94
42 94
41 94
40 94
39 94
38 94
37 94
36 94
35 94
34 94
33 94
33 93
33 92
33 91
33 90
33 89
33 88
33 87
33 86
33 85
33 84
33 83
52 87
53 88
54 89
55 90
56 91
57 92
58 93
59 93
60 93
61 93
62 93
63 93
64 93
65 93
66 93
67 93
68 93
69 93
70 93
71 93
72 93
73 93
74 93
62 94
61 95
61 96
61 97
61 98
61 99
61 100
61 101
61 102
60 103
59 104
58 105
57 106
56 107
55 107
54 107
53 107
52 107
51 107
50 108
49 109
48 110
47 111
46 112
45 113
44 114
43 115
42 115
41 115
40 115
39 115
38 115
37 115
36 115
35 115
34 115
33 115
32 116
32 117
32 118
32 119
32 120
32 121
32 122
32 123
32 124
32 125
32 126
33 127
34 128
35 129
36 130
36 131
36 132
36 133
36 134
36 135
36 136
36 137
37 137
38 137
39 137
40 136
41 135
42 134
43 133
44 132
45 131
46 130
47 129
48 129
48 128
48 130
48 131
48 132
48 133
48 134
48 135
48 136
48 137
48 138
48 139
49 140
50 141
51 142
52 143
53 143
54 143
55 143
56 143
57 143
58 143
59 143
60 144
61 145
62 145
63 145
64 145
65 145
66 145
67 145
68 145
69 145
70 145
71 145
72 145
62 103
63 104
64 105
65 106
66 107
67 108
68 108
69 108
70 108
71 108
72 108
71 109
71 110
71 111
71 112
71 113
71 114
71 115
71 116
71 117
71 118
71 119
71 120
71 121
71 122
71 123
94 72
95 73
95 74
95 75
95 76
95 77
95 78
95 79
95 80
95 81
95 82
95 83
95 84
95 85
95 86
126 52
126 51
126 50
126 49
126 48
126 47
126 46
127 45
128 44
129 43
130 42
131 41
132 40
133 39
134 38
135 37
136 36
137 35
138 34
137 56
136 94
136 95
136 96
136 97
136 98
136 99
136 100
136 101
136 102
136 103
136 104
136 105
136 106
136 107
136 108
137 109
137 110
137 111
137 112
137 113
137 114
137 115
137 116
137 117
137 118
137 119
137 120
137 121
137 122
137 123
136 124
135 125
134 126
133 127
132 127
131 127
130 127
129 127
128 127
127 127
126 127
125 128
124 129
123 130
122 130
121 130
120 130
119 130
118 130
117 130
116 130
115 130
114 130
113 130
112 130
111 130
110 130
109 130
108 130
107 130
106 129
105 128
104 127
103 126
102 126
101 126
100 126
99 126
98 126
97 126
96 126
95 126
94 125
93 124
92 123
92 122
92 121
92 120
92 119
92 118
92 117
92 116
92 115
92 114
92 113
92 112
92 111
92 110
92 109
93 108
102 127
101 128
100 129
99 130
98 131
97 132
96 133
95 134
94 135
93 136
93 137
93 138
93 139
93 140
93 141
93 142
93 143
93 144
93 145
103 125
103 124
103 123
103 122
103 121
104 120
105 119
106 118
107 117
108 116
109 115
110 114
111 113
112 112
113 111
114 110
115 109
115 131
114 132
114 133
114 134
114 135
114 136
114 137
114 138
114 139
114 140
114 141
114 142
114 143
127 128
128 129
129 130
130 131
131 132
132 133
133 134
134 135
135 136
135 137
135 138
135 139
135 140
135 141
135 142
135 143
135 144
135 145
84
116 88
137 93
149 88
160 86
157 71
168 77
181 63
194 63
204 74
215 74
194 47
192 36
181 42
179 31
170 44
158 56
159 34
205 53
205 42
181 84
194 95
205 95
181 105
168 104
157 108
158 123
194 115
181 126
188 138
177 143
156 145
205 116
202 127
213 133
136 71
126 53
112 46
96 34
117 34
112 67
93 71
93 56
82 55
71 56
72 71
61 76
48 65
33 62
31 51
35 40
48 49
48 38
56 34
75 34
51 86
33 94
33 83
63 93
74 93
61 102
51 107
33 115
32 126
36 137
48 128
48 139
59 143
72 145
72 108
71 123
95 86
138 34
137 56
136 108
137 123
126 127
116 130
103 126
92 123
93 108
93 145
115 109
114 143
135 145
