3010
119 90
118 90
117 90
116 90
115 90
114 90
113 90
112 90
111 90
110 90
109 90
108 90
107 90
106 90
105 90
104 90
103 90
102 90
101 90
100 90
99 90
98 90
97 90
96 90
95 90
94 90
93 90
92 90
91 90
90 90
89 90
88 90
87 90
86 90
85 90
84 90
83 90
82 90
81 90
80 90
79 90
78 90
77 90
76 90
75 90
74 90
73 90
72 90
71 90
70 90
69 90
68 90
67 90
66 90
65 90
64 90
63 90
62 90
61 90
60 90
59 90
58 90
57 90
56 90
55 90
54 90
53 90
52 90
51 90
50 90
49 90
48 90
47 90
46 90
45 90
44 90
43 90
42 90
41 90
40 90
39 90
38 90
37 89
36 88
35 87
34 86
33 85
32 84
31 83
58 89
57 88
56 87
55 86
54 85
53 84
52 83
51 82
50 81
49 80
48 79
47 78
46 77
45 76
44 75
43 74
42 73
41 72
40 71
39 70
38 69
37 68
36 67
35 66
34 65
33 64
32 63
31 62
63 89
63 88
63 87
63 86
63 85
63 84
63 83
63 82
63 81
63 80
63 79
63 78
63 77
63 76
64 75
65 74
66 74
66 73
66 72
67 72
66 71
66 70
66 69
65 69
64 69
63 69
62 69
61 69
60 69
59 69
58 69
57 69
56 69
55 69
54 69
53 69
52 69
51 69
50 69
66 68
66 67
67 67
66 66
65 65
64 64
64 63
63 63
62 62
62 61
61 61
60 60
59 59
58 58
57 57
56 56
55 55
54 54
53 53
52 52
51 51
51 50
50 50
49 49
48 48
47 48
46 48
45 48
44 48
43 48
42 48
41 48
40 48
39 48
38 48
37 48
36 48
35 48
34 48
33 47
32 46
43 47
42 46
41 45
40 44
39 43
38 42
37 41
36 40
48 47
48 46
48 45
48 44
48 43
48 42
48 41
48 40
47 40
46 39
45 38
44 37
48 39
48 38
48 37
49 36
52 50
53 50
54 50
55 50
56 50
57 50
58 50
59 50
60 50
61 50
62 50
63 50
64 50
63 61
64 61
65 61
66 61
67 61
68 61
69 61
70 61
71 61
72 61
73 61
74 61
75 61
76 61
77 61
78 61
78 60
78 59
77 59
76 58
75 57
74 56
73 55
72 54
71 53
70 52
69 51
68 50
67 49
66 48
65 47
64 46
63 45
62 44
61 43
60 42
59 41
58 40
57 39
56 38
55 37
54 36
53 35
52 34
51 33
63 43
64 44
65 45
66 46
67 47
68 48
69 49
70 50
71 51
72 52
73 53
74 54
75 55
76 56
77 57
78 57
78 56
78 55
78 54
78 53
78 52
78 51
78 50
78 49
77 48
76 47
75 46
74 45
73 44
72 43
71 42
70 41
69 40
68 39
67 38
66 37
65 36
64 35
63 34
62 33
61 32
60 31
78 58
77 62
76 63
75 64
74 65
73 66
72 67
71 68
70 69
69 69
68 69
67 69
68 68
69 70
70 70
71 71
72 72
73 73
74 74
75 75
75 76
76 76
75 77
75 78
75 79
75 80
75 81
75 82
75 83
75 84
75 85
75 86
75 87
75 88
75 89
77 77
78 77
79 77
80 77
81 77
81 76
81 75
81 74
81 73
81 72
81 71
81 70
81 69
81 68
81 67
81 66
81 65
82 65
81 64
80 63
79 62
83 66
84 67
85 68
86 69
87 70
88 71
89 72
90 73
91 73
92 73
93 73
94 73
95 73
96 73
91 74
92 75
93 76
94 77
95 78
96 79
97 80
98 81
99 82
100 83
101 84
102 85
103 86
104 87
105 88
106 89
81 78
81 79
81 80
80 80
79 79
78 78
81 81
81 82
82 82
81 83
81 84
81 85
81 86
81 87
81 88
81 89
83 83
84 84
85 85
86 86
87 87
88 88
89 89
68 71
66 75
66 76
81 91
81 92
81 93
81 94
81 95
81 96
81 97
81 98
81 99
81 100
81 101
81 102
81 103
81 104
80 104
79 104
78 104
77 104
76 104
75 104
74 104
73 104
72 104
71 104
70 104
69 104
68 104
67 104
66 104
65 104
64 104
63 104
62 104
61 104
60 104
59 104
58 104
57 104
56 104
55 104
54 104
53 104
52 104
51 104
50 104
49 104
48 104
47 104
46 104
45 104
44 104
43 104
42 104
41 104
40 104
39 104
38 104
37 104
36 104
35 104
34 104
33 104
32 104
31 104
68 105
69 105
70 105
71 105
72 105
73 105
74 105
75 105
76 105
77 105
78 105
79 105
80 105
81 105
82 105
83 105
84 105
85 105
86 105
87 105
88 105
89 105
90 105
91 105
92 105
93 105
94 105
95 105
96 105
97 105
98 105
99 105
100 105
101 105
102 105
103 105
104 105
105 105
106 105
107 105
108 105
109 105
110 105
111 105
112 105
113 105
114 105
114 104
114 103
114 102
114 101
114 100
114 99
114 98
115 98
114 97
113 97
113 96
114 96
115 95
116 94
117 93
118 92
119 91
121 90
120 89
121 89
120 88
120 87
119 87
118 86
117 85
116 84
115 83
114 82
113 81
112 80
111 79
110 78
109 77
108 76
107 75
106 74
105 73
104 72
103 71
102 70
101 69
100 68
99 67
98 66
97 65
96 64
95 63
94 62
93 61
92 60
91 59
90 58
89 57
88 56
87 55
86 54
85 53
84 52
83 51
82 50
81 49
80 48
120 86
121 86
120 85
120 84
120 83
120 82
120 81
119 81
118 80
117 79
116 78
115 77
114 76
120 80
120 79
120 78
120 77
119 77
119 76
118 76
118 75
117 75
117 74
116 74
116 73
115 73
115 72
114 72
114 71
113 71
113 70
112 70
112 69
111 69
111 68
110 68
110 67
109 67
109 66
108 66
108 65
107 65
107 64
106 64
106 63
105 63
105 62
104 62
104 61
103 61
103 60
102 60
102 59
101 59
101 58
100 58
100 57
99 57
99 56
98 56
98 55
97 55
97 54
96 54
96 53
95 52
94 51
93 50
92 49
91 48
90 47
89 46
88 45
87 44
86 43
85 42
84 41
83 40
82 39
81 38
80 37
79 36
78 35
77 34
120 76
120 75
120 74
120 73
121 73
120 72
120 71
120 70
120 69
120 68
120 67
121 67
120 66
119 66
118 65
117 64
116 63
115 62
114 61
120 65
120 64
120 63
120 62
121 62
120 61
120 60
120 59
120 58
120 57
120 56
120 55
119 55
118 54
117 53
116 52
115 51
114 50
113 49
112 48
111 47
110 46
109 45
108 44
107 43
106 42
105 41
104 40
103 39
102 38
101 37
100 36
99 35
98 34
120 54
120 53
120 52
119 52
118 51
117 50
116 49
115 48
114 47
120 51
120 50
121 50
120 49
120 48
120 47
120 46
120 45
120 44
120 43
120 42
120 41
120 40
120 39
120 38
120 37
120 36
119 35
118 34
122 49
123 48
124 47
125 46
126 45
127 44
128 43
129 42
130 41
131 40
132 39
133 38
134 37
135 36
136 35
137 34
122 61
123 60
124 59
125 58
126 57
127 56
128 55
129 54
130 53
131 52
132 51
133 50
134 49
135 48
136 47
137 46
138 45
139 44
140 43
141 42
142 41
143 40
144 39
145 38
146 37
147 36
148 35
149 34
122 66
123 65
124 64
125 63
126 62
127 61
128 60
129 59
130 58
131 57
132 56
133 55
134 54
122 72
123 71
124 70
125 69
126 68
127 67
128 66
129 65
130 64
131 63
132 62
133 61
134 60
135 59
136 58
137 57
138 56
139 55
140 54
141 53
142 52
143 51
144 50
145 49
146 48
147 47
148 46
149 45
150 44
151 43
152 42
153 41
154 40
155 39
156 38
157 37
158 36
159 35
160 34
121 77
122 76
123 75
124 74
125 73
126 72
127 71
128 70
129 69
130 68
131 67
132 66
133 65
134 64
135 63
136 62
137 61
138 60
139 59
140 58
141 57
142 56
143 55
144 54
145 53
146 52
147 51
148 50
149 49
122 85
123 84
124 83
125 82
126 81
127 80
128 79
129 78
130 77
131 76
132 75
133 74
134 73
121 91
122 90
123 90
124 90
125 90
126 90
127 90
128 90
129 90
130 90
131 90
132 90
133 90
134 90
135 90
136 90
137 90
138 90
139 90
140 90
141 90
142 90
143 90
144 90
145 90
146 90
147 90
148 90
149 90
150 90
151 90
152 90
153 90
154 90
155 90
156 90
157 90
158 90
159 90
160 90
161 90
162 90
163 90
164 90
165 90
166 90
167 90
168 90
169 90
170 90
171 90
172 90
173 90
174 90
175 90
176 90
177 90
178 90
179 90
180 90
181 90
182 90
183 90
184 90
185 90
186 90
187 90
188 90
189 90
190 90
191 90
192 90
193 90
194 90
195 90
196 90
197 90
198 90
199 90
200 90
201 90
202 89
203 88
204 87
205 86
193 89
194 88
195 87
196 86
197 85
198 84
199 83
200 82
201 81
202 80
203 79
204 78
205 77
206 76
207 75
208 74
209 73
190 89
191 88
192 87
193 86
194 85
185 89
186 88
187 87
188 86
189 85
190 84
191 83
192 82
193 81
194 80
195 79
196 78
197 77
198 76
199 75
200 74
201 73
202 72
203 71
204 70
205 69
206 68
207 67
208 66
209 65
210 64
211 63
212 62
213 61
214 60
215 59
182 89
181 88
180 89
182 87
183 86
184 85
185 84
186 83
187 82
188 81
189 80
190 79
191 78
192 77
193 76
194 75
195 74
196 73
187 84
186 85
185 86
184 87
183 88
175 89
176 88
177 87
178 86
179 85
180 84
181 83
182 82
183 81
184 80
185 79
186 78
187 77
188 76
189 75
190 74
191 73
192 72
193 71
194 70
195 69
196 68
197 67
198 66
199 65
200 64
201 63
202 62
203 61
204 60
169 89
168 88
167 89
169 87
170 86
171 85
172 84
173 85
172 86
171 87
170 88
174 84
175 83
176 82
177 81
178 80
179 79
180 78
181 77
182 76
183 75
184 74
185 73
186 72
187 71
188 70
189 69
190 68
191 67
192 66
193 65
194 64
195 63
196 62
197 61
198 60
199 59
200 58
201 57
202 56
203 55
204 54
205 53
206 52
207 51
208 50
209 49
210 48
211 47
212 46
163 89
164 88
165 87
166 86
167 85
168 84
169 83
170 82
171 81
172 80
173 79
174 78
175 77
176 76
177 75
178 74
179 73
180 72
181 71
158 89
152 89
153 88
154 87
155 86
156 85
157 84
158 83
159 82
160 81
161 80
162 79
163 78
164 77
165 76
166 75
167 74
168 73
169 72
170 71
171 70
172 69
173 68
174 67
175 66
176 65
177 64
178 63
179 62
180 61
181 60
182 59
183 58
184 57
185 56
186 55
187 54
188 53
189 52
190 51
191 50
192 49
193 48
194 47
195 46
196 45
197 44
144 89
143 88
142 89
144 87
145 86
146 85
147 84
148 83
149 82
150 81
151 80
152 79
153 78
154 77
155 76
156 75
157 74
158 73
159 72
160 71
161 70
162 69
163 68
164 67
165 66
166 65
167 64
168 63
169 62
170 61
171 60
172 59
173 58
174 57
175 56
176 55
177 54
178 53
179 52
180 51
181 50
182 51
181 52
180 53
179 54
178 55
177 56
176 57
175 58
174 59
173 60
172 61
171 62
170 63
169 64
168 65
167 66
166 67
165 68
164 69
163 70
162 71
161 72
160 73
159 74
158 75
157 76
156 77
155 78
154 79
153 80
152 81
151 82
150 83
149 84
148 85
147 86
146 87
145 88
183 50
184 49
185 48
186 47
187 46
188 45
189 44
190 43
191 42
192 41
193 40
194 39
195 38
139 89
138 89
139 88
140 88
140 87
141 87
141 86
142 86
142 85
143 85
143 84
144 84
144 83
145 83
145 82
146 82
146 81
147 81
147 80
148 80
148 79
149 79
149 78
150 78
150 77
151 77
151 76
152 76
152 75
153 75
153 74
154 74
154 73
155 73
155 72
156 72
156 71
157 71
157 70
158 70
158 69
159 69
159 68
160 68
160 67
161 67
161 66
162 66
162 65
163 65
163 64
164 64
164 63
165 63
165 62
166 61
167 60
168 59
169 58
170 57
171 56
172 55
173 54
174 53
175 52
176 51
177 50
178 49
179 48
180 47
181 46
182 45
183 44
184 43
185 42
186 41
187 40
188 39
189 38
190 37
134 89
133 89
134 88
135 87
136 86
137 85
138 84
139 83
140 82
141 81
142 80
143 79
144 78
145 77
146 76
147 75
148 74
149 73
150 72
151 71
152 70
153 69
154 68
155 67
156 66
157 65
158 64
159 63
160 62
161 61
162 60
163 59
164 58
165 57
166 56
167 55
168 54
169 53
170 52
171 51
172 50
173 49
174 48
175 47
176 46
177 45
178 44
179 43
180 42
181 41
182 40
183 39
184 38
185 37
186 36
187 35
188 34
126 89
125 88
124 89
123 89
122 88
123 87
124 86
125 85
126 84
127 83
128 82
129 81
130 80
131 79
132 78
133 77
134 76
135 75
136 74
137 73
138 72
139 71
140 70
141 69
142 68
143 67
144 66
145 65
146 64
147 63
148 62
149 61
150 60
151 59
152 58
153 57
154 56
155 55
156 54
157 53
158 52
159 51
160 50
161 49
162 48
163 47
164 46
165 45
166 44
167 43
168 42
169 41
170 40
171 39
172 38
173 37
174 36
175 35
176 34
177 33
178 32
126 87
127 86
128 85
129 84
130 83
131 82
132 81
133 80
134 79
135 78
136 77
137 76
138 75
139 74
140 73
141 72
142 71
143 70
144 69
145 68
146 67
147 66
148 65
149 64
150 63
151 62
152 61
153 60
154 59
155 58
156 57
157 56
158 55
159 54
160 53
161 52
162 51
163 50
164 49
152 63
151 64
150 65
149 66
148 67
147 68
146 69
145 70
144 71
143 72
142 73
141 74
140 75
139 76
138 77
137 78
136 79
135 80
134 81
133 82
132 83
131 84
130 85
129 86
128 87
127 88
122 92
123 93
124 94
125 95
126 95
127 95
128 95
129 95
130 95
131 95
132 95
133 95
134 95
135 95
136 95
137 95
138 95
139 95
140 95
141 95
142 95
143 95
144 95
145 95
146 95
147 95
148 95
149 95
150 95
151 95
152 95
153 95
154 95
155 95
156 95
157 95
158 95
159 95
160 95
161 95
162 95
163 95
164 95
165 95
166 95
167 95
168 95
169 95
169 96
168 96
167 96
166 96
165 96
164 96
163 96
162 96
161 96
160 96
159 96
158 96
157 96
156 96
155 96
154 96
153 96
152 96
151 96
150 96
149 96
148 96
147 96
146 96
145 96
144 96
143 96
142 96
141 96
140 96
139 96
138 96
137 96
136 96
135 96
134 96
133 96
132 96
131 96
130 96
129 96
128 96
127 96
126 96
127 97
128 97
129 97
130 97
131 97
132 97
133 97
134 97
135 97
136 97
137 97
138 97
139 97
140 97
141 97
142 97
143 97
144 97
145 97
146 97
147 97
148 97
149 97
150 97
151 97
152 97
153 97
154 97
155 97
156 97
157 97
158 97
159 97
160 97
161 97
162 97
163 97
164 97
165 97
166 97
167 97
168 97
169 97
170 97
171 97
172 97
173 97
174 97
175 97
176 97
177 97
178 97
179 97
180 97
181 97
182 97
183 97
184 97
185 97
186 97
187 97
188 97
189 97
190 97
191 97
192 97
193 97
194 97
195 97
196 97
197 97
198 97
199 97
200 97
201 97
202 97
203 97
204 97
205 97
206 97
207 97
208 97
209 97
210 97
181 96
180 96
179 96
178 96
177 96
176 96
175 96
174 96
173 96
172 96
171 96
170 96
128 98
129 99
130 100
131 100
132 100
133 100
134 100
135 100
136 100
137 100
138 100
139 100
140 100
141 100
142 100
143 100
144 100
145 100
146 100
147 100
148 100
131 101
132 102
133 102
134 102
135 102
136 102
137 102
138 102
139 102
140 102
141 102
142 102
143 102
144 102
145 102
146 102
147 102
148 102
149 102
150 102
151 102
152 102
153 102
154 102
155 102
156 102
157 102
158 102
159 102
160 102
161 102
162 102
163 102
164 102
165 102
133 103
134 104
135 105
136 106
137 107
138 108
139 108
140 108
141 108
142 108
143 108
144 108
145 108
146 108
147 108
148 108
149 108
150 108
151 108
152 108
153 108
154 108
155 108
156 108
157 108
158 108
159 108
160 108
161 108
162 108
163 108
164 108
165 108
166 108
167 108
168 108
169 108
170 108
171 108
172 108
173 108
174 108
175 108
176 108
177 108
178 108
179 108
180 108
181 108
182 108
183 108
184 108
185 108
186 108
187 108
188 108
189 108
190 108
191 108
192 108
193 108
194 108
195 108
196 108
197 108
198 108
199 108
200 108
201 108
202 108
203 108
204 108
205 108
139 109
140 110
141 111
142 112
143 112
144 112
145 112
146 112
147 112
148 112
149 112
150 112
151 112
152 112
153 112
154 112
155 112
156 112
157 112
158 112
159 112
160 112
161 112
162 112
163 112
164 112
165 112
166 112
167 112
168 112
169 112
170 112
171 112
172 112
173 112
174 112
175 112
176 112
177 112
178 112
179 112
180 112
181 112
182 112
183 112
184 112
185 112
186 112
187 112
188 112
189 112
190 112
191 112
192 112
193 112
194 112
151 113
150 113
149 113
148 113
147 113
146 113
145 113
144 113
143 113
144 114
145 115
146 115
147 115
148 115
149 115
150 115
151 115
152 115
153 115
154 115
155 115
156 115
157 115
158 115
159 115
160 115
161 115
162 115
163 115
164 115
165 115
146 116
147 117
148 118
149 119
150 120
151 121
152 122
153 123
154 124
155 125
156 126
157 126
158 126
159 126
160 126
161 126
162 126
163 126
164 126
165 126
166 126
167 126
168 126
169 126
170 126
171 126
172 126
173 126
174 126
175 126
176 126
177 126
178 126
179 126
180 126
181 126
182 126
183 126
184 126
185 126
186 126
187 126
188 126
189 126
190 126
191 126
192 126
192 127
191 127
190 127
189 127
188 127
187 127
186 127
185 127
184 127
183 127
182 127
181 127
180 127
179 127
178 127
177 127
176 127
175 127
174 127
173 127
172 127
171 127
170 127
169 127
168 127
167 127
166 127
165 127
164 127
163 127
162 127
161 127
160 127
159 127
158 127
157 127
158 128
159 128
160 128
161 128
162 128
163 128
164 128
165 128
166 128
167 128
168 128
169 128
170 128
171 128
172 128
173 128
174 128
175 128
176 128
177 128
178 128
179 128
180 128
181 128
159 129
160 130
161 131
162 132
163 133
164 134
165 135
166 136
167 137
168 137
169 137
170 137
171 137
172 137
173 137
174 137
175 137
176 137
177 137
178 137
179 137
180 137
181 137
182 137
183 137
184 137
185 137
186 137
187 137
188 137
189 137
190 137
191 137
192 137
193 137
194 137
195 137
196 137
197 137
198 137
199 137
200 137
195 138
194 138
193 138
192 138
191 138
190 138
189 138
188 138
187 138
186 138
185 138
184 138
183 138
182 138
181 138
180 138
179 138
178 138
177 138
176 138
175 138
174 138
173 138
172 138
171 138
170 138
169 138
168 138
169 139
170 140
171 140
172 140
173 140
174 140
175 140
176 140
177 140
178 140
179 140
180 140
181 140
182 140
183 140
184 140
185 140
186 140
187 140
188 140
189 140
190 140
191 140
192 140
193 140
189 141
188 141
187 141
186 141
185 141
184 141
183 141
182 141
181 141
180 141
179 141
178 141
177 141
176 141
175 141
174 141
173 141
172 141
171 141
172 142
173 143
174 144
175 144
176 144
177 144
178 144
179 144
180 144
181 144
182 144
183 144
184 144
185 144
186 144
187 144
175 145
176 146
177 146
178 146
193 127
194 127
195 127
196 127
197 127
198 127
199 127
200 127
201 127
202 127
203 127
204 127
205 127
206 127
207 127
208 127
209 127
210 127
211 127
212 127
213 127
214 127
215 127
112 95
111 94
110 93
109 92
108 91
112 98
112 99
111 99
110 100
109 101
108 102
107 103
106 104
105 104
104 104
103 104
102 104
101 104
100 104
99 104
98 104
97 104
96 104
95 104
94 104
93 104
92 104
91 104
90 104
89 104
88 104
87 104
86 104
85 104
84 104
83 104
82 104
95 103
95 102
95 101
95 100
95 99
95 98
95 97
95 96
96 96
95 95
94 94
93 93
92 92
91 91
97 97
98 98
99 99
100 100
101 101
102 102
103 103
112 100
112 101
112 102
112 103
112 104
116 99
117 100
118 101
119 102
120 103
121 104
122 105
123 106
124 106
125 106
126 106
127 106
128 106
129 106
130 106
131 106
132 106
133 106
124 107
124 108
125 108
124 109
124 110
124 111
124 112
124 113
124 114
124 115
124 116
124 117
124 118
124 119
124 120
124 121
124 122
124 123
123 123
122 122
121 121
120 120
119 119
118 118
117 117
116 116
115 115
114 115
114 114
114 113
113 113
112 113
112 112
112 111
111 111
110 110
109 109
108 108
107 107
106 106
112 110
112 109
112 108
112 107
112 106
112 114
112 115
112 116
112 117
112 118
112 119
112 120
112 121
112 122
112 123
112 124
112 125
112 126
112 127
112 128
112 129
112 130
112 131
112 132
112 133
112 134
112 135
112 136
112 137
112 138
112 139
112 140
112 141
112 142
112 143
114 112
114 111
114 110
114 109
114 108
114 107
114 106
114 116
114 117
114 118
114 119
114 120
114 121
114 122
114 123
114 124
114 125
114 126
114 127
114 128
114 129
114 130
114 131
124 124
124 125
125 125
126 125
127 125
128 125
129 125
130 125
131 125
132 125
133 125
126 126
127 127
128 128
129 129
130 130
131 131
132 132
133 133
134 134
135 135
136 136
136 137
137 137
136 138
136 139
136 140
136 141
136 142
136 143
136 144
138 138
139 139
140 140
141 141
142 142
143 143
144 144
145 144
146 144
147 144
148 144
124 126
124 127
124 128
124 129
124 130
124 131
124 132
124 133
124 134
124 135
124 136
124 137
124 138
124 139
124 140
124 141
124 142
124 143
124 144
126 109
127 110
128 111
129 112
130 113
131 114
132 115
133 116
134 117
135 118
136 119
137 120
138 121
139 122
140 123
141 124
142 125
143 126
144 127
145 128
146 129
147 129
148 129
147 130
148 131
149 132
150 133
151 134
152 135
153 136
154 137
155 138
156 139
157 140
158 141
159 142
160 143
104 106
103 107
102 108
101 109
100 109
99 109
98 109
97 109
96 109
95 109
94 109
93 109
92 109
91 109
90 109
89 109
88 109
87 109
86 109
85 109
84 109
83 109
82 109
81 109
80 109
79 109
78 109
77 109
76 109
75 109
74 109
73 109
72 109
71 109
70 109
69 109
68 109
67 109
66 109
65 109
64 109
63 109
62 109
61 109
60 109
59 109
58 109
57 109
56 109
55 109
54 109
53 109
52 109
51 109
50 109
95 108
95 107
95 106
100 110
99 111
98 112
97 113
96 114
96 115
95 115
95 116
94 116
93 116
92 116
91 116
90 116
89 116
88 116
87 116
86 116
85 116
84 116
83 116
82 116
81 116
80 116
79 116
78 116
77 116
76 116
75 116
74 116
73 116
72 116
71 116
70 116
69 116
68 116
67 116
66 116
65 116
64 116
63 116
93 117
92 118
91 119
90 120
89 121
88 122
87 122
86 122
85 122
84 122
83 122
82 122
81 122
80 122
79 122
78 122
77 122
77 123
76 123
75 123
74 123
73 123
72 123
71 123
70 123
69 123
68 123
67 123
66 123
65 123
64 123
63 123
62 123
61 123
60 123
59 123
58 123
57 123
56 123
55 123
54 123
53 123
52 123
51 123
50 123
49 123
48 123
47 123
46 123
45 123
44 123
43 123
42 123
41 123
40 123
39 123
38 123
37 123
36 123
35 123
34 123
33 123
32 123
31 123
30 123
78 123
79 123
80 123
81 123
82 123
83 123
84 123
85 123
86 123
87 123
86 124
85 125
84 126
83 127
82 127
81 127
80 127
79 127
78 127
77 127
76 127
75 127
74 127
73 127
72 127
71 127
70 127
69 127
68 127
67 127
66 127
65 127
64 127
82 128
81 129
80 129
79 129
78 129
77 129
76 129
75 129
74 129
73 129
72 129
71 129
70 129
69 129
68 129
67 129
66 129
65 129
64 129
63 129
62 129
61 129
60 129
59 129
58 129
57 129
56 129
55 129
54 129
53 129
52 129
51 129
50 129
49 129
48 129
80 130
80 131
79 131
79 132
78 132
77 133
76 134
75 134
74 134
73 134
72 134
71 134
70 134
69 134
68 134
67 134
66 134
65 134
64 134
63 134
62 134
61 134
60 134
59 134
58 134
57 134
56 134
55 134
54 134
53 134
52 134
51 134
50 134
49 134
48 134
47 134
46 134
45 134
44 134
43 134
42 134
41 134
40 134
39 134
38 134
37 134
36 134
35 134
34 134
33 134
32 134
31 134
30 134
29 134
28 134
27 134
26 134
25 134
24 134
23 134
35 135
36 135
37 135
38 135
39 135
40 135
41 135
42 135
43 135
44 135
45 135
46 135
47 135
48 135
49 135
50 135
51 135
52 135
53 135
54 135
55 135
56 135
57 135
58 135
59 135
60 135
61 135
62 135
63 135
64 135
65 135
66 135
67 135
68 135
69 135
70 135
71 135
72 135
73 135
74 135
75 135
74 136
73 137
72 137
71 137
70 137
69 137
68 137
67 137
66 137
65 137
64 137
63 137
62 137
61 137
60 137
59 137
58 137
57 137
56 137
55 137
54 137
53 137
52 137
51 137
50 137
49 137
48 137
47 137
46 137
45 137
44 137
43 137
42 137
41 137
40 137
39 137
38 137
37 137
72 138
71 139
70 140
69 140
68 140
67 140
66 140
65 140
64 140
63 140
62 140
61 140
60 140
59 140
58 140
57 140
56 140
55 140
54 140
53 140
52 140
51 140
50 140
49 140
48 140
47 140
46 140
45 140
44 140
49 141
50 141
51 141
52 141
53 141
54 141
55 141
56 141
57 141
58 141
59 141
60 141
61 141
62 141
63 141
64 141
65 141
66 141
67 141
68 141
69 141
68 142
67 143
66 144
65 144
64 144
63 144
62 144
61 144
60 144
59 144
58 144
57 144
56 144
55 144
54 144
53 144
52 144
51 144
65 145
64 146
63 146
62 146
61 146
79 133
80 133
80 132
79 134
79 135
79 136
79 137
79 138
79 139
79 140
79 141
79 142
79 143
95 117
96 117
96 116
96 118
95 118
95 119
96 119
96 120
95 120
95 121
96 121
96 122
95 122
95 123
96 123
96 124
95 124
95 125
96 125
96 126
95 126
95 127
95 128
95 129
95 130
95 131
95 132
95 133
95 134
95 135
95 136
95 137
95 138
95 139
95 140
95 141
95 142
95 143
116
112 90
93 90
63 90
51 90
31 83
31 62
50 69
64 63
48 48
32 46
36 40
44 37
49 36
64 50
78 61
51 33
63 43
60 31
75 89
81 77
96 73
66 76
81 104
31 104
68 105
114 105
80 48
114 76
96 54
77 34
114 61
98 34
114 47
118 34
137 34
149 34
134 54
160 34
149 49
134 73
146 90
205 86
209 73
194 85
215 59
196 73
187 84
204 60
172 84
212 46
181 71
158 89
164 77
197 44
181 50
195 38
149 78
165 63
190 37
134 89
188 34
123 89
178 32
164 49
152 63
169 95
195 97
210 97
181 96
148 100
165 102
205 108
181 112
194 112
151 113
165 115
192 126
163 128
181 128
200 137
195 138
193 140
189 141
187 144
178 146
204 127
215 127
133 106
112 143
114 119
114 131
133 125
136 144
148 144
124 144
148 129
160 143
50 109
95 108
63 116
77 122
30 123
64 127
48 129
23 134
35 135
64 135
37 137
44 140
49 141
51 144
61 146
80 133
79 143
96 126
95 143
