3044
119 90
118 90
117 90
116 90
115 90
114 90
113 90
112 90
111 90
110 90
109 90
108 90
107 90
106 90
105 90
104 90
103 90
102 90
101 90
100 90
99 90
98 90
97 90
96 90
95 90
94 90
93 90
92 90
91 90
90 90
89 90
88 90
87 90
86 90
85 90
84 90
83 90
82 90
81 90
80 90
79 90
78 90
77 90
76 90
75 90
74 90
73 90
72 90
71 90
70 90
69 90
68 90
67 90
66 90
65 90
64 90
63 90
62 90
61 90
60 90
59 90
58 90
57 90
56 90
55 90
54 90
53 90
52 90
51 90
50 90
49 90
48 90
47 90
46 90
45 90
44 90
43 90
42 90
41 90
40 90
39 90
38 90
37 90
36 90
35 90
34 90
33 90
32 90
31 90
30 90
42 89
41 88
40 87
39 86
38 85
37 84
36 83
35 82
34 81
33 80
32 79
31 78
30 77
51 89
55 89
54 88
53 87
52 86
51 85
50 84
49 83
48 82
47 81
46 80
45 79
44 78
43 77
42 76
41 75
40 74
39 73
38 72
37 71
36 70
35 69
34 68
33 67
32 66
31 65
30 64
89 89
88 88
87 87
87 86
86 86
85 85
84 84
83 83
82 82
81 81
80 80
79 79
78 78
78 77
77 77
76 76
75 75
74 74
73 73
72 72
71 72
70 72
70 71
71 71
71 70
70 70
70 69
69 69
68 69
67 69
66 69
65 69
64 69
63 69
62 69
61 69
60 69
59 69
58 69
57 69
56 69
55 69
54 69
53 69
52 69
51 69
50 69
49 69
48 69
68 68
67 67
66 66
65 65
64 64
63 64
63 63
63 62
62 62
61 62
60 62
59 62
58 62
57 62
56 62
55 62
54 62
53 62
52 62
51 62
50 62
49 62
48 62
47 62
46 62
45 62
44 61
43 60
42 59
41 58
40 57
39 56
38 55
37 54
36 53
35 52
34 51
33 50
32 49
31 48
30 47
61 61
60 60
59 59
58 58
57 57
56 56
55 55
54 54
53 53
52 52
51 51
50 50
49 49
48 48
47 48
46 48
45 48
44 48
43 48
42 48
41 47
40 46
39 45
38 44
37 43
36 42
35 41
48 47
48 46
48 45
48 44
48 43
48 42
48 41
48 40
48 39
47 39
46 38
45 37
46 36
47 35
48 36
48 37
47 37
48 38
64 62
65 62
66 62
67 62
68 62
69 62
70 62
71 62
72 62
73 62
74 62
75 62
76 62
77 62
77 61
76 61
76 60
75 60
75 59
74 59
74 58
73 58
73 57
72 57
72 56
71 56
71 55
70 55
70 54
69 54
69 53
68 53
68 52
67 52
67 51
66 51
65 50
64 49
63 48
62 47
61 46
60 45
59 44
58 43
57 42
56 41
55 40
54 39
53 38
52 37
51 36
50 35
49 34
77 60
77 59
77 58
77 57
77 56
76 56
75 55
74 54
73 53
72 52
71 51
70 50
69 49
68 48
67 47
66 46
65 45
64 44
63 43
62 42
61 41
60 40
59 39
58 38
57 37
56 36
55 35
54 34
53 33
77 55
77 54
77 53
77 52
77 51
77 50
76 49
75 48
74 47
73 46
72 45
71 44
70 43
69 42
68 41
67 40
66 39
65 38
64 37
63 36
62 35
61 34
60 33
59 32
58 31
57 30
56 29
55 28
76 63
75 64
74 65
73 66
72 67
71 68
71 69
78 63
79 64
80 65
81 66
82 67
83 68
84 69
85 70
86 71
87 71
88 71
89 71
90 71
91 71
92 71
93 71
94 71
95 71
87 72
88 73
89 74
90 75
91 76
92 77
93 78
94 79
95 80
96 81
97 82
98 83
99 84
100 85
101 86
101 87
102 87
101 88
101 89
103 88
104 89
70 73
71 73
71 74
70 74
70 75
71 75
71 76
70 76
71 77
71 78
71 79
71 80
71 81
71 82
71 83
71 84
71 85
71 86
79 77
80 77
81 77
82 77
83 77
88 86
89 86
90 86
91 91
92 91
93 91
94 91
95 91
96 91
97 91
98 91
99 91
100 91
101 91
102 91
101 92
101 93
101 94
101 95
101 96
101 97
101 98
101 99
101 100
100 100
99 99
98 98
97 97
96 96
95 95
94 94
93 93
92 93
92 92
92 94
92 95
92 96
92 97
92 98
92 99
92 100
92 101
92 102
91 102
90 102
89 102
88 102
87 102
86 102
85 102
84 102
83 102
82 102
81 102
80 102
79 102
78 102
77 102
76 102
75 102
74 102
73 102
72 102
71 102
70 102
69 102
68 102
67 102
66 102
65 102
64 102
63 102
62 102
61 102
60 102
59 102
58 102
57 102
56 102
55 102
54 102
53 102
52 102
51 102
50 102
49 102
48 102
47 102
46 102
45 102
44 102
43 102
42 102
41 102
40 102
39 102
38 102
37 102
36 102
35 102
34 102
33 102
32 102
31 102
30 102
93 102
94 102
95 102
96 102
97 102
98 102
99 102
100 102
101 102
102 102
103 102
104 102
105 102
106 102
107 102
108 102
107 103
106 104
105 105
104 104
103 104
103 103
103 105
104 106
103 107
102 108
101 108
100 108
99 108
98 108
97 108
96 108
95 108
94 108
93 108
92 108
91 108
90 108
89 108
88 108
87 108
86 108
85 108
84 108
83 108
82 108
81 108
80 108
79 108
78 108
77 108
76 108
75 108
74 108
73 108
72 108
71 108
71 109
70 109
69 109
68 109
67 109
66 109
65 109
64 109
63 109
62 109
61 109
60 109
59 109
58 109
57 109
56 109
55 109
54 109
53 109
52 109
51 109
50 109
49 109
48 109
72 109
73 109
74 109
75 109
76 109
77 109
78 109
79 109
80 109
81 109
82 109
83 109
84 109
85 109
86 109
87 109
88 109
89 109
90 109
91 109
92 109
93 109
94 109
95 109
96 109
97 109
98 109
99 109
100 109
101 109
102 109
102 110
101 110
100 110
99 111
98 112
97 113
96 114
95 114
94 114
93 114
92 114
91 114
90 114
89 114
88 114
87 114
86 114
85 114
84 114
83 114
82 114
81 114
80 114
79 114
78 114
77 114
76 114
75 114
74 114
73 114
72 114
71 114
70 114
69 114
68 114
67 114
66 114
65 114
64 114
63 114
62 114
61 114
60 114
59 114
58 114
57 114
56 114
55 114
54 114
53 114
52 114
51 114
50 114
49 114
48 114
47 114
46 114
45 114
44 114
43 114
42 114
41 114
40 114
39 114
38 114
37 114
36 114
35 114
34 114
33 114
32 114
31 114
30 114
95 115
94 116
93 117
92 118
91 119
90 120
90 121
89 121
88 122
88 123
87 123
86 124
85 125
84 126
83 126
82 126
81 126
80 126
79 126
78 126
77 126
76 126
75 126
74 126
73 126
72 126
71 126
70 126
69 126
83 127
82 128
81 129
80 129
79 129
78 129
77 129
76 129
75 129
74 129
73 129
72 129
71 129
70 129
69 129
68 129
67 129
66 129
65 129
64 129
63 129
62 129
61 129
60 129
59 129
58 129
57 129
56 129
55 129
54 129
53 129
52 129
51 129
50 129
49 129
48 129
48 130
47 130
46 130
45 130
44 130
43 130
42 130
41 130
40 130
39 130
38 130
37 130
36 130
35 130
34 130
33 130
32 130
31 130
30 130
49 130
50 130
51 130
52 130
53 130
54 130
55 130
56 130
57 130
58 130
59 130
60 130
61 130
62 130
63 130
64 130
65 130
66 130
67 130
68 130
69 130
70 130
71 130
72 130
73 130
74 130
75 130
76 130
77 130
78 130
79 130
80 130
79 131
78 132
77 133
76 134
75 135
74 136
73 136
72 136
71 136
70 136
69 136
68 136
67 136
66 136
65 136
64 136
63 136
62 136
61 136
60 136
59 136
58 136
57 136
56 136
55 136
54 136
53 136
52 136
51 136
50 136
49 136
48 136
47 136
46 136
45 136
44 136
43 136
42 136
41 136
40 136
39 136
38 136
37 136
36 136
35 136
37 137
38 137
39 137
40 137
41 137
42 137
43 137
44 137
45 137
46 137
47 137
48 137
49 137
50 137
51 137
52 137
53 137
54 137
55 137
56 137
57 137
58 137
59 137
60 137
61 137
62 137
63 137
64 137
65 137
66 137
67 137
68 137
69 137
70 137
71 137
72 137
73 137
72 138
71 139
70 140
69 140
68 140
67 140
66 140
65 140
64 140
63 140
62 140
61 140
60 140
59 140
58 140
57 140
56 140
55 140
54 140
53 140
52 140
51 140
50 140
49 140
48 140
47 140
46 140
45 140
46 141
47 141
48 141
49 141
50 141
51 141
52 141
53 141
54 141
55 141
56 141
57 141
58 141
59 141
60 141
61 141
62 141
63 141
64 141
65 141
66 141
67 141
68 141
69 141
69 142
68 142
67 142
66 142
65 142
64 142
63 142
62 142
61 142
60 142
59 142
58 142
57 142
56 142
55 142
54 142
53 142
52 142
51 142
50 142
49 142
67 143
66 144
65 144
64 144
63 144
62 144
61 144
60 144
59 144
58 144
57 144
56 144
55 144
54 144
65 145
64 146
63 147
62 148
61 149
60 150
59 151
58 151
57 151
56 151
69 143
90 122
90 123
90 124
90 125
90 126
90 127
90 128
90 129
90 130
90 131
90 132
90 133
90 134
90 135
90 136
90 137
90 138
90 139
90 140
90 141
90 142
90 143
90 144
101 111
102 111
102 112
101 112
101 113
102 113
102 114
101 114
101 115
102 115
102 116
101 116
101 117
102 117
102 118
101 118
101 119
102 119
102 120
101 120
101 121
102 121
102 122
101 122
101 123
102 123
102 124
102 125
102 126
102 127
102 128
102 129
102 130
102 131
102 132
102 133
102 134
102 135
102 136
102 137
102 138
102 139
102 140
102 141
102 142
102 143
102 144
101 107
101 106
101 105
101 104
101 103
106 106
107 106
108 106
109 106
110 106
111 106
112 106
113 106
114 106
114 105
114 104
114 103
114 102
114 101
114 100
115 100
114 99
113 98
112 98
112 97
113 97
114 96
115 95
116 94
117 93
118 92
119 91
121 90
120 89
121 89
122 89
123 89
123 88
122 88
123 87
124 87
125 87
125 86
124 86
125 85
126 85
127 85
127 84
126 84
127 83
128 83
129 83
129 82
128 82
129 81
130 81
131 81
131 80
130 80
131 79
132 79
133 79
133 78
132 78
133 77
134 77
135 77
135 76
134 76
135 75
136 75
137 75
137 74
138 74
138 73
139 73
139 72
140 72
140 71
141 71
141 70
142 70
142 69
143 69
143 68
144 68
144 67
145 67
145 66
146 66
146 65
147 65
147 64
148 64
148 63
149 63
149 62
150 62
150 61
151 61
151 60
152 59
153 58
154 57
155 56
156 55
157 54
158 53
159 52
160 51
161 50
162 49
163 48
164 47
165 46
166 45
167 44
168 43
169 42
170 41
171 40
172 39
173 38
174 37
175 36
176 35
177 34
178 33
179 32
136 76
134 78
132 80
130 82
128 84
126 86
124 88
123 90
122 90
121 91
122 92
123 93
124 93
125 93
126 93
127 93
128 93
129 93
130 93
131 93
132 93
133 93
134 93
124 94
125 95
126 96
127 96
128 96
129 96
130 96
131 96
132 96
133 96
134 96
135 96
136 96
137 96
138 96
139 96
140 96
141 96
142 96
143 96
144 96
145 96
146 96
147 96
148 96
149 96
150 96
151 96
152 96
153 96
154 96
155 96
156 96
157 96
158 96
159 96
160 96
161 96
162 96
163 96
164 96
165 96
166 96
167 96
168 96
169 96
170 96
171 96
172 96
173 96
174 96
175 96
176 96
177 96
178 96
179 96
180 96
181 96
182 96
183 96
184 96
185 96
186 96
187 96
188 96
189 96
190 96
191 96
192 96
193 96
194 96
195 96
196 96
197 96
198 96
199 96
200 96
201 96
202 96
203 96
204 96
127 97
128 98
129 98
130 98
131 98
132 98
133 98
134 98
135 98
136 98
137 98
138 98
139 98
140 98
141 98
142 98
143 98
144 98
145 98
146 98
147 98
148 98
149 98
150 98
151 98
152 98
153 98
154 98
155 98
156 98
157 98
158 98
159 98
160 98
161 98
162 98
163 98
164 98
165 98
166 98
167 98
168 98
169 98
170 98
171 98
172 98
173 98
174 98
175 98
176 98
177 98
178 98
179 98
180 98
181 98
182 98
183 98
184 98
185 98
186 98
187 98
188 98
189 98
190 98
191 98
192 98
193 98
194 98
195 98
196 98
197 98
198 98
199 98
200 98
201 98
202 98
203 98
204 98
205 98
206 98
207 98
208 98
209 98
210 98
211 98
212 98
213 98
214 98
215 98
129 99
130 100
131 101
132 101
133 101
134 101
135 101
136 101
137 101
138 101
139 101
140 101
141 101
142 101
143 101
144 101
145 101
146 101
147 101
148 101
149 101
150 101
151 101
152 101
153 101
154 101
155 101
156 101
157 101
158 101
159 101
160 101
161 101
162 101
163 101
164 101
165 101
166 101
167 101
168 101
169 101
170 101
171 101
172 101
173 101
174 101
175 101
176 101
177 101
178 101
179 101
180 101
181 101
145 102
144 102
143 102
142 102
141 102
140 102
139 102
138 102
137 102
136 102
135 102
134 102
133 102
132 102
133 103
134 104
135 105
136 106
137 107
138 108
139 108
140 108
141 108
142 108
143 108
144 108
145 108
146 108
147 108
148 108
149 108
150 108
151 108
152 108
153 108
154 108
155 108
156 108
157 108
158 108
159 108
160 108
161 108
139 109
140 110
141 111
142 112
143 112
144 112
145 112
146 112
147 112
148 112
149 112
150 112
151 112
152 112
153 112
154 112
155 112
156 112
157 112
158 112
159 112
160 112
161 112
162 112
163 112
164 112
165 112
166 112
167 112
168 112
169 112
170 112
171 112
172 112
173 112
174 112
175 112
176 112
177 112
178 112
179 112
180 112
181 112
182 112
183 112
184 112
185 112
186 112
187 112
188 112
189 112
190 112
191 112
192 112
193 112
194 112
195 112
196 112
197 112
198 112
199 112
200 112
201 112
202 112
203 112
204 112
205 112
194 113
193 113
192 113
191 113
190 113
189 113
188 113
187 113
186 113
185 113
184 113
183 113
182 113
181 113
180 113
179 113
178 113
177 113
176 113
175 113
174 113
173 113
172 113
171 113
170 113
169 113
168 113
167 113
166 113
165 113
164 113
163 113
162 113
161 113
160 113
159 113
158 113
157 113
156 113
155 113
154 113
153 113
152 113
151 113
150 113
149 113
148 113
147 113
146 113
145 113
144 113
143 113
144 114
145 115
144 116
143 116
142 116
141 116
140 116
139 116
138 116
137 116
136 116
135 116
134 116
133 116
132 116
131 116
130 115
129 114
128 114
128 113
127 112
126 111
125 110
124 109
123 108
122 107
122 106
121 106
120 105
119 104
118 103
117 102
116 101
123 106
124 106
125 106
126 106
127 106
128 106
129 106
130 106
128 115
128 116
128 117
127 117
126 117
125 117
124 117
123 117
122 117
121 117
120 117
119 117
118 117
117 117
116 116
115 115
114 115
114 114
114 113
113 113
112 113
112 112
111 111
110 110
109 109
108 108
107 107
112 114
112 115
112 116
112 117
112 118
112 119
112 120
112 121
112 122
114 112
114 111
114 110
114 109
114 108
114 107
114 116
114 117
114 118
114 119
114 120
114 121
114 122
114 123
114 124
114 125
114 126
114 127
114 128
114 129
114 130
114 131
114 132
114 133
114 134
114 135
114 136
114 137
114 138
114 139
114 140
114 141
114 142
114 143
118 118
119 119
120 120
121 121
122 122
123 123
124 124
125 125
126 126
127 127
128 127
128 126
128 125
128 124
128 123
128 122
128 121
128 120
128 119
128 118
129 117
130 117
128 128
129 128
130 128
131 128
132 128
129 129
128 129
128 130
128 131
128 132
128 133
128 134
128 135
128 136
128 137
128 138
128 139
128 140
128 141
128 142
128 143
128 144
130 130
131 131
132 132
133 133
134 134
135 135
136 136
137 137
138 138
139 139
140 140
141 141
141 142
142 142
141 143
143 143
144 144
145 144
146 144
147 144
148 144
149 144
150 144
151 144
152 144
153 144
154 144
155 144
156 144
157 144
132 117
133 118
134 119
135 120
136 121
137 122
138 123
139 124
140 125
141 126
142 127
143 128
144 129
145 130
146 130
146 116
147 117
148 118
149 119
150 120
151 120
152 120
153 120
154 120
155 120
156 120
157 120
158 120
159 120
160 120
161 120
162 120
163 120
164 120
165 120
166 120
167 120
168 120
169 120
170 120
171 120
172 120
173 120
174 120
175 120
176 120
177 120
178 120
179 120
180 120
181 120
151 121
152 122
153 123
154 124
155 125
156 126
157 127
158 128
159 129
160 129
161 129
162 129
163 129
164 129
165 129
166 129
167 129
168 129
169 129
170 129
171 129
172 129
173 129
174 129
175 129
176 129
177 129
178 129
179 129
180 129
181 129
182 129
183 129
184 129
185 129
186 129
187 129
188 129
189 129
190 129
191 129
192 129
193 129
194 129
195 129
196 129
197 129
198 129
199 129
200 129
201 129
202 129
203 129
204 129
205 129
206 129
207 129
208 129
209 129
210 129
211 129
212 129
213 129
214 129
202 130
201 130
200 130
199 130
198 130
197 130
196 130
195 130
194 130
193 130
192 130
191 130
190 130
189 130
188 130
187 130
186 130
185 130
184 130
183 130
182 130
181 130
180 130
179 130
178 130
177 130
176 130
175 130
174 130
173 130
172 130
171 130
170 130
169 130
168 130
167 130
166 130
165 130
164 130
163 130
162 130
161 130
160 130
161 131
162 132
163 132
164 132
165 132
166 132
167 132
168 132
169 132
170 132
171 132
172 132
173 132
174 132
163 133
164 134
165 135
166 136
167 137
168 137
169 137
170 137
171 137
172 137
173 137
174 137
175 137
176 137
177 137
178 137
179 137
180 137
181 137
182 137
183 137
184 137
185 137
186 137
187 137
188 137
168 138
169 139
170 140
171 141
172 142
173 143
174 144
175 144
176 144
177 144
178 144
179 144
180 144
181 144
182 144
183 144
184 144
185 144
186 144
187 144
175 145
176 146
177 146
178 146
179 146
180 146
181 146
182 146
183 146
184 146
185 146
177 147
178 148
179 148
180 148
181 148
182 148
183 148
184 148
124 90
125 90
126 90
127 90
128 90
129 90
130 90
131 90
132 90
133 90
134 90
135 90
136 90
137 90
138 90
139 90
140 90
141 90
142 90
143 90
144 90
145 90
146 90
147 90
148 90
149 90
150 90
151 90
152 90
153 90
154 90
155 90
156 90
157 90
158 90
159 90
160 90
161 90
162 90
163 90
164 90
165 90
166 90
167 90
168 90
169 90
170 90
171 90
172 90
173 90
174 90
175 90
176 90
177 90
178 90
179 90
180 90
181 90
182 90
183 90
184 90
185 90
186 90
187 90
188 90
189 90
190 90
191 90
192 90
193 90
194 90
195 90
196 90
197 90
198 90
199 90
200 90
201 90
202 90
203 90
204 90
205 90
206 90
207 90
208 90
209 90
210 89
211 88
212 87
213 86
214 85
215 84
195 89
196 88
197 87
198 86
199 85
200 84
201 83
202 82
203 81
204 80
205 79
206 78
207 77
208 76
209 75
210 74
211 73
212 72
213 71
214 70
215 69
182 89
183 88
184 87
185 86
186 85
187 84
188 83
189 82
190 81
191 80
192 79
193 78
194 77
195 76
196 75
197 74
198 73
199 72
200 71
201 70
202 69
203 68
204 67
175 89
176 88
177 87
178 86
179 85
180 84
181 83
170 89
171 88
172 87
173 86
174 85
175 84
176 83
177 82
178 81
179 80
180 79
181 78
182 77
183 76
184 75
185 74
186 73
187 72
188 71
189 70
190 69
191 68
192 67
193 66
194 65
195 64
196 63
197 62
198 61
199 60
200 59
201 58
202 57
203 56
204 55
205 54
167 89
164 89
165 88
166 87
167 86
168 85
169 84
170 83
171 82
172 81
173 80
174 79
175 78
176 77
177 76
178 75
179 74
180 73
181 72
182 71
183 70
184 69
185 68
186 67
187 66
188 65
189 64
190 63
191 62
192 61
193 60
194 59
195 58
196 57
197 56
198 55
199 54
200 53
201 52
202 51
203 50
204 49
205 48
206 47
207 46
208 45
209 44
210 43
211 42
159 89
158 89
159 88
160 88
160 87
161 87
161 86
162 86
162 85
163 85
163 84
164 84
164 83
165 83
165 82
166 82
166 81
167 81
167 80
168 80
168 79
169 79
169 78
170 78
170 77
171 77
171 76
172 76
172 75
173 75
173 74
174 74
174 73
175 73
175 72
176 72
176 71
177 71
177 70
178 70
178 69
179 69
179 68
180 68
180 67
181 67
181 66
182 66
183 65
184 64
185 63
186 62
187 61
188 60
189 59
190 58
191 57
192 56
193 55
194 54
195 53
196 52
197 51
198 50
199 49
200 48
201 47
202 46
203 45
204 44
205 43
206 42
207 41
150 89
149 88
148 88
148 89
147 89
149 87
150 87
150 86
151 86
151 85
152 85
152 84
153 84
153 83
154 83
154 82
155 82
155 81
156 81
156 80
157 80
157 79
158 79
158 78
159 78
159 77
160 77
160 76
161 76
162 75
163 74
164 73
165 72
166 71
167 70
168 69
169 68
170 67
171 66
172 65
173 64
174 63
175 62
176 61
177 60
178 59
179 58
180 57
181 56
182 55
183 54
184 53
185 52
186 51
187 50
188 49
189 48
190 47
191 46
192 45
193 44
194 43
195 42
196 41
153 86
152 87
151 88
141 89
142 88
143 87
144 86
145 85
146 84
147 83
148 82
149 81
150 80
151 79
152 78
153 77
154 76
155 75
156 74
157 73
158 72
159 71
160 70
161 69
162 68
163 67
164 66
165 65
166 64
167 63
168 62
169 61
170 60
171 59
172 58
173 57
174 56
175 55
176 54
177 53
178 52
179 51
180 50
181 49
182 48
183 47
184 46
185 45
186 44
187 43
188 42
189 41
190 40
191 39
192 38
193 37
137 89
136 88
135 88
135 89
134 89
133 88
132 89
134 87
135 86
136 85
137 84
138 83
139 82
140 81
141 80
142 79
143 78
144 77
145 76
146 75
147 74
148 73
149 72
150 71
151 70
152 69
153 68
154 67
155 66
156 65
157 64
158 63
159 62
160 61
161 60
162 59
163 58
164 57
165 56
166 55
167 54
168 53
169 52
170 51
171 50
172 49
173 48
174 47
175 46
176 45
177 44
178 43
179 42
180 41
181 40
182 39
183 38
184 37
185 36
186 35
187 34
188 33
189 34
188 35
187 36
186 37
185 38
184 39
183 40
182 41
181 42
180 43
179 44
178 45
177 46
176 47
175 48
174 49
173 50
172 51
171 52
170 53
169 54
168 55
167 56
166 57
165 58
164 59
163 60
162 61
161 62
160 63
159 64
158 65
157 66
156 67
155 68
154 69
153 70
152 71
151 72
150 73
149 74
148 75
147 76
147 77
146 77
146 78
145 78
145 79
144 79
144 80
143 80
143 81
142 81
142 82
141 82
141 83
140 83
140 84
139 84
139 85
138 85
138 86
137 86
137 87
136 87
138 88
139 87
140 86
141 85
142 84
143 83
144 82
145 81
146 80
147 79
148 78
149 77
150 76
151 75
152 74
153 73
154 72
155 71
156 70
157 69
158 68
159 67
160 66
161 65
162 64
163 63
164 62
165 61
166 60
167 59
168 58
169 57
170 56
171 55
172 54
173 53
174 52
175 51
176 50
177 49
178 48
179 47
180 46
181 45
182 44
183 43
184 42
185 41
186 40
187 39
188 38
189 37
190 36
129 89
130 88
131 87
132 86
133 85
134 84
135 83
136 82
137 81
138 80
139 79
140 78
141 77
142 76
143 75
144 74
145 73
146 72
147 71
148 70
149 69
150 68
151 67
152 66
153 65
154 64
155 63
156 62
157 61
158 60
159 59
160 58
161 57
162 56
163 55
164 54
120 88
120 87
119 87
118 86
117 85
116 84
115 83
114 82
113 81
112 80
111 79
110 78
109 77
108 76
107 75
106 74
105 73
104 72
103 71
102 70
101 69
100 68
99 67
98 66
97 65
96 64
95 63
94 62
93 61
92 60
91 59
90 58
89 57
88 56
87 55
86 54
85 53
84 52
83 51
82 50
81 49
82 48
81 47
80 46
79 45
78 44
77 43
76 42
75 41
74 40
73 39
72 38
71 37
70 36
69 35
68 34
83 49
84 50
85 51
86 52
87 53
88 54
89 55
90 56
91 57
92 58
93 59
94 60
95 61
96 62
97 63
98 64
99 65
100 66
101 67
102 68
103 69
104 70
105 71
106 72
107 73
108 74
109 75
110 76
111 77
112 78
113 79
114 80
115 81
116 82
117 83
118 84
119 85
120 85
120 84
120 83
120 82
120 81
120 80
120 79
119 79
118 78
117 77
116 76
115 75
114 74
115 73
114 72
113 71
112 70
111 69
110 68
109 67
108 66
107 65
106 64
105 63
104 62
103 61
102 60
101 59
100 58
99 57
98 56
97 55
96 54
95 53
116 74
117 75
118 76
119 77
120 77
120 76
120 75
121 75
120 74
120 73
121 73
120 72
120 71
120 70
120 69
120 68
120 67
120 66
119 66
119 65
118 65
118 64
117 64
117 63
116 63
116 62
115 62
115 61
114 61
114 60
113 60
113 59
112 59
112 58
111 58
110 57
109 56
108 55
107 54
106 53
105 52
104 51
103 50
102 49
101 48
100 47
99 46
98 45
97 44
96 43
95 42
94 41
93 40
92 39
91 38
90 37
89 36
88 35
87 34
120 65
120 64
120 63
120 62
120 61
120 60
120 59
120 58
120 57
120 56
120 55
120 54
120 53
120 52
121 52
120 51
119 51
118 50
117 49
116 48
115 47
114 46
120 50
120 49
120 48
120 47
119 47
118 46
117 45
116 44
115 43
114 42
113 41
112 40
111 39
110 38
109 37
108 36
107 35
106 34
120 46
120 45
120 44
120 43
120 42
120 41
120 40
120 39
120 38
120 37
121 36
122 35
123 34
122 51
123 50
124 49
125 48
126 47
127 46
128 45
129 44
130 43
131 42
132 41
133 40
134 39
135 38
136 37
137 36
138 35
139 34
121 66
122 65
123 64
124 63
125 62
126 61
127 60
128 59
129 58
130 57
131 56
132 55
133 54
122 72
123 71
124 70
125 69
126 68
127 67
128 66
129 65
130 64
131 63
132 62
133 61
134 60
135 59
136 58
137 57
138 56
139 55
140 54
141 53
142 52
143 51
144 50
145 49
146 48
147 47
148 46
149 45
150 44
151 43
152 42
153 41
154 40
155 39
156 38
157 37
158 36
159 35
160 34
148 48
147 49
146 50
145 51
144 52
143 53
142 54
141 55
140 56
139 57
138 58
137 59
136 60
135 61
134 62
133 63
132 64
131 65
130 66
129 67
128 68
127 69
126 70
125 71
124 72
123 73
122 74
120 78
120 86
111 96
110 95
109 94
108 93
107 92
106 91
111 99
110 100
109 101
101 101
112
113 90
30 90
30 77
51 89
30 64
48 69
63 64
30 47
48 48
35 41
45 37
46 36
47 35
77 62
67 51
49 34
53 33
55 28
95 71
70 76
71 86
83 77
90 86
102 91
92 102
30 102
103 105
71 108
48 109
30 114
88 123
69 126
48 129
30 130
35 136
37 137
45 140
46 141
49 142
54 144
56 151
69 143
90 144
101 123
102 144
113 106
135 75
151 61
179 32
134 93
204 96
215 98
181 101
145 102
161 108
205 112
194 113
144 116
130 106
112 122
114 143
130 117
132 128
128 144
141 143
157 144
146 130
181 120
159 129
214 129
202 130
174 132
188 137
173 143
187 144
185 146
184 148
215 84
204 80
215 69
204 67
181 83
205 54
167 89
211 42
181 66
194 54
207 41
160 76
196 41
153 86
165 65
181 49
193 37
188 33
189 34
147 77
190 36
164 54
81 49
68 34
114 74
95 53
112 58
87 34
114 46
106 34
123 34
139 34
133 54
160 34
148 48
