3198
119 90
118 90
117 90
116 90
115 90
114 90
113 90
112 90
111 90
110 90
109 90
108 90
107 90
106 90
105 90
104 90
103 90
102 90
101 90
100 90
99 90
98 90
97 90
96 90
95 90
94 90
93 90
92 90
91 90
90 90
89 90
88 90
87 90
86 90
85 90
84 90
83 90
82 90
81 90
80 90
79 90
78 90
77 90
76 90
75 90
74 90
73 90
72 90
71 90
70 90
69 90
68 90
67 90
66 90
65 90
64 90
63 90
62 90
61 90
60 90
59 90
58 90
57 90
56 90
55 90
54 90
53 90
52 90
51 90
50 90
49 90
48 90
47 90
46 90
45 90
44 90
43 90
42 90
41 90
40 90
39 90
38 90
37 90
36 90
35 90
34 90
33 89
32 88
31 87
44 89
43 88
42 87
41 86
40 85
39 84
38 83
37 82
36 81
35 80
34 79
33 78
32 77
31 76
30 75
58 89
57 88
56 87
55 86
54 85
53 84
52 83
51 82
50 81
49 80
48 79
47 78
46 77
45 76
44 75
43 74
42 73
41 72
40 71
39 70
38 69
37 68
36 67
35 66
34 65
33 64
32 63
31 62
72 89
72 88
72 87
72 86
72 85
72 84
72 83
72 82
72 81
72 80
72 79
72 78
72 77
72 76
72 75
72 74
72 73
73 73
72 72
72 71
71 71
70 70
69 69
68 68
67 67
66 66
65 65
64 64
63 63
62 62
61 62
61 61
60 60
59 59
58 58
57 57
57 56
56 56
55 55
54 54
53 53
52 52
51 51
50 50
49 49
48 48
47 48
46 48
45 48
44 48
43 48
42 48
41 48
40 48
39 48
38 48
37 48
36 48
35 48
34 48
33 48
32 48
31 47
30 46
38 47
37 46
36 45
35 44
34 43
33 42
32 41
44 47
43 46
42 45
41 44
40 43
39 42
38 41
37 40
48 47
48 46
48 45
48 44
48 43
48 42
48 41
48 40
47 40
46 39
45 38
44 37
48 39
48 38
48 37
47 36
58 56
59 56
60 56
61 56
62 56
63 56
64 56
65 56
66 56
67 56
68 56
69 56
70 56
71 56
72 56
73 56
74 56
75 56
76 56
76 55
76 54
76 53
76 52
75 51
74 50
73 49
72 48
71 47
70 46
69 45
68 44
67 43
66 42
65 41
64 40
63 39
62 38
61 37
60 36
59 35
58 34
75 57
74 58
73 59
72 60
72 61
71 61
70 62
69 63
68 64
67 65
72 62
72 63
72 64
72 65
72 66
72 67
72 68
72 69
72 70
77 57
78 58
79 59
80 60
81 61
82 62
83 63
84 64
85 65
86 66
87 67
88 68
89 69
89 70
90 70
89 71
89 72
89 73
89 74
89 75
89 76
89 77
89 78
89 79
89 80
89 81
89 82
89 83
89 84
89 85
89 86
89 87
89 88
88 88
87 87
86 86
85 86
85 85
84 84
83 83
82 82
81 81
80 80
79 79
78 78
77 77
76 76
75 75
74 74
85 87
85 88
85 89
89 89
91 71
92 71
93 71
92 72
93 73
94 74
95 75
96 76
97 77
98 78
99 79
100 80
101 81
102 82
103 83
104 84
105 85
106 86
107 87
108 88
109 89
61 63
61 64
61 65
61 66
61 67
61 68
61 69
60 69
59 69
58 69
57 69
56 69
55 69
54 69
53 69
52 69
51 69
50 69
49 69
48 69
61 70
61 71
61 72
61 73
61 74
62 69
63 69
64 68
65 67
72 91
72 92
72 93
85 91
85 92
85 93
85 94
85 95
85 96
85 97
85 98
84 98
83 98
82 98
81 98
80 98
79 98
78 98
77 98
76 98
75 98
74 98
73 98
72 98
71 98
70 98
69 98
68 98
67 98
66 98
65 98
64 98
63 98
62 98
61 98
60 98
59 98
58 98
57 98
56 98
55 98
54 98
53 98
52 98
51 98
50 98
49 98
48 98
47 98
46 98
45 98
44 98
43 98
42 98
41 98
40 98
39 98
38 98
37 98
36 98
35 98
34 98
33 98
32 98
31 98
85 99
85 100
86 98
87 98
88 98
89 98
90 98
91 98
92 98
93 98
94 98
95 98
96 98
97 98
98 98
99 98
100 98
101 98
102 98
103 98
104 98
105 98
106 98
107 98
108 98
109 98
110 98
111 98
112 98
112 99
111 99
110 100
109 101
109 102
108 102
107 102
106 102
105 102
104 102
103 102
102 102
101 102
100 102
100 101
101 101
100 100
99 100
99 99
98 99
100 103
100 104
100 105
99 105
98 105
97 105
96 105
95 105
94 105
93 105
92 105
91 105
90 105
89 105
88 105
87 105
86 105
85 105
84 105
83 105
82 105
81 105
80 105
79 105
78 105
77 105
76 105
75 105
74 105
73 105
72 105
71 105
89 104
89 103
89 102
89 101
89 100
89 99
89 106
89 107
89 108
89 109
88 109
87 109
86 109
85 109
84 109
83 109
82 109
81 109
80 109
79 109
78 109
77 109
76 109
75 109
74 109
73 109
72 109
71 109
70 109
69 109
68 109
67 109
66 109
65 109
64 109
63 109
62 109
61 109
60 109
59 109
58 109
57 109
56 109
55 109
54 109
53 109
52 109
51 109
50 109
49 109
48 109
47 109
46 109
45 109
44 109
43 109
42 109
41 109
40 109
39 109
38 109
37 109
36 109
35 109
34 109
33 109
89 110
89 111
89 112
89 113
90 109
91 109
92 109
93 109
94 109
95 109
96 109
97 109
98 109
99 109
100 109
101 109
102 109
102 108
102 107
103 107
102 106
102 105
101 105
102 104
103 104
104 104
104 105
103 105
104 106
105 106
106 106
106 107
107 107
107 108
108 108
108 109
109 109
109 110
110 110
110 111
111 111
112 111
112 110
112 109
112 108
112 107
112 106
112 105
112 104
112 103
112 102
111 102
110 102
112 101
112 100
113 102
114 102
112 112
111 112
112 113
113 113
113 114
112 114
112 115
112 116
112 117
112 118
112 119
112 120
112 121
112 122
112 123
112 124
112 125
112 126
112 127
112 128
112 129
112 130
112 131
112 132
112 133
112 134
112 135
112 136
112 137
112 138
112 139
112 140
112 141
112 142
112 143
114 114
114 115
115 115
115 116
114 116
114 117
114 118
114 119
114 120
114 121
114 122
114 123
114 124
114 125
114 126
114 127
114 128
114 129
116 116
116 117
117 117
117 118
118 118
118 119
119 119
119 120
120 120
120 121
121 121
121 122
122 122
122 123
123 123
123 124
124 124
124 125
125 125
125 126
126 126
126 127
127 127
127 128
128 128
128 129
127 129
127 130
127 131
127 132
127 133
127 134
127 135
127 136
127 137
127 138
127 139
127 140
127 141
127 142
127 143
127 144
129 129
129 130
130 130
131 130
132 130
133 130
134 130
135 130
136 130
130 131
131 132
132 133
133 134
134 135
135 136
136 137
137 138
138 139
139 140
140 141
141 142
142 143
143 143
105 105
106 104
107 103
103 103
102 103
102 110
102 111
102 112
102 113
102 114
102 115
102 116
100 110
99 111
98 112
97 113
96 114
95 115
94 116
93 117
93 118
92 118
92 119
91 119
90 120
89 121
88 122
87 123
86 123
85 123
84 123
83 123
82 123
81 123
80 123
79 123
78 123
77 123
76 123
75 123
74 123
73 123
72 123
71 123
86 124
85 125
84 126
83 127
82 128
81 128
80 128
79 128
78 128
77 128
76 128
75 128
74 128
73 128
72 128
71 128
70 128
69 128
68 128
67 128
66 128
65 128
64 128
63 128
62 128
61 128
60 128
59 128
58 128
57 128
56 128
55 128
54 128
53 128
52 128
51 128
50 128
49 128
48 128
47 128
46 128
45 128
44 128
43 128
42 128
41 128
40 128
39 128
38 128
37 128
36 128
35 128
34 128
33 128
32 128
31 128
30 128
48 129
49 129
50 129
51 129
52 129
53 129
54 129
55 129
56 129
57 129
58 129
59 129
60 129
61 129
62 129
63 129
64 129
65 129
66 129
67 129
68 129
69 129
70 129
71 129
72 129
73 129
74 129
75 129
76 129
77 129
78 129
79 129
80 129
81 129
80 130
79 131
78 132
77 133
76 134
75 135
74 136
73 136
72 136
71 136
70 136
69 136
68 136
67 136
66 136
65 136
64 136
63 136
62 136
61 136
60 136
59 136
58 136
57 136
56 136
55 136
54 136
53 136
52 136
51 136
50 136
49 136
48 136
47 136
46 136
45 136
44 136
43 136
42 136
41 136
40 136
39 136
38 136
37 136
36 136
35 136
36 137
37 137
38 137
39 137
40 137
41 137
42 137
43 137
44 137
45 137
46 137
47 137
48 137
49 137
50 137
51 137
52 137
53 137
54 137
55 137
56 137
57 137
58 137
59 137
60 137
61 137
62 137
63 137
64 137
65 137
66 137
67 137
68 137
69 137
70 137
71 137
72 137
73 137
73 138
72 138
71 139
70 140
69 140
68 140
67 140
66 140
65 140
64 140
63 140
62 140
61 140
60 140
59 140
58 140
57 140
56 140
55 140
54 140
53 140
52 140
51 140
50 140
49 140
48 140
47 140
46 140
45 140
44 140
46 141
47 141
48 141
49 141
50 141
51 141
52 141
53 141
54 141
55 141
56 141
57 141
58 141
59 141
60 141
61 141
62 141
63 141
64 141
65 141
66 141
67 141
68 141
69 141
68 142
67 142
66 142
65 142
64 142
63 142
62 142
61 142
60 142
59 142
58 142
57 142
56 142
55 142
54 142
53 142
52 142
51 142
50 142
49 142
48 142
49 143
50 143
51 143
52 143
53 143
54 143
55 143
56 143
57 143
58 143
59 143
60 143
61 143
62 143
63 143
64 143
65 143
66 143
67 143
66 144
65 144
64 144
63 144
62 144
61 144
60 144
59 144
58 144
57 144
56 144
55 144
54 144
53 144
52 144
51 144
50 144
57 145
58 145
59 145
60 145
61 145
62 145
63 145
64 145
65 145
73 139
73 140
73 141
73 142
73 143
92 120
93 120
93 119
93 121
92 121
92 122
93 122
93 123
92 123
92 124
93 124
93 125
92 125
92 126
93 126
93 127
92 127
92 128
93 128
92 129
92 130
92 131
92 132
92 133
92 134
92 135
92 136
92 137
92 138
92 139
92 140
92 141
92 142
92 143
92 144
92 145
92 146
92 147
92 148
92 149
113 97
114 96
115 95
114 94
113 93
112 92
111 91
116 94
117 93
118 92
119 91
121 90
120 89
121 89
121 88
120 88
120 87
121 87
122 87
123 87
123 86
122 86
121 85
120 85
120 84
120 83
121 83
121 82
120 82
120 81
120 80
120 79
120 78
120 77
119 77
119 76
118 76
118 75
117 75
117 74
116 74
116 73
115 73
114 72
113 71
112 70
111 69
110 68
109 67
108 66
107 65
106 64
105 63
104 62
103 61
102 60
101 59
100 58
99 57
98 56
97 55
96 54
95 53
94 52
93 51
92 50
91 49
90 48
89 47
88 46
87 45
86 44
85 43
84 42
83 41
82 40
81 39
80 38
79 37
78 36
77 35
76 34
120 76
121 76
120 75
120 74
120 73
120 72
121 72
120 71
120 70
120 69
121 69
120 68
120 67
120 66
120 65
120 64
120 63
120 62
119 62
118 61
117 60
116 59
115 58
114 57
113 56
112 55
120 61
120 60
121 60
120 59
120 58
119 58
118 57
117 56
116 55
115 54
114 53
113 52
112 51
111 50
110 49
109 48
108 47
107 46
106 45
105 44
104 43
103 42
102 41
101 40
100 39
99 38
98 37
97 36
96 35
95 34
120 57
121 57
120 56
120 55
120 54
120 53
120 52
120 51
120 50
120 49
120 48
120 47
120 46
120 45
120 44
120 43
120 42
120 41
121 41
122 40
123 39
124 38
125 37
126 36
127 35
128 34
119 40
118 39
117 38
116 37
115 36
114 35
113 34
122 56
123 55
124 54
125 53
126 52
127 51
128 50
129 49
130 48
131 47
132 46
133 45
134 44
135 43
136 42
137 41
138 40
139 39
140 38
141 37
142 36
143 35
144 34
122 59
123 58
124 57
125 56
126 55
127 54
128 53
129 52
130 51
131 50
132 49
133 48
134 47
135 46
136 45
137 44
138 43
139 42
140 41
141 40
142 39
143 38
144 37
145 36
146 35
147 34
148 33
149 32
150 31
151 30
152 29
153 28
154 27
155 26
156 25
157 24
122 68
123 67
124 66
125 65
126 64
122 71
123 70
124 69
125 68
126 67
127 66
128 65
129 64
130 63
131 62
132 61
133 60
134 59
135 58
136 57
137 56
138 55
139 54
140 53
141 52
142 51
143 50
144 49
145 48
146 47
147 46
148 45
149 44
150 43
151 42
152 41
153 40
154 39
155 38
156 37
157 36
122 75
123 74
124 73
125 72
126 71
127 70
128 69
129 68
130 67
131 66
132 65
133 64
134 63
135 62
136 61
137 60
138 59
139 58
140 57
141 56
142 55
143 54
144 53
145 52
146 51
147 50
122 82
122 81
123 81
123 80
124 80
124 79
125 79
125 78
126 78
126 77
127 77
127 76
128 76
128 75
129 75
129 74
130 74
130 73
131 73
131 72
132 72
132 71
133 71
133 70
134 70
134 69
135 69
135 68
136 68
136 67
137 67
137 66
138 66
139 65
140 64
141 63
142 62
143 61
144 60
145 59
146 58
147 57
148 56
149 55
150 54
151 53
152 52
153 51
154 50
155 49
156 48
157 47
158 46
159 45
160 44
161 43
162 42
163 41
164 40
165 39
166 38
167 37
168 36
169 35
170 34
171 35
170 36
169 37
168 38
167 39
166 40
165 41
164 42
163 43
162 44
161 45
160 46
159 47
158 48
157 49
156 50
155 51
154 52
153 53
152 54
151 55
150 56
149 57
148 58
147 59
146 60
145 61
144 62
143 63
142 64
141 65
140 66
139 67
138 68
137 69
136 70
135 71
134 72
133 73
132 74
131 75
130 76
129 77
128 78
127 79
126 80
125 81
124 82
123 83
122 84
123 85
124 85
125 85
125 84
124 84
125 83
126 83
127 83
127 82
128 82
128 81
129 81
129 80
130 80
130 79
131 79
131 78
132 78
132 77
133 77
133 76
134 76
134 75
135 75
135 74
136 74
136 73
137 73
137 72
138 72
138 71
139 71
139 70
140 70
140 69
141 69
141 68
142 68
142 67
143 67
143 66
144 66
144 65
145 65
145 64
146 64
146 63
147 63
147 62
148 62
148 61
149 61
149 60
150 60
150 59
151 59
151 58
152 58
152 57
153 57
153 56
154 56
154 55
155 55
155 54
156 54
156 53
157 53
157 52
158 52
158 51
159 51
159 50
160 50
160 49
161 49
161 48
162 48
162 47
163 47
163 46
164 46
165 45
166 44
167 43
168 42
169 41
170 40
171 39
172 38
173 37
174 36
175 35
176 34
177 33
178 32
179 31
180 30
181 29
182 28
183 27
126 84
124 86
172 34
173 33
174 32
175 31
176 30
177 29
178 28
179 27
180 26
181 25
182 24
120 86
122 88
121 91
122 91
123 91
124 91
125 91
126 91
127 91
128 91
129 91
130 91
131 91
132 91
133 91
134 91
135 91
136 91
137 91
138 91
139 91
140 91
141 91
142 91
143 91
144 91
145 91
146 91
147 91
148 91
149 91
150 91
151 91
152 91
153 91
154 91
155 91
156 91
157 91
158 91
158 90
157 90
156 90
155 90
154 90
153 90
152 90
151 90
150 90
149 90
148 90
147 90
146 90
145 90
144 90
143 90
142 90
141 90
140 90
139 90
138 90
137 90
136 90
135 90
134 90
133 90
132 90
131 90
130 90
129 90
128 90
127 90
126 90
125 90
124 90
123 90
122 90
124 89
125 88
126 87
127 86
128 85
129 84
130 83
131 82
132 81
133 80
134 81
133 82
132 83
131 84
130 85
129 86
128 87
127 88
126 89
135 80
136 79
137 78
138 77
139 76
140 75
141 74
142 73
143 72
144 71
145 70
146 69
147 68
148 67
149 66
150 65
151 64
152 63
153 62
154 61
155 60
156 59
157 58
158 57
159 56
160 55
161 54
162 53
163 52
164 51
165 50
166 49
167 48
168 47
169 46
170 45
171 44
172 43
173 42
174 41
175 40
176 39
177 38
178 37
179 36
180 35
181 34
182 33
183 32
184 31
130 89
131 88
132 87
133 86
134 85
135 84
136 83
137 82
138 81
139 80
140 79
141 78
142 77
143 76
144 75
145 74
146 73
147 72
148 71
149 70
150 69
151 68
152 67
153 66
154 65
155 64
156 63
157 62
158 61
159 60
160 59
161 58
162 57
163 56
164 55
165 54
166 53
167 52
168 51
169 50
170 49
171 48
172 47
173 46
174 45
175 44
176 43
177 42
178 41
179 40
180 39
181 38
182 37
183 36
184 35
185 34
186 33
187 32
188 33
187 34
186 35
185 36
184 37
183 38
182 39
181 40
180 41
179 42
178 43
177 44
176 45
175 46
174 47
173 48
172 49
171 50
170 51
169 52
168 53
167 54
166 55
165 56
164 57
163 58
162 59
161 60
160 61
159 62
158 63
157 64
156 65
155 66
154 67
153 68
152 69
151 70
150 71
149 72
148 73
147 74
146 75
145 76
144 77
143 78
142 79
141 80
140 81
139 82
138 83
137 84
136 85
135 86
134 87
133 88
132 89
134 89
135 89
136 89
136 88
135 88
136 87
137 87
138 87
138 86
137 86
138 85
139 85
140 85
140 84
139 84
140 83
141 83
142 83
142 82
141 82
142 81
143 81
144 81
144 80
143 80
144 79
145 79
146 79
145 78
146 77
147 76
148 75
149 74
150 73
151 72
152 71
153 70
154 69
155 68
156 67
157 66
158 65
159 64
160 63
161 62
162 61
163 60
164 59
165 58
166 57
167 56
168 55
169 54
170 53
171 52
172 51
173 50
174 49
175 48
176 47
177 46
178 45
179 44
180 43
181 42
182 41
183 40
184 39
185 38
186 37
187 36
188 35
189 34
190 35
189 36
188 37
187 38
186 39
185 40
184 41
183 42
182 43
181 44
180 45
179 46
178 47
177 48
176 49
175 50
174 51
173 52
172 53
171 54
170 55
169 56
168 57
167 58
166 59
165 60
164 61
163 62
162 63
161 64
160 65
159 66
158 67
157 68
156 69
155 70
154 71
153 72
152 73
151 74
150 75
149 76
148 77
147 78
148 79
147 80
146 81
145 80
145 82
144 83
143 82
143 84
142 85
141 84
141 86
140 87
139 86
139 88
138 89
137 88
149 78
150 77
151 76
152 75
153 74
154 73
155 72
156 71
157 70
158 69
159 68
160 67
161 66
162 65
163 64
164 63
165 62
166 61
167 60
168 59
169 58
170 57
171 56
172 55
173 54
174 53
175 52
146 89
147 89
147 88
148 88
148 87
149 87
149 86
150 86
150 85
151 85
151 84
152 84
152 83
153 83
153 82
154 82
154 81
155 81
155 80
156 80
156 79
157 79
157 78
158 78
158 77
159 76
160 75
161 74
162 73
163 72
164 71
165 70
166 69
167 68
168 67
169 66
170 65
171 64
172 63
173 62
174 61
175 60
176 59
177 58
178 57
179 56
180 55
181 54
182 53
183 52
184 51
185 50
186 49
187 48
188 47
189 46
151 89
152 88
153 87
154 86
155 85
156 84
157 83
158 82
159 81
160 80
161 79
162 78
163 77
164 76
165 75
166 74
167 73
168 72
169 71
170 70
171 69
172 68
173 67
174 66
175 65
176 64
177 63
178 62
179 61
180 60
181 59
182 58
183 57
184 56
185 55
186 54
187 53
188 52
189 51
190 50
191 49
192 48
193 47
194 46
195 45
196 44
197 43
198 42
199 41
200 40
158 89
159 88
160 87
161 86
162 85
163 84
164 83
165 82
166 81
167 80
168 79
169 78
170 77
171 76
172 75
173 74
174 73
175 72
176 71
177 70
178 69
179 68
180 67
181 66
182 65
183 64
184 63
185 62
186 61
187 60
188 59
189 58
190 57
191 56
192 55
193 54
194 53
195 52
159 90
160 90
161 90
162 90
163 90
164 90
165 90
166 90
167 90
168 90
169 90
170 90
171 90
172 90
173 90
174 90
175 90
176 90
177 90
178 90
179 90
180 90
181 90
182 90
183 90
184 90
185 90
186 90
187 90
188 90
189 90
190 90
191 90
192 90
193 90
194 90
195 90
196 90
197 90
198 90
199 90
200 90
201 89
202 88
203 87
204 86
205 85
195 89
196 88
197 87
198 86
199 85
200 84
201 83
202 82
203 81
204 80
205 79
206 78
207 77
208 76
209 75
210 74
186 89
187 88
188 87
189 86
190 85
191 84
192 83
193 82
194 81
179 89
180 88
181 87
182 86
183 85
184 84
185 83
186 82
187 81
188 80
189 79
190 78
191 77
192 76
193 75
194 74
195 73
196 72
197 71
198 70
199 69
200 68
201 67
202 66
203 65
204 64
205 63
169 89
170 88
171 87
172 86
173 85
174 84
175 83
176 82
177 81
178 80
179 79
180 78
181 77
182 76
183 75
184 74
185 73
186 72
187 71
188 70
189 69
190 68
191 67
192 66
193 65
194 64
165 89
166 88
167 87
168 86
169 85
170 84
171 83
172 82
173 81
174 80
175 79
176 78
177 77
178 76
179 75
180 74
181 73
182 72
183 71
184 70
185 69
186 68
187 67
188 66
189 65
190 64
191 63
192 62
193 61
194 60
195 59
196 58
197 57
198 56
199 55
200 54
201 53
202 52
203 51
204 50
205 49
206 48
207 47
161 89
162 88
163 87
164 86
165 85
166 84
167 83
168 82
169 81
170 80
171 79
172 78
173 77
174 76
175 75
176 74
177 73
178 72
179 71
180 70
181 69
122 92
123 93
124 94
125 94
126 94
125 95
126 96
127 97
128 98
129 98
130 98
131 98
132 98
133 98
134 98
135 98
136 98
137 98
138 98
139 98
140 98
141 98
142 98
143 98
144 98
145 98
146 98
147 98
148 98
149 98
150 98
151 98
152 98
153 98
154 98
155 98
156 98
157 98
158 98
159 98
160 98
161 98
162 98
163 98
164 98
165 98
166 98
167 98
168 98
169 98
170 98
171 98
172 98
173 98
174 98
175 98
176 98
177 98
178 98
179 98
180 98
181 98
182 98
183 98
184 98
185 98
186 98
187 98
188 98
189 98
190 98
191 98
192 98
193 98
194 98
195 98
196 98
197 98
198 98
199 98
200 98
201 98
202 98
203 98
204 98
205 98
206 98
207 98
208 98
209 98
210 98
211 98
212 98
213 98
214 98
215 98
204 99
203 99
202 99
201 99
200 99
199 99
198 99
197 99
196 99
195 99
194 99
193 99
192 99
191 99
190 99
189 99
188 99
187 99
186 99
185 99
184 99
183 99
182 99
181 99
180 99
179 99
178 99
177 99
176 99
175 99
174 99
173 99
172 99
171 99
170 99
169 99
168 99
167 99
166 99
165 99
164 99
163 99
162 99
161 99
160 99
159 99
158 99
157 99
156 99
155 99
154 99
153 99
152 99
151 99
150 99
149 99
148 99
147 99
146 99
145 99
144 99
143 99
142 99
141 99
140 99
139 99
138 99
137 99
136 99
135 99
134 99
133 99
132 99
131 99
130 99
129 99
130 100
131 100
132 100
133 100
134 100
135 100
136 100
131 101
132 102
133 103
134 104
135 105
136 105
137 105
138 105
139 105
140 105
141 105
142 105
143 105
144 105
145 105
146 105
147 105
148 105
149 105
150 105
151 105
152 105
153 105
154 105
155 105
156 105
157 105
158 105
159 105
160 105
161 105
162 105
163 105
164 105
165 105
166 105
167 105
168 105
169 105
170 105
171 105
172 105
173 105
174 105
175 105
176 105
177 105
178 105
179 105
180 105
181 105
136 106
137 107
138 108
139 109
140 110
141 111
142 111
143 111
144 111
145 111
146 111
147 111
148 111
149 111
150 111
151 111
152 111
153 111
154 111
155 111
156 111
157 111
157 112
156 112
155 112
154 112
153 112
152 112
151 112
150 112
149 112
148 112
147 112
146 112
145 112
144 112
143 112
142 112
143 113
144 113
145 113
146 113
147 113
148 113
149 113
150 113
151 113
152 113
153 113
154 113
155 113
156 113
157 113
158 113
159 113
160 113
161 113
162 113
163 113
164 113
165 113
166 113
167 113
168 113
168 112
167 112
166 112
165 112
164 112
163 112
162 112
161 112
160 112
159 112
158 112
169 112
170 112
171 112
172 112
173 112
174 112
175 112
176 112
177 112
178 112
179 112
180 112
181 112
182 112
183 112
184 112
185 112
186 112
187 112
188 112
189 112
190 112
191 112
192 112
193 112
194 112
195 112
196 112
197 112
198 112
199 112
200 112
201 112
202 112
203 112
204 112
205 112
144 114
145 115
146 115
147 115
148 115
149 115
150 115
151 115
152 115
153 115
154 115
155 115
156 115
157 115
158 115
159 115
160 115
161 115
162 115
163 115
164 115
165 115
166 115
167 115
168 115
169 115
170 115
171 115
172 115
173 115
174 115
175 115
176 115
177 115
178 115
179 115
180 115
181 115
182 115
183 115
184 115
185 115
186 115
187 115
188 115
189 115
190 115
191 115
192 115
193 115
194 115
146 116
147 117
148 117
149 117
150 117
151 117
152 117
153 117
154 117
155 117
156 117
157 117
158 117
159 117
160 117
161 117
162 117
163 117
164 117
165 117
166 117
167 117
168 117
169 117
170 117
171 117
172 117
173 117
174 117
175 117
176 117
177 117
178 117
179 117
180 117
181 117
148 118
149 119
150 120
151 121
152 122
153 123
154 124
155 125
156 126
157 127
158 127
158 128
159 129
160 129
161 129
162 129
163 129
164 129
165 129
166 129
167 129
168 129
169 129
170 129
171 129
172 129
173 129
174 129
175 129
176 129
177 129
178 129
179 129
180 129
181 129
182 129
183 129
184 129
185 129
186 129
187 129
188 129
189 129
190 129
191 129
192 129
193 129
194 129
195 129
196 129
197 129
198 129
199 129
200 129
201 129
202 129
203 129
204 129
205 129
206 129
207 129
208 129
209 129
210 129
211 129
212 129
213 129
214 129
202 130
201 130
200 130
199 130
198 130
197 130
196 130
195 130
194 130
193 130
192 130
191 130
190 130
189 130
188 130
187 130
186 130
185 130
184 130
183 130
182 130
181 130
180 130
179 130
178 130
177 130
176 130
175 130
174 130
173 130
172 130
171 130
170 130
169 130
168 130
167 130
166 130
165 130
164 130
163 130
162 130
161 130
160 130
161 131
162 132
163 133
164 134
165 135
166 136
167 137
168 138
169 138
170 138
171 138
172 138
173 138
174 138
175 138
176 138
177 138
178 138
179 138
180 138
181 138
182 138
183 138
184 138
185 138
186 138
187 138
188 138
189 138
190 138
191 138
192 138
193 138
194 138
195 138
196 138
197 138
195 139
194 139
193 139
192 139
191 139
190 139
189 139
188 139
187 139
186 139
185 139
184 139
183 139
182 139
181 139
180 139
179 139
178 139
177 139
176 139
175 139
174 139
173 139
172 139
171 139
170 139
169 139
170 140
171 140
172 140
173 140
174 140
175 140
176 140
177 140
178 140
179 140
180 140
181 140
182 140
183 140
184 140
185 140
186 140
187 140
188 140
189 140
190 140
191 140
171 141
172 142
173 142
174 142
175 142
176 142
177 142
178 142
179 142
180 142
181 142
182 142
183 142
184 142
185 142
186 142
187 142
188 142
189 142
190 142
189 143
188 143
187 143
186 143
185 143
184 143
183 143
182 143
181 143
180 143
179 143
178 143
177 143
176 143
175 143
174 143
173 143
174 144
175 144
176 144
177 144
178 144
179 144
180 144
181 144
182 144
183 144
184 144
185 144
186 144
187 144
182 145
181 145
180 145
179 145
178 145
177 145
176 145
175 145
116 96
117 97
118 98
119 99
120 100
121 101
122 102
123 103
124 104
125 105
126 106
127 107
128 108
129 109
130 110
131 111
132 112
133 112
134 112
135 112
136 112
133 113
134 114
135 115
136 116
137 117
138 118
139 119
140 120
141 121
142 122
143 123
144 124
145 125
146 126
147 127
148 128
149 129
150 130
151 131
152 132
153 133
154 134
155 135
156 136
157 137
158 138
159 139
160 140
161 141
162 142
163 143
164 143
97 97
96 97
96 96
95 96
95 95
94 95
94 94
93 94
93 93
92 93
92 92
91 91
89 97
89 96
89 95
89 94
89 93
89 92
89 91
121
112 90
51 90
31 87
30 75
31 62
72 77
48 48
30 46
32 41
37 40
44 37
47 36
63 56
76 56
58 34
93 71
48 69
61 74
72 93
31 98
85 100
100 105
71 105
51 109
33 109
89 113
114 102
112 115
112 143
114 129
127 144
136 130
143 143
102 116
71 123
82 128
30 128
48 129
35 136
36 137
44 140
46 141
48 142
49 143
50 144
57 145
73 143
93 128
92 135
92 149
116 73
95 53
76 34
112 55
95 34
128 34
113 34
144 34
134 47
157 24
126 64
157 36
147 50
137 66
170 34
125 83
163 46
183 27
182 24
158 91
133 80
158 57
184 31
187 32
188 33
137 87
145 79
189 34
190 35
175 52
158 78
189 46
200 40
190 57
195 52
205 85
210 74
194 81
181 87
205 63
169 89
194 64
207 47
181 69
126 94
215 98
204 99
160 99
148 99
136 100
181 105
157 111
168 113
205 112
194 115
181 117
158 127
181 129
214 129
202 130
197 138
195 139
191 140
190 142
189 143
187 144
182 145
136 112
147 127
164 143
92 93
