1107
121 90
119 91
118 91
117 91
116 91
115 91
122 90
123 90
124 90
125 90
126 90
127 90
128 90
129 90
130 90
131 90
132 90
133 89
134 88
135 87
136 86
137 86
138 86
139 86
140 86
141 86
142 86
143 86
144 86
145 86
146 86
147 86
148 86
149 86
149 85
149 84
149 83
149 82
149 81
149 80
149 79
150 78
151 77
152 76
153 75
154 74
155 73
156 72
157 71
157 70
157 69
157 68
157 67
157 66
157 65
157 64
157 63
157 62
157 61
157 60
157 59
157 58
157 57
158 56
158 72
159 73
160 73
161 73
162 73
163 73
164 73
165 73
166 73
167 73
168 73
169 73
170 73
171 73
172 73
173 73
174 73
175 73
176 73
177 73
178 73
179 73
180 72
181 71
182 71
183 71
184 71
185 71
186 70
187 69
188 68
189 67
190 66
191 65
192 64
193 63
193 62
194 62
195 62
195 63
196 64
197 65
198 66
199 67
200 68
201 69
202 70
203 71
204 72
204 73
205 73
206 73
207 73
208 73
209 73
210 73
211 73
212 73
213 73
214 73
215 73
196 61
197 60
198 59
199 58
200 57
201 56
202 55
203 54
204 53
204 52
203 52
202 52
201 52
200 52
199 52
198 51
197 50
196 49
195 48
194 47
194 46
194 45
194 44
194 43
194 42
194 41
194 40
193 39
192 38
191 37
190 36
189 36
188 36
187 36
186 36
185 36
184 36
183 36
182 36
181 36
180 35
179 34
178 34
177 34
176 34
175 34
174 34
173 34
172 34
171 34
170 34
169 34
168 34
167 34
166 34
165 34
164 34
163 34
162 34
161 34
160 34
159 34
158 34
205 52
205 51
205 50
205 49
205 48
205 47
205 46
205 45
205 44
205 43
206 42
207 41
192 61
191 60
190 59
189 58
188 57
187 56
186 55
185 54
184 53
183 52
182 51
181 50
169 74
170 75
171 76
172 77
173 78
174 79
175 80
176 81
177 82
178 83
179 84
180 85
181 86
181 87
181 88
181 89
181 90
181 91
181 92
182 93
183 93
184 93
185 93
186 93
187 93
188 93
189 93
190 93
191 93
192 93
193 93
194 93
195 94
196 94
197 94
198 94
199 94
200 94
201 94
202 94
203 94
204 94
205 94
204 95
203 96
202 97
201 98
200 99
199 100
198 101
197 102
196 103
195 104
194 105
194 106
193 107
192 108
191 109
190 110
189 111
188 112
187 113
186 113
185 113
184 113
183 113
182 113
181 113
195 107
196 108
197 109
198 110
199 111
200 112
201 113
202 114
203 115
204 115
205 115
204 116
203 117
202 118
202 119
202 120
202 121
202 122
202 123
202 124
202 125
202 126
202 127
201 128
200 129
199 130
198 131
197 132
196 133
195 134
194 135
193 136
192 137
192 138
191 138
190 138
189 138
188 138
187 138
186 138
185 138
184 137
183 136
182 135
181 134
180 135
179 136
178 137
177 138
176 139
176 140
176 141
176 142
176 143
176 144
176 145
206 116
207 117
208 118
209 119
210 120
211 121
212 122
213 123
214 124
215 125
215 126
215 127
150 87
151 88
152 89
153 90
154 91
155 92
156 93
157 93
158 93
159 93
160 93
159 94
158 95
157 96
156 97
155 98
154 99
153 100
152 101
151 102
150 103
149 103
148 103
147 103
146 104
145 105
144 106
143 107
142 108
141 108
140 108
139 108
138 108
137 108
136 108
137 109
138 110
139 111
140 112
140 113
140 114
140 115
140 116
140 117
140 118
140 119
140 120
140 121
140 122
140 123
139 124
138 125
137 126
136 127
135 127
134 127
133 127
132 127
131 127
130 127
129 127
128 127
127 127
126 127
125 127
124 127
123 127
122 127
121 127
120 127
119 127
118 126
117 125
116 124
115 123
114 122
114 121
114 120
114 119
114 118
114 117
114 116
114 115
114 114
114 113
114 112
114 111
114 110
114 109
113 108
112 107
125 128
124 129
123 130
122 131
121 132
120 133
119 134
118 135
117 136
116 137
115 138
114 139
113 140
113 141
113 142
113 143
127 128
128 129
129 130
130 131
131 132
132 133
133 134
134 135
134 136
134 137
134 138
134 139
134 140
134 141
134 142
134 143
134 144
134 145
135 145
136 145
137 145
138 145
139 145
140 145
141 145
142 145
143 145
144 145
145 145
146 145
147 145
148 145
149 145
150 145
151 145
152 145
153 145
154 145
155 145
148 104
149 105
150 106
151 107
152 108
153 108
154 108
155 108
156 108
157 108
158 108
159 109
160 110
161 111
161 112
161 113
161 114
161 115
161 116
161 117
161 118
161 119
161 120
161 121
161 122
161 123
136 85
136 84
136 83
136 82
136 81
136 80
136 79
136 78
136 77
136 76
136 75
136 74
136 73
136 72
136 71
136 70
136 69
136 68
136 67
136 66
136 65
136 64
136 63
136 62
136 61
136 60
136 59
136 58
136 57
136 56
135 56
134 56
133 56
132 56
131 56
130 55
129 54
128 53
127 52
126 51
126 50
126 49
126 48
126 47
126 46
126 45
126 44
127 44
128 43
129 42
130 41
131 40
132 39
133 38
134 37
135 36
136 35
137 34
125 43
124 42
123 41
122 40
121 39
120 38
119 37
118 36
117 35
116 34
125 52
124 53
123 54
122 55
121 55
120 55
119 55
118 55
117 55
116 55
115 55
114 55
113 55
112 55
111 55
110 55
109 55
108 55
107 55
106 55
105 55
104 55
103 55
102 56
101 56
100 56
99 56
98 56
97 56
96 56
95 56
94 56
93 56
92 56
93 57
93 58
93 59
93 60
93 61
93 62
93 63
93 64
93 65
93 66
93 67
93 68
93 69
93 70
93 71
92 71
91 71
90 71
89 71
88 71
87 71
86 71
85 71
84 71
83 71
82 71
81 71
80 71
79 71
78 71
77 71
76 71
75 71
74 71
73 71
72 71
71 71
70 72
69 73
68 74
67 75
66 76
65 77
64 78
63 79
62 80
61 81
60 82
59 83
58 84
57 85
56 86
55 86
54 86
53 86
52 86
51 86
82 70
82 69
82 68
82 67
81 66
80 65
79 64
78 63
77 62
76 61
75 60
74 59
73 58
72 57
71 56
94 72
94 73
94 74
94 75
94 76
94 77
94 78
94 79
94 80
94 81
94 82
94 83
94 84
94 85
94 86
93 87
92 88
91 89
90 90
89 91
88 92
87 93
86 93
85 93
84 93
83 93
82 93
81 93
80 93
79 93
78 92
77 91
76 90
75 89
74 88
73 87
72 86
82 94
81 95
80 96
79 97
79 98
79 99
79 100
79 101
79 102
79 103
79 104
79 105
79 106
79 107
79 108
78 108
77 108
76 108
75 108
74 108
73 108
72 108
71 108
70 108
69 108
68 108
67 107
66 107
65 107
64 107
63 107
62 107
61 107
60 107
59 107
58 107
57 107
56 107
55 107
54 107
53 107
52 107
51 107
50 107
49 108
48 109
47 110
46 111
45 112
44 113
43 114
42 115
41 116
40 117
39 118
38 119
37 120
36 121
35 122
34 123
33 123
33 122
33 121
33 120
33 119
33 118
33 117
33 116
33 115
33 114
33 113
33 112
33 111
33 110
33 109
32 108
31 107
30 106
29 105
28 104
33 124
33 125
34 126
35 127
36 128
36 129
36 130
36 131
36 132
36 133
36 134
36 135
36 136
37 136
38 136
39 136
40 136
41 135
42 134
43 133
44 132
45 131
46 130
47 129
48 129
48 128
48 130
48 131
48 132
48 133
48 134
48 135
48 136
48 137
48 138
48 139
49 140
50 141
51 142
52 143
53 143
54 143
55 143
56 143
57 144
58 145
59 145
60 145
61 145
62 145
63 145
64 145
65 145
66 145
67 145
68 145
69 145
70 145
71 145
78 109
77 110
76 111
75 112
74 113
73 114
72 115
71 116
71 117
71 118
71 119
71 120
71 121
71 122
71 123
72 124
73 125
74 125
75 125
76 125
77 125
78 125
79 125
80 125
81 125
82 125
83 125
84 125
85 125
86 125
87 125
88 125
89 125
90 125
91 125
92 124
93 123
83 126
84 127
85 128
86 129
87 130
88 131
89 132
90 133
91 134
92 135
92 136
92 137
92 138
92 139
92 140
92 141
92 142
92 143
92 144
92 145
84 94
85 95
86 96
87 97
88 98
89 99
90 100
91 101
92 102
93 103
94 104
94 105
94 106
94 107
94 108
112 54
112 53
112 52
112 51
111 50
110 49
109 48
108 47
107 46
106 45
105 44
104 43
103 42
102 41
101 40
100 39
99 38
98 37
97 36
96 35
95 34
94 34
93 34
92 34
91 34
90 34
89 34
88 34
87 34
86 34
85 34
84 34
83 34
82 34
81 34
80 34
79 34
78 34
77 34
76 34
75 34
74 34
73 34
72 34
71 34
70 34
69 34
68 34
67 34
66 34
65 34
64 34
63 34
62 34
61 34
60 34
59 34
58 34
57 34
56 34
55 34
54 35
53 36
52 37
51 38
50 38
49 38
48 38
47 38
46 39
45 40
44 40
43 40
42 40
41 40
40 40
39 40
38 40
37 40
36 40
35 40
34 41
33 42
32 43
32 44
32 45
32 46
32 47
32 48
32 49
32 50
31 51
30 52
29 53
28 54
28 55
28 56
28 57
28 58
28 59
28 60
28 61
28 62
48 39
48 40
48 41
48 42
48 43
48 44
48 45
48 46
48 47
48 48
48 49
48 50
48 51
48 52
48 53
48 54
48 55
48 56
48 57
48 58
48 59
48 60
48 61
48 62
48 63
48 64
48 65
47 66
46 67
45 68
44 69
43 70
42 71
41 72
40 73
39 74
38 75
37 76
36 77
35 78
34 79
33 80
32 81
31 82
30 83
29 83
113 56
114 57
115 58
115 59
115 60
115 61
115 62
115 63
115 64
115 65
115 66
115 67
115 68
115 69
115 70
137 56
82
115 91
136 86
149 86
157 71
158 56
168 73
181 71
194 62
204 73
215 73
194 47
190 36
179 34
158 34
205 52
207 41
181 50
181 92
194 93
205 94
194 106
181 113
205 115
202 127
192 138
181 134
176 145
215 127
160 93
147 103
136 108
140 123
126 127
114 122
112 107
113 143
134 145
155 145
158 108
161 123
136 71
126 51
137 34
116 34
112 55
103 55
92 56
93 71
82 71
71 71
51 86
71 56
94 86
83 93
72 86
79 108
67 107
50 107
28 104
33 125
36 136
48 128
48 139
56 143
71 145
71 123
82 125
93 123
92 145
94 108
95 34
74 34
55 34
47 38
35 40
32 50
28 62
48 49
48 65
29 83
115 70
137 56
