3251
119 90
118 90
117 90
116 90
115 90
114 90
113 90
112 90
111 90
110 90
109 90
108 90
107 90
106 90
105 90
104 90
103 90
102 90
101 90
100 90
99 90
98 90
97 90
96 90
95 90
94 90
93 90
92 90
91 90
90 90
89 90
88 90
87 90
86 90
85 90
84 90
83 90
82 90
81 90
80 90
79 90
78 90
77 90
76 90
75 90
74 90
73 90
72 90
71 90
70 90
69 90
68 90
67 90
66 90
65 90
64 90
63 90
62 90
61 90
60 90
59 90
58 90
57 90
56 90
55 90
54 90
53 90
52 90
51 90
50 90
49 90
48 90
47 90
46 90
45 90
44 90
43 90
42 90
41 90
40 90
39 90
38 90
37 90
36 90
35 90
34 90
33 90
32 90
31 90
49 89
48 88
47 87
46 86
45 85
44 84
43 83
42 82
41 81
40 80
39 79
38 78
37 77
36 76
35 75
34 74
33 73
32 72
31 71
30 70
51 89
72 89
72 88
72 87
72 86
72 85
72 84
72 83
72 82
72 81
72 80
72 79
72 78
72 77
72 76
72 75
72 74
72 73
73 73
72 72
71 71
70 70
69 69
68 68
67 67
66 66
65 65
64 64
63 63
62 62
61 61
60 60
59 59
58 58
57 57
56 56
55 55
54 54
54 53
53 53
52 52
51 51
50 50
49 49
48 49
47 49
47 48
46 48
45 48
44 48
43 48
42 48
41 48
40 48
39 48
38 47
37 46
36 45
35 44
34 43
33 42
32 41
44 47
43 46
42 45
41 44
40 43
39 42
38 41
37 40
48 48
48 47
48 46
48 45
48 44
48 43
48 42
48 41
48 40
48 39
47 39
46 38
45 37
46 36
47 37
48 37
48 36
48 35
49 34
48 38
49 38
50 37
51 36
52 35
53 34
54 33
46 50
45 50
44 50
43 50
42 50
41 50
40 50
39 50
38 50
37 50
36 50
35 50
34 50
33 50
32 50
31 50
30 50
48 50
48 51
48 52
48 53
48 54
48 55
48 56
48 57
48 58
48 59
48 60
48 61
48 62
48 63
48 64
48 65
48 66
48 67
48 68
55 53
56 53
57 53
58 53
59 53
60 53
61 53
62 53
63 53
64 53
65 53
66 53
67 53
68 53
69 53
70 53
74 74
75 75
76 75
77 75
78 75
79 75
80 75
81 75
82 75
83 75
84 75
85 75
86 75
87 75
88 75
89 75
90 75
91 75
92 75
93 75
93 74
93 73
93 72
93 71
93 70
93 69
93 68
93 67
93 66
93 65
92 64
91 63
90 62
89 61
88 60
87 59
86 58
85 57
84 56
83 55
82 54
81 53
80 52
79 51
78 50
77 49
76 48
75 47
74 46
73 45
72 44
71 43
70 42
69 41
68 40
67 39
66 38
65 37
64 36
63 35
62 34
61 33
60 32
59 31
58 30
57 29
56 28
55 27
93 76
93 77
93 78
93 79
93 80
93 81
93 82
93 83
93 84
93 85
93 86
93 87
93 88
93 89
76 76
77 77
78 78
79 79
80 80
81 81
82 82
83 83
84 84
85 85
86 86
87 87
88 88
89 89
91 91
92 92
93 92
93 91
93 93
92 93
92 94
93 94
94 94
94 95
93 95
92 95
92 96
93 96
93 97
92 97
92 98
93 98
93 99
92 99
92 100
93 100
93 101
92 101
92 102
93 102
93 103
92 103
92 104
93 104
93 105
93 106
93 107
93 108
92 108
91 108
90 108
89 108
88 108
87 108
86 108
85 108
84 108
83 108
82 108
81 108
80 108
79 108
78 108
77 108
76 108
75 108
74 108
73 108
72 108
71 108
71 109
70 109
69 109
68 109
67 109
66 109
65 109
64 109
63 109
62 109
61 109
60 109
59 109
58 109
57 109
56 109
55 109
54 109
53 109
52 109
51 109
50 109
49 109
48 109
47 109
46 109
45 109
44 109
43 109
42 109
41 109
40 109
39 109
38 109
37 109
36 109
35 109
34 109
33 109
72 109
73 109
74 109
75 109
76 109
77 109
78 109
79 109
80 109
81 109
82 109
83 109
84 109
85 109
86 109
87 109
88 109
89 109
90 109
91 109
92 109
93 109
94 109
95 109
96 109
97 109
98 109
99 109
100 109
101 109
101 108
100 108
99 108
98 108
97 108
96 108
95 108
94 108
96 107
97 106
98 105
99 104
100 103
101 102
102 102
102 101
101 101
100 101
100 100
99 100
99 99
98 99
98 98
97 98
97 97
96 97
96 96
95 96
95 95
103 100
104 99
105 98
106 97
107 96
108 95
109 94
110 93
111 92
112 91
102 103
103 103
103 104
104 104
104 105
105 105
105 106
104 106
103 107
102 108
106 106
106 107
107 107
107 108
108 108
108 109
109 109
109 110
110 110
110 111
111 111
112 111
113 111
113 110
113 109
113 108
113 107
113 106
113 105
113 104
113 103
113 102
113 101
113 100
113 99
113 98
112 98
111 99
110 100
109 101
108 102
107 103
106 104
113 97
114 96
115 95
116 94
117 94
117 93
116 93
115 92
114 91
118 92
119 91
121 90
120 89
121 89
121 88
120 88
119 88
118 87
117 86
116 85
115 84
114 83
113 82
112 81
111 80
110 79
109 78
108 77
107 76
106 75
105 74
104 73
103 72
102 71
101 70
100 69
99 68
98 67
97 66
96 65
95 64
94 63
93 62
92 61
91 60
90 59
89 58
120 87
120 86
120 85
121 85
121 84
120 84
119 84
118 83
117 82
116 81
115 80
114 79
113 78
112 77
111 76
110 75
109 74
108 73
107 72
106 71
105 70
104 69
103 68
102 67
101 66
100 65
99 64
98 63
97 62
96 61
95 60
94 59
93 58
92 57
91 56
90 55
89 54
88 53
87 52
86 51
85 50
84 49
83 48
82 47
81 46
80 45
79 44
78 43
77 42
76 41
75 40
74 39
73 38
72 37
71 36
70 35
69 34
116 79
117 80
118 81
119 82
120 82
120 81
120 80
120 79
119 79
118 78
117 77
116 76
115 75
114 74
113 73
112 72
111 71
110 70
109 69
108 68
107 67
106 66
105 65
104 64
103 63
102 62
101 61
100 60
99 59
98 58
97 57
96 56
95 55
94 54
93 53
92 52
91 51
90 50
89 49
88 48
87 47
86 46
120 78
120 77
120 76
120 75
120 74
120 73
119 73
119 72
118 72
118 71
117 71
117 70
116 70
116 69
115 69
115 68
114 68
114 67
113 67
113 66
112 66
112 65
111 64
110 63
109 62
108 61
107 60
106 59
105 58
104 57
103 56
102 55
101 54
120 72
120 71
121 71
120 70
120 69
120 68
119 68
118 67
117 66
116 65
115 64
114 63
113 62
112 61
111 60
110 59
109 58
108 57
107 56
106 55
105 54
104 53
103 52
102 51
101 50
100 49
99 48
98 47
97 46
96 45
95 44
94 43
93 42
92 41
91 40
90 39
89 38
88 37
87 36
86 35
85 34
120 67
120 66
120 65
120 64
120 63
120 62
121 62
120 61
120 60
120 59
120 58
120 57
120 56
119 56
118 55
117 54
116 53
115 52
114 51
113 50
112 49
120 55
120 54
120 53
120 52
119 52
118 51
117 50
116 49
115 48
114 47
113 46
112 45
111 44
110 43
109 42
108 41
107 40
106 39
105 38
104 37
103 36
102 35
101 34
120 51
120 50
121 50
120 49
120 48
120 47
120 46
120 45
120 44
120 43
120 42
120 41
120 40
120 39
121 39
120 38
120 37
119 36
118 35
117 34
116 33
115 32
114 31
122 38
123 37
124 36
125 35
126 34
122 49
123 48
124 47
125 46
126 45
127 44
128 43
129 42
130 41
131 40
132 39
133 38
134 37
135 36
136 35
137 34
122 61
123 60
124 59
125 58
126 57
127 56
128 55
129 54
130 53
131 52
132 51
133 50
134 49
135 48
136 47
137 46
138 45
139 44
140 43
141 42
142 41
143 40
144 39
145 38
146 37
147 36
148 35
149 34
122 70
123 69
124 68
125 67
126 66
127 65
128 64
129 63
130 62
131 61
132 60
133 59
134 58
135 57
136 56
137 57
136 58
135 59
134 60
133 61
132 62
131 63
130 64
129 65
128 66
127 67
126 68
125 69
124 70
123 71
122 72
121 73
138 56
139 55
140 54
141 53
142 52
143 51
144 50
145 49
146 48
147 47
148 46
149 45
150 44
151 43
152 42
153 41
154 40
155 39
156 38
157 37
158 36
159 35
160 34
121 79
122 78
123 77
124 76
125 75
126 74
127 73
128 72
129 71
130 70
131 69
132 68
133 67
134 66
135 65
136 64
137 63
138 62
139 61
140 60
141 59
142 58
143 57
144 56
145 55
146 54
147 53
120 83
122 84
122 83
123 83
123 82
124 82
124 81
125 81
125 80
126 80
126 79
127 79
127 78
128 78
128 77
129 77
129 76
130 76
130 75
131 75
131 74
132 74
132 73
133 73
133 72
134 72
134 71
135 71
135 70
136 70
136 69
137 69
137 68
138 68
138 67
139 67
139 66
140 66
140 65
141 65
141 64
142 64
142 63
143 63
143 62
144 62
144 61
145 61
145 60
146 60
146 59
147 59
147 58
148 58
148 57
149 57
149 56
150 56
150 55
151 55
151 54
152 54
152 53
153 53
153 52
154 52
154 51
155 51
155 50
156 50
156 49
157 49
157 48
158 48
158 47
159 47
159 46
160 46
160 45
161 45
161 44
162 44
162 43
163 43
163 42
164 42
164 41
165 41
165 40
166 40
166 39
167 39
167 38
168 38
168 37
169 37
169 36
170 36
170 35
171 35
171 34
172 34
173 33
174 32
175 31
176 30
177 29
178 28
179 27
180 26
181 25
182 24
122 88
122 87
123 87
123 86
124 86
124 85
125 85
125 84
126 84
126 83
127 83
127 82
128 82
128 81
129 81
129 80
130 80
130 79
131 79
131 78
132 78
132 77
133 77
133 76
134 76
134 75
135 75
135 74
136 74
137 73
138 72
139 71
140 70
141 69
142 68
143 67
144 66
145 65
146 64
147 63
148 62
149 61
150 60
151 59
152 58
153 57
154 56
155 55
156 54
157 53
158 52
159 51
160 50
161 49
162 48
163 47
164 46
165 45
166 44
167 43
168 42
169 41
170 40
171 39
172 38
173 37
174 36
175 35
176 34
177 33
178 32
179 31
180 30
181 29
182 28
183 27
121 91
122 90
123 90
124 90
125 90
126 90
127 90
128 90
129 90
130 90
131 90
132 90
133 90
134 90
135 90
136 90
137 90
138 90
139 90
140 90
141 90
142 90
143 90
144 90
145 90
146 90
147 90
148 90
149 90
150 90
151 90
152 90
153 90
154 90
155 90
156 90
157 90
158 90
159 90
160 90
161 90
162 90
163 90
164 90
165 90
166 90
167 90
168 90
169 90
170 90
171 90
172 90
173 90
174 90
175 90
176 90
177 90
178 90
179 90
180 90
181 90
182 90
183 90
184 90
185 90
186 90
187 90
188 90
189 90
190 90
191 90
192 90
193 90
194 90
195 90
196 90
197 90
198 90
199 90
200 90
201 90
202 90
203 90
204 90
205 89
193 89
194 88
195 87
196 86
197 85
198 84
199 83
200 82
201 81
202 80
203 79
204 78
205 77
188 89
189 88
190 87
191 86
192 85
193 84
194 83
195 82
196 81
197 80
198 79
199 78
200 77
201 76
202 75
203 74
204 73
205 72
206 71
207 70
208 69
209 68
210 67
211 66
174 89
175 88
176 87
177 86
178 85
179 84
180 83
181 82
182 81
183 80
184 79
185 78
186 77
187 76
188 75
189 74
190 73
191 72
192 71
193 70
194 69
195 68
196 67
197 66
171 89
170 88
169 89
171 87
172 86
173 85
174 84
175 83
176 82
177 81
178 80
179 79
180 78
181 77
182 78
181 79
180 80
179 81
178 82
177 83
176 84
175 85
174 86
173 87
172 88
183 77
184 76
185 75
186 74
187 73
188 72
189 71
190 70
191 69
192 68
193 67
194 66
195 65
196 64
197 63
198 62
199 61
200 60
201 59
202 58
203 57
204 56
205 55
160 89
161 88
162 87
163 86
164 85
165 84
166 83
167 82
168 81
169 80
170 79
171 78
172 77
173 76
174 75
175 74
176 73
177 72
178 71
179 70
180 69
181 68
182 67
183 66
184 65
185 64
186 63
187 62
188 61
189 60
190 59
191 58
192 57
193 56
194 55
195 54
196 53
197 52
198 51
199 50
200 49
201 48
202 47
203 46
204 45
205 44
206 43
157 89
158 88
159 87
160 86
161 85
162 84
163 83
164 82
165 81
166 80
167 79
168 78
169 77
170 76
171 75
172 74
173 73
174 72
175 71
176 70
177 69
178 68
179 67
180 66
181 65
182 64
183 63
184 62
185 61
186 60
187 59
188 58
189 57
190 56
191 55
192 54
193 53
194 52
154 89
153 88
152 89
154 87
155 86
156 85
157 84
158 83
159 82
160 81
161 80
162 79
163 78
164 77
165 76
166 75
167 74
168 73
169 72
170 71
171 70
172 69
173 68
174 67
175 66
176 65
177 64
178 63
179 62
180 61
181 60
182 59
183 58
184 57
185 56
186 55
187 54
188 53
189 52
190 51
191 50
192 49
193 48
194 47
195 46
196 45
197 44
198 43
199 42
200 41
201 40
192 51
191 52
190 53
189 54
188 55
187 56
186 57
185 58
184 59
183 60
182 61
181 62
180 63
179 64
178 65
177 66
176 67
175 68
174 69
173 70
172 71
171 72
170 73
169 74
168 75
167 76
166 77
165 78
164 79
163 80
162 81
161 82
160 83
159 84
158 85
157 86
156 87
155 88
149 89
150 88
151 87
152 86
153 85
154 84
155 83
156 82
157 81
158 80
159 79
160 78
161 77
162 76
163 75
164 74
165 73
166 72
167 71
168 70
169 69
170 68
171 67
172 66
173 65
174 64
175 63
176 62
177 61
178 60
179 59
180 58
181 57
144 89
143 89
144 88
145 88
145 87
146 87
146 86
147 86
147 85
148 85
148 84
149 84
149 83
150 83
150 82
151 82
151 81
152 81
153 80
154 79
155 78
156 77
157 76
158 75
159 74
160 73
161 72
162 71
163 70
164 69
165 68
166 67
167 66
140 89
141 88
142 87
143 86
144 85
145 84
146 83
147 82
148 81
149 80
150 79
151 78
152 77
153 76
154 75
155 74
156 73
157 72
158 71
159 70
160 69
161 68
162 67
163 66
164 65
165 64
166 63
167 62
168 61
169 60
170 59
171 58
172 57
173 56
174 55
175 54
176 53
177 52
178 51
179 50
180 49
181 48
182 47
183 46
184 45
185 44
186 43
187 42
188 41
189 40
137 89
138 88
139 87
140 86
141 85
142 84
143 83
144 82
145 81
146 80
147 79
148 78
149 77
150 76
151 75
152 74
153 73
154 72
155 71
156 70
132 89
131 89
130 88
129 89
131 87
132 86
133 85
134 84
135 83
136 82
137 81
138 80
139 79
140 78
141 77
142 76
143 75
144 74
145 73
146 72
147 71
148 70
149 69
150 68
151 67
152 66
153 65
154 64
155 63
156 62
157 61
158 60
159 59
160 58
161 57
162 56
163 55
164 54
165 53
166 52
167 51
168 50
169 49
170 48
171 47
172 46
173 45
174 44
175 43
176 42
177 41
178 40
179 39
180 38
181 37
182 36
183 35
184 34
185 33
186 32
174 46
175 46
174 47
173 47
173 48
172 48
172 49
171 49
171 50
170 50
170 51
169 51
169 52
168 52
168 53
167 53
167 54
166 54
166 55
165 55
165 56
164 56
164 57
163 57
163 58
162 58
162 59
161 59
161 60
160 60
160 61
159 61
159 62
158 62
158 63
157 63
157 64
156 64
156 65
155 65
155 66
154 66
154 67
153 67
153 68
152 68
152 69
151 69
151 70
150 70
150 71
149 71
149 72
148 72
148 73
147 73
147 74
146 74
146 75
145 75
145 76
144 76
144 77
143 77
143 78
142 78
142 79
141 79
141 80
140 80
140 81
139 81
139 82
138 82
138 83
137 83
137 84
136 84
136 85
135 85
135 86
134 86
134 87
133 87
133 88
132 88
176 45
177 44
178 43
179 42
180 41
181 40
182 39
183 38
184 37
185 36
186 35
187 34
188 33
125 89
126 88
127 87
128 86
129 85
130 84
131 83
132 82
133 81
134 80
135 79
136 78
137 77
138 76
139 75
140 74
141 73
142 72
143 71
144 70
145 69
146 68
147 67
148 66
149 65
150 64
151 63
152 62
153 61
154 60
155 59
156 58
157 57
158 56
159 55
160 54
161 53
162 52
163 51
164 50
165 49
166 48
167 47
168 46
169 45
170 44
171 43
172 42
173 41
174 40
175 39
176 38
177 37
178 36
179 35
180 34
181 33
182 32
183 31
184 30
122 92
123 93
124 93
125 93
126 93
127 93
128 93
129 93
130 93
131 93
132 93
133 93
134 93
135 93
136 93
137 93
138 93
139 93
140 93
141 93
142 93
143 93
144 93
145 93
146 93
147 93
148 93
149 93
150 93
151 93
152 93
153 93
154 93
155 93
156 93
157 93
158 93
124 94
125 95
126 96
127 97
128 97
129 97
130 97
131 97
132 97
133 97
134 97
135 97
136 97
137 97
138 97
139 97
140 97
141 97
142 97
143 97
144 97
145 97
146 97
147 97
148 97
149 97
150 97
151 97
152 97
153 97
154 97
155 97
156 97
157 97
158 97
159 97
160 97
161 97
162 97
163 97
164 97
165 97
166 97
167 97
168 97
169 97
170 97
171 97
172 97
173 97
174 97
175 97
176 97
177 97
178 97
179 97
180 97
181 97
128 98
129 99
130 100
131 100
132 100
133 100
134 100
135 100
136 100
137 100
138 100
139 100
140 100
141 100
142 100
143 100
144 100
145 100
146 100
147 100
148 100
149 100
150 100
151 100
152 100
153 100
154 100
155 100
156 100
157 100
158 100
159 100
160 100
161 100
162 100
163 100
164 100
165 100
166 100
167 100
168 100
169 100
170 100
171 100
172 100
173 100
174 100
175 100
176 100
177 100
178 100
179 100
180 100
181 100
182 100
183 100
184 100
185 100
186 100
187 100
188 100
189 100
190 100
191 100
192 100
193 100
194 100
195 100
196 100
197 100
198 100
199 100
200 100
201 100
202 100
203 100
204 100
205 100
206 100
207 100
208 100
209 100
210 100
211 100
212 100
213 100
214 100
215 100
148 101
147 101
146 101
145 101
144 101
143 101
142 101
141 101
140 101
139 101
138 101
137 101
136 101
135 101
134 101
133 101
132 101
131 101
132 102
133 103
134 104
135 105
136 106
137 106
138 106
139 106
140 106
141 106
142 106
143 106
144 106
145 106
146 106
147 106
148 106
149 106
150 106
151 106
152 106
153 106
154 106
155 106
156 106
157 106
158 106
159 106
160 106
161 106
162 106
163 106
137 107
138 108
139 109
140 110
141 110
142 110
143 110
144 110
145 110
146 110
147 110
148 110
149 110
150 110
151 110
152 110
153 110
154 110
155 110
156 110
157 110
158 110
159 110
160 110
161 110
162 110
163 110
164 110
165 110
166 110
167 110
168 110
169 110
170 110
171 110
172 110
173 110
174 110
175 110
176 110
177 110
178 110
179 110
180 110
181 110
181 111
180 111
179 111
178 111
177 111
176 111
175 111
174 111
173 111
172 111
171 111
170 111
169 111
168 111
167 111
166 111
165 111
164 111
163 111
162 111
161 111
160 111
159 111
158 111
157 111
156 111
155 111
154 111
153 111
152 111
151 111
150 111
149 111
148 111
147 111
146 111
145 111
144 111
143 111
142 111
141 111
142 112
143 113
144 114
145 115
146 116
147 116
148 116
149 116
150 116
147 117
148 118
149 119
150 119
151 119
152 119
153 119
154 119
155 119
156 119
157 119
158 119
159 119
160 119
161 119
162 119
163 119
164 119
164 120
163 120
162 120
161 120
160 120
159 120
158 120
157 120
156 120
155 120
154 120
153 120
152 120
151 120
150 120
151 121
152 122
153 123
154 123
155 123
156 123
157 123
158 123
159 123
160 123
161 123
162 123
163 123
164 123
165 123
166 123
167 123
168 123
169 123
170 123
171 123
172 123
173 123
174 123
175 123
176 123
177 123
178 123
179 123
180 123
181 123
182 123
183 123
184 123
185 123
186 123
187 123
188 123
189 123
190 123
191 123
192 123
193 123
194 123
195 123
196 123
197 123
198 123
199 123
200 123
201 123
202 123
203 123
204 123
205 123
154 124
155 125
156 126
157 126
158 126
159 126
160 126
161 126
162 126
163 126
164 126
165 126
166 126
167 126
168 126
169 126
170 126
171 126
172 126
173 126
174 126
175 126
176 126
177 126
178 126
179 126
180 126
181 126
182 126
183 126
184 126
185 126
186 126
187 126
188 126
189 126
190 126
191 126
192 126
157 127
158 128
159 129
160 130
161 131
162 132
163 133
164 134
165 135
166 135
167 135
168 135
169 135
170 135
171 135
172 135
173 135
174 135
175 135
176 135
177 135
178 135
179 135
180 135
181 135
182 135
183 135
184 135
185 135
186 135
187 135
188 135
189 135
190 135
191 135
192 135
193 135
194 135
195 135
196 135
197 135
198 135
199 135
200 135
201 135
202 135
203 135
204 135
205 135
206 135
207 135
166 136
167 137
168 137
169 137
170 137
171 137
172 137
173 137
174 137
175 137
176 137
177 137
178 137
179 137
180 137
181 137
182 137
183 137
184 137
185 137
186 137
187 137
188 137
189 137
190 137
191 137
192 137
193 137
194 137
195 137
196 137
197 137
198 137
199 137
200 137
201 137
202 137
168 138
169 139
170 140
171 141
172 142
173 142
174 142
175 142
176 142
177 142
178 142
179 142
180 142
181 142
182 142
183 142
184 142
185 142
186 142
187 142
188 142
189 142
190 142
188 143
187 143
186 143
185 143
184 143
183 143
182 143
181 143
180 143
179 143
178 143
177 143
176 143
175 143
174 143
173 143
172 143
171 143
170 143
169 143
168 143
167 143
166 143
165 143
164 143
163 143
162 143
161 143
160 143
159 143
158 143
157 143
156 143
155 143
154 143
153 143
152 143
151 143
150 143
149 143
148 143
147 143
146 143
145 143
144 143
143 143
142 143
141 143
140 143
139 143
138 143
137 143
136 143
135 143
134 143
133 143
132 143
131 143
130 143
129 143
128 143
127 143
126 143
125 143
124 143
123 143
122 143
121 143
120 143
119 143
118 143
117 143
116 143
115 142
114 141
113 141
113 140
113 139
112 139
111 138
110 137
109 136
108 135
107 134
106 133
105 132
104 131
103 131
103 130
102 129
101 128
100 127
99 126
98 126
97 126
97 125
98 125
98 124
97 124
97 123
96 123
95 122
94 121
93 120
92 120
92 119
91 119
91 118
90 118
89 118
88 118
87 118
86 118
85 118
84 118
83 118
82 118
92 118
93 118
93 117
93 116
94 116
93 115
93 114
93 113
93 112
93 111
93 110
95 115
96 114
97 114
98 114
98 113
97 113
98 112
99 111
100 110
98 115
97 115
97 116
98 116
98 117
97 117
97 118
98 118
98 119
97 119
97 120
98 120
98 121
97 121
97 122
98 122
98 123
93 119
90 120
89 121
88 122
87 123
86 124
85 125
84 126
83 127
82 128
81 128
80 128
79 128
78 128
77 128
76 128
75 128
74 128
73 128
72 128
71 128
70 128
69 128
68 128
67 128
66 128
65 128
64 128
63 128
62 128
61 128
60 128
59 128
58 128
57 128
56 128
55 128
54 128
53 128
52 128
51 128
50 128
49 128
48 128
47 128
46 128
45 128
44 128
43 128
42 128
41 128
40 128
39 128
38 128
37 128
36 128
35 128
34 128
33 128
32 128
31 128
30 128
48 129
49 129
50 129
51 129
52 129
53 129
54 129
55 129
56 129
57 129
58 129
59 129
60 129
61 129
62 129
63 129
64 129
65 129
66 129
67 129
68 129
69 129
70 129
71 129
72 129
73 129
74 129
75 129
76 129
77 129
78 129
79 129
80 129
81 129
82 129
82 130
82 131
82 132
82 133
82 134
82 135
82 136
82 137
82 138
82 139
82 140
82 141
82 142
82 143
80 130
79 131
78 132
77 133
76 134
75 135
74 136
73 136
72 136
71 136
70 136
69 136
68 136
67 136
66 136
65 136
64 136
63 136
62 136
61 136
60 136
59 136
58 136
57 136
56 136
55 136
54 136
53 136
52 136
51 136
50 136
49 136
48 136
47 136
46 136
45 136
44 136
43 136
42 136
41 136
40 136
39 136
38 136
37 136
36 136
35 136
37 137
38 137
39 137
40 137
41 137
42 137
43 137
44 137
45 137
46 137
47 137
48 137
49 137
50 137
51 137
52 137
53 137
54 137
55 137
56 137
57 137
58 137
59 137
60 137
61 137
62 137
63 137
64 137
65 137
66 137
67 137
68 137
69 137
70 137
71 137
72 137
73 137
72 138
71 139
70 140
69 140
68 140
67 140
66 140
65 140
64 140
63 140
62 140
61 140
60 140
59 140
58 140
57 140
56 140
55 140
54 140
53 140
52 140
51 140
50 140
49 140
48 140
47 140
46 140
45 140
47 141
48 141
49 141
50 141
51 141
52 141
53 141
54 141
55 141
56 141
57 141
58 141
59 141
60 141
61 141
62 141
63 141
64 141
65 141
66 141
67 141
68 141
69 141
68 142
67 142
66 142
65 142
64 142
63 142
62 142
61 142
60 142
59 142
58 142
57 142
56 142
55 142
54 142
53 142
52 142
51 142
50 142
49 142
67 143
66 144
65 144
64 144
63 144
62 144
61 144
60 144
59 144
58 144
57 144
56 144
55 144
54 144
53 144
52 144
51 144
50 144
51 145
52 145
53 145
54 145
55 145
56 145
57 145
58 145
59 145
60 145
61 145
62 145
63 145
64 145
65 145
92 121
92 122
92 123
92 124
92 125
92 126
92 127
92 128
92 129
92 130
92 131
92 132
97 127
98 127
98 128
97 128
97 129
98 129
98 130
97 130
97 131
98 131
98 132
97 132
97 133
98 133
98 134
97 134
97 135
98 135
98 136
97 136
97 137
98 137
98 138
97 138
97 139
98 139
98 140
97 140
97 141
98 141
98 142
98 143
98 144
98 145
98 146
98 147
98 148
98 149
98 150
98 151
98 152
98 153
103 132
113 138
113 137
113 136
113 135
113 134
113 133
113 132
113 131
113 130
113 129
113 128
113 127
114 127
114 126
113 126
113 125
114 125
114 124
113 124
113 123
114 123
114 122
113 122
113 121
114 121
114 120
113 120
113 119
114 119
114 118
113 118
113 117
114 117
114 116
113 116
113 115
114 115
115 115
115 116
116 116
116 117
117 117
117 118
118 118
118 119
119 119
119 120
120 120
120 121
121 121
121 122
122 122
122 123
123 123
123 124
124 124
124 125
125 125
125 126
126 126
126 127
127 127
127 128
128 128
129 128
130 128
131 128
132 128
133 128
134 128
129 129
128 129
128 130
129 130
130 130
131 130
132 130
133 130
134 130
135 130
136 130
137 130
138 130
139 130
140 130
141 130
142 130
143 130
144 130
145 130
146 130
131 131
130 131
131 132
132 132
132 133
133 133
133 134
134 134
134 135
135 135
135 136
136 136
136 137
137 137
137 138
138 138
138 139
139 139
139 140
140 140
140 141
141 141
141 142
142 142
128 131
128 132
128 133
128 134
128 135
128 136
128 137
128 138
128 139
128 140
128 141
128 142
114 114
113 114
113 113
112 113
112 112
111 112
113 112
113 142
113 143
128 144
144 144
145 144
146 144
147 144
148 144
149 144
150 144
151 144
152 144
153 144
154 144
155 144
156 144
157 144
158 144
174 144
175 144
176 144
177 144
178 144
179 144
180 144
181 144
182 144
183 144
184 144
185 144
186 144
187 144
185 145
184 145
183 145
182 145
181 145
180 145
179 145
178 145
177 145
176 145
175 145
176 146
177 147
178 148
179 148
180 148
181 148
182 148
183 148
184 148
179 149
180 150
181 150
182 150
183 150
165 120
166 120
167 120
168 120
169 120
170 120
171 120
172 120
173 120
174 120
175 120
176 120
177 120
178 120
179 120
180 120
181 120
182 120
183 120
184 120
185 120
186 120
187 120
188 120
189 120
190 120
191 120
192 120
193 120
194 120
182 111
183 111
184 111
185 111
186 111
187 111
188 111
189 111
190 111
191 111
192 111
193 111
194 111
195 111
196 111
197 111
198 111
199 111
200 111
201 111
202 111
203 111
204 111
205 111
118 95
119 96
120 97
121 98
122 99
123 100
124 101
125 102
126 103
127 104
128 105
129 106
130 107
131 108
132 108
133 108
134 108
132 109
133 110
134 111
135 112
136 113
137 114
138 115
139 116
140 117
141 118
142 119
143 120
144 121
145 122
146 123
147 124
148 125
149 126
150 127
151 128
152 129
153 130
154 131
155 132
156 132
157 132
158 132
123
113 90
31 90
30 70
51 89
72 89
71 71
32 41
37 40
48 48
45 37
46 36
48 35
49 34
54 33
30 50
48 68
70 53
82 75
93 75
55 27
92 93
92 104
71 108
49 109
33 109
103 104
113 111
89 58
69 34
116 79
86 46
112 66
101 54
85 34
112 49
101 34
114 31
126 34
137 34
149 34
136 56
160 34
147 53
171 34
182 24
135 74
158 52
183 27
125 90
205 89
205 77
194 83
211 66
197 66
169 89
181 77
205 55
206 43
167 79
194 52
201 40
192 51
181 57
151 81
167 66
189 40
156 70
186 32
174 46
188 33
184 30
137 93
158 93
181 97
204 100
215 100
148 101
163 106
181 110
150 116
164 119
181 123
205 123
192 126
207 135
191 137
202 137
190 142
188 143
172 143
143 143
93 120
82 118
71 128
30 128
48 129
82 143
35 136
37 137
45 140
47 141
49 142
50 144
51 145
62 145
92 132
97 141
98 153
103 132
114 127
134 128
146 130
113 143
128 144
158 144
187 144
185 145
184 148
183 150
194 120
205 111
134 108
158 132
