3171
119 90
118 90
117 90
116 90
115 90
114 90
113 90
112 90
111 90
110 90
109 90
108 90
107 90
106 90
105 90
104 90
103 90
102 90
101 90
100 90
99 90
98 90
97 90
96 90
95 90
94 90
93 90
92 90
91 90
90 90
89 90
88 90
87 90
86 90
85 90
84 90
83 90
82 90
81 90
80 90
79 90
78 90
77 90
76 90
75 90
74 90
73 90
72 90
71 90
70 90
69 90
68 90
67 90
66 90
65 90
64 90
63 90
62 90
61 90
60 90
59 90
58 90
57 90
56 90
55 90
54 90
53 90
52 90
51 90
50 90
49 90
48 90
47 90
46 90
45 90
44 90
43 90
42 90
41 90
40 90
39 90
38 90
37 90
36 90
35 90
34 90
33 90
32 90
31 89
30 88
51 89
52 88
51 87
50 86
49 85
48 84
47 83
46 82
45 81
44 80
43 79
42 78
41 77
40 76
39 75
38 74
37 73
36 72
35 71
34 70
33 69
53 89
76 89
76 88
76 87
76 86
76 85
76 84
76 83
76 82
76 81
76 80
76 79
75 79
75 78
76 78
77 78
76 77
75 77
75 76
76 76
76 75
76 74
76 73
77 72
78 71
79 70
80 69
81 68
82 67
83 66
84 65
84 64
83 64
82 64
81 64
80 64
79 64
78 64
77 64
76 64
75 64
74 64
73 64
72 64
71 64
70 64
69 64
68 64
67 64
66 64
65 64
64 64
63 64
63 65
64 65
64 66
63 66
63 67
64 67
64 68
63 68
63 69
64 69
63 70
63 71
63 72
63 73
63 74
63 75
63 76
63 77
63 78
63 79
63 80
63 81
65 66
66 67
67 68
68 69
69 70
70 71
70 72
71 72
70 73
70 74
70 75
70 76
70 77
70 78
70 79
70 80
70 81
70 82
70 83
70 84
70 85
70 86
72 73
73 74
74 75
62 63
61 62
60 61
59 60
58 59
57 58
56 57
55 56
54 55
53 54
52 53
51 52
51 51
50 51
49 51
49 50
48 49
47 49
46 49
45 49
44 49
43 49
42 49
41 49
41 50
40 50
39 50
38 50
37 50
36 50
35 50
34 50
33 50
32 50
31 50
30 50
42 50
43 50
44 50
45 50
46 50
47 50
40 48
39 47
38 46
37 45
36 44
35 43
34 42
33 41
45 48
44 47
43 46
42 45
41 44
40 43
39 42
38 41
37 40
48 48
48 47
48 46
48 45
48 44
48 43
47 43
46 42
45 41
44 40
43 39
42 38
48 42
48 41
48 40
47 40
46 39
45 38
44 37
48 39
49 39
48 38
48 37
47 36
50 38
51 37
52 36
53 35
54 34
49 52
49 53
49 54
49 55
49 56
49 57
49 58
49 59
49 60
49 61
49 62
49 63
49 64
49 65
49 66
49 67
49 68
49 69
52 51
53 51
54 51
55 51
56 51
57 51
58 51
59 51
60 51
61 51
62 51
63 51
64 51
65 51
66 51
67 51
68 51
69 51
70 51
71 51
85 64
85 63
85 62
85 61
85 60
85 59
85 58
85 57
84 56
83 55
82 54
81 53
80 52
79 51
78 50
77 49
76 48
75 47
74 46
73 45
72 44
71 43
70 42
69 41
68 40
67 39
66 38
65 37
64 36
63 35
62 34
61 33
60 32
59 31
58 30
57 29
56 28
55 27
86 65
87 66
88 67
89 68
90 69
91 70
92 71
93 72
94 73
95 74
96 75
97 76
97 77
98 77
97 78
97 79
97 80
97 81
97 82
97 83
97 84
97 85
97 86
97 87
97 88
97 89
96 89
95 89
94 89
93 89
92 89
91 89
90 89
89 89
88 89
87 88
86 87
85 86
84 85
83 84
82 83
81 83
81 82
81 81
80 81
79 80
78 79
82 81
83 81
84 81
85 81
86 81
87 81
88 81
89 81
90 81
91 81
92 81
93 81
81 84
81 85
81 86
99 78
100 79
101 80
102 81
103 82
104 83
105 84
106 85
107 86
108 87
109 88
110 89
111 89
112 89
76 91
76 92
76 93
76 94
76 95
76 96
76 97
76 98
76 99
76 100
76 101
76 102
90 91
91 92
92 93
93 94
94 95
95 96
96 97
97 97
97 96
97 95
97 94
97 93
97 92
97 91
97 98
97 99
98 99
97 100
97 101
97 102
97 103
97 104
97 105
96 105
95 105
94 105
93 105
92 105
91 105
90 105
89 105
88 105
87 105
86 105
85 105
84 105
83 105
82 105
81 105
80 105
79 105
78 105
77 105
76 105
75 105
74 105
73 105
72 105
71 105
70 105
69 105
68 105
67 105
66 105
65 105
64 105
63 105
97 106
97 107
97 108
96 108
95 108
94 108
93 108
92 108
91 108
90 108
89 108
88 108
87 108
86 108
85 108
84 108
83 108
82 108
81 108
80 108
79 108
78 108
77 108
76 108
75 108
74 108
73 108
72 108
71 108
70 108
69 108
68 108
67 108
66 108
65 108
64 108
63 108
62 108
61 108
60 108
59 108
58 108
57 108
56 108
55 108
54 108
53 108
52 108
51 108
50 108
49 108
48 108
47 108
46 108
45 108
44 108
43 108
42 108
41 108
40 108
39 108
38 108
37 108
36 108
35 108
34 108
33 108
97 109
97 110
97 111
97 112
98 112
97 113
97 114
96 114
95 115
94 116
93 117
92 118
91 119
91 120
90 120
89 121
88 122
87 123
86 123
85 123
84 123
83 123
82 123
81 123
80 123
79 123
78 123
77 123
76 123
75 123
74 123
73 123
72 123
71 123
70 123
69 123
68 123
67 123
66 123
65 123
64 123
63 123
86 124
85 125
84 126
83 127
82 127
81 127
80 127
79 127
78 127
77 127
76 127
75 127
74 127
73 127
72 127
71 127
70 127
69 127
68 127
67 127
66 127
65 127
64 127
63 127
62 127
61 127
60 127
59 127
58 127
57 127
56 127
55 127
54 127
53 127
52 127
51 127
50 127
49 127
48 127
47 127
46 127
45 127
44 127
43 127
42 127
41 127
40 127
39 127
38 127
37 127
36 127
35 127
34 127
33 127
32 127
31 127
30 127
48 128
49 128
50 128
51 128
52 128
53 128
54 128
55 128
56 128
57 128
58 128
59 128
60 128
61 128
62 128
63 128
64 128
65 128
66 128
67 128
68 128
69 128
70 128
71 128
72 128
73 128
74 128
75 128
76 128
77 128
78 128
79 128
80 128
81 128
82 128
81 129
80 130
80 131
79 131
78 132
77 133
76 134
75 135
74 136
73 136
72 136
71 136
70 136
69 136
68 136
67 136
66 136
65 136
64 136
63 136
62 136
61 136
60 136
59 136
58 136
57 136
56 136
55 136
54 136
53 136
52 136
51 136
50 136
49 136
48 136
47 136
46 136
45 136
44 136
43 136
42 136
41 136
40 136
39 136
38 136
37 136
36 136
35 136
34 136
33 136
37 137
38 137
39 137
40 137
41 137
42 137
43 137
44 137
45 137
46 137
47 137
48 137
49 137
50 137
51 137
52 137
53 137
54 137
55 137
56 137
57 137
58 137
59 137
60 137
61 137
62 137
63 137
64 137
65 137
66 137
67 137
68 137
69 137
70 137
71 137
72 137
73 137
72 138
71 139
70 139
69 139
68 139
67 139
66 139
65 139
64 139
63 139
62 139
61 139
60 139
59 139
58 139
57 139
56 139
55 139
54 139
53 139
52 139
51 139
50 139
49 139
48 139
47 139
46 139
45 139
44 139
43 139
42 139
44 140
45 140
46 140
47 140
48 140
49 140
50 140
51 140
52 140
53 140
54 140
55 140
56 140
57 140
58 140
59 140
60 140
61 140
62 140
63 140
64 140
65 140
66 140
67 140
68 140
69 140
70 140
69 141
68 141
67 141
66 141
65 141
64 141
63 141
62 141
61 141
60 141
59 141
58 141
57 141
56 141
55 141
54 141
53 141
52 141
51 141
50 141
49 141
48 141
47 141
48 142
49 142
50 142
51 142
52 142
53 142
54 142
55 142
56 142
57 142
58 142
59 142
60 142
61 142
62 142
63 142
64 142
65 142
66 142
67 142
68 142
69 142
69 143
67 143
66 143
65 143
64 143
63 143
62 143
61 143
60 143
59 143
58 143
57 143
56 143
55 143
54 143
66 144
65 145
64 146
63 147
62 148
61 149
60 150
59 150
58 150
57 150
56 150
55 150
80 132
80 133
80 134
80 135
80 136
80 137
80 138
80 139
80 140
80 141
80 142
80 143
80 144
91 121
91 122
91 123
91 124
91 125
91 126
91 127
91 128
91 129
91 130
91 131
91 132
91 133
91 134
91 135
91 136
91 137
91 138
91 139
91 140
91 141
91 142
91 143
97 115
97 116
97 117
97 118
97 119
97 120
97 121
97 122
97 123
97 124
97 125
97 126
99 111
100 110
101 109
101 108
100 108
99 108
98 108
102 108
103 107
104 106
105 106
105 105
104 105
103 105
102 105
101 105
100 105
99 105
98 105
103 104
103 103
102 103
101 102
100 101
99 100
104 103
105 103
106 103
107 103
108 103
109 103
110 103
111 103
112 103
113 103
114 103
115 103
116 103
112 102
112 101
112 100
112 99
111 99
110 100
109 101
108 102
112 98
113 97
114 96
115 95
116 95
116 94
115 94
114 93
113 92
112 91
117 93
118 92
119 91
121 90
120 89
119 89
118 88
117 87
116 86
115 85
114 84
113 83
112 82
111 81
110 80
109 79
108 78
107 77
106 76
105 75
104 74
103 73
102 72
101 71
100 70
99 69
120 88
120 87
120 86
121 86
120 85
120 84
120 83
120 82
119 82
118 81
117 80
116 79
115 78
114 77
113 76
112 75
111 74
110 73
109 72
108 71
107 70
106 69
105 68
104 67
103 66
102 65
101 64
100 63
99 62
98 61
97 60
96 59
95 58
94 57
93 56
92 55
91 54
90 53
89 52
88 51
87 50
86 49
85 48
84 47
83 46
82 45
81 44
80 43
79 42
78 41
77 40
76 39
75 38
74 37
73 36
72 35
71 34
120 81
120 80
120 79
120 78
120 77
119 77
118 76
117 75
116 74
115 73
114 72
113 71
112 70
111 69
110 68
109 67
108 66
107 65
106 64
105 63
104 62
103 61
102 60
101 59
100 58
99 57
98 56
120 76
120 75
120 74
120 73
120 72
120 71
119 71
119 70
118 70
118 69
117 69
117 68
116 68
116 67
115 67
115 66
114 66
114 65
113 65
113 64
112 64
112 63
111 63
110 62
109 61
108 60
107 59
106 58
105 57
104 56
103 55
102 54
101 53
100 52
99 51
98 50
97 49
96 48
95 47
94 46
93 45
92 44
91 43
90 42
89 41
88 40
87 39
86 38
85 37
84 36
83 35
82 34
120 70
120 69
120 68
120 67
120 66
121 66
120 65
120 64
120 63
120 62
120 61
120 60
119 60
118 59
117 58
116 57
115 56
114 55
113 54
112 53
111 52
110 51
109 50
108 49
107 48
106 47
105 46
104 45
103 44
102 43
101 42
100 41
99 40
98 39
97 38
96 37
95 36
94 35
93 34
120 59
120 58
120 57
121 57
120 56
120 55
121 55
120 54
120 53
119 53
118 52
117 51
116 50
115 49
114 48
120 52
120 51
120 50
120 49
119 49
118 48
117 47
116 46
115 45
114 44
113 43
112 42
111 41
110 40
109 39
108 38
107 37
106 36
105 35
104 34
120 48
120 47
120 46
120 45
120 44
120 43
120 42
120 41
121 41
120 40
120 39
119 38
118 37
117 36
116 35
115 34
122 40
123 39
124 38
125 37
126 36
127 35
128 34
122 54
123 53
124 52
125 51
126 50
127 49
128 48
129 47
130 46
131 45
132 44
133 43
134 42
135 41
136 40
137 39
138 38
139 37
140 36
141 35
142 34
128 50
127 51
126 52
125 53
124 54
123 55
122 56
122 65
123 64
124 63
125 62
126 61
127 60
128 59
129 58
130 57
131 56
132 55
133 54
134 53
135 52
136 51
137 50
138 49
139 48
140 47
141 46
142 45
143 44
144 43
145 42
146 41
147 40
148 39
149 38
150 37
151 36
152 35
153 34
121 71
122 70
123 69
124 68
125 67
126 66
127 65
128 64
129 63
130 62
131 61
132 60
133 59
134 58
135 57
136 56
137 55
138 54
139 53
140 52
141 51
142 50
143 49
144 48
145 47
146 46
121 77
122 76
123 75
124 74
125 73
126 72
127 71
128 70
129 69
130 68
131 67
132 66
133 65
134 64
135 63
136 62
137 61
138 60
139 59
140 58
141 57
142 56
143 55
144 54
145 53
146 52
147 51
148 50
149 49
150 48
151 47
152 46
153 45
154 44
155 43
156 42
157 41
158 40
159 39
160 38
161 37
162 36
163 35
164 34
122 85
123 84
124 83
125 82
126 81
127 80
128 79
129 78
130 77
131 76
132 75
133 74
134 73
135 72
136 71
137 70
138 69
139 68
140 67
141 66
142 65
143 64
144 63
145 62
146 61
147 60
148 59
149 58
150 57
151 56
152 55
153 54
154 53
155 52
156 51
157 50
158 49
159 48
160 47
161 46
162 45
163 44
164 43
165 42
166 41
167 40
168 39
169 38
170 37
171 36
172 35
173 34
174 33
175 32
176 31
177 30
178 29
179 28
121 91
122 90
123 90
124 90
125 90
126 90
127 90
128 90
129 90
130 90
131 90
132 90
133 90
134 90
135 90
136 90
137 90
138 90
139 90
140 90
141 90
142 90
143 90
144 90
145 90
146 90
147 90
148 90
149 90
150 90
151 90
152 90
153 90
154 90
155 90
156 90
157 90
158 90
159 90
160 90
161 90
162 90
163 90
164 90
165 90
166 90
167 90
168 90
169 90
170 90
171 90
172 90
173 90
174 90
175 90
176 90
177 90
178 90
179 90
180 90
181 90
182 90
183 90
184 90
185 90
186 90
187 90
188 90
189 90
190 90
191 90
192 90
193 90
194 90
195 90
196 90
197 90
198 90
199 90
200 90
201 90
202 90
203 90
204 90
205 90
206 90
207 90
208 90
209 90
210 90
211 90
212 90
213 90
214 90
215 89
194 89
195 88
196 87
197 86
198 85
199 84
200 83
201 82
202 81
203 80
204 79
205 78
191 89
192 88
193 87
194 86
195 85
196 84
197 83
198 82
199 81
200 80
201 79
202 78
203 77
204 76
205 75
206 74
207 73
208 72
209 71
210 70
211 69
212 68
213 67
214 66
215 65
186 89
187 88
188 87
189 86
190 85
191 84
192 83
193 82
194 81
181 89
182 88
183 87
184 86
185 85
186 84
187 83
188 82
189 81
190 80
191 79
192 78
193 77
194 76
195 75
196 74
197 73
198 72
199 71
200 70
201 69
202 68
203 67
204 66
178 89
179 88
180 87
181 86
170 89
169 89
168 88
167 89
169 87
170 86
171 85
172 84
173 83
174 82
175 81
176 80
177 79
178 78
179 77
180 76
181 75
182 74
183 73
184 72
185 71
186 70
187 69
188 68
189 67
190 66
191 65
192 64
193 63
194 62
195 61
196 60
197 59
198 58
199 57
200 56
201 55
202 54
203 53
204 52
205 51
206 50
207 49
208 48
209 47
210 46
211 45
212 44
213 43
214 42
205 53
204 54
203 55
202 56
201 57
200 58
199 59
198 60
197 61
196 62
195 63
194 64
193 65
192 66
191 67
190 68
189 69
188 70
187 71
186 72
185 73
184 74
184 75
183 75
183 76
182 76
182 77
181 77
181 78
180 78
180 79
179 79
179 80
178 80
178 81
177 81
177 82
176 82
176 83
175 83
175 84
174 84
174 85
173 85
173 86
172 86
172 87
171 87
171 88
170 88
159 89
158 89
159 88
160 88
160 87
161 87
161 86
162 86
162 85
163 85
163 84
164 84
164 83
165 83
165 82
166 82
166 81
167 81
167 80
168 80
168 79
169 79
169 78
170 78
170 77
171 77
171 76
172 76
172 75
173 75
174 74
175 73
176 72
177 71
178 70
179 69
180 68
181 67
182 66
183 65
184 64
185 63
186 62
187 61
188 60
189 59
190 58
191 57
192 56
193 55
194 54
155 89
154 89
155 88
156 88
156 87
157 87
157 86
158 86
159 85
160 84
161 83
162 82
163 81
164 80
165 79
166 78
167 77
168 76
169 75
170 74
171 73
172 72
173 71
174 70
175 69
176 68
177 67
178 66
179 65
180 64
181 63
182 62
183 61
184 60
185 59
186 58
187 57
188 56
189 55
190 54
191 53
192 52
193 51
194 50
195 49
196 48
197 47
198 46
199 45
200 44
201 43
202 42
148 89
149 88
150 87
151 86
152 85
153 84
154 83
155 82
156 81
157 80
158 79
159 78
160 77
161 76
162 75
163 74
164 73
165 72
166 71
167 70
168 69
169 68
170 67
171 66
172 65
173 64
174 63
175 62
176 61
177 60
178 59
179 58
180 57
181 56
182 55
183 54
184 53
185 52
186 51
187 50
188 49
189 48
190 47
191 46
192 45
193 44
194 43
195 42
196 41
197 40
198 39
144 89
145 88
146 87
147 86
148 85
149 84
150 83
151 82
152 81
153 80
154 79
155 78
156 77
157 76
158 75
159 74
160 73
161 72
162 71
163 70
164 69
165 68
166 67
167 66
168 65
169 64
170 63
171 62
172 61
173 60
174 59
175 58
176 57
177 56
178 55
179 54
180 53
181 52
182 51
183 50
184 49
185 48
186 47
187 46
188 45
189 44
190 43
191 42
192 41
193 40
194 39
195 38
140 89
141 88
142 87
143 86
144 85
145 84
146 83
147 82
148 81
149 80
150 79
151 78
152 77
153 76
154 75
155 74
156 73
157 72
158 71
137 89
138 88
139 87
140 86
141 85
142 84
143 83
144 82
145 81
146 80
147 79
148 78
149 77
150 76
151 75
152 74
153 73
154 72
155 71
156 70
157 69
158 68
159 67
160 66
161 65
162 64
163 63
164 62
165 61
166 60
167 59
168 58
169 57
170 56
171 55
172 54
173 53
174 52
175 51
176 50
177 49
178 48
179 47
180 46
181 45
182 44
183 43
184 42
134 89
135 88
136 87
137 86
138 85
139 84
140 83
141 82
142 81
143 80
144 79
145 78
146 77
147 76
131 89
132 88
133 87
134 86
135 85
136 84
137 83
138 82
139 81
140 80
141 79
142 78
143 77
144 76
145 75
146 74
147 73
148 72
149 71
150 70
151 69
152 68
153 67
154 66
155 65
156 64
157 63
158 62
159 61
160 60
161 59
162 58
163 57
164 56
165 55
166 54
167 53
168 52
169 51
170 50
171 49
172 48
127 89
126 89
127 88
128 88
128 87
129 87
129 86
130 86
130 85
131 85
131 84
132 84
132 83
133 83
133 82
134 82
134 81
135 81
135 80
136 80
136 79
137 79
137 78
138 78
138 77
139 77
139 76
140 76
140 75
141 75
141 74
142 74
142 73
143 73
143 72
144 72
144 71
145 71
145 70
146 70
146 69
147 69
147 68
148 68
148 67
149 67
149 66
150 66
150 65
151 65
151 64
152 64
152 63
153 63
153 62
154 62
154 61
155 61
155 60
156 60
156 59
157 59
157 58
158 58
158 57
159 57
159 56
160 56
160 55
161 55
161 54
162 54
162 53
163 53
163 52
164 52
165 51
166 50
167 49
168 48
169 47
170 46
171 45
172 44
173 43
174 42
175 41
176 40
177 39
178 38
179 37
180 36
181 35
182 34
183 33
184 32
185 31
122 92
123 92
124 92
125 92
126 92
127 92
128 92
129 92
130 92
131 92
132 92
133 92
134 92
135 92
136 92
137 92
138 92
139 92
140 92
141 92
142 92
143 92
144 92
145 92
146 92
147 92
148 92
149 92
150 92
151 92
152 92
153 92
154 92
155 92
156 92
157 92
158 92
159 92
160 92
161 92
162 92
163 92
164 92
165 92
166 92
167 92
168 92
169 92
136 93
135 93
134 93
133 93
132 93
131 93
130 93
129 93
128 93
127 93
126 93
125 93
124 93
123 93
124 94
125 95
126 95
127 95
128 95
129 95
130 95
131 95
132 95
133 95
134 95
135 95
136 95
137 95
138 95
139 95
140 95
141 95
142 95
143 95
144 95
145 95
146 95
147 95
148 95
149 95
150 95
151 95
152 95
153 95
154 95
155 95
156 95
157 95
158 95
159 95
160 95
161 95
162 95
163 95
164 95
165 95
166 95
167 95
168 95
169 95
170 95
171 95
172 95
173 95
174 95
175 95
176 95
177 95
178 95
179 95
180 95
181 95
182 95
183 95
184 95
185 95
186 95
187 95
188 95
189 95
190 95
191 95
192 95
193 95
194 95
195 95
196 95
197 95
198 95
199 95
200 95
201 95
202 95
203 95
204 95
126 96
127 97
128 97
129 97
130 97
131 97
132 97
133 97
134 97
135 97
136 97
137 97
138 97
139 97
140 97
141 97
142 97
143 97
144 97
145 97
146 97
147 97
148 97
149 97
150 97
151 97
152 97
153 97
154 97
155 97
156 97
157 97
158 97
159 97
160 97
161 97
162 97
163 97
164 97
165 97
166 97
167 97
168 97
169 97
170 97
171 97
172 97
173 97
174 97
175 97
176 97
177 97
178 97
178 98
177 98
176 98
175 98
174 98
173 98
172 98
171 98
170 98
169 98
168 98
167 98
166 98
165 98
164 98
163 98
162 98
161 98
160 98
159 98
158 98
157 98
156 98
155 98
154 98
153 98
152 98
151 98
150 98
149 98
148 98
147 98
146 98
145 98
144 98
143 98
142 98
141 98
140 98
139 98
138 98
137 98
136 98
135 98
134 98
133 98
132 98
131 98
130 98
129 98
128 98
129 99
130 100
131 100
132 100
133 100
134 100
135 100
136 100
137 100
138 100
139 100
140 100
141 100
142 100
143 100
144 100
145 100
146 100
147 100
148 100
149 100
150 100
151 100
152 100
153 100
154 100
155 100
156 100
157 100
158 100
159 100
160 100
161 100
162 100
163 100
164 100
165 100
166 100
167 100
168 100
169 100
170 100
171 100
172 100
173 100
174 100
175 100
176 100
177 100
178 100
179 100
180 100
181 100
182 100
183 100
184 100
185 100
186 100
187 100
188 100
189 100
190 100
191 100
192 100
193 100
194 100
195 100
196 100
197 100
198 100
199 100
200 100
201 100
202 100
203 100
204 100
205 100
206 100
207 100
208 100
209 100
210 100
211 100
212 100
213 100
214 100
215 100
131 101
132 102
133 103
134 104
135 105
136 106
137 107
138 108
139 108
140 108
141 108
142 108
143 108
144 108
145 108
146 108
147 108
148 108
149 108
150 108
151 108
152 108
153 108
154 108
155 108
156 108
157 108
158 108
159 108
160 108
161 108
162 108
163 108
164 108
165 108
166 108
167 108
168 108
139 109
140 110
141 111
142 111
143 111
144 111
145 111
146 111
147 111
148 111
149 111
150 111
151 111
152 111
153 111
154 111
155 111
156 111
157 111
158 111
159 111
160 111
161 111
162 111
163 111
164 111
165 111
166 111
167 111
168 111
169 111
170 111
171 111
172 111
173 111
174 111
175 111
176 111
177 111
178 111
179 111
180 111
181 111
142 112
143 113
144 113
145 113
146 113
147 113
148 113
149 113
150 113
151 113
152 113
153 113
154 113
155 113
156 113
157 113
158 113
159 113
160 113
161 113
162 113
163 113
164 113
165 113
166 113
167 113
168 113
169 113
170 113
171 113
172 113
173 113
174 113
175 113
176 113
177 113
178 113
179 113
180 113
181 113
182 113
183 113
184 113
185 113
186 113
187 113
188 113
189 113
190 113
191 113
192 113
193 113
194 113
195 113
196 113
197 113
198 113
199 113
200 113
201 113
202 113
203 113
204 113
205 113
206 113
207 113
208 113
209 113
210 113
211 113
212 113
213 113
214 113
215 113
144 114
145 115
146 116
147 117
148 118
149 119
150 120
151 121
152 122
153 123
154 124
155 125
156 126
157 126
158 126
159 126
160 126
161 126
162 126
163 126
164 126
165 126
166 126
167 126
168 126
169 126
170 126
171 126
172 126
173 126
174 126
175 126
176 126
177 126
178 126
179 126
180 126
181 126
182 126
183 126
184 126
185 126
186 126
187 126
188 126
189 126
190 126
191 126
192 126
193 126
194 126
195 126
196 126
197 126
198 126
199 126
200 126
201 126
202 126
203 126
204 126
205 126
206 126
207 126
208 126
209 126
210 126
211 126
212 126
213 126
214 126
157 127
158 128
158 129
157 129
156 129
155 129
154 129
153 129
152 129
151 129
150 129
149 128
148 127
147 126
146 125
145 124
144 123
143 122
142 121
141 120
140 119
139 118
138 117
137 116
136 115
136 114
135 114
134 113
133 112
132 111
131 110
130 109
129 108
128 108
128 107
127 106
126 105
125 104
124 103
123 102
122 101
121 100
120 99
119 98
118 97
117 96
128 109
128 110
128 111
128 112
128 113
128 114
128 115
128 116
128 117
128 118
128 119
128 120
128 121
128 122
128 123
128 124
128 125
128 126
128 127
128 128
127 128
126 128
126 127
125 126
124 125
123 124
122 123
121 122
120 121
119 120
118 119
117 118
116 118
116 117
115 116
114 115
113 114
112 114
112 113
112 112
111 112
110 111
109 110
108 109
107 108
106 107
112 111
112 110
112 109
112 108
112 107
112 106
112 105
112 104
112 115
112 116
112 117
112 118
112 119
112 120
112 121
112 122
112 123
112 124
112 125
112 126
112 127
112 128
112 129
112 130
112 131
112 132
112 133
112 134
112 135
112 136
112 137
112 138
112 139
112 140
112 141
112 142
112 143
116 119
116 120
116 121
116 122
116 123
116 124
116 125
116 126
116 127
116 128
116 129
116 130
116 131
126 129
128 129
129 129
130 129
131 129
132 129
133 129
134 129
135 129
136 129
137 129
129 130
128 130
128 131
128 132
128 133
128 134
128 135
128 136
128 137
128 138
128 139
128 140
128 141
128 142
128 143
128 144
128 145
128 146
128 147
128 148
128 149
130 131
131 132
132 133
133 134
133 135
134 135
135 136
136 137
137 138
138 139
139 140
140 141
141 142
142 143
143 143
144 143
143 144
144 145
145 145
146 145
147 145
148 145
149 145
150 145
151 145
152 145
153 145
154 145
155 145
156 145
157 145
158 145
159 145
160 145
161 145
162 145
163 145
164 145
165 145
159 129
160 130
161 131
162 131
163 131
164 131
165 131
166 131
167 131
168 131
169 131
170 131
171 131
172 131
173 131
174 131
175 131
176 131
177 131
178 131
179 131
180 131
181 131
182 131
183 131
184 131
185 131
186 131
187 131
188 131
189 131
190 131
191 131
192 131
193 131
194 131
195 131
196 131
197 131
198 131
199 131
200 131
201 131
202 131
181 132
180 132
179 132
178 132
177 132
176 132
175 132
174 132
173 132
172 132
171 132
170 132
169 132
168 132
167 132
166 132
165 132
164 132
163 132
162 132
163 133
164 134
165 135
166 136
167 137
168 138
169 138
170 138
171 138
172 138
173 138
174 138
175 138
176 138
177 138
178 138
179 138
180 138
181 138
182 138
183 138
184 138
185 138
186 138
187 138
188 138
189 138
190 138
191 138
192 138
193 138
194 138
195 138
196 138
197 138
198 138
195 139
194 139
193 139
192 139
191 139
190 139
189 139
188 139
187 139
186 139
185 139
184 139
183 139
182 139
181 139
180 139
179 139
178 139
177 139
176 139
175 139
174 139
173 139
172 139
171 139
170 139
169 139
170 140
171 140
172 140
173 140
174 140
175 140
176 140
177 140
178 140
179 140
180 140
181 140
182 140
183 140
184 140
185 140
186 140
187 140
188 140
189 140
190 140
191 140
192 140
171 141
172 142
173 143
174 143
175 143
176 143
177 143
178 143
179 143
180 143
181 143
182 143
183 143
184 143
185 143
186 143
187 143
188 143
189 143
187 144
186 144
185 144
184 144
183 144
182 144
181 144
180 144
179 144
178 144
177 144
176 144
175 144
174 144
175 145
176 146
177 146
178 146
179 146
180 146
181 146
182 146
183 146
184 146
185 146
186 146
182 147
181 147
180 147
179 147
178 147
177 147
179 98
180 98
181 98
182 98
183 98
184 98
185 98
186 98
187 98
188 98
189 98
190 98
106 104
122
30 88
51 89
33 69
75 79
64 69
63 81
70 86
48 49
30 50
33 41
37 40
42 38
44 37
47 36
54 34
49 69
71 51
85 64
55 27
97 89
93 81
81 86
112 89
76 102
63 105
97 108
51 108
33 108
77 123
63 123
30 127
48 128
33 136
37 137
42 139
44 140
47 141
48 142
69 143
54 143
55 150
80 144
91 143
97 126
116 103
99 69
115 78
84 47
71 34
98 56
112 63
82 34
93 34
114 48
104 34
115 34
128 34
142 34
128 50
153 34
146 46
164 34
136 71
147 60
179 28
124 90
215 89
205 78
215 65
194 81
204 66
181 86
214 42
205 53
184 75
172 75
194 54
157 86
181 63
202 42
198 39
195 38
158 71
184 42
147 76
172 48
163 52
185 31
169 92
136 93
204 95
178 97
133 98
145 100
215 100
157 108
168 108
181 111
204 113
215 113
214 126
158 129
136 114
112 119
112 143
116 131
126 129
137 129
128 149
133 135
144 143
165 145
202 131
181 132
198 138
195 139
192 140
189 143
187 144
186 146
182 147
190 98
