1117
120 89
120 88
120 87
120 86
120 85
120 84
119 83
118 82
117 81
116 80
115 79
114 78
113 77
113 76
112 76
111 76
110 76
109 76
108 76
107 76
106 75
105 74
104 73
103 72
102 72
101 72
100 72
99 72
98 72
97 72
96 72
95 72
94 72
93 72
92 71
92 70
92 69
92 68
92 67
92 66
92 65
92 64
92 63
92 62
92 61
92 60
92 59
92 58
92 57
93 56
102 73
101 74
100 75
99 76
98 77
97 78
96 79
95 80
94 81
94 82
94 83
94 84
94 85
94 86
93 87
92 88
91 89
90 90
89 90
88 90
87 90
86 90
85 90
84 90
83 90
82 90
81 90
80 90
79 90
78 90
77 90
76 90
75 89
74 88
73 87
72 86
72 85
72 84
72 83
72 82
72 81
72 80
72 79
72 78
72 77
72 76
72 75
72 74
72 73
72 72
71 71
71 87
70 88
69 89
68 90
67 91
66 92
66 93
66 94
66 95
66 96
66 97
66 98
66 99
66 100
65 100
64 99
63 98
62 97
61 96
60 95
59 94
58 93
57 92
56 91
55 90
54 89
53 88
52 87
51 86
51 85
51 84
51 83
51 82
51 81
51 80
51 79
51 78
51 77
51 76
51 75
51 74
51 73
51 72
51 71
51 70
51 69
50 68
49 67
49 66
49 65
49 64
49 63
49 62
49 61
49 60
49 59
49 58
49 57
49 56
49 55
49 54
49 53
49 52
49 51
49 50
48 50
48 49
48 48
48 47
48 46
48 45
47 44
46 43
45 42
44 41
43 40
43 39
42 39
41 40
40 41
39 41
38 41
37 41
36 41
35 41
34 42
33 43
32 44
31 45
30 46
29 47
28 48
28 49
28 50
28 51
28 52
44 39
45 39
46 39
47 39
48 39
49 39
50 39
51 39
52 39
53 38
54 37
55 37
56 37
57 37
58 37
59 37
60 37
61 37
62 37
63 37
64 36
65 35
65 34
66 34
64 33
63 32
62 31
61 30
60 29
59 28
58 27
57 26
56 25
55 24
50 50
51 50
52 50
53 50
54 50
55 50
56 50
57 50
58 50
59 50
60 50
61 50
62 50
63 50
64 50
65 50
66 50
67 50
68 50
69 50
70 50
71 50
72 50
72 49
73 48
74 47
75 46
76 45
77 44
78 43
79 42
80 41
81 40
82 39
83 38
84 37
85 36
86 35
87 34
48 68
47 69
46 70
45 71
44 72
43 73
42 73
41 73
40 73
39 73
38 73
37 73
36 73
35 73
34 73
33 73
32 73
31 73
30 73
29 73
66 101
66 102
65 103
64 104
63 105
62 106
61 107
60 107
59 107
58 107
57 107
56 107
55 107
54 107
53 107
52 107
51 107
50 107
49 108
48 109
47 110
46 111
45 112
44 113
43 114
42 115
41 115
40 115
39 115
38 115
37 115
36 115
35 115
34 115
33 115
32 115
32 114
32 113
32 112
32 111
32 110
32 109
32 108
32 107
32 106
32 105
32 104
32 103
32 102
32 101
32 100
32 99
32 98
31 97
30 96
29 95
28 94
33 116
33 117
33 118
33 119
33 120
33 121
33 122
33 123
33 124
33 125
33 126
33 127
34 128
35 129
36 130
36 131
36 132
36 133
36 134
36 135
36 136
36 137
37 137
38 137
39 137
40 136
41 135
42 134
43 133
44 132
45 131
46 130
47 129
48 129
48 128
48 130
48 131
48 132
48 133
48 134
48 135
48 136
48 137
48 138
48 139
49 140
50 141
51 142
52 143
53 143
54 143
55 143
56 143
57 144
58 145
59 145
60 145
61 145
62 145
63 145
64 145
65 145
66 145
67 145
68 145
69 145
70 145
71 145
72 145
103 71
103 70
103 69
103 68
104 67
105 66
106 65
107 64
108 63
109 62
110 61
111 60
112 59
113 58
114 57
115 56
116 55
116 54
116 53
116 52
116 51
116 50
116 49
116 48
116 47
116 46
116 45
116 44
116 43
116 42
115 41
114 40
113 39
112 38
111 37
110 36
109 35
108 34
114 76
115 76
116 76
117 76
118 76
119 76
120 76
121 76
122 76
123 76
124 76
125 76
126 75
127 75
128 75
129 75
130 75
131 75
132 75
133 75
134 74
135 73
136 72
137 71
137 70
137 69
137 68
137 67
137 66
137 65
137 64
137 63
137 62
137 61
137 60
137 59
137 58
137 57
137 56
136 56
138 56
139 56
140 56
141 56
142 56
143 56
144 56
145 56
146 56
147 55
148 55
149 55
150 55
151 55
152 55
153 55
154 55
155 55
156 55
157 55
158 55
148 56
149 57
150 58
151 59
152 60
153 61
154 62
155 63
156 64
157 65
158 66
158 67
158 68
158 69
158 70
158 71
157 72
157 73
157 74
157 75
157 76
157 77
157 78
157 79
157 80
157 81
157 82
157 83
157 84
157 85
157 86
158 86
159 86
160 86
161 86
162 86
163 86
164 86
165 86
166 86
167 86
168 86
169 86
170 86
171 86
172 85
173 84
174 83
175 82
176 81
177 80
178 79
179 78
180 77
181 76
181 75
182 74
183 73
184 72
185 71
186 70
187 69
188 68
189 67
190 66
191 65
192 64
193 63
193 62
192 62
191 62
190 62
189 62
188 62
187 61
186 60
185 59
184 58
183 57
182 56
181 55
194 62
195 62
195 63
196 64
197 65
198 66
199 67
200 68
201 69
202 70
203 71
204 72
204 73
205 73
206 73
207 73
208 73
209 73
210 73
211 73
212 73
213 73
214 73
215 73
196 61
197 60
198 59
199 58
200 57
201 56
202 55
203 54
204 53
205 52
205 51
205 50
205 49
205 48
205 47
204 46
203 45
202 44
201 43
200 42
199 41
198 41
197 41
196 41
195 41
194 41
193 41
192 41
191 41
190 41
189 41
188 41
187 41
186 41
186 40
186 39
186 38
186 37
186 36
186 35
186 34
185 33
184 32
183 31
182 30
181 31
180 32
179 33
178 34
177 34
176 34
175 34
174 34
173 34
172 34
171 34
169 87
170 88
171 89
172 90
173 91
174 92
175 93
176 94
177 95
178 96
179 97
180 97
181 97
182 97
183 97
184 97
185 97
186 97
187 97
188 96
189 95
190 94
191 93
192 92
193 91
194 90
195 91
196 92
197 93
198 94
199 94
200 94
201 94
202 94
203 94
204 94
205 94
182 98
183 99
184 100
185 101
186 102
187 103
188 104
189 105
190 106
191 107
192 108
193 109
194 109
193 110
192 111
191 112
190 113
189 114
188 115
187 116
186 117
185 118
184 118
183 118
182 118
181 118
195 110
196 111
197 112
198 113
199 114
200 115
201 115
202 115
203 115
204 115
205 115
206 116
206 117
206 118
206 119
206 120
206 121
206 122
206 123
206 124
206 125
206 126
205 127
204 128
203 129
202 130
201 130
200 130
199 130
198 130
197 130
196 130
195 130
194 130
193 131
192 132
192 133
192 134
192 135
192 136
192 137
192 138
192 139
192 140
192 141
191 141
190 141
189 140
188 139
187 138
186 137
185 136
184 135
183 134
182 133
181 132
191 142
190 143
189 143
188 143
187 143
186 143
185 143
184 143
183 143
182 143
181 143
180 143
179 143
178 143
177 143
176 143
175 143
174 143
173 143
180 98
179 99
178 100
177 101
176 102
175 103
174 104
173 105
172 106
171 106
170 106
169 106
168 106
167 107
166 108
165 108
164 108
163 108
162 108
161 108
160 108
159 108
158 108
157 108
158 109
158 110
158 111
158 112
158 113
158 114
158 115
158 116
158 117
158 118
158 119
158 120
158 121
158 122
158 123
147 54
147 53
147 52
147 51
146 51
145 50
144 49
143 48
142 47
141 46
140 45
139 44
138 43
137 42
136 41
135 40
134 39
133 38
132 37
131 36
130 35
129 34
147 50
147 49
147 48
147 47
147 46
147 45
147 44
147 43
147 42
147 41
147 40
147 39
147 38
147 37
148 36
149 35
150 34
119 91
118 92
117 93
116 93
115 93
114 94
113 95
112 96
111 97
110 98
109 99
108 100
107 101
106 102
105 102
104 102
103 102
102 102
101 102
100 103
99 104
98 105
97 106
96 107
95 108
94 108
93 108
92 108
91 108
90 108
89 108
88 108
87 108
86 108
85 108
86 109
87 110
88 111
89 112
90 113
91 114
92 115
93 116
93 117
93 118
93 119
93 120
93 121
93 122
93 123
92 124
91 125
90 125
89 125
88 125
87 125
86 125
85 125
84 125
83 125
82 125
81 125
80 125
79 125
78 125
77 125
76 125
75 125
74 125
73 125
72 124
71 123
83 126
84 127
85 128
86 129
87 130
88 131
89 132
90 133
91 134
92 135
93 136
93 137
93 138
93 139
93 140
93 141
93 142
93 143
93 144
93 145
116 94
116 95
116 96
116 97
116 98
116 99
116 100
116 101
116 102
116 103
116 104
115 105
114 106
114 107
114 108
114 109
114 110
114 111
114 112
114 113
114 114
114 115
114 116
114 117
114 118
114 119
114 120
114 121
114 122
115 123
116 124
117 125
118 126
119 127
120 127
121 127
122 127
123 127
124 127
125 127
126 127
125 128
124 129
123 130
122 131
121 132
120 133
119 134
118 135
117 136
116 137
115 138
114 139
114 140
114 141
114 142
114 143
127 128
128 128
129 128
130 128
131 128
132 128
133 128
134 128
135 128
136 128
137 128
136 129
135 130
135 131
135 132
135 133
135 134
135 135
135 136
135 137
135 138
135 139
135 140
135 141
135 142
135 143
135 144
135 145
138 129
139 130
140 131
141 132
142 133
143 134
144 135
145 136
146 137
147 138
148 139
149 140
150 141
151 142
152 143
153 144
154 145
121 91
122 92
123 93
124 93
125 93
126 93
127 93
128 93
129 93
130 93
131 93
132 93
133 93
134 93
135 93
136 93
136 94
136 95
136 96
136 97
136 98
136 99
136 100
136 101
136 102
136 103
136 104
136 105
136 106
136 107
136 108
84
112 76
103 72
92 71
93 56
94 86
83 90
72 86
71 71
51 86
49 67
48 50
42 39
35 41
28 52
54 37
66 34
55 24
61 50
72 50
87 34
29 73
66 102
50 107
32 115
28 94
33 127
36 137
48 128
48 139
56 143
72 145
116 55
108 34
126 75
137 71
136 56
147 55
158 55
158 71
157 86
168 86
181 76
181 55
194 62
204 73
215 73
205 52
199 41
186 41
182 30
171 34
181 97
194 90
205 94
194 109
181 118
205 115
206 126
194 130
192 141
181 132
184 143
173 143
168 106
157 108
158 123
129 34
150 34
115 93
101 102
85 108
93 123
82 125
71 123
93 145
116 104
114 122
126 127
114 143
137 128
135 145
154 145
136 93
136 108
