1095
119 90
118 90
117 89
116 88
115 87
114 86
114 85
114 84
114 83
114 82
114 81
114 80
114 79
114 78
114 77
114 76
114 75
115 74
116 73
119 91
118 92
117 93
116 94
116 95
116 96
116 97
116 98
116 99
116 100
116 101
116 102
116 103
116 104
115 105
114 106
113 106
112 106
111 106
110 106
109 106
108 106
107 106
106 106
105 106
104 106
103 106
102 106
101 106
100 106
100 105
100 104
100 103
100 102
100 101
100 100
99 99
98 98
97 97
96 96
95 95
94 94
93 93
93 92
93 91
93 90
93 89
93 88
92 87
91 86
90 85
89 84
88 83
87 82
86 81
85 80
84 79
83 78
83 77
82 77
81 77
80 77
79 77
78 77
77 77
76 76
75 75
74 74
73 73
72 72
71 71
70 72
69 73
68 74
67 75
66 76
65 77
64 78
63 79
62 80
61 81
60 82
59 83
58 84
57 85
56 86
55 86
54 86
53 86
52 86
51 86
50 87
49 88
48 89
47 90
46 91
45 92
44 93
43 93
42 93
41 93
40 93
39 93
38 93
37 93
36 93
35 93
34 93
33 93
34 94
35 95
36 96
37 97
38 98
39 99
40 100
41 101
42 102
43 103
44 104
45 105
46 106
47 107
48 107
49 107
50 107
81 78
80 79
79 80
78 81
77 82
76 83
75 84
74 85
73 86
72 86
84 77
85 77
86 77
87 77
88 76
89 75
90 74
91 73
92 72
93 71
93 70
93 69
93 68
93 67
93 66
93 65
93 64
93 63
93 62
93 61
93 60
93 59
92 58
91 57
91 56
90 56
89 56
88 56
87 56
86 56
85 56
84 56
83 56
82 56
81 56
80 56
79 56
78 56
77 56
76 56
75 55
74 54
73 53
72 52
71 51
71 50
71 49
71 48
71 47
71 46
71 45
72 45
71 44
71 43
70 42
69 41
68 40
67 39
66 38
65 37
64 36
63 35
62 34
61 34
60 34
59 34
58 34
57 34
56 34
55 34
54 34
53 34
52 34
51 33
50 34
49 35
49 36
49 37
49 38
49 39
49 40
49 41
49 42
49 43
49 44
48 44
47 44
46 44
45 44
44 44
43 44
42 44
41 44
40 44
39 44
38 43
37 42
36 41
35 40
34 41
33 42
33 43
33 44
33 45
33 46
33 47
33 48
33 49
33 50
33 51
32 52
31 53
30 54
29 55
28 56
28 57
28 58
28 59
28 60
28 61
28 62
28 63
28 64
28 65
28 66
28 67
28 68
28 69
28 70
28 71
28 72
34 52
35 53
36 54
37 55
38 56
39 57
40 58
41 59
42 60
43 61
44 62
45 63
46 64
47 65
48 65
49 65
50 65
73 44
74 43
75 42
76 41
77 40
78 39
79 38
80 37
81 36
82 35
83 34
92 56
93 56
94 56
95 56
96 56
97 56
98 56
99 56
100 56
101 56
102 56
103 56
104 56
105 56
106 56
107 56
108 56
109 56
110 56
111 56
112 56
113 56
114 56
115 55
115 54
115 53
115 52
115 51
115 50
115 49
115 48
115 47
115 46
115 45
114 44
113 43
112 42
111 41
110 40
109 39
108 38
107 37
106 36
105 35
104 34
99 107
98 108
97 108
96 108
95 108
94 108
93 108
92 108
91 108
90 108
89 108
88 108
87 108
86 108
85 108
84 108
83 108
82 108
81 108
80 108
79 108
78 108
77 108
76 108
75 108
74 108
73 108
72 108
71 107
88 109
89 110
90 111
91 112
92 113
93 114
93 115
93 116
93 117
93 118
93 119
93 120
93 121
93 122
93 123
92 124
91 125
90 126
89 127
88 128
87 128
86 128
85 128
84 128
83 128
82 128
81 128
80 128
79 128
78 128
77 128
76 128
75 127
74 126
73 125
72 124
71 123
81 129
80 130
79 131
78 132
77 133
76 134
75 135
74 136
73 137
72 138
71 139
71 140
71 141
71 142
71 143
71 144
71 145
70 145
69 145
68 145
67 145
66 145
65 145
64 145
63 145
62 145
61 145
60 145
59 145
58 145
57 145
56 144
55 143
54 143
53 143
52 143
51 142
50 141
49 140
48 139
47 139
46 139
45 139
44 139
43 139
42 139
41 139
40 139
39 139
38 139
37 138
36 137
36 136
36 135
36 134
36 133
36 132
36 131
36 130
35 129
34 128
33 127
33 126
33 125
33 124
33 123
33 122
33 121
33 120
33 119
33 118
32 117
31 116
30 115
29 114
48 138
48 137
48 136
48 135
48 134
48 133
48 132
48 131
48 130
48 129
48 128
83 129
84 130
85 131
86 132
87 133
88 134
89 135
90 136
91 137
92 138
92 139
92 140
92 141
92 142
92 143
92 144
92 145
94 124
95 125
96 126
97 127
98 128
99 129
100 130
101 131
102 132
103 133
104 134
105 135
106 136
107 137
108 138
109 139
110 140
111 141
112 142
113 143
117 105
118 106
119 107
120 107
121 107
122 107
123 107
124 107
125 107
126 107
125 108
124 109
123 110
122 111
121 112
120 113
119 114
118 115
117 116
116 117
115 118
114 119
114 120
114 121
114 122
127 108
128 108
129 108
130 108
131 108
132 108
133 108
134 108
135 108
136 108
137 108
136 109
136 110
136 111
136 112
136 113
136 114
136 115
136 116
136 117
136 118
136 119
136 120
136 121
136 122
136 123
137 124
138 125
139 126
140 127
141 128
142 129
143 129
144 129
145 129
146 129
147 129
148 129
149 129
150 129
151 129
152 129
153 129
154 128
155 127
156 126
157 125
158 124
148 130
149 131
150 132
151 133
152 134
153 135
154 136
155 137
155 138
155 139
155 140
155 141
155 142
155 143
155 144
155 145
146 130
145 131
144 132
143 133
142 134
141 135
140 136
139 137
138 138
137 139
136 140
135 141
134 142
134 143
134 144
134 145
121 90
122 90
123 90
124 90
125 90
126 90
127 90
128 90
129 90
130 90
131 90
132 89
133 88
134 87
135 86
135 85
135 84
135 83
135 82
135 81
135 80
135 79
135 78
135 77
135 76
135 75
135 74
135 73
135 72
135 71
135 70
135 69
135 68
135 67
135 66
135 65
135 64
135 63
135 62
135 61
135 60
135 59
135 58
135 57
136 56
137 56
138 56
139 56
140 56
141 56
142 55
143 54
144 53
145 52
146 51
147 50
147 49
147 48
147 47
147 46
147 45
147 44
147 43
147 42
147 41
147 40
147 39
147 38
147 37
147 36
147 35
146 34
145 34
144 34
143 34
142 34
141 34
140 34
139 34
138 34
137 34
136 34
135 34
134 34
133 34
132 34
131 34
130 34
129 34
128 34
127 34
126 34
125 34
148 51
149 52
150 53
151 54
152 55
153 56
154 56
155 56
156 56
157 56
158 56
157 57
156 58
156 59
156 60
156 61
156 62
156 63
156 64
156 65
156 66
156 67
156 68
156 69
156 70
156 71
157 71
158 71
159 71
160 71
161 71
162 71
163 71
164 71
165 71
166 71
167 71
168 71
169 71
170 71
171 71
172 71
173 71
174 71
175 71
176 70
177 69
178 68
179 67
180 66
181 65
181 64
181 63
181 62
180 61
179 60
178 59
177 58
176 57
175 56
174 55
174 54
173 54
175 53
176 52
177 51
178 50
179 49
180 48
181 47
182 46
183 45
184 44
185 44
186 44
187 44
188 44
189 44
190 44
191 44
192 44
193 44
194 43
195 42
196 41
197 41
198 41
199 41
200 41
201 41
202 41
203 41
204 41
205 41
206 41
207 41
197 42
198 43
199 44
200 45
201 46
202 47
203 48
204 49
205 50
205 51
205 52
204 53
203 54
202 55
201 56
200 57
199 58
198 59
197 60
196 61
195 61
194 61
195 62
196 63
197 64
198 65
199 66
200 67
201 68
202 69
203 70
204 71
204 72
204 73
205 73
206 73
207 73
208 73
209 73
210 73
211 73
212 73
213 73
214 73
215 73
184 43
184 42
184 41
184 40
184 39
184 38
184 37
184 36
184 35
183 34
182 33
181 34
180 34
179 34
178 34
177 34
176 34
175 34
174 34
173 34
172 34
171 34
170 34
169 34
168 34
167 34
168 72
169 73
170 74
171 75
172 76
173 77
174 78
175 79
176 80
177 81
178 82
179 83
180 84
181 85
181 86
180 87
179 88
178 89
177 90
176 91
175 92
174 93
173 93
172 93
171 93
170 93
169 93
168 93
167 93
166 93
165 93
164 93
163 93
162 93
161 93
160 93
159 93
158 93
157 93
156 93
166 94
165 95
164 96
163 97
162 98
161 99
160 100
159 101
158 102
158 103
158 104
158 105
158 106
158 107
158 108
182 87
183 88
184 89
185 90
186 91
187 92
188 93
189 94
190 94
191 94
192 94
193 94
194 94
195 94
196 94
197 94
198 94
199 94
200 94
201 94
202 94
203 94
204 94
205 94
194 95
193 95
192 96
191 97
190 98
189 99
188 100
187 101
186 102
185 103
184 104
183 105
182 106
181 107
194 96
194 97
194 98
194 99
194 100
194 101
194 102
194 103
194 104
194 105
194 106
195 107
196 108
197 109
198 110
199 111
200 112
201 113
202 114
203 115
204 115
205 115
204 116
203 117
202 118
202 119
202 120
202 121
202 122
202 123
202 124
202 125
202 126
202 127
201 128
200 129
199 130
198 131
197 132
197 133
197 134
197 135
197 136
197 137
197 138
196 139
195 139
194 139
193 139
192 139
191 139
190 139
189 139
188 139
187 139
187 138
187 137
187 136
187 135
187 134
186 133
185 132
184 131
183 130
182 129
181 128
186 140
185 141
184 142
183 143
182 144
181 145
180 145
179 145
178 145
177 145
176 145
206 116
207 117
208 118
209 119
210 120
211 121
212 122
213 123
214 124
215 125
215 126
215 127
82
114 86
116 73
116 104
100 106
93 93
82 77
71 71
51 86
33 93
50 107
72 86
93 71
90 56
71 51
62 34
51 33
49 44
35 40
33 51
28 72
50 65
83 34
103 56
115 55
104 34
87 108
71 107
93 123
82 128
71 123
71 145
55 143
48 139
36 137
33 127
29 114
48 128
92 145
113 143
126 107
114 122
137 108
136 123
147 129
158 124
155 145
134 145
135 86
135 71
136 56
147 50
146 34
125 34
158 56
156 71
167 71
181 65
173 54
184 44
196 41
207 41
205 52
194 61
204 73
215 73
182 33
167 34
181 86
167 93
156 93
158 108
194 94
205 94
181 107
194 106
205 115
202 127
197 138
187 139
181 128
176 145
215 127
