2970
119 90
118 90
117 90
116 90
115 90
114 90
113 90
112 90
111 90
110 90
109 90
108 90
107 90
106 90
105 90
104 90
103 90
102 90
101 90
100 90
99 90
98 90
97 90
96 90
95 90
94 90
93 90
92 90
91 90
90 90
89 90
88 90
87 90
86 90
85 90
84 90
83 90
82 90
81 90
80 90
79 90
78 90
77 90
76 90
75 90
74 90
73 90
72 90
71 90
70 90
69 90
68 90
67 90
66 90
65 90
64 90
63 90
62 90
61 90
60 90
59 90
58 90
57 90
56 90
55 90
54 90
53 90
52 90
51 90
50 90
49 90
48 90
47 90
46 90
45 90
44 90
43 90
42 90
41 90
40 90
39 90
38 90
37 90
36 90
35 90
34 90
33 90
32 90
31 90
30 90
50 89
51 89
49 88
48 87
47 86
46 85
45 84
44 83
43 82
42 81
41 80
40 79
39 78
38 77
37 76
36 75
35 74
34 73
33 72
72 89
72 88
72 87
72 86
72 85
72 84
72 83
72 82
72 81
72 80
72 79
72 78
73 78
72 77
72 76
71 76
70 75
69 74
69 73
68 73
67 73
66 73
65 73
64 73
63 73
63 72
62 72
61 72
60 72
59 72
58 72
57 72
56 72
55 72
54 72
53 72
52 72
51 72
51 71
52 71
53 71
54 71
55 71
56 71
57 71
58 71
59 71
60 71
61 71
62 71
63 71
64 71
65 71
66 71
67 71
68 71
69 71
70 71
71 71
72 71
73 71
74 71
75 71
76 71
77 71
77 70
76 70
75 69
74 68
73 67
72 66
71 65
70 64
69 63
68 62
67 61
66 60
65 59
64 58
63 57
62 56
61 55
60 54
59 53
58 52
57 51
56 50
55 49
54 48
53 47
52 46
51 45
50 44
49 43
48 42
47 41
46 40
77 69
77 68
77 67
77 66
77 65
77 64
77 63
76 63
75 62
74 61
73 60
72 59
71 58
70 57
69 56
68 55
67 54
66 53
65 52
64 51
63 50
62 49
61 48
60 47
59 46
58 45
57 44
56 43
55 42
54 41
53 40
52 39
51 38
50 37
49 36
48 35
77 62
77 61
77 60
76 60
76 59
75 59
75 58
74 58
74 57
73 57
73 56
72 56
72 55
71 55
71 54
70 54
69 53
68 52
67 51
66 50
65 49
64 48
63 47
62 46
61 45
60 44
59 43
58 42
57 41
56 40
55 39
54 38
53 37
52 36
51 35
50 34
72 53
71 52
70 51
69 50
68 49
67 48
66 47
65 46
64 45
63 44
62 43
61 42
60 41
59 40
58 39
57 38
56 37
55 36
54 35
53 34
52 33
51 32
73 54
74 55
75 56
76 57
77 57
78 57
77 56
77 55
77 54
77 53
77 52
77 51
77 50
77 49
76 48
75 47
74 46
73 45
72 44
71 43
70 42
69 41
68 40
67 39
66 38
65 37
64 36
63 35
62 34
77 58
77 59
79 56
80 55
81 54
82 53
76 72
75 72
74 72
73 72
72 72
71 72
70 72
69 72
68 72
67 72
66 72
65 72
64 72
70 73
71 73
72 73
73 73
74 73
75 73
74 74
73 75
78 72
79 73
80 74
81 74
82 74
83 74
84 74
85 74
86 74
87 74
88 74
89 74
90 74
91 74
92 74
93 74
94 74
95 74
81 75
82 76
82 77
83 77
82 78
82 79
82 80
82 81
82 82
82 83
82 84
82 85
82 86
81 86
80 85
79 84
78 83
77 82
76 81
75 80
74 79
82 87
82 88
83 88
82 89
84 89
84 78
85 79
86 80
87 81
88 82
89 83
90 84
91 85
92 86
93 86
93 87
93 88
94 88
93 89
95 89
96 89
97 89
98 89
99 89
100 89
101 89
102 89
103 89
104 89
105 89
106 89
107 89
108 89
109 89
110 89
111 89
112 89
65 70
64 69
63 68
62 67
61 66
60 65
59 64
58 63
57 62
56 61
55 60
54 59
53 58
52 57
51 56
50 55
49 54
48 53
47 52
46 51
45 50
44 49
43 48
42 47
41 46
40 45
39 44
38 43
37 42
36 41
35 40
48 55
49 56
50 57
51 58
52 59
53 60
54 61
55 62
56 63
57 64
58 65
59 66
60 67
61 68
62 69
63 70
50 70
49 69
48 68
47 67
46 66
45 65
44 64
43 63
42 62
41 61
40 60
39 59
38 58
37 57
36 56
35 55
34 54
33 53
32 52
31 51
72 91
72 92
72 93
82 91
82 92
82 93
82 94
82 95
82 96
82 97
82 98
82 99
82 100
82 101
82 102
82 103
81 103
80 103
79 103
78 103
77 103
76 103
75 103
74 103
73 103
72 103
71 103
83 103
84 103
85 103
86 103
87 103
88 103
89 103
90 103
91 103
92 103
93 103
94 103
95 103
96 103
97 103
98 103
99 103
100 103
101 103
102 103
103 103
104 103
105 103
106 103
107 103
106 104
105 105
104 106
103 107
102 107
102 108
103 108
104 109
105 110
106 111
107 112
108 113
109 114
110 115
111 116
112 116
113 116
113 115
112 115
112 114
113 114
113 113
112 113
112 112
113 112
113 111
112 111
112 110
113 110
113 109
112 109
112 108
113 108
114 108
115 108
116 108
117 108
118 108
119 108
120 108
121 108
122 108
123 108
124 108
125 108
126 108
127 108
128 108
129 108
130 108
131 108
132 108
133 108
134 108
135 108
136 108
137 107
136 106
136 105
135 105
135 104
134 104
133 103
132 102
132 101
131 101
130 100
129 99
128 98
127 97
126 96
125 95
124 94
124 93
123 93
122 92
122 91
121 91
121 90
120 89
120 88
120 87
120 86
120 85
121 85
121 84
120 84
120 83
120 82
119 82
118 81
117 80
116 79
115 78
114 77
113 76
112 75
111 74
110 73
109 72
108 71
107 70
106 69
105 68
104 67
103 66
102 65
101 64
100 63
99 62
98 61
97 60
96 59
95 58
94 57
93 56
120 81
120 80
120 79
120 78
120 77
120 76
120 75
119 75
118 74
117 73
116 72
115 71
114 70
113 69
112 68
120 74
120 73
120 72
120 71
120 70
119 70
118 69
117 68
116 67
115 66
114 65
113 64
112 63
111 62
110 61
109 60
108 59
107 58
106 57
105 56
104 55
103 54
102 53
101 52
100 51
99 50
98 49
97 48
96 47
95 46
94 45
93 44
92 43
91 42
90 41
89 40
88 39
87 38
86 37
85 36
84 35
83 34
120 69
120 68
120 67
120 66
120 65
121 65
120 64
120 63
121 63
120 62
120 61
120 60
120 59
120 58
120 57
120 56
119 56
119 55
118 55
118 54
117 54
117 53
116 53
116 52
115 52
115 51
114 51
114 50
113 49
112 48
111 47
110 46
109 45
108 44
107 43
106 42
105 41
104 40
103 39
102 38
101 37
100 36
99 35
98 34
120 55
120 54
120 53
120 52
120 51
120 50
120 49
120 48
120 47
120 46
120 45
120 44
121 44
120 43
120 42
120 41
119 40
118 39
117 38
116 37
115 36
114 35
113 34
122 43
123 42
124 41
125 40
126 39
127 38
128 37
129 36
130 35
131 34
122 62
123 61
124 60
125 59
126 58
127 57
128 56
129 55
130 54
131 53
132 52
133 51
134 50
135 49
136 48
137 47
138 46
139 45
140 44
141 43
142 42
143 41
144 40
145 39
146 38
147 37
148 36
149 35
150 34
130 56
129 57
128 58
127 59
126 60
125 61
124 62
123 63
122 64
122 84
122 83
123 83
123 82
124 82
124 81
125 81
125 80
126 80
126 79
127 79
127 78
128 78
128 77
129 77
129 76
130 76
130 75
131 75
131 74
132 74
132 73
133 73
133 72
134 72
134 71
135 71
135 70
136 70
136 69
137 69
137 68
138 68
138 67
139 67
139 66
140 66
140 65
141 65
141 64
142 64
142 63
143 63
143 62
144 62
144 61
145 61
145 60
146 60
146 59
147 59
147 58
148 58
148 57
149 57
149 56
150 56
150 55
151 55
151 54
152 54
152 53
153 53
153 52
154 52
154 51
155 51
155 50
156 50
156 49
157 49
157 48
158 48
158 47
159 47
159 46
160 46
160 45
161 45
161 44
162 44
162 43
163 43
163 42
164 42
164 41
165 41
165 40
166 40
166 39
167 39
167 38
168 38
168 37
169 37
169 36
170 36
170 35
171 35
171 34
172 34
173 33
174 32
175 31
176 30
177 29
178 28
179 27
180 26
181 25
182 24
119 91
118 92
117 93
116 94
115 95
114 96
113 97
113 98
112 98
111 99
110 100
109 101
108 102
107 101
106 100
105 99
104 98
103 97
102 96
101 95
100 94
99 93
98 92
97 91
109 103
110 104
111 105
112 105
113 105
114 105
113 104
113 103
113 102
113 101
113 100
113 99
113 106
112 106
112 107
113 107
122 90
123 90
124 90
125 90
126 90
127 90
128 90
129 90
130 90
131 90
132 90
133 90
134 90
135 90
136 90
137 90
138 90
139 90
140 90
141 90
142 90
143 90
144 90
145 90
146 90
147 90
148 90
149 90
150 90
151 90
152 90
153 90
154 90
155 90
156 90
157 90
158 90
159 90
160 90
161 90
162 90
163 90
164 90
165 90
166 90
167 90
168 90
169 90
170 90
171 90
172 90
173 90
174 90
175 90
176 90
177 90
178 90
179 90
180 90
181 90
182 90
183 90
184 90
185 90
186 90
187 90
188 90
189 90
190 90
191 90
192 90
193 90
194 90
195 90
196 90
197 90
198 90
199 90
200 90
201 90
202 90
203 90
204 90
205 90
206 90
207 90
208 90
209 90
210 90
211 90
212 90
213 90
214 90
194 89
195 88
196 87
197 86
198 85
199 84
200 83
201 82
202 81
203 80
204 79
205 78
187 89
188 88
189 87
190 86
191 85
192 84
193 83
194 82
195 81
196 80
197 79
198 78
199 77
200 76
201 75
202 74
203 73
204 72
205 71
206 70
207 69
208 68
209 67
181 89
180 88
179 89
181 87
182 88
183 87
184 86
185 85
186 84
187 83
188 82
189 81
190 80
191 79
192 78
193 77
194 76
195 75
196 74
197 73
198 72
199 71
200 70
201 69
202 68
203 67
204 66
205 65
206 64
207 63
208 62
209 61
210 60
211 59
212 58
213 57
214 56
215 55
176 89
177 88
178 87
179 86
180 85
181 84
182 83
183 82
184 81
185 80
186 79
187 78
188 77
189 76
190 75
191 74
192 73
193 72
194 71
171 89
172 88
173 87
174 86
175 85
176 84
177 83
178 82
179 81
180 80
181 79
182 78
183 77
184 76
185 75
186 74
187 73
188 72
189 71
190 70
191 69
192 68
193 67
194 66
195 65
196 64
197 63
198 62
199 61
200 60
201 59
202 58
203 57
204 56
169 89
166 89
167 88
168 87
169 86
170 85
171 84
172 83
173 82
174 81
175 80
176 79
177 78
178 77
179 76
180 75
181 74
160 89
161 88
162 87
163 86
164 85
165 84
166 83
167 82
168 81
169 80
170 79
171 78
172 77
173 76
174 75
175 74
176 73
177 72
178 71
179 70
180 69
181 68
182 67
183 66
184 65
185 64
186 63
187 62
188 61
189 60
190 59
191 58
192 57
193 56
194 55
195 54
196 53
197 52
198 51
199 50
200 49
201 48
202 47
203 46
204 45
205 44
206 43
154 89
155 88
156 87
157 86
158 85
159 84
160 83
161 82
162 81
163 80
164 79
165 78
166 77
167 76
168 75
169 74
170 73
171 72
172 71
173 70
174 69
175 68
176 67
177 66
178 65
179 64
180 63
181 62
151 89
150 88
149 89
151 87
152 86
153 85
154 84
155 83
156 82
157 81
158 80
159 79
160 78
161 77
162 76
163 75
164 74
165 73
166 72
167 71
168 70
169 69
170 68
171 67
172 66
173 65
174 64
175 63
176 62
177 61
178 60
179 59
180 58
181 57
182 56
183 55
184 54
185 53
186 52
187 51
188 50
189 49
190 48
191 47
192 46
193 45
194 44
195 43
196 42
197 41
198 40
199 39
200 40
199 41
198 42
197 43
196 44
195 45
194 46
193 47
192 48
191 49
190 50
189 51
188 52
187 53
186 54
185 55
184 56
183 57
182 58
181 59
180 60
179 61
178 62
177 63
176 64
175 65
174 66
173 67
172 68
171 69
170 70
169 71
168 72
167 73
166 74
165 75
164 76
163 77
162 78
161 79
160 80
159 81
158 82
157 83
156 84
155 85
154 86
153 87
152 88
146 89
147 88
148 87
149 86
150 85
151 84
152 83
153 82
154 81
155 80
156 79
157 78
158 77
159 76
160 75
161 74
162 73
163 72
164 71
145 91
144 91
143 91
142 91
141 91
140 91
139 91
138 91
137 91
136 91
135 91
134 91
133 91
132 91
131 91
130 91
129 91
128 91
127 91
126 91
125 91
124 91
123 91
141 89
142 88
143 87
144 86
145 85
146 84
147 83
148 82
149 81
150 80
151 79
152 78
153 77
154 76
155 75
156 74
157 73
158 72
159 71
160 70
161 69
162 68
163 67
164 66
165 65
166 64
167 63
168 62
169 61
170 60
171 59
172 58
173 57
174 56
175 55
176 54
177 53
178 52
179 51
180 50
181 49
182 48
183 47
184 46
185 45
186 44
187 43
188 42
135 89
134 88
133 89
135 87
136 86
137 85
138 84
139 83
140 82
141 81
142 80
143 79
144 78
145 77
146 76
147 75
148 74
149 73
150 72
151 71
152 70
153 69
154 68
155 67
156 66
157 65
158 64
159 63
160 62
161 61
162 60
163 59
164 58
165 57
166 56
167 55
168 54
169 53
170 52
171 51
172 50
173 49
174 48
147 77
146 78
145 79
144 80
143 81
142 82
141 83
140 84
139 85
138 86
137 87
136 88
130 89
131 88
132 87
133 86
134 85
135 84
136 83
137 82
138 81
139 80
140 79
141 78
142 77
143 76
144 75
145 74
146 73
147 72
148 71
149 70
150 69
151 68
152 67
153 66
154 65
155 64
156 63
157 62
158 61
159 60
160 59
161 58
162 57
163 56
164 55
165 54
166 53
167 52
168 51
169 50
170 49
171 48
172 47
173 46
174 45
175 44
176 43
177 42
178 41
179 40
180 39
181 38
182 37
183 36
184 35
185 34
186 33
187 32
127 89
128 88
129 87
130 86
131 85
132 84
133 83
134 82
135 81
136 80
137 79
138 78
139 77
140 76
141 75
142 74
143 73
144 72
145 71
146 70
147 69
148 68
149 67
150 66
151 65
152 64
153 63
154 62
155 61
156 60
157 59
158 58
159 57
160 56
161 55
162 54
163 53
164 52
165 51
166 50
167 49
168 48
169 47
170 46
171 45
172 44
173 43
174 42
175 41
176 40
177 39
178 38
179 37
180 36
181 35
182 34
183 33
184 32
185 31
123 89
124 88
125 87
126 86
127 85
128 84
129 83
130 82
131 81
132 80
133 79
134 78
135 77
136 76
137 75
138 74
139 73
140 72
141 71
142 70
143 69
144 68
145 67
146 66
147 65
148 64
149 63
150 62
151 61
152 60
153 59
154 58
155 57
156 56
157 55
158 54
159 53
160 52
161 51
162 50
163 49
164 48
165 47
166 46
167 45
168 44
169 43
170 42
171 41
172 40
173 39
174 38
175 37
176 36
177 35
178 34
179 33
180 32
181 31
182 30
183 29
125 93
126 93
127 93
128 93
129 93
130 93
131 93
132 93
133 93
134 93
135 93
136 93
137 93
138 93
139 93
140 93
141 93
142 93
143 93
144 93
145 93
146 93
147 93
148 93
149 93
150 93
151 93
152 93
153 93
154 93
155 93
156 93
157 93
133 101
134 101
135 101
136 101
137 101
138 101
139 101
140 101
141 101
142 101
143 101
144 101
145 101
146 101
147 101
148 101
149 101
150 101
151 101
152 101
153 101
154 101
155 101
156 101
157 101
158 101
159 101
160 101
161 101
162 101
163 101
164 101
165 101
166 101
167 101
168 101
169 101
170 101
171 101
172 101
173 101
174 101
175 101
176 101
177 101
178 101
179 101
180 101
181 101
182 101
183 101
184 101
185 101
186 101
187 101
188 101
189 101
190 101
191 101
192 101
193 101
194 101
195 101
196 101
197 101
198 101
199 101
200 101
201 101
202 101
203 101
204 101
205 101
136 104
137 104
138 104
139 104
140 104
141 104
142 104
143 104
144 104
145 104
146 104
147 104
147 105
146 105
145 105
144 105
143 105
142 105
141 105
140 105
139 105
138 105
137 105
148 105
149 105
150 105
151 105
152 105
153 105
154 105
155 105
156 105
157 105
158 105
138 108
139 109
140 110
141 111
142 112
143 112
144 112
145 112
146 112
147 112
148 112
149 112
150 112
151 112
152 112
153 112
154 112
155 112
156 112
157 112
158 112
159 112
160 112
161 112
162 112
163 112
164 112
165 112
166 112
167 112
168 112
169 112
170 112
171 112
172 112
173 112
174 112
175 112
176 112
177 112
178 112
179 112
180 112
181 112
182 112
183 112
184 112
185 112
186 112
187 112
188 112
189 112
190 112
191 112
192 112
193 112
194 112
195 112
196 112
197 112
198 112
199 112
200 112
143 113
144 114
145 114
146 114
147 114
148 114
149 114
150 114
151 114
152 114
153 114
154 114
155 114
156 114
157 114
158 114
159 114
160 114
161 114
162 114
163 114
164 114
165 114
166 114
167 114
168 114
169 114
170 114
171 114
172 114
173 114
174 114
175 114
176 114
177 114
178 114
179 114
180 114
181 114
181 115
180 115
179 115
178 115
177 115
176 115
175 115
174 115
173 115
172 115
171 115
170 115
169 115
168 115
167 115
166 115
165 115
164 115
163 115
162 115
161 115
160 115
159 115
158 115
157 115
156 115
155 115
154 115
153 115
152 115
151 115
150 115
149 115
148 115
147 115
146 115
145 115
146 116
147 117
148 118
149 119
150 120
151 121
152 121
153 121
152 122
153 123
154 123
155 123
156 123
157 123
158 123
159 123
160 123
161 123
162 123
163 123
164 123
165 123
166 123
167 123
168 123
169 123
170 123
171 123
172 123
173 123
174 123
175 123
176 123
177 123
178 123
179 123
180 123
181 123
182 123
183 123
184 123
185 123
186 123
187 123
188 123
189 123
190 123
191 123
192 123
193 123
194 123
195 123
196 123
197 123
198 123
199 123
200 123
201 123
202 123
203 123
204 123
154 124
155 125
156 126
157 126
158 126
159 126
160 126
161 126
162 126
163 126
164 126
165 126
157 127
158 128
159 129
160 130
161 131
162 131
163 131
164 131
165 131
166 131
167 131
168 131
169 131
170 131
171 131
172 131
173 131
174 131
175 131
176 131
177 131
178 131
179 131
180 131
181 131
182 131
183 131
184 131
185 131
186 131
187 131
188 131
189 131
190 131
191 131
192 131
193 131
194 131
195 131
196 131
197 131
198 131
199 131
200 131
201 131
202 131
203 131
204 131
205 131
206 131
207 131
208 131
209 131
210 131
211 131
212 131
213 131
214 131
215 131
162 132
163 133
164 134
165 135
166 135
167 135
168 135
169 135
170 135
171 135
172 135
173 135
174 135
175 135
176 135
177 135
178 135
179 135
180 135
181 135
182 135
183 135
184 135
185 135
186 135
187 135
188 135
189 135
190 135
191 135
192 135
193 135
194 135
195 135
196 135
197 135
166 136
167 137
168 138
169 139
170 139
171 139
172 139
173 139
174 139
175 139
176 139
177 139
178 139
179 139
180 139
181 139
182 139
183 139
184 139
185 139
186 139
187 139
188 139
189 139
190 139
191 139
192 139
193 139
194 139
195 139
192 140
191 140
190 140
189 140
188 140
187 140
186 140
185 140
184 140
183 140
182 140
181 140
180 140
179 140
178 140
177 140
176 140
175 140
174 140
173 140
172 140
171 140
170 140
171 141
172 142
173 143
174 144
175 145
176 146
177 146
178 146
179 146
180 146
181 146
182 146
183 146
184 146
185 146
186 146
185 147
184 147
183 147
182 147
181 147
180 147
179 147
178 147
177 147
182 115
183 115
184 115
185 115
186 115
187 115
188 115
189 115
190 115
191 115
192 115
193 115
194 115
195 115
196 115
197 115
198 115
199 115
200 115
201 115
202 115
203 115
204 115
205 115
206 115
207 115
208 115
209 115
210 115
211 115
212 115
213 115
214 115
215 115
115 109
116 110
117 111
118 112
119 113
120 114
121 115
122 116
123 117
124 118
125 119
126 120
127 121
127 122
128 122
127 123
127 124
127 125
127 126
127 127
127 128
127 129
127 130
127 131
126 131
125 130
124 129
123 128
122 127
121 126
120 125
119 124
118 123
117 122
116 121
115 120
114 119
113 119
112 119
112 118
113 118
113 117
112 117
112 120
113 120
113 121
112 121
112 122
113 122
113 123
113 124
113 125
113 126
113 127
113 128
113 129
113 130
113 131
113 132
113 133
113 134
113 135
113 136
113 137
113 138
113 139
113 140
113 141
113 142
113 143
127 132
127 133
128 133
127 134
127 135
127 136
127 137
127 138
127 139
127 140
127 141
127 142
127 143
127 144
129 134
130 135
131 136
132 137
133 138
134 139
135 140
136 141
137 142
138 143
139 143
140 143
141 143
141 142
141 141
141 140
141 139
141 138
141 137
141 136
142 136
141 135
140 134
139 133
139 132
138 132
137 131
136 130
135 129
134 128
134 127
133 127
132 126
131 125
130 124
129 123
140 132
141 132
142 132
143 132
144 132
145 132
146 132
147 132
148 132
149 132
150 132
143 137
144 138
145 139
146 140
147 141
148 142
149 143
150 143
151 143
152 143
153 143
154 143
155 143
156 143
157 143
158 143
159 143
160 143
161 143
162 143
150 144
151 145
152 146
153 147
154 148
155 149
156 149
157 149
158 149
159 149
160 149
161 149
162 149
163 149
164 149
165 149
166 149
167 149
168 149
169 149
170 149
171 149
172 149
173 149
174 149
175 149
176 149
177 149
178 149
101 109
100 109
99 109
98 109
97 109
96 109
95 109
94 109
93 109
92 109
91 109
90 109
89 109
88 109
87 109
86 109
85 109
84 109
83 109
82 109
81 109
80 109
79 109
78 109
77 109
76 109
75 109
74 109
73 109
72 109
71 109
70 109
69 109
68 109
67 109
66 109
65 109
64 109
63 109
62 109
61 109
60 109
59 109
58 109
57 109
56 109
55 109
54 109
53 109
52 109
51 109
50 109
49 109
48 109
47 109
46 109
45 109
44 109
43 109
42 109
41 109
40 109
39 109
38 109
37 109
36 109
35 109
34 109
33 109
93 108
93 107
93 106
93 105
93 104
100 110
99 111
98 112
97 113
96 114
95 115
94 116
93 116
92 116
91 116
90 116
89 116
88 116
87 116
86 116
85 116
84 116
83 116
82 116
81 116
80 116
79 116
78 116
77 116
76 116
75 116
74 116
73 116
72 116
71 116
70 116
69 116
68 116
67 116
66 116
65 116
64 116
63 116
75 117
76 117
77 117
78 117
79 117
80 117
81 117
82 117
83 117
84 117
85 117
86 117
87 117
88 117
89 117
90 117
91 117
92 117
93 117
94 117
94 118
93 118
92 118
91 119
90 120
89 121
88 122
87 123
86 124
85 125
84 126
83 127
82 128
81 128
80 128
79 128
78 128
77 128
76 128
75 128
74 128
73 128
72 128
71 128
70 128
69 128
68 128
67 128
66 128
65 128
64 128
63 128
62 128
61 128
60 128
59 128
58 128
57 128
56 128
55 128
54 128
53 128
52 128
51 128
50 128
49 128
48 128
47 128
46 128
45 128
44 128
43 128
42 128
41 128
40 128
39 128
38 128
37 128
36 128
35 128
34 128
33 128
32 128
31 128
30 128
48 129
49 129
50 129
51 129
52 129
53 129
54 129
55 129
56 129
57 129
58 129
59 129
60 129
61 129
62 129
63 129
64 129
65 129
66 129
67 129
68 129
69 129
70 129
71 129
72 129
73 129
74 129
75 129
76 129
77 129
78 129
79 129
80 129
81 129
82 129
82 130
82 131
80 130
79 131
78 132
77 133
76 134
75 135
75 136
74 136
73 136
72 136
71 136
70 136
69 136
68 136
67 136
66 136
65 136
64 136
63 136
62 136
61 136
60 136
59 136
58 136
57 136
56 136
55 136
54 136
53 136
52 136
51 136
50 136
49 136
48 136
47 136
46 136
45 136
44 136
43 136
42 136
41 136
40 136
39 136
38 136
37 136
36 136
35 136
36 137
37 137
38 137
39 137
40 137
41 137
42 137
43 137
44 137
45 137
46 137
47 137
48 137
49 137
50 137
51 137
52 137
53 137
54 137
55 137
56 137
57 137
58 137
59 137
60 137
61 137
62 137
63 137
64 137
65 137
66 137
67 137
68 137
69 137
70 137
71 137
72 137
73 137
72 138
71 139
70 140
69 140
68 140
67 140
66 140
65 140
64 140
63 140
62 140
61 140
60 140
59 140
58 140
57 140
56 140
55 140
54 140
53 140
52 140
51 140
50 140
49 140
48 140
47 140
46 140
45 140
46 141
47 141
48 141
49 141
50 141
51 141
52 141
53 141
54 141
55 141
56 141
57 141
58 141
59 141
60 141
61 141
62 141
63 141
64 141
65 141
66 141
67 141
68 141
69 141
68 142
67 142
66 142
65 142
64 142
63 142
62 142
61 142
60 142
59 142
58 142
57 142
56 142
55 142
54 142
53 142
52 142
51 142
50 142
49 142
48 142
49 143
50 143
51 143
52 143
53 143
54 143
55 143
56 143
57 143
58 143
59 143
60 143
61 143
62 143
63 143
64 143
65 143
66 143
67 143
66 144
65 144
64 144
63 144
62 144
61 144
60 144
59 144
58 144
57 144
56 144
55 144
54 144
53 144
52 144
51 144
50 144
58 145
59 145
60 145
61 145
62 145
63 145
64 145
65 145
75 137
75 138
75 139
75 140
75 141
75 142
75 143
93 119
94 119
94 120
93 120
93 121
94 121
94 122
93 122
93 123
94 123
94 124
93 124
93 125
94 125
94 126
93 126
93 127
94 127
94 128
93 128
93 129
94 129
94 130
94 131
94 132
94 133
94 134
94 135
94 136
94 137
94 138
94 139
94 140
94 141
94 142
94 143
94 144
101 106
100 105
99 104
97 102
96 101
95 100
94 99
93 99
93 98
93 97
92 97
91 96
90 95
89 94
88 93
87 92
86 91
93 96
93 95
93 94
93 93
93 92
93 91
93 100
93 101
93 102
108
30 90
51 89
33 72
63 73
51 72
77 71
46 40
48 35
71 54
50 34
51 32
62 34
82 53
95 74
93 86
112 89
35 40
48 55
31 51
72 93
82 102
71 103
136 108
93 56
112 68
83 34
114 51
98 34
113 34
131 34
150 34
130 56
131 74
149 56
171 34
182 24
114 105
201 90
214 90
205 78
209 67
181 87
215 55
194 71
204 56
169 89
181 74
206 43
181 62
199 39
200 40
164 71
145 91
188 42
174 48
147 77
133 86
167 52
187 32
185 31
183 29
157 93
181 101
194 101
205 101
147 104
158 105
200 112
181 114
153 121
204 123
165 126
215 131
181 135
197 135
195 139
192 140
186 146
185 147
215 115
112 122
113 143
127 144
141 143
134 127
150 132
162 143
178 149
51 109
33 109
93 108
63 116
75 117
30 128
48 129
71 129
82 131
35 136
36 137
45 140
46 141
48 142
49 143
50 144
58 145
75 143
93 129
94 144
