1108
121 90
120 89
120 88
120 87
120 86
120 85
120 84
120 83
120 82
120 81
120 80
120 79
120 78
120 77
119 76
118 75
117 74
116 73
115 74
114 75
113 76
112 76
111 76
110 76
109 76
108 76
107 76
106 76
105 76
104 76
103 76
102 76
101 76
100 76
99 76
98 76
97 76
96 76
95 76
94 76
93 76
92 76
91 75
90 74
89 73
88 72
87 71
87 70
87 69
87 68
87 67
87 66
87 65
87 64
87 63
87 62
88 61
89 60
90 59
91 58
92 57
92 56
91 56
90 56
89 56
88 56
87 56
86 55
85 54
84 53
83 52
82 51
82 50
82 49
82 48
82 47
82 46
82 45
82 44
83 44
84 43
85 42
86 41
87 40
88 39
89 38
90 37
91 36
92 35
93 34
81 43
80 42
79 41
78 40
77 39
76 38
75 37
74 36
73 35
72 34
71 34
70 34
69 34
68 34
67 34
66 34
65 33
64 32
63 31
62 30
61 29
60 28
59 27
58 26
57 25
56 24
55 25
55 26
55 27
55 28
55 29
55 30
55 31
55 32
55 33
55 34
55 35
54 36
53 37
52 38
51 38
50 38
49 38
48 38
47 38
46 38
45 39
44 40
43 40
42 40
41 40
40 40
39 40
38 40
37 40
36 40
35 40
34 41
33 42
32 43
32 44
32 45
32 46
32 47
32 48
32 49
32 50
31 51
30 52
29 53
28 54
28 55
28 56
28 57
28 58
28 59
28 60
28 61
28 62
47 39
48 40
48 41
48 42
48 43
48 44
48 45
48 46
48 47
48 48
48 49
81 52
80 53
79 54
78 55
77 56
76 56
75 56
74 56
73 56
72 56
71 56
70 57
69 58
69 59
69 60
69 61
69 62
69 63
69 64
69 65
69 66
69 67
69 68
69 69
69 70
69 71
93 56
101 77
100 78
99 79
98 80
97 81
96 82
95 83
95 84
95 85
95 86
95 87
95 88
95 89
95 90
95 91
95 92
95 93
94 94
94 95
94 96
94 97
94 98
94 99
94 100
94 101
94 102
94 103
94 104
94 105
94 106
94 107
94 108
93 109
93 110
93 111
93 112
93 113
93 114
93 115
93 116
93 117
93 118
93 119
93 120
93 121
93 122
93 123
92 124
91 125
90 126
89 127
88 128
87 128
86 128
85 128
84 128
83 128
82 128
81 128
80 128
79 128
78 128
77 128
76 128
75 127
74 126
73 125
72 124
71 123
71 122
71 121
71 120
71 119
71 118
71 117
71 116
71 115
71 114
71 113
71 112
71 111
71 110
72 109
72 108
71 108
70 108
69 108
68 108
67 108
66 108
65 108
64 108
63 108
62 108
61 108
60 108
59 108
58 108
57 108
56 108
55 108
54 108
53 108
52 108
51 108
50 107
49 107
48 107
47 107
46 107
45 107
44 107
43 107
42 107
41 107
40 107
39 107
38 107
37 107
36 107
35 107
34 107
33 107
32 106
31 105
30 104
73 108
73 107
73 106
73 105
73 104
73 103
73 102
73 101
73 100
73 99
73 98
73 97
73 96
73 95
73 94
73 93
72 93
71 93
70 93
69 93
68 93
67 93
66 93
65 93
64 93
63 93
62 92
61 92
60 92
59 92
58 92
57 92
56 91
55 90
54 89
53 88
52 87
51 86
51 85
51 84
51 83
51 82
51 81
51 80
51 79
51 78
51 77
51 76
51 75
51 74
51 73
50 72
49 71
48 70
47 71
46 72
45 73
44 74
43 75
42 76
41 77
40 78
39 79
38 80
37 81
36 82
35 83
34 83
33 83
32 83
31 83
30 83
29 83
74 93
81 129
80 130
79 131
78 132
77 133
76 134
75 135
74 136
73 137
72 138
72 139
72 140
72 141
72 142
72 143
72 144
72 145
71 145
70 145
69 145
68 145
67 145
66 145
65 145
64 145
63 145
62 145
61 145
60 145
59 145
58 145
57 144
56 143
55 143
54 143
53 143
52 143
51 142
50 141
49 140
48 139
47 139
46 139
45 139
44 139
43 139
42 139
41 139
40 139
39 139
38 138
37 137
36 136
36 135
36 134
36 133
36 132
36 131
36 130
36 129
36 128
35 127
34 126
33 125
48 138
48 137
48 136
48 135
48 134
48 133
48 132
48 131
48 130
48 129
48 128
83 129
84 130
85 131
86 132
87 133
88 134
89 135
90 136
91 137
92 138
93 139
93 140
93 141
93 142
93 143
93 144
93 145
119 91
118 92
117 93
116 93
115 94
114 95
113 96
113 97
113 98
113 99
113 100
113 101
113 102
113 103
113 104
113 105
113 106
113 107
113 108
113 109
114 110
114 111
114 112
114 113
114 114
114 115
114 116
114 117
114 118
114 119
114 120
114 121
114 122
115 123
116 124
117 125
118 126
119 127
120 127
121 127
122 127
123 127
124 127
125 127
126 127
127 127
128 127
129 127
128 128
127 129
126 130
125 131
124 132
123 133
122 134
121 135
120 136
119 137
118 138
117 139
116 140
115 141
114 142
114 143
130 128
131 129
132 130
133 131
134 132
135 133
135 134
135 135
135 136
135 137
135 138
135 139
135 140
135 141
135 142
135 143
135 144
135 145
122 90
123 90
124 90
125 90
126 90
127 90
128 90
129 90
130 90
131 90
132 90
133 90
134 89
135 88
136 87
137 86
138 86
139 86
140 86
141 86
142 86
143 86
144 86
145 86
146 86
147 86
148 86
149 86
149 85
149 84
149 83
149 82
149 81
149 80
149 79
150 78
151 77
152 76
153 75
154 74
155 73
156 72
157 71
157 70
157 69
157 68
157 67
157 66
157 65
157 64
157 63
157 62
157 61
157 60
157 59
157 58
157 57
158 56
158 72
159 73
160 74
161 75
162 76
163 77
164 77
165 77
166 77
167 77
168 77
169 77
170 77
171 77
172 76
173 75
174 74
175 73
176 72
177 71
178 70
179 69
180 68
181 67
182 67
183 67
184 67
185 67
186 67
187 67
188 67
189 66
190 65
191 64
192 63
193 62
194 61
195 61
196 61
195 62
196 63
197 64
198 65
199 66
200 67
201 68
202 69
203 70
204 71
204 72
204 73
205 73
206 73
207 73
208 73
209 73
210 73
211 73
212 73
213 73
214 73
215 73
197 60
198 59
199 58
200 57
201 56
202 55
203 54
204 53
204 52
203 52
202 52
201 52
200 52
199 52
198 51
197 50
196 49
195 48
194 47
194 46
194 45
194 44
194 43
194 42
194 41
194 40
194 39
194 38
193 37
192 36
191 36
190 36
189 36
188 35
187 35
186 35
185 35
184 35
183 35
182 35
181 35
180 35
179 35
178 35
177 34
176 34
175 34
174 34
173 34
172 34
171 34
170 34
169 34
168 34
167 34
166 34
165 34
164 34
163 34
162 34
161 34
160 34
159 34
158 34
157 34
156 34
191 37
190 38
189 39
188 40
187 41
186 42
185 43
184 44
183 45
182 46
181 46
205 52
205 51
205 50
205 49
205 48
205 47
205 46
205 45
205 44
205 43
206 42
207 41
169 78
170 79
171 80
172 81
173 82
174 83
175 84
176 85
177 86
178 87
179 88
180 88
181 88
182 89
183 90
184 91
185 92
186 93
187 94
188 94
189 94
190 94
191 94
192 94
193 94
194 94
195 94
196 94
197 94
198 94
199 94
200 94
201 94
202 94
203 94
204 94
205 94
194 95
194 96
194 97
194 98
194 99
194 100
194 101
194 102
194 103
194 104
194 105
194 106
193 107
192 108
191 109
190 109
189 109
188 109
187 109
186 109
185 109
184 109
183 109
182 109
181 109
195 107
196 108
197 109
198 110
199 111
200 112
201 113
202 114
203 115
204 115
205 115
204 116
203 117
202 118
202 119
202 120
202 121
202 122
202 123
202 124
202 125
202 126
202 127
201 128
200 129
199 130
198 131
197 132
196 133
195 134
194 135
193 136
192 137
192 138
191 138
190 138
189 138
188 137
187 136
186 135
185 134
184 133
183 132
182 131
181 130
191 139
190 140
189 141
189 142
188 143
187 144
186 144
185 144
184 144
183 144
182 144
181 144
180 144
179 144
178 144
177 144
203 128
204 129
205 130
206 131
207 132
208 133
209 134
210 135
211 135
212 135
213 135
214 135
215 135
150 87
151 88
152 89
153 90
154 91
155 92
156 93
157 93
158 93
159 93
160 93
159 94
158 95
157 96
156 97
155 98
154 99
153 100
152 101
151 102
150 103
149 104
148 104
147 104
146 105
145 106
144 107
143 108
142 108
141 108
140 108
139 108
138 108
137 108
136 108
148 105
149 106
150 107
151 108
152 108
153 108
154 108
155 108
156 108
157 108
158 108
157 109
156 110
155 111
154 112
153 113
152 114
151 115
150 116
149 117
148 118
148 119
148 120
148 121
148 122
148 123
149 124
150 125
151 126
152 126
153 126
154 126
155 126
156 126
157 126
158 126
159 126
160 126
161 126
162 126
163 126
164 126
163 127
162 128
161 129
160 130
159 131
158 132
157 133
156 134
156 135
156 136
156 137
156 138
156 139
156 140
156 141
156 142
156 143
156 144
156 145
137 85
137 84
137 83
137 82
137 81
137 80
137 79
137 78
137 77
137 76
137 75
137 74
137 73
137 72
136 71
136 70
136 69
136 68
136 67
136 66
136 65
136 64
136 63
136 62
136 61
136 60
136 59
136 58
136 57
136 56
135 56
134 56
133 56
132 56
131 56
130 56
129 56
128 56
127 55
126 54
126 53
126 52
126 51
126 50
126 49
126 48
126 47
126 46
126 45
125 45
124 44
123 43
122 42
121 41
120 40
119 39
118 38
117 37
116 36
115 35
114 34
126 44
126 43
127 42
128 41
129 40
130 39
131 38
132 37
133 36
134 35
135 34
125 55
124 55
123 55
122 55
121 55
120 55
119 55
118 55
117 55
116 55
115 55
114 55
113 55
137 56
85
116 73
102 76
87 71
82 51
93 34
72 34
56 24
55 35
46 38
35 40
32 50
28 62
48 49
71 56
69 71
93 56
95 93
94 108
93 123
82 128
71 123
62 108
50 107
30 104
73 108
62 92
51 86
48 70
29 83
74 93
72 145
56 143
48 139
36 136
33 125
48 128
93 145
116 93
113 109
114 122
129 127
114 143
135 145
137 86
149 86
157 71
158 56
168 77
181 67
194 61
204 73
215 73
194 47
192 36
188 35
177 34
156 34
181 46
205 52
207 41
181 88
194 94
205 94
194 106
181 109
205 115
202 127
192 138
181 130
189 142
177 144
215 135
160 93
147 104
136 108
158 108
148 123
164 126
156 145
136 71
126 54
114 34
135 34
113 55
137 56
