2974
119 90
118 90
117 90
116 90
115 90
114 90
113 90
112 90
111 90
110 90
109 90
108 90
107 90
106 90
105 90
104 90
103 90
102 90
101 90
100 90
99 90
98 90
97 90
96 90
95 90
94 90
93 90
92 90
91 90
90 90
89 90
88 90
87 90
86 90
85 90
84 90
83 90
82 90
81 90
80 90
79 90
78 90
77 90
76 90
75 90
74 90
73 90
72 90
71 90
70 90
69 90
68 90
67 90
66 90
65 90
64 90
63 90
62 90
61 90
60 90
59 90
58 90
57 90
56 90
55 90
54 90
53 90
52 90
51 90
50 90
49 90
48 90
47 90
46 90
45 90
44 90
43 90
42 90
41 90
40 90
39 90
38 90
37 90
36 90
35 90
34 90
33 90
32 89
31 88
30 87
43 89
42 88
41 87
40 86
39 85
38 84
37 83
36 82
35 81
34 80
33 79
32 78
31 77
30 76
51 89
54 89
53 88
52 87
51 86
50 85
49 84
48 83
47 82
46 81
45 80
44 79
43 78
42 77
41 76
40 75
39 74
38 73
37 72
36 71
35 70
34 69
33 68
32 67
31 66
30 65
82 89
82 88
82 87
82 86
82 85
82 84
82 83
83 83
82 82
82 81
81 81
81 80
80 80
79 79
78 78
77 77
76 76
75 75
74 74
73 73
72 72
71 72
71 71
70 70
69 70
69 69
69 68
68 68
67 68
66 68
65 68
64 68
63 68
62 68
61 68
60 68
59 68
58 68
57 68
56 68
55 68
54 68
53 68
52 68
51 68
50 68
49 68
48 68
67 67
66 66
65 65
64 64
63 63
62 62
61 61
60 60
59 59
58 58
57 57
57 56
56 56
55 55
54 54
53 53
52 52
51 51
50 50
49 49
48 48
47 48
46 48
45 48
44 48
43 48
42 48
41 48
40 48
39 48
38 48
37 48
36 48
35 48
34 48
33 48
32 48
31 48
30 48
39 47
38 46
37 45
36 44
35 43
34 42
33 41
44 47
43 46
42 45
41 44
40 43
39 42
38 41
37 40
48 47
48 46
48 45
48 44
48 43
48 42
48 41
48 40
48 39
47 39
46 38
45 37
46 36
47 37
48 37
48 36
48 35
49 34
48 38
58 56
59 56
60 56
61 56
62 56
63 56
64 56
65 56
66 56
67 56
68 56
69 56
70 56
71 56
70 68
71 68
72 68
73 68
74 68
75 68
76 68
77 68
78 68
79 68
80 68
81 68
82 68
83 68
84 68
85 68
86 68
87 68
88 68
88 67
88 66
87 65
86 64
85 63
84 62
83 61
82 60
81 59
80 58
79 57
78 56
77 55
76 54
75 53
74 52
73 51
72 50
71 49
70 48
69 47
68 46
67 45
66 44
65 43
64 42
63 41
62 40
61 39
60 38
59 37
58 36
57 35
56 34
55 33
87 69
86 70
85 71
84 72
83 73
82 74
82 75
82 76
82 77
82 78
82 79
82 80
83 80
84 80
85 80
86 80
89 69
90 70
91 71
92 72
93 73
94 74
95 74
96 74
97 74
98 74
99 74
100 74
101 74
102 74
103 74
104 73
103 72
102 71
101 70
100 69
99 68
98 67
97 66
96 65
95 64
94 63
93 62
92 61
91 60
90 59
89 58
88 57
87 56
86 55
85 54
84 53
83 52
82 51
105 74
106 75
107 76
108 77
109 78
110 79
111 80
112 81
113 82
114 83
115 84
116 85
117 86
118 87
119 88
120 88
120 87
120 86
121 86
120 85
120 84
120 83
119 83
118 82
117 81
116 80
115 79
114 78
113 77
112 76
111 75
110 74
109 73
108 72
107 71
106 70
105 69
104 68
103 67
102 66
101 65
100 64
99 63
98 62
97 61
96 60
95 59
94 58
93 57
92 56
91 55
90 54
89 53
88 52
87 51
86 50
85 49
84 48
83 47
82 46
81 45
80 44
79 43
78 42
77 41
76 40
75 39
74 38
73 37
72 36
71 35
70 34
101 63
102 64
103 65
104 66
105 67
106 68
107 69
108 70
109 71
110 72
111 73
112 74
113 75
114 76
115 77
116 78
117 79
118 80
119 81
120 81
120 80
120 79
121 79
121 78
120 78
119 78
118 77
117 76
116 75
115 74
114 73
113 72
112 71
111 70
110 69
109 68
108 67
107 66
106 65
105 64
104 63
103 62
102 61
101 60
100 59
99 58
98 57
97 56
96 55
95 54
94 53
93 52
120 77
120 76
120 75
120 74
120 73
120 72
120 71
119 71
119 70
118 70
118 69
117 69
117 68
116 68
116 67
115 67
115 66
114 66
114 65
113 65
113 64
112 64
112 63
111 63
110 62
109 61
108 60
107 59
106 58
105 57
104 56
103 55
102 54
101 53
100 52
99 51
98 50
97 49
96 48
95 47
94 46
93 45
92 44
91 43
90 42
89 41
88 40
87 39
86 38
85 37
84 36
83 35
82 34
120 70
120 69
120 68
121 68
120 67
120 66
120 65
120 64
120 63
120 62
121 62
120 61
120 60
120 59
119 59
118 58
117 57
116 56
115 55
114 54
113 53
112 52
111 51
110 50
109 49
108 48
107 47
106 46
105 45
104 44
103 43
102 42
101 41
100 40
99 39
98 38
97 37
96 36
95 35
94 34
120 58
120 57
120 56
120 55
120 54
120 53
119 53
118 52
117 51
116 50
115 49
114 48
120 52
120 51
120 50
120 49
120 48
120 47
121 47
120 46
120 45
120 44
120 43
120 42
120 41
120 40
119 39
118 38
117 37
116 36
115 35
114 34
122 46
123 45
124 44
125 43
126 42
127 41
128 40
129 39
130 38
131 37
132 36
133 35
134 34
122 61
123 60
124 59
125 58
126 57
127 56
128 55
129 54
130 53
131 52
132 51
133 50
134 49
135 48
136 47
137 46
138 45
139 44
140 43
141 42
142 41
143 40
144 39
145 38
146 37
147 36
148 35
149 34
122 67
123 66
124 65
125 64
126 63
127 62
128 61
129 60
130 59
131 58
132 57
133 56
134 55
135 54
136 53
122 78
122 77
123 77
123 76
124 76
124 75
125 75
125 74
126 74
126 73
127 73
127 72
128 72
128 71
129 71
129 70
130 70
130 69
131 69
131 68
132 68
132 67
133 67
133 66
134 66
134 65
135 65
135 64
136 64
136 63
137 63
137 62
138 62
138 61
139 61
139 60
140 60
140 59
141 59
141 58
142 58
142 57
143 57
143 56
144 56
144 55
145 55
145 54
146 54
146 53
147 53
147 52
148 52
148 51
149 51
149 50
150 50
150 49
151 49
151 48
152 47
153 46
154 45
155 44
156 43
157 42
158 41
159 40
160 39
161 38
162 37
163 36
164 35
165 34
120 82
122 85
123 84
124 83
125 82
126 81
127 80
128 79
129 78
130 77
131 76
132 75
133 74
134 73
135 72
136 71
120 89
121 90
119 91
118 92
117 93
116 94
115 95
114 94
113 93
112 92
111 91
114 96
113 97
113 98
112 98
111 98
110 98
109 98
108 98
107 98
106 98
105 98
104 98
103 98
102 98
101 98
100 98
99 98
98 98
97 98
96 98
95 98
94 98
93 98
92 98
91 98
90 98
89 98
88 98
87 98
86 98
85 98
84 98
83 98
82 98
81 98
80 98
79 98
78 98
77 98
76 98
75 98
74 98
73 98
72 98
71 98
70 98
69 98
68 98
67 98
66 98
65 98
64 98
63 98
62 98
61 98
60 98
59 98
58 98
57 98
56 98
55 98
54 98
53 98
52 98
51 98
50 98
49 98
48 98
47 98
46 98
45 98
44 98
43 98
42 98
41 98
40 98
39 98
38 98
37 98
36 98
35 98
34 98
33 98
32 98
31 98
30 98
82 97
82 96
82 95
82 94
82 93
82 92
82 91
82 99
82 100
82 101
81 101
80 101
79 101
78 101
77 101
76 101
75 101
74 101
73 101
72 101
71 101
82 102
82 103
83 101
84 101
85 101
86 101
87 101
88 101
89 101
90 101
91 101
92 101
93 101
94 101
95 101
96 101
97 101
98 101
99 101
100 101
101 101
102 101
103 101
104 101
105 101
106 101
107 101
108 101
109 101
109 102
108 102
107 102
106 102
105 102
104 102
103 102
102 102
101 102
101 103
101 104
101 105
101 106
101 107
101 108
102 108
101 109
100 109
99 109
98 109
97 109
96 109
95 109
94 109
93 109
92 109
91 109
90 109
89 109
88 109
87 109
86 109
85 109
84 109
83 109
82 109
81 109
80 109
79 109
78 109
77 109
76 109
75 109
74 109
73 109
72 109
71 109
70 109
69 109
68 109
67 109
66 109
65 109
64 109
63 109
62 109
61 109
60 109
59 109
58 109
57 109
56 109
55 109
54 109
53 109
52 109
51 109
50 109
49 109
48 109
47 109
46 109
45 109
44 109
43 109
42 109
41 109
40 109
39 109
38 109
37 109
36 109
35 109
34 109
33 109
100 110
101 110
101 111
101 112
101 113
101 114
101 115
101 116
101 117
101 118
101 119
101 120
101 121
101 122
101 123
101 124
101 125
99 111
98 112
97 112
96 112
95 112
94 112
93 112
92 112
91 112
90 112
89 112
88 112
87 112
86 112
85 112
84 112
83 112
82 112
81 112
80 112
79 112
78 112
77 112
76 112
75 112
74 112
73 112
72 112
71 112
70 112
69 112
68 112
97 113
97 114
96 114
95 115
94 116
93 117
92 118
91 119
90 119
89 119
88 119
87 119
86 119
90 120
89 121
88 122
87 123
86 123
85 123
84 123
83 123
82 123
81 123
80 123
79 123
78 123
77 123
76 123
75 123
74 123
73 123
72 123
71 123
70 123
69 123
68 123
86 124
85 125
84 126
84 127
83 127
82 128
81 128
80 128
79 128
78 128
77 128
76 128
75 128
74 128
73 128
72 128
71 128
70 128
69 128
68 128
67 128
66 128
65 128
64 128
63 128
62 128
61 128
60 128
59 128
58 128
57 128
56 128
55 128
54 128
53 128
52 128
51 128
50 128
49 128
48 128
47 128
46 128
45 128
44 128
43 128
42 128
41 128
40 128
39 128
38 128
37 128
36 128
35 128
34 128
33 128
32 128
31 128
30 128
48 129
49 129
50 129
51 129
52 129
53 129
54 129
55 129
56 129
57 129
58 129
59 129
60 129
61 129
62 129
63 129
64 129
65 129
66 129
67 129
68 129
69 129
70 129
71 129
72 129
73 129
74 129
75 129
76 129
77 129
78 129
79 129
80 129
81 129
81 130
80 130
79 131
78 132
77 133
76 134
75 135
74 136
73 136
72 136
71 136
70 136
69 136
68 136
67 136
66 136
65 136
64 136
63 136
62 136
61 136
60 136
59 136
58 136
57 136
56 136
55 136
54 136
53 136
52 136
51 136
50 136
49 136
48 136
47 136
46 136
45 136
44 136
43 136
42 136
41 136
40 136
39 136
38 136
37 136
36 136
35 136
37 137
38 137
39 137
40 137
41 137
42 137
43 137
44 137
45 137
46 137
47 137
48 137
49 137
50 137
51 137
52 137
53 137
54 137
55 137
56 137
57 137
58 137
59 137
60 137
61 137
62 137
63 137
64 137
65 137
66 137
67 137
68 137
69 137
70 137
71 137
72 137
73 137
72 138
71 139
70 140
69 140
68 140
67 140
66 140
65 140
64 140
63 140
62 140
61 140
60 140
59 140
58 140
57 140
56 140
55 140
54 140
53 140
52 140
51 140
50 140
49 140
48 140
47 140
46 140
45 140
47 141
48 141
49 141
50 141
51 141
52 141
53 141
54 141
55 141
56 141
57 141
58 141
59 141
60 141
61 141
62 141
63 141
64 141
65 141
66 141
67 141
68 141
69 141
68 142
67 142
66 142
65 142
64 142
63 142
62 142
61 142
60 142
59 142
58 142
57 142
56 142
55 142
54 142
53 142
52 142
51 142
50 142
49 142
48 142
50 143
51 143
52 143
53 143
54 143
55 143
56 143
57 143
58 143
59 143
60 143
61 143
62 143
63 143
64 143
65 143
66 143
67 143
66 144
65 145
64 145
63 145
62 145
61 145
81 131
81 132
81 133
81 134
81 135
81 136
81 137
81 138
81 139
81 140
81 141
81 142
81 143
84 128
84 129
84 130
84 131
97 115
97 116
97 117
97 118
97 119
97 120
97 121
97 122
97 123
97 124
97 125
97 126
97 127
97 128
97 129
97 130
97 131
97 132
97 133
97 134
97 135
97 136
97 137
97 138
97 139
97 140
97 141
97 142
97 143
97 144
97 145
97 146
97 147
97 148
97 149
97 150
97 151
97 152
103 107
104 106
105 105
104 104
103 103
106 104
107 103
106 106
107 107
108 108
109 109
110 110
111 111
112 112
113 112
113 111
113 110
113 109
113 108
113 107
113 106
113 105
113 104
113 103
113 102
112 102
111 102
110 102
113 101
113 100
113 99
114 102
115 102
113 113
112 113
112 114
113 114
114 114
114 115
113 115
112 115
113 116
114 116
114 117
113 117
113 118
114 118
114 119
113 119
113 120
114 120
114 121
113 121
113 122
114 122
114 123
113 123
113 124
114 124
114 125
113 125
113 126
114 126
114 127
113 127
113 128
114 128
114 129
113 129
113 130
113 131
113 132
113 133
113 134
113 135
113 136
113 137
113 138
113 139
113 140
113 141
113 142
113 143
115 115
116 116
117 117
118 118
119 119
120 120
121 121
122 122
123 123
124 124
125 125
126 126
127 126
128 126
129 126
130 126
131 126
132 126
133 126
134 126
135 126
136 126
127 127
128 128
129 129
130 130
131 131
132 132
133 133
134 134
134 135
135 135
134 136
134 137
134 138
134 139
134 140
134 141
134 142
134 143
136 136
137 137
138 138
139 139
140 140
141 141
142 142
143 143
144 143
145 143
146 143
147 143
148 143
149 143
150 143
151 143
152 143
153 143
154 143
110 100
111 99
101 100
100 100
99 99
101 99
93 100
93 99
93 102
93 103
93 104
93 97
93 96
93 95
93 94
94 94
93 93
92 92
91 92
91 91
91 93
95 95
96 96
97 97
101 97
101 96
101 95
101 94
101 93
101 92
101 91
116 96
117 97
118 98
119 99
120 100
121 101
122 102
123 103
124 104
125 105
126 105
127 105
128 105
129 105
130 105
126 106
127 107
128 108
129 109
130 110
131 111
132 112
133 113
134 114
135 115
136 116
137 117
138 118
139 119
140 120
141 121
142 122
143 123
144 124
145 125
146 126
147 127
148 128
121 91
122 90
123 90
124 90
125 90
126 90
127 90
128 90
129 90
130 90
131 90
132 90
133 90
134 90
135 90
136 90
137 90
138 90
139 90
140 90
141 90
142 90
143 90
144 90
145 90
146 90
147 90
148 90
149 90
150 90
151 90
152 90
153 90
154 90
155 90
156 90
157 90
158 90
159 90
160 90
161 90
162 90
163 90
164 90
165 90
166 90
167 90
168 90
169 90
170 90
171 90
172 90
173 90
174 90
175 90
176 90
177 90
178 90
179 90
180 90
181 90
182 90
183 90
184 90
185 90
186 90
187 90
188 90
189 90
190 90
191 90
192 90
193 90
194 90
195 90
196 90
197 90
198 90
199 90
200 90
201 90
202 90
203 90
204 90
205 90
206 90
207 90
208 90
209 90
210 90
211 90
212 90
213 90
214 90
215 89
204 89
194 89
195 88
196 87
197 86
198 85
199 84
200 83
201 82
202 81
203 80
204 79
205 78
206 77
188 89
189 88
190 87
191 86
192 85
193 84
194 83
195 82
196 81
197 80
198 79
199 78
200 77
201 76
202 75
203 74
204 73
205 72
206 71
207 70
208 69
209 68
210 67
211 66
212 65
213 64
214 63
215 62
183 89
184 88
185 87
186 86
187 85
188 84
189 83
190 82
191 81
192 80
193 79
194 78
195 77
180 89
181 88
182 87
183 86
184 85
185 84
186 83
187 82
188 81
189 80
190 79
191 78
192 77
193 76
194 75
195 74
196 73
197 72
198 71
199 70
200 69
201 68
202 67
203 66
204 65
176 89
177 88
178 87
179 86
180 85
181 84
169 89
164 89
165 88
166 87
167 86
168 85
169 84
170 83
171 82
172 81
173 80
174 79
175 78
176 77
177 76
178 75
179 74
180 73
181 72
182 71
183 70
184 69
185 68
186 67
187 66
188 65
189 64
190 63
191 62
192 61
193 60
194 59
195 58
196 57
197 56
198 55
199 54
200 53
201 52
202 51
203 50
204 49
205 48
158 89
159 88
160 87
161 86
162 85
163 84
164 83
165 82
166 81
167 80
168 79
169 78
170 77
171 76
172 75
173 74
174 73
175 72
176 71
177 70
178 69
179 68
180 67
181 66
182 65
183 64
184 63
185 62
186 61
187 60
188 59
189 58
190 57
191 56
192 55
193 54
194 53
154 89
153 88
152 89
154 87
155 86
156 85
157 84
158 83
159 82
160 81
161 80
162 79
163 78
164 77
165 76
166 75
167 74
168 73
169 72
170 71
171 70
172 69
173 68
174 67
175 66
176 65
177 64
178 63
179 62
180 61
181 60
182 59
183 58
184 57
185 56
186 55
187 54
188 53
189 52
190 51
191 50
192 49
193 48
194 47
195 46
196 45
197 44
198 43
199 42
200 41
201 40
157 86
156 87
155 88
147 89
146 89
147 88
148 88
148 87
149 87
149 86
150 86
150 85
151 85
151 84
152 84
152 83
153 83
153 82
154 82
154 81
155 81
155 80
156 80
156 79
157 79
157 78
158 78
158 77
159 77
160 76
161 75
162 74
163 73
164 72
165 71
166 70
167 69
168 68
169 67
170 66
171 65
172 64
173 63
174 62
175 61
176 60
177 59
178 58
179 57
180 56
181 55
182 54
183 53
184 52
185 51
186 50
187 49
188 48
189 47
190 46
191 45
192 44
193 43
194 42
195 41
196 40
197 39
142 89
143 88
144 87
145 86
146 85
147 84
148 83
149 82
150 81
151 80
152 79
153 78
154 77
155 76
156 75
157 74
158 73
159 72
160 71
161 70
162 69
163 68
164 67
165 66
166 65
167 64
168 63
169 62
170 61
171 60
172 59
173 58
174 57
175 56
176 55
177 54
178 53
179 52
180 51
181 50
182 49
183 48
184 47
185 46
186 45
135 89
134 89
133 88
132 87
131 87
130 87
130 88
129 88
129 89
128 89
127 88
126 89
128 87
129 86
130 85
131 84
132 83
133 82
134 81
135 80
136 79
137 78
138 77
139 76
140 75
141 74
142 73
143 72
144 71
145 70
146 69
147 68
148 67
149 66
150 65
151 64
152 63
153 62
154 61
155 60
156 59
157 58
158 57
159 56
160 55
161 54
162 53
163 52
164 51
165 50
166 51
165 52
164 53
163 54
162 55
161 56
160 57
159 58
158 59
157 60
156 61
156 62
155 62
155 63
154 63
154 64
153 64
153 65
152 65
152 66
151 66
151 67
150 67
150 68
149 68
149 69
148 69
148 70
147 70
147 71
146 71
146 72
145 72
145 73
144 73
144 74
143 74
143 75
142 75
142 76
141 76
141 77
140 77
140 78
139 78
139 79
138 79
138 80
137 80
137 81
136 81
136 82
135 82
135 83
134 83
134 84
133 84
133 85
132 85
132 86
131 86
133 86
134 85
135 84
136 83
137 82
138 81
139 80
140 79
141 78
142 77
143 76
144 75
145 74
146 73
147 72
148 71
149 70
150 69
151 68
152 67
153 66
154 65
155 64
156 63
157 62
158 61
159 60
160 59
161 58
162 57
163 56
164 55
165 54
166 53
167 52
168 51
167 50
168 49
169 48
170 47
171 46
172 45
173 44
174 43
175 42
176 41
177 40
178 39
179 38
180 37
181 36
182 35
183 34
184 33
185 32
186 31
187 32
186 33
185 34
184 35
183 36
182 37
181 38
180 39
179 40
178 41
177 42
176 43
175 44
174 45
173 46
172 47
171 48
170 49
169 50
170 51
169 52
168 53
167 54
166 55
165 56
164 57
163 58
162 59
161 60
160 61
159 62
158 63
157 64
156 65
155 66
154 67
153 68
152 69
151 70
150 71
149 72
148 73
147 74
146 75
145 76
144 77
143 78
142 79
141 80
140 81
139 82
138 83
137 84
136 85
135 86
134 87
135 88
136 88
136 87
137 87
137 86
138 86
138 85
139 85
139 84
140 84
140 83
141 83
141 82
142 82
142 81
143 81
143 80
144 80
144 79
145 79
145 78
146 78
146 77
147 77
147 76
148 75
149 74
150 73
151 72
152 71
153 70
154 69
155 68
156 67
157 66
158 65
159 64
160 63
161 62
162 61
163 60
164 59
165 58
166 57
167 56
168 55
169 54
170 53
171 52
172 51
171 50
172 49
173 48
174 47
175 46
176 45
177 44
178 43
179 42
180 41
181 40
182 39
183 38
184 37
185 36
186 35
187 34
188 33
189 34
188 35
187 36
186 37
185 38
184 39
183 40
182 41
181 42
180 43
179 44
178 45
177 46
176 47
175 48
174 49
173 50
130 89
131 88
132 89
124 89
123 88
122 89
124 87
125 86
126 85
127 84
128 83
129 82
130 81
131 80
132 79
133 78
134 77
135 76
136 75
137 74
138 73
139 72
140 71
141 70
142 69
143 68
144 67
145 66
146 65
147 64
148 63
149 62
150 61
151 60
152 59
153 58
154 57
155 56
156 55
157 54
158 53
159 52
160 51
161 50
162 49
163 48
164 47
165 46
166 45
167 44
168 43
169 42
170 41
171 40
172 39
173 38
174 37
175 36
176 35
177 34
178 33
179 32
180 31
181 30
122 92
123 92
124 92
125 92
126 92
127 92
128 92
129 92
130 92
131 92
132 92
133 92
134 92
135 92
136 92
123 93
124 94
125 95
126 96
127 97
128 98
129 99
130 100
131 100
132 100
133 100
134 100
135 100
136 100
137 100
138 100
139 100
140 100
141 100
142 100
143 100
144 100
145 100
131 101
132 102
133 102
134 102
135 102
136 102
137 102
138 102
139 102
140 102
141 102
142 102
143 102
144 102
145 102
146 102
147 102
148 102
149 102
150 102
151 102
152 102
153 102
154 102
155 102
156 102
157 102
158 102
159 102
160 102
161 102
162 102
163 102
164 102
165 102
166 102
167 102
168 102
169 102
170 102
171 102
172 102
173 102
174 102
175 102
176 102
177 102
178 102
179 102
180 102
181 102
182 102
183 102
184 102
185 102
186 102
187 102
188 102
189 102
190 102
191 102
192 102
193 102
194 102
195 102
196 102
197 102
198 102
199 102
200 102
201 102
202 102
203 102
204 102
205 102
133 103
134 104
135 104
136 104
137 104
138 104
139 104
140 104
141 104
142 104
143 104
144 104
145 104
146 104
147 104
148 104
149 104
150 104
151 104
152 104
153 104
154 104
155 104
156 104
157 104
158 104
159 104
160 104
161 104
135 105
136 106
137 107
138 108
139 109
140 110
141 111
142 112
143 112
144 112
145 112
145 113
144 113
143 113
144 114
145 115
146 115
147 115
148 115
149 115
150 115
151 115
152 115
153 115
154 115
155 115
156 115
157 115
158 115
159 115
160 115
161 115
162 115
163 115
164 115
165 115
166 115
167 115
168 115
169 115
170 115
171 115
172 115
173 115
174 115
175 115
176 115
177 115
178 115
179 115
180 115
181 115
182 115
183 115
184 115
185 115
186 115
187 115
188 115
189 115
190 115
191 115
192 115
193 115
194 115
195 115
196 115
197 115
198 115
199 115
200 115
201 115
202 115
203 115
204 115
205 115
206 115
207 115
208 115
209 115
210 115
211 115
212 115
213 115
214 115
215 115
146 116
147 117
148 118
149 119
150 120
151 121
152 122
153 123
154 123
155 123
156 123
157 123
158 123
159 123
160 123
160 124
159 124
158 124
157 124
156 124
155 124
154 124
155 125
156 126
157 127
158 128
159 129
160 129
161 129
162 129
163 129
164 129
165 129
166 129
167 129
168 129
169 129
170 129
171 129
172 129
173 129
174 129
175 129
176 129
177 129
178 129
179 129
180 129
181 129
182 129
183 129
184 129
185 129
186 129
187 129
188 129
189 129
190 129
191 129
192 129
193 129
194 129
195 129
196 129
197 129
198 129
199 129
200 129
201 129
202 129
203 129
204 129
205 129
206 129
207 129
208 129
209 129
210 129
211 129
212 129
213 129
214 129
160 130
161 131
162 132
163 132
164 132
165 132
166 132
167 132
168 132
169 132
170 132
171 132
172 132
173 132
174 132
175 132
176 132
177 132
178 132
179 132
180 132
181 132
182 132
183 132
184 132
185 132
186 132
187 132
188 132
189 132
190 132
191 132
192 132
193 132
194 132
195 132
196 132
197 132
198 132
199 132
200 132
201 132
163 133
164 134
165 135
166 136
167 137
168 138
169 138
170 138
171 138
172 138
173 138
174 138
175 138
176 138
177 138
178 138
179 138
180 138
181 138
182 138
183 138
184 138
185 138
186 138
187 138
188 138
189 138
190 138
191 138
192 138
193 138
194 138
195 138
196 138
197 138
198 138
189 139
188 139
187 139
186 139
185 139
184 139
183 139
182 139
181 139
180 139
179 139
178 139
177 139
176 139
175 139
174 139
173 139
172 139
171 139
170 139
169 139
170 140
171 141
172 142
173 143
174 144
175 144
176 144
177 144
178 144
179 144
180 144
181 144
182 144
183 144
184 144
185 144
186 144
187 144
186 145
185 145
184 145
183 145
182 145
181 145
180 145
179 145
178 145
177 145
176 145
175 145
161 124
162 124
163 124
164 124
165 124
166 124
167 124
168 124
169 124
170 124
171 124
172 124
173 124
174 124
175 124
176 124
177 124
178 124
179 124
180 124
181 124
146 113
147 113
148 113
149 113
150 113
151 113
152 113
153 113
154 113
155 113
156 113
157 113
158 113
159 113
160 113
161 113
162 113
163 113
164 113
165 113
166 113
167 113
168 113
169 113
170 113
171 113
172 113
173 113
174 113
175 113
176 113
177 113
178 113
179 113
180 113
181 113
95 75
96 76
97 77
98 78
99 79
100 80
101 81
101 82
102 82
101 83
101 84
101 85
101 86
101 87
101 88
101 89
100 89
99 89
98 89
97 89
96 89
95 89
94 89
93 89
92 89
91 89
90 89
89 89
88 88
87 87
86 86
85 85
84 84
102 89
103 83
104 84
105 85
106 86
107 87
108 88
109 89
69 71
69 72
69 73
69 74
71 73
71 74
71 75
71 76
71 77
71 78
71 79
71 80
71 81
71 82
71 83
71 84
71 85
71 86
117
113 90
30 87
30 76
51 89
30 65
48 68
48 48
30 48
33 41
37 40
45 37
46 36
48 35
49 34
71 56
88 68
55 33
86 80
103 74
82 51
70 34
101 63
115 77
93 52
112 63
82 34
94 34
114 48
114 34
134 34
149 34
136 53
151 49
165 34
136 71
30 98
71 101
82 103
49 109
33 109
101 125
68 112
86 119
68 123
30 128
48 129
35 136
37 137
45 140
47 141
48 142
50 143
61 145
81 143
84 131
97 140
97 152
115 102
112 115
114 129
113 143
136 126
134 143
154 143
93 104
91 93
130 105
148 128
215 89
204 89
206 77
215 62
195 77
204 65
181 84
169 89
205 48
181 66
194 53
201 40
157 86
158 77
197 39
168 63
186 45
165 50
156 62
186 31
187 32
147 77
188 33
189 34
173 50
124 89
181 30
136 92
145 100
181 102
194 102
205 102
161 104
145 112
204 115
215 115
160 123
214 129
201 132
198 138
189 139
175 144
187 144
186 145
181 124
181 113
102 89
69 74
71 86
