1100
121 90
119 91
118 92
117 93
116 93
115 93
114 93
113 93
112 93
111 92
110 91
109 90
108 89
107 88
106 87
105 86
105 85
105 84
105 83
104 82
103 81
102 80
101 79
100 78
99 77
98 76
97 75
96 74
95 73
94 72
93 71
93 70
93 69
93 68
93 67
93 66
93 65
93 64
93 63
93 62
93 61
93 60
93 59
93 58
93 57
93 56
92 72
91 73
90 74
89 75
88 75
87 75
86 75
85 75
84 75
83 75
82 75
81 75
80 75
79 75
78 75
77 75
76 75
75 75
74 74
73 73
72 72
71 71
71 70
71 69
71 68
71 67
71 66
71 65
71 64
71 63
71 62
71 61
71 60
71 59
71 58
71 57
71 56
70 56
69 56
68 56
67 56
66 56
65 55
64 54
63 53
62 52
61 51
61 50
61 49
61 48
61 47
61 46
62 45
63 44
64 43
65 42
66 41
67 40
68 39
69 38
70 37
71 36
72 35
73 34
60 52
59 53
58 54
57 55
56 56
55 57
54 58
53 59
52 60
51 60
50 60
49 60
49 59
49 58
49 57
49 56
49 55
49 54
49 53
49 52
49 51
49 50
48 49
48 48
48 47
48 46
48 45
48 44
48 43
48 42
48 41
48 40
48 39
48 38
47 38
46 39
45 40
44 40
43 40
42 40
41 40
40 40
39 40
38 40
37 40
36 40
35 40
34 41
33 42
32 43
32 44
32 45
32 46
32 47
31 48
30 49
29 50
28 51
28 52
28 53
28 54
28 55
28 56
28 57
28 58
28 59
28 60
28 61
28 62
28 63
28 64
28 65
28 66
28 67
28 68
28 69
28 70
28 71
28 72
28 73
28 74
28 75
28 76
28 77
28 78
28 79
28 80
28 81
28 82
28 83
49 38
50 38
51 38
52 38
53 37
54 36
55 35
56 34
50 61
50 62
50 63
50 64
50 65
50 66
50 67
50 68
50 69
50 70
50 71
50 72
72 56
81 76
80 77
79 78
78 79
77 80
76 81
75 82
74 83
73 84
72 85
72 86
72 87
72 88
72 89
72 90
72 91
72 92
72 93
71 94
71 95
71 96
71 97
71 98
71 99
71 100
71 101
71 102
71 103
71 104
71 105
71 106
71 107
71 108
70 109
69 110
68 111
67 112
66 113
65 114
64 115
63 116
62 117
61 118
61 119
61 120
61 121
61 122
61 123
60 123
59 122
58 121
57 120
56 119
55 118
54 117
53 116
52 115
51 114
50 113
49 112
48 112
47 112
46 112
45 112
44 112
43 112
42 112
41 112
40 112
39 112
38 112
37 112
36 112
35 111
34 110
33 109
32 108
31 107
30 106
29 105
28 104
49 111
49 110
49 109
49 108
49 107
49 106
49 105
49 104
49 103
49 102
49 101
49 100
49 99
49 98
49 97
49 96
49 95
50 94
51 93
61 124
60 125
59 126
58 127
57 128
56 128
55 128
54 128
53 128
52 128
51 128
50 128
49 128
48 128
48 129
47 129
46 130
45 131
44 132
43 133
42 134
41 135
40 136
39 136
38 136
37 136
36 136
36 135
36 134
36 133
35 132
34 131
33 130
32 129
31 128
30 127
29 126
28 125
48 130
48 131
48 132
48 133
48 134
48 135
48 136
48 137
48 138
48 139
49 140
50 141
51 142
52 143
53 143
54 143
55 143
56 144
57 145
58 145
59 145
60 145
61 145
62 145
63 145
64 145
65 145
66 145
67 145
68 145
69 145
70 145
62 125
63 126
64 127
65 128
66 129
67 129
68 129
69 129
70 129
71 129
72 129
73 130
74 131
75 132
76 133
77 134
78 135
79 136
80 137
81 138
82 139
83 140
84 141
85 142
86 143
87 144
88 145
89 145
90 145
91 145
106 82
107 81
108 80
109 79
110 78
111 77
112 76
113 75
114 75
115 75
116 75
117 75
118 75
119 75
120 75
121 75
122 75
123 75
124 74
125 73
126 72
127 71
127 70
127 69
126 69
125 68
124 67
123 66
122 65
121 64
120 63
119 62
118 61
117 60
116 59
115 58
114 57
113 56
112 55
112 54
112 53
112 52
111 51
110 50
109 49
108 48
107 47
106 46
105 45
104 44
103 43
102 42
101 41
100 40
99 39
98 38
97 37
96 36
95 35
94 34
127 68
127 67
127 66
127 65
128 64
129 63
130 62
131 61
132 60
133 59
134 58
135 57
136 56
137 56
138 56
139 56
140 56
141 56
142 55
143 54
144 53
145 52
146 51
147 50
147 49
147 48
147 47
147 46
147 45
146 44
145 43
144 42
143 41
142 40
141 39
140 38
139 37
138 36
137 35
136 34
135 34
134 34
133 34
132 34
131 34
130 34
129 34
128 34
127 34
126 34
125 34
124 34
123 34
122 34
121 34
120 34
119 34
118 34
117 34
116 34
115 34
148 51
149 52
150 53
151 54
152 55
153 56
154 56
155 56
156 56
157 56
158 56
158 55
158 54
158 53
159 52
160 51
161 50
162 49
163 48
164 47
165 46
166 45
167 44
167 43
166 43
165 42
164 41
163 40
162 39
161 38
160 37
159 36
158 35
157 34
168 43
168 42
168 41
169 40
170 39
171 38
172 37
173 36
174 35
175 34
176 33
177 32
178 33
179 34
180 35
181 36
181 37
181 38
181 39
181 40
181 41
181 42
181 43
182 43
183 43
184 43
185 43
186 42
187 41
188 40
189 39
190 38
191 37
192 36
193 37
194 38
194 39
194 40
194 41
194 42
194 43
194 44
194 45
194 46
194 47
195 48
196 49
197 50
198 51
199 52
200 52
201 52
202 52
203 52
204 52
205 52
205 51
205 50
205 49
205 48
205 47
205 46
205 45
205 44
205 43
206 42
207 41
204 53
203 54
202 55
201 56
200 57
199 58
198 59
197 60
196 60
195 60
194 60
193 61
192 62
191 63
190 64
189 64
188 64
187 64
186 64
185 64
184 64
183 64
182 64
181 64
195 61
196 62
197 63
198 64
199 65
200 66
201 67
202 68
203 69
204 70
204 71
204 72
204 73
205 73
206 73
207 73
208 73
209 73
210 73
211 73
212 73
213 73
214 73
215 73
159 57
160 58
161 59
162 60
163 61
164 62
165 63
165 64
165 65
165 66
165 67
165 68
165 69
165 70
165 71
137 57
138 58
139 59
140 60
141 61
142 62
143 63
144 64
144 65
144 66
144 67
144 68
144 69
144 70
144 71
104 87
103 88
102 89
101 90
100 91
99 92
98 93
97 93
96 93
95 93
94 93
93 93
94 94
95 95
96 96
97 97
98 98
99 99
100 100
101 101
102 102
103 103
103 104
103 105
102 106
101 107
100 108
99 108
98 108
97 108
96 108
95 108
94 108
93 108
92 108
93 109
93 110
93 111
93 112
93 113
93 114
93 115
93 116
93 117
93 118
93 119
93 120
93 121
93 122
93 123
94 124
95 125
96 126
97 127
98 128
99 129
100 130
101 131
102 132
103 133
104 134
105 135
106 136
107 137
108 138
109 139
110 140
111 141
112 142
112 143
104 106
105 107
106 108
107 109
108 110
109 111
110 111
111 111
112 111
113 111
114 111
115 111
114 112
114 113
114 114
114 115
114 116
114 117
114 118
114 119
114 120
114 121
114 122
122 90
123 90
124 90
125 89
126 88
127 87
128 86
129 87
130 88
131 89
132 90
133 91
134 92
135 93
136 93
137 93
138 93
139 93
140 94
141 95
142 96
143 97
144 98
145 99
146 100
147 101
147 102
147 103
148 103
149 103
150 103
151 102
152 101
153 100
154 99
155 98
156 97
157 96
158 95
159 94
160 93
148 104
149 105
150 106
151 107
152 108
153 108
154 108
155 108
156 108
157 108
158 108
157 109
156 110
156 111
156 112
156 113
156 114
156 115
156 116
156 117
156 118
156 119
156 120
156 121
156 122
156 123
157 124
158 125
159 126
160 127
161 127
162 127
163 127
164 127
165 127
166 127
167 127
168 127
169 127
170 127
171 127
172 127
173 127
174 127
175 127
176 127
177 127
178 127
179 127
180 127
181 127
182 128
183 129
184 130
185 131
186 132
186 133
186 134
186 135
186 136
186 137
186 138
187 138
188 138
189 138
190 138
191 138
192 138
193 138
194 138
195 138
196 138
197 138
197 137
197 136
197 135
197 134
197 133
197 132
198 131
199 130
200 129
201 128
202 127
202 126
202 125
202 124
202 123
202 122
202 121
202 120
202 119
202 118
203 117
204 116
204 115
203 115
202 115
201 115
200 115
199 115
198 115
197 114
196 113
195 112
194 111
193 111
192 111
191 111
190 111
189 111
188 111
187 111
186 111
185 110
184 109
183 108
182 107
182 106
181 106
183 105
184 104
185 103
186 102
187 101
188 100
189 99
190 98
191 97
192 96
193 95
193 94
192 94
191 94
190 94
189 93
188 92
187 91
186 90
185 89
184 88
183 87
182 86
181 85
194 94
195 94
196 94
197 94
198 94
199 94
200 94
201 94
202 94
203 94
204 94
205 94
205 115
203 128
204 129
205 130
206 130
207 130
208 130
209 130
210 130
211 130
212 130
213 130
185 139
184 140
183 141
182 142
181 143
180 144
179 145
178 145
177 145
176 145
175 145
166 128
165 129
164 130
163 131
162 132
161 133
160 134
159 135
158 136
157 137
156 138
155 139
154 140
154 141
154 142
154 143
154 144
154 145
146 104
145 105
144 106
143 107
142 108
141 108
140 108
139 108
138 108
137 108
136 108
135 109
135 110
135 111
135 112
135 113
135 114
135 115
135 116
135 117
135 118
135 119
135 120
135 121
135 122
135 123
135 124
135 125
135 126
134 127
133 128
133 129
133 130
133 131
133 132
133 133
133 134
133 135
133 136
133 137
133 138
133 139
133 140
133 141
133 142
133 143
133 144
133 145
85
116 93
105 86
93 71
93 56
82 75
71 71
61 51
73 34
49 60
48 49
47 38
35 40
32 47
28 62
28 83
56 34
50 72
72 56
72 93
71 108
49 112
28 104
51 93
61 124
48 128
36 136
28 125
48 139
55 143
70 145
72 129
91 145
113 75
127 71
112 55
94 34
136 56
147 50
136 34
115 34
158 56
157 34
168 43
177 32
181 43
192 36
194 47
205 52
207 41
194 60
181 64
204 73
215 73
165 71
144 71
93 93
103 105
92 108
93 123
112 143
115 111
114 122
128 86
139 93
147 103
160 93
158 108
156 123
167 127
181 127
186 138
197 138
202 127
194 111
181 106
181 85
194 94
205 94
205 115
213 130
175 145
154 145
136 108
135 126
133 145
