3184
119 90
118 90
117 90
116 90
115 90
114 90
113 90
112 90
111 90
110 90
109 90
108 90
107 90
106 90
105 90
104 90
103 90
102 90
101 90
100 90
99 90
98 90
97 90
96 90
95 90
94 90
93 90
92 90
91 90
90 90
89 90
88 90
87 90
86 90
85 90
84 90
83 90
82 90
81 90
80 90
79 90
78 90
77 90
76 90
75 90
74 90
73 90
72 90
71 90
70 90
69 90
68 90
67 90
66 90
65 90
64 90
63 90
62 90
61 90
60 90
59 90
58 90
57 90
56 90
55 90
54 90
53 90
52 90
51 90
50 90
49 90
48 90
47 90
46 90
45 90
44 90
43 90
42 89
41 88
40 87
39 86
38 85
37 84
36 83
35 82
34 81
33 80
32 79
31 78
51 89
56 89
55 88
54 87
53 86
52 85
51 84
50 83
49 82
48 81
47 80
46 79
45 78
44 77
43 76
42 75
41 74
40 73
39 72
38 71
37 70
36 69
35 68
34 67
33 66
32 65
31 64
30 63
72 89
72 88
72 87
72 86
72 85
72 84
72 83
72 82
72 81
72 80
72 79
71 79
71 78
72 78
72 77
71 77
71 76
72 76
72 75
71 75
71 74
72 74
72 73
71 73
71 72
72 72
72 71
71 71
71 70
70 70
69 69
69 68
68 68
67 68
66 68
65 68
64 68
63 68
62 68
61 68
60 68
59 68
58 68
57 68
56 68
55 68
54 68
53 68
52 68
51 68
50 68
49 68
48 68
50 67
51 67
52 67
53 67
54 67
55 67
56 67
57 67
58 67
59 67
60 67
61 67
62 67
63 67
64 67
65 67
66 67
67 67
68 67
69 67
70 67
71 67
72 67
72 66
72 65
72 64
72 63
71 63
70 62
69 61
68 60
67 59
66 58
65 57
64 56
63 55
62 54
61 53
60 52
59 51
58 50
57 49
56 48
55 47
54 46
53 45
52 44
51 43
50 42
49 41
48 40
47 39
46 38
45 37
72 62
72 61
72 60
71 60
70 59
69 58
68 57
67 56
66 55
65 54
64 53
63 52
62 51
61 50
60 49
59 48
58 47
57 46
56 45
55 44
54 43
53 42
52 41
51 40
50 39
49 38
48 37
47 36
72 59
72 58
72 57
72 56
71 56
70 55
69 54
68 53
67 52
66 51
65 50
64 49
63 48
62 47
61 46
60 45
59 44
58 43
57 42
56 41
55 40
54 39
53 38
52 37
51 36
50 35
49 34
50 33
51 34
52 35
53 36
54 37
55 38
56 39
57 40
58 41
59 42
60 43
61 44
62 45
63 46
64 47
65 48
66 49
67 50
68 51
69 52
70 53
71 54
72 54
72 53
72 52
71 51
72 55
72 68
71 68
70 68
71 69
72 69
72 70
73 68
74 69
75 70
76 71
77 72
78 73
79 74
80 75
81 76
82 77
83 77
84 77
85 77
86 77
87 77
88 77
89 77
90 77
91 77
92 77
93 77
83 78
84 79
85 80
86 81
87 82
88 83
89 84
90 85
91 86
92 87
92 88
93 88
93 89
92 89
94 89
66 66
65 65
64 64
63 63
62 62
61 62
61 61
60 60
59 59
58 58
57 57
56 56
55 55
54 54
53 53
52 52
51 51
50 50
49 49
48 48
61 63
61 64
61 65
60 66
59 65
58 64
57 63
56 62
55 61
54 60
53 59
52 58
51 57
50 56
49 55
48 54
47 53
46 52
45 51
44 50
43 49
42 48
41 47
40 46
39 45
38 44
37 43
36 42
35 41
49 66
48 65
47 64
46 63
45 62
44 61
43 60
42 59
41 58
40 57
39 56
38 55
37 54
36 53
35 52
34 51
33 50
32 49
31 48
30 47
73 73
74 74
75 75
76 76
77 77
78 78
79 79
80 80
81 80
82 80
81 81
82 82
83 83
84 84
85 85
86 86
87 87
88 88
89 89
72 91
72 92
72 93
71 93
70 93
69 93
68 93
67 93
66 93
65 93
64 93
63 93
62 93
61 93
60 93
59 93
58 93
57 93
56 93
55 93
54 93
53 93
52 93
51 93
50 93
49 93
48 93
47 93
46 93
45 93
44 93
43 93
42 93
41 93
40 93
39 93
38 93
37 93
36 93
35 93
34 93
33 93
32 93
31 93
30 93
73 93
74 93
75 93
76 93
77 93
78 93
79 93
80 93
81 93
82 93
83 93
84 93
85 93
86 93
87 93
88 93
89 93
90 93
91 93
92 93
93 93
94 93
95 93
96 93
97 93
98 93
99 93
100 93
101 93
102 93
103 93
104 93
105 93
106 93
107 93
108 93
109 93
110 93
111 93
112 93
113 93
114 93
115 93
116 93
117 93
116 94
115 95
114 96
113 97
113 98
112 98
111 99
110 100
109 101
108 101
107 101
106 101
105 101
104 101
103 101
102 101
101 101
100 101
99 101
98 101
97 101
96 101
95 101
94 101
93 101
92 101
91 101
90 101
89 101
88 101
87 101
86 101
85 101
84 101
83 101
82 101
81 101
80 101
79 101
78 101
77 101
76 101
75 101
74 101
73 101
72 101
71 101
92 100
93 100
93 99
92 99
92 98
93 98
93 97
92 97
92 96
93 96
93 95
92 95
92 94
93 94
94 94
94 95
95 95
95 96
96 96
96 97
97 97
97 98
98 98
98 99
99 99
99 100
100 100
92 102
93 102
93 103
92 103
93 104
93 105
93 106
93 107
93 108
93 109
92 109
91 109
90 109
89 109
88 109
87 109
86 109
85 109
84 109
83 109
82 109
81 109
80 109
79 109
78 109
77 109
76 109
75 109
74 109
73 109
72 109
71 109
70 109
69 109
68 109
67 109
66 109
65 109
64 109
63 109
62 109
61 109
60 109
59 109
58 109
57 109
56 109
55 109
54 109
53 109
52 109
51 109
50 109
49 109
48 109
93 110
93 111
93 112
93 113
93 114
92 114
91 114
90 114
89 114
88 114
87 114
86 114
85 114
84 114
83 114
82 114
81 114
80 114
79 114
78 114
77 114
76 114
75 114
74 114
73 114
72 114
71 114
70 114
69 114
68 114
67 114
66 114
65 114
64 114
63 114
62 114
61 114
60 114
59 114
58 114
57 114
56 114
55 114
54 114
53 114
52 114
51 114
50 114
49 114
48 114
47 114
46 114
45 114
44 114
43 114
42 114
41 114
40 114
39 114
38 114
37 114
36 114
35 114
34 114
33 114
32 114
31 114
30 114
71 115
72 115
73 115
74 115
75 115
76 115
77 115
78 115
79 115
80 115
81 115
82 115
83 115
84 115
85 115
86 115
87 115
88 115
89 115
90 115
91 115
92 115
93 115
94 115
95 115
95 114
94 114
96 114
97 113
98 112
99 111
100 110
100 109
99 109
98 109
97 109
96 109
95 109
94 109
101 109
102 108
103 107
104 106
105 105
104 104
103 103
102 103
102 102
101 102
106 104
107 103
108 103
108 102
107 102
109 102
110 102
111 102
112 102
113 102
113 101
113 100
113 99
113 103
113 104
113 105
113 106
113 107
112 107
111 106
110 105
109 104
113 108
113 109
114 109
114 110
113 110
113 111
114 111
114 112
113 112
112 112
111 111
110 110
109 109
108 108
107 107
106 106
113 113
114 113
114 114
113 114
113 115
114 115
115 115
114 116
113 116
113 117
114 117
114 118
113 118
113 119
114 119
114 120
113 120
113 121
114 121
114 122
113 122
113 123
114 123
114 124
113 124
113 125
114 125
114 126
113 126
113 127
114 127
114 128
113 128
113 129
113 130
113 131
113 132
113 133
113 134
113 135
113 136
113 137
113 138
113 139
113 140
113 141
113 142
113 143
116 116
117 117
118 118
119 119
120 120
121 121
122 122
123 123
124 124
125 124
125 123
125 122
125 121
126 121
125 120
125 119
124 119
123 118
122 117
121 116
120 115
119 114
118 113
117 112
116 111
115 110
126 119
127 119
128 119
129 119
130 119
131 119
132 119
133 119
134 119
135 119
136 119
137 119
138 119
139 119
140 119
141 119
142 119
143 119
144 119
145 119
146 119
146 118
145 118
144 117
143 116
142 115
141 114
140 113
139 112
138 111
137 110
136 109
135 108
134 107
133 106
132 105
131 104
130 103
129 102
128 101
127 100
126 99
125 98
124 97
123 96
122 95
121 94
120 93
119 92
118 92
118 91
119 91
121 90
120 89
120 88
119 88
118 87
117 86
116 85
115 84
114 83
113 82
112 81
111 80
110 79
109 78
108 77
107 76
106 75
105 74
104 73
103 72
102 71
101 70
100 69
99 68
98 67
97 66
96 65
95 64
94 63
93 62
120 87
120 86
120 85
121 85
120 84
120 83
120 82
120 81
119 81
118 80
117 79
116 78
115 77
114 76
120 80
120 79
120 78
120 77
121 77
120 76
119 76
118 75
117 74
116 73
115 72
114 71
113 70
112 69
111 68
110 67
109 66
108 65
107 64
106 63
105 62
104 61
103 60
102 59
101 58
100 57
99 56
98 55
97 54
96 53
95 52
94 51
93 50
92 49
93 48
92 47
91 46
90 45
89 44
88 43
87 42
86 41
85 40
84 39
83 38
82 37
81 36
80 35
79 34
94 49
95 50
96 51
97 52
98 53
99 54
100 55
101 56
102 57
103 58
104 59
105 60
106 61
107 62
108 63
109 64
110 65
111 66
112 67
113 68
114 69
115 70
116 71
117 72
118 73
119 74
120 74
120 73
120 72
120 71
120 70
119 70
118 69
117 68
116 67
115 66
114 65
113 64
112 63
111 62
110 61
109 60
108 59
107 58
106 57
105 56
104 55
103 54
102 53
101 52
100 51
99 50
98 49
97 48
96 47
95 46
94 45
93 44
120 69
120 68
120 67
119 67
118 66
117 65
116 64
115 63
114 62
120 66
120 65
120 64
119 64
118 63
117 62
116 61
115 60
114 59
113 58
112 57
111 56
110 55
109 54
108 53
107 52
106 51
105 50
104 49
103 48
120 63
120 62
120 61
120 60
120 59
120 58
120 57
120 56
120 55
119 55
118 54
117 53
116 52
115 51
114 50
113 49
112 48
111 47
110 46
109 45
108 44
107 43
106 42
105 41
104 40
103 39
102 38
101 37
100 36
99 35
98 34
97 33
96 32
95 31
94 30
93 29
120 54
120 53
120 52
120 51
120 50
120 49
119 49
118 48
117 47
116 46
120 48
120 47
120 46
119 46
118 45
117 44
116 43
115 42
114 41
113 40
112 39
111 38
110 37
109 36
108 35
107 34
120 45
120 44
120 43
120 42
120 41
120 40
120 39
120 38
120 37
120 36
120 35
120 34
120 33
120 32
120 31
120 30
120 29
121 46
122 45
123 44
124 43
125 42
126 41
127 40
128 39
129 38
130 37
131 36
132 35
133 34
121 67
122 66
123 65
124 64
125 63
126 62
127 61
128 60
129 59
130 58
131 57
132 56
133 55
134 54
135 53
136 52
137 51
138 50
139 49
140 48
141 47
142 46
143 45
144 44
145 43
146 42
147 41
148 40
149 39
150 38
151 37
152 36
153 35
154 34
121 70
122 69
123 68
124 67
125 66
126 65
127 64
128 63
129 62
130 61
131 60
132 59
133 58
134 57
135 56
120 75
122 76
123 75
124 74
125 73
126 72
127 71
128 70
129 69
130 68
131 67
132 66
133 65
134 64
135 63
136 62
137 61
138 60
139 59
140 58
141 57
142 56
143 55
144 54
145 53
146 52
122 84
123 83
124 82
125 81
126 80
127 79
128 78
129 77
130 76
131 75
132 74
121 88
122 87
123 86
124 85
125 84
126 83
127 82
128 81
129 80
130 79
131 78
132 77
133 76
134 75
135 74
136 73
137 72
138 71
139 70
140 69
141 68
142 67
143 66
144 65
145 64
146 63
147 62
148 61
149 60
150 59
151 58
152 57
153 56
154 55
155 54
156 53
157 52
158 51
159 50
160 49
161 48
162 47
163 46
164 45
165 44
166 43
167 42
168 41
169 40
170 39
171 38
172 37
173 36
174 35
175 34
158 53
157 54
156 55
155 56
154 57
153 58
152 59
151 60
150 61
149 62
148 63
147 64
146 65
145 66
144 67
143 68
142 69
141 70
140 71
139 72
138 73
137 74
136 75
135 76
134 77
133 78
132 79
131 80
130 81
129 82
128 83
127 84
126 85
125 86
124 87
123 88
122 89
122 90
123 90
124 90
125 90
126 90
127 90
128 90
129 90
130 90
131 90
132 90
133 90
134 90
135 90
136 90
137 90
138 90
139 90
140 90
141 90
142 90
143 90
144 90
145 90
146 90
147 90
148 90
149 90
150 90
151 90
152 90
153 90
154 90
155 90
156 90
157 90
158 90
159 90
160 90
161 90
162 90
163 90
164 90
165 90
166 90
167 90
168 90
169 90
170 90
171 90
172 90
173 90
174 90
175 90
176 90
177 90
178 90
179 90
180 90
181 90
182 90
183 90
184 90
185 90
186 90
187 90
188 90
189 90
190 90
191 90
192 90
193 90
194 90
195 90
196 90
197 90
198 90
199 90
200 90
201 90
202 90
203 90
204 90
205 90
193 89
194 88
195 87
196 86
197 85
198 84
199 83
200 82
201 81
202 80
203 79
204 78
205 77
189 89
188 89
189 88
190 88
190 87
191 87
191 86
192 86
192 85
193 85
193 84
194 84
194 83
195 82
196 81
197 80
198 79
199 78
200 77
201 76
202 75
203 74
204 73
205 72
206 71
207 70
208 69
209 68
210 67
211 66
212 65
213 64
214 63
215 62
179 89
180 88
181 87
182 86
183 85
184 84
185 83
186 82
187 81
188 80
189 79
190 78
191 77
192 76
193 75
194 74
195 73
196 72
197 71
198 70
199 69
200 68
201 67
202 66
203 65
204 64
170 89
171 88
172 87
173 86
174 85
175 84
176 83
177 82
178 81
179 80
180 79
181 78
182 77
183 76
184 75
185 74
186 73
187 72
188 71
189 70
190 69
191 68
192 67
193 66
194 65
195 64
196 63
197 62
198 61
199 60
200 59
201 58
202 57
203 56
204 55
205 54
206 53
207 52
208 51
209 50
210 49
211 48
159 89
160 88
161 87
162 86
163 85
164 84
165 83
166 82
167 81
168 80
169 79
170 78
171 77
172 76
173 75
174 74
175 73
176 72
177 71
178 70
179 69
180 68
181 67
182 66
183 65
184 64
185 63
186 62
187 61
188 60
189 59
190 58
191 57
192 56
193 55
194 54
195 53
196 52
197 51
198 50
199 49
200 48
201 47
202 46
203 45
204 44
205 43
206 42
207 41
153 89
152 89
153 88
154 88
154 87
155 87
155 86
156 86
156 85
157 85
157 84
158 84
158 83
159 83
159 82
160 82
160 81
161 81
161 80
162 80
162 79
163 79
163 78
164 78
164 77
165 77
165 76
166 76
166 75
167 75
167 74
168 74
168 73
169 73
169 72
170 72
170 71
171 71
171 70
172 70
172 69
173 69
173 68
174 68
174 67
175 67
175 66
176 66
176 65
177 65
177 64
178 64
178 63
179 63
179 62
180 62
180 61
181 61
181 60
182 59
183 58
184 57
185 56
186 55
187 54
188 53
189 52
190 51
191 50
192 49
193 48
194 47
195 46
196 45
148 89
149 88
150 87
151 86
152 85
153 84
154 83
155 82
156 81
157 80
158 79
159 78
160 77
161 76
162 75
163 74
164 73
141 89
140 89
139 88
138 87
137 87
137 88
136 88
136 89
135 89
138 89
138 86
139 86
139 85
140 85
140 84
141 84
141 83
142 83
142 82
143 82
143 81
144 81
144 80
145 80
145 79
146 79
146 78
147 78
147 77
148 77
148 76
149 76
149 75
150 75
150 74
151 74
151 73
152 73
152 72
153 72
153 71
154 71
154 70
155 70
155 69
156 69
156 68
157 68
157 67
158 67
158 66
159 66
159 65
160 65
160 64
161 64
161 63
162 63
162 62
163 62
163 61
164 61
164 60
165 60
165 59
166 59
166 58
167 58
167 57
168 57
168 56
169 56
169 55
170 55
170 54
171 54
171 53
172 53
172 52
173 52
173 51
174 51
174 50
175 50
175 49
176 49
176 48
177 48
177 47
178 47
178 46
179 45
180 44
181 43
182 42
183 41
184 40
185 39
186 38
187 37
188 36
189 35
179 48
178 49
177 50
176 51
175 52
174 53
173 54
172 55
171 56
170 57
169 58
168 59
167 60
166 61
165 62
164 63
163 64
162 65
161 66
160 67
159 68
158 69
157 70
156 71
155 72
154 73
153 74
152 75
151 76
150 77
149 78
148 79
147 80
146 81
145 82
144 83
143 84
142 85
141 86
140 87
141 88
142 88
142 87
143 87
143 86
144 86
144 85
145 85
145 84
146 84
146 83
147 83
147 82
148 82
148 81
149 81
150 80
151 79
152 78
153 77
154 76
155 75
156 74
157 73
158 72
159 71
160 70
161 69
162 68
163 67
164 66
165 65
166 64
167 63
168 62
169 61
170 60
171 59
172 58
173 57
174 56
175 55
176 54
177 53
178 52
179 51
180 50
181 49
182 48
183 47
184 46
185 45
186 44
187 43
188 42
189 41
190 40
191 39
192 38
193 37
180 47
181 46
182 45
183 44
184 43
185 42
186 41
187 40
188 39
189 38
190 37
191 36
132 89
131 88
130 87
129 88
128 89
130 89
131 86
132 85
133 84
134 83
135 82
136 81
137 80
138 79
139 78
140 77
141 76
142 75
143 74
144 73
145 72
146 71
147 70
148 69
149 68
150 67
151 66
152 65
153 64
154 63
155 62
156 61
157 60
158 59
159 58
160 57
161 56
162 55
163 54
164 53
165 52
166 51
167 50
168 49
169 48
170 47
171 46
172 45
173 44
174 43
175 42
176 41
177 40
178 39
179 38
180 37
181 36
182 35
183 34
184 33
185 32
186 31
187 32
186 33
185 34
184 35
183 36
182 37
181 38
180 39
179 40
178 41
177 42
176 43
175 44
174 45
173 46
172 47
171 48
170 49
169 50
168 51
167 52
166 53
165 54
164 55
163 56
162 57
161 58
160 59
159 60
158 61
157 62
156 63
155 64
154 65
153 66
152 67
151 68
150 69
149 70
148 71
147 72
146 73
145 74
144 75
143 76
142 77
141 78
140 79
139 80
138 81
137 82
136 83
135 84
134 85
133 86
132 87
133 88
134 87
135 86
136 85
137 84
138 83
139 82
140 81
141 80
142 79
143 78
144 77
145 76
146 75
147 74
148 73
149 72
150 71
151 70
152 69
153 68
154 67
155 66
156 65
157 64
158 63
159 62
160 61
161 60
162 59
163 58
164 57
165 56
166 55
167 54
168 53
169 52
170 51
171 50
172 49
173 48
174 47
175 46
176 45
177 44
178 43
179 42
180 41
181 40
182 39
183 38
184 37
185 36
186 35
187 34
188 33
121 91
122 92
123 92
124 92
125 92
125 93
124 93
123 93
124 94
125 94
126 94
127 94
128 94
129 94
130 94
131 94
132 94
133 94
134 94
135 94
136 94
137 94
138 94
139 94
140 94
141 94
142 94
143 94
144 94
145 94
146 94
147 94
148 94
149 94
150 94
151 94
152 94
153 94
154 94
155 94
156 94
157 94
158 94
159 94
160 94
161 94
162 94
163 94
164 94
165 94
166 94
167 94
168 94
169 94
170 94
171 94
172 94
173 94
174 94
175 94
176 94
177 94
178 94
179 94
180 94
181 94
158 93
157 93
156 93
155 93
154 93
153 93
152 93
151 93
150 93
149 93
148 93
147 93
146 93
145 93
144 93
143 93
142 93
141 93
140 93
139 93
138 93
137 93
136 93
135 93
134 93
133 93
132 93
131 93
130 93
129 93
128 93
127 93
126 93
125 95
126 96
127 97
128 98
129 99
130 100
131 101
132 102
133 103
134 103
135 103
136 103
137 103
138 103
139 103
140 103
141 103
142 103
143 103
144 103
145 103
146 103
147 103
148 103
149 103
150 103
151 103
152 103
153 103
154 103
155 103
156 103
157 103
158 103
159 103
160 103
161 103
162 103
163 103
164 103
165 103
166 103
167 103
168 103
169 103
170 103
171 103
172 103
173 103
174 103
175 103
176 103
177 103
178 103
179 103
180 103
181 103
182 103
183 103
184 103
185 103
186 103
187 103
188 103
189 103
190 103
191 103
192 103
193 103
194 103
195 103
196 103
197 103
198 103
199 103
200 103
201 103
202 103
203 103
204 103
205 103
206 103
207 103
208 103
209 103
210 103
211 103
212 103
213 103
214 103
215 103
134 104
135 105
136 105
137 105
138 105
139 105
140 105
141 105
142 105
143 105
144 105
145 105
146 105
147 105
148 105
149 105
150 105
151 105
152 105
153 105
154 105
155 105
156 105
157 105
158 105
159 105
160 105
161 105
162 105
163 105
164 105
165 105
166 105
167 105
168 105
169 105
170 105
171 105
172 105
173 105
174 105
175 105
176 105
177 105
178 105
179 105
180 105
181 105
136 106
137 107
138 107
139 107
140 107
141 107
142 107
143 107
144 107
145 107
146 107
147 107
148 107
149 107
150 107
151 107
152 107
153 107
154 107
155 107
156 107
157 107
158 107
159 107
160 107
138 108
139 109
140 110
141 111
142 112
143 113
144 114
145 115
146 116
146 117
147 117
148 117
149 117
150 117
151 117
152 117
153 117
154 117
155 117
156 117
157 117
158 117
159 117
160 117
161 117
162 117
163 117
164 117
165 117
166 117
167 117
168 117
169 117
170 117
171 117
172 117
173 117
174 117
175 117
176 117
177 117
178 117
179 117
180 117
181 117
182 117
183 117
184 117
185 117
186 117
187 117
188 117
189 117
190 117
191 117
192 117
193 117
194 117
195 117
196 117
197 117
198 117
199 117
200 117
201 117
202 117
203 117
204 117
205 117
148 118
149 119
150 120
151 120
152 120
153 120
154 120
155 120
156 120
157 120
158 120
159 120
160 120
161 120
162 120
163 120
164 120
165 120
166 120
167 120
168 120
169 120
170 120
171 120
172 120
173 120
174 120
175 120
176 120
177 120
178 120
179 120
180 120
181 120
182 120
183 120
184 120
185 120
186 120
187 120
188 120
189 120
190 120
191 120
192 120
193 120
194 120
151 121
152 122
153 123
154 124
155 125
156 126
157 126
158 126
159 126
160 126
161 126
162 126
157 127
158 128
159 129
160 130
161 130
162 130
163 130
164 130
165 130
166 130
167 130
168 130
169 130
170 130
171 130
172 130
173 130
174 130
175 130
176 130
161 131
162 132
163 132
164 132
165 132
166 132
167 132
168 132
169 132
170 132
171 132
172 132
173 132
174 132
175 132
176 132
177 132
178 132
179 132
180 132
181 132
182 132
183 132
184 132
185 132
186 132
187 132
188 132
189 132
190 132
191 132
192 132
193 132
194 132
195 132
196 132
197 132
198 132
199 132
200 132
201 132
202 132
203 132
204 132
205 132
206 132
207 132
208 132
209 132
163 133
164 134
165 134
166 134
167 134
168 134
169 134
170 134
171 134
172 134
173 134
174 134
175 134
176 134
177 134
178 134
179 134
180 134
181 134
182 134
183 134
184 134
185 134
186 134
187 134
188 134
189 134
190 134
191 134
192 134
165 135
166 136
167 136
168 136
169 136
170 136
171 136
172 136
173 136
174 136
175 136
176 136
177 136
178 136
179 136
180 136
181 136
182 136
183 136
184 136
185 136
186 136
187 136
188 136
189 136
190 136
191 136
192 136
193 136
194 136
195 136
196 136
197 136
198 136
199 136
200 136
201 136
202 136
203 136
204 136
205 136
167 137
168 138
169 139
170 140
171 141
172 142
173 142
174 142
175 142
176 142
177 142
178 142
179 142
180 142
181 142
182 142
183 142
184 142
185 142
186 142
187 142
188 142
189 142
190 142
188 143
187 143
186 143
185 143
184 143
183 143
182 143
181 143
180 143
179 143
178 143
177 143
176 143
175 143
174 143
173 143
174 144
175 144
176 144
177 144
178 144
179 144
180 144
181 144
182 144
183 144
184 144
185 144
186 144
175 145
176 146
177 147
178 147
179 147
180 147
181 147
182 147
183 147
184 147
185 147
184 148
183 148
182 148
181 148
180 148
179 148
178 148
127 122
128 123
129 124
130 125
130 126
129 126
128 126
127 126
126 126
125 126
125 125
125 127
125 128
125 129
125 130
125 131
125 132
125 133
125 134
125 135
125 136
125 137
125 138
125 139
125 140
125 141
125 142
125 143
125 144
131 126
132 127
133 128
134 129
135 130
136 131
137 132
138 132
139 132
140 132
141 132
142 132
143 132
144 132
145 132
146 132
138 133
137 133
137 134
137 135
137 136
137 137
137 138
137 139
137 140
137 141
137 142
137 143
139 134
140 135
141 136
142 137
143 138
144 139
145 140
146 141
147 142
148 143
149 143
150 143
151 143
152 143
153 143
154 143
155 143
94 116
93 116
92 116
91 116
90 116
89 116
88 116
87 116
86 116
85 116
84 116
83 116
82 116
93 117
93 118
92 118
91 119
90 120
89 121
88 122
87 123
86 124
85 125
84 126
83 127
82 128
81 129
80 129
79 129
78 129
77 129
76 129
75 129
74 129
73 129
72 129
71 129
70 129
69 129
68 129
67 129
66 129
65 129
64 129
63 129
62 129
61 129
60 129
59 129
58 129
57 129
56 129
55 129
54 129
53 129
52 129
51 129
50 129
49 129
48 129
48 130
47 130
46 130
45 130
44 130
43 130
42 130
41 130
40 130
39 130
38 130
37 130
36 130
35 130
34 130
33 130
32 130
31 130
30 130
49 130
50 130
51 130
52 130
53 130
54 130
55 130
56 130
57 130
58 130
59 130
60 130
61 130
62 130
63 130
64 130
65 130
66 130
67 130
68 130
69 130
70 130
71 130
72 130
73 130
74 130
75 130
76 130
77 130
78 130
79 130
80 130
79 131
78 132
77 133
76 134
75 135
74 136
73 136
72 136
71 136
70 136
69 136
68 136
67 136
66 136
65 136
64 136
63 136
62 136
61 136
60 136
59 136
58 136
57 136
56 136
55 136
54 136
53 136
52 136
51 136
50 136
49 136
48 136
47 136
46 136
45 136
44 136
43 136
42 136
41 136
40 136
39 136
38 136
37 136
36 136
35 136
36 137
37 137
38 137
39 137
40 137
41 137
42 137
43 137
44 137
45 137
46 137
47 137
48 137
49 137
50 137
51 137
52 137
53 137
54 137
55 137
56 137
57 137
58 137
59 137
60 137
61 137
62 137
63 137
64 137
65 137
66 137
67 137
68 137
69 137
70 137
71 137
72 137
73 137
74 137
74 138
74 139
74 140
74 141
74 142
74 143
72 138
71 139
70 140
69 140
68 140
67 140
66 140
65 140
64 140
63 140
62 140
61 140
60 140
59 140
58 140
57 140
56 140
55 140
54 140
53 140
52 140
51 140
50 140
49 140
48 140
47 140
46 140
45 140
47 141
48 141
49 141
50 141
51 141
52 141
53 141
54 141
55 141
56 141
57 141
58 141
59 141
60 141
61 141
62 141
63 141
64 141
65 141
66 141
67 141
68 141
69 141
68 142
67 142
66 142
65 142
64 142
63 142
62 142
61 142
60 142
59 142
58 142
57 142
56 142
55 142
54 142
53 142
52 142
51 142
50 142
49 142
48 142
50 143
51 143
52 143
53 143
54 143
55 143
56 143
57 143
58 143
59 143
60 143
61 143
62 143
63 143
64 143
65 143
66 143
67 143
66 144
65 145
64 145
63 145
62 145
61 145
60 145
59 145
58 145
93 119
93 120
93 121
93 122
93 123
93 124
93 125
93 126
93 127
93 128
93 129
93 130
93 131
93 132
93 133
93 134
93 135
93 136
93 137
93 138
93 139
93 140
93 141
93 142
93 143
105 100
104 99
103 98
102 97
101 96
100 95
99 94
97 92
96 91
93 92
92 92
92 91
91 91
93 91
116 89
115 88
114 87
113 86
112 85
111 84
110 83
109 82
108 81
107 80
106 79
105 78
104 77
103 76
102 75
101 74
100 73
99 72
98 71
97 70
96 69
95 68
94 67
93 66
92 65
91 64
90 63
89 62
88 61
87 60
86 59
85 58
84 57
83 56
82 55
81 54
80 53
79 52
78 51
77 50
76 49
75 48
74 47
73 46
72 45
71 44
70 43
69 42
68 41
67 40
66 39
65 38
64 37
63 36
62 35
61 34
117
113 90
31 78
51 89
30 63
71 79
48 68
72 67
45 37
47 36
49 34
50 33
71 51
93 77
48 48
61 65
35 41
30 47
82 80
72 93
30 93
92 93
71 101
92 103
48 109
30 114
71 115
103 103
112 102
114 113
114 128
113 143
146 119
93 62
114 76
92 49
79 34
93 44
114 62
103 48
93 29
116 46
107 34
120 29
133 34
154 34
135 56
146 52
132 74
175 34
158 53
169 90
205 90
205 77
194 84
215 62
204 64
181 78
211 48
207 41
181 61
196 45
164 73
178 47
189 35
148 81
193 37
191 36
186 31
187 32
150 69
188 33
125 92
181 94
158 93
137 93
148 103
204 103
215 103
135 105
181 105
160 107
181 117
205 117
194 120
162 126
176 130
209 132
192 134
205 136
190 142
188 143
173 143
186 144
185 147
184 148
130 126
125 144
146 132
137 143
155 143
82 116
72 129
61 129
48 129
30 130
35 136
36 137
74 143
45 140
47 141
48 142
50 143
58 145
93 119
93 132
93 143
61 34
