1119
119 90
118 90
117 90
116 90
115 89
114 88
121 91
122 91
123 91
124 91
125 91
126 91
127 91
128 91
129 91
130 91
131 91
132 91
133 91
134 91
135 91
136 92
137 93
138 93
139 93
140 93
141 93
142 93
143 93
144 93
145 93
146 93
147 93
148 93
149 93
150 93
151 93
152 93
153 93
154 92
155 91
156 90
157 89
158 88
159 87
160 86
161 86
162 86
163 86
164 86
165 85
166 84
167 83
168 82
169 81
170 80
171 79
172 78
173 77
174 76
175 75
176 74
177 73
178 72
179 71
180 70
181 69
182 69
183 69
184 69
185 69
186 69
187 69
188 69
189 69
190 69
191 69
192 69
193 68
194 67
195 67
196 67
197 67
198 67
199 67
200 67
201 66
202 65
203 64
204 63
205 62
205 61
205 60
205 59
205 58
205 57
205 56
205 55
205 54
205 53
204 52
203 51
203 50
202 50
202 49
201 48
200 47
199 46
198 45
197 44
196 43
195 42
194 41
193 40
192 39
192 38
192 37
191 36
190 35
189 35
188 35
187 35
186 35
185 35
184 35
183 35
182 35
181 35
180 34
191 40
190 41
189 42
188 43
187 44
186 45
185 46
184 47
183 48
182 48
181 48
204 50
205 50
206 49
207 48
208 47
209 46
210 45
211 44
212 43
213 42
195 68
196 69
197 70
198 71
199 72
200 73
201 74
202 75
203 76
204 77
204 78
204 79
204 80
204 81
204 82
204 83
205 83
206 83
207 83
208 83
209 83
210 83
211 83
212 83
213 83
214 83
215 83
159 85
158 84
157 83
156 82
155 81
154 80
153 79
152 78
151 77
150 76
149 75
148 74
148 73
147 73
146 73
145 73
144 73
143 73
142 73
141 73
140 73
139 73
138 73
137 72
136 71
136 70
136 69
136 68
136 67
136 66
136 65
136 64
136 63
136 62
136 61
136 60
136 59
136 58
136 57
136 56
135 56
134 56
133 56
132 56
131 56
130 56
129 55
128 54
127 53
126 52
125 52
124 52
123 52
122 52
121 52
120 52
119 52
118 52
117 52
116 52
115 51
114 50
113 50
112 50
111 49
110 48
109 47
108 46
107 45
106 44
105 43
104 42
103 41
102 40
101 39
100 38
99 37
98 36
97 35
96 34
95 35
94 36
93 37
93 38
93 39
93 40
93 41
93 42
93 43
93 44
93 45
93 46
93 47
93 48
93 49
93 50
92 51
91 52
90 52
89 52
88 52
87 52
86 52
85 52
84 52
83 52
82 52
81 53
80 54
79 55
78 56
77 56
76 56
75 56
74 56
73 56
72 56
71 56
72 57
72 58
72 59
72 60
72 61
72 62
72 63
72 64
72 65
72 66
72 67
72 68
72 69
72 70
72 71
71 72
70 73
69 73
68 73
67 73
66 73
65 73
64 73
63 73
62 73
61 73
60 73
59 73
58 73
57 73
56 73
55 72
54 71
53 70
52 69
51 68
50 67
49 66
49 65
49 64
49 63
49 62
49 61
49 60
49 59
49 58
49 57
49 56
49 55
49 54
49 53
49 52
49 51
49 50
48 49
47 49
46 49
45 49
44 49
43 48
42 47
41 46
40 45
39 44
38 43
37 42
36 41
35 42
34 43
33 44
32 45
31 46
30 47
29 48
29 49
29 50
29 51
29 52
48 48
48 47
48 46
48 45
48 44
48 43
48 42
48 41
48 40
48 39
48 38
49 38
50 38
51 38
52 38
53 38
54 38
55 37
56 36
57 35
58 34
59 34
60 34
61 34
62 34
63 34
64 34
65 34
66 34
67 34
68 34
69 34
70 34
71 34
72 34
73 34
74 34
75 34
48 67
47 68
46 69
45 70
44 71
43 72
42 73
41 73
40 73
39 73
38 73
37 73
36 73
35 73
34 73
33 73
32 73
31 73
30 73
29 73
28 73
60 74
59 75
58 76
57 77
56 78
55 79
54 80
53 81
52 82
51 83
51 84
51 85
51 86
50 87
49 88
48 89
47 90
46 91
45 92
44 93
43 94
42 94
41 94
40 94
39 94
38 94
37 94
36 94
35 94
34 94
33 94
32 94
31 94
32 95
33 96
34 97
35 98
36 99
37 100
38 101
39 102
40 103
41 104
42 105
43 106
44 107
45 107
46 107
47 107
48 107
49 107
50 107
49 108
48 109
47 110
46 111
45 112
44 113
43 114
42 115
41 115
40 115
39 115
38 115
37 115
36 115
35 115
34 115
33 115
32 115
32 116
32 117
32 118
32 119
32 120
32 121
32 122
32 123
32 124
32 125
32 126
32 127
32 128
32 129
32 130
33 131
34 132
35 133
36 134
36 135
36 136
36 137
37 137
38 137
39 137
40 136
41 135
42 134
43 133
44 132
45 131
46 130
47 129
48 129
48 128
48 130
48 131
48 132
48 133
48 134
48 135
48 136
48 137
48 138
48 139
49 140
50 141
51 142
52 143
53 143
54 143
55 143
56 143
57 144
58 145
59 145
60 145
61 145
62 145
63 145
64 145
65 145
66 145
67 145
68 145
69 145
70 145
71 145
72 145
62 74
63 75
64 76
65 77
66 78
67 79
68 80
69 81
70 82
71 83
72 84
72 85
72 86
83 53
84 54
85 55
86 56
87 57
88 58
89 59
90 60
91 61
92 62
93 63
93 64
93 65
93 66
93 67
93 68
93 69
93 70
93 71
93 72
93 73
93 74
93 75
93 76
93 77
93 78
93 79
93 80
93 81
93 82
93 83
93 84
93 85
93 86
114 49
114 48
114 47
114 46
114 45
114 44
114 43
114 42
114 41
114 40
114 39
114 38
114 37
115 36
116 35
117 34
125 53
124 54
123 55
122 56
121 57
120 58
119 59
118 60
117 61
116 62
115 63
115 64
115 65
115 66
115 67
126 51
126 50
126 49
126 48
126 47
126 46
127 45
128 44
129 43
130 42
131 41
132 40
133 39
134 38
135 37
136 36
137 35
138 34
139 34
140 34
141 34
142 34
143 34
144 34
145 34
146 34
147 34
148 34
149 34
150 34
151 34
152 34
153 34
154 34
155 34
156 34
157 34
158 34
159 34
137 56
149 73
150 73
151 73
152 73
153 73
154 73
155 73
156 73
157 72
158 71
158 70
158 69
158 68
158 67
158 66
158 65
158 64
158 63
158 62
158 61
158 60
158 59
158 58
158 57
158 56
149 94
150 95
151 96
152 97
153 98
154 99
155 100
156 101
157 102
157 103
157 104
157 105
157 106
157 107
157 108
158 108
159 108
160 108
161 108
162 108
163 108
164 108
165 108
166 107
167 106
168 105
169 106
170 107
171 108
172 109
173 110
174 111
175 112
176 113
177 113
178 113
179 113
180 113
181 113
181 112
181 111
181 110
181 109
181 108
181 107
181 106
181 105
181 104
181 103
181 102
181 101
181 100
181 99
181 98
181 97
181 96
181 95
181 94
181 93
181 92
181 91
181 90
182 114
183 115
184 115
185 115
186 115
187 115
188 115
189 115
190 115
191 115
192 115
193 115
194 115
194 114
195 113
196 112
197 111
198 110
199 109
200 108
201 107
202 106
203 105
204 104
205 104
206 104
207 104
208 104
209 104
210 104
211 104
212 104
213 104
214 104
215 104
195 116
196 117
197 118
198 119
199 120
200 121
201 122
202 123
203 124
204 125
205 125
205 126
204 126
203 127
202 128
201 129
200 130
199 130
198 130
197 130
196 130
195 130
194 130
193 131
192 132
192 133
192 134
192 135
192 136
192 137
192 138
192 139
192 140
192 141
191 141
190 141
189 141
188 141
187 140
186 139
185 138
184 137
183 136
182 135
181 134
180 135
180 136
180 137
180 138
180 139
180 140
180 141
180 142
180 143
180 144
180 145
179 145
178 145
177 145
176 145
175 145
174 145
173 145
172 145
171 145
170 145
169 145
168 145
167 145
166 145
165 145
164 145
163 145
162 145
161 144
160 143
159 144
158 144
157 144
156 144
155 144
154 144
153 144
152 144
151 144
150 144
149 144
148 144
147 144
146 144
145 145
144 145
143 145
142 145
141 145
140 145
139 145
138 145
137 145
136 145
135 145
205 127
205 128
205 129
205 130
205 131
205 132
205 133
205 134
205 135
205 136
158 109
158 110
158 111
158 112
158 113
158 114
158 115
158 116
158 117
158 118
158 119
158 120
158 121
158 122
158 123
147 94
146 95
145 96
144 97
143 98
142 99
141 100
140 101
139 102
138 103
137 104
136 105
136 106
136 107
136 108
137 109
137 110
137 111
137 112
137 113
137 114
137 115
137 116
137 117
137 118
137 119
137 120
137 121
137 122
137 123
136 123
135 123
134 123
133 123
132 123
131 123
130 123
129 123
128 123
127 123
126 123
125 123
124 123
123 123
122 123
121 123
120 123
119 123
118 123
117 123
116 123
115 123
114 123
113 123
112 123
111 123
110 123
109 123
108 123
107 123
106 123
105 123
104 123
103 123
102 123
101 123
100 123
99 123
98 123
97 123
96 123
95 123
94 123
93 123
92 123
103 122
103 121
103 120
103 119
103 118
102 117
101 116
100 115
99 114
98 113
97 112
96 111
95 110
94 109
93 108
92 108
91 108
90 108
89 108
88 108
87 108
86 108
85 108
84 107
83 106
82 105
81 106
80 107
79 108
78 108
77 108
76 108
75 108
74 108
73 108
72 108
71 108
71 109
71 110
71 111
71 112
71 113
71 114
71 115
71 116
71 117
71 118
71 119
71 120
71 121
71 122
71 123
125 124
124 125
123 126
122 127
121 128
120 129
119 130
118 131
117 132
116 133
115 134
114 135
114 136
114 137
114 138
114 139
114 140
114 141
114 142
114 143
113 144
112 145
111 145
110 145
109 145
108 145
107 145
106 145
105 145
104 145
103 145
102 145
101 145
100 145
99 145
98 145
97 145
96 145
95 145
94 145
93 145
126 122
126 121
126 120
125 119
124 118
123 117
122 116
121 115
120 114
119 113
118 112
117 111
116 110
115 109
84
114 88
135 91
148 93
160 86
181 69
194 67
205 62
202 50
192 39
190 35
180 34
181 48
213 42
204 83
215 83
147 73
136 71
126 52
114 50
96 34
93 50
82 52
71 56
72 71
61 73
49 66
48 49
36 41
29 52
48 38
58 34
75 34
28 73
51 86
31 94
50 107
32 115
32 130
36 137
48 128
48 139
56 143
72 145
72 86
93 71
93 86
117 34
115 67
138 34
159 34
137 56
158 71
158 56
157 108
168 105
181 113
181 101
181 90
194 115
204 104
215 104
205 125
194 130
192 141
181 134
180 145
160 143
146 144
135 145
205 136
158 123
136 108
137 123
126 123
112 123
103 123
92 123
93 108
82 105
71 108
71 123
114 143
93 145
115 109
