3414
119 90
118 90
117 90
116 90
115 90
114 90
113 90
112 90
111 90
110 90
109 90
108 90
107 90
106 90
105 90
104 90
103 90
102 90
101 90
100 90
99 90
98 90
97 90
96 90
95 90
94 90
93 90
92 90
91 90
90 90
89 90
88 90
87 90
86 90
85 90
84 90
83 90
82 90
81 90
80 90
79 90
78 90
77 90
76 90
75 90
74 90
73 90
72 90
71 90
70 90
69 90
68 90
67 90
66 90
65 90
64 90
63 90
62 90
61 90
60 90
59 90
58 90
57 90
56 90
55 90
54 90
53 90
52 90
51 90
50 90
49 90
48 90
47 90
46 90
45 90
44 90
43 90
42 89
41 88
40 87
39 86
38 85
37 84
36 83
35 82
34 81
33 80
32 79
31 78
51 89
63 89
63 88
63 87
63 86
63 85
63 84
63 83
63 82
63 81
63 80
63 79
63 78
62 78
61 78
60 78
59 78
58 78
57 78
56 78
55 78
54 78
53 78
52 78
51 78
50 78
49 78
63 77
64 76
63 75
62 74
61 73
60 72
59 71
58 70
57 69
56 68
56 67
55 67
54 67
53 67
52 67
51 67
50 67
54 66
53 65
52 64
51 63
51 62
50 62
49 62
48 62
47 62
46 62
45 62
44 62
43 62
42 62
41 62
40 62
39 62
38 62
37 62
36 62
35 62
34 61
33 60
32 59
31 58
30 57
49 61
48 60
47 59
46 58
45 57
44 56
43 55
42 54
41 53
40 52
39 51
38 50
37 49
36 48
35 47
34 46
33 45
32 44
52 62
53 62
54 62
55 62
56 62
57 62
58 62
59 62
60 62
61 62
62 62
63 62
64 62
65 62
66 62
67 62
68 62
69 62
70 62
71 62
72 62
73 62
74 62
75 62
76 62
77 62
78 62
78 61
78 60
78 59
78 58
78 57
77 57
76 56
75 55
74 54
73 53
72 52
71 51
70 50
69 49
68 48
67 47
66 46
65 45
64 44
63 43
62 42
61 41
60 40
59 39
58 38
57 37
56 36
55 35
54 34
53 33
78 56
78 55
78 54
78 53
78 52
77 52
76 51
75 50
74 49
73 48
72 47
71 46
70 45
69 44
68 43
67 42
66 41
65 40
64 39
63 38
62 37
61 36
60 35
59 34
58 33
57 32
56 31
55 30
54 29
78 51
78 50
77 49
76 48
75 47
74 46
73 45
72 44
71 43
70 42
69 41
68 40
67 39
66 38
65 37
64 36
63 35
62 34
61 33
60 32
59 31
58 30
57 29
56 28
55 27
78 63
77 63
76 63
76 64
77 64
78 65
79 64
80 64
80 65
81 65
81 66
80 66
79 66
80 67
80 68
81 68
80 69
80 70
80 71
80 72
79 72
78 71
77 70
76 69
75 68
74 67
73 67
72 67
71 67
70 67
69 67
68 67
67 67
66 67
65 67
64 67
63 67
62 67
61 67
60 67
59 67
58 67
57 67
67 66
66 65
65 64
64 63
69 68
70 69
71 69
71 70
70 70
69 71
68 72
67 73
66 74
65 75
66 76
65 77
66 78
67 77
68 78
67 79
68 80
69 79
70 80
69 81
70 82
71 81
72 82
71 83
72 84
73 83
74 84
73 85
74 86
75 85
76 86
75 87
76 88
77 87
78 88
77 89
79 89
80 89
80 88
80 87
80 86
80 85
80 84
80 83
80 82
80 81
80 80
81 80
80 79
80 78
79 78
79 77
78 77
77 76
76 75
75 74
74 73
73 72
72 71
80 77
81 77
80 76
80 75
80 74
81 74
80 73
82 75
83 76
84 77
85 78
86 79
87 80
88 81
89 82
90 83
91 84
92 85
93 86
94 87
95 88
96 89
82 81
83 82
84 83
85 84
86 85
87 86
88 87
89 88
90 89
72 68
73 66
74 66
75 65
72 65
71 64
70 63
82 67
83 67
83 68
84 68
84 69
85 69
85 70
86 70
86 71
87 71
87 72
88 72
88 73
89 73
90 73
91 73
92 73
93 73
94 73
95 73
96 73
90 74
89 74
88 75
87 74
86 73
85 72
84 71
83 70
82 69
89 76
90 75
91 75
91 76
92 76
92 77
93 77
93 78
94 78
94 79
95 79
95 80
96 80
96 81
97 81
97 82
98 82
98 83
99 83
99 84
100 84
100 85
101 85
101 86
102 86
102 87
103 87
103 88
104 88
104 89
105 89
102 89
101 88
100 87
99 86
98 85
97 84
96 83
95 82
94 81
93 80
92 79
91 78
90 77
82 66
79 63
76 61
75 60
74 59
73 58
72 57
71 56
70 55
69 54
68 53
67 52
66 51
65 50
64 49
63 48
62 47
61 46
60 45
59 44
58 43
57 42
56 41
55 40
54 39
53 38
52 37
51 36
50 35
49 34
48 35
49 36
50 37
51 38
52 39
53 40
54 41
55 42
56 43
57 44
58 45
59 46
60 47
61 48
62 49
63 50
64 51
65 52
66 53
67 54
68 55
69 56
70 57
71 58
72 59
73 60
74 61
68 61
67 60
66 59
65 58
64 57
63 56
62 55
61 54
60 53
59 52
58 51
62 61
61 60
60 59
59 58
58 57
57 56
56 55
55 54
54 53
53 52
52 51
51 50
50 49
49 48
48 47
47 46
46 46
45 46
44 46
43 46
42 46
41 45
40 44
39 43
38 42
37 41
36 40
76 91
77 92
78 93
79 94
80 94
80 93
81 93
80 92
80 91
79 91
81 91
82 92
83 93
82 94
82 95
81 95
80 95
79 95
78 95
77 95
76 95
75 95
74 95
73 95
72 95
71 95
70 95
69 95
68 95
67 95
66 95
65 95
64 95
63 95
62 95
61 95
60 95
59 95
58 95
57 95
56 95
55 95
54 95
53 95
52 95
51 95
50 95
49 95
48 95
47 95
46 95
45 95
44 95
43 95
42 95
41 95
40 95
39 95
38 95
37 95
36 95
35 95
34 95
33 95
32 95
31 95
80 96
81 96
80 97
80 98
80 99
82 97
83 98
84 99
85 100
86 101
87 102
88 103
88 104
87 104
86 104
85 104
84 104
83 104
82 104
81 104
80 104
79 104
78 104
77 104
76 104
75 104
74 104
73 104
72 104
71 104
70 104
69 104
68 104
67 104
66 104
65 104
64 104
89 104
90 104
91 104
92 104
93 104
94 104
95 104
96 104
97 104
98 104
99 104
100 104
101 104
102 104
103 104
104 104
105 104
106 104
106 105
105 105
104 106
103 107
102 108
102 109
101 109
100 110
99 110
98 110
97 110
96 110
95 110
94 110
93 110
92 110
91 110
90 110
89 110
88 110
87 110
86 110
85 110
84 110
83 110
82 110
81 110
80 110
79 110
78 110
77 110
76 110
75 110
74 110
73 110
72 110
71 110
70 110
69 110
68 110
67 110
66 110
65 110
64 110
63 110
62 110
61 110
60 110
59 110
58 110
57 110
56 110
55 110
54 110
53 110
52 110
51 110
50 110
78 111
79 111
80 111
81 111
82 111
83 111
84 111
85 111
86 111
87 111
88 111
89 111
90 111
91 111
92 111
93 111
94 111
95 111
96 111
97 111
98 111
99 111
98 112
97 112
96 112
95 112
94 112
93 112
92 112
91 112
90 112
89 112
88 112
87 112
86 112
85 112
84 112
83 112
82 112
81 112
80 112
79 112
78 112
77 112
76 112
75 112
74 112
73 112
72 112
71 112
70 112
69 112
68 112
67 112
66 112
65 112
64 112
63 112
62 112
61 112
60 112
59 112
58 112
57 112
56 112
55 112
54 112
53 112
52 112
51 112
50 112
49 112
48 112
47 112
46 112
45 112
44 112
43 112
42 112
41 112
40 112
39 112
38 112
37 112
36 112
35 112
34 112
33 112
32 112
31 112
97 113
98 113
99 114
100 115
101 116
102 116
102 115
103 115
102 114
102 113
101 113
100 112
101 111
102 111
102 110
102 112
103 113
104 114
105 115
104 116
105 117
106 116
107 117
106 118
107 119
108 118
109 119
108 120
109 121
110 120
111 121
110 122
111 123
112 122
113 123
114 123
114 122
114 121
114 120
114 119
114 118
114 117
114 116
114 115
114 114
115 114
114 113
114 112
113 112
112 111
111 110
110 109
109 108
108 107
107 106
114 111
114 110
114 109
114 108
115 108
114 107
114 106
113 106
112 105
111 104
110 103
109 102
108 102
108 101
109 101
110 100
111 99
112 99
112 98
111 98
110 97
109 96
109 95
108 95
107 95
106 95
105 95
104 95
103 95
102 95
101 95
100 95
99 95
98 95
97 95
96 95
95 95
94 95
93 95
92 95
91 95
90 95
89 95
88 95
87 95
86 95
85 95
84 95
83 95
84 94
84 96
85 97
86 96
87 97
86 98
87 99
88 98
89 99
88 100
89 101
90 100
91 101
90 102
91 103
92 102
93 103
95 94
94 93
93 92
92 91
97 96
98 97
99 98
100 99
101 100
102 101
103 102
104 103
101 94
100 93
99 92
98 91
103 96
104 97
105 98
106 99
107 100
107 94
106 93
105 92
104 91
106 91
107 91
107 92
108 92
108 93
109 93
109 94
110 94
110 95
111 95
112 95
113 95
114 95
115 95
114 96
113 97
112 97
112 96
111 96
113 98
114 98
114 99
115 99
115 100
114 100
113 100
114 101
114 102
115 102
115 103
114 103
114 104
114 105
116 103
116 104
117 104
117 105
118 105
118 106
119 106
119 107
120 107
120 108
121 108
121 109
122 109
122 110
123 110
123 111
124 111
124 112
125 112
125 113
126 113
126 114
127 114
127 115
128 115
128 116
129 116
129 117
130 117
130 118
131 118
131 119
132 119
132 120
133 120
133 121
134 121
134 122
135 122
135 123
136 123
136 124
137 124
137 125
138 125
138 126
139 126
139 127
140 127
140 128
141 128
141 129
142 129
142 130
143 130
143 131
144 131
144 132
145 132
145 133
146 133
146 134
147 134
147 135
148 135
149 135
149 134
150 134
149 133
148 133
148 132
147 132
147 131
146 131
146 130
145 130
145 129
144 129
144 128
143 128
143 127
142 127
142 126
141 126
141 125
140 125
140 124
139 124
139 123
138 123
138 122
137 122
137 121
136 121
136 120
135 120
135 119
134 119
134 118
133 118
133 117
132 117
132 116
131 116
131 115
130 115
130 114
129 114
129 113
128 113
128 112
127 112
127 111
126 111
126 110
125 110
125 109
124 109
124 108
123 108
123 107
122 107
122 106
121 106
121 105
120 105
120 104
119 104
119 103
118 103
118 102
117 102
117 101
116 101
116 100
122 105
123 105
124 105
125 105
126 105
127 105
128 105
129 105
130 105
131 105
132 105
133 105
134 104
135 104
136 104
137 104
138 104
139 104
140 104
141 104
142 104
143 104
144 104
145 104
146 104
147 104
148 104
149 104
150 104
151 104
152 104
153 104
154 104
155 104
156 104
157 104
158 104
159 104
160 104
161 104
162 104
148 103
147 103
146 103
145 103
144 103
143 103
142 103
141 103
140 103
139 103
138 103
137 103
136 103
135 103
134 103
133 103
132 102
131 101
131 100
130 100
130 99
129 99
128 98
127 97
126 96
125 95
124 94
123 93
122 92
121 91
121 90
120 89
120 88
119 88
119 87
118 87
118 86
117 86
117 85
116 85
116 84
115 84
115 83
114 83
114 82
113 82
113 81
112 81
112 80
111 80
111 79
110 79
110 78
109 78
109 77
108 77
108 76
107 76
107 75
106 75
106 74
105 74
105 73
104 73
104 72
103 72
103 71
102 71
102 70
101 70
101 69
100 69
100 68
99 68
99 67
98 67
98 66
97 66
97 65
96 65
96 64
95 64
95 63
94 63
94 62
93 62
93 61
92 61
92 60
91 60
91 59
90 59
90 58
89 58
89 57
88 57
88 56
87 56
87 55
86 55
86 54
85 54
85 53
84 53
84 52
83 52
83 51
82 51
82 50
81 50
81 49
80 49
80 48
79 47
78 46
77 45
76 44
75 43
74 42
73 41
72 40
71 39
70 38
69 37
68 36
67 35
66 34
120 87
120 86
120 85
121 85
121 84
120 84
120 83
120 82
120 81
119 81
118 80
117 79
116 78
115 77
114 76
120 80
120 79
120 78
121 78
120 77
119 77
118 76
117 75
116 74
115 73
114 72
113 71
112 70
111 69
110 68
109 67
108 66
107 65
106 64
105 63
104 62
103 61
102 60
101 59
100 58
99 57
98 56
97 55
96 54
120 76
120 75
121 75
120 74
120 73
119 73
118 72
117 71
116 70
115 69
114 68
113 67
112 66
111 65
110 64
109 63
108 62
107 61
106 60
105 59
104 58
103 57
102 56
101 55
100 54
99 53
98 52
97 51
96 50
95 49
94 48
93 47
92 46
91 45
90 44
89 43
88 42
87 41
86 40
85 39
84 38
83 37
82 36
81 35
80 34
120 72
120 71
120 70
120 69
120 68
120 67
120 66
119 66
118 65
117 64
116 63
115 62
114 61
120 65
120 64
121 64
120 63
120 62
120 61
120 60
120 59
119 59
118 58
117 57
116 56
115 55
114 54
113 53
112 52
111 51
110 50
109 49
108 48
107 47
106 46
105 45
104 44
103 43
102 42
101 41
100 40
99 39
98 38
97 37
96 36
95 35
94 34
105 43
106 44
107 45
108 46
109 47
110 48
111 49
112 50
113 51
114 52
115 53
116 54
117 55
118 56
119 57
120 57
121 57
120 56
120 55
120 54
120 53
120 52
119 52
118 51
117 50
116 49
115 48
114 47
120 51
120 50
120 49
120 48
120 47
120 46
120 45
120 44
119 44
118 43
117 42
116 41
115 40
114 39
113 38
112 37
111 36
110 35
109 34
108 33
107 32
106 31
105 30
120 43
120 42
120 41
120 40
120 39
120 38
120 37
119 36
118 35
117 34
121 44
122 43
123 42
124 41
125 40
126 39
127 38
128 37
129 36
130 35
131 34
120 58
122 56
123 55
124 54
125 53
126 52
127 51
128 50
129 49
130 48
131 47
132 46
133 45
134 44
135 43
136 42
137 41
138 40
139 39
140 38
141 37
142 36
143 35
144 34
122 63
123 62
124 61
125 60
126 59
127 58
128 57
129 56
130 55
131 54
132 53
122 74
123 73
124 72
125 71
126 70
127 69
128 68
129 67
130 66
131 65
132 64
133 63
134 62
135 61
136 60
137 59
138 58
139 57
140 56
141 55
142 54
143 53
144 52
145 51
146 50
147 49
122 77
123 76
124 75
125 74
126 73
127 72
128 71
129 70
130 69
131 68
132 67
133 66
134 65
135 64
136 63
137 62
138 61
139 60
140 59
141 58
142 57
143 56
144 55
145 54
146 53
147 52
148 51
149 50
150 49
151 48
152 47
153 46
154 45
155 44
156 43
157 42
158 41
159 40
160 39
161 38
162 37
163 36
164 35
165 34
122 84
122 83
123 83
123 82
124 82
124 81
125 81
125 80
126 80
126 79
127 79
127 78
128 78
128 77
129 77
129 76
130 76
130 75
131 75
131 74
132 74
132 73
133 72
134 71
135 70
136 69
137 68
138 67
139 66
140 65
141 64
142 63
143 62
144 61
145 60
146 59
147 58
148 57
149 56
150 55
151 54
152 53
153 52
154 51
155 50
156 49
157 48
158 47
159 46
160 45
161 44
162 43
163 42
164 41
165 40
166 39
167 38
168 37
169 36
170 35
171 34
172 33
173 32
174 31
175 30
176 29
177 28
178 27
179 26
119 91
118 92
117 93
116 94
122 90
123 90
124 90
125 90
126 90
127 90
128 90
129 90
130 90
131 90
132 90
133 90
134 90
135 90
136 90
137 90
138 90
139 90
140 90
141 90
142 90
143 90
144 90
145 90
146 90
147 90
148 90
149 90
150 90
151 90
152 90
153 90
154 90
155 90
156 90
157 90
158 90
159 90
160 90
161 90
162 90
163 90
164 90
165 90
166 90
167 90
168 90
169 90
170 90
171 90
172 90
173 90
174 90
175 90
176 90
177 90
178 90
179 90
180 90
181 90
182 90
183 90
184 90
185 90
186 90
187 90
188 90
189 90
190 90
191 90
192 90
193 90
194 90
195 90
196 90
197 90
198 90
199 90
200 90
201 90
202 90
203 89
204 88
205 87
194 89
195 88
196 87
197 86
198 85
199 84
200 83
201 82
202 81
203 80
204 79
205 78
206 77
207 76
208 75
209 74
210 73
211 72
212 71
213 70
214 69
215 68
189 89
190 88
191 87
192 86
193 85
194 84
183 89
184 88
185 87
186 86
187 85
188 84
189 83
190 82
191 81
192 80
193 79
194 78
195 77
196 76
197 75
198 74
199 73
200 72
201 71
202 70
203 69
204 68
177 89
176 88
175 89
177 87
178 86
179 85
180 84
181 83
182 82
183 81
184 80
185 79
186 78
187 77
188 76
189 75
190 74
191 73
192 72
193 71
194 70
195 69
196 68
197 67
198 66
199 65
200 64
201 63
202 62
203 61
204 60
205 59
206 58
207 57
208 56
209 55
210 54
211 53
212 52
213 51
214 50
181 85
180 86
179 87
178 88
169 89
163 89
162 89
163 88
164 88
164 87
165 87
165 86
166 86
166 85
167 85
167 84
168 84
168 83
169 83
169 82
170 82
170 81
171 81
171 80
172 80
172 79
173 79
173 78
174 78
174 77
175 77
175 76
176 76
176 75
177 75
177 74
178 74
178 73
179 73
179 72
180 72
180 71
181 71
181 70
182 69
183 68
184 67
185 66
186 65
187 64
188 63
189 62
190 61
191 60
192 59
193 58
194 57
195 56
196 55
197 54
198 53
199 52
200 51
201 50
202 49
149 89
150 88
151 87
152 86
153 85
154 84
155 83
156 82
157 81
158 80
159 79
160 78
161 77
162 76
163 75
164 74
165 73
166 72
167 71
168 70
169 69
170 68
171 67
172 66
173 65
174 64
175 63
176 62
177 61
178 60
179 59
180 58
181 57
146 89
147 88
148 87
149 86
150 85
151 84
152 83
153 82
154 81
155 80
156 79
157 78
158 77
159 76
160 75
161 74
162 73
163 72
164 71
165 70
166 69
167 68
168 67
169 66
170 65
171 64
172 63
173 62
174 61
175 60
176 59
177 58
178 57
179 56
180 55
181 54
182 53
183 52
184 51
185 50
186 49
187 48
188 47
189 46
190 45
191 44
192 43
193 42
194 41
195 40
196 39
142 89
143 88
144 87
145 86
146 85
147 84
148 83
149 82
150 81
151 80
152 79
153 78
154 77
155 76
156 75
157 74
158 73
159 72
160 71
161 70
162 69
163 68
164 67
165 66
166 65
167 64
168 63
169 62
170 61
171 60
172 59
173 58
174 57
175 56
176 55
177 54
178 53
179 52
180 51
181 50
182 49
183 48
184 47
185 46
186 45
187 44
188 43
189 42
190 41
191 40
192 39
193 38
194 37
139 89
138 88
137 89
139 87
140 86
141 85
142 84
143 83
144 82
145 81
146 80
147 79
148 78
149 79
148 80
147 81
146 82
145 83
144 84
143 85
142 86
141 87
140 88
150 78
151 77
152 76
153 75
154 74
155 73
156 72
157 71
158 70
159 69
160 68
161 67
162 66
163 65
164 64
132 89
133 88
134 87
135 86
136 85
137 84
138 83
139 82
140 81
141 80
142 79
143 78
144 77
145 76
146 75
147 74
148 73
149 72
150 71
151 70
152 69
153 68
154 67
155 66
156 65
157 64
158 63
159 62
160 61
161 60
162 59
163 58
164 57
165 56
166 55
167 54
168 53
169 52
170 51
171 50
172 49
173 48
174 47
175 46
176 45
177 44
178 43
179 42
180 41
181 40
182 39
183 38
128 89
127 88
126 89
125 89
128 87
129 86
130 85
131 84
132 83
133 82
134 81
135 80
136 79
137 78
138 77
139 76
140 75
141 74
142 73
143 72
144 71
145 70
146 69
147 68
148 67
149 66
150 65
151 64
152 63
153 62
154 61
155 60
156 59
157 58
158 57
159 56
160 55
161 54
162 53
163 52
164 53
163 54
162 55
161 56
160 57
159 58
158 59
157 60
156 61
155 62
154 63
153 64
152 65
151 66
150 67
149 68
148 69
147 70
146 71
145 72
144 73
143 74
142 75
141 76
140 77
139 78
138 79
137 80
136 81
135 82
134 83
133 84
132 85
131 86
130 87
129 88
165 52
166 51
167 50
168 49
169 48
170 47
171 46
172 45
122 89
123 88
124 87
125 86
126 85
127 84
128 83
129 82
130 81
131 80
132 79
133 78
134 77
135 76
136 75
137 74
138 73
139 72
140 71
141 70
142 69
143 68
144 67
145 66
146 65
147 64
148 63
131 99
132 99
133 99
134 99
135 99
136 99
137 99
138 99
139 99
140 99
141 99
142 99
143 99
144 99
145 99
146 99
147 99
148 99
149 99
150 99
151 99
152 99
153 99
154 99
155 99
156 99
157 99
158 99
159 99
160 99
161 99
162 99
163 99
164 99
165 99
166 99
167 99
168 99
169 99
170 99
171 99
172 99
173 99
174 99
175 99
176 99
177 99
178 99
179 99
180 99
181 99
182 99
183 99
184 99
185 99
186 99
187 99
188 99
189 99
190 99
191 99
192 99
193 99
194 99
181 100
180 100
179 100
178 100
177 100
176 100
175 100
174 100
173 100
172 100
171 100
170 100
169 100
168 100
167 100
166 100
165 100
164 100
163 100
162 100
161 100
160 100
159 100
158 100
157 100
156 100
155 100
154 100
153 100
152 100
151 100
150 100
149 100
148 100
147 100
146 100
145 100
144 100
143 100
142 100
141 100
140 100
139 100
138 100
137 100
136 100
135 100
134 100
133 100
132 100
135 105
136 106
137 106
138 106
139 106
140 106
141 106
142 106
143 106
144 106
145 106
146 106
147 106
148 106
149 106
150 106
151 106
152 106
153 106
154 106
155 106
156 106
157 106
158 106
159 106
160 106
161 106
162 106
163 106
164 106
165 106
166 106
167 106
168 106
169 106
170 106
171 106
172 106
173 106
174 106
175 106
176 106
177 106
178 106
179 106
180 106
181 106
182 106
183 106
184 106
185 106
186 106
187 106
188 106
189 106
190 106
191 106
192 106
193 106
194 106
195 106
196 106
197 106
198 106
199 106
200 106
201 106
202 106
203 106
204 106
205 106
137 107
138 108
139 109
140 110
141 111
142 112
143 113
144 113
145 113
146 113
147 113
148 113
149 113
150 113
151 113
152 113
153 113
154 113
155 113
156 113
157 113
158 113
159 113
160 113
161 113
162 113
163 113
164 113
165 113
166 113
167 113
168 113
169 113
170 113
171 113
172 113
173 113
174 113
175 113
176 113
177 113
178 113
179 113
180 113
181 113
182 113
183 113
184 113
185 113
186 113
187 113
188 113
189 113
190 113
191 113
192 113
193 113
194 113
144 114
145 115
146 116
147 116
148 116
149 116
150 116
151 116
152 116
153 116
154 116
155 116
156 116
157 116
158 116
159 116
160 116
161 116
162 116
163 116
164 116
165 116
166 116
167 116
168 116
169 116
170 116
171 116
172 116
173 116
174 116
175 116
176 116
177 116
178 116
179 116
180 116
181 116
147 117
148 118
149 119
150 120
151 121
152 122
153 123
154 124
155 125
156 126
157 126
158 126
159 126
160 126
161 126
162 126
163 126
164 126
165 126
166 126
167 126
168 126
169 126
170 126
171 126
172 126
173 126
174 126
175 126
176 126
177 126
178 126
179 126
180 126
181 126
182 126
183 126
184 126
185 126
186 126
187 126
188 126
189 126
190 126
191 126
192 126
193 126
194 126
195 126
196 126
197 126
198 126
199 126
200 126
201 126
202 126
203 126
204 126
205 126
206 126
207 126
208 126
209 126
210 126
211 126
212 126
213 126
214 126
203 127
202 127
201 127
200 127
199 127
198 127
197 127
196 127
195 127
194 127
193 127
192 127
191 127
190 127
189 127
188 127
187 127
186 127
185 127
184 127
183 127
182 127
181 127
180 127
179 127
178 127
177 127
176 127
175 127
174 127
173 127
172 127
171 127
170 127
169 127
168 127
167 127
166 127
165 127
164 127
163 127
162 127
161 127
160 127
159 127
158 127
157 127
158 128
159 129
160 130
161 130
162 130
163 130
164 130
165 130
166 130
167 130
168 130
169 130
170 130
171 130
172 130
173 130
174 130
174 131
173 131
172 131
171 131
170 131
169 131
168 131
167 131
166 131
165 131
164 131
163 131
162 131
161 131
162 132
163 133
164 134
165 135
166 136
167 137
168 137
169 137
170 137
171 137
172 137
173 137
174 137
175 137
176 137
177 137
178 137
179 137
180 137
181 137
182 137
183 137
184 137
185 137
186 137
187 137
188 137
189 137
190 137
191 137
192 137
193 137
194 137
195 137
196 137
197 137
198 137
199 137
200 137
168 138
169 139
170 140
171 141
172 142
173 142
174 142
175 142
176 142
177 142
178 142
179 142
180 142
181 142
182 142
183 142
184 142
185 142
186 142
187 142
188 142
189 142
190 142
187 143
186 143
185 143
184 143
183 143
182 143
181 143
180 143
179 143
178 143
177 143
176 143
175 143
174 143
173 143
174 144
175 145
176 145
177 145
178 145
179 145
180 145
181 145
182 145
183 145
184 145
185 145
186 145
175 131
176 131
177 131
178 131
179 131
180 131
181 131
182 131
183 131
184 131
185 131
186 131
187 131
188 131
151 135
152 136
153 137
154 138
155 139
156 140
157 141
158 142
159 143
160 144
161 144
162 144
149 136
148 136
149 137
149 138
149 139
149 140
149 141
148 141
147 140
146 139
145 138
144 137
143 136
142 135
141 134
140 133
139 132
138 131
137 130
136 129
135 128
134 127
133 126
132 125
131 124
130 123
129 122
128 121
127 120
126 119
125 118
124 117
123 116
122 115
121 114
120 113
119 112
118 111
117 110
116 109
149 142
149 143
149 144
148 144
147 144
146 144
145 144
144 144
143 144
142 144
141 144
140 144
139 144
138 144
137 144
136 144
135 144
134 144
133 144
132 144
131 144
130 144
129 144
128 143
127 142
126 141
125 140
124 139
123 138
122 137
121 136
120 135
119 134
118 133
117 132
116 131
115 130
114 130
114 129
114 128
113 128
112 127
111 126
110 125
109 124
108 123
107 122
106 121
105 120
104 119
103 118
102 118
102 117
102 119
102 120
102 121
102 122
102 123
102 124
102 125
102 126
102 127
102 128
102 129
102 130
102 131
102 132
102 133
102 134
102 135
102 136
102 137
102 138
102 139
102 140
102 141
102 142
102 143
102 144
114 127
115 127
114 126
114 125
113 125
112 124
114 124
115 125
116 126
117 127
116 128
117 129
118 128
119 129
118 130
119 131
120 130
121 131
120 132
121 133
122 132
123 133
122 134
123 135
124 134
125 135
124 136
125 137
126 136
127 137
126 138
127 139
128 138
129 139
128 140
129 141
130 140
131 141
130 142
131 143
132 142
133 143
114 131
114 132
114 133
114 134
114 135
114 136
114 137
114 138
114 139
114 140
114 141
114 142
114 143
144 143
143 142
142 141
141 140
140 139
139 138
138 137
137 136
136 135
135 134
134 133
133 132
132 131
131 130
130 129
129 128
128 127
127 126
126 125
125 124
124 123
123 122
122 121
121 120
120 119
119 118
118 117
117 116
116 115
107 103
96 114
95 115
94 115
93 115
92 115
91 115
90 115
89 115
88 115
87 115
86 115
85 115
84 115
83 115
82 115
81 115
80 115
79 115
78 115
77 115
76 115
75 115
74 115
73 115
72 115
71 115
70 115
69 115
68 115
67 115
66 115
65 115
64 115
94 116
95 116
95 117
95 118
95 119
95 120
95 121
95 122
95 123
95 124
95 125
93 117
92 118
91 119
90 120
90 121
89 121
88 122
87 123
86 124
85 125
84 126
83 127
82 127
81 127
80 127
79 127
78 127
77 127
76 127
75 127
74 127
73 127
72 127
71 127
70 127
69 127
68 127
82 128
81 129
80 129
79 129
78 129
77 129
76 129
75 129
74 129
73 129
72 129
71 129
70 129
69 129
68 129
67 129
66 129
65 129
64 129
63 129
62 129
61 129
60 129
59 129
58 129
57 129
56 129
55 129
54 129
53 129
52 129
51 129
50 129
49 129
48 129
47 129
46 129
45 129
44 129
43 129
42 129
41 129
40 129
39 129
38 129
37 129
36 129
35 129
34 129
33 129
32 129
31 129
30 129
80 130
79 131
78 131
77 131
76 131
75 131
74 131
73 131
72 131
71 131
70 131
69 131
68 131
67 131
66 131
65 131
64 131
63 131
62 131
61 131
60 131
59 131
58 131
57 131
56 131
55 131
54 131
53 131
52 131
51 131
50 131
49 131
48 131
78 132
77 133
76 134
75 135
74 136
73 136
72 136
71 136
70 136
69 136
68 136
67 136
66 136
65 136
64 136
63 136
62 136
61 136
60 136
59 136
58 136
57 136
56 136
55 136
54 136
53 136
52 136
51 136
50 136
49 136
48 136
47 136
46 136
45 136
44 136
43 136
42 136
41 136
40 136
39 136
38 136
37 136
36 136
35 136
37 137
38 137
39 137
40 137
41 137
42 137
43 137
44 137
45 137
46 137
47 137
48 137
49 137
50 137
51 137
52 137
53 137
54 137
55 137
56 137
57 137
58 137
59 137
60 137
61 137
62 137
63 137
64 137
65 137
66 137
67 137
68 137
69 137
70 137
71 137
72 137
73 137
72 138
71 139
70 140
69 141
69 142
68 142
67 142
66 142
65 142
64 142
63 142
62 142
61 142
60 142
59 142
58 142
57 142
56 142
55 142
54 142
53 142
52 142
51 142
50 142
49 142
48 142
49 143
50 143
51 143
52 143
53 143
54 143
55 143
56 143
57 143
58 143
59 143
60 143
61 143
62 143
63 143
64 143
65 143
66 143
67 143
66 144
65 144
64 144
63 144
62 144
61 144
60 144
59 144
58 144
57 144
56 144
55 144
54 144
53 144
52 144
51 144
50 144
55 145
56 145
57 145
58 145
59 145
60 145
61 145
62 145
63 145
64 145
65 145
69 143
69 144
90 122
90 123
90 124
90 125
90 126
90 127
90 128
90 129
90 130
90 131
90 132
90 133
90 134
90 135
90 136
90 137
90 138
90 139
90 140
90 141
90 142
90 143
90 144
94 109
93 108
92 107
91 106
90 105
97 109
96 108
95 107
94 106
93 105
95 105
96 106
97 107
98 108
99 109
115
114 90
94 90
75 90
31 78
51 89
63 89
49 78
50 67
30 57
32 44
78 62
53 33
54 29
55 27
64 63
66 76
81 77
96 73
65 50
49 34
48 35
58 51
47 46
36 40
31 95
80 99
64 104
50 110
78 111
31 112
114 115
114 102
148 132
133 105
162 104
148 103
80 49
66 34
114 76
96 54
80 34
114 61
94 34
105 43
114 47
105 30
117 34
131 34
144 34
132 53
147 49
165 34
132 74
179 26
158 90
205 87
215 68
194 84
204 68
214 50
181 85
169 89
181 71
202 49
163 75
181 57
196 39
194 37
137 89
148 78
164 64
183 38
125 89
163 52
172 45
148 63
194 99
181 100
205 106
194 113
164 116
181 116
149 119
214 126
203 127
164 127
174 130
200 137
190 142
187 143
175 143
186 145
188 131
162 144
132 125
149 144
132 144
114 129
102 144
114 143
64 115
95 125
68 127
82 128
30 129
48 131
35 136
37 137
48 142
49 143
50 144
55 145
69 144
90 144
96 106
