3356
119 90
118 90
117 90
116 90
115 90
114 90
113 90
112 90
111 90
110 90
109 90
108 90
107 90
106 90
105 90
104 90
103 90
102 90
101 90
100 90
99 90
98 90
97 90
96 90
95 90
94 90
93 90
92 90
91 90
90 90
89 90
88 90
87 90
86 90
85 90
84 90
83 90
82 90
81 90
80 90
79 90
78 90
77 90
76 90
75 90
74 90
73 90
72 90
71 90
70 90
69 90
68 90
67 90
66 90
65 90
64 90
63 90
62 90
61 90
60 90
59 90
58 90
57 90
56 90
55 90
54 90
53 90
52 90
51 90
50 90
49 90
48 90
47 90
46 90
45 90
44 90
43 90
42 90
41 90
41 91
40 91
39 91
38 91
37 91
36 91
35 91
34 91
33 91
32 91
31 91
30 91
42 91
43 91
44 91
45 91
46 91
47 91
48 91
49 91
50 91
51 91
52 91
53 91
54 91
55 91
56 91
57 91
58 91
59 91
60 91
61 91
62 91
63 91
64 91
65 91
66 91
67 91
68 91
69 91
70 91
71 91
72 91
73 91
74 91
75 91
76 91
77 91
78 91
79 91
80 91
81 91
82 91
83 91
84 91
85 91
86 91
87 91
88 91
89 91
90 91
91 91
92 91
93 91
94 91
95 91
96 91
97 91
98 91
99 91
100 91
101 91
102 91
103 91
104 91
105 91
106 91
107 91
108 91
109 91
110 91
111 91
112 91
113 91
114 91
115 91
116 91
117 91
118 91
119 91
118 92
117 93
116 93
116 94
117 94
118 95
119 96
120 97
121 98
122 99
123 100
124 101
125 102
126 103
127 104
128 105
129 106
130 106
131 106
132 106
115 95
114 95
114 94
114 93
114 92
115 92
114 96
114 97
113 97
112 97
111 97
111 96
110 96
110 95
109 95
109 94
108 94
108 93
107 93
107 92
106 92
112 98
113 98
114 98
114 99
113 99
114 100
115 100
115 101
114 101
114 102
113 102
112 101
111 100
110 100
110 99
111 99
109 98
108 97
107 96
106 95
105 94
104 93
103 92
109 101
108 100
107 99
106 98
105 97
104 96
103 95
102 94
101 93
100 92
108 102
107 102
106 102
105 102
104 102
103 102
102 102
101 102
100 102
99 102
98 102
97 102
96 102
95 102
94 102
93 102
92 102
91 102
90 102
89 102
88 102
87 102
86 102
85 102
84 102
83 102
82 102
81 102
80 102
79 102
78 102
77 102
76 102
75 102
74 102
73 102
72 102
71 102
70 102
69 102
68 102
67 102
66 102
65 102
64 102
63 102
62 102
61 102
60 102
59 102
58 102
57 102
56 102
55 102
54 102
53 102
52 102
51 102
50 102
49 102
48 102
47 102
46 102
45 102
44 102
43 102
42 102
41 102
40 102
39 102
38 102
37 102
36 102
35 102
34 102
33 102
32 102
31 102
95 101
94 100
93 99
92 98
91 97
90 96
89 95
88 94
87 93
86 92
97 103
98 104
97 105
97 106
96 106
95 106
94 106
93 106
92 106
91 106
90 106
89 106
88 106
87 106
86 106
85 106
84 106
83 106
82 106
81 106
80 106
79 106
78 106
77 106
76 106
75 106
74 106
73 106
72 106
71 106
70 106
69 106
68 106
67 106
66 106
65 106
98 106
99 106
100 106
101 106
102 106
103 106
104 106
103 105
102 104
101 103
103 107
102 108
101 107
100 108
99 107
101 109
100 110
99 110
98 110
97 110
96 110
95 110
94 110
93 110
92 110
91 110
90 110
89 110
88 110
87 110
86 110
85 110
84 110
83 110
82 110
81 110
80 110
79 110
78 110
77 110
76 110
75 110
74 110
73 110
72 110
71 110
70 110
69 110
68 110
67 110
66 110
65 110
64 110
63 110
62 110
61 110
60 110
59 110
58 110
57 110
56 110
55 110
54 110
53 110
52 110
51 110
50 110
49 110
99 111
98 112
97 113
96 113
95 113
94 113
93 113
92 113
91 113
90 113
89 113
88 113
87 113
86 113
85 113
84 113
83 113
82 113
81 113
80 113
79 113
78 113
77 113
76 113
75 113
74 113
73 113
72 113
71 113
70 113
69 113
68 113
67 113
66 113
65 113
64 113
63 113
62 113
61 113
60 113
59 113
58 113
57 113
56 113
55 113
54 113
53 113
52 113
51 113
50 113
49 113
48 113
47 113
46 113
45 113
44 113
43 113
42 113
41 113
40 113
39 113
38 113
37 113
36 113
35 113
34 113
33 113
32 113
31 113
30 113
96 114
95 115
95 116
94 116
93 117
93 118
92 118
91 119
90 120
89 121
88 122
87 123
86 124
85 125
84 126
83 126
82 126
81 126
80 126
79 126
78 126
77 126
76 126
75 126
74 126
73 126
72 126
71 126
70 126
69 126
82 127
83 127
82 128
81 129
81 130
80 130
79 130
78 130
77 130
76 130
75 130
74 130
73 130
72 130
71 130
70 130
69 130
68 130
67 130
66 130
65 130
64 130
63 130
62 130
61 130
60 130
59 130
58 130
57 130
56 130
55 130
54 130
53 130
52 130
51 130
50 130
49 130
48 130
47 130
46 130
45 130
44 130
43 130
42 130
41 130
40 130
39 130
38 130
37 130
36 130
35 130
34 130
33 130
32 130
31 130
30 130
79 131
78 132
77 133
76 134
75 135
74 136
73 136
72 136
71 136
70 136
69 136
68 136
67 136
66 136
65 136
64 136
63 136
62 136
61 136
60 136
59 136
58 136
57 136
56 136
55 136
54 136
53 136
52 136
51 136
50 136
49 136
48 136
47 136
46 136
45 136
44 136
43 136
42 136
41 136
40 136
39 136
38 136
37 136
36 136
35 136
36 137
37 137
38 137
39 137
40 137
41 137
42 137
43 137
44 137
45 137
46 137
47 137
48 137
49 137
50 137
51 137
52 137
53 137
54 137
55 137
56 137
57 137
58 137
59 137
60 137
61 137
62 137
63 137
64 137
65 137
66 137
67 137
68 137
69 137
70 137
71 137
72 137
73 137
72 138
71 139
70 140
70 141
69 141
68 141
67 141
66 141
65 141
64 141
63 141
62 141
61 141
60 141
59 141
58 141
57 141
56 141
55 141
54 141
53 141
52 141
51 141
50 141
49 141
48 141
47 141
49 142
50 142
51 142
52 142
53 142
54 142
55 142
56 142
57 142
58 142
59 142
60 142
61 142
62 142
63 142
64 142
65 142
66 142
67 142
68 142
67 143
66 144
65 144
64 144
63 144
62 144
61 144
60 144
59 144
58 144
57 144
56 144
55 144
54 144
53 144
52 144
51 144
50 144
55 145
56 145
57 145
58 145
59 145
60 145
61 145
62 145
63 145
64 145
65 145
70 142
70 143
70 144
81 131
81 132
81 133
81 134
81 135
81 136
81 137
81 138
81 139
81 140
81 141
81 142
81 143
81 144
93 119
93 120
93 121
93 122
93 123
93 124
93 125
93 126
93 127
93 128
93 129
93 130
93 131
93 132
93 133
93 134
93 135
93 136
93 137
93 138
93 139
93 140
93 141
93 142
93 143
93 144
95 117
95 118
95 119
95 120
95 121
95 122
95 123
95 124
95 125
102 110
103 109
104 110
103 111
104 112
105 111
106 112
105 113
106 114
107 113
108 114
107 115
108 116
109 115
110 116
109 117
110 118
111 117
112 118
111 119
112 120
113 119
114 119
114 118
114 117
115 117
114 116
114 115
113 115
112 114
111 113
110 112
109 111
108 110
107 109
106 108
105 107
114 114
114 113
114 112
114 111
114 110
114 109
114 108
114 107
115 107
114 106
114 105
113 105
112 104
111 103
110 102
114 104
115 104
115 105
116 105
116 106
117 106
117 107
118 107
118 108
119 108
119 109
120 109
120 110
121 110
121 111
122 111
122 112
123 112
123 113
124 113
124 114
125 114
126 114
126 113
127 113
128 113
128 114
129 114
129 115
130 115
130 116
131 116
131 117
132 117
132 118
133 118
133 119
134 119
134 120
135 120
135 121
136 121
136 122
137 122
137 123
138 123
138 124
139 124
138 125
138 126
137 126
136 126
136 125
135 125
135 124
134 124
134 123
133 123
133 122
132 122
132 121
131 121
131 120
130 120
130 119
129 119
129 118
128 118
128 117
127 117
126 117
125 117
124 116
123 115
122 114
121 113
120 112
119 111
118 110
117 109
116 108
125 115
126 115
126 116
127 116
126 118
126 119
127 119
126 120
126 121
126 122
126 123
126 124
126 125
126 126
126 127
125 127
124 126
123 125
122 124
121 123
120 122
119 121
118 120
117 119
116 118
126 128
126 129
127 129
126 130
126 131
125 131
124 130
123 129
122 128
121 127
120 126
119 125
118 124
117 123
116 122
115 121
114 121
113 121
114 120
114 122
114 123
115 123
114 124
114 125
114 126
114 127
114 128
114 129
114 130
114 131
114 132
114 133
114 134
114 135
114 136
114 137
114 138
114 139
114 140
114 141
114 142
114 143
116 124
117 125
118 126
119 127
120 128
121 129
122 130
123 131
124 132
125 133
126 133
127 133
126 132
126 134
126 135
127 135
126 136
126 137
126 138
126 139
126 140
126 141
126 142
126 143
126 144
128 134
129 135
128 136
129 137
130 136
131 137
130 138
131 139
132 138
133 139
132 140
133 141
134 140
135 141
134 142
135 143
136 142
137 143
138 143
138 142
138 141
139 141
138 140
138 139
137 139
136 138
135 137
134 136
133 135
132 134
131 133
130 132
129 131
128 130
138 138
138 137
138 136
138 135
138 134
138 133
138 132
138 131
138 130
137 130
137 129
136 129
136 128
135 128
135 127
134 127
134 126
133 126
133 125
132 124
131 123
130 122
129 121
128 120
137 127
138 127
138 128
138 129
140 142
141 143
142 144
143 144
144 144
145 144
146 144
147 144
148 144
149 144
138 144
137 144
136 144
140 125
141 126
142 127
143 128
144 129
145 129
146 129
147 129
148 129
145 130
146 131
147 132
148 133
149 134
150 135
151 136
152 137
153 138
154 139
155 140
156 141
157 142
158 143
159 144
160 144
127 112
126 112
126 111
125 111
125 110
124 110
124 109
123 109
123 108
122 108
122 107
121 107
121 106
120 106
120 105
119 105
119 104
118 104
118 103
117 103
117 102
116 102
116 101
114 103
105 105
106 104
107 103
99 105
99 101
98 100
97 99
96 98
95 97
94 96
93 95
92 94
91 93
90 92
121 90
120 89
121 89
122 89
123 89
123 88
122 88
121 87
120 87
120 86
120 85
120 84
120 83
120 82
119 82
118 81
117 80
116 79
115 78
114 77
113 76
112 75
111 74
110 73
109 72
108 71
107 70
106 69
105 68
104 67
103 66
102 65
120 81
120 80
121 80
120 79
120 78
119 78
119 77
118 77
118 76
117 76
117 75
116 75
116 74
115 74
115 73
114 73
114 72
113 71
112 70
111 69
110 68
109 67
108 66
107 65
106 64
105 63
104 62
103 61
102 60
101 59
100 58
99 57
98 56
97 55
96 54
95 53
94 52
93 51
120 77
120 76
121 76
120 75
120 74
119 74
118 73
117 72
116 71
115 70
114 69
113 68
112 67
111 66
110 65
109 64
108 63
107 62
106 61
105 60
104 59
103 58
102 57
101 56
100 55
99 54
98 53
97 52
96 51
95 50
94 49
93 48
92 47
91 46
90 45
89 44
88 43
87 42
86 41
85 40
84 39
83 38
82 37
81 36
80 35
79 34
120 73
120 72
120 71
120 70
120 69
121 69
120 68
120 67
120 66
120 65
120 64
120 63
121 63
120 62
120 61
119 61
119 60
118 60
118 59
117 59
117 58
116 58
116 57
115 57
115 56
114 56
114 55
113 54
112 53
111 52
110 51
109 50
108 49
107 48
106 47
105 46
104 45
103 44
102 43
101 42
100 41
99 40
98 39
97 38
96 37
95 36
94 35
93 34
120 60
120 59
120 58
120 57
120 56
120 55
120 54
120 53
120 52
120 51
120 50
119 50
118 49
117 48
116 47
115 46
114 45
120 49
120 48
120 47
121 47
120 46
120 45
120 44
120 43
120 42
120 41
120 40
119 39
118 38
117 37
116 36
115 35
114 34
122 46
123 45
124 44
125 43
126 42
127 41
128 40
129 39
130 38
131 37
132 36
133 35
134 34
122 62
123 61
124 60
125 59
126 58
127 57
128 56
129 55
130 54
131 53
132 52
133 51
134 50
135 49
136 48
137 47
138 46
139 45
140 44
141 43
142 42
143 41
144 40
145 39
146 38
147 37
148 36
149 35
150 34
122 68
123 67
124 66
125 65
126 64
127 63
128 62
129 61
130 60
131 59
132 58
133 57
134 56
122 75
123 74
124 73
125 72
126 71
127 70
128 69
129 68
130 67
131 66
132 65
133 64
134 63
135 62
136 61
137 60
138 59
139 58
140 57
141 56
142 55
143 54
144 53
145 52
146 51
147 50
122 79
123 78
124 77
125 76
126 75
127 74
128 73
129 72
130 71
131 70
132 69
133 68
134 67
135 66
136 65
137 64
138 63
139 62
140 61
141 60
142 59
143 58
144 57
145 56
146 55
147 54
148 53
149 52
150 51
151 50
152 49
153 48
154 47
155 46
156 45
157 44
158 43
159 42
160 41
161 40
162 39
163 38
164 37
165 36
166 35
167 34
120 88
119 88
118 87
117 86
116 85
115 84
114 83
113 82
112 81
111 80
110 79
109 78
108 77
107 76
106 75
105 74
104 73
103 72
102 71
101 70
100 69
99 68
98 67
97 66
96 65
95 64
94 63
93 62
92 61
91 60
90 59
89 58
88 57
87 56
86 55
85 54
84 53
83 52
82 51
81 50
80 49
79 48
78 47
77 46
76 45
75 44
74 43
73 42
72 41
71 40
70 39
69 38
68 37
67 36
66 35
65 34
122 86
123 85
124 84
125 83
126 82
127 81
128 80
129 79
130 78
131 77
132 76
133 75
134 74
135 73
136 72
137 71
138 70
139 69
140 68
141 67
142 66
143 65
144 64
145 63
146 62
147 61
148 60
149 59
150 58
151 57
152 56
153 55
154 54
155 53
156 52
157 51
158 50
159 49
160 48
161 47
162 46
163 45
164 44
165 43
166 42
167 41
168 40
169 39
170 38
171 37
172 36
173 35
174 34
175 33
176 32
177 31
178 30
179 29
180 28
181 27
135 75
136 75
137 75
137 74
138 74
138 73
139 73
139 72
140 72
140 71
141 71
141 70
142 70
142 69
143 69
143 68
144 68
144 67
145 67
145 66
146 66
146 65
147 65
147 64
148 64
148 63
149 63
149 62
150 62
150 61
151 61
151 60
152 60
152 59
153 59
153 58
154 58
154 57
155 57
155 56
156 56
156 55
157 55
157 54
158 54
158 53
159 53
159 52
160 52
160 51
161 51
161 50
162 50
163 49
164 48
165 47
166 46
167 45
168 44
169 43
170 42
171 41
172 40
173 39
174 38
175 37
176 36
177 35
178 34
179 33
180 32
181 31
182 30
183 29
184 28
136 76
135 76
134 76
134 77
133 77
133 78
132 78
132 79
131 79
131 80
130 80
130 81
129 81
129 82
128 82
128 83
127 83
127 84
126 84
126 85
125 85
125 86
124 86
124 87
123 87
124 88
125 87
126 86
127 85
128 84
129 83
130 82
131 81
132 80
133 79
134 78
135 77
123 90
122 90
121 91
122 92
123 93
124 93
125 93
126 93
127 93
128 93
129 93
130 93
131 93
132 93
133 93
134 93
135 93
136 93
137 93
138 93
139 93
140 93
141 93
142 93
143 93
144 93
145 93
146 93
147 93
148 93
149 93
150 93
151 93
152 93
153 93
154 93
155 93
156 93
157 93
158 93
159 93
160 93
161 93
162 93
163 93
164 93
165 93
166 93
167 93
168 93
169 93
170 93
171 93
172 93
173 93
174 93
175 93
176 93
177 93
178 93
179 93
180 93
181 93
124 94
125 95
126 96
127 97
128 98
129 99
130 100
131 100
132 100
133 100
134 100
135 100
136 100
137 100
138 100
139 100
140 100
141 100
142 100
143 100
144 100
145 100
146 100
147 100
131 101
132 102
133 103
134 104
135 104
136 104
137 104
138 104
139 104
140 104
141 104
142 104
143 104
144 104
145 104
146 104
147 104
148 104
149 104
150 104
151 104
152 104
153 104
154 104
155 104
156 104
157 104
158 104
159 104
160 104
161 104
162 104
163 104
164 104
165 104
166 104
167 104
168 104
169 104
170 104
171 104
172 104
173 104
174 104
175 104
176 104
177 104
178 104
179 104
180 104
181 104
182 104
183 104
184 104
185 104
186 104
187 104
188 104
189 104
190 104
191 104
192 104
193 104
194 104
195 104
196 104
197 104
198 104
199 104
200 104
201 104
202 104
203 104
204 104
205 104
206 104
207 104
208 104
209 104
210 104
211 104
212 104
213 104
214 104
215 104
135 105
136 106
137 107
138 108
139 109
140 110
141 111
142 111
143 111
144 111
145 111
146 111
147 111
148 111
149 111
150 111
151 111
152 111
153 111
154 111
155 111
156 111
157 111
158 111
159 111
160 111
161 111
162 111
163 111
164 111
165 111
166 111
167 111
168 111
169 111
170 111
171 111
172 111
173 111
174 111
175 111
176 111
177 111
178 111
179 111
180 111
181 111
142 112
143 113
144 113
145 113
146 113
147 113
148 113
144 114
145 115
146 115
147 115
148 115
149 115
150 115
151 115
152 115
153 115
154 115
155 115
156 115
157 115
158 115
159 115
160 115
161 115
162 115
163 115
164 115
146 116
147 117
148 118
149 119
150 119
151 119
152 119
153 119
154 119
155 119
156 119
157 119
158 119
159 119
160 119
161 119
162 119
163 119
164 119
165 119
166 119
167 119
168 119
169 119
170 119
171 119
172 119
173 119
174 119
175 119
176 119
177 119
178 119
179 119
180 119
181 119
182 119
183 119
184 119
185 119
186 119
187 119
188 119
189 119
190 119
191 119
192 119
193 119
194 119
194 120
193 120
192 120
191 120
190 120
189 120
188 120
187 120
186 120
185 120
184 120
183 120
182 120
181 120
180 120
179 120
178 120
177 120
176 120
175 120
174 120
173 120
172 120
171 120
170 120
169 120
168 120
167 120
166 120
165 120
164 120
163 120
162 120
161 120
160 120
159 120
158 120
157 120
156 120
155 120
154 120
153 120
152 120
151 120
150 120
151 121
152 122
153 123
154 124
155 125
156 126
157 126
158 126
159 126
160 126
161 126
162 126
157 127
158 128
159 129
160 130
161 131
162 132
163 132
164 132
165 132
166 132
167 132
168 132
169 132
170 132
171 132
172 132
173 132
174 132
175 132
176 132
177 132
178 132
179 132
180 132
181 132
181 133
180 133
179 133
178 133
177 133
176 133
175 133
174 133
173 133
172 133
171 133
170 133
169 133
168 133
167 133
166 133
165 133
164 133
163 133
164 134
165 134
166 134
167 134
168 134
169 134
170 134
171 134
172 134
173 134
174 134
175 134
176 134
177 134
178 134
179 134
180 134
181 134
182 134
183 134
184 134
185 134
186 134
187 134
188 134
189 134
190 134
191 134
192 134
193 134
194 134
195 134
196 134
197 134
197 133
196 133
195 133
194 133
193 133
192 133
191 133
190 133
189 133
188 133
187 133
186 133
185 133
184 133
183 133
182 133
198 133
199 133
200 133
201 133
202 133
203 133
204 133
205 133
206 133
207 133
208 133
209 133
210 133
211 133
165 135
166 136
167 137
168 138
169 139
170 139
171 139
172 139
173 139
174 139
175 139
176 139
177 139
178 139
179 139
180 139
181 139
182 139
183 139
184 139
185 139
186 139
187 139
188 139
189 139
190 139
191 139
192 139
193 139
194 139
195 139
193 140
192 140
191 140
190 140
189 140
188 140
187 140
186 140
185 140
184 140
183 140
182 140
181 140
180 140
179 140
178 140
177 140
176 140
175 140
174 140
173 140
172 140
171 140
170 140
171 141
172 141
173 141
174 141
175 141
176 141
177 141
178 141
179 141
180 141
181 141
182 141
183 141
184 141
185 141
186 141
187 141
188 141
189 141
190 141
191 141
192 141
172 142
173 143
174 143
175 143
176 143
177 143
178 143
179 143
180 143
181 143
182 143
183 143
184 143
185 143
186 143
187 143
188 143
189 143
187 144
186 144
185 144
184 144
183 144
182 144
181 144
180 144
179 144
178 144
177 144
176 144
175 144
174 144
175 145
176 145
177 145
178 145
179 145
180 145
181 145
182 145
183 145
184 145
185 145
186 145
176 146
177 147
178 147
179 147
180 147
181 147
182 147
183 147
184 147
185 147
178 148
195 120
196 120
197 120
198 120
199 120
200 120
201 120
202 120
203 120
204 120
205 120
124 90
125 90
126 90
127 90
128 90
129 90
130 90
131 90
132 90
133 90
134 90
135 90
136 90
137 90
138 90
139 90
140 90
141 90
142 90
143 90
144 90
145 90
146 90
147 90
148 90
149 90
150 90
151 90
152 90
153 90
154 90
155 90
156 90
157 90
158 90
159 90
160 90
161 90
162 90
163 90
164 90
165 90
166 90
167 90
168 90
169 90
170 90
171 90
172 90
173 90
174 90
175 90
176 90
177 90
178 90
179 90
180 90
181 90
182 90
183 90
184 90
185 90
186 90
187 90
188 90
189 90
190 90
191 90
192 90
193 90
194 90
195 90
196 90
197 90
198 90
199 90
200 90
201 90
202 90
203 90
204 89
205 88
197 89
198 88
199 87
200 86
201 85
202 84
203 83
204 82
205 81
206 80
207 79
208 78
209 77
210 76
211 75
212 74
213 73
214 72
215 71
193 89
194 88
186 89
187 88
188 87
189 86
190 85
191 84
192 83
193 82
194 81
195 80
196 79
197 78
198 77
199 76
200 75
201 74
202 73
203 72
204 71
171 89
172 88
173 87
174 86
175 85
176 84
177 83
178 82
179 81
180 80
181 79
182 78
183 77
184 76
185 75
186 74
187 73
188 72
189 71
190 70
191 69
192 68
193 67
194 66
195 65
196 64
197 63
198 62
199 61
200 60
201 59
202 58
203 57
204 56
205 55
168 89
169 88
170 87
171 86
172 85
173 84
174 83
175 82
176 81
177 80
178 79
179 78
180 77
181 76
182 75
183 74
184 73
185 72
186 71
187 70
188 69
189 68
190 67
191 66
192 65
193 64
194 63
195 62
196 61
197 60
198 59
199 58
200 57
201 56
202 55
203 54
204 53
205 52
206 51
207 50
208 49
209 48
210 47
211 46
212 45
213 44
214 43
165 89
161 89
162 88
163 87
164 86
165 85
166 84
167 83
168 82
169 81
170 80
171 79
172 78
173 77
174 76
175 75
176 74
177 73
178 72
179 71
180 70
181 69
182 68
183 67
184 66
185 65
186 64
187 63
188 62
189 61
190 60
191 59
192 58
193 57
194 56
154 89
155 88
156 87
157 86
158 85
159 84
160 83
161 82
162 81
163 80
164 79
165 78
166 77
167 76
168 75
169 74
170 73
171 72
172 71
173 70
174 69
175 68
176 67
177 66
178 65
179 64
180 63
181 62
182 61
183 60
184 59
185 58
186 57
187 56
188 55
189 54
190 53
191 52
192 51
193 50
194 49
195 48
196 47
197 46
198 45
199 44
200 43
201 42
151 89
150 89
152 88
153 87
154 86
155 85
156 84
157 83
158 82
159 81
160 80
161 79
162 78
163 77
147 89
146 88
145 89
147 87
148 86
149 85
150 84
151 83
152 82
153 81
154 80
155 79
156 78
157 77
158 76
159 75
160 74
161 73
162 72
163 71
164 70
165 69
166 68
167 67
168 66
169 65
170 64
171 63
172 62
173 61
174 60
175 59
176 58
177 57
178 56
179 55
180 54
181 53
182 52
183 51
184 50
185 49
186 48
187 47
188 46
189 45
190 44
191 43
192 42
193 41
194 40
195 39
196 38
197 39
196 40
195 41
194 42
193 43
192 44
191 45
190 46
189 47
188 48
187 49
186 50
185 51
184 52
183 53
182 54
181 55
180 56
179 57
178 58
177 59
176 60
175 61
174 62
173 63
172 64
171 65
170 66
169 67
168 68
167 69
166 70
165 71
164 72
163 73
162 74
161 75
160 76
159 77
158 78
157 79
156 80
155 81
154 82
153 83
152 84
151 85
150 86
149 87
148 88
141 89
142 88
143 87
144 86
145 85
146 84
147 83
148 82
149 81
150 80
151 79
152 78
153 77
154 76
155 75
156 74
157 73
158 72
159 71
160 70
161 69
162 68
163 67
164 66
165 65
166 64
138 89
139 88
140 87
141 86
142 85
143 84
144 83
145 82
146 81
147 80
148 79
149 78
134 89
135 88
136 87
137 86
138 85
139 84
140 83
141 82
142 81
143 80
144 79
145 78
146 77
147 76
148 75
149 74
150 73
151 72
152 71
153 70
154 69
155 68
156 67
157 66
158 65
159 64
160 63
161 62
162 61
163 60
164 59
165 58
166 57
167 56
168 55
169 54
170 53
171 52
172 51
173 50
174 49
175 48
176 47
177 46
178 45
179 44
180 43
181 42
182 41
183 40
184 39
185 38
128 89
129 88
130 87
131 86
132 85
133 84
134 83
135 82
136 81
137 80
138 79
139 78
140 77
141 76
142 75
143 74
144 73
145 72
146 71
147 70
148 69
149 68
150 67
151 66
152 65
153 64
81 92
81 93
81 94
81 95
81 96
81 97
81 98
40 89
39 88
38 87
37 86
36 85
35 84
34 83
33 82
32 81
31 80
50 89
49 88
48 87
47 86
46 85
45 84
44 83
43 82
42 81
41 80
40 79
39 78
38 77
37 76
36 75
35 74
34 73
33 72
32 71
31 70
30 69
68 89
68 88
68 87
68 86
68 85
68 84
68 83
68 82
68 81
68 80
68 79
68 78
68 77
68 76
68 75
69 75
70 75
70 74
70 73
71 73
70 72
69 71
68 71
68 70
68 69
67 69
66 68
65 67
64 66
63 65
62 65
62 64
63 64
64 63
65 62
66 61
67 60
68 60
68 59
67 59
66 58
65 57
65 56
64 56
63 56
62 56
61 56
60 56
59 56
58 56
57 56
56 56
55 56
54 56
53 56
52 56
51 56
50 56
49 56
48 56
47 56
46 56
45 56
44 56
43 56
42 56
41 56
40 56
39 56
38 56
37 56
36 56
35 55
34 54
33 53
32 52
31 51
30 50
49 55
48 54
47 53
46 52
45 51
44 50
43 49
42 48
41 47
40 46
39 45
38 44
37 43
36 42
35 41
51 57
52 58
53 59
54 60
55 61
56 62
57 63
58 64
59 65
60 66
61 66
61 67
60 67
59 68
58 69
57 70
56 70
55 70
54 70
53 70
52 70
51 70
50 70
49 70
62 68
63 69
64 70
65 71
66 72
67 73
68 73
68 72
68 74
53 55
52 54
51 53
50 52
49 51
48 50
48 49
48 48
48 47
48 46
48 45
47 44
46 43
45 42
44 41
43 40
42 39
55 57
56 58
57 59
58 60
59 61
60 62
61 63
63 55
62 54
61 53
60 52
59 51
58 50
57 49
56 48
55 47
54 46
53 45
52 44
51 43
50 42
49 41
48 40
47 39
46 38
45 37
66 56
67 56
68 56
69 56
70 56
71 56
71 55
71 54
71 53
71 52
71 51
70 51
69 50
68 49
67 48
66 47
65 46
64 45
63 44
62 43
61 42
60 41
59 40
58 39
57 38
56 37
55 36
54 35
53 34
52 33
51 32
71 50
71 49
70 48
69 47
68 46
67 45
66 44
65 43
64 42
63 41
62 40
61 39
60 38
59 37
58 36
57 35
56 34
55 33
54 32
53 31
71 57
70 57
69 58
72 57
72 58
73 58
73 59
74 59
74 60
75 60
75 61
76 61
76 62
77 62
77 63
78 63
78 64
79 64
79 65
80 65
80 66
81 66
81 67
82 67
83 67
84 67
85 67
86 67
87 67
88 67
89 67
90 67
90 66
90 65
89 64
88 63
87 62
86 61
85 60
84 59
83 58
82 57
81 56
80 55
79 54
78 53
77 52
76 51
75 50
74 49
73 48
72 47
71 46
70 45
69 44
68 43
67 42
66 41
65 40
64 39
63 38
62 37
61 36
60 35
59 34
58 33
57 32
56 31
55 30
54 29
91 68
92 69
93 70
94 71
95 72
96 73
97 74
98 75
99 76
100 77
101 78
102 79
103 80
104 81
105 82
106 83
107 84
108 85
109 86
110 87
111 88
112 89
83 68
82 68
81 68
81 69
81 70
81 71
81 72
80 72
79 71
78 70
77 69
76 68
75 67
74 66
73 65
72 64
71 63
70 62
69 61
68 61
68 62
68 63
68 64
68 65
68 66
68 67
68 68
81 73
81 74
82 74
81 75
81 76
81 77
81 78
81 79
81 80
80 80
79 80
78 80
77 79
76 78
75 77
74 76
73 75
72 74
79 81
80 82
81 82
81 81
82 80
83 80
84 80
81 83
81 84
82 84
81 85
81 86
80 86
79 85
78 84
77 83
76 82
75 81
74 80
73 79
72 78
71 77
70 76
81 87
81 88
82 88
81 89
83 89
84 89
84 88
84 87
85 87
84 86
83 85
86 88
87 89
83 75
84 76
85 77
86 78
87 79
88 80
89 81
90 82
91 83
92 84
93 85
94 86
95 87
96 88
97 89
83 69
84 69
84 70
85 70
85 71
86 71
86 72
87 72
87 73
88 73
88 74
89 74
89 75
90 75
90 76
91 76
91 77
92 77
92 78
93 78
93 79
94 79
95 79
96 79
97 79
98 79
95 80
94 80
95 81
96 81
96 82
97 82
97 83
98 83
98 84
99 84
99 85
100 85
100 86
101 86
101 87
102 87
102 88
103 88
103 89
104 89
69 55
68 54
67 53
66 52
65 51
64 50
63 49
62 48
61 47
60 46
59 45
58 44
57 43
56 42
55 41
54 40
53 39
52 38
51 37
50 36
100 89
99 88
116
114 90
68 90
51 90
30 91
132 106
31 102
97 105
65 106
80 110
49 110
30 113
69 126
82 127
48 130
30 130
35 136
36 137
47 141
49 142
50 144
55 145
70 144
81 144
93 144
95 125
114 119
114 104
114 131
114 143
126 144
133 126
149 144
138 144
148 129
160 144
102 65
114 73
93 51
79 34
114 56
93 34
114 45
114 34
134 34
150 34
134 56
147 50
167 34
82 51
65 34
181 27
135 75
161 50
184 28
181 93
147 100
163 104
204 104
215 104
181 111
148 113
164 115
194 119
162 126
181 132
197 134
211 133
195 139
193 140
192 141
189 143
187 144
186 145
185 147
178 148
205 120
132 90
205 88
215 71
194 88
204 71
205 55
181 76
214 43
165 89
194 56
201 42
150 89
163 77
196 38
197 39
181 55
166 64
149 78
185 38
153 64
81 98
31 80
30 69
70 75
30 50
35 41
49 70
48 50
42 39
45 37
71 56
51 32
53 31
90 67
54 29
84 80
84 89
98 79
50 36
99 88
