3508
119 90
118 90
117 90
116 90
115 90
114 90
113 90
112 90
111 90
110 90
109 90
108 90
107 90
106 90
105 90
104 90
103 90
102 90
101 90
100 90
99 90
98 90
97 90
96 90
95 90
94 90
93 90
92 90
91 90
90 90
89 90
88 90
87 90
86 90
85 90
84 90
83 90
82 90
81 90
80 90
79 90
78 90
77 90
76 90
75 90
74 90
73 90
72 90
71 90
70 90
69 90
68 90
67 90
66 90
65 90
64 90
63 90
62 90
61 90
60 90
59 90
58 90
57 90
56 90
55 90
54 90
53 90
52 90
51 90
50 90
49 90
48 90
47 90
46 90
45 90
44 90
43 90
42 90
41 90
40 90
39 90
38 90
37 90
36 90
35 90
34 90
33 90
32 90
31 89
51 89
52 88
51 87
50 86
49 85
48 84
47 83
46 82
45 81
44 80
43 79
42 78
41 77
40 76
39 75
38 74
37 73
36 72
35 71
34 70
33 69
53 89
71 89
71 88
70 88
70 87
71 87
71 86
70 86
70 85
71 85
71 84
70 84
70 83
71 83
71 82
70 82
70 81
71 81
71 80
70 80
70 79
71 79
71 78
70 78
70 77
71 77
71 76
70 76
70 75
71 75
71 74
70 74
70 73
71 73
71 72
70 72
70 71
71 71
71 70
71 69
70 69
69 69
68 69
67 69
66 69
65 69
64 69
63 69
62 69
61 69
60 69
59 69
58 69
57 69
56 69
55 69
54 69
53 69
52 69
51 69
50 69
49 69
48 69
47 68
46 67
45 66
44 65
43 64
42 63
41 62
40 61
39 60
38 59
37 58
36 57
35 56
34 55
33 54
32 53
31 52
30 51
29 50
51 68
61 68
60 67
59 66
58 65
57 64
56 63
55 62
54 61
53 60
52 59
51 58
50 57
49 56
48 55
47 54
46 53
45 52
44 51
43 50
42 49
41 48
40 47
39 46
38 45
37 44
36 43
35 42
34 41
61 66
62 66
62 67
63 67
63 68
64 68
61 65
60 64
59 63
58 62
57 61
56 60
55 59
54 58
53 57
52 56
51 55
50 54
49 53
48 52
47 51
46 50
45 49
71 68
72 68
72 67
71 67
70 67
70 66
69 66
69 65
68 65
68 64
67 64
67 63
66 63
66 62
65 62
65 61
64 61
64 60
63 60
63 59
62 59
62 58
61 58
61 57
60 57
60 56
59 56
59 55
58 55
58 54
57 54
57 53
56 52
55 51
54 50
53 49
52 48
51 47
50 46
49 45
48 44
47 43
46 42
45 41
44 40
43 39
42 38
72 66
72 65
72 64
71 64
70 63
69 62
68 61
67 60
66 59
65 58
64 57
63 56
62 55
61 54
60 53
59 52
58 51
57 50
56 49
55 48
54 47
53 46
52 45
51 44
50 43
49 42
48 41
47 40
46 39
45 38
44 37
72 63
72 62
72 61
72 60
72 59
72 58
72 57
72 56
71 56
70 55
69 54
68 53
67 52
66 51
65 50
64 49
63 48
62 47
61 46
60 45
59 44
58 43
57 42
56 41
55 40
54 39
53 38
52 37
51 36
72 55
72 54
72 53
72 52
71 52
72 51
72 50
71 50
70 49
69 48
68 47
67 46
66 45
65 44
64 43
63 42
62 41
61 40
60 39
59 38
58 37
57 36
56 35
55 34
54 33
53 32
52 31
53 30
54 29
55 30
54 31
55 32
56 31
57 32
56 33
57 34
58 33
59 34
58 35
59 36
60 35
61 36
60 37
61 38
62 37
63 38
62 39
63 40
64 39
65 40
64 41
65 42
66 41
67 42
66 43
67 44
68 43
69 44
68 45
69 46
70 45
71 46
72 46
72 45
72 44
71 43
70 42
69 41
68 40
67 39
66 38
65 37
64 36
63 35
62 34
61 33
60 32
59 31
58 30
57 29
56 28
55 27
72 47
72 48
71 48
70 47
72 49
72 69
73 70
74 71
75 72
76 73
77 74
78 75
79 75
80 75
81 75
82 75
83 75
84 75
85 75
86 75
87 75
88 75
89 75
90 75
91 75
92 75
93 75
79 76
80 77
81 78
82 79
82 80
83 80
82 81
82 82
83 82
82 83
82 84
82 85
82 86
82 87
82 88
82 89
84 81
85 82
84 83
85 84
86 83
87 84
87 85
86 85
87 86
87 87
88 87
87 88
87 89
89 86
88 85
90 87
89 88
90 89
91 88
92 89
93 89
94 89
95 89
96 89
97 89
98 89
99 89
100 89
101 89
102 89
103 89
104 89
105 89
106 89
107 89
108 89
109 89
110 89
111 89
112 89
71 91
71 92
71 93
71 94
71 95
71 96
71 97
71 98
71 99
71 100
82 91
82 92
82 93
82 94
82 95
82 96
82 97
82 98
82 99
82 100
82 101
82 102
82 103
82 104
87 91
87 92
87 93
92 91
93 91
94 91
93 92
93 93
94 93
93 94
93 95
93 96
93 97
93 98
93 99
93 100
93 101
93 102
93 103
93 104
93 105
93 106
93 107
93 108
92 108
91 108
90 108
89 108
88 108
87 108
86 108
85 108
84 108
83 108
82 108
81 108
80 108
79 108
78 108
77 108
76 108
75 108
74 108
73 108
72 108
71 108
70 108
69 108
68 108
67 108
66 108
65 108
64 108
63 108
62 108
61 108
60 108
59 108
58 108
57 108
56 108
55 108
54 108
53 108
52 108
51 108
50 108
49 108
48 108
47 108
46 108
45 108
44 108
43 108
42 108
41 108
40 108
39 108
38 108
37 108
36 108
35 108
34 108
33 108
51 109
52 109
53 109
54 109
55 109
56 109
57 109
58 109
59 109
60 109
61 109
62 109
63 109
64 109
65 109
66 109
67 109
68 109
69 109
70 109
71 109
72 109
73 109
74 109
75 109
76 109
77 109
78 109
79 109
80 109
81 109
82 109
83 109
84 109
85 109
86 109
87 109
88 109
89 109
90 109
91 109
92 109
93 109
94 109
95 109
96 109
97 109
98 109
99 109
100 109
101 109
101 108
100 108
99 108
98 108
97 108
96 108
95 108
94 108
102 108
103 108
103 107
104 106
105 105
106 105
106 104
105 104
104 103
103 102
102 101
101 100
100 99
99 98
98 97
97 96
96 95
95 94
96 93
95 92
97 94
98 95
99 96
100 97
101 98
102 99
103 100
104 101
105 102
106 103
107 103
107 104
108 105
107 106
108 107
109 106
110 107
109 108
110 109
111 108
112 108
112 107
112 106
112 105
112 104
112 103
112 102
112 101
112 100
112 99
111 99
110 100
109 101
108 102
112 98
113 97
114 96
115 95
116 94
117 93
118 92
119 91
121 90
120 89
119 89
118 88
117 87
116 86
115 85
114 84
113 83
112 82
111 81
110 80
109 79
108 78
107 77
106 76
105 75
104 74
103 73
102 72
101 71
100 70
99 69
98 68
97 67
96 66
95 65
94 64
93 63
92 62
91 61
90 60
89 59
88 58
87 57
86 56
85 55
84 54
83 53
82 52
83 51
82 50
81 49
80 48
79 47
78 46
77 45
76 44
75 43
74 42
73 41
72 40
71 39
70 38
69 37
68 36
67 35
66 34
84 52
85 53
86 54
87 55
88 56
89 57
90 58
91 59
92 60
93 61
94 62
95 63
96 64
97 65
98 66
99 67
100 68
101 69
102 70
103 71
104 72
105 73
106 74
107 75
108 76
109 77
110 78
111 79
112 80
113 81
114 82
115 83
116 84
117 85
118 86
119 87
120 87
120 86
120 85
121 85
120 84
120 83
121 83
120 82
119 82
118 81
117 80
116 79
115 78
114 77
113 76
112 75
111 74
110 73
109 72
108 71
107 70
106 69
105 68
104 67
103 66
102 65
101 64
100 63
99 62
98 61
97 60
96 59
95 58
94 57
93 56
120 81
120 80
120 79
120 78
121 78
120 77
120 76
120 75
119 75
118 74
117 73
116 72
115 71
114 70
113 69
112 68
120 74
120 73
120 72
120 71
120 70
121 70
121 69
120 69
120 68
120 67
120 66
119 66
118 65
117 64
116 63
115 62
114 61
113 60
112 59
111 58
110 57
109 56
108 55
107 54
106 53
105 52
104 51
103 50
102 49
101 48
100 47
99 46
98 45
97 44
96 43
95 42
94 41
93 40
92 39
91 38
90 37
89 36
88 35
87 34
120 65
120 64
120 63
120 62
120 61
120 60
120 59
120 58
120 57
119 57
118 56
117 55
116 54
115 53
114 52
113 51
112 50
120 56
120 55
120 54
121 54
120 53
120 52
119 52
118 51
117 50
116 49
115 48
114 47
113 46
112 45
111 44
110 43
109 42
108 41
107 40
106 39
105 38
104 37
103 36
102 35
101 34
120 51
120 50
120 49
120 48
120 47
120 46
120 45
120 44
120 43
120 42
120 41
121 41
120 40
120 39
119 38
118 37
117 36
116 35
115 34
122 40
123 39
124 38
125 37
126 36
127 35
128 34
122 53
123 52
124 51
125 50
126 49
127 48
128 47
129 46
130 45
131 44
132 43
133 42
134 41
135 40
136 39
137 38
138 37
139 36
140 35
141 34
122 69
122 68
123 68
123 67
124 67
124 66
125 66
125 65
126 65
126 64
127 64
127 63
128 63
128 62
129 62
129 61
130 61
130 60
131 60
131 59
132 59
132 58
133 58
133 57
134 57
134 56
135 56
135 55
136 54
137 53
138 52
139 51
140 50
141 49
142 48
143 47
144 46
145 45
146 44
147 43
148 42
149 41
150 40
151 39
152 38
153 37
154 36
155 35
156 34
122 77
123 76
124 75
125 74
126 73
127 72
128 71
129 70
130 69
131 68
132 67
133 66
134 65
135 64
136 63
137 62
138 61
139 60
140 59
141 58
142 57
143 56
144 55
145 54
146 53
147 52
148 51
149 50
122 82
123 81
124 80
125 79
126 78
127 77
128 76
129 75
130 74
131 73
132 72
133 71
134 70
135 69
136 68
137 67
138 66
139 65
140 64
141 63
142 62
143 61
144 60
145 59
146 58
147 57
148 56
149 55
150 54
151 53
152 52
153 51
154 50
155 49
156 48
157 47
158 46
159 45
160 44
161 43
162 42
163 41
164 40
165 39
166 38
167 37
168 36
169 35
170 34
171 35
170 36
169 37
168 38
167 39
166 40
165 41
164 42
163 43
162 44
161 45
160 46
159 47
158 48
157 49
156 50
155 51
154 52
153 53
152 54
151 55
150 56
149 57
148 58
147 59
146 60
145 61
144 62
143 63
142 64
141 65
140 66
139 67
138 68
137 69
136 70
135 71
134 72
133 73
132 74
131 75
130 76
129 77
128 78
127 79
126 80
125 81
124 82
123 83
122 84
172 34
173 33
174 32
175 31
176 30
177 29
178 28
179 27
180 26
181 25
182 24
120 88
121 89
122 89
122 88
123 88
123 87
124 87
124 86
125 86
125 85
126 85
126 84
127 84
127 83
128 83
128 82
129 82
129 81
130 81
130 80
131 80
131 79
132 79
132 78
133 78
133 77
134 77
135 76
136 75
137 74
138 73
139 72
140 71
141 70
142 69
143 68
144 67
145 66
146 65
147 64
148 63
149 62
150 61
151 60
152 59
153 58
154 57
155 56
156 55
157 54
158 53
159 52
160 51
161 50
162 49
163 48
164 47
165 46
166 45
167 44
168 43
169 42
170 41
171 40
172 39
173 38
174 37
175 36
176 35
177 34
178 33
179 32
180 31
181 30
182 29
183 28
148 65
147 66
146 67
145 68
144 69
143 70
142 71
141 72
140 73
139 74
138 75
137 76
136 77
135 78
134 79
133 80
132 81
131 82
130 83
129 84
128 85
127 86
126 87
125 88
124 89
124 90
123 90
122 90
121 91
122 92
123 93
124 93
125 93
126 93
127 93
128 93
129 93
130 93
131 93
132 93
133 93
134 93
135 93
136 93
137 93
138 93
139 93
140 93
141 93
142 93
143 93
144 93
145 93
146 93
147 93
148 93
149 93
150 93
151 93
152 93
153 93
154 93
155 93
156 93
157 93
158 93
159 93
160 93
124 94
125 95
126 96
127 97
128 97
129 97
130 97
131 97
132 97
133 97
134 97
135 97
136 97
137 97
138 97
139 97
140 97
141 97
142 97
143 97
144 97
145 97
146 97
147 97
148 97
149 97
150 97
151 97
152 97
153 97
154 97
155 97
156 97
157 97
158 97
159 97
160 97
161 97
162 97
163 97
164 97
165 97
166 97
167 97
168 97
169 97
170 97
171 97
172 97
173 97
174 97
175 97
176 97
177 97
178 97
179 97
180 97
181 97
128 98
129 99
130 100
131 100
132 100
133 100
134 100
135 100
136 100
137 100
138 100
139 100
140 100
141 100
142 100
143 100
144 100
145 100
146 100
131 101
132 102
133 102
133 103
134 104
135 104
136 104
137 104
138 104
139 104
140 104
141 104
142 104
143 104
144 104
145 104
146 104
147 104
148 104
149 104
150 104
151 104
152 104
153 104
154 104
155 104
156 104
157 104
158 104
159 104
159 105
158 105
157 105
156 105
155 105
154 105
153 105
152 105
151 105
150 105
149 105
148 105
147 105
146 105
145 105
144 105
143 105
142 105
141 105
140 105
139 105
138 105
137 105
136 105
135 105
136 106
137 106
138 106
139 106
140 106
141 106
142 106
143 106
144 106
145 106
146 106
147 106
148 106
149 106
150 106
151 106
152 106
153 106
154 106
155 106
156 106
157 106
158 106
159 106
160 106
161 106
162 106
163 106
164 106
165 106
166 106
167 106
168 106
169 106
170 106
171 106
172 106
173 106
174 106
175 106
176 106
177 106
178 106
179 106
180 106
181 106
182 106
183 106
184 106
185 106
186 106
187 106
188 106
189 106
190 106
191 106
192 106
193 106
194 106
195 106
196 106
197 106
198 106
199 106
200 106
201 106
202 106
203 106
204 106
205 106
206 106
207 106
208 106
209 106
210 106
211 106
212 106
213 106
214 106
215 106
204 105
203 105
202 105
201 105
200 105
199 105
198 105
197 105
196 105
195 105
194 105
193 105
192 105
191 105
190 105
189 105
188 105
187 105
186 105
185 105
184 105
183 105
182 105
181 105
180 105
179 105
178 105
177 105
176 105
175 105
174 105
173 105
172 105
171 105
170 105
169 105
168 105
167 105
166 105
165 105
164 105
163 105
162 105
161 105
160 105
137 107
138 108
139 109
140 110
141 110
142 110
143 110
144 110
145 110
146 110
147 110
148 110
149 110
150 110
151 110
152 110
153 110
154 110
155 110
156 110
157 110
158 110
159 110
160 110
161 110
162 110
163 110
164 110
165 110
166 110
167 110
168 110
169 110
170 110
171 110
172 110
173 110
174 110
175 110
176 110
177 110
178 110
179 110
180 110
181 110
141 111
142 112
143 113
144 114
145 114
146 114
147 114
148 114
145 115
146 116
147 117
148 118
149 119
150 120
151 121
152 122
153 122
154 122
155 122
156 122
157 122
158 122
159 122
160 122
161 122
162 122
163 122
164 122
165 122
166 122
167 122
168 122
169 122
170 122
171 122
172 122
173 122
174 122
175 122
176 122
177 122
178 122
179 122
180 122
181 122
182 122
183 122
184 122
185 122
186 122
187 122
188 122
189 122
190 122
191 122
192 122
193 122
194 122
159 123
158 123
157 123
156 123
155 123
154 123
153 123
154 124
155 124
156 124
157 124
158 124
159 124
160 124
161 124
162 124
163 124
164 124
165 124
166 124
167 124
168 124
169 124
170 124
171 124
172 124
173 124
174 124
175 124
176 124
177 124
178 124
179 124
180 124
181 124
182 124
183 124
184 124
185 124
186 124
187 124
188 124
189 124
190 124
191 124
192 124
193 124
194 124
195 124
196 124
197 124
198 124
199 124
200 124
201 124
202 124
203 124
204 124
205 124
155 125
156 126
157 126
158 126
159 126
160 126
161 126
162 126
163 126
164 126
165 126
166 126
167 126
168 126
169 126
170 126
171 126
172 126
173 126
174 126
175 126
176 126
177 126
178 126
179 126
180 126
181 126
182 126
183 126
184 126
185 126
186 126
187 126
188 126
189 126
190 126
191 126
192 126
157 127
158 128
159 129
160 130
161 131
162 132
163 133
164 134
165 135
166 135
167 135
168 135
169 135
170 135
171 135
172 135
173 135
174 135
175 135
176 135
177 135
178 135
179 135
180 135
181 135
182 135
183 135
184 135
185 135
186 135
187 135
188 135
189 135
190 135
191 135
192 135
193 135
194 135
195 135
196 135
197 135
198 135
199 135
200 135
201 135
202 135
203 135
204 135
205 135
206 135
207 135
166 136
167 137
168 137
169 137
170 137
171 137
172 137
173 137
174 137
175 137
176 137
177 137
178 137
179 137
180 137
181 137
182 137
183 137
184 137
185 137
186 137
187 137
188 137
189 137
190 137
191 137
192 137
193 137
194 137
195 137
196 137
197 137
198 137
199 137
200 137
201 137
202 137
168 138
169 139
170 140
171 141
172 142
173 142
174 142
175 142
176 142
177 142
178 142
179 142
180 142
181 142
182 142
183 142
184 142
185 142
186 142
187 142
188 142
189 142
190 142
188 143
187 143
186 143
185 143
184 143
183 143
182 143
181 143
180 143
179 143
178 143
177 143
176 143
175 143
174 143
173 143
172 143
171 143
170 143
169 143
168 143
167 143
166 143
165 143
164 143
163 143
162 143
161 143
160 143
159 143
158 143
157 143
156 143
155 143
154 143
153 143
152 143
151 143
150 143
149 143
148 143
147 143
146 143
145 142
144 141
143 140
142 139
141 138
140 137
139 136
138 135
137 134
136 133
135 132
134 131
133 130
132 130
132 129
133 129
134 129
135 129
136 129
137 129
138 129
139 129
140 129
141 129
142 129
143 129
144 129
145 129
146 129
147 129
131 128
130 127
129 126
128 125
127 124
127 123
126 123
125 122
124 121
123 120
122 119
121 118
120 117
119 116
118 115
117 114
116 113
115 112
114 112
114 111
113 110
112 110
111 110
112 109
112 111
112 112
112 113
112 114
112 115
112 116
112 117
112 118
112 119
112 120
112 121
112 122
112 123
112 124
112 125
112 126
112 127
112 128
112 129
112 130
112 131
112 132
112 133
112 134
112 135
112 136
112 137
112 138
112 139
112 140
112 141
112 142
112 143
114 113
114 114
114 115
114 116
114 117
114 118
114 119
114 120
114 121
114 122
114 123
114 124
114 125
114 126
128 123
129 123
130 123
131 123
132 123
133 123
134 123
135 123
132 131
132 132
132 133
132 134
132 135
132 136
132 137
132 138
132 139
132 140
132 141
132 142
132 143
174 144
175 144
176 144
177 144
178 144
179 144
180 144
181 144
182 144
183 144
184 144
185 144
186 144
187 144
185 145
184 145
183 145
182 145
181 145
180 145
179 145
178 145
177 145
176 145
175 145
176 146
177 147
178 148
179 148
180 148
181 148
182 148
183 148
184 148
179 149
180 150
181 150
182 150
183 150
125 90
126 90
127 90
128 90
129 90
130 90
131 90
132 90
133 90
134 90
135 90
136 90
137 90
138 90
139 90
140 90
141 90
142 90
143 90
144 90
145 90
146 90
147 90
148 90
149 90
150 90
151 90
152 90
153 90
154 90
155 90
156 90
157 90
158 90
159 90
160 90
161 90
162 90
163 90
164 90
165 90
166 90
167 90
168 90
169 90
170 90
171 90
172 90
173 90
174 90
175 90
176 90
177 90
178 90
179 90
180 90
181 90
182 90
183 90
184 90
185 90
186 90
187 90
188 90
189 90
190 90
191 90
192 90
193 90
194 90
195 90
196 90
197 90
198 90
199 90
200 90
201 90
202 90
203 89
204 88
205 87
196 89
197 88
198 87
199 86
200 85
201 84
202 83
203 82
204 81
205 80
206 79
207 78
208 77
209 76
210 75
211 74
212 73
213 72
214 71
215 70
193 89
194 88
185 89
186 88
187 87
188 86
189 85
190 84
191 83
192 82
193 81
194 80
195 79
196 78
197 77
198 76
199 75
200 74
201 73
202 72
203 71
204 70
175 89
176 88
177 87
178 86
179 85
180 84
181 83
169 89
170 88
171 87
172 86
173 85
174 84
175 83
176 82
177 81
178 80
179 79
180 78
181 77
182 76
183 75
184 74
185 73
186 72
187 71
188 70
189 69
190 68
191 67
192 66
193 65
194 64
195 63
196 62
197 61
198 60
199 59
200 58
201 57
202 56
203 55
204 54
205 53
166 89
167 88
168 87
169 86
170 85
171 84
172 83
173 82
174 81
175 80
176 79
177 78
178 77
179 76
180 75
181 74
182 73
183 72
184 71
185 70
186 69
187 68
188 67
189 66
190 65
191 64
192 63
193 62
194 61
195 60
196 59
197 58
198 57
199 56
200 55
201 54
202 53
203 52
204 51
205 50
206 49
207 48
208 47
209 46
210 45
211 44
212 43
213 42
161 89
160 89
161 88
162 88
162 87
163 87
163 86
164 86
164 85
165 85
165 84
166 84
166 83
167 83
167 82
168 82
168 81
169 81
169 80
170 80
170 79
171 79
171 78
172 78
172 77
173 77
173 76
174 76
174 75
175 75
175 74
176 74
176 73
177 73
177 72
178 72
178 71
179 71
179 70
180 70
180 69
181 69
181 68
182 68
183 67
184 66
185 65
186 64
187 63
188 62
189 61
190 60
191 59
192 58
193 57
194 56
153 89
154 88
155 87
156 86
157 85
158 84
159 83
160 82
161 81
162 80
163 79
164 78
165 77
166 76
167 75
168 74
169 73
170 72
171 71
172 70
173 69
174 68
175 67
176 66
177 65
178 64
179 63
180 62
181 61
182 60
183 59
184 58
185 57
186 56
187 55
188 54
189 53
190 52
191 51
192 50
193 49
194 48
195 47
196 46
197 45
198 44
199 43
200 42
150 89
151 88
152 87
153 86
154 85
155 84
156 83
157 82
158 81
159 80
160 79
161 78
162 77
163 76
147 89
148 88
149 87
150 86
151 85
152 84
153 83
154 82
155 81
156 80
157 79
158 78
159 77
160 76
161 75
162 74
163 73
164 72
165 71
166 70
167 69
168 68
169 67
170 66
171 65
172 64
173 63
174 62
175 61
176 60
177 59
178 58
179 57
180 56
181 55
182 54
183 53
184 52
185 51
186 50
187 49
188 48
189 47
190 46
191 45
192 44
193 43
194 42
195 41
196 40
197 39
144 89
143 88
142 89
144 87
145 86
146 85
147 84
148 83
149 82
150 81
151 80
152 79
153 78
154 77
155 76
156 75
157 74
158 73
159 72
160 71
161 70
162 69
163 68
164 67
165 66
166 65
167 64
168 63
169 62
170 61
171 60
172 59
173 58
174 57
175 56
176 55
177 54
178 53
179 52
180 51
181 50
182 49
183 48
184 47
185 48
184 49
183 50
182 51
181 52
180 53
179 54
178 55
177 56
176 57
175 58
174 59
173 60
172 61
171 62
170 63
169 64
168 65
167 66
166 67
165 68
164 69
163 70
162 71
161 72
160 73
159 74
158 75
157 76
156 77
155 78
154 79
153 80
152 81
151 82
150 83
149 84
148 85
147 86
146 87
145 88
186 47
187 46
188 45
189 44
190 43
191 42
192 41
193 40
194 39
195 38
139 89
138 88
137 88
137 89
136 89
135 88
134 87
133 86
132 85
131 84
130 85
129 86
128 87
127 88
126 89
128 89
129 88
130 87
131 86
132 87
131 88
130 89
132 89
133 88
134 89
132 83
133 82
134 81
135 80
136 79
137 78
138 77
139 76
140 75
141 74
142 73
143 72
144 71
145 70
146 69
147 68
148 67
149 66
150 65
151 64
152 63
153 62
154 61
155 60
156 59
157 58
158 57
159 56
160 55
161 54
162 53
163 52
164 51
165 50
166 49
167 48
168 47
169 46
170 45
171 44
172 43
173 42
174 41
175 40
176 39
177 38
178 37
179 36
180 35
181 34
182 33
183 32
184 31
185 30
186 31
185 32
184 33
183 34
182 35
181 36
180 37
179 38
178 39
177 40
176 41
175 42
174 43
173 44
172 45
171 46
170 47
169 48
168 49
167 50
166 51
165 52
164 53
163 54
162 55
161 56
160 57
159 58
158 59
157 60
156 61
155 62
154 63
153 64
152 65
151 66
150 67
149 68
148 69
147 70
146 71
145 72
144 73
143 74
142 75
141 76
140 77
139 78
138 79
137 80
136 81
135 82
134 83
133 84
134 85
135 84
136 83
137 82
138 81
139 80
140 79
141 78
142 77
143 76
144 75
145 74
146 73
147 72
148 71
149 70
150 69
151 68
152 67
153 66
154 65
155 64
156 63
157 62
158 61
159 60
160 59
161 58
162 57
163 56
164 55
165 54
166 53
167 52
168 51
169 50
170 49
171 48
172 47
173 46
174 45
175 44
176 43
177 42
178 41
179 40
180 39
181 38
182 37
183 36
184 35
185 34
186 33
187 32
188 33
187 34
186 35
185 36
184 37
183 38
182 39
181 40
180 41
179 42
178 43
177 44
176 45
175 46
174 47
173 48
172 49
171 50
170 51
169 52
168 53
167 54
166 55
165 56
164 57
163 58
162 59
161 60
160 61
159 62
158 63
157 64
156 65
155 66
154 67
153 68
152 69
151 70
150 71
149 72
148 73
147 74
146 75
145 76
144 77
143 78
142 79
141 80
140 81
139 82
138 83
137 84
136 85
135 86
136 87
137 86
138 85
139 84
140 83
141 82
142 81
143 80
144 79
145 78
146 77
147 76
148 75
149 74
150 73
151 72
152 71
153 70
154 69
155 68
156 67
157 66
158 65
159 64
160 63
161 62
162 61
163 60
164 59
165 58
166 57
167 56
168 55
169 54
170 53
171 52
172 51
173 50
174 49
175 48
176 47
177 46
178 45
179 44
180 43
181 42
182 41
183 40
184 39
185 38
186 37
187 36
188 35
189 34
190 35
189 36
188 37
187 38
186 39
185 40
184 41
183 42
182 43
181 44
180 45
179 46
178 47
177 48
176 49
175 50
174 51
173 52
172 53
171 54
170 55
169 56
168 57
167 58
166 59
165 60
164 61
163 62
162 63
161 64
160 65
159 66
158 67
157 68
156 69
155 70
154 71
153 72
152 73
151 74
150 75
149 76
148 77
148 78
147 78
147 79
146 79
146 80
145 80
145 81
144 81
144 82
143 82
143 83
142 83
142 84
141 84
141 85
140 85
140 86
139 86
139 87
138 87
140 88
141 87
142 86
143 85
144 84
145 83
146 82
147 81
148 80
149 79
150 78
151 77
152 76
153 75
154 74
155 73
156 72
157 71
158 70
159 69
160 68
161 67
162 66
163 65
164 64
165 63
166 62
167 61
168 60
169 59
170 58
171 57
172 56
173 55
174 54
175 53
176 52
177 51
178 50
179 49
180 48
181 47
182 46
183 45
184 44
185 43
186 42
187 41
188 40
189 39
190 38
191 37
192 36
103 109
103 110
103 111
103 112
103 113
103 114
103 115
103 116
103 117
103 118
103 119
103 120
103 121
103 122
103 123
103 124
103 125
103 126
103 127
103 128
103 129
103 130
103 131
103 132
103 133
100 110
100 111
99 111
98 112
97 113
96 114
95 115
94 116
93 116
92 116
91 116
90 116
89 116
88 116
87 116
86 116
85 116
84 116
83 116
82 116
81 116
80 116
79 116
78 116
77 116
76 116
75 116
74 116
73 116
72 116
71 116
70 116
69 116
68 116
67 116
66 116
65 116
64 116
63 116
62 116
61 116
93 115
93 114
93 113
93 112
93 111
93 110
93 117
93 118
92 118
92 119
91 119
90 120
89 121
88 121
87 121
86 121
85 121
84 121
83 121
82 121
81 121
80 121
79 121
78 121
77 121
76 121
75 121
74 121
73 121
72 121
88 122
89 122
89 123
89 124
89 125
89 126
89 127
89 128
89 129
89 130
89 131
89 132
89 133
89 134
89 135
89 136
89 137
89 138
89 139
89 140
89 141
89 142
89 143
87 123
86 124
85 125
84 126
83 127
82 127
81 127
80 127
79 127
78 127
77 127
76 127
75 127
74 127
73 127
72 127
71 127
70 127
69 127
68 127
67 127
66 127
65 127
64 127
63 127
62 127
61 127
60 127
59 127
58 127
57 127
56 127
55 127
54 127
53 127
52 127
51 127
50 127
49 127
48 127
47 127
46 127
45 127
44 127
43 127
42 127
41 127
40 127
39 127
38 127
37 127
36 127
35 127
34 127
33 127
32 127
31 127
30 127
48 128
49 128
50 128
51 128
52 128
53 128
54 128
55 128
56 128
57 128
58 128
59 128
60 128
61 128
62 128
63 128
64 128
65 128
66 128
67 128
68 128
69 128
70 128
71 128
72 128
73 128
74 128
75 128
76 128
77 128
78 128
79 128
80 128
81 128
82 128
81 129
80 130
79 131
78 132
77 132
76 132
75 132
74 132
73 132
72 132
71 132
77 133
76 134
75 135
74 136
73 136
72 136
71 136
70 136
69 136
68 136
67 136
66 136
65 136
64 136
63 136
62 136
61 136
60 136
59 136
58 136
57 136
56 136
55 136
54 136
53 136
52 136
51 136
50 136
49 136
48 136
47 136
46 136
45 136
44 136
43 136
42 136
41 136
40 136
39 136
38 136
37 136
36 136
35 136
34 136
33 136
37 137
38 137
39 137
40 137
41 137
42 137
43 137
44 137
45 137
46 137
47 137
48 137
49 137
50 137
51 137
52 137
53 137
54 137
55 137
56 137
57 137
58 137
59 137
60 137
61 137
62 137
63 137
64 137
65 137
66 137
67 137
68 137
69 137
70 137
71 137
72 137
73 137
72 138
71 139
70 139
69 139
68 139
67 139
66 139
65 139
64 139
63 139
62 139
61 139
60 139
59 139
58 139
57 139
56 139
55 139
54 139
53 139
52 139
51 139
50 139
49 139
48 139
47 139
46 139
45 139
44 139
43 139
42 139
44 140
45 140
46 140
47 140
48 140
49 140
50 140
51 140
52 140
53 140
54 140
55 140
56 140
57 140
58 140
59 140
60 140
61 140
62 140
63 140
64 140
65 140
66 140
67 140
68 140
69 140
70 140
69 141
68 141
67 141
66 141
65 141
64 141
63 141
62 141
61 141
60 141
59 141
58 141
57 141
56 141
55 141
54 141
53 141
52 141
51 141
50 141
49 141
48 141
47 141
48 142
49 142
50 142
51 142
52 142
53 142
54 142
55 142
56 142
57 142
58 142
59 142
60 142
61 142
62 142
63 142
64 142
65 142
66 142
67 142
68 142
68 143
67 143
66 143
65 143
64 143
63 143
62 143
61 143
60 143
59 143
58 143
57 143
56 143
55 143
54 143
53 143
66 144
65 145
64 146
63 147
62 148
61 148
60 148
59 148
58 148
57 148
56 148
55 148
54 148
61 149
60 150
59 150
58 150
57 150
56 150
55 150
92 120
93 120
93 119
93 121
92 121
92 122
93 122
92 123
92 124
92 125
92 126
92 127
92 128
92 129
92 130
92 131
92 132
92 133
100 112
100 113
100 114
100 115
100 116
100 117
100 118
100 119
100 120
100 121
100 122
100 123
100 124
100 125
100 126
100 127
100 128
100 129
100 130
100 131
100 132
100 133
100 134
100 135
100 136
100 137
100 138
100 139
100 140
100 141
100 142
100 143
125
31 89
51 89
33 69
70 88
71 80
29 50
51 68
34 41
61 66
45 49
57 54
42 38
44 37
51 36
71 52
52 31
53 30
54 29
55 27
72 69
93 75
82 81
99 89
112 89
71 100
82 104
87 93
93 103
33 108
51 109
82 52
66 34
93 56
112 68
87 34
112 50
101 34
115 34
128 34
141 34
135 56
156 34
149 50
170 34
182 24
133 77
183 28
148 65
139 93
160 93
181 97
146 100
133 102
159 104
215 106
204 105
181 110
148 114
181 122
194 122
159 123
205 124
192 126
207 135
191 137
202 137
190 142
188 143
172 143
151 143
147 129
112 110
112 143
114 126
135 123
132 143
187 144
185 145
184 148
183 150
125 90
205 87
215 70
194 88
204 70
181 83
205 53
213 42
181 68
194 56
200 42
163 76
197 39
184 47
195 38
185 30
186 31
163 56
187 32
188 33
172 51
189 34
190 35
148 78
192 36
103 133
61 116
72 121
89 143
30 127
48 128
71 132
33 136
37 137
42 139
44 140
47 141
48 142
68 143
53 143
54 148
55 150
93 122
92 133
100 143
