1494
121 90
119 91
118 92
117 93
116 93
115 93
114 93
113 93
112 93
111 93
110 93
109 93
108 94
107 95
106 96
105 97
104 98
103 99
102 100
101 100
100 100
99 100
98 100
97 100
96 100
95 100
94 100
93 100
92 100
91 100
90 99
90 98
90 97
90 96
90 95
90 94
91 93
92 92
93 91
94 90
95 89
96 88
96 87
96 86
97 86
96 85
95 84
94 83
93 82
92 81
92 80
92 79
92 78
92 77
92 76
92 75
91 74
90 73
89 72
88 71
87 70
87 69
86 68
85 67
84 66
83 65
82 64
81 63
80 62
79 61
78 60
77 59
76 60
75 61
74 62
73 63
72 64
71 65
70 66
69 67
68 68
67 69
66 69
65 70
64 71
64 72
64 73
64 74
64 75
64 76
64 77
64 78
64 79
64 80
65 81
66 82
67 83
67 84
67 85
67 86
67 87
67 88
67 89
66 90
65 91
64 92
63 93
63 94
63 95
63 96
63 97
63 98
63 99
63 100
62 100
61 100
60 100
59 100
58 100
57 100
56 100
55 100
54 99
53 98
52 98
51 98
50 98
49 98
48 98
47 98
46 98
45 98
44 98
43 98
42 97
41 97
40 97
39 97
38 96
37 95
36 94
35 93
34 92
33 91
32 90
32 89
31 89
30 90
30 91
30 92
30 93
30 94
30 95
30 96
30 97
30 98
30 99
30 100
33 89
34 89
35 89
36 88
37 87
38 86
39 85
40 84
41 83
42 83
43 83
44 83
45 83
46 83
47 83
48 83
49 83
50 82
51 81
52 80
52 79
52 78
52 77
52 76
52 75
52 74
52 73
52 72
52 71
52 70
52 69
51 68
41 82
41 81
41 80
41 79
40 78
39 77
38 76
37 76
36 76
35 76
34 75
33 74
32 73
31 72
30 71
29 70
28 69
27 68
38 75
38 74
38 73
38 72
38 71
38 70
38 69
38 68
38 67
38 66
38 65
38 64
38 63
38 62
38 61
38 60
38 59
38 58
38 57
38 56
37 55
36 54
35 53
35 52
35 51
35 50
35 49
34 48
33 47
32 46
31 45
30 44
29 43
29 42
28 42
27 43
26 44
25 45
24 46
23 47
23 48
23 49
23 50
23 51
23 52
23 53
30 42
31 42
32 42
33 42
34 42
35 42
36 42
37 41
38 41
39 41
40 41
41 41
42 41
43 41
44 41
45 41
46 41
47 41
48 41
49 41
49 40
49 39
49 38
49 37
49 36
49 35
49 34
50 33
51 32
52 32
53 32
54 31
55 31
56 30
57 29
58 28
59 27
60 28
61 28
62 28
63 28
64 28
65 28
66 28
67 28
68 28
69 28
70 28
71 28
72 28
73 28
74 28
75 28
76 28
77 28
78 28
79 28
80 28
81 28
82 27
83 26
52 99
51 100
50 101
49 102
48 103
47 104
46 105
45 106
45 107
45 108
45 109
44 110
43 111
42 112
41 113
40 114
39 115
38 115
37 115
36 115
35 116
34 116
33 116
32 116
31 116
30 116
29 116
28 116
27 116
26 116
25 116
24 116
23 116
37 116
38 117
39 118
40 119
41 120
42 121
42 122
42 123
42 124
42 125
42 126
43 127
44 128
45 129
46 130
47 131
48 131
49 131
50 131
51 131
52 131
53 131
54 132
55 133
56 134
57 135
58 136
59 137
60 138
61 139
62 140
63 141
64 141
64 140
64 139
64 138
64 137
64 136
64 135
64 134
65 133
66 132
67 131
68 130
69 131
70 132
71 133
72 134
73 135
74 136
75 137
76 138
77 139
78 140
79 140
80 140
81 140
82 140
83 140
84 140
85 140
86 140
87 140
88 139
89 138
89 137
89 136
89 135
89 134
89 133
89 132
90 131
91 130
92 129
92 128
91 128
90 128
89 128
88 128
87 128
86 128
85 127
84 126
83 125
82 124
93 128
94 129
95 130
96 131
97 132
98 133
99 134
100 135
101 136
102 137
103 138
103 139
102 140
101 141
100 142
99 143
98 144
97 145
96 146
95 147
95 148
95 149
95 150
95 151
104 140
105 141
106 142
107 143
108 143
109 143
110 143
111 143
112 143
113 143
114 143
115 143
116 144
117 145
118 146
119 147
120 148
121 149
122 150
123 151
124 152
125 152
126 152
127 152
127 151
127 150
127 149
127 148
127 147
127 146
127 145
127 144
127 143
127 142
127 141
63 142
62 143
61 144
60 145
59 146
58 147
57 147
56 147
55 147
54 147
53 147
52 146
51 145
50 144
50 143
49 142
48 142
47 142
46 142
45 141
44 140
43 139
42 138
41 138
40 138
39 138
38 138
37 137
36 137
35 137
34 137
33 137
32 137
31 136
31 135
31 134
30 133
29 132
28 131
27 130
65 142
65 143
65 144
65 145
65 146
65 147
65 148
65 149
65 150
65 151
65 152
66 153
67 153
68 153
69 153
70 153
71 153
72 153
73 153
74 153
75 153
76 153
46 110
47 111
48 112
49 113
50 114
51 115
52 116
53 117
54 118
55 118
56 118
57 118
68 90
69 91
70 92
71 93
72 94
73 95
74 96
75 97
76 98
77 99
86 71
85 72
84 73
83 74
82 75
81 76
80 77
79 78
79 79
79 80
79 81
80 82
80 83
80 84
80 85
80 86
80 87
98 85
99 84
100 83
101 82
102 81
103 80
103 79
103 78
103 77
104 76
105 75
106 74
106 73
107 73
105 72
104 71
103 70
102 69
101 68
100 67
89 100
88 101
87 102
86 103
85 104
84 105
83 106
82 107
81 108
81 109
81 110
80 111
79 112
78 113
77 114
76 115
75 116
74 117
73 118
72 118
71 118
70 118
69 118
100 101
99 102
98 103
98 104
98 105
98 106
98 107
98 108
98 109
98 110
98 111
99 112
100 112
101 112
102 112
103 112
104 112
105 112
106 112
121 91
121 92
121 93
121 94
121 95
121 96
121 97
120 98
119 99
119 100
119 101
119 102
119 103
119 104
119 105
119 106
119 107
119 108
120 109
121 110
122 111
123 112
124 113
125 114
126 115
127 115
127 116
127 117
127 118
126 119
125 120
124 121
123 122
122 123
121 124
120 125
119 126
118 126
117 126
116 126
115 126
114 126
113 126
112 126
111 126
110 126
109 126
108 126
107 126
119 127
120 128
121 129
122 129
123 129
124 129
125 129
126 129
128 119
129 120
130 121
131 122
132 123
133 124
134 125
135 126
136 127
137 127
138 127
139 127
140 128
141 129
142 130
143 131
144 132
145 133
146 134
147 135
148 136
147 137
146 138
145 139
144 140
144 141
144 142
144 143
144 144
144 145
144 146
144 147
149 137
150 138
151 139
152 140
153 141
154 142
155 143
156 144
156 145
156 146
156 147
128 114
129 113
130 112
131 111
132 110
133 109
134 108
135 107
136 106
137 105
138 104
139 103
140 102
141 101
142 100
143 99
144 98
145 97
146 96
147 97
148 98
149 99
150 100
151 101
152 101
152 100
152 99
153 98
154 97
155 96
156 95
157 94
157 93
157 92
157 91
157 90
157 89
157 88
157 87
157 86
157 85
157 84
157 83
156 83
155 83
154 82
153 81
152 80
151 79
150 78
149 77
148 76
147 77
146 78
145 79
144 80
144 81
144 82
144 83
144 84
158 83
159 83
160 83
161 83
162 83
163 83
164 82
165 81
166 82
167 83
168 83
169 83
170 83
171 83
172 84
173 85
174 86
175 87
176 88
177 89
178 90
179 91
180 92
181 92
182 92
183 92
151 102
150 103
149 104
148 105
147 106
147 107
147 108
147 109
147 110
147 111
147 112
148 113
149 114
150 115
151 116
152 117
153 118
154 119
155 120
156 121
157 122
157 123
158 124
159 125
160 126
161 127
162 128
163 129
164 129
165 129
166 129
167 129
168 129
169 128
170 127
171 126
172 125
173 124
173 123
174 123
172 122
171 121
170 120
169 119
169 118
168 118
170 117
171 116
172 115
173 114
174 113
174 112
173 112
172 112
171 112
170 112
169 111
168 110
167 109
166 108
165 107
165 106
165 105
165 104
165 103
166 102
167 101
168 100
169 99
170 98
171 97
170 96
169 95
168 94
175 112
169 130
170 131
171 132
172 133
173 134
172 135
171 136
170 137
169 138
168 139
168 140
168 141
168 142
168 143
168 144
168 145
168 146
168 147
168 148
168 149
168 150
168 151
168 152
122 90
123 90
124 90
125 89
126 88
127 87
128 86
128 85
128 84
128 83
127 82
126 81
125 80
124 79
123 78
122 77
122 76
121 76
123 76
124 76
125 76
126 76
127 76
128 75
129 74
129 73
130 73
130 72
130 71
130 70
131 69
132 68
133 67
134 66
135 65
136 64
137 63
138 62
139 61
128 72
127 71
126 70
125 69
124 68
123 67
122 66
122 65
121 65
123 64
124 63
125 62
126 61
127 60
127 59
127 58
127 57
126 57
125 56
124 55
123 54
122 53
121 53
120 53
119 53
118 53
117 53
116 53
115 53
114 53
113 53
112 53
111 53
110 52
109 51
108 50
107 49
106 48
105 47
104 46
103 45
102 44
102 43
102 42
102 41
102 40
102 39
102 38
102 37
101 36
100 35
99 34
98 33
101 45
100 46
99 47
98 48
97 49
96 50
95 50
94 50
93 50
92 49
91 48
90 47
89 46
88 45
87 44
86 43
85 42
84 43
83 44
82 45
81 46
80 47
79 48
78 48
77 48
76 48
75 48
74 48
73 47
72 46
71 45
70 44
69 43
68 44
67 45
66 46
65 47
64 48
64 49
64 50
64 51
64 52
64 53
64 54
63 55
62 55
61 55
60 55
59 55
58 55
57 55
56 55
55 55
54 55
53 55
52 55
51 55
122 52
122 51
122 50
122 49
122 48
122 47
122 46
122 45
122 44
121 43
120 42
119 41
127 56
127 55
128 54
129 53
130 52
131 51
132 50
133 49
133 48
133 47
133 46
133 45
134 44
135 45
136 46
137 46
138 46
139 46
140 46
141 46
142 46
143 46
144 46
145 46
146 46
147 45
148 44
149 43
149 42
150 42
151 43
152 44
153 45
154 46
155 47
156 48
157 49
158 50
159 51
160 51
161 51
160 52
159 53
158 54
157 55
157 56
157 57
157 58
157 59
157 60
157 61
157 62
157 63
158 64
159 65
160 66
161 67
162 68
163 69
164 69
165 69
166 69
167 69
168 69
169 69
170 69
171 69
172 68
173 67
162 50
163 49
164 48
165 47
166 46
167 45
168 44
169 45
170 46
171 47
171 48
171 49
171 50
171 51
172 51
173 51
174 50
175 49
176 48
177 47
178 46
179 45
180 44
181 43
182 42
182 41
182 40
182 39
182 38
182 37
182 36
182 35
182 34
182 33
183 32
184 31
184 30
184 29
184 28
184 27
183 26
182 27
181 28
180 29
179 30
178 30
177 30
176 30
175 30
174 30
173 30
172 30
185 32
186 33
187 34
188 35
189 36
190 37
191 38
192 38
193 38
194 39
195 40
196 40
197 40
198 40
197 41
196 42
196 43
196 44
196 45
196 46
196 47
196 48
196 49
196 50
196 51
195 52
194 53
193 54
192 55
191 56
190 57
189 57
188 57
187 57
186 57
187 58
188 59
189 60
190 61
191 62
192 63
193 63
194 63
195 64
196 65
197 66
198 67
199 68
200 69
201 70
202 71
203 71
204 71
205 71
206 71
205 72
204 73
203 74
202 75
201 76
200 77
199 78
198 79
198 80
198 81
198 82
197 82
196 81
195 80
194 79
193 78
192 77
191 76
190 75
199 83
200 84
201 85
202 86
203 87
204 88
204 89
204 90
204 91
204 92
204 93
204 94
205 94
206 94
207 94
208 94
209 94
210 94
211 94
212 94
213 94
214 93
215 92
205 95
206 96
207 97
208 98
209 99
210 100
211 101
212 102
213 103
214 104
215 105
215 106
214 107
213 108
212 109
211 110
210 111
209 112
209 113
209 114
209 115
209 116
209 117
209 118
210 119
211 120
211 121
211 122
211 123
211 124
211 125
211 126
211 127
211 128
211 129
210 130
209 131
208 132
207 132
206 132
205 132
204 132
203 132
202 132
201 132
200 132
199 132
198 133
198 134
198 135
198 136
198 137
198 138
197 139
196 139
195 139
194 140
193 140
192 141
191 141
190 141
189 141
188 141
187 142
186 143
186 144
185 145
185 146
185 147
184 148
184 149
183 150
182 151
203 95
202 96
201 97
200 98
200 99
200 100
200 101
200 102
200 103
200 104
200 105
199 106
198 107
197 107
196 107
195 107
194 107
193 107
192 107
191 107
190 107
191 108
192 109
193 110
194 111
194 112
194 113
194 114
194 115
194 116
193 117
192 118
191 118
190 118
199 41
200 41
201 41
202 41
203 41
204 41
205 41
206 41
207 41
208 42
209 43
210 44
210 45
210 46
210 47
210 48
210 49
210 50
148 41
147 40
146 39
145 38
144 37
143 36
142 35
141 34
140 33
139 32
138 31
137 30
137 29
136 29
135 29
134 29
133 29
132 29
131 29
130 29
129 29
128 29
127 29
126 28
125 27
124 27
123 27
122 27
121 27
120 27
119 27
118 27
117 27
116 27
115 27
114 27
113 27
138 29
139 29
140 29
141 29
142 29
143 29
144 29
145 29
146 29
147 29
148 29
149 28
150 27
151 26
165
109 93
101 100
90 99
96 88
92 81
87 70
77 59
66 69
64 80
67 89
63 100
53 98
42 97
31 89
30 100
41 83
52 80
51 68
38 76
27 68
38 65
35 53
28 42
23 53
37 41
49 41
50 33
51 32
54 31
59 27
71 28
83 26
45 109
36 115
23 116
42 126
53 131
64 141
68 130
78 140
89 138
82 124
93 128
103 139
95 151
115 143
127 152
127 141
53 147
52 146
51 145
50 144
49 142
42 138
37 137
31 136
27 130
65 152
76 153
57 118
77 99
79 81
80 87
103 80
107 73
100 67
81 110
69 118
98 111
106 112
121 97
119 108
127 118
118 126
107 126
126 129
139 127
148 136
144 147
156 147
135 107
146 96
152 101
157 94
157 83
148 76
144 84
165 81
171 83
183 92
147 112
157 123
168 129
174 123
168 118
165 107
171 97
168 94
175 112
173 134
168 140
168 152
128 86
121 76
130 73
139 61
121 65
127 60
122 53
111 53
102 44
98 33
95 50
85 42
78 48
69 43
64 54
51 55
119 41
133 49
134 44
144 46
150 42
161 51
157 63
168 69
173 67
168 44
171 51
182 42
184 31
183 26
172 30
193 38
198 40
196 51
186 57
194 63
206 71
198 82
190 75
204 94
215 92
215 106
209 118
211 129
199 132
198 138
195 139
193 140
188 141
186 144
185 147
184 149
182 151
200 105
190 107
194 116
190 118
207 41
210 50
136 29
125 27
113 27
151 26
