1506
121 90
119 89
118 88
117 87
117 86
117 85
117 84
117 83
117 82
117 81
117 80
117 79
117 78
117 77
117 76
116 75
119 91
118 92
118 93
118 94
118 95
118 96
118 97
118 98
118 99
118 100
117 101
116 102
115 102
114 102
113 102
112 102
111 102
110 102
109 102
108 102
107 102
122 90
123 90
124 89
125 88
126 87
127 86
128 85
129 84
129 83
129 82
129 81
129 80
129 79
130 78
131 77
132 76
130 85
131 86
132 87
133 88
134 89
134 90
134 91
134 92
134 93
134 94
134 95
133 96
133 97
133 98
133 99
133 100
133 101
133 102
133 103
133 104
133 105
132 106
131 107
130 108
129 109
128 110
128 111
128 112
128 113
128 114
128 115
128 116
129 117
130 118
131 118
132 118
133 118
134 118
135 118
136 118
137 118
138 118
139 118
140 119
141 119
142 119
143 119
144 119
145 119
146 119
147 119
148 119
149 119
150 119
151 119
150 120
149 121
148 122
147 123
146 124
145 125
144 126
143 127
142 128
141 129
140 130
139 131
138 132
137 132
136 132
135 132
134 132
133 132
132 132
131 132
130 132
129 132
128 132
127 133
126 134
125 135
124 136
123 137
122 138
121 139
120 139
119 139
118 139
117 139
116 139
115 139
114 138
113 137
112 136
111 135
110 134
109 133
108 133
107 133
106 133
105 132
104 131
103 130
102 129
102 128
102 127
101 126
100 125
99 124
98 123
97 122
96 121
95 120
94 119
93 118
93 117
92 117
91 117
90 117
89 117
88 117
87 117
86 117
85 117
84 117
83 117
82 117
81 117
80 116
79 115
78 114
91 118
90 119
89 120
89 121
89 122
89 123
89 124
89 125
89 126
89 127
89 128
88 129
87 130
86 131
85 132
84 133
83 134
82 135
81 136
80 136
79 135
78 134
77 133
76 132
75 131
74 130
73 131
72 132
71 133
70 134
69 135
68 136
67 137
66 138
65 139
64 140
63 140
62 140
62 139
62 138
62 137
62 136
62 135
62 134
61 133
61 132
61 131
60 130
59 129
58 128
57 129
56 130
55 131
54 132
53 133
52 134
51 135
50 135
49 135
48 135
47 135
46 136
45 137
44 137
43 137
42 137
41 137
40 137
39 137
38 137
37 137
36 137
35 137
34 137
33 137
32 137
31 136
31 135
31 134
31 133
31 132
30 131
29 130
28 129
27 128
27 127
27 126
27 125
28 124
29 123
30 122
31 121
32 120
33 119
34 118
34 117
33 117
32 117
31 117
30 117
29 116
28 115
27 114
26 113
25 112
25 111
24 111
26 111
27 111
28 110
29 109
30 108
31 107
32 106
33 105
34 104
35 103
35 102
35 101
35 100
35 99
35 98
35 97
35 96
35 95
35 94
34 93
33 92
33 91
32 91
34 91
35 91
36 91
37 91
38 91
39 91
40 91
41 91
42 91
43 91
44 90
45 91
46 92
47 93
48 94
48 95
48 96
48 97
48 98
48 99
48 100
48 101
48 102
49 103
50 104
51 105
52 106
53 107
54 108
55 109
56 110
57 111
58 111
58 110
58 109
58 108
58 107
58 106
58 105
59 104
60 103
61 102
62 101
63 101
64 101
65 101
66 101
67 101
68 101
69 101
70 101
71 101
72 101
73 100
73 99
74 98
75 97
76 96
77 95
78 94
79 94
80 94
81 94
82 94
83 94
84 94
85 94
86 94
87 93
88 92
89 91
90 90
90 89
90 88
90 87
90 86
90 85
90 84
90 83
90 82
91 81
92 81
93 81
94 81
95 81
96 81
97 80
98 79
99 78
100 77
101 76
102 75
103 74
92 82
93 83
94 84
95 85
96 86
97 87
98 88
99 88
100 88
101 88
102 88
78 93
78 92
78 91
78 90
78 89
78 88
78 87
78 86
78 85
77 84
76 83
76 82
76 81
76 80
77 79
78 78
75 84
74 85
73 86
72 87
71 88
70 88
69 88
68 88
67 88
66 88
65 88
64 87
63 86
62 85
61 84
60 83
59 82
58 81
57 81
56 81
55 81
54 81
53 81
52 81
51 80
50 79
49 78
48 77
47 76
47 75
47 74
47 73
47 72
47 71
47 70
47 69
47 68
46 67
45 66
44 65
43 64
42 63
41 62
40 61
39 60
38 59
37 58
36 57
36 56
35 56
34 57
33 57
32 57
31 57
30 57
29 57
28 57
27 57
26 57
25 57
24 57
37 56
38 55
39 54
40 53
41 52
42 51
43 50
43 49
42 49
41 49
40 48
39 47
38 46
37 45
36 44
35 43
34 42
33 41
32 42
31 43
30 44
29 45
28 45
27 45
26 45
25 45
24 45
23 45
44 49
44 48
44 47
44 46
44 45
44 44
44 43
44 42
44 41
44 40
44 39
45 38
45 37
46 36
47 35
48 34
49 33
50 32
51 31
52 30
53 29
54 28
55 28
56 27
43 66
42 67
41 68
40 69
39 70
38 71
37 72
36 73
35 74
34 75
33 76
32 76
31 76
58 80
58 79
58 78
59 77
60 76
61 75
62 74
63 73
64 72
64 71
64 70
63 69
62 68
61 67
60 66
59 65
59 64
58 64
60 63
61 62
62 61
62 60
62 59
62 58
61 57
60 56
59 55
58 54
58 53
57 53
59 52
60 51
61 50
62 49
63 48
63 47
63 46
63 45
62 44
61 43
60 42
59 41
58 40
57 39
64 49
65 49
66 49
67 49
68 49
69 49
70 49
71 49
72 49
73 49
74 49
75 49
76 49
77 49
78 49
79 49
80 49
81 49
82 49
83 49
84 49
85 48
86 47
86 46
86 45
86 44
86 43
86 42
86 41
85 41
84 41
83 41
82 41
81 40
80 39
79 38
78 37
77 36
76 35
75 34
87 41
88 41
89 41
90 41
91 41
92 41
93 40
94 39
95 38
96 37
97 36
98 35
99 34
88 42
89 43
90 44
91 45
92 46
93 46
94 46
95 46
96 46
97 46
98 47
99 48
100 49
101 50
102 51
103 52
103 53
103 54
103 55
103 56
103 57
104 57
105 56
106 55
107 54
108 53
109 52
110 51
111 50
112 49
113 48
114 47
114 46
114 45
114 44
114 43
114 42
114 41
114 40
114 39
114 38
114 37
114 36
114 35
113 34
115 48
115 49
115 50
115 51
115 52
115 53
115 54
115 55
115 56
115 57
115 58
87 40
87 39
87 38
87 37
87 36
87 35
87 34
87 33
87 32
87 31
87 30
87 48
88 49
89 50
90 51
91 52
92 53
92 54
92 55
92 56
92 57
92 58
91 59
90 60
90 61
90 62
90 63
90 64
90 65
90 66
90 67
90 68
90 69
76 50
77 51
78 52
78 53
78 54
78 55
78 56
78 57
78 58
78 59
78 60
58 112
58 113
59 114
60 114
61 114
62 114
63 114
35 117
36 118
37 119
38 120
39 121
40 121
41 121
42 121
43 121
44 121
45 121
46 121
48 136
48 137
48 138
48 139
48 140
48 141
48 142
49 143
50 143
51 144
51 145
52 146
53 147
54 148
55 149
56 150
57 151
58 152
59 152
63 141
64 142
65 143
66 144
67 145
68 146
69 147
70 148
71 149
72 150
72 151
72 152
73 153
74 153
75 153
76 153
77 153
78 153
79 153
80 153
81 153
82 153
83 153
81 137
81 138
81 139
92 116
92 115
92 114
92 113
92 112
92 111
92 110
92 109
92 108
92 107
92 106
93 105
94 117
95 117
96 117
97 117
98 117
99 117
100 117
101 117
102 117
103 117
104 118
105 119
106 120
107 121
108 121
109 121
110 121
111 121
112 121
113 121
114 121
108 134
107 135
106 136
105 137
104 138
103 139
102 140
102 141
102 142
102 143
102 144
102 145
102 146
102 147
102 148
102 149
102 150
102 151
102 152
102 153
120 140
119 141
118 142
117 143
116 144
116 145
116 146
116 147
116 148
116 149
116 150
116 151
140 132
141 133
142 133
143 133
144 133
145 133
146 133
147 133
148 133
149 133
150 133
149 134
148 135
148 136
148 137
148 138
148 139
148 140
148 141
148 142
148 143
148 144
147 144
146 144
145 144
144 144
143 144
142 144
141 144
140 144
139 144
138 144
137 144
135 96
136 97
137 98
138 99
139 100
140 101
141 102
142 103
143 104
144 104
144 103
144 102
144 101
144 100
144 99
144 98
144 97
144 96
145 95
145 94
145 93
145 92
145 91
145 90
145 89
145 88
145 87
145 86
146 85
147 84
148 83
148 82
147 81
146 80
146 79
146 78
146 77
146 76
146 75
146 74
146 73
146 72
146 71
146 70
147 69
146 96
147 97
148 98
149 99
150 100
151 101
152 102
153 103
154 104
155 105
156 105
157 105
158 105
159 105
160 105
161 105
162 105
163 105
164 105
165 105
166 104
167 103
168 102
168 101
168 100
168 99
168 98
169 98
168 97
167 96
166 95
165 94
164 93
163 92
162 91
162 90
162 89
162 88
162 87
162 86
162 85
162 84
163 83
164 82
165 81
165 80
165 79
165 78
165 77
165 76
165 75
165 74
165 73
164 72
163 71
162 70
170 97
171 96
172 95
173 94
169 103
170 104
171 105
172 106
173 107
174 108
174 109
174 110
174 111
174 112
174 113
173 114
172 115
171 116
170 117
169 117
168 117
167 117
166 117
165 117
164 117
165 118
166 119
167 120
168 121
169 122
170 123
171 124
172 124
171 125
170 126
169 127
168 128
167 129
166 130
166 131
166 132
166 133
165 134
164 135
163 136
162 137
163 138
164 139
165 140
166 141
166 142
166 143
166 144
166 145
166 146
166 147
166 148
167 134
168 135
169 135
170 135
171 135
172 135
173 135
174 135
175 135
176 135
177 135
178 135
179 135
180 135
181 135
182 135
183 135
184 134
185 133
186 133
187 133
188 133
189 133
190 133
191 133
192 133
193 132
194 131
195 130
196 129
196 128
195 127
194 126
193 125
192 124
191 123
190 122
189 121
188 120
188 119
187 119
187 118
187 117
187 116
187 115
187 114
187 113
187 112
187 111
187 110
187 109
187 108
188 108
189 108
190 108
191 108
192 108
193 108
194 107
195 106
196 105
197 104
198 104
199 104
200 104
201 104
202 104
203 104
204 104
205 104
206 104
207 103
208 102
187 107
187 106
187 105
187 104
187 103
187 102
187 101
187 100
187 99
187 98
186 97
186 96
187 95
188 94
189 93
190 92
191 91
192 90
193 89
194 88
195 88
196 88
197 88
198 88
199 88
200 88
201 88
202 88
203 88
204 88
205 88
206 88
207 88
207 87
207 86
207 85
207 84
207 83
208 82
209 81
210 80
211 79
212 78
213 77
194 87
193 86
192 85
191 84
190 83
189 82
188 82
187 82
186 82
185 82
184 82
183 82
182 82
181 82
180 81
179 80
178 79
178 78
178 77
178 76
178 75
178 74
178 73
178 72
178 71
178 70
178 69
178 68
178 67
179 66
180 66
181 66
182 66
183 66
184 66
185 66
186 66
187 66
188 66
189 65
190 64
191 63
191 62
191 61
191 60
192 60
191 59
191 58
190 57
189 56
188 55
187 54
186 53
185 52
184 52
183 52
182 52
181 52
180 52
179 52
178 52
177 52
176 52
175 52
174 51
173 52
172 53
171 54
170 55
169 56
168 56
167 56
166 56
165 56
164 56
185 51
186 50
187 49
188 48
189 47
190 46
191 45
192 44
193 43
194 42
195 41
196 40
196 39
197 39
198 40
199 41
200 41
201 41
202 41
203 42
204 43
205 44
206 44
207 44
208 44
209 44
210 44
211 44
212 44
213 44
214 44
215 44
195 38
194 38
193 37
192 37
191 37
190 37
189 37
188 37
187 37
186 37
185 37
184 36
184 35
184 34
184 33
184 32
184 31
184 30
184 29
184 28
183 27
182 26
181 27
180 28
179 29
178 30
177 31
176 32
175 33
174 34
173 34
172 34
171 34
170 34
169 35
168 36
167 37
166 38
165 39
164 40
163 41
162 41
161 41
160 41
159 41
159 40
159 39
159 38
159 37
158 36
157 35
156 34
155 33
154 32
153 31
152 30
151 29
150 28
158 42
157 43
156 44
155 45
154 46
153 47
152 48
151 49
150 50
149 51
148 51
148 50
148 49
148 48
148 47
147 46
146 45
145 44
144 43
143 43
142 43
141 43
140 43
139 43
138 43
137 43
136 43
135 43
134 43
133 42
133 41
133 40
133 39
133 38
133 37
133 36
133 35
133 34
133 33
133 32
133 31
133 30
133 29
132 43
132 44
132 45
132 46
132 47
132 48
132 49
132 50
132 51
132 52
132 53
132 54
132 55
132 56
132 57
132 58
148 52
148 53
148 54
193 59
194 58
195 57
196 56
197 55
198 56
199 57
200 58
201 58
202 58
203 58
204 58
205 58
206 58
207 58
208 58
209 58
189 81
190 80
191 79
192 78
193 77
194 76
189 119
190 119
191 119
192 119
193 119
194 119
195 119
196 119
197 118
198 117
199 116
197 130
198 131
199 132
200 133
201 134
202 135
203 136
204 136
205 136
206 136
207 136
207 135
208 134
209 133
210 132
211 131
212 130
213 129
213 128
213 127
213 126
213 125
213 124
213 123
213 122
213 121
213 120
213 119
213 118
214 117
186 134
187 135
187 136
187 137
187 138
187 139
187 140
187 141
187 142
187 143
187 144
186 145
186 146
185 147
184 148
183 148
182 149
181 150
181 151
181 152
181 153
158
117 87
116 75
118 100
107 102
129 84
132 76
134 95
133 105
128 116
139 118
151 119
139 131
128 132
121 139
109 133
102 129
92 117
78 114
89 128
74 130
62 140
61 133
58 128
47 135
36 137
31 136
27 128
24 111
35 103
32 91
44 90
48 102
62 101
73 100
78 94
90 90
91 81
103 74
102 88
76 83
78 78
65 88
58 81
47 76
44 65
35 56
24 57
33 41
23 45
44 49
45 38
46 36
54 28
56 27
31 76
64 72
58 64
62 61
57 53
63 48
57 39
75 49
86 47
75 34
87 41
99 34
97 46
103 57
114 47
113 34
115 58
87 30
92 58
90 69
78 60
58 113
63 114
35 117
46 121
48 142
50 143
51 145
59 152
72 152
83 153
81 139
93 105
103 117
114 121
102 141
102 153
116 151
150 133
148 144
137 144
144 104
145 95
148 83
146 80
147 69
157 105
168 102
162 91
165 81
162 70
173 94
174 113
164 117
172 124
166 133
162 137
166 148
173 135
185 133
196 129
187 119
187 108
197 104
208 102
186 97
194 88
207 88
213 77
189 82
178 79
179 66
191 63
185 52
174 51
164 56
197 39
202 41
215 44
195 38
193 37
184 36
182 26
170 34
159 41
150 28
144 43
133 42
133 29
132 47
132 58
148 54
197 55
209 58
194 76
199 116
207 136
213 129
214 117
187 144
186 146
185 147
183 148
181 153
