1554
120 89
120 88
120 87
120 86
120 85
120 84
121 83
122 82
119 91
118 92
117 93
116 94
115 95
114 95
113 95
112 96
111 97
110 98
109 99
108 100
108 101
108 102
108 103
108 104
108 105
108 106
107 107
106 108
105 109
104 110
103 111
102 112
101 113
100 114
99 114
98 114
97 114
96 114
95 114
94 114
93 114
92 114
91 114
90 114
89 114
88 114
87 114
87 113
87 112
87 111
87 110
87 109
86 108
85 107
84 106
83 105
82 104
81 103
81 102
81 101
81 100
81 99
81 98
81 97
81 96
81 95
81 94
81 93
82 92
83 93
84 94
85 95
86 96
87 97
88 98
89 99
90 100
91 100
92 100
93 100
94 100
94 99
94 98
94 97
94 96
94 95
94 94
94 93
94 92
95 91
96 90
97 89
98 88
99 87
100 86
101 85
102 84
103 83
104 82
105 81
105 80
104 80
103 80
102 80
101 80
100 80
99 80
98 80
97 80
96 79
95 78
95 77
96 77
95 76
95 75
95 74
95 73
95 72
95 71
95 70
95 69
94 68
93 67
97 76
98 75
99 74
100 73
101 72
102 71
103 70
104 69
105 68
106 67
107 66
107 65
107 64
107 63
107 62
107 61
107 60
108 59
109 58
110 57
111 56
112 55
112 54
111 54
110 54
109 54
108 54
107 53
106 52
105 51
104 50
103 49
102 48
101 47
100 47
99 47
98 47
97 47
96 47
95 47
94 47
93 46
92 45
91 44
90 43
89 42
88 41
87 40
86 39
85 38
84 37
83 36
82 35
81 34
80 33
80 32
79 32
81 32
82 32
83 32
84 32
85 31
86 30
87 29
88 28
89 27
90 26
89 44
89 45
89 46
89 47
89 48
89 49
89 50
89 51
89 52
89 53
88 53
87 53
86 53
85 53
84 52
83 51
82 50
81 49
80 48
79 47
78 46
77 46
77 47
76 48
75 49
75 50
75 51
75 52
75 53
75 54
75 55
75 56
75 57
75 58
76 45
75 44
74 44
73 44
72 44
71 44
70 44
69 44
68 44
67 44
66 44
65 44
64 44
63 45
62 46
61 47
60 48
59 49
58 50
57 51
57 52
56 53
55 54
54 55
53 56
52 57
51 58
50 58
49 58
48 58
47 58
46 58
45 59
44 59
43 59
42 59
41 59
40 59
39 59
38 59
37 59
36 59
35 59
34 59
33 59
32 59
31 59
30 59
29 59
28 59
27 59
26 58
25 57
25 56
25 55
25 54
25 53
25 52
25 51
25 50
25 49
25 48
26 47
27 46
28 45
29 45
30 45
31 45
32 45
33 45
34 44
35 43
36 42
37 41
38 41
39 41
40 41
41 41
42 41
43 41
44 41
45 41
46 41
47 41
48 40
48 39
48 38
48 37
48 36
48 35
49 34
50 34
51 33
52 33
53 33
54 33
55 32
56 31
57 31
58 31
59 31
60 31
61 31
62 31
63 31
64 30
65 29
66 28
67 27
35 60
34 61
33 62
32 63
31 64
30 65
29 66
29 67
29 68
29 69
29 70
29 71
28 72
27 73
26 74
25 75
24 76
23 77
23 78
23 79
23 80
23 81
23 82
47 59
47 60
47 61
47 62
47 63
47 64
47 65
47 66
47 67
47 68
47 69
48 69
49 69
50 69
51 69
52 69
53 69
54 69
55 69
56 68
57 67
58 66
59 67
60 68
61 69
62 70
63 70
64 70
65 71
66 72
67 73
67 74
67 75
67 76
67 77
67 78
67 79
67 80
67 81
68 81
69 81
70 81
71 81
72 80
73 79
74 78
75 77
76 76
77 75
78 74
79 73
66 82
65 82
64 82
63 82
62 82
61 82
60 82
59 82
58 82
57 82
56 82
55 82
54 82
53 82
52 82
51 82
50 82
49 82
48 82
47 81
46 82
45 83
44 84
43 85
42 85
41 85
40 85
39 85
38 85
37 85
36 85
35 86
34 87
33 88
32 89
31 90
30 91
29 92
28 93
27 94
26 94
25 94
26 95
27 96
28 97
29 98
30 99
31 100
32 101
33 102
34 103
35 104
36 105
37 105
37 104
37 103
38 102
39 101
40 100
41 99
42 98
37 106
38 107
39 108
40 109
41 109
42 109
43 109
42 110
41 111
40 112
39 113
38 114
37 115
36 116
35 117
35 118
35 119
35 120
35 121
34 121
33 121
32 120
31 119
30 118
29 117
28 116
27 115
26 114
25 113
24 112
34 122
33 123
32 124
31 125
30 126
29 127
28 127
27 127
26 127
25 127
24 127
25 128
26 129
27 130
28 131
29 132
30 133
31 134
32 135
32 136
33 136
34 136
35 136
36 136
37 136
38 136
39 136
40 136
41 136
42 136
43 136
43 135
43 134
43 133
43 132
43 131
43 130
44 129
45 128
46 127
47 126
48 125
44 137
44 138
44 139
44 140
45 141
46 141
47 141
48 142
49 143
50 144
51 144
52 145
53 146
54 146
55 146
56 146
56 145
56 144
57 143
58 142
59 141
60 140
61 139
62 138
63 137
64 136
65 135
66 135
67 135
68 135
69 135
70 134
71 133
72 132
73 131
74 130
75 129
76 128
65 134
64 133
63 132
57 83
56 84
55 85
54 86
54 87
54 88
54 89
54 90
54 91
54 92
54 93
59 83
60 84
61 85
62 86
63 87
64 88
65 89
65 90
65 91
65 92
65 93
65 94
65 95
65 96
65 97
65 98
64 99
63 100
62 101
61 102
60 103
59 104
58 104
57 104
56 104
55 104
58 53
59 54
60 54
61 54
62 54
63 54
101 46
101 45
101 44
101 43
101 42
101 41
101 40
101 39
102 38
113 54
113 53
113 52
113 51
113 50
113 49
113 48
113 47
113 46
113 45
113 44
113 43
114 42
114 41
114 40
114 39
114 38
114 37
114 36
114 35
114 34
115 33
116 32
116 31
115 31
114 31
113 31
112 31
111 31
110 30
109 29
108 28
107 27
106 26
105 25
117 31
114 55
115 56
116 57
117 58
118 59
119 60
120 61
121 62
122 63
122 64
122 65
123 66
124 67
125 67
126 67
127 67
128 67
129 67
130 67
131 67
132 67
106 80
80 104
79 105
78 106
77 107
76 108
75 109
74 110
73 111
72 111
71 111
70 111
69 111
97 115
96 116
95 117
94 118
93 119
92 120
91 121
90 122
89 123
89 124
89 125
90 126
91 127
92 128
93 129
94 130
95 131
96 132
97 133
98 134
99 134
99 133
99 132
100 131
99 135
98 136
97 137
96 138
95 139
94 140
93 141
92 142
91 143
90 144
89 144
88 144
87 144
86 144
85 144
84 144
83 144
82 144
81 144
80 144
79 144
78 144
77 144
100 136
101 137
101 138
101 139
101 140
101 141
101 142
101 143
101 144
101 145
101 146
102 147
103 148
104 149
105 149
106 149
107 149
108 149
109 149
110 149
111 149
112 149
99 115
100 116
101 117
102 118
103 118
104 118
105 118
106 118
107 119
108 120
109 121
110 122
111 123
112 124
113 125
114 126
114 127
114 128
114 129
109 107
110 108
111 109
112 110
113 111
114 112
115 113
116 114
117 115
118 116
119 116
120 116
121 117
122 118
123 118
124 118
125 118
126 118
127 118
128 118
129 118
130 118
131 118
132 118
133 118
134 118
135 118
136 117
137 116
138 115
139 114
140 113
129 119
130 120
131 121
132 122
133 123
134 124
135 125
136 125
137 125
138 125
139 125
139 126
139 127
139 128
139 129
139 130
139 131
139 132
139 133
139 134
139 135
138 136
137 137
136 138
135 139
134 140
133 141
132 142
131 142
130 142
129 142
128 142
127 143
126 144
126 145
126 146
126 147
126 148
126 149
126 150
126 151
126 152
126 153
129 143
130 144
131 145
132 146
133 147
134 148
135 149
136 150
137 151
137 152
137 153
138 153
139 153
140 153
141 153
142 153
143 153
144 153
145 153
146 153
147 153
148 152
140 136
141 137
142 137
143 137
144 137
145 137
146 137
147 137
148 137
149 137
150 137
150 136
150 135
151 134
152 133
153 134
154 135
155 136
156 137
157 137
158 137
159 137
160 137
161 137
161 136
161 135
161 134
161 133
161 132
162 131
162 130
161 130
160 129
159 128
158 127
157 126
156 125
155 124
154 123
153 122
152 121
163 130
164 130
165 130
166 130
167 130
168 130
169 129
170 128
171 127
171 126
171 125
171 124
172 123
173 122
174 121
175 120
176 119
177 118
178 117
179 116
180 116
181 116
182 116
183 116
184 116
185 116
186 116
187 116
188 116
189 116
190 115
190 114
190 113
191 112
192 111
193 110
194 109
194 108
193 107
192 106
191 105
190 104
189 103
188 102
188 101
187 101
186 101
185 101
184 101
183 101
182 100
181 99
180 98
179 97
178 96
177 95
176 94
176 93
176 92
176 91
176 90
176 89
177 89
176 88
176 87
175 86
174 85
173 84
172 83
171 83
170 83
169 83
168 83
167 83
166 83
165 83
164 82
163 81
163 80
163 79
163 78
163 77
163 76
163 75
163 74
163 73
163 72
163 71
163 70
163 69
162 69
164 69
165 69
166 69
167 69
168 69
169 69
170 69
171 69
172 69
172 68
172 67
172 66
172 65
172 64
172 63
172 62
172 61
172 60
173 59
173 58
172 58
171 58
170 58
169 58
168 58
167 57
166 56
165 55
164 54
164 53
165 52
166 51
167 50
168 49
169 48
170 47
170 46
169 46
168 46
167 46
166 46
165 46
164 45
163 44
162 43
162 42
162 41
162 40
162 39
162 38
162 37
161 36
160 35
159 34
158 33
157 32
161 44
160 45
159 46
158 46
157 46
156 46
155 46
154 46
153 46
152 46
151 46
150 46
150 45
149 44
148 43
147 42
146 41
145 40
144 39
143 39
142 39
141 39
140 39
139 39
138 39
137 39
136 39
135 39
134 39
133 39
132 39
131 40
130 41
129 42
129 43
129 44
129 45
129 46
129 47
129 48
129 49
129 50
144 38
144 37
144 36
144 35
143 34
142 33
141 32
140 31
139 30
138 29
137 28
136 27
149 47
148 48
147 49
146 50
146 51
146 52
146 53
146 54
146 55
146 56
146 57
146 58
146 59
171 46
171 45
171 44
171 43
171 42
171 41
171 40
171 39
171 38
171 37
172 36
173 35
173 34
173 33
173 32
173 31
173 30
173 29
173 28
173 27
174 26
175 25
176 24
174 36
175 37
176 38
177 38
178 38
179 38
180 38
181 38
182 38
183 38
184 38
185 38
186 38
187 38
188 38
189 38
190 38
191 38
192 38
193 38
194 38
195 38
196 39
197 39
196 40
195 41
194 42
193 43
192 44
191 45
190 46
189 47
188 48
188 49
188 50
198 40
199 40
200 40
201 41
202 41
203 41
204 41
205 41
206 41
207 41
206 42
205 43
204 44
203 45
202 46
201 47
201 48
201 49
201 50
201 51
201 52
200 53
199 54
198 55
197 56
196 57
195 58
194 59
193 60
192 61
191 62
190 62
189 62
190 63
191 64
192 65
193 66
194 66
195 66
208 42
209 43
210 44
211 45
212 46
213 46
214 46
213 47
212 48
212 49
212 50
212 51
212 52
212 53
212 54
212 55
212 56
212 57
211 58
210 59
210 60
210 61
210 62
210 63
210 64
210 65
210 66
210 67
210 68
210 69
211 70
211 71
211 72
211 73
211 74
211 75
211 76
211 77
211 78
211 79
211 80
212 81
213 82
214 83
215 84
215 85
215 86
215 87
215 88
215 89
215 90
215 91
215 92
215 93
215 94
214 95
213 96
212 97
211 98
210 99
210 100
210 101
210 102
210 103
210 104
210 105
174 58
162 82
161 83
160 84
159 84
158 83
157 82
156 81
155 80
154 79
153 78
152 77
151 76
150 75
149 74
148 73
178 88
179 87
180 86
181 85
182 84
183 83
175 95
174 96
173 97
172 98
171 99
170 99
169 99
168 99
167 99
166 99
165 99
164 99
163 99
162 99
161 98
160 97
159 96
164 100
163 101
162 102
161 103
160 104
159 105
158 106
157 107
156 108
155 108
154 108
166 100
167 101
168 102
169 103
170 104
171 105
172 105
173 105
172 106
171 107
170 108
169 109
168 110
167 110
166 110
165 110
189 101
190 101
191 101
192 101
193 100
194 99
195 98
196 97
196 96
196 95
196 94
196 93
196 92
196 91
196 90
196 89
196 88
196 87
196 86
195 85
191 116
192 117
193 118
194 119
195 120
196 120
197 120
198 120
199 120
198 121
197 122
196 123
195 124
194 125
193 126
192 127
192 128
192 129
192 130
192 131
191 132
190 133
190 134
190 135
190 136
190 137
190 138
190 139
190 140
190 141
190 142
189 143
188 143
187 144
186 144
185 144
184 144
183 144
182 144
181 144
180 144
179 143
178 142
177 141
176 140
186 145
185 146
184 147
183 148
183 149
183 150
183 151
182 152
181 153
180 153
179 153
178 153
177 153
176 153
175 153
174 153
173 153
172 153
171 153
170 153
169 153
168 152
167 151
166 150
165 149
193 132
194 133
195 134
196 135
197 135
198 135
199 135
200 135
201 135
202 135
203 135
204 135
205 135
206 135
207 135
208 135
209 135
210 135
211 135
212 134
213 133
214 132
214 131
214 130
214 129
214 128
214 127
214 126
214 125
214 124
214 123
214 122
214 121
214 120
213 119
127 119
127 120
127 121
127 122
127 123
127 124
127 125
127 126
127 127
127 128
127 129
127 130
121 91
122 92
123 93
124 93
125 93
126 93
127 93
128 93
128 92
128 91
128 90
128 89
128 88
128 87
129 86
130 85
131 84
132 83
133 82
134 81
135 82
136 83
137 84
138 85
139 86
140 86
141 86
127 94
126 95
126 96
126 97
126 98
126 99
126 100
126 101
129 94
130 95
131 96
132 97
133 98
134 99
135 100
136 100
137 100
138 100
164
122 82
113 95
108 106
98 114
87 114
81 103
82 92
94 100
95 91
95 78
93 67
107 66
101 47
90 43
79 32
90 26
89 53
78 46
75 58
75 44
64 44
57 52
46 58
36 59
25 57
28 45
37 41
48 40
49 34
51 33
56 31
67 27
29 71
23 82
47 69
58 66
64 70
67 81
79 73
58 82
47 81
36 85
25 94
42 98
37 106
43 109
35 121
24 112
24 127
32 136
43 136
48 125
44 140
47 141
48 142
49 143
51 144
56 146
65 135
76 128
63 132
54 93
65 93
65 98
55 104
63 54
102 38
113 54
114 42
105 25
117 31
122 65
132 67
106 80
69 111
89 125
100 131
99 135
88 144
77 144
101 146
112 149
106 118
114 129
120 116
128 118
140 113
139 125
139 135
128 142
126 153
137 153
148 152
150 137
152 133
161 137
152 121
163 130
171 127
179 116
190 115
194 109
187 101
176 94
172 83
163 81
162 69
172 69
164 54
162 43
157 32
150 46
144 39
132 39
129 50
136 27
146 59
171 46
173 35
176 24
184 38
195 38
197 39
188 50
200 40
207 41
201 52
189 62
195 66
214 46
212 57
210 69
211 80
215 94
210 105
174 58
159 84
148 73
183 83
165 99
159 96
154 108
173 105
165 110
196 97
195 85
199 120
192 131
190 142
188 143
187 144
176 140
183 151
176 153
165 149
203 135
214 132
213 119
127 130
128 93
134 81
141 86
126 101
138 100
