1501
121 90
121 91
122 90
123 89
123 88
123 87
123 86
123 85
123 84
124 83
125 82
126 81
126 80
126 79
126 78
125 77
124 76
123 75
122 74
122 73
121 73
123 73
124 73
125 72
126 71
127 70
127 82
128 83
129 84
130 85
131 86
132 87
133 88
134 88
134 87
134 86
134 85
135 84
136 83
137 82
138 81
134 89
122 92
123 93
124 94
125 95
126 96
127 97
128 98
129 98
128 99
127 100
126 101
125 101
124 101
123 101
122 101
121 101
120 101
119 101
118 101
117 101
116 101
115 101
114 101
113 101
112 101
111 101
110 101
109 101
108 101
107 102
106 103
105 104
104 105
103 105
102 105
101 105
100 105
99 105
98 105
98 104
98 103
98 102
98 101
98 100
98 99
98 98
98 97
98 96
97 95
96 94
96 93
96 92
96 91
96 90
96 89
96 88
96 87
96 86
96 85
96 84
96 83
96 82
96 81
96 80
95 79
94 78
93 77
92 76
91 75
90 74
89 73
88 72
87 73
86 74
85 74
84 74
83 74
82 74
81 74
80 74
79 74
78 74
77 74
76 74
97 79
98 78
99 77
100 76
101 75
102 74
103 73
103 72
103 71
103 70
103 69
103 68
103 67
103 66
102 65
101 64
100 63
100 62
99 62
99 61
99 60
99 59
99 58
99 57
99 56
98 55
97 54
96 53
95 52
94 51
93 50
93 49
92 48
91 47
90 46
89 45
88 44
87 43
86 42
85 41
85 40
84 40
86 40
87 40
88 40
89 40
90 39
91 38
92 37
93 36
94 35
94 34
93 34
92 34
91 34
90 34
89 33
88 32
87 31
86 30
85 29
84 28
95 34
92 51
91 52
90 53
89 53
88 53
87 53
86 53
85 53
84 53
83 53
82 53
81 53
101 62
102 62
103 62
104 62
105 62
106 62
107 62
108 62
109 62
110 61
111 61
112 61
113 61
114 61
115 61
116 60
117 59
118 58
119 57
120 56
121 55
121 54
121 53
121 52
121 51
122 50
123 49
124 48
125 47
126 46
126 45
126 44
126 43
127 42
128 41
129 40
130 39
131 38
132 37
133 36
133 35
133 34
133 33
133 32
133 31
133 30
132 29
131 28
130 27
129 26
128 25
127 24
122 56
123 57
124 57
125 57
126 57
127 57
110 60
110 59
110 58
110 57
110 56
110 55
110 54
110 53
110 52
109 51
108 50
107 49
107 48
107 47
107 46
107 45
107 44
108 43
109 42
110 41
111 40
112 39
113 38
113 37
113 36
113 35
113 34
113 33
113 32
113 31
113 30
113 29
112 28
111 27
104 74
105 74
106 74
107 74
108 74
109 74
95 95
94 96
93 97
92 98
91 99
90 100
89 100
88 100
87 100
86 100
85 100
84 100
83 100
83 99
83 98
83 97
83 96
83 95
83 94
83 93
82 92
82 101
81 102
80 103
79 104
78 105
77 106
76 107
75 108
74 109
73 110
72 111
71 111
71 110
71 109
71 108
71 107
71 106
70 105
69 104
68 103
67 102
66 101
65 100
65 99
65 98
65 97
65 96
65 95
66 94
67 93
68 92
69 91
69 90
69 89
68 88
67 87
66 86
65 85
64 84
63 83
62 82
61 81
61 80
61 79
61 78
61 77
61 76
61 75
60 74
59 73
58 72
57 72
56 72
55 72
54 72
53 72
52 72
51 72
50 72
49 72
48 72
47 71
58 71
58 70
58 69
59 68
60 67
61 66
60 65
59 64
58 63
57 62
56 61
55 60
54 59
53 58
52 57
52 56
51 56
51 55
51 54
51 53
51 52
50 51
49 50
48 49
47 48
46 47
45 46
44 45
43 45
42 45
41 45
40 45
39 45
38 45
37 45
36 45
35 44
34 43
33 42
32 41
31 42
30 42
29 42
53 56
54 56
55 56
56 56
57 55
58 54
59 53
60 52
61 51
61 50
61 49
61 48
60 48
59 47
58 46
57 45
56 44
55 43
55 42
55 41
55 40
55 39
55 38
55 37
55 36
54 35
53 34
52 33
52 32
51 32
53 32
54 32
55 31
56 31
57 31
58 31
59 31
60 31
61 31
62 31
63 31
64 30
65 29
66 28
67 27
61 47
61 46
62 45
63 44
64 43
65 42
66 41
67 40
68 39
60 82
59 83
58 84
57 85
57 86
64 101
63 102
62 102
61 102
60 102
59 102
58 102
57 102
56 102
55 102
54 102
53 102
52 102
51 102
50 101
49 100
48 99
47 98
46 98
45 98
44 98
43 98
42 98
41 98
40 98
39 98
38 97
37 96
37 95
37 94
37 93
37 92
37 91
37 90
37 89
37 88
37 87
37 86
38 85
39 85
40 85
41 85
42 85
43 85
44 85
45 85
46 85
38 84
38 83
38 82
38 81
38 80
38 79
38 78
38 77
37 76
36 75
35 74
35 73
35 72
35 71
35 70
35 69
35 68
35 67
34 66
33 65
32 64
31 63
34 75
33 76
32 77
31 78
30 79
29 80
28 81
27 82
26 82
25 82
24 82
23 82
23 83
23 84
23 85
23 86
23 87
23 88
23 89
23 90
23 91
23 92
23 93
23 94
36 97
35 98
34 99
33 100
32 101
32 102
32 103
32 104
32 105
32 106
32 107
33 108
34 109
35 110
36 111
37 111
38 111
39 111
40 111
41 111
40 112
39 113
38 114
37 115
36 116
35 117
34 118
33 119
32 120
31 121
30 122
29 122
28 123
27 124
26 125
25 126
24 127
24 128
24 129
24 130
24 131
24 132
24 133
24 134
25 135
26 135
27 135
28 135
29 135
30 135
31 135
32 135
33 135
34 135
35 135
36 136
37 137
38 137
39 138
40 138
41 138
42 138
43 138
44 138
45 139
46 140
47 141
48 142
49 143
50 144
51 144
52 145
52 146
53 146
53 147
54 148
55 149
56 149
54 145
55 144
56 143
57 142
58 141
59 140
60 139
61 138
62 137
62 136
61 136
60 136
59 135
58 134
57 133
56 132
63 136
63 135
63 134
63 133
63 132
64 131
65 130
57 103
56 104
55 105
54 106
54 107
54 108
54 109
54 110
54 111
54 112
54 113
53 114
52 115
51 116
50 117
49 118
48 119
47 120
46 121
45 122
44 123
43 123
42 123
71 112
71 113
99 106
100 107
101 108
102 109
103 110
103 111
103 112
103 113
103 114
103 115
103 116
103 117
102 118
101 119
100 120
99 121
98 121
97 121
96 121
95 121
94 121
93 121
92 121
91 122
91 123
91 124
91 125
91 126
91 127
91 128
91 129
91 130
91 131
91 132
90 133
89 133
88 133
87 133
86 133
85 133
84 133
83 133
82 133
81 133
80 133
79 134
79 135
79 136
79 137
79 138
79 139
79 140
79 141
78 142
77 143
76 144
75 145
74 146
73 147
72 148
71 149
70 150
70 151
70 152
80 142
81 143
81 144
81 145
81 146
81 147
81 148
81 149
81 150
81 151
81 152
93 122
94 123
95 124
96 125
97 126
98 127
99 128
100 129
101 130
102 131
103 132
103 133
104 134
105 135
106 136
105 137
104 138
103 139
102 140
101 141
100 142
99 143
98 144
97 145
96 145
95 145
96 146
97 147
98 148
99 149
100 150
101 151
102 152
103 153
104 153
105 153
106 153
107 153
108 153
109 153
110 153
111 153
112 153
113 153
114 153
115 153
116 153
117 152
104 118
105 119
106 119
107 119
108 119
118 100
117 99
116 98
115 97
114 96
113 95
112 94
111 93
110 92
109 91
108 90
120 102
121 103
122 104
123 105
124 106
125 107
126 108
127 109
128 110
129 111
130 111
129 112
128 113
127 114
126 115
125 116
124 116
123 116
122 116
121 117
121 118
121 119
121 120
121 121
121 122
121 123
121 124
121 125
121 126
121 127
122 128
123 129
124 130
125 131
126 132
127 133
128 133
127 134
127 135
127 136
128 137
129 138
130 139
131 140
132 141
132 142
132 143
132 144
132 145
132 146
132 147
132 148
129 132
130 131
131 130
132 131
133 132
134 133
135 134
136 135
137 135
138 135
139 135
140 135
140 134
140 133
140 132
140 131
140 130
141 129
142 128
143 127
144 126
145 125
146 126
147 127
148 128
149 129
150 130
151 131
152 132
153 132
152 133
152 134
152 135
153 136
154 137
155 138
156 139
157 140
158 141
159 141
160 141
161 141
162 141
163 141
164 141
165 141
166 141
167 140
168 139
169 138
170 137
171 136
172 135
173 134
174 135
175 136
176 137
176 138
176 139
176 140
176 141
176 142
176 143
176 144
176 145
177 145
178 145
179 145
180 145
181 145
182 145
183 145
184 145
185 145
186 145
187 144
188 143
189 142
190 141
191 140
192 139
193 139
194 139
195 139
196 139
197 139
198 138
199 138
200 138
201 138
202 137
203 137
204 137
205 136
206 135
207 134
208 133
209 132
210 131
211 130
212 129
202 136
201 135
200 134
199 133
198 132
197 131
196 130
195 129
194 128
193 127
193 126
192 126
191 126
190 126
189 125
188 124
187 123
186 122
185 121
184 120
183 119
182 118
181 118
180 118
179 118
178 118
177 117
176 116
175 115
174 114
173 113
172 112
171 111
170 111
169 111
168 111
167 111
166 111
165 111
164 111
163 111
162 110
161 109
162 108
163 107
164 106
165 105
166 104
167 103
168 102
169 101
170 100
171 99
171 98
170 98
169 98
168 98
167 98
166 98
165 98
164 98
163 98
162 98
162 97
162 96
162 95
161 94
160 93
159 92
158 91
157 90
156 89
155 88
154 87
153 86
153 85
153 84
153 83
153 82
153 81
153 80
153 79
153 78
153 77
153 76
153 75
153 74
152 74
151 74
150 74
149 74
148 73
147 72
146 71
145 70
144 69
143 68
154 74
154 73
154 72
154 71
155 70
156 69
157 68
158 67
159 66
160 65
161 64
162 63
172 98
172 97
172 96
172 95
172 94
172 93
171 93
170 92
169 91
168 90
167 89
166 88
173 92
174 91
175 90
176 89
177 88
178 87
178 86
177 85
176 84
175 83
174 82
173 81
172 80
171 79
170 78
169 77
169 76
168 76
170 76
171 76
172 76
173 76
174 76
175 76
176 76
177 75
194 126
195 125
196 124
197 123
198 122
199 121
200 120
201 119
202 118
203 117
204 117
205 117
206 117
207 117
208 117
209 117
210 117
211 117
212 116
213 115
214 114
203 116
203 115
203 114
203 113
203 112
203 111
203 110
203 109
202 108
201 107
201 106
200 106
199 105
198 104
197 103
196 102
195 101
194 100
193 99
192 98
191 97
190 96
190 95
189 95
188 96
188 97
188 98
188 99
188 100
188 101
188 102
188 103
188 104
188 105
188 106
191 95
192 95
193 95
194 95
195 94
196 93
197 92
198 91
202 106
203 106
204 106
205 106
206 106
207 106
208 105
209 104
210 103
211 102
211 101
211 100
211 99
211 98
211 97
211 96
211 95
211 94
211 93
211 92
212 91
212 90
212 89
212 88
212 87
212 86
212 85
212 84
212 83
212 82
212 81
211 80
210 80
209 80
208 80
207 80
206 80
205 80
204 80
203 80
202 80
201 80
200 79
199 79
198 79
197 79
196 79
195 79
194 78
193 77
192 76
191 75
190 74
190 73
190 72
191 71
192 70
193 69
194 68
194 67
194 66
194 65
194 64
194 63
194 62
194 61
194 60
195 59
196 58
196 57
195 57
194 57
193 57
192 57
191 56
190 55
190 54
190 53
190 52
190 51
190 50
190 49
190 48
190 47
191 46
192 45
193 44
194 43
194 42
194 41
194 40
194 39
193 38
192 37
191 36
190 35
189 35
188 35
187 35
186 35
185 35
184 35
183 35
182 35
181 34
180 35
179 36
178 37
177 38
176 39
175 40
174 41
173 42
173 43
173 44
173 45
172 45
171 45
170 44
169 43
169 42
169 41
169 40
169 39
169 38
169 37
169 36
169 35
169 34
169 33
169 32
168 32
167 32
166 32
165 32
164 32
163 32
162 31
161 30
160 29
159 28
158 27
168 44
167 45
166 46
165 47
164 48
163 48
163 47
163 46
163 45
162 44
161 43
160 42
159 41
158 40
157 40
156 40
155 39
154 38
153 37
152 36
151 35
150 34
149 33
148 32
147 31
157 41
156 42
155 43
154 44
153 44
152 44
151 44
150 44
149 44
148 44
147 44
146 45
145 46
144 47
144 48
144 49
144 50
144 51
163 49
163 50
189 56
188 57
187 58
186 59
185 60
184 60
183 60
182 60
181 60
180 60
179 60
178 60
197 57
198 57
198 58
199 59
200 60
201 61
202 62
203 63
204 63
205 63
206 63
207 63
208 63
209 63
199 56
200 55
201 54
202 53
203 52
204 51
205 50
206 49
207 48
208 47
208 46
208 45
208 44
208 43
208 42
207 41
162 142
161 143
160 144
160 145
160 146
160 147
160 148
160 149
160 150
160 151
160 152
159 152
158 152
157 152
156 152
155 152
154 152
153 152
152 152
151 152
150 152
149 152
148 152
147 152
146 152
154 131
155 130
156 129
157 128
158 127
159 126
160 125
161 125
162 125
163 125
164 125
165 125
166 125
167 125
168 125
169 125
170 124
171 123
131 112
132 113
133 114
134 114
135 114
136 114
137 114
138 114
139 114
140 114
141 114
141 113
141 112
141 111
141 110
141 109
142 108
143 107
144 106
145 105
146 104
147 103
148 102
161
123 89
126 81
121 73
127 70
138 81
134 89
129 98
119 101
108 101
98 105
96 94
96 83
88 72
76 74
103 73
99 62
93 50
84 40
84 28
95 34
81 53
110 61
121 55
126 46
133 36
127 24
127 57
107 49
113 38
111 27
109 74
83 100
82 92
65 100
69 91
61 81
58 72
47 71
61 66
51 56
44 45
32 41
29 42
61 51
55 43
51 32
55 31
67 27
68 39
57 86
58 102
47 98
37 96
38 85
46 85
35 74
31 63
23 82
23 94
32 107
41 111
29 122
24 134
35 135
38 137
44 138
49 143
51 144
52 146
53 147
56 149
56 132
63 136
65 130
54 113
42 123
71 113
103 117
92 121
91 132
80 133
79 141
70 152
81 152
103 133
106 136
95 145
106 153
117 152
108 119
108 90
130 111
122 116
121 127
127 136
132 148
131 130
140 135
145 125
152 135
163 141
173 134
176 145
187 144
189 142
192 139
198 138
202 137
205 136
212 129
192 126
182 118
171 111
161 109
162 98
153 86
143 68
154 74
162 63
172 98
166 88
178 87
168 76
177 75
203 117
214 114
200 106
189 95
188 106
198 91
211 102
212 91
211 80
200 79
190 74
194 68
190 55
194 43
191 36
190 35
181 34
173 45
169 43
169 32
158 27
158 40
147 31
147 44
144 51
163 50
178 60
197 57
209 63
208 47
207 41
160 152
146 152
160 125
171 123
141 114
148 102
