1516
121 90
120 89
120 88
120 87
120 86
119 85
118 84
118 83
117 83
119 82
120 81
121 80
122 79
123 78
124 77
125 76
126 75
127 74
128 73
128 72
127 72
126 72
125 72
124 72
123 72
122 72
121 71
120 70
119 69
129 72
119 91
118 92
117 93
116 94
115 94
114 94
113 94
112 94
111 94
110 94
109 93
108 92
107 91
106 90
105 89
104 88
104 87
104 86
104 85
103 85
102 84
101 83
100 82
99 81
99 80
99 79
99 78
100 78
99 77
98 76
97 75
96 74
95 73
94 72
93 71
92 70
101 77
102 76
103 75
104 74
105 73
106 72
106 71
105 71
104 71
103 70
103 69
103 68
103 67
103 66
103 65
103 64
103 63
103 62
102 61
101 60
100 59
101 58
102 57
103 56
104 55
105 54
106 53
107 52
108 51
108 50
107 50
106 50
105 50
104 50
103 50
102 50
101 49
100 48
100 47
100 46
100 45
100 44
99 43
98 42
97 41
96 40
95 39
94 40
93 41
92 42
91 43
90 44
89 45
88 46
87 46
86 45
85 44
84 43
83 42
82 41
81 40
80 39
79 38
78 37
77 36
76 35
76 34
75 34
77 34
78 34
79 33
80 32
81 31
82 30
83 29
84 28
85 27
86 26
87 25
88 25
89 25
90 25
91 25
92 25
93 25
94 25
95 25
96 25
97 25
98 25
99 25
88 47
88 48
88 49
88 50
88 51
88 52
88 53
88 54
88 55
88 56
88 57
88 58
109 50
110 51
111 52
112 52
113 52
114 52
115 52
116 52
117 52
118 52
119 52
120 52
121 52
122 53
123 54
124 55
125 55
126 55
127 55
128 55
107 71
98 82
97 83
96 84
95 85
94 85
93 85
92 85
91 85
90 86
89 87
88 88
87 89
87 90
87 91
87 92
87 93
87 94
87 95
87 96
86 97
85 98
84 99
83 100
82 100
81 100
80 100
79 100
78 99
77 98
76 97
75 96
74 97
73 98
72 99
71 100
70 101
69 102
68 103
67 103
66 103
65 103
64 103
63 103
63 102
63 101
63 100
63 99
63 98
63 97
63 96
62 95
62 94
62 93
62 92
62 91
62 90
62 89
62 88
62 87
62 86
61 85
60 84
59 84
58 84
57 84
56 84
55 84
54 84
53 84
52 84
51 84
50 84
49 84
48 85
47 86
46 87
45 88
44 89
43 89
42 89
41 89
40 89
39 89
38 89
37 89
37 88
37 87
37 86
37 85
37 84
37 83
37 82
37 81
37 80
37 79
36 78
35 78
34 78
33 78
32 78
31 78
30 78
29 78
28 78
27 78
26 78
25 77
24 76
23 77
23 78
23 79
23 80
23 81
23 82
23 83
23 84
23 85
23 86
23 87
23 88
59 83
58 82
57 81
56 80
55 79
54 78
53 77
52 76
51 75
50 74
49 73
49 72
49 71
49 70
50 69
51 68
52 67
53 66
54 65
55 64
56 63
57 62
58 61
58 60
58 59
58 58
58 57
58 56
59 55
60 54
61 53
62 52
62 51
61 51
60 51
59 51
58 51
57 51
56 51
55 51
54 50
53 49
52 49
52 50
51 51
50 52
49 53
48 54
47 55
46 56
46 57
46 58
46 59
46 60
45 61
44 62
43 63
42 64
41 65
40 65
39 65
38 65
37 65
36 65
35 65
34 65
33 65
32 65
31 65
30 65
29 64
28 63
27 62
26 61
25 60
24 59
51 48
50 47
49 46
48 45
47 44
46 43
45 42
44 41
43 40
42 39
41 40
40 40
39 40
38 40
37 40
36 41
35 41
34 41
33 41
32 42
31 43
30 44
30 45
53 48
53 47
53 46
53 45
53 44
53 43
53 42
53 41
53 40
53 39
53 38
54 37
54 36
54 35
54 34
54 33
54 32
54 31
54 30
54 29
55 28
56 27
63 51
64 52
65 53
66 54
67 54
68 54
69 54
70 54
71 54
72 54
73 54
74 54
59 62
60 63
61 64
62 65
63 66
64 67
65 68
65 69
65 70
65 71
65 72
66 73
67 74
68 75
69 76
70 77
71 78
72 79
73 79
73 78
73 77
74 76
75 75
76 74
77 73
78 72
79 71
73 80
73 81
73 82
73 83
62 104
61 105
60 105
59 105
58 105
57 105
56 105
55 105
54 105
53 105
52 105
51 105
50 105
49 105
48 105
47 105
46 105
45 105
44 104
43 105
42 106
41 107
40 107
39 107
38 107
37 107
36 107
35 107
34 107
33 107
32 107
31 107
30 107
29 107
28 107
27 107
26 106
25 105
35 108
34 109
33 110
32 111
31 112
30 113
30 114
30 115
30 116
30 117
30 118
30 119
37 108
38 109
39 110
40 111
41 112
42 113
42 114
42 115
42 116
42 117
42 118
42 119
42 120
42 121
42 122
42 123
42 124
42 125
42 126
42 127
42 128
41 129
40 130
39 131
38 132
37 133
36 134
35 135
34 136
33 136
32 136
31 136
31 135
30 134
29 133
28 132
27 131
43 129
43 130
43 131
43 132
43 133
43 134
43 135
43 136
43 137
43 138
43 139
44 140
45 140
46 141
47 141
48 141
49 141
50 141
51 141
52 142
52 143
52 144
52 145
52 146
53 147
54 148
54 149
55 150
56 151
57 152
58 153
57 106
58 107
59 108
60 109
61 110
62 111
63 112
64 113
65 114
66 115
67 116
66 117
65 118
64 119
63 120
62 121
61 122
60 122
59 122
58 122
57 122
56 122
104 84
105 83
106 82
103 89
102 90
101 91
100 92
100 93
100 94
100 95
100 96
100 97
100 98
100 99
114 95
114 96
114 97
114 98
114 99
114 100
114 101
114 102
114 103
114 104
114 105
114 106
113 107
112 108
111 109
110 110
109 111
108 112
107 113
106 114
105 115
104 116
103 117
102 117
101 117
102 118
103 119
104 120
105 120
106 120
107 120
108 120
109 120
110 120
111 120
112 120
113 120
114 120
115 120
116 120
117 120
118 120
119 120
120 120
121 120
122 120
123 120
124 120
125 120
126 120
127 119
105 121
104 122
103 123
102 124
101 125
100 126
99 127
98 128
97 128
96 129
95 130
94 131
93 132
92 132
91 132
90 132
89 132
88 132
87 132
86 132
86 131
86 130
86 129
86 128
86 127
86 126
86 125
86 124
86 123
85 122
84 121
85 133
85 134
85 135
85 136
85 137
85 138
85 139
85 140
85 141
85 142
85 143
84 144
83 145
82 146
81 147
80 148
79 149
78 150
77 151
76 151
75 151
74 151
73 151
72 151
72 150
72 149
72 148
72 147
72 146
72 145
72 144
72 143
72 142
72 141
71 140
70 139
69 138
69 137
69 136
69 135
69 134
70 133
98 129
99 130
100 131
101 132
102 133
102 134
102 135
102 136
102 137
102 138
103 138
104 138
105 138
106 138
107 138
108 138
109 137
110 136
111 135
112 134
113 133
103 139
104 140
105 141
106 142
107 143
108 144
109 145
110 146
111 147
112 148
113 149
114 150
115 151
116 152
116 153
101 139
101 140
101 141
101 142
101 143
101 144
101 145
101 146
101 147
101 148
101 149
101 150
122 90
123 90
124 90
125 90
126 90
127 90
128 89
129 90
130 91
131 92
132 93
133 94
134 95
135 96
136 96
137 96
138 96
139 96
139 95
139 94
139 93
139 92
139 91
139 90
139 89
139 88
139 87
139 86
140 85
140 84
141 83
142 82
143 81
144 80
145 81
146 82
147 83
148 84
149 85
150 86
151 86
151 87
152 88
153 89
154 90
155 91
156 92
157 93
158 94
159 95
160 95
161 95
162 95
163 95
164 96
165 97
166 98
166 99
166 100
166 101
166 102
166 103
166 104
167 104
168 104
169 104
170 104
171 104
172 104
173 104
174 104
165 105
164 106
163 107
162 108
161 109
160 110
159 111
158 112
157 113
156 114
155 115
154 115
155 116
156 117
157 118
158 118
159 118
160 118
161 118
162 118
163 118
164 118
165 118
166 118
167 118
168 118
169 118
170 118
171 118
172 118
173 118
174 118
175 118
176 118
152 85
153 84
154 83
155 82
156 81
157 80
158 81
159 82
160 83
161 83
162 83
163 83
164 83
165 83
166 83
166 82
167 81
168 80
168 79
168 78
168 77
168 76
168 75
168 74
168 73
168 72
169 71
170 70
170 69
169 69
168 69
167 69
166 68
165 67
164 67
163 67
162 67
161 67
160 67
159 67
158 67
157 67
156 66
155 65
154 64
153 63
152 64
151 64
150 64
149 64
148 64
147 64
146 64
145 64
144 64
143 64
142 64
154 62
155 61
156 60
157 59
158 58
159 57
160 56
161 55
162 54
163 53
163 52
162 52
161 52
160 52
159 52
158 52
157 52
156 52
155 51
154 50
153 49
152 48
152 47
152 46
152 45
152 44
152 43
152 42
152 41
152 40
153 39
154 38
155 37
151 49
150 49
149 49
148 49
147 49
146 49
145 49
144 49
143 49
142 49
141 49
141 48
141 47
141 46
141 45
141 44
140 43
139 43
138 43
137 43
136 43
135 43
134 43
133 43
132 43
131 42
130 41
129 40
128 39
127 38
126 38
125 38
124 38
123 38
122 38
121 38
120 38
119 38
118 37
117 36
116 35
115 34
127 37
127 36
127 35
127 34
127 33
127 32
127 31
127 30
127 29
128 28
129 27
140 42
140 41
140 40
140 39
140 38
140 37
140 36
141 35
142 34
143 33
144 32
145 32
146 32
147 32
148 32
149 32
150 31
151 30
152 29
153 28
154 27
155 26
164 52
165 52
166 52
167 52
168 52
169 52
170 52
171 52
172 51
173 50
174 49
175 48
171 69
169 81
170 82
171 82
172 82
173 82
174 82
175 82
176 82
177 82
178 82
179 83
180 84
181 84
182 84
183 84
184 84
185 84
186 84
187 84
188 84
189 84
190 85
191 86
192 87
193 88
194 89
195 90
196 91
197 91
198 91
199 91
199 90
199 89
199 88
199 87
199 86
199 85
199 84
199 83
200 82
201 81
202 80
203 79
203 78
203 77
203 76
203 75
203 74
203 73
203 72
203 71
203 70
202 69
201 68
201 67
200 67
200 66
200 65
200 64
200 63
200 62
200 61
200 60
200 59
200 58
199 57
198 56
198 55
197 55
196 54
195 53
194 52
193 51
192 50
191 49
190 48
190 47
190 46
190 45
190 44
190 43
190 42
190 41
190 40
190 39
189 38
188 37
187 37
186 37
185 36
184 35
183 34
182 33
181 32
180 33
179 34
178 34
177 34
176 34
175 34
174 34
173 34
172 34
171 34
170 34
198 54
198 53
198 52
198 51
198 50
198 49
199 48
200 47
201 46
202 45
203 46
204 46
205 46
206 46
207 46
208 46
209 46
210 46
211 46
212 46
213 46
214 46
197 57
196 58
195 59
194 60
193 61
192 62
191 63
190 64
189 65
188 66
188 67
202 67
203 67
204 66
205 65
206 64
207 63
208 62
209 61
210 60
211 59
204 80
205 80
206 80
207 80
208 80
209 80
210 80
211 80
212 80
213 80
214 80
213 81
212 82
211 83
211 84
211 85
211 86
211 87
211 88
211 89
211 90
211 91
198 92
197 93
196 94
195 95
194 96
193 97
192 98
191 98
190 98
189 98
188 98
187 98
200 92
201 93
202 94
203 95
203 96
203 97
203 98
203 99
203 100
203 101
203 102
203 103
202 104
201 105
200 106
199 107
198 108
197 109
197 110
197 111
197 112
197 113
197 114
196 115
195 116
194 117
193 118
192 119
191 119
190 119
189 119
190 120
191 121
192 122
193 123
194 124
195 125
194 126
193 127
192 128
191 129
190 130
189 131
188 132
187 133
187 134
186 134
185 134
184 134
183 134
182 134
181 134
180 134
179 134
178 134
177 134
176 133
175 133
174 133
173 133
172 133
171 133
170 133
169 133
168 132
167 131
166 132
165 133
164 134
163 135
162 136
162 137
162 138
162 139
162 140
162 141
162 142
162 143
161 144
160 145
159 146
158 147
157 148
156 149
155 149
154 149
153 149
152 149
151 149
150 149
150 148
150 147
150 146
150 145
150 144
150 143
150 142
150 141
150 140
149 139
148 138
147 138
146 138
145 138
144 138
143 138
142 138
141 138
140 138
139 138
138 138
137 137
137 136
137 135
137 134
136 133
135 132
134 133
133 134
132 135
131 136
130 137
129 137
128 137
127 137
126 137
147 139
146 140
145 141
144 142
143 143
142 144
141 145
140 146
139 147
138 148
137 148
148 137
148 136
148 135
148 134
148 133
149 132
150 131
151 130
186 135
185 136
184 137
183 138
182 139
181 140
180 141
179 142
178 143
177 144
176 145
176 146
175 146
177 146
178 146
179 146
180 146
181 146
182 146
183 146
184 146
185 146
186 146
188 135
189 136
190 137
191 137
192 137
193 137
194 137
195 137
196 137
197 137
198 137
199 137
200 137
201 137
202 137
203 137
204 137
205 136
205 135
205 134
205 133
205 132
206 131
207 130
208 129
209 128
210 127
204 104
205 105
206 105
207 105
208 105
209 105
210 105
211 105
212 105
213 105
214 105
213 106
212 107
211 108
210 109
209 110
209 111
209 112
209 113
209 114
209 115
209 116
138 97
137 98
136 99
135 100
134 101
133 102
132 102
131 102
130 102
129 102
130 103
131 104
132 105
133 106
134 107
135 108
136 109
137 110
138 111
139 112
140 113
140 114
140 115
140 97
141 98
142 99
143 99
144 99
145 99
146 99
147 99
148 99
149 99
150 99
156
117 83
119 69
129 72
115 94
104 88
99 81
92 70
103 70
100 59
100 48
95 39
75 34
87 25
99 25
88 47
88 58
109 50
121 52
128 55
107 71
91 85
87 96
83 100
75 96
63 103
62 95
60 84
49 84
37 89
36 78
24 76
23 88
49 73
58 61
53 49
46 60
36 65
24 59
42 39
37 40
33 41
30 45
54 37
56 27
63 51
74 54
65 72
79 71
73 83
56 105
44 104
36 107
25 105
30 119
42 116
42 128
31 136
27 131
43 139
45 140
51 141
52 146
53 147
54 149
58 153
67 116
56 122
106 82
100 99
114 106
101 117
106 120
117 120
127 119
97 128
86 132
84 121
85 143
72 151
69 138
70 133
102 138
113 133
116 153
101 150
128 89
139 96
140 85
144 80
151 87
163 95
166 104
174 104
154 115
166 118
176 118
157 80
166 83
168 80
165 67
153 63
142 64
152 48
155 37
141 49
140 43
127 38
115 34
129 27
144 32
155 26
164 52
175 48
171 69
178 82
189 84
199 91
203 79
200 67
198 56
190 48
188 37
181 32
170 34
202 45
214 46
188 67
211 59
214 80
211 91
187 98
203 103
197 114
189 119
195 125
187 134
176 133
167 131
162 143
150 149
148 138
137 137
135 132
126 137
137 148
151 130
175 146
186 146
198 137
205 136
210 127
214 105
209 116
129 102
140 115
150 99
