1516
119 90
118 90
117 90
116 89
116 88
116 87
116 86
116 85
116 84
116 83
116 82
116 81
117 80
118 79
119 78
120 77
121 91
122 92
123 93
124 94
125 95
126 96
127 96
128 96
129 96
128 97
127 98
126 99
125 100
124 100
123 100
122 100
123 101
124 102
125 103
126 103
127 103
126 104
125 105
124 106
123 107
122 108
121 109
120 110
119 111
120 112
121 113
122 114
123 115
124 115
125 115
126 115
127 115
126 116
125 117
124 118
123 119
122 120
121 121
120 122
119 123
118 124
117 124
116 124
115 124
114 124
113 124
112 124
111 124
110 123
109 122
108 121
107 120
106 119
105 119
104 119
103 119
102 119
101 118
100 117
99 116
99 115
100 114
101 113
102 112
103 111
104 110
105 109
105 108
104 108
103 108
102 108
101 107
100 106
99 105
98 104
97 103
96 102
95 102
94 102
93 101
92 100
91 99
90 98
89 97
88 96
87 95
86 94
85 93
84 93
84 92
84 94
84 95
84 96
84 97
84 98
84 99
84 100
84 101
95 103
94 104
93 105
92 106
91 107
90 108
89 109
88 110
87 111
86 112
85 113
84 114
96 101
96 100
96 99
96 98
96 97
97 96
97 95
97 94
97 93
97 92
97 91
97 90
97 89
98 88
99 87
100 86
101 85
101 84
101 83
101 82
101 81
101 80
102 79
103 78
104 77
105 76
105 75
104 75
103 75
102 75
101 75
100 75
99 74
99 73
99 72
99 71
99 70
99 69
98 68
97 67
96 66
95 65
94 64
93 63
93 62
93 61
93 60
93 59
93 58
93 57
93 56
93 55
93 54
94 53
94 52
95 52
95 51
95 50
95 49
96 48
97 47
98 46
99 45
100 44
101 43
102 43
103 43
104 43
105 43
106 43
107 43
108 42
109 41
110 40
111 39
112 38
113 37
114 37
115 37
116 37
117 37
118 37
119 36
120 35
121 34
122 33
123 32
124 31
125 30
126 29
127 28
113 36
113 35
113 34
113 33
113 32
113 31
113 30
113 29
113 28
113 27
113 26
113 25
101 42
101 41
101 40
101 39
100 38
99 37
98 36
97 35
96 34
95 33
94 32
93 31
92 30
93 51
92 50
91 49
90 48
89 47
88 46
87 45
86 44
85 43
84 44
83 45
82 46
81 47
80 47
79 47
78 47
77 47
76 47
75 47
74 46
73 45
72 44
71 44
70 44
69 44
68 44
67 44
66 43
65 42
64 41
63 40
62 39
61 38
61 37
62 36
63 35
64 34
65 33
66 32
67 31
68 30
69 29
70 28
71 27
72 26
71 45
70 46
69 47
68 48
67 49
66 50
66 51
65 51
64 51
63 51
62 51
61 51
60 51
59 51
58 51
57 51
56 51
65 52
64 53
63 54
62 55
61 56
60 57
59 58
58 59
58 60
58 61
58 62
57 63
56 64
55 65
54 65
53 65
52 65
51 65
50 65
49 65
48 65
47 65
47 64
47 63
47 62
47 61
47 60
47 59
47 58
47 57
46 56
45 55
44 54
44 53
44 52
44 51
44 50
44 49
44 48
43 47
42 46
41 45
40 44
40 43
39 43
38 44
37 45
36 46
35 46
34 46
33 46
32 46
31 46
30 46
29 46
28 46
27 46
28 47
29 48
30 49
31 50
31 51
31 52
31 53
31 54
31 55
31 56
31 57
31 58
32 59
32 60
32 61
32 62
32 63
32 64
32 65
32 66
32 67
32 68
32 69
32 70
31 71
30 72
29 73
28 74
27 75
26 76
25 77
24 78
23 79
23 80
23 81
23 82
41 43
42 42
43 41
44 40
45 39
46 38
46 37
46 36
47 35
48 35
49 34
50 33
51 33
52 33
53 33
54 32
55 31
56 30
57 29
58 28
59 27
60 26
59 63
60 64
61 65
62 66
63 66
64 66
65 66
66 66
67 67
67 68
67 69
67 70
67 71
67 72
67 73
67 74
67 75
67 76
67 77
66 78
65 79
64 80
64 81
64 82
64 83
64 84
63 84
62 84
61 84
60 84
59 84
58 83
57 82
63 85
62 86
61 87
60 88
60 89
60 90
60 91
60 92
60 93
60 94
60 95
60 96
59 96
58 96
57 96
56 96
55 96
54 96
53 96
52 96
51 96
50 96
49 96
48 96
47 96
47 97
46 98
45 99
44 100
43 100
42 100
41 100
40 100
39 100
38 100
37 100
37 101
37 102
37 103
37 104
37 105
37 106
37 107
37 108
37 109
37 110
37 111
37 112
38 112
39 112
40 112
41 112
42 112
43 113
44 114
45 115
46 115
47 115
48 115
49 115
50 115
51 115
52 115
53 115
54 116
55 116
56 116
57 116
58 116
59 116
60 116
61 116
62 116
63 116
64 116
63 117
62 118
62 119
62 120
62 121
62 122
62 123
62 124
62 125
62 126
62 127
61 127
60 127
59 127
58 127
57 127
56 127
55 127
54 128
53 128
52 128
51 128
50 128
49 128
48 128
47 128
46 128
45 128
44 128
43 128
42 129
41 130
40 130
39 130
38 130
37 130
36 130
35 130
34 130
33 130
32 130
31 130
44 129
44 130
44 131
44 132
44 133
44 134
44 135
44 136
44 137
44 138
44 139
45 140
46 140
47 140
48 140
49 140
50 140
51 140
52 140
53 140
54 140
55 140
56 140
63 128
64 129
65 130
66 131
67 132
68 133
69 134
70 135
71 136
72 136
72 135
72 134
72 133
73 132
72 137
72 138
73 139
74 140
75 141
75 142
75 143
75 144
75 145
75 146
75 147
75 148
75 149
75 150
74 151
73 152
72 153
71 153
70 153
69 153
68 153
67 153
66 153
65 153
64 153
63 153
62 153
36 113
35 114
34 115
33 116
32 116
31 116
30 116
29 116
28 116
27 116
26 116
26 115
26 114
26 113
26 112
26 111
26 110
26 109
26 108
26 107
26 106
25 105
24 104
23 103
46 95
45 94
44 93
43 92
42 91
41 90
40 89
39 88
38 87
37 86
37 85
36 85
38 85
39 85
40 85
41 85
42 84
43 83
61 97
62 98
63 99
64 100
65 100
66 100
67 100
68 100
69 100
70 100
71 100
71 99
71 98
71 97
72 96
77 48
77 49
77 50
77 51
77 52
77 53
77 54
77 55
77 56
77 57
77 58
98 75
97 75
96 75
95 75
94 75
93 75
92 75
91 75
90 75
89 75
88 75
106 75
106 108
116 125
115 126
114 127
113 128
112 129
111 130
110 131
109 132
108 132
107 132
106 132
105 133
104 134
103 135
102 135
101 135
100 135
99 135
99 134
98 133
97 132
96 133
95 133
94 133
93 133
92 133
91 133
90 133
89 133
88 133
87 133
86 133
98 136
97 137
96 138
95 139
94 140
93 141
92 142
91 143
90 144
89 145
88 145
89 146
90 147
91 148
92 149
93 150
94 150
95 150
96 150
97 150
98 150
99 150
100 150
101 150
102 150
118 125
118 126
118 127
118 128
118 129
118 130
118 131
118 132
118 133
118 134
118 135
118 136
119 136
120 136
121 136
122 136
123 136
124 135
125 134
126 133
127 132
128 131
129 130
130 130
130 129
131 129
132 129
133 129
134 129
135 129
136 128
137 127
138 126
139 125
140 124
141 123
130 131
130 132
130 133
130 134
130 135
130 97
131 98
132 99
133 100
134 101
135 102
136 103
137 104
138 105
139 105
139 104
139 103
139 102
139 101
139 100
139 99
140 98
141 97
142 96
143 97
144 98
145 99
146 100
147 100
148 100
149 100
150 100
151 100
152 100
153 100
154 100
154 99
154 98
154 97
154 96
154 95
154 94
154 93
154 92
154 91
154 90
154 89
155 88
155 87
155 86
155 85
155 84
156 83
157 82
158 81
159 80
160 80
161 80
160 81
161 82
162 83
163 84
164 85
165 86
166 87
167 86
168 85
169 84
170 83
171 82
167 88
168 89
169 90
170 91
171 92
172 93
173 94
174 95
175 95
176 95
177 95
178 96
179 97
180 98
181 99
182 100
183 100
184 100
185 100
186 100
187 100
188 100
162 79
163 78
164 77
165 76
166 75
167 74
168 73
169 72
170 71
171 70
172 70
173 70
174 70
175 70
176 70
177 70
178 69
179 68
180 67
181 66
182 65
170 69
169 68
168 67
167 66
166 65
165 65
164 65
163 65
162 65
161 65
160 65
159 65
158 65
157 65
156 64
155 63
154 64
153 65
152 66
151 67
150 68
149 69
148 70
147 71
146 71
146 70
146 69
146 68
145 67
144 66
143 65
142 64
142 63
142 62
142 61
142 60
142 59
142 58
142 57
142 56
142 55
141 54
140 53
140 52
140 51
140 50
140 49
140 48
140 47
140 46
140 45
141 44
142 45
143 46
144 47
145 47
146 47
147 47
148 47
149 47
150 47
151 47
152 47
153 47
153 46
153 45
153 44
153 43
153 42
154 41
155 40
156 40
157 40
158 40
159 40
160 40
161 40
162 40
163 39
164 38
165 37
166 36
167 35
168 34
169 34
170 34
171 34
172 34
173 34
174 34
175 34
176 34
177 34
178 34
179 34
180 34
181 35
182 36
183 37
184 38
185 39
186 39
187 39
188 39
189 39
190 39
191 40
192 41
192 42
192 43
192 44
192 45
192 46
192 47
192 48
192 49
192 50
191 51
190 52
189 52
188 52
187 52
186 52
185 52
184 52
183 52
182 52
181 52
180 52
179 52
178 52
177 52
176 51
175 50
174 49
173 49
172 49
171 49
170 49
169 49
168 48
193 51
194 52
195 52
196 52
197 52
198 52
199 52
200 52
201 52
202 52
203 51
204 50
205 49
206 48
207 47
208 46
209 45
210 44
211 43
211 42
210 42
209 42
208 42
207 42
206 42
205 42
204 42
203 41
212 42
213 43
214 44
215 45
215 46
215 47
215 48
215 49
215 50
215 51
215 52
215 53
214 54
213 55
212 56
212 57
212 58
212 59
212 60
212 61
212 62
212 63
212 64
211 65
210 66
210 67
210 68
210 69
210 70
210 71
210 72
210 73
210 74
210 75
209 75
208 75
207 75
206 75
205 75
204 75
203 75
202 74
201 73
200 72
199 71
198 72
197 73
196 74
195 75
194 76
193 77
192 78
191 79
190 80
189 81
188 81
187 81
186 81
155 39
155 38
155 37
155 36
155 35
155 34
155 33
154 32
153 31
152 30
151 29
150 28
149 27
148 26
139 54
138 55
137 56
136 57
135 58
134 59
133 60
132 61
131 62
130 63
129 64
128 64
127 64
126 64
125 64
124 64
123 64
122 63
121 63
120 63
119 63
118 63
117 63
116 62
115 61
114 60
113 59
112 58
111 57
111 56
110 56
112 56
113 56
114 56
115 56
116 56
117 55
118 54
119 53
120 52
121 51
122 50
123 50
124 49
125 48
126 47
126 46
126 45
126 44
127 43
146 72
146 73
146 74
146 75
145 76
144 77
143 78
142 79
141 80
140 81
139 82
138 83
137 83
136 83
135 83
135 82
135 81
134 80
155 101
156 102
157 103
158 103
159 103
160 103
161 103
162 103
163 103
164 103
165 103
164 104
163 105
162 106
161 107
160 108
159 109
158 110
157 111
156 112
155 112
154 112
166 104
167 105
168 106
169 107
170 107
171 107
172 107
173 107
174 107
173 108
172 109
171 110
170 111
169 112
168 113
167 114
167 115
167 116
167 117
167 118
166 119
165 120
164 121
163 122
162 123
161 124
160 124
159 124
158 124
157 124
156 124
155 124
154 125
153 126
152 127
151 128
150 129
149 130
148 131
147 132
146 133
145 134
145 135
145 136
145 137
144 138
143 139
142 140
141 141
140 142
139 143
139 144
139 145
139 146
139 147
139 148
139 149
138 150
137 151
136 152
135 153
134 153
133 153
132 153
131 153
130 153
129 153
128 153
127 153
126 153
125 153
124 153
123 153
122 153
121 153
120 153
119 153
118 153
117 153
140 150
141 151
142 152
143 152
144 152
145 152
146 152
147 152
148 152
149 152
150 152
151 152
168 119
169 120
170 121
171 122
172 123
171 124
170 125
169 126
168 127
168 128
168 129
168 130
168 131
168 132
168 133
169 134
170 134
171 134
172 134
171 135
170 136
169 137
168 138
167 139
166 140
166 141
167 142
168 143
169 144
170 145
171 146
172 147
173 148
174 149
175 150
176 151
177 152
178 152
179 152
180 152
181 152
182 152
183 151
183 150
183 149
184 148
185 147
185 146
186 145
187 144
187 143
187 142
187 141
187 140
187 139
187 138
188 137
188 136
188 135
188 134
189 133
190 132
191 131
192 130
193 129
194 128
195 127
196 126
196 125
196 124
196 123
196 122
196 121
196 120
196 119
196 118
197 117
198 116
199 115
199 114
199 113
199 112
199 111
199 110
199 109
199 108
199 107
200 106
201 105
202 104
202 103
202 102
202 101
202 100
202 99
202 98
202 97
202 96
202 95
202 94
203 93
204 92
205 93
206 94
207 95
208 96
209 96
210 96
211 96
212 96
213 96
214 96
215 96
203 105
204 106
205 107
206 108
207 109
208 110
209 110
210 110
211 110
212 110
213 110
197 127
198 128
199 129
200 130
201 131
202 132
203 133
204 134
205 135
206 136
207 136
207 135
207 134
208 133
209 132
210 131
206 137
205 137
204 137
203 137
202 137
201 137
200 137
176 153
175 153
174 153
173 153
172 153
171 153
170 153
169 153
168 153
167 153
166 153
175 108
176 109
177 110
178 111
179 112
180 113
181 114
182 115
183 116
183 117
183 118
160
116 89
120 77
129 96
122 100
127 103
119 111
127 115
117 124
106 119
99 116
96 102
84 92
84 101
84 114
97 96
101 85
99 74
93 63
95 52
101 43
113 37
127 28
113 25
92 30
85 43
77 47
72 44
61 38
72 26
66 51
56 51
58 62
47 65
44 54
39 43
27 46
31 58
32 70
23 82
46 38
47 35
49 34
50 33
60 26
66 66
67 77
64 84
57 82
60 96
48 96
37 100
37 112
42 112
53 115
64 116
62 127
55 127
43 128
31 130
44 139
56 140
73 132
72 138
75 150
62 153
26 116
23 103
36 85
43 83
71 100
72 96
77 58
88 75
106 75
106 108
106 132
99 135
97 132
86 133
88 145
102 150
118 136
130 129
141 123
130 135
139 105
142 96
154 100
155 88
159 80
166 87
171 82
177 95
188 100
171 70
182 65
166 65
155 63
142 64
140 53
141 44
153 47
155 40
168 34
180 34
190 39
192 50
185 52
174 49
168 48
201 52
203 41
212 42
215 53
212 64
210 75
199 71
186 81
148 26
128 64
122 63
110 56
122 50
126 47
127 43
146 75
135 83
134 80
165 103
154 112
174 107
167 118
155 124
145 137
139 149
128 153
117 153
151 152
172 123
168 133
172 134
166 141
177 152
183 151
184 148
185 147
186 145
187 144
188 137
196 126
199 115
202 104
204 92
215 96
213 110
207 136
210 131
200 137
166 153
183 118
