1474
121 90
119 91
118 92
118 93
117 94
116 95
115 96
114 97
113 98
112 99
111 100
110 101
109 101
108 101
107 101
106 101
105 101
104 101
103 101
102 100
102 99
101 98
100 97
99 96
122 90
123 90
124 90
125 90
126 89
127 88
128 87
129 86
130 85
131 84
132 84
133 84
134 84
135 83
136 82
137 81
138 82
139 83
140 84
141 85
142 86
143 87
144 88
145 89
146 89
146 88
146 87
146 86
146 85
147 84
148 83
149 82
150 81
151 81
152 81
153 81
154 81
155 81
156 81
157 81
158 81
159 81
160 80
161 79
162 80
163 81
163 82
163 83
163 84
163 85
163 86
163 87
163 88
164 88
165 88
166 88
167 88
168 88
169 88
170 88
171 88
172 88
173 88
174 88
175 89
176 90
176 91
176 92
176 93
176 94
176 95
176 96
176 97
176 98
176 99
176 100
177 100
178 100
179 100
180 100
181 99
182 98
183 97
184 96
185 95
186 94
187 93
188 92
189 92
190 92
191 92
192 91
193 90
194 89
195 88
196 87
196 86
196 85
195 85
194 84
193 83
192 82
191 81
190 81
189 81
188 81
187 81
186 81
185 80
184 79
183 78
182 77
181 76
180 75
181 74
182 73
183 72
184 71
185 70
186 69
187 68
188 67
189 66
190 65
191 64
192 64
193 64
194 64
191 63
191 62
191 61
191 60
191 59
191 58
192 57
193 56
194 55
195 54
195 53
194 53
193 53
192 52
191 51
190 51
189 51
188 51
187 51
186 51
185 51
184 51
183 50
182 49
181 48
180 47
191 50
191 49
192 48
193 47
194 46
195 45
196 44
197 43
198 42
199 41
199 40
198 40
197 40
196 40
195 39
195 38
194 37
193 37
192 37
191 36
190 35
189 35
188 34
187 34
186 34
185 34
184 34
183 34
182 34
181 34
180 34
179 33
178 32
177 32
176 32
175 32
174 32
173 32
172 32
171 32
170 32
169 32
168 31
167 30
166 29
165 28
164 27
163 27
162 27
161 27
160 27
159 27
158 27
157 27
156 27
155 27
154 27
153 27
152 27
151 27
150 26
149 25
200 40
201 41
202 41
203 41
204 41
205 41
206 41
207 42
208 43
209 43
210 44
211 45
212 46
213 47
214 48
214 49
214 50
214 51
214 52
214 53
214 54
214 55
215 56
215 57
215 58
215 59
215 60
215 61
215 62
215 63
215 64
215 65
215 66
196 53
196 84
196 83
197 82
198 81
199 80
200 79
201 78
202 77
203 76
204 77
205 78
206 78
207 78
208 78
209 78
210 78
211 78
212 78
213 78
214 78
215 78
197 88
198 89
199 90
200 91
201 92
202 93
203 94
204 95
205 96
206 97
207 97
208 97
209 97
209 98
209 99
209 100
209 101
209 102
209 103
209 104
209 105
209 106
209 107
209 108
210 109
211 110
212 111
212 112
212 113
212 114
212 115
212 116
212 117
212 118
212 119
212 120
175 101
174 102
173 103
172 104
171 105
170 106
169 107
168 107
167 107
166 107
165 107
164 107
163 107
162 107
161 107
160 107
159 107
158 107
157 107
156 107
155 107
154 106
153 107
152 108
151 109
150 110
149 111
148 112
147 113
146 114
145 115
145 116
145 117
145 118
167 108
168 109
169 110
170 111
171 112
172 113
173 113
174 113
175 113
176 113
177 113
178 113
179 113
180 113
181 113
182 113
183 113
184 113
185 113
186 113
187 113
188 112
189 111
190 110
191 109
192 108
193 107
194 106
172 114
171 115
170 116
169 117
168 118
167 119
166 120
165 121
165 122
165 123
165 124
166 125
167 125
168 125
169 125
170 125
171 125
172 125
173 125
174 126
175 127
176 128
177 129
178 129
179 129
180 129
181 129
182 129
183 129
184 129
183 130
182 131
181 132
180 133
179 134
178 135
177 136
176 137
175 138
174 138
173 138
172 138
185 130
186 131
187 132
188 133
189 134
190 135
191 136
192 137
193 138
194 139
195 139
196 139
197 138
198 138
199 138
200 138
201 137
202 136
203 136
204 136
205 136
206 136
207 136
208 136
209 136
210 136
211 136
212 135
202 135
202 134
202 133
202 132
202 131
202 130
201 129
200 128
199 127
198 126
197 125
194 140
193 141
192 141
191 141
190 141
189 141
188 142
187 143
187 144
186 145
185 146
184 146
183 147
182 148
181 149
180 150
179 151
178 151
177 151
176 151
146 90
146 91
132 85
133 86
134 87
134 88
134 89
134 90
134 91
134 92
134 93
134 94
134 95
134 96
133 97
133 98
133 99
133 100
133 101
133 102
133 103
133 104
130 83
129 82
128 81
127 80
126 79
125 79
124 78
123 77
122 76
121 75
121 74
121 73
121 72
121 71
121 70
121 69
121 68
121 67
121 66
121 65
121 64
122 63
123 63
124 63
125 62
125 61
126 61
124 60
123 59
122 58
121 57
120 56
119 55
118 54
117 53
116 52
115 51
115 50
114 50
113 51
112 52
111 53
110 54
110 55
110 56
110 57
110 58
110 59
110 60
110 61
109 62
108 63
107 63
106 63
105 63
104 63
103 63
103 62
103 61
103 60
102 59
101 58
100 57
99 56
98 55
97 54
96 53
95 52
95 51
95 50
95 49
95 48
96 47
97 46
98 45
99 44
99 43
99 42
99 41
99 40
99 39
99 38
100 37
101 36
102 35
103 34
104 33
94 53
93 54
92 55
91 56
90 57
89 58
88 59
88 60
88 61
88 62
88 63
102 64
101 65
101 66
101 67
101 68
101 69
101 70
101 71
101 72
101 73
101 74
100 75
99 76
98 77
97 78
96 79
95 80
94 81
93 82
92 82
92 83
92 84
91 81
90 80
89 79
88 80
87 81
86 82
85 83
84 84
83 85
82 86
81 87
80 88
79 89
78 90
78 91
79 92
80 93
81 94
82 95
83 96
84 97
85 98
85 99
85 100
84 101
83 102
82 103
81 103
80 103
79 103
78 103
77 103
76 103
75 103
74 103
73 103
72 103
71 103
70 103
69 103
68 103
67 103
66 103
65 103
64 103
63 102
62 102
61 101
60 100
59 99
58 98
58 97
58 96
58 95
58 94
58 93
59 92
60 91
61 90
57 99
56 100
55 101
54 102
53 103
52 104
51 105
50 106
49 107
49 108
49 109
49 110
48 110
47 109
46 108
45 107
44 106
43 105
42 104
41 103
40 102
39 101
38 100
37 99
36 99
35 99
34 99
33 99
32 99
31 99
30 99
29 99
28 98
27 97
26 96
26 95
26 94
26 93
26 92
26 91
26 90
26 89
27 88
28 87
29 86
30 85
30 84
30 83
30 82
30 81
30 80
30 79
30 78
30 77
30 76
30 75
30 74
31 73
32 74
33 75
34 76
35 77
36 77
37 77
38 77
39 77
40 77
41 77
42 77
43 77
43 76
43 75
43 74
43 73
43 72
43 71
44 70
45 69
46 68
47 67
47 66
46 66
45 66
44 65
43 64
42 63
41 62
40 61
39 60
38 59
37 58
36 57
35 57
34 57
33 57
32 57
31 57
30 57
29 57
28 57
27 56
26 55
25 54
36 56
36 55
36 54
37 53
38 52
38 51
37 51
36 50
35 49
34 48
33 47
32 46
31 45
30 44
29 43
29 42
28 42
30 42
31 42
32 42
33 42
34 41
35 40
39 51
39 50
39 49
39 48
39 47
40 46
41 45
42 44
43 43
44 42
45 41
46 40
46 39
46 38
46 37
46 36
47 35
48 35
49 35
50 34
50 33
51 32
52 31
53 30
54 30
55 30
56 30
57 30
58 30
59 30
60 30
61 30
62 29
48 66
49 67
50 68
51 69
52 70
53 71
54 72
55 73
56 74
56 75
56 76
56 77
57 77
58 77
59 77
60 77
61 77
62 77
63 76
64 75
65 75
66 75
67 75
68 75
69 75
70 75
71 75
72 74
73 73
74 72
75 71
75 70
75 69
75 68
75 67
75 66
75 65
75 64
75 63
75 62
74 61
73 60
73 59
73 58
73 57
73 56
73 55
73 54
73 53
73 52
73 51
73 50
73 49
72 49
71 48
70 47
69 46
68 45
67 44
66 43
66 42
67 41
68 40
69 39
70 38
71 37
72 36
73 35
74 34
75 33
76 32
77 32
78 32
79 32
80 32
81 32
82 32
83 32
84 32
85 32
86 31
87 30
88 29
65 44
64 45
63 46
62 47
61 48
60 49
59 50
58 51
57 52
56 53
55 54
54 54
53 54
52 54
51 54
52 55
53 56
54 57
55 58
56 59
57 60
58 61
59 62
60 63
61 64
74 49
75 48
76 47
77 46
78 45
79 44
36 100
35 101
34 102
33 103
33 104
33 105
33 106
33 107
33 108
33 109
33 110
34 111
35 112
35 113
35 114
35 115
35 116
35 117
35 118
35 119
35 120
35 121
35 122
34 122
33 123
32 124
31 125
30 126
29 126
28 126
27 126
26 126
25 126
24 126
23 126
35 123
35 124
35 125
35 126
35 127
35 128
35 129
35 130
35 131
35 132
36 133
37 134
38 135
39 136
40 137
41 137
42 137
43 137
44 137
45 137
46 137
47 137
48 137
49 137
50 137
51 136
52 135
42 138
43 139
44 140
45 141
46 142
47 143
48 144
49 145
50 146
51 146
52 146
53 147
54 148
55 149
56 150
57 150
38 98
39 97
40 96
41 95
42 94
43 93
44 92
45 91
46 90
49 111
49 112
49 113
49 114
49 115
49 116
49 117
49 118
49 119
49 120
49 121
49 122
73 104
72 105
71 106
70 107
69 108
68 109
67 110
67 111
67 112
67 113
67 114
75 104
76 105
77 106
78 107
78 108
78 109
78 110
78 111
78 112
78 113
78 114
79 114
80 114
81 114
82 114
83 114
84 114
85 114
86 114
87 114
88 114
89 114
90 113
91 114
92 115
93 115
94 115
95 115
96 115
97 115
98 115
99 115
100 115
101 115
102 115
103 115
104 115
105 115
106 115
107 114
108 113
109 113
110 113
111 113
112 113
113 113
114 113
115 113
116 113
117 113
118 113
119 113
120 112
109 114
110 115
111 116
112 117
113 118
114 119
115 120
115 121
115 122
115 123
115 124
115 125
114 126
113 127
112 128
111 129
110 130
110 131
110 132
110 133
110 134
110 135
110 136
109 136
108 136
107 135
106 134
105 133
104 132
103 131
102 132
101 133
100 134
99 135
98 136
98 137
98 138
98 139
98 140
98 141
98 142
97 142
96 142
95 142
94 142
93 142
92 142
91 141
90 140
89 139
88 138
87 137
86 136
86 135
86 134
86 133
85 132
84 131
83 130
82 131
81 132
80 133
79 134
78 135
77 136
76 137
75 137
74 137
73 137
72 137
71 137
71 136
71 135
70 134
69 133
71 138
71 139
71 140
71 141
71 142
71 143
71 144
71 145
71 146
71 147
71 148
97 143
96 144
95 145
94 146
93 147
92 148
91 149
90 150
89 151
88 152
87 153
99 143
100 144
101 145
101 146
101 147
101 148
101 149
101 150
101 151
101 152
101 153
111 137
112 137
113 137
114 137
115 137
116 137
117 137
118 137
119 137
120 137
121 137
121 136
122 135
123 134
124 133
125 132
126 131
127 130
128 129
129 128
129 127
129 126
129 125
129 124
129 123
129 122
129 121
129 120
129 119
130 118
131 117
132 116
120 138
119 139
118 140
117 141
116 142
115 143
115 144
115 145
115 146
115 147
115 148
116 149
117 150
118 151
119 152
120 153
121 153
122 153
123 153
124 153
125 153
126 153
127 153
128 153
129 153
130 153
131 153
132 153
133 153
134 153
135 153
136 153
137 153
138 153
139 153
140 153
141 153
142 153
143 153
144 152
145 151
146 150
147 149
148 148
149 148
150 148
151 148
152 148
153 148
154 148
155 148
156 147
157 146
158 145
159 144
159 143
159 142
158 141
157 140
156 139
155 138
154 137
153 136
152 135
151 134
150 133
149 134
148 135
147 136
146 137
126 152
126 151
127 150
128 149
129 148
130 147
131 146
132 145
133 144
134 143
135 142
102 75
103 76
104 77
105 77
106 77
107 77
106 78
105 79
104 80
103 81
103 82
103 83
103 84
116 50
117 50
118 50
119 50
120 50
121 50
122 50
123 50
124 49
125 48
126 47
127 47
128 47
129 47
130 47
131 47
132 47
133 47
134 47
135 47
136 46
137 45
138 44
139 45
140 46
141 47
142 48
143 48
144 48
145 47
146 46
147 45
148 44
149 43
150 42
151 42
152 42
153 42
154 42
155 42
156 42
157 42
158 42
159 42
160 42
161 42
162 43
163 44
163 45
163 46
163 47
163 48
163 49
163 50
163 51
164 52
165 53
166 54
167 55
168 56
169 57
170 58
171 59
171 60
171 61
170 62
169 62
168 62
167 62
166 62
145 49
146 50
146 51
146 52
146 53
146 54
146 55
146 56
146 57
146 58
146 59
146 60
146 61
146 62
146 63
126 46
126 45
126 44
126 43
126 42
126 41
126 40
126 39
126 38
126 37
126 36
127 36
126 35
126 34
125 33
124 32
123 31
122 30
128 35
129 34
130 33
131 32
132 31
133 30
166
118 93
106 101
102 100
99 96
131 84
137 81
150 81
161 79
163 88
174 88
176 100
188 92
196 87
191 81
180 75
191 64
194 64
191 51
180 47
195 39
194 37
191 36
190 35
188 34
178 32
164 27
149 25
200 40
206 41
209 43
214 55
215 66
196 53
203 76
215 78
209 97
209 108
212 120
166 107
154 106
145 118
173 113
184 113
194 106
165 124
173 125
184 129
172 138
195 139
197 138
202 136
212 135
197 125
194 140
189 141
187 144
184 146
176 151
146 91
134 96
133 104
126 79
121 75
122 63
126 61
114 50
110 61
103 63
95 52
99 44
104 33
88 63
101 74
92 84
89 79
78 91
85 100
74 103
63 102
58 98
61 90
49 110
37 99
26 96
30 85
31 73
43 77
36 57
25 54
28 42
35 40
39 51
46 40
47 35
50 34
51 32
52 31
53 30
62 29
48 66
56 77
64 75
75 71
73 60
66 43
76 32
88 29
62 47
51 54
61 64
74 49
79 44
33 110
35 121
23 126
35 132
41 137
52 135
52 146
53 147
54 148
57 150
46 90
49 122
67 114
78 114
90 113
101 115
108 113
120 112
115 125
110 136
103 131
98 142
86 136
83 130
71 137
69 133
71 148
87 153
101 153
121 137
129 128
132 116
115 148
126 153
137 153
148 148
159 144
150 133
146 137
135 142
107 77
103 84
126 47
138 44
144 48
150 42
161 42
163 51
171 61
166 62
146 63
126 41
122 30
133 30
