1540
119 90
118 90
117 90
116 90
115 89
114 88
113 87
112 86
111 86
110 86
109 86
108 86
107 86
106 85
105 84
104 83
103 82
103 81
102 81
101 82
101 83
101 84
104 81
105 81
106 80
107 79
108 78
109 77
110 76
110 75
111 75
109 74
108 73
107 72
106 71
105 70
104 69
103 68
102 67
101 66
100 65
99 64
98 63
97 62
111 87
110 88
109 89
108 90
107 91
106 92
105 93
104 94
103 95
102 96
101 96
100 97
99 98
98 99
98 100
97 100
96 100
95 100
94 99
93 98
92 97
91 96
90 95
89 94
89 93
89 92
89 91
89 90
89 89
89 88
89 87
89 86
88 85
87 84
86 83
85 83
84 83
83 83
82 83
81 83
80 83
79 82
78 81
77 82
76 83
75 84
74 85
74 86
73 86
72 86
71 86
70 86
69 86
68 86
67 85
66 84
65 83
64 82
63 81
62 80
61 80
60 80
59 79
58 78
58 77
58 76
58 75
58 74
58 73
58 72
58 71
58 70
58 69
58 68
58 67
57 67
56 68
55 69
54 70
53 71
52 72
51 73
50 74
49 75
48 75
47 75
46 75
45 75
45 74
45 73
45 72
45 71
45 70
45 69
45 68
45 67
45 66
44 65
43 64
42 64
41 64
40 64
39 63
38 62
37 61
37 60
37 59
37 58
37 57
38 56
39 55
40 54
41 53
42 52
43 51
43 50
43 49
43 48
43 47
43 46
43 45
43 44
43 43
43 42
43 41
43 40
42 40
41 41
40 41
39 41
38 41
37 41
36 41
35 41
34 41
33 41
32 41
31 42
30 43
29 44
28 45
27 46
26 47
25 48
24 49
23 50
23 51
23 52
44 40
45 39
46 38
47 37
47 36
48 35
49 34
50 33
51 32
52 32
53 32
52 33
53 34
54 35
55 36
56 37
57 38
58 39
59 40
60 40
61 40
62 40
62 39
62 38
63 37
64 36
65 35
66 34
67 33
68 32
69 31
70 30
71 29
72 30
73 31
74 32
75 33
76 34
77 35
78 36
79 37
80 38
81 39
82 40
82 41
83 42
84 43
85 44
86 45
87 46
88 47
88 48
89 46
90 45
91 44
92 43
93 42
94 41
95 40
96 39
97 38
98 39
99 40
100 41
101 42
101 43
101 44
101 45
101 46
102 46
102 47
103 47
104 47
105 47
106 47
107 48
108 49
109 50
110 51
111 52
112 53
113 54
114 55
115 55
115 56
115 57
115 58
115 59
116 54
117 53
118 52
119 51
120 50
121 49
122 48
123 48
124 47
125 46
126 45
127 44
128 43
129 42
130 41
130 40
130 39
130 38
130 37
130 36
130 35
130 34
130 33
130 32
130 31
130 30
129 30
131 30
132 30
133 30
134 30
135 30
136 30
137 29
138 28
139 27
140 26
141 25
142 25
143 25
144 25
145 25
146 25
147 25
148 25
149 25
150 25
151 25
152 24
142 26
143 27
144 28
145 29
146 30
147 31
148 32
149 33
150 34
150 35
150 36
150 37
149 38
148 39
147 40
147 41
147 42
147 43
147 44
147 45
147 46
147 47
131 42
131 43
131 44
131 45
131 46
131 47
132 48
133 49
134 50
135 51
136 52
136 53
136 54
136 55
136 56
136 57
136 58
136 59
136 60
103 45
104 44
105 43
106 42
107 41
108 40
109 39
110 38
111 37
112 36
111 35
110 34
109 33
108 32
107 31
106 30
105 29
104 28
103 27
102 26
102 25
101 25
100 25
99 25
98 25
97 25
96 25
95 25
94 25
93 25
92 25
91 25
90 24
103 25
104 25
105 25
106 25
107 25
108 25
109 25
110 25
111 25
112 24
63 41
64 42
65 43
66 44
67 45
68 46
69 47
70 48
70 49
70 50
70 51
54 31
55 30
56 29
57 28
36 62
35 63
34 64
33 65
32 66
31 66
30 66
29 66
28 66
27 66
26 66
25 66
26 67
27 68
28 69
29 70
30 71
31 72
32 73
32 74
32 75
32 76
32 77
59 67
60 67
61 66
62 65
63 64
63 63
63 62
63 61
63 60
62 59
61 58
60 57
59 56
58 55
61 81
60 82
60 83
60 84
60 85
60 86
59 86
58 87
57 88
56 89
55 90
54 91
53 92
52 92
51 92
50 92
49 92
48 93
47 94
46 95
45 96
44 97
43 98
43 99
43 100
43 101
43 102
43 103
43 104
42 104
42 105
41 106
40 107
39 107
38 107
37 107
36 107
35 108
34 109
33 109
32 109
31 109
30 109
29 109
28 109
27 109
26 109
25 109
37 108
38 109
39 110
40 111
41 112
42 113
43 114
44 115
45 116
45 117
45 118
44 119
43 119
42 119
41 119
40 119
39 119
38 119
37 119
36 119
35 120
34 120
33 120
32 120
31 120
30 120
29 120
28 120
27 120
26 120
25 120
41 103
40 102
39 101
38 100
37 99
36 98
35 97
34 96
33 95
32 94
60 87
60 88
60 89
60 90
60 91
60 92
60 93
60 94
60 95
60 96
61 97
62 98
63 99
63 100
63 101
63 102
63 103
63 104
63 105
64 105
65 105
66 105
67 105
68 105
69 105
70 105
71 104
72 103
73 102
74 101
64 106
65 107
66 108
67 109
68 110
69 111
70 112
71 112
72 112
73 112
74 112
75 113
76 114
76 115
76 116
76 117
76 118
76 119
76 120
76 121
76 122
76 123
76 124
77 125
78 126
79 127
80 128
80 129
80 130
80 131
80 132
80 133
80 134
80 135
62 106
61 107
60 107
59 107
58 107
59 108
60 109
61 110
62 111
62 112
62 113
62 114
62 115
62 116
62 117
61 118
60 119
59 119
58 119
59 120
60 121
61 122
61 123
61 124
61 125
61 126
61 127
61 128
61 129
61 130
60 131
59 132
58 133
57 134
56 135
55 136
54 137
53 138
52 139
52 140
51 140
50 139
49 138
48 137
47 136
46 135
45 134
44 133
43 132
42 131
41 132
40 133
39 134
38 134
37 134
36 134
35 134
34 134
33 134
32 134
31 134
53 141
53 142
53 143
53 144
53 145
53 146
53 147
54 148
54 149
62 131
63 132
64 133
65 134
66 135
67 136
68 137
68 138
67 139
66 140
65 141
65 142
65 143
65 144
65 145
65 146
65 147
65 148
65 149
69 139
70 140
71 141
72 142
73 143
74 144
75 145
76 146
77 147
77 148
77 149
77 150
78 150
79 150
80 150
81 150
82 150
83 150
84 150
85 150
86 150
87 150
88 150
89 150
90 151
91 152
92 153
93 153
94 153
95 153
96 153
97 153
98 153
99 153
100 153
100 152
100 151
100 150
100 149
100 148
101 147
102 146
103 145
104 144
105 143
106 142
107 141
108 141
109 141
110 141
111 140
112 139
113 138
114 137
115 136
116 135
117 134
118 133
119 134
120 135
121 136
122 137
123 137
123 136
124 135
125 134
126 133
127 132
128 131
129 130
130 131
131 132
132 133
133 134
134 135
134 136
135 136
134 137
136 135
137 134
138 133
139 132
140 131
141 131
142 131
143 131
144 131
145 131
146 131
147 131
148 130
149 129
150 128
151 127
152 127
153 127
152 128
152 129
152 130
152 131
152 132
152 133
152 134
152 135
152 136
152 137
153 138
154 139
155 140
156 141
157 142
158 143
158 144
158 145
158 146
158 147
158 148
158 149
157 150
156 151
155 152
154 153
153 153
152 153
151 153
150 153
149 153
148 153
147 153
146 153
145 153
144 153
143 153
142 153
141 153
140 153
139 153
138 153
137 153
136 153
135 153
134 153
133 153
132 152
154 126
155 125
156 124
157 123
158 122
159 121
160 120
161 119
162 118
108 142
109 143
110 144
111 145
112 146
113 147
114 148
115 149
116 150
117 151
117 152
107 140
107 139
106 138
105 137
104 136
103 135
102 134
101 133
100 132
99 131
98 130
98 129
97 129
96 130
95 131
94 132
93 133
93 134
93 135
93 136
99 129
100 129
101 129
102 129
103 129
104 129
105 129
106 128
106 127
106 126
107 125
108 124
109 123
110 122
111 121
112 120
113 119
114 118
115 117
86 82
87 81
88 80
89 79
89 78
88 78
87 77
86 76
85 75
84 74
83 73
82 72
81 71
80 70
79 69
78 68
77 67
90 78
88 95
87 96
86 97
86 98
86 99
86 100
86 101
86 102
86 103
86 104
86 105
86 106
86 107
86 108
86 109
86 110
86 111
102 97
103 98
104 99
105 100
106 101
107 102
108 102
109 102
108 103
107 104
106 105
105 106
104 107
103 108
102 109
101 110
100 111
99 112
99 113
99 114
99 115
121 91
122 91
123 91
124 91
125 91
126 91
127 91
128 91
127 92
126 93
125 94
124 95
123 96
122 97
121 98
129 92
129 93
129 94
129 95
129 96
129 97
129 98
129 99
130 99
131 99
132 99
133 99
134 99
135 99
136 99
137 98
138 97
139 96
140 97
140 98
140 99
140 100
141 100
140 101
141 102
142 103
143 104
143 105
143 106
143 107
143 108
143 109
143 110
143 111
143 112
143 113
144 113
145 113
146 113
147 112
148 111
149 110
150 109
151 108
152 107
153 106
154 105
155 104
156 104
157 104
158 104
159 104
160 104
161 104
162 104
163 104
164 104
165 104
166 104
167 104
168 104
168 105
169 106
170 107
171 108
172 109
173 110
174 111
175 112
176 113
177 114
177 115
178 115
179 115
180 115
181 115
182 114
183 113
184 112
185 111
186 110
187 109
188 108
178 116
179 117
180 118
181 119
182 120
183 121
184 121
185 121
186 121
187 121
188 121
189 121
190 121
191 121
192 121
193 121
194 121
195 121
196 121
197 121
198 120
199 119
200 118
200 117
200 116
200 115
200 114
200 113
200 112
200 111
200 110
200 109
200 108
201 107
202 107
203 106
204 105
205 104
206 103
207 102
208 101
209 100
210 99
211 98
212 97
213 96
190 122
191 123
192 124
193 125
194 126
195 127
196 128
196 129
195 130
194 131
193 132
192 133
191 134
190 135
189 136
188 137
187 137
186 137
185 137
184 137
183 137
182 137
181 137
180 137
179 137
178 137
177 137
176 137
175 137
174 137
173 137
172 136
171 136
170 136
169 136
168 135
167 134
166 133
165 132
184 138
184 139
184 140
184 141
184 142
184 143
184 144
184 145
184 146
184 147
184 148
184 149
183 150
182 151
181 151
180 151
179 151
178 151
177 151
176 151
175 151
174 151
173 151
197 130
198 131
199 132
200 133
201 134
202 135
203 136
204 136
205 136
206 136
207 136
207 135
207 134
207 133
207 132
207 131
207 130
208 129
209 128
210 127
211 126
212 125
212 124
212 123
212 122
212 121
212 120
212 119
212 118
212 117
212 116
212 115
213 114
214 113
169 103
170 102
171 101
172 100
172 99
172 98
172 97
172 96
171 95
170 94
170 93
170 92
170 91
170 90
170 89
169 88
168 87
167 86
166 85
165 84
164 83
164 82
164 81
165 80
165 79
165 78
165 77
165 76
165 75
165 74
165 73
165 72
165 71
166 70
167 69
168 69
169 69
170 69
171 68
171 67
171 66
170 65
169 64
168 63
167 62
166 61
165 60
164 59
164 58
163 58
162 59
161 60
160 61
159 62
158 63
157 63
156 63
155 63
154 63
153 63
152 63
165 58
166 58
167 57
168 56
169 55
170 54
171 53
171 52
171 51
172 51
171 50
170 49
169 48
168 47
167 46
167 45
167 44
167 43
167 42
168 41
173 50
174 49
175 48
176 47
177 46
178 45
179 44
180 43
181 42
181 41
181 40
181 39
181 38
181 37
181 36
181 35
182 34
183 33
184 32
185 31
185 30
184 29
183 28
182 28
181 28
180 28
179 28
178 28
177 28
176 28
175 28
174 28
173 27
172 26
186 32
187 33
188 34
189 35
190 36
191 37
192 37
193 38
194 39
195 39
196 39
197 40
198 40
199 40
200 40
201 40
202 40
203 41
203 42
203 43
203 44
203 45
203 46
203 47
203 48
203 49
204 49
205 49
206 49
207 49
208 49
209 49
210 48
211 47
212 46
213 45
214 44
215 43
204 50
205 51
206 52
207 53
208 54
209 55
210 56
211 57
212 58
213 59
214 60
214 61
182 43
183 44
184 45
185 46
186 47
187 48
188 49
189 50
190 51
191 51
192 51
191 52
190 53
189 54
188 55
187 56
186 57
185 58
184 58
193 52
194 53
195 54
196 55
196 56
196 57
196 58
196 59
196 60
196 61
196 62
172 69
173 70
174 70
175 70
176 70
177 70
178 70
179 70
180 70
181 70
182 70
183 71
184 72
185 73
186 74
187 75
188 76
189 77
190 78
191 79
191 80
191 81
192 81
193 81
194 81
195 80
196 79
197 78
198 77
199 76
200 75
201 76
202 77
203 78
204 79
205 80
206 81
207 82
208 82
209 82
210 82
211 82
212 82
213 82
214 82
192 82
193 83
194 84
195 85
196 86
196 87
196 88
196 89
195 90
194 91
193 92
192 93
191 94
190 95
189 95
188 95
187 95
166 81
167 82
168 82
169 82
170 82
171 82
172 82
173 82
174 82
142 114
141 115
140 116
139 117
138 117
137 117
136 117
135 117
134 117
133 117
132 117
142 99
143 98
144 97
145 96
146 95
147 94
148 93
149 92
150 91
150 90
149 90
148 90
147 90
146 89
145 88
144 87
143 86
142 85
141 84
141 83
140 83
140 82
140 81
140 80
140 79
140 78
140 77
140 76
139 75
138 74
137 75
136 76
135 77
134 77
133 77
132 77
131 77
130 77
129 77
128 77
127 77
126 77
125 76
124 75
123 74
122 73
142 83
143 83
144 83
145 83
146 83
147 82
148 81
149 80
150 79
151 78
151 90
165
112 86
102 81
101 84
111 75
97 62
101 96
98 100
89 94
86 83
78 81
74 86
62 80
58 78
57 67
45 75
43 64
37 61
43 51
42 40
32 41
23 52
47 37
49 34
50 33
51 32
62 40
71 29
82 41
88 48
97 38
101 46
106 47
115 59
122 48
130 41
129 30
141 25
152 24
150 37
147 47
131 47
136 60
112 36
101 25
90 24
112 24
70 51
57 28
25 66
32 77
63 64
58 55
60 85
49 92
43 104
36 107
25 109
45 118
36 119
25 120
32 94
60 96
63 105
74 101
74 112
76 124
80 135
58 107
62 117
58 119
61 130
52 140
42 131
31 134
53 147
54 149
68 138
65 149
77 150
89 150
100 153
107 141
118 133
123 137
129 130
134 137
140 131
151 127
152 137
158 149
144 153
132 152
162 118
117 152
97 129
93 136
106 128
115 117
77 67
90 78
86 100
86 111
109 102
99 115
128 91
121 98
129 99
139 96
140 101
143 113
155 104
167 104
177 115
188 108
189 121
200 118
201 107
213 96
196 129
184 137
172 136
165 132
184 149
173 151
207 136
212 125
214 113
172 100
170 94
164 83
165 80
167 69
171 68
163 58
152 63
171 53
167 46
168 41
181 42
185 31
183 28
172 26
192 37
196 39
202 40
203 49
215 43
214 61
192 51
184 58
196 62
182 70
191 81
200 75
214 82
196 89
187 95
174 82
132 117
140 83
138 74
127 77
122 73
151 78
151 90
