1528
121 90
119 91
118 92
117 93
116 94
115 95
114 96
113 97
113 98
113 99
113 100
113 101
113 102
113 103
113 104
113 105
112 106
111 106
110 106
109 106
108 106
107 106
106 106
105 106
104 106
103 106
102 106
101 106
121 91
122 92
123 92
124 92
125 92
126 92
127 92
128 93
129 94
130 95
131 96
132 97
132 98
122 89
123 88
124 87
125 86
126 85
127 84
128 83
129 82
129 81
128 81
127 81
126 81
125 81
124 81
123 80
122 79
121 78
120 77
119 76
119 75
119 74
118 73
117 72
116 71
115 70
114 69
113 68
112 67
111 66
110 65
110 64
109 64
108 65
107 66
106 67
105 68
104 69
103 70
102 71
102 72
102 73
102 74
102 75
103 76
104 77
105 78
106 79
106 80
106 81
106 82
105 83
104 84
103 85
102 86
101 87
100 88
99 89
98 90
97 91
96 92
95 92
94 92
93 91
92 90
91 89
90 88
89 87
88 86
87 85
86 84
85 83
85 82
85 81
85 80
85 79
85 78
86 77
95 93
94 94
93 94
92 94
91 94
90 94
89 94
88 94
87 94
86 94
85 94
84 94
84 95
83 96
82 97
81 98
80 99
80 100
80 101
80 102
80 103
80 104
80 105
80 106
80 107
83 93
82 92
81 91
80 90
79 89
78 88
77 87
76 86
75 85
74 84
74 83
74 82
73 81
72 81
72 82
71 83
70 84
69 85
68 85
67 85
66 85
65 85
64 85
63 85
62 85
63 86
64 87
64 88
64 89
64 90
64 91
64 92
64 93
64 94
64 95
64 96
63 97
62 98
61 99
60 100
59 101
58 102
57 103
56 104
55 105
55 106
54 107
53 108
52 108
51 108
50 108
49 108
48 108
47 108
46 108
45 108
44 108
43 108
42 108
41 108
40 108
39 108
38 108
37 108
36 107
35 106
34 105
33 105
32 105
31 105
30 105
29 105
28 105
27 105
26 105
25 105
24 105
23 104
56 107
57 108
58 109
59 110
60 111
61 112
61 113
61 114
61 115
60 116
59 117
58 118
57 119
56 120
55 121
54 122
53 123
52 123
51 123
50 123
62 116
63 117
64 118
65 119
66 120
67 121
68 122
69 123
70 124
71 125
72 125
71 126
70 127
69 128
68 129
68 130
68 131
68 132
68 133
68 134
68 135
67 135
66 135
65 135
64 134
63 133
62 132
61 131
60 132
59 133
58 134
57 135
56 136
55 137
54 138
53 139
52 140
51 140
50 140
49 140
48 140
47 140
46 140
45 140
44 140
43 140
42 139
41 138
40 138
39 138
38 138
37 137
36 136
35 136
34 136
33 135
32 134
31 133
30 132
29 131
28 130
27 129
26 128
25 127
25 126
25 125
25 124
25 123
25 122
25 121
25 120
25 119
25 118
25 117
24 116
36 135
36 134
36 133
36 132
36 131
36 130
36 129
36 128
36 127
36 126
36 125
37 124
52 141
53 142
53 143
53 144
53 145
53 146
54 147
54 148
55 149
56 150
57 151
58 152
58 153
59 153
60 153
61 153
62 153
63 153
64 152
65 151
66 150
67 149
68 148
69 147
70 148
71 149
72 150
73 151
74 152
75 153
76 153
77 153
78 153
79 153
80 153
80 152
80 151
80 150
80 149
80 148
80 147
80 146
80 145
80 144
80 143
81 142
82 143
83 144
84 145
85 145
86 145
87 145
88 145
89 145
90 145
91 145
92 145
93 145
94 145
95 145
96 145
97 145
98 145
99 145
100 144
101 143
102 142
103 141
104 140
104 139
104 138
104 137
104 136
104 135
105 134
105 133
104 133
103 132
102 131
101 131
100 131
99 131
98 131
97 131
96 130
95 129
94 128
93 127
92 126
91 125
90 124
102 130
102 129
102 128
102 127
102 126
102 125
102 124
102 123
102 122
102 121
103 120
104 120
105 120
106 120
107 119
106 133
93 146
94 147
95 148
96 149
97 150
98 151
99 152
100 152
101 152
102 152
103 152
65 97
66 98
66 99
66 100
66 101
66 102
71 80
70 79
69 78
68 77
67 76
66 75
65 74
64 73
63 72
62 71
62 70
62 69
62 68
62 67
62 66
62 65
61 64
60 63
59 62
58 61
57 60
56 59
56 58
55 58
57 58
58 58
59 58
60 58
61 58
62 57
63 56
61 72
60 73
59 73
58 73
57 73
56 73
55 73
54 73
53 73
52 73
51 73
50 73
49 73
48 73
47 72
46 71
45 70
44 69
43 68
42 67
41 67
40 67
39 67
38 67
37 67
36 67
35 67
34 67
33 66
33 65
32 65
32 64
32 63
32 62
31 61
30 60
29 59
28 58
27 57
26 56
25 55
24 54
31 66
30 67
29 68
28 69
27 70
26 71
25 72
24 73
24 74
24 75
24 76
24 77
34 64
35 63
36 62
37 61
38 60
39 59
40 58
41 57
42 56
42 55
42 54
42 53
42 52
42 51
41 50
40 49
39 48
38 47
37 46
36 45
35 45
34 45
33 45
32 45
31 45
30 45
29 45
28 45
27 45
26 44
25 43
36 44
36 43
36 42
37 41
38 40
39 39
40 39
41 39
42 39
43 39
44 39
45 39
46 39
47 39
48 39
49 38
49 37
49 36
49 35
49 34
50 33
51 33
52 33
53 32
53 31
53 30
53 29
54 28
54 27
54 26
55 25
56 26
57 26
58 26
59 26
60 26
61 26
62 26
63 26
64 26
65 26
66 26
67 26
68 26
52 74
51 75
50 76
49 77
48 78
47 79
46 79
45 79
44 79
43 79
42 79
41 79
40 80
39 81
38 82
37 83
36 84
36 85
36 86
35 87
34 88
33 89
32 89
31 89
30 89
29 89
28 89
27 89
26 89
25 89
42 80
43 81
44 82
45 83
46 84
47 85
48 86
48 87
48 88
48 89
48 90
48 91
73 80
73 79
73 78
73 77
73 76
73 75
73 74
73 73
73 72
74 71
75 70
75 69
75 68
75 67
75 66
75 65
75 64
75 63
75 62
75 61
76 60
77 59
77 58
77 57
77 56
77 55
77 54
77 53
77 52
77 51
77 50
77 49
78 48
79 48
80 48
81 48
82 48
83 48
84 48
85 48
86 48
87 48
88 47
89 46
89 45
89 44
89 43
90 47
91 47
92 47
93 47
94 47
95 47
96 47
97 47
98 47
99 47
100 47
100 46
100 45
101 44
102 45
103 46
104 47
105 47
106 47
107 47
108 47
109 47
110 47
111 47
112 47
113 47
114 47
115 47
116 47
117 47
118 47
119 47
120 47
121 47
122 46
123 45
124 44
125 43
125 42
125 41
125 40
125 39
124 38
123 37
122 36
121 35
120 34
119 33
118 32
117 31
116 30
115 29
126 44
127 45
128 46
129 47
130 48
131 49
132 50
133 50
134 50
135 50
136 50
136 51
137 52
138 53
139 53
140 53
141 53
142 53
143 53
144 53
145 53
146 53
147 53
148 53
149 54
150 55
151 55
152 55
153 55
154 55
155 55
156 55
157 55
158 55
159 55
160 55
161 55
137 49
138 48
139 47
140 46
141 45
142 44
143 43
144 42
145 41
146 40
99 48
98 49
97 50
97 51
97 52
97 53
97 54
97 55
97 56
97 57
97 58
78 47
78 46
78 45
78 44
78 43
78 42
78 41
77 40
77 39
76 39
75 40
74 40
73 40
72 40
71 40
70 40
69 40
68 40
67 40
66 40
65 40
78 39
79 39
80 39
81 38
82 37
83 36
84 35
85 34
86 33
87 32
88 31
89 31
90 31
91 31
92 31
93 31
94 31
95 31
96 31
97 30
98 29
99 28
100 27
111 64
112 64
113 64
114 64
115 64
116 64
117 64
118 64
119 64
120 64
121 64
122 64
123 64
124 64
125 64
126 64
127 64
128 64
129 64
130 81
131 81
132 81
133 80
134 79
135 78
136 77
137 76
138 75
139 74
140 73
141 72
142 72
143 72
144 72
145 72
146 72
147 72
148 72
149 72
150 71
151 70
152 69
142 73
143 74
144 75
145 76
146 77
147 78
148 79
149 80
150 80
151 80
152 80
153 80
154 80
155 80
156 80
157 80
158 80
159 80
160 79
161 78
162 77
163 76
151 81
150 82
149 83
148 84
147 85
146 86
146 87
146 88
147 89
148 90
149 91
149 92
149 93
149 94
149 95
149 96
149 97
149 98
150 98
151 98
152 98
153 98
154 97
155 96
156 95
157 94
158 93
159 94
160 95
161 96
162 97
162 98
162 99
162 100
162 101
163 101
164 101
165 101
166 101
167 101
168 101
169 101
170 101
171 101
172 101
173 100
174 99
174 98
174 97
174 96
174 95
174 94
174 93
173 92
172 91
171 90
170 89
170 88
170 87
171 86
172 85
173 84
174 83
175 82
163 102
164 103
165 104
166 105
167 106
168 107
169 108
170 109
171 110
172 111
173 112
172 113
171 114
170 115
169 116
168 117
167 118
166 119
166 120
166 121
167 122
168 123
169 123
170 123
171 123
172 123
173 123
174 123
175 123
174 124
173 125
172 126
171 127
170 128
169 129
168 130
167 131
166 132
165 133
164 133
163 134
162 135
161 136
160 137
159 138
158 138
157 137
156 136
155 135
154 134
153 133
152 132
151 131
150 130
149 129
148 128
147 127
147 126
147 125
147 124
147 123
147 122
147 121
147 120
147 119
147 118
146 117
145 116
144 116
143 116
142 116
141 116
140 116
139 115
138 114
137 113
136 112
135 111
134 110
146 128
145 129
144 130
143 131
142 132
141 133
140 134
140 135
140 136
140 137
139 137
138 137
137 137
136 137
135 137
134 137
133 137
132 137
131 136
130 135
129 134
128 133
128 132
127 131
126 130
125 129
124 128
123 127
122 126
123 125
124 124
125 123
126 122
127 134
126 135
125 136
124 137
123 138
122 138
121 138
120 138
119 138
120 139
121 140
122 141
123 142
124 143
124 144
124 145
124 146
124 147
124 148
124 149
124 150
124 151
139 138
138 139
138 140
138 141
138 142
138 143
138 144
138 145
138 146
138 147
138 148
138 149
157 139
156 140
155 141
154 142
153 143
152 144
151 145
150 146
150 147
150 148
150 149
150 150
159 139
160 140
161 141
162 142
163 143
163 144
163 145
163 146
163 147
163 148
163 149
163 150
176 124
177 125
178 126
179 127
180 127
181 127
182 127
183 127
184 127
185 127
186 127
186 126
186 125
186 124
186 123
186 122
186 121
186 120
186 119
186 118
187 117
188 116
189 116
190 116
189 117
190 118
191 119
192 120
193 121
194 122
195 123
196 124
197 125
197 126
198 127
199 128
200 129
200 130
200 131
200 132
200 133
200 134
200 135
200 136
200 137
201 137
202 137
203 137
204 137
205 137
206 136
207 135
208 134
209 133
210 132
211 131
212 130
213 129
191 115
192 114
193 113
194 112
195 111
196 110
197 109
198 108
199 107
199 106
199 105
199 104
199 103
199 102
199 101
199 100
200 99
201 98
202 97
203 96
204 95
205 95
206 95
207 95
208 95
209 95
210 95
211 95
212 95
213 94
214 93
215 92
204 94
204 93
204 92
204 91
204 90
204 89
204 88
204 87
204 86
204 85
203 84
202 83
201 82
200 82
199 82
198 82
197 82
196 82
195 82
194 82
193 82
192 81
191 80
191 79
191 78
191 77
191 76
191 75
191 74
191 73
191 72
192 71
193 70
193 69
192 69
191 69
194 69
194 68
194 67
194 66
194 65
194 64
194 63
194 62
194 61
193 60
192 59
192 58
191 58
193 57
194 56
195 55
196 54
197 53
198 52
198 51
198 50
198 49
198 48
198 47
198 46
198 45
198 44
199 43
200 42
200 41
199 41
198 41
197 41
196 41
195 41
194 41
193 41
192 41
191 40
190 39
190 38
190 37
190 36
190 35
189 34
188 34
187 34
186 34
185 34
184 34
183 34
182 34
181 33
180 33
179 33
178 33
177 32
176 31
175 30
174 29
173 28
172 27
171 26
170 25
180 34
179 35
178 36
177 37
177 38
177 39
177 40
177 41
177 42
177 43
177 44
176 44
175 44
174 44
173 44
172 44
171 44
170 44
169 44
168 43
167 42
166 41
165 40
164 39
164 38
164 37
163 36
162 35
161 34
160 33
159 32
158 31
157 30
156 29
155 28
154 27
153 26
152 25
151 25
150 25
149 25
148 25
147 25
146 25
145 25
144 25
143 25
142 25
141 24
140 25
139 26
138 27
137 27
136 27
135 27
134 27
133 27
132 27
131 27
130 27
129 27
176 45
175 46
175 47
175 48
175 49
175 50
175 51
175 52
175 53
175 54
175 55
176 56
177 57
178 58
179 59
179 60
179 61
179 62
179 63
179 64
179 65
179 66
201 41
199 53
200 53
201 53
202 53
203 53
204 53
205 53
206 53
207 53
208 53
209 53
209 52
209 51
209 50
209 49
209 48
210 47
211 46
212 45
213 44
214 43
215 42
201 81
201 80
201 79
201 78
201 77
201 76
201 75
202 74
203 73
204 72
205 71
200 108
201 109
202 110
203 111
204 112
205 112
206 112
207 112
208 112
209 112
210 112
211 112
212 112
188 115
188 114
188 113
188 112
188 111
188 110
188 109
188 108
188 107
188 106
187 105
187 104
187 103
187 102
187 101
187 100
187 99
187 98
187 97
187 96
187 95
186 94
187 128
188 129
188 130
188 131
188 132
188 133
188 134
188 135
188 136
188 137
188 138
187 139
186 140
185 141
184 141
183 141
182 141
181 141
180 141
179 141
178 141
177 141
178 142
178 143
178 144
178 145
178 146
178 147
178 148
178 149
178 150
178 151
178 152
156
116 94
113 105
101 106
127 92
132 98
119 76
109 64
102 75
106 82
96 92
85 83
86 77
85 94
80 107
74 84
73 81
62 85
64 96
55 106
44 108
34 105
23 104
61 115
50 123
72 125
68 135
61 131
51 140
42 139
41 138
36 136
25 127
24 116
37 124
53 146
54 148
58 153
69 147
80 153
81 142
92 145
104 140
102 131
90 124
103 120
107 119
106 133
103 152
66 102
62 71
55 58
63 56
53 73
42 67
32 65
24 54
24 77
42 56
36 45
25 43
39 39
49 38
50 33
53 32
54 28
55 25
68 26
41 79
36 86
25 89
48 91
75 70
77 59
78 48
89 46
89 43
100 47
101 44
113 47
125 43
115 29
135 50
148 53
161 55
146 40
97 58
76 39
65 40
88 31
100 27
120 64
129 64
130 81
141 72
152 69
152 80
163 76
146 88
149 98
158 93
162 101
174 99
170 89
175 82
173 112
166 121
175 123
164 133
158 138
147 127
145 116
134 110
140 137
128 133
122 126
126 122
119 138
124 151
138 149
150 150
163 150
186 127
188 116
197 126
200 137
213 129
199 107
204 95
215 92
201 82
191 80
191 69
194 69
191 58
198 52
190 39
189 34
181 33
170 25
177 44
164 39
152 25
141 24
129 27
175 55
179 66
201 41
209 53
215 42
205 71
212 112
187 105
186 94
188 138
177 141
178 152
