1523
121 90
119 91
118 91
117 91
116 91
115 91
114 91
113 91
112 91
111 91
110 91
109 91
108 90
107 89
106 88
105 87
105 86
105 85
105 84
105 83
104 82
103 81
103 80
104 79
105 78
106 77
107 76
108 75
109 74
110 73
111 72
112 71
112 70
112 69
112 68
112 67
112 66
112 65
112 64
112 63
112 62
112 61
112 60
111 60
110 60
109 60
108 59
107 58
106 57
105 56
104 55
103 54
103 53
102 52
101 51
100 50
99 49
98 48
97 47
96 46
95 45
94 44
93 43
92 43
92 44
91 45
90 46
90 47
90 48
90 49
90 50
90 51
89 52
88 53
88 54
88 55
88 56
88 57
88 58
88 59
88 60
88 61
88 62
88 63
89 64
90 65
91 66
92 67
93 68
94 68
95 68
96 68
97 68
98 68
99 68
91 42
90 41
89 40
88 39
87 38
86 37
85 36
84 35
83 34
82 33
81 32
80 32
79 32
78 32
77 32
76 32
75 32
74 32
73 31
72 30
71 29
70 28
69 27
80 33
79 34
78 35
77 36
76 37
75 38
74 39
74 40
74 41
74 42
74 43
74 44
73 44
72 44
71 44
70 44
69 44
68 44
67 44
66 44
65 44
64 44
63 43
62 44
61 45
61 46
61 47
60 47
59 47
58 47
57 47
56 47
55 47
54 46
53 47
52 48
51 49
50 50
49 51
48 52
47 53
46 54
45 55
44 56
43 56
43 55
42 54
41 53
40 52
39 51
38 50
37 49
36 48
35 47
34 48
33 49
32 49
31 49
30 49
29 49
28 49
27 49
26 49
25 49
24 49
23 49
36 46
37 45
38 44
39 43
40 42
41 41
42 40
43 39
44 38
45 37
46 36
47 35
48 35
49 35
50 35
51 35
52 34
52 33
52 32
52 31
53 30
54 30
55 30
56 29
57 28
43 57
42 58
41 59
40 60
39 61
38 61
37 61
36 61
35 61
34 61
33 61
34 62
35 63
35 64
35 65
35 66
35 67
35 68
35 69
35 70
35 71
35 72
34 73
33 74
32 74
31 74
30 74
29 74
28 74
27 74
26 74
25 74
24 74
25 75
26 76
26 77
26 78
26 79
26 80
26 81
26 82
26 83
26 84
26 85
27 86
28 87
29 88
30 89
31 90
32 91
33 91
34 91
35 91
36 91
37 91
38 91
39 91
40 91
41 91
42 91
43 91
44 91
45 90
46 89
47 88
48 87
48 86
48 85
48 84
48 83
48 82
48 81
48 80
48 79
48 78
48 77
49 76
49 88
50 89
51 90
52 91
53 92
54 93
55 94
56 95
57 96
58 97
58 98
59 98
60 98
61 97
62 96
63 95
64 96
65 97
66 98
67 99
68 100
69 101
69 102
69 103
70 100
71 99
72 98
73 97
74 96
74 95
74 94
74 93
74 92
74 91
74 90
74 89
75 88
76 87
77 86
77 85
76 85
75 84
74 83
73 82
72 81
71 80
70 79
69 78
68 77
67 78
66 79
65 80
64 81
64 82
64 83
64 84
78 85
78 84
78 83
78 82
78 81
79 80
75 97
76 98
77 99
78 100
79 101
80 102
81 103
81 104
80 105
79 106
78 107
77 108
76 109
75 110
74 111
73 112
72 113
72 114
72 115
72 116
71 117
70 118
69 119
68 120
67 120
66 120
65 120
64 120
63 120
62 120
61 120
60 120
59 120
58 120
57 120
56 120
55 120
54 120
53 119
52 118
51 117
60 121
59 122
58 123
57 124
56 125
56 126
56 127
56 128
56 129
56 130
56 131
55 131
54 131
53 131
52 131
51 131
50 131
49 131
48 131
47 131
46 131
45 131
44 130
43 131
42 132
41 133
40 134
39 135
38 136
37 136
36 136
35 136
34 136
33 136
32 136
31 136
30 136
29 136
28 136
27 135
26 134
25 133
24 132
23 131
55 132
54 133
53 134
52 135
51 136
50 137
49 138
48 139
48 140
48 141
48 142
49 143
50 144
51 145
52 145
53 145
54 145
55 145
56 145
57 145
58 145
59 145
60 145
61 145
62 145
63 146
64 147
65 148
66 149
67 150
68 151
69 151
70 151
71 151
72 151
73 151
74 151
75 151
76 151
77 151
78 151
79 151
80 151
81 151
82 151
83 151
84 150
84 149
84 148
84 147
84 146
84 145
84 144
84 143
84 142
83 141
82 140
82 139
81 139
80 139
79 138
78 137
77 136
76 135
75 134
74 133
83 139
84 139
85 138
86 137
87 136
88 135
89 134
90 133
91 132
91 131
91 130
91 129
91 128
91 127
91 126
92 125
93 124
94 123
95 122
96 121
92 133
93 134
94 135
95 136
96 137
97 138
98 138
98 137
99 136
100 135
101 134
102 133
103 133
104 133
105 133
106 133
107 133
108 133
109 133
110 132
111 131
112 130
113 129
114 128
103 134
104 135
105 136
106 137
107 138
108 139
109 140
110 140
111 140
112 140
113 140
114 141
114 142
114 143
114 144
114 145
114 146
114 147
114 148
114 149
114 150
114 151
114 152
98 139
98 140
98 141
98 142
85 151
86 152
87 153
88 153
89 153
90 153
91 153
92 153
93 153
94 153
95 153
57 131
58 131
59 131
60 131
61 131
73 117
74 118
75 119
76 120
77 120
78 120
79 120
80 120
81 120
82 120
83 120
39 92
40 93
41 94
42 95
43 96
44 97
44 98
44 99
37 92
36 93
35 94
34 95
33 96
33 97
33 98
33 99
33 100
33 101
33 102
32 103
31 104
30 105
29 106
28 107
27 108
26 109
25 110
24 111
23 112
23 113
23 114
24 115
25 116
26 116
27 116
28 116
29 116
30 116
31 116
32 116
33 116
34 116
35 116
36 116
62 48
63 49
63 50
63 51
63 52
63 53
63 54
63 55
63 56
63 57
63 58
62 59
61 59
60 59
59 59
58 59
57 59
56 59
55 59
54 59
75 45
76 46
76 47
76 48
75 49
75 50
75 51
75 52
75 53
75 54
75 55
75 56
75 57
75 58
75 59
75 60
113 60
113 59
113 58
113 57
113 56
113 55
113 54
113 53
114 52
115 51
116 50
116 49
115 49
114 49
113 48
112 47
111 46
110 45
109 44
108 43
107 42
106 41
106 40
106 39
105 39
104 38
103 37
102 36
101 35
100 34
99 33
98 32
97 31
96 30
95 29
94 28
106 38
106 37
106 36
107 35
108 34
109 33
110 32
111 31
112 30
113 30
114 30
115 30
116 30
117 30
118 30
119 30
120 29
121 28
122 27
123 26
117 49
118 50
119 51
120 52
121 52
122 52
123 52
124 52
125 52
126 52
127 52
128 52
129 52
130 52
131 52
132 52
133 52
134 52
135 52
136 51
137 50
137 49
137 48
136 47
135 46
134 45
133 44
132 43
131 42
131 41
130 41
132 41
133 41
134 41
135 41
136 41
137 40
138 39
139 38
140 37
141 36
141 35
142 35
141 34
141 33
141 32
141 31
141 30
141 29
141 28
141 27
140 26
139 25
143 34
144 33
145 32
146 31
147 30
148 29
149 28
150 27
151 26
152 25
138 51
139 52
140 53
141 53
142 53
143 53
144 53
145 53
146 53
147 53
148 53
149 53
148 54
147 55
146 56
146 57
146 58
146 59
146 60
146 61
146 62
146 63
146 64
145 65
144 66
143 67
142 68
141 69
140 70
139 70
139 69
138 68
137 67
136 66
135 65
134 64
133 65
132 66
131 67
130 68
129 69
128 70
127 71
126 72
126 73
126 74
126 75
126 76
139 71
139 72
139 73
139 74
139 75
140 76
141 77
142 78
143 79
144 80
145 80
146 80
147 80
148 80
149 80
150 80
147 65
148 66
149 66
150 66
151 66
152 66
153 66
154 66
155 66
156 66
157 66
158 67
159 68
160 69
161 70
162 71
163 72
164 73
165 74
166 75
167 75
168 75
169 75
170 75
171 74
172 73
173 72
173 71
173 70
173 69
173 68
173 67
172 66
171 65
170 64
169 63
168 62
168 61
168 60
169 59
170 58
171 57
172 56
172 55
172 54
172 53
171 52
170 51
169 50
168 49
167 49
166 49
165 48
164 47
163 46
162 45
161 44
160 43
159 42
158 41
158 40
158 39
158 38
159 37
160 36
161 35
162 34
163 33
164 32
165 31
166 30
167 29
168 48
168 47
169 46
170 45
171 44
173 57
174 58
175 58
176 58
177 58
178 58
179 58
180 58
181 58
182 58
183 58
183 57
183 56
183 55
183 54
183 53
183 52
183 51
183 50
183 49
184 48
185 47
186 46
187 45
187 44
187 43
187 42
187 41
187 40
187 39
187 38
187 37
187 36
188 35
189 34
188 33
187 32
186 31
185 30
184 30
183 29
182 28
190 35
191 36
192 37
193 38
194 39
195 40
196 41
197 42
198 43
199 44
200 45
201 46
202 47
202 48
202 49
202 50
202 51
202 52
202 53
202 54
202 55
202 56
202 57
203 58
204 59
205 60
206 61
207 62
208 62
209 62
210 62
211 62
212 62
213 62
214 62
214 61
214 60
214 59
214 58
214 57
214 56
214 55
214 54
214 53
214 52
214 51
213 63
213 64
213 65
213 66
213 67
213 68
213 69
213 70
213 71
213 72
213 73
213 74
213 75
214 76
215 77
215 78
215 79
215 80
215 81
215 82
215 83
215 84
215 85
215 86
215 87
215 88
102 82
101 83
100 84
99 85
98 86
97 87
96 88
95 89
94 89
93 89
93 88
93 87
93 86
93 85
93 84
93 83
93 82
92 81
91 80
115 92
114 93
113 94
112 95
111 96
110 97
110 98
110 99
110 100
110 101
110 102
109 103
108 104
107 105
106 105
105 105
104 105
103 105
102 105
101 105
100 105
99 105
98 105
97 105
96 105
117 92
118 93
119 94
120 95
121 96
122 97
123 98
124 99
125 100
126 101
126 102
125 102
124 102
123 102
122 102
121 102
126 103
125 104
124 105
123 106
122 107
121 108
120 109
119 110
118 111
117 112
116 113
115 114
127 102
128 103
129 104
130 105
131 106
132 107
133 108
134 109
135 110
135 111
135 112
135 113
135 114
135 115
135 116
135 117
135 118
135 119
135 120
135 121
135 122
135 123
135 124
135 125
135 126
135 127
135 128
135 129
122 90
123 90
124 90
125 90
126 90
127 90
128 90
129 90
130 89
131 90
132 91
133 92
134 93
135 93
136 93
137 93
138 93
139 93
140 93
141 93
140 94
139 95
139 96
139 97
139 98
139 99
139 100
140 101
141 102
142 103
143 104
144 105
145 106
146 107
147 108
148 109
149 110
149 111
149 112
149 113
150 114
151 115
152 116
152 117
152 118
152 119
152 120
152 121
152 122
152 123
152 124
152 125
142 94
143 95
144 96
145 97
146 98
147 99
148 100
149 100
150 100
150 99
150 98
150 97
150 96
151 95
152 94
153 93
151 101
152 102
153 103
154 104
155 105
156 105
157 105
158 105
159 105
160 105
161 105
162 105
163 106
164 107
165 108
166 109
167 110
167 111
167 112
167 113
167 114
167 115
167 116
167 117
167 118
168 119
169 120
170 121
171 122
172 123
173 124
174 125
175 126
176 127
176 128
176 129
176 130
176 131
175 131
174 131
173 131
172 131
171 131
170 131
169 131
168 131
167 131
166 131
165 132
165 133
165 134
165 135
164 136
163 137
162 138
161 139
160 140
159 141
158 142
157 142
156 142
155 142
154 142
153 142
152 143
151 144
150 145
149 146
148 147
147 148
147 149
147 150
147 151
147 152
147 153
146 153
145 153
144 153
143 152
142 151
141 150
140 149
139 148
138 147
137 146
136 145
135 144
134 143
154 143
155 144
156 145
157 146
158 147
158 148
158 149
158 150
158 151
158 152
158 153
166 136
167 137
168 138
169 139
170 140
171 141
172 142
173 143
173 144
173 145
173 146
177 131
178 131
179 131
180 131
181 131
182 131
183 131
184 131
185 131
186 131
187 130
188 130
189 130
190 130
191 129
192 128
193 127
194 126
195 125
195 124
195 123
195 122
195 121
195 120
195 119
195 118
195 117
196 116
197 115
198 114
199 114
200 114
201 114
202 114
203 114
204 114
205 114
206 114
207 114
208 114
209 114
209 113
209 112
209 111
209 110
209 109
209 108
209 107
209 106
210 105
211 104
212 103
213 102
214 101
198 113
198 112
198 111
198 110
198 109
198 108
198 107
198 106
198 105
198 104
199 103
199 102
198 102
197 102
196 102
195 101
194 100
193 99
192 98
191 97
190 96
189 96
188 96
187 96
186 96
185 95
184 94
183 93
182 92
181 91
180 90
179 89
178 89
177 89
176 89
175 89
174 89
173 89
172 89
171 89
170 89
169 89
168 89
167 88
189 97
188 98
187 99
186 100
185 101
184 102
183 103
182 104
181 105
181 106
181 107
190 95
190 94
190 93
190 92
190 91
191 90
192 89
193 88
194 87
195 86
195 85
194 85
193 85
192 85
191 84
190 83
190 82
191 82
190 81
190 80
190 79
190 78
190 77
190 76
190 75
189 74
188 73
187 72
186 71
192 81
193 80
194 79
195 78
196 77
197 76
198 75
199 74
196 85
200 102
196 126
197 127
198 128
199 129
200 130
201 131
202 132
203 133
204 134
205 134
206 134
205 135
204 136
203 137
202 137
201 137
200 137
199 138
198 138
197 139
196 140
195 141
194 141
193 141
192 141
191 141
190 141
189 142
188 143
187 144
186 144
185 145
185 146
185 147
184 148
187 129
187 128
187 127
187 126
187 125
186 124
185 123
184 122
183 121
182 120
181 119
163
116 91
105 87
103 81
112 71
103 54
93 43
90 51
88 63
99 68
81 32
69 27
74 44
63 43
61 47
54 46
35 47
23 49
43 39
47 35
52 34
53 30
57 28
43 57
33 61
35 72
24 74
26 85
38 91
48 87
49 76
58 98
63 95
69 103
74 96
68 77
64 84
78 85
79 80
81 104
72 116
61 120
51 117
56 131
44 130
33 136
23 131
48 142
49 143
50 144
51 145
62 145
73 151
84 150
81 139
74 133
91 132
96 121
102 133
114 128
113 140
114 152
98 142
95 153
61 131
83 120
44 99
33 102
23 114
36 116
63 58
54 59
76 48
75 60
113 60
106 41
94 28
112 30
123 26
117 49
126 52
137 50
130 41
141 36
139 25
152 25
149 53
146 64
134 64
126 76
139 75
150 80
157 66
168 75
173 72
168 62
172 56
168 49
158 41
167 29
171 44
183 58
187 45
189 34
188 33
187 32
186 31
185 30
182 28
199 44
202 57
214 62
214 51
213 75
215 88
93 89
91 80
110 102
96 105
121 102
115 114
127 102
135 116
135 129
130 89
141 93
139 100
149 113
152 125
150 100
153 93
162 105
167 118
176 131
166 131
165 135
153 142
147 153
134 143
158 153
173 146
187 130
195 125
198 114
209 114
214 101
190 96
179 89
167 88
181 107
190 83
186 71
199 74
196 85
200 102
206 134
200 137
198 138
190 141
188 143
186 144
185 147
184 148
181 119
