1538
119 90
118 90
117 90
116 90
115 90
114 90
121 90
121 91
122 90
123 89
124 88
125 87
126 86
127 85
128 84
129 83
129 82
129 81
130 81
131 80
132 79
133 78
134 77
135 76
136 75
137 74
136 73
135 72
134 71
133 70
132 69
131 68
130 67
129 66
128 65
127 64
126 63
125 63
124 63
123 63
122 63
121 63
120 63
119 63
118 63
117 63
116 63
126 62
126 61
126 60
126 59
126 58
126 57
126 56
126 55
126 54
127 53
127 52
126 52
125 52
124 52
123 52
122 51
121 50
120 49
119 48
118 47
117 46
116 45
128 52
128 51
128 50
128 49
128 48
128 47
128 46
128 45
129 44
130 45
131 46
132 46
133 46
134 46
135 46
136 46
137 46
138 46
139 46
139 45
139 44
139 43
139 42
139 41
139 40
140 39
141 38
142 37
142 36
142 35
142 34
142 33
142 32
142 31
142 30
143 29
144 28
145 27
145 26
144 26
143 26
142 26
141 26
140 26
139 26
138 26
137 26
136 26
135 25
134 26
133 27
132 28
131 29
130 30
129 30
128 30
127 30
126 30
125 30
124 30
123 30
146 26
147 27
148 27
149 27
150 27
151 27
152 27
153 27
154 27
155 27
156 27
157 27
158 27
143 38
144 39
145 40
146 41
147 42
148 43
149 44
150 45
151 46
152 46
153 46
154 45
155 44
156 45
157 46
158 46
159 46
160 46
161 46
162 46
163 46
164 46
165 46
166 46
167 46
168 46
169 45
170 44
171 43
172 42
173 41
174 40
175 39
176 38
177 37
178 36
179 35
180 34
181 33
182 32
183 31
183 30
182 30
181 30
180 30
179 30
178 29
177 28
176 27
184 30
185 31
186 32
186 33
186 34
187 35
188 35
189 35
190 35
191 36
192 36
193 37
194 37
195 38
195 39
196 40
197 40
198 40
199 40
200 40
201 40
202 40
202 41
203 41
202 42
202 43
202 44
202 45
202 46
202 47
202 48
202 49
202 50
202 51
201 52
200 53
199 53
198 53
197 53
196 53
195 53
194 53
193 53
192 53
191 53
190 53
189 54
188 55
187 55
186 55
185 55
184 55
183 55
182 55
181 55
180 55
179 55
178 56
177 57
176 58
175 59
174 60
173 61
172 62
171 63
170 63
169 63
168 63
167 64
166 64
165 64
164 64
163 64
162 64
161 64
160 64
159 64
158 64
157 64
156 65
155 66
155 67
155 68
155 69
155 70
155 71
155 72
155 73
155 74
155 75
191 54
192 55
193 56
194 57
195 58
196 59
197 60
198 61
199 62
200 63
201 64
201 65
202 66
203 67
204 68
205 69
206 70
207 71
208 72
209 73
210 74
211 74
212 74
213 74
214 74
215 74
203 52
204 53
205 54
206 55
207 56
208 56
209 56
210 56
211 56
212 56
213 56
214 56
215 56
204 42
205 43
206 43
207 43
208 43
209 43
210 43
211 43
212 43
213 43
140 47
141 48
142 49
143 50
144 51
145 52
145 53
145 54
145 55
145 56
145 57
145 58
128 80
127 79
126 78
125 79
124 79
123 79
122 79
121 79
120 79
119 79
118 79
117 79
116 79
115 79
114 79
113 79
112 79
111 79
110 79
109 79
108 79
107 78
106 77
105 77
105 78
104 79
103 80
102 81
101 82
101 83
101 84
101 85
101 86
101 87
100 87
100 88
101 88
101 89
101 90
101 91
101 92
101 93
101 94
101 95
101 96
101 97
101 98
102 99
103 100
104 101
105 102
106 102
107 102
108 102
109 102
110 102
111 102
112 102
99 89
98 90
97 91
96 92
95 93
94 94
93 95
92 96
91 97
90 98
89 99
88 100
87 101
86 102
85 102
84 102
83 102
82 102
81 102
80 102
79 102
79 101
79 100
78 99
77 98
76 97
75 96
74 97
73 98
72 99
71 99
70 99
69 99
68 99
67 99
67 98
67 97
67 96
66 95
65 94
64 93
63 92
62 91
61 90
60 89
60 88
60 87
60 86
60 85
60 84
59 83
58 82
57 82
56 82
55 82
54 82
53 82
52 82
51 82
50 82
49 82
48 82
47 82
46 82
45 82
44 82
43 82
42 82
41 82
40 82
39 82
38 82
37 82
36 82
35 81
34 82
33 83
32 83
31 83
30 83
29 83
28 83
27 83
26 83
25 83
24 83
58 81
59 80
60 79
61 78
62 77
63 76
64 75
65 74
66 73
67 72
68 71
59 90
58 91
57 92
56 93
55 94
54 95
54 96
54 97
54 98
54 99
54 100
54 101
53 101
52 101
51 101
50 101
49 101
48 101
47 101
46 100
45 99
44 98
43 97
42 98
41 99
40 100
39 101
38 101
37 101
36 101
35 101
34 101
33 101
32 101
31 101
30 101
29 102
28 103
27 104
26 105
26 106
26 107
26 108
26 109
26 110
26 111
26 112
31 102
32 103
33 104
34 105
35 106
36 107
37 108
37 109
37 110
37 111
37 112
36 113
35 114
34 115
33 116
32 117
31 118
30 119
30 120
30 121
30 122
30 123
29 124
29 125
29 126
29 127
29 128
29 129
29 130
29 131
29 132
29 133
29 134
30 135
31 136
32 136
33 137
34 137
35 137
36 137
37 137
38 137
39 137
40 137
41 137
42 137
43 136
44 135
45 134
46 133
47 132
48 132
49 132
50 132
51 132
52 132
53 132
54 132
55 132
56 132
57 132
58 132
59 132
60 132
61 132
62 132
63 132
64 132
65 132
66 132
67 131
68 130
69 131
70 132
71 133
72 134
73 135
74 136
75 137
76 138
77 139
78 139
78 138
78 137
78 136
79 135
80 134
81 133
82 132
83 131
84 130
85 129
85 128
85 127
86 127
85 126
85 125
85 124
85 123
85 122
85 121
84 120
83 119
82 118
81 117
87 126
88 125
89 124
90 123
91 122
92 121
93 120
94 119
95 118
96 117
97 116
86 130
87 131
88 132
89 133
90 134
91 135
92 136
92 137
93 137
92 138
93 139
94 140
95 141
96 142
97 143
98 144
99 145
100 146
101 147
102 148
102 149
94 136
95 135
96 134
97 133
98 132
99 131
100 130
101 129
102 129
103 129
104 129
105 129
106 128
107 127
108 126
109 125
110 124
111 123
112 123
113 123
114 123
115 123
116 122
117 121
118 120
119 119
120 118
121 117
122 116
123 116
124 116
125 116
126 116
127 116
128 116
129 116
130 116
131 116
132 116
133 116
134 116
135 116
135 117
135 118
135 119
135 120
135 121
135 122
135 123
135 124
135 125
135 126
135 127
102 130
103 131
104 132
104 133
104 134
104 135
105 135
106 135
107 135
108 135
109 135
110 134
111 135
112 136
113 137
114 138
115 139
116 140
117 141
118 142
119 143
119 144
119 145
120 145
121 145
122 145
123 145
124 145
125 145
126 145
127 145
128 144
129 143
130 142
131 142
132 142
133 142
134 142
135 142
136 142
137 142
138 142
139 142
140 142
141 141
142 140
131 143
132 144
132 145
132 146
132 147
132 148
132 149
132 150
132 151
132 152
132 153
133 153
134 153
135 153
136 153
137 153
138 153
139 153
140 153
141 153
142 153
143 152
144 153
145 153
146 153
147 153
148 153
149 153
150 153
151 153
152 153
153 153
154 153
130 141
129 140
128 139
127 138
126 137
125 136
124 135
123 134
122 133
78 140
78 141
78 142
77 143
76 144
76 145
76 146
76 147
76 148
76 149
76 150
76 151
76 152
76 153
79 143
80 144
81 145
82 146
83 147
84 148
85 149
86 150
87 151
87 152
87 153
59 133
60 134
60 135
60 136
60 137
60 138
60 139
60 140
60 141
60 142
60 143
60 144
60 145
60 146
60 147
60 148
60 149
60 150
60 151
60 152
48 133
49 134
49 135
49 136
49 137
49 138
49 139
49 140
49 141
49 142
49 143
38 113
39 114
40 115
41 116
42 116
43 116
44 116
45 116
46 116
47 116
48 116
49 116
50 116
78 103
77 104
76 105
75 106
74 107
73 108
72 109
71 110
70 111
69 112
68 113
68 114
99 86
98 85
97 84
96 83
95 82
94 81
93 80
92 79
91 78
90 79
89 80
88 81
87 82
87 83
86 83
85 82
84 81
83 80
82 79
81 78
80 77
80 76
80 75
80 74
81 73
82 72
83 71
84 70
85 69
86 68
87 67
87 66
86 66
85 66
84 66
83 66
82 65
81 64
80 63
79 62
78 61
77 60
76 59
76 58
76 57
76 56
76 55
76 54
76 53
76 52
76 51
76 50
76 49
76 48
76 47
76 46
77 45
78 44
79 43
79 42
78 42
77 42
76 42
75 42
74 41
73 40
72 39
71 38
70 37
69 36
69 35
69 34
69 33
69 32
69 31
69 30
69 29
68 28
67 27
66 26
65 25
64 26
63 27
62 28
61 29
60 29
59 29
58 29
57 29
56 29
55 29
54 29
53 30
53 31
53 32
53 33
53 34
52 35
51 36
50 37
49 38
48 38
47 39
46 39
45 39
44 39
43 39
42 39
41 39
40 39
39 40
38 40
37 40
36 40
35 40
34 41
33 42
32 43
32 44
32 45
32 46
32 47
33 48
34 49
35 50
36 51
37 52
38 52
39 52
40 52
41 52
42 52
43 52
68 37
67 38
66 39
65 40
64 41
64 42
64 43
64 44
64 45
64 46
63 47
62 48
61 49
60 50
59 51
58 52
57 53
56 54
55 55
54 56
53 57
52 58
52 59
52 60
52 61
52 62
52 63
52 64
52 65
51 65
50 65
49 65
48 65
47 65
46 65
45 65
44 65
43 65
42 65
41 64
40 65
39 66
38 67
37 68
36 68
35 68
34 68
33 68
32 68
31 68
30 68
29 68
28 68
27 67
26 66
25 65
58 54
59 55
60 56
61 57
62 57
63 57
64 57
65 57
80 42
81 43
82 44
83 45
84 46
85 47
86 48
87 48
88 48
89 48
89 47
89 46
89 45
90 44
91 43
92 42
93 41
93 40
93 39
93 38
93 37
93 36
93 35
93 34
93 33
93 32
92 31
91 30
90 29
89 29
88 29
87 29
86 29
85 29
84 29
83 28
82 27
81 26
80 25
79 24
94 42
95 43
96 44
97 45
98 46
99 46
100 46
101 46
102 46
103 46
103 45
103 44
103 43
103 42
103 41
103 40
103 39
103 38
103 37
104 36
104 35
104 34
104 33
104 32
104 31
104 30
104 29
104 28
104 27
104 26
105 25
106 24
88 66
89 66
90 66
91 66
92 66
93 66
94 66
95 66
96 65
97 64
98 63
99 62
100 61
79 78
78 79
77 80
76 81
75 82
74 83
74 84
87 84
87 85
87 86
87 87
104 76
103 75
122 92
123 93
124 94
125 95
126 95
127 95
128 95
129 95
130 95
131 95
132 95
133 95
134 95
135 95
136 95
137 94
138 93
139 92
140 91
141 90
142 89
143 88
144 89
145 90
146 91
147 92
148 93
149 94
150 95
150 96
151 96
150 97
150 98
150 99
151 99
150 100
150 101
150 102
150 103
150 104
150 105
150 106
150 107
150 108
150 109
152 100
153 101
154 102
155 103
156 104
157 105
158 106
159 107
160 107
161 107
162 107
163 108
164 109
165 109
166 109
167 109
168 109
169 109
170 109
171 109
172 109
173 109
174 109
175 109
176 109
177 109
178 109
179 108
180 107
181 106
181 105
182 105
183 105
184 105
183 106
184 107
185 108
186 108
187 108
188 108
189 108
190 108
191 108
192 108
193 108
194 108
193 109
192 110
191 111
190 112
189 113
188 114
188 115
188 116
188 117
188 118
188 119
188 120
189 121
190 122
191 123
192 124
193 125
193 126
193 127
194 124
195 123
196 122
197 121
198 120
199 120
200 120
199 121
200 122
201 123
202 124
203 125
204 126
205 127
206 128
207 129
208 129
209 129
208 130
207 131
206 132
205 133
204 134
204 135
204 136
203 137
202 138
201 138
200 138
199 138
198 138
197 139
196 139
195 139
194 140
193 141
192 141
191 142
190 142
189 142
188 142
187 143
186 144
185 144
184 144
183 144
182 145
182 146
182 147
182 148
182 149
182 150
182 151
182 152
181 152
180 152
179 152
178 152
177 152
176 151
175 150
174 149
173 148
172 147
171 146
170 145
201 119
202 118
203 117
204 116
205 115
206 114
207 113
208 112
209 111
185 104
186 103
187 102
188 101
189 100
190 99
191 98
192 97
193 96
193 95
194 95
195 95
196 95
197 95
198 95
199 95
200 95
201 95
202 95
203 95
204 95
205 95
194 94
194 93
194 92
194 91
194 90
194 89
194 88
194 87
195 86
196 85
197 84
192 94
191 93
190 92
189 91
188 90
187 89
186 88
180 104
179 103
178 102
177 101
176 100
175 99
174 98
173 97
172 96
171 95
170 110
169 111
168 112
167 113
166 114
165 115
164 116
163 117
163 118
163 119
164 120
165 120
166 120
167 120
168 120
169 120
170 120
171 120
172 120
171 121
170 122
169 123
168 124
168 125
168 126
168 127
168 128
168 129
168 130
167 131
166 132
165 133
164 134
163 135
162 135
161 135
160 135
159 135
158 135
157 135
157 134
157 133
157 132
157 131
157 130
156 129
155 128
154 127
153 126
152 125
151 124
169 131
170 131
171 131
172 131
173 131
174 131
175 131
152 95
153 94
154 93
155 92
156 91
157 90
158 89
158 88
158 87
159 86
160 85
161 84
162 83
163 82
164 81
165 80
166 79
167 78
168 78
169 78
168 79
169 80
169 81
169 82
169 83
170 77
171 76
172 76
173 76
174 76
175 76
176 76
177 76
178 76
179 76
180 76
181 76
182 76
183 75
184 74
133 96
134 97
135 98
136 99
136 100
136 101
164
114 90
129 83
137 74
126 63
116 63
116 45
128 52
129 44
139 46
142 37
135 25
123 30
146 26
158 27
151 46
155 44
164 46
173 41
176 27
184 30
186 34
190 35
192 36
194 37
195 39
202 40
202 51
190 53
179 55
168 63
157 64
155 75
201 65
215 74
215 56
213 43
145 58
126 78
117 79
106 77
101 87
101 98
112 102
90 98
79 102
75 96
67 99
60 89
58 82
46 82
35 81
24 83
68 71
54 101
43 97
30 101
26 112
37 112
30 123
29 134
32 136
36 137
47 132
58 132
68 130
85 129
81 117
97 116
92 138
102 149
101 129
111 123
122 116
135 116
135 127
104 135
110 134
119 145
130 142
142 140
132 153
143 152
154 153
122 133
78 142
76 153
87 153
60 141
60 152
49 143
50 116
68 114
91 78
80 77
76 59
76 48
69 36
65 25
54 29
53 34
48 38
40 39
35 40
32 47
43 52
64 46
57 53
52 65
41 64
36 68
25 65
65 57
80 42
89 48
93 41
90 29
79 24
103 46
104 36
106 24
88 66
100 61
74 84
87 87
103 75
132 95
143 88
150 98
150 109
162 107
171 109
182 105
194 108
188 120
193 127
198 120
209 129
204 136
198 138
195 139
194 140
192 141
188 142
183 144
182 152
170 145
209 111
194 95
205 95
197 84
186 88
171 95
163 119
172 120
168 130
157 135
151 124
175 131
158 89
167 78
169 83
171 76
184 74
136 101
