1488
119 90
120 89
120 88
121 87
122 86
123 85
124 84
125 85
126 86
127 87
128 88
129 88
130 88
131 88
132 88
133 88
134 88
135 88
135 87
135 86
135 85
135 84
135 83
135 82
135 81
136 80
136 89
137 90
138 91
138 92
138 93
138 94
138 95
138 96
138 97
138 98
139 98
140 98
141 98
142 97
143 96
144 95
145 94
146 93
147 94
148 95
149 96
149 97
149 98
149 99
149 100
149 101
149 102
149 103
119 91
118 92
117 93
116 94
115 95
114 96
113 97
112 97
111 97
110 97
109 97
108 97
107 97
106 97
105 96
104 95
103 94
102 93
101 92
100 91
99 91
98 91
97 91
96 91
95 90
94 89
93 88
92 87
91 86
90 85
89 84
89 83
89 82
89 81
89 80
89 79
89 78
89 77
89 76
89 75
88 74
88 73
88 72
88 71
88 70
88 69
89 68
90 67
91 66
92 65
93 64
94 63
95 62
99 92
98 93
97 94
96 95
95 96
94 97
93 98
92 98
91 98
90 98
89 98
88 97
87 96
86 95
85 96
84 97
83 98
82 99
81 100
80 100
80 99
80 98
80 97
79 96
78 95
77 94
76 93
75 92
74 91
73 90
72 91
71 92
70 93
69 94
68 95
68 96
68 97
68 98
67 99
66 100
65 101
64 102
63 103
62 104
61 105
60 106
59 107
58 108
57 108
56 108
55 108
54 108
53 108
52 108
51 108
50 107
49 106
48 105
47 104
46 103
45 102
45 101
44 101
43 101
42 101
41 101
40 101
39 101
38 101
37 101
36 101
35 101
34 100
33 99
32 98
32 97
32 96
32 95
32 94
32 93
32 92
32 91
32 90
32 89
32 88
32 87
31 86
30 85
31 99
30 100
30 101
30 102
30 103
30 104
30 105
30 106
30 107
30 108
30 109
30 110
31 111
32 112
33 113
34 114
35 115
36 116
37 117
38 118
39 119
40 120
41 121
42 122
43 122
44 122
45 122
46 122
47 122
48 122
49 122
50 122
51 122
52 122
53 122
54 123
55 124
56 125
57 126
58 127
59 128
60 129
61 130
61 131
62 131
63 131
64 131
65 131
66 130
67 129
68 128
69 127
70 126
71 125
72 124
62 132
63 133
64 134
65 135
66 136
67 137
68 138
69 139
70 140
70 141
70 142
70 143
41 123
40 124
39 125
38 125
37 125
36 125
35 125
34 125
33 125
32 125
31 125
32 126
33 127
34 128
34 129
34 130
34 131
34 132
34 133
34 134
34 135
34 136
35 137
36 137
37 137
38 137
39 137
40 137
41 137
42 137
43 137
44 137
45 137
46 138
46 139
46 140
46 141
47 142
48 142
49 142
50 142
51 143
51 144
51 145
52 146
53 147
54 148
55 149
55 150
46 101
47 101
48 101
49 101
50 101
51 100
52 99
53 98
54 97
55 96
55 95
55 94
55 93
55 92
55 91
55 90
55 89
55 88
56 87
57 86
58 85
59 84
60 84
61 84
62 84
63 83
64 82
65 81
66 80
67 79
68 78
69 77
70 76
71 75
59 83
58 82
57 81
56 81
55 81
54 81
53 81
52 81
51 81
50 81
49 81
48 81
47 81
46 81
45 80
45 79
45 78
45 77
44 77
43 76
42 75
41 74
40 73
39 72
38 71
37 71
36 71
35 71
34 71
33 71
32 71
31 71
30 71
29 71
28 70
27 69
27 68
27 67
27 66
27 65
27 64
27 63
27 62
27 61
27 60
28 59
29 58
30 58
31 58
32 58
33 58
34 58
35 58
36 58
37 57
38 56
39 55
40 54
41 53
29 57
29 56
29 55
29 54
29 53
29 52
28 51
27 50
26 49
25 48
24 47
24 46
23 46
25 46
26 46
27 46
28 46
29 45
30 44
31 43
32 42
33 41
34 41
35 41
36 41
37 41
38 41
39 41
40 40
41 39
42 38
43 38
44 37
45 37
46 36
47 35
47 34
48 33
49 32
50 31
51 30
52 29
53 28
54 27
55 26
56 25
57 24
48 36
49 37
50 38
51 39
52 40
53 41
54 42
55 43
56 43
56 42
56 41
56 40
56 39
56 38
57 37
58 36
59 35
56 44
56 45
56 46
57 47
58 47
59 47
60 47
61 47
62 47
63 47
63 46
64 45
65 44
66 43
67 42
68 41
69 40
70 39
70 38
70 37
70 36
70 35
70 34
70 33
70 32
70 31
70 30
70 29
70 28
71 27
72 26
73 25
71 40
72 41
73 42
74 43
75 44
76 45
77 46
78 46
79 46
80 46
81 46
82 46
83 45
84 44
62 48
61 49
60 50
59 51
58 52
57 53
57 54
57 55
57 56
57 57
58 58
59 58
60 58
61 58
62 58
63 58
64 58
65 58
66 58
67 58
68 58
69 58
70 58
71 58
72 58
73 58
74 58
75 58
76 58
77 58
78 58
45 76
45 75
46 74
47 73
48 72
49 71
50 70
51 69
79 101
78 102
77 103
76 104
75 105
74 106
73 107
72 108
71 109
70 110
69 110
68 110
81 101
82 102
83 103
84 104
85 105
86 106
86 107
86 108
86 109
86 110
86 111
109 98
108 99
107 100
106 101
105 102
104 102
103 102
102 102
103 103
104 104
105 105
106 106
107 107
107 108
106 109
105 110
104 111
103 112
102 113
101 114
101 115
101 116
108 109
109 110
110 111
111 112
112 113
113 114
113 115
113 116
113 117
113 118
113 119
112 120
111 121
110 122
109 123
108 124
107 125
106 126
105 127
104 128
103 129
102 129
101 129
100 129
99 129
98 129
97 129
96 129
95 129
94 129
93 129
92 128
91 129
90 130
89 131
89 132
89 133
89 134
89 135
89 136
104 130
105 131
106 132
106 133
107 133
108 133
109 133
110 133
111 133
112 133
113 133
114 133
115 133
116 133
117 133
118 133
119 132
120 131
121 130
122 129
123 128
124 127
125 126
126 125
127 124
128 123
107 134
108 135
109 136
110 137
111 138
112 139
113 140
114 141
115 142
116 143
116 144
117 145
118 146
119 147
120 148
121 149
122 149
123 149
124 149
125 149
126 149
127 149
105 134
104 135
104 136
103 137
102 138
101 139
100 140
99 141
98 142
98 143
98 144
98 145
98 146
98 147
98 148
98 149
98 150
97 150
96 150
95 150
94 150
93 150
92 150
91 150
90 150
89 150
88 150
87 150
86 150
85 150
121 91
122 92
123 93
123 94
123 95
124 96
125 97
126 98
127 99
127 100
126 101
125 102
124 103
123 104
122 104
121 104
128 101
129 102
130 103
131 104
132 105
133 106
134 107
135 108
136 109
136 110
136 111
137 112
138 113
139 114
140 115
141 116
142 117
143 117
144 117
145 117
146 117
147 117
148 117
149 117
150 117
151 117
152 117
153 117
154 117
155 117
156 117
157 117
158 117
148 118
149 119
150 120
151 121
152 122
153 123
154 124
155 125
156 126
157 127
157 128
157 129
158 129
159 129
160 129
161 129
162 129
163 129
164 129
165 129
166 129
167 129
168 129
169 129
170 129
169 130
169 131
169 132
169 133
169 134
169 135
171 128
172 127
173 126
174 125
175 126
176 127
177 127
178 127
179 127
180 127
181 127
182 127
183 127
184 127
185 127
186 127
186 128
187 129
188 130
189 130
190 130
191 130
192 130
193 130
194 130
195 130
196 130
195 131
194 132
193 133
192 134
191 135
190 136
189 137
188 138
188 139
188 140
187 141
186 142
185 143
185 144
184 145
184 146
184 147
184 148
183 149
182 150
181 151
180 151
179 151
178 151
177 151
176 151
175 151
174 151
173 151
172 151
171 151
170 151
169 151
168 150
167 149
166 148
197 131
198 132
199 133
200 134
201 135
202 136
203 136
204 136
205 136
206 136
207 136
208 136
209 136
210 136
211 136
212 135
213 134
187 126
188 125
189 124
190 123
191 122
192 121
193 120
194 119
195 119
196 119
197 119
198 119
199 119
200 119
201 119
202 119
203 119
204 119
205 118
193 118
192 117
191 116
190 115
189 115
188 115
187 115
186 115
185 115
184 114
183 113
182 112
181 111
180 110
179 109
178 108
177 107
176 107
175 107
174 107
173 107
172 107
171 107
170 107
169 107
168 106
167 105
166 104
165 103
190 114
190 113
190 112
190 111
190 110
190 109
190 108
190 107
190 106
190 105
190 104
191 104
192 105
193 106
194 106
195 106
196 106
197 106
198 106
199 106
200 106
201 106
202 106
203 106
204 106
205 106
206 106
207 106
208 106
209 106
210 106
211 106
212 106
201 105
201 104
202 103
203 102
204 101
205 100
206 99
207 98
208 97
209 96
210 95
189 103
188 102
187 101
186 100
185 99
184 98
183 97
182 96
181 95
181 94
180 94
182 94
183 94
184 94
185 94
186 94
187 93
188 92
189 91
190 90
191 89
192 89
193 89
194 89
195 89
196 89
197 88
198 88
199 87
200 86
201 85
202 84
203 83
204 82
205 81
206 80
207 79
208 78
209 77
210 76
191 88
191 87
191 86
191 85
190 84
189 83
188 82
187 81
186 80
185 79
185 78
184 78
183 79
182 80
181 81
180 81
179 81
178 81
177 81
176 81
175 81
174 81
173 81
172 82
171 83
170 83
169 83
168 83
167 83
166 82
165 81
164 80
164 79
164 78
164 77
164 76
164 75
164 74
164 73
164 72
165 71
166 70
167 69
167 68
166 68
165 68
164 68
163 68
162 68
161 67
160 66
159 65
158 64
157 63
156 63
155 63
154 63
153 63
152 63
151 63
150 63
149 63
148 63
147 63
146 62
145 61
144 60
168 68
169 68
170 68
171 68
172 68
173 67
174 66
175 65
176 65
177 65
178 65
179 65
180 65
181 65
182 65
183 64
184 63
185 62
186 61
187 61
188 60
189 59
190 58
191 57
192 56
193 55
194 54
194 53
194 52
194 51
194 50
194 49
194 48
194 47
195 46
196 45
197 44
197 43
196 43
195 42
194 41
193 40
192 39
191 38
190 37
189 36
188 35
188 34
188 33
187 32
186 32
185 32
184 32
183 32
182 32
181 31
198 43
199 44
200 45
201 46
202 47
203 48
204 49
205 50
206 51
207 52
208 52
209 52
210 52
209 53
209 54
209 55
209 56
209 57
209 58
209 59
209 60
209 61
209 62
209 63
175 64
174 63
173 62
172 61
171 60
170 59
169 58
169 57
168 57
168 56
168 55
167 54
166 53
165 52
164 51
163 50
162 49
161 48
160 47
160 46
159 46
159 45
158 44
157 43
156 42
155 41
154 40
153 39
152 38
151 37
150 36
149 36
148 36
147 36
146 36
145 35
144 34
143 33
142 32
141 31
140 30
139 29
149 37
148 38
147 39
146 40
145 41
144 42
143 43
142 44
141 45
140 46
139 46
138 46
137 46
136 46
135 45
134 44
133 43
132 42
131 41
130 40
129 39
128 38
138 47
137 48
136 49
135 50
134 50
133 50
132 50
131 50
130 50
129 50
128 50
127 50
126 50
125 50
124 50
123 50
122 50
121 50
120 50
119 50
118 49
117 48
116 47
115 46
114 45
113 45
112 45
111 45
110 45
109 45
108 45
107 45
106 45
105 45
104 44
103 43
102 42
101 41
100 42
99 43
98 44
97 45
97 46
113 46
113 47
113 48
113 49
113 50
113 51
113 52
113 53
113 54
113 55
113 56
113 57
114 44
114 43
114 42
114 41
114 40
114 39
114 38
114 37
114 36
114 35
114 34
114 33
113 33
112 33
111 33
110 33
109 33
108 33
107 33
106 32
105 31
104 30
103 29
102 28
101 28
100 28
99 28
98 28
97 28
96 28
95 28
94 28
93 28
92 28
91 28
115 33
116 33
117 33
118 32
119 31
120 30
121 29
122 28
123 27
124 26
125 25
139 45
139 44
139 43
139 42
139 41
150 35
150 34
150 33
150 32
150 31
150 30
150 29
150 28
150 27
150 26
150 25
161 46
162 46
163 46
164 46
165 46
166 45
167 44
167 43
167 42
167 41
167 40
167 39
167 38
167 37
167 36
167 35
167 34
167 33
167 32
167 31
166 30
165 29
170 57
171 57
172 56
173 55
174 54
175 53
176 52
177 51
178 50
179 49
163 81
162 82
161 83
160 84
159 85
159 86
159 87
158 87
157 87
156 86
155 85
154 84
153 83
152 82
151 81
150 80
149 79
186 78
187 78
188 78
189 78
190 78
191 78
192 77
193 76
194 75
195 74
196 73
156 130
155 131
155 132
155 133
155 134
155 135
154 136
153 137
152 138
151 139
150 140
149 141
148 142
147 143
146 143
145 143
144 143
145 144
146 145
147 146
148 147
149 148
150 149
151 149
152 149
153 149
154 149
155 149
146 118
145 119
144 120
143 121
142 122
142 123
142 124
142 125
142 126
142 127
142 128
141 129
140 130
139 131
138 132
137 133
136 134
135 135
134 136
133 137
132 137
131 137
118 89
117 88
116 87
115 86
114 85
113 84
112 83
111 83
110 82
109 81
108 80
107 79
106 78
105 77
104 76
103 75
112 82
112 81
112 80
112 79
112 78
112 77
112 76
112 75
113 74
114 73
115 72
116 71
117 71
118 71
119 71
120 71
121 71
122 71
123 71
124 70
125 69
126 68
127 67
128 66
129 65
130 64
161
124 84
135 88
136 80
138 98
146 93
149 103
110 97
100 91
89 84
88 74
95 62
91 98
86 95
80 100
73 90
68 98
56 108
44 101
32 98
30 85
30 110
42 122
53 122
61 131
72 124
70 143
31 125
34 136
45 137
46 141
50 142
51 145
52 146
53 147
54 148
55 150
55 96
59 84
71 75
57 81
45 80
38 71
27 69
29 58
41 53
23 46
33 41
40 40
42 38
44 37
47 35
57 24
59 35
56 46
63 47
70 39
73 25
81 46
84 44
57 57
66 58
78 58
51 69
68 110
86 111
102 102
107 108
101 116
113 119
103 129
92 128
89 136
106 133
117 133
128 123
116 144
127 149
104 136
98 150
85 150
123 95
127 100
121 104
136 111
147 117
158 117
157 129
168 129
169 135
174 125
185 127
196 130
188 140
185 144
184 148
177 151
166 148
207 136
213 134
194 119
205 118
190 115
177 107
165 103
191 104
201 106
212 106
210 95
180 94
191 89
197 88
210 76
184 78
173 81
170 83
164 80
157 63
144 60
168 68
175 65
186 61
194 54
191 38
188 35
187 32
181 31
198 43
210 52
209 63
168 57
159 46
150 36
139 29
139 46
128 38
127 50
114 45
101 41
97 46
113 57
114 33
102 28
91 28
125 25
139 41
150 25
167 44
165 29
179 49
159 87
149 79
196 73
155 135
144 143
155 149
142 128
131 137
112 83
103 75
116 71
130 64
