1553
119 90
118 90
117 90
116 90
115 89
114 88
113 88
112 88
111 88
110 88
109 88
108 88
107 87
106 86
105 85
104 84
103 83
103 82
103 81
102 80
101 79
100 78
99 77
99 76
98 76
97 77
96 78
95 79
94 80
93 81
92 82
91 83
90 83
90 82
90 81
90 80
90 79
90 78
90 77
89 76
88 75
87 74
86 73
85 72
84 72
83 72
82 72
81 72
80 72
79 72
78 72
77 72
76 72
75 72
74 72
84 73
83 74
82 75
81 76
80 77
79 78
78 79
77 80
76 81
76 82
76 83
76 84
85 71
85 70
85 69
85 68
85 67
85 66
85 65
84 64
83 63
82 62
81 61
90 84
100 76
101 76
102 76
103 76
104 75
105 74
106 73
107 72
121 90
122 90
123 90
124 90
125 89
126 88
127 87
128 86
129 85
130 84
131 83
131 82
131 81
132 80
132 79
132 78
132 77
132 76
132 75
132 74
132 73
131 72
130 71
129 70
128 69
127 68
127 67
127 66
127 65
127 64
126 63
125 62
124 61
123 60
122 59
121 58
121 57
121 56
121 55
121 54
121 53
121 52
122 51
123 50
124 49
125 48
125 47
124 47
123 47
122 47
121 47
120 47
119 47
118 47
117 47
116 47
115 47
114 47
113 47
112 46
111 45
110 45
109 45
108 45
107 45
106 45
105 45
104 45
103 44
103 43
103 42
103 41
104 41
103 40
102 39
101 38
100 37
99 36
98 35
97 34
96 33
95 33
94 33
93 32
92 31
91 30
90 29
89 28
88 27
87 26
86 25
85 24
105 40
106 39
107 38
108 37
109 36
110 35
111 34
112 33
113 32
114 31
102 45
101 46
100 46
99 46
98 46
97 46
96 46
95 46
94 46
93 45
92 44
91 45
90 46
89 46
88 46
87 46
86 46
85 46
85 45
85 44
84 43
83 42
82 41
81 40
80 40
80 41
79 42
78 43
77 44
76 45
75 46
74 47
73 47
72 47
71 46
70 45
69 44
68 45
67 46
66 47
65 47
64 47
63 47
62 47
62 46
62 45
62 44
62 43
62 42
61 41
60 40
59 39
58 38
57 37
57 36
57 35
57 34
57 33
57 32
57 31
57 30
57 29
57 28
56 27
55 26
54 27
53 28
52 29
51 30
50 31
49 32
48 33
47 34
46 35
46 36
45 37
44 38
43 39
42 39
41 39
40 39
39 40
38 40
37 40
36 40
35 40
35 41
34 41
33 42
32 42
31 42
30 42
29 42
28 42
27 42
26 42
25 42
24 42
23 42
35 42
35 43
35 44
35 45
35 46
35 47
35 48
35 49
35 50
35 51
34 52
33 53
32 54
31 54
30 54
29 54
28 54
27 54
26 54
25 54
24 54
23 54
23 55
23 56
23 57
23 58
23 59
23 60
23 61
23 62
23 63
23 64
23 65
61 48
60 48
59 48
58 48
57 49
56 50
55 50
54 50
53 50
52 50
51 50
50 50
49 50
48 50
47 50
48 51
49 52
50 53
51 54
51 55
51 56
51 57
51 58
51 59
51 60
51 61
50 62
49 63
48 64
47 65
46 66
45 67
44 68
43 69
42 70
41 70
41 69
40 68
39 67
38 66
37 65
36 64
41 71
41 72
40 73
39 74
38 75
37 76
37 77
37 78
37 79
36 80
35 81
34 82
33 83
32 84
31 85
30 85
29 85
28 85
27 85
26 85
25 85
25 86
25 87
25 88
25 89
25 90
25 91
25 92
25 93
25 94
25 95
25 96
26 97
26 98
26 99
26 100
26 101
26 102
26 103
26 104
26 105
26 106
26 107
26 108
27 108
28 108
29 108
30 108
31 108
32 108
33 108
34 108
35 108
36 108
37 108
38 109
39 109
40 109
41 109
40 110
39 111
38 112
37 113
37 114
37 115
37 116
37 117
37 118
37 119
37 120
36 121
35 122
34 123
33 124
32 125
31 126
30 127
29 128
28 128
27 128
26 128
25 128
24 128
23 128
38 80
39 81
40 82
41 83
42 83
43 83
44 83
43 84
42 85
41 86
40 87
39 88
38 89
38 90
38 91
38 92
38 93
39 94
40 95
41 95
42 95
43 96
44 97
45 98
46 99
47 100
48 101
49 102
50 102
51 102
52 102
53 102
52 62
53 63
54 64
55 65
56 66
57 67
58 68
59 69
60 70
61 71
60 72
59 73
58 74
57 75
57 76
57 77
58 78
59 79
60 80
61 81
61 82
61 83
61 84
62 85
63 86
64 87
65 88
66 89
66 90
66 91
66 92
66 93
66 94
66 95
66 96
67 97
67 98
67 99
67 100
67 101
67 102
67 103
67 104
67 105
67 106
67 107
67 108
68 108
69 108
70 108
71 108
72 108
73 107
74 106
75 105
76 104
77 103
78 102
79 101
79 100
80 99
81 98
82 97
83 96
84 97
85 98
86 99
87 100
88 101
89 102
90 102
91 102
92 102
93 102
93 101
94 100
95 99
96 98
97 97
98 96
99 97
100 98
101 99
102 100
103 101
104 101
105 101
106 101
107 101
108 102
109 103
110 103
111 103
112 103
113 103
114 103
115 103
116 103
117 103
118 103
119 103
92 103
91 104
90 105
89 106
88 107
87 108
86 109
86 110
86 111
86 112
86 113
87 114
87 115
87 116
87 117
87 118
87 119
87 120
87 121
87 122
87 123
87 124
88 125
89 126
90 127
91 128
92 129
92 130
92 131
92 132
92 133
92 134
92 135
93 135
94 135
95 135
96 135
97 135
98 135
99 134
100 133
101 132
102 131
103 131
104 131
103 132
104 133
105 134
106 135
107 136
108 137
109 138
110 139
111 139
112 140
113 140
114 140
115 140
116 140
117 140
118 140
119 140
120 140
121 140
122 140
123 140
124 140
124 141
125 142
125 143
125 144
125 145
125 146
125 147
125 148
125 149
125 150
125 151
124 152
123 153
122 153
121 153
120 153
119 153
118 153
117 153
116 153
115 153
114 153
125 139
126 138
127 137
128 136
129 135
130 134
131 133
131 132
130 132
129 131
128 130
127 129
126 128
125 127
124 126
123 125
122 124
122 123
123 122
124 121
125 120
126 119
127 118
128 117
129 116
130 115
131 116
132 117
133 118
134 119
135 119
136 119
137 119
138 119
139 119
140 119
141 119
142 120
143 121
144 122
145 123
146 124
147 125
148 126
149 127
150 128
151 129
152 129
152 128
152 127
152 126
153 125
154 124
155 123
156 122
157 121
158 120
159 119
160 118
161 118
162 118
163 118
164 118
165 118
166 118
167 118
168 118
169 118
170 118
171 118
172 118
151 130
150 131
150 132
150 133
150 134
150 135
150 136
150 137
150 138
150 139
150 140
150 141
153 130
154 130
155 130
156 130
157 130
158 130
159 130
160 130
161 130
162 130
163 130
164 131
164 132
164 133
164 134
164 135
164 136
165 136
166 136
167 136
168 136
169 136
170 136
171 136
172 136
173 136
174 136
175 135
176 135
177 134
178 133
179 132
180 131
181 130
182 129
183 128
184 127
185 126
186 125
187 126
188 127
188 128
188 129
188 130
188 131
188 132
188 133
188 134
188 135
188 136
189 136
190 136
191 136
192 136
193 136
194 136
195 136
196 136
197 136
198 136
199 136
200 136
201 136
202 136
203 136
204 136
205 136
206 136
207 135
208 134
187 137
187 138
187 139
187 140
187 141
187 142
187 143
187 144
186 145
185 146
184 147
184 148
183 149
182 150
163 137
162 138
162 139
162 140
162 141
162 142
162 143
162 144
162 145
162 146
162 147
161 148
160 149
159 150
158 151
157 152
156 153
155 153
154 153
153 153
152 153
151 153
150 153
132 132
133 133
134 134
134 135
134 136
135 137
136 138
136 139
136 140
136 141
136 142
136 143
136 144
136 145
136 146
136 147
105 130
106 129
107 128
94 103
95 104
96 105
97 106
98 107
99 108
99 109
99 110
99 111
99 112
99 113
100 114
101 115
102 116
103 116
104 116
105 116
106 116
107 116
108 116
109 116
110 116
66 109
65 110
64 111
63 112
62 113
61 114
61 115
61 116
61 117
61 118
61 119
60 119
59 119
58 119
57 119
56 119
55 119
54 118
53 117
60 120
59 121
58 122
57 123
56 124
55 125
54 126
53 127
52 128
51 129
51 130
50 131
49 132
48 133
47 134
46 135
45 136
44 137
43 138
42 138
41 138
40 138
39 137
38 136
37 135
41 139
42 140
43 141
44 141
45 141
46 141
47 141
48 142
49 142
50 142
51 142
52 143
53 144
54 145
55 146
56 146
57 146
57 145
57 144
57 143
58 142
59 141
60 140
61 139
62 138
63 137
64 136
64 135
65 135
66 134
67 133
68 132
69 131
70 130
71 129
72 128
73 127
74 128
75 129
76 130
77 131
78 132
78 133
78 134
78 135
78 136
78 137
78 138
78 139
77 140
76 141
75 142
74 143
73 144
72 145
71 146
71 147
71 148
71 149
71 150
79 140
80 141
81 142
82 143
83 144
84 145
85 146
85 147
85 148
85 149
85 150
85 151
86 151
87 151
88 151
89 151
90 151
91 151
92 151
93 151
94 151
95 151
96 151
63 134
62 133
59 49
60 50
61 51
62 52
63 53
64 54
65 55
66 56
66 57
66 58
79 39
78 38
77 37
76 36
75 35
74 34
73 33
72 32
71 31
70 30
126 47
127 47
128 47
129 47
130 47
131 47
132 47
133 46
134 45
135 44
136 43
137 42
138 42
138 41
137 41
136 41
135 41
134 41
133 40
132 39
131 38
130 37
129 36
128 35
128 34
127 34
129 34
130 34
131 34
132 33
133 32
134 31
135 30
136 29
137 28
138 27
139 26
138 43
138 44
138 45
138 46
126 69
125 70
124 70
123 70
122 70
121 70
120 70
119 70
118 70
117 69
116 68
115 67
114 66
113 65
112 64
111 63
110 62
109 61
108 60
107 60
106 60
105 60
104 60
103 60
102 60
101 60
100 60
99 60
98 59
97 58
132 84
133 85
134 86
134 87
134 88
134 89
134 90
134 91
134 92
134 93
134 94
134 95
135 95
134 96
134 97
134 98
134 99
136 94
137 93
138 92
139 91
140 90
141 89
142 88
143 87
144 86
145 85
146 84
147 84
148 84
149 84
150 84
151 84
152 84
153 83
154 82
155 81
156 80
157 79
157 78
157 77
157 76
158 75
159 74
160 73
161 72
162 71
163 70
164 69
164 68
163 68
162 68
161 68
160 68
159 68
158 68
157 68
156 67
155 66
154 65
153 66
152 67
151 67
150 67
149 67
148 67
147 67
146 67
145 67
144 67
143 67
165 68
166 68
167 68
168 68
169 68
170 68
171 67
172 66
173 65
174 64
175 63
175 62
174 62
173 62
172 62
171 61
170 60
169 59
168 58
167 57
167 56
167 55
167 54
167 53
167 52
167 51
167 50
167 49
167 48
166 47
165 46
164 46
163 46
162 46
161 46
160 46
159 46
158 46
157 45
156 44
155 45
154 46
154 47
154 48
154 49
154 50
154 51
154 52
154 53
165 45
165 44
166 43
167 42
168 41
168 40
168 39
168 38
168 37
168 36
168 35
168 34
168 33
168 32
168 31
168 30
167 30
166 30
165 30
164 30
163 30
162 30
161 30
160 29
159 28
158 27
157 26
156 25
169 30
170 30
171 30
172 30
173 30
174 30
175 29
176 28
177 27
178 26
179 25
180 26
181 27
182 28
183 28
184 28
185 29
185 30
186 31
187 32
188 33
189 34
189 35
190 36
191 37
192 38
193 38
194 38
195 38
196 39
197 40
198 40
197 41
196 42
196 43
196 44
196 45
196 46
196 47
196 48
196 49
196 50
196 51
195 52
194 53
193 53
192 53
191 53
190 53
189 53
188 53
189 54
190 55
191 56
192 57
193 58
194 59
194 60
194 61
194 62
193 63
192 64
191 65
190 66
189 67
189 68
189 69
189 70
189 71
189 72
189 73
190 73
191 73
192 73
193 73
194 73
195 73
196 74
197 75
198 76
199 77
200 78
201 79
202 80
203 81
204 82
205 82
206 82
190 74
191 75
192 76
193 77
194 78
195 79
195 80
195 81
195 82
195 83
195 84
194 85
193 85
192 85
191 85
197 52
198 53
199 54
200 55
201 56
202 57
203 58
204 59
205 59
206 59
207 59
208 59
209 60
210 61
211 62
212 63
213 64
213 65
213 66
213 67
213 68
213 69
213 70
199 41
200 41
201 41
202 41
203 41
204 41
205 41
206 41
207 41
208 42
209 43
210 44
211 45
212 45
169 42
170 43
171 44
172 45
173 45
174 45
175 45
176 45
176 62
158 80
159 81
159 82
159 83
159 84
160 84
161 84
162 84
163 84
164 84
165 83
166 82
167 81
168 80
169 81
170 82
170 83
170 84
170 85
170 86
171 86
171 87
171 88
171 89
171 90
171 91
171 92
171 93
171 94
171 95
171 96
171 97
172 97
173 97
174 97
175 97
176 97
177 97
178 97
179 97
180 97
181 97
182 97
183 97
184 98
185 99
186 100
187 101
188 102
189 103
190 103
191 103
192 103
193 103
194 103
195 103
196 103
197 103
198 103
199 103
200 103
201 103
202 103
203 103
204 103
205 103
195 104
196 105
197 106
198 107
199 108
200 109
201 110
202 111
203 112
204 113
204 114
204 115
205 116
206 117
207 118
208 119
209 120
210 121
211 122
212 122
213 122
214 122
215 122
193 104
192 105
191 106
190 107
189 108
189 109
189 110
189 111
170 98
169 99
168 100
167 101
166 102
165 102
164 102
163 102
162 102
172 85
173 84
174 83
175 82
176 81
177 80
147 85
148 86
149 87
150 88
150 89
150 90
150 91
150 92
150 93
150 94
150 95
150 96
149 97
149 98
149 99
149 100
149 101
149 102
149 103
146 83
146 82
146 81
146 80
145 79
176
114 88
103 83
98 76
85 72
74 72
76 84
81 61
90 84
107 72
131 83
132 80
127 68
121 58
122 47
111 45
103 44
96 33
85 24
114 31
96 46
92 44
85 46
81 40
74 47
69 44
62 47
57 37
55 26
46 36
44 38
40 39
35 40
23 42
35 51
23 54
23 65
58 48
47 50
51 61
36 64
41 72
37 79
25 85
25 96
26 108
37 108
41 109
37 120
23 128
44 83
38 93
42 95
53 102
61 71
57 77
61 84
66 96
67 108
79 101
83 96
93 102
98 96
107 101
119 103
86 113
87 124
92 135
102 131
111 139
123 140
125 151
114 153
122 124
130 115
141 119
152 129
160 118
172 118
150 141
163 130
164 136
175 135
186 125
188 136
199 136
208 134
187 144
185 146
184 148
182 150
162 147
150 153
132 132
134 136
136 147
107 128
99 113
110 116
61 119
53 117
51 130
40 138
37 135
47 141
51 142
57 146
65 135
73 127
78 139
71 150
85 151
96 151
62 133
66 58
70 30
126 47
138 41
127 34
139 26
138 46
119 70
108 60
97 58
134 95
134 99
146 84
157 79
154 65
143 67
165 68
167 57
165 46
156 44
154 53
168 41
168 30
156 25
179 25
184 28
185 30
186 31
187 32
188 33
189 35
191 37
195 38
198 40
196 51
188 53
194 62
189 73
195 73
206 82
195 84
191 85
208 59
213 70
207 41
212 45
176 45
176 62
159 84
168 80
170 86
171 97
183 97
194 103
205 103
204 115
215 122
189 111
162 102
177 80
150 96
149 103
145 79
