1583
119 90
118 90
117 90
116 90
115 90
114 90
113 90
112 90
111 90
110 90
109 90
108 90
107 89
119 91
120 91
120 89
120 88
121 87
122 86
123 85
124 84
124 83
123 83
122 82
121 81
120 80
119 79
118 78
117 77
116 76
115 75
114 74
124 82
124 81
124 80
125 79
126 78
127 77
128 76
129 75
130 74
131 73
132 72
132 71
132 70
132 69
132 68
132 67
132 66
132 65
132 64
132 63
132 62
133 61
133 60
133 59
133 58
133 57
133 56
133 55
133 54
132 53
131 52
130 51
130 50
129 50
129 49
129 48
129 47
129 46
128 45
127 44
126 43
125 42
124 41
123 40
122 39
121 38
120 37
119 37
118 37
117 37
116 37
115 37
114 37
113 36
112 35
111 34
110 33
109 32
108 31
107 30
128 51
127 52
126 53
125 54
124 55
123 56
122 56
121 56
131 50
132 50
133 50
134 50
135 50
136 50
137 50
138 50
139 49
140 48
140 47
141 46
142 45
143 44
144 43
145 42
146 41
147 40
148 39
149 38
149 37
149 36
149 35
150 34
151 33
152 32
153 31
154 30
155 29
156 28
157 27
158 26
158 25
157 25
156 25
155 25
154 25
153 25
152 25
151 25
150 25
149 25
148 25
147 24
146 25
145 26
144 27
143 28
142 29
141 30
140 31
139 32
138 33
137 34
136 34
135 34
134 34
133 33
132 32
131 31
130 30
129 29
128 28
127 27
126 26
125 25
124 24
159 25
141 49
142 50
143 51
144 52
145 53
146 54
146 55
146 56
146 57
146 58
146 59
146 60
147 60
148 60
149 60
150 59
151 58
152 57
153 56
154 55
155 54
156 53
157 52
158 52
159 52
160 52
161 52
162 52
163 52
164 52
165 51
166 50
167 49
168 48
168 47
168 46
168 45
169 44
170 43
171 44
172 45
173 46
174 47
175 48
176 49
177 49
178 49
177 50
177 51
177 52
177 53
177 54
177 55
177 56
177 57
177 58
177 59
177 60
178 61
179 62
180 63
181 64
182 64
183 64
184 64
185 64
186 64
187 64
188 64
179 48
180 47
181 46
182 45
183 44
184 43
185 42
186 41
187 40
187 39
187 38
187 37
187 36
187 35
187 34
187 33
186 32
185 31
184 31
183 31
182 31
181 31
180 31
179 31
178 31
177 31
176 30
175 29
174 28
188 41
189 42
190 43
191 44
192 45
192 46
192 47
192 48
192 49
192 50
192 51
191 52
193 52
194 53
195 54
196 55
197 56
198 57
199 58
200 59
201 60
202 60
203 60
204 60
205 60
206 60
207 60
208 60
209 60
210 60
211 59
212 58
213 57
214 56
214 55
213 54
212 53
211 52
210 51
209 50
208 49
207 48
206 47
205 46
205 45
204 45
204 44
203 43
202 42
201 41
200 40
199 39
206 45
207 45
208 45
209 45
210 45
211 45
212 45
213 45
214 45
215 44
204 61
205 62
206 63
207 64
208 65
209 66
210 67
211 67
212 67
213 67
214 67
158 53
159 54
159 55
159 56
159 57
159 58
159 59
159 60
159 61
159 62
159 63
159 64
133 73
134 74
135 75
136 76
137 77
138 78
139 79
140 80
140 81
140 82
140 83
120 92
120 93
120 94
120 95
120 96
121 97
122 98
123 98
124 98
125 98
126 98
127 98
128 98
129 98
130 98
131 98
132 98
133 97
134 96
135 95
136 96
137 97
138 98
139 99
140 100
141 101
142 102
143 103
144 104
145 104
146 104
147 104
148 104
149 104
150 104
151 104
152 104
153 104
154 104
155 103
156 102
157 102
158 101
159 100
160 99
161 98
162 97
163 96
163 95
162 95
161 95
160 95
159 94
158 93
157 92
156 91
155 90
154 89
153 88
153 87
153 86
153 85
153 84
153 83
153 82
153 81
153 80
153 79
152 78
164 95
165 96
166 97
167 98
168 99
168 100
168 101
169 101
168 102
168 103
168 104
167 105
166 106
165 107
164 108
163 109
162 110
161 111
161 112
161 113
161 114
161 115
169 105
170 106
171 106
172 106
173 106
174 106
175 106
176 106
177 106
178 106
179 106
178 107
177 108
176 109
175 110
174 111
173 112
172 113
172 114
172 115
172 116
172 117
171 118
170 119
169 120
168 121
167 122
166 123
165 124
164 125
163 126
162 126
161 127
161 128
161 129
161 130
161 131
161 132
161 133
161 134
161 135
163 127
164 128
165 129
166 130
167 131
168 132
169 133
170 133
171 133
172 133
173 118
174 118
175 118
176 118
177 118
178 118
179 118
180 118
181 118
182 118
183 118
183 117
183 116
183 115
184 114
185 113
186 112
187 111
188 110
189 109
190 108
191 107
192 107
193 107
194 106
195 105
196 104
197 104
198 104
199 104
200 104
201 104
202 104
203 104
204 103
205 102
206 101
207 100
208 99
196 103
196 102
196 101
195 100
194 99
193 98
192 97
191 96
190 95
189 94
189 93
188 93
190 93
191 93
192 93
193 92
194 91
195 91
196 91
197 91
198 91
199 91
200 90
201 89
202 88
203 87
204 86
205 85
206 84
206 83
206 82
206 81
206 80
206 79
206 78
205 77
204 76
203 75
202 74
201 73
194 90
194 89
194 88
194 87
193 86
192 85
191 84
190 83
189 82
188 81
187 80
186 80
185 80
184 80
183 80
182 80
181 80
180 79
179 78
178 77
177 76
176 75
175 74
174 75
173 76
172 77
171 78
170 79
169 80
168 80
167 80
166 80
165 80
165 81
165 82
165 83
184 119
185 120
185 121
185 122
185 123
185 124
185 125
185 126
185 127
185 128
185 129
186 129
187 129
188 129
189 129
190 129
191 128
192 127
193 126
194 125
195 124
196 123
197 123
198 123
199 123
200 123
201 123
202 123
203 123
204 123
205 123
206 122
207 121
208 120
209 119
210 118
211 117
212 116
186 130
187 131
188 132
189 133
190 134
191 135
192 136
193 137
193 138
193 139
193 140
194 140
195 140
196 139
197 138
198 138
199 137
200 136
201 135
202 135
203 135
204 135
205 135
206 135
207 135
208 135
209 135
210 135
211 135
212 135
213 135
214 135
215 134
192 141
191 142
190 142
189 143
188 143
187 143
186 143
185 143
184 143
183 144
182 145
181 146
180 147
180 148
180 149
180 150
180 151
179 152
178 152
177 152
176 152
175 152
174 152
173 152
172 152
171 152
170 152
169 152
168 153
167 153
166 153
165 153
164 153
163 153
162 153
161 153
160 153
159 153
158 153
157 153
156 153
155 153
154 153
153 153
152 153
151 153
150 152
149 151
148 150
147 149
146 148
145 147
145 146
145 145
145 144
145 143
145 142
145 141
145 140
145 139
145 138
145 137
145 136
145 135
145 134
145 133
145 132
170 100
171 99
172 98
173 97
174 96
175 95
127 99
127 100
127 101
127 102
127 103
127 104
127 105
127 106
127 107
127 108
127 109
127 110
126 111
125 112
124 113
123 114
122 115
121 115
120 115
119 115
118 115
117 115
116 115
128 111
129 112
130 113
131 114
132 115
133 116
134 117
135 118
136 118
137 118
138 118
139 118
140 118
141 118
142 118
143 118
144 118
145 118
146 118
147 118
148 118
149 118
137 119
136 120
135 121
134 122
133 123
132 124
131 125
130 126
129 127
128 128
127 128
126 128
125 128
124 128
123 128
122 128
121 128
120 127
128 129
129 130
129 131
129 132
129 133
129 134
129 135
128 136
128 137
128 138
128 139
128 140
128 141
128 142
128 143
128 144
128 145
128 146
128 147
118 92
117 93
116 94
115 95
114 96
113 97
112 98
111 99
110 100
109 101
108 102
107 103
106 103
105 103
104 103
103 103
102 103
101 103
100 103
99 103
98 103
97 103
96 103
95 103
94 103
93 103
92 103
91 103
90 102
89 101
88 100
87 99
86 98
86 97
85 97
84 96
83 95
82 94
81 93
80 92
79 91
78 90
77 89
76 88
76 87
76 86
76 85
77 85
76 84
76 83
75 82
74 81
73 82
72 83
71 84
70 85
69 86
68 87
67 88
66 88
65 88
65 87
65 86
65 85
65 84
65 83
64 82
63 81
62 80
62 79
62 78
62 77
62 76
63 75
64 74
65 73
66 72
67 71
68 70
68 69
67 69
66 69
65 69
64 69
63 69
62 69
61 69
60 69
59 69
58 68
69 69
70 69
71 69
72 69
73 69
74 68
75 67
76 66
77 65
78 64
79 63
80 62
80 61
79 61
78 61
77 61
76 61
75 61
74 61
73 60
72 59
71 58
70 57
70 56
70 55
70 54
70 53
70 52
70 51
70 50
70 49
71 48
72 47
72 46
71 46
70 46
69 46
68 46
67 46
66 46
65 46
64 45
63 44
62 43
61 43
60 43
59 42
58 41
57 40
56 39
55 38
54 37
53 36
52 35
51 34
51 33
51 32
52 31
53 31
54 31
55 31
56 31
57 31
58 30
50 35
49 35
48 35
47 35
46 36
46 37
45 38
44 38
43 38
42 39
41 39
40 39
39 40
38 41
37 42
37 43
36 43
35 43
34 43
33 43
32 43
31 43
30 43
29 43
28 43
27 43
26 43
25 42
36 44
35 45
35 46
35 47
35 48
35 49
35 50
35 51
35 52
35 53
35 54
35 55
35 56
34 56
33 56
32 56
31 56
30 56
29 56
28 56
27 56
26 56
25 56
24 56
23 56
34 57
33 58
32 59
31 60
30 61
29 62
28 63
28 64
28 65
28 66
28 67
28 68
28 69
36 57
37 58
38 59
39 59
40 59
41 59
42 59
43 59
44 59
43 60
43 61
43 62
43 63
43 64
43 65
43 66
43 67
43 68
43 69
43 70
61 44
61 45
61 46
60 47
59 47
58 47
62 42
62 41
62 40
62 39
63 38
64 37
65 36
66 35
67 34
68 33
69 32
70 31
71 30
73 46
74 46
75 45
76 44
81 61
82 61
83 61
84 61
85 61
86 61
87 61
88 61
89 61
90 61
91 61
92 60
93 60
94 60
95 60
96 60
97 60
98 60
99 60
100 60
101 60
102 60
103 60
104 60
105 60
106 59
107 58
108 57
107 56
106 55
105 54
104 53
103 52
102 51
101 50
100 49
99 48
98 48
97 48
96 48
95 47
94 46
93 45
92 44
91 43
91 42
91 41
91 40
91 39
91 38
91 37
91 36
91 35
91 34
91 33
90 32
90 44
89 45
88 46
88 47
99 47
100 46
101 45
102 44
103 45
104 46
105 46
106 46
107 46
61 81
60 82
59 83
58 84
57 85
56 86
55 86
54 86
53 86
52 86
51 86
50 86
49 86
48 86
47 86
46 86
45 86
44 86
43 86
42 86
41 86
40 86
39 86
38 86
37 86
36 86
35 86
34 86
33 85
32 84
31 85
30 86
29 87
28 88
27 89
26 90
25 91
24 92
24 93
24 94
24 95
41 87
40 88
39 89
38 90
37 91
37 92
37 93
37 94
37 95
36 96
35 97
34 98
33 99
32 100
31 101
30 102
29 103
28 104
27 105
27 106
38 96
39 97
40 98
41 99
42 99
43 99
44 99
45 99
44 100
44 101
44 102
44 103
44 104
44 105
44 106
44 107
44 108
44 109
44 110
43 110
42 110
41 110
40 110
39 110
38 110
64 89
63 90
62 91
61 92
60 93
59 94
58 95
57 96
56 97
57 98
58 99
59 100
60 101
61 102
62 103
61 104
60 105
59 106
58 107
57 108
56 109
56 110
56 111
56 112
57 113
58 114
59 114
60 114
61 114
60 115
59 116
58 117
57 118
56 119
55 120
54 121
53 122
53 123
53 124
53 125
52 125
51 125
50 125
49 125
48 125
47 125
46 125
45 125
44 125
43 125
42 124
41 125
40 125
39 125
38 125
37 125
36 125
35 125
34 125
33 125
32 125
31 125
30 125
29 125
28 124
27 123
26 122
36 126
35 127
34 128
33 129
32 130
31 131
31 132
31 133
31 134
31 135
31 136
30 136
29 136
28 136
27 136
26 136
25 136
24 135
23 134
32 137
33 137
34 137
35 137
36 137
37 137
38 137
39 138
40 138
41 138
42 138
43 139
44 140
45 140
46 140
47 140
48 140
49 140
50 140
51 140
52 140
53 140
54 140
55 140
56 139
46 141
47 142
48 143
49 144
50 145
51 146
52 147
53 148
54 149
55 150
56 151
54 125
55 125
56 125
57 125
58 125
59 125
60 125
61 125
62 126
63 127
64 128
65 129
66 130
67 131
68 132
69 132
69 131
70 130
71 129
72 128
72 127
72 126
72 125
72 124
72 123
72 122
72 121
72 120
72 119
73 118
74 117
74 116
74 115
74 114
74 113
74 112
74 111
74 110
74 109
74 108
74 107
74 106
69 133
69 134
69 135
70 136
71 137
71 138
71 139
71 140
71 141
71 142
71 143
71 144
71 145
71 146
72 147
73 148
74 149
75 150
76 151
77 152
78 152
79 152
80 152
81 152
82 152
83 152
84 152
84 151
84 150
84 149
84 148
84 147
84 146
84 145
84 144
84 143
84 142
85 141
86 141
87 141
88 141
89 141
90 141
91 141
92 141
93 140
94 139
95 138
96 137
96 136
97 136
97 135
97 134
98 133
99 132
100 132
101 132
102 132
103 132
104 132
105 132
106 131
106 130
106 129
106 128
106 127
106 126
106 125
106 124
105 123
104 122
103 121
102 120
101 119
100 133
101 134
102 135
103 136
104 137
105 138
106 139
107 140
108 141
109 142
110 142
111 143
112 144
113 145
114 146
114 147
114 148
114 149
114 150
114 151
114 152
114 153
95 135
94 134
93 133
92 132
91 131
90 130
89 129
88 128
87 127
86 142
87 143
88 144
89 145
90 146
91 147
92 148
93 148
94 148
95 148
96 148
78 84
79 83
80 82
81 81
82 80
83 79
84 78
85 77
86 96
86 95
87 94
88 93
89 92
90 91
91 90
92 89
92 88
92 87
92 86
92 85
92 84
92 83
93 82
94 81
95 80
96 79
97 78
98 77
99 76
97 104
96 105
95 106
94 107
93 108
92 109
91 110
90 111
89 111
88 111
87 111
173
107 89
124 84
114 74
132 72
133 61
129 50
120 37
107 30
121 56
140 48
149 38
147 24
135 34
124 24
159 25
146 60
157 52
168 48
170 43
176 49
177 60
188 64
187 40
185 31
174 28
192 51
191 52
203 60
214 56
204 45
200 40
199 39
215 44
214 67
159 64
140 83
120 96
126 98
135 95
145 104
156 102
153 88
152 78
164 95
168 104
161 115
179 106
172 117
162 126
161 135
172 133
183 118
191 107
196 104
208 99
188 93
194 91
206 84
201 73
187 80
175 74
165 80
165 83
185 129
196 123
212 116
193 140
196 139
197 138
201 135
215 134
192 141
190 142
184 143
180 151
169 152
158 153
145 147
145 135
145 132
175 95
127 110
116 115
138 118
149 118
127 128
120 127
129 135
128 147
108 102
98 103
86 98
76 88
74 81
65 88
62 80
58 68
69 69
70 57
62 43
51 34
52 31
58 30
47 35
46 37
43 38
40 39
37 43
25 42
35 56
23 56
28 69
44 59
43 70
61 46
58 47
71 30
73 46
76 44
81 61
92 60
103 60
108 57
99 48
91 43
90 32
88 47
102 44
107 46
53 86
42 86
32 84
24 95
37 95
27 106
45 99
44 110
38 110
56 97
62 103
56 112
61 114
53 125
42 124
37 125
26 122
31 136
23 134
38 137
42 138
45 140
56 139
56 151
61 125
72 128
74 117
74 106
69 135
71 146
84 152
85 141
97 136
99 132
106 131
101 119
110 142
114 153
87 127
96 148
85 77
92 89
99 76
87 111
