1526
120 89
120 88
120 87
121 86
122 86
123 85
124 84
125 83
126 82
126 81
125 81
124 81
123 81
122 80
121 79
120 78
119 77
118 76
117 75
116 74
116 73
116 72
116 71
116 70
116 69
116 68
116 67
115 66
114 65
113 64
112 63
111 63
110 62
109 61
108 60
107 59
106 58
105 57
104 56
103 55
103 54
102 54
101 54
100 54
99 54
98 54
97 54
96 54
95 54
94 54
93 54
92 54
91 53
90 53
89 53
88 52
87 51
86 50
85 49
84 48
83 47
82 46
81 45
81 44
80 44
79 45
78 46
78 47
78 48
78 49
78 50
78 51
78 52
78 53
78 54
78 55
78 56
78 57
78 58
82 44
83 44
84 43
85 42
86 41
87 40
88 39
89 38
90 37
91 36
91 35
92 35
92 34
92 33
93 32
94 31
95 30
96 29
97 28
98 27
99 26
100 25
101 24
93 36
94 36
95 36
96 36
97 36
98 36
99 36
100 36
101 36
102 36
103 36
104 36
105 36
106 36
107 36
108 36
109 36
110 36
111 36
112 36
113 35
114 34
90 34
89 33
88 32
87 31
86 30
85 29
84 28
83 27
82 26
81 25
80 24
104 54
105 54
106 54
107 54
108 54
109 54
110 53
111 52
112 51
115 75
114 76
113 77
112 78
111 79
110 80
109 81
108 82
108 83
108 84
108 85
107 86
106 87
105 88
104 89
103 90
102 91
101 92
100 93
99 94
98 95
97 96
96 96
95 96
94 96
93 96
92 96
91 96
90 96
89 96
88 96
87 96
86 96
85 96
84 97
83 98
82 98
81 98
80 98
79 98
78 98
77 98
76 98
75 98
74 98
73 98
72 98
71 98
70 98
69 98
68 98
67 97
66 96
65 95
64 95
63 95
62 96
61 97
60 98
59 98
58 98
57 98
56 98
55 98
54 98
53 98
52 98
51 98
50 98
49 98
48 98
47 98
46 98
45 98
44 98
43 99
42 100
41 101
40 102
39 103
38 104
38 105
38 106
38 107
37 107
36 107
35 107
34 107
33 107
32 107
31 107
30 107
29 107
28 107
27 107
26 106
25 105
25 104
25 103
25 102
25 101
25 100
25 99
26 98
27 97
28 96
29 95
30 94
31 93
39 108
40 109
41 110
42 110
43 110
42 111
41 112
40 113
39 114
38 115
37 116
36 117
36 118
36 119
36 120
36 121
37 122
38 123
39 123
40 123
41 123
42 123
43 123
44 123
43 124
42 125
41 126
40 127
39 128
38 129
37 130
37 131
37 132
36 133
35 133
34 133
33 133
32 133
31 133
30 133
29 133
28 133
27 133
26 133
26 132
26 131
26 130
26 129
26 128
26 127
26 126
26 125
26 124
25 123
24 122
23 121
38 133
39 134
40 135
41 136
41 137
41 138
42 139
43 139
44 140
45 141
46 141
47 142
48 142
49 142
50 142
51 142
52 142
53 142
54 141
55 140
56 139
57 138
58 137
59 136
60 135
61 134
61 133
62 133
63 133
64 133
65 133
66 133
67 133
68 133
69 133
70 133
71 133
72 133
73 133
63 134
64 135
65 136
66 137
67 138
68 139
69 140
70 141
71 142
71 143
71 144
72 145
73 146
74 147
75 148
76 149
77 150
78 151
79 152
80 153
81 153
82 153
83 153
84 153
85 153
86 153
87 153
88 153
89 153
90 153
91 153
92 153
93 152
94 152
95 152
96 152
97 152
98 152
99 152
100 152
101 152
102 152
103 152
104 152
93 151
93 150
93 149
93 148
93 147
93 146
93 145
93 144
92 143
91 142
90 141
90 140
90 139
90 138
90 137
90 136
90 135
90 134
90 133
90 132
90 131
89 130
88 129
87 128
60 132
59 131
58 130
57 129
57 128
57 127
57 126
57 125
57 124
57 123
58 122
59 121
60 120
60 119
59 119
58 119
57 119
56 118
55 117
61 119
62 120
63 120
64 120
65 120
66 120
67 120
68 120
69 120
70 120
71 120
72 120
49 143
50 144
51 145
52 146
53 147
54 148
54 149
55 150
64 94
64 93
64 92
64 91
64 90
64 89
64 88
64 87
63 86
62 85
61 84
61 83
60 83
59 83
58 83
57 83
56 83
55 83
54 83
53 83
52 83
51 83
50 83
49 82
48 82
47 82
46 82
45 82
44 82
43 82
42 81
41 80
40 79
39 78
38 77
37 78
36 79
35 79
34 79
33 79
32 79
31 79
30 79
29 79
28 79
27 79
62 83
63 83
64 83
65 83
66 83
67 83
68 82
69 81
70 80
70 79
70 78
70 77
69 76
68 75
67 74
66 73
65 72
64 71
63 70
62 69
61 69
60 69
59 69
58 69
57 69
56 69
55 69
54 68
53 68
52 68
51 68
50 68
49 68
48 68
47 68
46 68
45 68
44 67
43 66
42 66
41 65
40 64
39 63
38 62
37 61
36 60
36 59
35 59
34 59
33 59
32 59
31 59
30 59
29 59
28 59
27 59
26 59
25 59
24 59
23 59
37 59
38 59
39 59
40 59
41 58
42 57
43 56
44 55
44 54
44 53
44 52
44 51
43 50
42 49
41 48
40 47
39 46
38 46
37 46
36 46
35 46
34 46
33 46
32 46
31 46
30 46
29 46
28 46
27 45
39 45
39 44
40 43
41 42
42 41
43 40
44 39
45 38
46 37
47 36
48 35
49 34
50 33
51 33
52 33
53 33
54 32
54 31
54 30
54 29
55 28
56 27
57 28
58 29
59 30
60 31
61 31
62 31
63 31
64 31
65 31
66 31
67 31
55 33
56 34
57 35
58 36
59 37
60 38
61 39
62 40
63 41
63 42
63 43
64 44
64 45
64 46
64 47
64 48
63 49
62 50
61 51
60 52
59 53
58 53
57 53
56 53
71 81
72 82
73 83
74 84
75 84
76 84
77 84
78 84
79 84
80 84
80 83
80 82
80 81
80 80
80 79
80 78
81 77
82 76
83 77
84 78
85 79
86 80
87 81
88 82
89 83
90 84
91 84
91 83
91 82
91 81
91 80
91 79
91 78
92 77
93 76
94 75
95 74
64 96
64 97
64 98
64 99
64 100
76 99
76 100
76 101
76 102
76 103
76 104
76 105
76 106
76 107
76 108
76 109
96 97
96 98
127 81
128 81
129 81
130 81
131 81
132 81
133 81
134 81
135 81
136 81
137 81
138 80
139 80
140 80
141 80
142 79
143 78
144 77
145 76
146 75
147 74
148 73
149 72
150 73
151 74
152 75
153 76
154 77
155 78
156 79
157 80
158 81
159 82
160 83
161 83
162 83
163 83
164 82
165 81
165 80
165 79
165 78
165 77
165 76
165 75
165 74
165 73
165 72
165 71
166 70
167 70
166 69
166 68
166 67
166 66
165 65
164 64
163 63
162 62
161 61
160 60
159 59
158 58
157 58
156 58
155 58
154 58
153 58
152 58
151 58
150 57
149 56
148 55
147 54
158 57
158 56
158 55
158 54
158 53
158 52
158 51
158 50
158 49
158 48
158 47
159 47
160 47
161 47
162 47
163 47
164 46
165 45
166 44
167 43
168 44
169 45
170 46
171 47
172 48
173 49
173 50
173 51
173 52
173 53
173 54
174 55
175 56
176 57
177 58
178 59
179 60
180 61
181 62
182 63
183 63
183 62
184 61
185 60
186 59
187 58
188 57
189 56
190 55
191 54
191 53
191 52
192 51
193 51
194 51
193 52
194 53
195 54
196 55
197 56
198 57
199 58
200 58
201 59
202 60
203 61
204 62
205 63
206 64
207 64
207 63
208 62
209 61
210 60
211 59
212 58
207 65
207 66
207 67
207 68
207 69
208 70
208 71
208 72
208 73
208 74
208 75
208 76
208 77
208 78
208 79
208 80
208 81
195 50
196 49
197 48
198 47
199 46
200 45
201 44
202 43
202 42
203 42
204 42
205 42
206 42
207 42
208 42
209 42
210 42
211 42
212 42
213 42
214 42
215 42
201 41
200 40
199 40
198 39
192 50
192 49
192 48
192 47
192 46
191 45
190 44
189 43
188 42
187 41
186 40
186 39
186 38
186 37
186 36
186 35
186 34
186 33
186 32
186 31
185 30
184 29
183 29
182 29
181 29
180 28
179 27
183 64
183 65
184 66
185 67
185 68
185 69
185 70
185 71
185 72
185 73
185 74
185 75
185 76
185 77
186 78
187 78
188 78
189 78
190 78
191 78
192 78
193 78
194 78
193 79
192 80
191 81
191 82
191 83
191 84
191 85
191 86
191 87
191 88
192 89
193 90
194 91
195 92
196 93
197 94
197 95
197 96
197 97
198 97
199 97
200 97
201 97
202 97
203 97
204 97
205 97
206 96
207 95
208 94
209 93
210 94
211 95
212 96
213 97
214 98
214 99
214 100
214 101
214 102
214 103
214 104
214 105
214 106
214 107
196 98
195 99
194 99
193 99
192 99
191 99
190 99
191 100
192 101
193 102
194 103
195 104
196 105
197 106
198 107
199 108
199 109
199 110
198 111
197 112
196 112
195 112
194 112
193 112
192 112
191 112
190 112
189 113
188 113
187 113
186 113
185 113
184 113
183 113
182 113
181 113
180 113
179 113
178 113
177 113
176 113
175 113
174 113
173 113
172 113
171 113
170 113
169 113
168 113
167 112
166 113
165 114
165 115
165 116
165 117
165 118
165 119
165 120
165 121
165 122
165 123
165 124
164 125
163 126
162 127
161 128
160 129
159 130
158 131
157 132
156 133
155 133
154 133
153 133
153 132
153 131
153 130
153 129
153 128
153 127
153 126
152 125
151 124
150 123
149 122
152 134
151 135
150 136
150 137
150 138
149 138
148 138
147 138
146 137
145 136
144 135
143 134
142 133
141 134
140 135
139 136
138 136
137 136
136 136
135 136
134 136
133 136
132 136
131 136
130 136
130 135
130 134
130 133
130 132
130 131
129 130
128 131
127 132
126 133
125 134
124 135
123 135
122 135
121 135
120 135
119 135
129 137
128 138
127 139
126 140
125 141
124 142
123 143
122 144
121 145
120 146
119 147
119 148
120 149
121 150
122 151
123 152
124 153
125 153
126 153
127 153
128 153
129 153
130 153
191 113
192 114
193 115
194 116
195 117
196 118
196 119
196 120
196 121
196 122
195 123
194 124
193 125
192 126
191 126
190 126
189 126
188 126
187 126
186 126
185 126
184 126
183 126
182 126
181 125
180 124
192 127
193 128
194 129
194 130
194 131
194 132
194 133
194 134
194 135
194 136
194 137
195 137
196 137
197 137
198 137
199 137
200 137
201 137
202 137
203 136
204 136
205 136
206 136
207 135
208 134
209 133
209 132
209 131
209 130
209 129
209 128
209 127
209 126
209 125
209 124
210 123
211 122
193 138
192 138
191 138
190 138
189 138
188 138
187 138
186 138
185 138
184 138
183 138
184 139
184 140
184 141
184 142
184 143
184 144
184 145
184 146
184 147
184 148
184 149
183 150
182 151
181 151
180 151
179 151
178 151
177 151
176 151
175 150
174 149
173 148
172 147
171 146
170 145
169 144
168 143
167 142
166 141
165 142
164 143
163 144
162 145
161 146
160 147
159 148
159 149
159 150
159 151
159 152
158 152
157 152
156 152
155 152
154 152
153 152
152 152
151 152
150 152
149 152
148 152
147 151
157 46
156 45
155 44
154 43
153 42
152 41
151 40
150 39
149 38
148 37
147 36
146 35
146 34
146 33
146 32
146 31
146 30
146 29
146 28
147 27
148 26
149 25
150 24
151 25
152 26
153 26
154 26
155 26
156 26
157 26
158 26
159 26
160 26
161 26
162 26
163 26
164 26
145 36
144 36
143 36
142 36
141 36
140 36
139 36
138 36
137 36
136 36
135 36
134 36
134 35
134 34
134 33
134 32
134 31
134 30
134 29
134 28
134 27
134 26
133 25
168 69
169 68
170 67
171 66
166 82
167 83
168 84
169 84
170 84
171 84
172 84
160 84
159 85
158 86
157 87
157 88
157 89
157 90
157 91
157 92
157 93
157 94
156 95
155 96
154 97
154 98
154 99
154 100
154 101
158 95
159 96
160 97
161 98
162 98
163 98
164 98
165 98
166 98
167 98
168 98
169 98
170 98
171 98
172 98
173 98
174 98
175 97
176 96
139 81
140 82
141 83
142 84
138 79
138 78
138 77
138 76
138 75
138 74
138 73
138 72
137 71
136 70
135 69
134 68
134 67
134 66
134 65
134 64
134 63
134 62
134 61
134 60
134 59
134 58
133 57
132 56
119 91
118 92
117 93
116 94
115 95
114 96
113 97
112 97
111 97
110 97
109 98
108 99
108 100
108 101
108 102
108 103
108 104
108 105
108 106
108 107
108 108
107 109
106 110
105 110
104 110
103 110
102 110
101 110
100 111
99 112
98 112
97 112
96 112
95 112
94 112
93 112
92 112
91 112
90 112
89 112
102 111
103 112
104 113
105 114
106 115
107 116
108 117
109 118
109 119
108 120
107 121
106 122
105 122
104 122
103 122
102 122
103 123
104 124
105 125
106 126
106 127
106 128
106 129
106 130
105 131
104 132
103 133
104 134
104 135
104 136
104 137
121 91
122 92
123 93
124 94
125 95
126 96
127 97
128 98
129 98
130 98
131 98
132 98
133 98
134 98
135 98
136 97
137 96
138 97
139 98
140 98
141 98
131 99
132 100
133 101
134 102
135 103
136 104
137 105
138 106
138 107
138 108
138 109
129 99
128 100
127 101
126 102
125 102
124 102
123 102
122 102
123 103
124 104
125 105
126 106
127 107
127 108
127 109
126 110
125 111
124 112
123 113
122 114
121 115
120 115
171
121 86
116 74
112 63
102 54
91 53
80 44
78 47
78 58
92 35
101 24
103 36
114 34
80 24
112 51
108 85
96 96
85 96
75 98
55 98
44 98
38 107
25 105
31 93
43 110
36 121
44 123
37 132
26 133
23 121
41 138
43 139
44 140
46 141
48 142
59 136
62 133
73 133
71 144
82 153
93 152
104 152
90 141
87 128
57 129
55 117
61 119
72 120
53 147
54 149
55 150
64 94
60 83
49 82
38 77
27 79
70 80
62 69
54 68
43 66
35 59
23 59
44 55
39 46
27 45
45 38
47 36
49 34
50 33
54 32
56 27
67 31
63 43
64 48
56 53
80 84
82 76
91 84
95 74
64 100
76 109
96 98
127 81
138 80
149 72
161 83
165 81
166 70
158 58
147 54
159 47
167 43
173 54
191 54
192 51
200 58
212 58
207 69
208 81
203 42
215 42
200 40
198 39
186 40
185 30
184 29
179 27
183 65
185 77
194 78
191 88
197 97
209 93
214 107
190 99
199 110
190 112
179 113
167 112
165 124
153 133
149 122
150 138
142 133
130 136
129 130
119 135
119 148
130 153
196 122
191 126
180 124
194 137
203 136
209 133
211 122
183 138
184 149
177 151
166 141
159 152
147 151
146 35
150 24
164 26
134 36
133 25
171 66
172 84
157 94
154 101
168 98
176 96
142 84
134 68
132 56
110 97
108 108
101 110
89 112
109 119
102 122
106 130
103 133
104 137
130 98
137 96
141 98
138 109
122 102
127 109
120 115
