1584
120 89
120 88
120 87
121 86
122 85
123 84
123 83
124 83
125 83
126 83
127 83
128 83
129 83
130 83
131 83
132 83
133 82
134 81
135 82
136 83
137 84
138 85
138 86
138 87
139 87
140 87
141 87
142 87
143 86
144 85
145 84
146 83
147 82
148 81
149 80
122 82
121 81
120 80
119 79
118 78
117 77
116 77
115 77
114 77
113 77
112 76
111 75
110 74
109 73
108 72
107 71
106 70
106 69
106 68
106 67
106 66
106 65
106 64
106 63
106 62
106 61
106 60
106 59
105 71
104 72
103 73
102 74
101 74
100 74
99 74
98 74
97 74
97 73
97 72
97 71
97 70
97 69
97 68
97 67
97 66
96 65
95 64
94 63
94 62
94 61
94 60
94 59
94 58
94 57
94 56
94 55
94 54
94 53
94 52
94 51
94 50
94 49
95 49
94 48
94 47
93 46
92 45
91 44
91 43
91 42
90 41
89 40
88 39
87 38
86 37
85 36
84 35
83 34
82 33
82 32
81 32
83 32
84 32
85 32
86 32
87 32
88 32
89 32
90 32
91 31
92 30
93 29
94 28
95 27
96 26
97 25
96 48
97 47
98 46
99 45
100 44
101 43
102 42
103 43
104 44
105 45
106 46
107 47
107 48
93 64
92 65
91 66
90 67
89 67
88 67
87 67
86 67
85 67
84 67
83 67
82 67
81 67
80 67
79 67
78 67
77 67
76 67
75 67
74 66
73 65
72 64
72 63
72 62
72 61
72 60
72 59
72 58
72 57
73 56
74 55
75 54
76 53
76 52
75 52
74 51
73 50
72 49
71 48
70 47
69 46
68 45
67 44
66 43
65 42
64 43
63 44
62 45
62 46
62 47
62 48
76 51
76 50
76 49
76 48
76 47
76 46
76 45
76 44
71 65
70 66
69 67
68 68
67 68
66 68
65 68
64 68
63 68
62 68
61 68
61 67
61 66
60 65
59 64
58 63
60 69
59 70
58 71
58 72
58 73
58 74
58 75
58 76
58 77
58 78
58 79
58 80
59 81
59 82
59 83
58 84
57 85
56 86
56 87
56 88
56 89
56 90
56 91
56 92
56 93
56 94
55 95
54 96
53 97
52 98
51 99
50 100
49 101
48 102
47 103
46 103
45 103
44 103
43 103
42 103
41 103
40 103
39 103
38 103
37 103
36 103
35 102
34 101
33 100
32 99
31 98
30 97
29 96
28 95
27 94
27 93
26 93
26 92
26 91
26 90
26 89
26 88
26 87
26 86
26 85
26 84
25 83
24 82
24 81
23 81
25 81
26 81
27 81
28 80
29 79
30 78
31 77
32 76
33 75
33 74
32 74
31 74
30 74
29 74
28 74
27 73
26 72
25 71
24 70
23 69
34 74
34 73
35 72
36 71
37 70
38 69
39 68
40 67
41 66
42 65
43 64
43 63
43 62
43 61
43 60
42 59
41 58
40 57
39 56
38 55
38 54
37 54
36 55
35 55
34 55
33 55
32 55
31 55
30 55
29 55
28 55
27 55
26 55
26 54
26 53
26 52
26 51
26 50
26 49
26 48
26 47
26 46
25 45
25 44
24 44
26 44
27 44
28 44
29 44
30 44
31 44
32 43
33 42
34 41
35 41
36 40
37 40
38 40
39 40
40 40
41 40
42 40
43 39
44 38
45 37
46 37
47 37
48 37
49 37
50 37
51 37
52 37
53 36
54 35
55 34
56 33
57 32
58 31
59 30
60 29
39 54
40 54
41 54
42 54
43 53
44 52
45 51
46 50
47 49
48 48
35 75
36 75
37 75
38 75
39 75
40 75
41 75
42 75
43 75
44 75
45 75
28 93
29 93
30 93
31 93
32 93
33 92
34 91
35 90
36 89
37 88
38 88
39 88
40 88
41 88
42 87
44 104
43 105
42 106
41 107
40 108
39 109
38 110
37 111
36 112
36 113
36 114
35 114
34 114
33 114
32 113
31 112
30 111
29 110
28 109
27 108
26 107
25 106
35 115
34 116
33 117
32 118
31 119
30 120
29 121
28 121
27 121
26 121
25 121
24 122
23 123
23 124
23 125
23 126
23 127
23 128
23 129
23 130
23 131
23 132
23 133
37 115
37 116
37 117
37 118
37 119
37 120
37 121
37 122
37 123
37 124
37 125
38 125
39 125
40 125
41 125
42 125
43 125
44 125
45 125
46 125
47 125
48 124
49 123
50 122
38 126
39 127
40 128
40 129
40 130
40 131
40 132
40 133
40 134
40 135
41 136
42 137
43 138
44 139
45 139
46 139
47 139
48 139
49 139
50 139
51 139
52 139
53 139
54 139
55 138
56 137
46 140
47 141
48 142
49 143
50 144
51 145
52 146
53 147
54 148
55 149
56 150
56 151
57 152
58 153
59 153
60 153
61 153
62 153
63 153
64 153
65 153
66 153
67 153
67 152
67 151
67 150
67 149
67 148
67 147
68 146
69 145
70 144
71 143
72 142
73 141
74 141
75 141
76 141
77 141
78 141
79 141
80 141
81 140
82 139
83 138
84 137
85 136
85 135
85 134
85 133
85 132
85 131
85 130
85 129
85 128
86 127
87 127
88 126
89 125
90 124
91 123
92 122
93 121
94 120
95 119
96 118
96 117
95 117
94 117
93 117
92 116
91 115
90 114
89 113
88 112
87 111
86 110
85 109
85 108
85 107
85 106
85 105
85 104
85 103
86 102
87 101
88 100
89 99
90 98
90 97
90 96
90 95
90 94
89 93
91 99
92 100
93 101
94 102
95 102
96 102
97 102
98 102
99 102
100 102
101 102
101 101
101 100
102 99
103 98
104 97
105 96
106 95
107 94
108 93
102 103
103 104
104 104
105 104
106 104
107 104
108 104
84 110
83 111
82 112
81 113
80 114
79 115
78 115
77 115
76 115
75 115
74 115
73 116
72 117
71 118
70 119
69 119
68 119
67 119
66 119
65 119
64 119
63 119
63 118
63 117
63 116
63 115
63 114
63 113
63 112
63 111
63 110
63 109
62 108
61 107
60 107
59 107
58 107
57 107
97 117
98 118
99 119
100 120
100 121
100 122
100 123
100 124
100 125
100 126
100 127
100 128
101 128
102 128
103 128
104 128
105 128
106 128
107 128
108 127
109 126
110 125
111 124
112 123
113 122
74 142
75 143
76 144
77 145
78 146
79 147
80 148
81 148
82 148
83 148
84 148
85 149
86 150
87 151
88 152
89 153
90 153
91 153
92 153
93 153
94 153
95 153
95 152
95 151
95 150
95 149
95 148
95 147
95 146
96 145
97 144
98 143
99 142
100 141
101 142
102 143
103 144
104 145
105 146
106 147
107 148
108 149
109 150
110 151
111 151
111 150
111 149
111 148
111 147
111 146
111 145
111 144
112 143
113 142
114 141
115 140
116 139
117 139
118 139
119 139
120 139
121 139
122 139
123 138
124 137
125 136
126 135
127 134
128 133
129 134
130 135
131 135
132 135
132 134
133 133
134 132
135 131
136 130
137 129
138 128
139 127
140 126
141 125
142 125
143 125
144 125
145 125
146 125
147 125
148 125
149 125
150 125
151 125
152 125
153 125
154 125
155 125
156 125
157 124
158 123
159 122
160 121
161 120
162 119
163 118
164 117
165 117
166 117
167 117
168 117
169 117
170 117
171 116
172 115
173 114
174 113
175 112
153 126
154 127
155 128
156 129
157 130
158 131
159 132
160 133
161 134
162 135
163 136
164 136
165 135
166 134
167 133
168 132
169 132
170 132
171 131
172 130
173 129
174 128
175 127
176 126
177 125
178 126
179 127
180 128
181 129
182 130
182 131
182 132
182 133
182 134
182 135
182 136
183 137
184 138
185 139
185 140
185 141
185 142
185 143
185 144
185 145
185 146
185 147
186 147
187 147
188 146
189 145
190 144
191 143
192 142
193 141
194 140
195 139
196 139
197 139
198 139
199 139
200 139
201 139
202 139
203 139
204 138
205 137
206 136
207 135
207 134
207 133
207 132
207 131
207 130
207 129
207 128
207 127
207 126
207 125
207 124
208 123
209 122
195 138
195 137
195 136
195 135
195 134
195 133
195 132
195 131
195 130
195 129
195 128
194 128
193 128
192 127
191 126
190 125
189 124
189 123
189 122
189 121
189 120
190 119
191 118
192 117
193 116
194 115
195 114
195 113
195 112
195 111
195 110
194 109
193 108
192 107
191 106
190 105
189 104
189 103
188 103
190 103
191 103
192 103
193 103
194 102
194 101
194 100
194 99
195 99
194 98
194 97
194 96
194 95
194 94
194 93
193 92
192 91
191 90
196 98
197 97
198 96
199 95
200 94
201 93
202 92
203 91
204 92
205 93
206 94
207 95
208 96
208 97
208 98
208 99
208 100
208 101
208 102
184 148
183 149
182 150
181 151
180 151
179 151
178 151
177 151
176 151
175 151
174 151
173 151
172 151
162 137
161 138
160 139
159 140
158 141
157 142
156 143
155 144
154 145
153 145
152 145
151 146
150 147
149 148
148 149
147 150
146 151
145 152
144 153
143 153
142 153
141 153
131 136
130 137
129 138
129 139
129 140
129 141
129 142
129 143
129 144
129 145
129 146
129 147
73 140
73 139
73 138
73 137
73 136
73 135
73 134
73 133
72 132
71 131
82 68
82 69
82 70
82 71
82 72
82 73
82 74
82 75
82 76
82 77
82 78
81 79
80 80
79 81
78 82
77 83
76 84
75 85
74 85
74 84
74 83
74 82
73 81
72 80
71 79
74 86
73 87
73 88
73 89
73 90
73 91
73 92
73 93
73 94
73 95
73 96
73 97
73 98
98 75
99 76
100 77
101 78
102 79
103 80
104 81
105 81
106 81
117 76
118 75
119 74
120 73
121 72
122 71
123 70
124 69
125 68
125 67
124 67
123 67
122 67
121 66
120 65
119 64
119 63
119 62
119 61
119 60
119 59
119 58
119 57
119 56
119 55
119 54
120 53
120 52
120 51
120 50
120 49
120 48
121 47
122 46
123 45
124 44
125 43
125 42
124 42
123 42
122 42
121 42
120 41
119 40
118 39
117 38
116 37
115 36
115 35
115 34
115 33
115 32
115 31
115 30
115 29
115 28
115 27
115 26
115 25
115 24
116 24
117 24
118 24
119 24
120 24
121 24
122 24
123 24
124 24
125 24
126 24
127 24
128 24
129 24
130 24
131 24
132 24
133 24
134 24
135 24
136 24
137 24
138 25
139 25
140 25
141 25
142 25
143 25
144 25
145 25
146 25
147 25
148 25
149 25
126 42
121 54
122 54
123 54
124 54
125 54
126 54
127 54
128 54
129 54
130 54
131 54
132 53
133 52
134 51
135 50
136 49
137 48
138 47
139 46
140 45
141 44
142 45
143 46
144 47
144 48
144 49
144 50
144 51
126 67
127 67
128 67
129 67
130 67
131 67
132 67
133 67
134 67
135 67
136 67
137 67
138 67
121 91
122 92
123 93
124 94
125 95
124 96
123 97
122 98
121 99
120 100
120 101
120 102
120 103
120 104
120 105
126 96
127 97
128 98
129 99
130 100
131 101
132 101
133 101
134 101
135 101
136 101
137 101
138 101
139 101
140 101
141 101
142 101
143 101
144 100
145 100
146 100
147 99
148 98
149 97
150 96
151 95
152 94
153 93
154 93
155 93
156 93
157 93
158 93
159 92
160 91
161 90
162 89
163 88
164 87
164 86
164 85
164 84
164 83
164 82
164 81
164 80
164 79
164 78
164 77
163 76
163 75
162 75
164 75
165 75
166 75
167 75
168 75
169 74
170 73
171 72
172 71
173 70
173 69
173 68
173 67
173 66
173 65
173 64
173 63
173 62
173 61
173 60
172 59
171 60
170 60
169 60
168 60
167 60
166 60
165 60
164 60
163 60
162 60
161 60
161 59
161 58
161 57
161 56
161 55
161 54
161 53
161 52
160 51
159 50
159 49
158 49
158 48
158 47
158 46
157 45
156 44
160 49
161 49
162 49
163 48
164 47
165 46
166 45
167 44
168 43
169 42
170 41
171 42
171 43
171 44
171 45
171 46
172 46
173 46
174 45
175 44
176 43
177 42
178 41
179 40
180 39
181 38
182 37
182 36
182 35
182 34
182 33
182 32
182 31
181 30
180 29
179 28
178 27
177 26
176 25
175 26
174 27
173 28
172 28
171 28
170 28
169 28
168 28
167 28
166 28
165 28
183 38
184 39
184 40
184 41
184 42
184 43
184 44
184 45
184 46
184 47
184 48
185 49
186 50
187 51
188 52
189 53
190 54
191 55
191 56
191 57
191 58
191 59
192 59
193 59
194 59
195 59
196 59
197 58
198 57
199 56
200 55
200 54
200 53
200 52
200 51
200 50
200 49
200 48
200 47
200 46
200 45
200 44
201 44
202 44
203 44
204 44
205 44
206 44
207 44
208 44
209 44
210 44
211 43
200 43
199 42
198 41
197 40
196 39
195 38
194 37
201 56
202 57
203 57
204 57
205 57
206 57
207 57
208 57
209 57
210 57
211 57
212 57
213 57
214 57
192 60
193 61
194 62
195 63
196 64
197 65
198 66
199 66
198 67
197 68
196 69
195 70
194 71
193 72
192 73
191 74
192 75
193 76
194 77
195 77
196 77
197 77
198 77
200 67
201 68
202 69
203 70
204 71
205 72
206 73
207 74
208 75
209 75
210 75
211 76
212 77
213 78
214 79
215 80
215 81
215 82
215 83
215 84
215 85
215 86
160 61
159 62
158 63
157 64
156 65
155 65
154 65
153 65
152 65
151 65
150 65
174 71
175 72
176 73
177 74
178 75
179 76
179 77
179 78
179 79
179 80
179 81
179 82
165 88
166 89
167 90
168 91
169 92
170 93
171 94
172 95
173 96
174 97
174 98
154 94
155 95
156 96
157 97
158 98
159 99
160 100
161 101
161 102
161 103
161 104
134 102
135 103
136 104
137 105
138 106
138 107
138 108
138 109
138 110
138 111
138 112
138 113
139 113
140 113
141 113
142 113
143 113
144 113
145 113
146 113
147 113
148 113
149 113
137 114
136 115
135 116
134 117
133 118
132 119
131 120
130 120
129 120
128 120
127 120
126 120
162
124 83
134 81
138 87
149 80
117 77
106 70
106 59
97 74
94 63
94 52
91 44
81 32
97 25
102 42
107 48
83 67
72 64
76 53
65 42
62 48
76 44
61 68
58 63
58 80
59 83
56 94
45 103
37 103
26 93
23 81
23 69
34 74
43 64
37 54
26 55
24 44
34 41
36 40
45 37
53 36
60 29
48 48
45 75
37 88
42 87
36 114
25 106
25 121
23 133
37 125
50 122
40 135
45 139
56 137
54 148
56 151
67 153
73 141
85 136
86 127
85 109
90 98
89 93
101 102
108 93
108 104
74 115
63 119
61 107
57 107
97 117
100 128
113 122
84 148
95 153
100 141
111 151
116 139
128 133
132 135
141 125
152 125
164 117
175 112
163 136
168 132
177 125
182 136
185 147
194 140
195 139
207 135
209 122
195 128
189 124
195 114
188 103
194 102
191 90
203 91
208 102
183 149
172 151
152 145
141 153
129 147
71 131
82 78
71 79
74 86
73 98
106 81
119 64
120 53
115 36
115 24
126 24
137 24
149 25
126 42
131 54
141 44
144 51
126 67
138 67
125 95
120 105
133 101
144 100
153 93
164 87
162 75
173 70
172 59
161 60
158 49
156 44
170 41
171 46
182 37
176 25
165 28
184 48
191 59
200 55
200 44
211 43
196 39
194 37
214 57
199 66
191 74
198 77
210 75
215 86
150 65
179 82
174 98
161 104
138 113
149 113
126 120
