1482
119 91
118 92
117 93
116 94
115 95
114 95
113 95
112 95
111 95
110 95
109 96
108 97
107 98
106 99
105 100
104 101
103 101
102 101
101 101
102 102
103 103
104 104
105 105
106 106
106 107
106 108
106 109
106 110
106 111
106 112
105 113
104 114
103 115
102 116
101 117
101 118
101 119
100 120
99 120
98 120
97 120
96 120
95 120
94 120
93 120
92 120
91 120
90 120
89 120
102 120
103 121
104 122
105 123
106 124
105 125
104 126
103 127
102 128
101 129
101 130
101 131
101 132
100 133
99 134
99 135
98 135
97 135
96 135
95 135
94 135
93 135
92 134
91 133
90 132
89 133
88 134
87 135
86 136
85 137
84 138
84 139
84 140
83 140
82 139
81 138
80 137
79 136
78 135
77 134
76 133
75 132
74 131
73 130
72 131
71 132
70 133
69 134
68 135
68 136
67 136
66 135
65 134
64 133
63 132
62 131
61 131
60 131
59 131
58 131
57 131
56 131
55 131
54 130
53 130
52 130
51 130
50 130
49 129
48 128
47 127
46 126
45 125
44 124
43 123
43 122
43 121
43 120
43 119
43 118
43 117
43 116
43 115
43 114
43 113
42 112
41 112
40 112
39 112
38 112
37 112
36 112
35 112
34 112
33 111
33 110
33 109
33 108
33 107
34 106
35 105
36 104
37 103
38 102
39 101
40 100
41 99
42 124
42 125
42 126
42 127
42 128
42 129
42 130
42 131
42 132
42 133
42 134
41 135
40 136
39 136
38 136
37 136
36 136
35 136
34 136
33 136
32 136
31 136
31 135
31 134
31 133
31 132
31 131
31 130
31 129
31 128
30 127
29 126
28 125
43 135
44 136
45 137
46 138
47 139
48 140
48 141
49 142
49 143
50 144
51 145
52 145
53 145
54 146
54 147
54 148
55 149
56 150
57 151
58 152
59 153
60 153
61 153
62 153
63 153
64 153
65 153
54 129
54 128
54 127
54 126
54 125
54 124
54 123
54 122
54 121
55 120
56 119
57 119
58 119
59 119
60 118
61 117
62 117
63 117
64 117
65 117
66 117
67 117
68 117
69 117
70 117
71 117
72 117
73 116
74 115
75 114
76 113
77 112
78 111
79 110
80 109
81 108
82 107
83 106
84 105
85 104
61 116
61 115
61 114
61 113
61 112
60 111
59 110
58 109
57 108
57 107
56 107
58 107
59 107
60 107
61 107
62 106
63 105
64 104
65 103
66 102
66 101
66 100
66 99
66 98
65 97
65 96
64 96
66 96
67 96
68 95
69 94
70 93
71 92
72 91
73 90
74 89
75 88
76 88
77 87
78 86
79 85
80 84
81 83
82 82
83 81
83 80
82 80
81 80
80 80
79 80
78 80
77 80
76 79
75 78
74 77
73 76
72 77
71 78
70 79
69 80
68 81
67 82
66 83
65 84
64 84
63 84
62 84
61 84
60 83
59 82
58 81
57 80
56 79
55 78
54 77
53 76
53 75
52 75
51 76
50 77
49 78
48 79
47 80
46 81
45 82
44 83
44 84
44 85
44 86
43 86
42 86
41 86
40 86
39 86
38 86
37 85
37 84
37 83
37 82
37 81
37 80
37 79
38 78
39 77
40 76
40 75
39 75
38 74
37 73
36 72
35 71
34 70
33 69
32 68
31 67
30 66
29 65
28 64
27 65
26 66
25 67
24 68
23 69
23 70
23 71
23 72
23 73
23 74
23 75
23 76
41 75
36 86
35 87
34 88
33 89
32 90
31 91
30 92
29 93
29 94
29 95
29 96
29 97
54 75
55 75
56 75
57 75
58 75
59 74
60 73
61 72
61 71
61 70
61 69
61 68
61 67
60 66
59 65
58 64
57 63
56 62
56 61
55 61
55 60
55 59
55 58
55 57
55 56
56 55
57 54
58 53
59 52
60 51
60 50
59 50
58 50
57 50
56 50
55 49
54 48
53 47
61 50
61 49
61 48
61 47
61 46
62 45
63 44
64 43
65 42
65 41
64 41
63 41
62 41
61 41
60 40
59 39
58 38
57 37
56 36
55 35
55 34
55 33
55 32
55 31
55 30
55 29
55 28
55 27
55 26
56 25
57 24
54 36
53 36
52 36
51 36
50 36
49 36
48 36
47 36
46 36
45 37
44 38
43 38
42 38
41 39
40 39
39 40
38 41
38 42
38 43
38 44
38 45
38 46
38 47
38 48
38 49
38 50
37 50
36 50
35 50
34 50
33 50
32 50
31 50
30 50
29 50
28 50
27 50
26 50
25 49
24 48
39 51
40 52
41 52
42 53
43 54
43 55
43 56
43 57
43 58
43 59
43 60
43 61
43 62
43 63
66 41
67 40
68 39
69 38
70 37
71 36
72 35
73 34
74 33
75 32
76 31
77 30
78 31
79 32
80 33
81 34
82 35
83 36
84 36
83 37
83 38
83 39
83 40
83 41
84 42
84 43
84 44
84 45
84 46
84 47
84 48
84 49
85 35
86 34
87 33
88 32
89 31
90 30
91 29
92 28
93 27
57 61
58 61
59 61
60 61
61 61
62 61
63 61
64 61
65 61
66 61
67 61
68 60
69 59
70 58
71 57
72 56
84 80
84 79
84 78
84 77
84 76
84 75
84 74
84 73
84 72
84 71
85 70
86 69
87 68
85 81
86 82
87 83
88 84
89 85
90 86
90 87
68 137
68 138
68 139
68 140
68 141
84 141
83 142
82 143
81 144
80 145
79 146
79 147
79 148
79 149
79 150
79 151
79 152
79 153
98 136
97 137
96 138
95 139
95 140
95 141
95 142
95 143
95 144
95 145
95 146
102 133
103 134
104 135
105 136
106 136
107 136
108 136
109 136
110 136
111 136
112 136
113 136
114 136
115 136
116 136
117 136
118 136
119 136
120 136
121 135
122 134
123 135
124 135
125 135
126 135
127 135
128 135
129 135
130 135
131 135
132 134
133 133
134 133
135 133
136 133
137 133
138 133
139 133
140 133
141 133
142 133
143 132
144 131
145 132
146 133
147 134
148 135
149 136
150 137
151 137
152 137
153 137
154 137
155 137
156 137
157 137
158 137
159 137
160 137
161 137
162 137
163 137
164 137
165 137
166 137
167 137
168 137
169 136
170 135
171 134
172 133
173 132
174 131
174 130
174 129
174 128
174 127
174 126
174 125
174 124
174 123
173 122
172 121
171 120
171 119
171 118
171 117
170 116
169 115
168 114
167 113
166 112
165 111
164 110
163 109
163 108
162 108
164 108
165 108
166 108
167 108
168 108
169 108
170 108
171 108
172 108
173 108
154 138
155 139
155 140
155 141
155 142
155 143
155 144
155 145
155 146
155 147
155 148
155 149
153 136
153 135
153 134
153 133
153 132
153 131
154 130
155 129
156 128
157 127
158 126
134 134
135 135
136 136
137 137
138 138
139 139
140 140
141 141
141 142
141 143
133 132
133 131
133 130
133 129
133 128
133 127
132 126
131 125
130 124
129 123
128 122
127 122
126 122
125 122
124 122
123 122
122 122
121 121
128 136
128 137
128 138
128 139
128 140
128 141
128 142
128 143
128 144
128 145
128 146
109 137
109 138
109 139
109 140
109 141
109 142
109 143
109 144
109 145
109 146
109 147
121 89
122 88
122 87
123 87
124 87
124 88
125 89
126 90
127 91
128 92
129 93
130 93
131 93
132 93
133 93
134 93
133 94
133 95
133 96
133 97
133 98
133 99
133 100
133 101
133 102
133 103
133 104
132 105
131 105
130 105
129 105
128 105
127 105
126 105
125 105
124 105
123 105
122 105
135 94
136 95
137 96
138 97
139 98
140 99
141 100
142 101
143 101
144 101
145 101
145 100
145 99
145 98
145 97
145 96
146 95
146 94
146 93
146 92
146 91
146 90
146 89
146 88
146 87
146 86
146 85
146 84
145 84
144 84
143 83
142 82
141 81
147 84
148 84
149 84
150 84
151 84
152 84
153 84
154 84
155 84
156 83
157 82
158 81
159 80
160 79
148 85
149 86
150 87
151 88
152 89
153 90
154 91
155 92
156 93
157 93
158 93
159 93
160 93
161 93
145 102
145 103
145 104
145 105
145 106
145 107
145 108
145 109
145 110
145 111
145 112
145 113
125 86
126 85
127 84
128 83
129 82
130 81
130 80
130 79
130 78
130 77
130 76
130 75
130 74
130 73
130 72
131 71
132 70
133 70
134 70
135 70
136 70
137 69
138 68
139 67
140 66
141 65
142 64
143 63
121 86
120 85
119 84
118 83
117 82
116 81
115 80
114 79
113 78
113 77
113 76
113 75
113 74
113 73
112 73
111 72
110 71
109 70
108 69
107 68
106 67
106 66
105 65
104 64
103 63
102 62
101 61
101 60
101 59
101 58
102 57
103 56
104 55
105 54
106 53
106 52
105 52
104 51
103 50
102 49
102 48
102 47
102 46
102 45
102 44
102 43
101 42
101 41
100 41
102 41
103 41
104 41
105 41
106 41
107 40
108 39
109 38
110 37
111 36
112 36
113 36
114 36
115 36
116 36
117 36
118 35
119 34
120 33
121 32
122 31
123 31
124 31
125 31
126 31
127 31
128 31
129 31
130 31
131 31
132 31
133 31
134 31
135 31
136 31
137 31
138 31
139 31
140 31
141 31
142 31
143 30
144 29
145 28
146 27
147 26
123 32
123 33
123 34
123 35
123 36
123 37
123 38
123 39
123 40
123 41
123 42
122 43
121 44
120 45
119 46
119 47
124 43
125 44
126 45
127 46
128 47
129 48
130 49
131 49
132 49
133 49
134 49
135 49
136 48
137 47
138 46
139 45
140 44
141 45
142 46
143 47
144 48
144 49
144 50
145 50
146 50
147 49
148 48
149 47
150 46
151 45
152 44
153 43
154 44
155 45
156 46
157 46
158 46
159 46
160 46
161 45
162 44
163 43
164 42
165 43
166 44
167 45
168 46
168 47
168 48
168 49
168 50
168 51
169 51
170 51
171 51
172 51
173 51
174 51
175 51
176 51
177 51
178 51
179 51
180 51
181 51
182 51
183 50
184 50
185 50
186 50
187 49
188 48
189 47
190 46
191 45
192 44
193 43
194 42
194 41
195 41
196 41
197 41
198 41
199 41
200 41
201 41
202 41
203 41
204 41
205 41
206 41
207 42
208 43
209 44
210 45
211 46
211 47
211 48
211 49
196 42
197 43
197 44
197 45
197 46
197 47
197 48
197 49
197 50
197 51
197 52
197 53
197 54
196 55
195 56
195 57
195 58
195 59
195 60
195 61
195 62
195 63
195 64
195 65
194 66
193 66
192 66
191 66
192 67
193 68
194 69
195 70
195 71
195 72
195 73
195 74
195 75
195 76
195 77
195 78
194 79
193 80
192 81
191 82
191 83
191 84
191 85
191 86
190 87
189 88
188 89
187 90
186 91
185 92
184 93
183 93
182 93
181 93
180 93
179 93
179 92
179 91
179 90
179 89
179 88
179 87
179 86
179 85
179 84
179 83
178 82
192 87
193 88
194 89
195 90
196 91
197 92
198 93
199 94
200 95
201 95
202 95
201 96
200 97
199 98
198 99
197 100
196 101
195 102
194 103
194 104
194 105
194 106
193 106
192 106
191 106
190 106
189 106
188 106
194 107
195 107
194 108
194 109
194 110
194 111
194 112
194 113
194 114
194 115
194 116
194 117
193 118
192 119
191 120
190 121
189 121
190 122
191 123
192 124
192 125
192 126
192 127
192 128
192 129
193 130
194 131
194 132
194 133
194 134
194 135
194 136
194 137
194 138
194 139
194 140
195 140
196 140
197 140
198 140
199 139
200 138
201 137
202 136
203 135
204 134
205 134
206 134
207 134
208 134
209 133
210 132
211 131
212 130
213 129
214 128
215 127
193 141
192 141
191 142
190 142
189 143
188 143
187 144
186 144
185 145
185 146
185 147
184 148
183 149
183 150
183 151
182 152
181 152
180 152
179 152
178 152
177 152
176 152
175 152
196 108
197 108
198 108
199 108
200 108
201 108
202 108
203 108
204 108
205 108
206 108
196 79
197 80
198 81
199 82
200 82
201 82
202 82
203 82
204 82
205 82
206 82
207 83
208 84
209 85
210 86
211 87
212 88
213 89
214 90
214 91
214 92
214 93
198 55
199 56
200 57
201 58
202 59
203 60
204 61
205 62
206 63
207 64
208 65
209 66
210 67
211 68
193 40
192 39
191 38
190 37
190 36
189 35
188 34
187 33
186 32
185 31
184 30
183 29
182 28
181 27
180 26
179 25
178 24
187 35
186 35
185 35
184 35
183 35
182 35
181 35
180 35
179 35
178 35
177 35
176 35
175 35
174 35
173 35
172 35
171 34
170 33
169 32
168 31
167 30
166 29
165 28
164 27
169 52
170 53
171 54
172 55
173 56
174 57
175 58
175 59
175 60
175 61
175 62
167 52
166 53
165 54
164 55
163 56
162 57
161 58
161 59
161 60
161 61
161 62
161 63
161 64
161 65
111 35
111 34
111 33
111 32
111 31
111 30
111 29
111 28
111 27
111 26
111 25
107 52
114 72
115 71
116 70
117 69
118 68
119 67
112 79
111 80
110 80
109 80
108 80
107 80
106 80
105 80
104 80
103 80
102 80
102 81
102 82
102 83
102 84
164
110 95
101 101
106 112
101 119
89 120
106 124
101 132
99 135
90 132
73 130
62 131
54 130
43 123
42 112
33 111
41 99
42 134
31 136
28 125
48 141
49 143
50 144
53 145
54 148
65 153
56 119
61 117
73 116
85 104
56 107
66 102
64 96
75 88
73 76
63 84
52 75
44 86
37 85
28 64
23 76
41 75
29 97
61 72
55 61
53 47
61 50
55 35
57 24
46 36
42 38
40 39
38 50
24 48
41 52
43 63
66 41
77 30
83 41
84 49
93 27
61 61
72 56
84 80
87 68
90 87
68 141
84 141
79 153
95 146
110 136
122 134
128 135
133 133
144 131
153 137
164 137
174 131
171 120
162 108
173 108
155 149
158 126
141 143
128 122
121 121
128 146
109 147
123 87
134 93
133 104
122 105
145 101
146 95
141 81
147 84
160 79
161 93
145 113
130 81
132 70
143 63
113 78
106 67
101 61
102 49
100 41
111 36
122 31
133 31
147 26
123 42
119 47
131 49
140 44
144 50
153 43
156 46
164 42
168 51
171 51
183 50
195 41
206 41
211 49
197 54
195 65
191 66
195 78
191 86
179 93
178 82
202 95
194 106
188 106
194 117
189 121
192 129
194 140
204 134
215 127
192 141
190 142
188 143
186 144
185 147
184 148
183 151
175 152
206 108
206 82
214 93
211 68
190 37
188 34
178 24
177 35
164 27
175 62
161 65
111 25
107 52
119 67
102 80
102 84
