1507
120 89
120 88
120 87
119 86
119 91
118 92
117 93
116 94
115 95
115 96
115 97
114 98
113 99
112 100
111 101
110 102
109 103
109 104
109 105
109 106
109 107
109 108
108 108
107 108
106 108
105 108
104 108
103 108
108 109
107 110
106 111
105 112
104 113
103 114
102 115
102 116
102 117
102 118
102 119
121 91
122 92
123 93
124 94
125 95
126 96
127 97
128 98
129 98
129 97
129 96
130 95
131 94
132 93
129 99
128 100
127 101
126 102
125 103
124 104
123 105
122 106
122 107
122 108
121 109
120 110
119 111
118 112
117 113
116 114
115 115
115 116
115 117
115 118
115 119
123 109
124 110
125 110
126 110
127 110
128 110
129 110
130 110
131 110
130 111
129 112
129 113
129 114
129 115
129 116
129 117
129 118
129 119
129 120
129 121
128 122
127 123
126 124
126 125
126 126
126 127
126 128
126 129
126 130
126 131
126 132
125 133
124 134
123 135
122 136
121 137
120 137
119 137
118 137
117 137
116 137
115 137
114 137
113 137
112 137
111 137
110 137
109 137
108 136
107 135
106 134
105 134
105 135
104 136
103 137
103 138
103 139
103 140
103 141
103 142
103 143
104 133
103 132
102 131
101 131
100 131
99 131
98 131
97 131
96 131
95 131
94 131
93 131
92 131
91 131
90 131
89 131
88 131
87 131
86 131
85 131
84 131
83 131
82 131
81 130
80 129
79 130
78 131
77 132
76 133
75 134
74 135
73 135
73 134
73 133
73 132
72 131
71 130
70 129
69 128
68 127
67 126
66 126
65 126
64 126
63 125
62 124
61 123
60 122
59 121
59 120
58 120
60 119
61 118
62 117
63 116
64 115
65 114
65 113
64 113
63 112
62 111
61 110
60 109
59 108
58 107
57 106
56 105
56 104
56 103
56 102
56 101
56 100
56 99
56 98
55 97
54 96
53 95
52 94
66 113
66 127
65 128
64 129
63 130
62 131
62 132
62 133
62 134
62 135
62 136
61 136
60 136
59 136
58 136
57 136
56 135
55 134
54 133
53 132
52 131
61 137
60 138
59 139
58 140
57 141
56 142
55 143
54 144
53 145
52 145
51 145
50 144
50 143
49 142
48 141
47 140
46 139
45 138
44 137
43 136
42 135
41 134
40 133
39 132
39 131
39 130
39 129
39 128
39 127
39 126
39 125
39 124
39 123
39 122
38 122
37 123
36 124
35 125
34 126
33 127
32 128
31 129
30 130
29 130
28 130
27 130
27 129
27 128
27 127
27 126
27 125
27 124
27 123
26 122
25 121
24 120
24 119
23 119
25 118
26 117
27 116
28 115
29 114
30 113
31 112
32 111
33 110
33 109
32 109
31 109
30 109
29 109
28 109
27 109
26 108
25 107
24 106
23 105
34 109
34 108
34 107
34 106
34 105
35 104
36 103
37 102
38 101
39 100
40 99
41 98
41 97
41 96
41 95
41 94
41 93
41 92
40 91
39 90
38 89
38 88
38 87
39 86
40 85
41 84
41 83
40 83
39 82
38 81
37 80
36 79
35 78
34 77
33 78
32 78
31 78
30 78
29 78
28 78
27 78
26 78
25 78
24 78
23 78
24 79
25 80
25 81
25 82
25 83
25 84
25 85
25 86
25 87
25 88
25 89
25 90
42 83
42 82
42 81
42 80
42 79
42 78
43 77
44 76
45 75
46 74
47 73
48 72
48 71
48 70
48 69
48 68
48 67
49 67
48 66
47 65
46 64
45 63
44 62
43 61
42 61
41 61
40 61
39 61
38 61
37 61
36 61
35 61
34 60
33 61
32 62
31 63
30 64
29 65
28 65
27 65
26 65
25 65
24 65
23 65
43 60
44 59
45 58
46 57
47 56
48 55
49 54
50 53
51 52
52 51
53 50
50 66
51 65
52 64
53 63
54 62
55 61
56 62
57 63
58 64
59 65
60 66
61 67
62 68
63 68
64 68
65 68
65 67
65 66
65 65
65 64
65 63
65 62
65 61
66 60
67 59
68 58
69 57
69 56
69 55
69 54
69 53
69 52
69 51
69 50
69 49
69 48
70 47
71 46
72 46
73 46
74 45
75 44
76 43
77 44
78 45
79 46
80 47
81 48
82 49
83 50
84 51
85 51
85 52
86 50
87 49
88 48
89 47
90 46
91 45
92 44
93 43
94 42
94 41
94 40
94 39
94 38
94 37
94 36
94 35
94 34
94 33
94 32
94 31
94 30
93 30
92 30
91 30
90 30
89 30
88 30
87 30
86 30
85 29
84 28
83 27
95 30
96 30
97 30
98 30
99 30
100 30
101 30
102 30
103 29
104 28
105 27
106 26
107 26
108 26
109 26
110 26
111 26
112 26
113 26
114 26
115 26
116 26
117 26
107 27
108 28
109 29
110 30
111 31
111 32
111 33
111 34
111 35
111 36
111 37
95 43
96 44
96 45
96 46
96 47
97 48
98 49
99 50
100 51
101 52
102 52
103 52
104 52
105 52
106 52
107 52
106 53
105 54
104 55
103 56
103 57
103 58
103 59
104 60
105 61
106 62
106 63
71 45
71 44
71 43
71 42
71 41
70 40
69 39
68 38
67 37
66 36
65 35
64 34
63 34
62 34
61 34
60 34
59 34
58 34
57 34
56 33
55 32
54 31
53 30
52 31
51 32
50 33
49 34
49 35
49 36
48 37
47 37
46 37
45 37
44 37
43 38
42 38
41 39
40 39
39 39
38 40
37 40
36 40
35 40
34 41
34 42
34 43
34 44
34 45
34 46
34 47
33 47
32 47
31 47
30 47
29 47
28 47
27 47
26 47
25 47
24 46
23 45
66 69
67 70
68 71
68 72
68 73
68 74
68 75
68 76
68 77
68 78
68 79
69 80
70 81
71 82
72 83
73 84
74 85
75 86
76 86
76 87
77 85
78 84
79 83
80 82
81 81
82 80
83 79
84 78
85 77
85 76
85 75
85 74
85 73
85 72
85 71
85 70
84 69
83 68
82 67
82 66
81 66
83 66
84 66
85 66
86 66
87 66
88 66
89 66
90 65
91 64
92 63
86 78
87 79
88 80
89 81
90 82
91 83
91 84
92 84
93 84
94 84
95 84
96 84
97 84
98 84
99 83
100 82
101 81
102 81
102 80
102 79
102 78
103 77
104 76
105 75
106 74
107 74
108 74
109 74
110 74
111 74
112 74
113 74
114 74
115 74
116 74
117 73
102 82
102 83
92 85
93 86
94 87
95 88
96 89
97 90
98 91
99 92
100 93
101 94
102 94
90 85
89 86
89 87
89 88
89 89
89 90
89 91
89 92
89 93
89 94
89 95
88 96
87 97
86 98
85 99
84 100
83 101
82 102
81 102
80 102
79 102
78 102
77 102
76 102
75 102
74 102
73 102
72 102
71 101
71 100
71 99
70 98
69 97
68 96
67 95
66 94
65 93
64 92
63 91
81 103
80 104
79 105
78 106
78 107
78 108
78 109
78 110
78 111
78 112
78 113
79 114
80 114
81 114
82 114
83 114
84 114
85 114
86 114
87 114
88 114
89 114
40 122
41 122
42 121
43 120
44 119
45 118
46 117
47 116
52 146
53 147
54 147
55 148
56 149
57 150
58 151
59 152
60 153
73 136
73 137
74 138
75 139
75 140
75 141
75 142
75 143
75 144
75 145
75 146
75 147
75 148
76 148
77 148
78 148
79 148
80 148
81 148
82 148
83 148
84 148
85 148
86 147
87 146
88 145
118 138
119 139
120 140
121 141
121 142
121 143
121 144
121 145
121 146
121 147
121 148
121 149
127 133
128 134
129 135
130 135
131 135
132 135
133 135
134 135
135 135
136 135
137 135
138 135
139 134
140 133
141 132
142 133
143 134
144 135
145 136
146 137
147 138
147 139
147 140
148 140
149 140
150 140
151 140
152 140
153 140
154 140
155 140
156 140
157 140
158 140
159 139
159 138
159 137
159 136
159 135
159 134
159 133
160 132
161 132
162 132
163 132
164 132
165 131
166 130
167 129
168 128
169 127
170 126
171 125
171 124
170 124
169 123
168 122
167 121
166 120
165 119
164 118
163 117
162 116
161 115
160 114
160 113
160 112
160 111
160 110
160 109
160 108
160 107
160 106
160 105
159 104
158 103
157 103
156 103
155 103
154 103
153 103
152 103
151 103
150 103
149 102
148 101
147 100
147 99
147 98
147 97
147 96
147 95
146 94
146 93
146 92
146 91
146 90
146 89
146 88
146 87
146 86
146 85
146 84
146 83
145 83
145 82
145 81
145 80
147 83
148 83
149 83
150 83
151 83
152 82
153 81
154 80
155 79
156 78
157 78
158 78
159 78
160 78
161 78
162 78
163 77
164 76
165 75
166 74
167 73
168 73
169 73
170 73
171 72
172 71
172 70
172 69
172 68
172 67
172 66
172 65
172 64
172 63
172 62
172 61
172 60
172 59
171 59
170 59
169 59
168 59
167 59
166 59
165 59
164 59
163 58
162 57
161 56
160 55
159 54
158 53
157 52
156 51
155 51
155 52
154 53
153 54
152 55
152 56
152 57
152 58
152 59
152 60
152 61
152 62
154 50
153 49
152 48
151 47
150 46
149 45
148 44
148 43
148 42
148 41
148 40
148 39
148 38
148 37
148 36
148 35
148 34
148 33
147 33
146 33
145 33
144 33
143 33
142 32
141 31
140 30
139 29
138 28
137 27
136 26
147 45
146 46
145 46
144 46
143 46
142 46
141 46
140 46
139 46
138 46
137 46
136 45
135 44
134 43
133 42
132 41
131 40
130 41
129 42
128 43
127 44
127 45
127 46
127 47
127 48
127 49
126 50
125 51
124 52
123 52
122 52
123 53
124 54
125 55
126 56
127 57
128 58
129 59
130 60
131 61
132 61
133 61
132 62
131 63
130 64
130 65
130 66
130 67
130 68
130 69
130 70
130 71
130 72
156 50
157 49
158 48
159 47
160 46
161 45
162 44
163 43
164 42
165 41
166 40
167 41
168 42
168 43
168 44
168 45
168 46
169 46
170 46
171 46
172 45
173 44
174 43
175 42
176 41
177 40
178 39
179 39
180 39
181 39
182 39
183 39
184 39
185 39
186 38
187 37
188 36
189 35
190 36
191 36
192 37
193 37
194 37
195 38
196 38
197 39
198 39
197 40
196 41
195 42
194 43
193 44
193 45
193 46
193 47
193 48
193 49
193 50
192 51
191 52
194 51
195 52
194 53
193 54
192 55
191 56
190 57
189 58
188 59
187 60
186 61
185 62
185 63
196 53
197 54
198 55
199 56
200 57
200 58
200 59
200 60
200 61
200 62
200 63
200 64
199 40
200 41
201 42
202 43
203 44
204 45
205 46
206 47
207 47
208 48
209 49
210 50
211 51
212 52
213 53
213 54
213 55
213 56
213 57
213 58
213 59
213 60
214 61
214 62
214 63
214 64
214 65
214 66
214 67
214 68
214 69
214 70
214 71
214 72
213 73
212 74
212 75
212 76
212 77
212 78
212 79
212 80
212 81
212 82
212 83
178 38
178 37
178 36
178 35
178 34
178 33
178 32
178 31
177 30
176 29
175 28
174 28
173 28
172 28
171 28
170 28
169 28
168 28
167 28
166 27
165 26
164 25
163 24
173 59
158 102
158 101
158 100
158 99
158 98
158 97
158 96
158 95
158 94
159 93
160 92
171 123
171 122
171 121
171 120
171 119
171 118
171 117
171 116
171 115
172 114
173 114
174 114
175 114
176 114
177 114
178 114
179 114
180 114
181 114
182 114
183 114
184 113
184 112
184 111
184 110
184 109
184 108
184 107
184 106
183 105
182 104
181 103
181 102
180 102
182 102
183 102
184 102
185 102
186 101
187 100
188 99
189 98
190 97
190 96
189 96
188 96
187 96
186 96
185 95
184 94
183 93
182 92
181 91
180 90
180 89
181 88
182 87
183 86
184 85
185 84
186 83
187 82
188 81
189 80
190 79
191 80
192 81
193 82
194 83
195 83
196 83
197 83
198 83
191 96
185 114
186 115
187 116
188 117
189 118
190 119
191 119
192 119
193 119
194 119
195 119
194 120
193 121
192 122
191 123
190 124
189 125
189 126
189 127
196 120
197 121
198 122
199 123
200 124
201 125
202 126
203 126
204 126
205 126
206 126
206 125
206 124
206 123
206 122
206 121
206 120
206 119
206 118
206 117
207 116
208 115
208 114
208 113
208 112
208 111
208 110
208 109
208 108
208 107
207 106
206 105
205 104
205 103
204 103
206 103
207 103
208 103
209 103
210 103
211 103
212 103
213 103
214 102
215 101
205 127
204 128
203 129
202 130
202 131
202 132
202 133
202 134
202 135
202 136
202 137
201 138
200 138
199 138
198 138
197 139
196 139
195 139
194 139
193 139
192 139
191 140
190 141
189 142
188 142
187 142
186 142
185 142
184 143
183 144
183 145
183 146
183 147
183 148
182 149
181 150
180 151
179 152
178 153
177 153
176 153
175 153
174 153
173 153
172 153
171 153
170 153
169 153
168 153
167 153
166 153
165 153
164 153
163 152
162 151
161 152
160 153
159 153
158 153
157 153
156 153
155 153
154 153
153 153
152 153
151 153
150 153
149 153
148 153
147 153
146 153
145 153
144 153
143 153
142 153
141 153
140 153
139 152
161 133
162 134
163 135
164 136
165 137
166 138
167 138
168 138
169 138
170 138
171 138
132 111
133 112
134 113
135 114
136 115
137 115
138 115
139 115
140 115
141 115
142 115
169
119 86
115 97
109 108
103 108
102 119
132 93
129 99
122 108
115 119
131 110
129 121
126 132
117 137
106 134
103 143
102 131
91 131
80 129
67 126
58 120
56 105
52 94
66 113
62 136
52 131
51 145
50 144
49 142
39 132
38 122
27 130
23 119
23 105
34 109
41 98
38 89
34 77
23 78
25 90
42 83
48 72
43 61
34 60
23 65
53 50
55 61
65 68
69 57
71 46
76 43
85 52
94 42
83 27
95 30
106 26
117 26
111 37
96 47
107 52
103 59
106 63
64 34
53 30
52 31
51 32
50 33
49 36
44 37
42 38
39 39
35 40
34 47
23 45
68 79
76 87
85 77
81 66
92 63
91 84
102 80
106 74
117 73
102 83
102 94
89 95
82 102
71 101
63 91
78 113
89 114
47 116
54 147
60 153
73 137
75 148
88 145
121 149
130 135
141 132
147 140
159 139
160 132
171 125
160 114
158 103
147 100
146 94
145 83
145 80
156 78
167 73
172 71
167 59
156 51
152 62
148 44
148 33
136 26
140 46
131 40
127 49
122 52
133 61
130 72
166 40
168 46
178 39
189 35
191 36
194 37
196 38
198 39
193 50
191 52
195 52
185 63
200 64
207 47
213 60
214 72
212 83
175 28
163 24
173 59
160 92
172 114
184 113
180 102
180 90
190 79
198 83
191 96
195 119
189 127
206 126
208 115
204 103
215 101
202 137
198 138
192 139
185 142
183 148
173 153
162 151
150 153
139 152
171 138
142 115
