1535
120 89
120 88
121 87
122 86
123 85
124 84
124 83
123 83
122 83
121 82
120 81
119 80
118 79
117 78
116 77
115 76
125 83
126 83
127 82
128 81
129 81
130 81
131 81
132 81
133 81
134 81
135 81
136 81
137 81
138 80
139 79
140 78
141 77
128 80
128 79
128 78
128 77
128 76
128 75
128 74
128 73
128 72
127 71
126 70
125 70
124 69
123 68
122 67
121 66
120 65
119 64
118 63
119 62
120 61
121 60
122 59
123 58
124 57
125 56
126 55
127 54
128 54
129 54
130 54
131 54
132 54
133 54
134 54
135 54
136 54
137 54
138 54
139 54
140 54
139 53
139 55
139 56
139 57
139 58
139 59
139 60
139 61
139 62
139 63
139 64
141 55
142 56
143 56
144 56
145 56
146 56
147 56
148 56
149 56
150 56
151 57
152 58
153 59
154 60
155 61
156 62
157 63
158 64
159 65
160 65
161 65
126 53
125 52
124 51
123 50
122 49
121 48
120 47
119 46
118 45
117 44
117 43
117 42
117 41
117 40
117 39
117 38
117 37
117 36
117 35
118 34
119 33
120 32
121 31
122 32
123 33
124 34
125 35
126 36
127 37
128 38
129 39
130 39
131 39
132 39
133 39
134 39
116 45
115 46
114 47
113 48
112 49
111 50
110 50
109 50
108 50
107 50
106 50
106 49
106 48
106 47
106 46
106 45
106 44
106 43
106 42
106 41
106 40
105 39
104 38
103 37
103 36
103 35
103 34
103 33
103 32
103 31
103 30
103 29
103 28
103 27
104 26
119 91
118 92
117 93
116 94
115 95
114 96
113 96
112 97
111 98
110 99
109 99
108 99
107 99
106 99
105 99
104 99
103 99
102 98
101 97
100 96
99 95
98 94
97 93
96 92
95 91
94 90
93 89
92 89
91 89
90 89
89 89
88 89
87 89
86 89
85 89
84 88
83 87
82 86
82 85
82 84
82 83
82 82
82 81
82 80
82 79
82 78
82 77
81 76
81 75
81 74
81 73
82 72
83 71
84 70
85 69
86 68
87 67
88 66
89 65
89 64
89 63
89 62
89 61
89 60
89 59
90 58
91 57
92 56
93 55
94 54
92 90
92 91
92 92
92 93
92 94
92 95
92 96
92 97
92 98
93 88
93 87
93 86
93 85
93 84
93 83
94 82
95 81
96 80
97 79
98 78
98 77
98 76
98 75
98 74
98 73
98 72
98 71
98 70
98 69
99 68
100 67
101 67
102 66
103 65
104 64
105 63
106 62
99 79
100 80
101 81
102 82
103 83
104 83
104 100
105 101
106 102
107 103
108 104
109 105
110 106
111 107
111 108
110 109
109 110
108 111
107 111
106 111
105 111
104 111
103 111
102 112
101 113
100 113
99 113
98 113
97 113
96 113
95 113
94 113
93 113
92 113
91 113
90 113
89 113
88 113
87 113
86 113
85 113
84 113
83 113
82 113
81 112
80 111
79 110
104 112
105 113
106 114
106 115
106 116
106 117
106 118
106 119
106 120
106 121
105 122
104 123
103 124
102 125
101 126
100 127
99 128
98 129
97 130
96 131
95 132
94 133
93 133
92 133
91 133
90 133
89 134
88 135
87 135
86 135
85 135
84 135
84 134
84 133
83 132
82 131
81 130
80 129
79 128
78 127
77 126
76 125
75 124
74 123
73 124
72 125
71 126
70 127
69 128
68 129
67 130
66 131
65 132
64 133
63 133
62 133
61 133
60 133
59 133
58 133
57 133
56 132
55 131
54 130
53 129
53 128
52 128
52 127
52 126
52 125
52 124
52 123
52 122
52 121
51 120
50 119
49 118
48 117
47 118
46 119
45 120
44 121
43 122
42 123
41 124
40 125
39 126
38 126
38 125
38 124
38 123
38 122
38 121
38 120
38 119
38 118
37 117
36 116
35 116
34 116
33 116
32 116
31 116
30 116
29 116
28 116
27 116
26 116
25 116
24 116
36 115
36 114
36 113
35 112
34 111
33 110
32 109
31 108
30 107
29 106
28 105
28 104
27 104
27 103
27 102
27 101
27 100
27 99
27 98
27 97
27 96
27 95
26 94
26 93
25 93
27 93
28 93
29 93
30 92
31 91
32 90
33 89
34 88
35 87
35 86
36 86
37 87
38 87
39 87
40 87
41 87
42 87
43 87
44 87
45 87
46 87
47 87
48 87
49 87
50 87
51 87
52 86
53 85
54 84
55 83
56 82
57 83
58 84
59 85
60 86
61 87
62 87
63 87
64 87
65 87
66 87
66 86
66 85
66 84
66 83
66 82
66 81
66 80
66 79
66 78
67 77
67 76
66 76
65 76
64 76
63 76
62 75
61 74
60 73
59 72
58 71
57 71
56 71
55 71
54 71
53 71
52 71
51 71
50 71
49 71
48 70
47 69
47 68
47 67
48 66
49 65
50 64
51 63
52 62
53 61
54 60
55 59
56 58
56 57
56 56
56 55
56 54
56 53
56 52
56 51
56 50
56 49
56 48
56 47
55 47
54 48
53 49
52 50
51 51
50 51
49 51
48 51
47 51
46 51
45 51
44 51
44 50
44 49
44 48
43 47
42 46
41 45
40 44
39 43
38 42
37 41
37 40
36 40
35 41
34 41
33 41
32 42
31 43
30 44
38 40
39 40
40 40
41 39
42 38
43 38
44 37
45 37
46 37
47 37
48 36
48 35
49 34
50 34
51 34
52 33
52 32
52 31
53 30
43 52
42 53
41 54
40 55
39 56
38 57
37 58
36 58
35 58
34 58
33 58
32 58
31 58
30 58
29 58
28 58
27 58
26 57
57 47
58 47
59 46
60 45
61 44
61 43
61 42
61 41
61 40
61 39
61 38
61 37
61 36
62 35
63 34
64 33
65 33
66 33
67 33
68 32
69 31
70 30
71 29
72 28
73 27
74 26
75 25
76 24
65 34
66 35
67 36
68 37
69 38
70 39
71 40
72 40
73 40
74 40
75 40
76 40
77 40
78 40
79 39
80 38
81 37
82 36
83 35
84 34
85 33
86 32
87 31
88 30
89 31
89 32
89 33
89 34
89 35
89 36
89 37
89 38
89 39
89 40
89 41
75 41
74 42
74 43
74 44
74 45
74 46
62 45
62 46
62 47
63 48
64 49
65 50
66 51
67 52
68 53
69 54
70 55
71 56
71 57
71 58
46 70
45 71
44 72
43 72
42 72
41 72
40 72
39 72
38 72
37 72
36 72
68 76
65 88
64 89
63 90
62 91
61 92
61 93
61 94
61 95
61 96
61 97
61 98
67 88
68 89
69 90
70 91
71 92
72 93
73 94
74 95
75 96
75 97
75 98
74 99
73 100
72 101
71 102
70 103
69 104
68 105
67 106
66 107
66 108
66 109
34 85
33 84
32 83
31 82
30 81
29 80
28 79
27 78
26 77
25 76
24 75
23 74
29 104
30 104
31 104
32 104
33 104
34 104
35 104
36 104
37 103
38 102
39 102
40 102
41 102
42 102
43 102
44 102
45 102
46 102
47 101
48 100
49 99
38 127
37 128
36 129
35 129
34 129
33 129
32 129
31 129
30 129
29 129
28 129
27 129
26 129
25 129
39 128
40 129
40 130
40 131
40 132
40 133
40 134
40 135
40 136
40 137
40 138
41 139
42 139
43 140
44 140
45 140
46 140
47 140
48 140
49 141
49 142
49 143
50 144
51 144
52 145
53 146
54 146
55 146
56 146
57 146
54 128
55 128
56 127
57 126
58 125
59 124
60 123
61 122
62 121
64 134
65 135
66 136
67 137
68 137
69 137
70 137
83 136
83 137
83 138
83 139
83 140
83 141
83 142
83 143
83 144
83 145
83 146
82 147
81 148
80 149
79 149
78 149
77 149
76 149
75 149
74 149
73 149
72 149
102 127
103 128
104 129
105 130
106 131
106 132
106 133
105 134
104 135
103 136
102 137
101 138
101 139
101 140
101 141
100 142
99 143
98 144
98 145
98 146
98 147
98 148
98 149
98 150
98 151
98 152
102 142
103 143
104 144
105 145
106 146
107 147
108 147
109 147
110 147
111 147
112 147
107 122
108 123
109 124
110 125
111 126
112 127
113 128
114 129
115 130
116 131
117 132
118 131
119 130
120 129
121 128
122 127
123 126
124 125
125 124
126 123
126 122
125 122
124 122
123 122
122 122
121 122
120 122
119 121
118 120
117 119
127 122
128 123
129 124
130 125
131 126
131 127
131 128
131 129
131 130
131 131
131 132
131 133
130 134
129 135
128 135
129 136
129 137
129 138
129 139
129 140
129 141
129 142
129 143
129 144
129 145
129 146
132 134
133 135
134 136
135 137
136 138
137 139
138 140
139 141
140 142
141 143
142 144
143 144
114 97
115 98
116 99
117 100
118 101
119 102
120 103
121 104
122 105
122 106
122 107
123 107
124 107
125 107
126 107
127 107
128 107
129 107
130 106
131 106
132 106
133 106
134 105
135 104
136 103
137 102
138 101
139 100
140 99
141 98
142 98
143 98
144 98
145 98
146 97
147 96
148 95
149 94
150 93
151 92
152 91
153 92
154 93
155 94
155 95
155 96
156 96
155 97
155 98
157 95
158 94
159 93
160 92
161 91
162 90
163 89
164 88
165 87
165 86
164 86
163 85
162 84
161 83
160 82
159 81
158 80
157 79
156 78
165 85
165 84
165 83
166 82
167 81
167 80
167 79
167 78
167 77
167 76
168 75
169 74
170 73
171 72
172 71
173 70
174 69
168 82
169 83
170 84
171 85
172 86
173 87
174 87
175 87
176 87
177 88
178 89
179 90
180 91
181 92
182 93
183 93
184 93
185 93
186 93
187 93
187 92
187 91
187 90
187 89
187 88
187 87
187 86
187 85
188 84
189 83
190 82
191 81
192 81
193 80
194 79
195 78
195 77
194 76
193 75
192 74
191 73
190 72
189 71
188 70
187 69
187 68
186 68
188 68
189 68
190 68
191 68
192 68
193 68
194 67
195 66
196 65
196 64
196 63
196 62
196 61
196 60
196 59
196 58
195 57
194 56
193 55
192 54
192 53
191 53
193 53
194 52
195 52
196 52
197 51
198 50
199 49
200 48
201 47
202 46
203 45
204 44
205 43
206 42
194 51
194 50
194 49
194 48
194 47
193 46
192 45
192 44
192 43
192 42
192 41
192 40
192 39
192 38
191 37
190 36
189 35
189 34
188 33
187 32
186 32
185 32
184 32
183 32
182 32
181 32
180 32
179 32
178 32
177 32
176 32
175 33
174 34
173 35
172 36
171 37
170 38
169 39
168 40
168 41
168 42
168 43
167 44
166 45
165 46
164 47
163 48
162 48
162 47
162 46
162 45
161 44
160 43
159 42
158 41
157 40
156 39
155 38
154 38
153 37
152 36
151 35
150 34
149 33
148 32
147 31
146 30
145 29
144 28
143 27
142 26
141 25
140 24
155 37
155 36
155 35
155 34
155 33
155 32
155 31
155 30
155 29
155 28
155 27
169 44
170 45
171 46
172 47
173 48
174 48
175 48
176 48
177 48
178 48
188 94
189 95
190 95
191 95
192 95
193 95
194 95
195 95
196 95
197 95
198 95
199 95
200 95
201 95
202 94
203 93
204 92
205 91
206 90
207 89
208 88
208 87
208 86
208 85
208 84
208 83
208 82
208 81
209 80
210 79
211 78
212 77
212 76
212 75
212 74
212 73
212 72
212 71
212 70
212 69
212 68
212 67
211 66
211 65
211 64
211 63
211 62
211 61
211 60
211 59
211 58
211 57
212 56
213 55
214 54
197 96
198 97
199 98
200 99
201 100
202 101
203 102
204 103
205 103
206 103
207 103
208 103
209 104
210 105
211 106
211 107
211 108
211 109
211 110
211 111
211 112
211 113
211 114
166 88
167 89
168 90
168 91
168 92
168 93
168 94
168 95
168 96
168 97
168 98
169 99
170 100
171 101
172 102
173 103
174 104
175 105
176 105
177 105
176 106
175 107
174 108
173 109
172 109
171 109
170 109
169 109
168 109
167 109
166 110
165 111
164 112
163 113
162 113
161 113
160 113
159 113
158 113
157 113
156 113
168 110
169 111
170 112
171 113
172 114
173 115
174 116
175 116
176 116
175 117
174 118
173 119
172 120
171 121
171 122
171 123
171 124
171 125
171 126
171 127
170 128
169 129
168 129
167 129
166 129
165 129
164 129
163 129
162 129
161 129
160 129
159 130
158 131
157 132
156 133
155 134
154 134
153 133
152 132
151 131
150 130
149 129
148 128
147 127
155 135
155 136
155 137
155 138
155 139
156 140
157 141
158 142
159 143
160 144
161 144
162 144
163 144
164 144
165 144
166 144
165 145
164 146
163 147
162 148
161 149
160 150
159 151
158 152
157 153
156 153
155 153
167 145
168 146
169 147
170 148
171 149
172 150
173 151
174 151
175 151
176 151
177 151
178 151
179 151
180 151
181 151
182 150
183 149
184 148
185 147
186 146
186 145
187 144
188 143
189 142
190 142
191 142
192 141
193 140
194 140
195 140
196 139
197 139
198 138
198 137
198 136
198 135
198 134
199 133
200 133
201 133
202 133
203 133
204 132
205 131
206 130
207 129
208 128
209 127
210 126
199 132
199 131
199 130
199 129
199 128
199 127
198 126
197 125
196 124
195 123
194 122
194 121
194 120
194 119
194 118
194 117
194 116
194 115
194 114
194 113
194 112
195 111
194 110
193 109
192 108
191 107
172 128
173 128
174 128
175 128
176 128
177 128
178 128
179 128
180 128
181 128
182 128
142 99
142 100
142 101
142 102
142 103
142 104
142 105
142 106
142 107
142 108
142 109
141 97
141 96
141 95
141 94
140 93
121 91
122 92
123 93
124 94
125 94
126 94
172
115 76
125 83
128 81
141 77
126 70
118 63
127 54
139 53
139 64
150 56
161 65
117 44
121 31
134 39
106 50
103 37
104 26
113 96
103 99
93 89
82 86
81 76
89 65
94 54
92 98
98 78
100 67
106 62
104 83
111 108
103 111
91 113
79 110
106 121
101 126
90 133
84 135
74 123
63 133
52 128
48 117
36 116
24 116
27 104
25 93
36 86
45 87
56 82
66 87
58 71
47 69
56 58
55 47
44 51
36 40
33 41
30 44
41 39
42 38
44 37
48 36
49 34
52 33
53 30
37 58
26 57
61 44
64 33
76 24
76 40
88 30
89 41
74 46
62 47
71 58
36 72
68 76
61 98
75 98
66 109
23 74
38 102
49 99
38 127
25 129
40 138
42 139
48 140
49 143
51 144
57 146
62 121
70 137
83 146
72 149
106 133
101 141
98 152
112 147
117 132
117 119
127 122
131 133
128 135
129 146
143 144
122 107
130 106
141 98
152 91
155 98
165 87
156 78
167 81
174 69
176 87
187 93
191 81
195 78
186 68
196 65
191 53
194 52
206 42
192 45
189 35
188 33
187 32
176 32
168 43
162 48
155 38
140 24
155 27
178 48
196 95
208 88
212 77
211 66
214 54
208 103
211 114
168 98
177 105
167 109
156 113
176 116
171 127
160 129
147 127
155 139
166 144
155 153
177 151
184 148
185 147
186 146
187 144
189 142
192 141
193 140
196 139
198 138
199 133
210 126
194 122
195 111
191 107
182 128
142 109
140 93
126 94
