1515
119 90
118 90
117 90
116 89
115 88
114 87
113 86
112 85
111 84
110 84
109 84
108 84
107 84
106 83
105 82
104 81
103 80
102 81
101 82
100 83
99 84
98 84
97 84
96 84
95 84
94 84
93 84
92 84
91 84
90 83
89 82
88 81
87 82
86 83
85 84
84 84
83 84
82 84
81 84
80 84
79 84
78 84
77 83
76 82
75 81
74 80
73 79
72 78
72 77
72 76
72 75
72 74
72 73
72 72
72 71
72 70
72 69
72 68
71 67
70 66
69 65
71 79
70 80
69 81
68 82
67 83
66 84
65 84
64 84
63 84
63 83
63 82
63 81
63 80
62 79
61 78
60 79
59 79
58 79
57 79
56 79
64 85
64 86
64 87
64 88
64 89
64 90
64 91
64 92
64 93
64 94
64 95
63 96
62 97
62 98
62 99
62 100
62 101
62 102
62 103
62 104
62 105
62 106
62 107
61 108
60 109
59 110
58 111
57 112
56 113
55 113
54 113
53 113
52 113
51 113
50 113
49 113
48 113
47 113
46 112
45 111
44 110
43 109
42 108
56 114
57 115
58 116
59 117
60 118
61 119
62 119
62 120
62 121
62 122
62 123
62 124
62 125
62 126
62 127
62 128
62 129
62 130
61 130
60 130
59 130
58 130
57 131
56 132
55 133
54 134
53 135
52 136
51 137
50 138
49 139
49 140
49 141
48 141
47 141
46 140
45 139
45 138
45 137
45 136
45 135
45 134
45 133
45 132
45 131
45 130
45 129
45 128
44 128
43 128
42 128
41 127
40 126
39 125
38 124
37 124
36 124
35 124
34 124
33 124
32 124
31 123
30 122
29 121
28 120
27 119
26 118
25 117
37 125
36 126
35 127
34 128
33 129
32 130
32 131
32 132
32 133
32 134
32 135
46 128
50 142
50 143
50 144
51 145
52 146
53 147
54 148
55 149
56 150
57 151
58 152
59 152
61 131
61 132
61 133
61 134
61 135
61 136
61 137
61 138
61 139
111 83
111 82
112 81
113 80
114 79
115 78
116 77
117 76
118 75
119 74
120 73
120 72
120 71
120 70
120 69
120 68
120 67
120 66
120 65
120 64
119 63
119 62
118 62
117 63
116 64
115 65
114 65
113 65
112 65
111 65
110 65
109 65
108 65
107 65
106 66
105 66
104 66
103 66
102 66
101 66
100 66
120 62
121 62
122 62
123 62
124 61
125 60
126 59
126 58
126 57
126 56
126 55
126 54
126 53
126 52
125 51
124 50
123 49
123 48
122 48
121 48
120 48
119 48
118 48
117 48
116 48
115 48
114 48
113 48
112 47
111 46
110 45
109 45
108 45
107 45
106 44
105 43
109 46
108 47
107 48
106 49
105 50
104 51
103 52
102 52
102 51
101 50
100 49
99 48
98 47
97 46
96 45
95 44
94 43
93 44
92 45
91 46
90 47
89 47
88 47
87 47
87 46
87 45
87 44
87 43
87 42
86 41
85 40
84 39
83 38
82 38
81 38
80 38
79 38
78 38
77 38
76 38
75 38
74 38
73 38
72 38
71 39
70 40
69 41
68 42
67 43
66 44
65 45
64 46
63 47
62 48
61 49
60 49
60 50
59 51
58 52
57 53
56 54
55 55
55 56
55 57
55 58
55 59
54 60
53 61
52 62
51 63
50 64
49 65
48 66
47 67
46 68
45 69
44 69
44 68
44 67
44 66
44 65
44 64
43 63
42 62
41 61
40 60
39 59
38 58
37 58
36 58
35 58
34 58
33 58
32 58
31 58
30 58
29 58
28 57
27 56
39 57
40 56
41 55
42 54
42 53
43 53
41 52
40 51
39 50
38 49
37 48
36 47
35 46
34 45
33 44
32 43
43 70
42 71
41 72
40 73
39 74
38 75
37 76
36 76
35 76
34 76
33 76
32 76
31 76
30 76
29 76
28 76
27 75
26 74
25 73
24 72
23 71
35 77
36 78
37 79
38 80
39 81
40 82
41 82
42 82
41 83
40 84
39 85
38 86
37 87
37 88
37 89
37 90
37 91
36 92
35 93
34 94
33 95
32 96
31 97
30 98
29 99
28 99
28 98
28 97
28 96
27 95
26 94
25 93
24 92
23 91
28 100
28 101
28 102
28 103
43 83
44 84
45 85
46 86
47 87
48 88
49 89
50 90
50 91
50 92
50 93
59 48
58 47
57 46
56 46
55 45
54 44
53 43
52 42
51 41
50 40
49 39
48 38
47 37
47 36
46 36
45 37
44 38
44 39
44 40
44 41
48 35
49 34
50 33
51 32
52 31
53 30
54 29
55 29
56 29
57 29
58 28
59 27
60 26
61 25
57 45
57 44
57 43
57 42
58 41
59 40
82 39
81 40
80 41
79 42
78 43
77 44
76 45
75 46
74 47
73 48
73 49
73 50
74 51
75 52
76 53
77 54
78 55
79 56
80 57
81 58
82 59
82 60
82 61
82 62
82 63
83 37
83 36
83 35
83 34
82 33
81 32
80 31
79 30
78 29
77 28
76 27
84 33
85 32
86 31
87 30
88 29
89 28
90 27
91 26
92 25
93 26
94 27
95 27
96 27
97 27
98 27
99 27
100 27
101 27
102 27
103 27
104 27
105 27
106 27
124 48
125 48
126 47
127 47
128 47
129 46
130 45
131 44
132 43
133 42
133 41
133 40
133 39
133 38
133 37
133 36
133 35
133 34
132 33
131 32
130 31
129 30
128 29
127 28
126 27
121 90
120 91
120 92
120 93
120 94
120 95
120 96
120 97
120 98
121 99
122 100
123 101
124 102
125 103
126 104
126 105
125 106
124 107
123 108
122 109
121 110
120 110
119 110
118 110
117 110
116 110
116 109
115 108
114 107
113 106
112 105
111 104
110 103
109 102
108 101
107 100
106 99
106 98
105 97
104 96
103 95
102 96
101 97
100 98
99 99
98 100
97 101
96 102
95 103
94 104
93 104
93 103
93 102
93 101
93 100
93 99
93 98
93 97
92 96
91 95
90 96
89 97
88 98
87 99
86 100
85 101
84 102
83 102
82 102
81 102
81 101
81 100
81 99
80 98
79 97
78 96
80 103
79 104
78 105
77 106
76 107
75 108
75 109
75 110
75 111
75 112
75 113
75 114
75 115
93 105
122 89
123 88
124 87
125 86
126 85
127 84
128 83
129 82
130 81
131 80
132 79
133 78
134 77
135 76
136 75
137 76
138 77
139 78
140 79
141 80
142 81
143 82
144 83
144 84
144 85
144 86
145 82
146 81
147 80
148 79
149 78
150 77
151 76
152 75
153 75
154 75
155 75
156 75
157 75
158 75
159 75
160 74
161 73
162 72
163 71
164 71
165 71
166 71
167 71
168 70
169 69
170 68
171 67
172 66
173 65
174 65
175 65
176 65
177 65
178 65
179 65
180 64
181 63
182 62
183 61
184 60
185 59
164 72
165 73
166 74
167 75
168 76
169 76
170 76
171 76
172 76
171 77
170 78
169 79
168 80
168 81
168 82
168 83
168 84
168 85
168 86
168 87
167 88
166 89
165 90
164 91
163 92
162 93
161 94
160 95
159 95
158 95
157 95
156 96
156 97
156 98
156 99
156 100
157 101
158 102
159 103
160 104
161 105
162 106
163 107
164 108
165 108
166 108
167 108
168 108
169 108
170 107
171 106
173 77
174 78
175 79
176 80
177 81
178 82
179 83
180 83
180 84
180 85
180 86
180 87
180 88
181 89
182 89
183 89
184 89
185 89
186 89
187 89
188 89
189 89
190 89
191 89
192 89
193 89
194 89
195 89
196 89
197 89
198 88
191 90
191 91
191 92
191 93
191 94
191 95
191 96
191 97
191 98
191 99
191 100
190 101
189 102
188 103
187 104
186 105
186 106
186 107
186 108
186 109
186 110
186 111
186 112
185 112
184 113
183 114
182 115
181 116
180 117
179 118
178 119
177 120
176 121
175 121
174 121
173 121
172 121
171 121
170 121
169 121
168 121
167 122
166 123
165 124
164 125
163 126
162 127
161 128
160 129
159 130
159 131
159 132
159 133
158 134
157 135
156 136
155 136
154 136
153 136
152 136
151 136
150 136
149 136
148 136
147 135
146 134
145 133
144 134
143 135
142 135
141 135
141 134
141 133
140 132
139 131
138 130
137 129
136 128
135 127
134 126
133 125
133 124
134 123
135 122
136 121
137 120
138 119
139 118
140 117
141 116
142 115
143 114
144 114
145 114
146 114
147 114
148 114
149 114
150 114
151 114
152 114
153 114
154 114
155 113
143 113
143 112
143 111
143 110
143 109
143 108
143 107
143 106
142 105
141 104
140 103
140 136
139 137
138 138
137 138
136 138
135 138
134 138
133 138
132 138
131 138
130 138
129 138
128 138
127 137
126 136
125 135
124 134
123 133
122 132
121 131
120 130
119 129
118 128
117 127
116 127
115 127
114 127
113 127
112 127
111 127
110 127
109 127
108 127
107 126
106 125
105 125
104 125
103 125
102 125
101 124
100 123
99 122
98 121
97 120
96 119
105 126
104 127
103 128
102 129
102 130
102 131
101 132
100 133
99 134
98 135
97 136
96 137
95 138
94 139
93 140
92 140
92 139
92 138
92 137
92 136
92 135
92 134
92 133
92 132
91 131
90 132
89 133
88 134
87 135
86 136
85 137
84 138
83 139
82 140
81 140
80 140
79 140
78 140
78 139
78 138
78 137
78 136
77 135
76 134
75 133
78 141
78 142
78 143
78 144
78 145
78 146
78 147
78 148
78 149
78 150
78 151
92 141
103 132
103 133
103 134
103 135
103 136
103 137
103 138
103 139
103 140
104 141
105 142
105 143
105 144
105 145
105 146
105 147
105 148
105 149
105 150
105 151
104 152
103 153
102 153
101 153
100 153
99 153
98 153
97 153
96 153
95 153
94 153
116 128
116 129
116 130
116 131
116 132
116 133
116 134
116 135
116 136
116 137
116 138
129 139
130 140
131 141
131 142
131 143
131 144
131 145
131 146
131 147
131 148
131 149
130 150
129 151
128 151
127 151
126 151
125 151
124 151
123 151
122 151
121 151
120 151
119 151
151 137
150 138
149 139
149 140
149 141
149 142
149 143
149 144
149 145
149 146
149 147
149 148
150 149
151 150
152 151
153 151
154 151
155 151
156 151
157 151
158 151
159 151
160 151
161 151
162 151
160 134
161 135
162 136
163 136
164 136
165 136
166 136
167 136
168 136
169 136
170 136
171 136
172 136
173 135
174 134
186 113
186 114
186 115
186 116
186 117
186 118
186 119
186 120
186 121
186 122
187 123
188 124
189 125
190 125
191 125
192 125
193 125
194 125
195 125
196 126
196 127
196 128
196 129
196 130
196 131
196 132
196 133
196 134
196 135
196 136
197 136
198 136
199 136
200 136
201 136
202 136
203 136
204 136
205 136
206 135
207 134
195 137
194 138
193 139
192 140
191 140
190 140
189 140
188 140
187 140
186 140
185 141
185 142
185 143
185 144
185 145
185 146
185 147
184 148
183 149
182 150
182 151
192 101
193 102
194 103
195 104
196 104
197 104
198 104
199 104
200 104
201 104
202 104
203 104
204 104
205 104
206 104
207 103
208 102
209 101
210 100
211 99
212 98
213 97
201 105
202 106
203 107
204 108
205 109
206 110
207 111
208 112
209 113
210 114
210 115
210 116
210 117
210 118
181 82
182 81
183 80
184 79
185 78
186 77
153 76
154 77
155 78
155 79
155 80
155 81
155 82
155 83
152 74
152 73
152 72
152 71
152 70
152 69
152 68
152 67
152 66
152 65
151 64
150 64
149 64
148 64
147 64
146 64
145 64
144 64
143 64
142 64
141 64
140 63
151 63
151 62
151 61
151 60
151 59
152 58
153 57
154 56
155 55
156 54
157 53
157 52
156 52
155 52
154 52
153 52
152 52
151 52
150 52
149 51
148 50
147 49
147 48
147 47
147 46
147 45
146 44
146 43
146 42
146 41
146 40
147 39
148 38
149 37
150 36
151 35
152 34
152 33
151 33
150 33
149 33
148 33
147 33
146 33
145 33
144 32
143 31
142 30
141 29
153 33
154 34
155 35
156 36
157 37
158 38
159 38
160 38
161 38
162 38
163 38
164 38
165 38
166 39
167 40
168 41
169 42
170 43
171 44
172 45
172 46
172 47
172 48
173 48
174 48
175 48
176 48
177 48
178 48
179 48
180 48
181 48
182 48
183 47
184 47
185 46
186 45
187 44
188 43
189 42
190 41
191 40
192 39
193 38
193 37
192 37
191 37
190 37
189 37
188 37
187 36
187 35
187 34
187 33
187 32
186 31
185 30
184 30
183 30
182 30
181 30
180 29
179 28
178 28
177 28
176 28
175 28
174 28
173 28
172 28
171 28
170 28
169 27
168 26
194 37
195 38
196 39
197 40
198 41
199 42
199 43
199 44
199 45
199 46
199 47
199 48
199 49
200 49
201 49
202 49
203 49
204 48
205 47
206 46
207 45
208 44
209 43
210 42
200 50
201 51
201 52
201 53
201 54
201 55
201 56
201 57
201 58
201 59
201 60
201 61
201 62
202 62
203 62
204 62
205 62
206 62
207 62
208 62
209 61
210 60
211 59
212 58
213 57
214 56
202 63
201 63
201 64
201 65
201 66
201 67
201 68
201 69
201 70
201 71
201 72
201 73
203 64
204 65
205 66
206 67
207 68
208 69
209 70
210 70
211 70
212 70
213 71
214 72
215 73
215 74
215 75
215 76
215 77
215 78
215 79
215 80
215 81
215 82
215 83
158 52
163
111 84
103 80
97 84
88 81
84 84
72 78
69 65
63 84
61 78
56 79
64 95
62 107
55 113
42 108
62 119
62 130
58 130
49 141
45 139
38 124
25 117
32 135
46 128
50 144
59 152
61 139
120 73
118 62
107 65
100 66
126 59
122 48
110 45
105 43
102 52
94 43
87 47
83 38
72 38
61 49
55 59
44 69
38 58
27 56
43 53
32 43
34 76
23 71
42 82
37 91
23 91
28 103
50 93
57 46
46 36
44 41
48 35
54 29
61 25
59 40
73 50
82 63
76 27
92 25
106 27
126 47
133 42
126 27
120 98
126 105
116 110
106 99
103 95
91 95
81 102
78 96
75 115
93 105
123 88
136 75
144 86
152 75
163 71
173 65
185 59
172 76
168 87
157 95
156 100
168 108
171 106
180 88
191 89
198 88
191 100
186 111
174 121
168 121
159 133
152 136
145 133
141 135
133 125
143 114
155 113
140 103
128 138
117 127
106 125
96 119
102 131
91 131
78 140
75 133
78 151
92 141
103 140
105 151
94 153
116 138
131 149
119 151
149 148
162 151
163 136
174 134
186 122
195 125
196 136
207 134
186 140
185 147
184 148
182 151
200 104
213 97
210 118
186 77
155 83
151 64
140 63
147 49
146 44
141 29
153 33
165 38
172 48
183 47
187 36
186 31
185 30
179 28
168 26
194 37
195 38
199 49
210 42
201 62
214 56
201 73
212 70
215 83
158 52
