1520
119 90
118 90
117 90
116 90
115 90
114 90
113 90
112 90
111 90
110 89
109 89
108 88
107 87
106 86
105 85
104 84
103 83
102 82
101 81
101 80
100 80
99 81
98 82
97 83
96 83
95 83
94 83
93 83
92 83
91 82
90 81
89 80
89 79
89 78
89 77
89 76
88 75
87 74
86 73
85 72
84 71
83 70
82 69
81 68
88 81
87 82
86 83
85 83
84 83
83 83
82 83
81 83
80 83
79 83
78 83
77 83
76 83
75 83
74 83
73 82
72 81
71 82
70 83
69 84
68 84
67 84
66 84
65 84
64 84
64 83
64 82
64 81
64 80
64 79
64 78
64 77
63 76
62 75
61 74
60 73
59 72
58 71
58 70
57 70
59 69
60 68
61 67
62 66
63 65
64 64
65 63
65 62
65 61
65 60
65 59
65 58
65 57
65 56
65 55
64 54
63 53
62 52
61 52
60 52
59 51
58 50
57 49
57 48
57 47
57 46
56 45
55 44
54 43
53 42
52 41
51 40
50 39
49 38
49 37
49 36
49 35
49 34
50 33
51 32
52 31
53 30
53 29
54 28
55 28
56 28
57 27
58 27
59 27
60 27
61 27
62 27
63 27
64 27
65 27
66 27
67 27
68 26
69 26
70 26
71 26
72 26
73 26
74 26
75 26
76 26
77 26
78 26
79 26
80 26
81 26
48 39
47 39
46 39
45 39
44 39
43 39
42 39
41 39
40 39
39 39
38 40
37 41
37 42
37 43
37 44
37 45
37 46
37 47
37 48
37 49
37 50
37 51
37 52
37 53
37 54
37 55
37 56
37 57
37 58
37 59
38 60
39 60
40 60
41 60
42 60
41 61
40 62
39 63
38 64
37 65
36 66
35 67
35 68
35 69
35 70
34 70
33 70
32 70
31 69
30 68
29 67
28 66
27 65
26 64
25 63
24 62
24 61
24 60
24 59
24 58
24 57
24 56
24 55
24 54
24 53
24 52
24 51
34 71
33 72
32 73
31 74
30 75
29 75
28 75
27 75
26 75
25 75
24 75
36 71
37 72
38 73
39 73
40 73
41 73
42 73
43 73
44 73
45 73
44 74
43 75
42 76
41 77
40 78
39 79
38 80
37 81
36 82
35 83
34 84
33 85
32 86
31 87
30 88
29 89
28 90
27 91
26 91
25 91
58 45
59 44
60 43
61 42
62 41
63 41
64 41
65 41
66 41
67 41
68 41
69 41
70 41
71 41
72 41
73 40
74 39
63 85
62 86
61 87
60 88
60 89
60 90
60 91
60 92
60 93
60 94
60 95
59 95
58 95
57 95
56 94
55 93
54 92
53 91
52 90
51 89
50 88
49 87
48 86
59 96
58 97
57 98
56 99
55 100
54 101
53 101
52 101
51 102
50 103
49 103
48 103
47 103
46 103
45 103
44 103
43 103
42 103
41 103
41 102
41 101
40 100
39 99
38 98
40 104
39 105
38 106
37 107
36 108
35 109
34 110
34 111
34 112
33 112
32 112
31 112
30 112
29 111
28 110
27 109
26 108
25 107
24 106
23 105
33 113
32 114
31 115
30 116
29 117
28 118
27 119
26 120
25 121
24 121
23 121
35 113
36 114
37 115
38 116
39 117
40 118
41 118
42 118
43 118
44 118
45 118
46 118
47 118
48 118
49 118
50 118
51 118
52 118
53 118
54 118
42 119
41 120
40 121
40 122
40 123
40 124
40 125
40 126
39 127
38 128
37 129
36 130
35 131
34 132
33 132
32 132
31 132
30 132
29 132
30 133
31 134
32 135
33 136
34 137
35 137
36 137
37 138
38 138
39 138
40 138
41 139
42 140
43 141
44 141
45 141
46 141
47 141
48 142
41 127
42 128
43 129
44 130
45 130
46 130
47 130
48 130
49 130
50 130
51 130
52 131
53 132
54 133
55 134
56 135
57 136
58 137
59 137
59 136
59 135
59 134
59 133
59 132
60 131
61 130
62 129
63 128
64 127
65 126
66 125
60 138
61 139
62 140
62 141
62 142
62 143
62 144
62 145
62 146
62 147
62 148
63 148
64 148
65 148
66 148
67 148
68 148
69 148
70 148
71 148
72 148
73 148
73 147
73 146
73 145
73 144
73 143
73 142
73 141
73 140
74 139
75 138
76 137
77 137
78 137
79 137
80 137
81 136
82 135
83 134
84 133
84 132
84 131
85 130
86 129
87 128
88 127
89 126
90 125
91 124
92 123
93 122
85 134
86 135
87 136
88 136
89 136
90 136
91 136
92 136
93 136
94 136
95 136
96 135
97 134
98 133
99 134
100 135
101 136
102 136
103 136
104 136
105 136
106 136
107 136
108 135
109 134
110 133
111 132
112 131
112 130
112 129
112 128
112 127
112 126
112 125
112 124
112 123
112 122
113 121
114 120
115 119
116 118
104 137
105 138
106 139
107 140
108 141
109 142
110 143
111 144
112 145
113 145
114 145
115 145
116 145
117 145
118 145
119 145
120 145
121 145
122 145
123 144
124 143
125 142
126 141
127 142
128 143
129 144
130 145
131 146
131 147
131 148
131 149
131 150
131 151
131 152
131 153
132 153
133 153
134 153
135 153
136 153
137 153
138 153
139 153
140 152
141 151
142 150
113 146
112 147
111 148
110 148
109 148
108 148
107 148
106 148
105 148
104 148
103 148
77 138
78 139
79 140
80 141
81 142
82 143
83 144
84 145
85 146
86 147
87 147
61 96
62 97
63 98
64 99
65 100
66 101
67 102
68 103
69 104
70 104
70 103
70 102
70 101
70 100
71 99
72 98
73 97
74 96
75 97
76 98
77 99
78 99
79 99
80 99
81 99
82 100
83 101
83 102
83 103
83 104
83 105
83 106
83 107
83 108
83 109
83 110
82 111
82 112
82 113
82 114
82 115
82 116
82 117
82 118
82 119
82 120
82 121
70 105
96 84
95 85
94 86
94 87
94 88
94 89
94 90
94 91
94 92
94 93
94 94
95 95
96 96
96 97
96 98
97 99
97 100
97 101
97 102
97 103
97 104
97 105
97 106
97 107
97 108
97 109
97 110
102 79
103 78
104 77
105 76
106 75
105 74
104 73
103 72
102 71
101 70
100 69
100 68
100 67
101 66
102 65
103 64
104 63
105 62
106 61
106 60
106 59
105 58
104 57
103 56
102 55
101 54
100 53
99 52
98 52
97 52
96 52
95 51
94 50
93 49
92 48
91 47
90 46
89 45
88 44
87 45
86 46
85 47
84 48
83 49
82 50
82 51
82 52
82 53
82 54
82 55
99 51
99 50
99 49
99 48
99 47
99 46
99 45
99 44
119 91
118 92
117 93
116 94
115 95
114 96
113 97
112 98
111 99
110 100
120 89
121 91
122 92
123 93
124 94
125 95
126 96
127 97
128 98
129 98
130 98
131 98
132 97
133 96
134 97
135 98
136 99
137 100
138 101
139 101
140 101
141 101
142 101
143 101
144 101
144 100
144 99
144 98
144 97
144 96
145 95
146 95
146 96
147 97
148 98
149 99
150 100
151 101
152 102
153 102
154 102
155 102
156 102
156 101
156 100
156 99
156 98
156 97
157 96
158 97
159 98
160 99
161 100
162 100
163 100
164 100
165 100
166 100
167 100
167 99
167 98
167 97
168 96
169 95
169 94
169 93
169 92
170 91
171 90
172 89
173 88
174 87
175 86
176 85
177 84
178 84
179 84
180 84
181 84
182 84
183 84
184 84
185 83
186 82
187 81
188 80
188 79
189 78
190 77
191 76
192 75
193 74
194 73
194 72
193 72
192 72
191 72
190 72
189 72
188 71
187 70
186 69
195 72
195 71
195 70
195 69
195 68
195 67
196 66
197 65
198 64
199 63
200 62
201 61
202 61
203 61
204 61
205 61
206 61
207 61
208 61
209 61
210 61
211 61
212 61
213 61
201 60
200 59
199 58
198 57
197 56
196 55
195 54
194 53
193 52
192 51
192 50
192 49
192 48
192 47
192 46
192 45
193 44
194 43
195 42
196 41
197 40
196 39
195 38
194 37
193 37
192 37
191 36
190 35
189 34
189 33
188 32
187 31
186 30
185 29
184 28
183 27
183 26
182 25
181 24
188 35
187 36
186 37
185 38
184 38
183 38
182 38
181 38
180 38
179 38
178 38
177 39
176 40
175 41
174 42
173 43
172 44
171 45
170 46
169 47
168 47
168 46
167 45
166 44
166 43
166 42
166 41
166 40
166 39
166 38
166 37
166 36
166 35
166 34
166 33
165 33
164 33
163 33
162 33
161 33
160 33
159 33
158 32
157 31
156 30
155 29
165 45
164 46
163 47
162 47
161 47
160 47
159 47
158 47
157 47
157 46
157 45
156 44
155 43
154 42
153 42
152 42
151 42
150 41
149 40
148 39
147 38
146 37
145 36
144 35
143 34
142 33
141 34
140 35
139 36
139 37
139 38
139 39
139 40
139 41
139 42
139 43
139 44
138 45
138 46
138 47
138 48
138 49
138 50
138 51
137 51
136 51
135 50
134 49
133 48
132 47
131 46
130 45
129 44
128 43
127 43
127 42
126 42
125 42
124 42
123 42
122 42
121 42
120 42
119 42
118 42
117 42
116 41
127 41
127 40
127 39
127 38
127 37
127 36
127 35
127 34
127 33
127 32
128 31
128 30
127 30
126 30
125 30
124 30
123 30
122 29
121 28
120 27
119 26
118 25
117 24
116 25
115 26
114 27
113 28
112 28
111 28
110 28
109 28
108 28
107 28
106 28
105 28
104 28
103 28
102 28
101 28
100 28
99 28
98 28
97 28
96 27
95 26
94 25
129 30
127 44
127 45
127 46
127 47
127 48
168 48
169 49
170 50
171 51
172 52
173 53
174 54
175 55
175 56
174 57
173 58
172 59
171 60
170 60
169 60
168 60
167 60
166 60
165 60
164 60
163 60
162 60
161 60
160 60
159 60
158 60
157 60
156 60
155 60
198 41
199 41
200 41
201 41
202 41
203 41
204 42
205 43
206 44
207 44
208 44
191 52
190 53
189 81
190 82
191 83
192 84
193 85
194 86
193 87
192 88
191 89
190 90
189 91
188 92
187 93
186 94
185 95
184 95
195 87
196 88
197 89
198 90
199 91
200 92
201 93
201 94
201 95
201 96
201 97
202 97
203 97
204 97
205 97
206 97
207 97
208 97
209 97
210 96
211 95
212 94
213 93
213 92
213 91
213 90
213 89
213 88
213 87
213 86
212 85
211 84
210 83
209 82
208 81
202 98
203 99
204 100
205 101
206 102
207 103
208 104
209 105
210 105
211 105
212 105
213 105
170 96
171 97
172 98
172 99
168 101
169 102
170 103
171 104
172 105
173 106
174 107
175 108
175 109
175 110
175 111
174 112
173 113
172 114
171 115
170 115
169 115
168 115
167 115
166 115
165 115
164 115
163 115
162 115
161 115
160 115
159 115
158 115
157 115
156 115
155 115
154 115
153 115
152 115
162 116
161 117
160 118
159 119
158 120
157 121
156 122
155 123
155 124
155 125
155 126
155 127
154 128
153 129
152 130
152 131
152 132
152 133
152 134
152 135
151 135
150 135
149 134
148 133
147 132
146 131
145 130
144 129
143 130
142 131
141 132
141 133
141 134
141 135
141 136
140 136
139 136
138 135
137 134
136 133
135 132
134 131
133 130
132 129
131 128
156 128
157 129
158 130
159 131
160 132
161 133
162 134
163 134
163 135
164 133
165 132
166 131
167 132
168 133
169 134
170 135
171 136
172 137
173 138
174 139
175 140
176 141
177 142
176 143
175 144
174 145
173 146
172 147
171 148
171 149
171 150
171 151
171 152
171 153
170 153
169 153
168 153
167 153
166 153
165 153
164 153
163 153
162 153
161 153
160 153
159 153
158 153
178 143
179 144
180 145
181 146
182 147
182 148
183 148
182 149
182 150
182 151
182 152
182 153
184 147
185 146
186 145
187 144
188 143
189 142
190 141
191 140
192 140
193 140
194 140
195 140
196 139
196 138
197 138
196 137
196 136
196 135
195 134
194 133
193 132
192 131
191 130
190 129
189 128
189 127
190 126
191 125
192 124
193 123
194 122
195 122
196 122
197 122
198 122
199 122
200 122
201 122
202 121
203 120
204 119
205 118
194 121
194 120
194 119
194 118
194 117
193 116
192 115
191 114
192 113
193 112
194 111
188 129
187 129
186 129
185 129
184 129
183 129
182 129
181 129
180 129
179 129
178 129
198 137
199 136
200 135
201 134
202 134
203 134
204 134
205 134
206 134
207 134
208 134
209 134
210 134
211 134
212 133
213 132
214 131
145 94
145 93
145 92
145 91
145 90
144 89
143 88
142 87
141 86
140 85
139 84
139 83
139 82
140 81
141 80
147 94
148 93
149 92
150 91
151 90
152 89
153 88
154 87
155 86
156 85
156 84
156 83
156 82
156 81
156 80
157 79
158 78
159 77
160 76
161 75
162 74
163 74
164 74
165 74
166 74
167 74
168 74
169 74
170 74
171 73
129 99
128 100
127 101
126 102
125 103
124 104
123 104
122 104
123 105
124 106
125 107
126 108
127 109
128 110
129 110
130 110
131 110
121 88
122 87
123 86
124 85
125 84
125 83
125 82
125 81
124 81
123 80
122 79
121 78
120 77
119 76
118 75
117 74
117 73
117 72
118 71
119 70
120 69
121 68
122 67
123 66
124 65
125 64
125 63
124 63
123 63
122 63
121 63
120 63
119 62
118 61
126 63
127 64
128 64
129 64
130 64
131 64
132 64
133 64
134 64
135 64
136 64
137 64
125 80
126 79
127 78
176
110 89
100 80
97 83
89 80
81 68
83 83
72 81
64 84
61 74
57 70
65 63
62 52
57 49
49 38
50 33
51 32
53 30
54 28
57 27
68 26
81 26
39 39
37 48
37 59
42 60
35 70
24 62
24 51
24 75
45 73
36 82
25 91
62 41
74 39
60 95
48 86
52 101
41 103
38 98
34 112
23 105
23 121
43 118
54 118
40 126
29 132
36 137
40 138
47 141
48 142
51 130
59 137
66 125
62 148
73 148
76 137
84 133
93 122
89 136
98 133
103 136
112 131
116 118
114 145
126 141
131 153
142 150
103 148
87 147
74 96
81 99
83 110
82 121
70 105
94 94
96 98
97 110
106 75
100 69
106 61
99 52
88 44
82 55
99 44
110 100
130 98
133 96
144 101
145 95
156 102
157 96
167 100
169 95
177 84
188 80
186 69
195 72
201 61
213 61
192 51
197 40
195 38
194 37
191 36
190 35
189 34
183 27
181 24
178 38
166 44
166 33
155 29
157 47
154 42
142 33
139 44
138 51
127 42
116 41
117 24
105 28
94 25
129 30
127 48
168 48
175 56
167 60
155 60
203 41
208 44
190 53
194 86
184 95
201 97
213 93
208 81
213 105
172 99
175 111
163 115
152 115
155 127
152 135
144 129
141 136
131 128
163 135
166 131
177 142
171 153
158 153
182 153
189 142
191 140
196 139
189 128
194 122
205 118
191 114
194 111
178 129
201 134
214 131
139 84
141 80
156 85
162 74
171 73
122 104
131 110
125 84
117 74
118 61
126 63
137 64
127 78
