1559
119 90
118 90
117 90
116 90
115 90
114 90
113 90
112 89
111 88
110 87
109 88
108 89
107 90
106 91
105 92
104 93
103 93
102 93
101 93
100 93
99 93
98 93
97 93
96 93
95 93
94 93
93 93
92 93
91 93
90 92
89 91
88 90
87 89
86 88
85 88
84 88
83 88
82 87
81 86
80 85
79 84
78 83
77 82
76 81
76 80
75 80
74 81
74 82
74 83
74 84
74 85
74 86
74 87
74 88
73 88
72 88
71 87
70 86
69 85
68 84
67 83
66 82
65 81
64 80
63 79
63 78
63 77
63 76
63 75
64 75
63 74
62 73
61 72
60 71
59 70
58 69
57 68
57 67
57 66
57 65
57 64
57 63
57 62
57 61
57 60
57 59
57 58
57 57
56 57
55 57
54 57
53 57
52 57
51 57
50 57
49 57
48 56
47 55
46 54
45 53
44 52
43 51
42 50
41 49
40 48
40 47
40 46
40 45
40 44
40 43
40 42
41 41
42 40
43 39
44 38
45 38
46 37
47 36
48 35
49 34
50 33
51 32
52 31
53 30
54 29
54 28
55 27
55 30
56 31
56 32
56 33
56 34
56 35
56 36
56 37
56 38
56 39
56 40
57 40
58 39
59 38
60 37
61 36
62 35
63 34
64 33
65 32
66 31
67 30
68 29
44 54
43 55
42 56
41 57
40 57
39 57
38 57
37 56
36 55
35 54
34 53
33 52
32 51
31 50
30 49
29 48
28 47
27 46
26 45
25 44
37 58
36 59
36 60
36 61
36 62
36 63
36 64
36 65
36 66
36 67
36 68
35 68
34 68
33 68
32 68
31 68
30 68
29 67
28 66
27 65
26 64
25 63
37 68
38 68
39 68
40 68
41 68
42 68
43 68
44 68
58 57
59 57
60 57
61 56
62 55
62 54
63 53
64 52
65 51
66 50
67 49
68 48
69 47
70 46
71 45
72 44
73 44
74 44
75 44
76 44
77 44
78 44
79 44
80 44
81 43
82 42
83 41
83 40
83 39
83 38
83 37
83 36
83 35
83 34
83 33
83 32
83 31
82 30
84 42
85 43
86 44
87 45
87 46
87 47
88 48
89 49
89 50
89 51
89 52
89 53
89 54
89 55
89 56
89 57
89 58
89 59
90 59
91 59
92 59
93 59
94 59
95 59
96 59
97 59
98 59
99 59
100 58
101 57
102 57
103 57
104 57
105 57
106 57
107 56
107 55
107 54
107 53
107 52
106 51
105 50
104 49
103 48
102 47
102 46
101 46
101 45
100 44
100 43
100 42
100 41
100 40
100 39
100 38
99 37
98 36
97 35
96 34
96 33
95 33
97 33
98 33
99 33
100 33
101 33
102 33
103 33
104 33
105 32
106 31
103 46
104 46
105 46
106 45
73 45
74 46
75 47
75 48
75 49
75 50
75 51
75 52
65 74
66 73
67 72
68 71
69 70
70 69
71 68
62 80
62 81
62 82
62 83
62 84
62 85
62 86
62 87
62 88
62 89
62 90
61 90
61 91
60 92
59 92
58 92
57 92
56 92
55 92
54 92
53 92
52 92
51 92
50 93
49 94
48 95
47 96
46 97
46 98
46 99
46 100
46 101
46 102
46 103
45 103
44 103
43 103
42 102
41 101
40 100
39 99
38 98
37 98
36 98
35 97
34 96
33 95
32 94
31 93
30 92
29 91
28 90
28 89
27 89
27 88
27 87
27 86
27 85
27 84
27 83
27 82
27 81
27 80
26 79
25 78
24 77
23 76
29 89
30 89
31 89
32 89
33 89
34 88
35 87
36 86
37 85
38 84
45 104
44 105
43 106
42 107
41 108
40 109
39 110
38 111
37 112
36 112
35 112
34 112
33 112
32 112
31 111
30 110
29 109
28 108
27 107
26 106
25 105
47 104
48 105
48 106
48 107
48 108
48 109
48 110
48 111
48 112
48 113
48 114
52 93
53 94
54 95
55 96
56 97
57 98
57 99
57 100
57 101
57 102
57 103
58 104
59 105
60 106
61 106
62 106
63 106
64 106
65 106
66 106
67 106
68 106
69 106
60 89
59 88
58 87
57 86
56 85
55 84
54 83
53 82
52 81
51 80
77 80
78 80
79 80
80 80
81 80
82 79
83 78
84 77
85 76
86 75
87 74
88 73
85 89
85 90
85 91
85 92
85 93
85 94
85 95
85 96
85 97
85 98
84 99
83 100
83 101
83 102
83 103
83 104
83 105
83 106
83 107
83 108
83 109
83 110
82 111
81 112
80 113
79 114
78 115
77 116
76 117
75 118
74 119
74 120
74 121
74 122
73 123
72 124
71 124
70 124
69 124
68 124
67 124
66 124
65 124
64 124
63 124
62 125
61 126
60 127
59 128
58 129
57 130
56 131
55 132
54 132
53 132
52 132
51 132
52 133
53 134
54 135
55 136
56 137
57 138
58 139
59 139
60 139
61 139
62 139
61 140
60 141
59 142
58 143
57 144
56 145
55 145
54 145
53 145
52 145
51 145
51 144
50 143
49 143
48 143
47 142
46 141
45 140
44 139
43 138
42 137
41 136
40 135
39 134
39 133
38 132
37 131
36 130
35 129
34 128
33 127
32 126
31 125
52 146
53 147
54 148
55 149
56 150
57 151
58 151
75 123
76 124
77 125
78 126
79 126
80 126
81 126
82 126
83 126
84 126
85 126
86 127
87 128
87 129
87 130
87 131
87 132
87 133
87 134
87 135
87 136
87 137
86 138
85 139
84 140
83 141
82 142
81 142
80 142
79 142
78 142
77 142
76 142
76 141
76 140
76 139
76 138
76 137
76 136
76 135
75 134
74 133
76 143
76 144
76 145
76 146
76 147
76 148
76 149
76 150
76 151
76 152
76 153
100 94
100 95
100 96
100 97
100 98
100 99
100 100
100 101
99 102
98 103
97 104
97 105
97 106
97 107
97 108
97 109
97 110
97 111
97 112
101 102
102 103
103 104
104 105
105 106
106 107
107 108
108 109
109 110
110 111
111 112
112 113
113 114
114 115
115 116
116 116
117 116
118 116
119 116
120 116
121 116
122 117
123 118
124 119
125 120
126 121
127 122
128 122
129 122
129 123
129 124
129 125
129 126
129 127
129 128
129 129
129 130
129 131
129 132
129 133
128 134
127 135
126 136
125 136
124 136
123 136
123 137
122 138
122 139
122 140
122 141
122 142
122 143
122 144
122 145
122 146
122 147
122 148
123 149
124 150
125 151
126 152
127 152
128 152
129 152
130 152
131 152
132 152
133 152
122 135
121 134
120 133
119 132
118 131
117 130
116 129
115 130
114 131
113 132
112 132
111 132
110 132
109 132
108 132
107 132
106 132
105 132
104 132
103 132
102 132
103 133
104 134
105 135
106 136
107 137
107 138
107 139
107 140
107 141
107 142
107 143
107 144
106 145
105 146
104 147
103 148
102 149
101 150
100 151
99 152
98 153
97 153
96 153
95 153
94 153
93 153
92 153
130 134
131 135
132 136
133 137
134 138
135 139
136 140
137 140
119 91
118 92
117 93
116 94
115 95
114 96
113 97
112 98
111 99
111 100
121 91
122 92
123 93
124 93
125 93
126 94
127 95
128 96
128 97
128 98
128 99
128 100
128 101
128 102
128 103
128 104
127 104
126 104
125 104
124 104
123 104
122 104
129 104
130 104
131 104
132 104
133 104
134 104
135 104
136 104
137 104
138 104
139 104
140 104
141 104
142 104
141 105
142 106
143 107
143 108
143 109
143 110
143 111
143 112
143 113
143 114
143 115
144 116
145 117
146 118
147 119
148 120
149 120
150 120
151 120
152 120
153 120
154 120
153 121
152 122
151 123
150 124
149 125
148 126
147 127
146 127
145 127
144 127
143 127
144 128
145 129
146 130
147 131
148 132
149 132
150 132
151 132
152 132
153 132
154 132
154 133
154 134
154 135
154 136
154 137
154 138
154 139
154 140
154 141
154 142
154 143
155 144
156 145
157 146
158 147
159 148
160 149
161 150
162 151
163 152
164 152
165 152
143 103
144 102
145 101
146 100
147 99
148 98
149 97
149 96
148 96
147 96
146 96
145 96
144 96
143 96
142 95
141 94
140 93
139 92
138 91
138 90
138 89
138 88
138 87
138 86
138 85
138 84
139 83
140 82
141 81
141 80
141 79
141 78
141 77
141 76
141 75
141 74
141 73
141 72
141 71
141 70
140 70
139 71
138 72
137 73
136 74
135 75
134 76
133 77
132 78
131 78
130 78
129 78
128 78
127 78
126 77
125 76
124 75
123 74
122 73
142 70
143 70
144 70
145 70
146 69
147 68
148 67
149 66
150 65
151 64
150 63
149 62
148 61
147 60
146 59
145 58
144 57
143 56
142 55
141 54
141 53
140 53
140 52
140 51
140 50
140 49
139 48
138 47
137 46
136 45
135 44
134 43
133 44
132 45
131 46
130 47
129 48
129 49
128 50
127 51
126 52
126 53
126 54
126 55
126 56
126 57
126 58
126 59
126 60
125 61
124 61
123 61
122 61
121 61
120 61
119 62
118 63
117 64
116 65
115 66
114 67
113 68
112 69
111 70
110 71
109 72
108 72
107 72
106 72
105 72
104 72
103 71
128 47
127 46
126 45
125 44
124 43
123 42
122 41
121 40
142 53
143 53
144 53
145 53
146 53
147 53
148 52
149 51
150 50
151 49
151 48
151 47
151 46
151 45
151 44
151 43
150 42
149 41
148 40
148 39
147 38
146 37
145 36
144 35
143 34
142 33
141 32
140 31
139 30
138 29
137 28
137 27
136 27
135 27
134 27
133 27
132 27
131 27
130 27
129 27
128 27
127 27
126 27
125 27
124 27
138 27
139 27
140 27
141 27
142 27
143 27
144 27
145 27
146 27
147 26
148 25
150 96
151 97
152 98
153 99
154 100
154 101
154 102
155 102
154 103
154 104
154 105
154 106
156 101
157 100
158 99
159 98
160 97
161 96
161 95
161 94
161 93
161 92
161 91
161 90
161 89
162 88
163 87
164 86
164 85
163 85
162 85
161 84
160 83
159 82
158 81
157 80
156 79
155 78
154 78
154 77
154 76
155 75
156 74
157 73
158 72
159 71
160 70
161 69
162 68
163 67
164 66
164 65
164 64
164 63
164 62
164 61
164 60
164 59
164 58
164 57
164 56
164 55
163 54
154 79
154 80
154 81
154 82
154 83
165 85
165 84
165 83
166 82
167 81
168 80
169 81
170 81
171 81
172 81
173 81
174 81
175 81
176 81
177 80
178 79
179 78
180 77
181 76
182 75
182 74
182 73
182 72
182 71
182 70
183 70
184 69
185 68
186 67
187 66
188 65
189 64
190 63
191 62
192 62
193 62
194 62
195 61
196 60
197 61
198 62
199 63
200 64
201 65
202 66
203 67
204 68
204 69
204 70
204 71
204 72
205 73
206 74
207 75
208 76
209 77
210 77
211 77
212 77
213 77
214 77
215 77
181 69
180 68
179 67
178 66
177 65
176 64
176 63
176 62
176 61
176 60
176 59
176 58
176 57
176 56
176 55
176 54
176 53
177 52
177 51
176 50
175 49
174 48
173 47
172 46
171 45
170 44
169 43
169 42
168 42
168 41
168 40
168 39
168 38
168 37
167 36
166 35
165 34
164 33
163 32
162 31
170 42
171 42
172 42
173 41
174 40
175 39
176 38
177 37
178 36
179 35
179 34
179 33
179 32
179 31
179 30
179 29
178 28
177 27
176 26
175 25
174 24
180 36
181 37
182 38
183 39
184 40
185 41
186 42
187 42
188 42
189 42
190 42
191 42
192 42
193 42
194 42
195 42
196 42
197 42
198 42
199 42
200 41
201 40
202 41
203 41
204 41
205 41
206 42
207 42
208 42
209 42
210 42
211 42
212 42
213 42
214 42
213 43
212 44
211 45
210 46
210 47
210 48
210 49
210 50
210 51
210 52
210 53
210 54
210 55
210 56
162 97
163 98
164 98
165 98
166 98
167 98
168 98
169 98
170 98
171 98
172 98
173 98
174 98
175 98
176 97
177 98
178 99
179 100
180 101
181 102
182 102
183 102
184 102
185 102
186 102
187 102
188 102
189 102
190 102
191 102
192 102
193 102
194 101
195 100
196 99
196 98
196 97
196 96
195 96
194 95
193 94
192 93
191 92
190 91
189 90
196 95
196 94
196 93
196 92
197 91
198 90
199 89
200 88
201 89
202 90
203 91
204 92
205 93
206 94
207 95
208 95
209 95
210 95
211 95
212 95
188 103
189 104
190 105
191 106
192 107
193 108
194 109
194 110
194 111
193 112
192 113
191 113
190 113
189 113
188 113
187 113
186 113
185 113
184 113
195 112
196 113
197 114
198 115
199 116
200 117
201 118
201 119
201 120
201 121
201 122
202 122
203 122
204 121
205 120
206 119
207 118
208 117
209 116
210 115
211 114
212 113
213 112
214 111
200 123
199 124
198 125
197 126
196 126
195 126
194 126
193 126
192 126
191 125
193 127
194 128
195 129
196 130
197 131
198 132
199 133
200 134
201 135
202 135
203 135
204 135
205 135
206 135
207 135
208 135
209 135
210 135
211 134
212 133
213 132
214 131
202 136
201 137
200 137
199 137
198 137
197 137
196 138
196 139
195 139
194 139
193 139
192 139
191 139
190 139
189 139
188 139
187 139
186 139
185 138
184 138
183 138
182 138
181 138
180 138
179 138
178 138
177 138
176 138
175 138
174 137
184 139
184 140
184 141
184 142
184 143
184 144
184 145
184 146
184 147
184 148
183 149
183 150
182 151
181 152
180 152
179 152
178 152
177 152
167 99
167 100
167 101
167 102
167 103
167 104
167 105
167 106
167 107
167 108
167 109
168 110
169 111
170 112
171 113
171 114
170 115
169 116
168 117
167 118
166 119
166 120
166 121
166 122
166 123
166 124
172 115
173 116
174 117
175 118
176 119
177 120
178 121
178 122
178 123
178 124
178 125
161
110 87
99 93
86 88
75 80
74 88
63 79
57 68
57 57
45 53
40 48
44 38
54 29
55 27
56 40
68 29
38 57
25 44
36 68
25 63
44 68
62 55
72 44
83 41
82 30
87 47
89 59
101 57
107 56
101 46
100 44
95 33
106 31
106 45
75 52
71 68
62 90
51 92
46 103
38 98
27 89
23 76
38 84
36 112
25 105
48 114
57 103
69 106
51 80
88 73
85 98
83 110
74 122
63 124
51 132
62 139
51 145
50 143
39 134
31 125
58 151
85 126
87 137
76 142
74 133
76 153
100 101
97 112
110 111
121 116
129 122
129 133
124 136
122 148
133 152
116 129
102 132
107 144
92 153
137 140
111 100
125 93
128 104
122 104
140 104
143 115
154 120
143 127
154 132
154 143
165 152
138 91
141 81
140 70
129 78
122 73
151 64
140 53
134 43
129 49
126 60
120 61
107 72
103 71
121 40
151 49
148 40
136 27
124 27
148 25
150 96
154 106
161 96
154 77
164 66
163 54
154 83
165 85
168 80
171 81
182 75
191 62
196 60
204 72
215 77
176 64
177 52
168 42
162 31
179 35
174 24
190 42
201 40
205 41
214 42
210 56
166 98
176 97
187 102
196 99
189 90
200 88
212 95
194 111
184 113
201 122
214 111
192 126
191 125
203 135
214 131
197 137
196 139
185 138
174 137
184 148
183 150
177 152
167 109
171 114
166 124
178 125
