3049
278 203
277 204
277 205
277 206
277 207
277 208
277 209
278 210
279 211
280 212
281 213
282 214
283 215
284 216
285 216
286 216
287 216
288 216
289 216
288 217
287 218
286 219
285 220
284 221
283 222
282 223
281 224
280 225
279 226
278 227
277 228
276 228
275 228
274 229
274 230
274 231
274 232
274 233
274 234
274 235
274 236
274 237
274 238
274 239
274 240
274 241
274 242
274 243
273 243
272 243
271 243
270 243
269 243
268 243
267 243
266 243
265 243
264 243
263 242
262 241
261 240
260 239
259 238
258 237
257 236
256 236
255 236
254 236
253 236
252 236
251 236
250 236
249 236
248 236
247 236
246 235
245 234
244 233
243 232
242 231
241 230
240 229
239 228
238 227
237 226
236 227
236 228
236 229
236 230
236 231
236 232
236 233
236 234
236 235
236 236
236 237
236 238
236 239
236 240
236 241
236 242
235 242
234 242
233 242
232 242
231 242
230 242
229 242
228 241
227 240
226 239
225 238
224 237
223 236
222 235
221 234
220 233
219 232
218 231
217 230
216 229
215 229
214 229
213 229
212 229
211 229
210 229
209 229
208 229
207 229
206 229
205 229
204 229
203 229
202 229
201 229
200 228
199 227
198 226
197 225
196 224
195 223
194 224
193 225
192 226
191 227
191 228
191 229
191 230
191 231
191 232
191 233
191 234
191 235
191 236
191 237
191 238
191 239
191 240
191 241
191 242
191 243
191 244
192 245
193 246
194 247
195 248
196 249
197 250
198 251
199 251
200 251
201 251
202 251
235 243
234 244
233 245
232 246
231 247
230 248
229 249
228 250
227 251
226 252
225 252
224 252
257 235
257 234
257 233
257 232
257 231
257 230
257 229
257 228
257 227
257 226
257 225
257 224
257 223
257 222
257 221
258 220
258 219
258 218
258 217
258 216
258 215
258 214
258 213
258 212
258 211
258 210
258 209
258 208
257 207
256 207
255 207
254 207
253 207
252 207
251 207
250 207
249 207
248 207
247 207
246 207
245 207
244 207
243 207
242 207
241 207
240 207
239 207
238 206
237 205
236 206
235 207
234 208
233 208
232 208
231 208
230 208
229 208
228 208
227 208
226 208
225 208
224 208
223 208
222 208
221 208
220 208
219 208
218 208
217 208
216 208
216 207
216 206
216 205
216 204
216 203
216 202
216 201
216 200
216 199
216 198
215 197
214 198
213 199
212 200
211 201
210 202
209 202
208 202
207 202
206 202
205 202
204 202
203 202
202 202
201 202
200 202
199 202
198 202
197 202
196 202
195 202
194 202
193 202
192 202
191 202
190 202
189 202
188 202
187 202
186 202
185 202
184 202
183 202
182 202
181 202
180 202
179 202
178 202
177 202
176 202
175 202
174 201
194 203
193 204
192 205
191 206
190 207
189 208
188 209
187 210
186 211
185 212
184 213
183 214
182 215
181 216
180 217
179 218
178 219
177 220
176 221
175 222
174 222
173 223
172 224
171 225
170 226
169 227
169 228
169 229
169 230
169 231
169 232
169 233
169 234
169 235
169 236
168 236
167 236
166 236
165 236
164 235
163 234
162 233
161 232
160 231
159 230
158 229
157 228
156 227
155 226
154 225
153 224
152 223
151 222
150 221
149 220
148 220
147 220
146 220
145 220
144 220
143 220
142 220
141 220
140 220
139 220
138 220
137 220
136 220
135 220
134 220
133 220
132 220
131 220
130 220
129 220
128 219
127 220
126 221
125 222
124 222
123 222
122 222
121 222
120 222
119 222
118 222
117 222
116 222
115 222
114 222
113 222
112 222
111 222
110 222
109 222
108 222
107 222
106 223
105 224
104 225
103 226
102 227
101 228
100 229
99 230
98 231
97 232
96 233
95 234
94 235
93 236
93 237
93 238
93 239
93 240
93 241
92 241
91 241
90 241
89 241
88 241
87 241
86 241
85 241
84 241
83 241
82 241
81 241
80 241
79 241
78 241
77 241
76 241
75 241
74 241
73 240
72 240
71 240
70 240
69 239
68 238
67 237
66 236
65 235
64 234
63 233
62 232
61 232
60 232
59 232
58 231
57 230
56 229
55 228
54 227
53 226
52 225
51 224
50 223
49 222
48 221
47 220
46 219
45 218
44 217
43 216
42 216
41 216
40 216
39 216
38 215
37 214
36 213
35 212
34 211
33 210
32 209
31 208
30 207
29 206
28 205
28 204
28 203
28 202
28 201
28 200
28 199
28 198
28 197
28 196
29 195
30 194
31 194
32 194
33 194
34 194
35 194
36 194
37 194
38 194
39 194
40 194
41 194
42 194
43 193
44 192
45 191
45 190
45 189
44 188
43 187
42 186
41 185
40 184
39 183
38 182
37 181
36 180
35 179
34 178
33 177
32 176
31 175
30 174
31 173
32 172
33 171
34 170
35 169
36 168
37 167
38 166
39 165
40 164
41 163
42 162
43 161
43 160
42 160
41 160
40 160
39 160
38 160
37 160
36 159
35 158
34 157
33 156
32 155
31 154
30 153
30 152
30 151
30 150
30 149
30 148
30 147
30 146
30 145
30 144
30 143
30 142
30 141
30 140
30 139
30 138
30 137
30 136
30 135
30 134
30 133
30 132
30 131
30 130
30 129
30 128
30 127
30 126
30 125
30 124
30 123
31 122
32 121
33 120
34 119
35 118
35 117
35 116
35 115
35 114
35 113
35 112
35 111
35 110
36 109
37 108
38 107
39 106
40 105
41 104
42 103
43 102
44 101
44 100
44 99
44 98
44 97
44 96
43 95
42 94
41 93
40 92
39 91
38 90
37 89
36 88
35 87
34 86
33 85
32 84
32 83
31 83
30 84
29 85
28 86
27 87
26 88
26 89
26 90
26 91
26 92
26 93
26 94
26 95
26 96
26 97
26 98
33 83
34 83
35 83
36 83
37 83
38 83
39 83
40 83
41 83
42 83
43 83
44 82
45 81
46 80
47 79
48 78
49 77
50 77
51 77
52 77
53 77
54 77
55 76
56 75
57 74
58 73
59 72
60 71
61 70
62 69
63 68
64 67
65 66
66 65
67 64
68 64
69 64
70 64
71 64
72 64
73 64
74 64
75 64
76 64
77 64
78 64
79 64
80 64
81 64
82 64
83 64
84 64
85 64
86 63
87 62
88 61
89 62
89 63
89 64
89 65
89 66
89 67
89 68
89 69
89 70
89 71
89 72
89 73
89 74
89 75
89 76
89 77
89 78
89 79
89 80
89 81
89 82
90 83
91 84
92 84
93 84
94 84
95 84
96 84
97 84
98 84
99 84
100 84
101 84
102 84
103 84
104 84
105 84
104 85
104 86
104 87
104 88
104 89
104 90
104 91
104 92
104 93
104 94
104 95
104 96
104 97
104 98
106 85
107 86
108 87
109 88
110 89
111 90
112 90
113 90
114 90
115 90
116 90
117 90
118 90
119 90
120 90
121 90
122 90
123 90
124 90
125 90
126 90
127 91
128 92
129 92
130 92
131 92
132 92
133 92
134 92
135 92
136 92
137 92
138 92
139 92
140 92
141 92
142 92
143 92
143 91
143 90
143 89
143 88
143 87
143 86
143 85
143 84
143 83
143 82
143 81
143 80
143 79
143 78
143 77
144 76
144 75
143 75
142 75
141 75
140 75
139 75
138 75
137 75
136 75
135 75
134 74
133 73
132 72
131 71
130 70
129 69
128 69
127 69
126 69
125 69
124 69
123 69
122 69
121 69
120 69
119 69
118 69
117 69
116 68
115 67
114 66
113 65
112 64
111 63
110 62
109 61
145 75
146 76
147 76
148 76
149 76
150 76
151 76
152 76
153 76
154 76
155 76
156 76
157 76
158 76
159 76
160 76
161 77
162 78
163 78
164 78
165 78
166 78
167 78
168 78
169 78
170 78
171 78
172 78
173 78
174 78
175 79
176 79
177 79
178 79
179 79
180 79
181 79
182 79
183 79
184 79
185 79
186 79
187 79
188 79
189 79
190 79
191 79
190 80
189 81
188 82
187 83
186 84
185 85
184 86
184 87
184 88
184 89
184 90
184 91
184 92
184 93
184 94
184 95
184 96
183 97
182 98
181 99
180 99
179 99
178 99
177 99
176 99
175 99
174 99
173 99
192 80
193 81
194 82
195 82
196 82
197 82
198 82
199 82
200 82
201 82
202 82
203 82
204 82
205 82
206 82
207 82
208 82
207 83
206 84
205 85
204 86
204 87
204 88
204 89
204 90
204 91
204 92
204 93
204 94
204 95
204 96
204 97
204 98
204 99
204 100
209 83
210 84
211 85
212 86
213 87
214 88
215 89
216 90
217 91
218 92
219 93
220 94
221 95
222 96
223 96
223 95
223 94
223 93
223 92
223 91
223 90
224 89
225 88
226 87
227 86
228 85
229 84
230 85
231 86
232 87
233 87
234 87
235 87
236 87
237 87
238 87
239 87
240 87
241 87
242 87
243 87
244 87
245 87
246 87
247 87
246 88
246 89
246 90
246 91
246 92
246 93
246 94
246 95
246 96
246 97
246 98
246 99
246 100
246 101
246 102
246 103
246 104
246 105
247 106
248 106
249 106
250 106
251 106
252 106
253 106
254 106
255 106
256 106
257 106
258 106
259 106
260 106
261 106
262 106
262 105
262 104
262 103
262 102
262 101
262 100
262 99
262 98
262 97
262 96
262 95
262 94
263 93
264 92
265 91
266 90
267 89
268 88
269 88
270 88
271 88
272 88
273 88
274 88
275 88
276 88
277 88
278 88
279 88
280 88
281 88
282 88
283 88
284 88
285 87
286 86
287 85
288 86
289 87
290 88
291 89
292 90
293 91
294 92
295 93
296 93
297 93
298 93
299 93
300 93
301 93
302 93
303 93
304 93
305 93
306 93
307 93
308 93
309 93
310 93
311 93
312 93
313 93
314 93
315 93
316 93
317 93
318 93
319 92
320 93
321 94
322 95
323 96
324 96
325 96
326 96
327 96
328 96
329 96
330 96
331 96
332 96
333 97
334 98
335 98
336 98
337 98
338 98
339 98
340 98
341 98
342 98
343 98
344 98
345 98
346 98
347 98
348 98
349 98
350 98
351 98
352 98
353 98
301 94
300 95
299 96
298 97
297 98
296 99
295 100
294 101
293 102
292 103
291 104
290 105
289 106
288 107
289 108
290 109
291 110
292 111
293 112
294 113
295 113
296 113
297 113
298 113
299 113
300 113
301 113
302 113
303 113
304 113
305 113
306 113
307 113
308 113
309 113
310 113
311 112
312 113
313 114
314 115
315 116
316 117
317 117
318 117
319 117
320 117
321 117
322 117
323 117
324 117
325 117
326 117
327 117
328 117
329 117
330 117
331 117
332 117
333 118
334 119
335 119
336 119
337 119
338 119
339 119
340 119
341 119
342 119
343 119
344 119
345 119
346 119
347 119
348 119
349 119
350 119
351 119
352 119
353 119
305 114
305 115
305 116
305 117
305 118
305 119
305 120
305 121
305 122
305 123
305 124
305 125
305 126
305 127
305 128
305 129
305 130
305 131
304 132
303 133
303 134
303 135
303 136
303 137
303 138
303 139
303 140
303 141
303 142
303 143
303 144
303 145
303 146
303 147
303 148
303 149
304 150
305 151
305 152
305 153
305 154
305 155
305 156
305 157
305 158
305 159
305 160
305 161
305 162
305 163
305 164
305 165
305 166
305 167
305 168
223 97
223 98
223 99
223 100
50 78
51 79
52 80
53 81
54 82
55 83
56 84
57 85
58 85
59 85
60 85
61 85
62 85
63 85
64 85
65 85
66 85
49 76
49 75
49 74
49 73
49 72
49 71
49 70
49 69
49 68
49 67
49 66
48 65
47 64
46 63
45 62
44 62
43 62
42 62
41 62
40 62
39 62
38 62
37 62
36 62
35 62
34 62
33 62
32 62
31 62
45 102
46 103
47 104
48 105
49 105
50 105
51 105
52 105
53 105
54 105
55 105
56 105
57 105
58 105
59 105
60 105
59 106
58 107
57 108
56 109
55 110
55 111
55 112
55 113
55 114
55 115
55 116
55 117
55 118
55 119
54 120
54 121
54 122
54 123
54 124
54 125
54 126
54 127
54 128
54 129
54 130
54 131
54 132
54 133
54 134
54 135
54 136
54 137
54 138
54 139
44 160
45 161
46 162
47 163
48 164
49 165
49 166
49 167
49 168
49 169
49 170
50 171
51 172
52 173
53 174
54 175
55 176
56 177
57 178
58 179
59 180
60 181
61 182
62 183
63 184
64 185
65 186
66 186
67 187
68 188
69 189
70 190
71 191
72 192
73 193
74 194
75 195
76 196
77 196
78 196
79 196
80 196
81 196
81 195
81 194
81 193
81 192
81 191
81 190
81 189
81 188
81 187
81 186
81 185
81 184
82 183
83 182
84 181
85 180
86 179
87 180
88 181
89 182
90 183
91 184
92 185
93 186
94 187
95 188
96 189
97 189
98 189
99 189
100 189
101 189
102 189
103 190
104 191
104 192
104 193
104 194
104 195
104 196
104 197
104 198
104 199
104 200
104 201
105 201
106 201
107 201
108 201
109 201
110 201
111 201
112 200
113 199
114 198
115 197
116 196
117 195
118 194
119 193
120 192
121 193
122 193
123 193
124 193
125 193
126 193
127 193
128 193
129 193
130 193
131 193
132 193
133 193
134 193
135 193
136 193
137 193
138 193
139 194
140 195
141 196
142 197
143 197
144 197
145 197
146 197
147 197
148 197
149 197
103 202
102 203
101 204
100 205
99 206
98 207
97 208
96 209
95 210
94 211
93 212
92 213
91 214
90 215
89 216
88 217
87 218
86 219
86 220
80 197
79 198
78 199
77 200
76 201
75 202
74 203
73 204
72 205
71 206
70 207
69 208
68 208
67 208
66 208
65 208
64 208
42 217
41 218
40 219
39 220
38 221
37 222
36 223
35 224
34 225
33 226
32 227
31 228
30 228
29 228
30 229
31 230
32 231
33 232
34 233
35 234
36 235
37 236
38 237
39 237
40 237
41 237
42 237
43 237
94 242
95 243
96 243
97 243
98 243
99 243
100 243
101 243
102 243
103 243
104 243
105 243
106 243
107 243
108 243
109 243
110 243
111 243
168 237
168 238
168 239
168 240
168 241
168 242
168 243
168 244
168 245
168 246
168 247
168 248
168 249
168 250
168 251
168 252
168 253
168 254
167 254
166 254
165 254
164 254
163 254
162 254
161 254
160 254
159 254
158 254
157 253
156 252
155 251
154 250
153 249
152 248
151 247
150 246
149 245
148 244
147 244
146 244
145 244
144 244
143 244
142 244
141 244
140 244
139 244
138 244
137 244
136 244
135 244
134 243
133 242
273 244
272 245
271 246
270 247
269 248
268 249
267 250
266 251
265 252
264 253
263 254
262 255
261 256
260 257
259 257
258 257
257 257
256 257
255 258
254 259
253 260
252 261
251 262
250 263
249 263
248 263
247 263
246 263
245 263
244 263
245 264
246 265
247 266
247 267
247 268
247 269
247 270
247 271
247 272
247 273
247 274
247 275
247 276
247 277
248 278
249 279
250 280
251 281
252 282
253 283
254 284
255 284
256 284
257 284
258 284
259 284
260 284
261 284
262 284
263 284
262 285
261 286
260 287
259 288
258 289
257 290
256 291
255 292
254 293
253 294
252 295
252 296
252 297
253 298
254 299
255 300
256 301
257 302
258 302
259 302
260 302
261 302
262 302
263 302
264 302
265 302
266 302
267 302
266 303
265 304
264 305
263 306
262 307
261 308
260 309
259 310
258 311
257 312
256 313
255 314
255 315
255 316
255 317
255 318
254 318
253 318
252 318
251 318
250 318
249 318
248 318
247 318
246 318
245 318
244 318
256 319
257 320
258 321
259 322
260 323
261 324
262 325
263 326
264 327
265 328
266 329
267 330
268 330
267 331
266 332
265 333
264 334
263 335
262 336
261 337
260 338
259 339
258 339
257 339
256 339
255 339
254 339
253 339
269 331
270 331
271 331
272 331
273 331
274 331
275 331
276 331
277 331
278 331
279 331
280 331
281 331
282 331
283 331
284 331
285 331
286 331
287 331
288 331
289 331
290 331
291 331
292 331
293 331
294 331
295 331
296 331
297 331
298 331
299 330
300 329
301 329
302 329
303 329
304 329
305 329
306 329
307 329
308 329
309 329
310 329
311 329
312 329
313 329
314 328
315 327
316 326
317 325
318 324
319 323
320 322
321 321
301 330
302 331
303 332
304 333
305 334
306 335
307 336
308 337
309 338
310 339
311 340
312 341
313 342
314 342
315 342
316 342
317 342
318 342
317 343
316 344
315 345
314 346
313 347
312 348
311 348
310 348
309 348
308 348
307 348
306 348
305 349
304 349
303 349
302 349
301 349
300 349
299 349
298 349
297 349
296 349
295 349
294 349
293 349
292 350
291 351
290 352
289 353
288 354
287 355
286 356
285 357
284 358
283 358
283 357
282 356
281 355
280 354
279 353
278 352
277 351
276 350
275 349
274 350
273 351
272 352
271 353
270 354
269 355
268 356
267 357
266 358
266 359
266 360
266 361
266 362
266 363
266 364
265 364
264 364
263 364
262 364
261 364
260 364
259 364
258 364
257 364
256 364
255 364
254 364
253 364
252 363
251 363
250 363
249 363
248 363
247 363
246 363
245 363
244 363
243 363
242 363
241 363
240 363
239 362
238 361
237 360
236 359
235 358
234 357
233 356
232 355
231 355
230 355
229 355
228 355
227 355
226 355
225 355
224 355
223 354
222 353
221 352
220 351
220 350
219 350
218 350
217 350
216 350
215 350
214 350
213 350
212 350
211 350
210 350
209 350
208 350
207 350
206 350
205 350
204 350
203 350
202 349
201 348
200 347
199 346
198 345
197 344
196 343
195 342
194 342
193 342
192 342
191 342
190 342
189 342
188 342
187 342
186 342
185 342
184 342
183 342
182 342
181 342
180 342
179 342
178 342
177 342
176 342
175 341
174 340
174 339
174 338
174 337
174 336
174 335
174 334
174 333
174 332
174 331
174 330
174 329
174 328
174 327
174 326
174 325
174 324
174 323
174 322
175 321
176 320
177 319
195 341
195 340
195 339
195 338
195 337
195 336
195 335
195 334
195 333
195 332
195 331
195 330
195 329
195 328
195 327
195 326
195 325
195 324
196 323
197 322
198 321
221 350
222 349
223 348
224 347
225 346
226 345
227 344
228 343
229 342
230 341
231 340
232 339
232 338
232 337
232 336
232 335
232 334
232 333
231 332
230 331
229 330
228 329
227 328
226 327
225 326
224 325
223 324
283 359
283 360
283 361
283 362
283 363
283 364
283 365
283 366
307 349
308 350
309 351
310 352
311 353
312 354
313 355
314 356
315 357
315 358
315 359
315 360
315 361
315 362
315 363
314 364
313 365
312 366
311 367
310 368
309 368
308 368
307 368
306 368
305 368
304 368
268 303
269 304
270 305
271 306
272 307
273 308
274 309
275 310
276 311
276 312
276 313
276 314
277 314
278 314
279 314
280 314
281 314
282 314
283 313
284 312
285 311
286 310
287 309
287 308
287 307
288 306
289 305
290 304
291 303
292 302
293 301
294 300
295 299
296 298
297 297
298 296
299 295
300 294
300 293
300 292
299 291
298 290
297 289
296 288
296 287
296 286
296 285
297 284
298 283
299 282
300 281
301 280
302 279
303 278
304 277
305 276
306 275
307 274
308 273
309 274
310 275
311 276
312 277
313 278
314 279
315 280
316 281
317 282
318 283
319 284
320 285
321 286
322 287
323 287
324 287
325 287
325 286
325 285
325 284
325 283
325 282
325 281
325 280
325 279
325 278
325 277
325 276
325 275
325 274
325 273
325 272
326 271
327 270
328 269
328 268
328 267
328 266
328 265
328 264
328 263
328 262
328 261
328 260
328 259
328 258
328 257
328 256
329 255
330 254
330 253
329 253
328 253
327 253
326 253
325 253
324 253
323 253
322 253
321 253
320 253
319 253
318 253
317 253
316 253
315 253
314 253
313 253
312 253
311 253
310 253
309 253
308 252
308 251
308 250
308 249
308 248
309 247
310 246
311 245
312 244
313 243
314 242
315 241
316 240
317 239
318 238
319 237
320 236
321 235
322 234
323 233
324 232
331 253
332 253
333 253
334 253
335 253
336 253
337 252
338 251
339 250
340 249
341 248
342 247
343 246
344 245
332 254
333 255
334 256
335 257
336 258
337 259
338 260
339 261
340 262
341 263
342 264
343 265
344 266
344 267
345 267
346 267
347 267
348 267
349 267
350 267
351 267
352 267
353 266
354 265
355 264
356 263
357 262
358 261
358 260
358 259
358 258
359 257
360 256
361 255
362 254
363 253
364 252
365 251
366 250
367 249
368 248
369 247
370 246
371 245
372 244
373 243
359 262
360 263
361 263
362 263
363 263
364 263
365 263
366 263
367 263
368 263
369 263
370 263
371 263
372 263
373 264
374 265
375 266
376 266
377 266
378 266
379 266
380 266
381 266
382 266
383 266
384 266
385 266
386 266
387 266
387 265
387 264
387 263
387 262
387 261
387 260
387 259
387 258
387 257
388 256
389 255
390 254
391 253
392 252
393 251
394 250
395 249
396 248
397 248
398 248
399 248
400 248
401 248
402 248
403 248
404 248
405 248
406 248
407 248
408 248
409 248
410 248
411 248
412 248
413 248
414 248
415 248
416 248
417 247
397 249
398 250
399 251
400 252
401 253
402 254
403 255
404 256
405 257
406 258
407 259
408 260
408 261
408 262
408 263
408 264
408 265
408 266
408 267
408 268
409 269
410 270
411 271
412 271
413 271
414 271
415 271
416 271
417 271
418 271
419 271
420 271
421 271
422 271
423 271
424 271
425 271
426 271
427 271
428 271
429 271
429 270
429 269
429 268
429 267
429 266
429 265
429 264
429 263
429 262
430 261
431 260
432 259
433 258
434 257
435 256
436 255
437 254
438 253
439 254
440 255
441 256
442 257
443 258
444 259
445 260
446 261
447 261
448 261
449 261
450 261
451 261
452 261
453 261
454 261
455 261
456 261
457 261
458 261
459 261
460 261
461 261
462 261
463 261
464 261
465 261
466 261
467 261
468 261
469 261
470 260
471 259
472 258
473 257
474 256
475 255
476 254
477 253
478 252
479 251
480 250
480 249
480 248
480 247
480 246
480 245
480 244
480 243
480 242
480 241
481 240
482 239
483 238
484 237
485 236
486 235
487 234
488 234
489 234
490 234
491 233
492 232
493 231
494 230
495 229
496 228
497 227
498 226
499 225
500 224
501 223
502 222
503 221
504 220
505 219
505 218
505 217
505 216
505 215
505 214
506 213
507 212
508 211
509 210
510 209
511 208
512 207
513 206
514 205
515 204
515 203
515 202
515 201
515 200
515 199
515 198
515 197
515 196
515 195
515 194
515 193
515 192
515 191
516 190
517 189
518 188
519 187
520 186
521 185
522 184
523 183
524 182
525 181
526 180
527 179
528 178
529 177
530 176
531 175
532 174
533 173
534 172
534 171
534 170
534 169
534 168
534 167
534 166
534 165
534 164
534 163
534 162
534 161
534 160
534 159
534 158
534 157
534 156
534 155
534 154
534 153
534 152
534 151
534 150
534 149
533 148
532 147
531 146
530 145
529 144
528 143
527 142
526 141
525 140
524 139
523 138
522 137
521 136
521 135
521 134
521 133
521 132
521 131
521 130
520 129
519 128
518 127
517 126
516 125
515 124
514 123
513 122
512 121
511 120
510 119
509 119
508 119
507 119
506 119
505 119
504 119
503 119
502 119
501 118
500 117
499 116
498 115
497 114
496 113
495 112
494 111
493 110
492 109
488 235
489 236
490 237
491 237
492 237
493 237
494 237
495 237
496 237
497 237
498 237
499 237
500 238
501 239
502 240
503 241
504 242
505 243
506 244
507 245
508 246
509 247
510 247
511 247
512 247
513 247
514 247
515 247
516 247
517 247
518 247
519 248
520 249
521 250
522 251
523 252
523 253
523 254
523 255
523 256
523 257
523 258
523 259
523 260
523 261
523 262
523 263
523 264
523 265
523 266
523 267
523 268
523 269
522 270
521 271
520 272
519 273
518 274
517 275
516 276
515 277
514 278
514 279
514 280
514 281
514 282
514 283
514 284
515 285
516 286
517 287
518 288
519 288
520 288
521 288
522 288
523 288
524 288
525 288
481 251
482 252
483 253
484 254
485 255
486 256
487 257
488 258
489 258
490 258
491 258
492 258
493 258
494 258
495 258
496 258
497 258
498 258
499 258
498 259
497 260
496 261
495 262
494 263
493 264
492 265
491 266
490 267
489 268
489 269
489 270
489 271
489 272
489 273
489 274
489 275
489 276
489 277
489 278
489 279
324 288
323 289
322 290
321 291
321 292
321 293
321 294
321 295
321 296
321 297
321 298
295 289
294 290
293 291
292 291
291 291
290 291
289 291
288 291
287 291
286 291
285 291
284 291
283 291
257 258
258 259
259 260
260 261
261 262
262 263
263 263
264 263
265 263
266 263
267 263
268 263
269 263
270 263
275 244
276 245
277 246
278 247
279 248
280 248
281 248
282 248
283 248
284 248
285 248
286 248
287 248
288 248
289 248
288 249
288 250
288 251
288 252
288 253
288 254
288 255
288 256
288 257
288 258
288 259
290 217
291 218
292 219
293 220
294 221
295 222
296 223
297 224
298 225
299 226
300 227
301 228
302 228
302 227
302 226
302 225
302 224
302 223
302 222
302 221
302 220
303 219
304 218
305 217
306 216
307 215
308 214
309 213
310 212
311 211
312 211
313 211
314 211
315 211
316 211
317 211
318 211
319 211
320 211
321 211
322 211
323 211
324 210
325 209
326 208
327 209
328 210
329 211
330 212
331 213
332 214
333 215
334 216
335 217
336 218
337 219
338 220
339 221
340 222
341 223
342 224
343 225
344 225
345 225
345 224
345 223
345 222
345 221
345 220
345 219
345 218
345 217
345 216
345 215
345 214
345 213
345 212
345 211
345 210
345 209
345 208
345 207
346 206
347 205
347 204
347 203
346 203
345 202
344 201
343 200
342 199
341 198
340 197
339 196
338 195
337 194
336 193
335 192
334 191
333 190
332 189
331 188
330 187
329 186
328 185
327 184
327 183
327 182
327 181
327 180
327 179
327 178
327 177
327 176
327 175
327 174
327 173
327 172
327 171
327 170
327 169
327 168
327 167
327 166
327 165
327 164
328 163
328 162
328 161
328 160
328 159
328 158
328 157
328 156
328 155
328 154
328 153
328 152
328 151
328 150
328 149
328 148
328 147
328 146
328 145
328 144
329 143
330 142
347 202
347 201
347 200
347 199
347 198
347 197
347 196
347 195
347 194
347 193
347 192
347 191
347 190
347 189
347 188
347 187
348 186
348 185
348 184
348 183
348 182
348 181
348 180
348 179
348 178
348 177
348 176
348 175
348 174
348 173
348 172
348 171
348 170
348 169
348 168
348 167
348 166
349 165
349 164
349 163
349 162
349 161
349 160
349 159
349 158
349 157
349 156
349 155
349 154
349 153
349 152
349 151
349 150
349 149
349 148
349 147
349 146
350 145
351 144
311 210
311 209
311 208
311 207
311 206
311 205
311 204
311 203
311 202
311 201
311 200
311 199
310 198
309 197
308 196
307 195
306 194
305 193
304 192
302 229
302 230
185
277 209
289 216
275 228
274 243
257 236
237 226
236 242
216 229
195 223
191 244
202 251
224 252
258 220
257 207
237 205
216 208
215 197
195 202
174 201
174 222
169 236
149 220
128 219
107 222
93 241
73 240
62 232
43 216
28 205
30 194
45 191
30 174
30 153
30 139
35 118
44 101
31 83
26 98
49 77
67 64
88 61
89 82
105 84
104 98
126 90
143 92
129 69
109 61
145 75
160 76
174 78
191 79
184 96
173 99
208 82
204 100
229 84
247 87
246 105
262 106
268 88
287 85
302 93
319 92
332 96
353 98
288 107
304 113
311 112
332 117
353 119
305 131
303 149
305 168
223 100
66 85
45 62
31 62
60 105
55 119
54 139
44 160
49 170
66 186
81 196
86 179
102 189
104 201
120 192
138 193
149 197
86 220
64 208
29 228
43 237
111 243
168 254
148 244
133 242
256 257
244 263
247 277
263 284
252 297
267 302
255 318
244 318
268 330
253 339
283 331
300 329
321 321
318 342
306 348
293 349
275 349
266 364
252 363
232 355
219 350
195 342
174 340
177 319
198 321
232 339
223 324
283 366
315 363
304 368
276 314
287 309
300 294
296 288
308 273
325 287
328 269
320 253
308 252
324 232
331 253
344 245
344 267
358 261
373 243
372 263
387 266
396 248
417 247
408 268
429 271
438 253
452 261
480 250
487 234
505 219
515 204
519 187
534 172
521 136
510 119
492 109
499 237
518 247
523 269
514 284
525 288
499 258
489 279
321 298
283 291
270 263
289 248
288 259
311 211
326 208
345 225
347 205
327 184
328 163
330 142
348 186
349 165
351 144
304 192
302 230
