2831
278 203
277 204
277 205
277 206
277 207
277 208
277 209
278 210
279 211
280 212
281 213
282 214
283 215
284 216
285 216
286 216
287 216
288 216
289 216
288 217
287 218
286 219
285 220
284 221
283 222
282 223
281 224
280 225
279 226
278 227
277 228
276 228
275 228
274 228
273 228
272 228
271 228
270 228
269 228
268 228
267 228
266 228
265 228
264 228
263 227
263 226
263 225
263 224
263 223
262 222
261 221
260 220
259 219
258 218
257 217
256 216
255 215
254 214
253 213
252 212
251 212
250 212
249 212
248 212
247 212
246 212
245 212
244 212
243 212
243 211
242 210
241 209
240 208
239 207
238 206
237 205
242 213
241 214
240 215
239 216
238 217
237 218
237 219
237 220
237 221
237 222
237 223
237 224
237 225
237 226
236 227
235 228
234 229
233 230
232 231
231 232
230 233
229 234
228 235
227 236
226 237
226 238
225 238
224 237
223 236
222 235
221 234
220 233
219 232
218 231
217 230
216 229
215 230
214 230
213 230
212 230
211 230
210 230
209 230
208 230
207 230
206 230
205 230
204 230
203 230
202 230
201 230
200 230
199 230
198 230
197 230
196 230
195 230
194 229
193 228
192 227
191 226
190 225
189 224
188 223
187 222
186 221
185 220
184 219
183 218
182 217
181 216
180 215
180 214
180 213
180 212
180 211
181 210
181 209
182 209
181 208
180 207
179 206
178 205
177 204
176 203
175 202
174 201
183 208
184 207
185 206
186 205
187 204
188 203
189 202
190 201
191 200
192 199
193 198
194 197
195 196
189 204
190 205
191 206
192 207
193 208
194 209
195 209
196 209
197 209
198 209
199 209
200 209
201 209
202 209
203 209
204 208
205 207
206 206
207 205
208 204
209 203
210 202
211 201
212 200
213 199
214 198
215 197
209 205
210 206
211 207
212 208
213 208
214 208
215 208
216 208
179 216
178 217
177 218
177 219
177 220
176 221
175 222
174 222
173 223
172 224
171 225
170 226
169 227
168 228
168 229
168 230
168 231
168 232
168 233
167 233
166 233
165 233
164 233
163 233
162 233
161 232
160 231
159 230
158 229
157 228
156 227
155 226
154 225
153 224
152 223
151 222
150 221
149 220
148 220
147 220
146 220
145 220
144 220
143 220
142 220
141 220
140 220
139 220
138 220
137 220
136 220
135 220
134 220
133 220
132 220
131 220
130 220
129 220
128 219
127 220
126 221
125 222
124 222
123 222
122 222
121 222
120 222
119 222
118 222
117 222
116 222
115 222
114 222
113 222
112 222
111 222
110 222
109 222
108 222
107 222
106 223
105 224
104 225
103 226
102 227
101 228
100 229
99 230
98 231
97 232
96 233
95 234
94 235
93 236
93 237
93 238
93 239
93 240
93 241
92 241
91 241
90 241
89 241
88 241
87 241
86 241
85 241
84 241
83 241
82 241
81 241
80 241
79 241
78 241
77 241
76 241
75 241
74 241
73 240
72 240
71 240
70 240
69 239
68 238
67 237
66 236
65 235
64 234
63 233
62 232
61 232
60 232
59 232
58 231
57 230
56 229
55 228
54 227
53 226
52 225
51 224
50 223
49 222
48 221
47 220
46 219
45 218
44 217
43 216
42 216
41 216
40 216
39 216
38 215
37 214
36 213
35 212
34 211
33 210
32 209
31 208
30 207
29 206
28 205
28 204
29 203
30 202
31 201
32 200
33 199
34 198
35 197
36 197
37 197
38 197
39 197
40 196
41 195
42 194
43 193
44 192
45 191
45 190
45 189
44 188
43 187
42 186
41 185
40 184
39 183
38 182
37 181
36 180
35 179
34 178
33 177
32 176
31 175
30 174
31 173
32 172
33 171
34 170
35 169
36 168
37 167
38 166
39 165
40 164
41 163
42 162
43 161
44 160
43 159
42 158
41 157
40 156
39 155
38 154
37 153
36 152
35 151
34 150
34 149
34 148
35 148
34 147
34 146
34 145
34 144
34 143
33 142
32 141
31 140
30 139
36 147
37 146
38 145
39 144
40 143
41 142
42 141
43 140
44 139
45 138
46 137
47 136
47 135
47 134
47 133
47 132
47 131
47 130
47 129
47 128
47 127
48 126
49 125
50 124
51 123
52 122
53 121
54 120
55 119
55 118
55 117
55 116
55 115
55 114
55 113
55 112
55 111
55 110
56 109
57 108
58 107
59 106
59 105
58 105
57 105
56 105
55 105
54 105
53 105
52 105
51 105
50 105
49 105
48 105
47 104
46 103
45 102
44 101
43 101
43 102
42 103
41 104
40 105
39 106
38 107
37 108
36 109
35 110
35 111
35 112
35 113
35 114
35 115
35 116
35 117
35 118
42 100
41 99
40 98
39 97
38 96
37 95
36 94
35 93
34 92
33 91
32 90
32 89
33 88
34 87
34 86
35 86
36 87
37 87
38 87
39 87
40 86
41 85
42 84
43 83
44 82
45 81
46 80
47 79
48 78
49 77
49 76
50 75
51 75
52 75
53 74
54 73
55 72
56 72
57 72
58 72
59 72
60 71
61 70
62 69
63 68
64 67
65 66
66 65
67 64
68 65
69 66
70 67
71 68
72 69
73 69
74 69
75 69
76 69
77 69
78 69
79 69
80 69
81 69
81 68
82 67
83 66
84 65
85 64
86 63
87 62
88 61
82 70
83 71
84 72
85 73
86 74
87 75
88 76
89 77
89 78
89 79
89 80
89 81
89 82
90 83
91 84
92 84
93 84
94 84
95 84
96 84
97 84
98 84
99 84
100 84
101 84
102 84
103 84
104 84
105 84
105 83
106 82
107 81
108 80
109 79
110 78
111 77
112 76
113 75
114 74
115 73
116 72
117 71
118 70
119 69
119 68
118 68
117 68
116 68
115 67
114 66
113 65
112 64
111 63
110 62
109 61
120 68
121 69
122 70
123 71
123 72
124 73
125 74
126 74
126 75
127 76
128 77
129 78
130 79
131 80
132 81
132 82
132 83
132 84
133 84
134 84
135 84
136 84
137 83
138 82
139 81
140 80
141 79
142 78
143 77
144 76
145 75
146 76
147 76
148 76
149 76
150 76
151 76
152 76
153 76
154 76
155 76
156 76
157 76
158 76
159 76
160 76
161 77
162 78
163 79
164 80
165 81
166 82
167 83
168 84
169 84
169 83
170 82
171 81
172 80
173 79
174 78
170 85
171 86
172 87
173 88
174 89
175 90
176 91
177 91
178 91
179 91
180 90
181 89
182 88
183 87
184 86
185 85
186 84
187 83
188 82
189 81
190 80
191 79
192 80
193 81
194 82
195 82
196 82
197 82
198 82
199 82
200 82
201 82
202 82
203 82
204 82
205 82
206 82
207 82
208 82
209 83
210 84
211 85
212 86
213 87
213 88
213 89
214 90
215 91
214 92
213 93
212 94
211 94
210 95
209 96
208 97
207 98
206 99
205 100
204 100
216 92
217 93
218 94
219 94
220 93
221 92
222 91
223 90
224 89
225 88
226 87
227 86
228 85
229 84
230 85
231 86
232 87
233 87
234 87
235 87
236 87
237 87
238 87
239 87
240 87
241 87
242 87
243 87
244 87
245 87
246 87
247 87
248 88
249 89
250 90
251 91
252 92
253 93
254 94
255 95
256 96
257 97
257 98
258 98
258 99
258 100
258 101
259 102
260 103
261 104
262 105
262 106
262 107
262 108
262 109
262 110
259 97
260 96
261 95
262 94
263 93
264 92
265 91
266 90
267 89
268 88
269 89
270 90
271 91
272 92
273 93
274 93
275 93
276 93
277 93
278 93
279 93
280 93
281 93
281 92
281 91
282 90
283 89
284 88
285 87
286 86
287 85
282 94
283 95
284 96
285 97
286 98
287 99
288 100
288 101
288 102
288 103
288 104
288 105
288 106
289 106
288 107
289 108
290 109
291 110
292 111
293 112
294 113
295 113
296 113
297 113
298 113
299 113
300 113
301 113
302 113
303 113
304 113
305 113
306 113
307 113
308 113
309 113
310 113
311 112
305 114
305 115
305 116
305 117
305 118
305 119
305 120
305 121
305 122
305 123
305 124
305 125
305 126
305 127
305 128
305 129
305 130
305 131
305 132
304 133
303 134
303 135
303 136
303 137
303 138
303 139
303 140
303 141
303 142
303 143
303 144
303 145
303 146
303 147
303 148
303 149
304 150
305 151
305 152
305 153
305 154
305 155
305 156
305 157
305 158
305 159
305 160
305 161
305 162
305 163
305 164
305 165
305 166
305 167
305 168
290 105
291 104
292 103
293 102
294 101
295 100
296 99
297 98
298 97
299 96
300 95
301 94
302 93
303 93
304 93
305 93
306 93
307 93
308 93
309 93
310 93
311 93
312 93
313 93
314 93
315 93
316 93
317 93
318 92
319 93
320 94
321 95
322 96
323 96
324 96
325 96
326 96
327 96
328 96
329 96
330 96
331 96
332 96
333 97
334 98
335 99
336 100
337 101
338 102
339 103
340 104
341 105
342 106
342 107
343 107
343 108
344 109
345 110
345 111
346 112
347 113
348 114
349 115
350 116
351 117
352 118
353 119
344 106
345 105
346 104
347 103
348 102
349 101
350 100
351 99
352 98
341 108
340 109
339 110
338 111
337 112
336 113
335 114
334 115
333 116
332 117
256 99
255 100
254 101
253 102
252 103
251 104
250 105
249 105
248 105
247 105
246 105
220 95
221 96
222 97
223 98
223 99
223 100
177 92
178 93
179 94
180 95
181 96
182 96
183 96
184 96
175 92
175 93
174 94
173 95
173 96
173 97
173 98
173 99
133 85
134 86
135 87
136 88
137 89
138 90
139 91
140 92
141 92
142 92
143 92
131 85
130 86
129 87
128 88
127 89
126 90
127 73
128 72
129 71
104 85
104 86
104 87
104 88
104 89
104 90
104 91
104 92
104 93
104 94
104 95
104 96
104 97
104 98
56 73
57 74
58 75
59 76
60 77
61 78
62 79
63 80
64 81
65 82
66 83
66 84
66 85
54 71
53 70
52 69
51 68
50 67
49 66
48 65
47 64
46 63
45 62
44 62
43 62
42 62
41 62
40 62
39 62
38 62
37 62
36 62
35 62
34 62
33 62
32 62
31 62
33 85
32 84
31 83
31 91
30 92
29 93
28 94
27 95
26 96
26 97
26 98
60 105
48 137
49 138
50 139
51 139
52 139
53 139
54 139
33 151
32 152
31 153
30 153
45 161
46 162
47 163
48 164
49 165
49 166
49 167
49 168
49 169
49 170
50 171
51 172
52 173
53 174
54 175
55 176
56 177
57 178
58 179
59 180
60 181
61 182
62 183
63 184
64 185
65 186
66 186
67 187
68 187
69 187
70 187
71 187
72 187
73 187
74 187
75 187
76 187
77 187
78 187
79 187
79 188
80 189
81 190
81 191
81 192
81 193
81 194
81 195
81 196
80 197
79 198
78 199
77 200
76 201
75 202
74 203
73 204
72 205
71 206
70 207
69 208
68 208
67 208
66 208
65 208
64 208
80 186
81 185
82 184
83 183
84 182
85 181
86 180
87 179
88 180
89 181
90 182
91 183
92 184
93 185
94 186
95 187
96 188
97 189
98 189
99 189
100 189
101 189
102 189
103 190
104 191
105 192
106 193
107 194
108 194
109 195
110 195
111 195
112 195
113 195
114 195
115 195
116 195
117 195
118 194
119 193
120 192
121 193
122 193
123 193
124 193
125 193
126 193
127 193
128 193
129 193
130 193
131 193
132 193
133 193
134 193
135 193
136 193
137 193
138 193
139 194
140 195
141 196
142 197
143 197
144 197
145 197
146 197
147 197
148 197
149 197
109 196
108 197
107 198
106 199
105 200
104 201
103 202
102 203
101 204
100 205
99 206
98 207
97 208
96 209
95 210
94 211
93 212
92 213
91 214
90 215
89 216
88 217
87 218
86 219
86 220
34 196
33 196
32 196
31 195
30 194
42 217
41 218
40 219
39 220
38 221
37 222
36 223
35 224
34 225
33 226
32 227
31 228
30 228
29 228
30 229
31 230
32 231
33 232
34 233
35 234
36 235
37 236
38 237
39 237
40 237
41 237
42 237
43 237
94 242
95 243
96 243
97 243
98 243
99 243
100 243
101 243
102 243
103 243
104 243
105 243
106 243
107 243
108 243
109 243
110 243
111 243
169 234
169 235
169 236
168 237
167 238
166 239
165 240
164 241
163 242
162 243
161 243
160 244
159 244
158 244
157 244
156 244
155 244
154 244
153 244
152 244
151 244
150 244
149 244
148 244
147 244
146 244
145 244
144 244
143 244
142 244
141 244
140 244
139 244
138 244
137 244
136 244
135 244
134 243
133 242
162 244
163 245
164 246
165 247
166 248
167 249
168 249
170 237
171 238
172 239
173 240
174 241
175 242
176 243
177 244
178 245
179 246
180 247
181 248
182 249
183 250
184 250
185 250
186 250
187 251
188 251
189 251
190 251
191 251
192 251
193 251
194 251
195 251
196 251
197 251
198 251
199 251
227 239
228 240
229 240
230 240
231 240
232 240
233 241
233 242
234 242
235 242
236 242
237 242
232 243
231 244
230 245
229 246
228 247
227 248
226 249
225 250
224 251
224 252
230 247
231 248
232 249
233 250
234 251
235 252
236 253
237 254
238 255
239 256
240 257
241 258
242 259
243 260
244 260
245 261
246 262
247 263
248 264
249 264
248 265
247 266
247 267
247 268
247 269
247 270
247 271
247 272
247 273
247 274
247 275
247 276
247 277
248 278
249 279
250 280
251 281
252 282
253 283
254 284
255 284
256 284
257 284
258 284
259 284
260 284
261 284
262 284
263 284
262 285
261 286
260 287
260 288
260 289
260 290
260 291
260 292
260 293
260 294
259 295
258 296
257 297
256 297
255 297
254 297
253 297
252 297
261 295
262 296
263 297
264 298
265 299
266 300
266 301
266 302
267 303
268 304
269 305
270 306
271 307
272 308
273 309
274 310
275 311
276 312
276 313
276 314
277 315
277 316
277 317
278 317
279 317
280 316
281 315
282 314
283 313
284 312
285 311
286 310
287 309
287 308
287 307
288 306
289 305
290 304
291 303
292 302
293 301
294 300
295 299
296 298
297 297
298 296
299 295
300 294
300 293
300 292
299 291
298 290
297 289
296 288
296 287
296 286
296 285
297 284
298 283
299 282
300 281
301 280
302 279
303 278
304 277
305 276
306 275
307 274
308 273
309 274
310 275
311 276
312 277
313 278
314 279
315 280
316 281
317 282
318 283
319 284
320 285
321 286
322 287
323 287
324 287
325 287
324 288
323 289
322 290
321 291
321 292
321 293
321 294
321 295
321 296
321 297
321 298
295 289
294 290
293 291
292 291
291 291
290 291
289 291
288 291
287 291
286 291
285 291
284 291
283 291
276 318
276 319
276 320
276 321
276 322
276 323
276 324
276 325
276 326
275 327
274 328
273 329
272 330
271 330
270 330
269 330
268 330
267 330
266 329
265 328
264 327
263 326
262 325
261 324
260 323
259 322
258 321
257 320
256 319
255 318
254 318
253 318
252 318
251 318
250 318
249 318
248 318
247 318
246 318
245 318
244 318
243 318
242 318
241 318
268 331
267 332
266 333
265 334
264 335
263 336
262 337
261 338
260 339
259 339
258 339
257 339
256 339
255 339
254 339
253 339
252 340
251 341
250 342
249 343
248 344
247 345
246 346
245 347
244 348
243 349
242 350
241 351
240 352
239 353
238 354
237 355
236 355
235 355
234 355
233 355
232 355
232 354
232 353
231 352
230 351
229 350
228 349
227 348
227 347
227 346
227 345
227 344
228 343
229 342
230 341
231 340
232 339
232 338
232 337
232 336
232 335
232 334
232 333
231 332
230 331
229 330
228 329
227 328
226 327
225 326
224 325
223 324
226 349
225 350
224 350
223 350
222 350
221 350
220 350
219 350
218 350
217 350
216 350
215 350
214 350
213 350
212 350
211 350
210 350
209 350
208 350
207 350
206 350
205 350
204 350
203 350
202 350
201 350
200 349
199 348
198 347
197 346
196 345
195 344
194 343
193 342
192 341
191 340
190 339
189 338
189 337
188 337
187 338
186 338
185 338
184 338
183 338
182 338
181 338
180 338
179 338
178 338
177 337
176 336
175 335
174 334
177 339
176 340
175 341
174 342
173 343
172 344
172 345
190 337
191 337
192 336
193 335
194 334
195 333
195 332
195 331
195 330
194 329
193 329
192 328
191 327
190 326
189 325
188 324
187 323
186 322
185 321
184 320
183 319
182 318
181 317
180 316
179 315
178 314
177 313
194 328
194 327
194 326
194 325
195 324
196 323
197 322
198 321
199 320
200 319
238 356
239 357
240 358
241 359
242 360
243 361
244 362
245 363
246 363
247 363
248 363
249 363
250 363
251 363
252 363
253 364
254 364
255 364
256 364
257 364
258 364
259 364
260 364
261 364
262 364
263 364
264 364
265 364
266 364
266 363
266 362
266 361
266 360
266 359
266 358
267 357
268 356
269 355
270 354
271 353
272 352
273 351
274 350
275 349
267 365
268 366
269 366
270 366
271 366
272 366
273 366
274 366
275 366
276 366
277 366
278 366
279 366
280 366
281 366
282 366
283 366
277 327
278 328
279 329
280 330
281 331
282 331
283 331
284 331
285 331
286 331
287 331
288 331
289 331
290 331
291 331
292 331
293 331
294 331
295 331
296 331
297 331
298 331
299 330
300 329
301 330
302 331
303 332
304 333
305 334
306 335
307 335
308 335
309 335
309 334
309 333
310 332
311 331
312 330
313 329
314 328
315 327
316 326
317 325
318 324
319 323
320 322
321 321
310 336
311 336
312 337
313 338
314 338
313 339
312 340
311 341
310 342
309 343
308 344
307 345
306 346
306 347
306 348
305 349
304 349
303 349
302 349
301 349
300 349
299 349
298 349
297 349
296 349
295 349
294 349
293 349
307 349
308 350
309 351
310 352
311 353
312 354
313 355
314 356
315 357
315 358
315 359
315 360
315 361
315 362
315 363
314 364
313 365
312 366
311 367
310 368
309 368
308 368
307 368
306 368
305 368
304 368
315 337
315 339
316 340
317 341
318 342
250 263
251 262
252 261
253 260
254 259
255 258
256 257
257 257
258 257
259 257
260 257
261 257
262 257
263 257
264 257
265 257
266 257
267 257
268 257
269 256
270 255
271 256
272 257
273 258
274 259
275 260
276 260
277 260
278 260
279 260
280 260
280 261
281 262
282 263
283 264
284 265
285 266
286 267
281 259
282 259
283 259
284 259
285 259
286 258
287 257
288 256
253 211
254 210
255 209
256 208
257 207
262 228
261 229
260 230
259 231
258 232
257 233
257 234
257 235
257 236
290 217
291 218
292 219
293 220
294 221
295 222
296 223
297 224
298 225
299 226
300 227
301 228
302 229
302 230
303 230
304 230
305 230
306 230
307 229
308 228
309 227
310 226
311 225
312 224
313 223
314 222
315 221
316 220
317 219
318 218
317 217
316 216
315 215
314 214
313 213
312 212
311 211
311 210
311 209
311 208
311 207
311 206
311 205
312 204
313 203
313 202
313 201
314 201
314 200
314 199
314 198
314 197
315 196
316 195
317 194
318 193
319 192
320 191
321 190
322 189
323 188
324 187
325 186
326 185
327 184
328 184
329 183
330 182
331 181
332 180
333 179
334 178
335 177
336 176
337 175
338 174
339 173
340 172
341 171
342 171
343 171
342 172
343 173
344 174
345 175
346 176
347 177
348 178
348 179
348 180
348 181
348 182
348 183
348 184
348 185
348 186
344 170
345 169
346 168
347 167
348 166
349 165
349 164
349 163
349 162
349 161
349 160
348 159
347 158
346 157
345 156
344 155
343 155
343 156
342 157
341 158
340 158
339 158
338 158
337 158
336 158
335 158
334 158
333 158
332 159
331 160
330 161
329 162
328 163
342 154
341 153
340 152
339 151
338 150
337 149
336 148
335 147
334 146
333 145
332 144
331 143
330 142
344 154
344 153
344 152
344 151
345 150
346 149
347 148
348 147
349 146
350 145
351 144
312 200
311 199
310 198
309 197
308 196
307 195
306 194
305 193
304 192
319 217
320 216
320 215
320 214
321 213
322 212
323 211
324 210
325 209
326 208
327 209
328 210
329 211
330 212
331 213
332 214
332 215
332 216
333 217
334 218
335 219
336 219
337 219
338 219
339 218
340 217
341 216
342 215
343 214
344 213
345 212
346 211
336 220
337 221
338 222
339 223
340 224
341 225
342 226
343 227
344 228
345 229
346 230
346 231
346 232
334 220
333 221
332 222
331 223
330 224
329 225
328 226
327 227
326 228
325 229
301 231
300 232
299 233
298 234
297 235
296 236
295 237
294 238
293 239
292 239
291 239
290 239
291 240
292 241
293 242
294 243
295 244
296 245
297 246
298 247
299 248
300 249
301 250
302 251
303 252
304 252
305 252
306 252
307 252
308 252
309 252
310 252
311 252
312 252
313 252
314 252
315 252
316 252
317 252
318 252
319 252
320 252
321 251
322 250
323 251
324 252
325 253
326 254
327 255
328 256
328 257
329 257
330 257
329 258
330 259
330 260
330 261
330 262
330 263
330 264
330 265
330 266
330 267
330 268
330 269
331 256
332 255
333 254
334 254
335 254
336 254
337 254
338 254
339 254
340 254
341 254
342 254
343 254
344 253
345 254
346 255
347 256
348 257
349 258
350 259
351 260
352 261
353 261
354 261
355 261
356 261
357 261
358 261
358 260
358 259
358 258
359 257
360 256
361 255
362 254
363 253
364 252
365 251
366 250
367 249
368 248
369 247
370 246
371 245
372 244
373 243
359 262
360 263
361 263
362 263
363 263
364 263
365 263
366 263
367 263
368 263
369 263
370 263
371 263
372 263
373 264
374 265
375 266
376 266
377 266
378 266
379 266
380 266
381 266
382 266
383 266
384 266
385 266
386 266
387 266
388 266
389 266
390 266
391 266
392 266
393 266
394 266
395 266
396 266
397 266
398 265
399 264
400 263
401 262
402 261
403 260
403 259
404 259
403 258
403 257
403 256
403 255
403 254
403 253
402 252
401 251
400 250
399 249
398 248
397 247
396 246
395 245
405 258
406 257
407 256
408 255
409 254
410 253
411 252
412 251
413 250
414 249
415 248
416 247
417 248
418 249
419 250
420 251
421 252
422 253
423 254
423 255
423 256
423 257
423 258
423 259
423 260
424 260
425 260
424 261
424 262
424 263
425 264
426 265
427 266
428 267
429 268
429 269
429 270
429 271
426 259
427 258
428 257
429 256
430 255
431 254
432 253
433 252
434 251
435 250
436 251
437 252
438 253
439 254
440 255
441 256
442 257
443 258
444 259
445 260
446 261
447 261
448 261
449 261
450 261
451 261
452 261
453 261
454 261
455 261
456 261
457 261
458 261
459 261
460 261
461 261
462 261
463 261
464 261
465 261
466 261
467 260
468 259
469 258
470 257
471 256
472 255
473 254
473 253
473 252
474 251
475 250
476 249
477 248
478 247
479 246
480 245
481 244
482 243
483 242
484 241
485 240
486 239
487 238
488 237
489 236
490 235
491 234
492 233
493 232
494 231
495 230
496 229
497 228
498 227
499 226
500 225
501 224
501 223
501 222
501 221
501 220
501 219
501 218
502 217
503 216
504 215
505 214
506 213
507 212
508 211
509 210
510 209
511 208
512 207
513 206
514 205
515 204
515 203
515 202
515 201
515 200
515 199
515 198
515 197
515 196
515 195
515 194
515 193
515 192
515 191
516 190
517 189
518 188
519 187
520 186
521 185
522 184
523 183
524 182
525 181
526 180
527 179
528 178
529 177
530 176
531 175
532 174
533 173
534 172
534 171
534 170
534 169
534 168
534 167
534 166
534 165
534 164
534 163
534 162
534 161
534 160
534 159
534 158
534 157
534 156
534 155
534 154
534 153
534 152
534 151
534 150
534 149
533 148
532 147
531 146
530 145
529 144
528 143
527 142
526 141
525 140
524 139
523 138
522 137
521 136
521 135
520 134
519 133
518 132
517 131
516 130
515 129
514 128
513 127
512 126
511 125
510 124
509 123
508 122
507 121
506 121
505 121
504 121
503 120
502 119
501 118
500 117
499 116
498 115
497 114
496 113
495 112
494 111
493 110
492 109
508 120
509 119
510 118
486 241
487 242
488 243
489 244
490 245
491 245
492 245
493 245
494 245
495 245
496 245
497 245
498 245
499 245
500 246
501 247
502 248
503 249
504 250
505 251
506 252
507 253
508 254
509 255
510 256
511 256
512 256
513 256
513 255
514 254
515 253
516 252
517 251
518 250
519 249
520 248
521 247
512 257
511 258
510 259
509 260
508 261
507 262
506 263
506 264
505 265
504 266
503 267
502 268
501 269
500 270
499 271
498 272
497 272
496 272
495 272
495 273
494 274
493 275
492 276
491 277
490 278
489 279
488 280
488 281
488 282
488 283
494 271
494 270
493 269
492 268
491 267
490 266
514 257
515 258
516 259
516 260
517 261
518 262
519 263
520 264
521 265
522 266
523 267
523 268
523 269
522 270
521 271
520 272
519 273
518 274
517 275
516 276
515 277
514 278
514 279
514 280
514 281
514 282
514 283
514 284
515 285
516 286
517 287
518 288
519 288
520 288
521 288
522 288
523 288
524 288
525 288
404 261
405 262
406 263
407 264
408 265
408 266
408 267
408 268
188
277 209
289 216
275 228
258 218
237 205
237 226
216 229
195 230
174 201
195 196
195 209
215 197
216 208
174 222
149 220
128 219
107 222
93 241
73 240
62 232
43 216
28 205
45 191
30 174
44 160
30 139
55 119
44 101
35 118
49 77
67 64
88 61
89 82
105 84
109 61
145 75
160 76
174 78
191 79
208 82
204 100
229 84
247 87
262 110
268 88
287 85
288 107
304 113
311 112
305 132
303 149
305 168
302 93
318 92
332 96
353 119
352 98
332 117
246 105
223 100
184 96
173 99
143 92
126 90
129 71
104 98
66 85
45 62
31 62
31 83
26 98
60 105
54 139
30 153
49 170
66 186
81 196
64 208
87 179
102 189
120 192
138 193
149 197
104 201
86 220
30 194
29 228
43 237
111 243
169 236
148 244
133 242
168 249
186 250
199 251
237 242
224 252
244 260
247 277
263 284
252 297
266 302
276 314
287 309
300 294
296 288
308 273
325 287
321 298
283 291
269 330
255 318
241 318
253 339
232 355
232 339
223 324
219 350
197 346
174 334
172 345
195 333
177 313
200 319
252 363
266 364
275 349
283 366
283 331
300 329
321 321
306 348
293 349
315 363
304 368
318 342
256 257
270 255
286 267
288 256
257 207
257 236
302 230
311 211
327 184
348 186
349 165
328 163
330 142
351 144
304 192
326 208
346 211
346 232
325 229
290 239
306 252
322 250
330 269
333 254
344 253
358 261
373 243
372 263
387 266
395 245
416 247
429 271
435 250
452 261
473 254
485 240
501 224
515 204
519 187
534 172
521 136
492 109
510 118
499 245
521 247
506 264
488 283
490 266
523 269
514 284
525 288
408 268
