2784
278 203
277 204
277 205
277 206
277 207
277 208
277 209
278 210
279 211
280 212
281 213
282 214
283 215
284 216
285 216
286 216
287 216
288 216
289 216
288 217
287 218
286 219
285 220
284 221
283 222
282 223
281 224
280 225
279 226
278 227
277 228
276 228
275 228
274 229
273 230
272 231
271 232
270 233
269 234
269 235
268 235
267 235
266 235
265 235
264 235
263 234
262 233
262 232
262 231
262 230
262 229
262 228
262 227
262 226
262 225
261 224
260 223
259 222
258 221
257 221
256 221
255 221
254 221
253 220
252 219
251 219
251 220
250 221
249 222
248 223
247 224
246 225
245 226
244 226
243 226
242 226
241 226
240 226
239 226
238 226
237 226
236 227
235 228
234 229
233 230
232 231
232 232
232 233
232 234
232 235
232 236
232 237
232 238
232 239
232 240
233 241
233 242
234 242
235 242
236 242
237 242
232 243
231 244
230 243
229 242
228 241
227 240
226 239
225 238
224 237
223 236
222 235
221 234
220 233
219 232
218 231
217 230
216 229
216 228
216 227
216 226
216 225
216 224
216 223
216 222
216 221
216 220
216 219
216 218
216 217
215 216
214 215
213 214
212 213
212 212
211 212
211 211
211 210
211 209
211 208
210 207
209 206
208 206
208 207
207 208
206 209
205 210
204 211
203 212
202 213
201 214
200 215
199 216
198 217
197 218
196 219
195 219
195 220
194 218
193 217
192 216
191 215
190 214
189 213
188 212
187 211
186 210
185 209
184 208
184 207
183 206
182 205
181 204
180 203
179 202
178 201
178 200
177 200
176 200
175 200
174 200
173 200
172 199
171 198
170 197
179 200
180 200
181 199
183 209
182 210
181 211
180 212
179 213
178 214
177 215
176 216
175 217
174 218
174 219
174 220
173 221
172 222
171 222
170 222
169 222
168 222
167 222
166 222
165 222
164 222
163 222
162 222
161 222
160 222
159 222
158 222
157 222
156 222
155 222
154 222
153 222
152 222
151 222
150 221
149 220
148 220
147 220
146 220
145 220
144 220
143 220
142 220
141 220
140 220
139 220
138 220
137 220
136 220
135 220
134 220
133 220
132 220
131 220
130 220
129 220
128 219
164 223
165 224
166 225
167 226
168 227
169 228
170 229
170 230
170 231
170 232
170 233
170 234
170 235
170 236
169 237
168 238
167 239
166 240
165 241
164 242
163 243
162 243
161 244
160 244
159 244
158 244
157 244
156 244
155 244
154 244
153 244
152 244
151 244
150 244
149 244
148 244
147 244
146 244
145 244
144 244
143 244
142 244
141 244
140 244
139 244
138 244
137 244
136 244
135 244
134 243
133 242
163 244
164 245
165 246
166 247
167 248
168 249
168 250
168 251
171 237
172 238
173 239
174 240
175 241
176 242
177 243
178 244
179 245
180 246
181 247
182 248
183 249
184 250
185 251
186 251
186 250
186 249
186 248
186 247
186 246
187 245
188 244
189 243
190 242
191 241
192 242
193 243
194 244
195 245
196 246
197 247
198 248
199 249
200 250
201 251
202 251
186 252
207 205
206 204
205 203
204 202
203 201
202 200
213 211
214 210
215 209
216 208
230 245
229 246
228 247
227 248
226 249
225 250
224 251
224 252
250 218
249 217
248 216
247 215
246 214
245 213
244 212
243 211
242 210
241 209
240 208
239 207
238 206
237 205
252 218
252 217
252 216
252 215
252 214
252 213
252 212
253 211
254 210
255 209
256 208
257 207
261 234
260 235
259 236
258 236
257 236
270 236
271 237
271 238
271 239
271 240
271 241
271 242
271 243
271 244
272 245
273 246
274 247
275 248
276 249
277 250
278 251
279 252
280 253
281 254
282 255
282 256
281 257
280 258
279 259
278 260
277 261
276 262
275 263
274 263
273 263
272 263
271 263
270 263
269 263
268 263
267 263
266 263
265 263
264 263
263 263
262 263
261 262
260 261
259 260
258 259
257 258
256 257
255 258
254 259
253 260
252 261
251 262
250 263
249 264
248 264
247 264
246 264
245 264
244 264
245 265
246 266
247 267
248 268
249 269
250 270
251 271
251 272
251 273
251 274
251 275
250 276
249 277
248 277
247 277
252 276
253 277
254 278
255 279
256 280
257 281
258 282
259 283
260 284
261 284
262 284
263 284
262 285
261 286
260 287
260 288
260 289
260 290
260 291
260 292
260 293
260 294
259 295
258 296
257 297
256 297
255 297
254 297
253 297
252 297
261 295
262 296
263 297
264 298
265 299
266 300
266 301
266 302
267 303
268 304
267 305
266 306
265 307
264 308
263 309
262 310
261 311
260 312
259 313
258 314
257 315
256 316
255 317
255 318
254 318
253 318
252 318
251 318
250 318
249 318
248 318
247 318
246 318
245 318
244 318
243 318
242 319
241 320
240 320
239 321
238 322
237 323
236 324
235 325
234 326
233 327
232 327
231 327
230 327
229 327
228 327
227 327
226 327
225 326
224 325
223 324
232 328
232 329
232 330
232 331
232 332
232 333
232 334
232 335
232 336
232 337
232 338
232 339
231 340
230 341
229 342
228 343
227 344
227 345
227 346
227 347
227 348
226 349
225 350
224 350
223 350
222 350
221 350
220 350
219 350
218 350
217 350
216 350
215 350
214 350
213 350
212 350
211 350
210 350
209 350
208 350
207 350
206 350
205 350
204 350
203 350
202 350
201 350
200 349
199 348
198 347
197 346
196 345
195 344
194 343
193 342
192 341
191 340
190 339
189 338
189 337
188 337
187 338
186 338
185 338
184 338
183 338
182 338
181 338
180 338
179 338
178 338
177 337
176 336
175 335
174 334
177 339
176 340
175 341
174 342
173 343
172 344
172 345
190 337
191 337
192 336
193 335
194 334
195 333
195 332
195 331
195 330
194 329
193 329
192 329
191 328
190 327
189 326
188 325
187 324
186 323
185 322
184 321
183 320
182 319
181 318
180 317
179 316
178 315
177 314
194 328
194 327
194 326
194 325
195 324
196 323
197 322
198 321
199 320
200 319
228 349
229 350
230 351
231 352
232 353
232 354
232 355
232 356
233 356
234 356
235 356
236 356
237 355
238 354
239 353
240 352
241 351
242 350
243 349
244 348
245 347
246 346
247 345
248 344
249 343
250 342
251 341
252 340
253 339
238 356
239 357
240 358
241 359
242 360
243 361
244 362
245 363
246 363
247 363
248 363
249 363
250 363
251 363
252 363
253 364
254 364
255 364
256 364
257 364
258 364
259 364
260 364
261 364
262 364
263 364
264 364
265 364
266 364
266 363
266 362
266 361
266 360
266 359
266 358
267 357
268 356
269 355
270 354
271 353
272 352
273 351
274 350
275 349
276 350
277 351
278 352
279 353
280 354
281 355
282 356
283 356
284 356
285 356
286 356
287 355
288 354
289 353
290 352
291 351
292 350
293 349
294 350
294 351
294 352
294 353
294 354
295 354
296 354
297 354
298 354
299 354
300 354
301 353
302 352
303 351
304 350
305 349
306 348
306 347
306 346
307 345
308 344
309 343
310 342
311 341
312 340
312 339
311 338
310 337
309 336
308 336
307 336
306 335
305 334
304 333
303 332
302 331
301 330
300 329
309 335
309 334
310 333
311 332
312 331
313 330
313 329
314 328
315 327
316 326
317 325
318 324
319 323
320 322
321 321
313 341
314 342
315 342
316 342
317 342
318 342
295 355
296 356
297 357
298 358
299 359
300 360
301 361
302 362
303 363
304 364
304 365
304 366
304 367
304 368
305 368
306 368
307 368
308 368
309 368
310 368
311 367
312 366
313 365
314 364
315 363
283 357
283 358
283 359
283 360
283 361
283 362
283 363
283 364
283 365
283 366
269 305
270 306
271 307
272 308
273 309
274 310
275 311
276 312
276 313
276 314
277 315
278 316
278 317
279 317
278 318
278 319
278 320
278 321
278 322
278 323
278 324
278 325
278 326
277 327
276 328
275 329
274 330
273 330
279 327
280 328
281 329
282 330
283 331
280 316
281 315
282 314
283 313
284 312
285 311
286 310
287 309
287 308
287 307
288 306
289 305
290 304
291 303
292 302
293 301
294 300
295 299
296 298
297 297
298 296
299 295
300 294
300 293
300 292
299 291
298 290
297 289
296 288
296 287
296 286
296 285
297 284
298 283
299 282
300 281
301 280
302 279
303 278
304 277
305 276
306 275
307 274
308 273
295 289
294 290
293 291
292 291
291 291
290 291
289 291
288 291
287 291
286 291
285 291
284 291
283 291
283 257
284 258
285 259
286 259
287 259
288 259
283 254
284 253
285 252
286 251
287 250
288 249
289 248
290 217
291 218
292 219
293 220
294 221
295 222
296 223
297 224
298 225
299 226
300 227
301 228
302 228
302 227
303 226
304 225
305 224
306 223
307 222
308 221
309 220
310 219
311 218
312 217
313 216
314 216
315 216
314 217
315 218
316 219
317 220
318 221
319 222
320 223
321 224
322 225
323 226
324 227
324 228
324 229
324 230
324 231
324 232
325 233
326 234
327 235
328 236
329 237
330 238
331 239
331 240
332 241
333 242
333 243
334 244
335 245
336 246
336 247
337 247
338 247
339 247
340 247
341 247
342 247
343 246
344 245
335 248
334 249
333 250
332 251
331 252
331 253
330 253
329 253
328 253
327 253
326 253
325 253
324 253
323 253
322 253
321 253
320 253
319 253
318 253
317 253
316 253
315 253
314 253
313 253
312 253
311 253
310 253
309 253
308 252
332 254
333 255
334 256
335 257
336 258
337 259
338 260
339 261
340 262
341 263
342 264
343 265
344 266
344 267
345 267
346 267
347 267
348 267
349 267
350 267
351 267
352 266
353 265
354 264
355 263
356 262
357 261
358 261
359 261
360 261
361 261
362 261
363 260
364 259
365 258
366 257
367 256
367 255
367 254
367 253
367 252
367 251
367 250
367 249
368 248
369 247
370 246
371 245
372 244
373 243
368 257
369 258
370 259
371 260
372 261
372 262
372 263
372 264
373 264
374 264
375 264
376 264
377 264
378 264
379 264
380 263
381 262
382 261
383 260
384 259
384 258
385 257
386 256
387 255
388 254
389 253
390 252
391 251
392 250
393 249
394 248
395 249
396 250
397 251
398 252
399 253
400 254
401 255
402 256
403 257
404 258
405 259
406 260
407 261
408 262
409 262
410 262
411 262
412 261
413 260
414 259
415 258
416 257
416 256
416 255
416 254
416 253
416 252
416 251
416 250
416 249
416 248
416 247
417 258
418 259
419 260
420 261
421 262
422 263
423 263
424 262
425 262
426 262
427 261
428 260
429 259
430 258
431 257
432 256
433 255
434 254
435 253
436 254
437 255
438 256
439 257
440 258
441 259
442 260
443 261
444 261
445 261
446 261
447 261
448 261
449 261
450 261
451 261
452 261
453 261
454 261
455 261
456 261
457 261
458 261
459 261
460 261
461 261
462 261
463 261
464 261
465 261
466 261
467 261
468 261
469 261
470 260
471 259
472 258
473 257
474 256
475 255
476 254
477 253
478 252
479 251
480 250
480 249
480 248
481 247
482 246
483 245
484 244
485 243
486 242
487 241
488 240
488 239
488 238
488 237
488 236
488 235
489 235
490 234
491 233
492 232
493 231
494 230
495 229
496 228
497 227
498 226
499 225
500 224
501 223
502 222
503 221
504 220
505 219
505 218
505 217
505 216
505 215
505 214
506 213
507 212
508 211
509 210
510 209
511 208
512 207
513 206
514 205
515 204
515 203
515 202
515 201
515 200
515 199
515 198
515 197
515 196
515 195
515 194
515 193
515 192
515 191
516 190
517 189
518 188
519 187
520 186
521 185
522 184
523 183
524 182
525 181
526 180
527 179
528 178
529 177
530 176
531 175
532 174
533 173
534 172
534 171
534 170
534 169
534 168
534 167
534 166
534 165
534 164
534 163
534 162
534 161
534 160
534 159
534 158
534 157
534 156
534 155
534 154
534 153
534 152
534 151
534 150
534 149
533 148
532 147
531 146
530 145
529 144
528 143
527 142
526 141
525 140
524 139
523 138
522 137
521 136
521 135
520 134
519 133
518 132
517 131
516 130
515 129
514 128
513 127
512 126
511 125
510 124
509 123
508 122
508 121
507 121
506 121
505 121
504 121
503 121
502 120
501 119
500 118
499 117
498 116
497 115
496 114
495 113
494 112
493 111
492 110
509 120
510 119
494 232
495 233
496 234
497 235
498 236
499 237
500 238
501 239
502 240
503 241
504 242
505 243
506 244
507 245
508 246
509 247
510 247
511 247
512 247
511 248
510 249
509 250
508 251
507 252
506 253
505 254
504 255
503 256
502 257
501 258
500 258
499 258
500 259
500 260
500 261
500 262
500 263
500 264
500 265
500 266
500 267
500 268
500 269
500 270
500 271
500 272
500 273
499 274
498 275
497 276
496 277
495 278
494 279
493 279
492 279
491 279
490 279
489 279
501 274
502 275
503 276
504 277
505 278
506 279
507 280
508 281
509 282
510 283
511 284
512 284
513 284
514 284
515 284
516 284
517 283
518 282
519 281
520 280
520 279
520 278
520 277
520 276
520 275
520 274
520 273
520 272
521 271
522 270
523 269
521 281
522 282
523 283
524 284
525 285
525 286
525 287
525 288
487 234
424 264
425 265
426 266
427 267
428 268
429 269
429 270
429 271
409 263
408 264
408 265
408 266
408 267
408 268
385 260
386 261
387 262
387 263
387 264
387 265
387 266
343 268
342 269
341 270
340 271
339 272
338 273
337 274
336 275
335 275
334 275
333 275
332 275
331 275
331 276
330 277
329 278
328 279
327 280
326 281
325 282
325 283
325 284
325 285
325 286
325 287
324 288
323 289
322 290
321 291
321 292
321 293
321 294
321 295
321 296
321 297
321 298
330 274
329 273
332 238
333 237
334 236
335 235
336 234
337 233
338 232
339 231
340 230
341 229
342 228
343 227
344 226
345 225
316 215
317 214
318 213
319 212
320 211
321 210
321 209
322 209
323 208
324 207
325 206
326 205
327 204
328 203
329 202
330 201
331 200
332 199
333 198
334 197
335 196
336 195
337 194
336 193
335 192
334 191
333 190
332 189
331 188
330 187
329 186
328 185
327 184
327 183
326 182
325 181
324 180
323 179
322 178
321 177
320 176
319 175
318 174
317 173
316 172
315 171
314 170
313 169
312 168
311 167
311 166
312 165
313 164
314 163
315 162
316 162
317 162
318 162
319 161
320 160
321 159
322 158
323 157
324 157
324 158
325 159
326 160
327 161
328 162
328 163
325 156
326 155
327 154
328 153
329 152
330 151
331 150
332 149
333 148
334 147
334 146
333 145
332 144
331 143
330 142
335 148
336 149
337 150
338 151
339 152
340 152
341 152
342 152
343 152
344 152
344 151
345 150
346 149
347 148
348 147
349 146
350 145
351 144
345 153
346 154
347 155
348 156
349 157
349 158
349 159
349 160
349 161
349 162
349 163
349 164
349 165
315 161
314 160
313 159
312 158
311 157
310 156
309 155
308 154
307 153
306 152
305 151
304 150
303 149
303 148
303 147
303 146
303 145
303 144
303 143
303 142
303 141
303 140
303 139
303 138
303 137
303 136
303 135
303 134
304 133
305 132
305 131
305 130
305 129
305 128
305 127
305 126
305 125
305 124
305 123
305 122
305 121
305 120
305 119
305 118
305 117
305 116
305 115
305 114
305 113
304 113
306 113
307 113
308 113
309 113
310 113
311 112
311 111
311 110
311 109
312 108
313 107
314 106
315 105
316 104
317 103
318 102
319 101
320 100
320 99
321 98
322 97
322 96
323 96
324 96
325 96
326 96
327 96
328 96
329 96
330 96
331 96
332 96
333 97
334 98
335 99
336 100
337 101
338 102
338 103
339 104
340 105
340 106
341 107
342 107
343 107
342 108
343 109
344 110
345 111
346 112
347 113
348 114
349 115
350 116
351 117
352 118
353 119
344 106
345 105
346 104
347 103
348 102
349 101
350 100
351 99
352 98
340 108
339 109
338 110
337 111
336 112
335 113
334 114
333 115
332 116
332 117
321 95
320 94
319 93
318 92
317 93
316 93
315 93
314 93
313 93
312 93
311 93
310 93
309 93
308 93
307 93
306 93
305 93
304 93
303 93
302 93
301 93
300 93
299 93
298 93
297 93
296 93
295 93
294 92
293 91
292 90
291 89
290 88
289 87
288 86
287 85
286 86
285 87
284 88
283 88
282 88
281 88
280 88
279 88
278 88
277 88
276 88
275 88
274 88
273 88
272 88
271 88
270 88
269 88
268 88
267 89
266 90
265 91
264 92
263 93
262 94
261 95
260 96
260 97
259 98
258 99
257 98
256 97
255 96
254 95
253 94
252 93
252 92
251 91
250 90
249 89
248 88
247 87
246 88
245 89
244 90
243 91
242 92
241 92
240 92
239 92
238 92
237 92
236 91
235 90
234 89
233 88
232 87
231 86
230 85
229 84
228 85
227 86
226 87
225 88
224 89
223 90
222 91
221 92
220 93
219 94
218 95
217 96
216 96
215 96
214 96
213 96
212 96
211 96
210 96
209 95
208 94
207 93
206 92
205 91
204 90
203 89
202 88
202 87
201 87
200 87
199 87
198 86
197 85
196 84
195 83
194 82
193 81
192 80
191 79
190 80
189 81
188 82
187 83
186 84
185 85
184 85
183 84
182 84
181 84
180 84
179 83
178 82
177 81
176 80
175 79
174 78
173 78
172 78
171 78
170 78
169 78
168 78
167 78
166 78
165 78
164 78
163 78
162 78
161 77
160 76
159 76
158 76
157 76
156 76
155 76
154 76
153 76
152 76
151 76
150 76
149 76
148 76
147 76
146 76
145 75
144 76
143 77
142 78
141 79
140 80
139 81
138 82
138 83
138 84
137 84
136 83
135 82
134 81
133 80
132 79
131 78
130 77
129 76
128 75
127 74
126 73
126 72
125 72
125 71
124 70
123 69
122 68
121 67
120 67
119 67
118 67
117 67
116 67
115 67
114 66
113 65
112 64
111 63
110 62
109 61
120 68
119 69
118 70
117 71
116 72
115 73
114 74
113 75
112 76
111 77
110 78
109 79
108 80
107 81
106 82
105 83
105 84
104 84
103 84
102 84
101 84
100 84
99 84
98 84
97 84
96 84
95 84
94 84
93 84
92 84
91 84
90 83
89 82
89 81
89 80
89 79
89 78
89 77
88 76
87 75
86 74
85 73
84 72
83 71
82 70
81 69
80 69
79 69
78 69
77 69
76 69
75 69
74 69
73 69
72 69
71 68
70 67
69 66
68 65
67 64
80 70
79 71
78 72
77 73
76 74
75 75
74 76
73 77
72 78
71 79
70 80
69 81
68 82
67 83
66 84
66 85
65 85
64 85
63 85
62 85
61 85
60 85
59 84
58 83
57 82
56 81
55 80
54 79
53 78
52 77
51 76
50 75
50 74
49 73
48 72
47 71
46 70
45 69
44 68
43 67
42 66
41 66
40 66
39 66
38 66
37 66
36 66
35 66
34 65
33 64
32 63
31 62
42 65
43 64
44 63
45 62
49 76
49 77
48 78
47 79
46 80
45 81
44 82
43 83
42 84
41 85
40 86
39 86
38 86
37 86
36 86
35 86
34 86
34 87
33 88
32 89
31 90
30 91
29 92
28 93
27 94
26 95
26 96
26 97
26 98
27 99
28 100
29 101
30 102
31 103
32 104
33 105
34 105
35 105
36 105
37 105
38 105
39 105
40 105
41 104
42 103
43 102
44 101
45 102
46 103
47 104
48 105
49 105
50 105
51 105
52 105
53 105
54 105
55 105
56 105
57 105
58 105
59 105
60 105
59 106
58 107
57 108
56 109
55 110
55 111
55 112
55 113
55 114
55 115
55 116
55 117
55 118
55 119
54 120
53 121
52 122
51 123
50 124
49 125
48 126
47 127
47 128
47 129
47 130
47 131
47 132
47 133
47 134
47 135
47 136
46 137
45 138
44 139
43 140
42 141
41 142
40 143
39 144
38 145
37 146
36 147
35 148
34 148
34 147
34 146
34 145
34 144
34 143
33 142
32 141
31 140
30 139
34 149
34 150
33 151
32 152
31 153
30 153
35 151
36 152
37 153
38 154
39 155
40 156
41 157
42 158
43 159
44 160
43 161
42 162
41 163
40 164
39 165
38 166
37 167
36 168
35 169
34 170
33 171
32 172
31 173
30 174
31 175
32 176
33 177
34 178
35 179
36 180
37 181
38 182
39 183
40 184
41 185
42 186
43 187
44 188
45 189
45 190
45 191
44 192
43 193
42 194
41 195
40 196
39 197
38 197
37 197
36 197
35 197
34 196
33 196
32 196
31 195
30 194
34 198
33 199
32 200
31 201
30 202
29 203
28 204
28 205
29 206
30 207
31 208
32 209
33 210
34 211
35 212
36 213
37 214
38 215
39 216
40 216
41 216
42 216
43 216
42 217
41 218
40 219
39 220
38 221
37 222
36 223
35 224
34 225
33 226
32 227
31 228
30 228
29 228
30 229
31 230
32 231
33 232
34 233
35 234
36 235
37 236
38 237
39 237
40 237
41 237
42 237
43 237
44 217
45 218
46 219
47 220
48 221
49 222
50 223
51 224
52 225
53 226
54 227
55 228
56 229
57 230
58 231
59 232
60 232
61 232
62 232
63 233
64 234
65 235
66 236
67 237
68 238
69 239
70 240
71 240
72 240
73 240
74 241
75 241
76 241
77 241
78 241
79 241
80 241
81 241
82 241
83 241
84 241
85 241
86 241
87 241
88 241
89 241
90 241
91 241
92 241
93 241
93 240
93 239
93 238
93 237
93 236
94 235
95 234
96 233
97 232
98 231
99 230
100 229
101 228
102 227
103 226
104 225
105 224
106 223
107 222
94 242
95 243
96 243
97 243
98 243
99 243
100 243
101 243
102 243
103 243
104 243
105 243
106 243
107 243
108 243
109 243
110 243
111 243
45 161
46 162
47 163
48 164
49 165
49 166
49 167
49 168
49 169
49 170
50 171
51 172
52 173
53 174
54 175
55 176
56 177
57 178
58 179
59 180
60 181
61 182
62 183
63 184
64 185
65 186
66 186
67 187
68 188
69 189
70 190
71 191
72 191
73 191
74 191
75 191
75 190
75 189
76 188
77 187
77 186
78 185
79 184
80 183
81 182
82 181
83 180
84 179
85 180
86 181
87 182
88 183
89 184
90 185
91 186
92 187
93 188
94 189
95 189
96 189
97 189
98 189
99 189
100 189
101 189
102 189
103 190
104 191
105 192
106 193
107 194
108 194
109 195
110 195
111 195
112 195
113 195
114 195
115 195
116 195
117 195
118 194
119 193
120 192
121 193
122 193
123 193
124 193
125 193
126 193
127 193
128 193
129 193
130 193
131 193
132 193
133 193
134 193
135 193
136 193
137 193
138 193
139 194
140 195
141 196
142 197
143 197
144 197
145 197
146 197
147 197
148 197
149 197
109 196
108 197
107 198
106 199
105 200
104 201
103 202
102 203
101 204
100 205
99 206
98 207
97 208
96 209
95 210
94 211
93 212
92 213
91 214
90 215
89 216
88 217
87 218
86 219
86 220
74 192
73 193
72 194
71 195
70 196
69 197
68 198
67 199
66 200
65 201
64 202
64 203
64 204
64 205
64 206
64 207
64 208
76 192
77 193
78 194
79 195
80 196
81 196
48 137
49 138
50 139
51 139
52 139
53 139
54 139
35 106
35 107
35 108
35 109
35 110
35 111
35 112
35 113
35 114
35 115
35 116
35 117
35 118
33 85
32 84
31 83
81 68
82 67
83 66
84 65
85 64
86 63
87 62
88 61
127 72
128 71
129 70
138 85
137 86
136 87
135 88
134 89
133 90
132 90
131 90
130 90
129 90
128 90
127 90
126 90
139 86
140 87
141 88
142 89
143 90
143 91
143 92
183 86
182 87
181 88
180 89
180 90
180 91
180 92
180 93
179 94
178 95
177 96
176 97
175 98
174 99
173 99
181 94
182 95
183 96
184 96
203 87
204 86
205 85
206 84
207 83
208 82
208 96
207 97
206 98
205 99
205 100
218 97
219 98
220 99
221 100
222 100
223 100
251 94
251 95
250 96
249 97
248 98
247 99
246 100
246 101
246 102
246 103
246 104
246 105
259 100
260 101
261 102
262 103
262 104
262 105
262 106
262 107
262 108
262 109
301 94
300 95
299 96
298 97
297 98
296 99
295 100
294 101
293 102
292 103
291 104
290 105
289 106
288 107
310 168
309 168
308 168
307 168
306 168
305 168
338 193
339 192
340 191
341 191
342 191
343 191
344 190
345 189
346 188
347 187
348 186
338 195
339 196
340 197
341 198
342 199
343 200
344 201
345 202
346 203
347 204
347 205
326 207
326 208
320 208
319 207
318 206
317 205
316 204
315 203
314 202
313 201
312 200
311 199
310 198
309 197
308 196
307 195
306 194
305 193
304 192
313 215
313 214
312 213
311 212
302 229
302 230
188
277 209
289 216
275 228
258 221
237 226
237 242
216 229
195 220
170 197
181 199
174 220
163 222
149 220
128 219
170 236
148 244
133 242
168 251
191 241
202 251
186 252
202 200
216 208
224 252
237 205
257 207
257 236
271 244
270 263
256 257
244 264
247 277
263 284
252 297
266 302
255 318
243 318
223 324
232 339
219 350
197 346
174 334
172 345
195 333
177 314
200 319
232 356
253 339
252 363
266 364
275 349
293 349
306 348
300 329
321 321
318 342
304 368
315 363
283 366
276 314
273 330
283 331
287 309
300 294
296 288
308 273
283 291
288 259
289 248
324 232
344 245
331 253
320 253
308 252
344 267
357 261
373 243
372 264
394 248
416 247
435 253
452 261
480 250
505 219
515 204
519 187
534 172
521 136
492 110
510 119
499 237
512 247
499 258
489 279
514 284
523 269
525 288
487 234
429 271
408 268
387 266
325 287
321 298
329 273
345 225
327 184
328 163
330 142
351 144
349 165
303 149
305 132
304 113
311 112
332 96
353 119
352 98
332 117
318 92
302 93
287 85
268 88
247 87
229 84
191 79
174 78
160 76
145 75
109 61
105 84
89 82
67 64
66 85
31 62
45 62
49 77
26 98
44 101
60 105
55 119
30 139
30 153
44 160
30 174
45 191
30 194
28 205
43 216
29 228
43 237
62 232
73 240
93 241
107 222
111 243
49 170
66 186
84 179
102 189
120 192
138 193
149 197
104 201
86 220
64 208
81 196
54 139
35 118
31 83
88 61
129 70
126 90
143 92
173 99
184 96
208 82
205 100
223 100
246 105
262 109
288 107
305 168
348 186
347 205
326 208
304 192
311 212
302 230
