3024
278 203
277 204
277 205
277 206
277 207
277 208
277 209
278 210
279 211
280 212
281 213
282 214
283 215
284 216
285 216
286 216
287 216
288 216
289 216
288 217
287 218
286 219
285 220
284 221
283 222
282 223
281 224
280 225
279 226
278 227
277 228
276 228
275 228
274 228
273 228
272 228
271 228
270 228
269 228
268 228
267 228
266 227
265 226
264 225
263 224
262 223
261 222
260 221
259 220
258 219
258 218
258 217
258 216
258 215
258 214
258 213
258 212
258 211
258 210
258 209
258 208
257 207
256 207
255 207
254 207
253 207
252 207
251 207
250 207
249 207
248 207
247 207
246 207
245 207
244 207
243 207
242 207
241 207
240 207
239 207
238 206
237 205
257 220
257 221
257 222
257 223
257 224
257 225
257 226
257 227
257 228
257 229
257 230
257 231
257 232
257 233
257 234
257 235
257 236
290 217
291 218
292 219
293 220
294 221
295 222
296 223
297 224
298 225
299 226
300 227
301 228
302 228
302 227
302 226
302 225
302 224
302 223
302 222
302 221
303 220
304 219
305 218
306 217
307 216
308 215
309 214
310 213
311 212
312 212
313 212
314 212
315 212
316 212
317 212
318 212
319 212
320 212
321 212
322 212
323 211
324 210
325 209
326 208
327 209
328 210
329 211
330 211
331 211
332 211
333 211
334 211
335 211
336 211
337 211
338 211
339 211
340 211
341 211
342 211
343 211
344 211
345 211
346 211
312 213
313 214
314 215
315 216
316 217
317 218
318 219
319 220
320 221
321 222
322 223
323 224
324 225
325 226
325 227
325 228
325 229
311 211
311 210
311 209
311 208
311 207
311 206
311 205
311 204
311 203
311 202
311 201
311 200
311 199
310 198
309 197
308 196
307 195
306 194
305 193
304 192
302 229
302 230
301 231
300 232
299 233
298 234
297 235
296 236
295 237
294 238
293 239
292 240
291 241
290 242
289 243
289 244
289 245
289 246
289 247
289 248
288 249
288 250
288 251
288 252
288 253
288 254
288 255
288 256
288 257
288 258
288 259
290 249
291 250
292 251
293 252
294 252
295 252
296 252
297 252
298 252
299 252
300 252
301 252
302 252
303 252
304 252
305 252
306 252
307 252
308 252
309 252
310 252
311 252
312 252
313 252
314 252
315 252
316 252
317 252
318 252
319 252
320 252
321 251
322 250
323 251
324 252
325 253
326 254
327 254
328 254
329 254
330 254
331 254
332 254
333 254
334 254
335 254
336 254
337 254
338 254
339 254
340 254
341 254
342 254
343 254
344 253
344 252
344 251
344 250
344 249
344 248
344 247
344 246
344 245
344 244
344 243
344 242
344 241
344 240
344 239
344 238
344 237
344 236
344 235
344 234
345 233
346 232
345 254
346 255
347 256
348 257
349 258
350 259
351 260
352 261
353 261
354 261
355 261
356 261
357 261
358 261
359 261
359 260
359 259
359 258
359 257
360 256
361 255
362 254
363 253
364 252
365 251
366 250
367 249
368 248
369 247
370 246
371 245
372 244
373 243
360 262
361 263
362 263
363 263
364 263
365 263
366 263
367 263
368 263
369 263
370 263
371 263
372 263
373 264
374 265
375 266
376 266
377 266
378 266
379 266
380 266
381 266
382 266
383 266
384 266
385 266
386 266
387 266
387 265
387 264
387 263
387 262
387 261
387 260
387 259
387 258
388 257
389 256
390 255
391 254
392 253
393 252
394 251
395 252
396 253
397 254
398 255
399 256
400 257
401 258
402 259
403 260
404 261
405 262
406 263
407 264
408 265
408 266
408 267
408 268
409 269
410 270
411 271
412 271
413 271
414 271
415 271
416 271
417 271
418 271
419 271
420 271
421 271
422 271
423 271
424 271
425 271
426 271
427 271
428 271
429 271
429 270
429 269
429 268
429 267
429 266
429 265
429 264
429 263
429 262
429 261
429 260
429 259
429 258
429 257
430 256
431 255
432 254
433 253
434 252
434 251
433 251
432 251
431 251
430 251
429 251
428 251
427 251
426 251
425 251
424 251
423 251
422 251
421 251
420 251
419 250
418 249
417 248
416 247
435 251
436 252
437 253
438 254
439 255
440 256
441 257
442 258
443 259
444 260
445 261
446 261
447 261
448 261
449 261
450 261
451 261
452 261
453 261
454 261
455 261
456 261
457 261
458 261
459 261
460 261
461 261
462 261
463 261
464 261
465 261
466 261
467 261
468 260
469 259
470 258
471 257
472 256
473 255
474 254
475 253
476 252
477 251
478 250
478 249
478 248
478 247
478 246
478 245
478 244
478 243
479 242
480 241
481 240
482 239
483 238
484 237
485 236
486 236
487 236
488 236
489 236
490 235
491 234
492 233
493 232
494 231
495 230
496 229
497 228
498 227
499 226
500 225
500 224
500 223
500 222
500 221
500 220
500 219
501 218
502 217
503 216
504 215
505 214
506 213
507 212
508 211
509 210
510 209
511 208
512 207
513 206
514 205
515 204
515 203
515 202
515 201
515 200
515 199
515 198
515 197
515 196
515 195
515 194
515 193
515 192
515 191
516 190
517 189
518 188
519 187
520 186
521 185
522 184
523 183
524 182
525 181
526 180
527 179
528 178
529 177
530 176
531 175
532 174
533 173
534 172
534 171
534 170
534 169
534 168
534 167
534 166
534 165
534 164
534 163
534 162
534 161
534 160
534 159
534 158
534 157
534 156
534 155
534 154
534 153
534 152
534 151
534 150
534 149
533 148
532 147
531 146
530 145
529 144
528 143
527 142
526 141
525 140
524 139
523 138
522 137
521 136
521 135
521 134
521 133
521 132
521 131
521 130
521 129
520 128
519 127
518 126
517 125
516 124
515 123
514 122
513 121
512 120
511 119
510 118
509 118
508 118
507 118
506 118
505 118
504 118
503 118
502 118
501 118
500 118
499 117
498 116
497 115
496 114
495 113
494 112
493 111
492 110
486 237
487 238
488 239
489 240
490 241
491 242
492 243
493 244
494 245
495 246
496 246
497 246
498 246
499 246
500 247
501 247
502 247
503 247
504 247
505 247
506 247
507 247
508 247
509 247
510 247
511 247
512 247
513 247
514 247
515 247
516 247
517 247
518 247
519 247
520 247
521 247
479 251
480 252
481 253
482 254
483 255
484 256
485 257
486 258
487 259
488 260
489 261
490 262
491 263
492 264
492 265
492 266
492 267
491 268
490 269
489 270
488 271
487 272
486 273
485 274
485 275
485 276
485 277
485 278
485 279
485 280
485 281
485 282
493 268
494 269
495 270
496 271
497 272
498 273
499 274
500 275
501 276
502 277
503 278
504 279
505 280
506 281
507 282
508 283
509 284
510 284
511 284
512 284
513 284
514 284
514 283
514 282
514 281
514 280
514 279
514 278
515 277
516 276
517 275
518 274
519 273
520 272
521 271
522 270
523 269
515 285
516 286
517 287
518 288
519 288
520 288
521 288
522 288
523 288
524 288
525 288
332 255
331 256
330 257
330 258
330 259
330 260
330 261
330 262
330 263
330 264
330 265
330 266
330 267
330 268
330 269
329 270
328 271
327 272
326 273
325 274
325 275
325 276
325 277
325 278
325 279
325 280
325 281
325 282
325 283
325 284
325 285
325 286
325 287
324 287
323 287
322 287
321 286
320 285
319 284
318 283
317 282
316 281
315 280
314 279
313 278
312 277
311 276
310 275
309 274
308 273
307 274
306 275
305 276
304 277
303 278
302 279
301 280
300 281
299 282
298 283
297 284
296 285
296 286
296 287
296 288
295 289
294 290
293 291
292 291
291 291
290 291
289 291
288 291
287 291
286 291
285 291
284 291
283 291
297 289
298 290
299 291
300 292
300 293
300 294
299 295
298 296
297 297
296 298
295 299
294 300
293 301
292 302
291 303
290 304
289 305
288 306
287 307
287 308
287 309
286 310
285 311
284 312
283 313
282 314
281 314
280 314
279 314
278 314
277 314
276 314
276 313
276 312
276 311
275 310
274 309
273 308
272 307
271 306
270 305
269 304
268 303
267 302
266 302
265 302
264 302
263 302
262 302
261 302
260 302
259 302
258 302
257 302
256 301
255 300
254 299
253 298
252 297
252 296
252 295
253 294
254 293
255 292
256 291
257 290
258 289
259 288
260 287
261 286
262 285
262 284
261 284
260 284
259 284
258 284
257 284
256 284
255 284
254 284
253 283
252 282
251 281
250 280
249 279
248 278
247 277
247 276
247 275
247 274
247 273
247 272
247 271
247 270
247 269
247 268
247 267
247 266
247 265
247 264
246 263
245 262
245 261
244 261
244 260
244 259
244 258
244 257
244 256
244 255
244 254
244 253
244 252
244 251
244 250
243 249
242 248
241 247
240 246
239 245
238 244
237 243
236 242
235 242
234 242
233 242
232 242
231 242
230 242
229 242
228 241
227 240
226 239
225 238
224 237
223 236
222 235
221 234
220 233
219 232
218 231
217 230
216 229
215 230
214 231
213 232
212 233
211 234
210 234
209 234
208 234
207 234
206 234
205 234
204 234
203 234
202 234
201 234
200 234
199 234
198 234
197 234
196 234
195 234
194 235
193 236
192 237
191 238
190 239
189 240
189 241
189 242
189 243
189 244
189 245
189 246
189 247
189 248
189 249
189 250
188 250
187 250
186 250
185 250
184 250
183 250
182 249
181 248
180 247
179 246
178 245
177 244
176 243
175 242
174 241
173 240
172 239
171 238
170 237
169 236
168 236
167 236
166 236
165 236
164 235
163 234
162 233
161 232
160 231
159 230
158 229
157 228
156 227
155 226
154 225
153 224
152 223
151 222
150 221
149 220
148 220
147 220
146 220
145 220
144 220
143 220
142 220
141 220
140 220
139 220
138 220
137 220
136 220
135 220
134 220
133 220
132 220
131 220
130 220
129 220
128 219
127 220
126 221
125 222
124 222
123 222
122 222
121 222
120 222
119 222
118 222
117 222
116 222
115 222
114 222
113 222
112 222
111 222
110 222
109 222
108 222
107 222
106 223
105 224
104 225
103 226
102 227
101 228
100 229
99 230
98 231
97 232
96 233
95 234
94 235
93 236
93 237
93 238
93 239
93 240
93 241
92 241
91 241
90 241
89 241
88 241
87 241
86 241
85 241
84 241
83 241
82 241
81 241
80 241
79 241
78 241
77 241
76 241
75 241
74 241
73 240
72 240
71 240
70 240
69 239
68 238
67 237
66 236
65 235
64 234
63 233
62 232
61 232
60 232
59 232
58 231
57 230
56 229
55 228
54 227
53 226
52 225
51 224
50 223
49 222
48 221
47 220
46 219
45 218
44 217
43 216
42 216
41 216
40 216
39 216
38 215
37 214
36 213
35 212
34 211
33 210
32 209
31 208
30 207
29 206
28 205
28 204
28 203
28 202
28 201
28 200
28 199
28 198
28 197
28 196
29 195
30 194
31 194
32 194
33 194
34 194
35 194
36 194
37 194
38 194
39 194
40 194
41 194
42 194
43 193
44 192
45 191
45 190
45 189
44 188
43 187
42 186
41 185
40 184
39 183
38 182
37 181
36 180
35 179
34 178
33 177
32 176
31 175
30 174
31 173
32 172
33 171
34 170
35 169
36 168
37 167
38 166
39 165
40 164
41 163
42 162
43 161
43 160
42 160
41 160
40 160
39 160
38 160
37 160
36 159
35 158
34 157
33 156
32 155
31 154
30 153
30 152
30 151
30 150
30 149
30 148
30 147
30 146
30 145
30 144
30 143
30 142
30 141
30 140
30 139
30 138
30 137
30 136
30 135
30 134
30 133
30 132
30 131
30 130
30 129
30 128
30 127
30 126
30 125
30 124
30 123
31 122
32 121
33 120
34 119
35 118
35 117
35 116
35 115
35 114
35 113
35 112
35 111
35 110
36 109
37 108
38 107
39 106
40 105
41 104
42 103
43 102
44 101
44 100
44 99
44 98
44 97
44 96
43 95
42 94
41 93
40 92
39 91
38 90
37 89
36 88
35 87
34 86
33 85
32 84
32 83
31 83
30 84
29 85
28 86
27 87
26 88
26 89
26 90
26 91
26 92
26 93
26 94
26 95
26 96
26 97
26 98
33 83
34 83
35 83
36 83
37 83
38 83
39 83
40 83
41 83
42 83
43 83
44 82
45 81
46 80
47 79
48 78
49 77
50 77
51 77
52 77
53 77
54 77
55 76
56 75
57 74
58 73
59 72
60 71
61 70
62 69
63 68
64 67
65 66
66 65
67 64
68 64
69 64
70 64
71 64
72 64
73 64
74 64
75 64
76 64
77 64
78 64
79 64
80 64
81 64
82 64
83 64
84 64
85 64
86 63
87 62
88 61
89 62
89 63
89 64
89 65
89 66
89 67
89 68
89 69
89 70
89 71
89 72
89 73
89 74
89 75
89 76
89 77
89 78
89 79
89 80
89 81
89 82
90 83
91 84
92 84
93 84
94 84
95 84
96 84
97 84
98 84
99 84
100 84
101 84
102 84
103 84
104 84
105 84
106 85
107 86
108 87
109 88
110 89
111 90
112 90
113 90
114 90
115 90
116 90
117 90
118 90
119 90
120 90
121 90
122 90
123 90
124 90
125 90
126 90
127 91
128 92
129 92
130 92
131 92
132 92
133 92
134 92
135 92
136 92
137 92
138 92
139 92
140 92
141 92
142 92
143 92
143 91
143 90
143 89
143 88
143 87
143 86
143 85
143 84
143 83
143 82
143 81
143 80
143 79
143 78
143 77
144 76
144 75
143 75
142 75
141 75
140 75
139 75
138 75
137 75
136 75
135 75
134 75
133 74
132 73
131 72
130 71
129 70
128 70
127 70
126 70
125 70
124 70
123 70
122 70
121 70
120 70
119 70
118 70
117 69
116 68
115 67
114 66
113 65
112 64
111 63
110 62
109 61
145 75
146 76
147 76
148 76
149 76
150 76
151 76
152 76
153 76
154 76
155 76
156 76
157 76
158 76
159 76
160 76
161 77
162 78
163 78
164 78
165 78
166 78
167 78
168 78
169 78
170 78
171 78
172 78
173 78
174 78
175 79
176 79
177 79
178 79
179 79
180 79
181 79
182 79
183 79
184 79
185 79
186 79
187 79
188 79
189 79
190 79
191 79
190 80
189 81
188 82
187 83
186 84
185 85
184 86
184 87
184 88
184 89
184 90
184 91
184 92
184 93
184 94
184 95
184 96
183 97
182 98
181 99
180 99
179 99
178 99
177 99
176 99
175 99
174 99
173 99
192 80
193 81
194 82
195 82
196 82
197 82
198 82
199 82
200 82
201 82
202 82
203 82
204 82
205 82
206 82
207 82
208 82
207 83
206 84
205 85
204 86
204 87
204 88
204 89
204 90
204 91
204 92
204 93
204 94
204 95
204 96
204 97
204 98
204 99
204 100
209 83
210 84
211 85
212 86
213 87
214 88
215 89
216 90
217 91
218 92
219 93
220 94
221 95
222 96
223 96
223 95
223 94
223 93
223 92
223 91
223 90
224 89
225 88
226 87
227 86
228 85
229 84
230 85
231 86
232 87
233 87
234 87
235 87
236 87
237 87
238 87
239 87
240 87
241 87
242 87
243 87
244 87
245 87
246 87
247 87
246 88
246 89
246 90
246 91
246 92
246 93
246 94
246 95
246 96
246 97
246 98
246 99
246 100
246 101
246 102
246 103
246 104
247 105
248 106
249 107
250 108
251 109
252 110
253 110
254 110
255 110
256 110
257 110
258 110
259 110
260 110
261 110
262 110
248 88
249 88
250 88
251 88
252 88
253 88
254 88
255 88
256 88
257 88
258 88
259 88
260 88
261 88
262 88
263 88
264 88
265 88
266 88
267 88
268 88
269 88
270 88
271 88
272 88
273 88
274 88
275 88
276 88
277 88
278 88
279 88
280 88
281 88
282 88
283 88
284 88
285 87
286 86
287 85
288 86
289 87
290 88
291 89
292 90
293 91
294 92
295 93
296 93
297 93
298 93
299 93
300 93
301 93
302 93
303 93
304 93
305 93
306 93
307 93
308 93
309 93
310 93
311 93
312 93
313 93
314 93
315 93
316 92
317 91
318 92
319 93
320 94
321 95
322 96
323 96
324 96
325 96
326 96
327 96
328 96
329 96
330 96
331 96
332 96
333 97
334 98
335 98
336 98
337 98
338 98
339 98
340 98
341 98
342 98
343 98
344 98
345 98
344 99
343 100
342 101
341 102
340 103
339 104
338 105
337 106
336 107
335 108
334 109
333 110
332 111
331 112
331 113
331 114
331 115
331 116
331 117
346 99
347 99
348 99
349 99
350 99
351 99
352 99
353 99
354 99
355 99
356 99
357 99
358 99
359 99
360 99
361 99
360 100
359 101
358 102
357 103
356 104
355 105
354 106
353 107
353 108
353 109
353 110
353 111
353 112
353 113
353 114
353 115
353 116
353 117
353 118
353 119
301 94
300 95
299 96
298 97
297 98
296 99
295 100
294 101
293 102
292 103
291 104
290 105
289 106
288 107
289 108
290 109
291 110
292 111
293 112
294 113
295 113
296 113
297 113
298 113
299 113
300 113
301 113
302 113
303 113
304 113
305 113
306 113
307 113
308 113
309 113
310 113
311 112
305 114
305 115
305 116
305 117
305 118
305 119
305 120
305 121
305 122
305 123
305 124
305 125
305 126
305 127
305 128
305 129
305 130
305 131
304 132
303 133
303 134
303 135
303 136
303 137
303 138
303 139
303 140
303 141
303 142
303 143
303 144
303 145
303 146
303 147
303 148
303 149
304 150
305 151
305 152
305 153
305 154
305 155
305 156
305 157
305 158
305 159
305 160
305 161
305 162
305 163
305 164
305 165
305 166
305 167
305 168
306 169
307 170
308 171
309 172
310 173
311 174
312 175
313 176
314 177
315 178
316 179
317 180
318 181
319 182
320 183
321 184
322 184
323 184
324 184
325 184
326 184
327 184
327 183
327 182
327 181
327 180
327 179
327 178
327 177
327 176
327 175
327 174
327 173
327 172
327 171
327 170
327 169
327 168
327 167
327 166
327 165
327 164
328 163
328 162
328 161
328 160
328 159
328 158
328 157
328 156
328 155
328 154
328 153
328 152
328 151
328 150
328 149
328 148
328 147
328 146
328 145
328 144
329 143
330 142
328 185
329 186
330 186
331 186
332 186
333 186
334 186
335 186
336 186
337 186
338 186
339 186
340 186
341 186
342 186
343 186
344 186
345 186
346 186
347 186
348 186
348 185
348 184
348 183
348 182
348 181
348 180
348 179
348 178
348 177
348 176
348 175
348 174
348 173
348 172
348 171
348 170
348 169
348 168
348 167
348 166
349 165
349 164
349 163
349 162
349 161
349 160
349 159
349 158
349 157
349 156
349 155
349 154
349 153
349 152
349 151
349 150
349 149
349 148
349 147
349 146
350 145
351 144
223 97
223 98
223 99
223 100
50 78
51 79
52 80
53 81
54 82
55 83
56 84
57 85
58 85
59 85
60 85
61 85
62 85
63 85
64 85
65 85
66 85
49 76
49 75
49 74
49 73
49 72
49 71
49 70
49 69
49 68
49 67
49 66
48 65
47 64
46 63
45 62
44 62
43 62
42 62
41 62
40 62
39 62
38 62
37 62
36 62
35 62
34 62
33 62
32 62
31 62
45 102
46 103
47 104
48 105
49 105
50 105
51 105
52 105
53 105
54 105
55 105
56 105
57 105
58 105
59 105
60 105
59 106
58 107
57 108
56 109
55 110
55 111
55 112
55 113
55 114
55 115
55 116
55 117
55 118
55 119
54 120
54 121
54 122
54 123
54 124
54 125
54 126
54 127
54 128
54 129
54 130
54 131
54 132
54 133
54 134
54 135
54 136
54 137
54 138
54 139
44 160
45 161
46 162
47 163
48 164
49 165
49 166
49 167
49 168
49 169
49 170
50 171
51 172
52 173
53 174
54 175
55 176
56 177
57 178
58 179
59 180
60 181
61 182
62 183
63 184
64 185
65 186
66 186
67 186
68 186
69 186
70 186
71 186
72 186
73 186
74 186
75 186
76 186
77 185
78 184
79 183
80 182
81 181
82 180
83 179
84 180
85 181
86 182
87 183
88 184
89 185
90 186
91 187
92 188
93 189
94 189
95 189
96 189
97 189
98 189
99 189
100 189
101 189
102 189
103 190
104 191
104 192
104 193
104 194
104 195
104 196
104 197
104 198
104 199
104 200
104 201
105 201
106 201
107 201
108 201
109 201
110 201
111 201
112 200
113 199
114 198
115 197
116 196
117 195
118 194
119 193
120 192
121 193
122 193
123 193
124 193
125 193
126 193
127 193
128 193
129 193
130 193
131 193
132 193
133 193
134 193
135 193
136 193
137 193
138 193
139 194
140 195
141 196
142 197
143 197
144 197
145 197
146 197
147 197
148 197
149 197
103 202
102 203
101 204
100 205
99 206
98 207
97 208
96 209
95 210
94 211
93 212
92 213
91 214
90 215
89 216
88 217
87 218
86 219
86 220
67 187
68 188
69 189
70 190
71 191
72 192
73 193
74 194
75 195
76 196
77 196
78 196
79 196
80 196
81 196
80 197
79 198
78 199
77 200
76 201
75 202
74 203
73 204
72 205
71 206
70 207
69 208
68 208
67 208
66 208
65 208
64 208
42 217
41 218
40 219
39 220
38 221
37 222
36 223
35 224
34 225
33 226
32 227
31 228
30 228
29 228
30 229
31 230
32 231
33 232
34 233
35 234
36 235
37 236
38 237
39 237
40 237
41 237
42 237
43 237
94 242
95 243
96 243
97 243
98 243
99 243
100 243
101 243
102 243
103 243
104 243
105 243
106 243
107 243
108 243
109 243
110 243
111 243
168 237
168 238
168 239
168 240
168 241
168 242
168 243
168 244
168 245
168 246
168 247
168 248
168 249
168 250
168 251
167 251
166 251
165 251
164 251
163 251
162 251
161 251
160 251
159 251
158 251
157 251
156 251
155 251
154 250
153 249
152 248
151 247
150 246
149 245
148 244
147 244
146 244
145 244
144 244
143 244
142 244
141 244
140 244
139 244
138 244
137 244
136 244
135 244
134 243
133 242
169 235
169 234
169 233
169 232
169 231
169 230
169 229
169 228
169 227
170 226
171 225
172 224
173 223
174 222
190 251
191 251
192 251
193 251
194 251
195 251
196 251
197 251
198 251
199 251
200 251
235 243
234 244
233 245
232 246
231 247
230 248
229 249
228 250
227 251
226 252
225 252
224 252
236 241
236 240
236 239
236 238
236 237
236 236
236 235
236 234
236 233
236 232
236 231
236 230
236 229
236 228
236 227
236 226
235 226
234 226
233 225
232 224
231 223
230 222
229 221
228 220
227 219
226 218
225 217
224 216
223 215
222 214
221 213
220 212
219 211
218 210
217 209
216 208
216 207
216 206
216 205
216 204
216 203
216 202
216 201
216 200
216 199
216 198
216 197
215 196
214 197
213 198
212 199
211 200
210 201
209 202
208 203
207 204
206 205
205 206
204 207
203 208
202 209
201 210
200 211
199 212
198 213
197 213
196 213
195 213
194 213
193 213
192 213
191 213
190 213
189 213
188 213
187 213
186 213
185 212
184 211
183 210
182 209
181 208
180 207
179 206
178 205
177 204
176 203
175 202
174 201
195 212
195 211
195 210
195 209
195 208
195 207
195 206
195 205
195 204
195 203
195 202
195 201
195 200
195 199
195 198
195 197
237 226
246 261
247 261
248 261
249 261
250 261
251 261
252 261
253 260
254 259
255 258
256 257
257 258
258 259
259 260
260 261
261 262
262 263
263 263
264 263
265 263
266 263
267 263
268 263
269 263
263 284
266 303
265 304
264 305
263 306
262 307
261 308
260 309
259 310
258 311
257 312
256 313
255 314
255 315
255 316
255 317
255 318
254 318
253 318
252 318
251 318
250 318
249 318
248 318
247 318
246 318
245 318
244 318
243 319
242 320
241 321
240 322
239 323
238 324
237 325
236 326
235 327
234 328
233 329
232 330
232 331
232 332
231 332
230 331
229 330
228 329
227 328
226 327
225 326
224 325
223 324
232 333
232 334
232 335
232 336
232 337
232 338
232 339
231 340
230 341
229 342
228 343
227 344
226 345
225 346
224 347
223 348
222 349
221 350
220 350
219 350
218 350
217 350
216 350
215 350
214 350
213 350
212 350
211 350
210 350
209 350
208 350
207 350
206 350
205 350
204 350
203 350
202 350
201 350
200 349
199 348
198 347
197 346
197 345
197 344
197 343
197 342
197 341
197 340
197 339
197 338
197 337
197 336
197 335
196 334
195 333
195 332
195 331
194 331
193 330
192 329
191 328
190 327
189 326
188 325
187 324
186 323
185 322
184 321
183 320
182 319
181 318
180 317
179 316
178 315
177 314
176 315
175 316
174 317
174 318
174 319
174 320
174 321
174 322
174 323
174 324
174 325
174 326
174 327
174 328
174 329
174 330
174 331
174 332
174 333
174 334
173 335
172 336
172 337
172 338
172 339
172 340
172 341
172 342
172 343
172 344
172 345
195 330
195 329
195 328
195 327
195 326
195 325
195 324
196 323
197 322
198 321
199 320
200 319
220 351
221 352
222 353
223 354
224 355
225 355
226 355
227 355
228 355
229 355
230 355
231 355
232 355
233 356
234 357
235 358
236 359
237 360
238 361
239 362
240 363
241 363
242 363
243 363
244 363
245 363
246 363
247 363
248 363
249 363
250 363
251 363
252 363
275 315
274 316
273 317
273 318
273 319
273 320
273 321
273 322
273 323
273 324
273 325
273 326
273 327
273 328
273 329
273 330
272 331
271 332
270 333
269 334
268 335
267 336
266 337
265 338
264 339
263 339
262 339
261 339
260 339
259 339
258 339
257 339
256 339
255 339
254 339
253 339
274 331
275 331
276 331
277 331
278 331
279 331
280 331
281 331
282 331
283 331
284 331
285 331
286 331
287 331
288 331
289 331
290 331
291 331
292 331
293 331
294 331
295 331
296 331
297 331
298 331
299 330
300 329
301 329
302 329
303 329
304 329
305 329
306 329
307 329
308 329
309 329
310 329
311 329
312 329
313 329
314 328
315 327
316 326
317 325
318 324
319 323
320 322
321 321
301 330
302 331
303 332
304 333
305 334
306 335
307 336
308 337
309 338
310 339
311 340
312 341
313 342
314 342
315 342
316 342
317 342
318 342
317 343
316 344
315 345
314 346
313 347
312 348
311 348
310 348
309 348
308 348
307 348
306 348
305 349
304 349
303 349
302 349
301 349
300 349
299 349
298 349
297 349
296 349
295 349
294 349
293 349
292 350
291 351
290 352
289 353
288 354
287 355
286 356
285 357
284 358
283 358
283 357
282 356
281 355
280 354
279 353
278 352
277 351
276 350
275 349
283 359
283 360
283 361
283 362
283 363
283 364
283 365
283 366
307 349
308 350
309 351
310 352
311 353
312 354
313 355
314 356
315 357
315 358
315 359
315 360
315 361
315 362
315 363
314 364
313 365
312 366
311 367
310 368
309 368
308 368
307 368
306 368
305 368
304 368
324 288
323 289
322 290
321 291
321 292
321 293
321 294
321 295
321 296
321 297
321 298
185
277 209
289 216
275 228
258 219
257 207
237 205
257 236
311 212
326 208
346 211
325 229
304 192
302 230
289 248
288 259
304 252
322 250
333 254
344 253
346 232
359 261
373 243
372 263
387 266
394 251
408 268
429 271
416 247
435 251
452 261
478 250
485 236
500 225
515 204
519 187
534 172
521 136
510 118
492 110
499 246
521 247
492 267
485 282
514 284
523 269
525 288
330 269
325 287
308 273
296 288
283 291
300 294
287 309
276 314
267 302
252 297
247 277
244 261
236 242
216 229
195 234
189 250
169 236
149 220
128 219
107 222
93 241
73 240
62 232
43 216
28 205
30 194
45 191
30 174
30 153
30 139
35 118
44 101
31 83
26 98
49 77
67 64
88 61
89 82
105 84
126 90
143 92
129 70
109 61
145 75
160 76
174 78
191 79
184 96
173 99
208 82
204 100
229 84
247 87
246 104
262 110
268 88
287 85
302 93
317 91
332 96
345 98
331 117
361 99
353 119
288 107
304 113
311 112
305 131
303 149
305 168
327 184
328 163
330 142
348 186
349 165
351 144
223 100
66 85
45 62
31 62
60 105
55 119
54 139
44 160
49 170
66 186
83 179
102 189
104 201
120 192
138 193
149 197
86 220
81 196
64 208
29 228
43 237
111 243
168 251
148 244
133 242
174 222
200 251
224 252
216 208
215 196
195 213
174 201
195 197
237 226
256 257
269 263
263 284
255 318
244 318
223 324
232 339
219 350
197 346
195 333
177 314
174 334
172 345
200 319
232 355
252 363
273 330
253 339
283 331
300 329
321 321
318 342
306 348
293 349
275 349
283 366
315 363
304 368
321 298
