3010
278 203
277 204
277 205
277 206
277 207
277 208
277 209
278 210
279 211
280 212
281 213
282 214
283 215
284 216
285 216
286 216
287 216
288 216
289 216
288 217
287 218
286 219
285 220
284 221
283 222
282 223
281 224
280 225
279 226
278 227
277 228
276 228
275 228
274 229
273 230
272 231
271 232
270 233
269 234
269 235
269 236
269 237
269 238
269 239
269 240
269 241
269 242
269 243
268 243
267 243
266 243
265 243
264 243
263 243
262 243
261 243
260 242
259 241
258 240
257 239
256 238
255 237
254 236
254 235
254 234
254 233
254 232
254 231
254 230
254 229
254 228
254 227
254 226
255 225
256 224
257 223
258 222
259 221
259 220
259 219
259 218
259 217
259 216
259 215
259 214
259 213
259 212
259 211
259 210
259 209
258 208
257 207
256 207
255 207
254 207
253 207
252 207
251 207
250 207
249 207
248 207
247 207
246 207
245 207
244 207
243 207
242 207
241 207
240 207
239 207
238 207
237 206
236 205
253 237
252 238
251 239
250 239
249 239
248 239
247 239
246 239
245 239
244 239
243 239
242 239
241 239
240 239
239 239
238 239
237 239
236 239
236 238
236 237
236 236
236 235
236 234
236 233
236 232
236 231
236 230
236 229
236 228
236 227
235 226
235 240
234 241
233 242
232 243
231 244
230 245
229 246
228 247
227 248
226 249
225 250
224 251
224 252
223 252
222 252
221 252
220 252
219 252
218 252
217 252
216 252
215 252
214 252
213 252
212 251
211 250
210 249
209 248
208 247
207 246
206 245
205 244
205 243
205 242
205 241
205 240
205 239
205 238
205 237
205 236
205 235
205 234
205 233
206 232
207 231
208 230
209 229
210 228
211 227
212 226
213 225
213 224
212 224
211 224
210 224
209 224
208 224
207 224
206 224
205 224
204 224
203 224
202 224
201 224
200 224
199 224
198 224
197 224
196 224
195 224
194 223
193 222
214 224
214 223
214 222
214 221
214 220
214 219
214 218
214 217
214 216
214 215
214 214
214 213
214 212
214 211
214 210
214 209
214 208
214 207
214 206
214 205
214 204
214 203
213 203
212 203
211 203
210 203
209 203
208 203
207 203
206 203
205 203
204 203
203 203
202 203
201 203
200 203
199 203
198 203
197 203
196 203
195 202
194 201
193 201
192 201
191 201
190 201
189 201
188 201
187 201
186 201
185 201
184 201
183 201
182 201
181 201
180 201
179 201
178 201
177 201
176 201
175 200
174 199
173 198
172 199
172 200
172 201
172 202
172 203
172 204
172 205
172 206
172 207
172 208
172 209
172 210
172 211
172 212
172 213
172 214
172 215
172 216
172 217
172 218
172 219
171 220
170 221
169 222
169 223
169 224
169 225
169 226
169 227
169 228
169 229
169 230
169 231
169 232
169 233
169 234
169 235
169 236
168 236
167 236
166 236
165 236
164 235
163 234
162 233
161 232
160 231
159 230
158 229
157 228
156 227
155 226
154 225
153 224
152 223
151 222
150 221
149 220
148 220
147 220
146 220
145 220
144 220
143 220
142 220
141 220
140 220
139 220
138 220
137 220
136 220
135 220
134 220
133 220
132 220
131 220
130 220
129 220
128 219
127 219
126 219
125 219
124 218
123 217
122 216
121 215
120 214
119 213
118 212
117 211
116 210
115 209
114 208
113 207
112 206
111 205
110 204
109 203
108 202
108 201
107 201
107 200
107 199
107 198
107 197
107 196
107 195
107 194
106 193
105 192
104 191
103 190
102 189
101 189
100 189
99 189
98 189
97 189
96 189
95 189
94 188
93 187
92 186
91 185
90 184
89 183
88 182
87 181
86 180
85 179
84 180
83 181
82 182
81 183
81 184
81 185
81 186
81 187
81 188
81 189
81 190
81 191
81 192
81 193
81 194
81 195
81 196
80 196
79 196
78 196
77 196
76 196
75 195
74 194
73 193
72 192
71 191
70 190
69 189
68 188
67 187
66 186
65 186
64 185
63 184
62 183
61 182
60 181
59 180
58 179
57 178
56 177
55 176
54 175
53 174
52 173
51 172
50 171
49 170
49 169
49 168
49 167
48 166
47 165
46 164
45 163
44 162
43 162
42 162
41 162
40 162
39 162
38 161
37 160
36 159
35 158
34 157
33 156
32 155
31 154
30 153
30 152
30 151
30 150
30 149
30 148
30 147
30 146
30 145
30 144
30 143
30 142
30 141
30 140
30 139
30 138
30 137
30 136
30 135
30 134
30 133
30 132
30 131
30 130
30 129
30 128
30 127
30 126
30 125
30 124
30 123
30 122
31 121
32 120
33 119
34 118
35 117
35 116
35 115
35 114
35 113
35 112
35 111
35 110
36 109
37 108
38 107
39 106
40 105
41 104
42 103
43 102
44 101
44 100
44 99
44 98
44 97
44 96
43 95
42 94
41 93
40 92
39 91
38 90
37 89
36 88
35 87
34 86
33 85
32 84
32 83
31 83
30 84
29 85
28 86
27 87
26 88
26 89
26 90
26 91
26 92
26 93
26 94
26 95
26 96
26 97
26 98
33 83
34 83
35 83
36 83
37 83
38 83
39 83
40 83
41 83
42 83
43 83
44 82
45 81
46 80
47 79
48 78
49 77
50 77
51 77
52 77
53 77
54 76
55 75
56 74
57 73
58 72
59 71
60 70
61 69
62 68
63 67
64 66
65 65
66 64
67 63
68 64
69 65
70 66
71 67
72 68
73 69
74 70
75 71
76 72
77 73
78 74
79 75
80 76
81 77
82 78
83 79
84 80
85 81
86 82
87 82
88 82
88 81
88 80
88 79
88 78
88 77
88 76
88 75
88 74
88 73
88 72
88 71
88 70
88 69
88 68
88 67
88 66
88 65
88 64
88 63
89 83
90 84
91 84
92 84
93 84
94 84
95 84
96 84
97 84
98 84
99 84
100 84
101 84
102 84
103 84
104 84
105 84
106 85
107 86
108 87
109 88
110 89
111 90
112 90
113 90
114 90
115 90
116 90
117 90
118 90
119 90
120 90
121 90
122 90
123 90
124 90
125 90
126 91
127 92
128 92
129 92
130 92
131 92
132 92
133 92
134 92
135 92
136 92
137 92
138 92
139 92
140 92
141 92
142 92
143 92
144 92
145 92
146 92
147 92
148 92
149 92
150 92
151 92
152 92
153 92
154 92
155 92
156 92
157 92
158 92
159 92
160 92
160 91
160 90
160 89
160 88
160 87
160 86
160 85
160 84
160 83
160 82
160 81
160 80
161 79
162 78
163 77
164 76
165 75
166 74
161 93
162 94
163 95
164 95
165 95
166 95
167 95
168 95
169 95
170 95
171 95
172 95
173 95
174 95
174 94
174 93
174 92
174 91
174 90
175 89
176 88
177 87
178 86
179 85
180 84
181 83
182 82
183 81
184 80
185 79
175 96
176 97
177 98
178 99
179 100
180 100
181 100
182 100
183 100
184 100
185 100
186 100
187 100
188 100
189 100
190 100
191 100
192 100
193 100
194 100
195 100
196 100
197 100
198 100
199 100
200 100
201 100
202 100
203 100
204 100
204 99
204 98
204 97
204 96
204 95
204 94
204 93
204 92
204 91
204 90
204 89
204 88
204 87
205 86
206 85
207 84
208 83
209 84
210 85
211 86
212 87
213 88
214 89
215 90
216 91
217 92
218 93
219 94
220 95
221 96
222 97
223 97
223 96
223 95
223 94
223 93
223 92
223 91
223 90
224 89
225 88
226 87
227 86
228 85
229 84
230 85
231 86
232 87
233 87
234 87
235 87
236 87
237 87
238 87
239 87
240 87
241 87
242 87
243 87
244 87
245 87
246 87
247 87
246 88
246 89
246 90
246 91
246 92
246 93
246 94
246 95
246 96
246 97
246 98
246 99
246 100
246 101
246 102
246 103
246 104
246 105
247 106
248 107
249 108
250 109
251 109
252 109
253 109
254 109
255 109
256 109
257 109
258 109
259 109
260 109
261 109
262 109
248 88
249 88
250 88
251 88
252 88
253 88
254 88
255 88
256 88
257 88
258 88
259 88
260 88
261 88
262 88
263 88
264 88
265 88
266 88
267 88
268 88
269 88
270 88
271 88
272 88
273 88
274 88
275 88
276 88
277 88
278 88
279 88
280 88
281 88
282 88
283 88
284 88
285 88
286 87
287 86
288 87
289 88
290 89
291 90
292 91
293 92
294 93
295 93
296 93
297 93
298 93
299 93
300 93
301 93
302 93
303 93
304 93
305 93
306 93
307 93
308 93
309 93
310 93
311 93
312 93
313 93
314 92
315 93
316 94
317 95
318 96
319 96
320 96
321 96
322 96
323 96
324 96
325 96
326 96
327 96
328 96
329 96
330 96
331 96
332 96
333 97
334 98
335 98
336 98
337 98
338 98
339 98
340 98
341 98
342 98
343 98
344 98
345 98
346 98
347 98
348 98
349 98
350 98
351 98
352 98
351 99
350 100
349 101
348 102
347 103
346 104
345 105
344 106
343 107
342 108
341 109
340 110
339 111
338 112
337 113
336 114
335 115
334 116
333 117
332 117
331 118
330 119
329 120
328 121
328 122
328 123
328 124
328 125
328 126
328 127
328 128
328 129
328 130
328 131
328 132
328 133
328 134
328 135
328 136
328 137
328 138
328 139
329 139
328 140
328 141
328 142
328 143
328 144
328 145
328 146
328 147
328 148
328 149
328 150
328 151
328 152
329 152
328 153
328 154
328 155
328 156
328 157
328 158
328 159
328 160
328 161
328 162
328 163
328 164
328 165
328 166
327 167
327 168
327 169
327 170
327 171
327 172
327 173
327 174
327 175
327 176
327 177
327 178
327 179
327 180
327 181
327 182
327 183
327 184
329 167
330 168
331 169
332 170
333 171
334 172
335 173
336 174
337 175
338 176
339 177
340 178
341 179
342 180
343 181
344 182
345 183
346 184
347 185
348 186
330 153
331 154
332 155
333 156
334 157
335 158
336 159
337 160
338 161
339 162
340 163
341 164
342 165
343 165
344 165
345 165
346 165
347 165
348 165
349 165
330 140
331 141
332 142
333 142
334 142
335 142
336 142
337 142
338 142
339 142
340 142
341 142
342 142
343 142
344 142
345 142
346 142
347 142
348 142
349 142
353 99
353 100
353 101
353 102
353 103
353 104
353 105
353 106
353 107
353 108
353 109
353 110
353 111
353 112
353 113
353 114
353 115
353 116
353 117
353 118
353 119
301 94
300 95
299 96
298 97
297 98
296 99
295 100
294 101
293 102
292 103
291 104
290 105
289 106
288 107
289 108
290 109
291 110
292 111
293 112
294 113
295 113
296 113
297 113
298 113
299 113
300 113
301 113
302 113
303 113
304 113
305 113
306 113
307 113
308 113
309 113
310 113
311 112
305 114
305 115
305 116
305 117
305 118
305 119
305 120
305 121
305 122
305 123
305 124
305 125
305 126
305 127
305 128
305 129
305 130
305 131
304 132
303 133
303 134
303 135
303 136
303 137
303 138
303 139
303 140
303 141
303 142
303 143
303 144
303 145
303 146
303 147
303 148
303 149
304 150
305 151
305 152
305 153
305 154
305 155
305 156
305 157
305 158
305 159
305 160
305 161
305 162
305 163
305 164
305 165
305 166
305 167
305 168
223 98
223 99
223 100
143 91
143 90
143 89
143 88
143 87
143 86
143 85
143 84
143 83
143 82
143 81
143 80
143 79
143 78
143 77
144 76
144 75
143 75
142 75
141 75
140 75
139 75
138 75
137 75
136 75
135 75
134 75
133 75
132 74
131 73
130 72
129 71
128 71
127 71
126 71
125 71
124 71
123 71
122 71
121 71
120 71
119 71
118 70
117 69
116 68
115 67
114 66
113 65
112 64
111 63
110 62
109 61
145 75
50 78
51 79
52 80
53 81
54 82
55 83
56 84
57 85
58 85
59 85
60 85
61 85
62 85
63 85
64 85
65 85
66 85
49 76
49 75
49 74
49 73
49 72
49 71
49 70
49 69
49 68
49 67
49 66
48 65
47 64
46 63
45 62
44 62
43 62
42 62
41 62
40 62
39 62
38 62
37 62
36 62
35 62
34 62
33 62
32 62
31 62
45 102
46 103
47 104
48 105
49 105
50 105
51 105
52 105
53 105
54 105
55 105
56 105
57 105
58 105
59 105
60 105
59 106
58 107
57 108
56 109
55 110
55 111
55 112
55 113
55 114
55 115
55 116
55 117
55 118
55 119
54 120
54 121
54 122
54 123
54 124
54 125
54 126
54 127
54 128
54 129
54 130
54 131
54 132
54 133
54 134
54 135
54 136
54 137
54 138
54 139
43 163
42 164
41 165
40 166
39 167
38 168
37 169
36 170
35 171
34 172
33 173
32 174
31 174
30 174
31 175
32 176
33 177
34 178
35 179
36 180
37 181
38 182
39 183
40 184
41 185
42 186
43 187
44 188
45 189
45 190
45 191
44 192
43 193
42 194
41 194
40 194
39 194
38 194
37 194
36 194
35 194
34 194
33 194
32 194
31 194
30 194
29 195
28 196
28 197
28 198
28 199
28 200
28 201
28 202
28 203
28 204
28 205
29 206
30 207
31 208
32 209
33 210
34 211
35 212
36 213
37 214
38 215
39 216
40 216
41 216
42 216
43 216
42 217
41 218
40 219
39 220
38 221
37 222
36 223
35 224
34 225
33 226
32 227
31 228
30 228
29 228
30 229
31 230
32 231
33 232
34 233
35 234
36 235
37 236
38 237
39 237
40 237
41 237
42 237
43 237
44 217
45 218
46 219
47 220
48 221
49 222
50 223
51 224
52 225
53 226
54 227
55 228
56 229
57 230
58 231
59 232
60 232
61 232
62 232
63 233
64 234
65 235
66 236
67 237
68 238
69 239
70 240
71 240
72 240
73 240
73 239
73 238
73 237
73 236
73 235
73 234
73 233
74 232
75 231
76 230
77 229
78 228
79 227
80 226
81 225
82 224
83 223
84 222
85 221
86 220
80 197
79 198
78 199
77 200
76 201
75 202
74 203
73 204
72 205
71 206
70 207
69 208
68 208
67 208
66 208
65 208
64 208
109 201
110 201
111 201
112 200
113 199
114 198
115 197
116 196
117 195
118 194
119 193
120 192
121 193
122 193
123 193
124 193
125 193
126 193
127 193
128 193
129 193
130 193
131 193
132 193
133 193
134 193
135 193
136 193
137 193
138 194
139 195
140 196
141 197
142 197
143 197
144 197
145 197
146 197
147 197
148 197
127 220
126 221
125 222
124 222
123 222
122 222
121 222
120 222
119 222
118 222
117 222
116 222
115 222
114 222
113 222
112 222
111 222
110 222
109 222
108 222
107 222
106 223
105 224
104 225
103 226
102 227
101 228
100 229
99 230
98 231
97 232
96 233
95 234
94 235
94 236
94 237
94 238
94 239
94 240
94 241
95 242
96 243
97 243
98 243
99 243
100 243
101 243
102 243
103 243
104 243
105 243
106 243
107 243
108 243
109 243
110 243
111 243
168 237
167 238
166 239
165 240
164 241
163 242
162 243
161 244
160 244
159 244
158 244
157 244
156 244
155 244
154 244
153 244
152 244
151 244
150 244
149 244
148 244
147 244
146 244
145 244
144 244
143 244
142 244
141 244
140 244
139 244
138 244
137 244
136 244
135 244
134 243
133 242
170 237
170 238
170 239
170 240
170 241
170 242
170 243
170 244
170 245
170 246
170 247
170 248
170 249
170 250
170 251
215 203
204 245
203 246
202 246
201 246
200 246
199 246
198 246
197 246
196 246
195 246
194 246
193 246
192 246
191 246
192 247
193 248
194 249
195 250
196 251
197 252
198 253
199 254
200 255
200 256
200 257
200 258
268 244
267 245
266 246
265 247
264 248
263 249
262 250
261 251
260 252
259 253
258 254
257 255
256 256
256 257
255 258
254 259
253 259
252 259
251 259
250 259
249 259
248 259
247 259
246 259
245 259
244 259
257 258
258 259
259 260
260 261
261 262
262 263
263 263
264 263
265 263
266 263
267 263
268 263
269 263
270 263
271 263
272 263
273 263
274 263
275 263
276 263
277 263
278 263
279 263
280 263
281 263
282 263
283 263
284 263
285 262
286 261
287 260
288 259
288 258
288 257
288 256
288 255
288 254
288 253
288 252
288 251
288 250
288 249
289 248
290 249
291 250
292 251
293 252
294 252
295 252
296 252
297 252
298 252
299 252
300 252
301 252
302 252
303 252
304 252
305 252
306 252
307 252
308 252
309 252
310 252
311 252
312 252
313 252
314 252
315 252
316 252
317 252
318 252
319 252
320 252
321 252
322 252
323 252
324 252
325 252
326 252
327 252
328 252
329 252
330 252
331 252
332 251
333 250
333 249
333 248
333 247
333 246
333 245
334 244
335 243
336 242
337 241
338 240
339 239
340 238
341 237
342 236
343 235
344 234
345 233
346 232
334 251
335 252
336 253
337 253
338 253
339 253
340 253
341 253
342 253
343 253
344 253
345 253
344 254
343 255
342 256
341 257
340 258
339 259
338 260
337 261
336 262
335 263
334 264
333 265
332 266
331 267
330 268
330 269
330 270
330 271
329 272
328 273
327 274
326 275
325 276
325 277
325 278
325 279
325 280
325 281
325 282
325 283
325 284
325 285
325 286
325 287
324 287
323 287
322 287
321 286
320 285
319 284
318 283
317 282
316 281
315 280
314 279
313 278
312 277
311 276
310 275
309 274
308 273
307 274
306 275
305 276
304 277
303 278
302 279
301 280
300 281
299 282
298 283
297 284
296 285
296 286
296 287
296 288
295 289
294 290
293 291
292 291
291 291
290 291
289 291
288 291
287 291
286 291
285 291
284 291
283 291
297 289
298 290
299 291
300 292
300 293
300 294
299 295
298 296
297 297
296 298
295 299
294 300
293 301
292 302
291 303
290 304
289 305
288 306
287 307
287 308
287 309
286 310
285 311
284 312
283 313
282 314
281 314
280 314
279 314
278 314
277 314
276 314
275 314
274 314
273 313
272 312
271 311
270 310
269 309
268 308
267 307
266 306
265 305
264 304
263 303
262 302
261 302
260 302
259 301
258 300
257 299
256 298
255 297
254 296
253 295
252 294
251 293
250 292
249 291
248 290
247 289
247 288
246 288
248 288
249 288
250 288
251 288
252 288
253 288
254 288
255 288
256 288
257 288
258 288
259 288
260 287
261 286
262 285
263 284
261 303
260 304
259 305
258 306
257 307
256 308
255 309
254 309
253 309
252 309
251 309
250 310
249 311
248 312
247 313
246 314
245 315
244 316
243 317
242 318
241 319
240 320
239 321
238 322
237 323
236 324
235 325
234 325
233 325
232 325
231 325
230 325
229 325
228 325
227 325
226 325
225 325
224 325
223 324
222 324
221 324
220 324
219 324
218 324
217 324
216 324
215 324
214 324
213 324
212 324
211 324
210 324
209 324
208 323
207 322
206 321
205 322
204 323
203 323
202 323
201 323
200 323
199 323
198 323
197 323
196 323
195 323
194 323
193 323
192 323
191 323
190 323
189 323
188 323
187 323
186 323
185 323
184 322
183 321
182 320
181 319
180 318
179 317
178 316
177 315
176 314
175 315
174 316
174 317
174 318
174 319
174 320
174 321
174 322
174 323
174 324
174 325
174 326
174 327
174 328
174 329
174 330
174 331
174 332
174 333
174 334
173 335
172 336
172 337
172 338
172 339
172 340
172 341
172 342
172 343
172 344
172 345
195 324
195 325
195 326
195 327
195 328
195 329
195 330
195 331
195 332
195 333
195 334
195 335
195 336
195 337
195 338
195 339
195 340
195 341
195 342
195 343
195 344
234 326
233 327
232 328
232 329
232 330
232 331
232 332
232 333
232 334
232 335
232 336
232 337
232 338
232 339
231 340
230 341
229 342
228 343
227 344
226 345
225 346
224 347
223 348
222 349
221 350
220 350
219 350
220 351
221 352
222 353
223 354
224 355
225 356
226 356
227 356
228 356
229 356
230 356
231 356
232 356
233 357
234 358
235 359
236 360
237 361
238 361
239 361
240 361
241 361
242 361
243 361
244 361
245 361
246 361
247 361
248 361
249 361
250 361
251 361
252 361
236 326
237 327
238 328
239 329
240 330
241 331
242 332
243 333
244 334
245 335
246 336
247 337
248 338
249 339
250 339
251 339
252 339
253 339
252 310
253 311
254 312
255 313
256 314
256 315
256 316
256 317
256 318
256 319
256 320
275 315
274 316
273 317
272 318
272 319
272 320
272 321
272 322
272 323
272 324
272 325
272 326
272 327
272 328
272 329
272 330
273 331
274 331
275 331
276 331
277 331
278 331
279 331
280 331
281 331
282 331
283 331
284 331
285 331
286 331
287 331
288 331
289 331
290 331
291 331
292 331
293 331
294 331
295 331
296 331
297 331
298 331
299 330
300 329
301 330
302 331
303 332
304 333
305 333
306 333
307 333
308 333
309 333
310 333
311 333
312 333
313 333
314 333
314 332
314 331
314 330
314 329
314 328
315 327
316 326
317 325
318 324
319 323
320 322
321 321
282 332
281 333
280 334
279 335
278 336
277 337
276 338
275 339
275 340
275 341
275 342
275 343
275 344
275 345
275 346
275 347
275 348
275 349
276 350
277 351
278 352
279 353
280 354
281 355
282 356
283 357
283 358
284 358
283 359
283 360
283 361
283 362
283 363
283 364
283 365
283 366
285 357
286 356
287 355
288 354
289 353
290 352
291 351
292 350
293 349
294 350
295 351
296 352
297 352
298 352
299 352
300 352
301 352
302 352
303 352
304 352
305 352
306 352
307 353
308 354
309 354
310 354
311 354
312 354
313 354
314 354
315 354
316 354
317 354
316 355
315 356
314 357
313 358
312 359
311 360
310 361
309 362
308 363
307 364
306 365
305 366
304 367
304 368
305 369
306 370
307 371
308 372
309 372
310 372
311 372
312 372
313 372
314 372
315 372
316 372
317 372
318 372
319 372
324 288
323 289
322 290
321 291
321 292
321 293
321 294
321 295
321 296
321 297
321 298
346 254
347 255
348 256
349 257
350 258
351 259
352 260
353 261
354 261
355 261
356 261
357 261
357 260
357 259
358 258
359 257
360 256
361 255
362 254
363 253
364 252
365 251
366 250
367 249
368 248
369 247
370 246
371 245
372 244
373 243
358 262
359 263
360 263
361 263
362 263
363 263
364 263
365 263
366 263
367 263
368 263
369 263
370 263
371 263
372 263
373 264
374 265
375 266
376 266
377 266
378 266
379 266
380 266
381 266
382 266
383 266
384 266
385 266
386 266
387 266
387 265
387 264
387 263
387 262
387 261
387 260
387 259
387 258
387 257
387 256
387 255
388 254
389 253
390 252
391 251
392 250
393 249
394 248
395 249
396 250
397 251
398 252
399 253
400 254
401 255
402 256
403 257
404 258
405 259
406 260
407 261
408 261
408 260
408 259
409 258
410 257
411 256
412 255
413 254
414 253
415 252
416 251
417 250
408 262
408 263
408 264
408 265
408 266
408 267
408 268
409 269
410 270
411 271
412 271
413 271
414 271
415 271
416 271
417 271
418 271
419 271
420 271
421 271
422 271
423 271
424 271
425 271
426 271
427 271
428 271
429 271
429 270
429 269
429 268
429 267
429 266
429 265
429 264
429 263
429 262
429 261
429 260
430 259
431 258
432 257
433 256
434 255
435 254
436 253
437 252
438 251
439 252
440 253
441 254
442 255
443 256
444 257
445 258
446 259
447 260
448 261
449 261
450 261
451 261
452 261
453 261
454 261
455 261
456 261
457 261
458 261
459 261
460 261
461 260
462 259
463 258
464 257
465 256
466 256
467 256
468 256
469 256
470 256
471 256
472 256
473 256
474 256
475 256
476 256
477 255
478 254
479 253
480 252
481 251
482 250
483 249
484 248
485 247
486 246
486 245
486 244
486 243
486 242
487 241
488 240
489 239
490 238
491 237
492 236
493 235
494 234
495 233
496 232
497 231
498 230
499 229
500 228
500 227
500 226
500 225
500 224
500 223
500 222
500 221
500 220
500 219
501 218
502 217
503 216
504 215
505 214
506 213
507 212
508 211
509 210
510 209
511 208
512 207
513 206
514 205
515 204
515 203
515 202
515 201
515 200
515 199
515 198
515 197
515 196
515 195
515 194
515 193
515 192
515 191
516 190
517 189
518 188
519 187
520 186
521 185
522 184
523 183
524 182
525 181
526 180
527 179
528 178
529 177
530 176
531 175
532 174
533 173
534 172
534 171
534 170
534 169
534 168
534 167
534 166
534 165
534 164
534 163
534 162
534 161
534 160
534 159
534 158
534 157
534 156
534 155
534 154
534 153
534 152
534 151
534 150
534 149
533 148
532 147
531 146
530 145
529 144
528 143
527 142
526 141
525 140
524 139
523 138
522 137
521 136
521 135
521 134
521 133
521 132
521 131
521 130
520 129
519 128
518 127
517 126
516 125
515 124
514 123
513 122
512 121
511 120
510 119
509 119
508 119
507 119
506 119
505 119
504 119
503 119
502 119
501 119
500 118
499 117
498 116
497 115
496 114
495 113
494 112
493 111
492 110
487 247
488 248
489 249
490 249
491 249
492 249
493 249
494 249
495 249
496 249
497 249
498 249
499 249
500 249
501 249
502 249
503 249
504 249
505 249
506 249
507 249
508 249
509 249
510 249
511 248
512 247
513 248
514 249
515 250
516 251
517 252
518 253
519 254
520 255
521 256
522 257
523 258
523 259
523 260
523 261
523 262
523 263
523 264
523 265
523 266
523 267
523 268
523 269
522 270
521 271
520 272
519 273
518 274
517 275
516 276
515 277
514 278
514 279
514 280
514 281
514 282
514 283
514 284
515 285
516 286
517 287
518 288
519 288
520 288
521 288
522 288
523 288
524 288
525 288
498 250
497 251
496 252
495 253
494 254
493 255
492 256
491 257
490 258
490 259
490 260
490 261
490 262
490 263
490 264
490 265
490 266
490 267
489 268
488 269
488 270
488 271
488 272
488 273
488 274
488 275
488 276
488 277
488 278
488 279
488 280
488 281
488 282
488 283
290 217
291 218
292 219
293 220
294 221
295 222
296 223
297 224
298 225
299 226
300 227
301 228
302 228
302 227
302 226
302 225
302 224
302 223
302 222
303 221
304 220
305 219
306 218
307 217
308 216
309 215
310 214
311 213
312 213
313 213
314 213
315 213
316 213
317 213
318 213
319 213
320 213
321 213
322 212
323 211
324 210
325 209
326 208
327 209
328 210
329 211
330 211
331 211
332 211
333 211
334 211
335 211
336 211
337 211
338 211
339 211
340 211
341 211
342 211
343 211
344 211
345 211
346 211
312 214
313 215
314 216
315 217
316 218
317 219
318 220
319 221
320 222
321 223
322 224
323 225
324 226
325 227
325 228
325 229
311 212
311 211
311 210
311 209
311 208
311 207
311 206
311 205
311 204
311 203
311 202
311 201
311 200
311 199
310 198
309 197
308 196
307 195
306 194
305 193
304 192
302 229
302 230
186
277 209
289 216
275 228
269 243
254 236
259 221
257 207
236 205
236 239
235 226
224 252
205 244
193 222
214 224
194 201
173 198
172 219
169 236
149 220
128 219
107 201
102 189
85 179
81 196
66 186
49 170
44 162
30 153
30 138
35 117
44 101
31 83
26 98
49 77
67 63
88 82
88 63
105 84
125 90
143 92
160 92
166 74
174 95
185 79
188 100
204 100
208 83
229 84
247 87
246 105
262 109
268 88
287 86
302 93
314 92
332 96
352 98
332 117
328 138
328 151
328 166
327 184
348 186
349 165
349 142
353 119
288 107
304 113
311 112
305 131
303 149
305 168
223 100
129 71
109 61
145 75
66 85
45 62
31 62
60 105
55 119
54 139
30 174
45 191
30 194
28 205
43 216
29 228
43 237
62 232
73 240
86 220
64 208
120 192
137 193
148 197
107 222
94 241
111 243
148 244
133 242
170 251
215 203
191 246
200 258
256 257
244 259
271 263
288 259
289 248
302 252
322 252
333 250
346 232
345 253
330 271
325 287
308 273
296 288
283 291
300 294
287 309
276 314
262 302
246 288
263 284
251 309
235 325
223 324
206 321
195 323
176 314
174 334
172 345
195 344
232 339
219 350
232 356
252 361
253 339
256 320
272 330
283 331
300 329
314 333
321 321
275 349
283 366
293 349
306 352
317 354
304 368
319 372
321 298
357 261
373 243
372 263
387 266
394 248
417 250
408 268
429 271
438 251
452 261
465 256
486 246
500 228
515 204
519 187
534 172
521 136
510 119
492 110
499 249
512 247
523 269
514 284
525 288
490 267
488 283
311 213
326 208
346 211
325 229
304 192
302 230
