2725
278 202
277 202
276 202
275 202
274 202
273 202
272 202
271 202
270 201
269 200
268 199
267 198
266 199
265 200
264 200
263 200
262 200
261 200
260 200
259 200
258 200
257 200
256 200
255 200
254 200
278 203
278 204
278 205
278 206
278 207
278 208
278 209
278 210
278 211
278 212
278 213
280 202
281 202
282 202
283 202
284 202
285 202
286 202
287 202
288 202
289 202
290 202
291 202
292 202
293 202
294 202
295 203
296 204
297 205
298 205
299 205
300 205
301 205
302 205
303 205
304 205
305 205
306 205
307 205
308 205
309 206
310 206
311 206
312 206
313 206
314 206
315 206
316 206
317 206
316 207
315 208
314 209
313 210
312 211
311 212
310 213
309 214
308 215
307 216
306 217
306 218
306 219
306 220
307 220
306 221
306 222
306 223
306 224
306 225
306 226
306 227
306 228
306 229
306 230
306 231
305 232
305 233
305 234
305 235
305 236
305 237
305 238
305 239
305 240
305 241
305 242
304 242
303 242
302 242
301 242
300 242
299 242
298 242
297 242
296 242
295 242
294 242
293 241
292 240
291 239
290 238
289 238
288 238
287 238
286 238
285 238
284 238
283 238
282 237
281 236
280 235
279 234
278 233
277 232
276 232
275 232
274 232
273 232
272 232
271 232
270 232
269 232
268 232
267 232
266 232
265 232
264 232
263 232
262 232
261 231
260 232
259 232
258 232
257 232
256 232
255 232
254 232
253 232
252 232
251 232
250 232
249 232
248 233
247 233
246 233
245 233
244 233
243 233
242 233
241 233
240 233
239 233
238 233
237 233
236 233
235 233
234 234
233 235
232 236
231 237
230 238
229 239
228 239
227 238
226 237
225 236
224 235
223 234
222 233
221 232
220 231
219 230
219 229
219 228
219 227
219 226
219 225
220 224
221 223
222 222
223 221
224 220
225 219
226 218
227 217
228 216
229 215
230 214
231 213
232 212
232 211
232 210
232 209
232 208
232 207
232 206
232 205
232 204
232 203
231 202
230 201
229 240
229 241
229 242
228 243
227 244
226 245
225 246
224 247
223 248
222 249
221 250
220 251
219 252
218 253
217 254
216 255
215 256
215 257
215 258
215 259
215 260
215 261
215 262
214 262
213 262
212 262
211 262
210 261
209 260
208 259
207 258
206 257
205 256
204 255
203 254
202 253
201 252
200 251
199 250
198 249
197 248
196 247
195 248
194 249
193 250
192 251
191 252
190 253
189 254
188 255
187 256
186 257
185 257
184 257
183 257
182 257
181 257
180 257
179 257
178 257
177 257
176 257
175 257
174 256
173 255
172 254
171 253
170 252
169 251
169 250
169 249
169 248
169 247
169 246
169 245
169 244
169 243
169 242
169 241
169 240
169 239
169 238
169 237
169 236
170 235
170 234
171 233
172 232
173 231
174 230
175 229
176 228
177 227
178 226
179 226
180 226
181 226
182 226
183 226
184 226
185 226
186 226
187 226
188 226
189 226
190 226
191 226
192 225
193 224
194 223
195 222
195 221
195 220
195 219
195 218
195 217
195 216
195 215
195 214
195 213
195 212
195 211
195 210
195 209
195 208
195 207
195 206
195 205
196 204
196 203
196 202
196 201
196 200
196 199
196 198
196 197
195 196
194 195
193 194
192 193
191 192
190 191
189 190
178 225
178 224
178 223
178 222
177 221
176 220
175 219
174 218
173 217
172 216
171 215
170 214
169 213
168 212
167 212
166 212
165 212
164 212
163 211
162 210
161 209
160 208
159 207
158 206
157 205
157 204
157 203
157 202
158 201
159 200
160 199
161 198
162 197
163 196
164 195
165 194
156 206
155 207
154 208
153 209
152 210
151 211
150 212
150 213
149 213
148 213
147 213
146 212
145 211
144 210
143 209
142 208
141 207
140 206
139 205
138 204
137 203
136 204
135 205
134 206
133 207
132 208
131 209
131 210
132 211
132 212
132 213
132 214
132 215
132 216
132 217
132 218
132 219
132 220
132 221
132 222
132 223
132 224
131 225
130 226
129 227
128 228
127 229
126 230
125 231
124 232
123 233
123 234
123 235
123 236
123 237
123 238
123 239
124 240
125 241
126 242
127 243
128 244
129 245
130 245
131 245
132 245
133 245
134 245
135 245
136 245
137 245
138 245
139 246
140 247
141 248
142 249
143 250
144 251
145 252
146 253
147 254
148 255
149 256
150 256
151 256
152 256
130 208
129 207
128 206
127 205
126 204
125 203
125 202
125 201
125 200
125 199
125 198
125 197
125 196
125 195
125 194
124 193
123 192
122 191
121 190
120 189
119 190
118 191
117 192
116 193
115 194
114 195
113 196
112 197
111 198
110 199
109 200
108 201
107 202
106 203
105 204
104 205
103 206
102 207
101 208
100 209
99 210
98 210
97 210
96 210
95 210
94 210
93 210
92 210
91 210
90 210
89 210
88 210
87 210
86 210
85 210
84 209
83 208
82 207
81 206
80 205
79 204
78 203
77 202
76 201
75 200
74 199
73 198
73 197
72 197
72 196
72 195
72 194
72 193
72 192
72 191
72 190
72 189
72 188
71 187
70 186
69 187
68 188
67 189
66 190
65 191
64 191
63 191
62 191
61 191
60 191
59 191
58 191
57 191
56 191
55 191
54 191
53 191
52 191
51 191
50 191
49 191
48 191
47 191
47 190
47 189
47 188
47 187
47 186
47 185
47 184
47 183
47 182
47 181
47 180
47 179
46 178
45 177
44 176
43 175
42 174
42 173
42 172
43 171
44 170
45 169
46 168
47 167
48 166
49 165
50 164
51 163
52 162
52 161
51 161
50 161
49 161
48 161
47 161
46 161
45 161
44 161
43 160
42 159
41 158
40 157
40 156
40 155
41 155
40 154
39 153
38 152
37 151
36 150
35 149
34 148
33 147
32 146
31 145
30 144
29 143
28 142
27 141
26 140
25 139
25 138
25 137
25 136
25 135
25 134
25 133
25 132
25 131
25 130
25 129
25 128
25 127
25 126
25 125
25 124
25 123
25 122
25 121
26 120
27 119
28 118
29 118
30 118
31 118
32 118
33 118
34 118
35 118
36 118
37 118
38 118
39 117
40 116
41 115
42 115
43 115
44 115
45 115
46 114
47 113
48 112
48 111
48 110
48 109
48 108
48 107
49 107
50 106
51 105
52 104
53 103
54 103
55 103
56 103
57 102
58 101
59 100
60 99
61 98
62 97
63 96
64 95
65 94
66 93
67 92
68 91
69 92
70 93
71 94
72 95
73 96
74 97
75 97
76 97
77 97
78 97
79 97
80 97
81 97
82 97
83 97
84 97
85 97
86 97
87 96
88 95
89 94
90 93
91 92
92 91
93 90
94 89
95 88
96 87
97 86
98 85
98 84
97 83
96 82
95 81
94 80
94 79
94 78
94 77
93 77
92 76
91 75
90 74
89 73
88 72
87 71
86 70
85 69
84 68
94 76
94 75
95 74
96 73
97 72
98 71
99 70
99 86
100 87
101 88
102 89
103 90
104 90
105 90
106 90
107 90
108 90
109 90
110 90
111 90
112 90
113 90
114 89
115 88
116 87
117 86
118 85
119 84
119 83
119 82
119 81
119 80
119 79
119 78
119 77
119 76
120 75
121 74
122 73
122 72
121 72
120 72
119 72
118 72
117 72
116 71
115 70
123 72
120 85
121 85
122 85
123 85
124 85
125 85
126 85
127 85
128 85
129 85
130 85
130 84
130 83
130 82
130 81
130 80
130 79
130 78
131 77
132 76
133 75
134 74
135 73
136 72
137 71
138 70
139 69
140 68
141 67
142 66
143 65
131 86
132 87
133 88
134 89
134 90
134 91
134 92
135 93
136 94
137 95
138 96
139 97
140 98
141 99
142 100
143 100
144 100
145 100
146 100
147 100
148 100
149 100
150 100
151 100
151 99
151 98
152 97
153 96
154 95
155 94
156 93
157 92
158 91
159 90
160 89
161 88
162 87
163 86
164 85
165 84
166 84
167 84
168 84
169 84
170 84
171 84
172 84
173 84
174 84
175 84
176 84
177 84
178 84
179 84
180 84
181 84
182 84
183 83
184 82
185 81
186 80
187 79
188 78
189 77
190 76
191 75
192 74
193 73
194 72
195 73
196 74
197 75
198 76
199 77
200 78
201 79
202 80
203 81
204 82
205 83
206 84
207 85
208 86
208 87
208 88
208 89
208 90
208 91
208 92
208 93
208 94
208 95
208 96
208 97
208 98
208 99
208 100
208 101
208 102
208 103
208 104
208 105
47 106
46 105
45 104
44 103
43 102
42 101
42 100
42 99
42 98
42 97
42 96
42 95
41 94
40 93
39 92
38 91
37 90
37 89
36 89
38 89
39 89
40 89
41 89
42 89
43 89
44 89
45 89
46 88
46 87
46 86
47 85
48 84
49 83
49 82
48 82
47 82
46 82
45 82
44 81
43 80
42 79
41 78
40 77
39 76
38 75
38 74
38 73
39 73
38 72
38 71
38 70
38 69
38 68
38 67
37 66
36 65
35 64
34 63
33 62
32 61
31 60
30 59
29 58
28 57
27 56
26 55
25 54
24 53
23 52
22 51
21 50
40 72
41 71
42 70
43 69
44 68
45 67
46 66
47 65
48 64
49 63
50 82
50 81
51 80
52 79
53 78
54 77
55 76
56 75
57 74
58 73
59 72
60 71
61 70
62 69
63 68
49 113
50 114
51 115
52 116
53 117
54 118
55 119
56 120
57 121
58 121
59 121
60 121
42 154
43 153
44 152
45 151
46 150
47 149
48 148
49 147
39 158
38 159
37 160
36 161
35 161
34 161
33 161
32 161
31 161
30 161
29 161
28 161
27 161
26 161
25 161
24 161
23 161
22 161
53 161
71 198
70 199
69 200
68 201
67 202
66 203
65 204
64 205
63 206
62 207
61 208
60 209
59 210
58 211
57 212
56 213
55 214
55 215
54 216
53 217
52 218
51 219
50 220
49 221
48 222
47 223
46 224
46 225
45 226
44 227
43 228
42 229
41 230
40 231
39 232
38 233
37 234
36 235
35 236
34 237
33 238
32 239
32 240
33 241
34 242
35 243
36 244
37 244
38 244
39 244
40 244
41 244
42 244
43 245
44 245
45 245
46 245
47 245
48 245
49 245
50 245
51 245
52 245
53 245
54 245
55 245
56 245
57 245
58 245
59 245
60 245
74 197
75 197
76 197
77 197
78 197
79 197
80 196
81 195
82 194
83 193
84 192
85 191
86 190
87 189
88 188
89 187
92 211
92 212
92 213
92 214
92 215
92 216
92 217
92 218
92 219
92 220
92 221
92 222
92 223
92 224
92 225
91 226
90 227
89 228
88 229
88 230
88 231
88 232
88 233
88 234
88 235
88 236
88 237
88 238
88 239
88 240
88 241
88 242
88 243
88 244
88 245
88 246
88 247
88 248
88 249
88 250
230 243
231 244
232 245
233 246
234 247
235 248
236 249
237 250
238 251
239 252
240 253
241 254
242 254
243 254
244 254
245 254
246 254
247 254
248 254
289 239
288 240
287 241
286 242
285 243
284 244
283 245
282 246
281 247
280 248
279 249
278 250
277 251
276 252
275 253
274 254
273 255
273 256
274 257
275 258
276 259
277 260
278 261
279 262
280 263
281 264
282 265
283 266
284 266
306 243
307 244
308 245
309 246
310 247
311 248
312 249
313 250
314 251
314 252
314 253
314 254
315 254
316 254
317 254
318 254
319 254
320 254
321 253
322 252
323 251
324 250
325 249
326 248
327 247
328 246
329 246
330 246
331 246
332 246
333 246
334 246
335 246
336 246
337 246
338 246
339 246
340 246
341 246
342 245
343 244
344 243
345 242
346 243
347 244
348 245
349 246
350 247
351 248
352 249
353 250
354 250
355 250
356 250
357 250
358 251
359 252
360 252
361 252
362 252
363 252
364 252
365 252
366 252
367 252
368 252
369 252
370 252
371 252
372 252
373 252
374 252
375 252
376 252
377 252
378 252
379 252
380 252
381 252
382 252
383 252
384 252
385 251
386 250
387 249
388 248
389 247
390 246
391 245
392 246
393 247
394 248
395 249
396 250
397 251
398 252
399 252
400 252
401 252
402 252
403 252
404 252
405 252
404 253
403 254
402 255
401 256
400 257
399 258
399 259
399 260
399 261
399 262
406 253
407 254
408 255
409 256
410 257
411 258
412 259
413 260
414 261
415 262
416 263
417 264
418 265
419 266
420 267
421 268
422 269
423 270
424 271
425 272
426 273
426 274
426 275
427 275
428 275
429 275
430 275
431 275
432 275
433 275
434 275
435 275
436 275
437 275
438 274
439 273
440 272
441 271
442 270
443 269
444 268
445 267
446 266
447 265
448 264
449 263
450 262
451 261
452 260
453 261
454 262
455 263
456 264
457 265
458 266
459 267
460 268
461 269
462 270
463 271
464 272
465 273
466 274
467 275
468 276
469 277
470 278
471 279
472 280
473 281
474 282
475 283
476 284
477 285
478 285
479 285
480 285
481 284
482 283
483 282
484 281
485 280
486 279
487 278
488 277
489 276
489 275
489 274
489 273
489 272
489 271
489 270
489 269
489 268
489 267
489 266
489 265
489 264
489 263
489 262
489 261
489 260
489 259
489 258
489 257
488 256
487 255
486 254
485 253
486 252
487 251
488 250
489 249
490 248
491 247
492 246
493 245
494 244
495 243
496 242
496 241
496 240
496 239
496 238
496 237
496 236
496 235
496 234
496 233
496 232
496 231
496 230
496 229
496 228
496 227
496 226
497 225
497 224
497 223
497 222
497 221
497 220
497 219
497 218
497 217
498 216
499 215
500 214
501 213
502 212
503 211
504 210
505 209
506 208
507 207
508 206
509 205
510 204
511 203
512 202
513 201
514 200
515 199
516 198
517 197
518 196
519 195
520 194
520 193
520 192
520 191
520 190
520 189
521 188
522 187
523 186
524 185
525 184
526 183
527 182
528 181
529 180
530 179
531 178
532 177
533 176
533 175
533 174
533 173
533 172
533 171
533 170
533 169
533 168
533 167
533 166
533 165
533 164
533 163
533 162
533 161
533 160
533 159
533 158
533 157
533 156
533 155
532 154
531 153
530 152
529 151
528 150
527 149
526 148
525 147
524 146
523 145
522 144
521 143
520 142
519 141
518 140
518 139
518 138
518 137
518 136
518 135
518 134
518 133
518 132
518 131
518 130
518 129
518 128
518 127
518 126
518 125
518 124
518 123
518 122
517 121
516 120
515 119
514 118
513 117
512 116
511 115
510 114
509 113
508 112
507 111
506 110
505 110
504 110
503 110
502 110
501 110
500 110
499 110
498 110
497 110
496 110
495 110
494 110
493 110
492 109
498 226
499 227
500 228
501 229
502 230
503 231
504 232
505 233
506 234
507 235
508 236
509 237
510 238
511 239
512 240
513 241
514 242
515 243
516 244
517 245
518 245
490 277
491 278
492 278
493 278
494 278
495 278
496 278
497 278
498 278
499 278
500 278
501 278
502 278
503 278
504 278
505 278
506 278
507 278
508 278
509 278
510 278
511 278
512 278
513 278
514 278
515 278
516 278
517 278
518 278
519 278
520 278
521 278
522 278
523 277
524 276
512 279
513 280
514 281
515 282
516 283
517 284
518 285
519 286
520 287
521 288
522 289
523 290
524 291
525 292
526 292
527 292
478 286
479 287
480 288
481 289
482 290
483 291
484 291
485 291
486 291
487 291
488 291
367 253
366 254
365 255
364 256
363 257
362 258
361 259
360 260
359 261
359 262
359 263
359 264
359 265
360 266
361 267
362 268
363 269
364 269
365 269
366 269
367 269
368 269
369 269
315 255
316 256
317 257
318 258
319 259
320 260
321 261
322 262
323 263
324 264
325 264
326 264
325 265
324 266
323 267
322 268
321 269
320 270
319 271
318 272
318 273
319 274
320 275
321 276
322 277
322 278
322 279
322 280
322 281
322 282
322 283
322 284
321 285
320 286
319 287
318 288
317 289
316 290
315 291
314 292
313 293
312 294
311 295
310 296
309 297
308 298
307 299
306 300
305 301
304 302
303 303
303 304
303 305
303 306
303 307
302 308
301 309
300 310
299 311
298 312
297 313
296 313
295 313
294 313
293 313
292 313
291 313
290 313
289 313
288 313
287 313
286 313
285 313
284 313
283 313
282 313
281 313
280 313
279 313
278 313
277 313
276 313
275 313
274 313
273 314
272 315
271 316
270 316
269 316
268 316
267 316
266 315
265 314
264 313
263 314
262 315
261 316
260 317
259 318
258 319
257 320
256 321
255 322
254 323
253 323
252 323
252 322
251 321
250 320
249 319
248 318
247 317
246 316
245 315
244 314
243 313
242 312
241 311
241 310
241 309
241 308
242 307
243 306
244 305
245 304
246 303
247 302
248 301
249 300
250 299
251 298
251 297
251 296
251 295
251 294
251 293
251 292
251 291
252 290
253 289
254 288
255 287
256 288
257 289
258 290
259 291
260 292
261 293
262 294
263 295
264 296
265 296
266 296
267 296
268 296
269 296
270 296
271 296
272 296
273 296
274 296
275 296
276 296
277 296
278 296
279 296
280 295
281 294
282 293
283 292
284 291
285 290
286 289
240 312
239 313
238 314
237 314
236 314
235 314
234 314
233 314
232 314
231 314
230 314
229 314
228 314
227 314
226 314
225 315
224 316
223 317
222 318
221 319
220 320
220 321
220 322
220 323
220 324
219 324
218 323
217 322
216 321
215 320
214 319
213 318
212 317
211 316
210 315
209 314
208 313
207 312
220 325
220 326
220 327
220 328
220 329
220 330
219 331
218 332
217 333
216 334
215 335
214 336
213 337
212 337
211 337
210 337
209 337
208 337
207 337
206 337
205 337
204 337
203 337
202 337
201 336
200 335
199 334
198 333
197 332
196 331
195 330
194 329
193 328
192 327
191 326
190 325
189 324
188 323
187 322
186 321
185 320
184 319
183 318
182 318
181 318
180 318
179 318
178 318
177 318
176 318
175 318
174 318
173 317
172 316
171 315
170 314
169 313
168 312
182 319
181 320
180 321
179 322
178 323
177 324
176 325
175 326
174 327
173 328
172 329
172 330
172 331
171 332
170 333
169 334
168 335
167 336
166 337
166 338
166 339
166 340
166 341
166 342
166 343
166 344
166 345
166 346
166 347
166 348
166 349
166 350
167 351
168 351
169 351
170 351
171 351
172 351
173 351
174 351
175 351
205 338
204 339
203 340
203 341
203 342
203 343
203 344
203 345
203 346
203 347
203 348
203 349
203 350
203 351
203 352
203 353
204 354
205 355
206 356
207 357
208 358
209 359
210 360
211 360
212 360
213 360
214 360
215 360
216 360
217 360
218 360
219 360
220 360
221 360
222 360
223 360
224 360
221 331
222 332
223 333
224 334
225 335
226 336
227 336
228 336
229 336
230 336
231 336
269 317
270 318
271 319
272 320
273 321
274 322
275 323
276 324
277 325
278 326
279 327
280 328
281 329
282 330
283 331
284 332
285 333
286 334
287 335
286 336
285 337
284 338
283 339
282 340
281 341
280 342
279 343
278 344
277 345
276 346
275 347
274 348
273 349
272 350
271 350
270 350
269 350
268 351
267 352
266 353
265 354
264 355
263 356
262 357
261 358
260 359
259 360
258 361
257 362
256 363
255 364
254 364
270 351
271 352
272 353
273 354
274 355
275 356
276 357
277 358
278 359
279 360
280 361
281 362
282 363
283 363
284 363
285 363
286 363
287 363
288 363
289 363
290 363
291 363
292 363
293 363
294 363
295 363
296 363
297 363
298 363
299 363
300 363
301 363
302 363
303 363
304 363
305 363
306 363
307 363
308 363
309 363
310 363
311 363
312 363
313 363
314 363
315 363
316 363
317 363
318 363
319 363
320 363
321 363
322 363
323 363
324 363
325 363
326 362
327 361
304 308
305 308
306 308
307 308
308 308
309 308
310 308
311 308
312 308
313 308
314 308
315 309
316 310
317 311
318 312
319 313
320 314
321 315
322 316
323 317
324 318
325 318
326 318
327 318
328 318
329 318
328 319
327 320
326 321
325 322
324 323
323 324
322 325
322 326
322 327
322 328
322 329
322 330
322 331
322 332
322 333
313 255
312 256
311 257
310 258
309 259
308 260
307 261
306 261
305 261
304 261
308 221
309 222
310 223
311 224
312 225
313 226
314 227
315 228
316 228
317 228
318 228
319 228
319 227
320 226
321 225
322 224
323 223
324 222
325 221
326 220
327 219
328 218
329 217
330 216
330 215
331 214
332 213
333 212
334 211
335 210
336 209
337 208
338 207
339 206
340 205
340 204
340 203
340 202
340 201
340 200
340 199
340 198
340 197
340 196
340 195
341 194
342 194
343 194
344 194
345 194
346 194
347 194
348 194
349 194
350 194
351 194
352 194
353 194
354 193
355 192
356 191
357 190
358 189
358 188
358 187
358 186
358 185
358 184
358 183
358 182
358 181
357 180
356 179
355 178
354 177
353 176
352 175
351 174
350 174
349 174
348 173
347 172
346 171
345 170
344 169
343 168
342 167
341 166
340 165
339 164
338 163
337 163
336 163
335 162
334 161
333 160
332 159
331 158
330 157
329 156
328 155
327 154
326 153
325 152
324 151
323 150
322 149
322 148
322 147
321 146
320 145
319 144
318 143
317 142
316 141
315 140
314 139
313 138
313 137
312 137
312 136
312 135
312 134
312 133
312 132
312 131
312 130
312 129
312 128
312 127
312 126
312 125
311 124
310 123
309 122
308 121
307 120
306 119
314 136
315 135
316 134
317 133
318 132
319 131
320 130
321 129
322 128
323 127
324 127
324 126
325 126
326 126
327 126
328 126
329 126
330 126
331 126
332 126
333 126
334 126
335 126
336 126
337 126
338 126
339 126
340 126
341 126
342 125
343 124
344 123
345 122
346 121
346 120
346 119
346 118
346 117
346 116
346 115
346 114
346 113
346 112
346 111
346 110
346 109
346 108
346 107
346 106
347 105
348 105
348 106
349 107
350 108
351 109
352 110
353 111
354 112
355 113
356 114
357 114
358 114
359 114
360 114
361 114
362 114
349 104
350 103
351 102
352 101
353 100
354 99
355 98
356 97
357 96
357 95
356 95
355 95
354 95
353 95
352 95
351 95
350 95
349 95
348 94
347 93
346 92
345 91
344 90
343 89
342 88
341 88
340 88
339 88
338 88
337 88
336 88
335 88
334 88
333 88
332 88
331 88
330 88
329 88
328 88
327 87
326 88
325 89
324 89
323 89
322 89
321 89
320 89
319 89
318 89
317 89
316 89
315 89
314 89
313 89
312 89
311 89
310 89
309 89
308 89
307 89
306 89
305 89
304 89
303 89
302 89
301 89
300 89
299 89
298 89
297 89
296 88
295 87
294 86
293 85
292 84
291 83
290 83
289 83
288 83
287 83
286 83
285 82
284 81
283 80
282 81
281 82
280 83
279 84
278 85
277 86
276 87
275 88
274 89
273 89
272 89
271 89
270 90
269 91
268 92
267 93
266 94
265 95
264 96
263 97
262 98
261 99
260 100
259 101
258 102
257 102
256 102
255 102
254 102
253 102
252 102
272 90
273 91
274 92
275 93
276 94
277 95
277 96
277 97
277 98
277 99
277 100
277 101
277 102
277 103
277 104
277 105
277 106
278 107
278 108
278 109
278 110
278 111
278 112
278 113
278 114
278 115
278 116
358 95
324 128
324 129
324 130
324 131
324 132
324 133
324 134
324 135
324 136
321 150
320 151
319 152
318 153
317 153
316 153
315 153
314 153
313 153
312 153
337 164
336 165
335 166
334 167
333 168
333 169
333 170
333 171
333 172
333 173
333 174
333 175
332 176
331 177
330 177
329 177
328 177
327 177
326 177
325 177
324 177
323 177
322 177
321 177
320 177
319 177
318 177
317 177
316 177
315 177
314 177
313 177
312 176
311 175
310 174
309 173
308 172
307 173
306 174
305 175
304 176
303 176
302 176
301 176
300 176
299 176
298 176
297 176
296 176
295 176
294 176
338 162
338 161
339 160
340 159
341 158
342 157
343 156
344 155
345 154
346 153
347 152
348 151
349 150
342 195
343 196
344 197
345 198
346 199
347 200
348 201
349 202
350 203
351 204
352 205
353 206
354 207
355 207
354 208
353 209
352 210
351 211
350 212
349 213
349 214
349 215
349 216
349 217
349 218
349 219
349 220
349 221
349 222
349 223
349 224
188
267 198
254 200
278 213
294 202
308 205
317 206
306 219
306 231
305 242
290 238
277 232
261 231
249 232
235 233
219 230
232 212
230 201
229 242
215 262
196 247
180 257
169 251
170 235
178 226
195 222
196 204
189 190
168 212
157 205
165 194
150 213
137 203
131 210
132 224
123 239
138 245
152 256
125 203
120 189
91 210
72 197
70 186
47 191
42 174
40 157
25 139
28 118
41 115
48 112
53 103
68 91
85 97
98 85
94 80
84 68
99 70
113 90
119 84
115 70
123 72
130 85
143 65
134 92
151 100
165 84
194 72
208 105
42 101
36 89
46 88
38 75
21 50
49 63
50 82
63 68
60 121
49 147
22 161
53 161
55 215
46 225
32 240
42 244
60 245
89 187
92 225
88 250
248 254
279 249
273 256
284 266
314 254
328 246
345 242
357 250
368 252
391 245
405 252
399 262
426 275
452 260
477 285
489 276
485 253
496 242
497 225
520 194
533 176
518 140
506 110
492 109
518 245
511 278
524 276
527 292
488 291
359 265
369 269
326 264
318 273
322 284
303 307
291 313
274 313
268 316
264 313
252 323
241 311
251 298
255 287
265 296
278 296
286 289
226 314
207 312
220 330
206 337
183 318
168 312
172 331
166 350
175 351
203 353
224 360
231 336
287 335
269 350
254 364
287 363
312 363
327 361
314 308
329 318
322 333
304 261
319 228
330 216
340 205
341 194
358 189
351 174
338 163
322 149
312 137
306 119
324 126
346 121
347 105
362 114
342 88
327 87
310 89
291 83
283 80
271 89
252 102
277 106
278 116
358 95
324 136
312 153
333 175
318 177
308 172
294 176
349 150
355 207
349 224
