2704
278 202
277 202
276 202
275 202
274 202
273 202
272 202
271 202
270 201
269 200
268 199
267 198
266 197
279 201
279 200
280 199
281 198
282 197
283 196
284 195
285 194
286 193
287 192
288 191
289 190
290 189
291 188
292 187
293 186
294 185
295 184
295 183
295 182
295 181
295 180
295 179
296 178
297 177
298 176
299 175
300 174
301 173
302 172
302 171
302 170
302 169
302 168
302 167
303 167
302 166
302 165
301 164
300 163
299 162
298 161
297 160
296 159
295 158
294 157
293 156
304 166
305 165
306 164
307 163
308 162
309 161
309 160
309 159
309 158
309 157
310 156
311 155
312 154
313 153
314 152
315 151
316 150
317 149
318 148
319 147
320 146
321 145
322 144
323 143
324 142
325 141
326 140
327 139
328 138
329 137
330 136
331 136
332 136
333 136
334 136
335 136
336 136
337 135
338 134
339 133
340 132
341 131
342 131
343 131
344 131
345 131
346 131
347 131
348 131
349 131
350 131
351 131
352 131
353 131
353 130
354 129
355 128
356 127
357 126
358 125
359 124
360 123
361 122
362 121
362 120
361 120
360 120
359 120
358 120
357 120
356 120
355 120
354 120
353 119
352 118
351 117
350 116
350 115
350 114
350 113
350 112
350 111
350 110
350 109
350 108
350 107
350 106
350 105
350 104
350 103
350 102
350 101
350 100
350 99
350 98
350 97
350 96
350 95
350 94
350 93
351 92
363 120
354 132
355 133
356 134
357 135
358 136
358 137
358 138
330 135
330 134
330 133
330 132
330 131
330 130
330 129
330 128
330 127
330 126
330 125
329 124
328 123
327 122
326 121
325 120
324 119
323 118
323 117
322 116
321 115
320 114
319 113
318 112
317 111
316 110
315 109
314 108
313 107
312 106
311 105
310 105
309 105
308 105
307 105
306 104
305 103
304 102
303 101
302 100
301 99
300 98
299 97
298 96
297 95
296 94
295 93
294 94
293 95
292 96
291 97
290 98
290 99
290 100
290 101
290 102
290 103
290 104
290 105
290 106
290 107
290 108
290 109
290 110
289 110
288 110
287 110
286 110
285 110
284 110
283 110
282 110
281 110
280 110
279 110
278 110
277 110
276 110
275 110
274 110
273 110
272 110
271 109
270 108
269 107
268 106
267 105
266 105
265 105
264 105
263 104
262 103
261 102
260 101
259 100
258 99
257 98
256 97
255 96
254 95
253 94
253 93
252 93
251 94
250 94
249 94
248 94
247 94
246 94
245 94
244 94
243 94
242 94
241 94
240 94
239 94
238 94
237 94
236 93
235 92
234 91
233 90
232 91
231 92
230 93
229 94
228 95
227 96
226 97
225 98
224 99
223 100
222 101
221 102
220 103
219 104
218 104
217 104
216 104
215 104
214 104
213 104
212 104
211 104
210 104
209 104
208 103
207 102
206 101
205 100
204 99
203 98
202 97
201 96
200 95
199 94
198 93
197 92
196 91
195 90
194 89
194 88
193 88
192 88
191 88
190 88
189 88
188 88
187 88
186 88
185 88
184 88
183 88
182 88
181 88
180 88
179 88
178 88
177 88
176 88
175 87
174 86
173 86
172 86
171 86
170 86
169 86
168 86
167 85
166 84
165 83
164 82
163 81
162 80
161 79
160 78
159 78
158 78
157 78
156 78
155 78
154 78
153 78
152 78
151 78
150 78
149 78
148 78
147 78
146 78
145 78
144 78
143 78
142 77
141 76
140 75
139 74
138 73
137 74
136 75
135 76
134 77
133 78
132 79
131 80
130 81
129 82
129 83
128 83
127 83
126 83
125 83
124 82
123 81
122 80
121 79
120 78
119 77
118 76
117 76
116 76
115 76
114 75
113 74
112 73
111 72
110 71
109 70
108 69
107 68
106 67
105 68
104 69
103 70
102 71
101 72
100 73
99 74
98 75
97 75
96 75
96 74
96 73
96 72
96 71
96 70
96 69
96 68
96 67
95 66
94 65
93 64
92 64
91 64
90 64
89 64
88 64
87 64
86 64
85 64
84 64
83 64
82 64
81 64
80 63
79 62
78 61
77 60
76 59
75 58
74 57
73 58
72 59
71 60
70 61
69 62
68 63
67 64
66 64
65 64
64 64
63 64
62 64
61 64
60 64
59 64
58 64
57 64
56 64
55 64
54 64
53 64
52 64
51 64
50 64
49 64
48 64
47 64
46 63
45 62
44 61
43 62
42 63
41 64
40 65
39 66
38 67
37 68
36 69
35 70
34 71
33 72
32 72
31 72
30 72
30 71
30 70
30 69
30 68
30 67
30 66
30 65
30 64
30 63
29 62
28 61
31 73
32 74
33 75
34 76
35 77
36 78
37 79
38 80
39 80
40 80
41 80
42 81
43 82
44 83
45 84
46 85
47 85
48 85
49 85
50 85
51 85
52 85
53 85
54 85
55 84
56 83
117 77
116 78
115 79
114 80
113 81
112 82
112 83
112 84
111 85
110 86
109 87
108 88
107 89
106 90
105 91
105 92
105 93
105 94
105 95
105 96
105 97
105 98
104 98
103 98
102 98
101 98
100 98
99 98
98 98
97 98
96 98
95 98
94 98
93 98
92 98
91 97
173 87
172 88
171 89
170 90
169 91
168 92
167 93
166 94
165 94
164 94
163 94
162 94
161 94
195 88
196 88
197 88
198 88
199 88
200 87
201 86
202 85
203 84
204 83
205 82
206 81
206 80
206 79
206 78
206 77
206 76
206 75
206 74
205 73
204 72
203 71
203 100
202 101
201 102
200 103
199 104
198 105
197 105
196 105
195 105
194 105
193 105
192 105
191 105
190 105
189 105
188 105
254 93
255 93
256 93
257 93
258 93
259 93
260 93
261 93
262 93
263 92
264 91
265 90
266 89
267 88
268 87
269 86
270 85
271 84
272 83
273 82
311 104
311 103
311 102
312 101
313 100
314 99
315 98
316 97
317 96
318 95
319 94
320 93
321 92
322 91
323 90
324 89
280 203
281 203
282 203
283 203
284 203
283 204
282 205
282 206
282 207
282 208
282 209
282 210
282 211
282 212
282 213
282 214
282 215
282 216
282 217
282 218
282 219
282 220
282 221
281 222
280 222
279 222
278 222
277 222
276 222
275 222
274 222
273 222
272 222
271 222
270 222
269 222
268 222
267 222
266 222
265 221
264 220
263 219
262 218
261 217
260 216
259 216
258 216
257 216
256 216
255 216
254 216
253 216
252 216
251 216
250 216
249 216
248 216
247 216
246 216
245 217
244 218
243 219
242 220
241 221
240 222
239 223
238 223
238 222
237 221
236 220
235 219
234 218
233 217
232 216
232 215
232 214
232 213
232 212
232 211
232 210
232 209
232 208
232 207
232 206
231 205
230 206
229 207
228 207
227 207
226 207
225 207
224 207
223 207
222 207
221 207
220 207
219 207
218 207
217 207
216 207
215 207
214 207
214 206
214 205
214 204
214 203
214 202
214 201
214 200
214 199
214 198
214 197
213 196
212 195
211 194
210 193
209 193
208 193
207 193
206 193
205 193
204 193
203 193
202 193
201 192
200 191
199 190
198 190
197 190
196 190
195 190
194 190
193 190
192 190
191 190
190 190
189 190
188 190
187 190
186 190
185 190
184 190
183 190
182 190
181 190
180 190
179 190
178 189
177 190
176 191
175 192
174 193
173 194
172 195
172 196
172 197
172 198
172 199
172 200
172 201
172 202
172 203
172 204
172 205
172 206
172 207
172 208
172 209
172 210
171 210
170 210
169 210
168 210
167 210
166 210
165 210
164 210
163 210
162 209
161 208
160 207
159 206
158 205
157 204
156 203
155 202
154 201
153 200
152 199
151 198
150 197
149 196
148 196
147 196
146 196
145 196
144 196
143 196
142 196
141 196
140 196
139 196
138 196
137 195
136 195
135 195
134 195
133 195
132 195
131 195
130 195
129 195
128 195
127 195
126 195
125 195
124 195
123 195
122 195
121 195
120 195
119 195
118 194
117 193
116 192
115 191
114 190
113 189
112 190
111 191
110 192
109 193
108 194
107 195
106 196
105 197
104 198
103 199
102 200
101 201
100 202
99 203
98 204
97 205
96 206
95 207
94 208
93 209
92 210
91 211
90 211
89 211
88 211
88 210
88 209
88 208
88 207
88 206
88 205
88 204
87 203
86 202
86 201
86 200
86 199
86 198
86 197
86 196
86 195
86 194
86 193
86 192
85 191
84 190
85 203
84 204
83 205
82 206
81 207
80 208
79 209
78 210
77 211
76 211
75 211
74 211
73 211
72 211
71 211
70 211
69 211
68 211
67 210
66 209
66 208
66 207
66 206
66 205
66 204
66 203
66 202
66 201
66 200
66 199
66 198
66 197
67 196
67 195
67 194
67 193
67 192
67 191
67 190
67 189
67 188
67 187
67 186
67 185
67 184
67 183
66 182
76 212
75 213
74 214
73 215
72 216
71 217
70 218
69 219
68 220
67 221
66 222
65 223
64 224
63 225
63 226
63 227
62 228
61 229
60 230
59 231
58 232
57 233
56 234
55 235
54 236
53 237
52 238
51 239
50 240
49 241
48 241
47 241
46 241
45 241
44 241
43 241
42 241
41 241
40 241
39 241
38 241
37 241
36 241
35 241
34 241
33 241
32 240
31 239
30 238
30 237
30 236
30 235
30 234
30 233
30 232
30 231
30 230
30 229
30 228
30 227
30 226
30 225
30 224
30 223
30 222
30 221
31 220
31 219
31 218
31 217
32 217
33 216
34 215
34 214
34 213
34 212
34 211
34 210
34 209
34 208
34 207
34 206
34 205
35 204
36 203
36 202
35 202
34 201
33 200
32 199
31 198
30 197
29 196
28 195
27 194
26 193
25 192
24 191
23 190
22 189
21 188
21 187
21 186
21 185
21 184
21 183
21 182
21 181
21 180
21 179
21 178
21 177
21 176
21 175
21 174
21 173
22 172
23 171
23 170
23 169
23 168
23 167
23 166
23 165
23 164
23 163
23 162
23 161
23 160
23 159
23 158
24 157
25 156
26 155
27 154
28 153
29 152
30 151
30 150
29 149
28 148
27 147
26 146
25 145
24 144
23 143
22 142
21 141
20 140
20 139
20 138
20 137
20 136
20 135
20 134
20 133
20 132
20 131
20 130
20 129
20 128
20 127
20 126
21 125
22 124
23 123
24 122
25 121
26 120
27 119
28 119
29 119
30 119
31 119
32 119
33 119
34 119
35 119
36 119
37 119
38 119
39 119
40 119
41 119
42 119
43 119
44 119
45 119
46 119
47 119
48 119
49 119
50 118
51 117
52 116
53 115
54 114
36 201
36 200
36 199
36 198
36 197
36 196
36 195
36 194
36 193
36 192
36 191
37 190
38 189
39 188
40 187
41 186
42 185
37 204
38 204
39 204
40 204
41 204
42 204
43 204
44 204
45 204
46 204
47 205
48 206
30 216
29 215
28 214
27 213
26 212
25 211
24 210
23 209
22 208
64 228
65 229
66 230
67 231
68 232
68 233
68 234
68 235
68 236
68 237
68 238
68 239
68 240
68 241
89 212
90 213
91 214
92 215
93 216
94 217
95 218
96 219
97 220
98 221
99 222
100 223
101 224
102 225
102 226
102 227
102 228
102 229
102 230
103 230
104 230
105 230
106 230
107 230
108 230
109 230
110 230
111 230
112 229
113 228
114 227
115 226
116 225
117 224
103 231
104 232
105 233
106 234
107 235
108 236
109 237
110 238
111 239
112 240
112 241
112 242
112 243
112 244
112 245
112 246
112 247
101 231
100 232
99 233
98 234
97 235
96 236
95 237
94 238
93 239
92 240
91 241
91 242
91 243
171 211
170 212
169 213
168 214
167 215
166 216
165 217
164 218
163 219
162 220
161 221
160 222
159 223
158 224
158 225
158 226
158 227
157 228
156 229
155 230
154 231
153 232
152 233
151 234
150 235
149 236
148 237
147 237
146 237
145 237
144 237
143 237
159 228
160 229
161 230
162 231
163 232
164 233
165 234
166 235
167 236
168 237
169 238
170 238
170 237
170 236
171 235
172 234
173 233
174 234
175 235
176 236
177 237
178 238
179 239
180 240
181 241
182 242
183 243
184 243
185 243
186 243
187 243
188 243
189 242
190 241
191 240
192 239
193 238
194 237
195 236
196 235
197 234
198 233
199 232
200 231
201 230
202 229
202 228
202 227
202 226
201 225
200 224
199 223
198 222
197 221
196 220
195 219
194 218
193 217
170 239
170 240
169 241
168 242
167 243
167 244
167 245
167 246
167 247
167 248
167 249
166 250
165 251
164 252
163 253
162 254
161 254
160 254
159 254
158 254
157 254
156 254
155 254
154 254
153 254
238 224
238 225
238 226
238 227
238 228
239 229
240 230
241 231
242 232
243 233
244 234
245 235
246 236
247 237
248 238
249 239
250 240
251 241
252 242
253 243
254 244
254 245
254 246
254 247
254 248
254 249
254 250
253 251
252 251
251 251
250 251
249 251
248 251
247 251
246 251
245 251
244 251
243 251
242 251
241 251
240 251
239 251
238 251
237 251
236 251
235 251
234 251
233 251
232 252
231 253
230 254
229 255
228 256
228 257
228 258
228 259
228 260
228 261
228 262
228 263
255 251
256 252
256 253
256 254
256 255
256 256
256 257
256 258
256 259
256 260
256 261
256 262
256 263
255 264
254 265
253 266
252 267
251 268
251 269
251 270
251 271
251 272
251 273
250 274
249 275
248 276
247 277
246 278
245 279
244 280
243 281
243 282
243 283
243 284
243 285
257 264
258 265
259 266
260 267
261 268
262 269
263 270
264 271
265 271
266 271
267 271
268 271
269 271
270 271
271 272
272 273
273 273
274 273
275 273
276 273
277 273
278 273
279 273
280 273
281 273
280 274
279 275
278 276
277 277
276 278
275 279
274 280
273 281
272 282
272 283
271 284
270 285
269 286
268 287
267 288
266 289
265 290
264 291
263 292
262 293
261 294
260 295
259 296
259 297
259 298
260 299
261 300
261 301
261 302
261 303
261 304
261 305
261 306
261 307
261 308
261 309
261 310
261 311
260 312
259 313
258 314
257 315
256 316
255 316
254 316
253 316
252 316
251 316
250 316
249 316
250 317
251 318
252 319
253 320
254 321
255 322
256 323
257 324
258 325
259 326
259 327
259 328
259 329
259 330
260 330
261 330
262 330
263 330
264 329
265 328
266 328
267 328
268 328
269 328
270 328
271 328
272 328
273 327
274 326
275 325
276 324
277 323
278 322
279 321
280 320
281 319
282 318
282 317
282 316
282 315
282 314
282 313
282 312
282 311
282 310
282 309
281 308
280 307
279 306
258 331
258 332
258 333
258 334
258 335
258 336
258 337
258 338
258 339
258 340
258 341
258 342
257 343
256 344
255 345
254 346
253 347
252 348
251 349
250 350
249 351
248 352
247 353
246 354
245 355
244 356
243 357
242 358
242 359
242 360
242 361
241 361
240 361
239 361
238 360
237 359
236 358
235 357
234 356
233 355
232 354
231 353
230 352
229 351
228 350
227 349
226 348
226 347
225 347
224 348
223 349
222 350
222 351
222 352
222 353
222 354
222 355
222 356
222 357
222 358
222 359
222 360
221 360
220 360
219 360
218 360
217 360
216 360
215 360
214 360
213 360
212 359
211 358
210 357
227 347
228 347
229 347
230 347
231 347
232 347
233 347
234 346
235 345
236 344
236 343
235 343
234 342
233 341
232 340
231 339
230 338
229 337
228 336
227 335
226 334
225 333
224 332
224 331
224 330
224 329
224 328
224 327
224 326
224 325
223 324
222 323
221 322
220 321
219 320
218 319
218 318
217 318
216 318
215 318
214 318
213 318
212 318
211 318
210 318
209 318
208 318
207 317
206 318
205 319
204 320
203 321
203 322
203 323
203 324
203 325
203 326
203 327
203 328
202 328
201 327
200 326
199 325
198 324
197 323
196 322
195 321
194 320
193 319
192 318
191 317
190 316
189 315
188 316
187 317
186 318
185 319
184 320
183 321
182 322
181 323
180 324
179 325
178 326
177 327
176 327
175 327
174 327
173 327
172 327
171 328
170 329
169 330
168 331
168 332
168 333
168 334
168 335
168 336
168 337
168 338
168 339
168 340
168 341
168 342
168 343
168 344
203 329
202 330
201 331
200 332
199 333
198 334
197 335
196 336
195 337
194 338
193 339
192 340
191 341
190 342
189 343
189 344
219 318
220 318
221 318
222 318
223 318
224 318
225 318
226 318
227 318
228 317
229 316
237 343
259 343
260 344
261 345
262 346
263 347
264 348
265 349
266 350
267 351
268 351
269 351
270 351
271 351
272 351
273 351
274 351
274 350
274 349
274 348
275 347
276 346
277 345
278 344
279 343
280 342
281 341
282 340
283 339
284 338
285 337
286 336
287 337
288 338
289 339
290 340
291 341
292 342
293 343
294 343
295 343
296 343
297 343
298 344
299 345
300 345
301 345
302 345
303 345
304 345
305 345
306 345
307 345
308 345
309 344
310 343
311 342
312 341
313 340
314 339
315 338
316 337
317 336
318 335
319 334
320 333
321 332
322 331
322 330
322 329
322 328
322 327
322 326
322 325
322 324
323 324
322 323
321 322
320 321
319 320
318 319
317 318
316 317
315 316
314 315
313 314
313 313
314 313
313 312
313 311
312 310
311 309
310 308
309 307
308 306
307 305
306 304
305 303
315 312
316 311
317 310
318 309
319 308
320 307
321 306
322 305
323 304
324 303
325 302
326 301
327 300
328 299
329 298
330 297
331 296
332 295
324 323
325 322
326 321
327 320
328 319
329 318
330 317
331 316
332 315
303 346
304 347
305 348
306 349
307 350
308 351
309 352
310 353
311 354
312 355
313 356
314 357
315 358
315 359
316 359
315 360
315 361
315 362
315 363
315 364
315 365
317 358
318 357
319 356
320 355
321 354
322 353
323 352
324 351
273 352
272 353
271 354
270 355
269 356
268 357
267 358
266 359
266 360
266 361
266 362
266 363
266 364
267 365
268 366
269 367
270 368
271 369
272 370
273 371
274 371
275 371
276 371
277 371
278 371
279 371
280 371
281 371
282 371
283 371
284 371
282 274
282 275
282 276
283 277
284 278
285 278
286 278
287 278
288 278
289 278
290 278
291 278
292 278
293 278
294 278
295 278
296 278
297 278
298 278
299 278
300 278
301 278
302 278
303 278
304 278
305 278
306 277
307 276
308 275
309 274
310 273
311 272
312 271
313 270
314 269
315 268
316 267
317 267
317 268
318 269
319 270
320 271
321 272
322 273
323 273
324 273
325 273
326 273
327 273
328 273
329 273
330 273
331 273
332 273
333 273
334 273
335 273
336 273
337 273
318 266
319 265
320 264
321 263
322 262
323 261
324 260
325 259
326 258
327 257
328 256
329 255
330 254
331 253
332 252
333 251
334 250
335 249
336 248
336 247
335 247
334 247
333 247
332 247
331 247
330 246
329 245
328 244
327 243
326 242
325 241
324 240
323 239
322 238
321 237
320 236
319 235
318 234
317 233
316 232
315 231
314 230
313 230
312 230
311 230
310 229
309 228
337 247
338 247
339 246
340 245
341 244
342 243
343 242
344 241
345 240
346 239
347 238
347 237
348 237
348 236
348 235
348 234
348 233
348 232
348 231
348 230
349 229
350 228
351 227
352 226
353 225
353 224
353 223
353 222
353 221
353 220
353 219
353 218
353 217
353 216
353 215
353 214
353 213
353 212
353 211
353 210
353 209
353 208
353 207
353 206
354 205
355 204
355 203
354 202
353 201
352 200
351 199
350 198
349 197
348 196
347 195
346 194
345 193
344 192
343 191
342 190
341 189
341 188
341 187
341 186
341 185
341 184
341 183
341 182
341 181
341 180
341 179
341 178
341 177
341 176
341 175
341 174
341 173
341 172
341 171
341 170
342 169
343 168
344 167
345 166
345 165
344 165
343 165
342 165
341 165
340 165
339 165
338 165
337 165
336 164
335 163
346 165
340 190
339 191
338 192
337 193
336 194
335 195
334 196
333 197
333 198
333 199
333 200
333 201
333 202
333 203
333 204
349 238
350 239
351 240
352 241
353 242
354 243
355 244
356 244
357 244
358 244
359 245
360 246
361 247
362 248
363 249
364 250
365 251
366 252
367 253
368 254
369 255
370 256
371 257
372 258
373 259
374 259
375 259
376 259
377 259
378 259
379 259
380 259
381 259
382 259
383 259
384 259
385 259
386 259
387 259
388 259
389 259
390 259
391 259
392 259
393 259
394 259
395 259
396 259
397 259
398 259
399 259
400 259
401 259
402 259
403 259
404 259
405 259
406 259
407 259
408 258
409 257
410 256
411 255
412 254
413 253
414 252
415 251
416 250
417 249
418 248
419 247
420 248
421 249
422 250
422 251
422 252
422 253
422 254
422 255
422 256
422 257
422 258
422 259
422 260
423 261
424 262
425 263
426 264
427 265
428 266
429 267
430 268
431 269
432 270
433 271
434 272
435 273
436 274
437 275
438 276
438 277
439 277
440 277
441 277
442 277
443 277
444 277
445 277
446 277
447 276
448 275
449 274
450 273
451 272
452 271
453 270
454 269
455 268
456 267
457 266
458 265
459 265
460 265
461 265
462 265
463 265
464 265
465 265
466 265
467 265
468 265
469 265
470 265
471 265
472 264
473 263
474 262
475 261
476 260
477 259
478 258
479 257
480 256
481 256
482 256
483 256
484 256
485 256
486 256
487 256
488 255
489 254
490 253
491 252
492 251
493 250
494 249
494 248
494 247
494 246
494 245
494 244
494 243
494 242
494 241
494 240
494 239
494 238
494 237
494 236
494 235
494 234
494 233
493 232
492 231
491 230
490 229
490 228
489 228
491 228
492 228
493 227
494 226
495 225
496 224
497 223
498 222
499 221
500 220
501 219
502 218
503 217
504 216
505 215
506 214
507 213
508 212
509 211
509 210
509 209
509 208
510 207
511 206
512 205
513 204
514 203
515 202
516 201
517 200
518 199
519 198
519 197
519 196
519 195
519 194
519 193
519 192
519 191
519 190
519 189
519 188
519 187
519 186
519 185
519 184
520 183
521 182
522 181
523 180
524 179
525 178
526 177
527 176
528 175
529 174
530 173
531 172
532 172
533 172
534 171
535 170
536 169
537 168
538 167
539 166
540 165
541 164
542 163
543 162
543 161
542 160
541 159
540 158
539 158
538 158
537 158
536 158
535 157
534 156
533 155
532 154
531 153
530 152
529 151
528 150
527 149
526 148
525 147
524 146
523 145
522 144
521 143
520 142
519 141
518 140
517 139
517 138
517 137
517 136
517 135
517 134
517 133
517 132
517 131
516 130
515 129
514 128
513 127
512 126
511 125
510 124
509 123
508 122
507 121
506 120
505 119
504 118
503 117
502 116
501 115
500 114
499 113
510 212
511 213
512 214
513 215
514 216
515 217
516 217
517 217
518 217
519 217
495 250
496 251
497 252
498 253
499 254
500 255
501 256
501 257
501 258
501 259
501 260
501 261
501 262
502 262
501 263
501 264
501 265
501 266
501 267
501 268
500 269
500 270
500 271
500 272
500 273
500 274
500 275
500 276
500 277
500 278
500 279
502 269
503 270
504 271
505 272
506 273
507 274
508 275
509 276
510 277
511 278
512 279
513 280
514 280
515 280
516 280
517 280
518 280
519 280
520 280
521 280
522 280
523 279
524 278
525 277
525 276
525 275
525 274
525 273
525 272
524 271
523 270
522 269
521 268
526 278
527 279
528 280
529 281
530 282
531 283
532 284
533 285
533 286
533 287
533 288
515 281
516 282
516 283
516 284
516 285
516 286
516 287
516 288
516 289
516 290
516 291
516 292
516 293
516 294
516 295
503 261
504 260
505 259
506 258
507 257
508 256
509 255
510 254
511 253
512 252
513 251
514 250
515 249
516 248
517 247
518 246
458 264
458 263
458 262
458 261
458 260
458 259
458 258
458 257
458 256
458 255
458 254
458 253
457 252
456 251
455 250
346 236
345 235
344 234
343 233
342 232
341 231
340 230
339 229
269 223
270 224
271 225
272 226
273 227
274 228
275 229
276 230
277 231
278 232
279 233
280 234
281 235
281 236
281 237
281 238
281 239
281 240
281 241
281 242
281 243
188
266 197
295 184
302 172
293 156
309 161
330 136
341 131
353 131
350 116
351 92
363 120
358 138
323 118
311 105
295 93
290 110
275 110
267 105
252 93
241 94
233 90
215 104
204 99
193 88
174 86
160 78
138 73
129 83
118 76
106 67
96 75
93 64
74 57
57 64
44 61
30 72
28 61
41 80
52 85
56 83
112 84
105 98
91 97
161 94
206 81
203 71
188 105
273 82
324 89
284 203
282 221
268 222
260 216
246 216
232 216
231 205
214 207
210 193
199 190
178 189
172 210
149 196
137 195
113 189
88 211
86 202
84 190
77 211
66 209
67 196
66 182
63 227
48 241
30 238
31 220
34 215
36 203
21 188
23 171
30 151
20 140
27 119
54 114
42 185
46 204
48 206
22 208
68 241
102 230
117 224
112 247
91 243
158 227
143 237
173 233
188 243
202 229
193 217
170 240
167 249
153 254
238 228
254 250
233 251
228 263
256 263
251 273
243 285
270 271
281 273
272 283
259 298
261 311
249 316
259 330
265 328
282 318
279 306
258 342
242 361
225 347
222 360
210 357
224 332
217 318
207 317
189 315
172 327
168 344
203 329
189 344
229 316
237 343
274 351
286 336
297 343
302 345
322 331
313 314
305 303
332 295
332 315
315 365
324 351
266 364
284 371
282 276
294 278
316 267
337 273
314 230
309 228
337 247
348 237
353 225
355 204
341 189
335 163
346 165
333 204
358 244
403 259
419 247
422 260
438 277
458 265
480 256
494 249
489 228
509 211
519 198
531 172
543 162
540 158
517 139
499 113
519 217
501 268
500 279
514 280
525 277
521 268
533 288
516 295
518 246
455 250
339 229
281 243
