2718
278 203
277 204
276 204
275 204
274 204
273 204
272 204
271 204
270 204
269 204
268 204
267 204
266 204
265 204
264 204
263 204
262 204
261 204
260 204
280 203
281 204
282 205
283 206
284 206
285 206
286 206
287 206
286 207
285 208
285 209
285 210
285 211
285 212
285 213
285 214
286 215
287 216
288 217
289 218
290 219
291 220
292 221
293 222
294 223
295 224
295 225
295 226
295 227
295 228
295 229
295 230
296 231
297 232
298 233
299 234
299 235
299 236
299 237
299 238
299 239
299 240
299 241
299 242
299 243
298 244
297 244
296 244
295 244
294 244
293 244
292 244
291 244
290 244
289 244
288 244
287 244
286 244
285 245
284 246
283 247
282 248
281 249
280 250
279 251
278 251
277 251
276 251
275 251
274 251
273 251
272 251
271 251
270 251
269 251
268 251
267 251
266 251
265 251
264 250
263 249
262 248
261 247
260 246
259 245
258 244
258 243
258 242
258 241
258 240
258 239
258 238
258 237
258 236
258 235
258 234
258 233
258 232
258 231
257 230
256 229
255 230
254 231
253 232
252 233
251 234
250 235
249 236
248 237
247 238
246 239
245 240
244 241
243 242
242 242
241 243
240 243
239 243
238 243
237 243
236 243
235 243
234 243
234 242
234 241
234 240
234 239
233 238
232 237
231 236
230 235
229 234
228 233
227 232
226 231
225 230
224 229
223 228
222 228
221 228
220 228
219 228
218 228
217 228
216 227
215 226
214 225
213 224
212 223
211 222
210 221
209 221
208 221
207 221
206 221
205 221
204 221
203 221
202 221
201 221
200 221
199 221
198 220
198 219
198 218
197 217
196 216
195 215
194 214
193 213
192 212
191 211
190 210
189 209
188 208
187 207
186 206
185 205
184 204
183 203
182 204
181 205
180 206
179 207
178 208
177 209
176 210
175 210
174 210
173 210
172 210
171 210
170 210
169 210
168 210
167 211
166 212
165 213
164 214
163 215
162 216
161 217
160 218
159 219
158 220
157 220
156 220
155 220
154 220
153 220
152 220
151 220
150 220
149 220
148 220
147 220
146 220
145 220
144 220
143 220
142 220
141 220
140 220
139 220
138 220
137 220
136 219
135 218
134 218
133 218
132 218
131 218
130 218
129 218
128 218
127 218
126 218
125 218
124 218
123 218
122 218
121 218
120 218
119 217
118 216
117 215
116 214
115 214
114 214
113 214
112 214
111 214
110 214
109 214
108 214
107 214
106 214
105 213
104 212
103 211
103 210
103 209
103 208
102 207
101 206
100 205
99 204
98 203
97 202
96 201
95 200
94 199
93 198
92 197
91 196
90 195
89 194
89 193
88 193
88 192
88 191
88 190
88 189
87 188
86 187
85 186
84 185
83 184
82 183
81 182
87 194
86 195
85 196
84 197
83 198
82 199
81 199
80 199
79 199
78 199
77 199
76 199
75 199
74 199
74 198
74 197
74 196
74 195
73 194
72 193
71 192
70 191
69 190
68 189
67 188
66 187
65 186
64 185
63 184
63 183
63 182
63 181
63 180
63 179
63 178
63 177
63 176
62 175
61 174
60 173
59 172
58 171
57 170
56 169
55 168
54 167
53 166
75 200
76 201
77 202
77 203
77 204
77 205
77 206
77 207
77 208
77 209
77 210
77 211
77 212
77 213
77 214
77 215
77 216
76 217
75 218
74 219
73 220
72 221
71 222
71 223
71 224
71 225
70 225
69 224
68 223
67 222
66 221
65 220
64 219
63 218
62 217
61 216
60 215
59 214
58 213
57 212
56 211
55 210
54 209
53 208
52 207
51 206
50 205
49 204
48 203
47 202
46 202
45 202
44 202
43 201
42 200
41 199
40 198
39 197
39 196
39 195
39 194
39 193
39 192
39 191
39 190
39 189
39 188
39 187
38 186
37 185
37 184
37 183
37 182
37 181
37 180
37 179
37 178
37 177
36 176
35 175
34 174
33 173
32 172
31 171
30 170
29 169
28 168
27 167
26 166
25 165
38 198
37 199
36 200
35 201
34 202
33 203
32 204
31 205
30 206
29 207
28 208
27 209
27 210
27 211
27 212
27 213
27 214
27 215
28 216
29 217
30 218
31 219
32 220
33 221
33 222
33 223
33 224
33 225
33 226
33 227
32 228
31 229
30 230
29 231
28 231
27 231
26 231
25 231
24 231
23 231
22 231
60 217
59 218
58 219
57 220
56 221
55 222
54 223
53 224
53 225
53 226
53 227
53 228
53 229
53 230
53 231
52 232
51 233
50 234
49 235
48 236
47 237
46 238
45 239
44 240
43 241
42 242
41 243
40 244
40 245
40 246
71 226
71 227
71 228
71 229
78 217
79 218
80 219
81 220
82 221
83 222
84 223
85 224
86 225
87 226
88 227
89 228
89 229
90 193
91 193
92 192
93 191
94 190
95 191
96 192
97 192
98 192
99 192
100 192
101 192
102 192
103 192
104 192
105 192
106 192
116 213
116 212
116 211
116 210
116 209
116 208
116 207
116 206
116 205
116 204
117 203
118 202
119 201
120 200
121 199
122 198
123 197
124 196
125 195
126 194
127 193
128 193
129 193
130 193
131 193
132 193
133 193
134 193
135 193
136 193
137 193
138 193
139 193
140 193
141 192
142 191
143 190
144 189
145 188
134 219
133 220
132 221
132 222
132 223
132 224
132 225
132 226
132 227
132 228
132 229
132 230
132 231
132 232
132 233
131 234
130 235
129 236
128 236
127 236
126 236
125 236
124 236
123 236
122 236
121 236
120 236
119 237
118 237
117 237
116 237
115 237
114 237
113 237
112 237
111 237
110 237
109 237
108 237
109 238
110 239
111 240
111 241
111 242
111 243
111 244
111 245
111 246
111 247
111 248
111 249
133 234
134 235
135 236
136 237
136 238
136 239
136 240
136 241
136 242
136 243
136 244
136 245
136 246
136 247
136 248
137 249
138 250
139 251
140 252
141 253
142 253
143 253
144 253
145 253
146 253
147 253
148 253
149 253
150 253
209 222
208 223
207 224
206 225
205 226
204 227
203 228
202 229
201 230
201 231
201 232
201 233
201 234
201 235
200 236
199 236
198 236
197 236
196 236
195 236
194 236
193 236
192 236
191 236
190 236
189 237
188 238
187 238
186 238
185 238
184 238
183 238
182 238
181 238
180 238
179 238
178 238
177 238
202 236
203 237
204 238
205 239
206 240
207 241
208 242
209 243
210 244
211 244
212 244
211 245
210 246
209 247
208 248
207 249
206 250
205 251
204 252
203 252
210 220
210 219
210 218
210 217
210 216
210 215
211 214
212 213
213 212
214 211
215 210
215 209
215 208
215 207
214 206
213 205
212 204
211 203
210 202
209 201
208 200
207 199
206 198
205 197
204 196
203 195
202 194
201 193
224 227
225 226
226 225
227 224
228 223
229 222
230 221
231 220
232 219
233 218
234 217
234 216
234 215
234 214
234 213
234 212
234 211
234 210
234 209
234 208
234 207
234 206
234 205
233 204
232 203
231 203
230 203
229 203
228 203
227 203
226 203
225 202
224 201
223 200
222 199
221 198
220 197
219 196
273 252
272 253
271 254
270 255
269 256
268 257
267 258
266 259
265 260
265 261
265 262
265 263
265 264
265 265
264 266
263 266
262 266
261 266
260 266
259 266
258 266
257 266
256 266
255 266
254 266
253 266
252 266
251 266
250 266
249 266
248 266
247 266
246 266
266 266
267 267
268 268
269 269
270 269
271 269
300 244
301 245
302 246
303 247
304 248
305 249
306 250
307 251
308 252
309 253
309 254
309 255
310 255
311 255
312 255
313 255
314 254
315 253
316 252
317 251
318 250
319 249
320 248
321 247
322 246
323 245
323 244
323 243
323 242
323 241
323 240
323 239
323 238
323 237
323 236
323 235
323 234
322 233
321 232
321 231
321 230
321 229
321 228
321 227
320 226
319 225
318 224
317 223
316 222
315 221
315 220
315 219
315 218
315 217
315 216
315 215
315 214
315 213
315 212
315 211
315 210
315 209
315 208
315 207
316 206
317 205
317 204
317 203
317 202
317 201
317 200
317 199
317 198
317 197
317 196
317 195
316 194
315 193
314 192
313 191
312 190
311 189
311 188
310 188
312 188
313 188
314 188
315 188
316 188
317 188
318 188
319 188
320 188
321 188
322 188
323 188
324 188
325 187
326 186
326 185
326 184
326 183
325 182
324 181
323 180
322 179
321 178
320 177
319 176
318 175
317 174
316 173
315 172
314 171
313 170
312 169
311 168
310 167
309 167
308 167
307 167
306 167
305 167
304 167
303 167
302 167
301 167
300 167
299 167
298 166
297 165
296 164
295 163
295 162
295 161
295 160
295 159
295 158
295 157
295 156
295 155
295 154
295 153
295 152
295 151
295 150
295 149
295 148
295 147
296 146
310 166
310 165
310 164
310 163
310 162
310 161
310 160
310 159
311 158
312 157
313 156
314 155
315 154
316 154
317 154
318 154
319 154
320 154
321 154
322 154
323 153
324 152
325 151
326 150
327 149
327 148
327 147
327 146
327 145
327 144
327 143
327 142
327 141
327 140
327 139
327 138
327 137
327 136
327 135
327 134
327 133
327 132
327 131
327 130
327 129
326 128
325 127
324 126
323 125
322 124
321 123
320 122
319 121
318 120
318 119
317 119
317 118
317 117
317 116
317 115
316 114
315 113
314 112
313 111
312 110
311 109
310 108
309 107
308 106
307 105
306 104
306 103
306 102
306 101
306 100
306 99
306 98
306 97
306 96
306 95
306 94
306 93
306 92
306 91
306 90
306 89
306 88
305 88
304 88
303 88
302 88
301 88
300 88
299 87
298 86
297 85
296 84
295 83
294 82
293 81
292 81
291 81
290 81
289 81
288 81
287 81
286 81
285 81
284 80
283 81
282 82
281 82
280 82
279 82
278 82
277 82
276 82
275 82
274 82
273 82
272 82
271 82
270 82
269 82
268 82
267 82
266 82
265 82
264 82
263 82
262 82
261 82
260 82
259 82
258 82
257 82
256 82
255 82
254 82
253 82
252 82
251 82
250 82
249 82
248 82
247 82
246 82
245 82
244 81
243 80
242 79
241 78
240 77
239 78
238 79
237 80
236 81
235 82
234 83
233 84
232 85
232 86
232 87
232 88
232 89
232 90
232 91
232 92
232 93
232 94
232 95
232 96
231 96
230 96
229 96
228 96
227 96
226 96
225 96
224 96
223 96
222 96
221 96
220 96
219 96
218 96
217 96
216 96
215 96
214 96
213 96
212 96
211 95
210 94
209 93
208 92
207 91
206 90
205 91
204 92
203 93
202 94
201 95
200 96
199 97
198 98
197 99
196 100
195 101
194 102
193 102
192 102
191 102
190 102
189 102
188 102
188 101
188 100
188 99
188 98
188 97
188 96
188 95
188 94
187 93
186 92
185 91
184 90
183 89
182 88
181 87
180 87
179 87
178 87
177 87
176 87
175 87
174 87
173 87
172 87
171 87
170 87
169 87
168 87
167 86
166 85
165 84
165 83
165 82
165 81
165 80
165 79
165 78
165 77
165 76
165 75
166 74
167 73
168 72
169 71
170 70
171 69
171 68
170 68
169 68
168 68
167 68
166 68
165 67
172 68
164 85
163 86
162 87
161 88
160 89
159 90
158 91
157 92
156 93
155 94
154 95
153 95
152 95
151 95
150 95
149 95
148 94
147 93
146 92
145 91
144 90
143 89
142 88
141 87
140 86
139 85
138 84
137 83
136 82
135 81
134 80
133 79
132 78
131 77
130 76
130 75
129 74
128 73
127 72
126 71
125 70
124 69
123 68
122 67
121 66
120 65
119 64
118 63
117 62
116 61
115 60
114 60
113 60
112 60
111 60
110 60
109 60
108 60
107 60
106 60
105 60
104 60
103 60
102 60
101 60
100 60
99 60
98 60
97 60
96 60
95 60
94 59
93 60
92 61
91 62
90 63
89 64
88 65
87 66
86 67
85 68
84 69
83 70
82 71
81 72
80 73
79 74
78 74
77 74
76 74
75 74
74 74
73 74
72 74
71 75
70 76
69 77
68 78
67 79
66 80
65 81
64 82
63 83
62 84
62 85
61 85
60 84
59 83
58 82
57 81
56 80
55 79
54 78
53 77
52 76
51 75
50 74
50 73
50 72
50 71
50 70
50 69
50 68
50 67
50 66
50 65
50 64
50 63
49 62
48 61
47 60
46 59
45 58
44 57
43 56
42 55
41 54
40 53
49 75
48 76
47 76
46 76
45 76
44 76
43 76
42 76
41 76
40 76
39 76
38 76
37 76
36 76
35 76
34 76
33 76
32 76
31 76
30 76
29 76
28 76
27 76
26 76
25 76
24 76
23 76
22 76
34 77
33 78
33 79
33 80
33 81
33 82
33 83
33 84
33 85
33 86
33 87
33 88
33 89
33 90
33 91
33 92
32 93
31 94
30 95
29 96
28 97
27 98
26 99
25 100
25 101
25 102
25 103
24 104
23 105
22 106
21 107
21 108
21 109
21 110
21 111
21 112
21 113
21 114
21 115
21 116
21 117
21 118
21 119
21 120
21 121
21 122
21 123
21 124
21 125
21 126
34 93
35 94
36 95
37 96
38 97
39 98
40 99
41 100
42 101
43 102
44 102
63 86
64 87
65 88
66 89
67 90
68 91
68 92
68 93
68 94
129 77
128 78
127 78
126 78
125 78
124 78
123 78
122 78
121 78
120 78
119 78
120 79
121 80
122 81
123 82
124 83
125 84
125 85
125 86
125 87
125 88
125 89
125 90
125 91
125 92
125 93
125 94
125 95
152 96
153 97
154 98
155 99
156 100
157 101
158 102
159 102
160 102
161 102
162 102
163 102
164 102
233 97
233 98
233 99
233 100
233 101
233 102
233 103
233 104
233 105
233 106
233 107
233 108
233 109
233 110
234 111
235 112
236 113
237 114
238 114
239 114
240 114
241 114
242 114
243 114
244 114
245 114
246 114
247 114
248 114
249 114
250 114
251 114
252 114
253 114
254 114
255 114
256 114
257 114
258 114
259 114
260 114
261 114
262 113
263 112
264 111
265 110
266 109
307 88
308 88
309 88
310 88
311 88
312 88
313 88
314 88
315 88
316 88
317 88
318 88
319 88
320 88
321 88
322 88
323 88
324 88
325 88
326 88
327 88
328 88
329 88
330 88
331 88
332 88
333 87
334 88
335 89
336 90
337 91
338 92
339 93
340 94
341 95
342 96
343 97
344 98
345 99
346 99
347 99
348 99
349 99
350 99
351 99
352 99
353 99
354 99
355 99
356 99
357 99
358 99
359 99
360 99
319 119
320 119
321 119
322 119
323 119
324 119
325 118
326 117
327 116
328 115
329 116
330 117
331 118
332 119
333 120
334 121
335 122
336 123
337 124
338 125
339 126
340 127
341 128
342 129
343 130
344 131
345 132
346 133
347 134
348 135
349 136
350 137
351 138
352 139
353 140
354 141
355 142
356 143
357 144
358 145
359 146
360 147
361 148
361 149
361 150
361 151
361 152
361 153
361 154
361 155
327 187
328 188
329 189
330 190
331 191
332 192
333 193
334 194
335 195
336 196
337 197
338 198
339 199
340 200
341 201
342 202
343 203
344 204
345 205
345 206
345 207
345 208
345 209
345 210
345 211
345 212
345 213
345 214
345 215
345 216
345 217
345 218
345 219
345 220
345 221
345 222
324 246
325 247
326 248
327 249
328 249
329 249
330 249
331 249
332 249
333 249
334 249
335 249
336 249
337 249
338 249
339 250
340 251
341 251
342 251
343 251
344 251
345 252
346 253
347 254
348 255
349 256
350 257
351 258
352 259
353 260
354 260
355 260
356 260
355 261
354 262
353 263
352 264
351 265
350 266
349 267
348 268
347 268
346 268
345 268
344 268
343 268
342 268
341 268
340 268
339 268
338 268
337 268
336 268
335 268
334 268
333 268
332 268
331 268
330 268
329 268
328 268
327 268
326 269
325 270
324 271
323 272
322 273
321 274
320 275
319 276
318 277
318 278
318 279
357 261
358 262
359 263
360 263
361 263
362 263
363 263
364 263
365 263
366 263
367 263
368 263
369 263
370 263
371 263
372 263
373 263
374 263
375 263
376 263
377 263
378 263
379 264
380 265
381 265
382 265
383 265
384 265
385 265
386 265
387 265
388 265
389 265
390 265
390 264
390 263
390 262
390 261
390 260
390 259
390 258
390 257
391 256
392 255
393 254
394 253
395 252
396 251
397 250
398 249
399 248
400 247
401 246
391 266
392 267
393 268
394 269
395 270
396 271
397 272
398 273
399 274
400 274
401 274
402 274
403 274
404 274
405 274
406 274
407 274
408 274
409 274
410 274
411 274
412 274
413 274
414 274
415 274
416 274
417 274
418 274
419 274
420 274
421 273
422 272
423 271
424 270
425 269
426 268
427 267
428 267
429 267
430 267
431 267
432 267
433 267
434 267
435 267
436 267
437 267
438 267
439 267
440 267
441 267
442 267
443 267
444 266
445 265
446 264
447 263
448 262
449 261
450 261
451 261
452 261
453 261
454 261
455 261
456 261
457 261
458 261
459 261
460 261
461 261
462 261
463 261
464 260
464 259
464 258
464 257
464 256
464 255
464 254
464 253
464 252
465 251
466 250
467 249
468 248
469 247
470 246
471 245
472 244
473 243
474 242
475 241
476 240
477 239
478 238
465 261
466 262
467 263
468 264
469 265
470 266
471 267
472 268
473 269
474 270
475 271
476 272
477 273
478 274
479 275
479 276
479 277
479 278
480 279
481 280
482 281
483 281
484 281
485 281
486 281
487 281
488 281
489 281
490 281
491 281
492 281
493 281
494 281
495 281
496 282
497 282
498 282
499 282
500 282
501 282
502 282
503 282
504 282
505 282
506 282
507 283
508 284
509 285
510 286
511 287
512 288
513 289
514 290
515 290
515 291
515 292
515 293
515 294
515 295
515 296
515 297
516 289
517 288
518 287
519 286
520 285
521 284
522 283
523 282
524 281
524 280
524 279
524 278
524 277
524 276
524 275
524 274
524 273
524 272
524 271
524 270
524 269
524 268
524 267
524 266
524 265
523 265
522 265
521 265
520 265
519 265
518 265
517 265
516 265
515 264
514 263
513 262
512 261
511 260
510 259
509 258
509 257
509 256
509 255
509 254
509 253
509 252
509 251
509 250
509 249
509 248
508 247
507 246
507 245
507 244
507 243
507 242
507 241
507 240
507 239
507 238
507 237
507 236
507 235
507 234
507 233
507 232
507 231
507 230
507 229
507 228
507 227
507 226
507 225
507 224
507 223
508 222
509 221
510 220
511 219
512 218
513 217
514 216
515 215
516 214
517 213
518 212
519 211
519 210
519 209
519 208
519 207
519 206
519 205
519 204
519 203
519 202
519 201
519 200
519 199
519 198
519 197
519 196
519 195
519 194
519 193
519 192
519 191
519 190
519 189
519 188
519 187
519 186
519 185
519 184
520 183
521 182
522 181
523 180
524 179
525 178
526 177
527 176
528 175
529 174
530 173
530 172
530 171
530 170
530 169
530 168
530 167
530 166
530 165
530 164
530 163
530 162
530 161
530 160
530 159
530 158
530 157
530 156
530 155
530 154
530 153
530 152
529 151
528 150
527 149
526 148
525 147
524 146
523 145
522 144
521 143
520 142
519 141
518 140
517 139
517 138
516 138
516 137
515 136
514 135
513 134
512 133
511 132
510 131
509 130
508 129
507 128
506 127
505 126
504 125
503 124
502 123
501 122
500 121
499 120
498 119
497 118
497 117
496 117
495 116
494 115
493 114
492 113
491 112
490 111
489 110
488 109
487 108
487 107
486 107
488 107
489 107
490 107
491 106
492 105
498 117
499 117
500 117
501 117
502 117
503 117
504 117
505 116
506 115
507 114
508 113
509 112
518 138
519 138
520 138
521 138
522 138
523 138
524 138
525 137
526 136
527 135
528 134
525 265
525 282
526 283
527 284
528 285
529 286
530 287
531 288
532 289
532 290
532 291
532 292
532 293
532 294
532 295
308 256
307 257
306 258
305 259
304 260
303 261
302 262
302 263
302 264
302 265
302 266
301 267
300 268
299 269
298 270
297 271
297 272
297 273
296 274
295 275
294 276
293 277
292 278
291 279
290 280
289 280
288 281
287 282
286 283
285 284
284 285
283 286
282 287
281 288
280 289
279 289
278 289
277 290
276 291
275 292
275 293
275 294
275 295
275 296
275 297
275 298
275 299
275 300
275 301
275 302
276 303
277 304
278 305
278 306
278 307
278 308
278 309
278 310
278 311
278 312
278 313
278 314
277 315
276 316
275 317
274 318
274 319
274 320
274 321
274 322
274 323
274 324
274 325
274 326
274 327
274 328
279 290
280 291
281 292
282 293
283 294
284 295
285 296
286 297
287 298
288 298
289 298
290 298
291 298
292 298
293 299
294 300
295 301
296 302
297 303
298 304
299 305
300 306
301 307
302 308
303 309
304 310
305 311
306 311
306 310
306 309
306 308
306 307
307 306
308 305
309 304
310 303
306 312
305 313
304 314
303 315
302 316
301 317
300 318
300 319
300 320
300 321
300 322
300 323
300 324
300 325
300 326
299 327
298 328
297 329
296 330
295 331
294 332
293 333
292 334
291 335
290 336
289 337
288 338
287 339
287 340
287 341
287 342
287 343
287 344
286 345
285 346
285 347
285 348
285 349
285 350
285 351
285 352
285 353
284 353
283 353
282 353
281 353
280 352
279 351
278 350
277 349
276 348
275 348
274 348
273 348
272 348
271 348
270 347
269 346
269 345
269 344
269 343
268 342
267 341
266 340
265 339
264 338
263 337
262 336
261 335
260 334
259 333
268 347
267 348
266 349
265 350
264 351
263 351
264 352
264 353
264 354
264 355
264 356
264 357
263 358
262 359
261 360
260 361
259 362
258 363
257 364
256 365
255 366
254 366
253 366
252 366
251 366
250 366
249 366
248 366
247 366
246 366
245 365
244 364
243 363
242 362
241 361
240 360
239 359
238 358
237 357
236 356
236 355
236 354
236 353
236 352
236 351
237 350
238 349
239 348
240 347
241 346
242 345
242 344
242 343
242 342
241 341
240 340
239 339
238 338
237 337
236 336
235 335
234 334
233 333
232 332
231 331
230 330
229 329
228 329
227 329
226 329
225 329
224 329
223 329
222 329
221 329
220 329
219 329
218 329
217 329
216 329
215 329
214 329
213 329
212 329
212 328
212 327
212 326
212 325
212 324
211 323
210 322
211 330
210 331
209 332
208 333
207 334
206 335
206 336
206 337
206 338
206 339
206 340
206 341
206 342
206 343
205 343
204 343
203 343
202 343
201 343
200 343
199 342
198 341
197 340
196 339
195 338
195 337
195 336
195 335
195 334
194 333
193 332
192 331
191 330
190 329
189 328
188 327
187 326
186 325
185 324
184 323
183 322
182 321
181 320
180 319
194 339
193 340
192 341
191 342
190 343
189 344
188 345
187 346
186 346
185 346
184 346
183 346
182 346
181 346
180 346
179 346
178 346
177 346
176 346
175 346
174 346
173 346
172 346
171 345
170 344
169 343
168 342
229 328
229 327
230 326
231 325
232 324
233 323
234 322
235 321
236 320
237 319
238 318
239 317
240 316
241 315
242 314
243 313
244 312
245 311
245 310
245 309
245 308
245 307
245 306
245 305
246 304
247 303
248 302
249 301
250 300
251 299
252 298
288 345
289 346
290 347
291 348
292 349
293 350
294 351
295 352
296 353
297 354
298 355
299 356
300 356
301 356
302 357
303 358
304 359
305 360
306 361
307 362
308 363
309 364
310 365
311 366
312 367
313 368
313 369
313 370
313 371
313 372
301 327
302 328
303 329
304 330
305 331
306 332
307 333
308 334
309 335
310 336
310 337
310 338
310 339
310 340
311 341
312 342
313 343
314 344
315 345
316 346
317 347
318 348
319 349
320 350
321 351
322 352
323 353
324 354
307 313
308 313
309 313
310 313
311 313
312 313
313 313
314 313
315 313
316 313
317 313
318 313
317 314
318 315
319 316
320 317
321 318
322 319
323 320
324 321
325 322
326 323
327 324
328 325
329 326
330 327
319 312
320 311
321 310
322 309
323 308
324 307
325 306
326 305
327 304
328 303
329 302
330 301
288 207
289 208
290 209
291 210
292 211
293 212
294 212
295 212
296 212
188
260 204
287 206
285 214
295 230
299 243
286 244
274 251
258 244
256 229
242 242
234 243
223 228
210 221
198 220
183 203
168 210
149 220
135 218
116 214
103 211
88 193
81 182
74 199
63 184
53 166
77 216
61 216
47 202
39 197
37 185
25 165
32 204
27 215
33 227
22 231
53 231
40 246
71 229
89 229
94 190
106 192
127 193
145 188
132 233
120 236
108 237
111 249
136 248
150 253
201 235
190 236
177 238
212 244
203 252
215 210
201 193
234 217
232 203
219 196
265 265
246 266
271 269
309 255
323 245
321 232
315 221
317 205
310 188
326 186
310 167
295 163
296 146
315 154
327 149
327 130
317 119
306 104
293 81
284 80
266 82
240 77
232 96
206 90
188 102
181 87
165 84
165 67
172 68
151 95
130 76
115 60
94 59
72 74
62 85
50 74
40 53
35 76
22 76
33 92
25 103
21 126
44 102
68 94
119 78
125 95
164 102
233 110
253 114
266 109
307 88
333 87
360 99
328 115
350 137
361 155
345 205
345 222
338 249
344 251
356 260
340 268
327 268
318 279
378 263
390 265
401 246
403 274
427 267
449 261
464 260
478 238
479 278
495 281
506 282
515 297
524 281
509 258
507 246
519 211
530 173
516 138
496 117
486 107
492 105
509 112
528 134
525 265
532 295
302 266
297 273
289 280
278 289
275 302
278 314
274 328
292 298
310 303
306 312
300 326
291 335
287 344
285 353
276 348
269 346
259 333
263 351
264 357
252 366
236 356
242 345
229 329
212 329
210 322
206 343
195 338
180 319
184 346
168 342
245 311
252 298
301 356
313 372
310 340
324 354
316 313
330 327
330 301
296 212
