2657
278 203
277 204
276 205
276 206
276 207
276 208
275 208
274 208
273 208
272 207
271 206
270 205
269 204
268 203
267 202
266 203
265 204
264 205
263 206
262 207
261 208
260 209
259 210
258 211
257 212
256 212
255 212
254 212
253 212
252 212
251 212
250 212
249 211
248 210
247 209
246 208
245 207
244 206
243 205
242 204
241 203
240 202
239 201
253 213
252 214
251 215
250 216
249 217
248 218
247 219
246 220
245 221
244 222
243 222
242 222
241 222
240 222
239 222
238 222
237 222
236 222
235 221
234 220
233 219
232 218
231 217
230 216
242 223
241 224
240 225
239 226
238 227
237 228
236 229
235 230
234 231
233 232
232 233
231 234
230 235
229 236
228 237
227 237
227 236
226 235
225 234
224 233
223 232
222 231
221 230
220 229
219 228
218 227
217 226
216 225
215 224
214 223
213 223
212 223
211 223
210 223
209 223
208 223
207 222
206 221
205 220
204 219
203 218
202 217
202 216
202 215
202 214
202 213
202 212
203 211
204 210
205 209
206 208
207 207
208 206
209 205
209 204
208 204
207 204
206 204
205 204
204 203
203 202
202 201
201 200
200 199
199 198
198 197
197 196
196 197
195 198
194 199
193 200
192 201
191 202
190 203
189 204
188 205
187 206
186 207
185 208
184 209
183 209
182 210
181 211
180 212
179 213
178 214
177 215
176 216
175 217
174 218
173 218
172 218
171 218
170 218
169 218
168 218
167 218
166 217
165 216
164 215
163 214
162 213
161 212
160 211
159 210
158 209
157 208
156 207
156 206
156 205
156 204
156 203
156 202
156 201
156 200
156 199
156 198
156 197
155 196
154 195
155 208
154 209
153 210
152 211
152 212
152 213
152 214
152 215
152 216
152 217
152 218
152 219
152 220
152 221
152 222
152 223
151 223
150 223
149 223
148 223
147 223
146 223
145 223
144 222
143 221
142 220
141 219
140 218
139 217
138 216
137 215
136 216
135 217
134 218
133 219
132 220
131 221
130 222
130 223
130 224
130 225
130 226
130 227
130 228
129 229
128 230
127 231
126 231
125 231
124 231
123 231
122 231
121 231
120 231
119 231
118 231
117 231
116 231
115 231
115 230
115 229
115 228
115 227
115 226
115 225
115 224
115 223
115 222
114 221
113 220
112 219
111 218
111 217
111 216
111 215
111 214
112 213
113 212
114 211
115 210
116 209
117 208
118 207
119 206
119 205
119 204
118 204
117 203
116 202
115 201
114 200
113 199
112 198
111 197
110 196
109 195
108 194
107 193
107 192
107 191
107 190
107 189
107 188
107 187
107 186
107 185
106 184
105 183
104 182
103 181
102 180
101 181
100 181
99 181
98 181
97 181
96 181
95 181
94 181
93 181
92 181
91 181
90 182
89 183
88 184
87 185
86 186
85 187
84 188
83 189
83 190
83 191
83 192
83 193
83 194
82 195
81 195
80 195
79 195
78 195
77 195
76 195
75 195
74 195
73 195
72 195
71 195
70 195
69 196
68 197
67 198
66 199
65 200
64 201
63 202
62 202
61 202
60 202
59 202
58 202
58 201
58 200
58 199
57 198
56 197
55 196
54 195
53 194
52 193
51 192
50 191
49 190
48 189
47 188
46 187
45 186
44 185
43 184
42 183
42 182
41 181
40 180
39 179
39 178
39 177
39 176
39 175
39 174
40 173
41 172
42 171
43 170
44 169
45 168
46 167
47 166
48 165
47 164
46 163
45 162
44 162
44 163
43 163
42 163
41 163
40 163
39 163
38 163
37 163
36 163
35 163
34 163
33 163
32 163
31 163
30 164
29 165
28 165
27 165
26 165
25 165
24 165
23 165
22 165
21 165
20 165
43 161
42 160
41 159
40 158
39 157
38 156
37 155
36 154
35 153
34 152
33 151
32 150
31 149
30 148
29 147
28 146
27 145
26 144
25 143
24 142
23 141
22 140
22 139
22 138
22 137
22 136
22 135
22 134
22 133
22 132
22 131
22 130
22 129
22 128
22 127
22 126
22 125
22 124
22 123
22 122
23 121
24 120
25 119
26 118
27 117
27 116
27 115
27 114
27 113
27 112
27 111
27 110
27 109
27 108
27 107
27 106
26 105
26 104
25 104
27 104
28 103
29 102
30 101
31 100
32 99
33 98
34 97
35 96
35 95
35 94
35 93
35 92
36 91
37 90
38 89
39 88
40 87
41 86
42 85
43 84
44 83
45 82
45 81
45 80
45 79
45 78
45 77
46 77
45 76
45 75
45 74
45 73
44 72
43 71
42 70
41 69
40 70
39 71
38 72
37 72
36 72
35 72
34 72
33 72
32 72
31 72
30 72
47 76
48 75
49 74
50 73
51 72
52 71
53 70
54 69
55 68
56 67
36 97
37 98
38 99
39 100
40 101
41 102
42 103
43 104
44 105
45 106
46 107
47 108
47 109
48 110
49 111
50 111
51 111
52 111
53 111
54 111
55 111
56 111
57 111
58 111
45 161
45 160
45 159
45 158
45 157
45 156
45 155
45 154
45 153
45 152
45 151
45 150
45 149
45 148
45 147
45 146
45 145
46 144
47 143
57 203
56 204
55 205
54 206
53 207
52 208
51 209
50 210
49 211
48 212
47 213
46 213
45 213
44 213
43 213
42 213
41 213
40 213
40 212
40 211
40 210
40 209
40 208
40 207
39 206
38 205
37 204
36 205
35 206
34 207
33 208
32 209
31 210
30 211
29 212
28 213
27 214
26 215
25 216
24 217
23 218
22 219
21 220
22 221
23 222
24 223
25 224
26 225
27 226
28 227
29 228
30 229
31 230
32 231
33 232
34 233
35 234
36 235
37 236
38 236
39 236
38 237
37 238
36 238
35 238
34 238
33 238
32 238
31 238
30 238
29 238
28 238
27 238
26 238
25 238
24 238
84 195
85 196
86 197
87 198
88 199
89 200
90 201
91 202
92 203
93 204
94 205
95 206
95 207
95 208
95 209
120 203
121 202
122 201
123 200
124 199
125 198
126 197
127 196
128 195
128 194
128 193
128 192
128 191
128 190
128 189
128 188
128 187
128 186
128 185
129 184
130 183
129 196
130 197
131 197
132 197
133 197
134 197
135 197
110 219
109 220
108 221
107 222
106 223
105 224
104 225
103 226
102 227
101 228
100 229
99 229
98 229
97 229
96 229
95 229
94 229
93 229
92 229
91 229
90 229
89 229
88 229
87 229
86 228
85 227
84 226
83 225
82 226
81 227
80 228
79 229
78 230
77 231
76 232
75 233
74 234
73 235
72 236
71 237
71 238
71 239
97 230
96 231
95 232
94 233
93 234
92 235
91 236
90 237
90 238
90 239
90 240
90 241
90 242
90 243
90 244
90 245
90 246
91 247
92 248
93 249
94 250
95 251
96 252
97 253
98 253
99 253
100 253
101 253
102 253
103 253
104 253
105 253
106 253
151 224
150 225
150 226
150 227
150 228
150 229
150 230
150 231
150 232
150 233
150 234
150 235
149 236
148 237
147 238
146 239
145 240
144 241
143 242
142 243
141 244
140 245
140 246
140 247
140 248
140 249
140 250
173 219
173 220
173 221
173 222
173 223
173 224
173 225
173 226
173 227
173 228
173 229
173 230
173 231
173 232
173 233
173 234
173 235
173 236
173 237
210 204
210 203
210 202
210 201
210 200
210 199
210 198
210 197
210 196
210 195
210 194
210 193
210 192
227 238
226 239
225 240
224 241
223 242
222 243
221 244
220 245
219 246
218 247
217 248
216 249
215 250
214 250
213 250
212 250
211 250
210 250
209 250
208 250
207 250
206 250
205 250
204 250
203 250
202 250
201 250
200 250
199 250
223 244
224 245
225 246
226 247
227 248
228 249
229 250
230 251
231 252
232 253
233 254
234 255
235 256
236 257
237 258
238 259
239 260
240 261
241 262
242 263
243 264
244 264
245 265
246 266
247 267
248 268
249 268
250 268
251 268
252 268
253 268
254 268
255 268
256 268
257 268
258 268
259 268
260 268
261 268
262 268
263 268
264 269
265 270
266 271
266 272
266 273
266 274
266 275
266 276
266 277
266 278
266 279
228 239
229 240
230 241
231 241
232 241
233 241
234 241
235 241
236 241
275 209
274 210
273 211
272 212
271 213
270 214
270 215
270 216
270 217
270 218
270 219
271 220
272 221
273 222
273 223
273 224
273 225
273 226
273 227
273 228
273 229
273 230
274 231
274 232
274 233
274 234
274 235
274 236
274 237
274 238
274 239
274 240
274 241
274 242
274 243
275 244
276 245
277 245
278 245
279 245
280 245
281 245
282 245
283 245
283 244
283 243
283 242
283 241
283 240
283 239
283 238
284 237
285 236
286 235
287 234
288 233
289 232
290 231
291 230
291 229
291 228
291 227
291 226
290 225
290 224
291 223
292 222
293 221
294 220
295 219
296 218
297 217
298 216
299 215
300 214
301 213
302 213
303 213
304 213
305 213
306 212
307 211
308 210
309 209
310 208
311 207
312 206
313 205
314 204
315 203
316 202
317 201
318 200
319 199
320 198
321 197
322 196
323 195
323 194
323 193
323 192
323 191
322 190
321 190
320 190
319 190
318 190
317 190
316 189
315 188
314 187
314 186
313 186
312 186
311 186
310 186
309 186
308 186
307 186
306 186
305 186
304 186
303 185
302 184
301 183
301 182
301 181
301 180
302 179
303 178
304 177
305 176
306 175
307 174
308 173
308 172
308 171
308 170
308 169
308 168
308 167
308 166
308 165
308 164
308 163
308 162
308 161
308 160
307 159
306 158
306 157
306 156
306 155
306 154
306 153
306 152
306 151
306 150
306 149
306 148
306 147
306 146
306 145
307 144
308 143
309 142
310 141
311 142
312 143
313 144
314 145
315 146
316 147
317 148
318 149
319 150
320 151
321 152
322 152
323 152
324 152
325 152
325 151
325 150
325 149
325 148
325 147
325 146
325 145
325 144
325 143
325 142
325 141
325 140
325 139
325 138
326 137
327 136
328 135
328 134
327 134
326 134
325 134
324 134
323 133
322 132
321 131
320 130
319 129
318 128
317 127
316 126
315 125
314 124
313 123
312 122
311 121
310 120
309 119
308 118
307 117
306 116
305 115
304 114
303 113
302 112
301 111
300 110
299 109
298 108
297 107
296 106
296 105
296 104
296 103
296 102
296 101
296 100
296 99
296 98
296 97
295 96
294 95
293 94
293 93
292 93
291 94
290 95
289 96
288 97
287 98
286 99
285 100
284 101
283 102
282 103
281 103
280 103
279 103
278 103
277 103
276 103
275 103
274 103
273 103
272 103
271 103
270 103
269 103
268 103
267 103
266 102
265 101
264 100
263 99
262 98
261 97
260 96
260 95
260 94
260 93
260 92
261 92
260 91
260 90
260 89
260 88
259 87
258 86
257 85
256 84
255 83
254 82
253 81
252 80
251 79
250 78
249 79
248 80
247 81
246 82
245 83
244 84
243 85
242 86
241 87
240 88
239 89
238 90
237 91
236 92
235 93
234 94
233 95
233 96
233 97
233 98
233 99
232 99
231 99
230 99
229 99
228 99
227 99
226 99
225 99
224 99
223 99
222 99
221 98
220 97
219 96
219 95
219 94
219 93
219 92
219 91
219 90
219 89
219 88
219 87
219 86
219 85
219 84
218 83
217 82
216 81
215 81
214 81
213 80
212 79
211 78
210 77
209 76
208 75
207 74
206 73
205 72
204 71
203 72
202 73
201 73
200 73
199 73
198 73
197 73
196 73
195 73
194 73
193 73
192 73
191 73
190 73
189 73
188 74
187 75
186 76
185 77
184 78
183 79
182 80
181 81
180 82
179 83
178 84
177 84
177 83
177 82
177 81
177 80
177 79
177 78
176 77
175 76
174 75
173 74
172 73
171 72
170 71
169 70
177 85
176 86
175 87
174 88
173 89
172 90
171 91
170 92
169 93
168 94
167 95
166 96
165 97
164 98
163 99
163 100
163 101
163 102
162 102
161 102
160 102
159 102
158 102
157 102
156 102
155 102
154 102
153 101
152 100
151 99
150 98
149 97
148 96
147 95
146 94
145 93
144 92
144 91
144 90
144 89
144 88
144 87
144 86
144 85
144 84
144 83
144 82
144 81
144 80
144 79
144 78
143 77
142 76
141 75
140 74
139 73
138 72
137 73
136 74
135 75
134 76
133 77
132 78
131 79
130 80
129 81
128 82
127 83
126 84
125 85
124 86
123 87
122 87
121 87
120 87
119 86
118 85
117 84
116 83
115 82
114 81
113 80
112 79
111 78
110 77
109 76
109 75
108 75
107 76
106 77
105 78
104 79
104 80
104 81
104 82
104 83
104 84
104 85
104 86
104 87
104 88
104 89
104 90
103 90
102 89
101 88
100 87
99 86
98 85
97 84
96 83
95 82
94 81
93 80
92 79
91 78
90 77
89 76
88 75
87 74
86 73
85 72
85 71
85 70
85 69
85 68
84 67
110 75
111 74
112 73
113 72
114 71
115 70
116 69
218 97
217 97
216 97
215 97
214 97
213 97
212 97
211 97
210 97
209 97
208 97
207 97
206 97
205 97
204 97
203 97
202 97
201 97
200 97
199 97
198 97
197 97
196 97
195 97
194 97
193 96
234 100
235 101
236 101
237 101
262 91
263 90
264 89
265 88
266 87
267 86
268 85
269 84
270 83
271 82
270 104
269 105
268 106
267 107
266 108
265 109
264 109
263 109
262 109
261 109
260 109
294 93
295 93
296 92
297 91
298 90
299 89
300 88
301 87
302 86
303 85
329 134
330 134
331 134
332 134
333 133
334 132
335 131
336 130
337 129
338 128
339 127
340 126
341 125
342 124
343 123
344 122
345 121
346 120
346 119
346 118
346 117
346 116
346 115
346 114
346 113
346 112
346 111
346 110
345 109
345 108
345 107
345 106
345 105
345 104
345 103
344 102
343 101
342 100
341 99
340 98
339 97
344 110
343 111
342 112
341 113
340 114
339 115
338 116
337 116
336 116
335 116
334 116
333 116
332 116
331 116
330 116
347 121
348 122
349 123
350 124
350 125
350 126
350 127
350 128
350 129
350 130
351 130
350 131
350 132
350 133
350 134
352 129
353 128
354 127
355 126
356 125
357 124
358 123
359 122
360 121
361 120
362 119
363 118
326 153
327 154
328 155
329 155
330 155
331 155
332 155
333 155
334 155
335 155
336 155
337 155
338 155
339 155
340 155
341 155
342 155
343 156
344 157
345 158
346 158
347 158
348 158
349 158
350 158
351 158
352 158
353 158
354 158
355 158
356 158
357 158
315 186
316 186
317 185
318 184
319 183
320 182
321 181
322 180
323 179
324 178
325 177
326 176
327 175
324 196
325 197
326 198
327 199
328 200
329 201
330 202
331 203
332 204
333 204
334 204
335 204
336 204
337 203
338 202
339 201
340 200
341 199
342 198
343 197
344 196
345 195
346 194
347 193
348 192
349 191
350 190
351 189
352 188
353 187
354 186
355 185
356 186
356 187
356 188
356 189
356 190
356 191
356 192
356 193
356 194
356 195
356 196
356 197
333 205
332 206
331 207
330 208
329 209
328 209
327 209
326 209
325 209
324 209
323 209
284 246
285 247
286 248
287 249
288 250
288 251
288 252
288 253
288 254
288 255
288 256
288 257
289 258
290 259
291 260
292 261
293 262
294 263
295 264
296 265
297 266
298 267
298 268
297 269
296 270
295 271
294 272
293 273
292 274
291 275
290 276
289 277
288 278
288 279
288 280
288 281
288 282
288 283
288 284
289 285
290 286
291 287
292 288
293 289
294 290
295 291
295 292
295 293
295 294
295 295
295 296
295 297
295 298
295 299
295 300
299 269
300 270
301 271
302 272
303 273
304 273
305 273
305 272
305 271
305 270
305 269
305 268
306 267
307 266
308 265
309 264
310 263
311 262
312 261
313 260
314 259
315 258
316 259
317 260
318 261
319 262
320 263
321 264
322 265
323 266
324 266
325 266
326 266
327 266
328 266
329 266
330 266
330 265
330 264
330 263
330 262
330 261
330 260
330 259
331 258
332 257
333 257
334 257
335 257
336 257
337 257
338 257
339 257
340 257
341 257
342 257
343 256
344 255
345 254
346 253
347 252
348 251
349 250
350 249
351 248
352 247
353 246
353 245
353 244
353 243
353 242
353 241
354 240
354 247
355 248
356 249
357 250
358 251
359 252
360 253
361 254
362 255
363 256
364 257
365 258
366 258
367 258
368 258
369 257
370 256
371 255
372 254
373 253
374 252
375 251
376 252
377 253
378 254
379 255
380 256
381 257
382 258
383 259
384 260
385 261
386 262
387 263
388 264
389 264
390 264
391 264
392 264
393 264
394 264
395 264
396 264
397 264
398 264
399 264
400 264
401 263
402 262
403 261
404 260
405 259
406 258
407 257
408 256
408 255
408 254
408 253
408 252
407 251
406 250
405 249
404 248
403 247
393 265
394 266
395 267
396 268
397 269
398 270
399 271
400 272
401 273
402 274
403 275
404 276
405 277
406 278
407 279
408 279
409 279
410 279
411 279
412 279
413 279
414 279
415 279
416 279
417 279
418 279
419 279
420 279
421 279
422 279
423 279
424 279
425 279
426 279
427 278
428 277
429 276
430 275
431 274
431 273
431 272
431 271
431 270
431 269
431 268
431 267
432 266
433 265
434 264
435 263
436 262
437 261
438 260
439 259
440 258
441 257
442 256
443 255
444 254
445 253
446 252
447 251
448 250
449 250
450 250
451 250
452 250
453 250
454 250
455 250
456 250
457 250
458 250
459 250
460 250
461 250
462 250
463 250
464 250
465 250
466 250
467 250
468 250
469 250
470 250
471 250
472 250
473 250
474 250
475 250
476 250
477 250
478 250
479 250
480 250
481 249
482 248
483 247
484 246
485 245
486 244
487 243
488 242
489 241
490 240
491 239
491 238
491 237
491 236
491 235
491 234
491 233
492 232
493 231
494 230
495 229
496 228
497 227
498 227
499 227
500 227
501 227
502 227
503 227
504 227
505 227
506 227
507 227
508 227
509 226
510 225
510 224
510 223
510 222
510 221
510 220
510 219
510 218
510 217
510 216
510 215
510 214
510 213
510 212
510 211
510 210
510 209
511 208
512 207
513 206
514 205
515 204
516 203
517 202
518 201
519 200
520 199
521 198
522 197
523 196
524 195
525 194
526 193
527 192
528 191
529 190
530 189
531 188
531 187
531 186
531 185
531 184
530 183
529 182
528 181
527 180
526 179
525 178
524 177
524 176
523 176
522 177
521 178
520 179
519 180
518 181
517 181
516 181
515 181
525 176
526 176
527 176
528 176
529 175
530 174
531 173
532 172
533 171
534 170
535 169
536 168
537 167
538 166
539 165
540 164
541 163
542 162
542 161
541 161
540 161
539 161
538 161
537 160
536 159
535 158
534 157
533 156
532 155
531 154
530 153
529 152
528 151
527 150
526 149
525 148
524 147
523 146
522 145
521 144
520 143
519 142
518 141
518 140
518 139
518 138
518 137
518 136
518 135
518 134
518 133
517 132
516 131
515 130
514 129
513 129
512 128
511 127
510 126
509 125
508 124
507 123
506 122
505 121
504 120
503 119
502 118
501 117
500 116
499 115
498 114
497 113
496 113
495 113
494 113
493 113
492 113
491 113
490 113
489 113
488 112
487 111
486 110
543 161
492 240
493 241
494 242
495 243
496 244
497 245
498 246
499 247
500 248
501 249
502 250
503 251
504 252
504 253
504 254
504 255
504 256
504 257
504 258
504 259
504 260
504 261
504 262
503 263
502 264
501 265
500 266
499 267
498 267
497 267
496 267
495 267
494 267
493 267
505 263
506 264
507 265
508 266
509 267
510 267
511 267
512 267
513 267
514 267
514 266
514 265
514 264
514 263
514 262
515 261
516 260
517 259
518 258
519 257
520 256
521 255
513 268
512 269
511 270
510 271
509 272
508 273
507 274
506 275
505 276
504 277
503 278
502 279
501 280
500 281
499 282
498 283
497 284
496 285
495 286
494 287
493 288
493 289
493 290
493 291
331 267
332 268
333 269
334 269
335 269
336 269
337 269
338 269
339 269
340 269
341 269
306 274
307 275
308 276
309 276
310 276
311 276
312 276
313 276
314 276
315 277
316 278
317 279
318 280
319 281
320 282
321 283
322 284
323 285
324 286
325 287
326 288
327 289
328 290
329 291
330 292
331 293
332 294
333 294
332 295
331 296
330 297
329 297
328 297
327 297
326 297
325 297
324 297
323 297
322 297
321 297
320 297
319 297
318 297
319 298
320 299
321 300
321 301
321 302
321 303
321 304
321 305
321 306
321 307
321 308
321 309
321 310
321 311
321 312
320 313
319 314
318 315
317 316
316 317
315 318
314 319
313 320
312 321
311 322
310 323
310 324
309 325
308 326
307 327
306 328
305 329
304 330
303 331
302 332
301 333
300 334
299 335
298 336
297 337
296 337
295 338
294 339
293 340
292 341
291 342
290 343
289 343
288 343
287 343
286 343
285 343
284 343
283 342
282 341
281 340
280 339
279 338
278 337
277 336
276 336
275 336
274 336
273 336
272 336
271 336
270 336
269 336
268 336
267 336
266 336
265 336
264 336
263 336
262 336
261 336
260 336
259 336
258 336
257 335
256 334
255 333
254 333
253 333
252 333
251 333
250 333
249 333
248 333
247 333
246 333
245 332
244 331
243 330
242 329
241 328
240 327
239 326
239 325
239 324
239 323
240 322
241 321
242 320
243 319
244 318
245 317
246 316
247 315
247 314
247 313
247 312
247 311
247 310
247 309
248 308
249 307
250 306
251 305
252 304
252 303
251 303
250 303
249 302
248 301
247 300
246 299
245 298
244 297
243 296
242 295
253 303
238 327
238 328
238 329
238 330
238 331
238 332
238 333
238 334
238 335
238 336
238 337
238 338
238 339
237 340
236 341
235 342
234 343
233 344
232 344
231 344
230 344
229 344
228 344
227 344
226 344
225 344
224 344
223 344
222 344
221 344
220 344
219 344
218 344
217 344
216 344
215 344
214 344
213 344
212 343
211 342
210 341
209 340
208 339
207 338
206 337
205 336
204 335
203 335
202 335
201 335
200 335
199 334
198 333
197 332
196 331
195 330
194 329
193 328
193 327
192 327
191 327
190 327
189 326
188 325
187 324
186 323
185 322
184 321
183 320
182 319
181 318
180 317
179 316
178 315
177 314
176 315
175 316
174 317
173 318
172 319
171 320
170 321
169 322
168 323
167 324
166 325
166 326
166 327
166 328
194 327
195 327
196 327
197 327
198 326
199 325
200 324
201 323
202 322
203 321
204 320
205 319
206 318
207 317
208 316
220 345
219 346
218 347
217 348
216 349
215 350
214 351
213 352
212 353
211 354
210 355
209 356
208 357
207 358
206 358
205 358
204 358
203 358
202 358
201 358
200 358
199 358
198 358
197 358
196 358
195 358
194 358
193 358
192 357
191 356
190 355
189 354
188 354
187 353
186 352
185 351
184 350
183 349
182 348
181 347
239 340
240 341
241 342
242 343
243 344
244 345
245 346
245 347
245 348
245 349
245 350
245 351
245 352
245 353
245 354
245 355
277 335
277 334
277 333
278 332
279 331
280 330
289 344
288 345
287 346
286 347
285 348
284 349
283 350
282 351
281 352
280 353
279 354
279 355
279 356
279 357
278 358
277 359
277 360
277 361
277 362
277 363
277 364
277 365
277 366
297 338
298 339
299 340
300 341
301 342
302 343
303 344
304 345
305 346
306 347
307 348
308 349
309 350
310 351
311 352
312 353
313 354
314 355
315 356
315 357
315 358
315 359
315 360
315 361
315 362
316 363
317 364
318 365
319 366
319 367
319 368
319 369
319 370
319 371
319 372
319 373
319 374
319 375
319 376
319 377
319 378
319 379
319 380
189
276 208
267 202
254 212
239 201
243 222
230 216
214 223
202 217
197 196
183 209
172 218
156 207
154 195
152 223
137 215
130 228
115 231
111 218
119 206
107 193
102 180
91 181
83 194
70 195
58 202
42 183
39 179
48 165
45 162
31 163
20 165
22 140
27 117
25 104
35 96
45 82
41 69
30 72
56 67
47 109
58 111
47 143
40 213
37 204
21 220
39 236
24 238
95 209
128 195
130 183
135 197
98 229
83 225
71 239
90 246
106 253
150 235
140 250
173 237
210 204
210 192
227 238
222 243
199 250
244 264
263 268
266 279
236 241
270 219
273 230
274 243
283 245
291 230
290 225
301 213
323 195
322 190
313 186
301 183
308 173
306 158
310 141
325 152
306 116
296 106
292 93
271 103
260 96
250 78
233 99
219 96
216 81
204 71
189 73
169 70
177 85
163 102
144 92
138 72
120 87
108 75
104 90
85 72
84 67
116 69
205 97
193 96
237 101
271 82
260 109
303 85
329 134
346 120
345 109
339 97
330 116
350 134
363 118
342 155
357 158
327 175
334 204
355 185
356 197
323 209
288 257
298 268
288 284
295 300
305 273
315 258
330 266
332 257
353 246
354 240
366 258
375 251
392 264
408 256
403 247
412 279
431 274
448 250
491 239
497 227
510 225
531 188
523 176
515 181
518 141
514 129
497 113
486 110
543 161
504 262
493 267
514 267
521 255
493 291
341 269
314 276
333 294
318 297
321 312
310 324
296 337
290 343
277 336
255 333
239 326
247 315
242 295
253 303
238 339
221 344
204 335
192 327
177 314
166 328
208 316
205 358
189 354
181 347
245 355
280 330
279 357
277 366
315 362
319 380
