2638
280 202
278 203
277 204
276 205
275 206
274 207
274 208
274 209
274 210
273 210
272 210
271 210
270 210
269 210
268 210
267 210
266 209
265 208
264 207
263 206
262 205
261 204
260 203
275 211
276 212
276 213
276 214
276 215
276 216
276 217
276 218
276 219
276 220
276 221
277 222
278 223
279 224
280 225
281 226
282 227
283 228
284 229
285 230
286 230
287 230
288 230
289 230
290 230
291 230
292 229
293 228
294 227
295 226
295 225
295 224
295 223
295 222
295 221
295 220
295 219
295 218
295 217
295 216
295 215
295 214
295 213
295 212
296 211
297 210
298 209
299 208
300 207
301 206
302 205
288 231
287 232
286 233
285 234
284 235
283 236
283 237
283 238
283 239
283 240
283 241
283 242
282 242
281 242
280 242
279 242
278 242
277 242
276 242
275 242
274 242
273 242
272 242
271 241
270 240
269 241
268 242
267 243
266 244
265 245
264 246
263 246
262 246
262 245
262 244
262 243
262 242
262 241
261 240
260 239
259 238
258 237
257 236
256 235
255 234
254 233
253 232
252 233
251 234
250 235
249 236
248 237
247 238
246 239
245 240
244 241
243 242
242 243
241 244
240 245
239 245
238 245
238 244
237 243
236 242
235 241
234 240
233 239
232 238
231 237
230 236
229 235
228 234
227 233
226 234
225 235
224 236
223 237
222 238
222 239
222 240
222 241
222 242
222 243
222 244
222 245
221 245
220 244
219 243
218 242
217 241
216 240
215 239
214 238
213 237
212 236
211 235
210 234
209 233
208 232
207 231
206 230
206 229
205 229
204 230
203 231
202 232
201 233
200 234
199 235
198 236
197 237
196 238
195 239
194 240
193 241
192 242
191 243
190 243
189 243
188 243
188 242
188 241
187 240
186 239
185 238
184 237
183 236
182 235
181 234
180 233
179 232
178 231
177 230
177 229
176 229
176 228
176 227
176 226
176 225
176 224
176 223
176 222
176 221
176 220
176 219
175 218
174 217
174 216
175 215
176 214
177 213
178 212
179 211
180 210
181 209
182 208
183 207
184 206
185 205
186 204
187 203
188 202
173 218
172 219
171 220
170 221
169 222
168 223
167 224
166 225
165 226
164 227
163 228
162 229
162 230
161 231
160 232
159 233
158 234
157 235
156 236
155 237
154 238
153 238
152 238
151 238
150 238
149 238
148 238
147 238
146 238
145 238
144 238
143 237
143 236
143 235
143 234
143 233
143 232
143 231
143 230
143 229
144 228
145 227
146 226
147 225
147 224
146 224
145 224
144 224
143 224
142 224
141 224
140 224
139 224
138 224
137 224
136 224
135 223
134 222
133 221
133 220
133 219
133 218
133 217
133 216
133 215
132 214
131 213
130 212
129 211
128 210
127 209
126 208
125 207
124 206
123 205
122 204
121 203
120 202
119 201
118 200
117 201
116 202
115 203
114 204
113 205
112 206
111 207
110 208
109 209
108 209
107 209
106 209
105 209
104 209
103 209
102 209
101 209
100 209
99 209
98 209
97 209
96 210
95 211
94 212
93 213
92 214
91 215
90 216
89 216
88 216
87 217
86 218
85 219
84 220
83 221
82 222
81 223
80 224
79 225
78 226
77 227
76 228
75 229
74 230
73 231
73 232
72 232
71 232
70 232
69 232
68 232
67 232
66 231
65 230
64 229
63 228
62 227
61 226
60 225
59 224
59 223
59 222
59 221
59 220
59 219
60 218
60 217
60 216
60 215
60 214
60 213
60 212
60 211
60 210
59 209
58 208
57 207
56 207
55 206
54 205
53 204
52 203
52 202
51 202
53 202
54 202
55 201
56 200
57 199
58 198
59 197
60 196
61 195
62 194
63 193
64 192
65 191
66 190
67 189
68 188
69 187
70 186
71 185
72 184
73 183
74 182
58 225
57 226
57 227
57 228
57 229
57 230
57 231
57 232
57 233
57 234
57 235
56 235
55 235
54 234
53 233
52 232
51 231
50 230
49 229
48 228
47 227
46 226
45 227
44 228
43 229
42 230
41 230
40 230
39 230
38 230
38 229
38 228
37 227
36 226
35 225
34 224
33 223
32 222
31 221
30 220
29 219
29 218
29 217
29 216
28 215
28 214
29 213
30 212
31 211
32 210
33 209
34 208
35 207
36 206
37 205
38 204
38 203
38 202
38 201
38 200
38 199
39 198
39 197
39 196
39 195
39 194
39 193
39 192
39 191
38 190
37 189
36 188
35 187
34 186
33 185
32 184
31 183
30 182
29 181
28 180
27 179
26 178
25 177
24 176
24 175
24 174
24 173
24 172
24 171
24 170
25 169
26 168
27 167
28 166
29 165
30 164
31 163
32 162
32 161
32 160
32 159
32 158
32 157
32 156
32 155
32 154
32 153
32 152
32 151
32 150
32 149
32 148
32 147
32 146
32 145
32 144
32 143
32 142
32 141
32 140
31 139
30 138
29 137
29 136
29 135
29 134
29 133
29 132
29 131
29 130
29 129
30 128
31 127
32 126
33 125
33 124
32 124
31 124
30 124
29 124
28 124
27 124
26 124
25 124
24 124
23 124
22 123
21 122
34 124
35 125
36 126
37 127
38 128
39 128
40 128
41 128
42 128
43 128
44 128
45 128
46 128
46 127
46 126
46 125
46 124
47 123
48 122
49 121
50 120
51 119
52 118
53 117
54 116
55 115
56 114
56 113
55 113
54 112
53 111
52 110
51 109
50 108
49 107
48 106
47 105
47 104
47 103
47 102
47 101
47 100
47 99
47 98
47 97
47 96
47 95
47 94
47 93
46 92
45 91
44 91
43 91
42 91
41 91
40 91
39 91
38 91
37 91
36 91
35 91
34 91
33 91
32 91
31 90
30 89
30 88
30 87
30 86
30 85
30 84
30 83
30 82
30 81
30 80
30 79
30 78
30 77
30 76
30 75
30 74
30 73
30 72
30 71
31 71
32 71
33 71
34 71
35 70
36 69
37 68
38 67
39 66
40 65
41 64
42 65
43 66
44 67
45 68
46 69
47 70
48 70
49 70
50 70
51 70
52 70
53 70
54 70
55 70
56 70
57 70
58 70
59 70
60 70
61 70
62 70
63 69
64 68
65 69
66 70
67 71
68 72
69 73
70 74
71 75
72 76
73 77
74 78
75 79
76 80
77 80
78 80
79 80
80 80
81 80
81 79
81 78
81 77
81 76
81 75
81 74
81 73
81 72
81 71
81 70
81 69
82 68
83 67
84 66
85 65
86 64
80 81
79 82
78 83
77 84
76 85
75 86
74 87
73 88
72 89
71 90
70 90
69 90
68 90
67 90
66 90
82 81
83 82
84 83
85 84
86 85
87 86
88 87
89 87
90 87
91 87
92 87
93 87
94 87
95 87
96 87
97 87
98 87
99 87
100 87
101 86
102 85
103 84
104 83
105 82
106 81
107 80
108 80
109 80
110 79
111 78
112 77
113 76
114 75
115 74
116 73
117 72
118 71
119 70
120 69
120 68
119 68
118 68
117 68
116 68
115 68
114 68
113 68
112 68
111 68
110 67
109 66
108 65
121 68
122 69
123 70
124 71
125 72
126 73
126 74
126 75
127 76
128 77
129 78
129 79
129 80
129 81
129 82
129 83
129 84
129 85
129 86
129 87
129 88
129 89
130 89
131 89
132 89
133 89
134 89
135 89
136 89
137 89
138 89
139 88
140 87
141 86
142 85
143 84
144 83
145 82
146 81
147 80
148 79
149 78
150 77
151 76
152 75
153 74
154 73
155 74
156 75
157 76
158 77
159 78
160 79
161 80
162 81
163 82
164 83
165 83
165 84
165 85
165 86
165 87
166 88
167 89
168 90
169 91
170 92
171 93
172 94
173 95
174 96
175 97
176 98
177 98
178 98
179 99
180 100
181 101
182 102
183 102
184 102
185 102
186 102
187 102
188 102
189 102
190 102
191 102
192 102
193 102
194 102
195 102
196 102
197 101
198 100
199 99
200 98
200 97
200 96
200 95
201 94
202 93
203 92
204 91
205 90
206 89
207 88
208 87
209 87
210 87
211 87
212 87
213 87
214 87
215 87
216 86
217 85
218 84
219 83
220 84
221 85
222 86
223 87
224 88
225 89
225 90
225 91
226 91
225 92
225 93
225 94
225 95
226 95
227 95
228 95
229 95
230 95
231 95
232 95
233 95
234 95
235 95
236 95
237 95
238 95
239 95
227 90
228 89
229 88
230 87
231 86
232 85
233 84
234 83
235 82
236 81
237 80
208 86
208 85
208 84
208 83
208 82
208 81
208 80
208 79
208 78
207 77
206 76
166 82
167 81
168 80
169 79
170 78
171 77
172 76
173 77
174 78
175 79
176 80
177 81
178 82
179 83
180 84
181 84
182 84
183 84
184 84
185 84
128 90
127 91
126 92
125 93
124 94
123 95
122 96
121 97
120 98
119 98
118 98
30 70
30 69
30 68
30 67
30 66
30 65
30 64
30 63
30 62
29 61
28 60
27 59
26 58
25 57
24 56
23 55
22 54
21 53
57 113
47 129
48 130
49 131
50 132
51 133
52 134
53 135
54 136
55 137
56 138
57 139
57 140
57 141
57 142
57 143
39 231
40 232
41 233
42 234
43 235
44 236
44 237
44 238
44 239
74 233
75 234
76 235
77 236
78 237
79 238
80 239
81 240
81 241
82 242
83 243
84 244
85 245
86 246
87 247
88 248
89 249
90 250
91 251
92 251
93 251
94 251
95 251
89 217
90 218
91 219
92 220
93 221
94 222
95 222
96 222
97 222
98 222
99 222
100 222
148 224
148 223
148 222
148 221
149 220
150 219
151 218
152 217
153 216
154 215
155 214
156 213
157 212
158 211
158 210
157 209
156 208
155 207
154 206
153 205
152 204
151 203
150 202
149 201
148 200
147 199
146 198
145 197
144 196
143 195
142 194
141 193
140 192
139 191
142 238
141 239
140 240
139 241
138 242
137 243
136 244
135 245
134 246
133 247
132 248
131 249
130 250
129 251
128 252
128 253
128 254
155 239
156 240
157 241
158 241
159 241
160 241
161 241
178 229
179 229
180 229
181 229
182 229
183 229
184 228
185 227
186 226
187 225
188 224
189 244
190 245
191 246
192 247
192 248
192 249
192 250
192 251
192 252
192 253
192 254
192 255
192 256
192 257
192 258
192 259
192 260
207 229
208 229
209 228
210 227
211 226
212 225
213 224
214 223
215 222
216 221
217 220
218 219
219 218
220 217
221 216
222 215
223 214
224 213
222 246
221 247
220 248
219 249
218 250
217 251
216 252
216 253
216 254
216 255
216 256
216 257
238 246
238 247
238 248
238 249
238 250
238 251
238 252
238 253
238 254
238 255
238 256
238 257
238 258
238 259
238 260
239 261
240 262
241 263
242 264
243 265
244 266
245 267
246 268
247 269
248 270
249 270
250 270
251 270
252 270
253 270
254 270
255 270
256 270
257 270
258 270
259 270
260 270
261 270
284 243
285 244
285 245
285 246
285 247
285 248
285 249
285 250
285 251
285 252
285 253
285 254
285 255
285 256
285 257
285 258
285 259
285 260
285 261
285 262
285 263
281 201
282 200
283 199
284 198
285 197
286 196
287 195
288 194
289 193
290 192
291 191
292 190
293 189
294 188
295 187
296 186
297 185
298 184
299 183
300 182
300 181
301 180
302 179
303 178
304 177
305 176
305 175
305 174
305 173
305 172
305 171
305 170
305 169
305 168
305 167
305 166
305 165
305 164
305 163
305 162
305 161
305 160
305 159
305 158
306 157
306 156
305 156
304 156
303 156
302 155
301 154
300 153
299 152
298 151
297 150
296 149
296 148
296 147
296 146
296 145
296 144
296 143
296 142
296 141
296 140
296 139
296 138
296 137
296 136
297 135
298 134
299 133
300 132
301 131
301 130
301 129
301 128
301 127
301 126
301 125
301 124
300 123
299 122
298 121
297 120
296 119
295 118
294 117
293 116
292 116
291 116
290 116
289 116
288 116
287 116
286 116
285 115
284 114
283 113
282 112
281 112
280 112
279 112
278 112
277 112
276 112
275 112
274 112
273 112
272 111
271 110
282 111
283 110
284 109
285 108
286 107
287 106
288 105
289 104
290 103
291 102
291 101
290 101
289 101
288 101
287 101
286 101
285 100
284 99
283 98
282 97
281 96
280 95
279 94
278 93
292 101
292 100
292 99
292 98
292 97
292 96
292 95
293 94
294 93
295 92
296 91
297 92
298 93
299 94
300 95
301 96
302 97
303 98
304 98
305 98
306 98
307 98
308 98
309 98
310 98
311 97
312 97
313 97
314 96
315 95
316 94
317 93
318 92
319 91
320 90
321 89
322 88
323 87
324 86
325 85
326 86
326 87
326 88
326 89
326 90
326 91
326 92
326 93
326 94
326 95
326 96
326 97
326 98
302 132
303 133
304 134
305 134
306 134
307 134
308 134
309 134
310 134
311 134
312 134
313 134
314 134
315 134
315 133
315 132
315 131
315 130
315 129
315 128
316 127
316 126
317 125
318 124
319 123
320 122
321 121
322 120
323 119
324 119
325 119
326 119
327 119
328 119
329 119
330 119
331 119
332 119
333 118
334 117
335 116
336 115
337 114
338 113
339 112
340 111
341 110
342 109
343 108
344 107
345 106
346 105
347 104
348 103
349 102
350 101
351 100
352 99
336 117
337 118
338 119
339 120
340 121
341 122
342 123
343 124
344 125
345 126
346 127
347 128
348 129
349 129
350 129
351 129
352 129
353 129
317 128
318 129
319 130
320 131
321 132
322 133
323 134
324 134
325 134
307 156
306 177
307 178
308 179
309 180
310 181
311 182
312 183
313 184
314 185
315 186
316 187
317 188
318 189
319 190
320 190
321 190
322 190
323 190
323 189
323 188
323 187
323 186
323 185
323 184
323 183
323 182
323 181
323 180
324 179
325 179
326 179
327 179
328 179
329 179
330 178
331 177
332 176
333 175
334 174
335 173
336 172
337 171
338 170
339 169
340 168
340 167
340 166
340 165
340 164
340 163
340 162
340 161
341 160
342 159
343 158
344 157
345 156
346 155
347 154
348 153
349 152
341 169
342 170
343 171
343 172
343 173
343 174
343 175
343 176
343 177
343 178
343 179
344 180
345 181
346 182
347 183
348 184
349 185
350 186
351 187
352 188
353 189
354 190
355 190
354 191
353 192
352 193
351 194
350 195
349 195
348 195
347 195
346 195
345 195
344 195
343 195
342 195
341 195
342 196
343 197
344 198
345 199
346 200
347 201
348 202
349 203
350 204
351 205
352 206
352 207
352 208
352 209
352 210
352 211
352 212
351 213
350 214
350 215
350 216
350 217
350 218
350 219
350 220
350 221
350 222
350 223
350 224
350 225
350 226
350 227
350 228
350 229
349 229
348 229
347 229
346 229
345 229
344 229
343 229
342 229
341 229
340 228
339 227
338 226
337 225
336 224
335 223
349 230
348 231
347 232
346 233
345 234
344 235
343 236
342 237
341 238
340 239
339 240
339 241
339 242
339 243
339 244
339 245
339 246
339 247
339 248
338 248
337 248
336 248
335 248
334 248
333 248
332 248
331 248
330 248
329 248
328 248
327 248
326 248
325 248
324 248
323 248
322 248
321 248
320 248
319 247
351 230
352 231
353 232
354 233
355 234
356 235
357 236
358 237
359 238
360 239
361 240
362 241
363 242
364 243
365 244
366 245
367 246
368 247
369 248
368 249
367 250
366 251
365 252
364 253
363 254
362 255
361 256
360 256
359 256
358 257
357 258
356 259
355 260
354 261
353 262
352 263
351 264
351 265
351 266
351 267
351 268
351 269
351 270
350 271
349 272
348 273
347 274
346 275
345 276
344 277
343 278
342 279
341 280
340 281
339 282
338 283
337 284
336 285
335 286
334 287
333 288
332 288
331 289
330 290
329 291
328 292
327 293
326 294
326 295
326 296
326 297
326 298
326 299
326 300
325 301
324 302
323 303
322 304
321 305
320 306
319 307
318 308
317 309
316 310
315 311
314 312
313 313
312 314
311 315
310 316
309 317
309 318
309 319
308 320
307 320
306 320
305 320
304 320
303 320
302 321
301 322
300 323
299 324
298 325
298 326
298 327
298 328
298 329
298 330
298 331
298 332
298 333
298 334
297 334
296 334
295 334
294 334
293 334
292 334
291 334
290 334
289 334
288 334
287 334
286 334
285 334
284 334
283 334
282 334
281 333
280 332
279 331
278 330
277 329
276 328
275 327
274 328
273 329
272 329
271 329
270 329
269 329
268 329
267 329
266 329
265 329
264 329
263 329
262 329
261 329
260 328
259 327
258 326
258 325
257 325
256 325
255 325
254 325
253 325
252 325
251 325
250 325
249 325
248 325
247 325
246 325
245 325
244 325
243 324
242 323
241 322
240 321
239 321
238 321
237 321
236 321
235 321
234 321
233 321
232 321
231 321
230 321
229 321
228 321
227 321
226 321
225 321
224 320
223 319
222 318
221 318
220 318
219 318
218 318
217 318
216 318
215 318
214 318
213 318
212 318
211 318
210 318
209 318
208 318
207 318
206 318
205 318
204 318
203 317
202 316
222 317
223 316
224 315
225 314
226 313
227 312
228 311
229 310
230 309
231 308
232 307
233 306
234 305
235 304
236 303
237 302
238 301
239 300
240 299
241 298
242 297
243 296
244 295
245 294
259 324
260 323
261 322
262 321
263 320
264 319
265 318
266 317
267 316
268 315
269 314
270 313
271 312
272 311
273 310
274 309
275 308
276 307
277 306
277 305
277 304
278 303
279 302
280 301
281 300
282 299
283 298
284 297
285 296
286 295
287 294
288 293
289 292
290 291
291 291
292 291
293 291
294 291
295 291
296 291
297 291
298 291
299 291
300 291
301 291
302 290
303 289
304 288
305 287
306 286
266 330
265 331
264 332
263 333
262 334
261 335
260 336
259 337
258 338
257 339
256 340
255 341
254 341
253 341
252 342
251 343
250 344
249 345
248 345
247 345
246 345
245 345
244 345
243 345
242 345
241 345
240 345
239 345
238 345
237 345
236 345
235 345
234 345
233 346
232 347
231 348
230 349
229 350
228 351
227 352
226 353
225 354
224 355
223 356
222 357
221 358
220 359
220 360
219 360
218 360
217 360
216 360
215 360
214 360
213 360
212 359
211 358
210 357
209 356
208 355
207 354
206 353
205 352
204 351
203 350
202 349
202 348
202 347
202 346
202 345
202 344
202 343
202 342
202 341
202 340
202 339
201 338
200 337
199 338
198 339
197 339
196 339
195 339
194 339
193 339
192 339
191 339
190 339
189 339
188 338
187 337
186 336
185 335
184 334
183 333
182 332
181 331
180 330
179 329
178 328
177 327
176 326
175 325
174 324
254 342
255 343
256 344
257 345
258 346
259 347
260 348
261 349
262 350
263 351
264 351
265 351
266 351
265 352
264 353
263 354
262 355
261 356
260 357
259 358
259 359
259 360
259 361
259 362
259 363
259 364
267 352
268 353
269 354
270 355
271 356
272 357
273 358
274 359
275 359
276 359
277 359
278 359
278 358
278 357
278 356
279 355
280 354
281 353
282 352
299 335
300 336
301 337
302 338
302 339
302 340
302 341
302 342
302 343
302 344
302 345
303 346
304 347
305 348
306 349
307 350
308 351
309 352
310 353
311 354
312 355
313 356
314 356
315 356
316 356
317 356
318 356
319 356
318 357
317 358
316 359
315 360
314 361
313 362
312 363
311 364
310 365
310 366
310 367
310 368
311 369
312 370
313 371
314 372
315 373
316 374
317 375
318 376
319 377
320 378
321 379
322 380
323 381
324 381
310 320
311 321
312 321
313 321
314 321
315 321
316 321
317 321
318 321
319 321
320 321
321 322
322 323
323 324
324 325
325 326
326 327
327 328
327 329
327 330
327 331
327 332
327 333
327 334
327 335
327 336
327 337
370 249
371 250
372 251
373 252
374 253
375 254
376 255
377 255
378 255
379 255
380 255
381 255
382 255
383 255
384 255
385 255
386 255
387 254
388 253
389 252
390 253
391 254
392 254
393 254
394 254
395 254
396 254
397 254
398 254
399 254
400 254
401 254
402 254
403 255
404 256
404 257
404 258
404 259
404 260
404 261
404 262
405 262
406 262
407 262
408 262
409 262
410 262
411 262
412 262
413 261
414 260
415 259
416 258
417 257
418 256
419 256
420 256
421 256
422 256
423 256
424 256
425 255
426 254
427 253
428 252
429 251
419 257
420 258
421 259
422 260
423 261
424 262
425 263
426 264
427 265
428 266
429 267
430 268
431 269
432 270
433 271
434 272
435 273
436 274
437 275
438 276
439 277
440 278
441 279
442 280
443 280
444 280
445 280
446 280
447 280
448 280
449 280
450 280
451 280
452 280
453 280
454 280
455 280
456 280
457 280
458 280
459 280
460 280
461 280
462 280
463 280
464 280
465 280
466 280
467 280
468 280
469 280
470 280
471 280
472 280
473 280
474 280
475 280
476 280
477 280
478 280
479 280
480 280
481 280
482 280
483 280
484 280
485 280
486 280
487 280
488 280
489 280
490 280
491 280
492 280
493 280
494 280
495 280
496 280
497 280
498 280
499 280
500 280
501 280
502 280
503 280
504 280
505 280
506 280
507 280
508 280
509 280
510 280
511 280
512 279
511 278
510 277
509 276
508 275
507 274
506 273
505 272
504 271
503 270
502 269
501 268
500 267
499 266
498 265
497 264
496 263
495 262
494 261
493 260
492 259
491 258
490 257
489 256
489 255
489 254
489 253
489 252
489 251
489 250
490 249
491 248
492 247
493 246
494 245
495 244
496 243
497 242
498 241
499 240
499 239
499 238
499 237
499 236
499 235
499 234
499 233
499 232
499 231
499 230
499 229
499 228
499 227
499 226
499 225
499 224
499 223
499 222
499 221
499 220
499 219
499 218
499 217
499 216
500 215
501 214
502 213
503 213
504 213
505 213
506 213
507 212
508 211
509 210
510 210
511 210
512 210
513 210
514 210
515 209
515 208
515 207
515 206
515 205
515 204
515 203
516 202
517 201
518 200
519 199
520 198
521 197
522 196
523 195
524 194
525 193
526 192
527 191
528 190
529 189
530 188
531 187
532 186
533 185
534 184
535 183
536 182
536 181
535 181
534 181
533 181
532 181
531 181
530 181
529 181
528 181
527 181
526 181
525 181
524 180
523 179
523 178
523 177
523 176
523 175
523 174
524 173
525 172
526 171
527 170
528 169
529 168
530 167
531 167
532 167
533 167
534 167
535 167
536 167
537 167
538 166
539 165
540 164
540 163
539 162
538 161
537 160
536 159
535 158
534 157
533 156
532 155
531 154
530 153
529 152
528 151
527 150
526 149
525 148
524 147
523 146
522 145
521 144
520 143
519 142
518 141
517 140
516 139
515 138
514 137
513 136
513 135
513 134
513 133
513 132
513 131
513 130
513 129
513 128
513 127
512 126
511 125
510 124
509 123
508 122
507 121
506 120
505 119
504 118
503 117
502 116
501 115
537 181
500 241
501 242
502 243
503 244
504 245
505 246
506 247
507 248
508 248
509 248
510 248
511 248
512 248
513 248
514 248
515 248
513 280
514 281
515 281
516 281
517 281
518 281
519 281
520 281
521 281
522 281
523 281
524 281
525 281
526 281
527 281
528 282
528 283
528 284
528 285
528 286
528 287
528 288
528 289
528 290
528 291
528 292
528 293
528 294
528 295
378 256
378 257
378 258
378 259
378 260
378 261
378 262
378 263
378 264
378 265
378 266
378 267
378 268
378 269
377 270
376 271
375 271
374 271
373 271
372 271
371 271
370 271
369 271
368 271
367 271
366 271
189
274 210
260 203
276 221
289 230
295 226
302 205
283 242
270 240
262 246
253 232
238 245
227 233
205 229
188 243
176 229
174 217
188 202
162 230
154 238
143 237
133 221
118 200
97 209
88 216
73 232
59 224
60 218
57 207
51 202
74 182
57 235
46 226
38 230
29 219
28 215
38 204
39 198
24 176
32 162
29 137
21 122
34 124
46 128
47 105
45 91
30 89
30 71
41 64
51 70
64 68
81 80
86 64
66 90
92 87
107 80
108 65
121 68
126 75
129 89
154 73
165 87
178 98
189 102
200 98
208 87
219 83
225 95
239 95
237 80
206 76
172 76
185 84
118 98
21 53
57 113
57 143
44 239
81 241
95 251
100 222
148 224
158 211
139 191
128 254
161 241
188 224
192 260
224 213
222 246
216 257
238 260
261 270
285 263
300 182
305 176
296 149
301 131
293 116
282 112
271 110
278 93
292 101
296 91
306 98
311 97
325 85
326 98
315 134
316 127
323 119
335 116
352 99
353 129
325 134
307 156
323 190
324 179
340 168
349 152
343 179
355 190
341 195
352 212
350 229
335 223
339 248
319 247
369 248
359 256
351 270
332 288
326 300
309 319
303 320
298 334
283 334
275 327
267 329
257 325
240 321
222 318
202 316
245 294
277 306
290 291
306 286
253 341
234 345
220 360
202 349
200 337
189 339
174 324
266 351
259 364
278 359
282 352
302 345
319 356
310 368
324 381
320 321
327 337
379 255
389 252
402 254
404 262
418 256
429 251
435 273
488 280
512 279
489 256
499 240
499 221
502 213
509 210
515 209
523 179
530 167
540 164
513 136
501 115
537 181
515 248
527 281
528 295
378 269
366 271
