2731
280 202
278 203
277 204
276 205
275 205
274 205
273 205
272 205
271 205
270 205
269 205
268 205
267 205
266 205
265 205
281 202
282 202
283 202
284 202
285 202
286 202
287 202
288 202
289 202
290 202
291 202
292 201
293 200
294 199
295 198
296 197
297 196
298 195
298 194
298 193
298 192
298 191
298 190
298 189
298 188
298 187
299 186
300 185
301 184
302 183
303 182
304 181
305 180
306 179
307 178
308 177
308 176
308 175
309 175
308 174
308 173
308 172
308 171
308 170
308 169
307 168
306 167
305 166
304 165
303 164
303 163
303 162
303 161
303 160
304 159
305 158
306 157
307 156
308 155
309 154
310 153
311 152
312 151
313 150
314 149
315 148
310 174
311 173
312 172
313 171
314 170
315 169
316 168
317 167
318 166
309 178
310 179
311 180
312 181
313 182
314 183
315 184
316 185
317 186
318 187
319 188
320 189
321 190
322 191
323 192
324 193
325 194
326 195
327 196
328 197
329 198
330 199
331 200
332 201
333 201
334 201
335 201
336 201
335 202
334 203
333 204
332 205
331 206
330 207
329 208
328 209
327 210
326 211
325 212
324 213
323 214
322 215
321 215
320 215
319 215
318 215
317 215
316 216
315 217
314 218
313 219
312 220
311 221
311 222
311 223
311 224
311 225
311 226
311 227
311 228
311 229
311 230
311 231
312 232
313 233
314 234
315 235
316 235
317 235
318 236
319 237
320 238
321 239
322 240
323 241
324 242
325 243
325 244
325 245
325 246
325 247
325 248
325 249
325 250
326 251
327 252
328 253
329 254
330 255
330 256
330 257
330 258
330 259
330 260
330 261
330 262
329 263
328 264
327 265
326 266
325 267
324 268
323 269
322 270
321 271
320 272
319 273
318 274
317 275
316 276
315 277
314 278
313 279
312 280
311 281
310 282
309 283
308 283
307 283
306 283
306 282
306 281
306 280
306 279
306 278
306 277
306 276
306 275
306 274
306 273
306 272
306 271
306 270
306 269
306 268
305 267
304 266
303 265
302 264
301 263
305 284
304 285
303 286
302 287
301 288
300 289
299 290
298 291
297 292
296 293
295 294
294 295
293 296
292 296
292 295
292 294
292 293
292 292
291 291
290 290
289 289
288 288
287 287
286 286
285 285
284 284
283 283
282 282
281 281
280 280
279 279
278 279
277 279
276 279
275 279
274 279
273 279
272 279
271 279
270 279
269 279
268 278
268 277
268 276
268 275
269 274
270 273
271 272
272 271
273 270
274 269
275 268
276 267
277 266
277 265
277 264
277 263
276 262
275 261
274 260
273 259
272 258
271 257
270 257
269 256
268 255
267 254
266 253
265 252
264 251
263 250
262 249
261 248
260 247
260 246
260 245
260 244
260 243
260 242
259 242
258 241
257 240
256 239
255 238
254 237
253 236
252 235
251 234
250 233
249 232
248 231
247 231
246 231
245 230
244 229
243 228
242 227
241 226
240 225
239 224
238 223
237 222
236 221
236 220
236 219
236 218
236 217
236 216
236 215
236 214
236 213
236 212
236 211
236 210
236 209
236 208
236 207
236 206
236 205
236 204
236 203
235 203
234 203
233 203
232 203
231 203
230 203
229 203
228 203
227 203
226 203
225 203
224 202
237 203
235 222
234 223
233 224
232 225
231 226
230 227
229 228
228 229
227 229
226 229
225 229
224 229
223 229
222 229
221 230
220 231
219 232
218 233
217 234
216 235
215 236
214 237
213 238
212 239
211 240
210 241
209 242
208 243
207 244
206 245
205 246
204 247
203 247
203 246
203 245
203 244
203 243
203 242
203 241
203 240
202 239
201 238
200 237
199 236
198 235
197 234
196 233
195 232
194 231
193 230
192 229
192 228
192 227
192 226
192 225
193 224
194 223
195 222
196 221
197 220
198 219
199 218
200 217
201 216
202 215
202 214
202 213
202 212
202 211
202 210
202 209
202 208
201 207
200 206
199 205
198 204
197 203
196 202
195 202
194 202
193 202
192 202
191 202
190 202
189 202
188 202
187 202
186 202
185 202
184 201
183 201
182 201
181 201
180 201
179 201
178 201
177 201
176 201
175 201
174 201
173 201
172 201
171 201
170 201
169 201
168 201
167 200
166 199
166 198
166 197
165 196
164 195
163 194
162 193
161 192
160 191
159 192
158 193
157 194
156 195
155 196
154 197
153 198
152 199
151 200
150 201
149 202
148 203
147 203
146 203
145 203
144 203
143 203
142 203
142 202
142 201
142 200
142 199
142 198
142 197
142 196
142 195
142 194
142 193
142 192
142 191
142 190
142 189
142 188
142 187
142 186
141 185
140 186
139 187
138 188
137 189
136 189
135 189
134 189
133 189
132 189
131 189
130 189
129 189
128 189
127 189
126 189
125 189
124 189
123 190
122 191
121 192
120 193
119 194
118 195
117 196
116 197
115 198
114 199
113 199
112 199
111 199
110 199
109 199
108 199
107 199
106 199
105 199
104 199
103 199
102 199
101 199
100 198
99 197
98 196
98 195
97 194
96 193
95 192
94 191
93 190
92 189
91 188
90 187
89 186
97 197
96 198
95 199
94 200
93 201
92 201
91 201
90 201
143 204
144 205
145 206
146 207
147 208
147 209
147 210
147 211
147 212
191 230
190 231
189 232
188 232
187 232
186 232
185 232
184 232
183 232
182 232
181 232
180 232
179 232
178 232
177 232
176 231
175 230
174 229
173 228
172 227
171 226
170 225
169 224
168 223
167 222
166 221
180 233
179 234
178 235
177 236
176 237
175 238
174 239
173 240
172 241
171 242
170 243
169 244
168 245
168 246
168 247
168 248
168 249
168 250
168 251
168 252
168 253
167 254
166 255
165 256
164 256
163 256
162 256
161 256
160 256
159 256
158 256
157 256
156 256
155 256
154 256
153 256
152 256
151 256
150 256
149 256
148 256
147 256
146 256
145 256
144 256
143 256
142 256
141 256
140 256
139 256
138 256
137 255
136 254
135 253
134 252
133 251
132 250
131 250
130 250
129 250
128 250
127 250
126 250
125 249
124 248
123 247
122 246
121 245
120 244
119 243
119 242
119 241
119 240
119 239
119 238
118 238
117 237
116 236
115 235
114 234
113 233
112 232
111 231
110 230
109 229
108 228
107 227
106 226
105 225
104 226
103 227
102 228
101 229
100 230
99 230
98 230
97 230
96 230
95 230
94 230
93 230
92 230
91 230
90 230
89 230
88 230
87 230
86 230
85 231
84 232
83 233
82 234
81 235
80 236
79 237
78 238
77 239
76 240
75 241
74 242
73 243
72 243
71 243
70 243
69 243
68 243
67 243
66 243
65 243
64 243
63 243
62 243
61 243
60 243
59 243
58 243
57 243
56 243
55 243
54 243
53 243
52 243
51 243
50 243
49 243
48 243
47 243
46 243
45 243
45 242
45 241
45 240
45 239
45 238
45 237
45 236
44 235
43 234
42 233
41 232
40 231
39 230
38 229
38 228
37 228
39 228
40 228
41 228
42 228
43 228
44 228
45 227
46 226
46 225
46 224
46 223
45 222
44 221
43 220
42 219
41 218
40 217
39 216
38 215
37 214
36 213
35 213
34 213
33 213
32 213
31 213
30 213
29 213
28 213
27 213
26 213
25 213
24 213
23 213
22 212
47 227
48 227
49 227
50 227
51 227
52 227
53 227
54 227
55 227
56 227
57 227
58 227
59 227
60 227
60 226
60 225
60 224
60 223
60 222
60 221
60 220
60 219
60 218
60 217
60 216
60 215
61 214
62 213
63 212
64 211
65 210
65 209
65 208
65 207
65 206
65 205
65 204
65 203
65 202
65 201
65 200
65 199
65 198
64 197
63 196
62 195
61 194
60 193
59 192
58 191
57 191
56 191
55 191
54 191
53 191
52 191
51 191
50 190
49 189
48 188
48 187
48 186
48 185
48 184
48 183
48 182
48 181
48 180
48 179
47 178
46 177
45 176
44 175
43 174
42 173
43 172
44 171
45 170
46 169
47 168
48 167
49 166
50 165
51 164
52 163
52 162
52 161
52 160
52 159
51 158
50 157
49 156
48 155
47 154
46 153
45 152
44 151
43 150
42 149
41 148
40 147
39 146
38 145
37 144
36 143
35 142
34 141
33 140
32 139
31 138
30 137
29 136
28 135
27 134
27 133
26 133
28 133
29 133
30 133
31 133
32 133
33 133
34 133
35 133
36 133
37 133
38 133
39 133
40 132
41 131
42 130
42 129
42 128
42 127
42 126
42 125
42 124
42 123
42 122
42 121
42 120
42 119
42 118
42 117
42 116
42 115
41 115
40 115
39 115
38 115
37 115
36 115
35 115
34 115
33 114
32 113
31 112
31 111
30 110
29 109
28 108
27 107
26 106
25 105
24 104
23 103
22 102
22 101
22 100
22 99
22 98
22 97
22 96
23 95
24 94
25 93
26 92
27 91
28 90
29 89
30 88
31 87
32 86
33 85
34 84
35 83
36 83
37 83
38 83
39 83
40 83
41 83
42 82
43 81
44 80
44 79
45 79
44 78
44 77
44 76
43 75
42 74
41 73
40 72
39 71
38 70
37 69
36 68
35 67
34 66
33 66
32 66
31 66
30 66
29 66
28 66
27 66
26 66
25 66
24 66
23 66
22 66
21 65
21 64
21 63
21 62
21 61
21 60
21 59
21 58
21 57
21 56
21 55
21 54
22 53
23 52
24 51
46 78
47 77
48 76
49 75
50 74
51 73
52 72
53 71
54 70
54 69
54 68
54 67
54 66
54 65
54 64
54 63
54 62
54 61
54 60
54 59
54 58
54 57
53 56
52 55
51 54
45 81
46 82
47 83
48 84
49 85
49 86
49 87
49 88
49 89
49 90
49 91
49 92
50 92
51 92
52 92
53 92
54 92
55 92
56 92
57 92
58 92
59 92
60 92
61 92
62 92
63 92
64 92
65 92
66 92
67 91
68 90
69 90
70 90
71 90
72 90
73 90
74 90
75 90
76 90
77 90
78 90
79 90
80 90
81 90
82 90
83 90
84 90
85 90
86 90
87 90
87 89
87 88
87 87
87 86
88 85
89 84
90 83
91 82
92 81
93 80
94 79
95 78
95 77
94 77
93 76
92 75
92 74
92 73
91 73
90 72
89 71
88 70
87 69
86 68
85 67
84 66
83 65
82 64
81 63
80 62
79 61
78 60
77 61
76 62
75 63
75 64
75 65
75 66
75 67
75 68
75 69
92 72
92 71
93 70
94 69
95 68
96 67
96 77
97 77
98 77
99 77
100 77
101 77
102 77
103 77
104 77
105 77
106 77
107 77
108 76
109 75
110 74
110 73
110 72
110 71
110 70
110 69
110 68
110 67
111 66
112 65
113 64
114 63
111 75
112 75
113 75
114 75
115 75
116 75
117 75
118 75
119 75
120 75
121 75
122 75
123 76
124 77
125 78
126 79
127 80
128 81
129 82
130 82
131 82
132 82
133 82
134 82
134 81
134 80
134 79
134 78
134 77
134 76
134 75
134 74
134 73
134 72
134 71
135 70
136 69
137 68
135 83
136 84
137 85
138 86
139 87
140 88
141 88
142 88
143 88
144 88
145 88
146 88
147 88
146 89
145 90
144 91
143 92
142 93
141 94
140 95
139 96
138 97
137 98
137 99
137 100
137 101
148 89
149 90
150 91
151 92
152 93
153 94
154 95
155 95
155 94
156 93
157 92
158 91
159 90
160 89
160 88
160 87
160 86
160 85
160 84
161 83
162 82
163 81
164 80
165 79
166 78
167 77
168 76
169 75
170 76
171 77
172 78
173 79
174 79
175 79
176 79
177 79
178 79
179 79
180 79
181 79
182 79
183 79
184 79
185 79
186 79
187 79
188 79
189 79
190 79
191 80
192 81
193 82
194 83
195 84
196 85
197 86
198 87
198 88
198 89
198 90
198 91
198 92
198 93
198 94
198 95
198 96
198 97
198 98
198 99
198 100
199 101
200 102
201 103
202 104
203 105
204 105
205 105
206 105
207 105
208 105
209 105
210 105
211 105
212 105
213 105
214 106
215 107
216 108
217 109
218 110
219 110
220 110
221 110
222 110
223 110
224 110
225 110
225 109
225 108
225 107
225 106
225 105
225 104
225 103
226 102
227 101
228 100
229 99
230 99
231 99
232 99
233 99
234 99
235 99
236 99
237 99
238 99
239 98
240 97
241 96
242 95
243 94
244 93
245 92
246 91
246 90
245 90
244 90
243 89
242 88
241 87
240 86
239 85
238 84
237 83
236 82
235 81
234 80
233 79
232 79
231 79
230 79
229 79
228 79
227 79
226 79
225 79
224 79
223 79
222 79
221 79
220 78
219 77
247 90
248 91
249 92
250 93
251 94
252 95
253 96
254 97
255 98
255 99
255 100
256 101
257 102
258 103
259 104
260 105
261 106
262 107
263 108
264 109
265 110
266 111
267 112
268 112
269 112
270 112
271 112
272 112
272 111
272 110
272 109
272 108
272 107
272 106
272 105
272 104
272 103
272 102
272 101
273 100
274 99
275 98
276 97
277 96
278 95
279 94
280 93
281 92
273 113
274 114
275 115
276 115
277 115
278 115
279 115
280 115
281 115
282 115
283 115
284 115
285 115
286 115
287 115
288 115
289 115
290 115
291 115
292 115
293 115
294 115
295 115
296 115
297 115
298 115
299 115
300 115
301 115
302 115
303 115
304 115
305 115
306 114
307 113
307 112
307 111
307 110
307 109
308 108
309 107
310 106
311 105
312 104
313 103
313 102
314 102
313 101
313 100
313 99
313 98
313 97
313 96
313 95
313 94
313 93
313 92
313 91
313 90
313 89
312 88
311 87
310 86
309 85
308 84
307 83
315 101
316 100
317 99
318 98
319 97
320 96
321 95
322 94
323 93
324 92
325 91
326 90
327 89
328 88
329 87
330 86
331 87
332 88
333 89
334 90
335 91
336 92
337 93
338 94
339 95
340 96
341 97
342 98
343 99
344 100
345 101
346 102
347 103
348 103
349 103
350 103
349 104
348 105
347 106
346 107
346 108
346 109
346 110
346 111
346 112
346 113
346 114
346 115
346 116
346 117
346 118
346 119
351 104
352 105
353 106
354 107
355 108
356 109
357 110
358 111
359 112
360 113
361 114
362 115
363 116
363 117
363 118
308 114
309 115
310 116
311 117
312 117
313 117
314 117
315 117
316 117
317 117
318 117
319 117
320 117
321 117
161 90
162 91
163 92
164 93
165 94
166 95
167 96
168 97
169 98
170 99
171 100
172 101
173 102
155 96
155 97
155 98
155 99
97 78
98 79
99 80
100 81
101 82
102 83
103 84
104 85
105 86
106 87
107 88
108 89
109 90
110 91
111 92
112 93
113 93
114 93
88 91
89 92
90 93
90 94
90 95
90 96
90 97
90 98
43 115
44 116
45 117
46 118
47 119
48 119
49 119
50 119
51 119
52 119
53 119
54 119
55 119
56 119
57 119
58 119
59 119
60 119
44 244
43 245
42 245
41 245
40 245
39 245
38 245
37 245
36 245
35 245
34 245
33 245
32 245
31 245
30 245
119 237
119 236
119 235
119 234
119 233
119 232
119 231
119 230
120 229
121 228
122 227
123 226
173 242
174 243
175 243
176 243
177 243
178 243
179 243
180 243
181 243
182 243
183 244
183 245
183 246
183 247
183 248
183 249
183 250
183 251
183 252
183 253
183 254
183 255
203 248
260 241
260 240
260 239
260 238
260 237
261 236
262 235
263 234
264 233
265 232
259 248
258 249
257 250
256 251
255 252
254 253
253 254
252 255
251 256
250 256
249 256
248 256
247 256
246 256
245 256
244 256
243 256
242 256
241 255
240 254
239 253
238 252
237 251
236 250
271 256
271 255
271 254
271 253
271 252
271 251
272 250
273 249
274 248
275 247
276 246
277 245
278 244
279 243
280 242
267 279
266 280
265 281
264 282
263 283
262 284
261 285
260 286
259 287
258 288
257 289
256 290
256 291
256 292
256 293
256 294
256 295
256 296
256 297
256 298
256 299
256 300
256 301
256 302
256 303
256 304
256 305
256 306
256 307
256 308
256 309
256 310
256 311
256 312
256 313
256 314
292 297
292 298
292 299
291 300
290 301
289 302
288 303
287 304
286 305
285 306
284 307
283 308
282 309
281 310
282 311
283 312
284 313
285 314
286 315
287 316
287 317
287 318
287 319
287 320
287 321
293 300
294 301
295 302
296 303
297 304
298 305
299 306
300 307
301 308
302 309
303 310
304 311
305 312
306 313
307 314
308 315
309 316
310 317
311 317
312 317
313 317
314 317
315 317
316 317
317 317
318 317
319 317
320 317
321 317
322 316
323 315
324 314
325 313
326 312
327 311
328 310
329 309
330 308
331 307
332 306
332 305
332 304
332 303
333 302
334 301
313 318
312 319
311 320
310 321
309 322
309 323
309 324
309 325
309 326
309 327
309 328
309 329
309 330
309 331
309 332
309 333
309 334
309 335
309 336
309 337
309 338
308 339
308 340
308 341
308 342
308 343
308 344
308 345
308 346
308 347
308 348
308 349
308 350
308 351
308 352
308 353
308 354
307 355
306 356
306 357
306 358
306 359
306 360
306 361
306 362
306 363
306 364
306 365
306 366
305 366
304 366
303 366
302 366
301 366
300 366
299 366
298 366
297 366
296 366
295 366
294 366
293 365
292 364
291 363
290 362
289 361
288 360
287 359
286 358
285 357
284 356
283 355
282 354
281 353
280 352
279 351
279 350
278 350
277 350
276 349
275 348
274 347
273 346
272 345
271 344
270 345
269 346
268 347
267 348
266 349
265 350
264 351
263 352
262 353
261 354
261 355
260 355
259 355
258 355
257 355
256 355
255 355
254 355
253 355
252 355
251 355
250 354
250 353
250 352
250 351
250 350
250 349
250 348
250 347
250 346
250 345
250 344
250 343
250 342
250 341
251 340
252 339
249 355
248 356
247 357
246 358
245 359
244 360
243 360
242 360
241 360
240 360
239 360
238 360
237 360
236 360
235 360
234 360
233 360
232 360
231 360
230 360
229 360
228 360
227 360
226 360
225 360
224 360
223 360
222 360
222 359
222 358
222 357
222 356
222 355
222 354
222 353
222 352
222 351
222 350
222 349
222 348
222 347
222 346
222 345
222 344
222 343
222 342
222 341
222 340
221 340
220 340
219 340
218 340
217 340
216 340
215 340
214 340
213 340
212 340
211 340
210 340
209 340
208 340
207 339
206 338
205 338
204 338
203 337
202 336
201 335
200 334
199 333
198 332
197 331
196 330
195 329
194 328
193 327
192 326
191 325
190 324
189 323
188 322
187 322
186 322
185 322
184 322
183 322
182 322
181 321
180 320
179 319
178 318
177 317
187 323
186 324
185 325
184 326
184 327
184 328
184 329
184 330
184 331
184 332
184 333
184 334
184 335
183 335
182 335
181 335
180 335
179 335
178 335
177 335
176 335
175 335
174 335
173 335
172 335
171 334
170 333
183 336
182 337
181 338
181 339
181 340
181 341
181 342
181 343
181 344
181 345
181 346
181 347
181 348
181 349
205 339
204 340
203 341
202 342
201 343
201 344
201 345
201 346
201 347
201 348
201 349
201 350
201 351
201 352
201 353
201 354
201 355
260 356
259 357
258 358
257 359
256 360
255 361
254 362
253 363
252 364
251 365
251 366
251 367
262 356
263 357
264 358
265 359
266 360
267 361
268 362
269 363
270 364
271 365
271 366
271 367
271 368
271 369
271 370
271 371
271 372
280 350
281 350
282 349
283 348
284 347
285 346
286 345
331 263
332 264
333 265
334 266
335 266
336 266
337 266
338 266
339 266
340 266
341 266
342 266
343 266
344 266
345 266
346 266
347 266
348 266
349 266
350 266
351 266
352 266
353 266
354 266
355 266
356 266
357 266
358 266
359 266
360 265
361 264
362 263
363 262
364 261
365 261
366 261
367 261
368 261
369 261
370 261
371 261
372 261
373 260
374 259
375 258
376 257
377 258
378 259
379 260
380 261
381 262
382 263
383 264
384 265
385 266
386 267
387 268
388 268
389 268
390 268
391 268
392 268
393 268
394 269
395 270
396 271
397 272
398 273
399 274
400 275
401 276
402 277
403 278
404 279
405 279
406 279
407 279
408 279
409 279
410 279
411 279
412 279
413 279
413 278
413 277
413 276
413 275
413 274
413 273
414 272
415 271
416 270
417 269
418 268
419 267
420 266
421 265
422 265
423 265
424 265
425 265
426 265
427 264
428 263
429 262
430 261
431 260
432 259
433 258
434 257
435 257
436 257
435 258
436 259
437 260
438 261
439 262
440 263
441 264
442 265
443 266
444 267
445 268
446 268
447 268
448 268
449 268
450 268
451 268
452 268
453 268
454 268
455 268
456 268
457 268
458 268
459 268
460 268
461 268
462 268
463 267
464 266
465 265
466 264
467 263
468 262
469 261
470 260
471 259
472 258
473 257
474 256
475 255
476 254
477 253
478 254
479 255
480 256
480 257
480 258
480 259
480 260
480 261
480 262
480 263
480 264
480 265
481 265
482 265
483 265
484 265
485 265
486 265
487 265
488 265
489 265
490 265
491 265
492 265
493 265
493 264
493 263
493 262
493 261
493 260
493 259
493 258
493 257
494 256
495 255
496 254
497 253
498 252
499 251
500 250
501 250
502 250
503 250
504 250
505 250
506 250
507 250
508 250
509 250
510 250
511 250
512 250
513 250
500 249
500 248
500 247
500 246
500 245
500 244
500 243
500 242
500 241
500 240
500 239
500 238
500 237
500 236
500 235
500 234
500 233
500 232
500 231
500 230
500 229
500 228
500 227
500 226
500 225
500 224
500 223
500 222
500 221
500 220
500 219
500 218
500 217
500 216
501 215
502 214
503 213
504 212
505 211
506 210
507 209
508 208
509 207
510 206
511 206
512 206
513 206
514 206
515 205
516 204
517 203
518 202
518 201
518 200
518 199
518 198
518 197
518 196
518 195
518 194
518 193
517 192
516 191
515 190
515 189
515 188
515 187
515 186
515 185
515 184
515 183
515 182
515 181
515 180
515 179
515 178
515 177
515 176
515 175
515 174
515 173
515 172
515 171
515 170
515 169
515 168
515 167
515 166
515 165
515 164
515 163
515 162
515 161
515 160
515 159
515 158
515 157
515 156
515 155
515 154
515 153
515 152
515 151
515 150
515 149
515 148
515 147
514 147
516 147
517 147
518 147
519 147
520 147
521 146
522 145
522 144
522 143
522 142
522 141
522 140
522 139
522 138
522 137
522 136
521 135
520 134
519 133
519 132
519 131
519 130
519 129
519 128
519 127
519 126
519 125
519 124
519 123
518 122
517 121
516 120
515 119
514 118
513 117
512 116
511 115
510 114
509 113
508 113
507 113
506 113
505 113
504 113
503 113
502 113
501 113
500 113
499 113
498 113
497 112
496 111
495 110
494 266
495 267
496 268
497 269
498 270
499 271
500 272
501 273
502 274
503 275
504 276
505 277
506 278
507 279
508 280
509 281
509 282
509 283
509 284
510 284
511 284
512 284
513 284
514 284
515 284
516 284
517 284
518 284
519 284
520 283
521 282
522 281
523 280
524 279
508 285
507 285
506 285
505 285
504 285
503 285
502 285
501 285
500 285
499 285
498 285
497 285
496 285
495 285
494 285
493 285
437 256
438 255
439 254
440 253
441 252
442 251
443 250
444 249
445 248
421 264
421 263
421 262
421 261
421 260
421 259
421 258
421 257
421 256
421 255
421 254
420 253
364 260
364 259
364 258
363 257
362 256
361 255
360 254
359 253
358 252
357 251
337 202
338 203
339 204
340 205
341 206
342 207
343 208
344 209
345 209
345 208
346 207
347 206
348 205
349 204
350 203
351 202
351 201
351 200
351 199
351 198
352 197
353 196
354 195
355 194
356 193
356 192
356 191
356 190
356 189
356 188
356 187
356 186
356 185
355 184
354 183
353 182
352 181
351 180
351 179
351 178
351 177
351 176
351 175
351 174
351 173
351 172
351 171
351 170
351 169
351 168
351 167
351 166
351 165
351 164
352 163
353 162
354 161
355 160
356 159
357 158
358 157
359 156
359 155
358 155
357 155
356 155
355 155
354 155
353 155
352 155
351 155
350 155
349 155
348 155
347 154
346 153
360 155
345 210
345 211
345 212
345 213
345 214
345 215
344 216
343 217
342 218
341 219
340 220
339 221
339 222
339 223
339 224
339 225
339 226
339 227
339 228
339 229
188
265 205
298 195
308 177
303 164
315 148
318 166
320 189
336 201
317 215
311 231
317 235
325 250
330 262
306 283
301 263
279 279
268 278
277 266
271 257
260 247
248 231
236 221
224 202
237 203
222 229
192 229
202 215
196 202
184 201
166 199
160 191
142 203
141 185
124 189
113 199
98 196
89 186
90 201
147 212
181 232
166 221
172 241
168 253
154 256
132 250
119 243
105 225
86 230
69 243
55 243
45 243
37 228
46 226
36 213
22 212
60 227
65 210
58 191
48 188
42 173
48 167
52 163
26 133
42 130
31 112
22 102
35 83
44 80
34 66
21 65
24 51
54 70
51 54
49 92
68 90
87 90
92 75
78 60
75 69
96 67
96 77
110 74
114 63
122 75
134 82
137 68
147 88
137 101
160 89
169 75
190 79
198 100
213 105
225 110
229 99
233 79
219 77
247 90
255 100
272 112
281 92
284 115
307 113
313 103
307 83
330 86
350 103
346 119
363 118
321 117
173 102
155 99
114 93
90 98
43 115
60 119
30 245
123 226
182 243
183 255
203 248
265 232
243 256
236 250
280 242
256 300
256 314
292 299
281 310
287 321
314 317
332 306
334 301
309 338
308 354
306 366
291 363
278 350
271 344
261 355
250 354
252 339
222 360
222 340
206 338
188 322
177 317
184 335
170 333
181 349
201 355
251 367
271 372
286 345
349 266
364 261
376 257
393 268
413 279
421 265
434 257
452 268
477 253
480 265
493 265
500 250
513 250
510 206
518 202
515 190
514 147
522 145
519 133
509 113
495 110
509 284
524 279
493 285
445 248
420 253
357 251
351 202
356 193
351 180
346 153
360 155
345 215
339 229
