2779
280 202
278 203
277 204
276 205
275 206
274 207
273 208
272 209
271 209
270 209
269 209
268 209
267 209
266 209
265 209
264 209
263 209
264 210
265 211
266 212
267 213
268 214
269 215
270 216
271 217
272 218
273 219
274 220
275 221
276 222
277 223
278 224
279 225
280 226
281 227
280 228
279 229
278 230
277 231
276 232
275 233
274 234
273 235
272 236
271 237
271 238
271 239
271 240
271 241
270 242
269 243
268 244
267 245
266 246
265 247
264 247
264 246
263 245
262 244
261 243
260 242
259 241
258 240
257 239
256 238
255 237
254 236
253 235
253 234
253 233
253 232
253 231
253 230
253 229
252 228
251 227
250 226
249 225
248 224
247 223
246 222
245 221
244 221
243 221
242 221
241 221
240 221
239 221
238 221
237 220
236 219
235 218
234 217
233 216
232 215
231 214
230 213
230 212
231 212
230 211
230 210
230 209
230 208
230 207
230 206
230 205
230 204
230 203
230 202
230 201
230 200
229 199
228 198
227 197
226 198
225 199
224 200
223 201
222 202
221 203
220 204
219 204
218 204
217 204
216 204
215 204
214 204
213 204
212 205
212 206
212 207
212 208
212 209
212 210
212 211
212 212
212 213
212 214
212 215
212 216
212 217
212 218
212 219
212 220
212 221
211 222
210 223
209 224
208 225
207 226
206 227
205 227
204 227
203 227
202 227
201 227
200 227
199 227
198 227
197 227
196 227
195 227
194 227
193 227
192 227
191 227
190 227
189 227
188 227
187 227
186 227
185 227
184 227
183 227
182 227
181 227
180 227
179 227
178 227
177 227
176 227
175 227
174 227
173 226
173 225
173 224
173 223
173 222
173 221
173 220
173 219
173 218
173 217
173 216
173 215
173 214
173 213
173 212
173 211
173 210
173 209
173 208
172 207
172 206
172 205
172 204
172 203
173 202
174 201
175 200
176 199
177 198
178 197
179 196
180 195
181 194
182 195
183 195
184 195
185 195
186 195
187 195
188 195
189 195
190 195
191 195
192 195
193 195
192 196
191 197
190 198
189 199
188 200
187 201
186 202
186 203
186 204
186 205
186 206
186 207
172 227
171 228
171 229
171 230
171 231
171 232
171 233
171 234
171 235
171 236
171 237
171 238
170 238
169 237
168 236
167 235
166 234
165 233
164 232
163 231
162 230
161 229
160 228
159 227
158 226
157 225
156 224
155 223
154 222
153 221
152 220
151 219
150 219
149 219
148 219
147 219
146 219
145 219
144 219
143 219
142 219
141 219
140 219
139 219
138 219
137 218
136 217
135 216
134 215
134 214
134 213
134 212
134 211
134 210
134 209
134 208
134 207
134 206
134 205
134 204
134 203
134 202
134 201
134 200
135 199
136 199
137 199
138 198
139 197
140 196
141 195
142 194
143 193
144 192
145 191
146 190
147 190
148 190
149 190
150 190
151 190
152 190
153 190
154 190
155 190
156 189
157 188
158 187
159 186
135 198
135 197
135 196
135 195
135 194
134 193
133 192
132 191
131 190
130 189
129 188
128 189
127 190
126 191
125 192
124 193
123 194
122 194
121 194
120 194
119 194
118 194
117 194
116 194
115 194
114 194
113 194
112 194
111 194
110 194
109 194
108 194
107 194
106 194
105 194
104 194
103 194
102 194
101 194
100 194
99 194
98 193
97 192
96 191
95 192
94 193
93 194
92 195
91 196
90 197
89 197
88 197
87 197
87 196
87 195
87 194
87 193
87 192
86 191
85 190
84 189
83 188
82 187
81 186
80 185
79 184
78 183
77 184
76 185
75 186
74 187
73 188
72 189
71 190
70 191
69 192
68 192
67 192
66 192
66 191
66 190
66 189
66 188
66 187
66 186
66 185
66 184
65 183
64 182
63 181
62 180
61 179
60 178
59 177
59 176
59 175
58 174
57 173
56 172
55 171
54 170
53 169
52 168
51 167
50 166
50 165
50 164
50 163
50 162
50 161
50 160
49 159
48 158
47 157
46 156
45 155
44 154
43 153
42 152
42 151
41 151
43 151
44 151
45 151
46 151
47 150
48 149
49 148
50 147
51 146
52 145
53 144
54 143
54 142
54 141
54 140
54 139
54 138
54 137
54 136
54 135
54 134
54 133
53 132
52 131
51 130
50 129
49 128
48 127
47 126
46 127
45 128
44 129
43 130
42 131
41 132
40 133
39 134
38 134
37 134
36 134
35 134
34 134
33 134
32 134
31 134
31 133
31 132
31 131
31 130
31 129
31 128
31 127
31 126
31 125
31 124
31 123
31 122
31 121
31 120
30 119
29 118
29 117
29 116
29 115
29 114
29 113
29 112
30 111
31 110
32 109
33 108
34 107
35 106
36 105
37 104
38 103
39 102
40 101
40 100
39 100
38 100
37 100
36 100
35 100
34 100
33 99
32 98
31 97
30 96
29 95
28 94
27 93
26 92
25 91
24 90
41 100
42 100
43 99
44 98
45 97
46 96
47 95
48 94
49 93
50 92
51 91
52 90
53 89
54 88
55 87
56 86
57 85
58 84
59 83
60 82
60 81
60 80
60 79
60 78
60 77
60 76
60 75
60 74
60 73
60 72
60 71
60 70
60 69
60 68
60 67
60 66
60 65
60 64
60 63
59 63
58 63
57 63
56 63
55 63
54 63
53 63
52 62
51 61
50 60
49 59
48 58
47 57
46 56
45 55
44 54
43 53
42 54
41 55
40 56
39 57
38 57
37 57
36 57
35 57
34 57
33 57
32 57
61 83
62 84
63 85
64 86
65 87
66 88
67 89
68 90
69 91
70 92
71 93
72 93
73 93
74 93
75 93
76 93
77 93
78 92
79 91
80 90
81 89
82 88
83 87
84 86
85 85
86 84
87 83
88 82
89 81
90 80
91 79
91 78
91 77
91 76
91 75
91 74
91 73
91 72
91 71
91 70
91 69
91 68
91 67
92 66
93 65
94 64
92 80
93 81
94 81
95 81
96 81
97 81
98 81
99 81
99 80
99 79
99 78
99 77
100 76
101 75
102 74
103 73
104 72
105 71
106 70
107 69
108 68
109 67
110 66
111 67
112 68
113 69
114 69
115 69
116 69
117 69
118 69
119 69
120 69
121 69
122 69
123 69
124 69
125 69
126 69
127 69
128 70
129 71
130 72
131 72
132 72
133 72
134 72
135 72
136 72
137 72
138 72
139 72
140 72
141 72
142 72
143 72
142 73
141 74
140 75
139 76
138 77
137 78
136 79
136 80
136 81
136 82
136 83
136 84
136 85
136 86
136 87
136 88
135 88
134 88
133 88
132 88
131 88
130 88
129 88
128 88
127 88
135 89
134 90
133 91
132 92
131 93
130 94
129 95
128 96
127 97
126 98
125 99
124 100
124 101
137 89
137 90
137 91
137 92
137 93
137 94
137 95
137 96
137 97
137 98
137 99
137 100
137 101
144 73
145 73
146 73
147 73
148 73
149 73
150 73
151 73
152 73
153 73
154 73
155 73
156 73
157 74
158 75
159 76
160 77
160 78
160 79
160 80
160 81
160 82
160 83
160 84
160 85
160 86
160 87
160 88
160 89
160 90
160 91
160 92
161 93
162 94
163 95
164 96
165 97
166 98
167 99
168 100
169 101
170 102
171 102
172 102
173 102
174 102
175 102
176 102
177 102
177 101
177 100
177 99
177 98
177 97
178 96
179 95
180 94
181 93
182 92
183 91
184 90
185 89
186 88
187 87
188 86
189 85
190 84
191 85
192 86
193 87
194 88
195 89
196 90
197 91
198 91
199 91
200 91
201 91
202 91
203 91
204 91
205 91
206 91
207 91
208 91
209 91
210 91
211 91
212 91
213 91
214 90
215 89
216 88
217 87
218 86
218 85
218 84
218 83
217 82
216 81
215 80
214 79
213 78
212 77
211 76
210 75
209 74
208 73
207 92
208 93
209 94
210 95
211 96
212 97
212 98
212 99
212 100
212 101
212 102
212 103
213 104
214 105
215 106
216 107
217 108
218 109
219 110
220 110
221 110
222 110
223 110
224 111
225 111
226 111
227 111
228 111
229 111
230 111
231 111
232 111
233 111
234 111
235 111
236 111
237 111
238 111
239 111
240 111
241 111
242 111
243 111
244 111
245 111
246 110
247 109
248 108
249 107
250 106
251 105
252 104
253 103
253 102
253 101
253 100
253 99
253 98
253 97
253 96
253 95
253 94
253 93
253 92
253 91
253 90
253 89
253 88
253 87
253 86
253 85
253 84
253 83
253 82
253 81
253 80
252 79
251 78
58 178
57 179
56 180
55 181
54 182
53 183
52 184
51 184
50 184
49 184
48 184
47 184
46 184
45 184
44 184
43 184
43 183
43 182
43 181
42 180
41 179
40 178
39 177
38 176
37 175
36 174
35 173
34 172
33 171
32 170
31 169
30 168
42 185
41 186
40 187
39 187
38 187
37 187
36 187
35 187
34 187
33 187
32 187
31 187
30 187
29 187
28 187
27 187
26 187
25 187
65 193
64 194
63 195
62 196
61 197
60 198
59 199
58 200
57 201
56 202
56 203
56 204
56 205
56 206
56 207
56 208
56 209
56 210
55 211
54 212
53 213
52 214
51 215
50 215
49 215
48 215
47 215
46 215
45 215
44 215
43 215
42 215
41 215
40 215
39 215
38 215
37 215
36 215
35 215
34 215
33 215
32 216
31 217
31 218
31 219
31 220
31 221
31 222
31 223
31 224
31 225
31 226
31 227
57 211
58 212
59 213
60 214
61 215
62 216
63 217
64 217
65 217
66 217
67 217
68 217
67 218
66 219
65 220
64 221
63 222
62 222
61 222
60 222
59 222
60 223
61 224
62 225
63 226
64 227
65 228
66 229
67 230
68 231
69 232
70 233
71 234
72 235
71 236
70 236
69 236
68 236
67 236
66 236
65 236
64 236
63 236
62 236
61 236
60 236
116 195
117 196
118 197
118 198
118 199
118 200
118 201
118 202
118 203
118 204
118 205
118 206
133 216
132 217
131 218
130 219
129 220
128 221
127 222
126 223
125 223
124 223
123 223
122 223
121 224
120 224
119 224
118 224
117 224
116 224
115 224
114 224
113 224
112 224
111 224
110 224
109 224
108 225
107 226
106 227
105 228
104 229
103 230
102 231
101 232
100 233
99 234
98 235
97 236
96 237
95 238
94 238
93 238
92 238
91 238
110 225
111 226
112 227
113 228
114 229
115 230
115 231
115 232
115 233
115 234
115 235
115 236
115 237
115 238
116 239
117 240
118 241
119 242
120 243
121 244
122 245
123 245
124 245
125 245
126 245
171 239
170 240
169 241
168 242
167 243
166 244
166 245
166 246
166 247
166 248
166 249
166 250
166 251
166 252
166 253
166 254
165 254
164 254
163 254
162 253
161 252
160 251
159 250
158 249
157 248
156 247
155 246
154 245
153 244
152 243
151 242
150 241
149 240
148 239
172 240
173 241
174 242
175 243
176 244
177 245
178 246
179 247
180 248
181 249
182 250
183 251
184 251
213 222
214 223
215 224
216 225
217 226
218 227
219 228
220 229
221 230
222 231
222 232
222 233
222 234
222 235
222 236
222 237
222 238
222 239
222 240
222 241
222 242
222 243
222 244
222 245
222 246
222 247
222 248
222 249
222 250
222 251
222 252
222 253
222 254
222 255
222 256
222 257
222 258
222 259
232 211
233 210
234 209
235 208
236 207
237 206
238 205
239 204
240 203
241 202
242 201
243 200
244 199
252 236
251 237
250 238
249 239
248 240
247 241
246 242
246 243
246 244
246 245
246 246
246 247
246 248
246 249
246 250
246 251
247 252
248 253
249 254
250 255
251 256
252 257
253 258
254 259
255 260
256 261
257 262
258 263
259 264
260 264
259 265
258 266
257 267
256 268
255 269
255 270
255 271
255 272
255 273
255 274
255 275
255 276
255 277
254 278
253 279
252 280
251 281
250 282
249 283
248 284
247 285
246 286
246 287
246 288
246 289
246 290
246 291
246 292
246 293
246 294
246 295
246 296
246 297
247 298
248 299
249 300
250 301
251 302
252 303
253 304
254 305
255 306
256 307
257 308
258 309
259 310
259 311
259 312
259 313
259 314
260 315
261 316
262 317
263 318
264 318
265 318
266 318
267 318
268 318
269 318
270 318
271 318
272 318
273 317
274 316
275 315
276 314
277 313
278 312
279 313
280 314
281 314
282 314
283 314
284 314
285 314
286 314
287 314
288 314
269 319
270 320
271 321
272 322
273 323
274 324
273 325
272 326
271 327
270 328
269 329
268 330
267 331
266 332
265 333
264 334
263 335
262 335
261 335
260 335
259 335
258 335
257 336
256 337
255 338
254 339
253 340
252 341
251 342
250 343
249 344
248 345
247 346
246 347
245 347
244 347
243 347
242 347
241 347
240 347
239 347
238 347
237 347
236 346
235 345
234 344
233 343
232 342
231 341
230 340
229 339
228 338
227 337
226 336
225 335
224 334
223 333
222 332
222 331
222 330
222 329
221 329
220 328
219 327
218 326
217 325
216 324
215 323
214 322
213 321
212 322
211 323
210 324
209 325
208 326
207 327
206 328
205 329
204 330
203 331
202 332
201 333
200 334
199 334
198 334
197 334
197 333
197 332
197 331
197 330
196 329
195 328
194 327
193 326
192 325
191 324
190 323
189 322
188 321
187 320
186 319
185 318
184 317
183 316
182 315
181 314
181 313
180 313
179 313
178 313
177 313
176 313
175 313
174 312
173 311
172 310
171 309
170 308
169 307
168 308
167 309
166 310
166 311
166 312
166 313
166 314
166 315
166 316
166 317
166 318
166 319
166 320
182 313
183 313
184 313
185 313
186 313
187 313
188 313
189 313
190 313
191 313
192 312
196 335
195 336
194 337
193 338
192 339
191 340
190 341
189 342
188 343
187 344
186 345
185 346
184 346
183 346
182 346
181 346
180 346
179 346
180 347
181 348
182 349
183 350
184 351
185 352
186 353
187 354
188 355
189 355
190 355
191 355
192 355
222 328
222 327
223 326
224 325
225 324
226 323
227 322
228 321
229 320
221 333
221 334
221 335
221 336
221 337
221 338
221 339
221 340
221 341
221 342
221 343
221 344
221 345
221 346
221 347
221 348
221 349
221 350
221 351
221 352
243 348
244 349
245 350
246 351
247 352
248 353
249 353
250 353
251 353
252 353
253 353
254 354
255 355
256 356
257 357
257 358
257 359
257 360
257 361
257 362
257 363
257 364
257 365
257 366
257 367
258 367
259 367
260 367
261 367
262 367
263 367
264 367
265 366
266 365
267 364
268 363
269 362
270 361
271 360
272 359
273 358
274 359
275 360
276 361
277 362
278 362
279 363
280 363
281 363
282 363
283 363
284 363
285 363
286 363
287 363
288 363
289 363
290 363
291 363
292 363
293 363
294 362
295 361
296 360
297 359
298 358
299 359
300 360
301 360
302 360
303 360
304 360
305 360
306 360
307 360
308 360
309 360
310 360
311 360
312 360
313 360
314 360
315 360
314 361
313 362
313 363
313 364
313 365
313 366
313 367
313 368
313 369
313 370
313 371
313 372
313 373
313 374
313 375
313 376
313 377
282 364
281 365
280 366
279 367
278 368
275 325
276 326
277 327
278 328
279 329
280 330
281 331
282 332
283 332
284 332
285 332
286 332
261 265
262 266
263 267
264 268
265 269
266 270
267 271
268 272
268 273
268 274
268 275
269 275
270 275
271 275
272 275
273 275
274 275
275 275
276 275
269 276
270 277
270 278
270 279
270 280
270 281
270 282
270 283
270 284
270 285
270 286
282 228
283 229
284 230
285 231
286 232
287 233
288 234
289 235
290 236
291 237
292 238
293 239
293 240
294 240
293 241
295 239
296 238
297 237
298 236
298 235
298 234
298 233
298 232
298 231
299 230
300 229
301 228
302 227
303 226
304 225
305 224
306 223
307 222
308 221
309 222
310 223
311 224
312 225
313 226
314 227
315 228
316 229
317 230
318 230
319 230
320 230
321 230
322 230
323 230
324 230
325 230
326 230
327 230
327 229
327 228
327 227
327 226
328 225
329 224
330 223
331 222
332 221
333 220
334 219
335 218
335 217
335 216
335 215
335 214
335 213
334 212
333 211
332 210
331 209
330 208
329 207
329 206
329 205
330 204
331 203
332 202
333 201
334 200
335 199
336 198
337 197
338 196
338 195
339 195
340 196
341 197
342 198
343 199
344 200
345 201
346 202
347 203
348 204
349 205
350 206
351 206
352 206
337 194
336 193
335 192
334 191
333 190
332 189
331 188
330 187
329 186
328 185
328 184
327 184
329 184
330 184
331 184
332 184
333 184
334 184
335 184
336 184
337 184
338 183
339 182
340 181
341 180
341 179
341 178
341 177
341 176
341 175
341 174
341 173
341 172
341 171
341 170
341 169
341 168
341 167
341 166
340 165
339 164
338 163
337 162
337 161
337 160
337 159
337 158
337 157
337 156
337 155
337 154
337 153
337 152
337 151
337 150
337 149
337 148
337 147
337 146
336 145
335 144
334 143
333 142
332 141
331 140
330 139
329 139
328 139
327 139
326 139
325 139
324 139
323 139
322 139
321 139
320 139
319 139
318 139
317 139
316 138
315 137
314 136
313 135
312 134
311 133
310 132
309 131
308 130
307 131
306 131
305 131
304 131
303 131
302 131
301 131
300 131
299 131
298 131
297 131
296 131
296 130
296 129
296 128
296 127
296 126
296 125
296 124
296 123
296 122
296 121
296 120
295 119
294 118
293 117
292 116
291 115
290 114
289 113
288 112
288 111
288 110
288 109
288 108
288 107
289 106
290 105
291 104
292 103
293 102
294 101
295 100
296 99
297 98
298 97
299 96
300 95
300 94
299 94
298 94
297 94
296 94
295 94
294 94
293 94
292 94
291 94
290 94
289 94
288 94
287 94
286 94
285 94
301 94
301 93
301 92
301 91
301 90
301 89
301 88
301 87
301 86
301 85
301 84
301 83
330 138
330 137
330 136
330 135
330 134
330 133
330 132
330 131
330 130
330 129
330 128
330 127
330 126
330 125
330 124
331 123
332 122
333 121
334 120
335 119
336 118
337 117
338 116
339 115
340 115
341 115
342 115
343 115
344 115
345 115
346 115
347 115
348 115
349 115
350 115
351 115
352 114
353 113
354 112
355 111
356 110
357 109
358 108
359 107
360 106
361 105
362 104
362 103
362 102
362 101
362 100
362 99
362 98
362 97
362 96
362 95
362 94
362 93
362 92
340 116
341 117
342 118
343 119
344 120
345 121
346 122
347 123
348 124
349 125
350 126
351 127
352 128
353 129
354 130
354 131
354 132
354 133
354 134
354 135
354 136
354 137
354 138
339 114
339 113
339 112
339 111
339 110
339 109
339 108
339 107
339 106
339 105
339 104
339 103
339 102
339 101
339 100
339 99
339 98
339 97
339 96
338 95
337 94
336 163
335 163
334 163
333 163
332 163
331 163
330 163
329 163
328 163
327 163
326 163
325 163
324 163
323 163
322 163
321 163
320 163
319 164
318 165
317 166
316 167
315 168
314 169
313 169
312 169
311 169
310 169
309 169
308 169
336 219
337 220
338 221
339 222
340 223
341 224
342 225
343 226
344 226
345 226
346 226
347 226
346 227
345 228
345 229
345 230
345 231
345 232
345 233
345 234
345 235
345 236
345 237
345 238
345 239
345 240
345 241
344 242
343 243
342 244
342 245
342 246
342 247
342 248
342 249
341 250
340 251
339 252
338 253
337 254
336 255
335 256
334 257
334 258
334 259
334 260
334 261
334 262
334 263
334 264
333 265
332 266
331 267
330 268
330 269
330 270
330 271
329 272
328 273
327 274
327 275
327 276
327 277
327 278
327 279
327 280
326 280
325 280
324 280
323 280
322 280
321 280
320 280
319 280
318 280
317 280
316 280
315 280
314 279
313 278
312 278
311 278
310 278
309 278
308 278
307 278
306 278
305 278
304 278
303 278
302 278
301 277
300 276
299 275
298 274
297 273
312 279
311 280
310 281
309 282
308 283
307 284
306 285
306 286
306 287
306 288
306 289
306 290
326 281
325 282
324 283
323 284
322 285
321 286
321 287
321 288
321 289
321 290
321 291
321 292
321 293
321 294
321 295
322 296
323 297
324 298
325 299
326 300
327 301
328 302
328 303
328 304
328 305
328 306
328 307
328 308
328 309
328 310
328 311
328 312
328 313
328 314
328 315
328 316
328 317
328 318
328 319
328 320
327 321
326 322
325 323
324 324
323 325
322 326
322 327
322 328
322 329
322 330
322 331
335 265
336 266
337 267
338 268
339 268
340 268
341 268
342 268
343 268
344 268
345 268
346 268
347 268
348 268
349 268
350 267
351 266
352 265
353 266
354 267
355 267
356 267
357 267
358 267
359 267
359 266
359 265
359 264
359 263
359 262
360 261
361 260
362 259
363 258
364 257
365 256
366 257
367 258
368 259
369 260
370 261
371 262
372 263
373 264
374 265
375 266
376 267
377 268
378 269
379 270
380 271
381 272
382 273
383 274
384 275
385 276
386 276
387 276
388 276
389 276
390 276
391 276
392 276
393 276
394 276
395 276
396 276
397 276
398 276
399 276
400 276
401 276
402 276
403 276
404 276
405 276
406 276
407 276
407 275
407 274
407 273
407 272
407 271
407 270
407 269
407 268
407 267
407 266
408 265
409 264
410 263
411 262
412 261
413 260
414 259
415 258
416 257
417 256
418 257
419 258
420 259
421 260
422 261
423 261
424 261
425 261
426 261
427 261
428 261
429 261
430 261
431 261
432 261
433 261
434 261
435 260
436 259
437 258
438 257
439 256
440 255
430 262
431 263
432 264
433 265
434 266
435 267
436 268
437 269
438 270
439 271
440 272
441 273
441 274
441 275
441 276
441 277
441 278
441 279
441 280
441 281
442 281
443 281
444 281
445 281
446 280
447 279
448 278
449 277
450 276
451 275
452 274
453 273
454 272
455 271
456 270
457 269
458 268
459 267
460 266
461 265
462 264
463 263
464 262
465 261
466 260
467 259
468 258
469 257
470 256
471 256
472 256
473 256
474 256
475 255
476 254
477 253
478 252
479 251
480 250
481 249
482 248
483 247
484 246
485 245
486 244
487 243
488 242
489 241
490 240
491 239
492 240
493 241
494 242
495 243
496 244
497 244
498 244
499 244
500 244
501 244
502 244
503 244
504 244
505 244
506 244
507 244
508 244
509 243
510 242
511 241
512 240
513 239
514 238
515 237
515 236
515 235
515 234
515 233
515 232
515 231
515 230
515 229
515 228
515 227
515 226
515 225
515 224
515 223
515 222
515 221
515 220
515 219
515 218
515 217
515 216
515 215
515 214
515 213
515 212
515 211
515 210
515 209
515 208
515 207
515 206
515 205
515 204
515 203
515 202
515 201
515 200
516 199
517 198
518 197
519 196
520 195
520 194
520 193
520 192
520 191
520 190
520 189
520 188
520 187
520 186
521 185
522 184
523 183
524 182
525 181
526 180
526 179
525 179
524 179
523 179
522 179
521 179
520 179
519 178
518 177
517 176
527 179
527 178
527 177
527 176
527 175
527 174
527 173
527 172
527 171
527 170
527 169
528 168
529 167
529 166
529 165
529 164
529 163
529 162
529 161
529 160
529 159
529 158
529 157
529 156
529 155
529 154
529 153
529 152
528 151
527 150
526 149
525 148
524 147
523 146
522 145
521 144
520 143
519 142
518 141
517 140
517 139
516 139
518 139
519 139
520 139
521 139
522 139
523 138
524 137
525 136
526 135
527 134
528 133
528 132
528 131
528 130
528 129
528 128
528 127
528 126
528 125
527 124
526 123
525 122
524 121
523 120
522 119
521 118
520 117
519 116
518 117
517 118
516 119
515 120
514 121
513 122
512 122
511 122
510 122
509 122
508 122
508 121
508 120
508 119
508 118
507 117
506 116
505 115
504 114
503 113
502 112
501 111
504 245
504 246
504 247
504 248
504 249
504 250
504 251
504 252
504 253
504 254
504 255
504 256
504 257
504 258
504 259
504 260
504 261
504 262
504 263
504 264
504 265
504 266
505 266
506 266
507 266
508 266
509 266
510 266
511 266
512 266
513 266
514 266
515 266
516 266
517 266
518 266
519 266
520 266
521 266
522 266
523 266
524 267
525 268
526 269
527 270
528 271
529 272
529 273
529 274
529 275
529 276
530 277
530 278
530 279
530 280
530 281
530 282
530 283
530 284
530 285
530 286
530 287
530 288
503 267
502 268
501 269
500 270
499 271
498 272
497 273
496 274
495 275
494 276
493 277
492 278
491 279
490 280
490 281
490 282
489 283
488 284
487 285
486 286
485 287
484 288
483 289
482 289
481 289
480 289
479 289
478 289
477 289
281 202
282 202
283 202
284 202
285 202
286 202
287 201
288 201
289 201
290 201
291 201
292 201
293 201
294 201
295 201
296 201
297 201
298 201
299 201
188
263 209
281 227
271 241
264 247
253 235
245 221
230 213
227 197
213 204
212 221
193 227
173 226
172 207
181 194
193 195
186 207
151 219
134 215
135 199
146 190
159 186
129 188
115 194
96 191
87 197
78 183
66 192
59 177
50 166
41 151
54 143
47 126
31 134
29 118
24 90
41 100
60 82
60 63
43 53
32 57
72 93
91 79
94 64
99 81
110 66
127 69
143 72
136 88
127 88
124 101
137 101
156 73
160 92
177 102
190 84
206 91
218 86
208 73
212 103
223 110
240 111
253 103
251 78
43 184
30 168
25 187
56 210
33 215
31 227
68 217
59 222
72 235
60 236
118 206
122 223
109 224
91 238
115 238
126 245
171 239
166 254
148 239
184 251
222 239
222 259
244 199
246 251
260 264
255 277
246 297
259 314
268 318
278 312
288 314
274 324
258 335
242 347
222 332
213 321
197 334
180 313
169 307
166 320
192 312
179 346
192 355
229 320
221 352
253 353
257 367
273 358
278 362
283 363
298 358
315 360
313 377
278 368
286 332
268 275
276 275
270 286
293 241
298 236
308 221
327 230
335 218
329 207
339 195
352 206
327 184
341 180
337 162
330 139
308 130
296 131
288 112
285 94
301 94
301 83
339 115
362 104
362 92
354 138
337 94
320 163
308 169
347 226
345 241
342 249
334 264
330 271
327 280
313 278
297 273
306 290
321 295
328 320
322 331
342 268
352 265
359 267
365 256
407 276
417 256
429 261
440 255
441 281
470 256
491 239
503 244
515 237
520 195
517 176
527 179
529 167
516 139
528 133
519 116
508 122
501 111
504 266
523 266
529 276
530 288
490 282
477 289
287 201
299 201
