2711
278 202
277 202
278 203
277 204
276 205
275 206
274 207
273 208
272 209
271 210
270 211
270 212
270 213
270 214
270 215
270 216
270 217
270 218
270 219
269 219
268 219
267 219
266 219
265 219
264 219
263 218
262 217
261 216
260 215
259 214
258 213
257 212
257 211
257 210
257 209
257 208
257 207
256 206
255 205
254 204
253 203
252 202
251 201
250 200
249 199
248 198
247 197
246 196
245 195
271 220
272 221
273 222
273 223
273 224
273 225
273 226
273 227
273 228
273 229
273 230
273 231
273 232
274 232
275 232
276 232
277 232
278 232
279 232
280 232
281 232
282 232
283 232
284 232
285 231
286 230
287 229
287 228
287 227
287 226
287 225
287 224
288 223
289 222
290 221
291 220
292 221
293 222
294 223
295 224
296 224
297 224
298 224
299 224
300 224
301 224
302 224
303 224
304 224
305 224
306 224
307 224
308 223
309 222
310 221
311 220
312 219
313 218
314 217
315 216
316 215
317 214
318 213
319 212
319 211
319 210
319 209
319 208
319 207
319 206
319 205
319 204
319 203
319 202
320 201
321 200
322 199
323 198
324 197
325 196
326 195
327 194
327 193
327 192
327 191
327 190
327 189
327 188
328 187
329 186
330 185
331 184
332 183
333 182
334 181
335 180
336 179
337 178
338 177
339 176
340 175
341 174
342 173
343 172
344 171
345 171
346 171
347 170
348 169
349 168
350 167
351 166
352 165
353 164
354 163
355 162
356 161
357 160
357 159
357 158
357 157
357 156
357 155
357 154
356 153
355 152
354 151
353 150
352 149
351 148
350 147
349 146
348 145
348 144
348 143
348 142
348 141
348 140
348 139
348 138
348 137
348 136
347 135
346 134
346 133
346 132
346 131
346 130
346 129
346 128
346 127
347 126
348 125
349 124
350 123
351 122
352 121
353 120
354 119
355 118
356 117
344 170
344 169
343 168
342 167
341 166
340 165
339 164
338 163
337 162
336 161
335 160
334 159
333 158
332 157
332 156
332 155
332 154
332 153
332 152
331 151
330 150
329 149
328 148
327 147
326 146
325 145
324 144
323 143
322 142
321 141
320 140
319 140
319 141
318 142
317 143
316 144
315 144
314 144
313 144
312 144
311 145
310 146
310 147
310 148
310 149
310 150
310 151
310 152
310 153
310 154
310 155
310 156
310 157
310 158
310 159
310 160
318 139
317 138
316 137
315 136
314 135
314 134
314 133
314 132
314 131
314 130
314 129
314 128
314 127
314 126
314 125
314 124
313 123
312 122
311 121
310 120
310 119
309 119
308 119
307 118
306 117
305 116
304 115
303 114
302 113
301 113
300 113
299 112
298 111
297 110
296 109
295 108
294 107
293 106
292 105
291 104
290 103
289 102
288 101
287 100
286 99
285 98
284 97
284 96
284 95
284 94
284 93
285 93
284 92
283 91
282 90
281 89
280 88
279 87
278 86
277 85
276 84
275 85
274 85
273 85
272 85
271 85
270 85
269 85
268 85
267 85
266 85
265 85
264 85
263 85
262 85
261 85
260 85
259 85
258 85
257 85
256 85
255 85
256 86
257 87
258 88
259 89
260 90
261 91
261 92
261 93
261 94
261 95
261 96
261 97
261 98
261 99
261 100
261 101
261 102
261 103
261 104
261 105
260 106
259 106
258 106
257 106
256 106
255 106
254 106
253 106
252 106
251 106
250 106
249 106
248 106
247 106
246 106
245 106
244 106
243 106
242 106
241 107
240 108
239 109
238 109
237 109
236 109
235 109
234 109
233 109
232 109
231 109
230 109
229 109
228 109
227 109
226 109
225 109
224 109
223 109
222 108
222 107
222 106
222 105
222 104
222 103
222 102
222 101
222 100
222 99
221 98
220 97
219 96
218 95
217 94
216 93
215 92
214 91
213 90
213 89
213 88
213 87
213 86
213 85
213 84
213 83
213 82
213 81
214 80
215 79
216 78
217 77
286 92
287 91
288 90
289 89
290 88
311 119
312 119
313 119
314 119
315 119
316 119
317 119
318 119
319 119
320 119
321 119
322 118
323 117
324 116
324 115
324 114
324 113
324 112
324 111
324 110
324 109
324 108
324 107
324 106
325 105
325 104
324 104
323 104
322 104
321 104
320 103
319 102
326 104
327 104
328 104
329 104
330 104
331 104
332 104
333 104
334 104
335 103
336 102
337 101
338 100
339 99
340 98
341 97
342 96
343 95
344 94
345 95
346 96
347 97
348 98
349 99
350 99
351 99
352 99
353 99
354 99
355 99
356 99
357 99
358 99
359 99
360 99
361 99
299 225
298 226
298 227
298 228
298 229
298 230
298 231
298 232
298 233
298 234
297 235
296 236
295 237
294 238
293 239
292 240
291 241
290 242
291 243
292 244
292 245
292 246
292 247
292 248
292 249
292 250
292 251
292 252
292 253
292 254
292 255
291 256
290 257
289 258
288 259
287 260
287 261
287 262
287 263
287 264
287 265
287 266
287 267
287 268
286 269
285 270
284 271
283 272
283 273
283 274
283 275
283 276
283 277
283 278
283 279
283 280
282 280
281 280
280 280
279 280
278 280
277 280
276 280
275 280
274 279
273 278
273 277
273 276
273 275
273 274
273 273
273 272
273 271
273 270
272 269
271 268
270 267
282 281
281 282
280 283
279 284
278 285
277 286
277 287
277 288
277 289
277 290
277 291
277 292
277 293
277 294
277 295
277 296
277 297
277 298
277 299
278 300
279 301
280 302
281 303
282 304
283 305
284 306
285 307
286 308
287 309
288 310
289 310
290 310
291 310
292 310
293 310
294 310
294 309
294 308
294 307
294 306
294 305
294 304
294 303
295 302
296 301
297 300
298 299
299 299
300 299
301 299
302 299
303 298
293 311
292 312
291 313
290 314
289 315
288 316
287 317
286 318
285 319
284 320
283 321
282 322
281 323
280 324
280 325
280 326
280 327
280 328
280 329
280 330
280 331
280 332
280 333
280 334
280 335
279 336
278 337
277 338
276 339
275 340
274 341
273 342
272 343
272 344
272 345
272 346
272 347
272 348
271 348
270 347
269 346
268 345
267 344
266 343
265 342
264 341
263 340
262 339
261 338
260 337
259 336
258 335
257 334
256 333
255 332
255 331
255 330
255 329
255 328
255 327
255 326
255 325
255 324
255 323
255 322
254 321
253 320
252 319
252 318
252 317
252 316
252 315
252 314
252 313
252 312
251 311
250 310
249 309
248 308
247 307
246 306
245 305
244 304
243 303
242 302
242 301
242 300
242 299
242 298
242 297
242 296
242 295
242 294
242 293
243 292
244 291
245 290
246 289
247 288
254 333
253 334
252 335
251 336
250 337
249 338
248 339
248 340
248 341
248 342
248 343
248 344
248 345
248 346
248 347
248 348
248 349
248 350
248 351
248 352
248 353
247 353
246 353
245 353
244 353
243 353
242 353
241 352
240 351
239 350
238 349
237 348
236 347
235 346
234 345
233 344
232 343
231 342
230 341
229 340
228 339
227 338
226 337
225 336
224 335
223 334
222 334
221 334
220 334
219 334
218 334
217 334
216 334
215 334
214 334
213 334
212 334
211 334
210 334
209 333
208 332
207 331
206 331
205 331
204 331
203 331
202 331
201 331
200 331
199 331
198 331
197 331
196 331
195 331
194 331
193 331
192 330
191 329
191 328
191 327
191 326
191 325
191 324
191 323
191 322
192 322
191 321
191 320
191 319
191 318
191 317
190 316
189 315
188 314
187 313
186 312
185 311
184 310
193 321
194 320
195 319
196 318
197 317
198 316
199 315
200 314
201 313
202 312
203 311
190 330
189 331
188 332
187 333
186 334
185 335
184 336
183 337
182 338
181 339
180 340
179 341
178 342
177 343
177 344
177 345
222 335
221 336
220 337
219 338
219 339
219 340
219 341
219 342
219 343
219 344
219 345
219 346
219 347
219 348
272 349
272 350
272 351
272 352
272 353
281 336
282 337
283 338
284 339
285 340
286 341
287 342
288 343
289 344
290 345
291 346
292 346
293 346
294 346
293 347
292 348
291 349
291 350
291 351
291 352
291 353
291 354
291 355
291 356
291 357
291 358
291 359
291 360
292 361
293 362
294 363
295 364
296 365
297 366
298 367
299 368
300 369
300 370
300 371
300 372
295 311
296 312
297 313
298 314
299 315
300 316
301 317
302 318
303 319
304 320
305 321
306 322
307 323
306 324
305 325
304 326
303 327
302 328
301 329
300 330
299 330
308 324
309 325
310 326
311 327
312 328
313 329
314 330
315 331
316 332
317 333
317 334
317 335
317 336
317 337
318 338
319 339
320 340
321 341
322 342
323 343
324 344
324 345
324 346
324 347
324 348
324 349
324 350
324 351
324 352
324 353
324 354
324 355
288 269
289 270
290 271
291 272
292 272
293 272
294 272
295 272
296 272
297 272
298 272
299 272
300 272
301 272
302 272
303 272
304 272
305 272
306 272
307 272
308 272
309 272
310 272
311 272
312 272
313 272
314 272
315 272
316 272
317 272
318 271
319 270
320 269
321 268
322 267
323 266
324 266
325 266
326 266
327 266
328 266
329 266
330 266
331 266
332 266
333 266
334 266
335 266
336 265
337 264
338 263
339 262
339 261
339 260
339 259
339 258
339 257
339 256
339 255
339 254
339 253
339 252
340 251
341 250
342 249
343 248
344 247
345 246
346 245
347 244
347 243
348 243
349 243
350 243
351 243
352 243
353 243
354 243
355 243
356 243
357 243
358 243
359 243
360 243
361 243
362 243
363 242
364 241
365 242
366 243
367 244
368 245
369 246
370 247
371 248
371 249
371 250
371 251
371 252
371 253
371 254
371 255
371 256
371 257
371 258
371 259
371 260
371 261
372 262
373 262
374 262
375 262
376 262
377 262
378 262
379 262
380 262
381 262
382 262
383 262
384 262
385 262
386 262
387 262
388 262
389 262
390 262
391 262
392 262
393 262
394 262
395 261
396 260
397 259
397 258
397 257
397 256
397 255
396 254
395 253
394 252
393 251
392 250
391 249
390 248
389 247
398 260
399 261
400 262
401 263
401 264
401 265
401 266
401 267
401 268
401 269
401 270
401 271
402 271
403 271
404 270
405 269
406 268
407 267
408 266
409 265
410 264
411 263
412 262
413 261
414 260
415 259
416 258
417 257
418 256
419 255
420 255
421 255
422 255
423 255
424 255
425 255
426 255
427 254
428 253
429 252
430 251
431 250
432 249
420 256
421 257
422 258
423 259
424 260
425 261
426 262
427 263
428 264
429 265
430 266
431 267
432 268
433 269
434 270
435 270
436 270
437 270
438 270
439 270
440 270
441 270
442 270
443 270
444 270
445 270
446 270
447 270
448 270
449 270
450 270
451 270
452 270
453 270
454 270
455 270
456 269
456 268
456 267
456 266
456 265
456 264
456 263
456 262
456 261
457 260
458 259
459 258
460 257
461 256
462 255
463 254
464 253
465 252
466 252
467 252
468 252
469 252
470 252
471 252
472 252
473 252
474 252
475 252
476 252
477 252
478 252
479 252
480 251
481 250
482 249
483 248
483 247
483 246
483 245
483 244
483 243
483 242
483 241
483 240
483 239
483 238
483 237
483 236
484 235
485 234
486 233
487 232
488 231
489 230
490 229
491 228
492 227
493 226
494 225
495 224
496 223
497 222
498 221
499 220
500 219
501 218
502 217
503 216
504 215
505 214
506 213
507 212
508 211
509 210
510 209
511 208
512 207
513 206
514 205
515 204
516 203
517 202
518 201
519 200
520 199
521 198
522 197
523 196
524 195
525 194
526 193
527 192
528 191
529 190
530 189
530 188
530 187
530 186
530 185
530 184
530 183
530 182
530 181
530 180
530 179
530 178
530 177
530 176
530 175
529 174
528 173
527 172
526 171
525 170
525 169
525 168
525 167
525 166
525 165
525 164
525 163
525 162
525 161
525 160
525 159
525 158
525 157
525 156
525 155
525 154
525 153
525 152
525 151
525 150
525 149
525 148
525 147
525 146
525 145
525 144
524 143
523 142
522 141
521 140
520 139
519 138
518 137
517 136
516 135
515 134
514 133
513 132
513 131
513 130
513 129
513 128
513 127
513 126
513 125
513 124
513 123
513 122
513 121
513 120
484 249
485 250
485 251
485 252
485 253
485 254
485 255
485 256
485 257
485 258
485 259
484 260
483 261
482 262
481 263
480 264
479 265
479 266
479 267
479 268
479 269
479 270
479 271
479 272
479 273
479 274
479 275
479 276
478 277
477 278
477 279
477 280
477 281
477 282
478 283
479 284
480 285
480 286
480 287
480 288
480 289
480 290
480 291
486 260
487 261
488 262
489 263
490 264
491 265
492 266
493 267
494 268
495 269
496 269
497 269
498 269
499 269
500 269
501 269
502 269
503 269
504 269
505 269
506 269
507 269
508 269
509 269
510 268
511 267
512 266
513 265
514 264
514 263
514 262
514 261
514 260
514 259
514 258
514 257
514 256
514 255
514 254
514 253
514 252
514 251
514 250
514 249
513 248
515 265
516 266
516 267
516 268
516 269
516 270
516 271
516 272
516 273
517 274
517 275
518 275
517 276
516 277
515 278
514 279
513 280
512 281
511 282
510 283
510 284
510 285
510 286
510 287
510 288
519 274
520 273
521 272
522 271
523 270
524 269
525 268
526 267
527 266
528 265
529 264
530 263
438 271
437 272
436 273
435 274
434 275
433 276
432 276
431 276
430 276
429 276
428 276
427 276
426 276
425 276
424 276
346 242
345 241
344 240
343 239
342 238
341 237
340 236
340 235
341 234
342 233
343 232
340 263
341 263
342 263
343 263
344 263
304 273
305 274
306 275
307 276
308 277
309 278
310 279
311 280
312 281
313 282
314 283
315 284
316 285
317 286
318 287
319 288
320 289
321 290
322 291
323 291
324 291
325 291
326 291
272 233
271 234
270 235
269 236
268 237
267 238
266 239
265 240
264 241
263 242
262 243
261 244
260 245
259 245
258 245
257 245
256 245
255 245
254 245
253 245
252 245
251 245
250 245
249 245
249 244
249 243
249 242
249 241
249 240
249 239
248 238
247 237
248 246
247 247
246 248
245 249
244 249
243 249
242 249
241 249
240 249
239 249
238 248
237 247
236 246
235 245
234 244
233 244
232 243
231 242
230 241
229 240
228 239
227 238
226 237
225 236
224 235
223 234
223 233
223 232
223 231
223 230
223 229
223 228
223 227
223 226
224 225
225 224
226 223
227 222
228 221
229 220
230 219
230 218
229 218
228 218
227 218
226 218
225 217
224 216
223 215
222 214
221 213
220 212
219 211
219 210
219 209
219 208
219 207
219 206
219 205
219 204
219 203
219 202
219 201
219 200
219 199
218 198
217 199
216 200
215 201
214 201
213 201
212 201
211 201
210 201
209 201
208 201
207 201
206 201
205 201
204 202
203 203
202 204
201 204
200 204
199 204
198 204
197 204
196 204
195 204
194 204
193 204
192 204
191 204
190 204
189 204
189 203
189 202
189 201
189 200
189 199
189 198
189 197
189 196
189 195
189 194
189 193
188 192
187 192
186 192
185 192
184 192
183 192
182 192
181 192
180 192
179 192
178 192
177 191
176 190
187 193
186 194
185 195
184 196
183 197
182 198
181 199
180 200
179 201
178 202
177 203
176 203
231 218
222 235
221 235
220 235
219 235
218 235
217 235
216 235
215 235
214 235
213 235
212 235
211 235
210 235
209 235
208 235
207 235
206 235
205 235
204 235
203 235
202 235
201 235
200 235
199 235
198 235
197 234
196 233
195 232
194 233
193 234
192 235
191 236
190 237
189 237
188 237
187 237
186 237
185 237
184 237
183 237
183 236
183 235
183 234
183 233
183 232
183 231
183 230
183 229
183 228
183 227
182 226
181 226
180 226
179 226
178 226
177 226
176 226
175 226
174 226
173 226
172 226
171 226
170 226
169 226
168 225
167 224
166 224
165 224
164 224
163 224
162 224
161 224
160 224
159 224
158 224
157 224
156 224
155 224
154 224
153 224
152 224
151 224
150 224
149 224
148 224
147 224
146 224
145 224
144 224
143 224
142 224
141 224
140 224
139 223
138 222
137 221
136 220
135 219
135 218
135 217
135 216
135 215
135 214
135 213
135 212
135 211
135 210
135 209
135 208
135 207
135 206
135 205
135 204
135 203
135 202
134 202
133 202
132 202
131 202
130 202
129 202
128 202
127 202
126 202
125 202
124 202
123 202
122 202
121 202
120 202
119 202
118 202
117 202
116 202
115 202
114 201
113 200
113 199
113 198
113 197
113 196
113 195
112 194
111 193
110 192
109 191
108 190
107 189
106 188
105 187
104 186
103 185
102 184
101 183
100 182
99 181
98 180
97 179
96 180
95 181
94 181
93 181
92 181
91 181
90 181
89 181
88 181
87 181
86 181
85 181
84 181
83 181
82 181
81 181
80 182
79 183
78 184
77 185
76 186
75 187
75 188
75 189
75 190
75 191
75 192
75 193
74 193
73 193
72 193
71 193
70 193
69 193
68 193
67 193
66 193
65 192
64 191
64 190
64 189
64 188
63 187
62 186
61 185
60 184
59 183
58 182
57 181
56 180
55 179
54 178
53 177
52 176
51 176
50 176
49 176
48 176
47 176
46 176
45 176
44 176
43 175
42 174
41 173
40 173
39 173
38 173
37 173
36 173
35 173
34 173
33 172
32 171
31 170
31 169
31 168
31 167
31 166
31 165
31 164
31 163
31 162
31 161
31 160
31 159
31 158
31 157
31 156
31 155
31 154
31 153
31 152
31 151
31 150
31 149
31 148
31 147
32 146
33 145
34 144
35 143
35 142
35 141
35 140
35 139
35 138
35 137
35 136
35 135
35 134
35 133
35 132
35 131
35 130
35 129
35 128
35 127
34 126
33 125
32 124
31 123
31 122
30 122
32 122
33 122
34 122
35 122
36 122
37 122
38 122
39 122
40 122
41 122
42 122
43 122
44 121
45 120
46 119
47 118
47 117
47 116
47 115
47 114
47 113
47 112
47 111
47 110
47 109
47 108
47 107
47 106
47 105
47 104
47 103
47 102
47 101
48 100
49 99
50 98
51 97
52 96
53 95
54 94
54 93
53 93
52 93
51 93
50 93
49 93
48 93
47 93
46 93
45 93
44 93
43 93
42 93
41 93
40 93
39 93
38 93
37 92
36 91
35 90
34 89
33 88
32 87
32 86
32 85
32 84
32 83
32 82
32 81
32 80
32 79
32 78
32 77
32 76
33 75
34 74
35 73
36 72
37 71
38 70
39 69
40 68
41 67
42 66
42 65
42 64
42 63
42 62
42 61
42 60
42 59
42 58
42 57
42 56
42 55
43 54
55 93
56 93
57 93
58 93
59 93
60 93
61 93
62 93
63 93
64 93
65 93
66 93
67 93
68 92
69 92
70 92
71 92
72 92
73 92
74 92
75 92
76 92
77 92
78 92
79 92
80 92
81 91
82 90
83 89
84 88
85 87
86 88
87 89
88 90
89 91
90 92
91 93
92 94
93 95
94 96
95 96
96 96
97 96
98 96
98 95
98 94
98 93
98 92
98 91
98 90
98 89
98 88
99 87
100 86
101 85
102 84
103 83
104 82
105 81
106 80
107 79
108 78
108 77
107 77
106 77
105 77
104 76
103 75
102 74
101 73
100 72
99 71
98 70
97 69
96 68
95 67
94 66
93 65
92 64
91 63
90 62
89 61
109 77
109 76
109 75
109 74
109 73
109 72
110 71
111 70
112 69
113 68
114 67
115 66
116 65
117 64
118 63
119 62
120 61
121 62
122 63
123 64
124 65
125 66
126 67
127 68
128 69
129 70
130 71
130 72
130 73
130 74
130 75
131 76
132 77
133 78
134 79
135 80
136 81
136 82
137 82
138 82
139 82
140 82
141 82
142 82
143 82
144 82
145 81
146 80
147 79
148 78
137 83
138 84
139 85
140 86
141 87
142 88
143 89
144 90
145 91
146 92
147 93
148 94
149 94
150 94
151 94
152 94
153 94
154 94
155 94
156 94
157 94
158 94
159 94
160 94
161 94
162 93
163 92
164 91
165 90
166 89
167 88
168 87
169 86
170 85
171 84
172 83
173 82
174 81
175 80
176 80
176 79
176 81
176 82
176 83
176 84
176 85
176 86
176 87
176 88
176 89
176 90
176 91
176 92
176 93
177 94
178 95
179 96
180 97
181 98
182 99
183 100
184 101
185 102
185 103
185 104
185 105
185 106
135 83
135 84
135 85
135 86
135 87
135 88
135 89
135 90
135 91
135 92
135 93
135 94
135 95
135 96
135 97
99 97
100 98
101 98
102 98
103 98
104 98
105 98
106 98
107 98
108 98
109 98
110 98
68 91
68 90
68 89
68 88
68 87
68 86
68 85
68 84
68 83
68 82
68 81
68 80
68 79
68 78
68 77
68 76
68 75
67 74
48 119
49 120
50 121
51 122
52 123
53 124
54 125
55 126
56 127
57 128
57 129
57 130
57 131
57 132
57 133
57 134
57 135
57 136
57 137
57 138
57 139
40 174
39 175
38 176
37 177
37 178
37 179
37 180
37 181
37 182
37 183
37 184
37 185
36 186
35 187
34 188
33 189
32 190
31 191
30 191
29 191
28 191
27 191
26 191
25 191
74 194
73 195
72 196
72 197
72 198
72 199
72 200
72 201
72 202
72 203
72 204
71 205
70 206
69 206
68 206
67 206
66 206
65 206
64 206
63 206
62 206
61 206
60 206
59 206
58 207
57 208
56 209
55 210
54 211
53 212
52 213
51 214
50 215
49 216
48 217
47 218
46 219
45 220
44 220
43 220
42 220
41 220
40 220
39 220
38 219
37 218
36 217
35 216
34 215
33 214
32 213
31 212
30 211
43 221
42 222
41 223
40 224
39 225
38 226
37 227
36 228
35 229
34 230
33 231
32 232
45 221
46 222
47 223
48 224
49 225
50 226
51 227
52 228
53 229
54 230
55 231
56 232
57 232
58 232
57 233
56 234
55 235
54 236
53 237
52 237
51 237
50 237
49 237
48 237
47 237
46 237
59 233
60 234
61 235
62 236
63 237
64 238
65 239
66 240
67 241
68 242
69 243
70 244
71 244
72 243
73 242
74 241
75 240
76 239
77 238
78 237
79 236
80 235
81 234
82 233
83 232
83 231
83 230
83 229
83 228
82 227
81 226
80 225
79 224
78 223
78 222
77 222
79 222
80 222
81 222
82 222
83 222
84 222
85 222
86 222
87 221
88 220
89 219
84 233
85 234
86 235
87 236
88 237
89 238
90 239
91 240
92 241
93 242
94 243
95 243
96 243
97 243
98 243
99 243
100 243
101 243
102 243
103 243
104 243
105 243
106 243
107 243
108 243
109 243
110 243
111 243
112 243
113 243
114 243
115 243
116 243
117 243
118 243
119 243
120 243
134 201
134 200
134 199
134 198
134 197
134 196
134 195
134 194
134 193
134 192
134 191
134 190
134 189
136 202
137 202
138 202
139 202
140 202
141 202
142 202
143 202
144 201
145 200
146 199
147 198
148 197
149 196
150 195
151 194
152 193
153 192
154 191
182 238
181 239
180 240
179 241
178 242
177 243
176 244
175 245
174 246
174 247
174 248
174 249
174 250
174 251
174 252
174 253
174 254
174 255
174 256
174 257
173 257
172 257
171 257
170 257
169 257
168 257
167 257
166 257
165 257
164 257
163 257
162 256
161 256
160 256
159 256
158 256
157 256
156 255
155 254
154 253
153 252
152 251
151 250
150 249
149 248
148 247
147 246
211 236
210 237
209 238
208 239
207 240
206 241
205 242
204 243
203 244
203 245
203 246
203 247
203 248
203 249
204 250
205 251
206 252
207 253
208 254
209 255
210 256
211 257
212 257
213 257
214 257
240 250
239 251
239 252
239 253
239 254
239 255
239 256
239 257
239 258
240 259
241 260
242 261
243 262
243 263
243 264
243 265
243 266
243 267
263 244
264 245
265 246
266 246
267 246
268 246
269 246
268 247
267 248
266 249
265 250
264 251
264 252
280 202
281 202
282 202
283 202
284 202
285 202
286 202
287 202
288 202
289 202
290 202
291 201
292 200
293 199
294 198
295 198
296 198
297 198
298 198
299 197
300 196
301 195
302 194
303 193
304 192
305 191
189
277 202
270 219
257 212
245 195
273 232
287 229
291 220
300 224
319 212
327 194
344 171
357 160
348 145
346 134
356 117
332 157
320 140
312 144
310 160
314 135
309 119
302 113
284 97
276 84
255 85
261 105
242 106
233 109
222 108
213 90
217 77
290 88
324 116
319 102
326 104
344 94
361 99
298 234
290 242
292 255
287 268
283 280
273 278
270 267
277 299
294 310
298 299
303 298
282 322
280 335
255 332
252 319
242 302
247 288
248 353
223 334
207 331
191 329
184 310
203 311
177 345
219 348
272 353
294 346
291 360
300 372
307 323
299 330
317 337
324 355
303 272
323 266
339 262
348 243
364 241
371 261
385 262
397 259
389 247
401 271
419 255
432 249
439 270
456 269
465 252
483 248
530 189
525 170
513 132
513 120
485 259
479 276
477 282
480 291
499 269
514 264
513 248
516 273
517 276
510 288
530 263
424 276
340 236
343 232
344 263
326 291
262 243
249 245
247 237
241 249
234 244
223 234
219 211
218 198
205 201
189 204
188 192
176 190
176 203
231 218
212 235
195 232
183 237
182 226
167 224
156 224
135 219
134 202
113 200
97 179
81 181
75 193
64 191
52 176
41 173
31 170
35 143
30 122
47 118
32 87
42 66
43 54
55 93
68 92
85 87
98 96
89 61
109 77
120 61
127 68
130 75
136 82
148 78
151 94
176 79
176 93
185 106
135 97
110 98
67 74
57 139
37 185
25 191
72 204
59 206
44 220
30 211
32 232
58 232
46 237
70 244
83 232
77 222
89 219
104 243
120 243
134 189
154 191
174 257
162 256
147 246
203 249
214 257
239 258
243 267
269 246
264 252
294 198
305 191
