2676
279 201
279 200
279 199
279 198
279 197
279 196
280 195
281 194
282 193
283 192
284 191
285 190
286 189
287 188
288 187
289 186
290 185
291 184
292 183
292 182
292 181
292 180
292 179
293 178
294 177
295 176
296 175
297 174
298 173
299 172
300 171
301 170
302 169
303 168
303 167
303 166
303 165
303 164
303 163
303 162
303 161
303 160
304 159
305 158
306 157
306 156
306 155
306 154
306 153
306 152
306 151
306 150
306 149
306 148
306 147
306 146
306 145
307 144
307 143
307 142
307 141
307 140
307 139
307 138
307 137
307 136
308 135
309 134
310 133
311 132
307 158
308 159
309 160
310 161
311 162
312 163
313 164
314 165
315 166
316 167
317 167
318 167
319 167
320 167
321 167
322 167
323 167
324 167
325 167
326 167
327 167
328 167
329 167
330 167
331 167
332 167
333 167
334 167
335 167
336 167
337 167
338 167
339 167
340 167
341 167
342 167
343 167
344 166
345 165
346 164
346 163
346 162
346 161
346 160
346 159
346 158
346 157
346 156
345 155
344 154
343 153
342 152
342 151
342 150
342 149
342 148
342 147
342 146
342 145
342 144
342 143
342 142
342 141
342 140
342 139
342 138
342 137
342 136
343 135
344 134
344 133
344 132
344 131
345 131
344 130
344 129
344 128
344 127
344 126
344 125
343 124
342 123
341 123
340 123
339 123
338 123
337 123
336 123
335 123
334 123
333 123
332 123
331 123
330 123
330 122
330 121
330 120
330 119
330 118
330 117
330 116
329 115
328 114
327 113
326 112
325 111
324 110
324 109
324 108
324 107
324 106
324 105
323 104
322 103
321 102
320 101
319 100
318 99
317 98
316 97
315 96
314 95
313 94
312 93
311 92
310 91
309 90
315 98
314 99
313 100
312 101
311 102
310 103
310 104
310 105
310 106
310 107
310 108
309 109
308 110
307 111
306 112
305 113
304 114
303 115
302 116
301 116
300 116
299 116
298 116
297 116
296 116
295 116
294 116
293 116
292 116
291 116
290 116
289 116
288 116
287 116
286 116
285 116
285 115
285 114
285 113
285 112
285 111
285 110
284 109
283 108
282 107
281 106
280 105
279 104
278 105
277 106
276 106
275 106
274 106
273 106
272 106
271 106
271 105
271 104
271 103
271 102
270 101
269 100
268 99
268 98
267 98
266 98
265 98
264 97
263 96
262 95
261 94
261 93
261 92
261 91
261 90
261 89
261 88
261 87
261 86
261 85
260 84
259 83
258 82
257 81
260 95
259 96
258 97
257 98
256 99
255 100
254 101
253 102
252 103
251 104
250 105
249 106
248 107
247 107
246 107
245 107
244 107
243 107
242 107
241 106
240 105
239 104
238 103
237 102
237 101
236 101
235 101
234 101
233 101
232 101
231 101
230 101
229 101
236 100
236 99
236 98
236 97
235 96
234 95
233 94
232 93
231 92
230 91
229 90
228 89
227 89
226 89
225 89
224 89
223 89
222 89
221 89
220 89
219 89
218 89
217 88
216 87
215 86
214 86
213 86
212 86
211 86
210 86
209 86
208 85
207 84
206 83
205 82
204 81
214 87
213 88
212 89
211 90
211 91
211 92
211 93
211 94
211 95
211 96
211 97
210 98
209 99
208 99
207 99
206 99
205 99
204 99
203 99
202 99
201 99
200 99
199 100
198 101
197 102
196 103
195 104
194 104
194 103
194 102
193 101
192 100
191 99
190 98
189 97
188 96
187 95
186 95
185 95
184 95
183 95
182 95
181 95
180 95
179 95
178 95
177 94
176 93
175 92
174 91
174 90
174 89
174 88
174 87
174 86
174 85
174 84
174 83
174 82
174 81
173 80
172 79
171 78
170 77
169 76
168 75
167 74
166 73
173 92
172 93
171 94
170 95
169 96
168 97
167 98
166 99
165 100
164 101
163 102
194 105
194 106
238 101
239 100
240 99
241 98
242 97
243 96
244 95
269 98
270 98
271 98
272 97
273 96
274 95
275 94
276 93
277 92
278 91
279 90
280 89
281 88
282 87
283 86
284 85
346 130
347 129
348 128
349 127
350 126
351 125
352 124
353 123
354 122
355 121
355 120
355 119
355 118
355 117
355 116
355 115
355 114
355 113
355 112
355 111
355 110
355 109
355 108
355 107
355 106
355 105
355 104
355 103
355 102
355 101
355 100
355 99
355 98
356 97
357 96
358 95
359 94
360 93
361 92
362 91
333 168
334 169
335 170
336 171
337 172
338 173
339 174
340 175
341 176
342 177
342 178
342 179
342 180
293 184
294 185
295 186
296 187
297 188
298 189
299 190
300 190
301 190
302 190
303 190
304 190
305 190
306 190
307 190
308 190
309 190
278 203
277 204
276 205
275 206
274 207
273 208
272 209
271 209
271 210
271 211
270 212
269 213
268 214
268 215
268 216
268 217
268 218
268 219
268 220
268 221
268 222
268 223
268 224
268 225
270 208
269 207
268 206
267 205
266 204
265 203
264 202
263 201
262 200
261 199
260 198
259 198
258 198
257 198
256 198
255 198
254 198
253 198
252 198
251 198
250 198
249 198
248 198
247 198
246 197
245 198
244 199
243 200
242 201
242 202
242 203
242 204
242 205
242 206
242 207
242 208
243 209
243 210
243 211
243 212
243 213
243 214
243 215
243 216
243 217
243 218
243 219
243 220
243 221
243 222
243 223
244 224
245 225
246 226
247 227
248 228
249 229
250 230
251 231
251 232
251 233
251 234
251 235
250 236
249 237
248 238
247 239
246 240
245 241
244 242
243 243
243 244
242 245
241 246
240 247
239 248
238 249
237 250
237 251
237 252
237 253
237 254
236 254
235 254
234 254
233 254
232 254
231 254
230 254
229 254
228 254
227 254
226 254
225 254
224 254
223 253
222 252
221 251
220 250
219 249
218 248
217 249
216 250
215 251
214 252
213 253
212 254
211 255
210 256
209 256
208 256
207 256
206 256
205 256
204 256
203 256
202 256
201 256
200 256
199 255
198 254
197 253
196 252
195 251
194 250
193 249
192 248
191 247
190 246
189 245
188 244
188 243
187 243
186 244
185 245
184 246
183 247
182 248
181 249
181 250
181 251
181 252
181 253
181 254
181 255
181 256
180 256
179 256
178 256
177 256
176 256
175 255
174 254
173 253
172 252
171 251
170 250
169 249
168 248
167 247
166 246
165 245
164 245
163 245
162 245
161 245
160 244
159 243
158 242
157 241
156 240
155 239
154 238
153 237
189 243
190 243
191 243
192 242
193 241
194 240
195 239
196 238
197 237
198 236
199 235
200 234
201 233
202 232
203 231
204 231
205 231
206 231
207 231
208 230
209 229
210 228
211 227
212 226
213 225
214 224
203 230
203 229
203 228
203 227
203 226
203 225
203 224
203 223
203 222
203 221
202 220
201 219
200 218
199 217
198 216
197 215
196 214
195 213
195 212
195 211
195 210
196 210
195 209
195 208
195 207
195 206
195 205
194 204
193 203
192 202
191 201
190 200
189 201
188 201
187 201
186 201
185 201
184 201
183 201
182 201
181 201
180 201
179 201
178 201
177 201
176 201
175 202
174 203
173 204
172 205
171 206
170 207
169 207
168 207
167 207
166 207
165 207
164 207
163 207
162 207
162 206
162 205
162 204
162 203
162 202
162 201
162 200
162 199
162 198
161 197
160 196
159 195
158 194
157 193
161 208
160 209
159 210
158 211
157 212
156 213
155 214
154 215
153 216
152 217
151 218
150 219
149 219
148 219
147 219
146 219
145 219
144 219
143 219
142 219
141 219
140 219
139 219
138 218
137 217
137 216
137 215
136 214
135 213
134 212
133 211
132 210
131 209
130 208
129 207
128 206
127 205
126 204
126 203
126 202
126 201
126 200
126 199
126 198
126 197
126 196
126 195
126 194
126 193
126 192
126 191
126 190
125 189
124 188
123 187
122 186
121 185
120 184
119 183
118 182
117 181
116 182
115 183
114 184
113 185
112 186
111 187
110 188
109 189
108 190
107 190
106 190
105 190
104 190
103 190
102 190
136 218
135 219
134 220
133 221
132 222
131 223
130 224
129 225
128 226
127 227
127 228
127 229
127 230
127 231
127 232
127 233
127 234
127 235
127 236
126 236
125 236
124 236
123 236
122 236
121 236
120 236
119 236
118 235
117 234
117 233
116 232
115 231
114 230
113 229
112 228
111 227
110 226
109 225
108 224
107 223
106 222
105 223
104 224
103 225
102 226
101 227
100 228
99 228
98 228
97 228
96 228
95 228
94 228
93 228
92 228
91 228
91 227
91 226
91 225
91 224
91 223
91 222
91 221
91 220
91 219
90 218
89 217
88 216
87 215
86 214
85 214
84 214
83 214
82 214
81 214
80 214
79 214
78 213
77 212
76 211
75 210
74 209
74 208
74 207
74 206
74 205
74 204
74 203
74 202
74 201
74 200
74 199
74 198
74 197
74 196
74 195
74 194
74 193
74 192
74 191
75 190
76 189
77 188
78 187
73 210
72 211
71 212
70 212
69 212
68 212
67 212
66 212
65 212
64 212
63 212
62 212
61 212
60 212
59 212
58 212
57 212
56 212
55 212
54 212
53 212
52 211
51 210
50 209
49 208
48 207
47 206
46 205
45 204
44 203
43 202
42 201
42 200
42 199
42 198
42 197
42 196
42 195
42 194
42 193
42 192
42 191
42 190
42 189
42 188
42 187
42 186
42 185
43 184
43 183
43 182
43 181
43 180
43 179
43 178
43 177
43 176
43 175
43 174
43 173
43 172
43 171
43 170
43 169
42 168
41 167
40 166
39 165
39 164
39 163
39 162
39 161
39 160
39 159
39 158
39 157
39 156
39 155
39 154
39 153
39 152
39 151
39 150
39 149
39 148
39 147
39 146
39 145
38 144
37 143
36 142
35 141
34 140
33 139
32 138
31 137
30 136
30 135
29 135
31 135
32 135
33 135
34 135
35 135
36 135
37 134
38 133
39 132
40 131
41 130
42 129
43 128
44 127
45 126
46 125
47 124
48 123
49 122
50 121
51 120
52 119
52 118
52 117
52 116
52 115
52 114
52 113
52 112
53 111
54 110
55 109
56 108
57 107
57 106
56 106
55 106
54 106
53 106
52 106
51 106
50 106
49 106
48 106
47 107
46 107
45 107
44 107
43 107
42 107
41 107
40 107
39 107
38 107
37 107
36 107
35 107
34 107
33 107
32 107
58 106
58 105
58 104
58 103
57 103
56 102
55 101
54 100
53 99
52 98
51 97
50 96
49 95
48 94
47 93
46 92
45 91
44 90
43 89
42 88
41 87
40 86
39 85
39 84
39 83
39 82
39 81
39 80
39 79
39 78
39 77
39 76
38 75
37 74
36 73
35 72
34 71
33 70
32 69
31 68
30 67
29 66
28 65
27 64
26 63
25 62
24 61
23 60
22 59
22 58
21 58
23 58
24 58
25 58
26 58
27 58
28 58
29 58
30 58
31 58
32 58
33 58
34 58
35 58
36 58
37 58
38 58
39 58
40 57
41 56
42 55
43 56
44 56
45 56
46 56
47 56
48 56
49 56
50 56
51 56
52 56
53 56
54 56
55 56
56 56
57 56
58 56
59 57
60 58
61 59
62 60
63 60
64 60
65 60
66 60
67 60
68 60
69 60
70 60
71 60
72 60
73 60
74 60
75 60
76 60
58 102
58 101
58 100
58 99
58 98
58 97
59 96
60 95
61 94
62 93
63 92
64 93
65 94
66 94
67 94
68 94
69 94
70 94
71 94
72 94
73 94
74 94
75 94
76 94
77 94
78 94
79 94
80 94
81 94
82 94
83 94
84 94
85 94
86 93
87 92
88 91
89 90
90 91
91 92
92 93
93 94
94 95
95 96
95 97
96 97
97 97
98 96
99 95
100 94
101 93
102 92
103 91
104 90
105 89
106 88
107 87
108 86
109 86
110 86
111 86
112 86
113 86
114 86
115 86
116 86
117 86
118 86
119 86
120 86
121 86
122 86
122 85
122 84
122 83
122 82
122 81
122 80
123 79
124 78
125 77
126 76
127 75
128 74
129 73
130 72
131 71
132 70
133 69
134 68
108 85
108 84
108 83
108 82
108 81
108 80
108 79
108 78
108 77
108 76
108 75
108 74
108 73
108 72
108 71
108 70
108 69
108 68
107 67
41 202
40 203
39 203
38 203
37 203
36 203
35 203
34 203
33 203
32 203
31 203
30 203
29 203
28 203
27 203
26 203
26 202
26 201
26 200
26 199
26 198
26 197
26 196
26 195
26 194
26 193
26 192
26 191
26 190
26 189
25 188
24 187
23 186
22 185
22 184
22 183
22 182
22 181
22 180
22 179
22 178
22 177
22 176
22 175
22 174
21 173
20 172
58 213
57 214
56 215
55 216
54 217
53 218
52 219
51 220
50 221
49 222
48 223
47 224
46 225
45 226
44 226
43 226
42 226
41 226
40 226
39 226
60 213
61 214
62 215
63 216
64 217
64 218
64 219
64 220
64 221
64 222
64 223
64 224
64 225
90 229
89 230
88 231
87 231
86 231
85 231
84 231
83 231
82 231
81 231
80 231
79 231
78 232
77 233
77 234
77 235
77 236
77 237
77 238
77 239
77 240
77 241
77 242
116 235
115 236
114 237
113 238
112 239
111 240
110 241
109 242
109 243
109 244
109 245
109 246
109 247
109 248
109 249
109 250
128 237
128 238
128 239
128 240
128 241
128 242
128 243
128 244
128 245
128 246
128 247
128 248
128 249
128 250
128 251
163 208
164 209
165 210
166 211
166 212
166 213
166 214
166 215
166 216
166 217
166 218
167 219
168 220
169 221
170 221
171 221
172 221
173 221
174 221
175 221
176 221
177 221
178 221
179 221
180 221
197 209
198 208
199 207
200 206
201 205
202 204
203 203
204 202
205 201
206 200
207 199
208 198
209 197
210 196
211 195
244 245
245 246
246 247
247 248
248 249
249 250
250 251
250 252
250 253
250 254
250 255
252 236
253 237
254 238
255 239
256 240
257 241
258 242
259 243
260 244
261 245
262 246
263 247
264 248
265 249
266 250
267 251
268 251
269 251
270 251
271 251
272 251
273 251
274 251
275 252
276 253
277 254
278 255
279 256
280 257
281 257
282 257
283 258
284 259
285 260
286 261
287 262
288 263
289 264
290 265
291 266
292 267
292 268
292 269
293 269
294 269
295 269
296 269
297 269
298 269
299 269
300 269
301 269
302 268
303 269
304 270
305 271
306 271
307 271
308 271
309 271
310 271
311 271
312 271
313 271
314 271
315 270
316 269
317 268
318 267
319 266
320 265
321 264
322 263
323 262
324 261
325 260
326 259
327 258
328 257
329 256
330 255
330 254
330 253
330 252
330 251
330 250
331 249
332 248
333 247
334 246
335 245
336 244
337 243
337 242
336 242
335 242
334 242
333 242
332 242
331 242
330 241
329 240
328 239
327 238
326 237
326 236
327 235
328 234
329 233
330 232
331 231
332 230
333 229
334 228
335 227
336 226
336 225
336 224
336 223
336 222
336 221
336 220
336 219
336 218
336 217
336 216
336 215
336 214
336 213
336 212
336 211
336 210
335 209
334 208
333 207
325 238
324 239
323 240
322 241
321 242
320 243
319 244
318 245
317 246
316 247
315 248
315 249
315 250
338 242
339 242
340 242
341 242
342 241
343 240
344 239
345 238
339 243
340 244
341 245
342 246
343 247
344 248
345 249
346 250
347 251
348 252
349 253
350 254
351 255
352 256
353 257
354 258
355 259
356 260
356 261
356 262
357 262
358 262
359 262
360 262
361 262
362 262
363 262
364 262
365 262
366 262
367 262
368 262
369 262
370 262
371 262
372 262
373 262
374 262
375 262
376 262
377 262
378 262
379 262
380 262
381 262
382 261
383 260
383 259
383 258
383 257
383 256
383 255
384 254
385 253
386 252
387 251
388 250
389 249
390 248
391 247
392 246
393 245
394 244
395 245
396 246
397 246
398 246
399 246
400 246
401 246
402 246
403 246
404 246
405 246
406 246
407 246
408 246
409 246
410 246
411 246
412 246
413 246
414 246
415 246
416 246
417 246
418 246
419 246
420 246
421 246
422 246
423 246
424 246
425 246
426 246
427 246
428 246
429 246
430 246
431 246
432 246
433 247
434 248
435 249
436 250
436 251
436 252
436 253
437 254
438 255
439 256
440 257
441 258
442 259
443 259
444 259
445 259
446 259
447 259
448 260
449 261
450 262
450 263
450 264
450 265
450 266
450 267
450 268
450 269
450 270
450 271
450 272
451 273
452 274
453 275
454 276
455 277
456 278
457 279
458 280
459 281
460 281
461 281
462 281
463 281
464 281
465 281
466 281
467 281
468 281
469 281
470 281
471 281
472 281
473 281
474 281
475 281
476 281
477 281
478 282
479 283
480 284
481 285
482 286
483 287
484 288
485 289
486 290
487 291
488 291
488 290
488 289
488 288
488 287
489 286
490 285
491 284
492 283
493 282
494 281
495 280
496 279
496 278
496 277
496 276
497 275
498 274
499 273
500 272
501 271
502 270
503 269
504 268
505 267
506 266
507 265
508 265
509 265
510 265
511 264
512 263
513 262
514 261
515 260
516 259
517 258
518 257
519 256
520 255
521 254
521 253
521 252
521 251
521 250
520 249
519 248
518 247
517 246
516 245
515 244
514 243
513 242
512 241
511 240
510 239
509 238
508 237
507 236
507 235
507 234
507 233
507 232
507 231
507 230
507 229
507 228
507 227
507 226
507 225
507 224
507 223
508 222
509 221
510 220
510 219
510 218
510 217
510 216
510 215
510 214
510 213
510 212
510 211
510 210
511 209
512 208
513 207
514 206
515 205
516 204
517 203
518 202
519 201
520 200
521 199
521 198
521 197
520 196
519 195
519 194
518 194
518 193
518 192
518 191
518 190
518 189
518 188
518 187
518 186
518 185
518 184
518 183
518 182
517 181
520 194
521 194
522 193
523 192
524 191
525 190
526 189
527 188
528 187
529 186
530 185
531 184
532 183
533 182
534 181
535 180
536 179
537 178
538 177
539 177
540 177
541 177
542 176
543 175
544 174
545 173
546 172
547 171
548 170
548 169
547 169
546 168
545 167
544 166
543 165
542 164
541 163
541 162
541 161
541 160
541 159
541 158
541 157
541 156
541 155
541 154
541 153
541 152
541 151
541 150
541 149
540 148
539 147
538 146
537 145
536 144
535 143
534 142
533 141
532 140
531 139
530 138
529 137
528 136
527 135
526 134
525 133
524 132
523 131
522 130
521 130
520 130
519 130
518 130
517 130
516 130
515 130
514 130
513 130
512 130
511 130
510 130
509 130
508 130
507 130
506 130
505 129
505 128
504 127
503 126
502 125
501 124
500 123
499 122
498 121
497 120
496 119
495 118
494 117
493 116
492 115
491 114
490 113
489 112
488 111
487 110
486 109
486 108
486 107
486 106
487 105
488 104
549 169
506 237
505 238
504 239
503 240
502 240
501 240
500 240
499 240
498 240
497 240
496 240
495 240
494 241
493 242
492 243
491 244
490 245
489 246
488 246
487 246
486 246
485 246
484 246
522 255
522 256
522 257
522 258
522 259
522 260
522 261
522 262
522 263
523 264
524 265
525 266
526 267
527 268
528 269
528 270
528 271
528 272
528 273
527 273
526 274
525 275
524 276
523 277
522 278
521 279
520 280
519 281
518 281
517 281
516 281
517 282
518 283
519 284
520 285
521 286
522 287
523 288
524 289
525 290
526 291
526 292
526 293
526 294
526 295
526 296
526 297
526 298
528 274
528 275
528 276
315 272
316 273
317 274
318 275
319 276
319 277
319 278
319 279
319 280
319 281
319 282
319 283
319 284
319 285
319 286
319 287
319 288
319 289
319 290
318 291
317 292
316 293
315 294
314 295
313 296
312 297
311 298
310 298
309 297
308 296
307 295
306 294
305 293
304 292
303 291
302 290
301 291
300 292
299 292
298 292
297 292
296 292
295 292
294 292
293 292
292 292
291 292
290 292
289 293
288 294
287 295
286 296
285 297
284 298
283 299
282 300
281 301
280 302
279 303
278 304
277 305
276 306
275 306
274 306
273 305
272 304
271 303
270 302
269 301
268 300
267 299
266 298
265 297
264 296
264 295
264 294
264 293
264 292
264 291
263 290
262 289
261 288
260 287
259 286
258 285
257 284
256 283
276 307
277 308
278 309
279 310
280 311
281 312
282 313
283 314
284 315
285 316
286 317
287 318
288 319
289 320
290 321
291 321
292 321
293 321
294 321
295 321
296 321
297 321
298 321
299 321
300 321
301 321
302 321
303 321
304 321
305 321
306 320
307 319
308 318
309 317
310 318
311 319
312 320
313 321
314 322
315 323
316 324
317 325
318 326
319 327
320 328
321 329
322 330
323 331
324 332
325 333
326 333
327 333
328 333
327 334
326 335
326 336
326 337
326 338
326 339
326 340
326 341
326 342
326 343
326 344
326 345
326 346
326 347
326 348
326 349
326 350
326 351
326 352
326 353
326 354
291 322
290 323
289 324
288 325
287 326
286 327
286 328
286 329
286 330
286 331
286 332
286 333
286 334
286 335
286 336
286 337
286 338
285 339
284 340
283 341
282 342
281 343
280 344
279 345
278 346
278 347
278 348
278 349
278 350
278 351
278 352
278 353
278 354
278 355
278 356
278 357
277 357
276 357
275 357
274 357
273 356
272 355
271 354
270 353
269 352
268 351
267 350
266 349
265 348
264 347
263 346
262 345
261 344
260 343
259 342
258 341
257 341
256 341
255 341
254 341
253 341
252 341
251 341
250 341
249 340
248 339
247 338
246 337
245 337
244 337
243 337
242 337
241 337
240 337
239 337
238 337
237 337
236 337
235 337
234 336
233 335
232 334
231 333
230 332
229 331
228 330
227 329
226 328
225 327
224 328
224 329
224 330
224 331
224 332
224 333
224 334
224 335
224 336
224 337
224 338
224 339
224 340
223 341
222 342
221 343
220 344
219 345
218 346
217 347
216 348
215 349
214 350
213 351
212 352
212 353
211 354
210 355
209 355
208 355
207 355
206 355
205 355
204 355
203 355
202 355
201 355
200 355
199 355
198 355
198 354
198 353
198 352
198 351
197 350
196 349
195 348
194 347
193 346
192 345
191 344
190 343
189 342
188 342
187 342
186 342
185 342
184 342
183 342
182 342
181 342
180 342
179 342
178 342
177 342
176 342
175 341
174 340
173 339
173 338
173 337
173 336
173 335
173 334
173 333
173 332
173 331
174 330
175 329
176 328
177 327
178 326
178 325
178 324
178 323
178 322
178 321
178 320
178 319
179 318
180 317
181 316
182 315
183 314
184 313
185 312
186 311
187 310
187 309
186 309
185 309
184 309
183 309
182 309
181 309
180 309
179 309
178 309
177 308
176 307
188 309
189 341
189 340
190 339
191 338
192 337
193 336
194 335
195 334
196 333
197 332
198 331
199 330
200 330
201 330
202 330
203 330
204 330
205 330
206 330
207 330
208 330
209 330
210 330
199 329
199 328
199 327
199 326
199 325
199 324
199 323
200 322
201 321
202 320
203 319
204 318
205 317
206 316
207 315
277 358
276 359
275 360
274 361
273 362
272 363
271 364
270 365
269 366
268 367
267 368
266 369
265 369
264 369
263 369
262 369
261 369
260 369
259 369
258 369
257 369
256 369
255 368
254 367
253 366
252 365
279 358
280 359
281 360
282 361
283 362
284 363
285 364
286 365
287 366
288 367
289 368
290 369
291 369
292 369
293 369
294 369
295 369
296 369
297 369
298 369
299 368
300 367
301 366
302 365
303 364
304 363
305 362
287 339
288 340
289 341
290 342
291 342
292 342
293 342
294 342
295 342
296 342
297 342
298 342
299 342
300 342
301 342
302 342
303 342
304 342
305 342
280 203
281 204
282 205
283 205
284 205
285 206
286 207
287 208
288 209
289 210
290 211
290 212
290 213
290 214
290 215
290 216
290 217
290 218
290 219
189
292 183
303 168
306 157
307 144
311 132
318 167
332 167
346 164
342 152
344 134
342 123
330 123
324 110
316 97
309 90
310 108
285 116
279 104
271 106
267 98
261 94
257 81
247 107
236 101
229 101
228 89
215 86
204 81
211 97
200 99
187 95
174 91
166 73
163 102
194 106
244 95
284 85
355 121
362 91
342 180
309 190
271 211
268 225
260 198
246 197
242 208
243 223
251 235
243 244
237 254
218 248
202 256
187 243
181 256
165 245
153 237
203 231
214 224
195 213
190 200
176 201
162 207
157 193
149 219
137 217
126 204
117 181
102 190
127 236
117 234
106 222
91 228
86 214
74 209
78 187
59 212
42 201
43 184
39 165
29 135
52 119
48 106
32 107
58 106
39 85
21 58
42 55
58 56
76 60
63 92
74 94
89 90
95 97
108 86
122 86
134 68
107 67
26 203
22 185
20 172
39 226
64 225
79 231
77 242
109 250
128 251
166 218
180 221
211 195
250 255
274 251
282 257
292 269
302 268
314 271
330 255
326 237
336 226
333 207
315 250
338 242
345 238
356 262
365 262
383 260
394 244
432 246
436 253
447 259
450 272
477 281
488 291
496 279
507 265
521 254
507 236
510 220
521 199
518 194
517 181
538 177
541 163
522 130
508 130
505 129
486 109
488 104
549 169
495 240
484 246
522 263
528 272
516 281
526 298
528 276
319 290
310 298
302 290
290 292
275 306
264 296
256 283
292 321
309 317
328 333
326 354
286 338
278 357
258 341
246 337
225 327
224 340
212 353
198 355
189 342
173 339
178 326
176 307
188 309
199 330
210 330
207 315
266 369
252 365
293 369
305 362
305 342
284 205
290 219
