2633
278 201
277 200
276 199
278 203
277 204
276 205
275 206
275 207
275 208
275 209
275 210
275 211
275 212
275 213
275 214
275 215
275 216
274 217
273 218
272 219
271 220
270 221
269 222
268 223
267 224
266 225
265 225
264 226
263 227
262 228
261 229
260 230
259 231
258 232
257 232
256 232
255 232
254 232
253 232
252 232
251 232
250 232
249 232
248 232
247 233
246 234
245 235
244 236
243 237
242 238
241 239
240 240
239 241
238 242
237 243
236 244
235 245
234 246
233 246
232 246
231 245
230 244
229 243
228 242
227 241
226 240
225 239
225 238
225 237
225 236
225 235
225 234
225 233
225 232
225 231
225 230
224 229
223 228
223 227
223 226
223 225
223 224
223 223
223 222
223 221
223 220
223 219
223 218
223 217
223 216
223 215
222 214
221 214
220 214
219 214
218 214
217 214
216 214
215 214
214 214
213 214
212 214
211 214
210 214
209 214
208 214
207 214
206 214
205 214
204 215
203 216
202 216
201 216
200 216
199 216
198 216
197 216
196 216
195 216
194 216
194 215
194 214
194 213
194 212
194 211
194 210
194 209
193 208
192 207
191 206
190 205
189 204
188 203
189 202
190 201
191 200
192 199
193 198
194 197
195 196
196 195
197 194
198 193
199 192
200 191
194 217
194 218
194 219
194 220
194 221
194 222
194 223
194 224
194 225
194 226
194 227
194 228
194 229
194 230
194 231
194 232
193 233
192 233
191 233
190 233
189 233
188 233
187 233
186 233
185 233
184 233
183 233
182 233
181 233
180 233
179 233
178 233
177 234
176 235
175 235
174 235
173 235
173 234
173 233
173 232
172 231
171 230
170 229
169 228
168 227
167 226
166 225
165 224
164 223
163 222
162 221
161 220
160 219
159 218
158 217
157 216
156 216
155 216
154 216
153 216
152 216
151 215
150 214
149 213
148 212
147 211
146 210
145 209
144 208
143 207
142 206
141 206
140 206
139 206
138 206
137 206
136 205
135 204
134 203
133 202
132 201
131 200
130 199
130 198
131 197
132 196
133 195
134 194
135 193
136 192
137 191
138 190
139 189
140 188
141 187
142 186
143 185
144 186
145 186
146 186
147 186
148 186
149 186
150 186
151 186
152 186
153 186
154 186
141 207
140 208
140 209
140 210
140 211
140 212
140 213
140 214
140 215
139 215
138 215
137 215
136 215
135 215
134 215
133 215
132 215
131 215
130 215
129 214
128 213
127 213
126 213
125 213
124 213
123 212
122 211
121 210
120 209
119 208
118 207
117 206
116 205
115 204
114 203
113 202
112 202
111 201
110 200
109 199
108 198
107 197
106 196
105 195
104 194
103 193
102 192
101 191
100 190
99 190
98 190
97 190
96 190
95 190
94 190
93 190
92 189
91 188
90 187
89 186
88 185
87 184
86 183
85 182
84 181
83 180
82 179
81 179
80 179
79 179
78 179
77 179
76 179
75 179
74 179
73 179
72 179
71 179
70 179
69 179
68 179
67 179
66 179
65 179
64 179
63 179
62 179
61 179
60 178
59 177
58 176
57 175
56 175
55 175
54 175
53 174
52 173
51 172
50 171
49 170
48 169
47 168
46 167
45 166
44 165
43 164
42 163
41 162
41 161
41 160
41 159
41 158
41 157
41 156
41 155
41 154
41 153
40 152
39 151
39 150
39 149
39 148
39 147
39 146
38 145
40 163
39 164
38 165
37 166
36 167
35 168
34 169
33 170
33 171
33 172
56 176
55 177
54 178
53 179
52 180
51 181
50 182
49 183
48 184
47 185
46 186
45 187
44 188
43 189
42 190
41 191
40 191
39 191
40 192
41 193
42 194
43 195
44 196
45 197
46 197
47 197
46 198
45 199
44 200
43 201
42 202
42 203
42 204
42 205
42 206
41 206
40 206
39 206
38 206
37 206
36 205
35 204
34 203
33 202
43 207
44 208
45 209
46 210
47 211
48 212
49 213
49 214
49 215
49 216
49 217
49 218
49 219
49 220
50 221
51 222
52 223
53 224
54 225
55 226
56 227
56 228
56 229
56 230
56 231
56 232
56 233
56 234
56 235
56 236
55 237
54 238
53 238
52 238
51 238
50 238
49 238
48 238
47 238
46 238
45 238
44 238
43 238
42 238
41 238
40 238
39 238
38 238
37 238
36 237
35 236
35 235
35 234
35 233
35 232
35 231
35 230
35 229
35 228
35 227
34 226
33 225
32 224
34 237
33 238
32 239
31 240
30 241
29 242
28 243
27 244
26 245
25 245
24 245
57 237
58 238
59 239
60 240
61 241
62 242
63 243
64 244
65 244
66 244
67 244
68 244
69 245
70 245
71 245
72 245
73 245
74 245
75 245
76 245
77 245
78 245
79 245
80 245
81 245
82 245
83 246
84 247
85 247
84 248
84 249
86 246
87 245
88 244
99 191
98 192
97 193
96 194
95 195
94 196
93 197
92 198
91 199
90 199
89 199
88 199
87 199
88 200
89 201
90 202
91 203
92 204
93 205
94 206
95 207
95 208
95 209
95 210
94 211
93 212
92 213
91 214
90 215
89 216
88 216
87 216
86 216
85 216
84 216
83 216
82 216
81 216
80 216
79 216
96 211
96 212
96 213
96 214
96 215
96 216
96 217
96 218
96 219
96 220
96 221
96 222
96 223
96 224
97 225
98 226
99 227
100 228
101 229
102 230
103 231
104 232
105 233
106 234
107 235
108 236
109 237
110 238
111 239
112 240
113 241
114 242
115 242
114 243
113 244
112 245
111 246
110 247
110 248
110 249
110 250
110 251
110 252
110 253
116 243
117 244
118 245
119 246
120 247
121 248
122 249
123 250
124 251
125 252
126 253
127 253
128 253
129 253
130 253
131 253
131 252
131 251
131 250
131 249
131 248
131 247
131 246
131 245
131 244
131 243
131 242
132 241
133 240
134 239
135 238
136 237
137 236
132 254
133 254
134 254
135 254
136 254
137 254
138 254
139 254
140 254
141 254
142 254
143 254
144 254
174 236
175 237
176 238
177 239
178 240
179 241
180 242
181 243
182 244
183 245
184 246
185 247
185 248
185 249
185 250
185 251
184 252
183 253
182 254
181 255
180 255
179 255
178 255
177 255
176 255
175 255
174 255
222 213
222 212
222 211
222 210
222 209
222 208
222 207
222 206
222 205
222 204
222 203
222 202
222 201
222 200
222 199
222 198
222 197
222 196
221 195
220 194
224 240
223 241
222 242
221 243
220 244
219 245
218 246
217 247
216 248
215 249
214 250
213 251
212 252
211 253
210 253
209 253
208 253
207 253
206 253
205 253
233 247
234 248
235 249
236 250
237 251
238 252
239 252
240 252
241 252
242 252
243 252
244 252
245 253
246 254
247 255
247 256
247 257
247 258
247 259
247 260
247 261
247 262
247 263
247 264
247 265
248 266
248 267
248 268
248 269
248 270
248 271
248 272
248 273
249 273
250 273
251 273
252 273
253 273
254 272
255 271
256 270
257 269
258 268
259 267
260 266
261 265
266 226
266 227
266 228
266 229
266 230
266 231
266 232
266 233
266 234
266 235
266 236
266 237
267 237
268 237
269 237
270 237
271 237
272 237
273 237
274 237
275 237
276 236
277 235
278 234
279 235
280 236
281 237
282 237
283 237
284 237
285 237
286 237
287 237
288 237
289 237
290 237
291 237
292 237
293 237
294 237
295 237
296 238
297 238
298 238
299 238
300 238
301 238
302 238
303 238
304 238
303 239
302 240
301 241
300 242
299 243
298 244
297 245
296 246
295 247
295 248
295 249
295 250
295 251
295 252
295 253
295 254
295 255
295 256
295 257
295 258
295 259
295 260
295 261
295 262
295 263
295 264
295 265
295 266
295 267
295 268
295 269
295 270
295 271
295 272
295 273
295 274
295 275
294 276
293 277
292 278
291 278
290 278
289 278
288 278
287 278
286 278
285 278
284 278
296 276
297 277
298 278
299 279
300 280
301 281
302 282
303 283
304 284
305 285
306 286
307 287
307 288
307 289
307 290
308 290
309 290
310 290
311 290
312 290
313 290
314 289
315 288
316 287
317 286
318 285
319 284
320 283
321 282
322 281
323 280
324 279
325 278
326 277
327 276
328 275
329 274
330 273
331 272
306 291
305 292
304 293
303 294
302 295
301 296
300 297
299 298
298 299
297 300
297 301
297 302
297 303
297 304
297 305
297 306
296 307
295 308
294 309
293 310
292 311
291 312
290 313
289 314
288 315
287 316
286 317
285 317
284 317
283 317
282 316
281 315
280 314
279 313
278 312
277 311
276 310
275 309
274 308
285 318
284 319
283 320
282 321
281 322
280 323
279 324
278 325
277 326
276 326
275 326
274 326
273 326
272 326
271 326
270 326
269 326
268 326
267 326
266 326
265 326
264 325
263 324
262 323
261 322
260 321
259 320
258 319
257 318
256 317
256 316
256 315
256 314
256 313
256 312
256 311
256 310
256 309
256 308
256 307
256 306
256 305
256 304
255 303
254 302
253 301
252 300
255 318
254 319
253 320
252 321
251 322
250 323
249 324
248 325
248 326
248 327
248 328
247 329
246 330
245 331
244 332
243 333
242 334
241 335
240 336
239 337
238 338
237 339
236 340
235 341
234 342
233 343
232 344
231 345
230 346
229 346
228 346
227 346
226 346
225 346
224 346
223 346
222 346
221 345
220 344
219 343
218 342
217 341
216 340
215 339
214 338
213 337
212 336
211 335
210 334
209 333
208 332
207 331
206 330
205 329
204 328
203 327
202 326
201 325
201 324
201 323
201 322
201 321
201 320
202 319
203 318
204 317
205 316
206 315
206 314
205 314
204 314
203 314
202 314
201 314
200 314
199 314
198 314
197 314
196 313
195 312
194 311
193 310
192 309
191 308
190 309
189 310
188 311
187 312
186 313
185 313
184 313
183 313
182 313
181 313
180 313
179 313
178 313
177 313
176 313
175 313
207 314
208 314
209 314
210 314
211 314
212 314
213 314
214 314
215 314
216 314
225 347
224 348
223 349
222 350
221 351
220 351
219 351
218 351
217 351
216 351
215 351
214 351
213 351
212 351
211 351
210 351
209 351
208 351
207 351
206 351
205 351
204 351
203 351
202 351
201 350
200 351
199 351
198 351
197 351
196 351
195 351
194 351
193 351
192 351
191 351
190 351
274 327
275 328
276 329
277 330
278 331
279 332
280 333
281 334
282 335
283 336
284 337
285 338
286 339
287 339
288 339
287 340
286 341
285 342
284 343
283 344
282 345
281 346
281 347
281 348
281 349
280 350
279 351
278 352
277 353
276 354
275 355
274 356
273 357
272 357
271 357
270 357
269 357
268 357
267 357
266 357
267 358
268 359
269 360
270 361
271 362
272 363
273 364
274 365
275 366
276 367
276 368
277 368
278 368
279 367
280 366
281 365
282 364
283 365
284 366
285 367
286 368
287 369
288 369
289 369
290 369
291 369
292 369
293 369
294 369
295 369
296 369
297 369
298 369
299 369
300 369
301 369
302 369
303 369
304 369
305 368
306 367
306 366
306 365
306 364
306 363
306 362
306 361
306 360
306 359
307 358
308 357
309 356
310 355
311 354
312 353
312 352
312 351
312 350
312 349
313 348
314 347
315 346
316 345
317 344
318 343
319 342
320 341
320 340
320 339
320 338
320 337
320 336
320 335
320 334
320 333
319 332
318 331
317 330
316 329
315 328
314 327
314 326
313 326
312 327
311 328
310 329
309 330
308 331
307 331
306 331
305 331
305 330
305 329
305 328
304 327
303 326
315 326
316 326
317 326
318 326
319 326
320 326
321 326
322 326
323 326
324 325
325 324
326 323
327 322
328 321
329 320
329 319
329 318
329 317
329 316
329 315
329 314
329 313
329 312
329 311
329 310
329 309
329 308
329 307
329 306
329 305
329 304
330 303
331 302
332 301
313 354
314 355
315 356
316 357
317 358
318 359
319 360
320 361
321 362
322 363
323 364
323 365
323 366
298 307
299 308
300 308
301 308
280 201
281 200
282 199
283 198
284 197
285 196
286 195
287 194
288 193
289 192
290 191
291 190
292 189
293 188
294 187
295 186
296 187
297 188
298 189
299 190
300 191
301 192
302 192
303 192
304 192
305 192
306 192
307 192
308 192
309 192
310 192
310 191
310 190
310 189
310 188
310 187
310 186
310 185
310 184
311 183
312 182
313 181
314 180
315 179
316 178
317 177
318 176
318 175
318 174
318 173
317 172
316 171
315 170
314 169
313 168
312 167
311 166
310 165
309 164
309 163
309 162
309 161
309 160
309 159
309 158
308 157
307 156
306 155
305 154
304 153
303 152
302 151
301 150
300 149
299 148
298 147
298 146
298 145
298 144
298 143
298 142
298 141
298 140
298 139
298 138
298 137
298 136
298 135
298 134
298 133
298 132
298 131
299 130
299 129
299 128
299 127
299 126
299 125
299 124
299 123
299 122
298 121
297 120
296 119
295 118
295 117
295 116
295 115
295 114
295 113
295 112
295 111
295 110
295 109
295 108
295 107
295 106
295 105
295 104
294 103
293 102
292 101
291 100
291 99
290 99
290 98
289 97
288 96
287 95
286 94
285 93
284 92
283 92
282 92
281 92
280 92
279 92
278 92
277 92
276 92
275 91
274 90
273 89
272 90
271 91
270 92
269 93
268 94
267 95
266 96
265 97
264 98
263 99
262 100
261 101
260 102
259 103
258 104
258 105
257 103
256 102
255 101
254 100
253 99
252 98
251 97
250 96
249 95
248 94
247 94
246 94
245 94
244 94
243 94
242 94
241 94
240 94
239 94
238 94
237 93
236 92
235 91
234 90
233 90
232 90
231 90
230 90
229 90
228 90
227 90
226 90
225 90
224 90
223 90
222 90
221 90
220 90
219 90
218 90
217 90
216 89
215 88
214 87
213 86
212 86
211 85
210 84
209 83
208 82
207 81
206 80
205 79
204 78
203 77
202 76
201 75
200 74
199 73
198 72
197 71
196 72
195 73
194 73
193 73
192 73
191 73
190 73
189 73
188 73
187 73
186 73
185 73
184 73
183 74
182 75
181 76
180 77
179 78
178 79
177 80
176 81
175 82
174 83
173 84
172 85
171 86
170 87
169 88
168 88
167 88
166 88
165 88
164 88
163 87
162 86
161 85
160 86
159 87
158 88
157 89
156 90
155 91
154 92
153 93
152 94
151 95
150 96
149 97
148 98
147 98
147 97
147 96
146 95
145 94
144 93
143 92
142 91
141 90
140 89
139 88
138 87
137 86
136 85
135 84
134 83
133 82
133 81
132 81
131 82
130 83
129 84
128 85
127 86
126 87
125 88
124 89
123 90
122 91
121 92
120 93
119 94
118 95
117 96
116 97
115 98
115 99
115 100
114 100
113 100
112 100
111 100
110 100
109 100
108 99
107 98
106 97
105 96
104 95
103 94
102 93
101 92
100 91
99 90
98 89
97 88
96 87
95 86
94 85
93 84
92 84
91 84
90 84
89 84
88 84
87 84
86 84
85 84
84 84
83 84
82 83
81 82
80 81
79 80
78 79
77 78
76 77
75 76
74 75
73 74
72 73
71 72
70 71
69 70
68 69
67 68
66 67
65 66
64 65
63 64
62 63
61 62
60 61
59 62
58 63
57 64
56 65
55 66
54 67
53 68
52 69
51 70
50 71
49 71
48 71
47 71
46 71
45 71
44 71
43 71
42 71
42 70
42 69
42 68
42 67
42 66
42 65
42 64
42 63
42 62
42 61
41 60
40 59
39 58
38 59
37 60
36 61
35 61
34 61
33 61
32 61
31 61
30 61
29 61
28 61
27 61
26 61
25 61
24 61
41 72
41 73
41 74
41 75
41 76
41 77
41 78
41 79
41 80
41 81
41 82
42 83
43 84
44 85
45 86
46 87
46 88
46 89
46 90
46 91
46 92
46 93
46 94
46 95
46 96
45 96
44 96
43 96
42 96
41 96
40 96
39 96
38 96
37 96
36 96
35 96
34 97
33 98
32 99
32 100
32 101
32 102
32 103
32 104
32 105
33 106
33 107
33 108
33 109
33 110
33 111
33 112
33 113
33 114
33 115
33 116
33 117
33 118
33 119
47 96
48 96
49 96
50 96
51 96
52 96
53 96
54 96
55 96
56 96
57 96
47 97
48 98
49 99
50 100
51 101
52 102
52 103
52 104
52 105
52 106
52 107
52 108
52 109
134 81
135 81
136 80
137 79
138 78
139 77
140 76
141 75
142 74
143 73
144 72
145 71
146 70
147 69
148 68
149 67
150 66
151 65
147 99
147 100
167 89
168 90
169 91
170 92
171 93
172 94
173 95
174 96
175 97
176 98
177 99
178 99
179 99
180 99
181 99
182 99
183 99
184 99
185 99
186 99
187 99
234 89
234 88
234 87
234 86
234 85
234 84
234 83
235 82
236 81
237 80
238 79
292 99
293 99
294 99
295 99
296 99
297 99
298 99
299 99
300 99
301 99
302 98
303 97
304 96
305 95
306 94
307 93
308 94
309 95
310 96
311 97
312 98
313 99
314 100
315 100
316 100
317 100
318 100
319 100
320 100
321 99
322 98
323 97
324 96
325 95
326 94
327 93
328 92
329 91
330 90
319 177
320 178
321 179
322 180
323 181
324 181
325 181
326 181
327 181
328 181
329 181
330 181
331 181
332 181
333 181
334 181
335 181
336 181
337 181
338 181
339 181
340 181
341 181
342 181
343 181
344 181
344 180
344 179
344 178
344 177
344 176
344 175
345 174
346 173
347 172
348 171
349 170
350 169
351 168
352 167
353 166
354 165
355 164
356 163
356 162
356 161
356 160
356 159
356 158
356 157
356 156
355 155
354 154
353 153
352 152
351 151
351 150
350 150
349 150
348 150
347 150
346 150
345 150
344 150
343 150
342 150
341 150
340 150
339 149
338 148
337 147
336 146
335 145
334 145
333 145
332 144
331 143
330 142
329 141
328 140
327 139
326 138
325 137
324 136
323 135
322 134
321 133
320 132
352 150
353 149
354 148
355 147
356 146
357 145
358 144
359 143
360 142
361 141
361 140
360 140
359 140
358 139
357 138
356 137
355 136
354 135
353 134
352 133
351 132
350 131
349 130
348 129
347 128
346 127
346 126
345 126
347 126
348 126
349 125
350 124
351 123
352 122
353 121
354 120
355 119
356 118
357 117
358 116
358 115
358 114
358 113
358 112
359 111
360 110
361 109
362 108
363 107
364 106
365 105
362 140
334 182
335 183
336 184
337 185
338 186
339 187
340 188
341 189
342 190
342 191
342 192
342 193
342 194
343 195
344 196
345 197
346 197
347 197
348 197
349 197
350 197
351 197
352 197
353 197
354 197
355 197
356 197
355 198
354 199
353 200
352 201
351 202
351 203
351 204
351 205
351 206
351 207
351 208
351 209
351 210
351 211
351 212
351 213
351 214
351 215
350 216
349 217
348 218
347 219
346 220
345 220
344 220
343 220
342 220
341 220
340 220
339 220
338 220
337 220
338 221
339 222
340 223
341 224
342 225
343 226
344 227
345 228
345 229
345 230
345 231
345 232
345 233
345 234
345 235
345 236
345 237
344 238
343 239
342 240
341 241
340 242
339 243
338 244
337 245
336 246
335 247
334 247
333 247
332 247
331 247
330 247
329 247
328 247
327 247
326 247
325 247
346 238
347 239
348 240
349 241
350 242
351 243
352 244
353 245
354 246
355 247
356 248
357 249
358 250
359 250
360 250
361 250
362 250
363 250
364 250
365 250
366 250
367 250
368 250
369 250
370 250
371 250
372 249
373 248
374 247
375 246
376 245
377 244
378 243
379 244
380 245
381 246
382 247
383 248
384 249
385 250
386 251
387 252
388 253
389 254
390 255
391 256
392 257
393 258
394 259
395 260
396 261
397 262
398 263
399 264
400 265
401 266
402 267
403 268
404 269
405 270
406 271
407 271
407 270
407 269
407 268
408 267
409 266
410 265
411 264
412 263
413 262
414 261
415 260
416 259
417 258
418 257
419 256
420 256
421 256
422 256
423 256
424 256
425 256
426 256
427 256
428 256
429 256
430 256
431 256
432 256
433 256
434 256
435 255
436 254
437 253
438 252
439 251
440 250
441 251
442 252
443 253
444 254
445 255
446 256
447 257
448 258
449 259
449 260
449 261
449 262
450 262
451 262
452 262
453 262
454 262
455 261
456 260
457 259
458 258
459 257
460 256
461 255
462 254
463 253
464 252
465 251
466 250
467 249
468 248
469 247
470 246
471 245
472 244
473 243
474 242
475 241
476 240
477 239
478 238
479 237
480 238
481 239
482 240
483 241
484 242
485 243
486 244
486 245
486 246
486 247
486 248
487 248
488 248
489 248
490 248
491 248
492 248
493 248
494 248
495 248
496 248
497 248
498 247
499 246
500 245
501 244
502 243
503 242
504 241
505 240
506 239
507 238
507 237
507 236
507 235
507 234
507 233
507 232
507 231
508 230
509 229
510 228
511 227
512 226
513 226
514 226
515 226
516 225
517 224
518 223
519 222
519 221
519 220
519 219
519 218
518 217
518 216
518 215
518 214
518 213
518 212
518 211
518 210
518 209
518 208
517 207
516 206
515 205
514 204
513 203
512 202
511 201
510 200
510 199
510 198
510 197
510 196
510 195
510 194
510 193
510 192
510 191
510 190
510 189
510 188
510 187
510 186
510 185
510 184
510 183
510 182
510 181
510 180
510 179
510 178
510 177
510 176
510 175
510 174
510 173
510 172
510 171
510 170
510 169
510 168
510 167
510 166
510 165
510 164
510 163
510 162
510 161
510 160
510 159
510 158
510 157
510 156
510 155
510 154
510 153
510 152
510 151
510 150
510 149
510 148
510 147
510 146
510 145
510 144
510 143
510 142
510 141
510 140
510 139
510 138
510 137
510 136
510 135
510 134
510 133
510 132
509 131
508 130
507 129
506 128
505 127
506 126
507 125
508 124
509 123
510 122
511 121
512 120
513 119
514 118
515 117
516 116
516 115
515 115
514 115
513 115
512 114
511 113
510 112
509 111
508 110
507 109
506 108
505 107
504 107
503 107
502 107
501 107
500 107
499 106
498 105
497 104
496 103
517 115
518 116
519 117
520 118
520 119
520 120
520 121
508 239
509 240
510 241
511 242
512 243
513 244
514 245
515 246
516 247
516 248
516 249
516 250
485 249
484 250
483 251
482 252
481 253
481 254
481 255
481 256
481 257
481 258
481 259
481 260
481 261
481 262
481 263
481 264
481 265
481 266
481 267
481 268
482 269
483 270
484 271
485 272
486 273
487 273
488 273
489 273
490 273
491 273
492 273
493 273
494 273
495 273
494 274
493 275
492 276
491 277
490 278
489 279
488 280
487 281
486 282
485 283
484 284
483 284
482 284
496 274
497 275
498 276
499 277
500 278
501 279
502 280
503 281
504 282
505 283
506 284
507 285
508 285
509 285
510 285
511 285
512 285
513 285
514 284
515 283
516 282
517 281
518 280
519 279
520 279
521 279
522 279
523 279
524 279
525 279
526 279
527 279
528 279
529 279
530 279
531 279
532 278
533 277
520 280
521 281
522 282
523 283
523 284
523 285
523 286
523 287
523 288
523 289
523 290
523 291
523 292
523 293
448 263
447 264
446 265
445 266
444 267
443 268
442 269
441 270
441 271
441 272
441 273
441 274
441 275
441 276
441 277
441 278
441 279
441 280
407 272
407 273
407 274
407 275
360 251
361 252
362 253
362 254
362 255
362 256
362 257
362 258
362 259
362 260
362 261
362 262
362 263
362 264
362 265
362 266
362 267
362 268
189
276 199
275 216
265 225
248 232
232 246
225 239
223 228
222 214
205 214
194 216
188 203
200 191
194 232
178 233
173 235
157 216
142 206
130 199
143 185
154 186
140 215
128 213
113 202
100 190
82 179
66 179
57 175
41 162
39 151
38 145
33 172
39 191
47 197
42 206
33 202
49 220
56 236
47 238
35 236
32 224
24 245
68 244
82 245
84 249
88 244
87 199
95 210
79 216
96 224
115 242
110 253
131 253
137 236
144 254
185 251
174 255
220 194
205 253
244 252
247 265
248 273
261 265
266 237
278 234
295 237
304 238
295 258
295 275
284 278
307 290
331 272
297 306
286 317
274 308
273 326
256 317
252 300
248 328
226 346
201 325
191 308
175 313
207 314
216 314
210 351
201 350
190 351
288 339
281 349
266 357
276 368
282 364
295 369
306 367
312 353
320 341
313 326
305 331
303 326
329 320
332 301
323 366
301 308
295 186
310 192
318 176
309 164
298 147
299 130
295 118
290 99
284 92
273 89
258 105
248 94
234 90
213 86
197 71
184 73
166 88
161 85
137 86
132 81
128 85
115 100
93 84
69 70
60 61
42 71
39 58
24 61
41 82
46 96
35 96
32 105
33 119
57 96
52 109
151 65
147 100
187 99
238 79
307 93
318 100
330 90
333 181
344 181
356 163
350 150
335 145
320 132
345 126
358 116
365 105
362 140
342 194
356 197
351 215
337 220
345 237
325 247
359 250
378 243
419 256
440 250
449 262
479 237
486 248
507 238
512 226
519 222
518 217
510 200
505 127
505 107
496 103
517 115
520 121
516 250
481 268
495 273
482 284
507 285
519 279
533 277
523 293
441 280
407 275
362 268
