2694
278 202
277 202
276 202
275 202
274 202
273 202
272 202
271 202
270 202
269 202
268 202
267 202
266 201
265 200
264 200
263 200
262 200
261 200
260 200
259 200
258 200
257 200
256 200
255 200
254 200
253 200
252 200
251 200
250 200
249 200
248 200
247 200
246 200
245 199
244 198
280 201
281 201
282 201
283 201
284 201
285 201
286 201
287 201
288 201
289 201
290 201
291 201
292 201
293 201
294 200
295 199
296 198
297 197
297 196
297 195
297 194
297 193
297 192
297 191
298 190
299 189
300 188
301 187
302 186
303 186
303 187
304 188
305 189
306 190
307 191
308 192
309 192
310 192
311 192
312 192
313 192
314 192
315 193
316 193
317 193
318 193
319 193
320 193
321 194
322 195
323 196
324 197
325 198
326 199
326 200
326 201
327 202
328 203
329 204
330 205
331 206
332 207
333 208
334 208
335 208
336 208
337 208
338 208
339 208
340 208
341 208
340 209
339 210
338 211
337 212
336 213
335 214
334 215
333 216
332 217
331 218
330 218
329 218
328 218
327 218
326 218
342 209
343 210
344 211
345 212
345 213
345 214
345 215
345 216
345 217
345 218
345 219
345 220
345 221
345 222
345 223
345 224
344 225
343 226
342 227
341 228
340 229
339 230
338 231
337 232
336 233
335 234
335 235
335 236
335 237
335 238
335 239
335 240
334 240
333 240
332 240
331 240
330 240
329 240
328 240
327 240
326 240
325 240
324 240
323 240
322 240
321 241
320 242
319 243
318 244
317 245
316 246
315 247
314 248
313 249
312 250
311 251
310 252
309 253
308 254
307 254
306 255
305 256
304 257
304 258
304 259
304 260
304 261
304 262
304 263
304 264
304 265
304 266
304 267
303 267
302 267
301 267
300 267
299 267
298 267
297 267
296 267
295 267
294 267
293 267
292 267
291 266
290 265
289 264
289 263
289 262
289 261
289 260
289 259
289 258
289 257
289 256
289 255
289 254
288 253
287 252
286 251
285 250
284 249
283 249
282 249
281 249
280 249
279 249
278 249
277 249
276 248
275 247
274 246
273 246
272 246
271 246
270 246
269 245
268 244
267 243
266 242
265 241
264 240
264 239
263 239
262 240
261 241
260 242
259 243
258 244
257 245
256 246
255 247
254 248
254 249
253 249
252 249
251 248
250 247
249 246
248 245
247 244
246 243
245 242
244 241
243 240
242 239
241 238
240 237
239 237
238 237
237 237
236 237
235 237
234 237
233 237
232 237
231 237
230 237
229 237
228 237
227 236
226 235
225 234
225 233
225 232
225 231
225 230
225 229
225 228
224 227
223 226
222 225
221 224
220 223
219 222
218 221
217 220
216 219
215 218
215 217
215 216
215 215
215 214
215 213
215 212
216 211
217 210
218 209
219 208
220 207
221 206
221 205
220 205
219 205
218 205
217 204
216 203
215 202
214 201
213 200
212 199
211 198
210 197
209 196
222 205
214 219
213 220
212 221
211 222
210 223
209 224
208 225
207 226
206 227
205 228
204 229
203 230
202 230
201 230
200 230
199 230
199 229
199 228
199 227
199 226
199 225
199 224
199 223
199 222
199 221
199 220
199 219
198 218
197 219
196 220
195 221
194 222
193 223
192 224
191 225
190 226
189 226
188 226
187 226
186 226
185 226
184 226
184 225
184 224
184 223
184 222
184 221
184 220
184 219
184 218
183 217
182 216
181 215
180 214
179 213
178 212
177 211
177 210
178 210
179 209
180 208
181 207
182 206
183 205
184 204
185 203
186 202
187 201
188 200
176 209
175 208
174 207
173 206
172 205
171 204
170 203
169 202
168 201
167 200
166 199
165 198
164 197
183 227
182 228
181 229
180 230
179 231
178 232
177 233
176 234
175 235
175 236
174 236
173 236
172 236
171 236
170 236
169 236
168 236
167 236
166 236
165 236
164 236
163 236
162 236
161 236
160 235
159 234
158 233
157 232
156 231
155 230
154 229
153 228
152 227
151 226
150 225
149 224
148 223
147 222
146 221
145 220
144 219
143 218
142 217
141 216
140 215
140 214
140 213
140 212
140 211
140 210
140 209
140 208
140 207
140 206
140 205
140 204
140 203
139 202
138 202
137 202
136 202
135 202
134 201
133 200
132 199
131 198
130 197
129 196
128 195
127 194
126 193
125 192
124 191
123 190
122 189
121 188
120 187
119 186
118 185
117 184
139 216
138 217
137 218
136 219
135 220
134 221
133 222
132 223
131 224
130 224
129 224
128 224
127 224
126 224
125 224
124 224
123 224
122 224
121 224
120 224
119 223
118 222
117 221
116 220
115 219
114 220
113 221
112 222
111 223
110 224
110 225
110 226
110 227
110 228
110 229
110 230
109 230
108 230
107 230
106 230
105 230
104 230
103 230
102 230
101 230
100 230
99 229
98 228
97 227
97 226
97 225
97 224
97 223
97 222
97 221
97 220
97 219
97 218
97 217
97 216
97 215
96 214
96 213
96 212
96 211
96 210
96 209
96 208
95 207
94 206
93 205
92 204
91 203
90 202
89 201
88 200
88 199
88 198
88 197
88 196
88 195
88 194
88 193
87 192
86 191
85 190
84 189
83 189
82 189
81 189
80 189
79 189
78 189
77 189
76 189
75 188
74 187
73 186
72 185
71 186
70 187
69 188
68 189
67 190
66 191
65 192
64 193
63 194
62 194
61 194
60 194
59 194
58 194
57 194
56 195
55 195
54 195
53 195
52 195
51 195
50 195
49 195
48 195
47 195
46 195
46 194
46 193
46 192
46 191
45 190
44 189
43 188
42 187
41 186
40 185
39 184
38 183
38 182
38 181
38 180
38 179
38 178
38 177
38 176
38 175
38 174
38 173
38 172
38 171
37 170
36 169
35 168
34 167
33 166
33 165
32 165
34 165
35 164
36 163
37 162
38 161
39 160
39 159
39 158
39 157
39 156
39 155
39 154
39 153
39 152
39 151
39 150
39 149
39 148
39 147
39 146
39 145
39 144
39 143
39 142
39 141
40 140
40 139
40 138
40 137
40 136
40 135
40 134
40 133
40 132
40 131
39 130
38 129
37 128
37 127
37 126
37 125
37 124
37 123
37 122
37 121
37 120
37 119
37 118
37 117
36 116
35 115
34 114
33 113
32 112
31 111
30 110
29 109
28 108
27 107
27 106
26 106
28 106
29 106
30 106
31 106
32 106
33 105
34 104
35 103
36 102
37 101
38 100
39 99
40 98
41 97
42 97
43 97
44 97
45 96
46 95
47 94
48 93
49 92
50 91
51 90
52 89
53 88
53 87
53 86
53 85
53 84
53 83
53 82
53 81
53 80
53 79
53 78
53 77
53 76
53 75
53 74
53 73
53 72
53 71
53 70
53 69
52 69
51 69
50 68
49 67
48 66
47 65
46 64
45 63
44 62
43 61
42 60
41 59
40 58
39 57
38 56
37 55
36 56
36 57
36 58
36 59
36 60
36 61
36 62
36 63
36 64
36 65
36 66
36 129
35 130
34 131
33 132
32 133
31 134
30 135
29 136
28 137
27 138
26 138
25 138
24 138
23 138
22 138
37 184
36 185
35 186
34 187
33 188
32 189
31 189
30 189
29 189
28 189
27 189
26 189
25 189
24 189
47 196
48 197
49 198
50 199
50 200
50 201
50 202
50 203
50 204
50 205
50 206
49 207
48 208
47 209
46 210
45 211
44 212
43 213
42 214
41 214
40 214
39 214
38 214
37 214
36 214
35 214
34 214
33 214
32 214
51 207
52 208
53 209
54 210
55 211
55 212
83 190
82 191
81 192
80 193
79 194
78 195
77 196
76 197
75 198
74 199
73 200
72 201
72 202
72 203
96 228
95 229
94 230
93 231
92 232
91 233
90 234
89 235
88 235
87 235
86 235
86 234
86 233
86 232
86 231
86 230
85 229
84 228
83 227
82 226
81 225
80 224
79 223
78 222
77 221
76 220
75 219
74 220
73 221
72 222
71 223
70 224
69 225
68 226
67 227
66 228
65 229
64 230
63 231
62 232
61 233
60 234
59 235
58 236
57 237
56 238
56 239
56 240
56 241
56 242
55 242
54 242
53 242
52 242
51 242
50 242
49 242
48 242
47 242
46 242
45 242
44 242
43 241
42 241
41 241
40 241
39 241
38 241
37 241
36 241
35 241
34 241
33 241
32 241
31 241
30 241
29 240
87 236
88 237
89 238
90 239
91 240
92 241
93 242
93 243
93 244
93 245
93 246
93 247
93 248
111 231
112 232
113 233
114 234
114 235
114 236
114 237
114 238
114 239
114 240
114 241
114 242
114 243
114 244
115 245
116 246
117 247
118 248
119 249
120 250
121 251
122 251
123 251
124 251
125 251
126 251
127 251
128 251
129 251
130 251
131 252
132 253
133 254
134 254
135 254
136 254
137 254
138 254
139 254
140 254
141 254
153 230
152 231
151 232
150 233
149 234
148 235
176 237
177 238
178 238
179 238
180 238
181 238
182 238
181 239
180 240
179 241
178 242
177 243
176 244
175 245
174 246
173 247
172 248
171 249
170 250
169 251
168 252
167 253
166 254
165 255
164 256
163 256
183 239
184 240
185 241
186 242
187 243
188 244
189 245
190 246
190 247
190 248
190 249
190 250
190 251
190 252
191 253
192 254
193 255
194 256
195 257
196 258
197 259
198 259
199 259
200 259
201 259
202 259
203 259
204 259
205 259
206 259
207 259
208 259
240 236
240 235
240 234
240 233
240 232
240 231
240 230
240 229
240 228
240 227
240 226
240 225
240 224
240 223
240 222
241 221
242 220
265 239
266 239
267 238
268 237
269 236
270 235
271 234
272 233
273 232
274 231
275 230
276 229
276 228
275 228
274 228
273 228
272 227
271 226
270 225
269 224
268 223
267 222
266 221
265 220
277 228
278 229
279 230
280 230
281 230
282 230
283 230
284 230
285 230
286 230
287 230
288 230
289 229
290 228
291 227
292 226
293 225
294 224
295 223
296 222
296 221
297 220
298 219
299 218
300 217
301 216
302 215
303 214
289 231
290 232
291 233
292 234
293 235
294 236
295 236
296 236
297 236
298 236
299 236
300 236
301 236
288 265
287 266
286 267
285 268
284 269
283 270
282 271
281 272
281 273
281 274
281 275
281 276
280 276
279 276
278 276
277 276
276 276
275 276
274 276
273 275
272 274
271 273
270 272
269 271
268 270
267 269
266 269
265 269
264 269
263 269
262 269
261 269
260 269
259 269
258 269
257 268
256 267
255 266
254 267
253 268
253 269
253 270
253 271
253 272
253 273
253 274
253 275
280 277
279 278
278 279
278 280
278 281
278 282
278 283
278 284
278 285
278 286
278 287
278 288
278 289
278 290
278 291
278 292
277 293
276 294
275 295
274 296
273 297
272 298
271 299
270 300
269 301
268 302
267 303
266 304
265 305
265 306
265 307
264 308
263 309
262 309
261 309
260 309
259 309
258 309
257 309
256 309
255 309
254 309
253 309
253 308
253 307
253 306
253 305
253 304
253 303
253 302
253 301
252 300
251 299
250 298
249 297
252 310
251 311
250 312
249 313
248 314
247 315
246 316
245 317
244 318
243 318
242 318
241 318
240 318
239 318
238 318
237 318
236 318
235 319
234 320
233 321
232 322
231 323
230 324
229 325
228 325
227 325
226 325
225 325
224 325
223 325
222 325
221 325
220 325
219 325
218 325
217 325
216 325
215 325
214 325
213 325
212 325
211 325
210 325
209 325
208 324
207 323
206 322
205 321
204 320
203 319
202 318
201 317
200 316
199 315
198 316
197 317
196 318
195 319
194 320
193 321
192 322
191 323
190 324
190 325
190 326
190 327
190 328
190 329
190 330
190 331
189 332
188 333
187 333
186 333
185 333
184 333
183 333
182 333
181 333
180 333
179 333
178 333
177 333
176 333
175 333
174 333
173 333
172 333
171 333
170 333
171 334
172 335
173 336
174 337
175 338
176 339
177 340
178 341
179 342
180 343
181 344
182 345
183 346
184 347
185 348
186 349
187 350
187 351
187 352
187 353
187 354
254 310
255 311
256 312
256 313
256 314
256 315
256 316
256 317
256 318
256 319
256 320
255 321
254 322
253 323
252 324
251 325
250 326
249 327
248 328
247 329
246 330
245 331
245 332
245 333
245 334
245 335
245 336
245 337
245 338
245 339
244 340
243 341
242 342
241 343
240 344
239 345
238 346
237 347
236 347
235 347
234 347
233 347
232 347
231 348
230 348
229 348
228 348
227 348
226 348
225 348
224 348
223 348
222 348
221 348
220 348
219 348
218 348
217 348
216 348
215 348
246 340
247 341
248 342
249 343
250 344
251 345
252 346
252 347
252 348
252 349
252 350
251 351
250 352
249 353
248 354
247 355
246 356
245 357
244 358
243 359
242 360
241 361
240 362
239 363
238 364
237 364
253 351
254 352
255 352
256 352
257 352
258 352
259 352
260 352
261 352
262 352
263 352
264 352
265 352
265 351
265 350
265 349
265 348
265 347
265 346
265 345
266 344
267 343
268 342
269 341
270 340
271 339
272 338
273 337
274 336
275 335
276 334
266 308
267 309
268 310
269 311
270 312
270 313
270 314
270 315
279 293
280 294
281 295
282 296
283 297
284 298
285 299
285 300
285 301
336 241
337 242
338 243
339 243
340 243
341 243
342 243
343 243
344 243
345 243
346 243
347 243
348 243
349 243
350 243
351 243
352 243
353 243
354 243
355 243
356 243
357 243
358 243
359 243
360 243
361 243
362 243
363 242
364 241
365 242
366 243
367 244
368 245
369 246
370 247
371 248
372 249
373 250
374 251
375 252
376 253
377 254
378 255
379 255
380 255
381 255
382 255
383 255
384 255
385 255
386 255
387 255
388 254
389 253
390 252
391 251
392 250
393 249
394 248
395 247
396 248
397 249
398 250
399 251
400 252
401 253
402 254
403 255
404 256
405 257
406 258
407 258
408 258
409 258
410 259
411 260
412 261
413 262
414 263
415 264
416 265
417 266
418 267
419 268
420 269
421 270
422 271
423 271
424 271
425 271
426 271
427 271
428 271
429 271
430 270
431 269
432 268
433 267
434 266
435 265
436 264
437 263
438 262
438 261
438 260
439 260
438 259
438 258
438 257
437 256
436 255
435 254
434 253
433 252
432 251
431 250
430 249
429 248
428 247
440 259
441 258
442 257
443 256
444 255
439 263
440 264
441 265
442 266
443 267
444 268
445 269
446 270
447 271
448 272
449 272
449 271
449 270
449 269
449 268
450 267
451 266
452 265
453 264
454 263
455 262
456 261
457 260
458 259
459 258
460 257
461 258
462 259
463 260
464 260
465 260
466 260
467 260
468 260
469 260
470 260
471 260
472 260
473 260
474 260
475 260
476 260
477 260
478 260
479 260
480 260
481 260
482 260
483 260
484 260
485 260
486 260
486 259
486 258
486 257
486 256
486 255
486 254
486 253
486 252
486 251
487 250
488 249
489 248
490 248
491 248
492 248
493 248
494 247
495 246
496 245
497 244
498 243
499 242
500 241
501 240
502 239
503 238
504 237
505 236
506 235
506 234
506 233
506 232
506 231
506 230
506 229
506 228
506 227
506 226
506 225
506 224
506 223
506 222
506 221
506 220
506 219
506 218
506 217
506 216
506 215
506 214
506 213
506 212
506 211
506 210
506 209
506 208
506 207
507 206
508 205
509 204
510 203
511 202
512 201
513 200
514 199
515 198
516 197
517 196
518 195
519 194
520 193
521 192
522 191
523 190
524 189
525 188
526 187
527 186
528 185
529 184
530 183
531 182
532 181
533 181
534 181
535 181
536 181
537 181
538 181
539 180
540 179
541 178
542 177
543 176
543 175
543 174
543 173
543 172
543 171
543 170
543 169
543 168
543 167
543 166
543 165
543 164
543 163
543 162
543 161
543 160
543 159
543 158
543 157
543 156
543 155
543 154
543 153
543 152
542 151
541 150
540 149
539 148
538 147
537 146
536 145
535 144
534 143
533 142
532 141
531 140
530 139
529 138
529 137
529 136
529 135
529 134
529 133
529 132
529 131
529 130
529 129
529 128
529 127
528 126
527 125
526 124
525 123
524 122
523 121
522 120
521 119
520 118
519 117
518 116
517 115
516 114
515 113
514 112
513 111
507 236
508 237
509 238
510 239
511 240
512 241
513 242
514 243
515 244
516 245
517 246
518 247
519 248
520 249
519 250
518 251
518 252
518 253
518 254
518 255
518 256
518 257
518 258
518 259
518 260
518 261
518 262
518 263
487 261
488 262
489 263
490 264
490 265
490 266
490 267
490 268
490 269
490 270
490 271
489 272
489 273
489 274
489 275
489 276
489 277
489 278
489 279
489 280
489 281
489 282
489 283
491 272
492 273
493 274
494 275
495 276
496 277
497 278
498 279
499 280
500 281
501 282
502 283
503 284
504 285
505 286
506 287
507 288
508 289
509 290
510 291
511 292
512 292
377 256
377 257
377 258
377 259
377 260
377 261
377 262
377 263
377 264
377 265
377 266
377 267
377 268
377 269
377 270
377 271
377 272
348 244
347 245
346 246
345 247
344 248
343 249
342 250
341 251
340 252
339 253
338 254
337 255
337 256
337 257
337 258
338 259
339 260
340 261
341 262
342 263
343 264
344 265
345 266
346 267
347 268
348 269
348 270
348 271
349 271
350 271
351 271
352 271
353 271
354 271
355 270
356 269
357 268
358 267
347 272
346 273
345 274
344 275
343 276
342 277
341 278
340 279
339 280
338 281
337 282
336 283
335 283
334 283
333 283
332 282
331 281
330 280
329 279
328 278
327 277
326 276
325 275
324 274
323 273
322 274
321 275
320 276
319 277
319 278
319 279
319 280
319 281
319 282
319 283
319 284
319 285
318 286
318 287
318 288
318 289
318 290
318 291
318 292
318 293
318 294
318 295
318 296
318 297
318 298
317 299
316 300
316 301
316 302
316 303
316 304
316 305
316 306
316 307
316 308
316 309
316 310
316 311
315 312
314 313
313 314
312 315
311 316
310 317
309 318
308 319
307 320
306 321
306 322
306 323
306 324
306 325
306 326
306 327
306 328
306 329
306 330
306 331
305 332
304 333
303 334
302 335
301 336
300 337
299 338
299 339
300 340
300 341
300 342
300 343
300 344
300 345
301 346
302 347
303 348
304 349
305 350
306 351
307 352
308 353
309 354
310 355
311 356
312 357
313 358
314 359
315 360
316 361
317 362
318 363
318 364
317 365
316 366
315 367
314 368
313 369
312 370
311 371
310 372
309 373
308 374
307 375
317 312
318 313
319 314
320 315
321 316
322 317
323 318
324 318
325 318
326 318
327 318
328 318
329 318
319 299
320 300
321 301
322 301
323 301
324 301
325 301
326 301
327 301
328 301
329 301
304 185
305 184
306 183
307 182
308 181
309 180
309 179
309 178
309 177
309 176
309 175
310 174
311 173
312 172
313 171
314 170
315 169
316 168
317 167
317 166
316 166
315 166
314 165
313 164
312 163
311 162
310 161
309 160
308 159
308 158
308 157
308 156
307 155
306 154
305 153
304 152
303 151
302 150
301 149
300 148
299 147
298 146
297 145
318 166
319 167
320 167
321 167
322 167
323 167
324 167
325 167
326 167
327 167
328 167
329 167
330 167
331 167
332 167
333 167
334 167
335 167
336 167
337 167
338 167
339 167
339 166
339 165
339 164
339 163
339 162
339 161
339 160
339 159
339 158
340 157
341 156
342 155
343 154
344 153
345 152
346 151
347 150
348 149
349 148
350 147
351 146
352 145
353 144
354 143
355 142
356 141
357 140
358 139
359 138
359 137
359 136
359 135
359 134
359 133
359 132
359 131
359 130
359 129
359 128
359 127
359 126
358 125
357 124
356 123
355 122
354 121
353 120
352 119
351 118
350 117
349 117
348 117
347 117
346 117
345 117
344 117
343 117
342 117
341 117
340 117
339 117
338 117
337 117
336 117
335 117
334 117
333 117
332 116
331 115
330 114
329 114
328 114
327 114
326 114
325 114
324 113
323 112
322 111
321 110
320 109
319 108
318 107
317 106
316 105
315 104
314 103
313 102
312 101
311 101
310 101
309 101
308 101
307 101
306 101
305 101
304 101
303 101
302 101
301 101
300 101
299 101
298 101
297 101
296 101
295 101
294 100
293 99
292 98
291 97
290 96
289 95
288 94
287 93
286 92
285 91
284 91
283 91
282 91
281 91
280 91
279 91
278 91
277 91
276 91
275 91
274 91
273 91
272 91
271 91
270 91
269 91
268 91
267 91
266 91
265 90
264 91
263 92
262 93
261 94
260 95
259 96
258 97
257 98
256 99
255 100
254 100
253 99
252 98
251 97
250 96
249 95
248 96
247 97
247 98
247 99
246 99
245 99
244 99
243 99
242 99
241 99
240 99
239 99
238 99
237 99
236 99
235 99
234 99
233 98
232 97
231 98
230 99
229 100
228 101
227 102
226 103
225 103
224 103
223 103
222 103
221 103
220 103
219 103
218 103
217 103
216 103
215 103
214 103
213 103
212 103
211 103
210 103
209 103
208 103
207 103
206 103
205 102
204 101
204 100
204 99
204 98
204 97
204 96
204 95
204 94
204 93
204 92
204 91
204 90
204 89
204 88
204 87
204 86
204 85
203 85
203 84
203 83
203 82
202 81
201 80
200 79
199 78
198 77
197 76
196 75
195 74
194 73
193 72
192 73
191 73
190 73
189 73
188 73
187 73
186 73
185 73
184 73
183 73
182 73
181 73
180 73
179 73
178 73
177 74
176 75
175 76
174 77
173 78
172 79
171 80
170 80
169 80
168 80
167 80
166 81
165 82
164 83
163 84
162 84
161 84
160 84
159 84
158 84
157 84
157 83
157 82
157 81
157 80
156 79
155 78
155 77
155 76
155 75
155 74
155 73
154 72
153 71
152 70
151 69
150 68
149 67
154 79
153 80
152 81
151 82
150 83
149 84
148 85
147 86
146 87
145 88
144 89
143 90
142 91
141 92
140 93
139 93
138 93
137 93
136 92
135 91
134 90
133 89
132 88
131 87
130 86
129 85
128 86
127 87
126 88
125 89
124 90
123 91
122 92
121 93
120 94
119 95
118 96
117 96
117 95
117 94
117 93
117 92
117 91
117 90
117 89
117 88
117 87
117 86
116 85
115 84
114 83
113 82
112 81
111 80
110 79
109 78
108 77
108 76
108 75
108 74
108 73
108 72
108 71
108 70
109 69
110 68
111 68
112 68
113 68
114 68
115 68
116 68
117 68
118 68
119 68
120 68
121 68
122 67
123 66
124 65
107 78
106 79
105 80
104 81
103 82
102 83
101 84
100 85
99 85
98 85
97 85
96 85
96 84
96 83
96 82
96 81
96 80
96 79
96 78
96 77
96 76
96 75
95 74
94 73
93 72
92 71
91 70
90 69
89 68
88 67
87 66
86 65
85 64
84 63
95 86
94 87
93 88
92 89
91 90
91 91
91 92
91 93
91 94
91 95
158 85
159 86
159 87
159 88
159 89
159 90
159 91
159 92
159 93
159 94
159 95
159 96
159 97
159 98
159 99
159 100
159 101
159 102
205 85
206 85
207 85
208 85
209 84
210 83
211 82
212 81
213 80
214 79
215 78
216 77
255 101
284 92
283 93
282 94
281 95
280 96
279 97
278 98
278 99
278 100
278 101
278 102
278 103
278 104
278 105
278 106
278 107
278 108
278 109
278 110
278 111
278 112
278 113
312 100
312 99
312 98
312 97
312 96
312 95
312 94
312 93
312 92
312 91
312 90
312 89
312 88
313 87
314 86
315 85
316 84
317 85
318 86
319 87
320 88
321 89
322 90
323 90
324 90
325 90
326 90
327 90
328 90
329 90
330 90
331 90
332 90
333 90
334 90
335 90
336 90
337 90
338 90
339 90
340 90
341 90
342 90
343 90
344 90
345 90
346 90
347 90
348 90
349 90
350 90
351 90
352 90
353 89
354 88
340 168
341 169
342 170
343 170
344 170
345 170
346 170
347 170
348 170
349 170
350 170
351 170
352 170
353 170
354 170
355 170
356 170
301 185
300 184
299 183
298 182
297 181
189
265 200
244 198
280 201
297 197
302 186
314 192
320 193
326 201
341 208
326 218
345 224
335 240
322 240
307 254
304 267
289 264
284 249
274 246
263 239
254 249
240 237
225 234
215 218
209 196
222 205
199 230
198 218
184 226
177 211
188 200
164 197
175 236
154 229
140 215
139 202
117 184
127 224
115 219
110 230
97 227
96 214
88 200
84 189
72 185
57 194
46 195
38 183
32 165
39 160
40 140
37 128
26 106
41 97
53 88
53 69
37 55
36 66
22 138
24 189
50 206
32 214
55 212
72 203
86 235
75 219
56 242
43 241
29 240
93 248
114 244
130 251
141 254
148 235
182 238
163 256
190 252
208 259
242 220
265 220
277 228
288 230
296 222
303 214
301 236
281 276
267 269
255 266
253 275
278 292
265 307
253 309
249 297
236 318
217 325
199 315
190 331
170 333
187 354
256 320
245 339
232 347
215 348
252 350
237 364
265 352
276 334
270 315
285 301
349 243
364 241
378 255
395 247
409 258
425 271
438 262
428 247
444 255
449 272
460 257
486 260
489 248
506 235
532 181
543 176
529 138
513 111
520 249
518 263
490 271
489 283
512 292
377 272
337 258
348 271
358 267
333 283
323 273
319 285
318 298
316 311
306 331
299 339
300 345
318 364
307 375
329 318
329 301
309 180
308 159
297 145
318 166
339 167
359 138
359 128
350 117
330 114
312 101
285 91
265 90
249 95
247 99
232 97
215 103
204 101
203 85
193 72
178 73
167 80
157 84
155 78
149 67
137 93
129 85
117 96
108 77
110 68
124 65
96 85
84 63
91 95
159 102
216 77
255 101
278 113
316 84
333 90
354 88
356 170
297 181
