2717
280 203
281 204
282 205
281 206
280 207
279 208
278 209
277 210
276 211
275 212
274 213
274 214
274 215
274 216
274 217
274 218
274 219
274 220
274 221
273 222
272 223
271 224
270 225
269 226
268 227
267 228
266 229
265 230
264 230
263 230
262 230
261 230
260 230
259 230
258 230
257 230
256 230
256 229
256 228
256 227
256 226
256 225
256 224
255 223
254 222
253 221
252 220
252 219
252 218
252 217
251 216
250 215
249 214
248 213
248 212
247 212
249 212
250 211
251 210
252 209
253 208
254 207
251 221
250 222
249 223
248 224
247 225
246 226
245 227
244 227
243 227
242 227
241 227
240 227
239 227
238 227
237 227
236 227
235 227
234 227
233 227
232 227
231 227
230 227
229 227
228 227
227 226
226 226
225 226
224 226
223 226
222 226
221 225
220 224
219 223
218 222
217 221
216 220
215 219
214 218
213 217
212 216
211 215
210 214
209 213
208 212
208 211
207 211
206 212
205 213
204 214
203 215
202 216
201 217
201 218
201 219
201 220
200 220
199 219
198 218
197 217
196 216
195 215
194 214
193 213
192 212
191 212
190 211
189 210
188 209
187 208
186 207
185 206
184 205
183 204
182 203
181 202
180 201
179 200
178 199
177 198
176 197
175 196
174 197
173 198
172 199
171 200
170 201
169 202
168 203
167 204
166 204
165 204
164 204
163 205
162 206
161 207
160 208
159 209
158 210
157 211
156 212
155 213
155 214
155 215
155 216
155 217
155 218
155 219
155 220
155 221
154 222
153 223
152 224
151 225
150 226
149 227
148 228
147 229
146 229
145 229
144 229
143 229
142 229
141 229
140 229
139 229
139 228
139 227
139 226
139 225
139 224
139 223
139 222
139 221
139 220
139 219
139 218
139 217
138 216
138 230
137 231
136 232
135 233
134 234
133 235
132 236
131 237
130 238
129 239
128 239
127 239
126 240
125 241
124 242
123 243
122 244
121 245
120 246
120 247
119 247
118 247
117 247
116 247
115 247
114 247
113 247
112 247
111 247
110 247
109 246
108 245
107 244
106 243
105 242
104 241
103 240
103 239
103 238
103 237
103 236
102 236
101 235
100 234
99 233
98 232
97 231
96 230
95 229
94 228
93 227
92 226
91 225
90 224
89 224
88 224
87 224
86 224
85 224
84 224
83 223
82 222
81 221
80 220
79 219
78 218
77 217
76 216
75 217
74 218
73 219
72 220
72 221
72 222
72 223
72 224
72 225
72 226
72 227
72 228
72 229
72 230
71 230
70 229
69 228
68 227
67 226
66 225
65 224
64 223
63 222
62 221
61 220
60 219
59 218
58 217
57 217
56 217
55 216
54 215
53 214
52 213
51 212
50 211
49 210
48 209
47 208
46 207
45 206
44 205
43 204
42 203
41 202
41 201
40 200
39 199
38 198
37 197
36 196
35 195
34 194
33 193
32 192
31 191
30 190
30 189
30 188
30 187
30 186
29 185
28 184
27 183
26 182
25 181
24 180
24 179
23 179
25 178
26 177
27 176
28 175
29 174
30 173
31 172
32 171
33 170
34 169
35 168
36 167
37 168
38 169
38 170
38 171
38 172
39 172
40 172
41 172
42 172
43 172
44 171
45 170
46 169
47 168
48 167
49 166
50 165
51 164
52 163
52 162
52 161
52 160
52 159
52 158
53 157
53 156
52 156
51 156
50 155
49 154
48 153
47 152
46 151
45 150
44 149
43 148
42 147
41 146
40 145
39 144
38 145
37 146
36 146
35 146
34 146
33 146
32 146
31 146
30 146
29 146
28 146
27 146
26 146
25 146
24 146
23 146
22 146
21 146
54 156
54 155
54 154
54 153
54 152
54 151
54 150
54 149
54 148
54 147
54 146
54 145
54 144
54 143
55 142
55 141
55 140
55 139
55 138
55 137
55 136
55 135
55 134
56 133
57 132
58 131
58 130
57 130
56 130
55 130
54 129
53 128
52 127
51 126
50 125
49 124
48 123
47 122
46 121
45 120
44 119
43 118
43 117
42 117
41 118
40 119
39 120
38 121
37 122
36 123
35 124
34 125
33 125
32 125
31 125
30 125
29 125
28 125
27 125
44 116
45 115
46 114
47 113
48 112
49 111
50 110
51 109
52 108
53 107
54 106
55 105
56 104
57 103
58 102
59 101
59 100
58 100
57 100
56 100
55 100
54 100
53 100
52 100
51 100
50 100
49 100
48 100
47 99
47 98
47 97
47 96
47 95
47 94
47 93
47 92
47 91
47 90
47 89
47 88
47 87
47 86
47 85
46 85
45 85
44 85
43 84
42 83
41 82
41 81
41 80
41 79
41 78
41 77
41 76
41 75
41 74
40 73
39 72
38 71
37 70
36 69
35 68
48 85
49 85
50 85
51 85
52 85
53 85
54 85
55 85
56 84
57 83
58 82
59 81
59 80
59 79
59 78
59 77
60 76
61 75
62 74
63 75
64 75
65 75
66 75
67 75
68 75
69 75
70 75
71 75
72 75
73 75
74 75
74 74
74 73
74 72
74 71
74 70
75 69
76 68
77 67
78 66
79 65
80 64
81 63
75 76
75 77
75 78
75 79
75 80
75 81
75 82
75 83
75 84
75 85
75 86
75 87
75 88
76 89
77 90
78 91
79 92
80 93
81 94
82 95
83 95
84 95
85 95
86 95
87 95
88 95
60 100
59 130
39 173
40 174
41 175
42 176
43 177
44 178
45 179
46 180
46 181
46 182
46 183
46 184
47 185
48 186
49 187
50 188
51 189
52 190
53 191
54 192
55 193
56 194
57 194
58 194
59 194
60 194
61 194
61 193
61 192
61 191
61 190
61 189
61 188
61 187
61 186
61 185
61 184
61 183
61 182
62 181
62 195
63 196
64 197
65 197
66 197
67 197
68 197
69 197
70 197
71 197
72 197
73 197
74 197
75 197
76 197
77 197
78 197
79 197
80 197
81 197
82 197
83 196
84 195
85 194
86 193
87 192
88 193
89 194
90 195
91 196
92 197
93 198
94 199
95 200
95 201
95 202
95 203
95 204
96 205
97 206
98 206
99 206
100 206
101 206
102 206
103 206
104 206
105 206
106 206
106 205
106 204
106 203
106 202
106 201
106 200
106 199
106 198
106 197
107 196
108 195
109 194
110 193
111 192
112 191
113 190
114 191
115 192
116 193
117 194
118 195
119 196
120 196
121 196
122 196
123 196
124 196
125 196
126 196
127 196
128 195
129 194
130 193
131 192
132 191
133 190
134 189
135 188
136 187
137 186
40 203
39 204
38 205
37 206
36 207
35 208
34 209
33 209
32 209
31 209
30 209
29 209
28 209
27 209
26 209
25 209
24 209
57 218
56 219
56 220
56 221
56 222
56 223
56 224
55 225
54 226
53 227
52 228
51 229
50 230
49 231
48 232
47 233
46 234
45 235
44 236
44 237
44 238
44 239
44 240
43 240
42 240
41 240
40 240
39 240
38 240
37 240
36 240
35 240
34 239
72 231
103 235
103 234
103 233
103 232
104 231
105 230
106 229
107 228
108 227
109 226
102 241
101 242
100 243
99 244
98 244
97 244
96 244
95 244
94 244
93 244
92 244
91 244
90 244
89 244
201 221
201 222
201 223
201 224
201 225
200 226
200 227
200 228
200 229
200 230
200 231
200 232
200 233
200 234
200 235
200 236
200 237
200 238
199 238
198 238
197 238
196 238
195 238
194 237
193 236
192 235
191 234
190 233
189 232
188 231
187 230
186 229
185 230
184 231
183 232
183 233
183 234
183 235
183 236
183 237
183 238
183 239
183 240
183 241
183 242
182 243
181 244
180 245
179 246
178 247
177 248
176 249
175 250
174 250
174 249
174 248
173 247
172 246
171 245
170 244
169 243
168 242
167 241
166 240
165 239
174 251
174 252
199 239
198 240
197 241
197 242
197 243
197 244
197 245
197 246
197 247
197 248
197 249
197 250
198 251
199 252
200 253
201 254
202 255
203 256
204 257
205 258
206 259
207 260
208 260
209 260
210 260
211 260
212 260
213 260
214 260
215 260
216 259
209 211
210 211
211 211
212 211
213 211
214 211
215 210
216 209
217 208
218 207
219 206
220 205
221 204
222 203
223 202
226 227
225 228
224 229
224 230
224 231
224 232
224 233
224 234
224 235
224 236
224 237
224 238
224 239
283 206
284 207
285 208
286 209
287 210
288 211
289 212
290 213
291 214
292 215
292 216
292 217
292 218
293 219
294 220
295 221
296 222
297 223
298 224
299 225
300 226
301 227
302 228
303 229
304 230
304 231
305 231
306 231
307 231
308 231
309 231
310 231
311 231
312 230
313 229
314 228
315 227
316 226
317 225
318 224
319 223
320 222
320 221
320 220
320 219
320 218
320 217
320 216
320 215
320 214
320 213
319 212
318 211
317 210
316 209
315 208
314 207
314 206
313 206
312 205
311 204
310 203
309 202
308 201
307 200
306 199
305 198
304 197
303 196
302 195
301 194
300 193
300 192
300 191
300 190
300 189
300 188
300 187
300 186
300 185
300 184
300 183
300 182
300 181
300 180
300 179
300 178
300 177
300 176
299 175
298 174
297 173
315 206
316 206
317 206
318 206
319 205
320 204
321 203
322 202
322 201
322 200
322 199
322 198
322 197
322 196
322 195
322 194
322 193
322 192
322 191
321 190
321 189
320 189
322 189
323 188
324 187
325 186
326 185
327 184
328 183
329 182
330 181
331 180
332 179
333 178
334 177
333 176
332 175
331 174
330 173
329 172
328 171
327 170
326 169
325 168
324 167
323 166
322 165
321 164
320 163
320 162
320 161
320 160
320 159
320 158
320 157
320 156
320 155
320 154
321 153
322 152
323 152
324 152
325 152
326 152
327 152
328 151
329 150
330 149
331 148
332 147
333 146
334 145
335 144
336 145
337 146
338 147
338 148
338 149
338 150
338 151
338 152
338 153
338 154
338 155
338 156
339 156
340 156
341 156
342 156
343 156
344 156
345 156
346 156
347 156
348 156
349 156
350 156
351 156
352 156
353 156
354 156
355 156
356 155
357 154
358 153
358 152
358 151
358 150
358 149
358 148
358 147
358 146
358 145
358 144
358 143
358 142
358 141
358 140
358 139
358 138
358 137
359 136
360 135
361 134
362 133
363 132
321 151
320 150
319 149
318 148
317 147
316 146
315 145
315 144
315 143
315 142
315 141
315 140
315 139
315 138
314 137
313 136
312 135
311 134
310 133
309 132
309 131
309 130
310 129
311 128
312 127
313 126
314 125
315 124
316 123
317 122
318 122
319 122
320 122
321 122
322 122
323 122
324 122
325 122
326 121
327 120
328 120
329 120
330 120
331 120
332 120
333 120
334 120
335 120
336 120
337 119
338 118
327 119
327 118
327 117
327 116
327 115
327 114
326 113
325 112
324 111
323 110
322 109
321 108
320 107
319 106
318 105
317 104
316 103
316 102
315 102
314 102
313 102
312 101
311 100
310 99
309 98
308 97
307 96
306 95
305 94
304 93
303 92
302 91
301 90
300 89
299 88
298 87
297 86
296 85
295 84
294 83
293 84
292 85
291 86
290 87
289 87
288 87
287 87
286 87
285 87
284 87
283 87
282 87
281 87
280 87
279 87
278 87
277 87
276 87
275 87
274 87
273 87
272 87
271 87
271 86
270 85
269 84
268 83
267 82
266 81
265 80
264 79
263 78
262 78
261 78
260 78
259 78
258 78
257 78
256 78
255 78
254 78
253 78
252 77
251 76
250 77
249 78
248 79
247 80
246 81
245 82
244 83
243 84
243 85
243 86
243 87
243 88
243 89
242 89
241 89
240 89
239 89
238 89
237 89
236 89
235 89
234 89
233 89
232 89
231 89
230 89
229 89
228 89
227 89
226 88
225 87
224 86
223 86
222 86
221 87
220 88
219 89
218 90
217 91
216 92
215 93
214 94
213 95
212 96
211 97
210 98
209 99
208 100
207 101
206 101
205 101
204 101
203 101
202 101
202 100
202 99
202 98
202 97
202 96
202 95
202 94
202 93
202 92
202 91
202 90
202 89
202 88
202 87
201 86
200 87
199 88
198 89
197 90
196 91
195 92
194 93
193 94
192 95
191 96
190 97
189 98
188 99
187 100
186 100
185 100
184 100
183 100
182 100
181 100
180 100
179 100
178 100
177 100
176 100
175 100
174 100
173 99
172 98
171 97
170 96
169 95
168 94
167 94
166 94
165 94
164 93
163 92
162 91
161 90
160 89
159 88
158 87
157 86
156 85
155 84
154 83
153 82
152 81
151 80
150 79
150 78
150 77
150 76
150 75
150 74
150 73
150 72
150 71
150 70
150 69
150 68
149 67
148 66
147 67
146 68
145 69
144 70
143 71
142 72
141 73
140 74
139 75
138 76
137 77
136 78
135 79
134 80
133 80
132 80
131 80
130 80
129 80
128 80
127 79
126 78
125 77
124 76
123 75
122 74
121 73
120 72
119 71
118 70
117 69
116 68
115 67
114 66
127 81
126 82
125 83
124 84
123 85
122 86
121 87
120 88
119 89
118 90
117 91
116 92
115 93
114 93
129 81
130 82
131 83
132 84
133 85
134 86
134 87
134 88
134 89
134 90
134 91
134 92
134 93
134 94
134 95
134 96
134 97
134 98
134 99
134 100
168 93
168 92
168 91
168 90
168 89
168 88
168 87
168 86
168 85
168 84
168 83
168 82
168 81
168 80
168 79
168 78
168 77
168 76
169 75
170 75
171 75
172 75
173 75
174 75
175 75
176 75
177 74
178 73
179 72
180 71
223 85
223 87
223 88
223 89
223 90
223 91
223 92
223 93
223 94
223 95
223 96
223 97
223 98
223 99
223 100
223 101
223 102
223 103
223 104
244 90
245 91
246 92
247 93
248 94
249 95
250 96
251 97
252 98
253 99
254 100
255 101
256 102
256 103
256 104
256 105
256 106
256 107
257 108
258 109
259 110
260 111
261 112
262 113
263 114
264 115
265 116
266 116
267 116
268 116
269 116
270 116
271 116
272 116
273 116
274 116
275 116
276 116
277 116
278 116
279 116
317 102
318 102
319 102
320 102
321 102
322 102
323 102
324 102
325 102
326 102
327 102
328 102
329 102
330 102
331 101
332 100
333 99
334 98
335 97
336 96
337 95
338 94
339 93
340 92
341 91
342 90
343 89
314 146
313 147
312 148
311 148
310 148
309 148
308 148
307 148
306 148
305 148
304 148
303 148
302 148
301 148
335 178
336 179
337 180
338 181
339 182
340 183
341 184
342 185
343 186
344 187
345 188
346 189
347 189
348 189
349 189
350 189
351 189
352 189
353 189
354 189
355 189
356 189
357 189
303 232
302 233
301 234
300 235
299 236
298 237
297 237
296 237
295 237
294 237
293 237
292 237
291 238
290 239
289 240
288 241
287 242
286 243
285 244
284 245
283 246
282 247
281 248
280 249
279 250
278 251
277 252
276 253
275 254
274 255
273 256
272 257
271 258
271 259
270 259
269 259
268 259
267 259
266 259
265 259
264 259
263 259
262 259
261 258
260 257
293 238
294 239
295 240
296 241
297 242
298 243
299 244
299 245
299 246
299 247
299 248
299 249
299 250
299 251
299 252
299 253
299 254
299 255
298 256
297 257
296 258
295 259
296 260
297 261
298 262
299 263
300 264
301 265
301 266
301 267
301 268
302 269
303 270
304 271
305 272
306 273
307 274
308 275
309 276
310 277
311 277
312 277
313 277
312 278
311 279
310 280
309 281
308 282
307 282
306 282
305 282
304 283
303 284
302 285
301 286
300 287
299 288
298 289
297 290
296 291
295 291
294 291
293 291
292 291
291 291
290 291
289 291
288 291
287 291
286 291
285 291
284 290
283 289
282 288
281 287
294 292
293 293
292 294
291 295
291 296
291 297
291 298
291 299
291 300
291 301
291 302
290 303
289 304
288 305
287 306
287 307
287 308
287 309
287 310
287 311
287 312
287 313
287 314
287 315
287 316
288 316
287 317
287 318
287 319
287 320
287 321
287 322
287 323
287 324
286 325
285 326
284 327
283 328
282 329
281 330
280 331
279 332
278 333
277 334
276 335
275 336
274 337
273 338
272 339
271 340
270 341
269 341
268 341
267 341
266 340
265 339
264 338
263 337
262 336
261 336
260 336
259 336
258 335
257 334
256 333
255 332
254 331
253 330
252 329
251 328
250 328
249 328
248 328
247 328
246 328
245 328
244 328
243 328
242 328
241 327
240 326
240 325
240 324
240 323
240 322
240 321
240 320
240 319
240 318
241 317
242 316
243 315
244 314
245 313
246 312
246 311
246 310
246 309
246 308
246 307
246 306
246 305
246 304
246 303
246 302
246 301
246 300
246 299
246 298
246 297
246 296
247 295
248 294
249 293
250 292
239 327
238 328
237 329
236 330
235 331
234 332
233 333
232 334
231 335
230 336
229 337
228 338
227 339
226 340
225 341
224 342
223 343
222 343
221 343
220 343
219 343
218 343
217 343
216 343
215 343
214 343
213 343
212 343
211 343
210 343
209 343
208 342
207 341
206 340
205 339
204 338
204 337
204 336
204 335
203 334
202 333
201 332
200 331
199 330
198 329
197 328
196 327
195 326
194 325
193 324
192 323
191 322
190 321
189 320
189 319
188 319
187 319
186 319
185 319
184 318
183 317
182 316
181 315
180 314
179 313
178 312
177 311
176 310
187 320
186 321
185 322
184 323
183 324
182 325
181 326
180 327
179 328
178 328
177 328
176 328
175 328
174 328
173 328
172 328
171 328
190 319
191 319
192 319
193 319
194 319
195 319
196 319
197 319
198 319
199 319
200 318
201 317
203 339
202 340
201 341
200 342
199 343
198 344
197 345
196 345
195 345
194 345
193 345
192 345
191 345
190 346
189 347
188 348
187 349
186 350
185 350
184 350
183 350
182 350
181 350
180 350
179 350
178 350
177 350
176 350
175 350
174 350
173 350
172 350
171 350
170 350
169 350
218 344
217 345
216 346
215 347
214 348
213 349
212 350
211 351
210 352
209 353
208 354
208 355
220 344
221 345
222 346
223 347
224 348
224 349
224 350
224 351
224 352
224 353
224 354
224 355
224 356
261 337
260 338
259 339
258 340
257 341
256 342
255 343
254 343
253 343
252 343
251 343
250 343
249 343
248 343
247 343
248 344
249 345
250 346
251 347
252 348
252 349
252 350
252 351
252 352
252 353
252 354
252 355
252 356
252 357
252 358
252 359
252 360
252 361
252 362
252 363
252 364
252 365
252 366
270 342
271 343
272 344
273 345
274 346
275 347
276 348
277 349
278 350
279 351
280 352
281 353
282 354
283 355
284 356
285 357
286 358
287 359
288 360
289 361
290 362
291 362
292 362
293 362
294 362
295 362
296 362
297 363
298 364
299 365
300 366
301 367
302 368
303 369
304 370
305 371
306 372
307 373
308 374
309 375
310 376
311 377
312 378
313 378
314 378
315 378
315 377
315 376
315 375
316 374
317 373
318 372
319 371
320 370
321 369
322 368
323 367
324 366
289 317
290 318
291 319
292 320
293 321
294 322
295 323
296 324
297 325
298 326
299 327
300 328
301 329
302 330
303 331
304 332
305 333
306 334
307 335
308 335
309 335
309 334
309 333
309 332
310 331
311 330
312 329
313 328
314 327
315 326
316 325
317 324
318 323
319 322
310 336
311 337
312 338
313 338
314 338
315 338
316 338
317 338
318 338
319 338
320 338
321 338
322 338
323 338
314 278
315 279
316 280
317 280
318 280
319 280
320 280
321 280
322 280
323 280
324 280
325 280
326 280
327 280
328 280
329 280
330 280
331 280
332 280
333 280
334 279
335 278
336 277
337 276
338 275
339 274
340 273
341 272
342 271
343 270
344 270
345 270
346 270
347 270
348 270
349 270
350 270
351 270
352 270
353 270
354 270
355 270
356 270
357 270
358 269
359 268
359 267
359 266
359 265
360 264
361 263
362 262
363 261
364 260
364 259
364 258
364 257
364 256
364 255
364 254
364 253
364 252
364 251
364 250
364 249
364 248
364 247
364 246
364 245
364 244
364 243
365 242
365 241
364 241
363 241
362 241
361 241
360 241
359 241
358 241
357 240
356 239
355 238
354 237
353 236
352 235
352 234
352 233
352 232
352 231
352 230
352 229
352 228
352 227
352 226
352 225
353 224
354 223
366 241
365 261
366 262
367 263
368 264
369 265
370 266
371 267
372 268
373 269
374 270
375 270
376 270
377 270
378 270
379 270
380 270
380 269
380 268
380 267
380 266
380 265
380 264
380 263
380 262
380 261
380 260
380 259
380 258
380 257
381 256
382 255
383 254
384 253
385 252
386 251
387 250
388 251
389 252
390 253
391 254
392 255
393 256
394 257
395 258
396 259
397 259
398 259
399 259
400 259
401 259
402 259
403 259
404 259
404 258
404 257
404 256
405 255
406 254
407 253
408 252
409 251
410 250
411 249
412 248
413 249
414 250
415 251
416 252
417 253
417 254
417 255
417 256
417 257
417 258
417 259
417 260
416 261
415 262
414 263
413 264
412 265
412 266
412 267
412 268
412 269
412 270
412 271
412 272
412 273
412 274
412 275
412 276
413 277
414 278
415 279
416 280
417 280
418 280
419 280
420 280
421 280
422 280
423 280
424 280
425 280
426 280
427 280
428 280
429 280
430 280
431 280
432 280
433 280
434 280
435 280
436 280
437 280
438 280
439 280
440 279
441 278
442 277
443 276
443 275
443 274
443 273
443 272
443 271
443 270
444 269
445 268
446 267
447 266
448 265
449 264
450 263
451 262
452 261
453 260
454 259
455 258
456 257
457 256
458 255
459 254
460 253
460 252
459 252
458 252
457 252
456 252
455 252
454 252
453 252
452 252
451 252
450 252
449 252
448 251
447 250
446 249
461 252
462 252
463 251
464 250
465 249
466 248
467 247
468 246
469 245
470 244
471 243
472 242
473 241
474 240
475 239
476 238
477 237
478 236
479 235
480 234
481 235
482 236
482 237
482 238
482 239
482 240
482 241
482 242
482 243
482 244
482 245
483 245
484 245
485 244
486 243
487 242
488 241
489 240
490 239
491 238
492 237
493 236
494 235
495 235
496 235
497 235
498 235
499 235
500 235
501 235
502 235
503 235
504 235
505 234
506 233
507 232
508 231
509 230
510 229
510 228
510 227
510 226
510 225
510 224
510 223
510 222
510 221
510 220
510 219
510 218
510 217
510 216
510 215
510 214
510 213
510 212
510 211
510 210
510 209
510 208
510 207
510 206
510 205
510 204
510 203
510 202
510 201
510 200
511 199
512 198
513 197
514 196
515 195
516 194
517 193
518 192
519 191
520 190
520 189
520 188
520 187
520 186
520 185
520 184
521 183
522 182
523 181
524 180
525 179
526 178
527 177
528 176
529 175
530 174
531 173
532 172
533 171
534 170
535 169
536 168
537 167
538 166
539 165
540 164
541 163
541 162
541 161
540 160
539 159
538 158
537 157
536 156
535 155
534 154
533 153
532 152
531 151
530 150
529 149
528 148
527 147
526 146
525 145
524 144
523 143
522 142
521 141
520 140
519 139
518 138
517 137
516 136
515 135
514 134
513 133
513 132
512 131
511 130
510 129
509 128
508 127
507 126
506 125
505 124
504 123
503 122
502 121
501 120
500 120
499 120
498 120
497 120
496 120
495 120
494 120
493 119
492 118
495 236
496 237
497 238
498 239
499 240
500 241
501 242
502 243
503 244
504 245
505 246
506 246
507 246
508 247
509 248
510 249
511 250
512 251
513 252
514 253
515 254
516 255
517 256
517 257
517 258
517 259
517 260
517 261
517 262
517 263
517 264
517 265
517 266
517 267
481 246
481 247
481 248
481 249
481 250
481 251
481 252
481 253
481 254
481 255
481 256
482 257
483 258
484 259
485 260
486 261
487 262
488 263
489 263
490 263
491 263
492 263
493 263
494 263
493 264
492 265
491 266
490 267
489 268
488 269
488 270
488 271
488 272
488 273
488 274
488 275
488 276
488 277
488 278
488 279
343 269
343 268
343 267
343 266
343 265
343 264
343 263
343 262
343 261
343 260
343 259
343 258
343 257
342 256
341 255
327 281
327 282
327 283
327 284
327 285
327 286
327 287
327 288
327 289
327 290
327 291
327 292
327 293
327 294
327 295
327 296
327 297
188
282 205
274 221
256 230
252 220
247 212
254 207
239 227
227 226
207 211
192 212
175 196
164 204
155 221
139 229
138 216
127 239
120 247
103 240
90 224
76 216
58 217
41 202
30 190
23 179
36 167
38 172
52 163
39 144
21 146
54 156
55 142
42 117
27 125
47 99
46 85
41 82
35 68
59 81
62 74
74 75
81 63
75 88
88 95
60 100
59 130
46 184
61 194
62 181
75 197
87 192
95 204
106 206
113 190
124 196
137 186
24 209
56 224
44 240
34 239
72 231
109 226
89 244
201 225
200 238
186 229
183 242
165 239
174 252
197 250
208 260
216 259
223 202
224 239
292 218
304 231
320 222
313 206
300 193
297 173
322 202
320 189
334 177
320 163
322 152
335 144
338 156
358 153
363 132
315 145
309 132
317 122
327 120
338 118
315 102
294 83
271 87
263 78
251 76
243 89
202 101
201 86
182 100
168 94
150 79
148 66
128 80
114 66
114 93
134 100
169 75
180 71
223 85
223 104
256 107
279 116
343 89
301 148
357 189
292 237
271 259
260 257
299 255
295 259
301 268
313 277
305 282
295 291
281 287
291 302
287 315
287 324
269 341
262 336
251 328
240 326
246 312
250 292
219 343
204 338
188 319
176 310
171 328
201 317
191 345
169 350
208 355
224 356
247 343
252 366
296 362
315 378
324 366
309 335
319 322
323 338
328 280
343 270
359 268
364 260
352 235
354 223
366 241
380 270
387 250
404 259
412 248
417 260
412 276
426 280
443 276
446 249
461 252
480 234
482 245
494 235
510 229
520 190
541 163
513 133
501 120
492 118
507 246
517 267
481 256
494 263
488 279
341 255
327 297
