10645
332 270
334 271
335 272
336 273
337 273
338 273
339 273
340 273
341 273
342 273
343 273
344 273
345 273
346 273
347 273
348 273
348 274
349 275
350 276
351 277
352 278
353 279
354 280
355 281
356 282
357 283
358 284
359 284
360 284
361 284
362 284
363 284
364 284
365 284
366 284
367 284
368 284
369 284
370 284
371 284
372 284
373 284
359 285
360 286
361 287
362 288
363 289
364 290
365 291
366 292
367 293
368 294
368 295
368 296
368 297
368 298
368 299
367 300
366 301
365 302
364 303
363 304
362 305
361 306
360 307
359 308
359 309
359 310
359 311
359 312
359 313
359 314
359 315
359 316
359 317
359 318
359 319
359 320
359 321
359 322
359 323
358 324
357 325
356 326
355 327
354 327
353 327
352 327
351 327
350 327
349 327
348 327
347 327
346 327
345 327
344 327
345 328
346 329
347 330
348 331
349 332
350 333
351 334
351 335
351 336
351 337
351 338
351 339
351 340
351 341
351 342
350 343
349 343
348 343
347 343
346 343
345 343
344 343
343 343
342 343
341 343
340 343
339 343
338 343
369 300
370 301
371 302
372 303
373 304
374 305
374 306
374 307
374 308
374 309
374 310
374 311
374 312
374 313
374 314
375 315
376 316
377 317
378 318
379 319
380 320
381 321
382 322
383 323
384 324
385 325
386 326
387 327
387 328
388 328
389 328
390 328
391 328
392 328
393 328
394 328
395 328
396 327
397 326
398 325
399 324
386 329
385 329
384 329
383 329
382 329
381 329
380 329
379 329
378 329
377 329
376 329
375 329
374 329
373 330
372 331
371 332
370 333
369 334
368 335
367 336
367 337
367 338
367 339
357 285
356 286
355 287
354 288
353 289
353 290
353 291
353 292
353 293
352 294
351 295
350 296
349 297
348 297
347 297
346 297
345 297
344 297
343 297
342 297
343 298
344 299
344 300
344 301
344 302
344 303
344 304
344 305
344 306
344 307
344 308
344 309
344 310
344 311
344 312
349 272
350 271
351 270
352 269
353 268
354 267
355 266
356 266
357 266
358 266
359 266
360 266
361 266
362 266
363 266
364 266
365 266
366 266
367 266
368 266
369 266
370 265
370 264
370 263
370 262
371 261
372 260
373 259
374 258
375 257
376 256
377 255
378 254
379 253
380 252
381 251
382 250
355 265
355 264
355 263
355 262
355 261
355 260
355 259
355 258
355 257
355 256
354 255
353 254
352 253
351 252
350 251
350 250
350 249
350 248
350 247
350 246
350 245
350 244
351 243
352 242
353 241
354 240
354 239
355 239
356 239
357 239
358 239
359 239
360 239
361 239
362 239
363 239
364 239
365 239
366 239
367 238
368 237
369 236
370 235
371 235
372 235
373 235
374 235
375 235
376 235
377 235
378 235
379 235
380 235
381 235
382 234
356 240
357 241
358 242
359 243
360 244
361 245
362 246
363 247
364 248
365 249
366 250
353 238
352 237
351 236
350 235
349 234
348 233
347 232
346 231
346 230
345 230
344 231
343 232
342 233
341 234
340 235
339 236
338 237
337 238
336 238
335 238
334 238
333 238
332 238
331 238
330 238
347 230
348 230
349 230
350 229
351 228
352 227
353 226
354 225
355 224
356 224
357 224
358 224
359 224
360 224
361 224
362 224
363 224
364 224
365 223
366 222
367 221
368 220
369 219
370 218
370 217
370 216
370 215
370 214
370 213
371 212
372 211
373 210
374 209
375 208
376 207
377 206
378 207
379 208
380 209
381 210
382 211
383 212
384 213
385 214
386 215
387 216
387 217
387 218
387 219
388 220
389 221
390 222
391 222
392 222
393 222
394 222
395 222
396 222
397 222
398 222
399 222
400 222
401 222
402 222
403 222
404 222
405 222
406 222
407 221
408 220
409 219
410 218
411 217
412 216
413 215
414 214
414 213
414 212
414 211
414 210
414 209
414 208
414 207
414 206
414 205
414 204
413 203
412 202
411 201
410 200
409 199
408 199
407 199
406 199
405 199
404 199
403 199
402 199
401 199
400 199
399 199
398 199
397 199
396 199
395 198
394 197
394 196
394 195
394 194
394 193
394 192
395 192
394 191
394 190
394 189
394 188
394 187
394 186
393 185
392 184
391 183
390 182
390 181
390 180
390 179
390 178
389 177
388 176
387 175
386 174
385 173
384 173
383 173
382 173
381 173
380 173
379 173
378 173
377 173
376 173
375 173
374 173
373 172
372 171
371 170
370 169
369 169
368 169
367 169
366 169
365 169
364 169
363 169
362 169
361 169
360 169
359 169
358 169
357 169
356 169
355 168
384 174
383 175
382 176
381 177
380 178
379 179
378 180
377 181
376 182
375 183
375 184
375 185
374 185
373 185
372 185
371 185
370 185
369 185
368 185
367 185
366 185
365 184
364 184
363 184
362 184
361 184
360 184
359 184
358 184
357 184
356 184
355 184
354 184
353 184
352 184
351 184
350 184
349 184
348 184
347 184
346 184
345 184
344 184
343 184
342 184
341 184
340 184
339 184
338 184
337 184
336 184
335 184
334 184
333 184
332 184
331 184
330 184
329 184
328 184
327 184
326 184
325 184
324 184
323 184
322 184
321 184
335 183
335 182
335 181
335 180
335 179
334 178
333 177
332 176
331 175
330 174
329 173
328 172
327 171
327 170
326 170
328 170
329 170
330 170
331 170
332 170
333 170
334 170
335 170
336 170
337 170
338 169
339 168
340 167
396 191
397 190
398 189
399 188
400 187
401 186
402 185
403 184
404 183
405 182
405 181
405 180
405 179
405 178
405 177
405 176
406 175
407 174
408 173
409 172
410 171
415 215
416 216
417 216
418 216
419 216
420 216
421 216
422 216
423 216
424 216
425 216
426 216
427 216
428 216
429 216
429 215
429 214
429 213
429 212
429 211
429 210
429 209
429 208
429 207
429 206
430 205
431 204
432 203
433 202
433 201
432 201
431 201
430 201
429 201
428 201
427 200
426 199
425 198
424 197
434 201
428 217
427 218
426 219
425 220
425 221
425 222
425 223
425 224
425 225
425 226
425 227
425 228
425 229
425 230
425 231
430 217
431 217
432 217
433 217
434 217
435 217
436 217
437 217
438 217
439 217
440 217
441 217
442 217
441 218
440 219
440 220
440 221
440 222
440 223
440 224
440 225
440 226
440 227
440 228
440 229
440 230
440 231
440 232
439 233
438 234
437 235
436 236
435 237
434 238
433 239
432 240
431 241
430 242
429 243
429 244
429 245
429 246
430 247
431 248
432 248
433 248
434 248
435 248
436 248
437 248
438 248
439 248
440 248
441 248
398 223
397 224
397 225
397 226
397 227
397 228
397 229
397 230
397 231
397 232
397 233
397 234
398 235
399 236
400 237
401 238
402 239
403 240
404 241
405 242
406 243
407 244
408 245
409 246
410 247
409 248
408 249
407 250
406 251
405 252
404 252
403 252
402 252
401 252
400 252
399 252
398 252
397 252
397 253
397 254
397 255
397 256
397 257
397 258
397 259
397 260
397 261
397 262
397 263
397 264
397 265
396 266
395 267
394 268
393 269
392 270
391 270
390 270
389 270
388 270
398 266
399 267
400 268
401 269
402 270
403 271
403 272
403 273
403 274
403 275
403 276
403 277
404 278
405 279
406 279
407 279
408 279
409 279
410 279
411 279
412 279
413 279
414 279
413 280
412 281
411 282
410 283
409 284
408 285
407 286
406 287
405 288
404 289
403 290
403 291
403 292
403 293
403 294
404 294
405 294
406 294
407 294
408 294
409 294
410 294
411 294
412 294
413 294
414 294
415 294
416 295
417 296
418 297
419 298
420 299
421 299
422 299
423 299
424 299
425 299
426 299
427 299
428 299
429 299
429 298
429 297
429 296
429 295
429 294
429 293
429 292
430 291
431 290
432 289
433 288
434 287
435 286
435 285
435 284
435 283
435 282
435 281
435 280
435 279
435 278
435 277
434 276
433 275
433 274
433 273
433 272
433 271
433 270
433 269
433 268
433 267
434 266
435 265
428 300
427 301
426 302
426 303
426 304
426 305
426 306
426 307
426 308
426 309
426 310
426 311
426 312
426 313
426 314
430 300
431 301
432 302
433 303
434 303
435 303
436 303
437 303
438 303
439 303
440 303
441 303
442 303
443 303
444 303
445 303
446 303
447 303
448 303
449 303
450 302
451 301
452 300
453 299
454 298
455 297
456 296
457 296
457 297
458 298
459 299
460 299
461 299
462 299
463 299
464 299
465 299
466 299
467 299
468 299
469 299
470 299
471 299
472 299
473 299
474 299
475 299
476 299
477 299
478 299
479 299
480 299
481 299
482 299
483 299
484 299
468 300
467 301
466 302
465 303
464 304
464 305
464 306
464 307
464 308
464 309
464 310
464 311
463 312
462 313
461 314
460 315
460 316
460 317
460 318
460 319
460 320
460 321
465 312
466 313
467 314
468 315
469 316
470 317
471 318
472 319
473 320
474 321
475 321
475 320
476 319
477 318
478 317
479 316
480 315
481 314
475 322
456 295
456 294
456 293
456 292
456 291
456 290
456 289
456 288
455 287
454 286
453 285
452 284
451 283
450 282
450 281
450 280
450 279
450 278
450 277
450 276
450 275
450 274
450 273
451 272
452 271
453 270
454 269
455 268
458 295
459 294
460 293
461 292
462 291
463 290
464 289
465 288
466 287
467 286
468 286
469 286
470 286
471 286
472 286
473 286
474 286
475 286
476 286
477 285
478 284
479 283
479 282
479 281
479 280
479 279
478 278
477 277
476 276
475 275
474 274
473 273
472 272
471 271
480 278
481 277
482 276
483 275
484 274
485 273
486 272
487 271
488 270
489 269
490 269
491 269
492 269
493 269
494 269
495 269
496 268
497 267
498 266
499 265
500 264
501 264
502 264
503 264
504 264
505 264
506 264
507 263
508 262
509 261
510 260
511 259
512 258
513 257
514 256
515 256
516 256
517 256
518 256
519 256
520 256
521 256
522 255
523 254
524 253
525 252
525 251
525 250
525 249
525 248
525 247
525 246
525 245
525 244
525 243
525 242
525 241
524 240
523 239
522 238
521 237
521 236
521 235
521 234
521 233
521 232
521 231
521 230
521 229
520 228
519 227
518 226
517 225
516 224
515 224
514 224
513 224
512 224
511 224
510 224
509 224
508 224
507 224
506 224
505 223
504 224
503 224
502 224
501 224
500 224
499 224
498 224
497 224
496 224
495 224
494 224
493 224
492 224
493 225
494 226
495 227
496 228
497 229
498 230
499 231
500 232
501 233
502 234
502 235
502 236
502 237
501 238
500 239
499 240
498 241
497 242
496 243
496 244
496 245
526 253
527 254
528 255
529 256
530 257
531 258
532 258
533 258
534 258
535 258
536 258
537 258
538 258
539 258
540 258
541 258
542 258
543 258
544 258
545 258
546 257
547 256
548 255
549 254
550 253
551 252
552 251
552 250
551 250
550 250
549 250
548 250
547 250
546 249
545 248
544 247
543 246
542 245
541 244
540 243
553 250
553 249
553 248
553 247
553 246
553 245
553 244
553 243
553 242
553 241
553 240
553 239
553 238
553 237
554 236
554 235
554 234
553 233
552 232
551 231
550 230
549 229
548 228
547 228
546 228
545 228
544 228
543 228
542 228
541 228
540 228
539 227
540 226
541 225
542 224
543 223
544 222
545 221
546 220
547 219
548 218
549 217
550 216
551 215
552 214
552 213
551 213
550 213
549 213
548 213
547 213
546 213
545 213
544 212
543 212
542 212
541 212
540 212
539 212
538 212
537 212
536 212
535 212
534 212
533 212
532 211
531 211
530 211
529 210
528 209
527 208
526 207
525 206
524 205
523 204
522 203
521 202
521 201
521 200
520 199
519 198
518 197
517 196
516 195
515 194
515 193
515 192
515 191
515 190
515 189
515 188
515 187
515 186
515 185
515 184
515 183
515 182
515 181
516 180
516 179
515 179
514 179
513 179
512 179
511 179
510 179
509 179
508 179
507 179
506 179
505 179
504 179
503 179
502 178
517 179
520 203
519 204
518 205
517 205
516 205
515 205
514 205
513 205
512 205
511 205
510 205
509 205
508 205
507 205
506 204
505 203
504 202
503 201
502 200
501 199
500 198
499 199
498 200
497 201
496 202
495 203
495 204
495 205
495 206
494 206
493 206
492 206
491 206
490 206
489 206
488 206
487 206
486 206
485 206
484 206
483 206
482 206
481 206
480 205
480 204
480 203
480 202
479 202
478 201
477 200
476 199
475 198
474 197
473 196
472 195
471 194
470 193
469 192
468 191
467 192
466 193
465 194
464 195
463 196
462 197
461 198
461 199
461 200
461 201
461 202
461 203
460 203
459 203
458 203
457 203
456 203
455 203
454 203
453 202
452 201
451 200
450 199
449 198
449 197
449 196
449 195
449 194
449 193
449 192
449 191
448 190
447 189
446 188
445 187
444 186
443 185
442 184
441 183
440 182
439 181
438 180
437 179
436 178
435 177
434 176
433 175
433 174
433 173
433 172
433 171
433 170
433 169
433 168
433 167
433 166
433 165
433 164
433 163
433 162
434 161
434 160
433 160
432 159
431 158
430 157
429 156
428 155
427 154
426 153
425 152
424 151
424 150
423 150
422 150
421 150
420 150
419 150
418 150
417 150
416 150
415 149
414 148
413 147
412 146
411 147
410 148
409 149
408 150
407 150
406 150
405 150
404 150
403 150
402 150
401 150
400 150
399 150
398 150
397 150
397 149
397 148
397 147
397 146
397 145
397 144
397 143
396 142
395 143
394 144
393 145
392 146
391 146
390 146
389 146
388 146
387 146
386 146
385 146
384 146
383 146
382 146
381 146
380 147
379 148
378 149
377 150
376 150
375 150
374 150
373 150
425 150
426 150
427 150
428 150
429 150
430 150
431 149
432 148
433 147
434 146
435 145
436 145
437 145
438 145
439 145
440 145
441 144
442 143
443 142
444 143
445 143
446 143
447 143
448 143
449 143
450 143
451 143
452 143
453 143
454 143
455 143
456 143
435 160
480 201
480 200
480 199
480 198
480 197
480 196
480 195
480 194
480 193
481 192
482 191
483 190
483 189
483 188
482 188
481 187
480 186
479 185
478 184
477 183
476 182
475 181
474 180
473 179
472 178
471 177
470 176
470 175
469 174
468 173
467 172
466 171
465 170
464 169
463 168
462 167
461 166
460 165
459 164
458 163
457 162
456 161
455 160
483 187
483 186
483 185
483 184
483 183
483 182
483 181
483 180
483 179
483 178
483 177
484 176
485 175
485 174
484 173
483 172
482 171
481 170
480 169
479 168
478 167
477 166
476 165
475 164
474 163
473 162
472 161
472 160
471 160
471 159
471 158
471 157
471 156
471 155
471 154
471 153
471 152
471 151
471 150
472 149
473 148
474 147
475 146
476 145
473 160
474 160
475 160
476 160
477 160
478 160
479 160
480 160
481 160
482 160
483 160
484 160
485 160
486 160
487 160
488 160
489 160
489 159
489 158
489 157
489 156
489 155
489 154
489 153
489 152
489 151
490 150
491 149
492 148
493 147
494 146
495 145
496 144
497 144
498 144
499 144
500 144
501 144
502 144
503 144
504 144
505 144
506 144
507 144
508 144
509 144
510 144
511 143
512 143
513 143
514 143
515 143
516 143
517 143
518 143
519 143
520 143
521 143
522 143
523 143
524 143
525 143
526 144
527 145
528 146
529 147
529 148
529 149
529 150
529 151
529 152
529 153
529 154
529 155
529 156
529 157
529 158
490 161
491 162
492 162
493 162
494 162
495 162
496 162
497 162
498 162
499 162
500 162
501 162
502 162
503 162
504 162
505 162
506 162
507 162
508 162
509 162
510 162
511 162
512 161
513 160
532 210
532 209
532 208
532 207
532 206
532 205
532 204
532 203
532 202
532 201
533 200
534 199
535 198
536 197
537 196
538 196
539 196
540 196
541 195
542 194
543 193
544 192
545 191
546 190
547 189
548 188
549 187
550 188
551 189
552 190
553 191
554 192
554 193
554 194
554 195
554 196
554 197
553 213
540 259
541 260
542 261
543 262
544 263
545 264
546 265
547 265
548 265
549 265
550 265
551 266
552 267
553 268
554 269
555 270
556 271
557 272
558 273
559 274
559 275
558 276
557 277
556 278
555 279
554 280
553 281
552 282
551 283
550 283
549 283
548 283
547 283
548 284
549 285
550 286
551 287
552 288
552 289
552 290
552 291
552 292
552 293
552 294
552 295
551 296
551 297
551 298
551 299
551 300
551 301
551 302
551 303
551 304
551 305
551 306
551 307
551 308
551 309
551 310
550 310
549 310
548 310
547 310
546 310
545 310
544 310
543 309
542 308
541 307
540 306
539 305
538 304
537 303
536 302
536 301
536 300
536 299
536 298
536 297
536 296
536 295
536 294
536 293
535 292
534 291
533 290
532 289
531 290
530 291
529 292
528 293
527 294
526 295
525 296
524 297
523 298
522 299
521 300
520 300
520 299
520 298
520 297
520 296
519 295
518 294
517 293
516 292
515 291
514 290
513 289
512 288
511 287
520 301
519 302
518 303
517 304
516 305
515 306
514 307
514 308
514 309
514 310
514 311
514 312
513 312
512 312
511 312
510 311
509 310
508 309
507 308
506 307
505 306
504 305
503 304
502 303
501 302
500 301
513 313
512 314
511 315
510 316
509 317
508 318
507 318
506 318
505 318
504 318
503 318
502 318
501 318
500 318
499 318
515 313
516 314
517 315
518 316
519 317
519 318
519 319
519 320
519 321
550 311
549 312
548 313
547 314
546 315
545 316
544 317
543 318
542 319
541 320
540 321
539 322
539 323
540 324
541 325
542 325
543 325
544 325
545 325
546 325
547 325
548 325
549 325
550 325
551 325
552 325
551 326
550 327
549 328
548 329
547 330
546 331
545 332
544 333
544 334
544 335
544 336
544 337
544 338
543 338
542 338
541 338
540 338
539 338
538 338
537 338
536 338
535 338
534 338
533 338
532 338
531 338
530 339
529 340
528 341
527 342
526 343
525 343
524 343
523 343
522 344
521 345
520 346
519 347
518 348
518 349
518 350
518 351
518 352
518 353
518 354
517 354
516 354
515 354
514 354
513 354
512 354
511 354
510 354
509 353
508 352
507 351
506 350
505 349
505 348
505 347
505 346
505 345
505 344
505 343
505 342
506 341
507 340
508 339
517 355
516 356
515 357
514 358
513 359
513 360
513 361
513 362
513 363
513 364
513 365
513 366
512 366
511 366
510 366
509 366
508 366
507 366
506 366
505 366
504 366
503 366
502 366
501 366
500 366
499 366
498 365
524 344
525 345
526 346
527 347
528 348
529 349
530 350
531 351
532 352
533 353
545 339
546 340
547 341
548 341
549 341
550 341
551 341
552 341
553 341
554 341
555 341
556 341
555 342
554 343
553 344
552 345
551 346
550 347
549 348
548 349
548 350
548 351
548 352
548 353
548 354
557 342
558 343
559 344
560 345
561 346
562 347
563 348
564 348
565 348
566 348
567 348
568 348
569 348
570 348
571 348
571 347
571 346
572 345
573 344
574 343
575 342
576 341
577 340
578 339
579 338
580 337
581 336
581 335
580 335
579 335
578 335
577 335
576 335
575 335
574 334
573 333
572 332
572 331
573 330
574 329
575 328
576 327
577 326
578 325
579 324
580 323
581 322
582 321
582 320
581 320
580 320
579 320
578 320
577 319
576 318
575 317
575 316
575 315
575 314
575 313
575 312
575 311
575 310
575 309
575 308
575 307
575 306
575 305
575 304
575 303
575 302
583 320
584 320
585 320
586 319
587 318
588 317
589 316
590 315
591 314
592 313
593 312
594 311
595 310
596 309
596 308
596 307
596 306
596 305
596 304
596 303
596 302
596 301
596 300
595 299
594 298
593 297
592 296
591 295
591 294
590 294
589 294
588 294
587 294
586 294
585 294
584 294
583 294
582 293
581 292
580 291
579 290
578 289
577 288
576 287
576 286
575 286
577 285
578 284
579 283
580 282
581 281
582 280
583 279
584 279
585 279
586 279
587 279
588 279
589 278
590 277
591 276
592 275
593 274
594 273
595 272
583 278
583 277
583 276
583 275
583 274
583 273
583 272
583 271
582 270
581 269
580 268
579 267
578 266
577 265
577 264
576 264
578 263
579 262
580 261
581 260
582 259
583 258
584 257
585 256
586 255
587 254
588 253
589 252
590 251
590 250
589 250
588 250
587 250
586 250
585 250
584 250
583 250
582 250
581 250
580 250
579 250
578 249
577 248
576 247
591 250
591 249
591 248
591 247
591 246
591 245
591 244
591 243
591 242
591 241
591 240
591 239
591 238
591 237
592 236
592 235
591 235
590 235
589 235
588 234
587 233
586 232
585 231
584 230
583 229
582 228
581 227
581 226
581 225
581 224
581 223
581 222
581 221
581 220
581 219
581 218
581 217
581 216
581 215
580 214
579 213
579 212
578 212
578 211
578 210
578 209
578 208
578 207
578 206
578 205
578 204
578 203
578 202
578 201
578 200
578 199
577 198
576 197
580 212
581 212
582 212
583 212
584 212
585 212
586 212
587 212
588 212
589 212
590 212
591 212
592 211
593 210
594 209
595 208
596 207
597 206
598 205
599 204
600 203
601 202
601 201
600 201
599 201
598 201
597 201
596 201
595 201
594 200
593 199
592 198
591 197
591 196
591 195
591 194
591 193
591 192
591 191
592 191
593 190
594 189
595 188
596 187
597 186
597 185
597 184
597 183
597 182
597 181
597 180
597 179
597 178
597 177
597 176
597 175
597 174
597 173
597 172
597 171
597 170
597 169
597 168
597 167
597 166
597 165
596 164
595 163
594 162
593 161
592 160
591 159
590 158
589 157
589 156
589 155
589 154
589 153
589 152
589 151
588 150
587 149
586 148
585 147
584 146
583 145
582 144
581 143
581 142
580 142
582 141
583 140
584 139
585 138
586 137
587 136
588 135
589 134
590 133
590 132
589 132
588 132
587 132
586 132
585 132
584 131
583 130
582 129
581 128
580 127
579 126
579 125
579 124
579 123
579 122
579 121
579 120
579 119
579 118
579 117
579 116
579 115
580 114
581 113
582 112
583 111
583 110
583 109
583 108
583 107
583 106
583 105
582 104
581 103
580 104
579 105
578 106
577 107
576 108
575 108
574 108
573 108
572 108
571 108
570 108
569 108
568 108
567 108
566 108
565 109
564 110
563 111
562 112
561 113
560 114
559 115
558 116
557 117
556 118
555 119
554 120
553 120
552 120
551 120
551 119
551 118
551 117
551 116
551 115
551 114
551 113
551 112
551 111
551 110
551 109
551 108
550 107
549 108
548 109
547 109
546 109
545 109
544 109
543 109
542 109
541 109
540 109
539 109
538 109
537 109
536 109
535 109
534 110
533 110
532 110
531 110
530 110
529 110
528 110
527 110
526 110
525 110
524 110
523 110
522 110
521 110
520 110
519 110
518 110
517 110
516 110
515 110
514 110
513 110
512 110
511 110
510 109
509 108
508 107
520 111
519 112
518 113
517 114
516 115
515 116
514 117
513 118
512 119
511 120
510 121
509 122
508 122
507 122
506 122
505 122
504 122
503 121
502 120
501 119
500 118
499 117
498 116
497 115
496 114
495 113
494 112
493 111
492 110
491 109
490 108
505 123
504 124
503 125
502 125
501 125
500 125
499 125
498 125
497 125
496 125
495 125
494 125
493 125
492 125
491 125
490 125
489 125
488 125
487 125
486 125
485 125
484 125
483 125
482 125
481 125
480 125
479 125
478 125
478 124
478 123
478 122
478 121
478 120
478 119
478 118
477 117
476 116
475 115
474 114
473 113
472 112
471 111
470 110
469 110
468 110
467 110
466 110
465 110
464 110
463 110
462 110
461 110
460 110
459 110
458 110
457 109
456 108
455 107
454 108
453 109
452 110
451 111
450 112
449 113
448 114
447 115
446 116
446 117
445 117
444 117
443 117
442 116
441 115
440 114
439 113
438 112
437 111
436 110
435 109
434 108
433 107
432 108
431 109
430 109
429 109
428 109
427 109
426 109
425 109
424 109
423 109
422 109
421 109
420 109
419 109
418 109
417 109
416 109
415 109
414 109
413 109
412 109
411 109
410 109
409 109
408 109
407 109
406 109
405 109
404 108
403 107
403 106
403 105
403 104
403 103
403 102
403 101
403 100
403 99
403 98
403 97
403 96
404 95
405 94
406 93
406 92
405 92
404 92
403 92
402 92
401 92
400 92
399 92
398 92
397 91
396 90
396 89
396 88
396 87
396 86
396 85
396 84
396 83
396 82
396 81
396 80
396 79
397 78
398 77
399 76
400 75
407 92
407 91
407 90
407 89
407 88
407 87
407 86
408 85
409 84
410 83
411 82
412 81
413 80
414 79
415 78
415 77
415 76
415 75
415 74
415 73
415 72
415 71
415 70
416 69
417 68
417 67
416 67
415 67
414 66
413 65
412 64
411 63
410 62
409 61
408 60
407 59
406 58
405 57
404 56
403 55
402 56
401 57
400 58
399 59
398 60
397 60
396 60
395 60
394 60
418 67
418 66
418 65
418 64
418 63
418 62
418 61
418 60
418 59
418 58
418 57
418 56
418 55
418 54
418 53
418 52
402 108
401 109
400 110
399 111
398 112
397 113
396 114
395 114
394 114
393 114
392 114
391 115
390 116
389 117
388 118
387 119
386 120
386 121
386 122
386 123
386 124
386 125
385 125
384 125
383 125
382 125
381 125
380 125
379 125
378 125
377 125
376 124
375 123
374 122
373 121
372 120
371 119
371 118
371 117
371 116
370 115
369 114
368 113
367 112
366 111
365 110
365 109
364 108
363 107
362 106
361 105
360 104
359 103
358 102
357 101
356 100
355 99
354 98
354 97
354 96
354 95
354 94
354 93
354 92
354 91
354 90
354 89
355 88
356 87
357 86
358 85
359 84
360 83
361 83
362 83
363 83
364 83
365 83
366 83
367 83
368 83
369 82
370 81
371 80
372 79
373 78
373 77
374 77
372 76
371 75
370 74
369 73
368 72
367 71
366 70
365 69
364 68
363 68
362 68
361 68
360 68
359 68
358 68
357 68
356 68
355 68
354 68
353 67
352 66
351 65
350 64
349 64
348 64
347 64
346 64
345 64
344 64
343 64
342 64
341 64
340 64
339 64
338 64
337 64
336 63
335 62
349 65
348 66
347 67
346 68
345 69
344 70
344 71
344 72
344 73
344 74
344 75
344 76
344 77
344 78
364 67
364 66
364 65
364 64
364 63
364 62
364 61
364 60
364 59
364 58
365 57
366 56
366 55
365 55
364 55
363 55
362 55
361 55
360 55
359 55
358 55
357 54
356 53
355 52
354 51
353 50
352 49
351 49
350 49
349 49
348 49
347 49
346 49
345 49
344 49
343 49
342 49
341 49
340 49
339 49
338 48
337 47
336 46
336 45
336 44
336 43
336 42
336 41
336 40
336 39
336 38
336 37
336 36
336 35
335 34
334 33
333 32
352 48
352 47
352 46
352 45
352 44
352 43
352 42
352 41
352 40
352 39
352 38
352 37
352 36
352 35
352 34
352 33
352 32
352 31
352 30
352 29
352 28
352 27
352 26
352 25
352 24
352 23
352 22
352 21
353 20
367 55
367 54
367 53
367 52
367 51
367 50
367 49
367 48
367 47
367 46
367 45
367 44
367 43
367 42
367 41
367 40
368 40
369 40
370 40
371 40
372 40
373 39
374 38
375 37
376 36
377 35
368 56
369 57
370 58
371 59
372 60
373 60
374 60
375 60
376 60
377 60
378 60
379 60
353 99
352 100
351 101
350 102
349 103
348 104
347 105
346 106
345 107
344 108
343 109
342 110
341 111
340 111
339 112
338 113
337 114
336 115
335 116
335 117
335 118
335 119
335 120
335 121
334 121
333 120
332 119
331 118
330 117
329 116
328 115
327 114
326 113
325 112
324 113
323 114
322 115
321 116
320 117
319 117
318 117
317 117
316 118
315 119
314 119
313 119
312 119
311 119
310 119
309 119
308 119
307 119
306 119
305 119
304 119
304 118
304 117
304 116
304 115
304 114
304 113
304 112
304 111
304 110
304 109
304 108
304 107
303 106
302 105
301 104
301 103
301 102
301 101
302 101
301 100
301 99
301 98
301 97
301 96
300 95
299 94
298 93
297 92
296 91
296 90
296 89
296 88
296 87
296 86
296 85
297 84
298 83
299 82
300 81
301 80
302 79
303 78
303 77
302 77
301 77
300 77
299 77
298 77
297 77
296 77
295 77
294 77
293 77
292 77
291 77
303 76
304 76
304 75
304 74
304 73
304 72
304 71
304 70
304 69
304 68
304 67
304 66
304 65
304 64
305 64
306 64
307 64
308 64
309 64
310 64
311 64
312 64
313 64
314 63
315 62
316 61
317 60
318 59
319 58
304 63
304 62
304 61
304 60
304 59
304 58
304 57
304 56
304 55
304 54
304 53
304 52
304 51
304 50
303 50
302 50
301 50
300 50
299 50
298 50
297 50
296 50
295 50
294 50
293 50
292 50
291 49
290 48
289 47
304 77
305 77
306 77
307 77
308 77
309 77
310 77
311 77
312 77
313 77
314 76
315 75
316 74
317 73
302 75
301 74
300 73
299 72
298 71
297 70
296 69
295 68
294 67
293 66
292 65
291 64
290 63
289 62
303 100
304 99
305 98
306 97
307 96
308 95
309 94
310 93
311 92
335 122
335 123
335 124
335 125
341 112
342 113
343 114
344 114
345 114
346 114
347 114
348 114
349 114
350 114
351 115
352 116
353 117
354 118
355 119
356 120
356 121
356 122
356 123
356 124
356 125
393 115
394 116
395 117
396 118
397 119
398 120
399 121
400 122
401 123
402 124
403 125
419 110
420 111
421 112
422 113
423 114
424 115
425 116
426 117
427 118
428 119
429 120
430 121
431 122
447 118
447 119
447 120
447 121
447 122
447 123
447 124
447 125
469 111
468 112
467 113
466 114
465 115
464 116
463 117
462 118
462 119
462 120
462 121
462 122
462 123
462 124
462 125
550 121
549 122
548 123
547 124
546 125
545 125
544 125
543 125
542 125
541 125
540 125
539 125
538 125
537 125
536 125
535 125
534 125
533 125
532 125
531 125
530 125
529 125
528 125
527 125
526 125
525 125
524 125
523 125
539 126
540 127
541 128
542 129
543 130
544 131
545 132
546 133
547 134
548 135
549 136
549 137
549 138
549 139
549 140
591 132
592 132
592 133
593 134
594 135
595 136
596 137
597 138
597 139
597 140
597 141
597 142
598 143
599 144
600 145
601 146
602 147
603 148
604 149
605 150
606 151
606 152
606 153
606 154
606 155
607 155
608 155
609 155
610 155
611 155
612 155
613 155
614 155
615 155
616 155
617 155
618 155
619 154
620 153
621 152
622 152
623 152
624 152
625 152
626 152
627 152
628 152
629 152
630 151
631 150
632 149
633 148
634 147
635 146
635 145
635 144
635 143
635 142
634 142
633 141
632 140
631 139
630 138
629 137
628 136
627 135
626 134
625 133
624 132
635 141
635 140
635 139
636 138
637 137
638 136
639 135
636 147
637 148
638 149
639 150
640 151
641 152
642 153
643 154
644 155
644 156
644 157
644 158
644 159
622 153
623 154
624 155
625 156
626 157
627 158
628 159
628 160
628 161
628 162
628 163
628 164
628 165
628 166
628 167
627 168
626 169
626 170
626 171
626 172
626 173
626 174
626 175
593 131
594 130
595 129
596 128
597 127
598 126
599 125
600 124
601 123
601 122
601 121
601 120
601 119
601 118
601 117
601 116
601 115
601 114
601 113
601 112
601 111
600 110
599 109
598 108
590 190
589 189
588 188
587 187
586 186
585 185
584 184
583 183
582 182
582 181
582 180
582 179
582 178
582 177
582 176
582 175
582 174
582 173
581 172
581 171
581 170
581 169
581 168
581 167
581 166
581 165
580 164
579 163
578 162
577 161
576 160
575 159
574 158
573 158
572 158
571 158
570 158
569 158
568 158
567 158
566 158
565 158
564 158
563 157
562 156
561 157
560 158
559 158
558 158
557 158
556 158
555 158
554 158
553 158
552 158
551 158
550 158
549 158
548 158
548 159
548 160
548 161
548 162
548 163
548 164
548 165
548 166
548 167
548 168
548 169
548 170
548 171
548 172
602 201
603 202
604 203
605 203
606 203
607 203
608 203
609 203
610 203
611 203
612 203
613 203
614 203
615 203
616 203
617 203
617 202
618 201
619 200
620 199
621 198
622 197
623 196
624 195
625 194
626 193
627 192
628 191
629 190
630 191
631 192
632 193
632 194
632 195
632 196
632 197
632 198
632 199
632 200
632 201
632 202
632 203
589 213
590 214
591 215
592 216
593 216
594 216
595 216
596 216
597 216
598 216
599 216
600 216
580 228
579 229
578 230
577 231
576 232
575 232
574 232
573 232
593 235
594 235
595 235
596 235
597 235
598 235
599 235
600 235
601 235
602 235
603 235
604 235
605 235
606 235
607 235
608 235
592 251
593 252
594 253
595 254
596 255
597 256
598 257
599 257
600 257
601 257
602 257
592 294
593 294
594 294
595 294
596 294
597 294
598 294
599 293
600 292
601 291
602 290
602 289
602 288
602 287
602 286
602 285
602 284
603 283
604 282
605 281
606 280
607 279
608 278
609 277
610 276
611 275
612 275
613 274
614 273
615 272
616 271
617 270
618 269
619 268
620 267
621 266
622 265
623 264
624 263
624 262
624 261
624 260
624 259
624 258
624 257
624 256
624 255
624 254
624 253
624 252
624 251
625 250
626 249
626 248
626 247
626 246
626 245
626 244
626 243
626 242
626 241
626 240
626 239
626 238
626 237
626 236
626 235
625 234
625 233
625 232
625 231
625 230
625 229
625 228
625 227
625 226
625 225
625 224
625 223
625 222
625 221
626 220
627 219
628 220
629 221
630 222
631 223
632 224
633 225
634 226
635 227
636 228
637 229
638 230
639 231
640 232
641 233
642 234
643 235
625 264
626 265
626 266
626 267
626 268
626 269
626 270
626 271
626 272
627 273
627 274
627 275
627 276
627 277
627 278
627 279
627 280
627 281
627 282
627 283
627 284
627 285
627 286
627 287
597 310
598 311
599 312
600 312
601 312
602 312
603 312
604 312
605 312
606 312
607 312
608 312
609 312
610 312
611 312
610 313
609 314
608 315
607 316
606 317
605 318
604 319
603 320
602 321
602 322
602 323
602 324
601 325
600 326
599 327
598 328
598 329
598 330
598 331
598 332
598 333
598 334
612 313
613 314
614 315
615 316
616 317
617 318
618 319
619 320
620 320
621 320
622 320
623 320
624 320
625 320
625 319
625 318
625 317
625 316
625 315
625 314
625 313
625 312
625 311
625 310
625 309
626 308
626 321
627 322
628 323
628 324
628 325
628 326
628 327
628 328
628 329
628 330
628 331
628 332
628 333
628 334
582 335
572 349
573 350
574 351
575 352
576 353
577 354
578 355
579 356
580 357
581 358
582 359
583 359
583 358
583 357
583 356
583 355
583 354
583 353
583 352
584 351
585 350
586 349
587 350
588 351
589 352
590 352
591 352
592 352
593 352
594 352
595 352
596 352
597 352
598 352
599 352
600 352
601 352
602 352
603 351
604 350
605 349
606 348
607 347
608 346
609 345
610 344
611 343
612 342
613 341
614 342
615 343
616 344
617 345
618 346
619 347
620 348
621 349
622 349
623 349
624 349
625 349
626 349
627 349
627 350
627 351
627 352
627 353
627 354
627 355
627 356
627 357
627 358
627 359
627 360
627 361
627 362
627 363
627 364
627 365
627 366
627 367
627 368
627 369
627 370
627 371
627 372
627 373
627 374
627 375
626 376
625 377
624 378
623 379
622 380
621 381
620 382
619 383
618 384
617 385
617 386
617 387
617 388
617 389
617 390
618 390
619 390
620 390
621 390
622 390
623 390
624 390
625 390
626 390
627 390
628 390
629 390
630 390
631 390
632 391
633 392
634 393
635 394
636 395
636 396
636 397
636 398
635 399
634 400
633 401
632 402
631 403
630 404
629 405
628 405
627 405
626 405
625 405
624 405
623 405
622 405
623 406
624 407
625 408
626 409
627 410
627 411
627 412
627 413
637 399
638 400
639 401
640 402
641 403
642 404
642 405
642 406
642 407
642 408
642 409
642 410
642 411
637 394
638 393
639 392
640 391
641 390
642 389
643 388
644 387
645 386
646 385
583 360
583 361
583 362
584 363
585 364
586 365
587 366
588 367
589 368
590 369
591 370
592 371
593 372
594 373
595 374
596 374
597 374
598 375
598 376
598 377
598 378
598 379
598 380
598 381
598 382
598 383
598 384
598 385
598 386
598 387
598 388
598 389
598 390
598 391
598 392
598 393
598 394
598 395
598 396
598 397
598 398
598 399
598 400
598 401
598 402
598 403
598 404
597 405
596 406
595 407
594 408
593 409
593 410
593 411
593 412
593 413
592 413
592 414
591 415
590 416
589 417
588 418
587 419
586 420
585 421
584 422
583 422
582 422
581 422
580 422
579 422
578 423
577 424
576 425
575 426
574 427
573 428
572 429
571 430
570 431
569 432
568 433
568 434
568 435
568 436
568 437
567 432
566 431
565 430
564 429
563 429
562 429
561 429
560 429
559 429
558 429
557 428
556 427
555 426
554 425
553 424
552 423
551 422
550 421
549 420
548 421
547 422
546 422
545 422
544 422
543 422
542 422
541 422
540 422
539 422
538 422
537 422
536 422
535 422
534 422
533 422
532 422
531 422
530 422
529 422
528 422
527 422
526 421
535 423
534 424
533 425
532 426
532 427
532 428
532 429
532 430
532 431
532 432
532 433
532 434
532 435
532 436
532 437
531 437
530 437
529 437
528 437
527 437
526 437
525 437
524 437
523 437
522 437
521 437
520 437
519 437
518 437
517 437
516 437
515 437
514 437
513 437
512 437
511 437
510 437
509 437
508 437
507 437
506 437
505 437
504 437
503 437
502 437
501 437
500 437
499 437
498 437
497 437
496 437
495 437
494 437
493 437
492 437
491 437
490 437
489 437
488 437
503 436
503 435
503 434
503 433
503 432
502 431
501 430
500 429
499 428
498 427
497 426
496 425
495 424
494 423
494 422
493 422
492 422
491 422
490 422
489 422
488 422
487 422
486 422
485 422
484 422
483 422
482 422
481 422
480 422
479 421
478 420
477 421
476 422
475 423
474 424
473 425
472 426
471 427
470 427
470 428
470 429
470 430
470 431
469 432
468 433
467 434
466 435
465 436
464 437
463 437
462 437
461 437
460 437
459 437
458 437
457 437
456 437
455 437
454 437
453 437
452 437
451 437
450 437
449 437
448 437
469 426
468 425
467 424
466 423
465 422
464 421
463 420
462 421
461 422
460 422
459 422
458 422
457 422
456 422
455 422
454 422
453 422
452 422
451 422
450 422
449 422
448 422
447 422
446 422
445 422
444 422
443 422
442 422
441 422
440 422
439 422
438 422
437 422
436 421
435 420
434 421
433 422
432 423
432 424
432 425
432 426
432 427
432 428
432 429
432 430
432 431
432 432
432 433
431 433
430 432
429 431
428 430
427 429
426 428
425 427
424 426
423 425
422 424
421 423
420 422
419 423
418 424
417 425
416 426
415 427
414 428
413 429
412 429
411 429
410 429
409 429
408 429
407 428
406 427
405 426
404 425
403 424
402 423
401 422
400 421
399 420
398 421
397 422
396 422
395 422
394 422
393 422
392 422
391 422
390 422
389 422
388 422
387 422
386 422
385 422
384 422
383 423
382 424
381 425
380 426
379 427
378 428
377 429
376 430
376 431
376 432
376 433
376 434
375 434
374 434
373 434
372 434
371 434
370 434
369 434
368 434
367 434
366 434
365 434
364 433
363 432
362 431
361 430
361 429
361 428
361 427
361 426
362 426
363 425
364 424
365 423
366 422
367 421
368 420
369 419
369 418
369 417
369 416
370 415
371 414
372 413
373 412
374 411
375 410
376 409
377 408
378 407
378 406
378 405
378 404
378 403
377 402
376 401
375 400
374 399
360 425
359 424
358 423
357 422
356 421
355 420
354 419
353 420
352 421
351 422
350 422
349 422
348 422
347 422
346 422
345 422
344 422
343 423
342 424
341 425
340 426
339 427
338 428
337 429
336 429
335 429
334 429
333 429
332 429
331 429
330 429
329 429
329 428
329 427
329 426
329 425
329 424
329 423
328 422
327 421
326 420
360 431
359 432
358 433
357 434
356 435
355 436
354 436
353 436
352 436
351 436
350 436
351 437
352 438
353 439
354 440
354 441
354 442
354 443
354 444
354 445
354 446
354 447
354 448
354 449
354 450
354 451
353 452
352 453
351 454
351 455
351 456
351 457
351 458
351 459
351 460
351 461
351 462
351 463
351 464
351 465
351 466
350 466
349 466
348 466
347 466
346 466
345 466
344 466
343 466
342 465
341 464
340 463
339 462
350 467
349 468
348 469
347 470
346 471
345 472
344 473
343 474
342 475
341 476
340 477
339 477
338 477
337 477
336 477
335 478
334 479
333 480
332 481
332 482
332 483
332 484
332 485
332 486
332 487
332 488
332 489
332 490
331 490
330 490
329 489
328 488
327 487
326 486
325 485
324 484
323 483
322 482
321 481
320 481
319 481
318 481
317 481
316 481
315 481
314 481
313 481
312 481
311 481
310 480
309 479
308 478
307 477
306 476
305 477
304 477
303 477
302 477
301 477
300 477
299 477
298 477
297 477
296 477
295 477
294 477
293 477
293 476
293 475
293 474
293 473
293 472
293 471
293 470
293 469
293 468
292 467
291 466
290 465
289 464
289 463
289 462
289 461
290 460
291 459
292 458
293 457
294 456
295 455
296 454
297 453
298 452
299 451
300 452
301 453
302 454
303 455
304 456
305 457
306 458
307 458
308 458
308 457
308 456
308 455
308 454
309 453
310 452
311 451
312 450
313 449
313 448
313 447
313 446
313 445
312 444
311 443
310 442
309 441
308 440
307 439
306 438
305 437
304 436
303 435
303 434
303 433
304 432
305 431
306 430
307 429
308 428
309 427
309 426
308 426
307 425
306 424
305 423
304 422
303 421
302 420
310 426
294 478
294 479
294 480
294 481
294 482
294 483
294 484
294 485
294 486
294 487
294 488
294 489
294 490
294 491
294 492
320 482
319 483
318 484
317 485
316 486
315 487
314 488
313 489
312 490
311 491
311 492
333 491
334 492
335 493
336 494
337 494
338 494
339 494
340 494
341 494
342 494
342 493
342 492
342 491
342 490
343 489
344 488
345 487
346 486
347 485
348 484
349 483
350 482
351 481
352 482
353 483
354 484
355 485
356 486
357 486
358 486
359 486
360 486
361 486
362 486
363 486
341 495
340 496
339 497
338 498
337 499
336 500
335 501
334 502
333 503
333 504
333 505
343 495
344 496
345 497
346 498
347 499
348 500
349 501
349 502
349 503
349 504
349 505
349 506
349 507
349 508
349 509
350 509
351 509
352 509
353 509
354 509
355 508
356 507
357 506
358 505
359 504
360 503
361 502
362 503
363 504
364 504
365 504
366 504
367 504
368 504
369 504
370 504
371 504
372 504
373 504
374 504
375 504
376 504
350 510
351 511
352 512
353 513
353 514
353 515
353 516
353 517
353 518
353 519
353 520
353 521
353 522
352 467
353 467
354 467
355 467
356 467
357 467
358 467
359 467
360 467
361 467
362 467
363 467
364 467
365 467
366 467
366 466
366 465
366 464
366 463
366 462
367 461
368 460
369 459
367 468
368 469
369 470
370 471
371 472
372 473
373 474
374 475
375 476
376 477
377 478
378 479
378 480
378 481
378 482
409 430
410 431
411 432
412 433
413 434
414 435
415 436
416 437
417 437
416 438
415 439
414 440
413 441
412 442
411 443
410 444
409 445
408 446
407 447
406 448
405 448
404 448
403 447
402 446
401 445
400 444
399 443
398 442
397 441
396 440
395 439
394 438
393 437
405 449
404 450
403 451
402 452
401 453
400 454
399 455
398 456
397 457
396 458
395 459
395 460
395 461
395 462
395 463
395 464
395 465
395 466
395 467
395 468
395 469
395 470
395 471
395 472
395 473
395 474
396 475
397 476
398 477
399 478
400 479
401 480
402 481
402 482
402 483
402 484
402 485
402 486
402 487
402 488
402 489
403 489
404 489
403 490
404 491
405 492
406 493
407 494
408 495
409 495
410 495
411 495
412 495
413 495
414 495
415 495
416 495
405 488
406 487
407 486
408 485
409 484
410 483
411 482
412 481
413 480
414 479
415 478
416 477
407 449
408 450
409 451
410 452
410 453
410 454
410 455
410 456
410 457
410 458
410 459
432 434
432 435
495 422
496 422
497 422
498 422
499 422
500 422
501 422
502 422
503 422
504 422
505 422
506 422
507 422
508 421
563 430
562 431
561 432
560 433
559 434
558 435
557 435
556 435
555 435
554 435
553 435
552 435
551 435
591 412
590 411
589 410
588 409
587 408
586 407
585 406
584 405
583 404
582 403
581 402
580 401
580 400
580 399
580 398
580 397
580 396
580 395
580 394
580 393
580 392
580 391
580 390
580 389
580 388
579 387
578 386
578 385
578 384
578 383
578 382
578 381
579 380
580 379
581 378
582 377
594 414
594 415
594 416
594 417
594 418
594 419
594 420
594 421
594 422
594 423
595 424
596 425
597 426
598 427
599 428
600 429
601 430
602 431
602 432
601 433
600 434
599 435
598 436
598 437
598 438
598 439
598 440
598 441
598 442
598 443
598 444
598 445
598 446
597 446
596 446
595 446
594 445
593 444
592 443
591 442
590 441
589 440
588 439
587 438
501 265
502 266
503 267
504 268
505 269
506 270
507 271
508 272
509 272
510 272
511 272
512 272
513 272
514 272
515 272
516 273
517 274
518 274
519 274
520 274
521 274
522 274
523 274
524 274
525 274
526 274
527 274
528 274
529 274
530 274
490 270
491 271
492 272
493 273
494 274
495 275
496 276
496 277
496 278
496 279
496 280
489 268
489 267
489 266
489 265
488 264
487 263
486 262
485 261
484 260
483 259
482 258
481 257
480 256
479 255
478 255
477 255
476 255
475 255
474 255
473 255
472 255
471 255
470 255
469 255
468 254
467 253
466 252
465 251
464 250
463 249
462 248
461 247
460 246
459 245
458 244
457 243
456 242
456 241
456 240
456 239
456 238
456 237
456 236
456 235
456 234
456 233
456 232
456 231
457 230
458 229
459 228
460 227
479 254
479 253
479 252
479 251
479 250
479 249
479 248
479 247
479 246
479 245
479 244
479 243
479 242
480 241
481 240
481 239
481 238
481 237
481 236
481 235
481 234
481 233
481 232
481 231
481 230
481 229
480 228
479 227
478 226
477 225
441 304
441 305
441 306
441 307
441 308
441 309
441 310
441 311
441 312
441 313
441 314
441 315
441 316
441 317
441 318
440 319
440 320
440 321
440 322
440 323
440 324
440 325
440 326
440 327
440 328
440 329
440 330
441 331
442 332
443 333
444 334
445 335
446 336
447 337
448 338
448 339
447 340
446 341
445 342
444 343
443 344
442 345
441 346
440 347
440 348
440 349
440 350
440 351
439 351
438 350
437 349
436 348
435 347
434 346
433 345
433 344
432 343
431 342
430 341
429 340
428 339
427 338
426 337
425 336
424 335
423 334
422 333
421 332
420 331
432 346
431 347
430 348
429 349
428 350
427 350
426 350
425 350
424 350
423 350
422 350
421 350
420 350
419 350
418 350
417 350
416 350
415 350
414 349
413 348
412 347
411 346
410 345
409 344
408 343
407 342
406 341
405 340
404 341
403 342
402 343
401 344
400 345
399 346
398 347
398 348
398 349
398 350
398 351
398 352
398 353
398 354
398 355
397 356
396 357
395 358
394 359
393 360
392 361
391 362
390 363
389 364
388 365
388 366
387 366
386 365
385 364
384 363
383 362
382 361
381 360
380 360
379 360
378 360
377 360
376 360
375 360
374 360
373 360
372 360
371 360
370 360
369 360
368 360
367 360
366 360
380 361
379 362
378 363
377 364
376 365
375 366
374 367
373 368
372 369
371 370
371 371
371 372
371 373
371 374
371 375
370 375
369 375
368 375
367 375
366 375
365 375
364 375
363 375
362 375
361 375
360 375
359 375
358 375
357 375
356 375
356 374
356 373
356 372
356 371
356 370
356 369
356 368
356 367
355 366
354 365
353 364
352 363
351 362
350 361
349 362
348 363
347 364
346 365
345 366
344 367
343 368
342 369
341 370
340 370
340 371
340 372
340 373
340 374
340 375
339 369
338 368
337 367
336 366
335 365
334 364
333 363
332 362
331 363
330 364
329 365
328 366
327 367
326 368
325 369
324 369
323 369
322 369
321 369
320 369
319 369
318 369
317 369
316 368
315 367
314 366
313 365
312 364
311 363
310 362
309 361
308 360
307 359
306 360
305 361
304 362
303 363
303 364
303 365
303 366
303 367
303 368
303 369
303 370
304 371
305 372
306 373
306 374
306 375
306 376
306 377
306 378
306 379
306 380
306 381
306 382
305 383
304 384
304 385
304 386
304 387
304 388
304 389
304 390
304 391
304 392
304 393
304 394
304 395
304 396
304 397
355 376
354 377
353 378
353 379
353 380
353 381
353 382
353 383
353 384
353 385
353 386
353 387
353 388
353 389
353 390
352 390
351 391
350 392
349 393
348 394
347 395
346 396
345 397
344 398
343 398
342 398
341 398
340 398
339 398
338 398
337 398
336 398
335 398
334 398
353 391
353 392
353 393
353 394
353 395
353 396
353 397
353 398
353 399
353 400
353 401
353 402
353 403
353 404
388 367
388 368
388 369
388 370
399 356
400 357
401 358
402 359
403 360
404 361
405 362
406 363
407 364
407 365
407 366
407 367
407 368
407 369
407 370
440 352
440 353
440 354
439 355
439 356
439 357
439 358
439 359
439 360
439 361
439 362
439 363
439 364
439 365
439 366
439 367
439 368
439 369
438 370
437 371
436 372
435 373
434 373
433 373
432 373
431 373
432 374
433 375
434 376
435 377
436 378
437 379
438 380
439 381
440 382
440 383
440 384
440 385
449 340
450 341
451 342
452 343
453 344
454 345
455 346
456 346
457 346
458 346
459 346
460 346
461 346
462 346
463 346
464 346
465 346
466 346
467 346
468 346
469 346
470 345
471 344
457 347
458 348
459 349
460 350
461 351
462 352
463 353
463 354
463 355
463 356
463 357
463 358
463 359
464 360
465 361
466 361
467 361
468 361
469 361
470 361
471 361
472 361
473 361
474 361
473 362
472 363
471 364
470 365
469 366
468 367
467 368
467 369
467 370
467 371
467 372
467 373
467 374
468 375
469 376
470 377
471 378
472 379
473 380
474 381
475 382
476 383
477 383
478 383
479 383
480 383
479 384
478 385
477 386
476 387
475 388
474 388
473 388
472 388
471 388
470 388
469 388
468 388
467 388
466 389
465 389
464 389
463 389
462 389
461 389
460 389
459 389
458 390
457 391
457 392
457 393
457 394
457 395
457 396
457 397
457 398
457 399
457 400
457 401
457 402
457 403
456 403
455 403
454 403
453 403
452 403
451 403
450 403
449 403
448 403
447 403
446 403
445 403
444 403
443 403
442 403
441 403
440 403
439 403
438 403
437 403
436 402
435 401
435 400
435 399
435 398
434 397
433 396
432 395
431 394
430 393
429 392
428 391
427 390
426 389
425 388
424 389
423 390
422 391
421 392
420 393
419 394
418 395
417 396
416 397
415 398
414 399
413 400
412 401
411 402
410 402
460 390
461 391
462 392
463 393
464 394
465 395
466 396
467 397
468 398
469 399
470 400
471 401
472 402
472 403
473 403
474 403
475 403
476 403
477 403
478 403
479 402
480 401
481 400
482 399
483 400
484 401
485 402
486 403
487 403
488 403
489 403
490 403
491 403
492 403
493 403
494 403
495 403
496 403
497 403
498 403
499 403
500 403
501 403
502 403
503 403
504 403
505 403
506 403
507 402
508 402
509 402
510 402
511 402
512 402
513 401
514 400
515 399
516 400
517 401
518 402
519 402
520 402
521 402
522 402
523 402
524 402
481 384
482 384
483 384
484 384
485 384
486 384
487 384
488 384
489 384
490 384
491 384
492 384
493 384
494 384
495 384
496 384
497 384
498 384
499 384
500 384
501 384
502 384
503 384
504 384
505 384
506 384
507 384
508 384
509 384
510 384
511 384
512 384
513 384
514 384
515 384
516 385
517 386
518 387
519 387
520 387
521 387
522 387
523 387
524 387
525 387
526 387
527 387
528 387
529 387
530 387
531 387
532 387
533 387
534 387
535 387
536 387
537 387
538 387
539 387
540 387
541 387
542 387
543 387
544 386
544 385
544 384
544 383
544 382
544 381
544 380
544 379
544 378
544 377
544 376
544 375
544 374
545 373
546 372
547 371
545 387
546 388
547 389
547 390
547 391
547 392
547 393
547 394
547 395
547 396
548 396
547 397
547 398
547 399
549 395
550 394
551 393
552 392
553 391
554 390
555 389
556 388
557 387
558 386
475 360
476 359
477 358
478 357
479 356
480 355
481 354
482 353
483 352
484 351
485 350
486 349
487 348
488 347
489 346
489 345
489 344
489 343
489 342
489 341
488 340
487 339
486 338
475 362
476 363
477 364
478 365
479 366
480 367
481 368
482 368
483 368
404 295
405 296
406 297
406 298
406 299
406 300
406 301
406 302
406 303
406 304
406 305
406 306
406 307
406 308
406 309
402 295
401 296
400 297
399 298
398 299
397 300
396 301
395 302
394 303
393 304
392 305
391 306
390 306
389 305
388 304
387 303
386 302
385 301
384 300
383 299
383 298
383 297
383 296
383 295
383 294
383 293
383 292
383 291
384 290
385 289
386 288
387 287
388 286
391 307
391 308
391 309
411 248
412 249
412 250
412 251
412 252
412 253
412 254
412 255
412 256
412 257
412 258
412 259
412 260
412 261
412 262
355 223
355 222
355 221
355 220
355 219
355 218
355 217
354 216
353 215
352 214
351 213
350 212
349 211
348 210
348 209
347 209
346 209
345 208
344 207
343 206
342 205
341 204
340 203
339 202
338 203
337 204
336 204
335 204
334 204
333 204
332 204
331 204
330 204
329 204
328 204
327 204
326 204
325 204
324 204
323 205
322 206
321 207
320 208
320 209
320 210
320 211
320 212
320 213
320 214
320 215
320 216
320 217
321 218
322 219
323 219
324 219
325 219
326 219
327 219
328 219
329 219
330 219
349 209
350 209
351 209
352 209
353 209
354 209
355 209
356 209
357 208
358 207
359 206
360 205
361 204
362 203
346 274
345 275
344 276
343 277
342 278
341 279
340 280
339 281
338 282
337 283
336 284
335 285
334 286
333 287
332 288
331 289
330 290
329 291
328 292
327 293
327 294
327 295
327 296
327 297
326 298
325 299
324 300
323 301
322 302
321 303
320 304
319 305
318 305
317 305
316 305
315 305
314 305
313 305
312 305
311 305
310 305
309 305
308 305
307 305
306 305
305 304
304 303
303 303
302 303
301 302
300 301
299 300
298 299
297 298
296 297
295 296
294 295
293 294
292 293
291 292
290 291
289 290
288 289
303 304
302 305
301 306
300 307
299 308
298 309
297 309
296 309
304 302
304 301
304 300
304 299
304 298
304 297
304 296
304 295
304 294
304 293
304 292
304 291
304 290
304 289
304 288
317 306
316 307
315 308
314 309
313 310
313 311
313 312
313 313
313 314
313 315
313 316
313 317
313 318
312 319
311 320
310 321
309 322
308 323
307 324
306 325
305 326
304 327
303 328
302 329
301 329
302 330
302 331
302 332
302 333
302 334
302 335
302 336
302 337
302 338
302 339
302 340
302 341
302 342
302 343
302 344
319 306
320 307
321 308
322 309
323 310
324 310
325 310
326 310
327 310
328 310
329 310
328 311
328 312
328 313
328 314
328 315
328 316
328 317
328 318
328 319
328 320
328 321
328 322
328 323
328 324
328 325
327 326
326 327
325 328
324 329
323 330
322 331
321 332
320 333
321 334
322 335
323 336
323 337
323 338
323 339
323 340
323 341
323 342
323 343
331 271
330 272
329 273
328 274
327 275
326 276
325 277
324 278
323 279
322 280
321 281
320 281
320 280
320 279
320 278
320 277
320 276
320 275
320 274
319 273
318 272
317 271
316 270
315 269
315 268
315 267
315 266
315 265
315 264
315 263
315 262
315 261
315 260
316 259
317 258
318 257
319 256
320 255
321 255
322 255
323 255
324 255
325 255
326 255
327 255
328 255
329 255
330 255
331 255
332 255
333 255
334 255
335 254
320 254
320 253
319 252
318 251
317 250
316 249
315 248
314 247
313 247
312 247
311 247
310 247
309 246
308 245
307 244
306 243
305 242
304 241
303 240
302 239
301 238
300 237
299 236
299 235
299 234
299 233
299 232
299 231
299 230
299 229
299 228
299 227
299 226
299 225
299 224
299 223
299 222
300 221
300 220
300 219
300 218
300 217
300 216
300 215
300 214
300 213
300 212
300 211
300 210
300 209
300 208
301 207
302 206
302 205
302 204
302 203
302 202
302 201
302 200
302 199
302 198
302 197
302 196
302 195
302 194
302 193
302 192
302 191
302 190
302 189
302 188
302 187
302 186
302 185
302 184
302 183
302 182
302 181
302 180
302 179
302 178
301 177
300 176
300 175
300 174
300 173
300 172
300 171
300 170
300 169
300 168
301 167
302 166
303 165
303 164
303 163
303 162
303 161
303 160
303 159
303 158
303 157
302 156
301 155
301 154
300 154
300 153
300 152
300 151
300 150
300 149
300 148
300 147
300 146
300 145
300 144
300 143
300 142
300 141
300 140
300 139
302 154
303 154
304 153
305 152
306 151
307 150
308 149
309 148
310 147
311 146
312 145
313 144
314 143
315 142
316 143
317 144
318 144
319 144
320 144
321 144
322 144
323 144
324 144
325 144
326 144
327 144
328 144
329 144
330 144
331 144
332 144
333 144
334 144
335 144
336 144
337 144
338 144
339 144
340 144
341 144
342 144
343 144
344 144
345 144
346 144
347 143
348 144
349 145
350 146
351 147
352 148
353 148
354 148
355 148
356 148
313 248
312 249
311 250
310 251
309 251
308 251
307 251
306 251
305 251
304 251
303 251
302 251
301 251
300 251
299 251
298 252
297 253
296 254
295 255
294 256
293 257
292 258
291 259
290 260
289 261
289 262
289 263
289 264
289 265
288 266
287 267
286 268
285 269
284 270
283 271
282 271
282 270
282 269
281 268
280 267
279 266
278 265
277 264
276 263
275 262
274 261
274 260
274 259
274 258
275 258
276 257
277 256
278 255
279 254
280 253
281 252
282 251
273 257
272 256
271 255
270 254
269 253
268 252
267 251
267 250
267 249
267 248
267 247
267 246
267 245
268 244
269 243
270 242
271 241
272 240
273 239
274 238
275 237
276 236
277 236
278 236
279 236
280 236
281 236
282 236
283 235
284 234
276 235
276 234
276 233
276 232
276 231
276 230
276 229
275 228
274 227
273 226
272 225
271 224
270 223
269 222
269 221
268 221
267 221
266 221
265 220
264 219
263 218
262 217
261 216
260 215
259 214
258 213
257 212
257 211
257 210
257 209
257 208
257 207
257 206
257 205
257 204
257 203
257 202
257 201
257 200
256 199
255 198
255 197
254 197
254 196
254 195
254 194
254 193
254 192
255 191
256 190
257 189
258 188
259 187
260 186
261 185
262 184
263 183
263 182
262 182
261 182
260 182
259 182
258 182
257 182
256 182
255 182
254 182
253 182
252 182
251 182
250 182
249 181
248 181
247 181
246 181
245 181
244 181
243 181
242 181
241 181
240 181
239 181
238 181
237 181
236 181
235 181
234 181
233 181
232 181
231 181
230 181
229 181
228 181
227 181
226 181
264 182
256 197
257 197
258 197
259 197
260 197
261 197
262 197
263 197
264 197
265 197
266 197
267 197
268 198
269 199
270 200
271 201
272 202
273 203
274 204
275 204
276 204
277 204
277 203
277 202
277 201
277 200
277 199
277 198
277 197
277 196
277 195
278 194
279 193
280 192
281 191
282 190
282 189
282 188
282 187
282 186
282 185
282 184
282 183
282 182
282 181
282 180
282 179
282 178
282 177
282 176
282 175
282 174
282 173
282 172
282 171
282 170
282 169
282 168
282 167
282 166
282 165
282 164
282 163
282 162
282 161
282 160
282 159
281 158
280 157
279 156
278 155
277 154
276 153
275 152
274 151
273 151
272 151
271 151
270 151
269 151
268 151
267 151
266 151
265 150
264 149
263 148
262 147
261 146
260 146
259 146
258 146
257 146
256 146
255 146
254 146
253 146
252 146
251 146
250 145
249 144
248 143
247 143
246 143
245 143
244 143
243 143
242 143
241 143
240 143
239 143
238 143
237 143
236 143
235 143
234 143
233 143
232 143
231 143
230 143
229 143
228 143
227 143
226 143
225 143
260 147
259 148
258 149
258 150
258 151
258 152
258 153
258 154
258 155
258 156
258 157
258 158
258 159
258 160
258 161
257 161
256 161
255 161
254 161
253 161
252 161
251 161
250 161
249 161
248 161
247 161
246 161
245 161
244 160
243 159
242 160
241 161
240 162
239 162
238 162
237 162
236 162
235 162
234 162
233 162
232 162
231 162
230 162
229 162
228 162
227 162
226 162
225 162
224 162
223 162
222 162
221 162
220 161
219 160
218 159
259 162
260 163
261 164
262 165
263 166
264 166
265 166
266 166
267 166
274 150
275 149
276 148
277 147
278 146
279 145
280 144
281 143
282 142
256 213
255 214
254 215
253 216
252 216
251 216
250 216
249 216
248 216
247 216
246 216
245 216
244 216
243 216
242 216
241 217
240 218
239 219
238 220
237 221
236 221
236 220
236 219
235 218
234 217
233 216
232 215
231 214
230 213
229 212
228 211
228 210
227 210
227 209
227 208
227 207
227 206
227 205
227 204
227 203
226 202
225 201
224 200
223 199
222 198
226 211
225 212
224 213
223 214
222 215
221 216
221 217
221 218
221 219
221 220
220 221
219 222
218 223
217 224
216 225
215 226
214 227
213 228
212 229
212 230
212 231
212 232
212 233
212 234
211 234
210 234
209 234
208 234
207 234
206 234
205 234
204 234
203 234
202 234
201 234
200 234
199 234
198 234
197 233
197 232
197 231
197 230
197 229
197 228
197 227
197 226
197 225
197 224
197 223
196 222
196 221
195 221
197 221
198 221
199 221
200 221
201 221
202 221
203 221
204 220
205 219
205 218
206 218
204 217
203 216
202 215
201 214
200 213
199 212
198 211
197 210
196 209
195 208
194 207
194 206
193 206
192 206
191 206
190 206
189 206
188 205
187 204
186 203
185 202
184 201
183 200
182 199
181 199
180 198
179 197
178 196
177 195
176 194
175 193
174 192
173 191
172 190
171 189
170 188
169 187
169 186
169 185
169 184
169 183
169 182
169 181
168 180
167 179
166 178
165 177
164 176
164 175
164 174
164 173
164 172
164 171
164 170
164 169
164 168
164 167
164 166
163 165
162 164
161 163
160 162
159 161
159 160
159 159
159 158
159 157
159 156
159 155
159 154
159 153
159 152
159 151
160 150
161 149
162 148
163 147
164 146
158 162
157 163
156 164
155 165
154 166
153 167
152 168
151 169
150 170
149 171
149 172
149 173
149 174
149 175
148 175
147 175
146 175
145 174
144 173
143 172
142 171
141 170
140 169
140 168
140 167
140 166
140 165
140 164
139 163
138 162
137 161
136 160
135 159
134 158
133 157
132 156
131 156
130 156
129 156
128 156
127 156
126 156
125 156
124 156
123 156
122 155
121 154
120 153
119 152
119 151
119 150
119 149
119 148
119 147
119 146
119 145
119 144
119 143
119 142
119 141
119 140
119 139
119 138
118 137
118 136
118 135
118 134
118 133
118 132
118 131
119 131
118 130
117 129
116 128
115 127
114 126
113 125
112 124
112 123
112 122
112 121
111 120
110 119
109 118
108 117
108 116
107 116
109 116
110 116
111 116
112 116
113 115
114 114
115 113
116 112
117 111
118 110
119 109
120 109
121 109
122 108
123 107
124 106
125 105
126 104
127 103
111 125
110 126
109 127
108 128
107 129
106 130
105 130
104 130
103 130
102 130
101 130
100 130
99 131
98 132
97 133
96 134
95 135
94 136
93 137
92 138
91 139
90 140
89 141
88 142
87 143
86 143
85 143
84 143
83 143
82 143
81 143
80 143
79 143
78 143
77 143
76 142
75 141
74 140
73 139
72 138
71 137
70 138
69 139
69 140
69 141
69 142
69 143
69 144
69 145
69 146
69 147
69 148
69 149
69 150
69 151
69 152
68 152
67 151
66 150
65 149
64 148
63 147
62 146
61 145
60 144
59 143
58 142
57 141
56 140
55 141
54 142
54 143
54 144
54 145
54 146
54 147
54 148
54 149
54 150
54 151
53 152
52 153
51 154
50 155
49 156
48 157
47 158
46 158
45 158
44 158
43 158
42 158
41 158
40 158
39 158
120 130
121 129
122 128
123 127
124 126
125 125
126 124
127 123
128 123
129 123
130 123
131 123
132 123
133 123
134 123
135 123
136 123
137 123
138 123
139 123
140 122
141 121
142 120
143 119
144 118
145 117
146 116
147 115
148 114
149 113
150 112
151 111
152 110
153 109
153 108
152 108
151 108
150 108
149 108
148 108
147 108
146 108
145 108
144 108
143 107
154 108
141 123
142 123
143 123
144 123
145 123
146 123
147 123
148 123
149 123
150 123
151 123
152 123
153 123
154 124
155 125
156 126
157 127
158 128
159 129
160 130
161 131
162 131
163 131
164 131
165 131
166 131
167 131
168 131
169 131
170 131
171 130
172 129
173 128
174 127
175 126
176 125
176 124
177 124
178 124
179 124
180 124
181 124
182 124
183 124
184 124
185 124
186 124
187 124
188 124
189 124
190 124
191 124
192 123
193 122
194 121
195 120
196 119
197 118
198 117
199 116
200 115
201 114
202 113
203 112
204 112
204 111
205 111
206 111
207 111
208 111
209 111
210 110
211 109
212 108
213 107
214 108
215 109
216 110
217 110
218 110
219 110
220 110
221 110
222 110
223 110
224 110
225 110
226 110
227 110
228 110
229 111
230 112
231 113
232 114
233 115
234 116
235 117
236 118
237 119
238 120
239 121
240 122
241 123
242 124
243 124
244 124
245 124
246 124
247 124
248 124
249 124
250 123
251 122
252 121
253 120
254 119
255 118
256 117
256 116
255 116
254 116
253 116
252 116
251 115
250 114
249 113
248 112
247 111
246 110
245 109
244 108
243 107
257 116
258 116
258 117
258 118
258 119
258 120
258 121
258 122
258 123
258 124
259 115
260 114
261 113
262 112
263 111
264 110
265 109
266 108
267 107
268 108
269 109
270 110
271 111
272 112
273 113
273 114
273 115
274 115
273 116
273 117
273 118
273 119
274 120
275 121
276 122
277 123
278 124
279 124
280 124
281 124
282 124
275 114
276 113
277 112
278 111
279 110
280 109
281 108
282 107
241 125
240 125
239 125
238 125
237 125
236 125
235 125
234 125
233 125
232 125
231 125
230 125
229 125
228 125
227 125
226 125
225 125
224 125
223 125
222 125
221 125
220 125
219 124
204 113
204 114
204 115
204 116
204 117
204 118
204 119
204 120
204 121
204 122
204 123
204 124
177 123
177 122
177 121
177 120
177 119
177 118
177 117
178 116
179 115
180 114
181 113
182 112
183 111
184 110
185 109
175 123
174 122
173 121
172 120
171 119
170 118
169 117
169 116
169 115
169 114
169 113
169 112
169 111
169 110
169 109
169 108
170 107
117 138
116 139
115 140
114 141
113 142
112 143
111 144
110 145
109 146
108 147
107 148
106 148
105 148
104 148
118 153
117 154
116 155
115 156
114 157
113 158
112 159
111 160
111 161
111 162
111 163
110 164
109 165
108 166
107 167
106 168
105 168
104 168
103 168
102 168
101 168
100 168
99 168
98 168
97 168
96 168
95 168
94 168
93 168
92 167
91 166
90 165
89 164
88 163
87 162
104 169
105 170
106 171
107 172
107 173
107 174
107 175
107 176
107 177
107 178
107 179
107 180
107 181
107 182
107 183
106 184
105 184
104 184
103 184
102 184
101 184
100 184
99 184
98 184
97 184
96 184
95 184
94 184
93 184
92 184
91 184
90 184
89 184
88 184
87 184
86 184
85 183
84 183
83 183
82 183
81 183
80 183
79 183
78 183
77 183
76 183
75 183
74 183
73 183
72 183
71 183
70 183
84 184
83 185
82 186
81 187
80 188
79 189
78 190
77 191
76 192
75 193
74 194
73 195
73 196
73 197
73 198
72 199
71 200
70 201
69 202
68 203
67 203
66 203
65 203
64 203
63 203
62 203
61 204
60 205
59 206
58 207
57 207
56 207
55 207
54 207
53 207
52 207
51 207
50 207
49 207
48 207
47 207
46 207
45 207
44 207
43 207
42 206
41 205
40 204
39 203
38 202
37 201
36 200
36 199
36 198
37 197
38 196
39 195
40 194
41 193
42 192
43 191
44 190
45 189
46 188
47 187
48 186
49 185
50 184
51 183
35 201
34 202
33 203
32 204
31 205
30 206
29 207
28 208
27 209
26 209
25 209
24 209
23 209
22 209
21 209
20 209
20 208
20 207
20 206
20 205
20 204
20 203
20 202
20 201
20 200
19 199
18 198
17 197
16 196
15 195
14 194
14 193
14 192
14 191
15 190
16 189
17 188
18 187
19 186
20 185
21 184
22 183
23 182
24 182
25 181
26 180
27 179
28 178
29 177
30 176
31 175
48 208
47 209
46 210
45 211
44 212
43 213
42 214
41 215
40 215
39 215
38 215
63 204
64 205
65 206
66 207
67 208
68 209
69 210
70 211
71 212
72 213
72 214
131 157
130 158
129 159
128 160
127 161
126 162
126 163
126 164
126 165
126 166
126 167
132 155
132 154
132 153
132 152
132 151
132 150
132 149
132 148
132 147
133 146
134 145
135 145
136 145
137 145
138 145
139 145
140 145
141 145
142 145
143 145
144 145
145 145
146 145
147 145
148 145
149 145
148 176
147 177
146 178
145 179
144 180
143 181
142 182
141 183
140 184
139 184
138 184
137 184
136 184
135 184
134 184
133 184
132 184
131 184
130 184
129 184
128 184
127 184
126 184
125 184
124 184
123 184
122 183
168 188
167 189
167 190
167 191
167 192
167 193
167 194
167 195
167 196
167 197
167 198
167 199
167 200
166 200
165 200
164 200
163 199
162 198
161 197
160 196
159 195
158 194
157 193
156 192
155 191
154 190
166 201
165 202
164 203
163 204
162 205
161 206
160 207
159 208
158 208
157 208
156 208
155 208
154 208
153 208
152 208
153 209
154 210
155 211
156 212
157 213
158 214
159 215
160 215
161 215
162 215
161 216
160 217
159 218
159 219
159 220
159 221
159 222
159 223
159 224
159 225
159 226
159 227
159 228
159 229
159 230
158 230
157 230
156 230
155 230
154 230
153 229
152 228
151 227
150 226
149 225
148 224
147 223
146 224
145 225
144 225
143 225
142 225
141 225
140 225
139 225
138 225
137 225
136 225
135 225
134 225
133 226
132 227
131 228
130 229
129 230
128 231
128 232
128 233
128 234
128 235
128 236
127 237
126 237
125 237
124 237
123 237
122 237
121 237
120 237
119 237
118 237
117 237
116 237
115 237
114 237
113 237
112 237
111 237
110 237
109 237
108 237
107 237
106 237
105 237
104 237
103 237
102 236
101 235
100 235
99 235
98 234
97 233
96 232
95 231
94 230
94 229
93 229
93 228
93 227
93 226
93 225
93 224
93 223
93 222
93 221
93 220
93 219
93 218
92 217
91 216
90 215
90 214
89 214
91 214
92 213
93 212
94 211
95 210
96 209
97 208
98 207
99 206
100 205
101 204
102 203
103 202
92 230
91 231
90 231
89 231
88 231
87 231
86 231
85 231
84 231
83 231
82 231
81 231
80 231
79 231
78 231
95 229
96 228
97 227
98 226
99 225
100 224
101 223
102 222
103 221
104 220
105 219
106 218
107 217
108 216
109 215
110 214
111 213
112 212
113 211
114 210
115 209
116 208
117 207
118 206
119 205
120 204
121 203
122 203
123 203
124 203
125 203
126 203
127 203
128 203
129 203
130 203
131 203
132 203
133 203
134 203
127 230
126 229
125 228
124 227
123 226
122 225
121 224
120 223
119 222
160 231
161 232
162 233
163 234
164 234
165 234
166 234
167 234
168 234
169 234
170 234
171 234
172 234
173 234
174 234
175 233
176 232
177 231
178 230
179 229
180 228
181 229
182 230
182 231
182 232
182 233
182 234
182 235
182 236
182 237
166 235
165 236
164 237
163 238
162 239
161 240
160 241
159 242
158 243
157 244
156 245
155 246
155 247
155 248
156 249
157 249
158 249
159 249
160 249
161 249
162 249
163 249
164 249
165 249
166 249
167 249
168 249
182 198
182 197
182 196
182 195
182 194
182 193
182 192
182 191
183 190
184 189
185 188
186 187
186 186
187 185
188 184
189 183
190 182
191 181
192 180
193 179
193 178
193 177
193 176
193 175
193 174
193 173
193 172
193 171
193 170
192 169
191 168
190 167
189 166
189 165
188 165
188 164
188 163
188 162
188 161
187 160
186 159
185 158
184 157
183 156
184 155
185 154
186 153
187 152
188 151
189 150
190 149
191 148
192 147
193 146
194 145
195 144
195 143
194 143
193 143
192 143
191 143
190 143
189 143
188 143
187 143
186 143
185 143
184 143
183 142
196 143
197 143
198 143
199 143
200 143
201 143
202 143
203 143
204 143
205 143
206 143
207 143
190 165
191 165
192 165
193 165
194 165
195 165
196 165
197 165
198 164
199 163
200 162
201 161
202 160
203 159
194 180
195 181
196 181
197 181
198 181
199 181
200 181
201 181
202 181
203 181
204 181
192 207
191 208
190 209
189 210
188 211
187 212
186 213
185 213
184 213
183 213
182 213
181 213
195 206
196 206
197 206
198 206
199 205
200 204
201 203
202 202
203 201
204 200
205 199
206 198
207 197
213 235
213 236
213 237
213 238
213 239
213 240
213 241
213 242
213 243
213 244
213 245
213 246
213 247
213 248
213 249
229 209
230 208
231 207
232 206
233 205
234 204
235 203
236 202
237 201
236 222
236 223
236 224
235 225
234 226
233 227
232 228
232 229
232 230
232 231
232 232
232 233
232 234
232 235
232 236
232 237
237 225
238 226
239 227
240 228
241 229
242 230
243 231
244 232
245 233
246 234
247 235
248 235
249 235
250 235
251 235
252 236
253 236
254 236
255 236
256 236
257 236
258 236
259 236
260 236
261 236
270 221
271 221
272 221
273 221
274 221
275 221
276 221
277 221
278 221
279 221
280 221
281 220
282 219
273 262
272 263
271 264
270 265
269 266
268 267
267 268
266 269
265 269
264 269
263 269
262 269
261 269
260 269
259 269
258 270
257 271
256 272
255 273
254 274
253 275
252 276
251 277
250 277
250 276
249 275
248 274
247 273
246 272
245 271
244 270
243 269
242 268
242 267
242 266
242 265
242 264
242 263
242 262
242 261
242 260
242 259
242 258
243 257
244 256
245 255
246 254
247 253
241 269
240 270
239 271
238 271
237 271
236 271
235 271
234 271
233 271
232 271
231 271
230 271
229 271
228 271
227 271
226 270
225 269
224 268
223 267
222 266
222 265
222 264
222 263
222 262
223 261
224 260
225 259
226 258
227 257
228 256
229 255
230 254
231 253
232 252
221 267
220 268
219 269
219 270
219 271
219 272
219 273
219 274
219 275
218 275
217 274
216 273
215 272
214 271
213 270
212 269
211 268
210 267
209 266
208 265
207 264
207 263
207 262
206 261
205 260
204 259
203 258
202 257
201 256
200 255
199 254
198 253
206 265
205 266
204 267
204 268
204 269
204 270
204 271
204 272
204 273
203 274
202 275
201 276
200 277
199 278
198 279
197 280
196 281
195 282
194 282
194 281
193 280
192 279
191 278
190 277
189 276
188 275
187 274
186 273
185 272
185 271
185 270
185 269
184 268
183 267
182 266
181 265
180 264
179 264
178 264
177 264
176 264
175 264
174 264
173 264
172 264
171 264
170 264
169 264
168 264
167 264
166 264
165 264
180 263
180 262
180 261
180 260
180 259
180 258
180 257
180 256
180 255
181 254
182 253
183 252
184 273
183 274
182 275
181 276
180 277
179 278
179 279
179 280
179 281
179 282
179 283
178 284
177 285
176 286
175 287
174 288
173 289
172 290
171 291
170 292
169 293
168 294
167 295
167 296
167 297
166 297
165 297
164 297
163 297
162 297
161 297
160 297
159 297
158 297
157 297
156 297
155 296
154 295
154 294
154 293
154 292
154 291
155 291
154 290
154 289
154 288
154 287
154 286
154 285
153 284
152 283
151 282
150 281
149 280
149 279
149 278
149 277
149 276
148 275
147 274
146 273
145 272
144 271
143 270
142 269
141 268
140 267
139 266
139 265
138 265
138 264
138 263
138 262
138 261
138 260
138 259
138 258
138 257
138 256
138 255
137 254
136 253
135 252
134 251
133 252
132 253
131 254
130 255
129 256
128 257
127 258
126 259
125 260
124 261
123 262
122 262
121 262
120 262
119 262
119 261
119 260
119 259
119 258
118 257
117 256
116 255
115 254
114 253
113 252
118 263
117 264
116 265
115 266
114 267
113 268
112 269
111 270
110 271
109 272
108 273
107 274
106 274
106 273
106 272
106 271
106 270
106 269
105 268
104 267
103 266
102 265
101 264
100 263
99 262
98 261
98 260
98 259
97 258
96 257
95 256
94 255
93 254
92 253
91 252
90 252
89 252
88 252
87 252
86 252
85 252
84 252
83 252
82 252
81 252
80 252
79 252
78 252
77 251
76 250
75 249
74 248
73 247
72 246
71 245
70 244
69 243
68 242
67 241
66 240
65 239
64 238
63 237
62 236
61 235
74 250
73 251
72 252
71 253
70 254
69 255
68 255
67 255
66 255
65 255
64 255
63 255
62 255
61 255
60 256
59 257
58 258
57 259
56 260
56 261
56 262
56 263
56 264
56 265
56 266
56 267
56 268
56 269
56 270
57 271
58 272
59 273
60 274
61 275
62 276
63 277
64 278
64 279
64 280
64 281
64 282
64 283
64 284
64 285
64 286
64 287
62 256
63 257
64 258
65 259
66 260
67 261
68 262
69 263
70 264
71 265
72 266
73 267
74 268
97 262
96 263
95 264
94 265
93 266
92 267
91 268
91 269
91 270
91 271
91 272
91 273
91 274
105 275
104 276
103 277
102 278
101 279
100 280
99 281
98 282
97 283
97 284
97 285
97 286
97 287
97 288
97 289
107 275
108 276
109 277
110 278
111 279
112 280
113 281
114 282
115 283
116 283
116 282
117 281
118 280
119 279
120 278
121 277
122 278
123 279
124 280
125 281
126 282
127 282
128 282
129 282
130 282
131 282
132 282
133 282
134 282
133 283
132 284
131 285
131 286
131 287
131 288
131 289
131 290
131 291
131 292
116 284
116 285
116 286
116 287
140 265
141 265
142 265
143 265
144 265
145 265
146 265
147 265
148 265
149 264
150 263
156 290
157 289
158 288
159 287
160 286
161 285
162 284
163 283
164 282
166 298
165 299
164 300
163 301
162 302
161 303
161 304
161 305
161 306
161 307
161 308
161 309
161 310
160 310
159 310
158 310
157 310
156 310
155 310
154 310
153 310
152 310
151 310
150 310
149 310
148 310
147 310
146 310
145 311
144 312
143 313
142 314
141 315
140 316
139 317
138 318
137 319
136 320
135 321
134 321
134 320
134 319
134 318
134 317
134 316
134 315
133 314
132 313
131 312
130 311
129 310
134 322
134 323
133 324
132 325
131 326
130 327
129 327
128 327
127 327
126 327
125 327
124 327
123 327
122 327
121 327
121 326
121 325
120 324
119 323
118 322
117 321
116 320
115 319
114 318
114 317
114 316
114 315
114 314
114 313
114 312
114 311
114 310
114 309
114 308
114 307
114 306
114 305
114 304
113 303
113 319
112 320
111 321
110 322
109 323
108 324
107 325
106 325
105 325
104 325
103 325
102 325
101 325
100 325
99 325
98 325
97 325
96 325
95 325
94 324
93 323
92 322
91 321
91 320
91 319
91 318
91 317
92 316
93 315
94 314
95 313
96 312
97 311
98 310
105 326
104 327
103 328
103 329
103 330
103 331
103 332
103 333
103 334
103 335
103 336
103 337
103 338
103 339
103 340
103 341
103 342
121 328
121 329
121 330
121 331
121 332
121 333
121 334
121 335
121 336
121 337
121 338
121 339
121 340
121 341
121 342
162 311
163 312
163 313
163 314
163 315
163 316
163 317
163 318
163 319
163 320
163 321
163 322
163 323
164 323
165 323
166 322
167 321
168 320
169 319
170 318
171 317
172 316
173 315
174 314
175 313
176 314
177 315
178 315
179 315
180 315
181 315
182 315
183 315
184 316
184 317
184 318
184 319
184 320
184 321
184 322
184 323
184 324
184 325
184 326
184 327
185 327
186 327
187 327
188 327
189 327
190 327
191 327
192 327
193 327
194 327
195 327
196 327
197 327
198 327
199 326
199 325
199 324
199 323
199 322
199 321
199 320
199 319
199 318
199 317
199 316
199 315
199 314
199 313
200 312
201 311
185 328
185 329
185 330
185 331
185 332
185 333
185 334
185 335
185 336
185 337
185 338
185 339
185 340
185 341
162 324
161 325
160 326
159 327
158 328
157 329
157 330
157 331
158 332
159 333
160 334
161 335
162 336
163 337
164 338
165 338
166 338
167 338
168 338
169 338
170 338
169 339
168 340
167 341
166 342
165 343
164 344
163 345
162 346
161 347
160 348
159 349
158 349
157 349
156 349
155 349
154 348
153 347
152 346
151 345
150 345
149 345
148 345
147 345
146 345
145 345
144 345
143 345
142 345
141 345
140 345
139 345
138 344
137 343
136 342
158 350
159 350
159 351
159 352
159 353
159 354
159 355
159 356
159 357
159 358
159 359
159 360
159 361
159 362
159 363
159 364
160 365
161 366
162 367
163 368
164 369
164 370
164 371
164 372
165 372
166 372
167 372
168 372
169 371
170 370
171 369
172 368
173 367
174 366
175 365
176 364
177 363
178 362
179 362
180 362
181 362
182 362
183 362
184 362
185 362
186 362
187 362
188 362
189 362
190 362
191 362
192 362
193 361
163 373
162 374
161 375
160 376
159 377
158 378
157 379
156 380
155 380
154 380
153 380
152 380
153 381
154 382
155 383
156 384
157 385
158 386
159 387
160 387
161 387
162 387
163 387
164 387
165 387
166 387
167 387
168 387
169 387
170 387
171 387
172 387
173 387
174 387
175 387
176 387
177 386
178 385
179 384
180 383
181 382
182 382
183 382
184 382
185 382
186 382
187 382
188 382
189 382
190 382
191 382
192 382
193 382
194 382
195 382
196 382
197 382
198 382
199 382
200 382
201 382
202 382
203 382
204 382
205 382
206 382
207 382
208 382
209 382
210 382
211 382
212 383
213 383
214 383
215 383
216 383
217 383
218 383
219 383
220 383
221 383
222 383
223 383
224 383
225 383
226 383
227 384
228 385
229 386
230 387
231 388
232 389
233 389
234 389
235 389
236 389
237 389
238 389
239 389
240 389
240 390
241 390
240 391
240 392
240 393
240 394
240 395
240 396
240 397
240 398
240 399
240 400
240 401
240 402
240 403
242 391
243 392
244 393
245 394
246 395
247 396
248 397
249 398
250 399
251 399
252 399
253 399
254 399
167 388
168 389
169 390
170 391
171 392
172 393
173 394
174 395
175 396
176 397
177 397
178 397
179 397
180 397
181 398
182 398
183 398
184 398
185 398
186 398
187 398
188 398
189 398
190 398
191 398
192 398
193 398
194 398
195 398
196 398
165 388
164 389
163 390
162 391
161 392
160 393
159 394
158 395
157 396
156 397
155 398
154 399
153 400
152 400
151 400
150 400
149 400
148 400
147 400
146 400
145 400
144 400
143 400
142 400
141 399
140 398
139 397
138 396
137 395
136 394
135 393
134 392
133 391
133 390
133 389
133 388
133 387
133 386
133 385
133 384
133 383
133 382
133 381
133 380
133 379
133 378
133 377
132 376
131 377
130 378
129 379
128 380
127 381
126 382
125 383
124 384
123 385
122 386
121 387
120 387
119 387
118 387
117 387
116 387
115 387
114 387
113 387
112 386
111 385
110 384
109 383
108 382
107 381
106 380
105 379
104 378
103 377
102 378
102 379
102 380
102 381
102 382
102 383
102 384
102 385
102 386
102 387
102 388
102 389
102 390
101 390
101 391
100 392
99 393
98 394
97 395
96 396
95 397
94 398
93 399
92 400
91 401
90 401
89 401
88 401
87 401
86 401
85 402
84 403
83 404
82 405
81 406
80 407
79 407
78 407
77 407
76 407
75 407
74 407
73 407
72 407
71 407
71 406
71 405
71 404
71 403
71 402
71 401
71 400
71 399
71 398
70 397
69 396
68 395
67 394
66 394
65 394
64 394
63 394
62 394
61 394
60 394
59 394
58 394
57 394
56 393
55 392
54 391
53 391
52 391
51 391
50 391
49 391
48 391
47 391
46 390
45 389
44 388
43 387
42 386
41 385
40 384
39 383
100 389
99 388
98 387
97 386
96 385
95 384
94 383
93 382
92 381
91 380
90 379
89 378
88 377
88 376
88 375
88 374
88 373
88 372
88 371
88 370
88 369
88 368
88 367
88 366
88 365
87 364
86 363
85 362
84 361
83 360
83 359
83 358
83 357
83 356
83 355
83 354
83 353
83 352
83 351
82 350
81 349
80 348
79 347
78 346
78 345
77 345
76 345
75 345
74 345
73 345
72 345
71 345
70 345
69 345
68 345
67 344
66 343
65 342
64 341
63 340
62 340
61 340
60 340
59 340
58 340
57 339
56 338
55 337
54 336
53 335
52 334
51 333
50 332
49 332
48 332
47 332
46 332
45 332
44 332
43 332
42 332
41 332
40 332
39 332
38 332
37 332
36 331
35 330
34 329
33 329
32 329
31 329
30 329
29 329
28 329
27 328
26 327
25 326
24 325
23 324
22 323
21 324
21 325
21 326
21 327
21 328
21 329
21 330
21 331
20 332
20 333
20 334
20 335
20 336
20 337
20 338
20 339
20 340
20 341
20 342
20 343
20 344
20 345
20 346
21 347
22 348
23 349
24 350
25 351
26 352
27 353
28 354
28 355
28 356
28 357
28 358
28 359
63 339
63 338
63 337
63 336
64 335
65 334
66 333
67 332
68 331
69 330
70 329
71 328
72 327
72 326
72 325
72 324
72 323
72 322
72 321
72 320
71 319
70 318
69 317
68 316
67 315
66 314
65 313
64 312
63 311
62 310
61 309
60 308
76 346
75 347
74 348
73 349
72 350
71 351
70 352
69 353
68 354
67 355
66 356
65 357
64 358
63 359
62 359
61 359
60 359
59 359
58 359
57 359
56 359
55 359
54 359
53 359
52 359
51 359
50 359
49 359
48 359
47 359
46 358
79 345
80 345
81 345
82 345
83 345
84 344
85 343
159 396
160 397
161 398
162 399
163 400
163 401
163 402
163 403
163 404
163 405
162 406
161 407
160 408
159 409
158 410
157 411
157 412
157 413
157 414
157 415
157 416
157 417
157 418
157 419
157 420
158 421
159 422
160 423
161 424
162 425
163 426
164 427
165 428
166 428
167 428
168 428
169 428
169 427
169 426
170 425
171 424
172 423
173 422
174 421
175 420
176 421
177 422
178 423
179 423
180 423
181 423
182 423
183 423
184 423
185 423
186 423
187 423
188 423
189 423
190 423
189 424
188 425
187 426
186 427
185 428
184 429
184 430
184 431
184 432
184 433
184 434
184 435
191 424
192 425
193 426
194 427
195 428
196 429
197 430
198 431
199 432
200 433
201 434
202 435
203 435
204 435
205 435
206 435
207 435
208 435
209 435
210 435
211 435
212 435
213 435
214 435
215 434
216 433
217 432
218 431
218 430
217 430
216 430
215 430
214 429
213 428
212 427
211 426
210 425
209 424
208 423
207 422
206 421
205 420
219 430
219 429
219 428
219 427
219 426
219 425
219 424
219 423
219 422
219 421
219 420
220 419
221 420
222 421
223 421
224 421
225 421
226 421
227 421
228 421
229 421
230 421
231 421
232 421
233 422
234 423
235 424
236 425
236 426
236 427
236 428
236 429
236 430
236 431
236 432
237 432
236 433
238 431
239 430
240 429
241 428
242 427
243 426
244 425
245 424
246 423
247 422
248 423
249 424
250 425
251 426
252 427
253 428
253 429
253 430
254 430
253 431
253 432
253 433
253 434
255 429
256 428
257 427
258 426
259 425
260 424
261 423
262 422
263 423
264 424
265 425
266 426
267 427
268 428
268 429
268 430
269 430
268 431
268 432
268 433
268 434
268 435
270 429
271 428
272 427
273 426
274 425
275 424
276 423
277 422
278 423
279 424
280 425
281 426
282 427
283 428
284 429
284 430
284 431
284 432
284 433
284 434
284 435
168 429
167 430
166 431
165 432
164 433
163 434
162 435
161 435
160 435
159 435
158 435
157 435
156 435
155 435
154 435
153 435
152 435
151 435
150 435
149 435
148 435
147 435
146 435
145 434
144 434
143 434
142 434
141 434
140 434
139 434
138 434
137 433
136 432
135 431
134 430
133 429
132 428
132 427
132 426
133 425
134 424
135 423
136 422
137 421
138 420
139 419
140 418
131 429
130 430
129 431
128 432
127 433
126 434
125 435
124 436
123 437
122 438
121 439
120 439
119 439
118 439
117 438
116 437
115 436
114 435
113 434
112 433
111 432
110 431
109 430
108 429
107 428
107 427
106 427
108 427
109 427
110 427
111 426
112 425
113 424
114 423
115 422
115 421
115 420
115 419
116 418
117 417
118 416
119 415
120 414
121 413
122 412
123 411
124 410
157 351
156 352
155 353
154 354
153 355
152 356
151 357
150 358
149 359
148 360
147 360
146 360
145 360
144 360
143 360
142 360
141 360
140 360
139 360
138 360
137 360
136 360
135 360
134 360
133 360
132 360
131 360
130 360
129 360
128 360
127 360
126 360
125 360
124 360
123 360
122 360
121 360
120 360
119 361
118 361
117 361
116 361
115 361
114 361
113 361
112 361
111 361
110 361
109 361
108 361
107 361
106 361
105 361
104 361
194 283
193 284
192 285
191 286
190 287
189 288
188 289
187 290
186 291
185 292
184 293
183 294
182 295
182 296
182 297
182 298
195 284
196 285
197 286
198 287
198 288
198 289
198 290
198 291
198 292
198 293
198 294
198 295
219 276
219 277
218 278
218 279
218 280
218 281
218 282
218 283
218 284
218 285
218 286
218 287
218 288
218 289
218 290
218 291
218 292
250 278
250 279
250 280
250 281
250 282
250 283
249 284
248 285
247 286
246 286
245 286
244 286
243 286
242 286
241 286
240 286
239 286
238 286
237 286
236 286
235 286
251 284
252 285
253 286
254 287
254 288
254 289
254 290
254 291
254 292
254 293
254 294
255 295
256 296
257 297
258 298
259 299
260 300
261 301
262 302
263 303
263 304
263 305
263 306
263 307
263 308
264 308
265 308
266 308
267 308
268 308
269 308
270 308
271 308
272 308
273 308
274 308
275 308
276 308
277 308
278 307
264 309
265 310
266 311
267 312
268 313
269 314
270 315
271 316
272 317
273 318
274 319
275 320
276 321
276 322
276 323
277 324
278 325
279 326
280 327
281 328
281 329
281 330
281 331
281 332
281 333
281 334
281 335
281 336
281 337
281 338
281 339
281 340
281 341
281 342
281 343
281 344
281 345
280 346
279 347
278 348
277 349
276 350
275 351
274 352
273 353
272 354
271 354
270 354
269 354
268 354
267 354
266 355
265 356
264 357
263 358
262 359
261 360
260 361
259 362
258 362
257 362
258 363
259 364
260 365
261 366
262 367
263 368
264 369
263 370
262 371
261 372
260 373
259 374
258 375
257 376
256 377
256 378
256 379
256 380
256 381
256 382
256 383
257 383
258 383
259 383
260 383
261 383
262 383
263 383
264 383
265 383
266 383
267 383
268 383
269 383
270 383
271 383
272 383
273 383
274 383
275 383
276 383
277 383
278 383
279 383
280 383
281 383
270 384
271 385
272 386
273 387
273 388
273 389
273 390
273 391
273 392
273 393
273 394
273 395
274 396
275 397
276 398
277 399
278 400
279 400
280 400
281 400
268 355
269 356
270 357
271 358
272 359
273 360
274 361
275 362
276 363
277 363
278 363
279 363
280 363
262 309
261 309
260 309
259 309
258 309
257 309
256 309
255 309
254 309
253 309
252 309
251 309
250 309
249 309
248 309
247 309
246 309
245 309
244 309
243 309
242 309
241 309
240 309
239 308
238 307
237 306
236 305
235 304
234 303
248 310
247 311
246 312
245 313
244 314
243 315
242 316
241 317
240 318
239 318
238 318
237 318
236 318
250 310
251 311
252 312
253 313
254 314
255 315
256 316
257 317
258 318
258 319
258 320
258 321
258 322
258 323
257 324
256 325
255 326
254 327
253 328
252 329
251 329
250 329
249 330
248 331
248 332
248 333
248 334
248 335
248 336
248 337
248 338
248 339
248 340
248 341
248 342
248 343
248 344
247 344
246 344
245 343
244 342
243 341
242 340
241 339
240 338
239 337
238 336
237 335
236 334
235 333
234 334
233 335
232 336
231 337
230 338
229 339
228 339
227 339
226 339
225 339
224 339
223 339
222 339
221 339
220 339
220 338
220 337
220 336
220 335
220 334
220 333
220 332
220 331
220 330
220 329
220 328
220 327
220 326
219 325
218 324
218 323
218 322
218 321
218 320
218 319
218 318
218 317
218 316
218 315
218 314
218 313
218 312
218 311
218 310
217 309
219 340
218 341
218 342
218 343
218 344
218 345
218 346
218 347
218 348
218 349
218 350
218 351
218 352
217 352
216 352
215 352
214 352
213 352
212 352
211 352
210 351
209 350
208 349
207 348
206 347
205 346
204 345
203 344
217 353
216 354
215 355
214 356
213 357
212 358
211 359
210 360
209 361
209 362
209 363
219 353
220 354
221 355
222 356
223 357
224 358
225 359
225 360
225 361
225 362
225 363
225 364
225 365
225 366
226 366
227 366
228 366
229 366
230 366
231 366
232 366
233 366
234 366
235 366
236 366
237 366
238 366
239 366
240 365
221 340
222 341
223 342
224 343
225 344
226 345
227 346
228 347
229 348
230 348
231 348
232 348
233 348
251 330
252 331
253 332
254 333
255 334
256 335
257 336
258 337
259 338
260 339
261 339
262 339
263 339
264 339
265 339
260 270
261 271
262 272
263 273
264 274
265 275
266 276
267 276
268 277
269 278
270 279
271 280
271 281
271 282
271 283
271 284
271 285
271 286
271 287
271 288
271 289
271 290
271 291
282 272
282 273
290 266
291 267
292 268
293 268
294 268
295 268
296 268
297 268
298 268
299 268
300 268
314 246
314 245
314 244
314 243
314 242
314 241
314 240
314 239
314 238
314 237
314 236
314 235
314 234
314 233
315 232
320 282
841
332 270
347 273
358 284
373 284
368 299
359 308
359 323
344 327
351 342
338 343
374 314
387 328
399 324
374 329
367 339
353 293
342 297
344 312
355 266
370 265
382 250
350 251
355 239
370 235
382 234
366 250
345 230
330 238
355 224
370 218
377 206
387 219
399 222
414 214
409 199
394 197
390 182
385 173
370 169
355 168
375 185
365 184
350 184
335 184
321 184
326 170
340 167
405 182
410 171
429 216
424 197
434 201
425 231
442 217
440 232
429 246
441 248
397 234
410 247
397 252
397 265
388 270
403 277
414 279
403 294
415 294
429 299
435 286
433 275
435 265
426 314
441 303
456 296
469 299
484 299
464 311
460 321
481 314
475 322
450 282
455 268
467 286
479 283
471 271
489 269
500 264
514 256
525 252
521 237
516 224
505 223
492 224
502 237
496 245
539 258
540 243
553 250
554 236
548 228
539 227
544 212
532 211
521 202
515 194
502 178
517 179
510 205
500 198
495 206
480 205
468 191
461 203
449 198
441 183
433 175
423 150
412 146
397 150
396 142
381 146
373 150
435 145
443 142
456 143
435 160
483 190
470 176
455 160
485 175
471 160
476 145
477 160
489 160
496 144
511 143
525 143
529 158
501 162
513 160
537 196
549 187
554 197
553 213
550 265
559 275
547 283
552 295
551 310
536 302
532 289
511 287
520 301
514 312
500 301
499 318
519 321
539 323
552 325
544 338
531 338
523 343
518 354
505 349
508 339
513 366
498 365
533 353
556 341
548 354
571 348
572 332
575 317
575 302
583 320
596 309
590 294
575 286
583 279
595 272
576 264
576 247
591 250
581 227
578 212
576 197
588 212
591 197
597 186
597 172
589 157
580 142
579 126
583 111
581 103
566 108
551 120
550 107
535 109
521 110
508 107
506 122
490 108
493 125
478 125
470 110
455 107
446 117
433 107
418 109
403 107
396 90
400 75
407 92
415 78
403 55
394 60
418 67
418 52
392 114
386 125
371 119
365 110
354 98
360 83
374 77
364 68
350 64
335 62
344 78
352 49
336 46
333 32
352 34
353 20
367 55
367 40
377 35
379 60
340 111
325 112
317 117
304 119
301 104
296 91
291 77
304 64
319 58
304 50
289 47
304 77
317 73
289 62
311 92
335 125
350 114
356 125
403 125
431 122
447 125
462 125
538 125
523 125
549 140
591 132
597 142
606 155
621 152
635 146
624 132
639 135
644 159
628 167
626 175
601 123
598 108
582 182
581 172
574 158
562 156
548 158
548 172
602 201
617 203
629 190
632 203
600 216
573 232
593 235
608 235
602 257
602 290
611 275
624 263
626 249
625 234
627 219
643 235
626 272
627 287
611 312
602 324
598 334
625 320
626 308
628 334
582 335
586 349
600 352
613 341
627 349
627 361
627 375
617 390
631 390
636 398
622 405
627 413
642 411
646 385
583 362
597 374
598 389
598 404
593 413
579 422
568 437
564 429
549 420
536 422
526 421
532 437
517 437
503 437
488 437
493 422
478 420
470 431
462 437
448 437
463 420
450 422
435 420
420 422
408 429
399 420
384 422
376 434
361 430
369 419
378 407
374 399
354 419
344 422
329 429
326 420
350 436
354 451
351 466
339 462
336 477
332 490
321 481
306 476
293 477
289 464
299 451
308 458
313 449
303 435
302 420
310 426
294 492
311 492
342 494
351 481
363 486
333 505
349 509
361 502
376 504
353 522
366 467
369 459
378 482
417 437
406 448
393 437
395 459
395 474
402 489
416 495
416 477
410 459
432 435
508 421
551 435
580 401
578 386
582 377
594 423
602 432
598 446
587 438
515 272
530 274
496 280
479 255
464 250
456 242
460 227
481 240
477 225
441 318
440 330
448 339
433 345
420 331
418 350
405 340
398 355
381 360
366 360
371 375
356 375
350 361
340 375
332 362
321 369
307 359
303 370
306 382
304 397
353 389
334 398
353 404
388 370
407 370
440 354
439 369
431 373
440 385
456 346
471 344
463 359
474 361
467 374
480 383
467 388
459 389
457 403
443 403
435 401
425 388
410 402
472 403
482 399
492 403
507 402
515 399
524 402
492 384
504 384
515 384
530 387
544 386
547 371
547 399
558 386
489 346
486 338
483 368
406 309
383 299
388 286
391 309
412 262
347 209
339 202
324 204
320 217
330 219
362 203
335 285
327 297
318 305
304 303
288 289
296 309
304 288
313 318
301 329
302 344
329 310
328 325
320 333
323 343
315 269
320 255
335 254
314 247
299 236
300 221
302 206
302 191
300 176
303 165
300 154
300 139
315 142
330 144
347 143
356 148
299 251
289 265
274 261
282 251
267 251
276 236
284 234
268 221
257 212
254 197
249 181
234 181
226 181
264 182
267 197
277 204
282 190
282 176
282 162
274 151
261 146
248 143
235 143
225 143
258 161
243 159
229 162
218 159
267 166
282 142
242 216
227 210
222 198
221 220
212 234
197 233
195 221
206 218
193 206
182 199
169 187
164 176
159 161
164 146
149 175
140 169
132 156
119 152
118 137
112 124
107 116
119 109
127 103
100 130
87 143
71 137
69 152
56 140
54 151
39 158
127 123
140 122
143 107
154 108
153 123
164 131
177 124
189 124
204 111
213 107
228 110
242 124
243 107
257 116
258 124
267 107
273 119
282 124
282 107
232 125
219 124
204 124
185 109
169 117
170 107
104 148
111 163
103 168
87 162
107 183
95 184
85 183
70 183
73 198
62 203
49 207
36 200
51 183
20 209
14 194
23 182
31 175
38 215
72 214
126 167
134 145
149 145
137 184
122 183
167 200
154 190
152 208
162 215
159 230
147 223
134 225
128 236
113 237
101 235
93 229
89 214
103 202
78 231
104 220
121 203
134 203
119 222
167 234
180 228
182 237
155 248
168 249
186 187
193 179
188 165
183 156
183 142
196 143
207 143
203 159
204 181
181 213
207 197
213 249
237 201
236 224
232 237
251 235
261 236
282 219
259 269
242 268
247 253
234 271
222 266
232 252
207 264
198 253
204 273
185 272
180 264
165 264
183 252
179 283
167 297
154 295
149 280
138 265
134 251
119 262
113 252
106 274
98 261
91 252
75 249
61 235
61 255
56 270
64 287
74 268
91 274
97 289
121 277
134 282
131 292
116 287
150 263
164 282
161 310
146 310
129 310
134 323
121 327
114 318
113 303
106 325
91 321
98 310
103 342
121 342
163 323
175 313
183 315
184 327
199 326
201 311
185 341
157 331
170 338
159 349
151 345
136 342
159 364
164 372
178 362
193 361
152 380
166 387
181 382
196 382
211 382
226 383
240 389
240 403
254 399
180 397
196 398
158 395
145 400
133 391
132 376
117 387
103 377
102 390
86 401
71 407
67 394
54 391
39 383
88 377
83 360
77 345
63 340
50 332
34 329
22 323
21 331
20 346
28 359
72 327
60 308
61 359
46 358
85 343
163 405
157 420
169 428
175 420
190 423
184 435
204 435
205 420
219 430
220 419
232 421
236 433
247 422
253 434
262 422
268 435
277 422
284 435
157 435
145 434
132 428
140 418
119 439
106 427
115 422
124 410
144 360
130 360
120 360
104 361
194 283
182 298
198 295
219 277
218 292
250 283
235 286
254 294
263 308
278 307
276 323
281 331
281 345
267 354
257 362
264 369
256 383
269 383
281 383
273 395
281 400
280 363
249 309
234 303
236 318
258 323
250 329
248 344
235 333
220 339
218 324
217 309
218 352
203 344
209 363
225 366
240 365
233 348
265 339
267 276
271 291
282 273
300 268
315 232
320 282
