11559
332 270
331 270
330 270
329 270
328 270
327 270
326 269
325 268
324 267
323 267
322 267
321 267
320 267
319 267
318 267
317 267
316 267
315 267
314 267
313 266
312 265
311 264
310 263
309 262
309 261
309 260
309 259
309 258
309 257
309 256
309 255
309 254
308 254
307 253
306 252
305 251
304 250
303 249
302 248
301 247
310 253
311 252
312 251
313 250
314 249
315 248
316 247
316 246
316 245
316 244
316 243
316 242
316 241
317 240
318 239
319 238
320 237
321 236
322 235
323 234
324 233
325 234
326 235
327 236
328 237
329 237
330 237
331 237
332 237
333 237
334 237
335 237
336 237
337 237
338 237
339 237
323 268
322 269
321 270
320 271
319 272
318 273
317 274
316 275
316 276
316 277
316 278
316 279
316 280
316 281
316 282
315 282
314 282
313 282
312 282
311 282
310 282
309 282
308 282
307 282
306 282
305 281
304 280
303 279
302 278
301 277
315 283
314 284
313 285
312 286
311 287
310 288
309 289
308 290
307 291
306 292
305 293
304 294
304 295
304 296
304 297
303 297
302 297
301 297
300 297
299 297
298 297
297 297
296 297
295 297
294 297
293 296
292 295
291 294
290 293
289 292
303 298
302 299
301 300
301 301
301 302
301 303
301 304
301 305
301 306
301 307
301 308
301 309
301 310
301 311
301 312
300 312
299 312
298 312
297 312
296 312
295 312
294 312
293 312
292 312
291 312
290 311
289 310
288 309
287 308
286 307
285 307
284 307
283 307
282 307
281 307
280 307
279 307
278 307
277 307
276 307
275 307
274 307
273 307
272 307
271 307
270 307
269 307
268 307
267 307
266 307
265 307
264 307
263 307
262 307
261 307
260 307
259 307
258 307
257 306
256 305
270 308
269 309
268 310
267 311
266 312
265 313
264 314
263 315
262 316
261 317
260 318
259 319
258 320
257 320
256 320
255 320
254 320
253 320
252 320
251 320
250 320
249 320
248 320
247 320
246 320
245 320
244 320
243 320
242 320
241 320
240 320
239 320
238 320
237 320
236 320
235 320
234 320
233 320
232 320
231 320
230 320
229 320
228 320
227 320
226 320
225 320
224 320
223 320
222 320
221 320
220 320
219 320
218 320
217 320
216 320
215 320
214 320
213 320
212 320
211 320
210 320
209 320
208 320
207 320
206 320
205 320
204 320
203 320
202 320
201 320
200 320
199 320
198 320
197 320
196 320
210 319
209 318
208 317
207 316
206 315
205 314
204 313
203 312
202 311
201 310
200 309
199 308
198 307
197 306
196 305
195 305
194 305
193 305
192 305
191 305
190 305
189 305
188 305
187 305
186 305
185 305
184 305
183 305
182 305
181 305
195 306
194 307
193 308
192 309
191 310
190 311
189 312
188 313
187 314
186 315
185 316
184 317
183 318
182 319
181 320
196 304
196 303
196 302
196 301
195 301
194 300
193 299
192 298
191 297
190 296
189 295
188 294
187 293
186 292
185 291
184 290
183 290
182 290
181 290
180 290
179 290
178 290
177 290
176 290
175 290
174 290
173 290
172 290
171 290
170 290
169 290
169 289
169 288
169 287
169 286
169 285
169 284
169 283
169 282
169 281
169 280
169 279
169 278
168 277
167 276
166 275
166 274
166 273
166 272
166 271
166 270
166 269
166 268
166 267
167 267
168 266
169 265
170 264
171 263
172 262
173 261
174 260
174 259
174 258
174 257
173 256
172 255
171 254
170 253
169 252
168 251
167 250
166 249
165 248
164 247
163 246
162 245
162 244
162 243
162 242
162 241
162 240
162 239
162 238
162 237
162 236
162 235
161 235
160 235
159 235
158 235
157 235
156 235
155 234
154 233
153 232
152 231
151 230
150 229
150 228
149 228
151 228
152 228
153 228
154 228
155 228
156 227
157 226
158 225
159 224
160 223
161 222
162 221
162 220
162 219
162 218
162 217
162 216
162 215
162 214
162 213
162 212
162 211
162 210
162 209
162 208
162 207
162 206
161 206
160 206
159 206
158 206
157 206
156 206
155 206
154 206
153 206
152 206
151 206
150 205
149 204
148 203
147 202
162 205
162 204
162 203
162 202
162 201
162 200
162 199
162 198
162 197
162 196
162 195
162 194
163 193
163 192
162 192
161 192
160 192
159 192
158 192
157 192
156 192
155 192
154 191
153 190
152 189
151 188
150 187
149 186
148 186
147 186
146 186
145 185
144 184
143 183
142 182
141 181
140 180
139 179
138 178
137 177
136 176
135 175
134 174
134 173
134 172
134 171
134 170
134 169
134 168
134 167
134 166
134 165
134 164
134 163
134 162
134 161
134 160
134 159
134 158
134 157
134 156
134 155
134 154
134 153
134 152
134 151
134 150
134 149
134 148
134 147
134 146
133 175
132 176
131 177
130 178
130 179
130 180
130 181
130 182
130 183
130 184
129 184
128 184
127 184
126 184
125 184
124 184
123 184
122 184
121 184
120 184
119 184
118 184
117 184
116 184
115 183
115 182
114 181
113 180
112 179
111 178
110 177
109 176
108 175
107 174
107 173
106 173
106 172
106 171
106 170
106 169
106 168
106 167
106 166
106 165
106 164
106 163
106 162
106 161
106 160
105 159
105 174
104 175
103 176
102 177
101 178
100 179
100 180
100 181
100 182
100 183
100 184
99 184
98 184
97 184
96 184
95 184
94 184
93 184
92 184
91 184
90 184
89 184
88 184
87 184
86 184
85 183
84 183
83 183
82 183
81 183
80 183
79 183
78 183
77 183
76 183
75 183
74 183
73 183
72 183
71 183
70 183
69 183
68 183
67 183
66 183
65 183
64 183
63 183
62 183
61 183
60 183
59 183
58 183
57 183
56 183
55 183
54 183
53 183
52 183
51 183
50 183
49 183
48 183
47 183
46 183
45 183
44 183
43 183
42 183
41 183
40 183
39 183
38 183
37 183
36 183
35 183
34 183
33 183
32 183
31 183
30 183
30 182
30 181
30 180
29 179
28 178
27 177
26 176
25 175
24 174
24 173
25 172
26 171
27 170
28 169
29 168
30 167
31 166
32 165
33 164
34 163
35 162
36 161
37 160
38 159
39 158
23 175
22 176
21 177
20 178
19 179
18 180
17 181
16 182
15 183
15 184
15 185
15 186
15 187
16 188
17 189
18 190
19 191
20 192
20 193
20 194
20 195
20 196
20 197
20 198
20 199
20 200
20 201
20 202
20 203
21 203
20 204
20 205
20 206
20 207
20 208
20 209
20 210
20 211
20 212
20 213
20 214
20 215
22 204
23 205
24 206
25 207
26 208
27 209
28 210
29 211
30 212
31 213
32 214
33 215
34 215
35 215
36 215
37 215
38 215
39 215
40 215
41 215
42 214
43 213
44 212
45 211
46 210
47 209
48 208
49 207
50 207
51 207
52 207
53 207
54 207
55 207
56 207
57 207
58 207
59 207
60 206
61 205
62 204
63 204
64 204
65 204
66 204
67 204
68 204
69 204
70 203
71 202
72 201
73 200
74 199
75 198
63 205
64 206
65 207
66 208
67 209
68 210
69 211
70 212
71 213
72 214
85 182
85 181
85 180
85 179
85 178
85 177
85 176
85 175
85 174
85 173
85 172
85 171
85 170
85 169
85 168
86 167
87 166
108 173
109 173
110 173
111 173
112 173
113 173
114 172
115 171
116 170
117 169
118 168
119 167
119 166
119 165
119 164
119 163
119 162
119 161
119 160
119 159
119 158
119 157
119 156
119 155
118 155
117 155
116 155
115 155
114 154
113 153
112 152
111 151
110 150
109 149
108 148
107 147
106 146
105 145
104 144
104 143
104 142
104 141
104 140
104 139
104 138
104 137
104 136
104 135
104 134
103 133
102 132
101 131
100 130
100 129
100 128
100 127
100 126
100 125
100 124
100 123
101 122
102 121
103 120
104 119
105 118
106 117
107 116
107 115
107 114
107 113
107 112
107 111
107 110
107 109
107 108
108 107
109 106
110 105
111 104
112 103
108 117
109 118
110 119
111 120
112 121
113 122
114 123
114 124
114 125
115 125
116 125
117 125
118 125
119 125
120 125
121 125
122 125
123 125
124 124
125 123
126 122
127 121
127 120
127 119
127 118
127 117
127 116
127 115
127 114
127 113
127 112
127 111
127 110
127 109
127 108
127 107
127 106
99 131
98 132
97 133
96 134
95 135
94 136
93 137
92 138
91 139
90 140
89 141
88 142
87 143
86 143
85 143
84 143
83 143
82 143
81 143
80 143
79 143
78 143
77 143
76 142
75 141
74 140
73 139
72 138
71 137
70 138
69 139
68 140
67 141
67 142
67 143
67 144
67 145
67 146
67 147
67 148
67 149
66 149
65 148
64 147
63 146
62 145
61 144
60 143
59 142
58 141
57 140
56 139
67 150
67 151
67 152
66 153
65 153
64 153
63 153
62 153
61 153
60 153
59 153
58 153
57 153
56 153
55 153
119 154
119 153
119 152
119 151
119 150
119 149
119 148
119 147
119 146
119 145
119 144
119 143
119 142
119 141
119 140
164 192
165 192
166 192
167 191
168 190
169 189
170 188
171 187
172 186
173 185
174 184
175 183
176 182
177 181
177 180
176 180
175 180
174 180
173 180
172 180
171 180
170 180
169 180
168 180
167 180
166 179
165 178
164 177
164 176
164 175
164 174
164 173
164 172
164 171
164 170
164 169
164 168
164 167
164 166
164 165
164 164
164 163
164 162
163 162
162 162
161 162
160 162
159 162
158 162
157 162
156 162
155 162
154 162
153 162
152 162
151 162
165 162
165 161
165 160
165 159
165 158
165 157
165 156
164 155
163 154
162 153
161 152
160 151
159 150
158 149
157 148
157 147
156 147
158 147
159 147
160 147
161 147
162 147
163 147
164 147
165 147
166 147
167 146
168 145
169 144
170 143
171 142
172 143
173 144
174 145
175 146
176 147
177 148
178 149
179 150
180 151
181 151
182 151
183 151
184 151
185 151
186 151
187 151
188 151
189 151
190 151
191 151
192 151
193 150
194 149
195 148
196 147
197 147
198 147
199 147
200 147
201 147
202 147
203 147
204 147
205 147
206 147
207 147
208 147
209 147
210 147
211 147
212 147
213 147
214 147
215 147
216 147
217 147
218 147
219 147
220 147
221 147
222 147
223 147
224 147
225 147
226 147
227 147
228 147
229 147
230 147
231 147
232 147
233 147
234 147
235 148
236 149
237 150
237 151
237 152
237 153
237 154
237 155
237 156
237 157
237 158
237 159
237 160
237 161
237 162
238 162
239 162
240 162
241 162
242 162
243 162
244 162
245 162
246 162
247 162
248 162
249 162
250 162
251 162
252 162
253 162
254 162
255 162
256 162
257 162
258 162
259 162
260 162
261 162
262 162
263 162
264 162
265 162
266 162
267 162
268 162
269 162
270 162
271 162
272 162
273 162
274 162
275 162
276 162
277 162
278 162
279 162
280 162
281 162
282 162
268 161
269 160
270 159
271 158
272 157
273 156
274 155
275 154
276 153
277 152
278 151
279 150
280 149
281 148
281 147
280 147
279 147
278 146
277 145
276 144
275 143
274 142
274 141
274 140
274 139
274 138
274 137
274 136
274 135
274 134
274 133
274 132
274 131
273 130
272 129
271 128
270 127
269 126
268 125
268 124
267 124
266 124
265 124
264 124
263 124
262 124
261 124
260 124
259 124
258 124
257 124
256 124
255 124
254 124
253 123
252 122
251 123
250 124
249 124
248 124
247 124
246 124
245 124
244 124
243 124
242 124
241 124
240 124
239 124
238 124
237 124
269 124
270 124
271 124
272 124
273 124
274 124
275 124
276 124
277 124
278 124
279 124
280 124
281 123
282 122
282 121
281 121
280 120
279 119
278 118
277 117
276 116
275 115
274 114
273 113
272 112
271 111
270 110
269 109
268 108
267 107
266 107
265 107
264 107
263 107
262 107
261 107
260 107
259 107
258 107
257 107
256 107
255 107
254 107
253 107
252 107
251 107
250 107
249 107
248 107
247 107
246 107
245 107
244 107
243 107
242 107
241 107
240 107
239 107
238 107
237 107
236 107
235 107
234 107
233 107
232 107
231 107
230 107
229 107
228 107
227 107
226 107
225 107
224 107
223 107
222 107
221 107
220 107
219 107
218 107
217 107
216 107
215 107
214 107
213 107
212 107
211 107
210 107
209 107
208 107
207 107
206 107
205 107
204 107
203 107
202 107
201 107
200 107
199 107
198 107
197 107
196 107
195 107
194 107
193 107
192 107
191 107
190 107
189 107
188 107
187 107
186 107
185 107
184 107
183 107
182 107
181 107
180 107
179 107
178 107
177 107
176 107
175 107
174 107
173 107
172 107
171 107
170 107
169 107
168 107
167 107
166 107
165 107
164 107
163 107
162 107
161 107
160 107
159 107
158 107
157 107
156 107
155 107
154 107
153 107
152 107
151 107
150 107
149 107
148 107
147 107
236 108
235 109
234 110
233 111
232 112
231 113
230 114
229 115
228 116
227 117
226 118
225 119
224 120
223 121
222 122
221 123
220 124
219 124
218 124
217 124
216 124
215 124
214 124
213 124
212 124
211 124
210 124
209 124
208 124
207 124
206 124
205 124
204 124
203 124
202 124
201 124
200 124
199 124
198 124
197 124
196 124
195 124
194 124
193 123
192 122
191 123
190 124
189 124
188 124
187 124
186 124
185 124
184 124
183 124
182 124
181 124
180 124
179 124
178 124
177 124
176 124
175 124
174 124
173 124
172 124
171 124
170 124
169 124
168 124
167 124
166 124
165 124
164 124
163 123
162 122
161 123
160 123
159 123
158 123
157 123
156 123
155 123
154 123
153 123
152 123
151 123
150 123
149 123
148 123
147 123
282 120
282 119
282 118
282 117
282 116
282 115
282 114
282 113
282 112
282 111
282 110
282 109
282 108
282 107
282 147
252 161
252 160
252 159
252 158
252 157
252 156
252 155
252 154
252 153
253 152
254 151
255 150
256 149
257 148
257 147
256 147
255 147
254 146
253 145
252 144
251 143
250 142
258 147
210 148
211 149
212 150
213 151
214 152
215 153
216 154
217 155
218 156
219 157
220 158
221 159
222 160
222 161
222 162
184 152
185 153
186 154
187 155
188 156
189 157
190 158
191 159
192 160
192 161
192 162
193 162
194 162
195 162
196 162
197 162
198 162
199 162
200 162
201 162
202 162
203 162
204 162
205 162
206 162
207 162
178 180
165 266
164 265
163 264
162 263
161 262
160 261
159 260
168 291
167 292
166 293
165 294
164 295
163 296
162 296
161 296
160 296
159 296
158 296
157 296
156 296
155 296
154 296
154 295
154 294
154 293
154 292
154 291
154 290
154 289
154 288
154 287
154 286
154 285
154 284
153 283
152 282
151 281
150 281
149 281
148 281
147 281
146 281
145 281
144 281
143 281
142 281
141 281
140 280
139 279
138 278
137 277
136 276
136 275
136 274
136 273
136 272
136 271
136 270
136 269
137 268
138 267
139 266
140 265
141 264
142 263
143 262
144 261
144 260
144 259
144 258
143 257
142 256
141 255
140 254
139 253
138 252
137 251
136 252
135 253
134 254
133 255
132 256
131 257
130 258
129 258
150 282
149 283
148 284
147 285
146 286
145 287
144 288
143 289
142 290
141 291
140 291
139 291
138 291
137 291
136 291
135 291
134 291
133 291
132 291
131 291
130 291
129 291
128 291
127 291
126 291
125 291
124 291
123 290
122 289
121 288
120 288
119 288
118 288
117 288
116 288
115 288
114 288
113 288
112 288
111 288
110 288
109 288
108 287
107 286
106 285
105 285
104 285
103 285
102 285
101 285
100 285
99 285
98 285
97 285
96 285
95 285
94 285
93 284
92 283
91 283
91 282
91 281
91 280
91 279
91 278
91 277
91 276
91 275
91 274
91 273
91 272
91 271
91 270
91 269
91 268
91 267
91 266
91 265
91 264
92 263
93 262
94 261
95 260
96 259
97 258
98 257
99 256
99 255
98 255
97 255
96 255
95 255
94 255
93 254
92 253
91 252
91 251
91 250
90 249
89 248
88 247
87 246
86 245
85 244
84 243
83 242
82 241
81 240
80 239
80 238
79 238
81 238
82 238
83 238
84 238
85 238
86 238
87 238
88 237
89 236
90 235
91 234
92 234
93 234
94 234
95 234
96 234
97 234
98 234
99 234
100 234
101 234
102 234
103 234
104 234
105 234
106 234
107 234
108 234
109 234
110 234
111 234
112 234
113 234
114 234
115 234
116 234
117 234
118 234
119 234
120 234
121 233
122 233
123 233
124 233
125 233
126 233
127 233
128 233
129 233
130 233
131 233
132 233
133 233
134 233
122 232
123 231
124 230
125 229
126 228
127 227
128 226
129 225
130 224
131 223
132 222
133 221
133 220
132 220
131 220
130 220
129 220
128 220
127 220
126 220
125 220
124 220
123 220
122 219
121 218
121 217
121 216
121 215
121 214
122 213
123 212
124 211
125 210
126 209
127 208
128 207
129 206
130 205
131 204
132 203
134 220
92 233
91 233
91 232
91 231
91 230
91 229
91 228
91 227
91 226
91 225
91 224
91 223
91 222
91 221
91 220
90 219
93 232
94 231
95 230
96 229
97 228
98 227
99 226
100 225
101 224
102 223
103 222
104 221
105 220
106 219
106 218
106 217
106 216
106 215
106 214
106 213
106 212
106 211
106 210
106 209
106 208
106 207
106 206
105 205
104 204
103 203
102 202
90 253
89 253
88 253
87 253
86 253
85 253
84 253
83 253
82 253
81 253
80 253
79 253
78 252
77 251
76 250
75 249
74 248
73 247
72 246
71 245
70 244
69 243
68 242
67 241
66 240
65 239
64 238
63 237
62 236
61 235
60 234
78 254
77 255
76 256
75 257
74 258
74 259
74 260
74 261
74 262
74 263
74 264
74 265
74 266
74 267
74 268
73 268
73 269
72 270
71 271
70 272
69 273
68 274
67 275
66 276
65 277
64 278
63 279
62 280
61 281
60 282
60 283
60 284
60 285
72 267
71 266
70 265
69 264
68 263
67 262
66 261
65 260
64 259
63 258
62 257
61 256
60 255
100 255
101 255
102 255
103 255
104 255
105 255
106 255
107 255
108 255
109 255
110 255
111 255
112 255
113 255
114 255
91 284
91 285
91 286
91 287
91 288
91 289
91 290
91 291
91 292
106 284
106 283
106 282
106 281
106 280
106 279
106 278
106 277
106 276
106 275
106 274
106 273
106 272
106 271
106 270
121 287
121 286
121 285
121 284
121 283
121 282
121 281
121 280
121 279
121 278
121 277
121 276
121 275
121 274
121 273
155 297
156 298
157 299
158 300
159 301
160 302
161 303
162 304
163 305
164 306
165 307
166 307
165 308
164 309
163 310
163 311
163 312
163 313
163 314
163 315
163 316
163 317
163 318
163 319
163 320
163 321
163 322
162 322
162 323
161 324
160 325
159 326
158 326
157 326
156 326
155 326
154 326
153 326
154 327
155 328
156 329
157 330
158 331
159 332
160 333
161 334
162 335
163 336
163 337
162 338
161 339
160 340
159 341
158 342
157 343
156 344
155 344
154 344
153 344
152 344
151 344
150 344
149 344
148 344
147 344
146 344
145 344
144 344
143 344
142 344
141 344
140 344
139 344
138 344
137 344
136 344
135 344
134 343
133 342
132 342
131 342
130 342
129 342
128 342
127 342
126 342
125 342
124 342
123 342
122 342
121 342
120 342
119 342
118 342
117 342
116 342
115 342
114 342
113 342
112 342
111 342
110 342
109 342
108 342
107 342
106 342
105 342
104 342
103 342
164 338
164 339
164 340
164 341
164 342
164 343
164 344
164 345
164 346
164 347
164 348
164 349
164 350
164 351
164 352
163 353
162 354
161 355
160 356
159 357
158 358
157 359
156 359
155 359
154 359
153 359
152 359
151 359
150 359
149 359
148 359
147 359
146 359
145 359
144 359
143 359
142 359
141 359
140 359
139 359
138 359
137 359
136 359
135 359
134 359
133 360
132 361
132 362
132 363
132 364
132 365
132 366
132 367
132 368
132 369
132 370
132 371
132 372
132 373
132 374
132 375
132 376
131 376
130 377
129 378
128 379
127 380
126 381
125 382
124 383
123 384
122 385
121 385
120 385
119 385
118 385
117 385
116 385
115 385
114 385
113 385
112 385
111 385
110 384
109 383
108 382
107 381
106 380
105 379
104 378
103 377
103 376
103 375
103 374
103 373
103 372
103 371
103 370
103 369
103 368
103 367
103 366
103 365
103 364
103 363
102 362
102 361
101 361
100 361
99 361
98 361
97 361
96 361
95 361
94 361
93 361
92 361
91 361
90 361
89 361
88 361
87 361
86 361
85 361
84 361
83 361
82 361
81 361
80 361
79 361
78 361
77 361
76 361
75 361
74 361
73 361
72 360
71 359
70 359
69 359
68 359
67 359
66 359
65 359
64 359
63 359
62 359
61 359
60 359
59 359
58 359
57 359
56 358
55 358
54 358
53 358
52 358
51 358
50 358
49 358
48 358
47 357
46 356
45 355
44 354
43 353
42 352
41 353
40 354
39 355
38 356
37 357
36 358
35 359
34 359
33 359
32 359
31 359
30 359
29 359
71 358
71 357
71 356
71 355
71 354
71 353
71 352
71 351
71 350
71 349
71 348
71 347
71 346
72 345
72 344
71 344
70 344
69 344
68 344
67 344
66 344
65 344
64 343
63 342
62 341
61 341
60 340
59 339
58 338
57 337
56 336
55 335
54 334
53 333
52 332
51 331
50 330
49 331
48 332
47 333
46 334
45 334
44 334
43 334
42 334
41 334
40 334
39 334
38 334
37 334
36 334
35 334
34 334
33 334
32 334
31 334
30 334
29 333
28 332
27 331
26 330
25 329
24 328
23 327
22 326
21 326
21 325
21 327
21 328
21 329
21 330
21 331
21 332
21 333
21 334
21 335
21 336
21 337
21 338
21 339
21 340
62 340
62 339
62 338
63 337
64 336
65 335
66 334
67 333
68 332
69 331
70 330
71 329
72 328
72 327
72 326
72 325
72 324
72 323
72 322
72 321
72 320
71 319
70 318
69 317
68 316
67 315
66 314
65 313
64 312
63 311
62 310
61 309
60 308
73 344
74 345
75 346
76 346
77 346
78 346
79 346
80 346
81 346
82 346
83 346
84 346
85 346
86 346
103 361
104 361
105 361
106 361
107 361
108 361
109 361
110 361
111 361
112 361
113 361
114 361
115 361
116 361
102 378
102 379
102 380
102 381
102 382
102 383
102 384
102 385
102 386
102 387
102 388
102 389
102 390
101 390
101 391
100 392
99 393
98 394
97 395
96 396
95 397
94 398
93 399
92 400
91 401
90 401
89 401
88 401
87 401
86 401
85 401
84 401
83 401
82 401
81 401
80 401
79 401
78 401
77 401
76 400
75 399
74 398
73 397
72 396
71 395
70 394
69 393
68 392
67 393
66 393
65 393
64 393
63 393
62 393
61 393
60 393
59 393
58 393
57 393
56 393
55 393
54 393
53 393
52 393
51 393
50 393
49 393
48 392
47 391
46 390
45 389
44 388
43 387
42 386
41 385
40 384
56 394
57 395
58 396
59 397
60 398
61 399
62 400
63 401
64 402
65 403
66 404
67 405
68 406
68 407
100 389
99 388
98 387
97 386
96 385
95 384
94 383
93 382
92 381
91 380
90 379
89 378
88 377
132 377
132 378
132 379
132 380
132 381
132 382
132 383
132 384
132 385
132 386
132 387
132 388
132 389
132 390
165 353
166 354
167 355
168 356
169 357
170 358
171 359
172 360
173 361
174 362
175 363
176 364
177 365
178 365
179 365
180 365
181 365
182 365
183 365
184 365
185 365
186 365
187 365
188 365
189 365
190 365
191 365
192 365
193 365
194 365
195 365
196 365
197 365
198 365
199 365
200 365
201 365
202 365
203 365
204 365
193 364
193 363
193 362
193 361
193 360
193 359
193 358
193 357
193 356
193 355
194 354
195 353
196 352
197 351
198 350
199 350
200 350
201 350
202 350
203 350
204 350
205 350
206 350
207 350
208 350
178 364
178 363
178 362
178 361
178 360
178 359
178 358
178 357
178 356
178 355
179 354
180 353
181 352
182 351
183 350
183 349
183 348
183 347
183 346
183 345
183 344
183 343
183 342
183 341
183 340
183 339
183 338
183 337
183 336
184 335
177 366
176 367
175 367
174 367
173 367
172 367
171 367
170 367
169 367
168 367
167 367
166 367
165 367
164 368
163 369
162 370
161 371
160 372
159 373
158 374
157 375
156 376
155 377
154 378
153 379
152 380
152 381
152 382
153 382
154 382
155 382
156 382
157 382
158 382
159 382
160 382
161 382
162 382
163 382
164 382
165 382
166 382
167 382
168 382
169 382
170 382
171 382
172 382
173 382
174 382
175 382
176 382
177 382
178 382
179 382
180 382
181 382
182 382
183 382
184 382
185 382
186 382
187 382
188 382
189 382
190 382
191 382
192 382
193 382
194 382
195 382
196 382
197 382
198 382
199 382
200 382
201 382
202 382
203 382
204 382
205 382
206 382
207 382
208 382
209 382
210 382
211 382
212 383
213 383
214 383
215 383
216 383
217 383
218 383
219 383
220 383
221 383
222 383
223 383
224 383
225 383
226 383
227 383
228 383
229 383
230 383
231 383
232 383
233 383
234 383
235 383
236 383
237 383
238 383
239 383
240 383
241 383
242 383
243 383
244 383
245 383
246 383
247 383
248 383
249 383
250 383
251 383
252 383
253 383
254 383
255 383
256 384
257 385
258 385
259 385
260 385
261 385
262 385
263 385
264 385
265 385
266 385
267 385
268 385
269 385
270 385
271 385
272 385
273 385
274 385
275 385
276 385
277 385
278 385
279 385
280 384
281 383
270 386
270 387
270 388
270 389
270 390
270 391
270 392
270 393
270 394
270 395
270 396
270 397
270 398
270 399
270 400
271 400
272 400
273 400
274 400
275 400
276 400
277 400
278 400
279 400
280 400
281 400
282 400
283 400
241 384
242 385
243 386
244 387
245 388
246 389
247 390
248 391
249 392
250 393
251 394
252 395
253 396
254 397
254 398
253 399
252 399
251 399
250 399
249 399
248 399
247 399
246 399
245 399
244 399
243 399
242 399
241 399
240 399
167 383
168 384
169 385
170 386
171 387
172 388
173 389
174 390
175 391
176 392
177 393
178 394
179 395
180 396
180 397
181 397
182 397
183 397
184 397
185 397
186 397
187 397
188 397
189 397
190 397
191 397
192 397
152 383
152 384
152 385
152 386
152 387
152 388
152 389
152 390
152 391
152 392
152 393
152 394
152 395
152 396
152 397
153 398
154 399
155 399
156 399
157 399
158 399
159 399
160 399
161 399
162 399
163 399
164 399
161 321
160 320
159 319
158 318
157 317
156 316
155 315
154 314
153 313
152 312
151 311
150 311
149 311
148 311
147 311
146 311
145 311
144 311
143 311
142 311
141 311
140 311
139 311
138 311
137 311
136 310
135 310
134 310
133 310
132 310
131 310
130 310
129 310
128 310
127 310
126 310
125 310
124 310
123 310
122 310
121 310
120 310
119 310
118 310
117 310
116 310
115 310
114 310
113 310
112 310
111 310
110 310
109 310
108 310
107 310
106 310
105 310
104 310
103 310
102 310
101 310
100 310
99 310
98 310
97 310
96 310
95 310
94 310
93 310
92 310
91 310
105 311
104 312
103 313
102 314
101 315
100 316
99 317
98 318
97 319
96 320
95 321
94 322
93 323
92 324
91 325
120 311
119 312
118 313
117 314
116 315
115 316
114 317
113 318
112 319
111 320
110 321
109 322
108 323
107 324
107 325
108 325
109 325
110 325
111 325
112 325
113 325
114 325
115 325
116 325
117 325
118 325
119 325
120 325
121 325
122 325
123 325
124 325
125 325
126 325
127 325
128 325
129 325
130 325
131 325
132 325
133 325
134 325
135 325
184 289
184 288
184 287
184 286
185 286
184 285
184 284
184 283
184 282
184 281
184 280
184 279
184 278
183 277
182 276
181 275
181 274
181 273
181 272
181 271
181 270
181 269
181 268
182 267
183 266
184 265
185 264
186 263
187 262
188 261
189 260
189 259
189 258
189 257
189 256
189 255
189 254
189 253
188 252
187 251
186 250
185 249
184 248
183 247
182 246
181 245
181 244
181 243
181 242
181 241
181 240
182 240
181 239
181 238
181 237
181 236
181 235
181 234
180 233
179 232
178 231
177 230
183 239
184 238
185 237
186 236
187 235
188 234
189 233
190 232
191 231
192 230
186 285
187 284
188 283
189 282
190 281
191 280
192 279
193 278
194 277
195 276
196 275
196 274
196 273
196 272
196 271
196 270
196 269
196 268
197 267
198 266
199 265
200 264
201 263
202 262
203 261
204 260
204 259
204 258
204 257
204 256
204 255
204 254
204 253
203 252
202 251
201 250
200 249
199 248
198 247
197 246
196 245
196 300
196 299
196 298
196 297
196 296
196 295
196 294
196 293
197 292
198 291
199 290
200 290
201 290
202 290
203 290
204 290
205 290
206 290
207 290
208 290
209 290
210 290
211 290
212 290
213 290
214 290
215 290
216 290
217 290
218 290
219 290
220 290
221 290
222 290
223 290
224 290
225 290
226 290
227 290
228 290
229 290
230 290
231 290
232 290
233 290
234 290
235 290
236 290
237 290
238 290
239 290
240 290
241 290
242 290
243 290
244 290
245 290
246 290
247 290
248 290
249 290
250 290
251 290
252 290
253 290
254 290
255 290
256 290
257 290
258 290
259 290
259 289
259 288
259 287
260 286
261 285
262 284
263 283
264 282
265 281
266 280
267 279
268 278
269 277
270 276
271 275
271 274
271 273
271 272
271 271
271 270
271 269
271 268
272 267
273 266
274 265
275 264
276 263
277 262
278 261
279 260
279 259
279 258
279 257
279 256
279 255
279 254
279 253
279 252
278 252
277 251
276 250
275 249
274 248
273 247
272 246
271 245
280 251
281 250
282 249
283 248
284 247
285 246
286 245
286 244
286 243
286 242
286 241
286 240
287 239
288 238
289 237
290 236
291 235
292 234
293 233
293 232
292 232
291 232
290 231
289 230
288 229
287 228
286 227
285 226
284 225
283 224
282 223
281 223
280 223
279 223
278 223
277 223
276 223
275 223
274 222
273 221
272 220
271 219
270 218
269 217
268 216
267 215
266 215
265 215
264 215
263 215
262 215
261 215
260 215
259 215
258 215
258 214
257 213
256 212
255 211
254 210
253 209
252 208
251 207
250 206
249 205
248 204
247 203
246 202
245 201
244 200
244 199
244 198
244 197
244 196
244 195
244 194
244 193
244 192
244 191
244 190
244 189
244 188
244 187
244 186
244 185
243 185
242 185
241 185
240 185
239 185
238 185
237 185
245 185
267 214
267 213
267 212
267 211
267 210
267 209
267 208
266 207
265 206
264 205
263 204
262 203
261 202
260 201
260 200
259 200
261 200
262 200
263 200
264 199
265 198
266 197
267 196
267 195
267 194
267 193
267 192
267 191
267 190
267 189
267 188
267 187
267 186
267 185
267 184
267 183
267 182
268 181
269 182
270 183
271 184
272 185
273 186
274 187
275 188
276 189
277 190
278 191
279 192
280 193
281 193
282 193
282 192
282 191
282 190
282 189
282 188
282 187
282 186
282 185
282 184
282 183
282 182
282 181
282 180
283 179
284 178
282 222
282 221
282 220
282 219
282 218
282 217
282 216
282 215
282 214
282 213
282 212
282 211
282 210
282 209
282 208
294 232
295 231
296 230
297 229
298 228
299 227
300 226
301 225
302 224
303 223
304 222
304 221
304 220
304 219
304 218
304 217
304 216
304 215
304 214
304 213
304 212
304 211
304 210
304 209
304 208
304 207
304 206
304 205
304 204
304 203
304 202
304 201
304 200
304 199
304 198
304 197
304 196
304 195
304 194
304 193
304 192
304 191
304 190
304 189
304 188
304 187
304 186
304 185
304 184
304 183
304 182
304 181
304 180
304 179
304 178
304 177
304 176
304 175
304 174
304 173
304 172
304 171
304 170
304 169
304 168
304 167
304 166
304 165
304 164
304 163
304 162
304 161
304 160
304 159
304 158
304 157
304 156
304 155
304 154
305 153
306 152
307 151
308 150
309 149
310 148
310 147
309 147
308 147
307 147
306 147
305 147
304 147
303 147
302 147
301 147
300 147
311 147
312 147
313 147
314 147
315 147
316 147
317 147
318 147
319 147
320 147
321 147
322 146
323 145
324 144
325 143
326 142
327 143
328 144
329 145
330 146
331 147
332 147
333 147
334 147
335 147
336 147
337 147
338 147
339 147
340 147
341 147
342 148
343 148
344 148
345 148
346 148
347 148
348 148
349 148
350 148
351 148
352 148
353 148
354 148
355 148
356 148
311 146
311 145
311 144
311 143
311 142
311 141
311 140
311 139
310 138
309 137
308 136
307 135
306 134
305 133
304 132
304 131
304 130
304 129
304 128
304 127
304 126
304 125
304 124
304 123
304 122
304 121
304 120
303 119
302 118
302 117
301 117
303 117
304 117
305 117
306 117
307 117
308 117
309 117
310 117
311 117
312 116
313 115
314 114
315 113
316 112
316 111
316 110
316 109
315 108
314 107
313 106
312 105
311 104
310 103
309 102
308 101
307 100
306 99
305 98
304 97
303 96
302 95
302 94
301 94
301 93
301 92
301 91
301 90
301 89
302 89
301 88
301 87
301 86
301 85
301 84
301 83
300 82
299 81
298 80
297 79
303 88
304 87
305 86
306 85
307 84
308 83
309 82
310 81
311 80
312 79
312 78
312 77
312 76
312 75
312 74
311 74
310 73
309 72
308 71
307 70
306 69
305 68
304 67
303 66
302 65
301 64
300 64
299 64
298 64
297 64
296 64
295 64
294 64
293 64
292 64
291 64
290 64
289 64
288 64
287 64
286 64
301 63
301 62
301 61
301 60
302 60
301 59
301 58
301 57
301 56
301 55
301 54
301 53
301 52
300 51
299 50
298 49
297 49
296 49
295 49
294 49
293 49
292 49
291 49
290 49
289 49
288 49
287 49
286 49
303 59
304 58
305 57
306 56
307 55
308 54
309 53
310 52
311 51
312 50
313 49
312 73
312 72
312 71
312 70
312 69
312 68
313 67
314 66
315 65
316 64
317 64
318 64
319 64
320 64
321 64
322 64
323 64
324 63
325 62
326 61
327 60
328 59
329 59
330 59
331 59
332 59
333 59
334 59
335 59
336 59
337 59
338 59
339 58
340 57
341 56
342 56
343 56
344 56
345 56
346 56
347 56
348 55
349 54
350 53
351 52
352 51
353 50
354 49
355 48
356 47
357 47
358 47
359 47
360 47
361 47
362 47
363 47
364 47
365 47
366 47
367 46
368 45
369 44
370 43
371 42
357 48
358 49
359 50
360 51
361 52
362 53
363 54
364 55
365 56
366 57
367 57
368 57
369 57
370 57
371 57
356 46
356 45
356 44
356 43
356 42
356 41
356 40
356 39
356 38
356 37
356 36
356 35
356 34
356 33
356 32
356 31
356 30
356 29
356 28
356 27
356 26
356 25
356 24
356 23
355 22
354 21
353 20
342 57
343 58
344 59
345 60
346 61
347 62
348 62
349 62
350 62
351 62
352 62
353 62
354 62
355 62
356 62
357 63
358 64
359 65
360 66
361 67
362 68
363 69
364 70
365 71
366 72
367 72
368 72
369 72
370 72
371 72
341 55
341 54
341 53
341 52
341 51
341 50
341 49
341 48
341 47
341 46
341 45
341 44
341 43
341 42
341 41
340 41
339 41
338 40
337 39
336 38
335 37
334 36
333 35
332 34
331 33
329 60
330 61
331 62
332 63
333 64
334 65
335 66
336 67
337 68
338 69
339 70
340 71
341 71
340 72
340 73
340 74
340 75
340 76
340 77
340 78
340 79
340 80
340 81
340 82
340 83
342 72
343 73
344 74
345 75
346 76
347 77
348 77
349 77
350 77
351 77
352 77
353 77
354 77
355 77
356 77
357 78
358 79
359 80
360 81
361 82
362 83
363 84
364 85
365 86
366 87
367 87
368 87
369 87
368 88
367 89
366 90
365 91
364 92
363 92
362 92
361 92
360 92
359 92
358 92
357 92
356 92
355 92
303 94
304 94
305 94
306 94
307 94
308 94
309 94
310 94
311 94
312 94
313 94
314 94
315 94
316 94
317 113
318 114
319 115
320 116
321 117
322 118
323 119
324 120
325 121
326 122
327 123
328 123
328 122
328 121
328 120
328 119
328 118
328 117
328 116
328 115
329 114
330 113
331 112
332 113
333 114
334 115
335 116
336 117
337 118
338 119
339 120
340 121
341 122
342 123
343 123
343 122
343 121
344 120
345 119
346 118
347 117
348 116
349 115
350 114
351 113
352 112
353 111
354 110
343 124
343 125
344 125
345 125
346 125
347 125
348 125
349 125
350 125
351 125
352 125
353 125
354 125
355 125
356 125
357 125
358 125
358 124
359 123
360 122
361 121
362 120
363 119
364 118
365 117
366 116
367 115
368 114
369 113
370 113
371 113
372 113
373 113
374 113
375 113
376 113
377 113
378 113
379 113
380 113
381 112
382 112
383 112
384 112
385 112
386 112
387 112
388 112
389 112
390 112
391 112
392 112
393 112
394 112
395 111
396 110
396 109
396 108
396 107
397 106
398 105
399 104
400 103
401 102
402 101
403 100
404 99
405 98
406 97
407 96
407 95
406 95
405 95
404 95
403 95
402 95
401 95
400 95
399 95
398 94
397 93
396 92
396 91
396 90
396 89
396 88
396 87
396 86
396 85
396 84
396 83
396 82
396 81
396 80
396 79
396 78
396 77
396 76
396 75
397 74
398 73
399 72
400 71
401 70
402 69
403 68
404 67
405 66
406 65
406 64
405 64
404 64
403 64
402 64
401 64
400 64
399 64
398 64
397 64
396 63
395 62
394 61
393 60
392 59
407 64
408 64
409 64
410 64
411 64
412 64
413 64
414 63
415 62
416 61
417 60
418 59
419 58
420 57
421 56
422 55
408 65
409 66
410 67
411 68
411 69
411 70
411 71
411 72
411 73
411 74
411 75
411 76
411 77
411 78
412 78
413 78
414 78
415 77
416 76
417 75
418 74
419 73
420 72
421 71
422 70
407 63
407 62
407 61
407 60
407 59
407 58
407 57
407 56
407 55
407 54
407 53
407 52
407 51
407 50
408 95
382 113
383 114
384 115
385 116
386 117
387 118
388 119
388 120
388 121
388 122
388 123
388 124
388 125
389 125
390 125
391 125
392 125
393 125
394 125
395 125
396 125
397 125
398 125
399 125
400 125
401 125
402 125
403 125
403 124
403 123
403 122
403 121
403 120
403 119
403 118
404 117
405 116
406 115
407 114
408 113
409 112
410 111
411 110
370 114
371 115
372 116
373 117
373 118
373 119
373 120
373 121
373 122
373 123
373 124
373 125
328 124
305 223
306 224
307 225
308 226
309 227
309 228
309 229
309 230
310 230
309 231
309 232
311 229
312 228
313 227
314 226
315 225
316 224
317 223
318 222
319 221
320 220
321 219
322 218
323 218
324 218
325 218
326 218
327 218
328 218
329 218
330 218
331 218
332 218
333 218
334 218
335 218
336 218
337 217
338 218
339 218
340 218
341 218
342 218
343 218
344 218
345 218
346 218
347 218
348 218
349 218
350 218
351 218
352 218
353 219
354 219
355 219
356 219
357 219
358 219
359 219
360 219
361 219
362 219
363 219
364 219
365 219
366 219
367 219
322 217
322 216
322 215
322 214
322 213
322 212
322 211
322 210
322 209
322 208
322 207
322 206
322 205
322 204
322 203
323 203
324 203
325 203
326 203
327 203
328 203
329 203
330 203
331 203
332 203
333 203
334 203
335 203
336 203
337 202
338 203
339 203
340 203
341 203
342 203
343 203
344 203
345 203
346 203
347 203
348 203
349 203
350 203
351 203
352 203
353 204
354 204
355 204
356 204
357 204
358 204
359 204
360 204
361 204
362 204
363 204
364 204
365 204
366 204
367 204
368 205
369 206
370 207
371 208
372 209
373 210
374 211
375 212
376 213
377 213
378 213
379 213
380 213
381 213
382 213
382 214
383 214
382 215
382 216
382 217
382 218
382 219
382 220
382 221
382 222
382 223
381 224
380 225
379 226
378 227
377 228
376 229
375 230
374 231
373 232
372 233
371 234
370 235
369 236
369 237
383 224
384 225
384 226
384 227
384 228
384 229
384 230
384 231
384 232
384 233
384 234
384 235
384 236
384 237
384 215
385 216
386 217
387 218
388 219
389 220
390 221
391 222
392 222
393 222
394 222
395 222
396 222
397 222
244 289
244 288
244 287
245 286
246 285
247 284
248 283
249 282
250 281
251 280
252 279
253 278
254 277
255 276
256 275
256 274
256 273
256 272
256 271
256 270
256 269
256 268
257 267
258 266
259 265
260 264
261 263
262 262
263 261
264 260
264 259
264 258
264 257
264 256
264 255
264 254
264 253
263 252
262 251
261 250
260 249
259 248
258 247
257 246
256 245
256 244
256 243
256 242
256 241
257 240
258 239
259 238
260 237
261 236
262 235
263 234
264 233
265 232
266 231
267 230
229 289
229 288
229 287
230 286
231 285
232 284
233 283
234 282
235 281
236 280
237 279
238 278
239 277
240 276
241 275
241 274
241 273
241 272
241 271
241 270
241 269
241 268
242 267
243 266
244 265
245 264
246 263
247 262
248 261
249 260
249 259
249 258
249 257
249 256
249 255
249 254
249 253
248 252
247 251
246 250
245 249
244 248
243 247
242 246
241 245
241 244
241 243
241 242
241 241
242 240
243 239
244 238
245 237
246 236
247 235
248 234
249 233
250 232
251 231
252 230
252 229
252 228
252 227
252 226
252 225
252 224
251 223
250 222
249 221
248 220
247 219
246 218
245 217
244 216
243 215
214 289
214 288
214 287
215 286
216 285
217 284
218 283
219 282
220 281
221 280
222 279
223 278
224 277
225 276
226 275
226 274
226 273
226 272
226 271
226 270
226 269
226 268
227 267
228 266
229 265
230 264
231 263
232 262
233 261
234 260
234 259
234 258
234 257
234 256
234 255
234 254
234 253
233 252
232 251
231 250
230 249
229 248
228 247
227 246
226 245
226 244
226 243
226 242
226 241
227 240
228 239
229 238
230 237
231 236
232 235
233 234
234 233
235 232
236 231
237 230
237 229
237 228
237 227
237 226
237 225
237 224
236 223
235 222
234 221
233 220
232 219
231 218
230 217
229 216
228 215
227 215
226 215
225 215
224 215
223 215
222 215
221 215
220 215
219 215
218 215
217 215
216 215
215 214
214 213
213 212
212 212
211 212
210 212
209 212
208 212
207 212
206 212
205 212
204 212
203 212
202 212
201 212
200 212
199 212
198 212
213 211
213 210
212 210
211 209
210 208
209 207
208 206
207 205
206 204
205 203
204 202
203 201
202 200
201 199
200 198
199 197
198 197
197 197
196 197
195 197
194 197
193 197
192 197
191 197
190 197
189 197
188 197
187 197
186 197
185 196
184 195
184 194
184 193
184 192
184 191
184 190
184 189
185 188
186 187
187 186
188 185
189 184
190 183
191 182
192 181
193 180
194 181
195 182
196 182
197 182
198 182
199 182
200 182
201 182
202 182
203 182
204 182
183 196
183 197
183 198
183 199
183 200
183 201
183 202
183 203
183 204
183 205
183 206
183 207
183 208
183 209
183 210
213 209
213 208
213 207
213 206
213 205
213 204
213 203
213 202
213 201
213 200
213 199
213 198
214 197
214 196
214 195
214 194
214 193
214 192
214 191
214 190
214 189
215 188
216 187
217 186
218 185
219 184
220 183
221 182
228 214
228 213
228 212
228 211
228 210
228 209
228 208
228 207
228 206
228 205
228 204
228 203
228 202
228 201
229 200
199 289
199 288
199 287
200 286
201 285
202 284
203 283
204 282
205 281
206 280
207 279
208 278
209 277
210 276
211 275
211 274
211 273
211 272
211 271
211 270
211 269
211 268
212 267
213 266
214 265
215 264
216 263
217 262
218 261
219 260
219 259
219 258
219 257
219 256
219 255
219 254
219 253
218 252
217 251
216 250
215 249
214 248
213 247
212 246
211 245
211 244
211 243
211 242
211 241
212 240
213 239
214 238
215 237
216 236
217 235
218 234
219 233
220 232
221 231
221 230
220 230
219 230
218 230
217 230
216 230
215 230
214 230
213 230
212 230
211 230
210 230
209 229
208 228
207 227
222 230
210 321
209 322
208 323
207 324
206 325
205 326
204 327
203 328
202 329
201 330
200 331
199 332
199 333
199 334
199 335
225 319
224 318
223 317
222 316
221 315
220 314
219 313
218 312
217 311
216 310
215 309
214 308
213 307
212 306
211 305
225 321
224 322
223 323
222 324
221 325
220 326
219 327
218 328
217 329
216 330
215 331
214 332
214 333
214 334
214 335
215 336
216 337
217 338
218 339
219 340
220 341
221 342
222 343
223 344
223 345
223 346
223 347
223 348
223 349
223 350
240 319
239 318
238 317
237 316
236 315
235 314
234 313
233 312
232 311
231 310
230 309
229 308
228 307
227 306
226 305
240 321
239 322
238 323
237 324
236 325
235 326
234 327
233 328
232 329
231 330
230 331
229 332
229 333
229 334
229 335
230 336
231 337
232 338
233 339
234 340
235 341
236 342
237 343
238 344
238 345
238 346
238 347
238 348
238 349
238 350
238 351
238 352
238 353
238 354
238 355
238 356
238 357
238 358
238 359
238 360
238 361
238 362
238 363
238 364
238 365
238 366
237 366
236 366
235 366
234 366
233 366
232 366
231 366
230 366
229 366
228 366
227 366
255 319
254 318
253 317
252 316
251 315
250 314
249 313
248 312
247 311
246 310
245 309
244 308
243 307
242 306
241 305
255 321
254 322
253 323
252 324
251 325
250 326
249 327
248 328
247 329
246 330
245 331
244 332
244 333
244 334
244 335
257 321
258 322
259 322
260 322
261 322
262 322
263 322
264 322
265 322
266 322
265 323
264 324
263 325
262 326
261 327
260 328
259 329
259 330
259 331
259 332
259 333
259 334
259 335
285 308
284 309
283 310
282 311
281 312
281 313
281 314
281 315
281 316
281 317
281 318
281 319
281 320
281 321
281 322
281 323
281 324
281 325
281 326
281 327
281 328
281 329
281 330
281 331
281 332
281 333
281 334
281 335
281 336
281 337
281 338
280 338
279 339
278 340
277 341
276 342
275 343
274 344
273 345
272 346
271 347
270 348
269 349
268 350
267 350
266 350
265 350
264 350
263 350
262 350
261 350
260 350
259 350
258 350
257 350
256 350
255 350
254 350
253 350
281 339
281 340
281 341
281 342
281 343
281 344
281 345
281 346
281 347
281 348
281 349
281 350
281 351
281 352
280 353
279 354
278 355
277 356
276 357
275 358
274 359
273 360
272 361
271 362
270 363
269 364
268 365
267 365
266 365
265 365
264 365
263 365
262 365
261 365
260 365
259 365
258 365
257 365
268 366
269 367
270 367
271 367
272 367
273 367
274 367
275 367
276 367
277 367
278 367
279 367
280 367
281 367
286 306
286 305
286 304
285 303
284 302
283 301
282 300
281 299
280 298
279 297
278 296
277 295
276 294
275 293
274 292
274 291
274 290
274 289
275 288
276 287
277 286
278 285
279 284
280 283
281 282
282 281
283 280
284 279
285 278
286 277
286 276
286 275
286 274
286 273
286 272
286 271
286 270
287 269
288 268
289 267
290 266
291 265
292 264
293 263
294 262
300 313
300 314
300 315
300 316
300 317
300 318
300 319
300 320
300 321
300 322
300 323
300 324
300 325
300 326
300 327
300 328
300 329
300 330
300 331
300 332
300 333
300 334
300 335
300 336
300 337
300 338
300 339
300 340
300 341
300 342
332 271
331 272
331 273
331 274
331 275
331 276
331 277
331 278
331 279
331 280
331 281
331 282
330 283
329 284
328 285
327 286
326 287
325 288
324 289
323 290
322 291
321 292
320 293
319 294
319 295
319 296
319 297
320 298
320 299
320 300
320 301
320 302
320 303
320 304
320 305
320 306
320 307
320 308
320 309
320 310
320 311
320 312
332 283
333 284
334 285
334 286
334 287
334 288
334 289
334 290
334 291
334 292
334 293
334 294
334 295
334 296
334 297
334 270
334 271
335 270
336 270
337 269
338 268
339 267
340 267
341 267
342 267
343 267
344 267
345 267
346 267
347 267
348 267
349 267
350 267
351 267
352 267
353 267
354 267
339 266
339 265
339 264
339 263
339 262
339 261
339 260
339 259
338 259
337 258
336 257
335 256
334 255
333 254
332 253
331 252
340 258
341 257
342 256
343 255
344 254
345 253
346 252
346 251
346 250
346 249
346 248
346 247
346 246
346 245
347 244
348 243
349 242
350 241
351 240
352 239
353 238
354 237
335 272
336 273
337 274
338 275
339 276
340 277
341 278
342 279
343 280
344 281
345 282
346 282
347 282
348 282
349 282
350 282
351 282
352 282
353 282
354 282
355 282
356 282
357 282
358 282
359 282
360 282
361 282
362 282
363 282
364 282
365 282
366 282
367 282
368 282
369 282
370 282
371 282
372 282
373 282
374 282
375 282
376 282
376 281
376 280
376 279
376 278
376 277
376 276
376 275
377 274
378 273
379 272
380 271
381 270
382 269
383 268
384 267
384 266
384 265
384 264
384 263
384 262
384 261
384 260
384 259
383 259
382 258
381 257
380 256
379 255
378 254
377 253
376 252
385 258
386 257
387 256
388 255
389 254
390 253
391 252
391 251
391 250
391 249
391 248
391 247
391 246
391 245
392 244
393 243
394 242
395 241
396 240
397 239
398 238
399 237
400 238
401 239
402 240
403 241
404 242
405 243
406 243
407 243
408 243
361 281
361 280
361 279
361 278
361 277
361 276
361 275
362 274
363 273
364 272
365 271
366 270
367 269
368 268
369 267
369 266
369 265
369 264
369 263
369 262
369 261
369 260
368 259
367 258
366 257
365 256
364 255
363 254
362 253
361 252
347 283
348 284
349 285
349 286
349 287
349 288
349 289
349 290
349 291
349 292
349 293
349 294
349 295
349 296
349 297
350 297
351 297
352 297
353 297
354 297
355 297
356 297
357 297
358 297
359 297
360 297
361 297
362 297
363 297
364 297
365 298
365 299
365 300
365 301
365 302
365 303
365 304
365 305
365 306
365 307
365 308
365 309
365 310
365 311
366 311
367 311
368 311
369 311
370 311
371 311
372 310
373 309
374 308
375 307
376 306
377 305
378 304
379 303
379 302
379 301
379 300
380 299
381 298
382 297
383 296
384 295
385 294
386 293
387 292
388 291
389 290
390 289
391 288
391 287
391 286
391 285
391 284
391 283
391 282
391 281
392 280
393 279
394 278
395 277
396 276
397 275
398 274
399 273
399 272
399 271
399 270
399 269
399 268
399 267
399 266
399 265
400 264
401 263
402 262
403 261
404 260
405 259
406 258
400 274
401 275
402 275
403 275
404 275
405 275
406 275
407 275
408 275
409 275
410 275
411 275
412 275
413 275
414 275
413 276
412 277
411 278
410 279
409 280
408 281
407 282
406 283
406 284
406 285
406 286
406 287
406 288
407 289
408 290
409 291
409 292
409 293
409 294
409 295
409 296
366 312
365 312
365 313
365 314
365 315
365 316
365 317
365 318
365 319
365 320
365 321
365 322
365 323
365 324
365 325
364 325
363 326
362 327
361 328
360 328
359 328
358 328
357 328
356 328
355 328
354 328
353 328
352 328
351 328
350 328
349 328
348 328
347 328
346 328
345 328
344 328
343 328
342 328
341 328
340 328
339 328
338 328
337 328
336 328
335 328
349 327
348 326
347 325
346 324
345 323
344 322
343 321
342 320
341 319
340 318
339 317
338 316
337 315
336 314
335 313
349 329
350 329
350 330
350 331
350 332
350 333
350 334
350 335
350 336
350 337
350 338
350 339
350 340
350 341
350 342
350 343
348 330
347 331
346 332
345 333
344 334
343 335
342 336
341 337
340 338
339 339
338 340
337 341
336 342
335 343
334 343
334 344
333 344
332 344
331 344
330 344
329 344
328 344
327 344
326 344
325 344
324 344
323 344
322 344
321 344
320 344
319 345
318 346
317 347
316 348
315 349
314 350
313 351
312 352
311 353
310 354
309 355
308 356
307 357
306 358
305 359
304 360
303 361
303 362
303 363
303 364
303 365
303 366
303 367
303 368
303 369
303 370
304 371
305 372
306 373
306 374
306 375
306 376
306 377
306 378
306 379
306 380
306 381
306 382
305 383
304 384
304 385
304 386
304 387
304 388
304 389
304 390
304 391
304 392
304 393
304 394
304 395
304 396
304 397
333 342
332 341
331 340
330 339
329 338
328 337
327 336
326 335
325 334
324 333
323 332
322 331
321 330
320 329
365 326
365 327
365 328
365 329
365 330
365 331
365 332
365 333
365 334
365 335
365 336
365 337
365 338
365 339
366 325
367 326
368 327
369 328
370 329
371 330
372 331
373 332
374 333
375 333
376 333
377 333
378 333
379 333
380 333
381 333
382 333
383 333
384 332
385 331
386 330
387 329
388 328
389 327
390 326
391 325
392 324
393 323
394 322
395 321
396 320
397 319
398 318
399 317
400 316
401 315
402 314
403 313
404 312
404 311
403 311
402 311
401 310
400 309
399 308
398 307
397 306
396 305
395 304
394 303
405 311
396 322
397 323
398 324
399 325
400 326
401 327
402 328
403 329
404 330
405 331
406 332
407 333
408 334
409 335
408 336
407 337
406 338
405 339
404 340
403 341
402 342
402 343
402 344
402 345
402 346
402 347
402 348
402 349
402 350
401 351
400 351
399 351
398 351
397 351
396 351
395 351
394 351
393 351
392 351
391 351
390 351
389 351
388 352
387 353
386 354
385 355
384 356
383 357
382 358
381 359
380 359
379 359
378 359
377 359
376 359
375 359
374 360
373 361
372 361
371 361
370 361
369 361
368 361
367 361
366 361
365 361
364 361
363 361
362 361
361 361
360 361
376 360
377 361
378 362
379 363
380 364
381 365
381 366
381 367
381 368
381 369
381 370
381 371
381 372
381 373
382 373
383 373
384 372
385 371
386 370
387 369
388 368
389 367
390 366
380 374
379 375
378 376
377 376
376 376
375 376
374 376
373 376
372 376
371 376
370 376
369 376
368 376
367 377
366 378
365 379
364 380
363 381
362 382
361 383
360 384
359 385
358 385
357 385
356 385
355 385
354 385
353 385
353 384
352 383
351 382
350 381
349 380
348 379
347 378
346 377
345 376
345 375
345 374
345 373
345 372
345 371
345 370
345 369
345 368
345 367
345 366
345 365
345 364
345 363
345 362
344 377
343 378
342 379
341 380
340 381
339 382
338 382
337 382
336 382
335 382
334 382
333 382
333 381
333 380
333 379
333 378
333 377
333 376
333 375
333 374
333 373
333 372
333 371
332 370
331 369
330 368
334 383
335 384
335 385
335 386
335 387
335 388
335 389
335 390
335 391
335 392
335 393
335 394
335 395
335 396
335 397
335 398
335 399
353 386
353 387
353 388
353 389
353 390
353 391
353 392
353 393
353 394
353 395
353 396
353 397
353 398
353 399
353 400
403 351
404 352
405 353
405 354
405 355
405 356
405 357
405 358
405 359
405 360
405 361
405 362
405 363
405 364
405 365
406 365
406 366
407 367
408 368
409 369
409 370
409 371
409 372
409 373
409 374
407 364
408 363
409 362
410 361
411 360
412 359
413 358
414 357
415 356
416 355
417 354
410 336
411 337
412 338
413 339
414 339
415 339
416 339
417 339
418 339
419 339
420 339
421 339
422 339
423 339
424 339
425 339
426 339
427 339
428 339
429 339
430 339
431 339
432 339
433 339
434 339
435 339
436 339
437 339
438 339
439 339
440 339
441 339
442 339
443 339
444 339
445 339
446 339
447 339
448 339
449 339
450 339
451 339
452 339
453 339
454 339
455 339
456 339
457 339
458 339
459 339
460 339
461 339
462 339
463 339
464 339
465 339
466 339
467 339
468 339
469 339
470 339
471 339
472 339
473 339
474 339
475 339
476 339
477 339
478 339
479 339
480 339
481 339
482 339
483 339
484 339
485 339
486 339
487 339
488 339
489 339
490 339
491 339
492 339
493 339
494 339
495 339
496 339
497 339
498 339
499 339
500 339
501 339
502 339
503 339
504 339
505 339
506 339
507 339
508 339
509 339
510 339
511 339
512 339
513 339
514 339
515 339
516 339
517 339
518 339
519 339
520 339
521 339
522 339
523 339
524 339
525 339
526 339
527 339
528 339
529 339
530 339
531 339
532 339
533 339
534 339
535 339
536 339
537 339
538 339
539 339
540 339
541 339
542 339
543 339
544 339
545 339
546 338
547 337
548 336
549 335
550 334
551 333
552 332
552 331
552 330
552 329
552 328
552 327
552 326
552 325
552 324
552 323
552 322
552 321
552 320
552 319
552 318
552 317
551 317
550 317
549 317
548 317
547 317
546 317
545 317
544 317
543 316
542 315
541 314
540 313
539 312
539 311
538 311
538 310
538 309
538 308
538 307
538 306
538 305
538 304
538 303
538 302
538 301
538 300
538 299
538 298
538 297
537 296
536 297
535 298
534 299
533 300
532 301
531 302
530 303
529 303
528 303
527 303
526 303
525 303
524 303
523 303
522 303
522 302
522 301
522 300
522 299
522 298
522 297
522 296
522 295
522 294
522 293
522 292
522 291
521 290
520 289
519 288
518 288
517 288
516 288
515 288
514 288
513 288
512 288
511 288
510 287
509 286
508 285
507 284
506 283
505 282
504 281
519 287
519 286
519 285
519 284
519 283
519 282
519 281
519 280
519 279
519 278
520 277
521 276
522 275
522 274
522 273
522 272
522 271
522 270
522 269
522 268
522 267
522 266
522 265
522 264
521 263
520 262
519 261
518 261
517 261
516 260
515 259
514 258
513 257
512 256
511 255
510 254
510 253
511 253
510 252
510 251
510 250
510 249
510 248
510 247
510 246
510 245
510 244
510 243
510 242
510 241
509 240
508 239
507 239
506 239
505 239
504 239
503 239
502 239
501 239
500 239
499 239
498 239
497 239
496 239
495 239
494 239
493 239
508 238
508 237
508 236
508 235
509 235
508 234
508 233
508 232
508 231
508 230
508 229
508 228
508 227
507 226
506 225
505 224
504 224
503 224
502 224
501 224
500 224
499 224
498 224
497 224
496 224
495 224
494 224
493 224
492 224
491 224
490 224
489 224
488 224
487 224
486 224
485 224
484 224
483 224
482 224
481 224
480 224
479 224
478 224
477 224
476 224
475 224
474 224
473 224
472 224
471 224
470 224
469 224
468 224
467 224
466 224
465 224
464 224
463 224
462 224
461 224
460 224
474 225
473 226
472 227
471 228
470 229
469 230
468 231
467 232
466 233
465 234
464 235
463 236
463 237
463 238
463 239
462 240
461 241
460 242
459 243
458 243
457 243
456 243
455 243
454 243
453 243
452 243
451 243
450 243
449 243
448 243
447 243
446 243
445 243
444 243
443 243
442 243
441 243
440 243
439 243
438 243
437 243
436 243
435 243
434 243
433 243
447 244
446 245
445 246
444 247
443 248
443 249
443 250
443 251
443 252
443 253
443 254
443 255
443 256
443 257
443 258
442 258
441 258
440 258
439 258
438 258
437 258
436 258
435 258
434 258
433 258
432 258
431 258
430 258
442 259
441 260
440 261
439 262
438 263
437 264
436 265
435 266
434 267
433 268
433 269
433 270
433 271
433 272
433 273
434 274
435 275
436 276
437 277
438 278
439 279
440 280
441 281
442 282
443 283
443 284
443 285
443 286
443 287
443 288
442 289
441 290
440 291
439 292
438 293
437 294
436 294
435 294
434 294
433 294
432 294
431 294
430 294
429 295
429 296
429 297
429 298
429 299
429 300
429 301
429 302
429 303
429 304
429 305
429 306
429 307
429 308
429 309
431 295
432 296
433 297
434 298
435 299
436 300
437 301
438 302
439 303
440 303
441 303
442 303
443 303
444 303
445 303
446 302
447 301
448 300
449 299
450 298
451 297
452 296
453 295
454 294
455 293
456 292
457 291
458 292
459 293
460 294
461 295
462 296
462 297
462 298
462 299
462 300
462 301
462 302
462 303
462 304
462 305
462 306
444 259
445 260
446 261
447 262
448 263
448 264
448 265
448 266
448 267
448 268
448 269
448 270
448 271
448 272
448 273
448 242
448 241
448 240
448 239
448 238
448 237
448 236
448 235
448 234
447 233
446 232
445 231
444 230
443 229
442 228
441 228
440 228
439 228
438 228
437 228
436 228
435 228
434 228
433 228
432 228
431 228
430 228
429 228
428 228
427 228
426 228
425 228
424 228
423 228
422 227
421 226
420 225
419 224
418 223
418 222
417 222
417 221
417 220
417 219
417 218
417 217
417 216
417 215
417 214
417 213
417 212
416 211
415 210
414 209
413 208
412 207
411 207
410 207
409 207
408 206
407 205
406 204
405 203
404 202
403 201
402 200
401 199
400 198
399 197
398 196
397 195
397 194
397 193
397 192
397 191
397 190
397 189
397 188
397 187
397 186
397 185
397 184
397 183
397 182
397 181
397 180
396 180
395 180
394 180
393 180
392 180
391 180
390 180
389 180
388 180
387 180
386 179
385 178
384 177
383 176
382 176
381 176
381 175
380 175
379 175
378 175
377 175
376 175
375 175
374 175
373 175
372 174
371 173
370 172
369 171
368 170
367 169
382 175
380 177
379 178
378 179
377 180
376 181
375 182
374 183
373 184
372 184
371 184
370 184
369 184
368 184
367 184
366 184
365 184
364 184
363 184
362 184
361 184
360 184
359 184
358 184
357 184
356 184
355 184
354 184
353 184
352 184
351 184
350 184
349 184
348 184
347 184
346 184
345 184
344 184
343 184
342 184
341 184
340 184
339 184
338 184
337 184
336 184
335 184
334 184
333 184
332 184
331 184
330 184
329 184
328 184
327 184
326 184
325 184
324 184
323 184
322 183
322 182
322 181
322 180
322 179
322 178
322 177
322 176
322 175
322 174
322 173
322 172
322 171
322 170
322 169
322 168
323 168
324 168
325 168
326 168
327 168
328 168
329 168
330 168
331 168
332 168
333 168
334 168
335 168
336 167
337 166
338 167
339 167
340 167
341 167
342 167
343 167
344 167
345 167
346 167
347 167
348 167
349 167
350 167
351 167
352 167
382 177
382 178
382 179
382 180
382 181
382 182
382 183
382 184
382 185
382 186
382 187
382 188
382 189
398 180
399 180
400 180
401 180
402 180
403 179
404 178
405 177
406 176
407 175
408 174
409 173
412 206
412 205
412 204
412 203
412 202
412 201
412 200
412 199
412 198
412 197
412 196
412 195
412 194
412 193
412 192
419 221
420 220
421 219
422 218
423 217
424 216
425 215
426 214
427 213
442 227
442 226
442 225
442 224
442 223
442 222
442 221
442 220
442 219
442 218
442 217
442 216
442 215
442 214
442 213
442 212
442 211
442 210
442 209
442 208
442 207
442 206
441 206
440 205
439 204
438 203
437 202
436 201
435 200
434 199
433 198
442 205
442 204
443 203
444 202
445 201
446 200
447 199
448 198
448 197
448 196
448 195
448 194
448 193
448 192
448 191
448 190
447 189
446 188
445 187
444 186
443 185
442 184
441 183
440 183
439 183
438 183
437 183
436 183
435 183
434 183
433 183
441 182
441 181
441 180
441 179
441 178
441 177
441 176
441 175
441 174
441 173
441 172
441 171
441 170
441 169
441 168
440 168
439 168
438 168
437 168
436 168
435 168
434 168
433 168
432 168
441 167
441 166
441 165
441 164
441 163
441 162
441 161
441 160
441 159
442 158
443 157
444 156
445 155
446 155
447 155
446 156
447 157
448 158
449 159
450 160
451 160
452 160
453 160
454 160
455 160
456 160
457 160
458 160
459 159
460 158
461 157
462 156
463 155
464 154
465 153
466 152
467 151
468 150
469 149
470 148
471 147
472 147
473 147
474 147
475 147
476 147
477 147
478 146
479 145
480 144
481 143
482 142
483 142
484 142
485 142
486 142
487 142
488 142
489 142
490 142
491 142
492 142
493 142
494 142
495 142
496 142
497 142
498 142
499 142
500 142
501 142
502 142
503 142
504 142
505 142
506 142
507 142
508 142
509 142
510 142
511 142
512 142
513 143
514 143
515 143
516 143
517 143
518 143
519 143
520 143
521 143
522 143
523 143
522 144
521 145
520 146
519 147
518 148
517 149
516 150
516 151
516 152
516 153
516 154
516 155
516 156
516 157
515 158
514 159
513 160
512 160
511 160
510 160
509 160
508 160
507 160
506 160
505 160
504 160
503 160
502 160
501 160
500 160
499 160
498 160
497 160
496 159
495 158
494 157
506 161
507 162
508 163
509 164
510 165
511 166
512 167
513 168
514 169
515 170
516 171
517 172
518 173
518 174
518 175
517 158
518 158
519 158
520 158
521 158
522 158
523 158
524 158
525 158
526 158
527 158
528 158
529 159
530 159
531 159
532 159
533 159
534 159
535 159
536 159
537 159
538 159
539 159
540 159
541 159
542 159
542 158
542 157
542 156
542 155
542 154
542 153
542 152
543 151
544 150
545 149
546 148
547 147
548 148
549 149
550 150
551 151
552 152
553 153
554 154
555 155
556 156
557 157
557 158
557 159
543 160
544 161
545 162
546 163
547 164
548 165
548 166
548 167
548 168
548 169
548 170
548 171
548 172
459 161
460 161
461 161
462 161
463 161
464 161
465 161
466 161
467 161
468 161
469 161
470 161
471 161
472 161
473 161
474 161
475 161
476 161
477 161
478 161
479 162
480 163
481 164
482 165
483 166
484 167
485 168
486 169
487 170
488 171
488 172
488 173
488 174
488 175
489 175
490 175
491 175
492 175
493 175
494 175
495 175
496 175
497 175
498 175
499 175
500 175
501 175
502 175
503 175
468 162
469 163
470 164
470 165
470 166
470 167
470 168
470 169
470 170
470 171
470 172
470 173
470 174
470 175
448 154
449 153
450 152
451 151
452 150
453 149
454 148
455 147
456 146
457 145
445 154
445 153
445 152
445 151
445 150
445 149
445 148
445 147
445 146
445 145
444 144
443 143
442 142
441 142
440 142
439 142
438 142
437 142
436 142
435 142
434 142
433 142
432 142
431 142
430 141
429 140
429 139
429 138
429 137
429 136
429 135
429 134
429 133
430 132
431 131
432 130
433 129
434 128
435 127
436 126
436 125
435 125
434 125
433 125
432 125
431 125
430 125
429 125
428 124
427 123
426 122
426 121
426 120
426 119
426 118
426 117
426 116
426 115
426 114
426 113
426 112
426 111
426 110
426 109
426 108
426 107
437 125
428 141
427 142
426 143
425 143
424 143
423 143
422 143
421 143
420 143
419 143
418 143
417 143
416 143
415 143
414 143
413 143
412 143
411 144
410 145
409 146
408 147
407 148
406 149
405 150
404 150
403 150
402 150
401 150
400 150
399 150
398 150
397 150
396 150
395 150
394 150
393 150
392 150
391 150
390 150
389 150
388 149
387 148
386 147
385 146
384 145
383 144
382 143
381 144
380 145
379 146
378 147
377 148
376 149
375 150
374 150
441 143
440 144
439 145
438 146
437 147
436 148
435 149
434 150
433 151
432 152
431 153
430 153
449 244
450 245
451 246
452 247
453 248
454 249
455 250
456 251
457 252
458 253
459 254
460 255
461 256
462 257
463 258
489 225
488 226
487 227
486 228
485 229
484 230
483 231
482 232
481 233
480 234
479 235
478 236
478 237
478 238
478 239
510 234
511 233
512 232
513 231
514 230
515 229
516 228
517 227
518 226
519 225
520 224
512 252
513 251
514 250
515 249
516 248
517 247
518 246
519 245
520 244
521 243
522 242
523 241
524 241
525 241
526 241
527 241
528 241
529 241
530 241
531 241
532 241
533 241
534 241
535 241
536 241
537 241
538 241
539 241
540 241
541 241
542 241
543 241
544 241
545 241
546 241
547 241
548 241
549 241
550 241
551 240
552 239
553 238
553 237
553 236
553 235
553 234
553 233
553 232
553 231
553 230
553 229
553 228
553 227
553 226
553 225
553 224
553 223
552 223
551 223
550 223
549 223
548 223
547 223
546 223
545 223
544 223
543 223
542 223
541 223
540 222
540 221
539 221
539 220
539 219
539 218
539 217
539 216
539 215
539 214
539 213
539 212
539 211
539 210
539 209
539 208
539 207
538 206
537 206
536 206
535 206
534 206
533 206
532 206
531 206
530 206
529 206
528 206
527 206
526 206
525 206
524 206
523 205
522 205
521 205
520 205
519 205
518 205
517 205
516 205
515 205
514 205
513 205
512 205
511 205
510 205
509 205
508 205
507 205
506 205
505 205
504 205
503 205
502 205
501 205
500 205
499 205
498 205
497 205
496 205
495 205
494 205
493 205
492 205
491 205
490 205
489 205
488 205
487 205
486 205
485 205
484 205
483 205
482 205
481 205
480 205
479 205
478 205
477 205
476 205
475 205
474 205
473 205
472 205
471 205
470 205
469 205
468 205
467 205
466 205
465 205
464 205
463 205
478 204
478 203
478 202
478 201
478 200
478 199
477 198
476 197
475 196
474 195
473 194
472 193
471 192
470 191
469 190
493 204
493 203
493 202
493 201
493 200
493 199
492 198
491 197
490 196
489 195
488 194
487 193
486 192
485 191
484 190
508 204
508 203
508 202
508 201
508 200
508 199
507 198
506 197
505 196
504 195
503 194
502 193
501 192
500 191
499 190
523 204
523 203
523 202
524 202
523 201
523 200
523 199
522 198
521 197
520 196
519 195
518 194
517 193
516 192
515 191
514 190
525 201
526 200
527 199
528 198
529 197
530 196
531 195
532 194
533 193
534 192
535 191
541 220
542 219
543 218
544 217
545 216
546 215
547 214
548 213
549 212
550 211
551 210
552 209
553 208
553 207
553 206
553 205
553 204
553 203
554 202
555 201
556 200
557 199
558 198
558 197
557 197
556 196
555 195
554 194
553 193
552 192
551 191
550 190
559 197
560 197
561 197
562 197
563 197
564 197
565 197
566 197
567 197
568 197
569 197
570 197
571 196
572 195
573 194
573 193
573 192
573 191
573 190
573 189
574 188
575 187
576 186
577 185
578 184
579 183
580 182
581 181
581 180
581 179
581 178
581 177
582 177
581 176
581 175
581 174
581 173
581 172
581 171
581 170
581 169
580 168
579 167
578 166
583 176
584 175
585 174
586 173
587 172
588 171
589 170
590 169
591 168
592 167
593 166
594 166
595 166
596 166
597 165
598 164
599 163
600 162
601 161
602 160
603 159
604 158
605 157
606 156
607 155
607 154
606 154
605 154
604 154
603 154
602 154
601 154
600 154
599 153
598 152
597 151
596 150
595 149
594 148
593 147
593 146
593 145
593 144
593 143
593 142
592 142
591 141
590 140
589 139
588 138
587 137
586 136
585 135
584 134
583 133
582 132
593 141
593 140
593 139
593 138
593 137
593 136
594 135
595 134
596 133
597 132
597 131
597 130
597 129
597 128
597 127
597 126
596 126
595 125
594 124
593 123
592 122
591 121
590 120
589 119
588 118
587 117
586 117
585 117
584 117
583 117
582 117
581 117
580 117
579 117
578 117
577 117
576 117
575 117
574 117
573 116
572 115
571 115
570 115
569 115
568 115
567 115
566 115
565 115
564 115
563 115
562 115
561 115
560 115
559 115
558 115
557 115
556 114
555 113
554 112
553 111
552 110
551 109
550 108
549 107
548 106
547 105
546 104
545 105
544 106
543 107
542 108
542 109
542 110
542 111
542 112
542 113
542 114
542 115
542 116
542 117
541 117
540 116
539 115
538 114
537 113
536 112
535 111
534 110
533 109
532 108
531 107
530 107
529 107
528 107
527 107
526 107
525 107
524 107
523 107
522 107
521 107
520 107
519 107
518 107
517 107
516 107
542 118
541 119
540 120
539 121
538 122
537 123
536 124
535 125
534 125
533 125
532 125
531 125
530 125
529 125
528 125
527 125
526 125
525 125
524 125
523 125
522 125
521 125
520 125
519 125
518 125
517 125
516 125
515 125
514 125
513 125
512 125
511 125
510 125
509 125
508 125
507 125
506 125
505 125
504 125
503 125
502 125
501 125
500 125
499 125
498 125
497 125
496 125
495 125
494 125
493 125
492 125
491 125
490 125
489 125
488 125
487 125
486 125
485 125
484 125
483 125
482 125
481 125
480 125
479 125
478 125
477 125
476 125
475 125
474 125
473 125
472 125
471 125
470 125
469 125
468 125
467 125
466 125
465 125
464 125
463 125
462 125
461 125
460 125
459 125
458 125
457 125
456 125
455 125
454 125
453 125
452 125
452 124
452 123
452 122
452 121
451 120
450 119
449 118
448 117
447 116
446 115
445 114
444 113
443 112
442 111
442 110
441 110
443 110
444 110
445 110
446 110
447 110
448 110
449 110
450 110
451 110
452 110
453 110
454 109
455 108
456 107
482 124
482 123
482 122
482 121
481 120
480 119
479 118
478 117
477 116
476 115
475 114
474 113
473 112
472 111
472 110
471 110
473 110
474 110
475 110
476 110
477 110
478 110
479 110
480 110
481 110
482 110
483 110
484 109
485 108
486 107
512 124
512 123
512 122
512 121
511 120
510 119
509 118
508 117
507 116
506 115
505 114
504 113
503 112
502 111
501 110
543 119
544 120
545 121
546 122
547 123
548 124
548 125
548 126
548 127
548 128
548 129
548 130
548 131
548 132
572 114
572 113
572 112
572 111
572 110
572 109
572 108
572 107
572 106
572 105
572 104
572 103
587 116
587 115
587 114
587 113
587 112
587 111
587 110
587 109
587 108
587 107
587 106
587 105
587 104
587 103
597 125
597 124
597 123
597 122
598 121
599 120
600 119
601 118
602 117
602 116
602 115
602 114
602 113
602 112
602 111
602 110
602 109
602 108
602 107
602 106
602 105
602 104
602 103
592 148
591 149
590 150
589 150
588 150
587 150
586 150
585 150
584 150
583 150
582 150
581 150
580 150
579 150
578 150
608 154
609 155
610 156
611 157
612 158
613 159
614 159
615 159
616 159
617 159
618 159
619 159
620 159
621 159
622 159
623 159
624 159
625 159
626 159
627 159
628 159
629 159
630 159
631 159
632 159
633 159
634 159
635 159
636 159
637 159
638 159
639 159
640 159
641 159
642 159
643 159
644 159
629 158
629 157
629 156
629 155
630 154
631 153
632 152
633 151
634 150
635 149
636 148
637 147
638 146
639 145
640 144
640 143
640 142
640 141
640 140
640 139
640 138
640 137
640 136
640 135
640 134
639 133
638 132
637 131
636 132
635 133
634 134
633 135
632 136
631 137
630 138
629 139
628 140
627 141
626 142
625 142
625 141
625 140
625 139
625 138
625 137
625 136
625 135
624 134
623 133
622 132
625 143
625 144
617 160
618 161
619 162
620 163
621 164
622 165
623 166
624 167
625 168
626 169
627 170
628 171
628 172
628 173
628 174
574 195
575 196
576 197
576 198
576 199
576 200
576 201
576 202
576 203
576 204
576 205
576 206
577 206
576 207
576 208
576 209
576 210
576 211
576 212
576 213
576 214
576 215
576 216
576 217
576 218
576 219
576 220
576 221
576 222
578 205
579 204
580 203
581 202
582 201
583 200
584 199
585 198
586 197
587 196
588 195
588 194
588 193
588 192
588 191
588 190
589 189
590 188
591 187
592 186
593 185
594 184
595 183
596 182
597 183
598 184
599 185
600 186
601 187
602 188
603 189
603 190
603 191
603 192
604 193
605 194
606 195
606 196
606 197
606 198
606 199
606 200
606 201
606 202
606 203
606 204
606 205
607 205
608 205
609 205
610 205
611 205
612 205
613 205
614 205
615 205
616 205
617 205
618 205
619 205
620 205
621 205
621 204
621 203
621 202
621 201
621 200
621 199
621 198
622 197
623 196
624 195
625 194
626 193
627 192
628 191
629 190
589 196
590 197
591 198
591 199
591 200
591 201
591 202
591 203
591 204
591 205
591 206
591 207
592 208
593 209
594 210
595 211
596 212
597 213
598 214
599 215
600 216
601 217
602 218
603 219
603 220
602 221
601 222
600 222
599 222
598 222
597 222
596 222
595 222
594 222
593 222
592 222
591 222
590 223
589 224
588 225
587 226
586 227
585 228
584 229
583 230
582 231
581 232
580 233
579 234
578 235
577 236
576 237
576 238
577 238
576 239
576 240
576 241
576 242
576 243
576 244
576 245
576 246
576 247
576 248
576 249
576 250
576 251
576 252
576 253
577 253
576 254
576 255
576 256
576 257
576 258
576 259
576 260
576 261
576 262
576 263
576 264
576 265
576 266
576 267
575 268
575 269
575 270
575 271
575 272
575 273
575 274
575 275
575 276
575 277
575 278
575 279
575 280
575 281
575 282
575 283
576 283
575 284
575 285
575 286
575 287
575 288
575 289
575 290
575 291
575 292
575 293
575 294
575 295
575 296
575 297
575 298
576 298
575 299
575 300
575 301
575 302
575 303
575 304
575 305
575 306
575 307
575 308
575 309
575 310
575 311
575 312
575 313
576 313
575 314
575 315
575 316
575 317
575 318
575 319
575 320
575 321
575 322
575 323
575 324
575 325
575 326
575 327
577 314
578 315
579 316
580 317
581 318
582 319
583 320
584 321
585 322
586 323
587 324
588 325
589 326
590 327
591 328
592 328
593 328
594 328
595 328
596 328
597 328
598 328
599 328
600 328
601 328
602 328
603 328
604 328
603 329
602 330
601 331
600 332
600 333
600 334
600 335
600 336
600 337
600 338
600 339
600 340
600 341
600 342
599 343
598 344
597 345
597 346
597 347
597 348
597 349
597 350
597 351
597 352
597 353
596 353
595 352
594 351
593 350
592 349
591 348
590 347
589 346
588 345
587 344
586 343
585 342
584 343
583 344
582 345
581 346
580 347
579 348
578 348
577 348
576 348
575 348
574 348
573 348
572 348
571 348
570 348
597 354
597 355
597 356
597 357
596 357
595 358
594 359
593 360
592 361
591 362
590 363
589 363
588 363
587 363
586 363
585 363
584 363
583 363
582 363
597 358
597 359
597 360
597 361
597 362
597 363
597 364
597 365
597 366
597 367
597 368
597 369
596 370
595 371
594 372
593 373
593 374
593 375
593 376
593 377
593 378
593 379
593 380
593 381
593 382
593 383
593 384
592 384
591 384
590 384
589 384
588 384
587 384
586 384
585 384
584 384
583 383
582 382
581 381
580 380
579 379
578 378
592 385
593 385
594 385
593 386
593 387
593 388
593 389
593 390
593 391
593 392
593 393
593 394
593 395
593 396
593 397
593 398
593 399
592 400
591 401
590 402
589 403
588 404
587 405
586 406
585 407
584 408
583 409
583 410
583 411
583 412
583 413
583 414
594 400
595 401
596 402
597 403
598 404
598 405
598 406
598 407
598 408
598 409
598 410
598 411
598 412
598 413
598 414
597 415
596 416
595 417
594 418
593 419
592 420
591 421
590 422
589 423
589 424
589 425
589 426
589 427
589 428
589 429
599 415
600 416
601 417
602 418
603 419
604 420
604 421
604 422
604 423
604 424
604 425
604 426
604 427
604 428
604 429
603 430
602 431
601 432
600 433
599 434
598 435
597 436
596 437
595 438
594 439
593 440
592 441
591 442
591 443
591 444
590 444
589 444
588 444
587 444
586 444
585 444
584 444
583 444
582 444
581 444
580 444
579 444
578 444
578 443
578 442
578 441
578 440
578 439
578 438
578 437
578 436
578 435
578 434
577 433
576 432
575 431
574 430
573 431
572 432
571 433
570 434
569 435
568 436
567 437
566 437
565 437
564 437
563 437
562 437
561 437
560 437
559 437
558 437
557 437
556 437
555 437
554 437
553 437
552 437
551 437
550 437
549 437
548 437
547 437
546 437
545 437
544 437
543 437
542 437
541 437
540 437
539 437
538 437
537 437
536 437
535 437
534 437
533 437
532 437
531 437
530 437
529 437
528 437
527 437
526 437
525 437
524 437
523 437
522 437
521 437
520 437
519 437
518 437
517 437
516 437
515 437
514 437
513 437
512 437
511 437
510 437
509 437
508 437
507 437
506 437
505 437
504 437
503 437
502 437
501 437
500 437
499 437
498 437
497 437
496 437
495 437
494 437
493 437
492 437
491 437
490 437
489 437
488 437
487 437
486 437
485 437
484 437
483 437
482 437
481 437
480 437
479 437
478 437
477 437
476 437
475 437
474 437
473 437
472 437
471 437
470 437
469 437
468 437
467 437
466 437
465 437
464 437
463 437
462 437
461 437
460 437
459 437
458 437
457 437
456 437
455 437
454 437
453 437
452 437
451 437
450 437
449 437
448 437
447 437
446 437
445 437
444 437
443 437
442 437
441 437
440 437
439 437
438 437
437 437
436 437
435 437
434 437
433 437
432 437
431 437
430 437
429 437
428 437
427 437
426 437
425 437
424 437
423 437
422 437
421 437
420 437
419 437
418 437
417 437
416 437
415 437
414 437
413 437
412 437
411 437
410 437
409 437
408 438
407 439
406 440
405 441
404 442
403 443
402 444
401 444
400 444
399 444
398 444
397 444
396 444
395 444
395 443
395 442
395 441
395 440
395 439
395 438
395 437
395 436
395 435
395 434
395 433
395 432
395 431
394 430
393 429
392 429
391 429
390 429
389 429
388 429
387 429
386 429
385 429
384 429
383 429
382 428
381 427
380 426
379 425
378 424
378 423
378 422
378 421
378 420
378 419
378 418
378 417
378 416
378 415
378 414
378 413
378 412
378 411
378 410
378 409
378 408
378 407
378 406
378 405
378 404
378 403
378 402
378 401
378 400
378 399
378 398
378 397
377 396
376 395
375 394
377 425
376 426
375 427
374 428
373 429
372 429
372 428
371 427
370 426
369 425
368 424
367 423
366 422
365 421
364 420
363 419
362 419
361 419
360 419
359 419
358 419
357 419
356 419
355 419
354 419
353 419
352 419
351 419
350 419
349 419
348 418
347 418
346 418
345 418
344 418
343 418
342 418
341 418
340 418
339 418
338 418
337 418
336 418
335 418
334 418
333 418
332 419
331 420
330 421
329 422
328 423
327 424
327 425
327 426
327 427
327 428
326 428
325 427
324 426
323 425
322 424
321 423
320 422
319 421
318 420
317 420
316 420
315 420
314 420
313 420
312 420
311 420
310 420
309 420
308 420
307 420
306 420
305 420
304 420
303 420
302 421
301 422
300 422
299 422
298 422
297 422
296 422
295 422
294 422
293 422
292 422
291 422
290 422
289 422
288 422
287 422
286 422
285 422
284 422
283 423
282 424
281 425
280 426
279 427
278 428
278 429
278 430
277 430
276 429
275 428
274 427
273 426
272 425
271 424
270 423
269 422
268 422
267 422
266 422
265 422
264 422
263 422
262 422
261 422
260 422
259 422
258 422
257 422
256 422
255 422
254 422
253 422
252 422
251 422
250 422
249 422
248 422
247 422
246 422
245 422
244 422
243 422
242 422
241 422
240 422
239 422
238 423
237 424
236 425
235 426
234 427
233 428
233 429
232 429
231 428
230 427
229 426
228 425
227 424
226 423
225 422
224 421
223 421
222 421
221 421
220 421
219 421
218 421
217 421
216 421
215 421
214 421
213 421
212 421
211 421
210 421
209 421
208 422
207 423
206 424
205 425
204 426
203 427
203 428
203 429
202 429
201 428
200 427
199 426
198 425
197 424
196 423
195 422
194 421
193 422
192 423
191 424
190 425
189 426
188 427
188 428
188 429
187 429
186 428
185 427
184 426
183 425
182 424
181 423
180 422
179 421
178 422
177 423
176 424
175 425
174 426
173 427
173 428
173 429
173 430
173 431
173 432
173 433
173 434
173 435
172 435
171 435
170 435
169 435
168 435
167 435
166 435
165 435
164 435
163 435
162 435
161 435
160 435
159 435
158 435
157 435
156 435
155 435
154 435
153 435
152 435
151 435
150 435
149 435
148 435
147 435
146 435
145 434
144 434
143 434
142 434
141 434
140 434
139 434
138 434
137 433
136 432
135 431
134 430
133 429
132 428
131 429
130 430
129 431
128 432
127 433
126 434
125 435
124 436
123 437
122 438
121 439
120 439
119 439
118 439
117 438
116 437
115 436
114 435
113 434
112 433
111 432
110 431
109 430
108 429
107 428
107 427
106 427
108 427
109 427
110 427
111 426
112 425
113 424
114 423
115 422
115 421
115 420
116 419
117 418
118 417
119 416
120 415
121 414
122 413
123 412
124 411
145 433
145 432
146 431
147 430
148 429
149 428
150 427
151 426
152 425
153 424
154 423
155 422
156 421
157 420
188 430
188 431
188 432
188 433
188 434
188 435
203 430
203 431
203 432
203 433
203 434
203 435
233 430
233 431
233 432
233 433
233 434
233 435
232 436
231 436
230 436
229 436
228 436
227 436
226 436
225 436
224 436
223 436
222 436
221 436
220 436
219 436
218 436
253 423
252 424
251 425
250 426
249 427
248 428
248 429
248 430
248 431
248 432
248 433
248 434
248 435
248 436
248 437
278 431
278 432
278 433
278 434
278 435
278 436
277 437
276 437
275 437
274 437
273 437
272 437
271 437
270 437
269 437
268 437
267 437
266 437
265 437
264 437
263 437
317 421
316 422
315 423
314 424
313 425
312 426
311 427
310 428
309 429
308 430
307 431
306 432
305 433
304 434
303 435
304 436
305 437
306 438
307 439
308 440
309 441
310 442
311 443
312 444
313 445
313 446
313 447
313 448
313 449
312 450
311 451
310 451
309 451
308 451
307 451
306 451
305 451
304 451
303 451
302 451
301 451
300 451
299 451
300 452
301 453
302 454
303 455
304 456
305 457
306 458
307 459
308 460
309 461
310 462
311 463
312 464
313 464
312 465
311 466
310 467
309 468
308 469
308 470
308 471
308 472
308 473
308 474
308 475
308 476
308 477
307 477
306 477
305 477
304 477
303 477
302 477
301 477
300 477
299 477
298 477
297 477
296 477
295 477
294 477
293 476
307 478
308 478
308 479
308 480
308 481
308 482
308 483
308 484
308 485
308 486
308 487
308 488
308 489
308 490
308 491
308 492
306 479
305 480
304 481
303 482
302 483
301 484
300 485
299 486
298 487
297 488
296 489
295 490
294 491
293 491
327 429
327 430
347 419
346 420
345 421
344 422
343 423
342 424
342 425
342 426
342 427
342 428
342 429
342 430
342 431
342 432
342 433
372 430
372 431
372 432
371 433
370 434
369 434
368 434
367 434
366 434
365 434
364 434
363 434
362 434
361 434
360 434
359 434
358 434
357 434
356 435
356 436
356 437
356 438
356 439
356 440
356 441
356 442
356 443
356 444
356 445
356 446
356 447
356 448
356 449
356 450
355 450
354 451
353 452
352 453
351 454
350 455
349 456
348 457
347 457
346 457
345 457
344 457
343 457
342 457
356 451
356 452
356 453
356 454
356 455
356 456
356 457
356 458
356 459
356 460
356 461
356 462
356 463
355 463
354 464
353 465
352 466
351 467
350 468
349 469
348 470
347 471
346 472
345 472
344 472
343 472
342 472
341 472
356 464
356 465
356 466
356 467
356 468
356 469
356 470
356 471
356 472
356 473
356 474
356 475
356 476
356 477
357 450
358 451
359 452
360 453
361 454
362 455
363 456
364 457
365 458
366 458
367 458
368 458
369 458
370 458
371 459
371 460
371 461
371 462
371 463
371 464
371 465
371 466
371 467
371 468
371 469
371 470
371 471
371 472
372 472
371 473
371 474
371 475
371 476
371 477
371 478
371 479
371 480
371 481
371 482
371 483
371 484
371 485
371 486
371 487
370 487
369 488
368 489
367 490
366 491
365 492
364 492
363 492
362 492
361 492
360 492
359 492
358 492
357 492
356 492
371 488
371 489
371 490
371 491
371 492
371 493
371 494
371 495
371 496
371 497
371 498
371 499
371 500
371 501
370 502
369 503
368 504
367 505
366 506
365 507
364 507
363 507
362 507
361 507
360 507
359 507
358 507
357 507
356 507
355 507
354 507
353 507
352 507
351 507
350 507
349 507
348 507
347 507
346 507
345 506
344 505
343 504
342 503
341 502
341 501
341 500
341 499
341 498
341 497
341 496
341 495
341 494
341 493
341 492
341 491
341 490
341 489
341 488
341 487
340 487
339 487
338 487
337 487
336 487
335 487
334 487
333 487
332 487
331 487
330 487
329 486
328 485
327 484
326 483
340 503
339 504
338 505
337 506
336 507
335 507
334 507
333 507
332 507
331 507
355 508
354 509
353 510
353 511
353 512
353 513
353 514
353 515
353 516
353 517
353 518
353 519
353 520
353 521
353 522
373 473
374 474
375 475
376 476
377 477
378 478
379 479
380 480
381 481
382 481
383 481
384 481
385 481
386 481
387 481
388 481
389 481
390 481
391 481
392 481
393 481
394 481
395 481
396 481
397 481
398 481
399 480
400 479
401 478
402 478
403 478
404 478
405 478
406 478
407 478
408 478
409 478
410 478
411 478
412 478
413 478
414 478
415 478
416 477
402 479
402 480
402 481
402 482
402 483
402 484
402 485
402 486
402 487
402 488
402 489
402 490
402 491
402 492
402 493
403 493
404 493
405 493
406 493
407 493
408 493
409 493
410 493
411 493
412 493
413 493
414 493
415 493
416 492
393 428
393 427
393 426
393 425
393 424
393 423
393 422
394 421
395 420
395 419
395 418
395 417
395 416
395 415
395 414
395 413
395 412
395 411
396 410
397 409
398 408
399 407
400 406
401 405
402 404
403 403
404 402
396 445
397 446
398 447
399 448
400 449
401 450
402 451
403 452
404 452
405 452
406 452
407 452
408 452
409 452
408 453
407 454
406 455
405 456
404 457
403 458
402 459
401 459
400 459
399 459
398 459
397 459
396 459
395 459
424 436
423 435
422 434
421 433
420 432
419 431
418 430
417 429
416 428
415 427
414 426
413 425
412 424
411 423
410 422
439 436
438 435
437 434
436 433
435 432
434 431
433 430
432 429
431 428
430 427
429 426
428 425
427 424
426 423
425 422
454 436
453 435
452 434
451 433
450 432
449 431
448 430
447 429
446 428
445 427
444 426
443 425
442 424
441 423
441 422
440 422
442 422
443 422
444 422
445 422
446 422
447 422
448 422
449 422
450 422
451 422
452 422
453 422
454 421
455 420
484 436
483 435
482 434
481 433
480 432
479 431
478 430
477 429
476 428
475 427
474 426
473 425
472 424
471 423
471 422
470 422
472 422
473 422
474 422
475 422
476 422
477 422
478 422
479 422
480 422
481 422
482 422
483 422
484 421
485 420
514 436
513 435
512 434
511 433
510 432
509 431
508 430
507 429
506 428
505 427
504 426
503 425
502 424
501 423
501 422
500 422
502 422
503 422
504 422
505 422
506 422
507 422
508 422
509 422
510 422
511 422
512 422
513 422
514 422
515 421
559 436
559 435
559 434
559 433
559 432
559 431
559 430
559 429
559 428
559 427
559 426
559 425
559 424
559 423
558 423
557 423
556 423
555 423
554 423
553 423
552 423
551 423
550 423
549 423
548 423
547 423
546 423
545 422
544 422
543 422
542 422
541 422
540 422
539 422
538 422
537 422
536 422
535 422
534 422
533 422
532 422
531 422
530 422
545 421
545 420
545 419
545 418
545 417
545 416
545 415
545 414
545 413
545 412
546 411
547 410
548 409
549 408
550 407
592 444
593 444
594 444
595 444
596 444
597 444
598 444
599 444
600 444
601 444
602 444
603 444
604 444
595 386
596 387
597 388
598 389
599 390
600 391
601 392
602 392
603 392
604 392
605 392
606 392
607 392
608 392
609 392
610 391
611 390
612 389
613 388
614 387
615 386
616 385
617 385
618 385
619 385
620 385
621 385
622 385
623 385
624 385
625 385
626 385
627 385
628 385
629 385
630 385
631 385
632 385
633 385
634 385
635 385
636 385
637 385
638 385
639 385
640 385
641 385
642 385
643 385
644 385
645 385
646 385
632 386
633 387
634 388
635 389
636 390
637 391
638 392
639 393
640 394
641 395
642 396
643 397
643 398
643 399
643 400
642 401
642 402
642 403
642 404
642 405
642 406
642 407
642 408
642 409
642 410
642 411
642 412
642 413
641 413
640 412
639 411
638 410
637 409
636 408
635 407
634 406
633 405
632 404
631 403
630 402
629 401
628 400
627 401
627 402
627 403
627 404
627 405
627 406
627 407
627 408
627 409
627 410
627 411
627 412
627 413
627 414
591 386
590 387
589 388
588 389
587 390
586 391
585 392
584 393
583 394
582 395
581 395
580 395
579 395
578 395
605 329
606 330
607 331
608 332
609 333
610 334
611 335
612 336
613 337
614 338
615 339
615 340
615 341
616 342
617 343
618 344
619 345
620 346
621 347
622 348
623 349
624 350
625 351
626 352
627 353
628 353
628 352
628 351
628 350
628 349
628 348
628 347
628 346
628 345
628 344
629 343
630 342
628 354
628 355
627 356
627 357
627 358
627 359
627 360
627 361
627 362
627 363
627 364
627 365
627 366
627 367
627 368
627 369
627 370
577 299
578 300
579 301
580 302
581 303
582 304
583 305
584 306
585 307
586 308
587 309
588 310
589 311
590 312
591 313
592 313
593 313
594 313
595 313
596 313
597 313
598 313
599 313
600 313
601 313
602 313
603 313
604 313
605 313
606 313
607 313
608 313
609 313
610 313
611 313
612 313
613 313
614 312
615 311
616 310
617 309
618 308
619 307
620 306
620 305
620 304
620 303
621 302
622 301
623 300
624 299
625 298
625 297
625 296
625 295
625 294
625 293
625 292
625 291
625 290
625 289
625 288
625 287
625 286
625 285
625 284
625 283
621 307
622 308
623 309
624 310
625 311
625 312
625 313
625 314
625 315
625 316
625 317
625 318
625 319
625 320
605 312
605 311
605 310
605 309
605 308
605 307
605 306
605 305
605 304
605 303
605 302
605 301
605 300
605 299
577 284
578 285
579 286
580 287
581 288
582 289
583 290
584 291
585 292
586 293
587 294
588 295
589 296
590 297
577 268
578 269
579 270
580 271
581 272
582 273
583 274
584 275
585 276
586 277
587 278
588 279
589 280
590 281
590 282
591 283
592 283
593 283
594 283
595 283
596 283
597 283
598 283
599 283
600 283
601 283
602 283
603 283
604 283
605 283
578 254
579 255
580 256
581 257
582 258
583 259
584 260
585 261
586 262
587 263
588 264
589 265
590 266
591 267
592 268
593 268
594 268
595 268
596 268
597 268
598 268
599 268
600 268
601 268
602 268
603 268
604 268
605 268
606 268
607 268
608 268
609 268
610 268
611 268
612 268
613 268
614 268
615 268
616 268
617 268
618 268
619 268
620 268
621 268
621 267
621 266
621 265
621 264
621 263
621 262
621 261
621 260
621 259
621 258
621 257
621 256
622 255
623 254
578 239
579 240
580 241
581 242
582 243
583 244
584 245
585 246
586 247
587 248
588 249
589 250
590 251
591 252
592 252
593 252
594 252
595 252
596 252
597 252
598 252
599 252
600 252
601 252
602 251
603 250
603 249
604 249
602 248
601 247
600 246
599 245
598 244
597 243
596 242
595 241
594 240
593 239
592 238
591 237
604 221
605 222
606 223
606 224
606 225
606 226
606 227
606 228
606 229
606 230
606 231
606 232
606 233
606 234
607 235
608 236
609 237
610 238
611 239
612 239
613 239
614 239
615 239
616 239
617 239
618 239
619 239
620 239
621 239
622 239
623 239
624 239
625 239
626 239
627 239
628 239
629 239
630 239
631 239
632 239
633 238
633 237
633 236
633 235
633 234
633 233
633 232
632 231
631 230
630 229
629 228
628 227
627 226
626 225
625 224
539 242
540 243
541 244
542 245
543 246
544 247
545 248
546 249
547 250
548 251
549 252
550 253
551 253
552 253
553 253
524 242
525 243
526 244
527 245
528 246
529 247
530 248
531 249
532 250
533 251
534 252
535 253
536 254
537 255
538 256
509 255
508 256
507 257
506 258
505 259
504 260
504 261
504 262
504 263
504 264
504 265
504 266
503 267
502 268
501 269
500 270
499 271
498 272
497 273
496 274
495 275
494 276
493 276
492 276
491 276
490 276
489 276
488 276
487 276
486 276
485 276
484 276
483 276
482 276
481 276
480 276
479 276
478 276
477 276
476 276
475 276
474 276
473 276
472 276
471 276
470 276
469 276
468 276
467 276
466 276
465 275
464 274
463 273
489 275
489 274
489 273
489 272
489 271
489 270
489 269
489 268
489 267
489 266
489 265
489 264
488 264
487 263
486 262
485 261
484 260
483 259
482 258
481 257
480 256
479 255
478 254
521 304
520 305
519 305
518 305
517 305
516 305
515 305
514 305
513 305
512 305
511 305
510 305
509 305
508 305
507 305
506 306
505 306
504 306
503 306
502 306
501 306
500 306
499 306
498 306
497 306
496 306
495 306
494 306
493 306
492 306
492 305
492 304
492 303
492 302
492 301
491 300
490 299
489 298
488 297
487 296
486 295
485 295
484 295
483 295
482 295
481 295
480 295
479 295
478 295
477 295
476 295
475 294
474 293
473 292
472 291
485 296
484 297
483 298
482 299
481 300
480 301
479 302
478 303
477 304
477 305
477 306
508 306
509 307
510 308
511 309
512 310
513 311
514 312
515 313
516 314
517 315
518 316
519 317
520 318
520 319
520 320
519 321
518 321
517 321
516 321
515 321
514 321
513 321
512 321
511 321
510 321
509 321
508 321
507 321
506 321
505 321
504 321
503 321
502 321
501 321
500 321
499 321
498 321
497 321
496 321
495 321
494 321
493 321
492 321
491 321
490 321
489 321
488 321
487 321
486 321
485 321
484 321
483 321
482 321
481 321
480 321
479 321
478 321
477 321
476 321
475 321
474 321
473 321
472 321
471 321
470 321
469 321
468 321
467 321
466 321
465 321
464 321
463 321
462 321
461 321
460 321
537 312
537 313
537 314
537 315
537 316
537 317
537 318
537 319
537 320
537 321
537 322
537 323
537 324
540 311
541 311
542 311
543 311
544 310
545 309
546 308
547 307
548 306
549 305
550 304
551 303
552 302
552 301
552 300
552 299
552 298
552 297
552 296
552 295
552 294
552 293
552 292
552 291
552 290
552 289
552 288
552 287
551 287
550 287
549 287
548 286
547 285
546 284
545 283
544 282
543 281
542 280
541 279
540 278
539 277
538 276
537 275
552 286
552 285
552 284
552 283
552 282
552 281
552 280
552 279
552 278
552 277
552 276
552 275
552 274
552 273
552 272
538 340
539 341
540 342
541 343
542 344
543 345
544 346
545 347
546 347
547 347
548 347
549 347
550 347
551 347
552 347
551 348
550 349
550 350
550 351
550 352
550 353
550 354
550 355
550 356
550 357
550 358
550 359
550 360
549 360
548 360
547 360
546 360
545 360
544 360
543 360
542 359
541 358
540 357
539 356
538 355
537 354
549 361
549 362
549 363
549 364
549 365
549 366
549 367
549 368
549 369
549 370
549 371
549 372
549 373
550 374
551 375
552 376
553 377
554 378
555 379
556 380
557 381
557 382
557 383
557 384
557 385
557 386
556 387
555 388
554 389
553 389
552 389
551 389
550 389
549 389
548 389
547 389
546 389
545 389
544 389
543 389
542 389
541 389
540 389
539 389
538 389
537 389
536 389
535 389
534 389
533 389
532 389
531 388
530 387
529 386
528 387
527 388
526 389
525 389
524 389
523 389
522 389
521 389
520 389
519 389
518 389
517 389
516 389
515 389
514 389
513 389
512 389
511 389
510 389
509 389
508 389
507 389
506 389
505 389
504 389
503 389
502 389
501 389
500 389
499 389
498 389
497 389
496 389
495 389
494 388
493 387
492 386
491 385
490 384
489 384
488 384
487 384
486 384
485 384
484 384
483 384
482 384
481 384
480 384
479 384
478 384
477 384
476 384
475 384
474 384
473 384
472 384
471 384
470 384
469 384
468 384
467 384
466 384
465 384
464 384
463 384
462 384
461 384
460 384
459 384
458 384
457 384
456 384
455 384
455 385
454 386
453 387
452 387
451 387
450 387
449 387
448 387
447 387
446 387
445 387
444 387
443 387
444 388
445 389
446 390
447 391
448 392
449 393
450 394
451 395
452 396
453 397
454 398
455 399
454 400
453 401
452 402
451 403
450 403
449 403
448 403
447 403
446 403
445 403
444 403
443 403
442 403
441 403
440 403
439 403
438 403
437 403
436 403
435 403
434 403
433 403
432 403
431 403
430 402
430 401
430 400
430 399
430 398
430 397
430 396
430 395
430 394
430 393
430 392
430 391
430 390
429 389
428 388
454 383
453 382
452 381
451 380
450 379
449 378
448 377
447 376
446 375
445 374
444 373
443 372
442 372
441 372
440 372
439 372
438 372
437 372
436 372
435 371
434 370
433 369
513 390
512 391
511 392
510 393
509 394
508 395
507 396
506 397
505 398
504 399
503 400
502 401
501 402
500 403
499 404
498 404
497 404
496 404
495 404
494 404
493 404
492 404
491 404
490 404
489 404
488 404
487 404
486 404
485 404
484 403
483 403
482 403
481 403
480 403
479 403
478 403
477 403
476 403
475 402
474 401
473 400
472 399
515 390
516 391
517 392
518 393
519 394
520 395
521 396
522 397
523 398
524 399
524 400
524 401
523 402
522 403
521 404
520 404
519 404
518 404
517 404
516 404
515 404
514 404
508 340
509 341
510 342
511 343
512 344
513 345
514 346
514 347
514 348
514 349
514 350
514 351
514 352
514 353
514 354
515 355
516 356
516 357
516 358
516 359
516 360
516 361
516 362
516 363
516 364
516 365
516 366
516 367
516 368
516 369
493 340
494 341
495 342
496 343
497 344
498 345
499 346
499 347
499 348
499 349
499 350
499 351
499 352
499 353
499 354
498 355
497 356
496 357
495 358
494 359
493 360
492 361
492 362
492 363
492 364
492 365
492 366
492 367
492 368
492 369
491 369
490 369
489 369
488 369
487 369
486 369
485 369
484 369
483 369
482 369
481 369
480 369
479 369
478 369
477 369
476 369
475 369
474 369
473 369
472 369
471 369
470 369
469 369
493 369
494 369
495 369
496 369
497 369
498 369
499 369
500 369
501 369
478 340
479 341
480 342
481 343
482 344
483 345
484 346
484 347
484 348
484 349
484 350
484 351
484 352
484 353
484 354
463 340
464 341
465 342
466 343
467 344
468 345
469 346
469 347
469 348
469 349
469 350
469 351
469 352
469 353
469 354
448 340
448 341
448 342
448 343
448 344
448 345
448 346
448 347
448 348
448 349
448 350
448 351
448 352
448 353
448 354
433 340
433 341
433 342
433 343
433 344
433 345
433 346
433 347
433 348
433 349
433 350
433 351
433 352
433 353
433 354
432 338
432 337
432 336
432 335
432 334
432 333
433 332
434 331
435 330
436 329
437 328
438 327
439 326
440 325
441 324
417 338
417 337
417 336
417 335
417 334
417 333
418 332
419 331
420 330
421 329
422 328
423 327
424 326
425 325
426 324
367 313
368 314
369 315
370 316
371 317
372 318
373 318
374 318
375 318
376 318
377 318
378 318
379 318
380 318
350 298
350 299
350 300
350 301
350 302
350 303
350 304
350 305
350 306
350 307
350 308
350 309
350 310
350 311
350 312
831
324 267
309 262
301 247
316 247
324 233
339 237
316 282
301 277
304 297
289 292
301 312
286 307
271 307
256 305
256 320
241 320
226 320
211 320
196 320
196 305
181 305
181 320
184 290
169 290
166 275
174 260
162 245
162 235
149 228
162 221
162 206
147 202
149 186
134 174
134 161
134 146
130 184
115 183
106 173
105 159
100 184
85 183
70 183
55 183
45 183
30 183
24 174
39 158
15 187
20 202
20 215
35 215
49 207
62 204
75 198
72 214
87 166
119 167
119 155
104 144
100 130
107 116
112 103
114 125
127 121
127 106
87 143
71 137
56 139
67 152
55 153
119 140
164 192
164 177
151 162
165 162
156 147
171 142
183 151
196 147
209 147
221 147
234 147
237 162
252 162
267 162
282 162
274 142
267 124
252 122
237 124
282 122
267 107
252 107
237 107
222 107
207 107
192 107
177 107
162 107
147 107
222 122
207 124
192 122
177 124
162 122
147 123
282 107
282 147
250 142
258 147
222 162
192 162
207 162
178 180
159 260
154 296
151 281
136 276
144 261
137 251
129 258
136 291
121 288
106 285
91 282
91 267
91 252
79 238
91 234
106 234
121 233
134 233
121 218
132 203
134 220
90 219
106 219
102 202
79 253
60 234
74 268
60 285
60 255
100 255
114 255
91 292
106 270
121 273
166 307
163 322
153 326
163 337
148 344
133 342
118 342
103 342
164 352
149 359
134 359
132 375
117 385
103 377
101 361
86 361
71 359
56 358
42 352
29 359
62 341
50 330
38 334
21 325
21 340
72 328
60 308
73 344
86 346
116 361
102 390
86 401
68 392
55 393
40 384
68 407
88 377
132 390
178 365
193 365
204 365
198 350
208 350
183 350
184 335
165 367
152 382
166 382
181 382
196 382
211 382
226 383
240 383
255 383
270 385
281 383
270 400
283 400
254 398
240 399
180 397
192 397
152 397
164 399
151 311
136 310
121 310
106 310
91 310
91 325
107 325
121 325
135 325
181 275
189 260
181 245
177 230
192 230
196 275
204 260
196 245
199 290
214 290
229 290
244 290
259 290
271 275
279 260
271 245
286 245
282 223
267 215
258 215
244 200
237 185
245 185
259 200
267 196
268 181
282 193
284 178
282 208
294 232
304 222
304 207
304 192
304 177
304 162
300 147
311 147
326 142
341 147
356 148
304 132
301 117
316 112
301 94
297 79
312 79
301 64
286 64
298 49
286 49
313 49
316 64
328 59
341 56
356 47
371 42
371 57
356 32
353 20
356 62
371 72
341 41
331 33
341 71
340 83
356 77
369 87
355 92
316 94
331 112
354 110
343 125
358 125
369 113
381 112
396 110
396 92
396 77
392 59
407 64
422 55
411 78
422 70
407 50
408 95
388 125
403 125
411 110
373 125
328 124
309 232
322 218
337 217
352 218
367 219
322 203
337 202
352 203
367 204
382 213
382 223
369 237
384 237
397 222
256 275
264 260
256 245
267 230
241 275
249 260
241 245
252 230
243 215
226 275
234 260
226 245
237 230
228 215
213 212
198 212
199 197
184 195
193 180
204 182
183 210
214 197
221 182
229 200
211 275
219 260
211 245
207 227
222 230
199 335
211 305
214 335
223 350
226 305
229 335
238 350
238 366
227 366
241 305
244 335
266 322
259 335
281 322
281 337
266 350
253 350
281 352
267 365
257 365
281 367
274 292
286 277
294 262
300 327
300 342
331 282
319 297
320 312
334 297
339 267
354 267
331 252
346 252
354 237
346 282
361 282
376 282
384 267
376 252
391 252
399 237
408 243
369 267
361 252
349 297
364 297
365 311
379 303
391 288
399 273
406 258
414 275
406 288
409 296
365 324
350 328
335 328
335 313
350 343
335 343
320 344
307 357
303 370
306 382
304 397
320 329
365 339
380 333
395 321
394 303
405 311
409 335
402 350
389 351
375 359
360 361
381 373
390 366
368 376
353 385
345 376
345 362
333 382
330 368
335 399
353 400
405 365
409 374
417 354
417 339
432 339
447 339
462 339
477 339
492 339
507 339
522 339
537 339
552 332
552 317
538 311
537 296
522 303
519 288
504 281
522 275
519 261
510 254
508 239
493 239
505 224
490 224
475 224
460 224
463 239
448 243
433 243
443 258
430 258
433 273
443 288
430 294
429 309
444 303
457 291
462 306
448 273
442 228
427 228
417 222
412 207
397 195
397 180
367 169
382 175
367 184
352 184
337 184
322 183
322 168
337 166
352 167
382 189
409 173
412 192
427 213
442 213
433 198
448 198
441 183
433 183
441 168
432 168
445 155
458 160
471 147
482 142
497 142
512 142
523 143
516 157
505 160
494 157
518 175
528 158
542 159
547 147
557 159
548 172
467 161
478 161
488 175
503 175
470 175
457 145
442 142
429 140
426 122
426 107
437 125
412 143
397 150
382 143
374 150
430 153
463 258
478 239
520 224
523 241
538 241
553 238
553 223
539 221
538 206
523 205
508 205
493 205
478 205
463 205
469 190
484 190
499 190
514 190
535 191
553 208
550 190
559 197
573 194
581 181
578 166
593 166
593 147
582 132
597 132
587 117
572 115
557 115
546 104
531 107
516 107
542 118
527 125
512 125
497 125
482 125
467 125
452 125
441 110
456 107
471 110
486 107
501 110
548 132
572 103
587 103
602 117
602 103
578 150
608 154
616 159
629 159
644 159
640 144
637 131
622 132
625 144
628 174
576 207
576 222
588 195
596 182
603 192
606 205
621 205
629 190
591 207
603 220
591 222
576 237
576 252
576 267
575 282
575 297
575 312
575 327
590 327
604 328
600 342
585 342
570 348
597 356
582 363
597 369
593 384
578 378
593 399
583 414
598 414
589 429
604 429
591 444
578 444
574 430
559 437
544 437
529 437
514 437
499 437
484 437
469 437
454 437
439 437
424 437
409 437
395 444
393 429
378 424
378 409
375 394
363 419
348 418
333 418
318 420
303 420
284 422
269 422
254 422
239 422
224 421
209 421
194 421
179 421
173 435
158 435
145 434
132 428
120 439
106 427
115 422
124 411
157 420
188 435
203 435
233 435
218 436
248 437
278 436
263 437
303 435
313 449
299 451
313 464
308 477
293 476
308 492
293 491
327 430
342 433
372 432
357 434
356 449
342 457
356 462
341 472
356 477
370 458
371 471
371 486
356 492
371 501
356 507
341 502
341 487
326 483
331 507
353 522
386 481
401 478
416 477
402 493
416 492
395 420
404 402
409 452
395 459
410 422
425 422
440 422
455 420
470 422
485 420
500 422
515 421
559 423
545 422
530 422
550 407
604 444
608 392
616 385
631 385
646 385
643 400
642 413
628 400
627 414
578 395
615 341
630 342
628 355
627 370
590 312
605 313
620 306
625 298
625 283
625 320
605 299
590 297
590 282
605 283
591 267
606 268
621 268
623 254
591 252
604 249
591 237
606 234
621 239
633 238
625 224
553 253
538 256
504 266
489 276
474 276
463 273
489 264
478 254
507 305
492 306
486 295
472 291
477 306
520 320
505 321
490 321
475 321
460 321
537 324
552 302
552 287
537 275
552 272
552 347
550 360
537 354
549 373
557 386
542 389
529 386
514 389
501 389
490 384
477 384
467 384
456 384
443 387
455 399
443 403
430 402
428 388
443 372
433 369
499 404
484 403
472 399
524 401
514 404
514 354
516 369
499 354
492 369
479 369
469 369
501 369
484 354
469 354
448 354
433 354
441 324
426 324
380 318
350 312
