11635
332 270
331 270
330 270
329 270
328 270
327 270
326 270
325 270
324 270
323 270
322 270
321 270
320 269
319 269
318 269
317 269
316 269
315 269
314 269
313 269
312 269
311 269
310 269
309 269
308 269
307 268
306 267
305 266
304 266
303 266
302 266
301 266
300 266
299 266
298 266
297 266
296 266
295 266
294 266
293 265
292 264
291 263
290 262
289 261
288 260
287 259
286 258
285 257
284 256
283 255
282 254
281 253
280 252
279 251
278 250
277 249
276 248
275 247
275 246
275 245
275 244
275 243
275 242
275 241
275 240
274 239
273 238
272 237
271 236
270 235
269 234
268 233
267 232
266 231
265 230
264 229
263 228
262 227
261 226
260 225
259 224
258 223
257 222
256 221
255 220
254 219
253 218
252 217
251 216
250 215
249 214
248 213
247 212
246 211
245 210
244 209
243 208
242 207
241 206
240 205
239 204
238 203
237 202
319 270
318 271
317 272
316 273
315 274
314 275
313 276
312 277
311 278
310 279
309 280
308 281
307 281
306 281
305 281
304 281
303 281
302 281
301 281
300 281
299 281
298 281
297 281
296 281
295 281
294 281
293 280
292 279
291 278
290 277
289 276
288 275
287 274
286 273
285 272
284 271
283 270
282 269
281 268
280 267
279 266
278 265
277 264
276 263
275 262
274 261
273 260
272 259
271 258
270 257
269 256
268 255
267 254
266 253
265 252
264 251
263 250
262 249
261 248
260 247
260 246
260 245
260 244
260 243
260 242
260 241
260 240
259 239
258 238
257 237
256 236
255 235
254 234
253 233
252 232
251 231
250 230
249 229
248 228
247 227
246 226
245 225
244 224
243 223
242 222
241 221
240 220
239 219
238 218
237 217
236 216
235 215
234 214
233 213
232 212
231 211
230 210
229 209
228 208
227 207
226 206
225 205
224 204
223 203
222 202
222 201
222 200
222 199
222 198
222 197
222 196
222 195
222 194
222 193
222 192
222 191
222 190
222 189
332 271
331 272
330 273
329 274
328 275
327 276
326 277
325 278
324 279
323 280
322 281
321 282
320 283
320 284
320 285
319 285
318 286
317 287
316 288
315 289
314 290
313 291
312 292
311 293
310 294
309 295
308 296
307 296
306 296
305 296
304 296
303 296
302 296
301 296
300 296
299 296
298 296
297 296
296 296
295 296
294 296
293 295
292 294
291 293
290 292
289 291
288 290
287 289
286 288
285 287
284 286
283 285
282 284
281 283
280 282
279 281
278 280
277 279
276 278
275 277
274 276
273 275
272 274
271 273
270 272
269 271
268 270
267 269
266 268
265 267
264 266
263 265
262 264
261 263
260 262
259 261
258 260
257 259
256 258
255 257
254 256
253 255
252 254
251 253
250 252
249 251
248 250
247 249
246 248
245 247
245 246
245 245
245 244
245 243
245 242
245 241
245 240
244 239
243 238
242 237
241 236
240 235
239 234
238 233
237 232
236 231
235 230
234 229
233 228
232 227
231 226
230 225
229 224
228 223
227 222
226 221
225 220
224 219
223 218
222 217
320 286
320 287
320 288
320 289
320 290
320 291
320 292
320 293
320 294
320 295
320 296
320 297
320 298
320 299
334 269
334 268
335 268
336 268
337 268
338 268
339 268
340 268
341 268
342 268
343 268
344 268
345 268
346 268
347 268
348 268
349 268
350 268
336 267
335 267
335 266
335 265
335 264
335 263
335 262
335 261
335 260
335 259
335 258
335 257
335 256
335 255
335 254
335 253
334 253
333 252
332 251
331 250
330 249
329 248
328 247
327 246
326 245
325 244
324 243
323 242
322 241
321 240
320 239
319 239
318 239
317 239
316 239
315 239
314 239
313 239
312 239
311 239
310 239
309 239
308 239
307 238
306 237
305 236
304 236
303 236
302 236
301 235
300 234
299 233
298 232
297 231
296 231
296 232
295 232
294 232
293 232
292 232
291 232
290 232
289 232
288 232
287 232
286 232
285 232
284 232
283 232
282 232
281 231
280 230
279 229
278 228
277 227
276 226
275 225
274 224
273 223
272 222
271 221
270 220
269 219
268 218
267 217
266 216
265 215
264 214
263 213
262 212
261 211
260 210
259 209
258 208
257 207
256 206
255 205
254 204
253 203
252 202
252 201
252 200
252 199
252 198
252 197
252 196
252 195
252 194
252 193
252 192
252 191
252 190
251 189
250 188
250 187
249 187
248 187
247 187
246 187
245 187
244 187
243 187
242 187
241 187
240 187
239 187
238 187
237 187
251 187
252 187
253 187
254 187
255 187
256 187
257 187
258 187
259 187
260 187
261 187
262 187
263 186
264 185
265 184
266 183
267 182
268 181
295 230
294 229
293 228
292 227
291 226
290 225
289 224
288 223
287 222
286 221
285 220
284 219
283 218
282 217
282 216
281 216
280 215
279 214
278 213
277 212
276 211
275 210
274 209
273 208
272 207
271 206
270 205
269 204
268 203
267 202
282 215
282 214
282 213
282 212
282 211
282 210
282 209
282 208
282 207
282 206
282 205
282 204
282 203
282 202
282 201
282 200
282 199
282 198
282 197
282 196
282 195
282 194
282 193
282 192
282 191
282 190
282 189
283 188
284 187
297 230
297 229
297 228
297 227
297 226
297 225
297 224
297 223
298 222
299 221
300 220
301 219
302 218
303 217
304 216
304 215
304 214
304 213
304 212
304 211
304 210
304 209
304 208
304 207
304 206
304 205
304 204
304 203
304 202
304 201
304 200
304 199
304 198
304 197
304 196
304 195
304 194
304 193
304 192
304 191
304 190
303 189
302 188
301 187
300 186
300 185
300 184
300 183
300 182
300 181
300 180
300 179
300 178
300 177
300 176
300 175
300 174
300 173
300 172
300 171
300 170
300 169
300 168
300 167
300 166
300 165
300 164
300 163
300 162
300 161
300 160
300 159
300 158
300 157
300 156
301 156
300 155
300 154
300 153
300 152
300 151
300 150
300 149
300 148
300 147
300 146
300 145
300 144
300 143
300 142
300 141
300 140
300 139
300 138
300 137
300 136
300 135
300 134
300 133
300 132
300 131
300 130
300 129
300 128
300 127
301 126
302 126
301 125
301 124
301 123
301 122
301 121
301 120
301 119
301 118
301 117
301 116
301 115
301 114
301 113
301 112
301 111
301 110
301 109
301 108
301 107
301 106
301 105
301 104
301 103
301 102
301 101
301 100
301 99
301 98
301 97
301 96
301 95
301 94
302 94
303 94
304 94
305 94
306 94
307 94
308 94
309 94
310 94
311 93
312 92
312 91
312 90
312 89
312 88
312 87
312 86
312 85
312 84
312 83
312 82
312 81
312 80
312 79
312 78
312 77
312 76
312 75
312 74
312 73
312 72
312 71
312 70
312 69
312 68
312 67
312 66
312 65
312 64
312 63
312 62
311 62
310 61
309 60
308 59
307 58
306 57
305 56
304 55
303 54
302 53
301 52
300 51
299 50
298 49
297 50
296 51
295 52
294 53
293 54
292 55
291 55
290 55
289 55
288 55
287 55
286 55
287 56
288 57
289 58
290 59
291 60
292 61
293 62
294 63
295 64
296 64
297 64
296 65
295 66
294 67
293 68
292 69
291 70
290 70
289 70
288 70
287 70
286 70
285 70
284 70
285 71
286 72
287 73
288 74
289 75
290 76
291 77
292 78
293 79
294 79
295 79
296 79
297 79
312 61
312 60
312 59
312 58
312 57
312 56
312 55
312 54
312 53
312 52
312 51
312 50
313 49
314 50
315 51
316 52
317 53
318 54
319 55
320 56
321 57
322 58
323 59
324 59
325 59
326 59
327 59
328 59
329 59
330 59
331 59
332 59
333 59
334 59
335 59
336 59
337 59
338 59
339 59
340 59
341 59
342 58
343 57
344 56
345 55
346 54
347 54
348 54
349 54
350 54
351 54
352 54
353 53
354 52
355 51
356 50
357 49
358 48
359 47
360 46
361 45
362 45
363 45
364 45
365 45
366 45
367 45
368 45
369 44
370 43
371 42
372 41
373 40
374 39
375 38
347 55
348 56
349 57
350 58
351 59
352 60
353 60
354 60
355 60
356 60
357 60
358 60
359 60
360 60
361 60
362 60
363 60
364 60
365 60
366 60
367 60
368 60
369 60
370 60
371 60
372 60
373 60
374 60
375 60
376 59
362 61
361 61
361 62
361 63
361 64
361 65
361 66
361 67
361 68
361 69
361 70
361 71
361 72
361 73
361 74
361 75
363 62
364 63
365 64
366 65
367 66
368 67
369 68
370 69
371 70
372 71
373 72
374 73
375 74
376 74
346 53
346 52
346 51
346 50
346 49
346 48
346 47
346 46
346 45
346 44
346 43
346 42
346 41
346 40
346 39
345 39
344 39
343 39
342 39
341 39
340 39
339 39
338 39
337 39
336 39
335 39
334 38
333 37
332 36
331 35
347 39
348 39
349 39
350 39
351 38
352 37
353 36
354 35
355 34
356 33
357 32
358 31
359 30
332 60
333 61
334 62
335 63
336 64
337 65
338 66
339 67
340 68
341 69
342 69
343 69
344 69
345 69
346 69
345 70
344 71
343 72
342 73
341 74
340 74
339 74
338 74
337 74
336 74
335 74
334 74
335 75
336 76
337 77
338 78
339 79
340 80
341 81
342 82
343 83
344 84
345 84
346 84
347 85
348 86
349 87
350 88
351 89
352 90
353 90
354 90
355 90
356 90
357 90
358 90
359 90
303 125
304 124
305 123
306 122
307 121
308 120
309 119
310 118
311 117
312 116
313 115
314 114
315 113
316 112
317 113
318 114
319 115
320 116
321 117
322 118
323 119
324 120
325 121
326 122
327 123
328 123
328 122
328 121
328 120
328 119
328 118
328 117
328 116
328 115
329 114
330 113
331 112
332 113
333 114
334 115
335 116
336 117
337 118
338 119
339 120
340 121
341 122
342 123
343 123
343 122
343 121
344 120
345 119
346 118
347 117
348 116
349 115
350 114
351 113
352 112
353 111
354 110
343 124
343 125
344 125
345 125
346 125
347 125
348 125
349 125
350 125
351 125
352 125
353 125
354 125
355 125
356 125
357 125
358 125
359 125
360 125
361 125
362 125
363 125
364 125
365 125
366 125
367 125
368 125
369 125
370 125
371 125
372 125
373 125
373 124
373 123
374 122
375 121
376 120
377 119
378 118
379 117
380 116
381 115
382 114
383 113
384 112
385 112
386 112
387 112
388 112
389 112
390 112
391 112
392 112
393 112
394 112
395 111
396 110
397 110
398 110
399 110
400 110
401 110
402 110
403 110
404 110
405 110
406 110
407 110
408 110
409 110
410 110
411 110
412 110
413 110
414 110
415 110
416 110
417 110
418 110
419 110
420 110
421 110
422 110
423 110
424 109
425 108
426 107
427 107
428 107
429 107
430 107
431 107
432 107
433 107
434 107
435 107
436 107
437 107
438 107
439 107
440 107
441 107
442 107
443 107
444 107
445 107
446 107
447 107
448 107
449 107
450 107
451 107
452 107
453 107
454 107
455 107
456 107
457 107
458 107
459 107
460 107
461 107
462 107
463 107
464 107
465 107
466 107
467 107
468 107
469 107
470 107
471 107
472 107
473 107
474 107
475 107
476 107
477 107
478 107
479 107
480 107
481 107
482 107
483 107
484 107
485 107
486 107
487 107
488 107
489 107
490 107
491 107
492 107
493 107
494 107
495 107
496 107
497 107
498 107
499 107
500 107
501 107
502 107
503 107
504 107
505 107
506 107
507 107
508 107
509 107
510 107
511 107
512 107
513 107
514 107
515 107
516 107
517 107
518 107
519 107
520 107
521 107
522 107
523 107
524 107
525 107
526 107
527 107
528 107
529 107
530 107
531 107
532 107
533 107
534 107
535 107
536 107
537 107
538 107
539 107
540 107
541 107
542 107
543 107
544 107
545 107
546 107
547 107
548 107
549 107
550 107
551 107
552 107
553 107
554 107
555 107
556 107
557 107
558 107
559 107
560 107
561 107
562 108
563 109
564 110
565 111
566 112
567 113
568 114
569 115
570 116
571 117
572 118
572 119
572 120
572 121
573 122
574 123
575 124
576 125
577 126
578 127
579 128
580 129
581 130
582 130
582 129
582 128
582 127
582 126
582 125
582 124
582 123
583 122
584 121
585 120
586 119
587 118
588 118
589 118
590 118
591 118
592 118
593 118
594 118
595 118
596 118
597 118
598 118
599 118
600 118
601 118
602 117
602 116
602 115
602 114
601 113
600 112
599 111
598 110
597 109
596 108
595 107
594 106
593 105
592 104
591 103
588 119
589 120
590 121
591 122
592 123
593 124
594 125
595 126
596 127
597 128
597 129
597 130
597 131
597 132
597 133
597 134
597 135
597 136
597 137
597 138
597 139
597 140
597 141
597 142
597 143
597 144
597 145
597 146
597 147
598 148
598 149
598 150
598 151
598 152
598 153
598 154
598 155
598 156
598 157
598 158
598 159
598 160
598 161
598 162
599 162
600 162
601 162
602 162
603 162
604 162
605 162
606 162
607 162
608 162
609 162
610 161
611 160
612 159
613 158
614 158
615 157
616 156
617 155
618 154
619 153
620 152
621 151
622 150
623 149
624 148
625 147
626 147
627 147
628 147
629 147
630 147
631 147
632 147
633 147
634 147
635 147
636 147
637 147
638 146
639 145
640 144
641 145
642 146
643 147
644 148
644 149
644 150
644 151
644 152
644 153
644 154
644 155
644 156
644 157
644 158
644 159
626 148
627 149
628 150
629 151
629 152
629 153
629 154
629 155
629 156
629 157
629 158
629 159
629 160
629 161
629 162
628 163
628 164
628 165
628 166
628 167
628 168
628 169
628 170
628 171
628 172
628 173
628 174
628 175
628 176
628 177
625 146
625 145
625 144
625 143
625 142
625 141
625 140
625 139
625 138
625 137
625 136
625 135
625 134
625 133
625 132
597 163
596 164
596 165
596 166
596 167
596 168
596 169
596 170
596 171
596 172
596 173
596 174
596 175
596 176
596 177
595 177
594 177
593 177
592 177
591 177
590 177
589 177
588 177
587 177
586 177
585 177
584 177
583 177
582 177
581 176
580 177
580 178
580 179
580 180
580 181
580 182
580 183
580 184
580 185
580 186
580 187
580 188
580 189
580 190
580 191
579 192
578 193
577 194
576 195
575 196
574 197
573 197
572 197
571 197
570 197
569 197
568 197
567 197
566 197
565 198
564 199
563 200
562 201
561 202
560 203
559 204
558 204
557 204
556 204
555 204
554 204
553 204
553 203
553 202
553 201
553 200
553 199
553 198
553 197
553 196
553 195
553 194
553 193
552 192
551 191
550 190
549 189
553 205
553 206
553 207
553 208
553 209
553 210
553 211
553 212
553 213
553 214
553 215
553 216
553 217
553 218
553 219
552 220
551 220
550 220
549 220
548 220
547 220
546 220
545 220
544 220
543 220
542 220
541 220
540 220
539 220
539 219
539 218
539 217
539 216
539 215
539 214
539 213
539 212
539 211
539 210
539 209
539 208
539 207
538 206
537 206
536 206
535 206
534 206
533 206
532 206
531 206
530 206
529 206
528 206
527 206
526 206
525 206
524 206
523 205
522 205
521 205
520 205
519 205
518 205
517 205
516 205
515 205
514 205
513 205
512 205
511 205
510 205
509 205
508 205
507 205
506 205
505 205
504 205
503 205
502 205
501 205
500 205
499 205
498 205
497 205
496 205
495 205
494 205
493 205
492 205
491 205
490 205
489 205
488 205
487 205
486 205
485 205
484 205
483 205
482 205
481 205
480 205
479 205
478 205
477 205
476 205
475 205
474 205
473 205
472 205
471 205
470 205
469 205
468 205
467 205
466 205
465 205
464 205
463 205
463 204
463 203
463 202
463 201
463 200
462 199
461 198
460 197
459 196
458 195
457 194
456 193
456 192
455 192
454 192
453 192
452 192
451 192
450 192
449 192
448 192
447 192
446 192
445 192
444 192
443 192
442 191
441 190
441 189
441 188
441 187
441 186
441 185
441 184
441 183
441 182
441 181
441 180
441 179
441 178
441 177
441 176
441 175
440 174
439 173
438 172
437 171
436 170
435 169
434 168
433 167
432 166
432 165
431 165
433 165
434 165
435 165
436 165
437 164
438 163
439 162
440 161
440 160
439 160
438 160
437 160
436 159
435 158
434 157
433 156
432 155
431 154
430 153
429 152
428 151
428 150
427 150
426 150
425 150
424 150
423 150
422 150
421 150
420 150
419 150
418 149
417 148
416 147
415 146
414 145
413 144
412 143
411 143
410 143
409 143
408 143
407 143
406 143
405 143
404 143
403 143
402 143
401 143
400 143
399 143
398 143
397 143
396 143
395 143
394 143
393 143
392 143
391 143
390 143
389 143
388 143
387 143
386 143
385 143
384 143
383 143
382 143
381 144
380 145
379 146
378 147
377 148
376 149
375 150
374 150
429 150
430 150
431 150
432 150
433 150
434 150
435 149
436 148
437 147
438 146
439 145
440 144
441 143
442 142
443 143
444 144
445 145
446 145
447 145
448 145
449 145
450 145
451 145
452 145
453 145
454 145
455 145
441 160
442 160
443 160
444 160
445 160
446 160
447 160
448 160
449 160
450 160
451 160
452 160
453 160
454 160
455 160
456 160
457 160
458 160
459 160
460 160
461 160
462 160
463 160
464 160
465 160
466 160
467 160
468 160
469 160
470 160
471 160
472 160
473 160
474 160
475 159
476 158
477 157
477 156
477 155
477 154
477 153
477 152
477 151
476 150
475 149
474 148
473 147
472 146
472 145
471 145
473 145
474 145
475 145
476 145
477 145
478 145
479 145
480 144
481 143
482 142
483 142
484 142
485 142
486 142
487 142
488 142
489 142
490 142
491 142
492 142
493 142
494 142
495 142
496 142
497 142
498 142
499 142
500 142
501 142
502 142
503 142
504 142
505 142
506 142
507 142
508 142
509 142
510 142
511 142
512 142
513 143
514 143
515 143
516 143
517 143
518 143
519 143
520 143
521 143
522 143
523 143
522 144
521 145
520 146
519 147
518 148
517 149
516 150
516 151
516 152
516 153
516 154
516 155
516 156
516 157
515 158
514 159
513 160
512 161
511 161
510 161
509 161
508 161
507 161
506 161
505 161
504 161
503 161
502 161
501 161
500 161
499 161
498 161
497 161
496 160
495 159
494 158
493 157
504 162
503 163
502 164
501 165
500 166
499 167
498 168
497 169
496 170
495 171
494 172
494 173
494 174
494 175
493 175
492 175
491 175
490 175
489 175
488 175
487 175
486 175
485 175
484 174
483 173
482 172
481 173
480 174
479 175
478 175
477 175
476 175
475 175
474 175
473 175
472 175
471 175
470 175
506 162
507 163
508 164
509 165
510 166
511 167
512 168
513 169
513 170
513 171
513 172
513 173
513 174
513 175
517 158
518 158
519 158
520 158
521 158
522 158
523 158
524 158
525 158
526 158
527 158
528 158
529 159
530 159
531 159
532 159
533 159
534 159
535 159
536 159
537 159
538 159
539 159
540 159
541 159
542 159
543 160
544 161
545 162
546 163
547 164
548 165
548 166
548 167
549 167
548 168
548 169
548 170
548 171
548 172
550 166
551 165
552 164
553 163
554 162
555 161
556 160
557 159
558 159
559 159
560 159
561 159
562 159
563 159
564 159
565 159
566 159
567 159
568 159
569 159
570 158
571 157
571 156
572 155
573 154
574 153
575 152
576 151
577 150
578 149
579 148
580 147
581 146
582 145
572 158
573 159
574 160
575 160
576 160
577 160
578 160
579 160
580 160
581 160
582 160
454 193
453 194
452 195
451 196
450 197
449 198
448 199
448 200
448 201
448 202
448 203
448 204
448 205
447 205
446 205
445 205
444 205
443 205
442 205
441 205
440 205
439 205
438 205
437 205
436 205
435 205
434 205
433 205
432 205
431 205
430 205
429 205
428 205
427 205
426 205
425 205
424 205
423 205
422 205
421 205
420 205
419 205
418 205
418 204
418 203
418 202
418 201
418 200
418 199
418 198
418 197
418 196
418 195
417 194
416 193
415 192
414 191
414 190
413 190
412 191
411 192
410 193
409 194
408 195
407 195
406 195
405 195
404 195
403 195
402 195
401 195
400 195
399 195
398 195
398 194
398 193
398 192
398 191
398 190
398 189
398 188
398 187
398 186
398 185
398 184
398 183
398 182
398 181
398 180
397 180
396 180
395 180
394 180
393 180
392 180
391 180
390 180
389 180
388 180
387 180
386 179
385 178
384 177
383 176
382 175
381 175
380 175
379 175
378 175
377 175
376 175
375 175
374 175
373 175
372 174
371 173
370 172
369 171
368 170
367 169
381 176
380 177
379 178
378 179
377 180
376 181
375 182
374 183
373 184
372 184
371 184
370 184
369 184
368 184
367 184
366 184
365 184
364 184
363 184
362 184
361 184
360 184
359 184
358 184
357 184
356 184
355 184
354 184
353 184
352 184
351 184
350 184
349 184
348 184
347 184
346 184
345 184
344 184
343 184
342 184
341 184
340 184
339 184
338 184
337 184
336 184
335 184
334 184
333 184
332 184
331 184
330 184
329 184
328 184
327 184
326 184
325 184
324 183
323 182
322 181
322 180
323 180
322 179
322 178
322 177
322 176
322 175
322 174
322 173
322 172
322 171
322 170
322 169
322 168
322 167
322 166
324 179
325 178
326 177
327 176
328 175
329 174
330 173
331 172
332 171
333 170
334 169
335 168
336 167
337 166
338 167
339 167
340 167
341 167
342 167
343 167
344 167
345 167
346 167
347 167
348 167
349 167
350 167
351 167
352 167
396 181
395 182
394 183
393 184
392 185
391 186
390 187
389 188
388 189
387 190
386 190
385 190
384 190
383 190
399 180
400 180
401 180
402 180
403 179
404 178
405 177
406 176
407 175
408 174
409 173
415 190
416 190
417 190
418 190
419 190
420 190
421 190
422 190
423 190
424 190
425 190
426 190
417 206
416 207
415 208
414 209
413 210
412 211
412 212
412 213
412 214
447 206
446 207
445 208
444 209
443 210
442 211
442 212
442 213
442 214
442 215
442 216
442 217
442 218
442 219
442 220
441 220
440 220
439 220
438 220
437 220
436 220
435 220
434 220
433 220
432 220
431 220
430 220
429 220
428 220
427 220
441 221
442 221
442 222
442 223
442 224
442 225
442 226
442 227
442 228
442 229
442 230
442 231
442 232
442 233
442 234
442 235
441 236
440 237
439 238
438 239
437 240
436 241
435 242
434 243
433 244
432 245
431 246
431 247
431 248
431 249
431 250
432 251
433 252
433 253
433 254
433 255
433 256
433 257
433 258
433 259
433 260
433 261
433 262
433 263
433 264
433 265
433 266
433 267
433 268
433 269
433 270
433 271
433 272
433 273
433 274
433 275
433 276
433 277
433 278
433 279
433 280
440 222
439 223
438 224
437 225
436 226
435 227
434 228
433 229
432 230
431 231
430 232
429 233
428 234
427 235
457 192
458 192
459 192
460 192
461 192
462 192
463 192
464 192
465 192
466 192
467 192
468 191
469 190
493 204
493 203
493 202
493 201
493 200
493 199
492 198
491 197
490 196
489 195
488 194
487 193
486 192
485 191
484 190
508 204
508 203
508 202
508 201
508 200
508 199
507 198
506 197
505 196
504 195
503 194
502 193
501 192
500 191
499 190
523 204
523 203
523 202
523 201
524 201
523 200
523 199
522 198
521 197
520 196
519 195
518 194
517 193
516 192
515 191
514 190
525 200
526 199
527 198
528 197
529 196
530 195
531 194
532 193
533 192
534 191
538 221
538 222
538 223
538 224
538 225
538 226
538 227
538 228
538 229
538 230
538 231
538 232
538 233
538 234
540 221
541 222
542 223
543 224
544 225
545 226
546 227
547 228
548 229
549 230
550 231
551 232
552 233
553 234
553 235
552 235
551 236
550 237
549 238
548 239
547 240
546 241
545 242
544 243
543 244
542 245
541 246
540 247
539 248
538 249
553 236
553 237
553 238
553 239
553 240
553 241
553 242
553 243
553 244
553 245
553 246
553 247
553 248
553 249
553 250
553 251
553 252
553 253
553 254
553 255
553 256
553 257
553 258
553 259
553 260
553 261
553 262
553 263
553 264
552 265
552 266
552 267
552 268
552 269
552 270
552 271
552 272
552 273
552 274
552 275
552 276
552 277
552 278
552 279
551 279
550 279
549 279
548 279
547 279
546 279
545 279
544 279
543 279
542 279
541 279
540 278
539 277
538 276
537 275
537 274
537 273
537 272
537 271
537 270
537 269
537 268
537 267
537 266
537 265
538 264
552 280
552 281
552 282
552 283
552 284
552 285
552 286
552 287
552 288
552 289
552 290
552 291
552 292
552 293
552 294
552 295
551 295
550 296
549 296
548 296
547 296
546 296
545 296
544 296
543 296
542 296
541 296
540 296
539 296
538 296
537 296
537 297
537 298
537 299
537 300
537 301
537 302
537 303
537 304
537 305
537 306
537 307
537 308
537 309
552 296
552 297
552 298
552 299
552 300
552 301
552 302
552 303
552 304
552 305
552 306
552 307
552 308
552 309
551 310
550 311
549 312
548 313
547 314
546 315
545 316
544 317
543 318
542 319
541 320
540 321
539 322
539 323
539 324
538 325
537 326
536 327
535 328
534 329
533 330
533 331
533 332
533 333
533 334
533 335
533 336
533 337
533 338
533 339
532 339
531 339
530 339
529 339
528 339
527 339
526 339
525 339
524 339
523 339
522 339
521 339
520 339
519 339
518 339
517 339
516 339
515 339
514 339
513 339
512 339
511 339
510 339
509 339
508 339
507 339
506 339
505 339
504 339
503 339
502 339
501 339
500 339
499 339
498 339
497 339
496 339
495 339
494 339
493 339
492 339
491 339
490 339
489 339
488 339
487 339
486 339
485 339
484 339
483 339
482 339
481 339
480 339
479 339
478 339
477 339
476 339
475 339
474 339
473 339
472 340
471 341
470 342
469 343
468 344
467 345
466 346
465 347
464 348
463 349
462 350
461 351
460 352
459 352
458 352
457 352
456 352
455 352
454 352
453 352
452 351
451 350
450 349
449 348
448 347
447 346
446 345
445 344
444 343
443 342
443 341
443 340
443 339
443 338
443 337
443 336
443 335
443 334
443 333
443 332
443 331
443 330
443 329
442 328
441 327
440 327
439 327
438 326
437 325
436 324
435 323
434 322
433 321
432 320
431 319
430 318
429 317
428 316
427 315
426 314
440 328
439 329
438 329
437 329
436 329
435 329
434 329
433 329
432 329
431 329
430 329
429 329
428 329
427 329
426 329
425 330
424 331
423 332
422 333
421 334
420 335
419 335
418 335
417 335
416 335
415 335
414 335
413 335
412 335
411 335
441 326
441 325
441 324
441 323
441 322
441 321
441 320
441 319
441 318
441 317
441 316
441 315
441 314
441 313
441 312
441 311
441 310
441 309
441 308
441 307
440 307
439 306
438 305
437 304
436 303
435 302
434 301
433 300
432 299
431 298
430 297
441 306
441 305
441 304
441 303
441 302
441 301
442 300
443 299
444 298
445 297
446 298
447 299
448 300
449 301
450 302
451 303
452 304
453 305
454 306
455 306
456 306
457 306
458 306
459 306
460 306
461 306
462 306
463 306
464 306
465 306
466 306
467 306
468 306
469 306
470 306
471 306
472 306
473 306
474 306
475 306
461 307
460 307
460 308
460 309
460 310
460 311
460 312
460 313
460 314
460 315
460 316
460 317
460 318
460 319
460 320
460 321
462 308
463 309
464 310
465 311
466 312
467 313
468 314
469 315
470 316
471 317
472 318
473 319
474 320
475 321
476 321
477 321
478 321
479 321
480 321
481 321
482 321
483 321
484 321
485 321
486 321
487 321
488 321
489 321
490 321
491 321
492 321
493 321
494 321
495 321
496 321
497 321
498 321
499 321
500 321
501 321
502 321
503 321
504 321
505 321
506 321
507 321
508 321
509 321
510 321
511 321
512 321
513 321
514 321
515 321
516 321
517 321
518 321
519 321
520 320
491 320
492 319
493 318
494 317
495 316
496 315
497 314
498 313
499 312
500 311
501 310
502 309
503 308
504 307
505 306
505 305
505 304
505 303
505 302
505 301
505 300
505 299
505 298
506 297
507 296
507 295
507 294
507 293
507 292
508 292
507 291
507 290
507 289
507 288
507 287
507 286
507 285
507 284
506 283
505 282
504 281
509 291
510 290
511 289
512 288
513 287
514 286
515 285
516 284
517 283
518 282
519 281
519 280
519 279
519 278
519 277
519 276
519 275
519 274
519 273
519 272
520 271
521 270
522 269
508 297
509 298
510 299
511 300
512 301
513 302
514 303
515 304
516 305
517 305
518 305
519 305
520 305
520 304
520 303
520 302
520 301
520 300
520 299
520 298
521 297
522 296
476 320
477 319
478 318
479 317
480 316
481 315
482 314
483 313
484 312
485 311
486 310
487 309
488 308
489 307
490 306
460 305
460 304
460 303
460 302
460 301
460 300
460 299
460 298
460 297
460 296
460 295
460 294
461 293
462 292
463 291
463 290
463 289
464 288
465 287
466 286
467 285
468 284
469 283
470 282
471 281
472 280
473 279
473 278
472 278
471 277
470 276
469 275
468 274
467 273
466 272
465 271
464 270
463 269
462 269
461 269
460 269
459 269
458 269
457 269
456 269
455 269
454 269
453 269
452 269
451 269
450 269
449 269
448 269
448 268
448 270
448 271
448 272
448 273
448 274
448 275
448 276
448 277
448 278
448 279
448 280
448 281
448 282
474 278
474 277
474 276
474 275
474 274
474 273
474 272
475 271
476 270
477 269
477 268
478 268
479 268
480 268
481 268
482 268
483 268
484 268
485 268
486 268
487 267
488 266
489 265
490 264
490 263
489 263
488 263
487 262
486 261
485 260
484 259
483 258
482 257
481 256
480 255
479 254
478 253
478 252
478 251
478 250
479 250
478 249
478 248
478 247
478 246
478 245
478 244
478 243
478 242
477 241
476 240
475 239
474 239
473 239
472 239
471 239
470 239
469 239
468 239
467 239
466 239
465 239
464 239
463 239
462 239
461 239
460 239
459 240
458 241
457 242
456 243
455 244
454 245
453 246
452 247
451 248
450 249
449 250
448 250
447 250
446 250
474 238
475 238
476 238
475 237
475 236
475 235
475 234
475 233
475 232
475 231
475 230
475 229
475 228
475 227
475 226
475 225
475 224
477 237
478 236
479 235
480 234
481 233
482 232
483 231
484 230
485 229
486 228
487 227
488 226
489 225
490 224
473 237
472 236
471 235
470 234
469 233
468 232
467 231
466 230
465 229
464 228
463 227
462 226
461 225
460 224
480 249
481 248
482 247
483 246
484 245
485 244
486 243
487 242
488 241
489 240
490 239
491 239
492 239
493 239
494 239
495 239
496 239
497 239
498 239
499 239
500 239
501 239
502 239
503 239
504 239
505 239
491 238
492 237
493 236
494 235
495 234
496 233
497 232
498 231
499 230
500 229
501 228
502 227
503 226
504 225
505 224
506 224
507 224
508 224
509 224
510 224
511 224
512 224
513 224
514 224
515 224
516 224
517 224
518 224
519 224
520 224
506 225
507 226
508 227
509 228
510 229
511 230
512 231
513 232
514 233
515 234
516 235
517 236
518 237
519 238
520 239
491 263
492 264
493 265
494 266
495 266
496 266
497 266
498 266
499 266
500 266
501 266
502 266
503 266
504 266
505 266
506 266
507 266
508 265
509 264
510 263
511 262
512 261
513 260
514 259
515 258
516 257
517 256
518 255
519 254
479 269
480 270
481 271
482 272
483 273
484 274
485 275
486 276
487 277
488 277
489 277
476 267
475 266
474 265
473 264
472 263
471 262
470 261
469 260
468 259
467 258
466 257
465 256
464 255
463 254
475 279
476 280
477 281
478 282
478 283
478 284
478 285
478 286
478 287
478 288
478 289
478 290
478 291
457 353
456 354
455 355
454 356
453 357
452 357
451 357
450 357
449 357
448 357
447 357
446 357
445 357
444 357
443 357
442 357
441 357
440 357
439 357
438 357
437 357
436 357
435 357
434 356
433 355
432 354
431 353
430 352
429 351
428 350
427 350
426 350
425 350
424 350
423 350
422 350
421 350
420 350
419 350
418 350
417 350
416 350
415 350
414 350
413 350
412 350
411 350
410 350
409 350
408 350
407 350
406 350
405 350
404 350
403 350
402 350
401 350
400 350
399 350
398 350
397 351
396 352
395 353
394 354
393 355
392 356
391 357
390 358
390 359
390 360
390 361
390 362
390 363
390 364
390 365
389 365
388 365
387 365
386 364
385 363
384 362
383 361
382 360
381 359
380 358
379 357
389 366
388 367
387 368
386 369
385 370
384 371
383 372
382 372
381 373
380 374
379 375
378 376
377 376
376 376
375 376
374 376
373 376
372 376
371 376
370 376
369 376
368 376
412 351
411 352
410 353
409 354
408 355
407 356
406 357
405 358
405 359
405 360
405 361
405 362
405 363
405 364
405 365
406 366
407 367
408 368
409 369
409 370
409 371
409 372
409 373
409 374
442 358
443 358
443 359
443 360
443 361
443 362
443 363
443 364
443 365
443 366
443 367
443 368
443 369
443 370
443 371
443 372
444 373
445 374
446 375
447 376
448 377
449 378
450 379
451 380
452 381
453 382
454 383
455 384
456 384
457 384
458 384
459 384
460 384
461 384
462 384
463 384
464 384
465 384
466 384
467 384
468 384
469 384
470 384
471 384
472 384
473 384
474 384
475 384
476 384
477 384
478 384
479 384
480 384
481 384
482 384
483 384
484 384
485 384
486 384
487 384
488 384
489 384
490 384
491 384
491 385
492 386
493 387
494 388
495 389
496 389
497 389
498 389
499 389
500 389
501 389
502 389
503 389
504 389
505 389
506 389
507 389
508 389
509 389
510 389
511 389
512 389
513 389
514 389
503 390
504 391
505 392
506 393
507 394
508 395
509 396
510 397
511 398
512 399
513 400
514 401
514 402
514 403
514 404
515 404
516 404
517 404
518 404
519 404
520 404
521 404
522 404
523 404
524 404
525 404
501 390
500 391
499 392
499 393
499 394
499 395
499 396
499 397
499 398
499 399
499 400
499 401
499 402
499 403
499 404
498 404
497 404
496 404
495 404
494 404
493 404
492 404
491 404
490 404
489 404
488 404
487 404
486 404
485 404
484 403
483 403
482 403
481 403
480 403
479 403
478 403
477 403
476 403
475 402
474 401
473 400
472 399
492 383
493 382
494 381
495 380
496 379
497 378
498 377
499 376
500 375
500 374
499 374
498 374
497 373
496 372
495 371
494 370
493 369
492 369
491 369
490 369
489 369
488 369
487 369
486 369
485 369
484 369
483 369
482 369
481 369
480 369
479 369
478 369
477 369
476 369
475 369
474 369
473 369
472 369
471 369
470 369
469 369
468 369
501 374
502 374
503 374
504 374
505 374
506 374
507 374
508 374
509 374
510 374
511 374
512 373
513 372
514 371
515 370
516 369
455 385
454 386
453 387
452 388
451 388
450 388
449 388
448 388
447 388
446 388
445 388
444 388
443 388
442 388
441 388
440 388
439 388
438 388
437 388
436 388
435 388
434 388
433 388
432 388
431 387
444 389
445 390
446 391
447 392
448 393
449 394
450 395
451 396
452 397
453 398
454 399
455 399
456 399
455 400
454 401
453 402
452 403
451 403
450 403
449 403
448 403
447 403
446 403
445 403
444 403
443 403
442 403
441 403
440 403
439 403
438 403
437 403
436 403
435 403
434 403
433 403
432 403
431 403
430 402
441 359
440 360
439 361
438 362
437 363
436 364
435 365
434 366
433 367
432 368
431 369
430 370
429 371
428 372
458 351
458 350
458 349
458 348
458 347
458 346
458 345
458 344
458 343
458 342
458 341
458 340
458 339
487 340
486 341
485 342
484 343
483 344
482 345
481 346
480 347
479 348
478 349
477 350
476 351
475 352
474 353
473 354
502 340
501 341
500 342
499 343
498 344
497 345
496 346
495 347
494 348
493 349
492 350
491 351
490 352
489 353
488 354
517 340
516 341
515 342
514 343
513 344
512 345
511 346
510 347
509 348
508 349
507 350
506 351
505 352
504 353
503 354
532 340
531 341
530 342
529 343
528 344
527 345
526 346
525 347
524 348
523 349
522 350
521 351
520 352
519 353
518 354
534 340
535 341
535 342
535 343
535 344
535 345
535 346
535 347
535 348
535 349
535 350
535 351
535 352
535 353
535 354
540 325
541 326
542 327
543 328
544 329
545 330
546 331
547 332
548 333
548 334
548 335
548 336
548 337
548 338
548 339
549 340
550 341
550 342
550 343
550 344
550 345
550 346
550 347
550 348
550 349
550 350
550 351
550 352
550 353
550 354
553 310
554 311
554 312
554 313
554 314
554 315
554 316
554 317
554 318
554 319
554 320
554 321
554 322
554 323
554 324
567 198
568 199
569 200
570 201
571 202
572 203
573 204
574 205
575 206
576 206
576 207
576 208
576 209
576 210
576 211
576 212
576 213
576 214
576 215
576 216
576 217
576 218
576 219
576 220
576 221
576 222
576 223
576 224
576 225
576 226
576 227
576 228
576 229
576 230
576 231
576 232
576 233
576 234
576 235
576 236
576 237
577 237
578 237
579 237
580 237
581 237
582 237
583 237
584 237
585 237
586 237
587 237
588 237
589 237
590 237
591 237
576 238
576 239
576 240
576 241
576 242
576 243
576 244
576 245
576 246
576 247
576 248
576 249
576 250
576 251
576 252
577 252
578 252
579 252
580 252
581 252
582 252
583 252
584 252
585 252
586 252
587 252
588 252
589 252
590 252
591 252
592 253
593 253
594 253
595 253
596 253
597 253
598 253
599 253
600 253
601 253
602 253
601 254
600 255
599 256
598 257
597 258
596 259
595 260
594 261
593 262
592 263
591 264
591 265
591 266
591 267
590 268
590 269
590 270
590 271
590 272
590 273
590 274
590 275
590 276
590 277
590 278
590 279
590 280
590 281
590 282
591 283
592 283
593 283
594 283
595 283
596 283
597 283
598 283
599 283
600 283
601 283
602 283
603 283
604 283
605 283
603 254
604 255
605 256
606 257
606 258
606 259
606 260
606 261
606 262
606 263
606 264
606 265
606 266
606 267
606 268
607 268
608 268
609 268
610 268
611 268
612 268
613 268
614 268
615 268
616 268
617 268
618 268
619 268
620 268
621 268
622 269
623 270
624 271
625 272
625 273
625 274
625 275
625 276
625 277
625 278
625 279
625 280
625 281
625 282
625 283
576 253
576 254
576 255
576 256
576 257
576 258
576 259
576 260
576 261
576 262
576 263
576 264
576 265
576 266
575 267
575 268
575 269
575 270
575 271
575 272
575 273
575 274
575 275
575 276
575 277
575 278
575 279
575 280
575 281
575 282
575 283
575 284
575 285
575 286
575 287
575 288
575 289
575 290
575 291
575 292
575 293
575 294
575 295
575 296
575 297
576 297
577 297
578 297
579 297
580 297
581 297
582 297
583 297
584 297
585 297
586 297
587 297
588 297
589 297
590 297
575 298
575 299
575 300
575 301
575 302
575 303
575 304
575 305
575 306
575 307
575 308
575 309
575 310
575 311
575 312
576 312
577 312
578 312
579 312
580 312
581 312
582 312
583 312
584 312
585 312
586 312
587 312
588 312
589 312
590 312
575 313
575 314
575 315
575 316
575 317
575 318
575 319
575 320
575 321
575 322
575 323
575 324
575 325
575 326
576 327
577 327
578 327
579 327
580 327
581 327
582 327
583 327
584 327
585 327
586 327
587 327
588 327
589 327
590 327
591 328
592 329
593 330
594 331
595 332
596 333
597 334
598 335
599 336
600 336
600 335
600 334
600 333
600 332
601 331
602 330
603 329
604 328
605 327
605 326
605 325
605 324
605 323
605 322
605 321
605 320
605 319
605 318
605 317
605 316
605 315
605 314
605 313
605 312
605 311
605 310
605 309
605 308
605 307
605 306
605 305
605 304
605 303
605 302
605 301
605 300
605 299
606 328
607 329
608 330
609 331
610 332
611 333
612 334
613 335
614 336
615 337
616 337
615 338
615 339
615 340
615 341
616 342
617 343
618 344
619 345
620 346
621 347
622 348
623 349
624 350
625 351
626 352
627 353
628 353
628 352
628 351
628 350
628 349
628 348
628 347
628 346
628 345
628 344
629 343
630 342
628 354
628 355
617 336
618 335
619 334
620 333
621 332
622 331
623 330
624 329
625 328
626 327
626 326
626 325
626 324
626 323
626 322
626 321
626 320
626 319
625 318
624 317
623 316
622 315
621 314
620 313
620 312
620 311
620 310
620 309
620 308
620 307
620 306
620 305
620 304
621 303
622 302
623 301
624 300
625 299
600 337
600 338
600 339
599 340
598 341
597 341
596 341
595 341
594 341
593 341
592 341
591 341
590 341
589 341
588 342
587 343
586 344
585 345
585 346
585 347
585 348
585 349
585 350
584 350
583 349
582 348
581 347
580 346
579 345
578 344
577 343
576 342
575 341
574 342
573 343
572 344
571 345
570 346
569 347
568 348
567 348
585 351
585 352
585 353
585 354
584 355
583 356
582 357
582 358
582 359
582 360
582 361
582 362
582 363
582 364
582 365
582 366
582 367
582 368
582 369
590 342
591 343
592 344
593 345
594 346
595 347
596 348
597 349
598 350
599 351
600 352
600 353
600 354
599 355
598 356
597 357
597 358
597 359
597 360
597 361
597 362
597 363
597 364
597 365
597 366
597 367
597 368
597 369
598 370
598 371
598 372
598 373
598 374
598 375
598 376
598 377
598 378
598 379
598 380
598 381
598 382
598 383
598 384
598 385
597 385
596 386
595 387
594 388
593 389
592 390
591 391
590 392
589 393
588 394
587 395
586 396
585 397
584 398
583 399
582 398
581 397
580 396
579 395
578 394
577 393
576 392
575 391
574 390
573 389
572 388
572 387
571 387
570 387
569 387
568 387
567 387
566 387
565 387
564 387
563 387
562 387
561 387
560 387
559 387
558 387
557 387
556 386
556 385
556 384
556 383
556 382
556 381
556 380
555 379
554 378
553 377
552 376
551 375
550 374
549 373
555 387
554 388
553 388
552 388
551 388
550 388
549 388
548 388
547 388
546 388
545 388
544 388
543 388
542 388
541 388
540 389
539 389
538 389
537 389
536 389
535 389
534 389
533 389
532 389
531 389
530 389
573 387
574 387
575 387
576 387
577 387
578 387
579 387
580 387
581 386
582 385
583 384
598 386
598 387
598 388
598 389
598 390
598 391
598 392
598 393
598 394
598 395
598 396
598 397
598 398
598 399
598 400
597 400
596 401
595 402
594 403
593 404
592 405
591 406
590 407
589 408
588 409
587 410
586 411
585 412
584 413
583 414
598 401
598 402
598 403
598 404
598 405
598 406
598 407
598 408
598 409
598 410
598 411
598 412
598 413
598 414
597 415
596 416
595 417
594 418
593 419
592 420
591 421
590 422
589 423
589 424
589 425
589 426
589 427
589 428
589 429
599 415
600 416
601 417
602 418
603 419
604 420
604 421
604 422
604 423
604 424
604 425
604 426
604 427
604 428
604 429
603 430
602 431
601 432
600 433
599 434
598 435
597 436
596 437
595 438
594 439
593 440
592 441
591 442
591 443
591 444
590 444
589 444
588 444
587 444
586 444
585 444
584 444
583 444
582 444
581 444
580 444
579 444
578 444
578 443
578 442
578 441
578 440
578 439
578 438
578 437
578 436
578 435
578 434
577 433
576 432
575 431
574 430
573 431
572 432
571 433
570 434
569 435
568 436
567 437
566 437
565 437
564 437
563 437
562 437
561 437
560 437
559 437
558 437
557 437
556 437
555 437
554 437
553 437
552 437
551 437
550 437
549 437
548 437
547 437
546 437
545 437
544 437
543 437
542 437
541 437
540 437
539 437
538 437
537 437
536 437
535 437
534 437
533 437
532 437
531 437
530 437
529 437
528 437
527 437
526 437
525 437
524 437
523 437
522 437
521 437
520 437
519 437
518 437
517 437
516 437
515 437
514 437
513 437
512 437
511 437
510 437
509 437
508 437
507 437
506 437
505 437
504 437
503 437
502 437
501 437
500 437
499 437
498 437
497 437
496 437
495 437
494 437
493 437
492 437
491 437
490 437
489 437
488 437
487 437
486 437
485 437
484 437
483 437
482 437
481 437
480 437
479 437
478 437
477 437
476 437
475 437
474 437
473 437
472 437
471 437
470 437
469 437
468 437
467 437
466 437
465 437
464 437
463 437
462 437
461 437
460 437
459 437
458 437
457 437
456 437
455 437
454 437
453 437
452 437
451 437
450 437
449 437
448 437
447 437
446 437
445 437
444 437
443 437
442 437
441 437
440 437
439 437
438 437
437 437
436 437
435 437
434 437
433 437
432 437
431 437
430 437
429 437
428 437
427 437
426 437
425 437
424 437
423 437
422 437
421 437
420 437
419 437
418 437
417 437
416 437
415 437
414 437
413 437
412 437
411 437
410 437
409 437
408 438
407 439
406 440
405 441
404 442
403 443
402 444
401 444
400 444
399 444
398 444
397 444
396 444
395 444
395 443
395 442
395 441
395 440
395 439
395 438
395 437
395 436
395 435
395 434
395 433
395 432
395 431
394 430
393 429
393 428
393 427
393 426
393 425
393 424
393 423
393 422
394 421
395 420
395 419
395 418
395 417
395 416
395 415
395 414
395 413
395 412
396 411
397 410
398 409
399 408
400 407
401 406
402 405
403 404
404 403
392 430
391 430
390 430
389 430
388 430
387 430
386 430
385 430
384 430
383 430
382 430
381 430
380 430
379 430
378 430
377 430
376 429
375 428
374 427
373 426
372 425
371 424
370 423
369 422
368 421
367 420
367 419
366 419
365 419
364 419
363 419
362 419
361 419
360 419
359 419
358 419
357 419
356 419
355 418
354 417
353 416
352 417
351 418
350 419
349 420
348 421
348 422
348 423
348 424
348 425
348 426
347 426
346 425
345 424
344 423
343 422
342 421
341 420
340 419
339 418
338 417
337 418
336 419
335 420
334 421
333 422
333 423
333 424
333 425
332 425
331 424
330 423
329 422
328 421
327 420
326 419
325 418
324 417
323 416
323 415
323 414
323 413
323 412
323 411
324 410
325 409
326 408
327 407
328 406
329 405
330 404
331 403
332 402
333 401
334 400
335 399
322 417
321 418
320 419
319 420
318 421
318 422
318 423
318 424
318 425
318 426
318 427
318 428
318 429
317 429
316 429
315 429
314 429
313 429
312 429
311 428
310 427
309 426
308 425
307 424
306 423
305 422
304 421
303 420
317 430
316 431
315 432
314 433
313 434
312 435
311 435
310 435
309 435
308 435
307 435
306 435
305 435
304 435
303 435
304 436
305 437
306 438
307 439
308 440
309 441
310 442
311 443
312 444
313 445
313 446
313 447
313 448
313 449
312 450
311 451
310 451
309 451
308 451
307 451
306 451
305 451
304 451
303 451
302 451
301 451
300 451
299 451
298 450
297 449
296 448
295 447
294 446
293 445
292 444
291 443
290 442
289 441
288 440
287 439
286 438
285 437
284 436
283 436
282 435
281 434
280 433
279 432
278 431
277 430
276 429
275 428
274 427
273 426
272 425
271 424
270 423
269 423
269 422
268 422
267 422
266 422
265 422
264 422
263 422
262 422
261 422
260 422
259 422
258 422
257 422
256 422
255 422
254 422
253 422
252 422
251 422
250 422
249 422
248 422
247 422
246 422
245 422
244 422
243 422
242 422
241 422
240 422
239 422
238 422
237 422
236 422
235 422
234 422
233 422
232 422
231 422
230 422
229 422
228 422
227 422
226 422
225 422
224 421
223 421
222 421
221 421
220 421
219 421
218 421
217 421
216 421
215 421
214 421
213 421
212 421
211 421
210 421
209 421
208 421
207 421
206 421
205 421
204 421
203 421
202 421
201 421
200 421
199 421
198 421
197 421
196 421
195 421
194 421
193 421
192 421
191 421
190 421
189 421
188 421
187 421
186 421
185 421
184 421
183 421
182 421
181 421
180 421
179 421
178 421
177 421
176 421
175 421
174 421
173 421
172 421
171 421
170 421
169 421
168 421
167 421
166 421
165 421
164 420
163 420
162 420
161 420
160 420
159 420
158 420
157 420
156 420
155 420
154 420
153 420
152 420
151 419
150 418
149 419
148 420
147 421
146 422
145 423
144 424
143 425
142 426
141 427
141 428
140 428
139 428
138 428
137 428
136 428
135 428
134 428
133 428
132 428
131 428
130 428
129 428
128 428
127 428
126 428
125 428
124 428
123 428
122 428
121 428
120 427
119 426
118 425
117 424
116 423
115 422
115 421
115 420
116 419
117 418
118 417
119 416
120 415
121 414
122 413
123 412
124 411
114 423
113 424
112 425
111 426
110 427
109 427
108 427
107 427
106 427
128 429
127 430
126 431
125 432
124 433
123 434
122 435
121 436
121 437
121 438
121 439
178 422
179 422
179 423
179 424
179 425
179 426
179 427
179 428
179 429
179 430
179 431
179 432
179 433
179 434
179 435
177 423
176 424
175 425
174 426
173 427
172 428
171 429
170 430
169 431
168 432
167 433
166 434
165 435
164 435
194 422
194 423
194 424
194 425
194 426
194 427
194 428
194 429
194 430
194 431
194 432
194 433
194 434
194 435
209 422
209 423
209 424
209 425
209 426
209 427
209 428
209 429
209 430
209 431
209 432
209 433
209 434
209 435
238 423
239 423
239 424
239 425
239 426
239 427
239 428
239 429
239 430
239 431
239 432
239 433
239 434
239 435
237 424
236 425
235 426
234 427
233 428
232 429
231 430
230 431
229 432
228 433
227 434
226 435
225 436
224 436
254 423
254 424
254 425
254 426
254 427
254 428
254 429
254 430
254 431
254 432
254 433
254 434
254 435
269 424
269 425
269 426
269 427
269 428
269 429
269 430
269 431
269 432
269 433
269 434
269 435
269 436
284 435
284 434
284 433
284 432
284 431
284 430
284 429
284 428
284 427
284 426
284 425
284 424
284 423
284 422
300 452
301 453
302 454
303 455
304 456
305 457
306 458
307 459
308 460
309 461
310 462
311 463
312 464
313 464
312 465
311 466
310 467
309 468
308 469
308 470
308 471
308 472
308 473
308 474
308 475
308 476
308 477
307 477
306 477
305 477
304 477
303 477
302 477
301 477
300 477
299 477
298 477
297 477
296 477
295 477
294 477
293 476
307 478
308 478
308 479
308 480
308 481
308 482
308 483
308 484
308 485
308 486
308 487
308 488
308 489
308 490
308 491
308 492
306 479
305 480
304 481
303 482
302 483
301 484
300 485
299 486
298 487
297 488
296 489
295 490
294 491
293 491
333 426
333 427
333 428
333 429
348 427
348 428
348 429
365 420
364 421
363 422
363 423
363 424
363 425
363 426
363 427
363 428
363 429
363 430
363 431
368 419
369 419
370 419
371 419
372 419
373 419
374 419
375 418
376 417
377 416
378 415
378 414
378 413
378 412
378 411
378 410
378 409
378 408
378 407
378 406
378 405
378 404
378 403
378 402
378 401
378 400
378 399
378 398
378 397
377 396
376 395
375 394
374 393
373 392
372 391
395 445
395 446
395 447
395 448
395 449
395 450
395 451
395 452
395 453
395 454
395 455
395 456
395 457
395 458
395 459
396 460
397 461
398 462
399 463
400 464
401 465
401 466
401 467
401 468
401 469
401 470
401 471
401 472
401 473
401 474
401 475
401 476
401 477
402 477
403 477
404 477
405 477
406 477
407 477
408 477
409 477
410 477
411 477
412 477
413 477
414 477
415 477
416 477
400 478
399 479
398 480
397 481
396 481
395 481
394 481
393 481
392 481
391 481
390 482
389 482
388 482
387 482
386 482
385 482
384 482
383 482
382 482
381 482
380 482
379 482
378 482
377 482
376 482
375 482
374 482
373 482
372 482
371 482
370 482
369 482
368 482
367 482
366 482
365 482
364 482
363 482
362 482
361 482
360 482
359 482
358 482
357 482
356 482
355 482
354 482
353 482
352 482
351 482
350 482
349 482
348 482
347 482
346 482
345 482
344 482
343 482
342 482
341 482
340 482
339 482
338 482
337 482
336 482
335 482
334 482
333 482
332 482
331 482
345 483
344 484
343 485
342 486
341 487
341 488
341 489
341 490
341 491
341 492
341 493
341 494
341 495
341 496
341 497
340 498
339 499
338 500
337 501
336 502
335 503
334 504
333 505
332 506
332 507
360 483
359 484
358 485
357 486
356 487
356 488
356 489
356 490
356 491
356 492
356 493
356 494
356 495
356 496
356 497
355 498
355 499
355 500
355 501
355 502
355 503
355 504
355 505
355 506
355 507
355 508
355 509
355 510
355 511
355 512
375 483
374 484
373 485
372 486
371 487
371 488
371 489
371 490
371 491
371 492
371 493
371 494
371 495
371 496
371 497
372 498
373 499
374 500
374 501
374 502
374 503
374 504
374 505
374 506
374 507
374 508
376 481
376 480
376 479
376 478
376 477
376 476
376 475
376 474
376 473
375 472
374 471
373 470
372 469
371 468
370 467
369 467
368 467
367 467
366 467
365 467
364 467
363 467
362 467
361 467
360 467
359 467
358 467
357 467
356 467
355 467
354 467
353 467
352 467
351 467
350 467
349 467
348 467
347 467
346 467
345 467
344 467
343 467
342 467
341 467
340 467
355 466
355 465
355 464
355 463
355 462
355 461
355 460
355 459
355 458
355 457
355 456
355 455
355 454
355 453
354 452
392 482
393 483
394 484
395 485
396 486
397 487
398 488
399 489
400 490
401 491
402 492
402 493
403 493
404 493
405 493
406 493
407 493
408 493
409 493
410 493
411 493
412 493
413 493
414 493
415 493
416 492
423 438
422 439
421 440
420 441
419 442
418 443
417 444
416 445
415 446
414 447
413 448
412 449
411 450
410 451
410 452
424 436
423 435
422 434
421 433
420 432
419 431
418 430
417 429
416 428
415 427
414 426
413 425
412 424
411 423
410 422
439 436
438 435
437 434
436 433
435 432
434 431
433 430
432 429
431 428
430 427
429 426
428 425
427 424
426 423
425 422
454 436
453 435
452 434
451 433
450 432
449 431
448 430
447 429
446 428
445 427
444 426
443 425
442 424
441 423
440 422
469 436
468 435
467 434
466 433
465 432
464 431
463 430
462 429
461 428
460 427
459 426
458 425
457 424
456 423
456 422
455 422
457 422
458 422
459 422
460 422
461 422
462 422
463 422
464 422
465 422
466 422
467 422
468 422
469 421
470 420
471 420
472 420
473 420
474 420
475 420
476 420
477 420
478 420
479 420
480 420
481 420
482 420
483 420
484 420
485 420
514 436
513 435
512 434
511 433
510 432
509 431
508 430
507 429
506 428
505 427
504 426
503 425
502 424
501 423
501 422
500 422
502 422
503 422
504 422
505 422
506 422
507 422
508 422
509 422
510 422
511 422
512 422
513 422
514 422
515 421
559 436
559 435
559 434
559 433
559 432
559 431
559 430
559 429
559 428
559 427
559 426
559 425
559 424
559 423
558 423
557 423
556 423
555 423
554 423
553 423
552 423
551 423
550 423
549 423
548 423
547 423
546 423
545 422
544 422
543 422
542 422
541 422
540 422
539 422
538 422
537 422
536 422
535 422
534 422
533 422
532 422
531 422
530 422
545 421
545 420
545 419
545 418
545 417
545 416
545 415
545 414
545 413
545 412
546 411
547 410
548 409
549 408
550 407
605 430
606 431
606 432
606 433
606 434
606 435
606 436
606 437
606 438
606 439
606 440
606 441
606 442
599 385
600 386
601 387
602 388
603 389
604 390
605 391
606 392
607 392
608 392
609 392
610 392
611 392
612 392
613 392
613 391
613 390
613 389
613 388
613 387
613 386
614 385
615 384
616 383
616 382
616 381
617 380
618 379
619 378
620 377
621 376
622 375
623 374
624 373
625 372
626 371
627 370
617 384
618 385
619 385
620 385
621 385
622 385
623 385
624 385
625 385
626 385
627 385
628 385
629 385
630 385
631 385
632 385
633 385
634 385
635 385
636 385
637 385
638 385
639 385
640 385
641 385
642 385
643 385
644 385
645 385
646 385
632 386
633 387
634 388
635 389
636 390
637 391
638 392
639 393
640 394
641 395
642 396
643 397
643 398
643 399
643 400
642 401
641 402
641 403
641 404
641 405
641 406
641 407
641 408
641 409
641 410
641 411
641 412
640 412
639 411
638 410
637 409
636 408
635 407
634 406
633 405
632 404
631 403
630 402
629 401
628 400
627 401
626 402
626 403
626 404
626 405
626 406
626 407
626 408
626 409
626 410
626 411
626 412
626 413
626 414
641 413
597 178
598 179
599 180
599 181
599 182
599 183
599 184
599 185
599 186
599 187
599 188
599 189
599 190
599 191
599 192
598 193
597 194
596 195
595 196
594 197
593 198
592 199
591 200
591 201
591 202
591 203
591 204
591 205
591 206
591 207
592 208
593 209
594 210
595 211
596 212
597 213
598 214
599 215
600 216
601 217
602 217
602 218
602 219
601 220
600 221
599 222
598 222
597 222
596 222
595 222
594 222
593 222
592 222
591 222
603 220
604 221
605 222
606 223
606 224
606 225
606 226
606 227
606 228
606 229
606 230
606 231
606 232
606 233
606 234
607 234
608 234
609 234
610 234
611 234
612 234
613 234
614 234
615 234
616 234
617 234
618 234
619 234
620 234
621 234
622 234
623 234
624 234
625 234
626 234
627 234
628 234
629 234
630 234
631 234
632 234
633 234
622 235
623 236
624 237
625 238
626 239
626 240
626 241
626 242
626 243
626 244
626 245
626 246
626 247
626 248
626 249
603 216
604 215
605 214
606 213
607 212
608 211
609 210
610 209
611 208
612 207
613 206
614 205
615 205
616 205
617 205
618 205
619 205
620 205
621 204
622 203
623 202
624 201
625 200
626 199
627 198
628 197
629 196
615 206
616 207
617 208
618 209
619 210
620 211
621 211
622 211
623 211
624 211
625 211
626 211
587 117
586 116
585 115
584 114
583 113
582 112
581 111
580 110
579 109
578 108
577 107
576 106
547 108
548 109
549 110
550 111
551 112
552 113
552 114
552 115
552 116
552 117
552 118
552 119
552 120
552 121
552 122
551 123
550 124
549 125
549 126
549 127
549 128
549 129
549 130
549 131
549 132
549 133
549 134
549 135
549 136
549 137
532 108
533 109
534 110
535 111
536 112
537 113
537 114
537 115
537 116
537 117
537 118
537 119
537 120
537 121
537 122
517 108
518 109
519 110
520 111
521 112
522 113
522 114
522 115
522 116
522 117
522 118
522 119
522 120
522 121
522 122
502 108
503 109
504 110
505 111
506 112
507 113
507 114
507 115
507 116
507 117
507 118
507 119
507 120
507 121
507 122
487 108
488 109
489 110
490 111
491 112
492 113
492 114
492 115
492 116
492 117
492 118
492 119
492 120
492 121
492 122
472 108
473 109
474 110
475 111
476 112
477 113
477 114
477 115
477 116
477 117
477 118
477 119
477 120
477 121
477 122
457 108
458 109
459 110
460 111
461 112
462 113
462 114
462 115
462 116
462 117
462 118
462 119
462 120
462 121
462 122
442 108
443 109
444 110
445 111
446 112
447 113
447 114
447 115
447 116
447 117
447 118
447 119
447 120
447 121
447 122
427 108
428 109
429 110
430 111
431 112
432 113
432 114
432 115
432 116
432 117
432 118
432 119
432 120
432 121
432 122
397 109
396 109
396 108
396 107
396 106
396 105
396 104
396 103
396 102
396 101
396 100
396 99
396 98
396 97
396 96
396 95
396 94
397 94
396 93
396 92
396 91
396 90
396 89
396 88
396 87
396 86
396 85
396 84
396 83
396 82
396 81
396 80
396 79
397 79
396 78
396 77
396 76
396 75
396 74
396 73
396 72
396 71
396 70
396 69
396 68
396 67
396 66
396 65
396 64
396 63
396 62
396 61
396 60
396 59
396 58
396 57
396 56
397 55
398 54
399 53
400 52
401 51
402 50
403 50
404 50
405 50
406 50
407 50
408 50
409 50
410 50
411 50
412 50
413 50
414 50
415 50
416 50
417 50
398 78
399 77
400 76
401 75
402 74
403 73
404 72
405 71
406 70
407 69
408 68
409 67
410 66
411 65
412 65
413 65
414 65
415 65
416 65
417 65
418 65
419 65
420 65
421 65
422 65
398 93
399 92
400 91
401 90
402 89
403 88
404 87
405 86
406 85
407 84
408 83
409 82
410 81
411 80
398 108
399 107
400 106
401 105
402 104
403 103
404 102
405 101
406 100
407 99
408 98
409 97
410 96
411 95
397 111
398 112
399 113
400 114
401 115
402 116
403 117
403 118
403 119
403 120
403 121
403 122
403 123
403 124
403 125
385 113
386 114
387 115
388 116
388 117
388 118
388 119
388 120
388 121
388 122
388 123
388 124
388 125
358 124
358 123
358 122
358 121
359 120
360 119
361 118
362 117
363 116
364 115
365 114
366 113
367 112
368 111
369 110
328 124
302 155
303 154
304 153
305 152
306 151
307 150
308 149
309 148
310 147
311 146
312 145
313 144
314 143
315 142
316 143
317 144
318 145
319 146
320 147
321 147
322 147
323 147
324 147
325 147
326 147
327 147
328 147
329 147
330 147
331 147
332 147
333 147
334 147
335 147
336 147
337 147
338 147
339 147
340 147
341 147
342 148
343 148
344 148
345 148
346 148
347 148
348 148
349 148
350 148
351 148
352 148
353 148
354 148
355 148
356 148
320 238
320 237
320 236
320 235
320 234
320 233
320 232
320 231
320 230
320 229
320 228
320 227
320 226
320 225
337 266
338 265
339 264
340 263
341 262
342 261
343 260
344 259
345 258
346 257
347 256
348 255
349 254
350 253
350 252
349 252
348 251
347 250
346 249
345 248
344 247
343 246
342 245
341 244
340 243
339 242
338 241
337 240
336 239
335 238
350 251
350 250
350 249
350 248
350 247
350 246
350 245
350 244
350 243
350 242
350 241
350 240
350 239
350 238
350 237
349 237
348 236
347 235
346 234
345 233
344 232
343 231
342 230
341 229
340 228
339 227
338 226
337 225
336 224
335 223
350 236
350 235
350 234
350 233
350 232
350 231
350 230
350 229
350 228
350 227
350 226
350 225
350 224
350 223
349 222
348 221
347 220
346 219
345 218
344 217
343 216
342 215
341 214
340 213
339 212
338 211
337 210
336 209
335 208
334 208
333 208
332 208
331 208
330 208
329 208
328 208
327 207
326 206
325 205
324 204
323 203
322 202
336 269
337 270
338 271
339 272
340 273
341 274
342 275
343 276
344 277
345 278
346 279
347 280
348 281
349 282
350 283
333 267
332 266
331 265
330 264
329 263
328 262
327 261
326 260
325 259
324 258
323 257
322 256
321 255
320 254
319 254
318 254
317 254
316 254
315 254
314 254
313 254
312 254
311 254
310 254
309 254
308 254
307 253
306 252
305 251
304 251
303 251
302 251
301 251
300 251
299 251
298 251
297 251
296 251
295 251
294 251
293 250
292 249
291 248
290 247
334 271
335 272
335 273
335 274
335 275
335 276
335 277
335 278
335 279
335 280
335 281
335 282
335 283
335 284
336 284
335 285
335 286
335 287
335 288
335 289
335 290
335 291
335 292
335 293
335 294
335 295
335 296
335 297
335 298
337 285
338 286
339 287
340 288
341 289
342 290
343 291
344 292
345 293
346 294
347 295
348 296
349 297
350 298
351 298
352 298
353 298
354 298
355 298
356 298
357 298
358 298
359 298
360 298
361 298
362 297
363 296
364 295
365 294
365 293
365 292
365 291
365 290
365 289
365 288
365 287
365 286
365 285
365 284
365 283
365 282
365 281
365 280
365 279
365 278
365 277
365 276
365 275
365 274
365 273
365 272
365 271
365 270
365 269
365 268
365 267
365 266
365 265
365 264
365 263
365 262
365 261
365 260
365 259
365 258
365 257
365 256
365 255
365 254
365 253
365 252
365 251
365 250
365 249
365 248
365 247
365 246
365 245
365 244
365 243
365 242
365 241
365 240
365 239
365 238
365 237
365 236
365 235
365 234
351 299
350 299
349 299
348 300
347 301
346 302
345 303
344 304
343 305
342 306
341 307
340 308
339 309
338 310
337 311
336 312
335 313
335 314
334 314
333 314
332 314
331 314
330 314
329 314
328 314
327 314
326 314
325 314
324 314
323 314
322 314
321 314
320 314
319 314
318 314
317 314
316 314
315 314
314 314
313 314
312 314
311 314
310 314
309 314
308 314
307 313
306 312
305 311
304 311
303 311
302 311
301 311
300 311
299 311
298 311
297 311
296 311
295 311
294 311
293 310
292 309
291 308
290 307
289 307
288 307
287 307
286 307
285 307
284 307
283 307
282 307
281 307
280 307
279 307
278 307
277 307
276 307
275 307
274 307
273 307
272 307
271 307
270 307
269 307
268 307
267 307
266 307
265 307
264 307
263 307
262 307
261 307
260 307
259 307
258 307
257 307
256 307
255 307
254 307
253 307
252 307
251 307
250 307
249 307
248 307
247 307
246 307
245 307
244 307
243 307
242 307
241 307
240 307
239 307
238 307
237 307
236 307
235 307
234 307
233 307
232 307
231 307
230 307
229 307
228 307
227 307
226 307
225 307
224 307
223 307
222 307
221 307
220 307
219 307
218 307
217 307
216 307
215 307
214 307
213 307
212 307
211 307
210 307
209 307
208 307
207 307
206 307
205 307
204 307
203 307
202 307
201 307
200 307
199 307
198 307
197 307
196 307
195 307
194 307
193 307
192 307
191 307
190 307
189 307
188 307
187 307
186 307
185 307
199 306
198 305
197 304
196 303
195 302
194 301
193 300
192 299
191 298
190 297
189 296
188 295
187 294
186 293
185 292
184 292
183 292
182 292
181 292
180 292
179 292
178 292
177 292
176 292
175 292
174 292
173 292
172 292
171 291
170 290
169 290
169 291
168 291
167 291
166 291
165 291
164 291
163 291
162 291
161 291
160 291
159 291
158 291
157 291
156 291
155 291
154 292
154 293
154 294
154 295
154 296
154 297
154 298
154 299
154 300
154 301
154 302
154 303
154 304
154 305
154 306
153 307
153 308
153 309
153 310
153 311
153 312
153 313
153 314
153 315
153 316
153 317
153 318
153 319
153 320
153 321
154 322
155 323
156 324
157 325
158 326
159 327
160 328
161 329
162 330
163 330
162 331
161 332
160 333
159 334
158 335
157 336
156 336
155 336
154 336
153 336
154 337
155 338
156 339
157 340
158 341
159 342
160 343
161 344
162 345
163 345
164 345
165 345
166 345
165 346
164 347
163 348
162 349
161 350
160 351
159 352
158 352
157 352
156 352
155 352
154 352
153 352
152 352
151 352
152 353
152 354
152 355
152 356
152 357
152 358
152 359
152 360
152 361
152 362
152 363
152 364
152 365
152 366
152 367
153 368
154 369
155 370
156 371
157 372
158 373
159 374
160 375
161 376
162 377
163 377
164 377
165 377
166 377
167 376
168 375
169 374
170 373
171 372
172 371
173 370
174 369
175 368
176 367
177 366
177 365
176 365
175 365
174 365
173 365
172 365
171 365
170 365
169 364
168 363
168 362
167 362
169 362
170 361
171 360
172 359
173 358
174 357
175 356
176 355
177 354
178 353
179 352
180 351
181 350
182 350
183 350
184 350
185 350
186 350
187 350
188 350
189 350
190 350
191 350
192 350
193 350
194 349
195 348
196 347
197 346
198 345
199 344
200 343
201 342
202 341
203 340
204 339
205 338
206 337
181 349
181 348
181 347
181 346
181 345
181 344
181 343
181 342
181 341
181 340
182 339
183 338
184 337
178 365
179 365
180 365
181 365
182 365
183 365
184 365
185 365
186 365
187 365
188 365
189 365
190 365
191 365
192 365
193 365
194 366
195 367
196 367
197 367
198 367
199 367
200 367
201 367
202 367
203 367
204 367
203 368
202 369
201 370
200 371
199 372
198 373
197 374
196 375
196 376
196 377
196 378
196 379
196 380
196 381
196 382
195 382
194 382
193 382
192 382
191 382
190 382
189 382
188 382
187 382
186 382
185 382
184 382
183 382
182 382
181 382
180 383
180 384
180 385
180 386
180 387
180 388
180 389
180 390
180 391
180 392
180 393
180 394
180 395
180 396
180 397
181 397
182 397
183 397
184 397
185 397
186 397
187 397
188 397
189 397
190 397
191 397
192 397
205 368
206 369
207 370
208 371
209 372
210 373
211 374
211 375
211 376
211 377
211 378
211 379
211 380
211 381
211 382
212 383
213 383
214 383
215 383
216 383
217 383
218 383
219 383
220 383
221 383
222 383
223 383
224 383
225 383
226 383
227 383
228 383
229 383
230 383
231 383
232 383
233 383
234 383
235 383
236 383
237 383
238 383
239 383
240 383
241 383
242 383
243 383
244 383
245 383
246 383
247 383
248 383
249 383
250 383
251 383
252 383
253 383
254 383
255 383
256 384
257 385
258 385
259 385
260 385
261 385
262 385
263 385
264 385
265 385
266 385
267 385
268 385
269 385
270 385
271 385
272 385
273 385
274 385
275 385
276 385
277 385
278 385
279 385
280 384
281 383
241 384
242 385
243 386
244 387
245 388
246 389
247 390
248 391
249 392
250 393
251 394
252 395
253 396
254 397
254 398
253 399
252 399
251 399
250 399
249 399
248 399
247 399
246 399
245 399
244 399
243 399
242 399
241 399
240 399
255 399
256 400
257 400
258 400
259 400
260 400
261 400
262 400
263 400
264 400
265 400
266 400
267 400
268 400
269 400
270 400
271 400
272 400
273 400
274 400
275 400
276 400
277 400
278 400
279 400
280 400
281 400
164 378
163 379
162 380
161 381
160 382
159 382
158 382
157 382
156 382
155 382
154 382
153 382
152 382
152 383
152 384
152 385
152 386
152 387
152 388
152 389
152 390
152 391
152 392
152 393
152 394
152 395
152 396
152 397
153 398
154 399
155 399
156 399
157 399
158 399
159 399
160 399
161 399
162 399
163 399
164 399
168 289
167 288
166 287
165 286
164 285
163 284
162 283
161 282
160 281
159 280
158 279
157 278
156 277
155 276
154 277
153 278
152 279
151 280
150 281
149 281
148 281
147 281
146 281
145 281
144 281
143 281
142 281
141 281
140 281
139 282
138 283
137 284
136 285
135 286
134 287
133 288
132 289
131 289
131 288
131 287
130 286
129 285
128 284
127 283
126 282
125 281
124 282
123 283
122 284
121 285
120 286
119 287
118 288
117 289
116 290
116 291
115 291
114 290
113 289
112 288
111 287
110 286
110 285
110 284
110 283
110 282
110 281
110 280
110 279
110 278
110 277
110 276
110 275
109 274
108 273
107 272
106 271
105 271
104 271
103 271
102 271
101 271
100 271
99 271
98 271
97 271
96 271
95 271
94 270
93 269
92 268
91 267
91 266
91 265
90 264
89 263
88 262
87 261
86 260
85 259
84 258
83 257
82 256
81 255
80 254
80 253
79 253
78 254
77 255
76 256
75 257
74 258
74 259
74 260
74 261
74 262
74 263
74 264
74 265
73 265
72 264
71 263
70 262
69 261
68 260
67 259
66 258
65 257
64 256
63 255
74 266
74 267
74 268
73 269
72 270
71 271
70 272
69 273
68 274
67 275
66 276
65 277
64 278
63 279
62 280
61 281
60 282
60 283
60 284
60 285
81 253
82 253
83 253
84 253
85 253
86 253
87 253
88 253
89 253
90 253
91 252
91 251
91 250
90 249
89 248
88 247
87 246
86 245
85 244
84 243
83 242
82 241
81 240
80 239
80 238
79 238
78 238
77 238
76 238
75 238
74 238
73 238
72 238
71 238
70 238
69 238
68 238
67 238
66 237
65 236
64 235
63 234
81 238
82 238
83 238
84 238
85 238
86 238
87 238
88 237
89 236
90 235
91 234
92 234
93 234
94 234
95 234
96 234
97 234
98 234
99 234
100 234
101 234
102 234
103 234
104 234
105 234
106 234
107 234
108 234
109 234
110 234
111 234
112 234
113 234
114 234
115 234
116 234
117 234
118 234
119 234
120 234
121 233
121 232
122 232
123 231
124 230
125 229
126 228
127 227
128 226
129 225
130 224
131 223
132 222
133 221
134 220
135 221
136 222
136 223
136 224
136 225
136 226
136 227
136 228
136 229
136 230
136 231
136 232
120 231
119 230
118 229
117 228
116 227
115 226
114 225
113 224
112 223
111 222
110 221
109 220
109 219
108 219
108 218
108 217
108 216
108 215
108 214
108 213
108 212
108 211
108 210
108 209
108 208
107 207
106 206
105 205
104 204
103 203
102 202
110 219
111 219
112 219
113 219
114 219
115 219
116 219
117 219
118 219
119 219
120 218
120 217
120 216
120 215
121 214
122 213
123 212
124 211
125 210
126 209
127 208
128 207
129 206
130 205
131 204
132 203
91 233
91 232
91 231
91 230
91 229
91 228
91 227
91 226
91 225
91 224
91 223
91 222
91 221
91 220
90 219
105 272
104 273
103 274
102 275
101 276
100 277
99 278
98 279
97 280
96 281
95 282
94 282
93 282
92 282
91 282
92 283
93 284
94 285
95 286
95 287
95 288
95 289
95 290
95 291
106 270
106 269
106 268
106 267
106 266
106 265
106 264
106 263
106 262
106 261
106 260
106 259
106 258
106 257
106 256
107 256
108 256
109 256
110 256
111 255
112 254
113 253
114 252
115 251
116 250
116 292
116 293
116 294
116 295
115 296
114 297
113 298
112 299
111 300
110 301
109 302
108 303
107 304
106 305
106 306
106 307
106 308
106 309
106 310
105 310
104 310
103 310
102 310
101 310
100 310
99 310
98 310
97 310
96 310
95 310
94 310
93 310
92 310
91 310
105 311
104 312
103 313
102 314
101 315
100 316
99 317
98 318
97 319
96 320
95 321
94 322
93 323
92 324
91 325
90 326
89 327
89 328
89 329
89 330
89 331
89 332
89 333
89 334
89 335
89 336
89 337
89 338
89 339
89 340
88 340
87 340
86 340
85 340
84 340
83 340
82 340
81 340
80 340
79 340
78 340
77 340
76 340
75 339
74 339
73 339
72 339
71 339
70 339
69 339
68 339
67 339
66 339
65 339
64 339
63 339
62 338
61 338
60 338
59 338
58 338
57 337
56 336
55 335
54 334
53 333
52 332
51 331
50 330
49 331
48 332
47 333
46 334
45 334
44 334
43 334
42 334
41 334
40 334
39 334
38 334
37 334
36 334
35 334
34 334
33 334
32 334
31 334
30 334
29 333
28 332
27 331
26 330
25 329
24 328
23 327
22 326
21 326
21 325
21 327
21 328
21 329
21 330
21 331
21 332
21 333
21 334
21 335
21 336
21 337
21 338
21 339
21 340
62 337
62 336
62 335
62 334
63 333
64 332
65 331
66 330
67 329
68 328
69 327
70 326
71 325
72 324
72 323
72 322
72 321
72 320
71 319
70 318
69 317
68 316
67 315
66 314
65 313
64 312
63 311
62 310
61 309
60 308
90 341
91 342
92 342
93 342
94 342
95 342
96 342
97 342
98 342
99 342
100 342
101 342
102 342
103 342
104 342
105 342
106 342
107 342
108 342
109 342
110 342
111 342
112 342
113 342
114 342
115 342
116 342
117 342
118 342
119 342
120 342
121 342
122 342
123 342
124 342
125 342
126 342
127 342
128 342
129 342
130 342
131 342
132 342
133 342
134 342
120 343
121 344
122 345
123 346
124 347
125 348
126 349
127 350
128 351
129 352
130 353
131 354
131 355
131 356
131 357
131 358
131 359
131 360
130 361
129 361
128 361
127 361
126 361
125 361
124 361
123 361
122 361
121 361
120 361
119 361
118 361
117 361
116 361
115 362
114 363
113 364
112 365
111 366
110 367
109 368
108 369
107 370
106 371
105 372
104 373
103 373
103 372
103 371
103 370
103 369
103 368
103 367
103 366
103 365
103 364
103 363
102 362
101 361
100 361
99 361
98 361
97 361
96 361
95 361
94 361
93 361
92 361
91 361
90 361
89 361
88 361
87 361
86 361
85 361
84 361
83 361
82 361
81 361
80 361
79 361
78 361
77 361
76 361
75 361
74 361
73 361
72 360
71 359
70 359
69 359
68 359
67 359
66 359
65 359
64 359
63 359
62 359
61 359
60 359
59 359
58 359
57 359
56 358
55 358
54 358
53 358
52 358
51 358
50 358
49 358
48 358
47 357
46 356
45 355
44 354
43 353
42 352
41 353
40 354
39 355
38 356
37 357
36 358
35 359
34 359
33 359
32 359
31 359
30 359
29 359
104 374
105 375
106 376
107 377
108 378
109 379
110 380
111 381
112 382
113 383
114 384
115 385
116 385
117 385
116 386
115 387
114 388
113 389
112 390
111 390
110 390
109 390
108 390
107 390
106 390
105 390
104 390
103 390
102 390
101 390
101 391
100 392
99 393
98 394
97 395
96 396
95 397
94 398
93 399
92 400
91 401
90 401
89 401
88 401
87 401
86 401
85 401
84 401
83 401
82 401
81 401
80 401
79 401
78 401
77 401
76 400
75 399
74 398
73 397
72 396
71 395
70 394
69 393
68 392
67 393
66 393
65 393
64 393
63 393
62 393
61 393
60 393
59 393
58 393
57 393
56 393
55 393
54 393
53 393
52 393
51 393
50 393
49 393
48 392
47 391
46 390
45 389
44 388
43 387
42 386
41 385
40 384
56 394
57 395
58 396
59 397
60 398
61 399
62 400
63 401
64 402
65 403
66 404
67 405
68 406
68 407
100 389
99 388
98 387
97 386
96 385
95 384
94 383
93 382
92 381
91 380
90 379
89 378
88 377
132 361
132 362
132 363
132 364
132 365
132 366
132 367
132 368
132 369
132 370
132 371
132 372
132 373
132 374
132 375
132 376
132 377
132 378
132 379
132 380
132 381
132 382
132 383
132 384
132 385
132 386
132 387
132 388
132 389
132 390
107 311
107 312
107 313
107 314
107 315
107 316
107 317
107 318
107 319
107 320
107 321
107 322
107 323
107 324
107 325
108 325
109 325
110 325
111 325
112 325
113 325
114 325
115 325
116 325
117 325
118 325
119 325
120 325
121 325
122 325
123 325
124 325
125 325
126 325
127 325
128 325
129 325
130 325
131 325
132 325
133 325
134 325
135 325
117 296
118 297
119 298
120 299
121 300
121 301
121 302
121 303
121 304
121 305
121 306
121 307
121 308
121 309
121 310
122 310
123 310
124 310
125 310
126 310
127 310
128 310
129 310
130 310
131 310
132 310
133 310
134 310
135 310
136 310
131 290
131 291
131 292
214 306
213 305
212 304
211 303
210 302
209 301
208 300
207 299
206 298
205 297
204 296
203 295
202 294
201 293
200 292
199 291
198 290
197 289
196 288
195 287
194 286
193 285
192 284
191 283
190 282
189 281
188 280
187 279
186 278
185 277
184 277
183 277
182 277
181 277
180 277
179 277
178 277
177 277
176 277
175 277
174 277
173 277
172 277
171 276
170 275
169 275
168 274
167 273
166 272
165 271
164 270
163 269
162 268
161 267
160 266
159 265
158 264
157 263
156 262
155 261
154 262
153 263
152 264
151 265
150 266
149 266
148 266
147 266
146 266
145 266
144 266
143 266
142 266
141 266
140 266
139 266
138 266
137 266
136 266
135 266
134 266
133 266
132 266
131 266
130 266
129 266
128 266
127 266
126 266
125 266
140 265
140 264
140 263
140 262
140 261
140 260
139 259
138 258
137 257
136 256
135 255
134 254
133 253
132 252
131 251
229 306
228 305
227 304
226 303
225 302
224 301
223 300
222 299
221 298
220 297
219 296
218 295
217 294
216 293
215 292
214 291
213 290
212 289
211 288
210 287
209 286
208 285
207 284
206 283
205 282
204 281
203 280
202 279
201 278
200 277
199 276
198 275
197 274
196 273
195 272
194 271
193 270
192 269
191 268
190 267
189 266
188 265
187 264
186 263
185 262
184 262
183 262
182 262
181 262
180 262
179 262
178 262
177 262
176 262
175 262
174 262
173 262
172 262
171 261
170 260
244 306
243 305
242 304
241 303
240 302
239 301
238 300
237 299
236 298
235 297
234 296
233 295
232 294
231 293
230 292
229 291
228 290
227 289
226 288
225 287
224 286
223 285
222 284
221 283
220 282
219 281
218 280
217 279
216 278
215 277
214 276
213 275
212 274
211 273
210 272
209 271
208 270
207 269
206 268
205 267
204 266
203 265
202 264
201 263
200 262
199 261
198 260
197 259
196 258
195 257
194 256
193 255
192 254
191 253
190 252
189 251
188 250
187 249
186 248
185 247
185 246
185 245
185 244
185 243
185 242
185 241
185 240
184 239
183 238
182 237
181 236
181 235
180 235
179 235
178 235
177 235
176 235
175 235
174 235
173 235
172 235
171 235
170 235
169 234
168 233
167 232
167 231
166 231
165 231
164 231
163 231
162 231
161 231
160 231
159 231
158 231
157 231
156 231
155 231
154 231
153 231
152 231
151 231
165 232
164 233
163 234
162 235
161 236
160 237
159 238
158 239
157 240
156 241
155 242
155 243
155 244
155 245
155 246
166 230
165 229
164 228
163 227
162 226
161 225
160 224
159 223
158 222
157 221
156 220
155 219
154 218
153 217
153 216
152 216
152 215
152 214
152 213
152 212
152 211
152 210
152 209
152 208
152 207
152 206
151 205
150 204
149 203
148 202
147 201
154 215
155 214
156 213
157 212
158 211
159 210
160 209
161 208
162 207
162 206
162 205
162 204
162 203
162 202
162 201
162 200
162 199
162 198
162 197
162 196
162 195
162 194
162 193
162 192
161 192
160 192
159 192
158 192
157 192
156 192
155 192
154 192
153 192
152 191
151 190
150 189
149 188
148 187
147 186
146 186
145 186
144 186
143 186
142 186
141 186
140 186
139 186
138 186
137 185
136 184
135 183
134 182
134 181
134 180
134 179
134 178
134 177
134 176
134 175
134 174
134 173
134 172
134 171
134 170
134 169
134 168
134 167
133 183
132 184
131 184
130 184
129 184
128 184
127 184
126 184
125 184
124 184
123 184
122 184
121 184
120 184
119 184
118 184
117 184
116 184
115 184
114 184
113 184
112 184
111 184
110 183
110 182
110 181
110 180
110 179
110 178
110 177
110 176
110 175
109 174
108 173
107 172
107 171
106 171
106 170
106 169
106 168
106 167
106 166
106 165
106 164
106 163
106 162
106 161
105 160
105 159
104 159
104 158
104 157
104 156
104 155
104 154
104 153
104 152
104 151
104 150
104 149
104 148
104 147
104 146
104 145
104 144
104 143
104 142
104 141
104 140
104 139
104 138
104 137
104 136
103 135
102 134
101 133
101 132
100 132
99 133
98 134
97 135
96 136
95 137
94 138
93 139
92 140
91 141
90 142
89 143
88 143
87 143
86 143
85 143
84 143
83 143
82 143
81 143
80 143
79 143
78 143
77 143
76 142
75 141
74 140
73 139
72 138
71 137
70 138
69 139
68 140
67 141
67 142
67 143
67 144
67 145
67 146
67 147
67 148
67 149
66 149
65 148
64 147
63 146
62 145
61 144
60 143
59 142
58 141
57 140
56 139
67 150
67 151
67 152
66 153
65 153
64 153
63 153
62 153
61 153
60 153
59 153
58 153
57 153
56 153
55 153
102 132
103 132
104 131
105 130
106 129
107 128
108 127
109 126
110 125
111 124
112 123
113 123
114 123
115 123
116 123
117 123
118 123
119 123
120 123
121 123
122 123
123 123
124 123
125 123
126 123
127 122
127 121
127 120
127 119
127 118
127 117
127 116
127 115
127 114
127 113
127 112
127 111
127 110
127 109
127 108
127 107
113 124
114 125
115 126
116 127
117 128
118 129
119 130
119 131
119 132
119 133
119 134
119 135
119 136
119 137
112 122
112 121
112 120
112 119
112 118
112 117
112 116
112 115
112 114
112 113
112 112
112 111
112 110
112 109
112 108
103 160
102 161
101 162
100 163
99 164
98 165
97 166
96 166
95 166
94 166
93 166
92 166
91 166
90 166
89 166
88 166
87 166
106 159
107 159
108 159
109 159
110 159
111 159
112 159
113 158
114 157
115 156
116 155
117 154
118 153
119 152
105 172
104 173
103 174
102 175
101 176
100 177
99 178
98 179
97 180
96 181
95 182
95 183
95 184
94 184
93 184
92 184
91 184
90 184
89 184
88 184
87 184
86 184
85 184
84 184
83 184
82 184
81 184
80 183
79 183
78 183
77 183
76 183
75 183
74 183
73 183
72 183
71 183
70 183
69 183
68 183
67 183
66 183
65 183
64 183
63 183
62 183
61 183
60 183
59 183
58 183
57 183
56 183
55 183
54 183
53 183
52 183
51 183
50 183
79 184
78 185
77 186
76 187
75 188
74 189
74 190
74 191
74 192
74 193
74 194
74 195
74 196
74 197
74 198
73 199
72 200
71 201
70 202
69 203
68 204
67 204
66 204
65 204
64 204
63 204
62 204
61 205
60 206
59 207
58 207
57 207
56 207
55 207
54 207
53 207
52 207
51 207
50 207
49 207
48 208
47 209
46 210
45 211
44 212
43 213
42 214
41 215
40 215
39 215
38 215
37 215
36 215
35 215
34 215
33 215
32 215
31 215
30 215
29 215
28 215
27 215
26 215
25 215
24 215
23 215
22 215
21 215
20 215
20 214
20 213
20 212
20 211
20 210
20 209
20 208
20 207
20 206
20 205
20 204
20 203
20 202
20 201
20 200
20 199
20 198
20 197
20 196
20 195
20 194
20 193
20 192
19 191
18 190
17 189
16 188
15 187
15 186
15 185
15 184
15 183
16 182
17 181
18 180
19 179
20 178
21 177
22 176
23 175
24 174
24 173
25 172
26 171
27 170
28 169
29 168
30 167
31 166
32 165
33 164
34 163
35 162
36 161
37 160
38 159
39 158
25 175
26 176
27 177
28 178
29 179
30 180
30 181
30 182
30 183
63 205
64 206
65 207
66 208
67 209
68 210
69 211
70 212
71 213
72 214
108 171
109 171
110 171
111 171
112 171
113 171
114 171
115 171
116 170
117 169
118 168
119 167
120 166
121 165
122 164
123 163
124 162
125 161
126 160
127 159
128 158
129 157
130 156
131 155
132 154
133 153
134 152
162 191
162 190
162 189
162 188
162 187
162 186
162 185
162 184
162 183
162 182
162 181
162 180
162 179
163 178
164 177
164 176
164 175
164 174
164 173
164 172
164 171
164 170
164 169
164 168
164 167
164 166
164 165
164 164
164 163
164 162
163 162
162 162
161 162
160 162
159 162
158 162
157 162
156 161
155 160
155 159
155 158
155 157
156 156
157 155
158 154
159 153
160 152
161 151
162 150
163 149
164 148
165 147
166 147
167 147
168 147
169 147
170 147
171 147
172 147
173 147
174 147
175 147
176 147
177 147
178 147
179 146
180 145
181 144
182 143
183 142
184 143
185 144
186 145
187 146
188 147
189 147
190 147
191 147
192 147
193 147
194 147
195 147
196 147
197 147
198 147
199 147
200 147
201 147
202 147
203 147
204 147
205 147
206 147
207 147
208 147
209 147
210 147
211 147
212 147
213 147
214 147
215 147
216 147
217 147
218 147
219 147
220 147
221 147
222 147
223 147
224 147
225 147
226 147
227 147
228 147
229 147
230 147
231 147
232 147
233 147
234 147
235 147
236 147
237 147
238 147
239 147
240 147
241 147
242 147
243 147
244 147
245 147
246 147
247 147
248 147
249 147
250 147
251 147
252 147
253 147
254 147
255 147
256 147
257 147
258 147
259 148
260 149
261 150
262 151
263 152
264 153
265 154
266 155
267 156
268 157
269 158
270 159
271 160
272 161
273 161
273 160
273 159
273 158
273 157
273 156
274 155
275 154
276 153
277 152
278 151
279 150
280 149
281 148
281 147
280 147
279 147
278 146
277 145
276 144
275 143
274 142
282 147
273 162
274 162
275 162
276 162
277 162
278 162
279 162
280 162
281 162
282 162
248 148
249 149
250 150
251 151
252 152
253 153
254 154
255 155
256 156
257 157
258 158
258 159
258 160
258 161
258 162
234 148
235 149
236 150
237 151
238 152
239 153
240 154
241 155
242 156
243 157
243 158
243 159
243 160
243 161
243 162
222 148
223 149
224 150
225 151
226 152
227 153
228 154
228 155
228 156
228 157
228 158
228 159
228 160
228 161
228 162
210 148
211 149
212 150
213 151
213 152
213 153
213 154
213 155
213 156
213 157
213 158
213 159
213 160
213 161
213 162
197 148
198 149
198 150
198 151
198 152
198 153
198 154
198 155
198 156
198 157
198 158
198 159
198 160
198 161
198 162
195 148
194 149
193 150
192 151
191 152
190 153
189 154
188 155
187 156
186 157
185 157
184 157
183 157
165 146
165 145
165 144
165 143
165 142
165 141
165 140
165 139
165 138
165 137
165 136
164 135
164 134
164 133
164 132
164 131
164 130
165 130
164 129
164 128
163 127
162 126
161 125
160 124
159 123
158 122
157 122
156 122
155 122
154 122
153 122
152 122
151 122
150 122
149 122
148 122
147 122
146 122
145 122
144 122
143 122
157 121
158 121
159 121
158 120
158 119
158 118
158 117
158 116
158 115
158 114
158 113
158 112
158 111
158 110
158 109
158 108
158 107
160 120
161 119
162 118
163 117
164 116
165 115
166 114
167 113
168 112
169 111
170 110
171 109
172 108
173 107
156 120
155 119
154 118
153 117
152 116
151 115
150 114
149 113
148 112
147 111
146 110
145 109
144 108
143 107
166 129
167 128
168 127
169 126
170 125
171 124
172 123
173 122
174 121
175 120
176 119
177 118
178 117
179 116
180 115
181 114
182 113
183 112
184 111
185 110
186 109
187 108
188 107
189 107
190 107
191 107
192 107
193 107
194 107
195 107
196 107
197 107
198 107
199 107
200 107
201 107
202 107
203 107
204 108
205 109
206 110
207 111
207 112
207 113
207 114
207 115
207 116
207 117
207 118
207 119
207 120
207 121
207 122
207 123
207 124
208 124
209 124
210 124
211 124
212 124
213 124
214 124
215 124
216 124
217 124
218 124
219 124
220 124
221 124
222 124
223 124
224 124
225 124
226 124
227 124
228 124
229 124
230 124
231 124
232 124
233 124
234 124
235 124
236 124
237 124
238 124
239 124
240 124
241 124
242 124
243 124
244 124
245 124
246 124
247 124
248 124
249 124
250 124
251 124
252 124
253 124
254 124
255 124
256 124
257 124
258 124
259 124
260 124
261 124
262 124
263 124
264 124
265 124
266 124
267 124
268 124
269 124
270 124
271 124
272 124
273 124
274 124
275 124
276 124
277 124
278 124
279 124
280 124
281 123
282 122
282 121
281 121
280 120
279 119
278 118
277 117
276 116
275 115
274 114
273 113
272 112
271 111
270 110
269 109
268 108
267 107
282 120
282 119
282 118
282 117
282 116
282 115
282 114
282 113
282 112
282 111
282 110
282 109
282 108
282 107
238 123
239 122
240 121
241 120
242 119
243 118
244 117
245 116
246 115
247 114
248 113
249 112
250 111
251 110
251 109
250 109
249 109
248 109
247 109
246 109
245 109
244 109
243 109
242 109
241 109
240 109
239 109
238 108
237 107
236 107
235 107
234 107
233 107
232 107
231 107
230 107
229 107
228 107
227 107
226 107
225 107
224 107
223 107
222 107
252 109
174 123
175 124
176 124
177 124
178 124
179 124
180 124
181 124
182 124
183 124
184 124
185 124
186 124
187 124
188 124
163 136
162 137
161 138
160 139
159 140
158 141
157 142
156 143
155 144
154 145
153 145
152 145
165 162
168 230
169 229
170 228
171 227
172 226
173 225
174 224
175 223
176 222
177 221
178 220
179 220
180 220
181 220
182 220
183 220
184 220
185 220
186 220
187 220
188 220
189 220
190 219
191 218
192 217
193 216
194 215
195 214
196 213
197 212
198 211
199 210
200 209
201 208
202 207
203 206
204 205
205 204
206 203
207 202
207 201
207 200
207 199
207 198
207 197
207 196
207 195
207 194
207 193
206 192
205 191
204 190
203 190
203 191
202 192
201 193
200 194
199 195
198 196
197 197
196 198
195 199
194 200
193 201
192 202
202 189
201 188
200 187
199 186
198 185
197 184
196 183
195 182
194 181
193 180
192 181
191 182
190 183
189 184
188 185
187 186
186 187
185 187
184 187
183 187
178 219
178 218
178 217
178 216
178 215
178 214
178 213
178 212
178 211
178 210
178 209
178 208
178 207
178 206
177 205
182 235
183 235
184 235
185 235
186 235
187 235
188 235
189 235
190 234
191 233
192 232
193 231
194 230
195 229
196 228
197 227
198 226
199 225
200 224
201 223
202 222
203 221
204 220
205 219
206 218
207 217
259 306
258 305
257 304
256 303
255 302
254 301
253 300
252 299
251 298
250 297
249 296
248 295
247 294
246 293
245 292
244 291
243 290
242 289
241 288
240 287
239 286
238 285
237 284
236 283
235 282
234 281
233 280
232 279
231 278
230 277
229 276
228 275
227 274
226 273
225 272
224 271
223 270
222 269
221 268
220 267
219 266
218 265
217 264
216 263
215 262
214 261
213 260
212 259
211 258
210 257
209 256
208 255
207 254
206 253
205 252
204 251
203 250
202 249
201 248
200 247
274 306
273 305
272 304
271 303
270 302
269 301
268 300
267 299
266 298
265 297
264 296
263 295
262 294
261 293
260 292
259 291
258 290
257 289
256 288
255 287
254 286
253 285
252 284
251 283
250 282
249 281
248 280
247 279
246 278
245 277
244 276
243 275
242 274
241 273
240 272
239 271
238 270
237 269
236 268
235 267
234 266
233 265
232 264
231 263
230 262
229 261
228 260
227 259
226 258
225 257
224 256
223 255
222 254
221 253
220 252
219 251
218 250
217 249
216 248
215 247
215 246
215 245
215 244
215 243
215 242
215 241
215 240
214 239
213 238
212 237
211 236
210 235
209 234
208 233
207 232
289 306
288 305
287 304
286 303
285 302
284 301
283 300
282 299
281 298
280 297
279 296
278 295
277 294
276 293
275 292
274 291
273 290
272 289
271 288
270 287
269 286
268 285
267 284
266 283
265 282
264 281
263 280
262 279
261 278
260 277
259 276
258 275
257 274
256 273
255 272
254 271
253 270
252 269
251 268
250 267
249 266
248 265
247 264
246 263
245 262
244 261
243 260
242 259
241 258
240 257
239 256
238 255
237 254
236 253
235 252
234 251
233 250
232 249
231 248
230 247
230 246
230 245
230 244
230 243
230 242
230 241
230 240
229 239
228 238
227 237
226 236
225 235
224 234
223 233
222 232
289 308
288 309
287 310
286 311
285 312
284 313
283 314
282 315
281 316
281 317
281 318
281 319
281 320
281 321
281 322
280 322
279 322
278 322
277 322
276 322
275 322
274 322
273 322
272 322
271 322
270 322
269 322
268 322
267 322
266 322
265 322
264 322
263 322
262 322
261 322
260 322
259 322
258 322
257 322
256 322
255 322
254 322
253 322
252 322
251 322
250 322
249 322
248 322
247 322
246 322
245 322
244 322
243 322
242 322
241 322
240 322
239 322
238 322
237 322
236 322
235 322
234 322
233 322
232 322
231 322
230 322
229 322
228 322
227 322
226 322
225 322
224 322
223 322
222 322
221 322
220 322
219 322
218 322
217 322
216 322
215 322
214 322
213 322
212 322
211 322
210 322
209 322
208 322
207 322
206 322
205 322
204 322
203 322
202 322
201 322
200 322
199 322
198 322
197 322
196 322
195 322
194 322
193 322
192 322
191 322
190 322
189 322
188 322
187 322
186 322
185 322
184 322
183 322
182 322
181 322
180 322
179 322
178 321
177 320
176 319
175 318
174 317
173 316
172 315
171 314
170 313
235 323
234 324
233 325
232 326
231 327
230 328
229 329
228 330
227 331
226 332
225 333
224 334
223 335
222 336
221 337
250 323
249 324
248 325
247 326
246 327
245 328
244 329
243 330
242 331
241 332
240 333
239 334
238 335
237 336
236 337
265 323
264 324
263 325
262 326
261 327
260 328
259 329
258 330
257 331
256 332
255 333
254 334
253 335
252 336
251 337
250 338
249 339
248 340
247 341
246 342
245 343
244 344
243 345
242 346
241 347
240 348
239 349
238 350
238 351
238 352
237 352
236 352
235 352
234 352
233 352
232 352
231 352
230 352
229 352
228 352
227 352
226 352
225 352
224 352
223 352
222 352
221 352
220 352
219 352
218 352
217 352
216 352
215 352
214 352
213 352
212 352
211 352
210 352
209 352
239 353
239 354
239 355
239 356
239 357
239 358
239 359
239 360
239 361
239 362
239 363
239 364
239 365
239 366
239 367
238 367
237 367
236 367
235 367
234 367
233 367
232 367
231 367
230 367
229 367
228 367
240 367
241 367
242 367
243 367
244 367
245 367
246 367
247 367
248 367
249 367
250 367
251 367
280 323
281 323
281 324
281 325
281 326
281 327
281 328
281 329
281 330
281 331
281 332
281 333
281 334
281 335
281 336
281 337
280 338
280 339
280 340
280 341
280 342
280 343
280 344
280 345
280 346
280 347
280 348
280 349
280 350
280 351
280 352
279 352
278 352
277 352
276 352
275 352
274 352
273 352
272 352
271 352
270 352
269 352
268 352
267 352
266 352
265 352
264 352
263 352
262 352
261 352
260 352
259 352
258 352
257 352
256 352
255 352
254 352
253 352
281 353
281 354
281 355
281 356
281 357
281 358
281 359
281 360
281 361
281 362
281 363
281 364
281 365
281 366
281 367
280 367
279 367
278 367
277 367
276 367
275 367
274 367
273 367
272 367
271 367
270 367
269 367
268 367
267 367
279 324
278 325
277 326
276 327
275 328
274 329
273 330
272 331
271 332
270 333
269 334
268 335
267 336
266 337
335 315
335 316
335 317
335 318
335 319
335 320
335 321
335 322
335 323
335 324
335 325
335 326
335 327
335 328
335 329
334 329
333 329
332 329
331 329
330 329
329 329
328 329
327 329
326 329
325 329
324 329
323 329
322 329
321 329
320 329
320 330
320 331
320 332
320 333
320 334
320 335
320 336
320 337
320 338
320 339
320 340
320 341
320 342
320 343
320 344
319 345
318 346
317 347
316 348
315 349
314 350
313 351
312 352
311 353
310 354
309 355
308 356
307 356
307 355
307 354
307 353
307 352
307 351
307 350
307 349
307 348
306 347
305 346
304 345
303 344
302 343
302 342
302 341
302 340
302 339
302 338
302 337
302 336
302 335
302 334
302 333
302 332
302 331
302 330
302 329
302 328
307 357
306 358
305 359
304 360
303 361
303 362
303 363
303 364
303 365
303 366
303 367
303 368
303 369
303 370
304 371
305 372
306 373
306 374
306 375
306 376
306 377
306 378
306 379
306 380
306 381
306 382
305 383
304 384
304 385
304 386
304 387
304 388
304 389
304 390
304 391
304 392
304 393
304 394
304 395
304 396
304 397
308 358
309 359
310 360
311 361
312 362
313 363
314 364
315 365
316 366
317 367
318 368
319 369
320 369
321 369
322 369
323 369
324 369
325 369
326 369
327 369
328 368
329 367
330 366
331 365
332 364
333 363
334 362
335 363
336 364
337 365
338 366
338 367
338 368
338 369
338 370
338 371
338 372
338 373
338 374
338 375
338 376
339 377
340 378
341 379
342 380
343 381
344 382
345 383
346 384
347 385
348 386
349 386
350 386
351 386
352 386
353 386
353 385
353 384
353 383
353 382
353 381
353 380
353 379
353 378
353 377
353 376
353 375
353 374
353 373
353 372
353 371
354 371
353 370
353 369
353 368
353 367
353 366
353 365
352 364
351 363
350 362
349 361
355 370
356 369
357 368
358 367
359 366
360 365
361 364
362 363
363 362
364 361
353 387
353 388
353 389
353 390
353 391
353 392
353 393
353 394
353 395
353 396
353 397
353 398
353 399
353 400
353 401
335 330
335 331
335 332
335 333
335 334
335 335
335 336
335 337
335 338
335 339
335 340
335 341
335 342
335 343
336 329
337 330
338 331
339 332
340 333
341 334
342 335
343 336
344 337
345 338
346 339
347 340
348 341
349 342
350 343
351 343
352 343
353 343
354 343
355 343
356 343
357 343
358 343
359 343
360 343
361 343
362 342
363 341
364 340
365 339
366 339
367 339
368 339
369 339
370 339
371 339
372 339
373 339
374 339
375 338
376 337
377 336
378 335
379 334
380 333
381 333
382 333
383 333
384 332
385 331
386 330
387 329
388 328
389 327
390 326
391 325
392 324
393 323
394 322
395 321
395 320
396 319
397 318
398 317
399 316
400 315
401 314
402 313
403 312
404 311
405 310
405 309
404 309
403 309
402 309
401 309
400 309
399 309
398 309
397 308
396 307
395 306
406 309
406 308
406 307
406 306
406 305
406 304
406 303
406 302
406 301
406 300
406 299
406 298
407 297
408 296
409 295
410 294
336 314
337 315
338 316
339 317
340 318
341 319
342 320
343 321
344 322
345 323
346 324
347 325
348 326
349 327
350 328
351 328
352 328
353 328
354 328
355 328
356 328
357 328
358 328
359 328
360 328
361 328
362 327
363 326
364 325
365 324
366 324
367 324
368 324
369 324
370 324
371 324
372 324
373 324
374 324
375 323
376 322
377 321
378 320
379 319
380 318
350 300
350 301
350 302
350 303
350 304
350 305
350 306
350 307
350 308
350 309
350 310
350 311
350 312
350 313
352 300
353 301
354 302
355 303
356 304
357 305
358 306
359 307
360 308
361 309
362 309
363 309
364 309
365 309
366 309
367 309
368 309
369 309
370 309
371 309
372 309
373 309
374 309
375 308
376 307
377 306
378 305
379 304
380 303
381 303
382 303
383 303
384 302
385 301
386 300
387 299
388 298
389 297
390 296
391 295
392 294
393 293
394 292
395 291
396 291
397 291
398 291
399 290
400 289
401 288
402 287
403 286
404 285
405 284
406 283
407 282
408 281
409 280
410 279
380 302
380 301
380 300
380 299
380 298
380 297
380 296
380 295
380 294
380 293
380 292
380 291
380 290
380 289
380 288
381 288
382 288
383 288
384 287
385 286
386 285
387 284
388 283
389 282
390 281
391 280
392 279
393 278
394 277
395 276
396 276
397 276
398 276
399 275
400 274
401 273
402 272
403 271
404 270
405 269
406 268
407 267
408 266
409 265
410 264
380 287
380 286
380 285
380 284
380 283
380 282
380 281
380 280
380 279
380 278
380 277
380 276
380 275
380 274
380 273
381 273
382 273
383 273
384 272
385 271
386 270
387 269
388 268
389 267
390 266
391 265
392 264
393 263
394 262
395 261
396 261
397 261
398 261
399 260
400 259
401 258
402 257
403 256
404 255
405 254
406 253
407 252
408 251
409 250
410 249
380 272
380 271
380 270
380 269
380 268
380 267
380 266
380 265
380 264
380 263
380 262
380 261
380 260
380 259
380 258
381 258
382 258
383 258
384 257
385 256
386 255
387 254
388 253
389 252
390 251
391 250
392 249
393 248
394 247
395 246
396 245
397 244
398 243
399 242
400 241
401 240
402 239
403 238
404 237
405 236
406 235
406 234
405 234
404 234
403 234
402 234
401 234
400 234
399 234
398 234
397 233
396 232
395 231
395 230
395 229
395 228
395 227
395 226
395 225
395 224
395 223
395 222
395 221
395 220
395 219
395 218
394 217
393 217
392 217
391 217
390 217
389 217
388 217
387 217
386 217
385 217
384 217
383 216
382 215
381 214
380 213
379 213
378 213
377 213
376 213
375 213
374 213
373 212
372 211
371 210
370 209
369 208
368 207
367 206
366 205
365 204
393 218
392 219
391 220
390 221
389 222
388 223
387 224
386 225
385 226
384 227
383 228
382 228
381 228
380 228
379 228
378 228
377 228
376 228
375 228
374 228
373 227
372 226
371 225
370 224
369 223
368 222
367 221
366 220
365 219
364 219
363 219
362 219
361 219
360 218
359 217
358 216
357 215
356 214
355 213
354 212
353 211
352 210
351 209
350 208
407 234
380 257
380 256
380 255
380 254
380 253
380 252
380 251
380 250
380 249
380 248
380 247
380 246
380 245
380 244
380 243
831
320 269
305 266
290 262
275 247
267 232
252 217
237 202
305 281
290 277
275 262
260 247
252 232
237 217
222 202
222 189
320 284
305 296
290 292
275 277
260 262
245 247
237 232
222 217
320 299
335 268
350 268
335 253
320 239
305 236
297 231
282 232
267 217
252 202
249 187
237 187
260 187
268 181
282 217
267 202
282 202
284 187
304 216
304 201
300 186
300 171
300 156
300 141
301 126
301 111
301 94
312 92
312 79
312 64
298 49
286 55
297 64
284 70
297 79
313 49
331 59
346 54
361 45
375 38
361 60
376 59
361 75
376 74
346 39
331 35
359 30
346 69
334 74
346 84
359 90
316 112
331 112
354 110
343 125
358 125
373 125
384 112
396 110
411 110
426 107
441 107
456 107
471 107
486 107
501 107
516 107
531 107
546 107
561 107
572 121
582 130
587 118
602 117
591 103
597 132
597 147
598 162
613 158
625 147
640 144
644 159
629 162
628 177
625 132
596 177
581 176
580 191
566 197
553 204
549 189
553 219
539 220
538 206
523 205
508 205
493 205
478 205
463 205
455 192
441 190
441 175
431 165
427 150
412 143
397 143
382 143
374 150
442 142
455 145
441 160
455 160
467 160
477 157
471 145
482 142
497 142
512 142
523 143
516 157
505 161
493 157
494 175
482 172
470 175
513 175
528 158
542 159
548 172
557 159
571 157
582 145
582 160
448 205
433 205
418 205
413 190
398 195
397 180
382 175
367 169
367 184
352 184
337 184
322 181
322 166
337 166
352 167
383 190
409 173
426 190
412 214
442 220
427 220
442 235
431 250
433 265
433 280
427 235
469 190
484 190
499 190
514 190
534 191
538 234
553 234
538 249
553 249
553 264
552 279
537 275
538 264
552 294
537 296
537 309
552 309
539 324
533 339
518 339
503 339
488 339
473 339
458 352
443 342
441 327
426 314
426 329
411 335
441 312
430 297
445 297
460 306
475 306
460 321
475 321
490 321
505 321
520 320
505 306
507 296
504 281
519 281
522 269
520 305
522 296
490 306
463 291
463 269
448 268
448 282
474 278
478 268
478 253
475 239
460 239
446 250
475 224
490 224
460 224
490 239
505 239
505 224
520 224
520 239
491 263
504 266
519 254
489 277
463 254
478 291
443 357
428 350
413 350
398 350
390 365
379 357
382 372
368 376
405 365
409 374
443 372
456 384
467 384
478 384
490 384
502 389
514 389
514 404
525 404
499 404
484 403
472 399
493 369
482 369
468 369
501 374
516 369
443 388
431 387
456 399
443 403
430 402
428 372
458 339
473 354
488 354
503 354
518 354
535 354
548 339
550 354
554 324
576 206
576 221
576 236
591 237
576 251
591 252
602 253
591 267
590 282
605 283
606 268
621 268
625 283
576 266
575 281
575 296
590 297
575 311
590 312
575 326
590 327
605 327
605 313
605 299
615 341
630 342
628 355
626 327
620 313
625 299
600 339
589 341
575 341
567 348
585 354
582 369
600 354
597 369
598 384
583 399
571 387
556 386
549 373
541 388
530 389
583 384
598 399
583 414
598 414
589 429
604 429
591 444
578 444
574 430
559 437
544 437
529 437
514 437
499 437
484 437
469 437
454 437
439 437
424 437
409 437
395 444
393 429
395 420
404 403
378 430
366 419
353 416
338 417
323 416
335 399
318 429
303 420
303 435
313 449
299 451
284 436
269 422
254 422
239 422
224 421
209 421
194 421
179 421
164 420
150 418
141 428
129 428
115 422
124 411
106 427
121 439
179 435
164 435
194 435
209 435
239 435
224 436
254 435
269 436
284 422
313 464
308 477
293 476
308 492
293 491
333 429
348 429
363 431
378 415
378 400
372 391
395 459
401 477
416 477
391 481
376 482
361 482
346 482
331 482
341 497
332 507
356 497
355 512
371 497
374 508
370 467
355 467
340 467
354 452
402 493
416 492
410 452
410 422
425 422
440 422
455 422
470 420
485 420
500 422
515 421
559 423
545 422
530 422
550 407
606 442
613 392
616 383
627 370
631 385
646 385
643 400
628 400
626 414
641 413
599 192
591 207
602 219
591 222
606 234
621 234
633 234
626 249
614 205
629 196
626 211
576 106
552 122
549 137
537 122
522 122
507 122
492 122
477 122
462 122
447 122
432 122
396 95
396 80
396 65
402 50
417 50
411 65
422 65
411 80
411 95
403 125
388 125
369 110
328 124
315 142
326 147
341 147
356 148
320 225
350 253
335 238
350 238
335 223
350 223
335 208
322 202
350 283
320 254
305 251
290 247
335 283
335 298
350 298
365 294
365 279
365 264
365 249
365 234
335 313
320 314
305 311
290 307
275 307
260 307
245 307
230 307
215 307
200 307
185 307
185 292
170 290
155 291
154 306
153 321
163 330
153 336
166 345
151 352
152 367
165 377
167 362
181 350
193 350
206 337
184 337
178 365
193 365
204 367
196 382
181 382
180 397
192 397
211 382
225 383
240 383
255 383
270 385
281 383
254 398
240 399
268 400
281 400
152 382
152 397
164 399
155 276
140 281
125 281
110 286
106 271
91 267
79 253
63 255
74 268
60 285
91 252
79 238
63 234
91 234
106 234
121 233
134 220
136 232
108 219
102 202
120 218
132 203
90 219
91 282
95 291
106 256
116 250
116 295
106 310
91 310
91 325
89 340
75 339
62 338
50 330
38 334
21 325
21 340
72 324
60 308
103 342
119 342
134 342
131 360
116 361
103 373
101 361
86 361
71 359
56 358
42 352
29 359
117 385
102 390
86 401
68 392
55 393
40 384
68 407
88 377
132 375
132 390
107 325
121 325
135 325
121 310
136 310
131 292
200 292
185 277
170 275
155 261
140 266
125 266
131 251
215 292
200 277
185 262
170 260
230 292
215 277
200 262
185 247
180 235
166 231
151 231
155 246
152 216
147 201
162 207
162 192
147 186
134 182
134 167
125 184
110 183
106 171
104 159
104 144
100 132
87 143
71 137
56 139
67 152
55 153
112 123
127 122
127 107
119 137
112 108
87 166
119 152
95 184
80 183
65 183
50 183
74 198
62 204
49 207
35 215
20 215
20 202
15 187
24 174
39 158
30 183
72 214
119 167
134 152
164 177
155 160
165 147
183 142
196 147
209 147
221 147
233 147
247 147
258 147
274 142
282 147
273 162
282 162
258 162
243 162
228 162
213 162
198 162
183 157
164 135
158 122
143 122
158 107
173 107
143 107
173 122
188 107
203 107
207 124
222 124
237 124
252 124
267 124
282 122
267 107
282 107
237 107
222 107
252 109
188 124
152 145
165 162
178 220
192 217
207 202
204 190
192 202
193 180
183 187
177 205
192 232
207 217
245 292
230 277
215 262
200 247
260 292
245 277
230 262
215 247
207 232
275 292
260 277
245 262
230 247
222 232
281 322
266 322
251 322
236 322
221 322
206 322
191 322
181 322
170 313
221 337
236 337
251 337
238 352
224 352
209 352
239 367
228 367
251 367
281 337
280 352
265 352
253 352
281 367
267 367
266 337
335 328
320 329
320 344
302 343
302 328
307 357
303 370
306 382
304 397
321 369
334 362
338 376
353 386
353 373
349 361
364 361
353 401
335 343
350 343
365 339
380 333
395 321
395 306
406 309
410 294
350 328
365 324
380 318
350 313
365 309
380 303
395 291
410 279
380 288
395 276
410 264
380 273
395 261
410 249
380 258
395 246
395 231
394 217
380 213
365 204
380 228
365 219
350 208
407 234
380 243
