10658
332 270
331 270
330 270
329 270
328 270
327 270
326 270
325 270
324 270
323 270
322 270
321 270
320 269
319 270
319 271
319 272
319 273
319 274
319 275
319 276
319 277
319 278
319 279
318 279
317 278
316 277
315 276
314 275
313 274
312 273
311 272
310 271
309 270
308 269
307 268
306 267
305 266
319 280
318 281
317 281
316 281
315 281
314 281
313 281
312 281
311 281
310 281
309 281
308 281
307 281
306 281
305 281
320 281
320 282
320 283
320 284
321 285
322 286
323 287
324 288
324 289
324 290
324 291
324 292
324 293
324 294
324 295
324 296
324 297
324 298
323 299
322 299
321 299
320 299
321 300
322 301
323 302
324 303
325 304
326 305
327 306
328 307
329 307
329 306
329 305
329 304
330 303
331 302
332 301
333 300
334 299
335 298
329 308
328 309
327 310
326 311
325 312
324 313
323 314
322 314
321 314
320 314
321 315
322 316
323 317
324 318
325 319
325 320
325 321
325 322
325 323
325 324
325 325
325 326
325 327
325 328
326 328
327 328
328 328
329 328
330 328
331 328
332 328
333 328
334 328
335 328
336 329
337 330
338 331
339 332
340 333
341 334
342 335
343 336
344 337
345 338
346 339
347 340
348 341
349 341
349 340
349 339
349 338
349 337
349 336
349 335
349 334
349 333
349 332
349 331
349 330
349 329
350 328
349 342
348 343
347 343
346 343
345 343
344 343
343 343
342 343
341 343
340 343
339 343
338 343
337 343
336 343
335 343
350 343
324 329
323 329
322 329
321 329
320 329
320 330
320 331
320 332
320 333
320 334
320 335
320 336
320 337
320 338
320 339
320 340
320 341
320 342
320 343
320 344
319 345
318 346
317 347
316 348
315 349
314 350
313 351
312 352
311 353
310 354
309 355
308 356
307 356
307 355
307 354
307 353
307 352
307 351
307 350
307 349
307 348
306 347
305 346
304 345
303 344
302 343
302 342
302 341
302 340
302 339
302 338
302 337
302 336
302 335
302 334
302 333
302 332
302 331
302 330
301 329
300 328
307 357
307 358
306 359
305 360
304 361
303 362
303 363
303 364
303 365
303 366
303 367
303 368
303 369
303 370
304 371
305 372
306 373
306 374
306 375
306 376
306 377
306 378
306 379
306 380
306 381
306 382
305 383
304 384
303 385
303 386
303 387
303 388
303 389
303 390
303 391
303 392
303 393
303 394
303 395
303 396
303 397
308 359
309 360
310 361
311 362
312 363
313 364
314 365
315 366
316 367
317 368
318 369
319 369
320 369
321 369
322 369
323 369
324 369
325 369
326 369
327 369
328 368
329 367
330 366
331 365
332 364
333 363
334 362
322 370
323 371
324 372
325 373
326 374
327 375
328 376
329 377
330 378
331 379
332 380
333 381
332 382
331 383
331 384
331 385
331 386
331 387
331 388
331 389
331 390
331 391
332 392
333 393
334 394
335 395
335 396
335 397
335 398
335 399
334 380
335 379
336 378
337 377
338 376
339 376
340 376
341 376
342 376
343 376
344 376
345 376
346 376
347 376
348 376
349 376
349 377
350 378
351 379
352 380
353 381
353 382
353 383
353 384
353 385
353 386
353 387
353 388
353 389
353 390
353 391
353 392
353 393
353 394
353 395
353 396
353 397
353 398
353 399
353 400
353 401
350 375
351 374
352 373
353 372
354 371
355 370
356 369
356 368
357 368
358 367
359 366
360 365
361 364
362 363
363 362
364 361
358 369
359 370
360 371
361 372
362 373
363 374
364 375
365 376
366 376
367 376
368 376
369 376
370 376
371 376
372 376
373 376
374 376
375 375
376 374
377 373
378 372
379 371
380 370
381 369
382 369
383 369
384 369
385 368
386 367
387 366
388 365
389 364
390 363
391 362
392 361
393 360
394 359
394 358
394 357
394 356
394 355
394 354
394 353
394 352
394 351
394 350
395 349
396 348
397 347
398 346
399 347
400 348
401 349
402 350
403 351
404 352
405 353
406 354
407 355
408 356
409 356
409 355
409 354
409 353
409 352
409 351
409 350
409 349
409 348
410 347
411 346
412 345
413 344
413 343
413 342
413 341
413 340
413 339
413 338
413 337
413 336
413 335
413 334
413 333
413 332
413 331
414 330
415 330
416 330
417 330
418 330
419 330
420 330
421 330
422 330
423 330
424 330
425 330
426 329
427 329
428 329
429 328
430 327
431 326
432 325
433 324
434 323
434 322
435 322
435 321
435 320
435 319
435 318
436 317
437 316
438 315
439 314
440 313
441 312
436 323
437 324
438 325
439 326
439 327
440 327
441 327
433 321
432 320
431 319
430 318
429 317
428 316
427 315
426 314
415 331
416 332
417 333
418 334
419 335
420 336
421 337
422 338
423 339
424 340
425 341
426 342
427 343
428 344
428 345
428 346
428 347
428 348
428 349
428 350
428 351
428 352
428 353
428 354
428 355
428 356
428 357
429 358
430 359
431 360
432 361
433 362
434 363
435 364
436 364
436 365
437 366
438 367
439 368
440 369
441 370
442 371
443 372
444 373
445 374
446 375
447 376
448 377
449 378
450 379
451 380
452 381
453 382
454 383
455 384
456 384
457 384
458 384
459 384
460 384
461 384
462 384
463 384
464 384
465 384
466 384
467 384
468 384
469 384
470 384
471 384
472 384
473 384
474 384
475 384
476 384
477 384
478 384
479 384
480 384
481 384
482 384
483 384
484 384
485 384
486 384
487 384
488 384
489 384
490 384
491 384
491 385
492 386
493 387
494 388
495 389
496 389
497 389
498 389
499 389
500 389
501 389
502 389
503 389
504 389
505 389
506 389
507 389
508 389
509 389
510 389
511 389
512 389
513 389
514 389
515 390
516 391
517 392
518 393
519 394
520 395
521 396
522 397
523 398
524 399
524 400
524 401
524 402
524 403
524 404
523 405
522 406
521 407
520 407
519 406
518 405
517 404
516 403
515 402
514 403
514 404
519 408
518 409
517 410
516 411
515 412
515 413
515 414
515 415
515 416
515 417
515 418
515 419
515 420
515 421
525 398
526 397
527 396
528 395
529 394
530 393
531 392
532 392
533 392
534 392
535 392
536 392
537 392
538 391
539 390
540 389
541 388
542 388
543 387
544 386
545 385
546 384
547 383
548 382
549 381
550 380
550 379
550 378
550 377
550 376
550 375
550 374
549 373
551 381
552 382
553 383
554 384
555 385
556 386
557 387
558 387
559 387
560 387
561 387
562 387
563 387
564 387
565 387
566 387
567 387
568 387
569 387
570 387
571 387
572 387
573 387
574 387
575 387
576 387
577 387
578 387
579 387
580 387
581 386
582 385
583 384
572 388
573 389
574 390
575 391
576 392
577 393
578 394
579 395
580 396
581 397
582 398
583 398
583 399
584 400
585 401
586 402
587 403
588 404
589 405
590 406
591 406
591 407
590 408
589 409
588 410
587 411
586 412
585 413
584 414
583 414
592 408
593 409
594 410
595 411
596 412
597 413
598 414
592 405
593 404
594 403
595 402
596 401
597 400
598 399
599 400
600 401
601 402
602 403
603 402
604 401
605 400
606 399
607 398
608 397
609 396
610 395
611 394
612 393
613 392
613 391
613 390
613 389
613 388
613 387
613 386
614 385
615 384
616 383
616 382
616 381
617 380
618 379
619 378
620 377
621 376
622 375
623 374
624 373
625 372
626 371
627 370
628 371
629 372
630 373
631 374
632 375
633 376
634 377
635 377
636 377
637 377
638 377
637 378
636 379
635 380
634 381
633 382
632 383
631 384
631 385
631 386
631 387
631 388
631 389
631 390
631 391
631 392
631 393
631 394
631 395
631 396
631 397
631 398
631 399
630 400
629 400
628 400
632 400
633 401
634 402
635 402
636 402
637 402
638 402
639 402
640 402
641 402
642 401
643 400
634 403
634 404
634 405
633 406
632 407
631 408
630 409
629 410
628 411
627 412
626 413
626 414
635 406
636 407
637 408
638 409
639 410
640 411
641 412
639 378
640 379
641 380
642 381
643 382
644 383
645 384
646 385
584 397
585 396
586 396
587 395
588 394
589 393
590 392
591 391
592 390
593 389
594 388
595 387
596 386
597 385
598 384
531 391
531 390
530 389
501 390
500 391
499 392
499 393
499 394
499 395
499 396
499 397
499 398
499 399
499 400
499 401
499 402
499 403
499 404
492 383
493 382
494 381
495 380
496 379
497 378
498 377
499 376
500 375
500 374
499 374
498 374
497 373
496 372
495 371
494 370
493 369
492 369
491 369
490 369
489 369
488 369
487 369
486 369
485 369
484 369
483 369
482 369
481 369
480 369
479 369
478 369
477 369
476 369
475 369
474 369
473 369
472 369
471 369
470 369
469 369
468 369
501 374
502 374
503 373
504 372
505 371
506 370
507 369
508 368
509 367
510 366
511 365
511 364
511 363
511 362
511 361
510 361
509 360
508 359
507 358
506 357
505 356
504 355
503 354
502 354
501 353
500 352
500 351
499 350
498 349
497 348
496 347
496 346
495 346
494 345
493 344
492 343
491 342
490 341
489 340
488 339
494 347
493 348
492 349
491 350
490 351
489 352
488 353
488 354
497 345
498 344
499 343
500 342
501 341
502 340
503 339
512 360
513 359
514 358
515 357
516 356
517 355
518 354
518 353
519 353
518 352
518 351
518 350
518 349
518 348
518 347
518 346
518 345
518 344
518 343
518 342
518 341
518 340
518 339
520 352
521 351
522 350
523 349
524 348
525 347
526 346
527 345
528 344
529 343
530 342
531 341
532 340
533 339
534 339
535 339
536 339
537 339
538 339
539 338
540 337
541 336
542 335
543 334
544 333
544 332
545 332
544 331
544 330
544 329
543 328
542 327
541 326
540 325
539 324
539 323
539 322
539 321
540 320
541 319
542 318
543 317
544 317
543 316
542 315
541 314
540 313
539 312
538 311
537 310
537 309
538 308
539 307
539 306
540 306
539 305
539 304
539 303
539 302
539 301
539 300
539 299
539 298
538 297
537 296
541 305
542 304
543 303
544 302
545 301
546 300
547 299
548 298
549 297
550 296
551 295
552 294
545 316
546 315
547 314
548 313
549 312
550 311
551 310
552 309
546 331
547 330
548 329
549 328
550 327
551 326
552 325
553 324
545 334
546 335
546 336
546 337
547 338
548 339
549 340
550 341
551 342
552 343
553 344
553 345
553 346
553 347
553 348
553 349
553 350
554 350
555 350
556 350
557 350
558 350
559 350
560 350
561 350
562 350
563 350
564 350
565 350
566 349
567 348
568 348
569 347
570 346
571 345
572 344
573 343
574 342
575 341
576 342
577 342
578 342
579 342
580 342
581 342
582 342
583 342
584 342
585 342
586 342
587 341
588 340
588 339
589 339
587 338
586 337
585 336
584 335
583 334
582 333
581 332
580 331
579 330
578 329
577 328
576 327
575 326
589 341
590 342
590 343
590 344
590 345
590 346
590 347
590 348
591 348
590 349
589 350
588 351
587 352
586 353
585 354
584 355
583 356
582 357
582 358
582 359
582 360
582 361
582 362
582 363
582 364
582 365
582 366
582 367
582 368
582 369
586 355
587 356
588 357
589 358
590 359
591 360
592 361
593 362
594 363
595 364
596 365
597 366
597 367
597 368
597 369
591 350
592 351
593 352
594 353
595 354
596 354
597 354
598 354
599 354
600 354
592 347
593 346
594 345
595 344
596 343
597 342
598 341
599 340
600 339
601 338
602 337
603 336
604 335
605 334
605 333
604 332
603 331
602 330
601 329
601 328
600 328
599 328
598 328
597 327
596 326
595 325
594 324
594 323
593 323
593 322
593 321
593 320
593 319
593 318
593 317
593 316
593 315
592 314
591 313
590 312
589 312
588 312
587 312
586 312
585 312
584 312
583 312
582 312
581 312
580 312
579 312
578 312
577 312
576 312
575 311
592 324
591 325
590 326
590 327
595 323
596 322
597 321
598 320
599 319
600 318
601 317
602 316
603 315
604 314
605 313
605 312
605 311
605 310
605 309
605 308
605 307
605 306
605 305
605 304
605 303
605 302
605 301
605 300
605 299
606 299
607 299
608 299
609 299
610 298
611 297
612 296
613 295
614 294
615 293
614 292
613 291
612 290
611 289
610 288
609 287
608 286
607 285
606 284
605 283
604 283
603 283
602 283
601 283
600 282
599 282
598 282
597 282
596 282
595 282
594 282
593 282
592 282
591 282
590 282
589 283
588 284
587 285
586 286
586 287
586 288
586 289
586 290
586 291
585 291
584 290
583 289
582 288
581 287
580 286
579 285
578 284
577 283
576 282
575 281
586 292
585 293
584 294
583 295
582 296
581 296
580 296
579 296
578 296
577 296
576 296
575 296
587 293
588 294
589 295
590 296
590 297
600 281
600 280
600 279
600 278
600 277
600 276
600 275
600 274
601 273
602 272
603 271
604 270
605 269
606 268
616 292
617 291
618 290
619 289
620 288
621 287
622 286
623 285
624 284
625 283
625 282
625 281
625 280
625 279
626 278
627 277
628 276
629 275
630 274
631 273
632 272
632 271
631 271
630 271
629 271
628 271
627 271
626 271
625 271
624 271
623 270
622 269
621 268
633 271
616 294
617 295
618 296
619 297
620 298
621 299
622 299
623 299
624 299
625 299
626 300
627 301
628 302
629 303
630 304
631 305
632 306
632 307
632 308
632 309
632 310
632 311
632 312
631 313
630 313
629 313
628 313
627 313
626 313
625 313
624 313
623 313
622 313
621 313
620 313
602 328
603 327
606 335
607 336
608 337
609 338
610 339
611 340
612 341
613 341
614 341
615 341
615 340
615 339
615 338
615 337
616 336
617 335
618 334
619 333
620 332
621 331
622 330
623 329
624 328
625 327
616 342
617 343
618 344
619 345
620 346
621 347
622 348
623 349
624 350
625 351
626 352
627 353
628 353
628 352
628 351
628 350
628 349
628 348
628 347
628 346
628 345
628 344
629 343
630 342
628 354
628 355
552 351
551 352
550 353
550 354
534 340
535 341
535 342
535 343
535 344
535 345
535 346
535 347
535 348
535 349
535 350
535 351
535 352
535 353
535 354
512 366
513 367
514 368
515 369
516 369
468 385
469 386
470 387
471 388
472 389
473 390
474 391
475 392
476 393
477 394
478 395
478 396
478 397
478 398
477 399
476 399
475 399
474 399
473 399
472 399
479 399
480 400
481 401
482 402
483 403
484 403
455 385
454 386
453 387
452 388
451 388
450 388
449 388
448 388
447 388
446 388
445 388
444 388
443 388
442 388
441 388
440 388
439 388
438 388
437 388
436 388
435 388
434 388
433 388
432 388
431 387
444 389
445 390
446 391
447 392
448 393
449 394
450 395
451 396
452 397
453 398
454 399
455 399
454 400
453 401
452 402
451 403
450 403
449 403
448 403
447 403
446 403
445 403
444 403
443 403
442 403
441 403
440 403
439 403
438 403
437 403
436 403
435 403
434 403
433 403
432 403
431 403
430 402
437 363
438 362
439 361
440 360
441 359
442 358
443 357
444 357
445 356
446 355
447 354
448 353
449 352
450 351
451 350
451 349
450 349
449 348
448 347
447 346
446 345
445 344
444 343
443 342
452 349
452 348
452 347
452 346
452 345
452 344
452 343
453 342
454 341
455 340
456 339
457 338
458 337
453 350
454 351
455 352
455 353
456 353
457 353
458 352
459 352
460 352
459 353
460 354
461 354
462 354
463 354
464 354
465 354
466 354
467 354
468 354
469 354
470 354
471 354
472 354
473 354
461 351
462 350
463 349
464 348
465 347
466 346
467 345
468 344
469 343
470 342
471 341
472 340
473 339
434 365
433 366
432 367
431 368
430 369
429 370
429 371
429 372
409 357
409 358
409 359
409 360
409 361
409 362
409 363
409 364
409 365
409 366
409 367
409 368
409 369
409 370
409 371
382 370
383 371
383 372
383 373
381 368
381 367
381 366
381 365
381 364
381 363
381 362
381 361
381 360
380 359
379 358
369 377
370 378
371 379
372 380
372 381
372 382
372 383
372 384
372 385
372 386
372 387
372 388
372 389
372 390
372 391
373 392
374 393
375 394
376 395
377 396
378 397
378 398
378 399
378 400
378 401
378 402
378 403
378 404
378 405
378 406
378 407
378 408
378 409
378 410
378 411
378 412
378 413
378 414
378 415
377 416
376 417
375 417
374 417
373 417
372 417
371 417
370 417
369 417
368 417
367 418
366 419
365 420
365 421
365 422
365 423
365 424
365 425
365 426
365 427
364 428
363 429
363 430
363 431
362 432
361 433
360 434
359 435
358 435
357 434
356 433
355 432
354 431
353 430
352 429
351 428
350 427
349 426
349 425
348 425
347 424
346 423
345 422
344 421
343 420
342 419
341 418
340 417
339 416
338 415
337 416
336 417
335 418
334 419
333 420
332 421
331 422
330 423
329 423
328 422
328 421
328 420
327 419
326 418
325 417
324 416
323 415
327 423
326 424
325 425
324 426
323 427
322 428
321 429
320 429
319 429
318 429
317 430
316 431
315 432
314 431
313 430
312 429
311 428
310 427
309 426
308 425
307 424
306 423
305 422
304 421
303 420
314 433
313 434
312 435
311 435
310 435
309 435
308 435
307 435
306 435
305 435
304 435
303 435
304 436
305 437
306 438
307 439
308 440
309 441
310 442
311 443
312 444
313 445
313 446
313 447
313 448
313 449
312 450
311 451
310 452
309 453
308 453
307 454
306 455
306 456
305 456
304 456
303 455
302 454
301 453
300 452
299 451
298 450
297 449
296 448
295 447
294 446
293 445
292 444
291 443
290 442
289 441
288 440
287 439
286 438
285 437
284 436
283 436
282 435
281 434
281 433
280 432
279 431
278 430
277 430
277 431
276 432
275 433
274 434
273 435
272 436
271 437
270 437
269 437
276 429
275 428
274 427
273 426
272 425
271 424
270 423
269 422
268 423
267 424
266 425
265 426
264 427
263 428
262 429
261 430
260 431
259 432
258 433
257 434
256 435
255 436
254 436
253 436
252 435
251 434
250 433
249 432
248 431
248 430
247 430
246 429
245 428
244 427
243 426
242 425
241 424
240 423
239 422
238 422
237 422
236 422
235 422
234 422
233 422
232 422
231 422
230 422
229 422
228 422
227 422
226 422
225 422
224 421
223 422
222 423
221 424
220 425
219 426
218 427
217 428
216 428
215 427
214 426
213 425
212 424
211 423
210 422
209 421
208 422
207 423
206 424
205 425
204 426
203 427
202 428
201 429
200 430
199 431
198 432
197 433
196 433
195 433
195 432
195 431
195 430
195 429
195 428
195 427
195 426
195 425
195 424
195 423
195 422
194 421
194 434
194 435
193 436
192 436
191 436
190 436
189 436
188 436
187 436
186 436
185 436
184 436
183 436
182 436
181 436
180 436
179 436
178 436
177 436
176 436
175 435
174 434
173 433
172 432
171 431
170 430
170 429
169 429
169 428
169 427
169 426
169 425
168 424
167 423
166 422
165 421
164 420
163 420
162 420
161 420
160 420
159 420
158 420
157 420
156 420
155 420
154 420
153 420
152 420
151 419
150 418
149 419
148 420
147 421
146 422
145 423
144 424
143 425
142 426
141 427
141 428
140 428
139 428
138 428
137 428
136 428
135 428
134 428
133 428
132 428
131 428
130 428
129 428
128 429
127 430
126 431
125 432
124 431
123 430
122 429
121 428
120 427
119 426
118 425
117 424
116 423
115 422
115 421
115 420
116 419
117 418
118 417
119 416
120 415
121 414
122 413
123 412
124 411
124 410
124 409
124 408
124 407
124 406
123 405
122 404
121 403
120 402
119 401
118 400
118 399
117 399
119 398
120 397
121 396
122 395
123 395
124 394
125 394
126 394
127 394
128 394
129 393
130 392
131 391
132 390
132 389
132 388
132 387
132 386
132 385
132 384
132 383
132 382
132 381
132 380
132 379
132 378
132 377
132 376
132 375
124 393
124 392
123 391
122 390
121 389
120 388
119 387
118 386
117 385
116 385
115 385
114 384
114 383
113 382
112 381
111 380
110 380
110 381
109 382
108 383
107 384
106 385
105 386
104 387
103 388
102 389
102 390
101 391
100 392
99 393
98 394
97 395
96 396
95 397
94 398
93 399
92 400
91 401
90 401
89 401
88 401
87 401
86 401
85 401
84 401
83 401
82 401
81 401
80 401
79 401
78 401
77 401
76 400
75 399
74 398
73 397
72 396
71 395
70 394
69 393
68 392
67 393
66 393
65 393
64 393
63 393
62 393
61 393
60 393
59 393
58 393
57 393
56 393
55 393
54 393
53 393
52 393
51 393
50 393
49 393
48 392
47 391
47 390
46 390
45 389
44 388
43 387
42 386
41 385
40 384
48 389
49 388
50 387
51 386
52 385
53 384
54 383
55 382
56 394
57 395
58 396
59 397
60 398
61 399
62 400
63 401
64 402
65 403
66 404
67 405
68 406
68 407
109 379
108 378
107 377
106 376
105 375
104 374
104 373
103 373
102 373
101 373
100 373
99 373
98 373
97 372
96 371
95 370
95 369
94 369
93 368
92 367
91 366
90 365
89 364
88 363
87 362
86 361
95 368
95 367
96 366
97 365
98 364
99 363
100 362
101 361
94 371
93 372
92 373
91 374
90 375
89 376
88 377
105 372
106 371
107 370
108 369
109 368
110 367
111 366
112 365
113 364
114 363
115 362
116 361
117 361
118 361
119 361
120 361
121 361
122 361
123 361
124 361
125 361
126 361
127 361
128 361
129 361
130 361
131 360
114 423
113 424
112 425
111 426
110 427
109 427
108 427
107 427
106 427
126 433
125 434
124 435
123 436
122 437
121 438
121 439
168 430
167 431
166 432
165 433
164 434
164 435
171 429
172 428
173 427
174 426
175 425
176 424
177 423
178 422
179 421
217 429
216 430
215 431
214 432
213 433
212 434
211 435
210 435
209 435
218 430
219 431
220 432
221 433
222 434
223 435
224 435
248 429
248 428
249 427
250 426
251 425
252 424
253 423
254 422
247 432
246 433
245 434
244 435
243 436
242 437
241 437
240 437
239 437
278 429
278 428
279 427
280 426
281 425
282 424
283 423
284 422
307 457
308 458
309 459
310 460
311 461
312 462
313 463
313 464
312 465
311 466
310 467
309 468
308 469
308 470
308 471
308 472
308 473
308 474
308 475
308 476
308 477
307 478
306 478
305 478
304 478
303 478
302 478
301 478
300 478
299 478
298 478
297 478
296 478
295 478
294 477
293 476
304 479
303 480
302 481
301 482
300 483
299 484
298 485
297 486
296 487
295 488
294 489
293 490
293 491
309 478
310 479
311 480
312 481
313 481
314 481
315 481
316 481
315 482
314 483
313 484
312 485
311 486
310 487
309 488
308 489
308 490
308 491
308 492
331 424
332 425
333 426
334 426
333 427
333 428
333 429
349 424
349 423
349 422
349 421
349 420
350 419
351 418
352 417
353 416
348 427
348 428
348 429
357 436
356 437
355 438
354 439
353 440
353 441
353 442
353 443
353 444
353 445
354 446
355 447
354 448
353 449
352 450
351 451
350 452
349 453
348 454
347 455
346 456
346 457
345 458
344 459
343 460
342 461
341 462
340 463
339 464
338 465
337 466
336 467
335 468
334 468
335 469
336 470
337 471
338 472
339 473
340 474
341 474
342 474
343 474
344 474
345 473
346 472
342 475
341 476
340 477
339 478
338 479
337 480
336 481
335 482
334 483
333 483
332 483
331 483
356 448
357 449
358 450
359 451
360 452
361 453
361 454
361 455
361 456
361 457
361 458
361 459
361 460
361 461
361 462
361 463
361 464
361 465
361 466
361 467
361 468
362 469
363 469
364 469
365 469
366 469
367 469
368 469
369 469
370 469
371 469
372 469
373 469
374 468
375 467
374 470
374 471
374 472
373 473
372 474
371 475
370 476
369 477
368 478
367 479
366 480
365 481
364 482
363 483
362 483
361 483
360 484
359 485
358 486
357 487
356 488
355 488
354 488
353 488
352 488
351 488
350 488
349 488
348 488
347 488
346 487
355 489
354 490
353 491
352 492
351 493
350 494
349 495
348 496
347 497
346 498
346 499
346 500
346 501
346 502
345 503
344 504
343 504
342 504
341 504
340 504
339 504
338 504
337 504
336 504
335 504
334 504
333 504
332 504
331 504
347 503
348 504
349 505
350 506
351 507
352 508
353 509
354 510
355 511
356 512
356 513
357 489
358 490
359 491
360 492
361 493
361 494
361 495
361 496
361 497
361 498
362 499
363 500
364 501
365 502
366 503
367 504
368 504
369 504
370 504
371 504
372 504
373 504
374 504
375 504
375 473
376 474
376 475
376 476
376 477
376 478
376 479
376 480
376 481
376 482
377 482
378 482
379 482
380 482
381 482
382 482
383 482
384 482
385 482
386 482
387 482
388 482
389 482
390 482
391 481
392 481
393 481
394 481
395 481
396 481
397 481
398 480
399 479
400 478
401 477
402 478
403 479
404 480
405 481
406 481
407 481
408 481
409 481
410 481
411 481
412 481
411 482
412 483
413 484
414 485
415 486
416 487
416 488
416 489
416 490
416 491
416 492
413 480
414 479
415 478
416 477
392 482
393 483
394 484
395 485
396 486
397 487
398 488
399 489
400 490
401 491
402 492
402 493
369 418
370 419
371 420
372 421
373 422
374 423
375 424
376 425
377 426
378 427
379 428
378 429
378 430
380 429
381 429
382 429
383 429
384 429
385 429
386 429
387 429
388 429
389 429
390 429
391 429
392 429
393 429
394 429
395 429
396 429
397 429
398 429
399 428
400 427
401 426
400 425
399 424
398 423
397 422
396 421
395 420
395 419
395 418
395 417
395 416
395 415
395 414
395 413
395 412
395 411
396 410
397 409
398 408
399 407
400 406
401 405
402 404
403 403
404 402
402 427
403 427
404 427
405 427
404 428
405 429
406 430
407 431
407 432
406 433
405 434
404 435
403 436
402 437
401 438
400 439
399 440
398 441
397 442
396 443
395 444
396 445
397 446
398 447
399 448
400 449
401 450
402 451
403 452
404 452
405 452
406 452
407 452
408 452
407 453
406 454
405 455
404 456
403 457
402 458
401 459
400 459
399 459
398 459
397 459
396 459
395 459
408 433
409 434
409 435
410 435
409 436
409 437
411 436
412 437
413 437
414 437
415 437
416 437
417 437
418 437
419 437
420 437
421 437
422 437
423 437
424 437
425 437
426 437
427 437
428 437
429 436
430 435
431 434
432 433
433 432
434 431
434 430
433 430
432 429
431 428
430 427
429 426
428 425
427 424
426 423
425 422
434 429
434 428
435 427
436 426
437 425
438 424
439 423
440 422
441 422
442 422
443 422
444 422
445 422
446 422
447 422
448 422
449 422
450 422
451 422
452 422
453 422
454 422
455 422
456 423
457 424
458 425
459 426
460 427
461 428
462 429
463 430
464 431
465 432
466 433
467 434
468 435
469 435
469 434
469 433
469 432
469 431
469 430
469 429
469 428
469 427
469 426
469 425
469 424
469 423
470 422
471 422
472 422
473 422
474 422
475 422
476 422
477 422
478 422
479 422
480 422
481 422
482 422
483 422
484 422
485 422
485 423
485 424
485 425
485 426
485 427
485 428
485 429
485 430
485 431
485 432
485 433
485 434
485 435
485 436
484 437
486 437
487 437
488 437
489 437
490 437
491 437
492 437
493 437
494 437
495 437
496 437
497 437
498 437
499 437
500 436
500 435
500 434
500 433
500 432
500 431
500 430
500 429
500 428
500 427
500 426
500 425
500 424
500 423
500 422
501 437
502 437
503 437
504 437
505 437
506 437
507 437
508 437
509 437
510 437
511 437
512 437
513 437
514 437
515 437
516 437
517 437
518 437
519 437
520 437
521 437
522 437
523 437
524 437
525 437
526 437
527 437
528 437
529 437
530 437
531 437
532 437
533 437
534 437
535 437
536 437
537 437
538 437
539 437
540 437
541 437
542 436
543 435
544 435
545 435
544 436
544 437
546 434
547 433
548 432
549 431
550 430
551 429
552 428
553 427
554 426
554 425
553 425
552 425
551 425
550 425
549 424
548 423
547 422
546 421
546 420
546 419
546 418
546 417
547 416
547 415
547 414
547 413
547 412
547 411
547 410
548 409
549 408
550 407
545 422
555 425
556 425
557 425
556 426
557 427
558 428
559 429
560 430
560 431
560 432
560 433
560 434
560 435
561 435
562 435
563 435
564 435
565 435
566 435
567 435
568 435
569 435
570 434
571 433
572 432
573 431
574 430
575 431
576 431
577 431
578 431
579 431
580 431
581 431
582 431
583 431
584 431
585 431
586 431
587 431
586 432
586 433
586 434
586 435
586 436
586 437
586 438
586 439
586 440
586 441
586 442
585 443
584 444
583 444
582 444
581 444
580 444
579 444
578 444
587 443
588 444
589 444
590 444
591 444
592 444
593 443
593 442
593 441
593 440
594 439
595 438
596 437
597 436
598 435
599 434
600 433
601 432
602 431
603 430
604 429
594 444
595 444
596 444
597 444
598 444
599 444
600 444
601 444
602 444
603 444
604 444
588 430
589 429
559 436
559 437
558 424
559 423
542 434
541 433
540 432
539 431
538 430
537 429
536 428
535 427
534 426
533 425
532 424
531 423
530 422
469 436
469 437
435 432
436 433
437 434
438 434
439 435
439 436
439 437
440 437
441 437
442 437
443 437
444 437
445 437
446 437
447 437
448 437
449 437
450 437
451 437
452 437
453 437
454 437
406 426
407 425
408 424
409 423
410 422
355 367
354 366
353 365
352 364
351 363
350 362
349 361
353 374
353 375
330 309
331 310
332 311
333 312
334 313
335 313
334 269
334 271
335 272
335 273
335 274
335 275
335 276
335 277
335 278
335 279
335 280
335 281
335 282
335 283
335 268
335 267
335 266
335 265
335 264
334 263
333 263
332 263
331 263
330 263
329 263
328 262
327 261
326 260
325 259
324 258
323 257
322 256
321 255
320 254
334 262
334 261
334 260
334 259
334 258
334 257
334 256
334 255
334 254
335 253
335 252
334 251
333 251
332 251
331 250
330 249
329 248
328 247
327 246
326 245
325 244
324 243
323 242
322 241
321 240
320 239
319 239
318 239
317 239
316 239
315 239
314 239
313 239
312 238
311 237
310 236
309 236
308 236
307 235
306 236
305 236
304 237
303 237
302 236
301 235
300 234
299 233
298 232
297 231
296 231
295 230
295 229
294 229
293 228
292 227
291 226
290 225
289 224
288 223
287 222
286 221
285 220
284 219
283 218
282 217
295 228
295 227
295 226
295 225
296 224
297 223
298 222
299 221
300 220
301 219
302 218
303 217
304 216
304 215
304 214
304 213
304 212
304 211
304 210
304 209
304 208
304 207
304 206
304 205
304 204
304 203
304 202
304 201
304 200
304 199
304 198
304 197
304 196
304 195
304 194
304 193
304 192
304 191
304 190
303 189
302 188
301 187
300 186
299 185
298 184
297 183
296 182
295 181
294 180
293 179
293 178
292 178
291 179
290 180
289 181
288 182
288 183
287 184
286 185
285 186
284 187
283 188
282 189
281 190
280 191
280 192
279 192
278 191
277 190
276 189
275 188
274 187
273 186
272 185
271 184
270 183
269 182
268 181
267 182
266 183
265 184
264 185
263 186
262 187
261 187
260 187
260 188
260 189
260 190
259 191
258 192
257 193
256 193
255 193
254 193
253 193
252 193
251 193
250 192
249 191
248 190
247 189
246 188
245 187
244 187
243 187
242 187
241 187
240 187
239 187
238 187
237 187
256 194
255 195
254 196
253 197
252 198
252 199
252 200
252 201
252 202
251 203
250 204
249 205
248 206
247 207
246 208
245 209
244 210
243 211
242 212
241 213
240 214
239 215
238 215
238 214
238 213
238 212
238 211
238 210
238 209
238 208
238 207
238 206
238 205
238 204
238 203
237 202
237 216
237 217
236 218
235 219
234 220
233 221
232 221
231 221
230 221
229 221
228 221
227 221
226 221
225 220
224 219
223 218
222 217
221 217
220 217
219 217
218 216
217 215
216 214
216 213
217 212
218 211
219 210
219 209
220 209
220 208
220 207
220 206
220 205
220 204
221 203
222 202
218 208
217 207
216 206
215 205
214 204
213 203
212 202
211 201
211 200
210 200
210 199
210 198
210 197
210 196
209 195
208 194
207 193
206 192
205 191
204 190
203 190
203 191
202 192
201 193
200 194
199 195
198 196
197 197
196 198
195 199
194 200
193 201
192 202
202 189
201 188
200 187
199 186
198 185
197 184
196 183
195 182
194 181
193 180
192 181
191 182
190 183
189 184
188 185
187 186
186 187
185 187
184 187
183 187
209 201
208 202
207 202
212 199
213 198
214 197
215 196
216 195
217 194
218 193
219 192
220 191
221 190
222 189
215 215
214 216
213 217
212 218
211 219
210 219
209 219
208 218
207 217
210 220
209 221
208 222
207 223
207 224
207 225
207 226
207 227
207 228
207 229
207 230
207 231
207 232
206 233
205 234
204 235
203 236
202 237
201 238
200 239
200 240
200 241
200 242
200 243
200 244
200 245
200 246
200 247
231 222
230 223
229 224
228 225
227 226
226 227
225 228
224 229
223 230
222 231
222 232
221 233
220 234
219 235
218 236
217 237
216 238
215 239
215 240
215 241
215 242
215 243
215 244
215 245
215 246
215 247
233 222
234 223
235 224
236 225
237 226
237 227
237 228
237 229
237 230
237 231
237 232
237 233
237 234
237 235
237 236
237 237
237 238
237 239
237 240
237 241
237 242
237 243
237 244
237 245
237 246
236 246
235 247
234 247
233 247
232 247
231 247
230 247
238 246
239 246
239 245
240 244
241 243
242 242
243 241
244 240
245 239
246 238
247 237
248 236
249 235
250 234
251 233
252 232
240 247
241 247
242 247
243 247
244 247
245 247
245 248
244 248
243 249
242 250
241 251
240 252
239 253
238 254
237 255
236 256
235 257
234 258
233 259
232 260
231 261
230 262
245 249
245 250
245 251
245 252
245 253
245 254
245 255
245 256
245 257
245 258
245 259
245 260
245 261
245 262
244 263
243 264
242 265
241 266
240 267
239 268
238 269
237 270
236 271
235 272
234 273
233 274
232 275
231 276
230 277
229 278
228 279
227 280
226 281
225 282
225 283
225 284
225 285
225 286
224 286
223 285
222 284
221 283
220 282
219 281
218 280
217 279
216 278
215 277
214 276
213 275
212 274
211 273
210 272
209 271
208 270
207 269
206 268
206 267
205 267
204 266
203 265
202 264
201 263
200 262
204 268
203 269
202 270
201 271
200 272
200 273
200 274
200 275
200 276
200 277
199 278
198 279
197 279
196 279
195 279
194 279
193 279
192 279
191 279
190 279
189 279
188 279
187 279
186 278
185 277
184 278
183 278
182 278
181 278
180 277
179 276
178 276
177 276
176 276
175 276
174 276
173 276
172 276
171 276
170 275
169 276
168 277
167 278
166 278
165 278
164 278
163 278
162 278
161 278
160 278
159 278
158 278
157 278
157 279
156 280
155 281
155 282
155 283
155 284
155 285
155 286
155 287
155 288
155 289
155 290
155 291
154 292
154 293
154 294
154 295
154 296
154 297
154 298
154 299
154 300
154 301
154 302
154 303
154 304
154 305
154 306
156 277
155 276
154 276
153 275
152 274
151 273
150 272
149 271
148 270
147 269
147 268
146 268
145 267
144 266
143 265
142 264
141 263
140 262
139 261
138 261
137 260
136 259
136 258
136 257
136 256
135 255
134 254
133 253
132 252
132 251
131 251
133 251
134 250
135 249
136 248
137 247
138 246
139 245
140 244
141 243
142 242
143 241
144 240
143 239
142 238
141 237
140 236
139 235
138 234
137 233
136 232
136 231
136 230
136 229
136 228
136 227
136 226
136 225
136 224
136 223
136 222
135 221
134 220
133 220
132 220
131 220
130 220
129 220
128 220
127 220
126 220
125 220
124 220
123 219
122 218
123 217
124 216
125 215
126 214
127 213
128 212
129 211
130 210
131 209
132 208
133 207
134 207
135 207
136 207
137 207
138 207
139 207
140 207
141 207
142 206
143 205
144 204
145 203
146 202
147 201
147 200
147 199
147 198
147 197
147 196
147 195
147 194
147 193
147 192
147 191
147 190
147 189
147 188
147 187
147 186
146 186
145 186
144 186
143 186
142 186
141 186
140 186
139 186
138 186
137 185
136 184
135 183
134 182
134 181
134 180
134 179
134 178
134 177
134 176
134 175
134 174
134 173
134 172
134 171
134 170
134 169
134 168
134 167
133 166
132 165
131 164
130 163
129 162
128 161
127 160
127 159
126 159
125 158
124 157
123 156
122 155
121 154
120 153
119 152
119 151
119 150
118 149
117 148
116 147
115 146
114 145
113 144
113 143
112 143
111 142
110 141
109 142
108 143
107 144
106 144
105 144
104 144
103 144
102 144
101 143
100 142
99 141
98 140
97 139
96 138
95 137
94 138
93 139
92 140
91 141
90 142
89 143
88 143
87 143
86 143
85 143
84 143
83 143
82 143
81 143
80 143
79 143
78 143
77 143
76 142
75 141
74 140
73 139
72 138
71 137
70 138
69 139
68 140
67 141
66 142
65 143
64 144
64 145
64 146
64 147
64 148
64 149
64 150
63 150
62 150
61 150
60 150
59 150
58 150
57 149
56 148
55 147
54 148
53 149
53 150
53 151
53 152
53 153
53 154
53 155
53 156
52 157
51 158
50 158
49 158
48 158
47 158
46 158
45 158
44 158
43 158
42 158
41 158
40 158
39 158
54 157
55 158
55 159
55 160
65 151
66 152
67 152
96 136
97 135
98 134
99 133
100 132
101 132
102 132
103 132
104 131
105 130
106 129
107 128
108 127
109 126
110 125
111 124
112 123
112 122
113 121
114 120
115 119
116 118
117 117
118 116
119 115
118 114
117 113
116 112
115 111
114 110
113 109
112 108
120 114
121 113
122 112
123 111
124 110
125 109
126 108
127 107
120 116
121 117
122 118
123 119
124 120
125 121
126 121
127 122
114 142
115 141
116 140
117 139
118 138
119 137
115 148
114 149
113 150
112 151
111 152
110 153
109 154
108 155
107 156
106 157
105 158
104 159
117 146
118 145
125 160
124 161
123 162
122 163
121 164
120 165
119 166
119 167
118 168
117 169
116 170
115 171
114 172
113 173
112 174
111 174
110 174
109 174
108 174
107 174
106 174
105 175
104 176
103 177
102 178
101 179
100 180
99 181
98 182
97 183
96 184
95 184
95 183
95 182
94 181
93 180
93 179
93 178
93 177
93 176
93 175
93 174
93 173
93 172
92 171
91 170
90 169
89 168
88 167
87 166
92 181
91 182
90 183
89 183
88 183
87 183
86 183
85 183
84 183
83 183
82 183
81 183
80 183
79 184
78 185
77 186
76 187
76 188
76 189
76 190
76 191
76 192
76 193
75 193
75 194
74 195
73 196
73 197
73 198
72 199
71 200
70 201
69 202
68 203
67 204
66 204
65 204
64 204
63 204
62 204
61 205
60 206
59 207
58 207
57 207
56 207
55 207
54 207
53 207
52 207
51 207
50 207
49 207
48 208
47 209
46 210
45 210
44 210
44 209
43 208
42 207
41 206
40 205
39 204
38 203
37 202
36 201
35 200
34 200
33 200
32 200
31 200
30 200
29 200
28 199
27 198
26 197
25 196
25 195
24 194
23 193
22 192
21 192
20 192
19 191
18 190
17 189
16 188
15 187
22 191
23 190
24 189
25 188
26 187
27 186
28 185
29 184
30 183
30 182
30 181
30 180
29 179
28 178
27 177
26 176
25 175
24 174
24 197
23 198
22 199
21 200
20 201
20 202
43 211
42 212
41 213
40 214
39 215
38 215
37 215
36 215
35 215
34 215
33 215
32 215
31 215
30 215
29 215
28 215
27 215
26 215
25 215
24 215
23 215
22 215
63 205
64 206
65 207
66 208
67 209
68 210
69 211
70 212
71 213
72 214
74 192
73 191
72 190
71 189
70 188
69 187
68 186
67 185
66 184
65 183
64 183
63 183
62 183
61 183
60 183
59 183
58 183
57 183
56 183
55 183
54 183
53 183
52 183
51 183
50 183
107 175
108 176
109 177
110 178
110 179
110 180
110 181
110 182
110 183
128 158
129 157
130 156
131 155
132 154
133 153
134 152
133 183
132 184
131 184
130 184
129 184
128 184
127 184
126 184
125 184
148 202
149 203
150 204
151 205
152 206
153 207
154 208
155 209
156 210
157 211
158 211
159 210
160 209
161 208
162 207
162 206
162 205
162 204
161 203
160 202
160 201
160 200
160 199
160 198
160 197
160 196
160 195
160 194
161 193
162 192
162 191
162 190
162 189
162 188
162 187
162 186
162 185
162 184
162 183
162 182
162 181
162 180
162 179
163 178
164 177
164 176
164 175
164 174
164 173
164 172
164 171
164 170
164 169
164 168
164 167
164 166
164 165
164 164
164 163
164 162
163 162
162 162
161 162
160 162
159 162
158 162
157 162
156 162
155 162
154 162
153 161
152 160
153 159
154 158
155 157
156 156
157 155
158 154
159 153
160 152
161 151
162 150
163 149
164 148
165 147
165 146
166 145
167 144
167 143
167 142
167 141
167 140
166 139
165 138
164 137
164 136
165 136
164 135
164 134
164 133
164 132
164 131
164 130
164 129
164 128
163 127
162 126
161 125
160 124
159 123
158 122
157 121
156 120
155 119
154 118
153 117
152 116
151 115
151 114
150 114
149 113
148 112
147 111
146 110
145 109
144 108
143 107
152 113
153 112
154 111
155 110
156 109
157 108
158 107
150 116
149 117
148 118
147 119
146 120
145 121
144 122
143 122
159 121
160 120
161 119
162 118
163 117
164 116
165 115
166 114
167 113
168 112
169 111
170 110
171 109
172 108
173 107
166 135
167 134
168 133
169 132
170 131
171 130
172 129
173 128
174 127
175 126
176 125
177 124
178 124
179 124
180 124
181 124
182 124
183 124
184 124
185 124
186 124
187 124
188 124
189 124
190 124
191 124
192 124
193 124
194 124
195 124
196 124
197 124
198 124
199 124
200 124
201 124
202 124
203 124
204 124
205 124
206 123
207 122
207 121
206 121
205 120
204 119
203 118
202 117
201 116
200 115
199 114
198 113
197 112
196 111
195 110
194 109
193 108
192 107
207 120
207 119
207 118
207 117
207 116
207 115
207 114
207 113
207 112
207 111
207 110
207 109
207 108
207 107
208 121
209 120
210 119
211 118
212 117
213 116
214 115
215 114
216 113
217 112
218 111
219 110
220 109
221 108
222 107
223 108
224 109
225 110
226 111
227 112
228 113
229 114
230 114
231 113
232 112
233 111
234 110
235 109
236 108
237 107
228 115
227 116
227 117
226 118
225 119
224 120
223 121
222 122
229 116
230 117
231 118
232 119
233 120
234 121
235 122
236 123
237 124
163 138
162 139
161 140
160 141
159 142
158 143
157 144
156 145
155 145
154 145
153 145
152 145
165 162
156 212
155 213
154 214
153 215
152 216
133 206
133 205
133 204
132 203
133 221
132 222
131 223
130 224
129 225
128 226
127 227
126 228
125 229
124 230
123 231
122 232
121 233
145 239
145 238
145 237
146 236
147 235
148 234
149 233
150 232
151 231
146 240
147 241
148 242
149 243
150 244
151 245
152 246
153 246
154 246
155 246
135 260
134 261
133 262
132 263
131 264
130 265
129 266
128 266
127 266
126 266
125 266
141 265
140 266
148 268
149 267
150 266
151 265
152 264
153 263
154 262
155 261
149 273
148 274
147 275
146 276
145 277
144 278
143 279
142 280
141 281
140 281
139 282
138 283
137 284
136 285
135 286
134 287
133 288
132 289
131 289
131 288
131 287
130 286
129 285
128 284
127 283
126 282
125 281
132 290
133 291
133 292
133 293
134 294
135 295
134 296
133 297
132 298
131 299
130 300
129 301
128 302
127 303
126 304
125 304
125 305
124 306
123 307
122 308
121 309
121 310
120 311
119 312
118 313
117 314
116 315
115 316
114 317
113 317
112 316
111 315
110 314
109 313
108 312
107 311
106 310
112 318
111 319
110 320
109 321
108 322
107 323
107 324
107 325
106 325
105 325
104 325
103 325
102 325
101 324
100 323
99 322
98 321
98 320
98 319
98 318
98 317
97 316
96 315
95 314
94 313
93 312
92 311
91 310
97 322
96 323
95 324
94 325
93 325
92 325
91 325
90 326
90 327
90 328
90 329
90 330
90 331
90 332
90 333
90 334
90 335
90 336
90 337
90 338
90 339
90 340
89 340
88 340
87 340
86 340
85 340
84 340
83 340
82 340
81 340
80 340
79 340
78 340
77 340
76 340
75 339
74 339
73 339
72 339
71 339
70 339
69 339
68 339
67 339
66 339
65 339
64 339
63 339
62 338
61 338
60 338
59 338
58 338
57 337
56 336
55 335
54 334
53 333
52 332
51 331
50 330
49 331
48 332
47 333
46 334
45 334
44 334
43 334
42 334
41 334
40 334
39 334
38 334
38 333
38 332
38 331
38 330
38 329
38 328
38 327
37 326
36 325
35 324
34 325
33 326
32 327
31 328
30 329
29 330
28 331
27 331
27 332
26 333
25 334
24 335
23 336
22 337
21 338
21 339
21 340
20 341
19 342
18 343
17 344
17 345
17 346
17 347
17 348
17 349
17 350
17 351
17 352
17 353
17 354
17 355
18 356
19 357
20 358
21 359
22 359
23 359
24 359
25 359
26 359
27 359
28 359
29 359
30 359
31 359
32 359
33 359
34 359
35 359
36 358
37 357
38 356
39 355
40 354
41 353
42 352
43 353
44 354
45 355
46 356
47 357
48 358
49 358
50 358
51 358
52 358
53 358
54 358
55 358
56 358
57 359
58 359
59 359
60 359
61 359
62 359
63 359
64 359
65 359
66 359
67 359
68 359
69 359
70 359
71 359
26 330
25 329
24 328
23 327
22 326
21 325
62 337
62 336
62 335
62 334
63 333
64 332
65 331
66 330
67 329
68 328
69 327
70 326
71 325
72 324
72 323
72 322
72 321
72 320
71 319
70 318
69 317
68 316
67 315
66 314
65 313
64 312
63 311
62 310
61 309
60 308
91 341
92 342
93 342
94 342
95 342
96 342
97 342
98 342
99 342
100 342
101 342
102 342
103 342
114 318
115 319
116 320
117 321
118 321
119 322
120 323
120 324
120 325
121 326
122 327
123 328
124 329
125 330
126 331
127 331
128 331
128 332
129 333
130 334
131 335
132 336
133 337
134 338
134 339
134 340
134 341
134 342
129 330
130 329
131 329
132 328
133 327
134 326
135 325
126 332
125 333
124 334
123 335
122 336
121 337
120 338
119 339
119 340
119 341
119 342
124 303
123 302
122 301
121 300
120 299
119 298
118 297
117 296
116 295
116 294
116 293
116 292
115 291
114 290
113 289
112 288
111 287
110 286
109 285
108 284
107 283
106 282
105 281
104 280
103 279
102 278
101 277
100 276
99 277
98 278
97 279
96 280
95 281
94 282
93 282
92 282
91 282
92 283
93 284
94 285
95 286
95 287
95 288
95 289
95 290
95 291
101 275
102 274
103 274
104 273
105 272
106 271
106 270
106 269
106 268
105 267
104 266
103 265
102 264
102 263
102 262
101 262
100 261
99 260
98 259
97 258
96 257
95 256
94 255
93 254
92 253
91 252
90 253
89 253
88 253
87 253
86 253
85 253
84 253
83 253
82 253
81 253
80 253
79 253
78 252
77 251
76 250
75 249
74 248
73 247
73 246
72 246
71 245
70 244
69 243
68 242
67 241
66 240
65 239
64 238
63 237
62 236
61 235
60 234
73 245
73 244
74 243
75 242
76 241
77 240
78 239
79 238
80 238
81 238
82 238
83 238
84 238
85 238
86 238
87 238
88 237
89 236
90 235
91 234
92 234
93 234
94 234
95 234
96 234
97 234
98 234
99 234
100 233
101 232
102 231
102 230
101 230
100 229
99 228
98 227
97 226
96 225
95 224
94 223
93 222
92 221
91 220
90 219
102 229
102 228
102 227
102 226
102 225
102 224
103 223
104 222
105 221
106 220
107 219
107 218
107 217
107 216
107 215
107 214
107 213
107 212
107 211
107 210
107 209
107 208
107 207
106 206
105 205
104 204
103 203
102 202
103 232
104 233
105 234
106 234
72 248
71 249
70 250
69 251
68 252
67 253
66 254
65 255
64 255
63 255
64 256
64 257
65 258
66 259
67 259
66 260
65 261
64 262
63 263
62 264
61 265
60 266
59 267
58 268
57 269
56 270
57 271
58 272
59 273
60 274
60 275
60 276
60 277
60 278
60 279
60 280
60 281
60 282
60 283
60 284
60 285
68 260
69 261
70 262
71 263
72 264
73 265
74 266
74 267
74 268
97 260
96 261
95 262
94 263
93 264
92 265
91 266
91 267
102 261
102 260
103 259
104 258
105 257
106 256
107 256
108 256
109 256
110 256
111 255
112 254
113 253
114 252
115 251
116 250
128 304
129 305
130 306
131 307
132 308
133 309
134 310
135 310
136 310
159 279
160 280
161 281
162 282
163 283
164 284
165 285
166 286
167 287
168 288
169 289
170 290
179 275
179 274
179 273
179 272
179 271
179 270
179 269
179 268
180 267
180 266
179 266
178 266
177 266
176 266
175 265
174 264
173 263
172 262
171 261
170 260
181 266
182 265
183 264
184 263
184 262
185 262
183 261
183 260
183 259
183 258
183 257
183 256
183 255
183 254
183 253
183 252
183 251
183 250
183 249
184 248
185 247
185 246
185 245
185 244
185 243
185 242
185 241
184 240
183 239
182 238
181 237
180 236
180 235
179 235
178 235
177 235
176 235
175 235
174 235
173 235
172 235
171 235
170 235
169 234
168 233
167 232
166 231
181 234
182 233
183 232
184 231
185 230
186 229
187 228
187 227
186 226
185 225
184 224
183 224
182 223
181 222
180 221
179 220
185 223
186 222
187 221
188 220
189 219
190 218
191 218
192 217
189 217
188 216
187 215
186 214
185 213
184 212
183 211
182 210
181 209
180 208
179 207
178 206
177 205
188 229
189 230
190 231
191 232
192 232
196 280
195 281
194 282
193 283
192 284
191 285
190 286
189 287
188 288
187 289
186 290
185 291
185 292
207 267
208 267
209 267
210 267
211 266
212 265
213 264
214 263
215 262
225 287
224 288
223 289
222 290
221 291
220 292
219 292
218 292
217 292
216 292
215 292
214 293
213 294
212 294
211 294
210 294
209 294
208 294
207 294
206 294
205 294
204 294
203 294
202 294
201 293
200 292
211 295
210 296
209 297
208 298
207 299
206 300
205 301
204 302
203 303
202 304
201 305
200 306
200 307
199 308
198 309
198 310
197 311
196 312
195 313
194 314
193 315
192 316
191 317
190 318
189 318
189 317
189 316
189 315
189 314
189 313
189 312
189 311
188 310
187 309
186 308
185 307
188 319
187 320
186 321
185 322
184 322
183 322
182 322
181 322
180 322
179 322
178 321
177 320
176 319
175 318
174 317
173 316
172 315
171 314
170 313
190 319
191 320
191 321
191 322
201 308
202 309
203 310
204 311
205 312
206 312
207 312
208 312
209 312
210 311
211 310
212 309
213 309
214 308
215 307
216 308
217 309
218 310
219 311
220 312
221 313
222 314
223 314
223 315
223 316
223 317
222 318
221 319
221 320
221 321
221 322
224 313
225 312
226 311
227 310
228 309
229 308
230 307
231 308
232 309
233 310
234 311
235 312
236 313
237 314
237 315
238 315
239 314
240 313
241 312
241 311
241 310
242 309
243 308
244 308
245 307
236 316
236 317
236 318
236 319
236 320
236 321
236 322
237 323
238 323
239 323
240 323
241 323
242 323
243 323
244 323
245 323
246 323
247 323
248 323
249 323
250 323
251 322
241 324
240 325
240 326
240 327
240 328
240 329
240 330
240 331
240 332
239 333
238 334
237 335
236 336
236 337
235 338
234 339
233 339
232 339
231 339
230 339
229 339
228 339
227 339
226 339
225 339
224 339
223 339
222 338
221 337
220 338
219 339
218 340
217 340
216 340
215 340
214 340
213 340
212 340
211 340
210 340
209 340
208 340
207 340
207 339
207 338
206 337
208 341
209 342
209 343
209 344
209 345
209 346
209 347
209 348
209 349
209 350
209 351
209 352
208 353
207 354
206 355
205 356
204 357
203 358
202 359
201 360
200 360
200 359
200 358
200 357
199 356
198 355
197 354
196 353
195 352
194 351
193 350
193 349
193 348
194 347
193 346
192 345
191 344
190 343
189 342
188 341
187 340
186 339
185 338
184 337
183 338
182 339
181 340
180 341
179 342
178 343
177 344
177 345
176 345
175 345
174 345
173 345
172 345
171 345
170 345
169 345
168 345
167 345
166 345
165 345
164 345
163 345
162 345
161 344
160 343
159 342
158 341
157 340
156 339
155 338
154 337
154 336
153 336
155 336
156 336
157 335
158 334
159 333
160 332
161 331
162 330
163 330
161 329
160 328
159 327
158 326
157 325
156 324
155 323
154 322
153 321
165 346
164 347
163 348
162 349
161 350
160 351
159 352
158 353
157 354
156 354
155 354
154 354
153 354
152 353
151 352
157 355
158 356
159 356
160 356
161 356
160 357
159 358
158 359
157 360
156 361
155 362
154 363
153 364
152 365
152 366
152 367
162 357
163 358
164 359
165 360
166 361
167 362
168 363
169 364
170 365
171 365
172 365
173 365
174 365
175 365
176 365
177 365
178 365
177 366
176 367
175 368
174 369
173 370
172 371
171 372
170 373
169 374
168 375
167 376
166 377
165 377
164 378
163 379
162 380
161 381
160 382
159 382
158 382
157 382
156 382
155 382
154 382
153 382
152 382
152 383
152 384
152 385
152 386
152 387
152 388
152 389
152 390
152 391
152 392
152 393
152 394
152 395
152 396
152 397
153 398
154 399
155 399
156 399
157 399
158 399
159 399
160 399
161 399
162 399
163 399
164 399
178 346
179 347
180 348
180 349
180 350
199 361
198 362
197 363
196 364
195 365
194 365
193 365
201 361
202 362
203 363
204 364
204 365
204 366
233 340
232 341
231 342
230 343
229 344
228 345
227 346
226 347
226 348
226 349
226 350
226 351
226 352
235 340
236 341
237 342
238 343
239 344
240 345
241 346
241 347
241 348
241 349
241 350
241 351
241 352
242 352
243 352
244 352
245 352
246 352
247 352
248 352
249 352
250 352
251 352
252 353
253 354
253 355
253 356
253 357
253 358
253 359
253 360
253 361
253 362
253 363
254 363
255 362
256 361
257 360
258 359
259 358
260 357
261 356
262 355
263 354
264 353
265 352
252 364
251 365
251 366
251 367
251 368
250 368
249 369
248 370
247 371
246 371
245 371
244 371
243 370
242 369
241 368
240 367
239 367
238 367
237 367
236 367
235 367
234 367
233 367
232 367
231 367
230 367
229 367
228 367
245 372
245 373
245 374
246 375
247 376
248 376
247 377
246 378
245 379
244 380
243 381
242 382
241 383
240 383
239 383
238 383
237 383
236 383
235 383
234 383
233 383
232 383
231 383
230 383
229 383
228 383
227 383
226 383
225 383
224 383
223 383
222 383
221 383
220 383
219 383
218 383
217 383
216 383
215 383
214 383
213 383
212 383
211 382
210 382
209 382
208 382
207 382
206 382
205 382
204 382
203 382
202 382
201 382
200 382
199 382
198 382
197 382
196 382
195 383
194 384
193 385
192 386
191 387
190 388
189 389
188 389
188 390
188 391
187 392
186 393
185 394
184 395
183 396
182 397
181 397
180 397
189 392
190 393
191 394
192 395
192 396
192 397
193 394
187 388
186 387
185 386
184 385
183 384
182 383
181 382
249 377
250 378
251 379
252 380
253 381
254 382
255 383
256 384
257 385
258 385
259 385
260 385
261 385
262 385
263 385
264 385
265 385
266 385
267 385
268 385
269 385
270 385
271 385
270 386
271 387
272 388
273 389
274 390
275 391
276 392
277 393
278 394
279 395
280 396
281 397
281 398
280 399
279 400
278 400
277 400
276 400
275 400
274 400
273 400
272 400
271 400
270 400
272 384
273 383
274 382
275 381
276 380
277 379
278 378
279 377
278 376
277 375
276 374
275 373
274 373
273 373
272 372
271 371
270 370
269 369
268 368
267 367
267 366
267 365
268 364
269 363
270 362
271 361
272 360
273 359
274 358
275 357
276 356
277 355
278 354
279 353
280 352
276 372
277 371
278 370
279 369
280 368
281 367
280 378
281 379
281 380
281 381
281 382
281 383
266 386
265 387
264 388
263 389
262 390
261 391
260 392
259 393
258 394
257 395
256 396
255 397
254 398
253 399
252 399
251 399
250 399
249 399
248 399
247 399
246 399
245 399
244 399
243 399
242 399
241 399
240 399
251 369
241 333
242 334
243 335
244 336
245 337
246 337
247 337
248 337
249 337
250 337
251 337
252 338
253 339
254 339
255 339
256 339
257 339
258 339
259 339
260 339
261 339
262 339
263 339
264 339
265 338
266 337
266 336
267 335
268 334
269 333
269 332
270 331
271 330
272 329
272 328
273 328
274 327
275 327
276 326
277 325
278 324
279 323
280 323
281 322
281 321
280 321
279 320
278 319
277 318
276 317
275 316
274 315
273 314
272 313
271 312
270 312
269 312
268 312
267 312
266 312
265 312
264 311
263 310
262 309
261 308
260 307
271 311
272 310
273 309
274 308
275 307
281 320
281 319
282 318
283 317
284 316
285 315
286 314
287 313
288 312
289 311
290 310
291 309
291 308
292 308
293 308
294 308
295 308
295 307
295 306
296 305
297 304
298 303
299 302
300 301
301 300
302 299
303 298
304 297
305 296
296 309
297 310
298 311
299 311
300 311
301 311
302 311
303 311
304 311
305 311
290 307
274 329
275 330
276 331
277 332
278 333
279 334
280 335
281 336
281 337
271 327
270 326
269 325
268 324
267 323
266 322
206 313
206 314
206 315
206 316
206 317
206 318
206 319
206 320
206 321
206 322
226 288
227 289
228 290
229 291
230 292
231 293
232 294
233 294
234 294
235 294
236 294
237 294
238 294
239 294
240 294
241 294
242 294
243 294
244 293
245 292
245 291
245 290
245 289
245 288
245 287
245 286
245 285
245 284
245 283
245 282
245 281
245 280
245 279
246 278
247 278
248 278
249 278
250 278
251 278
252 278
253 278
254 278
255 278
256 278
257 278
258 278
259 278
260 277
247 279
248 280
249 281
250 282
251 283
252 284
253 285
254 286
255 287
256 288
257 289
258 290
259 291
260 292
245 277
253 203
253 204
253 205
253 206
253 207
253 208
253 209
253 210
253 211
253 212
253 213
253 214
253 215
252 216
252 217
254 216
255 217
256 217
257 217
258 217
259 217
260 217
261 217
262 217
263 217
264 217
265 217
266 217
267 217
258 194
259 195
260 196
261 197
262 198
263 199
264 200
265 201
266 202
267 202
280 193
281 194
282 195
282 196
282 197
282 198
282 199
282 200
282 201
282 202
294 177
295 176
296 175
297 174
298 173
299 172
300 171
300 170
300 169
300 168
300 167
300 166
300 165
300 164
300 163
300 162
300 161
300 160
300 159
300 158
300 157
300 156
301 155
302 154
303 153
304 152
305 151
306 150
307 149
307 148
308 148
309 147
310 146
311 145
312 144
313 143
314 143
315 142
316 143
317 144
318 145
319 146
320 147
321 147
322 147
323 147
324 147
325 147
326 147
327 147
328 147
329 147
330 147
331 147
332 147
333 147
334 147
335 147
336 147
337 147
338 147
339 147
340 147
341 147
342 148
343 148
344 148
345 148
346 148
347 148
348 148
349 148
350 148
351 148
352 148
353 148
354 148
355 148
356 148
306 147
305 146
304 145
303 144
302 143
301 142
300 141
300 140
299 139
298 138
297 137
296 136
295 135
294 134
294 133
293 133
292 132
291 131
290 130
289 129
288 128
287 127
286 126
285 125
284 124
283 123
282 122
281 122
280 122
279 121
278 120
278 119
278 118
277 117
276 116
275 115
274 114
273 113
272 112
271 111
270 110
269 109
268 108
267 107
266 107
265 107
264 107
263 107
262 107
261 107
260 107
259 107
258 107
257 107
256 107
255 107
254 107
253 107
252 107
277 121
276 122
275 123
274 124
273 124
272 124
271 124
270 124
269 124
268 124
267 124
266 124
265 124
264 124
263 124
262 124
261 124
260 124
259 124
258 124
257 124
256 124
255 124
254 124
253 124
252 124
282 121
283 120
284 119
285 118
286 117
287 116
287 115
287 114
287 113
287 112
286 111
285 110
284 109
283 108
282 107
295 132
296 131
297 130
298 129
299 128
300 127
301 126
302 125
303 124
303 123
304 122
305 121
306 120
307 119
308 118
309 118
310 118
311 117
312 116
313 115
314 114
315 113
316 112
317 113
318 114
319 115
320 116
321 117
322 118
323 119
324 120
325 121
326 122
327 123
328 124
329 123
330 122
331 121
332 120
333 119
334 118
334 117
334 116
334 115
333 114
332 113
331 112
335 119
336 120
337 121
338 122
339 123
340 124
341 125
342 125
343 125
343 124
343 123
343 122
343 121
344 120
345 119
346 118
347 117
348 116
349 115
350 114
351 113
352 112
353 111
354 110
355 111
356 112
357 113
358 114
359 115
360 116
361 117
362 118
363 119
364 119
364 118
365 117
366 117
367 117
368 117
369 116
369 115
369 114
369 113
369 112
366 118
367 119
368 120
369 121
370 122
371 123
372 124
373 125
374 125
375 125
376 125
377 125
378 124
379 123
380 122
381 121
382 120
383 119
384 118
385 118
386 118
387 118
388 118
389 117
390 116
391 115
392 114
393 113
394 112
395 111
396 110
385 119
386 120
387 121
388 122
388 123
388 124
388 125
387 126
387 127
387 128
387 129
387 130
387 131
387 132
387 133
387 134
387 135
387 136
387 137
387 138
386 139
385 140
384 141
383 142
382 143
381 144
380 145
379 146
378 147
377 148
376 149
375 150
374 150
388 139
389 140
390 141
391 142
392 143
393 143
394 143
395 143
396 143
397 143
384 117
384 116
384 115
383 114
382 113
381 112
363 120
362 121
361 122
360 123
359 124
358 125
307 117
306 116
305 115
304 114
303 113
302 112
301 111
301 110
301 109
301 108
301 107
301 106
301 105
301 104
301 103
301 102
301 101
301 100
301 99
301 98
301 97
301 96
301 95
301 94
302 94
303 94
304 94
305 93
306 92
307 91
308 90
308 89
308 88
308 87
308 86
308 85
308 84
308 83
309 82
310 81
311 80
311 79
310 79
309 79
308 79
307 78
306 77
305 76
304 75
303 74
302 73
302 72
302 71
303 70
304 70
305 70
306 70
307 70
307 69
308 68
309 67
310 66
311 65
312 64
312 63
312 62
312 61
312 60
312 59
312 58
312 57
312 56
312 55
312 54
312 53
312 52
312 51
312 50
313 49
302 69
301 68
300 67
299 66
298 65
297 64
296 64
295 64
294 64
293 64
292 64
291 63
290 62
289 61
288 60
287 59
286 58
285 57
284 56
283 55
296 65
295 66
294 67
293 68
292 69
291 70
290 70
289 70
288 70
287 70
286 70
285 70
297 63
297 62
297 61
297 60
297 59
297 58
297 57
297 56
297 55
297 54
297 53
297 52
297 51
297 50
298 49
301 74
300 75
299 76
298 77
297 78
297 79
312 79
309 91
310 92
311 93
312 93
293 135
292 136
291 137
290 138
289 139
288 140
287 141
286 142
285 143
284 144
283 145
282 146
282 147
281 147
280 147
279 147
278 146
277 145
276 144
275 143
274 142
273 143
272 144
271 145
270 146
269 147
268 148
267 149
266 150
265 151
264 152
263 152
262 151
261 150
260 149
259 148
258 147
257 147
256 147
255 147
254 147
253 147
252 147
251 147
250 147
249 147
248 147
247 147
246 148
245 149
244 150
243 151
242 152
241 153
240 154
239 155
238 156
237 157
236 158
235 158
234 158
233 158
232 158
232 157
232 156
231 155
230 155
229 155
228 154
227 153
226 152
225 151
224 150
223 149
222 148
221 147
231 154
231 153
231 152
231 151
231 150
232 149
233 148
234 147
231 159
230 160
229 161
228 162
227 162
226 162
225 162
224 162
223 162
222 161
221 160
220 161
219 162
218 162
217 162
216 162
215 162
214 162
213 162
212 161
211 160
210 159
209 158
208 157
207 156
206 155
205 154
205 153
204 153
203 154
202 153
201 152
200 151
199 150
198 149
197 148
196 147
195 147
194 147
193 147
192 147
191 147
190 147
189 147
188 147
187 146
186 145
185 144
184 143
183 142
195 148
194 149
193 150
192 151
191 152
190 153
189 154
188 155
187 156
186 157
185 157
184 157
183 157
202 155
201 156
200 157
199 158
198 159
198 160
198 161
198 162
206 153
207 152
208 151
208 150
208 149
208 148
208 147
237 159
238 160
239 161
240 162
241 162
242 162
243 162
264 153
265 154
264 155
263 156
262 157
261 158
260 159
259 160
258 161
258 162
266 155
267 156
268 157
269 158
270 159
271 160
272 161
273 162
274 162
275 162
276 162
277 162
278 162
279 162
280 162
281 162
282 162
294 231
293 232
292 233
291 234
290 235
289 236
288 237
287 238
286 238
285 238
285 237
284 236
284 235
284 234
283 233
282 232
281 232
280 232
279 232
278 232
277 232
276 232
275 232
274 232
273 232
272 232
271 232
270 232
269 232
268 232
267 232
284 239
283 240
282 241
281 242
280 243
279 244
278 245
277 246
276 247
275 247
274 247
273 247
272 247
271 247
270 247
269 247
268 247
267 247
266 247
265 247
264 247
263 247
262 247
261 247
260 247
274 248
273 249
272 250
271 251
270 252
269 253
268 254
267 255
266 256
265 257
264 258
263 259
262 260
261 261
260 262
286 239
287 240
288 241
289 242
290 243
290 244
290 245
290 246
290 247
289 248
291 248
292 248
293 249
294 250
295 250
296 250
297 250
298 250
299 250
298 251
297 252
296 253
295 254
294 255
293 256
292 257
291 258
290 259
290 260
290 261
290 262
289 263
288 264
287 265
286 266
285 267
284 268
284 269
284 270
283 270
282 269
281 268
280 267
279 266
278 265
277 264
276 263
275 262
284 271
283 272
282 273
281 274
280 275
279 276
278 277
277 277
276 277
275 277
285 272
286 273
287 274
288 275
289 276
290 277
289 278
289 279
289 280
289 281
289 282
289 283
289 284
289 285
289 286
289 287
289 288
289 289
289 290
289 291
288 292
287 292
286 292
285 292
284 292
283 292
282 292
281 292
280 292
279 292
278 292
277 292
276 292
275 292
290 292
300 251
301 251
302 251
303 251
304 251
305 251
310 235
311 234
312 233
313 232
314 231
315 230
316 229
317 228
318 227
319 226
320 225
334 250
334 249
334 248
334 247
334 246
334 245
334 244
334 243
334 242
334 241
334 240
334 239
335 238
336 237
337 236
338 235
339 234
340 233
341 232
342 231
342 230
343 230
344 229
345 228
346 227
347 226
348 225
349 224
350 223
350 222
349 222
348 221
347 220
346 219
345 218
344 217
343 216
342 215
341 214
340 213
339 212
338 211
337 210
336 209
335 208
334 208
333 208
332 208
331 208
330 208
329 208
328 208
327 207
326 206
325 205
324 204
323 203
322 202
350 221
350 220
350 219
350 218
350 217
350 216
350 215
350 214
350 213
350 212
350 211
350 210
350 209
350 208
341 229
340 228
339 227
338 226
337 225
336 224
335 223
343 232
344 233
345 234
346 235
345 236
345 237
347 236
348 237
349 238
350 238
350 237
351 236
352 235
351 239
352 240
353 241
354 242
355 243
356 244
357 245
358 246
359 247
360 248
361 249
362 250
363 250
364 250
363 251
364 252
365 253
365 254
365 255
365 256
365 257
365 258
365 259
365 260
365 261
365 262
365 263
365 264
365 249
365 248
365 247
365 246
366 245
366 244
366 243
367 242
368 241
369 240
370 239
370 238
369 238
368 237
367 236
366 235
365 234
371 238
371 237
372 236
373 235
374 234
375 233
376 232
377 231
378 230
379 229
380 228
381 227
381 226
381 225
381 224
381 223
381 222
381 221
381 220
380 219
379 218
378 217
377 216
377 215
376 215
375 214
374 213
373 212
372 211
371 210
370 209
369 208
368 207
367 206
366 205
365 204
375 216
374 217
373 218
372 219
371 219
370 219
369 219
368 219
367 219
366 219
365 219
378 215
379 214
380 213
372 239
373 240
374 241
375 242
376 243
377 243
378 243
379 243
380 243
381 243
382 243
383 243
384 243
385 243
386 242
387 241
387 240
387 239
387 238
388 238
389 237
390 236
391 235
392 234
393 233
394 232
395 231
395 230
396 229
397 228
397 227
397 226
397 225
397 224
397 223
397 222
397 221
397 220
396 219
395 218
394 217
398 229
399 230
400 231
401 232
402 233
403 234
404 234
405 234
388 242
389 243
390 244
391 245
392 246
393 246
394 246
395 246
396 247
397 248
398 249
399 250
400 251
401 251
402 251
403 251
404 251
405 251
406 251
407 251
408 251
409 250
410 249
410 248
411 247
412 246
413 245
414 244
415 243
416 242
417 241
418 240
419 240
420 240
421 240
422 240
423 239
424 238
425 237
426 236
427 235
428 234
429 233
430 232
430 231
431 231
430 230
430 229
430 228
430 227
430 226
430 225
430 224
430 223
429 222
428 221
427 220
426 220
425 220
424 220
423 220
422 219
421 218
420 217
419 216
418 215
417 214
416 213
415 212
414 211
414 210
413 209
412 208
411 207
410 206
409 205
408 204
407 203
406 202
405 201
404 200
403 199
403 198
403 197
402 196
401 195
400 194
399 193
398 192
397 191
396 190
395 189
394 188
394 187
393 187
392 188
391 188
390 188
389 188
388 188
387 188
386 188
385 187
384 186
383 185
382 184
381 183
380 182
379 181
378 180
378 179
377 179
376 178
375 177
374 176
373 175
372 174
371 173
370 172
369 171
368 170
367 169
366 169
365 169
364 169
363 169
362 169
361 169
360 169
359 169
358 169
357 169
356 169
355 169
354 169
353 168
352 167
351 168
350 169
349 170
348 171
347 172
346 173
345 174
345 175
344 176
343 177
342 178
341 179
340 180
339 181
338 181
337 181
336 180
335 179
334 178
333 177
333 176
332 176
331 175
330 174
329 173
328 172
327 171
326 170
325 169
324 168
323 167
322 166
333 175
333 174
333 173
333 172
333 171
334 170
335 169
335 168
336 167
337 166
332 178
331 179
330 180
329 181
328 181
327 181
326 181
325 181
324 181
323 181
322 181
346 176
347 177
348 177
349 178
350 179
351 180
352 181
352 182
352 183
352 184
379 178
380 177
381 176
382 175
377 181
376 182
375 183
374 184
373 184
372 184
371 184
370 184
369 184
368 184
367 184
385 189
384 190
383 190
395 186
396 185
397 184
398 184
399 183
400 182
401 181
402 180
403 179
404 178
405 177
406 176
407 175
408 174
409 173
413 212
412 213
412 214
427 219
427 218
427 217
427 216
427 215
427 214
427 213
427 212
427 211
427 210
428 209
429 208
430 208
431 207
432 206
433 205
433 204
434 203
435 202
436 201
437 200
437 199
437 198
437 197
437 196
437 195
437 194
436 193
435 192
434 191
433 190
438 201
439 202
440 203
441 204
442 205
443 205
444 205
445 205
446 205
447 205
448 205
448 204
449 203
450 202
451 201
452 200
453 199
454 198
455 197
456 197
457 197
458 197
459 197
460 197
461 197
462 197
463 196
464 195
465 194
466 193
467 192
468 191
469 190
470 191
471 192
472 193
473 194
474 195
475 196
476 197
477 198
478 199
479 200
480 201
481 201
481 200
481 199
481 198
481 197
481 196
481 195
481 194
481 193
482 192
483 191
484 190
485 190
486 189
486 188
486 187
486 186
487 185
488 184
488 183
488 182
488 181
489 180
490 179
491 178
492 177
493 176
493 175
492 175
491 175
490 175
489 175
488 175
487 175
486 174
485 173
484 172
483 171
482 170
481 171
480 172
479 173
478 174
477 175
476 175
475 175
474 175
473 175
472 175
471 175
470 175
494 175
494 174
494 173
495 172
496 171
497 170
498 169
499 168
500 167
501 166
502 166
503 166
504 165
505 164
506 163
507 163
508 163
509 163
510 163
511 162
512 161
513 160
514 159
515 158
516 157
516 156
516 155
516 154
516 153
516 152
516 151
516 150
517 149
518 148
519 147
520 146
521 145
522 144
522 143
521 143
520 143
519 143
518 143
517 143
516 143
515 143
514 143
513 143
512 142
523 143
517 158
518 158
519 158
520 158
521 158
522 158
523 158
524 158
525 158
526 158
527 158
528 158
529 159
530 159
531 159
532 159
533 159
534 159
535 159
536 159
537 159
538 159
539 159
540 159
541 159
542 159
543 160
544 161
545 162
546 163
547 164
548 165
548 166
548 167
549 167
548 168
548 169
548 170
548 171
548 172
550 166
551 165
552 164
553 163
554 162
555 161
556 160
557 159
558 159
559 159
560 159
561 159
562 159
563 159
564 159
565 159
566 159
567 159
568 159
569 159
570 158
571 157
572 158
573 159
574 159
575 159
576 159
577 159
578 159
579 159
580 159
581 159
582 159
582 158
582 157
582 156
582 155
582 154
582 153
582 152
583 151
584 150
585 149
586 149
587 149
588 149
589 149
590 149
591 149
592 149
593 149
594 149
595 149
596 148
597 147
598 148
599 149
600 150
601 151
602 152
603 153
604 154
605 155
606 156
605 157
604 157
603 157
602 158
601 159
600 160
599 161
598 162
607 157
608 158
609 158
610 158
611 158
612 158
613 158
614 158
615 157
615 156
616 155
617 154
618 154
618 155
619 156
620 157
621 158
622 159
623 160
624 161
625 162
626 162
627 162
628 162
629 162
628 163
628 164
628 165
628 166
628 167
628 168
628 169
628 170
628 171
628 172
628 173
628 174
628 175
628 176
628 177
619 153
620 152
621 151
622 150
623 149
624 148
625 147
626 147
627 147
628 147
629 147
630 147
631 147
632 147
633 147
634 147
635 147
636 147
637 146
638 145
639 145
639 146
640 147
641 148
642 149
643 150
644 151
644 152
644 153
644 154
644 155
644 156
644 157
644 158
644 159
640 144
637 144
636 143
635 142
634 141
633 140
632 139
631 138
630 137
629 136
628 135
627 134
626 133
625 132
585 148
585 147
584 146
583 145
582 144
582 143
582 142
582 141
582 140
582 139
582 138
582 137
582 136
582 135
582 134
582 133
582 132
582 131
582 130
582 129
581 129
580 128
579 127
578 126
577 125
576 124
575 123
574 122
573 121
572 120
572 119
572 118
571 117
570 116
569 115
568 114
567 113
566 112
565 111
564 110
563 109
562 108
561 107
560 107
559 107
558 107
557 107
556 107
555 107
554 107
553 107
552 107
551 107
550 107
549 107
548 107
547 107
546 107
545 108
544 109
543 110
542 111
541 112
541 113
541 114
541 115
541 116
540 116
539 115
538 114
537 113
536 112
535 111
534 110
533 109
532 108
531 107
541 117
540 118
539 119
538 120
537 121
537 122
536 122
535 122
534 122
533 122
532 122
531 122
530 121
529 120
528 119
527 118
526 117
525 116
524 115
523 114
522 113
521 112
520 111
519 110
518 109
517 108
516 107
520 113
519 114
518 115
517 116
516 117
515 118
514 118
513 118
512 118
511 117
510 116
509 115
508 114
507 113
506 112
505 111
504 110
503 109
502 108
501 107
500 108
499 109
499 110
498 111
497 112
496 112
495 112
494 112
493 112
492 112
491 112
491 113
490 113
489 114
488 115
487 116
486 117
485 118
484 119
483 120
482 121
481 122
480 122
479 122
478 122
477 122
476 122
475 122
474 122
473 122
472 122
471 122
470 121
469 120
468 119
467 118
466 117
465 116
464 115
464 114
463 114
462 113
461 112
460 111
459 110
458 109
457 108
456 107
455 108
454 109
453 110
452 111
451 112
450 113
449 114
448 114
447 114
446 114
445 114
444 113
443 112
443 111
443 110
443 109
442 108
441 107
442 113
441 114
440 115
439 116
438 117
437 118
436 119
435 120
434 121
433 122
432 122
431 122
430 121
429 120
428 119
427 118
426 117
425 116
424 115
423 114
422 113
421 112
420 111
419 110
418 109
418 108
419 107
420 106
421 105
420 104
419 103
418 102
417 101
416 100
415 99
414 98
413 97
412 96
411 95
410 94
409 93
408 92
407 91
406 90
405 89
404 88
404 87
403 87
402 86
401 85
400 84
399 83
398 82
397 81
396 80
405 86
406 85
407 84
408 83
409 82
410 81
411 80
411 79
412 78
413 77
414 76
415 75
416 74
417 73
418 73
417 72
417 71
416 70
415 69
414 68
413 67
412 66
411 65
411 64
411 63
411 62
411 61
411 60
410 59
409 58
408 57
408 56
407 56
407 55
406 54
405 53
404 52
403 51
402 50
406 57
405 58
404 59
403 60
402 61
401 62
400 63
399 64
398 65
397 65
396 65
395 65
394 64
393 63
392 63
391 62
390 61
389 60
388 59
387 58
386 59
385 60
384 61
383 62
382 63
381 64
380 64
379 64
378 64
377 64
376 64
375 64
375 63
374 62
374 61
374 60
374 59
374 58
374 57
374 56
373 55
372 54
371 55
370 56
369 57
368 58
367 59
366 60
365 61
364 62
363 63
362 64
361 64
360 64
359 65
358 66
357 67
357 68
357 69
357 70
357 71
357 72
357 73
357 74
357 75
356 75
356 76
355 77
354 78
354 79
353 79
352 79
351 79
350 79
349 79
348 79
347 79
346 79
345 79
344 79
343 79
342 79
341 79
340 79
339 79
355 80
355 81
355 82
355 83
355 84
355 85
355 86
355 87
355 88
355 89
355 90
355 91
355 92
355 93
355 94
355 74
354 73
353 72
352 71
351 70
350 69
349 68
348 67
347 66
346 65
345 64
344 63
343 62
342 61
341 60
340 59
339 58
338 57
337 56
336 55
336 54
335 54
334 54
334 55
333 56
332 57
331 58
330 59
330 60
330 61
337 53
338 52
339 51
340 50
341 49
341 48
342 47
343 46
344 45
345 44
345 43
344 43
343 42
342 41
341 40
340 39
339 38
338 37
337 36
336 35
335 34
345 42
345 41
345 40
345 39
345 38
345 37
345 36
346 35
347 34
348 33
349 32
350 31
351 30
352 29
353 28
354 27
355 26
356 25
357 24
356 23
355 22
354 21
353 20
358 25
358 26
358 27
358 28
358 29
358 30
358 31
358 32
358 33
358 34
346 45
347 46
348 47
349 48
350 49
351 49
352 49
353 49
354 49
355 49
356 49
358 76
359 77
360 78
361 79
362 79
363 79
364 79
365 79
366 79
367 79
368 79
369 79
373 53
373 52
373 51
372 50
371 49
371 48
371 47
371 46
371 45
371 44
371 43
371 42
371 41
371 40
371 39
371 38
371 37
372 36
373 35
374 34
397 66
398 67
409 56
410 56
411 56
412 55
413 54
414 53
415 52
416 51
417 50
419 72
420 71
421 70
422 69
423 68
424 67
425 66
426 65
403 89
402 90
401 91
400 92
399 93
398 94
397 95
396 95
422 106
423 107
424 107
425 107
426 107
417 110
416 110
415 110
414 110
413 110
412 110
411 110
446 115
447 116
447 117
447 118
447 119
447 120
447 121
447 122
465 113
466 112
467 111
468 110
469 109
470 108
471 107
466 119
465 120
464 121
463 122
462 122
490 115
491 116
492 117
492 118
492 119
492 120
492 121
492 122
490 111
489 110
488 109
487 108
486 107
511 119
510 120
509 121
508 122
507 122
526 119
525 120
524 121
523 122
522 122
538 123
539 124
540 125
541 126
542 127
543 128
544 128
545 128
545 129
546 130
547 131
548 132
549 133
549 134
549 135
549 136
549 137
546 127
547 127
548 126
549 125
550 124
551 123
552 122
582 128
583 127
584 126
585 125
586 124
587 123
588 122
589 121
589 120
588 119
587 118
586 117
585 116
584 115
584 114
585 114
586 113
587 112
588 111
589 110
590 109
591 108
592 107
593 107
594 107
595 107
596 107
597 107
598 107
599 106
600 105
601 104
602 103
593 108
594 109
595 110
596 111
597 112
598 113
599 114
600 115
601 116
602 117
592 106
592 105
592 104
591 103
583 113
582 112
581 111
580 110
579 109
578 108
577 107
576 106
590 122
591 123
592 124
593 125
594 126
595 127
596 128
597 129
597 130
597 131
597 132
506 162
505 161
506 165
507 166
508 167
509 168
510 169
511 170
512 171
513 172
513 173
513 174
513 175
501 165
500 164
499 163
498 162
497 161
496 160
495 159
494 158
493 157
492 156
491 155
490 154
489 153
488 152
487 151
487 150
486 150
486 149
486 148
486 147
486 146
485 145
484 144
483 143
482 142
485 151
484 152
483 153
482 154
481 155
481 156
480 154
479 153
478 152
477 151
476 150
475 149
474 148
473 147
472 146
471 145
470 146
469 147
468 148
467 149
466 150
465 151
464 152
463 152
463 151
463 150
462 149
461 148
460 147
459 146
458 145
463 153
463 154
462 155
461 156
460 157
459 158
458 159
458 160
457 160
456 160
455 160
454 160
453 159
452 158
451 157
450 156
449 155
448 154
447 153
447 152
447 151
447 150
447 149
447 148
447 147
446 146
445 145
444 144
443 143
442 142
441 143
440 144
439 145
438 145
437 145
436 145
435 145
434 145
433 145
432 145
431 145
430 145
429 145
428 145
427 145
426 145
425 145
424 145
423 144
422 143
421 142
420 141
419 140
418 139
417 138
416 138
416 139
415 140
414 141
413 142
412 143
415 137
414 136
413 135
412 134
411 133
410 132
409 131
408 130
407 129
406 128
405 127
404 126
403 125
446 154
445 155
444 156
444 157
443 158
442 159
441 160
440 160
439 160
438 160
437 160
436 160
435 160
434 160
433 160
432 160
433 161
434 162
435 163
436 164
437 165
438 166
439 167
440 168
441 169
441 170
441 171
441 172
440 173
439 174
438 175
437 175
436 175
435 175
434 175
433 175
464 155
465 156
466 157
467 158
467 159
467 160
488 150
489 150
490 149
491 148
492 147
493 146
494 145
495 144
496 143
497 142
489 185
490 186
491 187
492 188
493 189
494 190
495 190
496 190
497 190
498 190
499 190
481 202
480 203
479 204
478 205
482 203
483 204
484 205
485 205
486 205
487 205
488 205
489 205
490 205
491 205
492 205
493 205
494 206
495 207
495 208
495 209
495 210
495 211
495 212
495 213
495 214
495 215
495 216
494 217
493 218
492 219
491 220
490 221
490 222
490 223
490 224
496 217
497 218
498 219
499 220
500 221
501 222
502 223
503 224
504 224
505 224
506 223
507 222
508 221
509 220
510 219
511 218
512 217
513 216
514 215
514 214
514 213
515 213
514 212
514 211
513 210
512 209
511 208
510 207
509 206
508 205
516 212
517 211
518 210
519 209
520 208
521 207
522 206
523 205
523 204
523 203
524 203
523 202
522 201
521 200
521 199
521 198
521 197
520 196
519 195
518 194
517 193
516 192
515 191
514 190
525 202
526 201
527 200
528 199
529 198
530 197
531 196
532 195
533 194
534 193
534 192
534 191
535 194
536 195
537 196
537 197
537 198
537 199
537 200
538 200
538 201
539 202
540 203
539 204
538 205
538 206
539 199
540 198
541 197
542 196
543 195
544 194
545 193
546 192
547 191
548 190
549 189
550 190
551 191
552 192
553 193
554 194
555 195
556 196
557 197
558 198
559 199
560 200
561 200
562 200
563 200
564 199
565 198
566 197
567 197
568 197
569 197
570 197
571 197
572 197
573 197
574 197
575 196
576 195
577 194
578 193
579 192
580 191
580 190
581 189
582 188
583 187
584 186
585 185
586 185
587 185
588 185
589 184
590 183
591 182
592 181
593 180
594 179
595 178
596 177
586 186
587 187
588 188
589 189
590 190
591 191
592 192
593 192
594 192
595 192
596 192
597 192
598 192
599 192
585 184
585 183
585 182
585 181
585 180
584 179
583 178
582 177
581 176
567 198
568 199
569 200
570 201
571 202
572 203
573 204
574 205
575 206
576 206
577 207
578 208
579 209
580 210
581 211
582 212
583 213
584 214
585 215
586 216
587 217
587 218
587 219
587 220
586 221
585 221
584 221
583 221
582 221
581 221
580 221
579 221
578 221
577 221
576 221
588 221
589 222
590 222
591 222
591 221
592 220
593 219
594 218
595 217
595 216
595 215
595 214
595 213
595 212
595 211
594 210
593 209
592 208
591 207
596 218
597 219
598 219
599 219
600 219
601 219
602 219
603 219
604 219
605 219
606 219
606 218
606 217
606 216
606 215
606 214
606 213
607 212
608 211
609 210
610 209
611 208
612 207
613 206
614 205
615 205
616 205
617 205
618 205
619 205
620 205
621 204
622 203
623 202
624 201
625 200
626 199
627 198
628 197
629 196
615 206
616 207
617 208
618 209
619 210
620 211
621 211
622 211
623 211
624 211
625 211
626 211
627 211
628 211
607 220
608 221
609 222
610 223
611 224
612 225
613 226
612 227
611 228
610 229
609 230
608 231
607 232
606 233
606 234
605 235
604 235
603 236
602 237
601 238
600 239
599 240
598 241
598 242
598 243
597 243
596 242
595 241
594 240
593 239
592 238
591 237
590 238
589 239
589 240
588 240
587 240
586 240
585 240
584 240
583 240
582 240
581 240
580 240
579 239
578 238
577 237
576 236
588 241
587 242
586 243
585 244
584 245
583 246
582 247
581 248
580 249
579 250
578 251
577 251
576 251
598 244
597 245
597 246
596 247
595 248
594 249
593 250
592 251
591 252
590 253
589 254
588 255
587 256
586 257
585 258
584 259
583 260
582 261
581 262
580 263
579 264
578 265
577 266
576 266
599 245
600 246
601 247
602 248
602 249
602 250
602 251
602 252
602 253
601 254
600 255
599 256
598 257
597 258
596 259
595 260
594 261
593 262
592 263
591 264
591 265
591 266
591 267
614 227
615 228
616 229
617 230
618 231
619 232
620 233
621 234
622 234
623 234
624 234
625 234
626 234
627 234
628 234
629 234
630 234
631 234
632 234
633 234
622 235
623 236
624 237
625 238
626 239
627 240
627 241
627 242
627 243
627 244
627 245
627 246
627 247
627 248
627 249
559 201
558 202
557 203
556 204
555 204
554 204
553 204
515 216
516 217
517 218
518 219
519 220
520 221
520 222
520 223
520 224
506 225
507 226
508 227
509 228
510 229
511 230
512 231
513 232
514 233
515 234
516 235
517 236
518 237
519 238
520 239
456 198
457 199
458 200
459 201
460 202
461 203
462 204
463 205
454 196
453 195
452 194
451 193
450 192
449 191
448 190
428 207
427 206
426 205
425 204
424 203
423 202
422 201
421 200
420 199
419 198
418 197
432 230
433 229
434 228
435 227
436 226
437 225
438 224
439 223
440 222
441 221
442 220
431 233
432 234
433 235
434 235
435 235
436 235
437 235
438 235
439 235
440 235
441 235
442 235
443 236
444 237
445 238
446 239
447 240
448 241
449 242
448 243
447 244
446 245
445 245
446 246
446 247
446 248
446 249
446 250
450 243
451 244
452 245
453 246
454 246
454 245
455 244
456 243
457 242
458 241
459 240
460 239
460 238
461 238
460 237
460 236
460 235
460 234
460 233
460 232
460 231
460 230
460 229
460 228
460 227
460 226
460 225
460 224
462 237
463 236
464 235
465 234
466 233
467 232
468 231
469 230
470 229
471 228
472 227
473 226
474 225
475 224
455 247
456 248
457 249
458 250
459 251
460 252
461 253
462 254
463 254
464 254
465 254
466 254
467 254
468 254
469 254
470 254
471 254
472 254
473 253
474 252
475 251
476 250
477 249
478 249
479 249
480 249
481 249
482 248
483 247
483 246
482 246
481 245
480 244
479 243
478 242
477 241
476 240
475 239
484 245
485 244
486 243
487 242
488 241
489 240
490 239
478 250
478 251
478 252
478 253
479 254
480 255
481 256
482 257
483 258
484 258
485 258
486 258
485 259
484 260
483 261
482 262
481 263
480 264
479 265
478 266
478 267
478 268
477 269
476 270
475 271
474 272
474 273
474 274
474 275
474 276
474 277
474 278
473 278
472 278
471 277
470 276
469 275
468 274
467 273
466 272
465 271
464 270
463 269
473 279
472 280
471 281
470 282
469 283
468 284
468 285
468 286
468 287
468 288
467 289
466 290
465 291
464 291
463 291
462 292
461 293
460 293
460 292
460 291
459 290
458 289
457 288
456 289
455 289
454 289
454 288
454 287
453 286
452 285
451 284
450 283
449 282
448 281
448 280
447 279
446 278
445 277
444 276
443 275
442 274
441 273
440 272
439 271
438 270
437 269
436 268
435 267
434 266
433 265
439 273
438 274
437 275
436 276
435 277
434 278
433 279
433 280
432 281
431 282
431 283
431 284
431 285
431 286
431 287
431 288
431 289
431 290
431 291
431 292
431 293
431 294
431 295
443 273
444 272
445 271
446 270
447 269
448 268
453 290
452 291
451 292
450 293
449 294
448 295
447 296
446 296
469 289
470 290
471 291
472 291
473 291
474 291
475 291
476 291
477 291
478 291
479 292
480 293
480 294
480 295
480 296
480 297
480 298
480 299
480 300
480 301
479 302
478 303
477 304
476 305
475 306
474 307
473 308
472 309
471 310
470 311
469 312
468 313
467 314
466 314
465 314
465 313
465 312
465 311
464 310
463 309
462 308
461 307
460 306
464 315
463 316
462 317
461 318
460 319
460 320
460 321
466 315
467 316
468 317
469 318
470 319
471 320
472 321
473 321
474 321
475 321
481 302
482 303
483 304
484 305
485 306
486 306
487 306
488 306
489 306
490 306
491 307
492 308
493 309
494 310
495 311
496 312
497 313
498 314
499 315
500 316
501 317
501 318
501 319
500 320
499 321
498 321
497 321
496 321
495 321
494 321
493 321
492 321
491 321
490 321
502 320
503 321
504 321
505 321
506 320
507 319
508 318
509 317
509 316
509 315
510 315
509 314
509 313
509 312
509 311
509 310
508 309
507 308
506 307
505 306
505 305
505 304
505 303
505 302
505 301
505 300
505 299
505 298
506 297
507 296
511 314
512 313
513 312
514 311
515 310
516 309
517 308
518 307
519 306
520 305
520 304
520 303
520 302
520 301
520 300
520 299
520 298
521 297
522 296
510 318
511 319
512 320
513 320
514 320
515 320
516 320
517 320
518 320
519 320
520 320
479 269
480 270
481 271
482 272
483 273
484 274
485 275
486 276
487 277
488 277
489 277
487 259
488 260
489 261
490 262
491 263
492 262
493 261
494 260
495 259
496 258
497 257
498 256
499 255
500 254
501 253
502 252
503 251
504 250
504 249
504 248
504 247
504 246
504 245
504 244
504 243
504 242
504 241
504 240
505 239
492 264
493 265
494 266
495 266
496 266
497 266
498 266
499 266
500 266
501 266
502 266
503 266
504 266
505 267
506 268
507 269
508 270
509 271
510 272
511 273
512 274
511 275
510 276
509 277
508 278
507 279
506 280
505 281
504 281
513 275
514 276
515 276
515 277
516 278
517 279
518 280
519 281
516 275
517 274
518 273
519 272
520 271
521 270
522 269
523 268
524 267
525 266
526 265
527 264
528 263
529 263
530 263
531 263
532 262
533 261
534 260
535 259
536 258
537 257
538 256
539 256
540 256
541 256
542 256
543 256
544 256
545 256
546 255
547 254
548 253
549 252
550 252
550 253
551 254
552 255
553 256
553 257
553 258
553 259
553 260
553 261
553 262
553 263
553 264
551 251
552 250
553 249
548 251
547 250
546 249
545 248
544 247
543 246
542 245
541 244
540 243
539 242
538 241
539 240
540 239
541 238
542 237
543 236
544 235
545 234
546 233
547 232
547 231
546 230
545 230
544 230
543 230
542 229
541 228
540 227
539 226
546 229
546 228
546 227
546 226
547 225
548 224
549 223
550 222
551 221
552 220
553 219
548 233
549 234
550 235
550 236
551 236
552 235
553 234
529 264
530 265
531 266
532 267
533 268
534 269
535 270
536 271
537 272
537 273
537 274
537 275
538 276
539 277
540 278
541 279
542 279
543 279
544 279
545 279
546 279
547 279
548 279
549 279
550 279
551 279
552 279
527 262
526 261
525 260
524 259
523 258
522 257
521 256
520 255
519 254
419 241
420 242
421 243
422 244
423 245
424 246
425 247
426 248
427 249
428 250
429 250
430 250
431 250
406 252
405 253
404 254
403 255
402 256
401 257
400 258
399 259
398 260
397 261
396 261
395 261
396 262
397 263
398 264
399 265
400 266
401 267
402 268
403 269
404 269
405 268
406 267
407 267
408 266
409 265
410 264
402 270
401 270
400 271
399 272
398 273
397 274
396 275
395 276
394 277
393 278
392 279
391 279
390 279
389 279
388 279
387 279
386 279
385 278
384 277
383 276
382 275
381 274
380 273
390 280
389 281
388 282
387 283
386 284
385 285
384 286
383 287
382 288
381 288
380 288
379 289
378 289
377 288
376 287
375 286
374 285
373 284
372 283
371 282
370 281
369 280
368 279
367 278
366 279
365 279
377 290
376 291
375 292
374 292
373 292
372 292
371 293
370 294
369 294
368 294
367 294
366 294
365 294
364 295
363 296
362 295
361 294
360 293
359 292
358 291
357 290
356 289
355 288
354 287
353 286
352 285
351 284
350 283
351 282
351 281
351 280
351 279
351 278
351 277
351 276
351 275
351 274
351 273
351 272
351 271
351 270
351 269
350 268
362 297
361 298
360 299
359 300
358 301
357 302
356 302
355 302
354 302
354 301
353 300
352 299
351 299
350 298
355 303
356 304
357 305
358 306
359 307
360 308
361 309
362 309
363 309
364 309
365 309
366 310
367 311
368 312
369 313
370 314
371 315
372 316
373 317
374 318
375 319
376 320
377 320
378 320
377 321
378 322
379 323
380 324
381 325
381 326
381 327
381 328
381 329
381 330
381 331
381 332
382 332
383 332
384 332
385 331
386 330
387 329
388 328
389 327
390 326
391 325
392 324
393 323
394 322
395 321
395 320
396 319
397 318
398 317
399 316
400 315
401 314
402 313
403 312
404 311
405 310
405 309
404 309
403 309
402 309
401 309
400 309
399 309
398 309
397 308
396 307
395 306
406 309
380 333
379 319
380 318
375 321
374 322
373 323
372 324
371 324
370 324
369 324
368 324
367 324
366 324
365 324
365 325
365 326
365 327
365 328
365 329
365 330
365 331
365 332
365 333
365 334
365 335
365 336
365 337
365 338
365 339
360 310
359 311
358 312
357 313
356 313
355 313
354 313
353 313
352 313
351 313
350 313
373 293
374 294
375 295
376 296
377 297
378 298
379 299
380 300
380 301
380 302
380 303
392 280
393 281
394 282
395 283
396 284
395 285
395 286
395 287
395 288
395 289
395 290
395 291
397 285
398 286
399 287
400 288
401 289
402 290
403 291
404 292
405 293
406 294
407 294
408 294
409 294
410 294
402 271
403 272
404 273
405 274
406 275
407 276
408 277
409 278
410 279
367 246
368 247
369 248
370 249
371 250
372 251
373 252
374 253
375 254
376 255
377 256
378 257
379 258
380 258
361 251
360 252
359 253
358 253
357 253
356 253
355 253
354 253
353 253
352 253
351 253
350 253
846
320 269
305 266
305 281
320 284
320 299
335 298
320 314
335 328
350 328
335 343
350 343
320 329
320 344
302 343
300 328
307 358
303 370
306 382
303 397
321 369
334 362
331 391
335 399
338 376
353 386
353 401
364 361
368 376
394 359
398 346
413 344
414 330
426 329
441 312
441 327
426 314
428 344
428 357
443 372
456 384
467 384
478 384
490 384
502 389
514 389
524 404
514 404
515 421
541 388
549 373
556 386
571 387
583 384
583 399
583 414
598 414
598 399
613 392
616 383
627 370
631 385
628 400
643 400
626 414
641 412
646 385
598 384
530 389
499 404
493 369
482 369
468 369
501 374
503 354
488 339
488 354
503 339
518 354
518 339
533 339
539 324
537 310
537 296
552 294
552 309
553 324
548 339
567 348
575 341
589 339
575 326
585 354
582 369
597 369
600 354
600 339
590 312
575 311
590 327
605 313
605 299
605 283
590 282
575 281
575 296
590 297
606 268
625 283
621 268
633 271
625 299
632 312
620 313
603 327
615 341
625 327
630 342
628 355
550 354
535 354
516 369
472 399
484 403
443 388
431 387
455 399
443 403
430 402
443 357
443 342
458 337
458 352
473 354
473 339
429 372
409 357
409 371
383 373
379 358
372 391
378 400
378 415
368 417
363 431
338 415
323 415
318 429
303 420
303 435
313 449
299 451
284 436
269 437
269 422
254 436
239 422
224 421
209 421
194 421
194 435
179 436
164 420
150 418
141 428
129 428
115 422
124 411
117 399
132 390
132 375
117 385
102 390
86 401
68 392
55 393
40 384
55 382
68 407
103 373
86 361
101 361
88 377
116 361
131 360
106 427
121 439
164 435
179 421
209 435
224 435
254 422
239 437
284 422
313 464
308 477
293 476
293 491
316 481
308 492
333 429
353 416
348 429
353 443
346 457
334 468
346 472
331 483
361 455
361 468
375 467
361 483
346 487
346 502
331 504
356 513
361 498
375 504
376 482
391 481
401 477
416 492
416 477
402 493
378 430
393 429
395 420
404 402
395 444
408 452
395 459
409 437
424 437
425 422
440 422
455 422
470 422
485 422
484 437
499 437
500 422
514 437
529 437
544 437
550 407
545 422
574 430
578 444
591 444
604 429
604 444
589 429
559 437
559 423
530 422
469 437
439 437
454 437
410 422
349 361
353 375
335 313
335 283
335 268
320 254
335 253
320 239
305 236
297 231
282 217
304 216
304 201
300 186
284 187
268 181
260 187
245 187
237 187
252 202
237 202
237 217
222 217
222 202
204 190
192 202
193 180
183 187
207 202
222 189
207 217
207 232
200 247
222 232
215 247
237 232
230 247
252 232
245 247
230 262
245 262
230 277
215 277
200 262
200 277
185 277
170 275
155 291
154 306
155 276
131 251
136 232
134 220
122 218
147 201
147 186
134 182
134 167
119 152
104 144
87 143
71 137
55 147
39 158
55 160
67 152
100 132
112 123
112 108
127 107
127 122
119 137
104 159
119 167
106 174
95 184
87 166
80 183
73 198
62 204
49 207
35 200
15 187
30 183
24 174
20 202
35 215
22 215
72 214
65 183
50 183
110 183
134 152
125 184
162 207
162 192
164 177
152 160
165 147
164 137
158 122
143 107
158 107
143 122
173 107
177 124
192 124
207 122
192 107
207 107
222 107
237 107
222 122
237 124
152 145
165 162
152 216
132 203
121 233
151 231
155 246
125 266
140 266
155 261
140 281
125 281
135 295
121 310
106 310
107 325
91 310
91 325
90 340
75 339
62 338
50 330
38 334
35 324
21 340
17 355
29 359
42 352
56 358
71 359
21 325
72 324
60 308
103 342
120 325
134 342
135 325
119 342
116 295
110 286
91 282
95 291
106 271
91 252
79 253
60 234
79 238
91 234
90 219
107 219
102 202
106 234
63 255
56 270
60 285
74 268
91 267
106 256
116 250
136 310
170 290
170 260
185 262
185 247
179 235
166 231
179 220
192 217
177 205
192 232
185 292
215 262
215 292
200 292
200 307
185 307
179 322
170 313
191 322
215 307
221 322
230 307
245 307
236 322
251 322
236 337
221 337
206 337
209 352
193 350
184 337
166 345
153 336
163 330
153 321
151 352
152 367
167 362
178 365
165 377
152 382
152 397
164 399
180 350
193 365
204 366
226 352
241 352
251 352
265 352
251 367
240 367
228 367
240 383
226 383
211 382
196 382
180 397
192 397
181 382
255 383
269 385
281 398
270 400
267 367
280 352
281 367
281 383
254 398
240 399
251 337
266 337
281 322
260 307
275 307
305 296
305 311
290 307
281 337
266 322
206 322
230 292
245 292
260 277
260 292
245 277
252 217
267 217
267 202
282 202
300 171
300 156
315 142
326 147
341 147
356 148
300 141
282 122
267 107
252 107
267 124
252 124
282 107
301 126
316 112
328 124
331 112
343 125
354 110
369 112
373 125
396 110
388 125
382 143
374 150
397 143
381 112
358 125
301 111
301 94
312 64
313 49
297 64
283 55
285 70
298 49
297 79
312 79
312 93
282 147
274 142
258 147
247 147
221 147
234 147
228 162
213 162
196 147
183 142
183 157
198 162
208 147
243 162
258 162
273 162
282 162
282 232
267 232
275 247
260 247
260 262
290 247
290 262
275 262
275 277
290 277
275 292
290 292
305 251
320 225
335 238
350 223
335 208
322 202
350 208
335 223
350 238
365 264
365 249
365 234
380 228
365 204
365 219
380 213
380 243
395 231
394 217
405 234
395 246
410 249
427 235
427 220
403 199
367 169
352 167
337 181
322 166
337 166
322 181
352 184
382 175
367 184
383 190
397 184
409 173
412 214
433 205
433 190
448 205
469 190
484 190
482 170
470 175
494 175
516 157
512 142
523 143
528 158
542 159
548 172
557 159
571 157
582 159
597 147
598 162
613 158
629 162
628 177
625 147
644 159
640 144
625 132
582 144
582 129
572 120
561 107
546 107
531 107
537 122
516 107
501 107
477 122
456 107
441 107
432 122
411 95
396 80
411 80
411 65
402 50
396 65
387 58
375 64
360 64
354 79
339 79
355 94
345 64
330 61
341 49
335 34
347 34
353 20
358 34
356 49
369 79
371 49
374 34
417 50
426 65
396 95
426 107
411 110
447 122
471 107
462 122
492 122
486 107
507 122
522 122
549 137
552 122
587 118
602 103
602 117
591 103
576 106
597 132
505 161
513 175
493 157
482 142
481 156
471 145
458 145
458 160
442 142
430 145
412 143
403 125
444 157
432 160
441 172
433 175
467 160
497 142
499 190
478 205
493 205
490 224
505 224
508 205
523 205
514 190
534 191
538 206
549 189
566 197
580 191
596 177
599 192
581 176
576 206
576 221
591 222
591 207
606 219
614 205
629 196
628 211
606 234
591 237
576 236
576 251
591 252
576 266
602 253
591 267
621 234
633 234
627 249
553 204
520 224
520 239
463 205
448 190
418 197
442 220
442 235
446 250
460 239
460 224
475 224
463 254
475 239
490 239
478 253
478 268
474 278
463 269
463 291
448 281
433 265
433 280
431 295
448 268
446 296
478 291
475 306
460 306
460 321
475 321
490 306
490 321
505 321
505 306
507 296
520 305
522 296
520 320
489 277
491 263
504 250
505 239
504 266
504 281
519 281
522 269
538 256
553 264
553 249
538 241
539 226
553 219
553 234
537 275
552 279
519 254
431 250
395 261
410 264
395 276
380 273
380 288
365 279
365 294
350 283
350 268
350 298
365 309
395 321
395 306
406 309
380 333
380 318
365 324
365 339
350 313
380 303
395 291
410 294
410 279
380 258
350 253
