11493
332 270
331 270
330 270
329 270
328 270
327 270
326 269
325 268
324 267
323 267
322 267
321 267
320 267
319 267
318 267
317 267
316 267
315 267
314 267
313 267
312 267
311 267
310 267
309 267
324 266
324 265
324 264
324 263
324 262
324 261
324 260
323 259
322 258
321 257
320 256
319 255
318 254
317 253
316 252
332 271
331 272
330 273
329 274
328 275
327 276
326 277
325 278
324 279
324 280
324 281
324 282
323 283
322 284
321 285
320 286
319 287
318 288
317 289
316 289
316 290
316 291
316 292
316 293
316 294
316 295
316 296
316 297
315 297
314 297
313 297
312 297
311 297
310 297
309 297
308 297
307 297
306 297
305 297
304 297
303 297
302 297
301 297
316 298
316 299
316 300
316 301
316 302
316 303
316 304
316 305
316 306
316 307
316 308
316 309
316 310
316 311
315 312
314 313
313 313
312 313
311 313
310 313
309 313
308 313
307 313
306 313
305 313
304 313
303 313
302 313
301 313
300 313
299 313
298 313
297 313
296 313
295 313
294 313
293 313
292 313
291 312
290 311
289 310
288 309
287 308
286 307
285 307
284 307
283 307
282 307
281 307
280 307
279 307
278 307
277 306
276 305
275 304
274 303
273 302
272 301
271 300
285 308
284 309
283 310
282 311
281 312
281 313
281 314
281 315
281 316
281 317
281 318
281 319
281 320
281 321
281 322
280 322
279 322
278 322
277 322
276 322
275 322
274 322
273 322
272 321
271 320
270 319
269 318
268 317
267 316
266 315
266 314
266 313
266 312
266 311
266 310
265 309
264 308
263 307
262 306
261 305
260 304
259 303
258 302
257 301
256 300
256 299
256 298
256 297
256 296
256 295
256 294
256 293
256 292
256 291
256 290
256 289
256 288
256 287
256 286
256 285
256 284
257 284
256 283
256 282
256 281
256 280
256 279
255 278
254 277
253 276
252 275
251 274
250 273
249 272
258 283
259 282
260 281
261 280
262 279
263 278
264 277
264 276
264 275
264 274
264 273
264 272
264 271
264 270
264 269
264 268
264 267
264 266
264 265
264 264
264 263
264 262
280 323
281 323
281 324
281 325
281 326
281 327
281 328
281 329
281 330
281 331
281 332
281 333
281 334
281 335
281 336
281 337
281 338
280 338
279 339
278 340
277 341
276 342
275 343
274 344
273 345
272 345
271 345
270 345
269 345
268 345
267 345
266 345
265 345
264 345
263 345
262 345
261 345
260 345
259 345
258 345
257 345
256 345
255 345
254 345
253 345
252 345
251 345
250 345
249 345
248 345
247 345
246 345
245 345
244 345
243 345
242 345
241 344
240 343
239 342
238 341
237 340
236 339
235 340
234 341
233 342
232 343
231 344
230 345
229 346
228 347
227 348
226 349
225 350
224 351
223 352
222 352
250 346
249 347
248 348
247 349
246 350
245 351
244 352
243 353
242 354
241 354
240 354
239 354
238 354
237 355
236 356
235 357
234 358
233 359
232 360
231 361
230 362
229 363
228 364
228 365
228 366
228 367
239 355
240 356
241 357
241 358
241 359
241 360
241 361
241 362
241 363
241 364
241 365
241 366
242 366
243 366
244 366
245 366
246 365
247 364
248 363
249 362
250 361
251 360
265 344
264 343
263 342
262 341
261 340
260 339
259 338
258 337
257 336
256 335
255 334
254 333
253 332
252 331
251 330
250 330
249 330
248 330
247 330
246 330
245 330
244 330
243 330
242 330
241 329
240 328
239 327
238 326
237 325
236 324
235 324
234 324
233 324
232 324
231 324
230 324
229 324
228 324
227 324
226 324
225 324
224 324
223 324
222 323
221 322
220 322
219 322
218 322
217 322
216 322
215 322
214 322
213 321
212 320
211 319
210 318
209 317
208 316
207 315
206 314
206 313
206 312
206 311
206 310
206 309
205 308
204 307
203 306
202 305
201 304
200 303
199 302
198 301
197 300
196 299
235 325
234 326
233 327
232 328
231 329
230 330
229 331
228 332
227 333
226 334
225 335
224 336
223 337
222 337
221 337
220 337
219 337
218 337
217 337
216 337
215 337
214 337
213 336
212 335
211 334
210 333
209 332
208 331
207 330
206 329
205 329
204 329
203 329
202 329
201 329
200 329
199 328
198 327
197 326
196 325
195 324
194 323
193 322
192 321
191 320
190 320
189 320
188 320
187 320
186 320
185 320
184 320
183 320
182 319
181 318
180 317
179 316
178 315
177 314
176 313
175 313
174 313
173 313
172 313
171 313
170 312
169 311
168 310
167 309
166 308
165 308
164 308
163 308
162 307
161 306
160 305
159 304
158 303
157 302
156 301
155 300
155 299
154 299
156 299
157 299
158 299
159 298
160 297
161 296
162 295
163 294
164 293
165 292
166 291
166 290
166 289
166 288
166 287
166 286
166 285
166 284
166 283
165 282
164 281
163 280
162 279
161 278
160 277
159 276
175 314
174 315
173 316
172 317
171 318
170 319
169 320
168 321
167 322
166 323
165 323
164 323
163 323
162 323
161 323
160 323
159 322
158 321
157 320
156 319
155 318
154 317
153 316
152 315
151 314
150 314
149 314
148 314
147 314
146 314
145 314
144 314
143 314
142 314
141 314
140 314
139 313
138 312
137 311
136 310
135 310
134 310
133 310
132 310
131 310
130 310
129 310
128 310
127 310
126 310
125 310
124 310
123 310
122 310
121 310
120 310
119 310
118 310
117 310
116 310
115 310
114 310
113 310
112 310
111 310
110 310
109 310
108 310
107 310
106 310
105 310
104 310
103 310
102 310
101 310
100 310
99 310
98 310
97 310
96 310
95 310
94 310
93 310
92 310
91 310
105 311
104 312
103 313
102 314
101 315
100 316
99 317
98 318
97 319
96 320
95 321
94 322
93 323
92 324
91 325
120 311
119 312
118 313
117 314
116 315
115 316
114 317
113 318
112 319
111 320
110 321
109 322
108 323
107 324
107 325
108 325
109 325
110 325
111 325
112 325
113 325
114 325
115 325
116 325
117 325
118 325
119 325
120 325
121 325
122 325
123 325
124 325
125 325
126 325
127 325
128 325
129 325
130 325
131 325
132 325
133 325
134 325
135 325
163 324
162 325
161 326
160 327
159 328
158 329
157 329
156 329
155 329
154 329
153 329
154 330
155 331
156 332
157 333
158 334
159 335
160 336
161 337
162 338
163 338
164 338
165 338
166 338
165 339
164 340
164 341
164 342
164 343
164 344
164 345
164 346
164 347
164 348
164 349
164 350
164 351
164 352
163 352
162 352
161 352
160 352
159 352
158 351
157 350
156 349
155 348
154 347
153 346
152 345
151 344
165 353
166 354
167 355
168 356
169 357
170 358
171 359
172 360
173 361
174 362
175 363
176 364
177 365
178 365
177 366
176 367
175 367
174 367
173 367
172 367
171 367
170 367
169 367
168 367
167 367
166 367
165 367
164 367
163 367
162 367
161 367
160 367
159 367
158 367
157 367
156 367
155 367
154 367
153 367
152 367
151 367
151 366
151 365
151 364
151 363
151 362
151 361
150 360
149 359
148 359
147 359
146 359
145 359
144 359
143 359
142 359
141 359
140 359
139 359
138 359
137 359
136 359
135 359
134 359
133 359
132 360
131 360
130 360
129 360
128 360
127 360
126 360
125 360
124 360
123 360
122 360
121 360
120 360
119 360
118 360
117 361
116 361
115 361
114 361
113 361
112 361
111 361
110 361
109 361
108 361
107 361
106 361
105 361
104 361
103 361
102 361
101 361
100 361
99 361
98 361
97 361
96 361
95 361
94 361
93 361
92 361
91 361
90 361
89 361
88 361
87 361
86 361
85 361
84 361
83 361
82 361
81 361
80 361
79 361
78 361
77 361
76 361
75 361
74 360
73 359
72 359
71 359
70 359
69 359
68 359
67 359
66 359
65 359
64 359
63 359
62 359
61 359
60 359
59 359
58 358
57 358
56 358
55 358
54 358
53 358
52 358
51 358
50 358
49 358
48 358
47 357
46 356
45 355
44 354
43 353
42 354
41 355
40 356
39 357
38 358
37 359
36 359
35 359
34 359
33 359
32 359
31 359
30 359
29 359
28 359
27 359
26 359
25 359
24 359
23 359
22 359
21 359
20 358
19 357
18 356
17 355
17 354
17 353
17 352
17 351
17 350
17 349
17 348
17 347
17 346
17 345
17 344
18 343
19 342
20 341
21 340
21 339
21 338
21 337
21 336
21 335
21 334
21 333
21 332
21 331
21 330
21 329
21 328
21 327
21 326
21 325
73 358
73 357
74 356
75 355
76 354
77 353
78 352
79 351
80 350
81 349
82 348
83 347
83 346
82 346
81 346
80 346
79 346
78 346
77 346
76 346
75 346
74 345
73 344
72 344
71 344
70 344
69 344
68 344
67 344
66 344
65 344
64 343
63 342
62 341
61 341
60 340
59 339
58 338
57 337
56 336
55 335
54 334
53 333
52 332
51 331
50 330
49 331
48 332
47 333
46 334
45 334
44 334
43 334
42 334
41 334
40 334
39 334
38 334
62 340
62 339
62 338
63 337
64 336
65 335
66 334
67 333
68 332
69 331
70 330
71 329
72 328
72 327
72 326
72 325
72 324
72 323
72 322
72 321
72 320
71 319
70 318
69 317
68 316
67 315
66 314
65 313
64 312
63 311
62 310
61 309
60 308
84 346
119 361
120 362
121 363
122 364
123 365
124 366
125 367
126 368
127 369
128 370
129 371
130 372
131 373
132 374
132 375
132 376
132 377
132 378
132 379
132 380
132 381
132 382
132 383
132 384
132 385
132 386
132 387
132 388
132 389
132 390
131 391
130 392
129 393
128 394
127 395
126 396
125 397
124 398
123 399
122 399
122 398
122 397
122 396
122 395
122 394
122 393
122 392
122 391
122 390
121 389
120 388
119 387
118 386
117 385
116 385
115 385
114 385
113 385
112 385
111 385
110 384
109 383
108 382
107 381
106 380
105 379
104 378
103 377
102 378
102 379
102 380
102 381
102 382
102 383
102 384
102 385
102 386
102 387
102 388
102 389
102 390
101 390
101 391
100 392
99 393
98 394
97 395
96 396
95 397
94 398
93 399
92 400
91 401
90 401
89 401
88 401
87 401
86 401
85 401
84 401
83 401
82 401
81 401
80 401
79 401
78 401
77 401
76 400
75 399
74 398
73 397
72 396
71 395
70 394
69 393
68 392
67 392
66 392
65 391
64 390
63 389
62 388
61 387
60 386
59 385
58 384
57 383
56 382
55 383
55 384
55 385
55 386
55 387
55 388
55 389
55 390
55 391
55 392
55 393
54 393
53 393
52 393
51 393
50 393
49 393
48 392
47 391
46 390
45 389
44 388
43 387
42 386
41 385
40 384
56 394
57 395
58 396
59 397
60 398
61 399
62 400
63 401
64 402
65 403
66 404
67 405
68 406
68 407
100 389
99 388
98 387
97 386
96 385
95 384
94 383
93 382
92 381
91 380
90 379
89 378
88 377
123 400
124 401
124 402
124 403
124 404
124 405
124 406
124 407
124 408
124 409
124 410
124 411
123 412
122 413
121 414
120 415
119 416
118 417
117 418
116 419
115 420
115 421
115 422
114 423
113 424
112 425
111 426
110 427
109 427
108 427
107 427
106 427
107 428
108 429
109 430
110 431
111 432
112 433
113 434
114 435
115 436
116 437
117 438
118 439
119 439
120 439
121 438
122 437
123 436
124 435
125 434
126 433
127 432
128 431
129 430
130 429
131 428
131 427
131 426
132 425
133 424
134 423
135 422
136 421
137 420
138 419
139 418
132 429
133 430
134 431
135 432
136 433
137 434
138 434
139 434
140 434
141 434
142 434
143 434
144 434
145 434
145 433
145 432
146 431
147 430
148 429
149 428
150 427
151 426
152 425
153 424
154 423
155 422
156 421
157 420
146 435
147 435
148 435
149 435
150 435
151 435
152 435
153 435
154 435
155 435
156 435
157 435
158 435
159 435
160 435
161 435
162 435
163 435
164 435
165 435
166 435
167 435
168 435
169 435
170 435
171 435
172 435
173 435
173 434
173 433
173 432
173 431
173 430
173 429
173 428
173 427
174 426
175 425
176 424
177 423
178 422
179 421
180 421
181 421
182 421
183 421
184 421
185 421
186 421
187 421
188 421
189 421
190 421
191 421
192 421
193 421
194 421
195 421
196 421
197 421
198 421
199 421
200 421
201 421
202 421
203 421
204 421
205 421
206 421
207 421
208 421
209 421
210 422
211 423
212 424
213 425
214 426
215 427
216 428
217 429
218 429
218 428
218 427
219 426
220 425
221 424
222 423
223 422
224 421
225 422
226 422
227 422
228 422
229 422
230 422
231 422
232 422
233 422
234 422
235 422
236 422
237 422
238 422
239 422
238 423
237 424
236 425
235 426
234 427
233 428
233 429
233 430
233 431
233 432
233 433
233 434
233 435
233 436
240 423
241 424
242 425
243 426
244 427
245 428
246 429
247 430
248 430
248 429
248 428
249 427
250 426
251 425
252 424
253 423
254 422
255 423
256 424
257 425
258 426
259 427
260 428
261 429
262 430
263 430
263 429
263 428
264 427
265 426
266 425
267 424
268 423
269 422
270 423
271 424
272 425
273 426
274 427
275 428
276 429
277 430
278 430
278 429
278 428
279 427
280 426
281 425
282 424
283 423
284 422
278 431
278 432
278 433
278 434
278 435
263 431
263 432
263 433
263 434
263 435
248 431
248 432
248 433
248 434
248 435
248 436
218 430
218 431
218 432
218 433
218 434
218 435
195 422
196 423
197 424
198 425
199 426
200 427
201 428
202 429
203 430
203 431
203 432
203 433
203 434
203 435
203 436
174 436
175 436
176 436
177 436
178 436
179 436
180 436
181 436
182 436
183 436
184 436
185 436
186 436
187 436
188 436
149 358
148 357
147 356
146 355
145 354
144 353
143 352
142 351
141 350
140 349
139 348
138 347
137 346
136 345
135 344
134 343
133 342
132 342
131 342
130 342
129 342
128 342
127 342
126 342
125 342
124 342
123 342
122 342
121 342
120 342
119 342
118 342
117 342
116 342
115 342
114 342
113 342
112 342
111 342
110 342
109 342
108 342
107 342
106 342
105 342
104 342
103 342
164 368
163 369
162 370
161 371
160 372
159 373
158 374
157 375
156 376
155 377
154 378
153 379
152 380
152 381
152 382
153 382
154 382
155 382
156 382
157 382
158 382
159 382
160 382
161 382
162 382
163 382
164 382
165 382
166 383
167 384
168 385
169 386
170 387
171 388
172 389
173 390
174 391
175 392
176 393
177 394
178 395
179 396
180 396
180 395
180 394
180 393
180 392
180 391
180 390
180 389
180 388
180 387
180 386
180 385
180 384
180 383
181 382
180 397
181 397
182 397
183 397
184 397
185 397
186 397
187 397
188 397
189 397
190 397
191 397
192 397
192 396
192 395
192 394
192 393
192 392
192 391
192 390
192 389
192 388
192 387
192 386
193 385
194 384
195 383
196 382
197 382
198 382
199 382
200 382
201 382
202 382
203 382
204 382
205 382
206 382
207 382
208 382
209 382
210 382
211 382
212 383
213 383
214 383
215 383
216 383
217 383
218 383
219 383
220 383
221 383
222 383
223 383
224 383
225 383
226 383
227 383
228 383
229 383
230 383
231 383
232 383
233 383
234 383
235 383
236 383
237 383
238 383
239 383
240 383
241 383
242 383
243 383
244 383
245 383
246 383
247 383
248 383
249 383
250 383
251 383
252 383
253 383
254 383
255 383
256 384
257 385
258 385
259 385
260 385
261 385
262 385
263 385
264 385
265 385
266 385
267 385
268 385
269 385
270 385
271 385
272 385
273 385
274 385
275 385
276 385
277 385
278 385
279 385
280 384
281 383
268 386
269 387
270 388
271 389
272 390
273 391
274 392
275 393
276 394
277 395
278 396
279 397
280 398
281 398
280 399
279 400
278 400
277 400
276 400
275 400
274 400
273 400
272 400
271 400
270 400
266 386
265 387
264 388
263 389
262 390
261 391
260 392
259 393
258 394
257 395
256 396
255 397
254 398
253 399
252 399
251 399
250 399
249 399
248 399
247 399
246 399
245 399
244 399
243 399
242 399
241 399
240 399
152 383
152 384
152 385
152 386
152 387
152 388
152 389
152 390
152 391
152 392
152 393
152 394
152 395
152 396
152 397
153 398
154 399
155 399
156 399
157 399
158 399
159 399
160 399
161 399
162 399
163 399
164 399
176 312
176 311
176 310
176 309
176 308
176 307
176 306
176 305
176 304
176 303
177 302
178 301
179 300
180 299
181 298
181 297
181 296
181 295
181 294
181 293
181 292
181 291
181 290
181 289
181 288
181 287
181 286
181 285
181 284
181 283
181 282
180 282
179 281
178 280
177 279
176 278
175 277
174 276
174 275
174 274
174 273
174 272
174 271
174 270
174 269
173 268
172 267
171 266
170 265
169 264
168 263
167 262
167 261
166 261
165 261
164 261
163 261
162 261
161 261
160 261
159 261
158 261
157 261
156 261
155 261
154 261
153 261
152 261
151 261
150 261
149 261
148 261
147 261
146 261
145 260
144 259
143 258
142 257
141 256
140 255
139 254
138 253
137 252
136 251
135 252
134 253
133 254
132 255
131 256
130 257
129 257
128 257
127 257
126 257
125 257
124 257
123 257
122 257
121 257
120 257
119 257
118 257
117 257
116 257
115 257
114 257
113 257
112 257
111 257
110 257
109 257
108 257
107 257
106 256
105 256
104 256
103 256
102 256
101 256
100 256
99 256
98 256
97 256
96 256
95 256
94 255
93 254
92 253
91 252
91 251
91 250
90 249
89 248
88 247
87 246
86 245
85 244
84 243
83 242
82 241
81 240
80 239
80 238
79 238
81 238
82 238
83 238
84 238
85 238
86 238
87 238
88 237
89 236
90 235
91 234
92 234
93 234
94 234
95 234
96 234
97 234
98 234
99 234
100 234
101 234
102 234
103 234
104 234
105 234
106 234
107 234
108 234
109 234
110 234
111 234
112 234
113 234
114 234
115 234
116 234
117 234
118 234
119 234
120 234
121 233
122 232
123 231
124 230
125 229
126 228
127 227
128 226
129 225
130 224
131 223
132 222
133 221
133 220
132 220
131 220
130 220
129 220
128 220
127 220
126 220
125 220
124 220
123 220
122 220
121 219
120 218
120 217
120 216
120 215
121 214
122 213
123 212
124 211
125 210
126 209
127 208
128 207
129 206
130 205
131 204
132 203
119 219
118 219
117 219
116 219
115 219
114 219
113 219
112 219
111 219
110 219
109 219
108 219
107 219
106 219
106 218
106 217
106 216
106 215
106 214
106 213
106 212
106 211
106 210
106 209
106 208
106 207
106 206
105 205
104 204
103 203
102 202
134 220
135 221
136 222
137 223
138 224
139 225
140 226
141 227
142 228
143 228
144 228
145 228
146 228
147 228
148 228
149 228
148 229
149 230
150 230
151 230
152 230
153 230
154 230
155 230
156 230
157 230
158 230
159 230
160 230
161 230
162 230
150 227
151 226
152 225
153 224
154 223
155 222
156 221
157 220
158 219
159 218
160 217
161 216
161 215
160 215
159 215
158 215
157 215
156 215
155 215
154 215
153 214
152 213
152 212
152 211
152 210
152 209
152 208
152 207
153 207
154 206
155 205
156 204
157 203
158 202
159 201
160 200
161 199
161 198
160 198
159 198
158 197
157 196
156 195
155 194
154 193
153 192
152 191
151 190
150 189
149 188
148 187
147 186
146 186
145 186
144 186
143 186
142 186
141 186
140 186
139 186
138 186
137 186
136 186
135 186
134 186
133 186
132 186
131 185
130 184
129 184
128 184
127 184
126 184
125 184
124 184
123 184
122 184
121 184
120 184
119 184
118 184
117 184
116 184
115 183
115 182
114 181
113 180
112 179
111 178
110 177
109 176
108 175
107 174
107 173
106 173
106 172
106 171
106 170
106 169
106 168
106 167
106 166
106 165
106 164
106 163
106 162
106 161
105 160
105 159
104 159
104 158
104 157
104 156
104 155
104 154
104 153
104 152
104 151
104 150
104 149
104 148
104 147
104 146
104 145
104 144
104 143
104 142
104 141
104 140
104 139
104 138
104 137
104 136
104 135
104 134
103 133
102 132
101 131
101 130
100 130
99 131
98 132
97 133
96 134
95 135
94 136
93 137
92 138
91 139
90 140
89 141
88 142
87 143
102 130
103 130
104 130
105 130
106 130
107 130
108 130
109 130
110 130
111 129
112 128
113 127
114 127
115 127
116 127
117 127
118 127
119 127
120 126
121 125
122 124
123 123
124 122
125 121
126 120
127 119
114 128
115 129
116 130
117 131
118 132
119 133
120 134
121 134
122 134
123 134
113 126
113 125
113 124
113 123
113 122
112 121
111 120
110 119
109 118
108 117
108 116
107 116
107 115
107 114
107 113
107 112
107 111
107 110
107 109
107 108
107 107
107 106
107 105
107 104
107 103
107 102
109 116
110 116
111 115
112 114
113 113
114 112
115 111
116 110
117 109
118 108
119 107
120 106
121 105
122 104
103 160
102 161
101 162
100 163
99 164
98 165
97 166
96 166
95 166
94 166
93 166
92 166
91 166
90 166
89 166
88 166
87 166
106 159
107 159
108 159
109 159
110 158
111 157
112 156
113 155
114 154
115 153
116 152
117 151
118 150
119 149
105 174
104 175
103 176
102 177
101 178
100 179
100 180
100 181
100 182
100 183
100 184
99 184
98 184
97 184
96 184
95 184
94 184
93 184
92 184
91 184
90 184
89 184
88 184
87 184
86 184
85 183
84 183
83 183
82 183
81 183
80 183
79 183
78 183
77 183
76 183
75 183
74 183
73 183
72 183
71 183
70 183
69 183
68 183
67 183
66 183
65 183
64 183
63 183
62 183
61 183
60 183
59 183
58 183
57 183
56 183
55 183
54 183
53 183
52 183
51 183
50 183
49 183
48 183
47 183
46 183
45 183
44 183
43 183
42 183
41 183
40 183
39 183
38 183
37 183
36 183
35 183
34 183
33 183
32 183
31 182
30 181
30 180
30 179
29 178
28 177
27 176
26 175
25 174
24 173
25 172
26 171
27 170
28 169
29 168
30 167
31 166
32 165
33 164
34 163
35 162
36 161
37 160
38 159
39 158
40 158
41 158
42 158
43 158
44 158
45 158
46 158
47 158
48 158
49 158
50 158
51 157
52 156
53 155
54 154
55 153
56 153
57 153
58 153
59 153
60 153
61 153
62 153
63 153
64 153
65 153
66 153
67 152
67 151
67 150
67 149
66 149
65 148
64 147
63 146
62 145
61 144
60 143
59 142
58 141
57 140
56 139
67 148
67 147
67 146
67 145
67 144
67 143
67 142
67 141
68 140
69 139
70 138
71 137
29 182
28 183
27 184
26 185
25 186
24 187
23 187
22 187
21 187
20 187
20 188
20 189
20 190
20 191
20 192
20 193
20 194
20 195
20 196
20 197
20 198
20 199
20 200
20 201
20 202
21 203
22 204
22 205
22 206
22 207
22 208
22 209
22 210
22 211
22 212
22 213
22 214
22 215
23 215
24 215
25 215
26 215
27 215
28 215
29 215
30 215
31 215
32 215
33 215
34 215
35 215
36 215
37 215
38 215
39 215
40 215
41 215
42 214
43 213
44 212
45 211
46 210
47 209
48 208
48 207
47 207
46 207
45 207
44 207
43 207
42 206
41 205
40 204
39 203
38 202
37 201
36 200
49 207
50 207
51 207
52 207
53 207
54 207
55 207
56 207
57 207
58 207
59 207
60 206
61 205
62 204
63 204
64 204
65 204
66 204
67 204
68 204
69 204
70 203
71 202
72 201
73 200
74 199
75 198
63 205
64 206
65 207
66 208
67 209
68 210
69 211
70 212
71 213
72 214
108 173
109 173
110 173
111 173
112 173
113 173
114 172
115 171
116 170
117 169
118 168
119 167
120 167
121 167
122 167
123 167
124 167
125 167
126 167
127 167
128 167
129 167
130 167
131 167
132 167
133 167
134 167
120 166
121 165
122 164
123 163
124 162
125 161
126 160
127 159
128 158
129 157
130 156
131 155
132 154
133 153
134 152
162 198
151 206
150 205
149 204
148 203
147 202
162 215
122 234
123 235
124 235
125 235
126 235
127 235
128 235
129 235
130 235
131 235
132 235
133 235
91 233
91 232
91 231
91 230
91 229
91 228
91 227
91 226
91 225
91 224
91 223
91 222
91 221
91 220
90 219
90 253
89 253
88 253
87 253
86 253
85 253
84 253
83 253
82 253
81 253
80 253
79 253
78 253
78 252
77 251
76 250
75 249
74 248
73 247
72 246
71 245
70 244
69 243
68 242
67 241
66 240
65 239
64 238
63 237
62 236
61 235
60 234
77 254
76 255
75 255
74 255
73 255
72 255
71 255
70 255
69 255
68 255
67 255
66 255
65 255
64 255
63 255
64 256
65 257
66 258
67 259
68 260
69 261
70 262
71 263
72 264
73 265
74 266
74 267
74 268
73 269
72 270
71 271
70 272
69 273
68 274
67 275
66 276
65 277
64 278
63 279
62 280
61 281
60 282
60 283
60 284
60 285
79 254
80 255
81 256
82 257
83 258
84 259
85 260
86 261
87 262
88 263
89 264
90 265
91 266
91 267
91 268
91 269
91 270
91 271
91 272
91 273
91 274
91 275
91 276
91 277
91 278
91 279
91 280
91 281
91 282
91 283
92 283
91 284
91 285
91 286
91 287
91 288
91 289
91 290
91 291
91 292
93 284
94 285
95 286
96 286
97 286
98 286
99 286
100 286
101 286
102 286
103 286
104 286
105 286
106 286
120 258
121 258
121 259
121 260
121 261
121 262
121 263
121 264
121 265
121 266
121 267
121 268
121 269
121 270
121 271
121 272
121 273
121 274
121 275
121 276
121 277
121 278
121 279
121 280
121 281
121 282
121 283
121 284
121 285
121 286
121 287
119 259
118 260
117 261
116 262
115 263
114 264
113 265
112 266
111 267
110 268
109 269
108 270
107 271
106 271
150 262
149 263
148 264
147 265
146 266
145 266
144 266
143 266
142 266
141 266
140 266
139 266
138 266
137 266
136 266
137 267
138 268
139 269
140 270
141 271
142 272
143 273
144 274
144 275
144 276
143 277
142 278
141 279
140 280
139 281
138 282
137 283
136 284
136 285
136 286
136 287
136 288
136 289
136 290
136 291
166 260
166 259
166 258
166 257
165 256
164 255
163 254
162 253
161 252
160 251
159 250
158 249
157 248
156 247
155 246
168 261
169 261
170 261
171 261
172 261
173 261
174 261
175 260
176 259
177 258
178 257
179 256
180 255
181 254
182 254
183 254
184 254
185 254
186 254
187 254
188 254
189 254
190 254
191 253
192 252
193 251
194 250
195 249
196 248
197 248
198 248
199 248
200 248
201 248
202 248
203 248
204 248
205 248
206 247
207 246
208 245
209 244
210 243
211 242
212 243
213 244
214 245
215 246
216 247
217 248
218 249
219 250
219 251
219 252
219 253
219 254
219 255
219 256
219 257
181 253
181 252
181 251
181 250
181 249
181 248
181 247
181 246
181 245
181 244
181 243
181 242
181 241
181 240
181 239
182 239
183 239
184 239
185 239
186 239
187 239
188 239
189 239
190 239
191 238
192 237
193 236
194 235
195 234
196 233
197 233
198 233
199 233
200 233
201 233
202 233
203 233
204 233
205 233
206 232
207 231
208 230
209 229
210 228
211 227
212 227
213 227
214 227
215 227
216 227
217 227
218 227
219 227
220 227
221 227
222 227
223 227
224 227
225 227
226 227
227 228
228 229
229 230
230 231
231 232
232 233
233 234
234 235
235 236
236 237
237 238
238 239
239 240
240 241
241 242
242 243
243 244
244 245
245 246
246 247
247 248
248 249
249 250
249 251
249 252
249 253
249 254
249 255
249 256
249 257
248 258
247 259
246 260
245 261
244 262
243 263
242 264
241 265
240 266
239 267
238 268
237 269
236 270
235 271
234 272
212 228
213 229
214 230
215 231
216 232
217 233
218 234
219 235
220 236
221 237
222 238
223 239
224 240
225 241
226 242
227 243
228 244
229 245
230 246
231 247
232 248
233 249
234 250
234 251
234 252
234 253
234 254
234 255
234 256
234 257
211 226
211 225
211 224
210 224
209 223
208 222
207 221
206 220
205 219
204 218
203 217
202 216
201 215
200 214
199 213
198 212
197 212
196 212
195 212
194 212
193 212
192 212
191 212
190 212
189 212
188 212
187 212
186 212
185 212
184 211
183 210
183 209
183 208
183 207
183 206
183 205
183 204
183 203
183 202
183 201
183 200
183 199
183 198
183 197
183 196
184 195
184 194
184 193
184 192
184 191
184 190
184 189
185 188
186 187
187 186
188 185
189 184
190 183
191 182
192 181
192 180
191 180
190 180
189 180
188 180
187 180
186 180
185 180
184 180
183 180
193 180
194 181
195 182
196 182
197 182
198 182
199 182
200 182
201 182
202 182
203 182
204 182
205 182
206 182
207 183
208 184
209 185
210 186
211 187
212 188
213 189
214 190
214 191
214 192
214 193
214 194
214 195
214 196
214 197
215 197
216 196
217 195
218 194
219 193
220 192
221 191
222 190
223 191
224 192
225 193
226 194
227 195
228 196
229 197
230 197
231 197
232 197
233 197
234 197
235 197
236 197
237 197
182 211
181 212
180 213
180 214
180 215
180 216
180 217
180 218
180 219
180 220
180 221
180 222
180 223
180 224
198 211
198 210
198 209
198 208
198 207
198 206
198 205
198 204
198 203
198 202
198 201
198 200
198 199
198 198
199 197
211 223
211 222
211 221
211 220
211 219
211 218
211 217
211 216
211 215
211 214
212 213
213 212
214 212
215 212
216 212
217 212
218 212
219 212
220 212
221 212
222 212
223 212
224 212
225 212
226 212
227 212
228 212
229 212
230 212
231 212
232 212
233 212
234 212
235 212
236 212
237 212
238 212
239 212
240 212
241 212
242 212
243 212
244 212
245 212
246 212
247 212
248 212
249 212
250 212
251 212
252 212
253 213
254 214
255 215
256 216
256 217
256 218
256 219
256 220
256 221
256 222
256 223
256 224
256 225
256 226
256 227
238 211
239 210
240 209
241 208
242 207
243 206
244 205
245 204
246 203
247 202
248 201
249 200
250 199
251 198
252 197
253 197
254 197
255 197
256 197
257 197
258 197
259 197
260 197
261 197
262 197
263 197
264 197
265 197
266 197
267 196
267 195
267 194
267 193
267 192
267 191
267 190
267 189
267 188
267 187
267 186
267 185
267 184
267 183
267 182
268 181
268 197
269 197
270 197
271 197
272 197
273 197
274 197
275 197
276 197
277 197
278 197
279 197
280 197
281 197
282 197
282 196
282 195
282 194
282 193
282 192
282 191
282 190
282 189
282 188
282 187
282 186
282 185
282 184
283 183
284 182
253 198
254 199
255 200
256 201
257 202
258 203
259 204
260 205
261 206
262 207
263 208
264 209
265 210
266 211
267 211
268 212
269 213
270 214
271 215
272 216
273 217
274 217
275 217
276 217
277 217
278 217
279 217
280 217
281 217
282 217
281 218
280 219
279 220
278 221
277 222
276 223
275 224
274 225
273 226
272 227
271 228
271 229
271 230
271 231
271 232
272 233
273 234
274 234
275 234
276 234
277 234
278 234
279 234
280 234
281 234
282 234
283 234
284 234
285 234
286 234
287 235
288 236
289 237
290 237
291 237
292 237
293 237
294 237
295 237
296 237
297 237
298 237
299 237
300 237
301 237
302 237
303 237
304 237
305 237
306 237
307 237
308 237
309 237
310 237
311 237
312 237
313 237
314 237
315 237
316 237
317 237
318 237
319 237
320 237
321 237
322 237
323 237
324 237
325 237
326 237
327 237
328 236
329 235
330 234
331 233
332 233
333 233
334 233
335 233
336 233
337 233
338 233
339 233
340 233
341 233
342 233
343 233
344 233
345 233
346 233
331 232
331 231
331 230
331 229
331 228
331 227
330 226
329 225
328 224
327 223
326 222
325 221
324 220
323 219
323 218
322 218
322 217
322 216
322 215
322 214
322 213
322 212
322 211
322 210
322 209
322 208
322 207
322 206
322 205
322 204
322 203
323 203
324 203
325 203
326 203
327 203
328 203
329 203
330 203
331 203
332 203
333 203
334 203
335 203
336 203
337 202
338 203
339 203
340 203
341 203
342 203
343 203
344 203
345 203
346 203
347 203
348 203
349 203
350 203
351 203
352 203
353 204
354 204
355 204
356 204
357 204
358 204
359 204
360 204
361 204
362 204
363 204
364 204
365 204
366 204
367 204
368 205
369 206
370 207
371 208
372 209
373 210
374 211
375 212
376 213
377 213
378 213
379 213
380 213
381 213
382 213
383 214
384 215
385 216
386 217
387 218
388 219
389 220
390 221
391 222
391 223
391 224
391 225
391 226
391 227
391 228
392 229
393 229
394 229
395 229
396 229
397 229
398 229
399 229
400 229
401 229
402 229
401 230
400 231
399 232
398 233
397 234
396 235
395 236
394 237
393 238
392 239
391 240
391 241
391 242
391 243
403 230
404 231
405 232
406 233
406 234
406 235
406 236
406 237
406 238
406 239
406 240
406 241
406 242
406 243
406 244
405 245
404 246
403 247
402 248
401 249
400 250
399 251
398 252
397 253
397 254
397 255
397 256
397 257
397 258
396 259
395 260
394 261
393 262
392 263
391 264
390 265
389 266
388 267
387 268
386 268
385 268
384 268
383 269
382 270
381 271
380 272
379 273
378 274
377 275
376 276
375 277
374 278
373 279
372 279
371 279
370 279
369 279
398 259
399 260
399 261
399 262
399 263
399 264
399 265
399 266
399 267
399 268
399 269
399 270
399 271
400 271
399 272
401 270
402 269
403 268
404 267
405 266
406 265
407 264
408 263
409 262
410 261
411 260
412 259
324 218
325 218
326 218
327 218
328 218
329 218
330 218
331 218
332 218
333 218
334 218
335 218
336 218
337 217
338 218
339 218
340 218
341 218
342 218
343 218
344 218
345 218
346 218
347 218
348 218
349 218
350 218
351 218
352 218
353 219
354 219
355 219
356 219
357 219
358 219
359 219
360 219
361 219
362 219
363 219
364 219
365 219
366 219
367 219
366 220
365 221
364 222
363 223
362 224
361 225
361 226
361 227
361 228
361 229
361 230
361 231
361 232
361 233
361 234
362 235
363 236
364 237
365 238
366 239
367 240
368 241
369 242
370 243
371 244
372 245
373 246
374 247
375 248
376 249
368 220
369 221
370 222
371 223
372 224
373 225
374 226
375 227
376 228
376 229
376 230
376 231
376 232
376 233
376 234
301 236
301 235
301 234
301 233
301 232
301 231
301 230
301 229
301 228
301 227
301 226
301 225
302 224
303 223
304 222
304 221
304 220
304 219
304 218
304 217
304 216
304 215
304 214
304 213
304 212
304 211
304 210
304 209
304 208
304 207
304 206
304 205
304 204
304 203
304 202
304 201
304 200
304 199
304 198
304 197
304 196
304 195
304 194
304 193
304 192
304 191
304 190
304 189
304 188
304 187
304 186
304 185
304 184
304 183
304 182
304 181
304 180
304 179
304 178
304 177
304 176
304 175
304 174
304 173
304 172
304 171
304 170
304 169
304 168
304 167
304 166
304 165
304 164
304 163
304 162
304 161
304 160
304 159
304 158
304 157
304 156
304 155
304 154
305 153
306 152
307 151
308 150
309 149
310 148
310 147
309 147
308 147
307 147
306 147
305 147
304 147
303 147
302 147
301 147
300 147
299 147
298 148
297 149
296 150
295 151
294 152
293 153
292 154
291 155
290 156
289 157
288 158
287 159
286 160
285 161
284 162
283 162
282 162
281 162
280 162
279 162
278 162
277 162
276 162
275 162
274 162
273 162
272 162
271 162
270 162
269 162
268 162
267 162
266 162
265 162
264 162
263 162
262 162
261 162
260 162
259 162
258 162
257 162
256 162
255 162
254 162
253 162
252 162
251 162
250 162
249 162
248 162
247 162
246 162
245 162
244 162
243 162
242 162
241 162
240 162
239 162
238 162
237 162
236 162
235 162
234 162
233 162
232 162
231 162
230 162
229 162
228 162
227 162
226 162
225 162
224 162
223 162
222 162
221 162
220 162
219 162
218 162
217 162
216 162
215 162
214 162
213 162
212 162
211 162
210 162
209 162
208 162
207 162
206 162
205 162
204 162
203 162
202 162
201 162
200 162
199 162
198 162
197 162
196 162
195 162
194 162
193 162
192 162
192 161
192 160
191 159
190 158
189 157
188 156
187 155
186 154
185 153
184 152
184 151
183 151
182 151
181 151
180 151
179 150
178 149
177 148
176 147
175 146
174 145
173 144
172 143
171 142
170 143
169 144
168 145
167 146
166 147
165 147
164 147
163 147
162 147
161 147
160 147
159 147
158 147
157 147
156 147
157 148
158 149
159 150
160 151
161 152
162 153
163 154
164 155
165 156
165 157
165 158
165 159
165 160
165 161
165 162
164 162
163 162
162 162
161 162
160 162
159 162
158 162
157 162
156 162
155 162
154 162
153 162
164 163
164 164
164 165
164 166
164 167
164 168
164 169
164 170
164 171
164 172
164 173
164 174
164 175
164 176
164 177
185 151
186 151
187 151
188 151
189 151
190 151
191 151
192 151
193 150
194 149
195 148
196 147
197 147
198 147
199 147
200 147
201 147
202 147
203 147
204 147
205 147
206 147
207 147
208 147
209 147
210 147
211 147
212 147
213 147
214 147
215 147
216 147
217 147
218 147
219 147
220 147
221 147
222 147
223 147
224 147
225 147
226 147
227 147
228 147
229 147
230 147
231 147
232 147
233 147
234 147
235 147
236 147
237 147
238 147
239 147
240 147
241 147
242 147
243 146
244 145
245 144
246 143
247 142
248 143
249 144
250 145
251 146
252 147
253 147
254 147
255 147
256 147
257 147
258 147
282 161
282 160
282 159
282 158
282 157
282 156
282 155
282 154
282 153
282 152
282 151
282 150
282 149
282 148
282 147
281 147
280 147
279 147
278 146
277 145
276 144
275 143
274 142
274 141
274 140
274 139
274 138
274 137
274 136
274 135
274 134
274 133
274 132
274 131
273 130
272 129
271 128
270 127
269 126
268 125
268 124
267 124
266 124
265 124
264 124
263 124
262 124
261 124
260 124
259 124
258 124
257 124
256 124
255 124
254 124
253 124
252 124
251 124
250 124
249 124
248 124
247 124
246 124
245 124
244 124
243 124
242 124
241 124
240 124
239 124
238 124
237 124
236 124
235 124
234 124
233 124
232 124
231 124
230 124
229 124
228 124
227 124
226 124
225 124
224 124
223 124
222 124
221 124
220 124
219 124
218 124
217 124
216 124
215 124
214 124
213 124
212 124
211 124
210 124
209 124
208 124
207 124
206 124
205 124
204 124
203 124
202 124
201 124
200 124
199 124
198 124
197 124
196 124
195 124
194 124
193 124
192 124
191 124
190 124
189 124
188 124
187 124
186 124
185 124
184 124
183 124
182 124
181 124
180 124
179 124
178 124
177 124
176 124
175 124
174 124
173 124
172 124
171 124
170 124
169 124
168 124
167 124
166 124
165 124
164 124
163 123
162 122
161 123
160 123
159 123
158 123
157 123
156 123
155 123
154 123
153 123
152 123
151 123
150 123
149 123
148 123
147 123
251 123
250 122
249 121
248 120
247 119
246 118
245 117
244 116
243 115
242 114
241 113
240 112
239 111
238 110
237 109
236 109
235 109
234 109
233 109
232 109
231 109
230 109
229 109
228 109
227 109
226 109
225 109
224 109
223 108
222 107
221 107
220 107
219 107
218 107
217 107
216 107
215 107
214 107
213 107
212 107
211 107
210 107
209 107
208 107
207 107
206 108
205 109
204 109
203 109
202 109
201 109
200 109
199 109
198 109
197 109
196 109
195 109
194 109
193 109
192 109
191 109
190 109
189 109
188 109
187 109
186 109
185 109
184 109
183 109
182 109
181 109
180 109
179 109
178 108
177 107
176 107
175 107
174 107
173 107
172 107
171 107
170 107
169 107
168 107
167 107
166 107
165 107
164 107
163 107
162 107
161 107
160 107
159 107
158 107
157 107
156 107
155 107
154 107
153 107
152 107
151 107
150 107
149 107
148 107
147 107
269 124
270 124
271 124
272 124
273 124
274 124
275 124
276 124
277 124
278 124
279 124
280 124
281 123
282 122
282 121
281 121
280 120
279 119
278 118
277 117
276 116
275 115
274 114
273 113
272 112
271 111
270 110
269 109
268 108
267 107
266 107
265 107
264 107
263 107
262 107
261 107
260 107
259 107
258 107
257 107
256 107
255 107
254 107
253 107
252 107
282 120
282 119
282 118
282 117
282 116
282 115
282 114
282 113
282 112
282 111
282 110
282 109
282 108
282 107
311 147
312 147
313 147
314 147
315 147
316 147
317 147
318 147
319 147
320 147
321 147
322 146
323 145
324 144
325 143
326 142
327 143
328 144
329 145
330 146
331 147
332 147
333 147
334 147
335 147
336 147
337 147
338 147
339 147
340 147
341 147
342 148
343 148
344 148
345 148
346 148
347 148
348 148
349 148
350 148
351 148
352 148
353 148
354 148
355 148
356 148
311 146
311 145
311 144
311 143
311 142
311 141
311 140
311 139
310 138
309 137
308 136
307 135
306 134
305 133
304 132
304 131
304 130
304 129
304 128
304 127
304 126
304 125
304 124
304 123
304 122
304 121
304 120
303 119
302 118
302 117
301 117
301 116
301 115
301 114
301 113
301 112
301 111
301 110
301 109
301 108
301 107
301 106
301 105
301 104
301 103
301 102
301 101
301 100
301 99
301 98
301 97
301 96
301 95
301 94
302 94
303 94
304 94
305 94
306 94
307 94
308 94
309 94
310 94
311 94
312 93
312 92
312 91
312 90
312 89
312 88
312 87
312 86
312 85
312 84
312 83
312 82
312 81
312 80
312 79
312 78
312 77
312 76
312 75
312 74
311 74
310 73
309 72
308 71
307 70
306 69
305 68
304 67
303 66
302 65
301 64
300 64
299 64
298 64
297 64
296 64
295 64
294 64
293 64
292 64
291 64
290 64
289 64
288 64
287 64
286 64
301 63
301 62
301 61
301 60
302 60
301 59
301 58
301 57
301 56
301 55
301 54
301 53
301 52
300 51
299 50
298 49
297 49
296 49
295 49
294 49
293 49
292 49
291 49
290 49
289 49
288 49
287 49
286 49
303 59
304 58
305 57
306 56
307 55
308 54
309 53
310 52
311 51
312 50
313 49
312 73
312 72
312 71
312 70
312 69
312 68
313 67
314 66
315 65
316 64
317 64
318 64
319 64
320 64
321 64
322 64
323 64
324 63
325 62
326 61
327 60
328 59
329 59
330 59
331 59
332 59
333 59
334 59
335 59
336 59
337 58
338 57
339 56
340 55
341 54
342 54
343 54
344 54
345 54
346 54
347 54
348 54
349 54
350 54
351 54
352 53
353 52
354 51
355 50
356 49
342 55
343 56
344 57
345 58
346 59
347 60
348 61
349 62
350 63
351 64
352 64
353 64
354 64
355 64
356 64
341 53
341 52
341 51
341 50
341 49
341 48
341 47
341 46
341 45
341 44
341 43
341 42
341 41
341 40
341 39
340 39
339 39
338 39
337 39
336 38
335 37
334 36
333 35
332 34
331 33
342 39
343 39
344 39
345 39
346 39
347 39
348 39
349 39
350 39
351 39
352 38
353 37
354 36
355 35
356 34
356 33
356 32
356 31
356 30
356 29
356 28
356 27
356 26
356 25
356 24
356 23
355 22
354 21
353 20
357 35
358 36
359 37
360 38
361 39
362 40
363 41
364 41
365 41
366 41
367 41
368 41
369 41
370 41
371 41
371 42
371 43
371 44
371 45
371 46
371 47
371 48
371 49
371 50
371 51
371 52
371 53
371 54
371 55
371 56
371 57
371 58
371 59
371 60
371 61
371 62
371 63
371 64
371 65
371 66
371 67
371 68
371 69
371 70
371 71
329 60
330 61
331 62
332 63
333 64
334 65
335 66
336 67
337 68
338 69
339 69
340 69
341 69
342 70
343 71
344 72
345 73
346 74
347 75
348 76
349 77
350 78
351 79
352 79
353 79
354 79
355 79
356 79
357 80
358 81
359 82
360 83
361 84
362 85
363 86
364 86
365 86
366 86
367 86
368 86
369 86
368 87
367 88
366 89
365 90
364 91
363 92
362 93
361 94
360 94
359 94
358 94
357 94
356 94
355 94
354 94
353 94
352 94
351 94
350 93
349 92
348 91
347 90
346 89
345 88
344 87
343 86
342 85
341 84
301 93
301 92
301 91
301 90
301 89
301 88
301 87
301 86
301 85
301 84
301 83
300 82
299 81
298 80
297 79
303 117
304 117
305 117
306 117
307 117
308 117
309 117
310 117
311 117
312 116
313 115
314 114
315 113
316 112
317 113
318 114
319 115
320 116
321 117
322 118
323 119
324 120
325 121
326 122
327 123
328 123
328 122
328 121
328 120
328 119
328 118
328 117
328 116
328 115
329 114
330 113
331 112
332 113
333 114
334 115
335 116
336 117
337 118
338 119
339 120
340 121
341 122
342 123
343 123
343 122
343 121
344 120
345 119
346 118
347 117
348 116
349 115
350 114
351 113
352 112
353 111
354 110
343 124
343 125
344 125
345 125
346 125
347 125
348 125
349 125
350 125
351 125
352 125
353 125
354 125
355 125
356 125
357 125
358 125
358 124
359 123
360 122
361 121
362 120
363 119
364 118
365 117
366 116
367 115
368 114
369 113
370 114
371 115
372 116
373 117
373 118
373 119
373 120
373 121
373 122
373 123
373 124
373 125
374 125
375 125
376 125
377 125
378 125
379 125
380 125
381 125
382 125
383 125
384 125
385 125
386 125
387 125
388 125
389 125
390 125
391 125
392 125
393 125
394 125
395 125
396 125
397 125
398 125
399 125
400 125
401 125
402 125
403 125
403 124
403 123
403 122
403 121
403 120
403 119
403 118
403 117
403 116
403 115
403 114
404 113
405 112
406 111
407 110
407 109
407 108
407 107
406 106
405 105
404 104
403 103
402 102
401 101
400 100
399 99
398 98
397 97
397 96
396 96
396 95
397 95
396 94
396 93
396 92
396 91
396 90
396 89
396 88
396 87
396 86
396 85
396 84
396 83
396 82
396 81
396 80
396 79
396 78
396 77
397 76
398 75
399 74
400 73
401 72
402 71
403 70
404 69
405 68
406 67
406 66
405 66
404 66
403 66
402 66
401 66
400 66
399 66
398 65
397 64
396 63
395 62
394 61
393 60
392 59
392 58
393 57
394 56
395 55
396 54
397 53
398 52
399 51
400 50
407 66
408 66
409 66
410 66
411 66
412 66
413 66
414 66
415 66
416 66
417 66
418 66
419 66
420 66
421 66
422 66
407 65
407 64
407 63
407 62
407 61
407 60
407 59
408 58
409 57
410 56
411 55
412 54
413 53
414 52
415 51
398 94
399 93
400 92
401 91
402 90
403 89
404 88
405 87
406 86
407 85
408 84
409 83
410 82
411 81
398 96
399 96
400 96
401 96
402 96
403 96
404 96
405 96
406 96
407 96
408 96
409 97
410 98
411 99
412 100
413 101
414 102
415 103
416 104
417 105
418 106
419 107
420 107
421 107
422 107
423 107
424 107
425 107
426 107
427 107
428 107
429 107
430 107
431 107
432 107
433 107
434 107
435 107
436 107
437 107
438 107
439 107
440 107
441 107
442 107
443 107
444 107
445 107
446 107
447 107
448 107
449 107
450 107
451 107
452 107
453 107
454 107
455 107
456 107
457 107
458 107
459 107
460 107
461 107
462 107
463 107
464 107
465 107
466 107
467 107
468 107
469 107
470 107
471 107
472 107
473 107
474 107
475 107
476 107
477 107
478 107
479 107
480 107
481 107
482 107
483 107
484 107
485 107
486 107
487 107
488 107
489 107
490 107
491 107
492 107
493 107
494 107
495 107
496 107
497 107
498 107
499 107
500 107
501 107
502 107
503 107
504 107
505 107
506 107
507 107
508 107
509 107
510 107
511 107
512 107
513 107
514 107
515 107
516 107
517 107
518 107
519 107
520 107
521 107
522 107
523 107
524 107
525 107
526 107
527 107
528 108
529 109
530 109
531 109
532 109
533 109
534 109
535 109
536 109
537 109
538 109
539 109
540 109
541 109
542 109
543 110
544 111
545 112
546 113
547 114
548 115
549 115
550 115
551 115
552 115
553 115
554 115
555 115
556 115
557 115
557 114
557 113
557 112
557 111
557 110
557 109
557 108
557 107
558 106
559 105
560 106
561 107
562 108
563 109
564 110
565 111
566 112
567 113
568 114
569 115
570 115
571 115
572 115
572 114
572 113
572 112
572 111
572 110
572 109
572 108
572 107
572 106
572 105
573 104
574 103
575 104
576 105
577 106
578 107
579 108
580 109
581 110
582 111
583 112
584 113
585 114
586 115
587 115
587 114
587 113
587 112
587 111
587 110
587 109
587 108
587 107
587 106
587 105
588 104
589 103
590 104
591 104
592 104
593 104
594 104
595 104
596 104
597 104
598 104
599 104
600 104
601 104
602 104
602 105
602 106
602 107
602 108
602 109
602 110
602 111
602 112
602 113
602 114
602 115
602 116
602 117
587 116
587 117
586 118
585 119
584 120
583 121
582 122
582 123
582 124
582 125
582 126
582 127
582 128
582 129
582 130
582 131
582 132
588 118
589 119
590 120
591 121
592 122
593 123
594 124
595 125
596 126
597 127
597 128
597 129
597 130
597 131
597 132
596 133
595 134
594 135
593 136
593 137
593 138
593 139
593 140
593 141
593 142
593 143
593 144
593 145
593 146
593 147
592 148
591 149
590 150
589 150
588 150
587 150
586 150
585 150
584 150
583 150
582 150
581 150
580 150
579 150
578 150
594 148
595 149
596 150
597 151
598 152
599 153
600 154
601 154
602 154
603 154
604 154
605 154
606 154
607 154
608 154
607 155
606 156
605 157
604 158
603 159
602 160
601 161
600 162
599 163
598 164
597 165
596 166
595 166
594 166
593 166
592 166
591 166
590 166
589 166
588 166
587 166
586 166
585 166
584 166
583 166
582 166
581 166
580 166
579 166
578 166
592 167
591 168
590 169
589 170
588 171
587 172
586 173
585 174
584 175
583 176
582 177
581 178
581 179
581 180
581 181
580 182
579 183
578 184
577 185
576 186
575 187
574 188
573 189
573 190
573 191
573 192
573 193
573 194
574 195
575 196
576 197
576 198
576 199
576 200
576 201
576 202
576 203
576 204
576 205
576 206
577 206
576 207
576 208
576 209
576 210
576 211
576 212
576 213
576 214
576 215
576 216
576 217
576 218
576 219
576 220
576 221
576 222
578 205
579 204
580 203
581 202
582 201
583 200
584 199
585 198
586 197
587 196
588 195
588 194
588 193
588 192
589 191
590 190
591 189
592 188
593 187
594 186
595 185
596 184
597 185
598 186
599 187
600 188
601 189
602 190
603 191
603 192
603 193
604 194
605 195
606 196
606 197
606 198
606 199
606 200
606 201
606 202
606 203
606 204
606 205
607 205
608 205
609 205
610 205
611 205
612 205
613 205
614 205
615 205
616 205
617 205
618 205
619 205
620 205
621 205
621 204
621 203
621 202
621 201
621 200
621 199
621 198
622 197
623 196
624 195
625 194
626 193
627 192
628 191
629 190
589 196
590 197
591 198
591 199
591 200
591 201
591 202
591 203
591 204
591 205
591 206
591 207
591 208
592 209
593 210
594 211
595 212
596 213
597 214
598 215
599 216
600 217
601 218
602 219
601 220
600 221
599 222
598 223
597 223
596 223
595 223
594 223
593 223
592 223
591 223
591 224
590 224
589 225
588 226
587 227
586 228
585 229
584 230
583 231
582 232
581 233
580 234
579 235
578 236
577 237
576 237
576 238
576 239
576 240
576 241
576 242
576 243
576 244
576 245
576 246
576 247
576 248
576 249
576 250
576 251
576 252
576 253
576 254
576 255
576 256
576 257
576 258
576 259
576 260
576 261
576 262
576 263
576 264
576 265
576 266
576 267
575 268
574 269
573 270
572 271
571 272
570 273
569 274
568 275
569 276
570 277
571 278
572 279
573 280
574 281
575 282
575 283
575 284
575 285
575 286
575 287
575 288
575 289
575 290
576 290
577 290
578 290
579 290
580 290
581 290
582 290
583 290
584 289
585 288
586 287
587 286
588 285
589 284
590 283
576 291
575 291
575 292
575 293
575 294
575 295
575 296
575 297
575 298
575 299
575 300
575 301
575 302
575 303
575 304
575 305
575 306
576 306
575 307
575 308
575 309
575 310
575 311
575 312
575 313
575 314
575 315
575 316
575 317
575 318
575 319
575 320
575 321
576 321
575 322
575 323
575 324
575 325
575 326
575 327
575 328
575 329
575 330
575 331
575 332
575 333
575 334
575 335
574 336
573 337
572 338
571 339
570 340
569 341
568 342
567 343
567 344
567 345
567 346
567 347
567 348
576 336
577 337
578 338
579 339
580 340
581 341
582 342
582 343
582 344
582 345
582 346
582 347
582 348
582 349
583 349
584 349
585 349
586 349
587 349
588 349
589 349
590 349
591 349
592 349
593 349
594 349
595 349
596 349
597 349
582 350
582 351
582 352
582 353
582 354
582 355
582 356
582 357
582 358
582 359
582 360
582 361
582 362
582 363
581 364
580 365
579 366
578 367
578 368
578 369
578 370
578 371
578 372
578 373
578 374
578 375
578 376
578 377
578 378
579 379
580 380
581 381
582 382
583 383
584 384
585 384
586 384
587 384
588 384
589 384
590 384
591 384
592 384
593 384
594 383
595 382
596 381
597 380
598 379
599 380
600 381
601 382
602 383
603 384
604 385
605 386
606 387
607 388
608 389
609 390
610 391
611 392
612 392
613 392
613 391
613 390
613 389
613 388
613 387
613 386
614 385
615 384
616 383
616 382
616 381
617 380
618 379
619 378
620 377
621 376
622 375
623 374
624 373
625 372
626 371
627 370
617 384
618 385
619 385
620 385
621 385
622 385
623 385
624 385
625 385
626 385
627 385
628 385
629 385
630 385
631 385
632 385
633 385
634 385
635 385
636 385
637 385
638 385
639 385
640 385
641 385
642 385
643 385
644 385
645 385
646 385
632 386
633 387
634 388
635 389
636 390
637 391
638 392
639 393
640 394
641 395
642 396
643 397
643 398
643 399
643 400
642 401
642 402
642 403
642 404
642 405
642 406
642 407
642 408
642 409
642 410
642 411
642 412
642 413
641 413
640 412
639 411
638 410
637 409
636 408
635 407
634 406
633 405
632 404
631 403
630 402
629 401
628 400
627 401
627 402
627 403
627 404
627 405
627 406
627 407
627 408
627 409
627 410
627 411
627 412
627 413
627 414
591 385
592 386
593 387
593 388
593 389
593 390
593 391
593 392
593 393
593 394
593 395
593 396
593 397
593 398
593 399
592 400
591 401
590 402
589 403
588 404
587 405
586 406
585 407
584 408
583 409
583 410
583 411
583 412
583 413
583 414
594 400
595 401
596 402
597 403
598 404
598 405
598 406
598 407
598 408
598 409
598 410
598 411
598 412
598 413
598 414
597 415
596 416
595 417
594 418
593 419
592 420
591 421
590 422
589 423
589 424
589 425
589 426
589 427
589 428
589 429
599 415
600 416
601 417
602 418
603 419
604 420
604 421
604 422
604 423
604 424
604 425
604 426
604 427
604 428
604 429
603 430
602 431
601 432
600 433
599 434
598 435
597 436
596 437
595 438
594 439
593 440
592 441
591 442
591 443
591 444
590 444
589 444
588 444
587 444
586 444
585 444
584 444
583 444
582 444
581 444
580 444
579 444
578 444
578 443
578 442
578 441
578 440
578 439
578 438
578 437
578 436
578 435
578 434
577 433
576 432
575 431
574 430
573 431
572 432
571 433
570 434
569 435
568 436
567 437
566 437
565 437
564 437
563 437
562 437
561 437
560 437
559 437
558 437
557 437
556 437
555 437
554 437
553 437
552 437
551 437
550 437
549 437
548 437
547 437
546 437
545 437
544 437
543 437
542 437
541 437
540 437
539 437
538 437
537 437
536 437
535 437
534 437
533 437
532 437
531 437
530 437
529 437
528 437
527 437
526 437
525 437
524 437
523 437
522 437
521 437
520 437
519 437
518 437
517 437
516 437
515 437
514 437
513 437
512 437
511 437
510 437
509 437
508 437
507 437
506 437
505 437
504 437
503 437
502 437
501 437
500 437
499 437
498 437
497 437
496 437
495 437
494 437
493 437
492 437
491 437
490 437
489 437
488 437
487 437
486 437
485 437
484 437
483 437
482 437
481 437
480 437
479 437
478 437
477 437
476 437
475 437
474 437
473 437
472 437
471 437
470 437
469 437
468 437
467 437
466 437
465 437
464 437
463 437
462 437
461 437
460 437
459 437
458 437
457 437
456 437
455 437
454 437
453 437
452 437
451 437
450 437
449 437
448 437
447 437
446 437
445 437
444 437
443 437
442 437
441 437
440 437
439 437
438 437
437 437
436 437
435 437
434 437
433 437
432 437
431 437
430 437
429 437
428 437
427 437
426 437
425 437
424 437
424 436
423 435
422 434
421 433
420 432
419 431
418 430
417 429
416 428
415 427
414 426
413 425
412 424
411 423
410 422
409 423
408 424
407 425
406 426
405 427
404 428
403 429
402 429
401 429
400 429
399 429
398 429
397 429
396 429
395 429
395 428
395 427
395 426
395 425
395 424
395 423
395 422
395 421
395 420
395 419
395 418
395 417
394 416
393 415
392 415
391 415
390 415
389 415
388 415
387 415
386 415
385 415
384 415
383 414
382 413
381 412
380 411
379 410
378 409
378 408
378 407
378 406
378 405
378 404
378 403
378 402
378 401
378 400
378 399
378 398
378 397
377 396
376 395
375 394
377 410
376 411
375 412
374 413
373 414
372 415
371 416
370 416
369 416
368 416
367 417
366 418
365 419
365 420
365 421
365 422
365 423
365 424
365 425
365 426
365 427
365 428
364 428
363 427
362 426
361 425
360 424
359 423
358 422
357 421
356 420
355 419
354 418
353 417
352 418
351 419
350 420
350 421
350 422
350 423
350 424
350 425
350 426
349 426
348 425
347 424
346 423
345 422
344 421
343 420
342 419
341 418
340 417
339 416
338 415
338 414
338 413
338 412
338 411
338 410
338 409
338 408
338 407
338 406
338 405
338 404
338 403
338 402
337 401
336 400
335 399
337 416
336 417
335 418
335 419
335 420
335 421
335 422
335 423
335 424
335 425
335 426
334 426
333 425
332 424
331 423
330 422
329 421
328 420
327 419
326 418
325 417
324 416
323 415
322 416
321 417
320 418
320 419
320 420
320 421
320 422
320 423
320 424
320 425
320 426
320 427
320 428
320 429
319 429
318 429
317 429
316 429
315 429
314 429
313 429
312 429
311 428
310 427
309 426
308 425
307 424
306 423
305 422
304 421
303 421
303 420
303 422
303 423
303 424
303 425
303 426
303 427
303 428
303 429
303 430
303 431
303 432
303 433
303 434
303 435
304 436
305 437
306 438
307 439
308 440
309 441
310 442
311 443
312 444
313 445
313 446
313 447
313 448
313 449
312 450
311 451
310 451
309 451
308 451
307 451
306 451
305 451
304 451
303 451
302 451
301 451
300 451
299 451
300 452
301 453
302 454
303 455
304 456
305 457
306 458
307 459
308 460
309 461
310 462
311 463
312 464
313 464
312 465
311 466
310 467
309 468
308 469
308 470
308 471
308 472
308 473
308 474
308 475
308 476
308 477
307 477
306 477
305 477
304 477
303 477
302 477
301 477
300 477
299 477
298 477
297 477
296 477
295 477
294 477
293 476
307 478
308 478
309 478
308 479
308 480
308 481
308 482
308 483
308 484
308 485
308 486
308 487
308 488
308 489
308 490
308 491
308 492
310 479
311 480
312 481
313 482
314 483
315 483
316 483
317 483
318 483
319 483
320 483
321 483
322 483
323 483
324 483
325 483
326 483
327 483
328 483
329 483
330 483
331 482
332 481
333 480
334 479
335 478
336 477
337 476
338 475
339 474
340 473
341 472
327 484
328 485
329 486
330 487
331 487
332 487
333 487
334 487
335 487
336 487
337 487
338 487
339 487
340 487
341 487
342 487
343 487
344 487
345 487
346 487
347 486
348 485
349 484
350 483
351 482
352 481
353 480
354 479
355 478
356 477
342 488
341 488
341 489
341 490
341 491
341 492
341 493
341 494
341 495
341 496
341 497
341 498
341 499
341 500
341 501
341 502
340 503
339 504
338 505
337 506
336 507
335 507
334 507
333 507
332 507
331 507
342 503
343 504
344 505
345 506
346 507
347 507
348 507
349 507
350 507
351 507
352 507
353 507
354 507
355 507
356 507
357 507
358 507
359 507
360 507
361 507
362 507
363 507
364 507
365 507
366 506
367 505
368 504
369 503
370 502
371 501
371 500
371 499
371 498
371 497
371 496
371 495
371 494
371 493
371 492
371 491
371 490
371 489
371 488
371 487
371 486
372 486
373 486
374 486
375 486
376 486
377 486
378 486
379 486
380 486
381 486
382 485
383 484
384 483
385 482
386 481
387 481
388 481
389 481
390 481
391 481
392 481
393 481
394 481
395 481
396 481
397 481
398 481
399 480
400 479
401 478
402 478
403 478
404 478
405 478
406 478
407 478
408 478
409 478
410 478
411 478
412 478
413 478
414 478
415 478
416 477
402 479
402 480
402 481
402 482
402 483
402 484
402 485
402 486
402 487
402 488
402 489
402 490
402 491
402 492
402 493
403 493
404 493
405 493
406 493
407 493
408 493
409 493
410 493
411 493
412 493
413 493
414 493
415 493
416 492
371 485
371 484
371 483
371 482
371 481
371 480
371 479
371 478
371 477
371 476
371 475
371 474
371 473
371 472
371 471
371 470
371 469
371 468
371 467
371 466
371 465
371 464
371 463
371 462
371 461
371 460
370 459
369 458
368 458
367 458
366 458
365 458
364 457
363 456
362 455
361 454
360 453
359 452
358 451
357 450
356 449
368 459
367 460
366 461
365 462
364 462
363 462
362 462
361 462
360 462
359 462
358 462
357 462
356 462
355 462
354 462
353 462
352 462
351 462
350 462
349 462
348 462
347 462
346 461
345 460
344 459
343 458
342 457
355 508
354 509
353 510
353 511
353 512
353 513
353 514
353 515
353 516
353 517
353 518
353 519
353 520
353 521
353 522
343 489
344 490
345 491
346 492
347 492
348 492
349 492
350 492
351 492
352 492
353 492
354 492
355 492
356 492
306 479
305 480
304 481
303 482
302 483
301 484
300 485
299 486
298 487
297 488
296 489
295 490
294 491
293 491
335 427
335 428
335 429
350 427
350 428
350 429
365 429
365 430
365 431
369 417
370 418
371 419
372 420
373 421
374 422
375 423
376 424
377 425
378 426
379 427
380 428
380 429
380 430
394 414
395 413
396 412
397 411
398 410
399 409
400 408
401 407
402 406
403 405
404 404
396 430
397 431
398 432
399 433
400 434
401 435
402 436
403 437
404 437
405 437
406 437
407 437
408 437
409 437
408 438
407 439
406 440
405 441
404 442
403 443
402 444
401 444
400 444
399 444
398 444
397 444
396 444
395 444
396 445
397 446
398 447
399 448
400 449
401 450
402 451
403 452
404 452
405 452
406 452
407 452
408 452
409 452
408 453
407 454
406 455
405 456
404 457
403 458
402 459
401 459
400 459
399 459
398 459
397 459
396 459
395 459
439 436
438 435
437 434
436 433
435 432
434 431
433 430
432 429
431 428
430 427
429 426
428 425
427 424
426 423
425 422
454 436
453 435
452 434
451 433
450 432
449 431
448 430
447 429
446 428
445 427
444 426
443 425
442 424
441 423
441 422
440 422
442 422
443 422
444 422
445 422
446 422
447 422
448 422
449 422
450 422
451 422
452 422
453 422
454 421
455 420
484 436
483 435
482 434
481 433
480 432
479 431
478 430
477 429
476 428
475 427
474 426
473 425
472 424
471 423
471 422
470 422
472 422
473 422
474 422
475 422
476 422
477 422
478 422
479 422
480 422
481 422
482 422
483 422
484 421
485 420
514 436
513 435
512 434
511 433
510 432
509 431
508 430
507 429
506 428
505 427
504 426
503 425
502 424
501 423
501 422
500 422
502 422
503 422
504 422
505 422
506 422
507 422
508 422
509 422
510 422
511 422
512 422
513 422
514 422
515 421
559 436
559 435
559 434
559 433
559 432
559 431
559 430
559 429
559 428
559 427
559 426
559 425
559 424
559 423
558 423
557 423
556 423
555 423
554 423
553 423
552 423
551 423
550 423
549 423
548 423
547 423
546 423
545 422
544 422
543 422
542 422
541 422
540 422
539 422
538 422
537 422
536 422
535 422
534 422
533 422
532 422
531 422
530 422
545 421
545 420
545 419
545 418
545 417
545 416
545 415
545 414
545 413
545 412
546 411
547 410
548 409
549 408
550 407
605 430
606 431
606 432
606 433
606 434
606 435
606 436
606 437
606 438
606 439
606 440
606 441
606 442
606 443
589 385
588 386
587 387
586 388
585 389
584 390
583 391
582 392
581 393
580 394
579 395
578 395
583 364
584 364
585 364
586 364
587 364
588 364
589 364
590 364
591 364
592 364
593 364
594 364
595 364
596 364
597 364
577 322
578 323
579 324
580 325
581 326
582 327
583 328
584 328
585 328
586 328
587 328
588 328
589 328
590 328
591 329
592 330
593 331
594 332
595 333
596 334
597 334
598 334
599 334
600 334
601 334
602 334
602 333
602 332
602 331
602 330
602 329
602 328
602 327
602 326
602 325
602 324
602 323
603 322
604 321
605 320
606 320
607 320
608 320
609 320
610 320
611 320
612 320
613 320
614 319
615 318
616 317
617 316
618 315
619 314
620 313
621 313
622 313
623 313
624 313
625 313
626 313
627 313
628 313
629 313
630 313
631 313
632 312
632 311
632 310
632 309
632 308
632 307
632 306
631 305
630 304
629 303
628 302
627 301
626 300
625 299
605 319
605 318
605 317
605 316
605 315
605 314
605 313
605 312
605 311
605 310
605 309
605 308
605 307
605 306
603 335
604 336
605 337
606 338
607 339
608 340
609 341
610 342
611 343
612 344
613 344
614 344
615 344
616 343
617 342
618 341
619 340
620 339
621 338
622 337
623 336
624 335
625 334
613 345
614 346
615 347
616 348
617 349
618 349
619 349
620 349
621 349
622 349
623 349
624 349
625 349
626 349
627 349
577 307
578 308
579 309
580 310
581 311
582 312
583 313
584 313
585 313
586 313
587 313
588 313
589 313
590 313
577 292
578 293
579 294
580 295
581 296
582 297
583 298
584 298
585 298
586 298
587 298
588 298
589 298
590 298
577 268
578 268
579 268
580 268
581 268
582 268
583 268
584 268
585 268
586 268
587 268
588 268
589 268
590 268
591 268
592 269
593 270
594 271
595 272
596 273
597 274
598 275
599 276
600 277
601 278
602 279
603 280
604 281
605 282
605 283
591 225
591 226
591 227
591 228
591 229
591 230
591 231
591 232
591 233
591 234
591 235
591 236
591 237
591 238
592 239
593 240
594 241
595 242
596 243
597 244
598 245
599 246
600 247
601 248
602 249
603 249
604 249
603 250
602 251
601 252
600 253
599 253
598 253
597 253
596 253
595 253
594 253
593 253
592 253
591 253
592 254
593 255
594 256
595 257
596 258
597 259
598 260
599 261
600 262
601 263
602 264
603 265
604 266
605 267
606 268
603 220
604 221
605 222
606 223
606 224
606 225
606 226
606 227
606 228
606 229
606 230
606 231
606 232
606 233
606 234
607 235
608 236
609 237
610 238
611 239
612 239
613 239
614 239
615 239
616 239
617 239
618 239
619 239
620 239
621 239
622 239
623 239
624 239
625 239
626 239
627 239
628 239
629 239
630 239
631 239
632 239
633 238
633 237
633 236
633 235
633 234
633 233
633 232
632 231
631 230
630 229
629 228
628 227
627 226
626 225
625 224
622 240
623 241
623 242
623 243
623 244
623 245
623 246
623 247
623 248
623 249
623 250
623 251
623 252
623 253
622 254
621 255
621 256
621 257
621 258
621 259
621 260
621 261
621 262
621 263
621 264
621 265
621 266
621 267
621 268
622 269
623 270
624 271
625 272
625 273
625 274
625 275
625 276
625 277
625 278
625 279
625 280
625 281
625 282
625 283
609 155
610 156
611 157
612 158
613 159
614 159
615 159
616 159
617 159
618 159
619 159
620 159
621 159
622 159
623 159
624 159
625 159
626 159
627 159
628 159
629 159
630 159
631 159
632 159
633 159
634 159
635 159
636 159
637 159
638 159
639 159
640 159
641 159
642 159
643 159
644 159
629 158
629 157
629 156
629 155
630 154
631 153
632 152
633 151
634 150
635 149
636 148
637 147
638 146
639 145
640 144
640 143
640 142
640 141
640 140
640 139
640 138
640 137
640 136
640 135
640 134
639 133
638 132
637 131
636 132
635 133
634 134
633 135
632 136
631 137
630 138
629 139
628 140
627 141
626 142
625 142
625 141
625 140
625 139
625 138
625 137
625 136
625 135
624 134
623 133
622 132
625 143
625 144
617 160
618 161
619 162
620 163
621 164
622 165
623 166
624 167
625 168
626 169
627 170
628 171
628 172
628 173
628 174
498 108
499 109
500 110
501 111
502 112
503 113
504 114
505 115
506 116
507 117
507 118
507 119
507 120
507 121
507 122
508 123
509 124
510 125
511 125
512 125
513 125
514 125
515 125
516 125
517 125
518 125
519 125
520 125
521 125
522 125
523 125
524 125
525 125
526 125
527 125
528 125
529 125
530 125
531 125
532 125
533 125
534 125
535 125
536 125
537 125
538 126
539 127
540 128
541 129
542 130
543 130
544 130
545 130
546 130
547 130
548 130
549 130
550 130
551 130
468 108
469 109
470 110
471 111
472 112
473 113
474 114
475 115
476 116
477 117
477 118
477 119
477 120
477 121
477 122
478 123
479 124
480 125
481 125
482 125
483 125
484 125
485 125
486 125
487 125
488 125
489 125
490 125
491 125
492 125
438 108
439 109
440 110
441 111
442 112
443 113
444 114
445 115
446 116
447 117
447 118
447 119
447 120
447 121
447 122
448 123
449 124
450 125
451 125
452 125
453 125
454 125
455 125
456 125
457 125
458 125
459 125
460 125
461 125
462 125
423 108
424 109
425 110
426 111
427 112
428 113
429 114
430 115
431 116
432 117
432 118
432 119
432 120
432 121
432 122
395 97
394 98
393 99
392 100
392 101
392 102
392 103
392 104
392 105
392 106
392 107
392 108
392 109
392 110
404 126
405 127
406 128
407 129
408 130
409 131
410 132
411 133
412 134
412 135
412 136
412 137
412 138
412 139
412 140
412 141
412 142
412 143
411 144
410 145
409 146
408 147
407 148
406 149
405 150
404 150
403 150
402 150
401 150
400 150
399 150
398 150
397 150
396 150
395 150
394 150
393 150
392 150
391 150
390 150
389 150
388 149
387 148
386 147
385 146
384 145
383 144
382 143
381 144
380 145
379 146
378 147
377 148
376 149
375 150
374 150
328 124
252 196
252 195
252 194
252 193
252 192
252 191
252 190
252 189
251 188
250 187
249 186
248 185
247 184
246 183
245 182
244 182
243 182
242 182
241 182
240 182
239 182
238 182
237 182
238 213
239 214
240 215
241 216
241 217
241 218
241 219
241 220
241 221
241 222
241 223
241 224
241 225
241 226
241 227
242 228
243 229
244 230
245 231
246 232
247 233
248 234
249 235
250 236
251 237
252 238
253 239
254 240
255 241
256 242
257 243
258 244
259 245
260 246
261 247
262 247
263 247
264 247
265 247
266 247
267 247
268 247
269 247
270 247
271 247
272 248
273 249
274 249
275 249
276 249
277 249
278 249
279 249
280 249
281 249
282 249
283 249
284 249
285 249
286 249
287 250
288 251
289 252
290 252
291 252
292 252
293 252
294 252
295 252
296 252
297 252
298 252
299 252
300 252
301 252
181 281
181 280
181 279
181 278
181 277
182 276
183 275
184 274
185 273
186 272
187 271
188 270
189 269
220 338
219 339
218 340
217 341
216 342
215 343
214 344
213 344
212 344
211 344
210 344
209 344
208 344
207 344
206 344
205 345
204 346
203 347
202 348
201 349
200 350
199 350
198 350
197 350
196 350
195 350
194 350
193 350
192 350
191 350
190 350
189 350
188 350
187 350
186 350
185 350
184 350
183 350
193 349
193 348
193 347
193 346
193 345
193 344
192 343
191 342
190 341
189 340
188 339
187 338
186 337
185 336
184 335
194 351
195 352
196 353
197 354
198 355
199 356
200 357
201 358
202 359
203 359
204 359
203 360
202 361
201 362
200 363
199 364
198 365
197 365
196 365
195 365
194 365
193 365
281 339
281 340
281 341
281 342
281 343
281 344
281 345
281 346
281 347
281 348
281 349
281 350
281 351
281 352
280 353
279 354
278 355
277 356
276 357
275 358
274 359
273 360
272 360
271 360
270 360
269 360
268 360
267 360
268 361
269 362
270 363
271 364
272 365
273 366
274 367
275 367
276 367
277 367
278 367
279 367
280 367
281 367
279 324
278 325
277 326
276 327
275 328
274 329
273 330
272 330
271 330
270 330
269 330
268 330
267 330
266 330
265 329
264 328
263 327
262 326
261 325
260 324
259 323
258 322
257 321
256 320
255 319
254 318
253 317
252 316
251 315
250 315
249 315
248 315
247 315
246 315
245 315
244 315
243 315
242 315
241 314
240 313
239 312
238 311
237 310
236 309
235 309
234 309
233 309
232 309
231 309
230 309
229 309
228 309
227 309
226 309
225 309
224 309
223 309
222 308
221 307
221 306
221 305
221 304
221 303
221 302
221 301
220 301
219 300
218 299
217 298
216 297
215 296
214 295
213 294
212 293
211 292
211 291
211 290
211 289
211 288
211 287
211 286
211 285
210 284
209 283
208 282
207 281
206 280
205 279
204 278
204 277
204 276
204 275
204 274
204 273
204 272
204 271
204 270
204 269
204 268
204 267
204 266
204 265
204 264
204 263
203 279
202 280
201 281
200 282
199 283
198 284
197 284
196 284
212 284
213 283
214 282
215 281
216 280
217 279
218 278
219 277
221 300
221 299
221 298
221 297
222 296
223 295
224 294
225 293
226 292
236 308
236 307
236 306
236 305
236 304
236 303
236 302
236 301
236 300
236 299
237 298
238 297
239 296
240 295
241 294
286 306
286 305
286 304
286 303
286 302
286 301
286 300
286 299
286 298
286 297
286 296
286 295
286 294
286 293
286 292
286 291
286 290
286 289
287 289
286 288
286 287
286 286
285 285
284 284
283 283
282 282
281 281
280 280
279 279
279 278
279 277
279 276
279 275
279 274
279 273
279 272
279 271
279 270
279 269
279 268
279 267
279 266
279 265
279 264
288 288
289 287
290 286
291 285
292 284
293 283
294 282
302 314
302 315
302 316
302 317
302 318
302 319
302 320
302 321
302 322
302 323
302 324
302 325
302 326
302 327
302 328
302 329
302 330
302 331
302 332
302 333
302 334
302 335
302 336
302 337
302 338
302 339
302 340
302 341
302 342
302 343
303 344
304 345
305 346
306 347
307 348
307 349
307 350
307 351
307 352
307 353
307 354
307 355
307 356
308 356
307 357
306 358
305 359
304 360
303 361
303 362
303 363
303 364
303 365
303 366
303 367
303 368
303 369
303 370
304 371
305 372
306 373
306 374
306 375
306 376
306 377
306 378
306 379
306 380
306 381
306 382
305 383
304 384
303 385
303 386
303 387
303 388
303 389
303 390
303 391
303 392
303 393
303 394
303 395
303 396
303 397
309 355
310 354
311 353
312 352
313 351
314 350
315 349
316 348
317 347
318 346
319 345
320 344
321 344
322 344
323 344
324 344
325 344
326 344
327 344
328 344
329 344
330 344
331 344
332 344
333 344
334 344
335 343
336 343
337 343
338 343
339 343
340 343
341 343
342 343
343 343
344 343
345 343
346 343
347 343
348 343
349 343
350 343
351 343
352 343
353 343
354 343
355 343
356 343
357 343
358 343
359 343
360 343
361 343
362 342
363 341
364 340
365 339
366 339
367 339
368 339
369 339
370 339
371 339
372 339
373 339
374 339
375 338
376 337
377 336
378 335
379 334
380 333
381 333
382 333
383 333
384 332
385 331
386 330
387 329
388 328
389 327
390 326
391 325
392 324
393 323
394 322
395 321
396 321
397 321
398 321
399 320
400 319
401 318
402 317
403 316
403 315
403 314
402 314
401 313
400 312
399 311
398 310
397 309
396 308
395 307
394 306
393 305
392 304
391 303
403 313
403 312
403 311
403 310
403 309
403 308
403 307
403 306
403 305
403 304
404 303
405 302
406 301
406 300
406 299
406 298
406 297
406 296
407 296
406 295
406 294
405 293
404 292
403 291
402 290
401 289
400 288
399 287
398 287
397 287
396 287
395 287
394 287
393 287
392 287
391 287
390 287
389 287
388 287
387 286
386 285
385 284
384 283
408 295
409 294
410 293
411 292
412 291
413 290
413 289
413 288
413 287
413 286
413 285
413 284
413 283
413 282
413 281
413 280
413 279
413 278
413 277
413 276
414 275
396 322
397 323
398 324
399 325
400 326
401 327
402 328
403 329
404 330
405 331
406 332
407 333
408 334
409 335
408 336
407 337
406 338
405 339
404 340
403 341
402 342
402 343
402 344
402 345
402 346
402 347
402 348
402 349
402 350
401 351
400 351
399 351
398 351
397 351
396 351
395 351
394 351
393 351
392 351
391 351
390 351
389 351
388 352
387 353
386 354
385 355
384 356
383 357
382 358
381 359
380 359
379 359
378 359
377 359
376 359
375 359
374 360
373 361
372 361
371 361
370 361
369 361
368 361
367 361
366 361
365 361
364 361
363 361
362 361
361 361
360 361
376 360
377 361
378 362
379 363
380 364
381 365
381 366
381 367
381 368
381 369
381 370
381 371
381 372
381 373
382 373
383 373
384 372
385 371
386 370
387 369
388 368
389 367
390 366
380 374
379 375
378 376
377 376
376 376
375 376
374 376
373 376
372 376
371 376
370 376
369 376
368 376
367 377
366 378
365 379
364 380
363 381
362 382
361 383
360 384
359 385
358 386
357 387
356 387
355 387
354 387
353 387
353 386
353 385
353 384
352 383
351 382
350 381
349 380
348 379
347 378
346 377
345 376
345 375
345 374
345 373
345 372
345 371
345 370
345 369
345 368
345 367
345 366
345 365
345 364
345 363
345 362
344 377
343 378
342 379
341 380
340 381
339 382
338 382
337 382
336 382
335 382
334 382
333 382
333 381
333 380
333 379
333 378
333 377
333 376
333 375
333 374
333 373
333 372
333 371
332 370
331 369
330 368
353 388
353 389
353 390
353 391
353 392
353 393
353 394
353 395
353 396
353 397
353 398
353 399
353 400
353 401
353 402
403 351
404 352
405 353
406 353
407 353
408 353
409 353
410 353
411 353
412 353
413 353
412 354
411 355
410 356
409 357
408 358
407 359
406 360
405 361
405 362
405 363
405 364
405 365
406 366
407 367
408 368
409 369
409 370
409 371
409 372
409 373
409 374
410 336
411 337
412 338
413 338
414 338
415 338
416 338
417 338
418 338
419 338
420 338
421 338
422 338
423 338
424 338
425 338
426 338
427 338
428 338
429 338
430 338
431 338
432 338
432 337
432 336
432 335
432 334
432 333
432 332
433 331
434 330
435 329
436 328
437 327
438 326
439 325
440 324
441 323
441 322
441 321
441 320
441 319
441 318
441 317
440 316
439 315
438 314
437 313
436 312
435 311
434 310
433 309
432 308
433 339
434 339
435 339
436 339
437 339
438 339
439 339
440 339
441 339
442 339
443 339
444 339
445 339
446 339
447 339
448 340
449 341
450 342
451 343
452 344
453 345
454 346
455 346
454 347
454 348
454 349
454 350
454 351
454 352
453 353
452 354
451 355
450 356
449 357
448 357
447 357
446 357
445 357
444 357
443 357
443 358
443 359
443 360
443 361
443 362
443 363
443 364
443 365
443 366
443 367
443 368
443 369
443 370
443 371
443 372
442 373
441 373
440 373
439 373
438 373
437 373
436 373
435 373
434 373
433 373
432 373
444 373
445 374
446 375
447 376
448 377
449 378
450 379
451 380
452 381
453 382
454 383
455 384
456 384
457 384
458 384
459 384
460 384
461 384
462 384
463 384
464 384
465 384
466 384
467 384
454 385
453 386
452 387
451 387
450 387
449 387
448 387
447 387
446 387
445 387
444 387
443 387
444 388
445 389
446 390
447 391
448 392
449 393
450 394
451 395
452 396
453 397
454 398
455 399
454 400
453 401
452 402
451 403
450 403
449 403
448 403
447 403
446 403
445 403
444 403
443 403
442 403
441 403
440 403
439 403
438 403
437 403
436 403
435 403
434 403
433 403
432 403
431 403
430 402
430 401
430 400
430 399
430 398
430 397
430 396
430 395
430 394
430 393
430 392
430 391
430 390
429 389
428 388
455 353
456 354
457 354
458 354
459 354
460 354
461 354
462 354
463 354
464 354
465 354
466 354
467 354
468 354
469 354
456 345
457 344
458 343
459 342
460 341
461 340
462 339
463 339
464 339
465 339
466 339
467 339
468 339
469 339
470 339
471 339
472 339
473 339
474 339
475 339
476 339
477 339
478 339
479 339
480 339
481 339
482 339
483 339
484 339
485 339
486 339
487 339
488 339
489 339
490 339
491 339
492 339
493 339
494 339
495 339
496 339
497 339
498 339
499 339
500 339
501 339
502 339
503 339
504 339
505 339
506 339
507 339
508 339
509 339
510 339
511 339
512 339
513 339
514 339
515 339
516 339
517 339
518 339
519 339
520 339
521 339
522 339
523 340
524 341
525 342
525 343
525 344
525 345
525 346
525 347
525 348
525 349
525 350
526 350
525 351
525 352
525 353
524 354
523 354
522 354
521 354
520 354
519 354
518 354
517 354
516 354
515 354
514 354
515 355
516 356
516 357
516 358
516 359
516 360
516 361
516 362
516 363
516 364
516 365
516 366
516 367
516 368
516 369
515 369
514 369
513 369
512 369
511 369
510 369
509 369
508 369
507 369
506 369
505 369
504 369
503 369
502 369
501 369
500 369
499 369
498 369
497 369
496 369
495 369
494 369
493 369
492 369
491 369
490 369
489 370
488 371
487 372
486 373
485 374
484 375
483 376
483 377
483 378
483 379
483 380
482 380
481 379
480 378
479 377
478 376
477 375
476 374
475 373
474 372
473 371
472 370
471 369
483 381
483 382
484 383
485 384
486 384
487 384
488 384
489 384
490 384
491 384
492 384
493 384
494 384
495 385
496 386
497 387
498 388
499 389
500 389
501 389
502 389
503 389
504 389
505 389
506 389
507 389
508 389
509 389
510 389
511 389
512 389
513 389
514 389
515 389
516 389
517 389
518 389
519 389
520 389
521 389
522 389
523 389
524 389
525 389
526 388
527 387
528 386
529 387
530 388
531 389
532 389
533 389
534 389
535 389
536 389
537 389
538 389
539 389
540 389
541 389
542 389
543 389
544 389
545 389
546 389
547 389
548 389
549 389
550 389
551 389
552 389
553 389
554 389
555 388
556 387
557 386
557 385
557 384
557 383
557 382
557 381
556 380
555 379
554 378
553 377
552 376
551 375
550 374
549 373
515 390
516 391
517 392
518 393
519 394
520 395
521 396
522 397
523 398
523 399
523 400
523 401
522 402
521 403
520 404
519 404
518 404
517 404
516 404
515 404
514 404
500 390
499 391
499 392
499 393
499 394
499 395
499 396
499 397
499 398
499 399
499 400
499 401
499 402
499 403
499 404
498 404
497 404
496 404
495 404
494 404
493 404
492 404
491 404
490 404
489 404
488 404
487 404
486 404
485 404
484 403
483 403
482 403
481 403
480 403
479 403
478 403
477 403
476 403
475 402
474 401
473 400
472 399
526 354
527 354
528 354
529 354
530 354
531 354
532 354
533 354
534 354
535 354
536 354
537 354
538 354
539 354
540 354
541 354
542 354
543 354
544 354
545 354
546 354
547 354
548 354
549 353
550 352
551 351
552 350
527 349
528 348
529 347
530 346
531 345
532 344
533 343
534 342
535 341
536 340
537 339
537 338
537 337
537 336
537 335
537 334
537 333
537 332
537 331
537 330
537 329
537 328
537 327
537 326
538 325
539 325
540 325
541 325
542 325
543 325
544 325
545 325
546 325
547 325
548 324
549 323
550 322
551 321
552 320
539 326
540 327
541 328
542 329
543 330
544 331
545 332
546 333
547 334
548 335
549 335
550 335
551 335
552 335
538 324
538 323
538 322
538 321
538 320
538 319
538 318
538 317
538 316
538 315
538 314
538 313
538 312
538 311
539 311
540 311
541 311
542 311
543 311
544 311
545 311
546 311
547 310
548 309
549 308
550 307
551 306
552 305
552 304
552 303
552 302
552 301
552 300
552 299
552 298
552 297
552 296
552 295
552 294
552 293
552 292
552 291
552 290
538 310
538 309
538 308
538 307
538 306
538 305
538 304
538 303
538 302
538 301
538 300
538 299
538 298
538 297
537 296
536 296
535 296
534 296
533 296
532 296
531 296
530 296
529 296
528 296
527 296
526 296
525 296
524 296
523 296
522 296
522 295
522 294
522 293
522 292
522 291
522 290
522 289
522 288
521 287
520 286
519 285
518 285
517 285
516 285
515 284
514 283
513 282
512 281
511 280
510 279
509 278
508 277
507 277
506 277
505 277
504 277
503 277
502 276
501 275
500 274
499 273
498 272
497 271
496 270
495 269
494 268
493 268
493 267
493 269
493 270
493 271
493 272
493 273
493 274
493 275
493 276
493 277
493 278
493 279
493 280
493 281
508 276
508 275
508 274
508 273
508 272
508 271
508 270
508 269
508 268
508 267
508 266
508 265
508 264
508 263
508 262
522 297
521 297
520 298
519 299
518 300
517 301
516 301
515 301
514 301
513 301
512 301
511 301
510 301
509 301
508 301
507 301
522 298
522 299
522 300
522 301
522 302
522 303
522 304
522 305
521 306
520 307
520 308
520 309
520 310
520 311
520 312
520 313
520 314
520 315
520 316
520 317
520 318
520 319
520 320
519 321
518 321
517 321
516 321
515 321
514 321
513 321
512 321
511 321
510 321
509 321
508 321
507 321
506 321
505 321
504 321
503 321
502 321
501 321
500 321
499 321
498 321
497 321
496 321
495 321
494 321
493 321
492 321
491 321
490 321
489 321
488 321
487 321
486 321
485 321
484 321
483 321
482 321
481 321
480 321
479 321
478 321
477 321
476 321
475 321
474 321
473 321
472 321
471 321
470 321
469 321
468 321
467 321
466 321
465 321
464 321
463 321
462 321
461 321
460 321
475 320
475 319
474 318
473 317
472 316
471 315
470 314
469 313
468 312
467 311
466 310
465 309
464 308
463 307
462 306
461 306
460 306
459 306
458 306
457 306
456 306
455 306
454 306
453 306
452 306
451 305
450 304
449 303
448 302
447 301
447 300
447 299
447 298
447 297
447 296
447 295
447 294
447 293
447 292
447 291
447 290
446 289
445 288
444 287
443 286
443 285
443 284
443 283
443 282
443 281
442 280
441 279
440 278
439 277
438 276
437 275
436 274
435 273
434 272
433 271
433 270
433 269
433 268
433 267
433 266
434 265
435 264
436 263
437 262
438 261
439 260
440 259
441 258
442 257
442 256
441 256
440 256
439 256
438 256
437 256
436 256
435 256
434 256
433 256
432 256
431 256
430 255
429 254
429 253
429 252
429 251
429 250
429 249
429 248
429 247
429 246
429 245
429 244
429 243
429 242
429 241
429 240
429 239
443 256
444 256
445 256
446 256
447 256
448 256
449 256
450 256
451 256
452 256
453 256
454 255
455 254
456 253
456 252
455 252
454 251
453 250
452 249
451 248
450 247
449 246
448 245
447 244
446 243
445 242
444 241
457 252
457 251
457 250
457 249
457 248
457 247
457 246
457 245
458 244
459 243
460 242
461 241
462 240
463 239
463 238
463 237
463 236
463 235
464 235
463 234
463 233
463 232
463 231
463 230
463 229
463 228
463 227
462 226
461 225
460 224
465 234
466 233
467 232
468 231
469 230
470 229
471 228
472 227
473 226
474 225
475 224
476 224
477 224
478 224
479 224
480 224
481 224
482 224
483 224
484 224
485 224
486 224
487 224
488 224
489 224
490 224
491 224
492 224
493 224
494 224
495 224
496 224
497 224
498 224
499 224
500 224
501 224
502 224
503 224
504 224
505 224
506 224
507 224
508 224
509 224
510 224
511 224
512 224
513 224
514 224
515 224
516 224
517 224
518 224
519 224
520 224
521 225
522 226
523 227
523 228
523 229
523 230
523 231
523 232
523 233
523 234
523 235
522 235
521 236
520 237
519 238
518 239
517 240
516 241
515 242
514 243
513 243
512 243
511 243
510 243
509 243
508 243
523 236
523 237
523 238
523 239
523 240
523 241
523 242
523 243
523 244
523 245
523 246
523 247
523 248
523 249
524 235
525 236
526 237
527 238
528 239
529 240
530 241
531 242
532 243
533 244
534 245
535 246
536 247
537 248
538 249
539 249
540 249
541 249
542 249
543 249
544 249
545 249
546 248
547 247
548 246
549 245
550 244
551 243
552 242
553 241
553 240
553 239
553 238
553 237
553 236
553 235
553 234
553 233
553 232
553 231
553 230
553 229
553 228
553 227
553 226
552 226
551 226
550 226
549 226
548 226
547 226
546 226
545 226
544 226
543 225
542 224
541 223
540 222
540 221
539 221
539 220
539 219
539 218
539 217
539 216
539 215
539 214
539 213
539 212
539 211
539 210
539 209
539 208
539 207
538 206
537 206
536 206
535 206
534 206
533 206
532 206
531 206
530 206
529 206
528 206
527 206
526 206
525 206
524 206
523 205
522 205
521 205
520 205
519 205
518 205
517 205
516 205
515 205
514 205
513 205
512 205
511 205
510 205
509 205
508 205
507 205
506 205
505 205
504 205
503 205
502 205
501 205
500 205
499 205
498 205
497 205
496 205
495 205
494 205
493 205
492 205
491 205
490 205
489 205
488 205
487 205
486 205
485 205
484 205
483 205
482 205
481 205
480 205
479 205
478 205
477 205
476 205
475 205
474 205
473 205
472 205
471 205
470 205
469 205
468 205
467 205
466 205
465 205
464 205
463 205
462 205
461 205
460 205
459 205
458 205
457 205
456 205
455 205
454 205
453 205
452 205
451 205
450 205
449 205
448 205
447 206
446 207
445 208
444 209
443 209
442 209
441 209
440 209
439 209
438 209
437 209
436 209
435 209
434 209
433 209
433 208
433 207
433 206
433 205
433 204
433 203
433 202
433 201
433 200
432 199
431 198
430 197
429 196
428 195
428 194
428 193
428 192
428 191
429 190
430 189
431 188
432 187
433 186
433 185
433 184
433 183
433 182
433 181
433 180
433 179
434 178
435 177
436 176
437 175
438 174
439 173
440 172
440 171
439 171
438 171
437 171
436 171
435 171
434 171
433 171
432 171
431 171
430 171
429 171
428 171
441 171
427 196
426 197
425 198
424 199
423 200
422 201
421 202
420 203
419 204
418 205
418 206
418 207
418 208
418 209
417 209
416 209
415 209
414 209
413 209
412 209
411 209
410 209
409 209
408 209
407 209
406 209
405 208
405 207
405 206
405 205
405 204
405 203
405 202
404 201
403 200
402 199
401 198
400 197
399 196
398 195
398 194
398 193
398 192
398 191
398 190
398 189
398 188
398 187
398 186
398 185
398 184
398 183
398 182
398 181
398 180
397 180
396 180
395 180
394 180
393 180
392 180
391 180
390 180
389 180
388 180
387 180
386 179
385 178
384 177
383 176
382 175
381 175
380 175
379 175
378 175
377 175
376 175
375 175
374 175
373 175
372 174
371 173
370 172
369 171
368 170
367 169
381 176
380 177
379 178
378 179
377 180
376 181
375 182
374 183
373 184
372 184
371 184
370 184
369 184
368 184
367 184
366 184
365 184
364 184
363 184
362 184
361 184
360 184
359 184
358 184
357 184
356 184
355 184
354 184
353 184
352 184
351 184
350 184
349 184
348 184
347 184
346 184
345 184
344 184
343 184
342 184
341 184
340 184
339 184
338 184
337 184
336 184
335 184
334 184
333 184
332 184
331 184
330 184
329 184
328 184
327 184
326 184
325 184
324 184
323 184
322 183
322 182
322 181
322 180
322 179
322 178
322 177
322 176
322 175
322 174
322 173
322 172
322 171
322 170
322 169
322 168
323 168
324 168
325 168
326 168
327 168
328 168
329 168
330 168
331 168
332 168
333 168
334 168
335 168
336 167
337 166
338 167
339 167
340 167
341 167
342 167
343 167
344 167
345 167
346 167
347 167
348 167
349 167
350 167
351 167
352 167
396 181
395 182
394 183
393 184
392 185
391 186
390 187
389 188
388 189
387 190
386 190
385 190
384 190
383 190
399 180
400 180
401 180
402 180
403 179
404 178
405 177
406 176
407 175
408 174
409 173
406 201
407 200
408 199
409 198
410 197
411 196
412 195
413 194
432 210
431 211
430 212
429 213
428 214
427 215
427 216
427 217
427 218
427 219
427 220
427 221
427 222
427 223
427 224
434 210
435 211
436 212
437 213
438 214
439 215
440 216
441 217
442 218
442 219
442 220
442 221
442 222
442 223
442 224
462 204
461 203
460 202
459 201
458 200
457 199
456 198
455 197
454 196
453 195
452 194
451 193
450 192
449 191
448 190
478 204
478 203
478 202
478 201
478 200
478 199
477 198
476 197
475 196
474 195
473 194
472 193
471 192
470 191
469 190
469 189
469 188
469 187
469 186
469 185
469 184
469 183
469 182
469 181
469 180
469 179
469 178
469 177
469 176
470 175
470 174
470 173
470 172
470 171
470 170
470 169
470 168
471 167
472 166
473 165
474 164
475 163
476 162
476 161
475 161
474 161
473 161
472 161
471 161
470 161
469 161
468 161
467 160
466 160
465 160
464 160
463 160
462 160
461 160
460 160
459 160
458 160
457 160
456 160
455 160
454 160
453 160
452 160
451 160
450 159
449 158
448 157
447 156
447 155
447 154
448 154
447 153
447 152
447 151
447 150
447 149
447 148
447 147
446 146
445 145
444 144
443 143
442 142
441 143
440 143
439 143
438 143
437 143
436 143
435 143
434 143
433 143
432 143
431 143
430 143
431 144
432 145
432 146
432 147
432 148
432 149
432 150
432 151
432 152
432 153
432 154
432 155
432 156
449 153
450 152
451 151
452 150
453 149
454 148
455 147
456 146
457 145
467 159
467 158
467 157
467 156
467 155
467 154
467 153
467 152
467 151
468 150
469 149
470 148
471 147
472 147
473 147
474 147
475 147
476 147
477 147
478 146
479 145
480 144
481 143
482 142
483 142
484 142
485 142
486 142
487 142
488 142
489 142
490 142
491 142
492 142
493 142
494 142
495 142
496 142
497 142
498 142
499 142
500 142
501 142
502 142
503 142
504 142
505 142
506 142
507 142
508 142
509 142
510 142
511 142
512 142
513 143
514 143
515 143
516 143
517 143
518 143
519 143
520 143
521 143
522 143
523 143
522 144
521 145
520 146
519 147
518 148
517 149
516 150
516 151
516 152
516 153
516 154
516 155
516 156
516 157
515 157
514 157
513 157
512 157
511 157
510 157
509 157
508 157
507 157
506 157
505 157
504 157
503 157
502 157
501 157
500 157
499 157
498 157
497 157
496 157
495 157
494 157
493 157
517 158
518 158
519 158
520 158
521 158
522 158
523 158
524 158
525 158
526 158
527 158
528 158
529 159
530 159
531 159
532 159
533 159
534 159
535 159
536 159
537 159
538 159
539 159
540 159
541 159
542 159
542 158
542 157
542 156
542 155
542 154
542 153
542 152
543 151
544 150
545 149
546 148
547 147
548 146
549 145
543 160
544 161
545 162
546 163
547 164
548 165
548 166
548 167
549 167
548 168
548 169
548 170
548 171
548 172
550 166
551 165
552 164
553 163
554 162
555 161
556 160
557 159
477 161
493 204
493 203
493 202
493 201
493 200
493 199
492 198
491 197
490 196
489 195
488 194
487 193
486 192
485 191
484 190
484 189
484 188
484 187
484 186
484 185
484 184
484 183
485 182
486 181
487 180
488 179
489 178
490 177
491 176
492 175
508 204
508 203
508 202
508 201
508 200
508 199
507 198
506 197
505 196
504 195
503 194
502 193
501 192
500 191
499 190
499 189
500 188
501 187
502 186
503 185
504 184
505 183
506 182
507 181
508 180
509 179
510 178
511 177
512 176
513 175
523 204
523 203
523 202
523 201
523 200
523 199
522 198
521 197
520 196
519 195
518 194
517 193
516 192
515 191
514 190
538 205
538 204
538 203
538 202
538 201
538 200
538 199
538 198
538 197
538 196
538 195
538 194
538 193
538 192
538 191
538 222
538 223
538 224
538 225
538 226
538 227
538 228
538 229
538 230
538 231
538 232
538 233
538 234
541 221
542 221
543 221
544 220
545 219
546 218
547 217
548 216
549 215
550 214
551 213
552 212
553 211
553 210
553 209
553 208
553 207
553 206
553 205
553 204
553 203
553 202
553 201
553 200
553 199
553 198
553 197
553 196
539 250
538 250
538 251
538 252
538 253
538 254
538 255
538 256
538 257
538 258
538 259
538 260
538 261
538 262
538 263
537 264
537 265
537 266
537 267
537 268
537 269
537 270
537 271
537 272
537 273
537 274
537 275
536 275
535 275
534 275
533 275
532 275
531 275
530 275
529 275
528 275
527 274
526 273
525 272
524 271
523 270
539 264
540 265
541 266
542 267
543 268
544 269
545 270
546 271
547 271
548 271
549 271
550 271
551 271
552 271
540 251
541 252
542 253
543 254
544 255
545 256
546 256
547 256
548 256
549 256
550 256
551 256
552 256
553 256
491 225
492 226
493 227
493 228
493 229
493 230
493 231
493 232
493 233
493 234
493 235
493 236
493 237
493 238
493 239
492 240
491 241
490 242
489 243
488 244
487 245
486 246
485 246
484 245
483 244
482 243
481 242
480 241
479 240
478 239
486 247
486 248
486 249
485 250
484 251
483 252
482 253
481 254
480 254
479 254
478 254
477 254
476 254
475 254
474 254
473 254
472 254
471 255
470 256
469 257
468 258
467 259
466 260
465 261
464 262
463 263
463 264
463 265
463 266
463 267
473 255
474 256
475 257
476 258
477 259
478 260
478 261
478 262
478 263
478 264
478 265
478 266
478 267
478 268
478 269
478 270
478 271
478 272
478 273
478 274
478 275
478 276
478 277
478 278
478 279
478 280
478 281
478 282
478 283
478 284
478 285
478 286
478 287
478 288
478 289
478 290
478 291
442 287
441 288
440 289
439 290
438 291
437 292
436 293
435 293
434 293
433 293
432 293
431 293
430 293
462 305
462 304
462 303
462 302
462 301
462 300
462 299
462 298
462 297
462 296
462 295
462 294
462 293
462 292
462 291
462 290
462 289
462 288
462 287
462 286
462 285
462 284
462 283
461 283
460 283
459 282
458 281
457 280
456 279
455 278
454 277
453 276
452 275
451 274
450 273
449 272
448 271
463 283
490 320
490 319
489 318
488 317
487 316
486 315
485 314
484 313
483 312
482 311
481 310
480 309
479 308
478 307
477 306
505 320
505 319
504 318
503 317
502 316
501 315
500 314
499 313
498 312
497 311
496 310
495 309
494 308
493 307
492 306
493 340
494 341
495 342
496 343
497 344
498 345
499 346
499 347
499 348
499 349
499 350
499 351
499 352
499 353
499 354
478 340
479 341
480 342
481 343
482 344
483 345
484 346
484 347
484 348
484 349
484 350
484 351
484 352
484 353
484 354
418 339
419 340
420 341
421 342
422 343
423 344
424 345
425 346
426 347
427 348
428 349
428 350
428 351
428 352
428 353
417 337
417 336
417 335
417 334
417 333
417 332
418 331
419 330
420 329
421 328
422 327
423 326
424 325
425 324
426 323
336 342
337 341
338 340
339 339
340 338
341 337
342 336
343 335
344 334
345 333
346 332
347 331
348 330
349 329
350 328
351 328
352 328
353 328
354 328
355 328
356 328
357 328
358 328
359 328
360 328
361 328
362 327
363 326
364 325
365 324
366 324
367 324
368 324
369 324
370 324
371 324
372 324
373 324
374 324
375 323
376 322
377 321
378 320
379 319
380 318
380 317
380 316
380 315
380 314
380 313
380 312
380 311
380 310
380 309
380 308
380 307
379 306
378 305
377 304
376 303
365 323
365 322
365 321
365 320
365 319
365 318
365 317
365 316
365 315
365 314
365 313
364 312
363 311
362 310
361 309
361 308
361 307
361 306
361 305
361 304
361 303
361 302
361 301
361 300
361 299
361 298
361 297
361 296
361 295
361 294
320 343
320 342
320 341
320 340
320 339
320 338
320 337
320 336
320 335
320 334
320 333
320 332
320 331
320 330
320 329
321 329
322 329
323 329
324 329
325 329
326 329
327 329
328 329
329 329
330 329
331 329
332 329
333 329
334 329
335 328
335 327
335 326
335 325
335 324
336 323
337 322
338 321
339 320
340 319
341 318
342 317
343 316
344 315
345 314
346 313
317 312
318 313
319 313
320 313
321 313
322 313
323 313
324 313
325 313
326 313
327 313
328 313
329 313
330 313
331 313
332 312
333 311
334 310
335 309
336 308
337 307
338 306
339 305
340 304
341 303
342 302
343 301
344 300
345 299
346 298
317 297
318 298
319 298
320 298
321 298
322 298
323 298
324 298
325 298
326 298
327 298
328 298
329 298
330 298
331 298
315 288
314 287
313 286
312 285
311 284
310 283
309 282
308 281
307 280
306 279
305 278
304 277
303 276
302 275
301 274
300 273
299 272
298 271
297 270
296 269
295 268
294 267
333 269
334 271
335 272
336 273
337 274
338 275
339 276
339 277
339 278
340 279
341 279
342 279
343 279
344 279
345 279
346 279
347 279
348 279
349 279
350 279
351 279
352 279
353 279
354 279
334 268
335 267
336 266
337 265
338 264
339 263
339 262
339 261
339 260
339 259
339 258
339 257
339 256
339 255
338 255
337 254
336 253
335 252
334 251
333 250
332 249
331 248
340 254
341 253
342 252
343 251
344 250
345 249
346 248
347 249
348 249
349 249
350 249
351 249
352 249
353 249
354 249
355 249
356 249
357 249
358 249
359 249
360 249
361 249
362 250
363 251
364 252
365 253
366 254
367 255
368 256
369 257
369 258
369 259
369 260
369 261
369 262
369 263
369 264
340 264
341 264
342 264
343 264
344 264
345 264
346 264
347 264
348 264
349 264
350 264
351 264
352 264
353 264
354 264
832
324 267
309 267
316 252
324 282
316 296
301 297
316 311
301 313
286 307
271 300
281 322
266 315
256 300
256 287
249 272
264 277
264 262
281 337
266 345
251 345
236 339
222 352
238 354
228 367
241 366
251 360
251 330
236 324
221 322
206 314
196 299
221 337
206 329
191 320
176 313
166 308
154 299
166 291
159 276
164 323
151 314
136 310
121 310
106 310
91 310
91 325
107 325
121 325
135 325
153 329
166 338
164 352
151 344
178 365
165 367
151 367
149 359
133 359
118 360
103 361
88 361
73 359
58 358
43 353
29 359
17 355
21 340
21 325
73 344
62 341
50 330
38 334
72 328
60 308
84 346
132 375
132 390
122 399
117 385
103 377
102 390
86 401
68 392
56 382
55 393
40 384
68 407
88 377
124 411
115 422
106 427
120 439
131 428
139 418
145 434
157 420
158 435
173 435
179 421
194 421
209 421
224 421
239 422
233 436
254 422
269 422
284 422
278 435
263 435
248 436
218 435
203 436
188 436
133 342
118 342
103 342
152 382
165 382
181 382
180 397
192 397
196 382
211 382
226 383
240 383
255 383
267 385
281 383
281 398
270 400
254 398
240 399
152 397
164 399
181 298
181 284
174 276
166 261
151 261
136 251
121 257
106 256
91 252
79 238
91 234
106 234
121 233
120 218
132 203
106 219
102 202
134 220
147 228
162 230
152 213
147 186
130 184
115 183
106 173
104 159
104 144
100 130
87 143
113 127
127 119
123 134
107 116
107 102
122 104
87 166
119 149
100 184
85 183
70 183
55 183
43 183
30 181
24 173
39 158
55 153
67 152
56 139
71 137
20 187
20 202
22 215
34 215
36 200
49 207
62 204
75 198
72 214
119 167
134 167
134 152
162 198
147 202
162 215
133 235
90 219
78 253
60 234
63 255
74 268
60 285
91 267
91 282
91 292
106 286
121 272
121 287
106 271
136 266
144 276
136 291
155 246
181 254
196 248
211 242
219 257
181 239
196 233
211 227
226 227
241 242
249 257
234 272
226 242
234 257
198 212
183 210
184 195
183 180
193 180
206 182
214 197
222 190
237 197
180 224
199 197
213 212
224 212
237 212
252 212
256 227
252 197
267 196
268 181
282 197
284 182
267 211
282 217
271 232
286 234
301 237
316 237
331 233
346 233
322 218
322 203
337 202
352 203
367 204
382 213
391 228
402 229
391 243
406 244
397 258
384 268
369 279
399 272
412 259
337 217
352 218
367 219
361 234
376 249
376 234
304 222
304 207
304 192
304 177
304 162
299 147
282 162
267 162
252 162
237 162
222 162
207 162
192 162
183 151
171 142
156 147
165 162
153 162
164 177
196 147
209 147
221 147
234 147
247 142
258 147
282 147
274 142
267 124
252 124
237 124
222 124
207 124
192 124
177 124
162 122
147 123
237 109
222 107
207 107
192 109
177 107
162 107
147 107
282 122
267 107
252 107
282 107
311 147
326 142
341 147
356 148
304 132
301 117
301 109
301 94
312 93
312 79
301 64
286 64
298 49
286 49
313 49
316 64
328 59
341 54
356 49
356 64
341 39
331 33
356 34
353 20
371 41
371 56
371 71
341 69
356 79
369 86
355 94
341 84
297 79
316 112
331 112
354 110
343 125
358 125
369 113
373 125
388 125
403 125
407 110
396 96
396 81
392 59
400 50
407 66
422 66
415 51
411 81
408 96
422 107
437 107
452 107
467 107
482 107
497 107
512 107
527 107
542 109
557 115
559 105
572 115
574 103
589 103
602 104
602 117
587 117
582 132
597 132
593 147
578 150
608 154
593 166
578 166
581 181
573 194
576 207
576 222
588 195
596 184
603 193
606 205
621 205
629 190
591 208
602 219
591 223
576 237
576 252
576 267
568 275
575 290
590 283
575 305
575 320
575 335
567 348
582 348
597 349
582 363
578 378
590 384
598 379
613 392
616 383
627 370
631 385
646 385
643 400
642 413
628 400
627 414
593 399
583 414
598 414
589 429
604 429
591 444
578 444
574 430
559 437
544 437
529 437
514 437
499 437
484 437
469 437
454 437
439 437
424 437
410 422
395 429
393 415
378 409
375 394
368 416
353 417
338 415
335 399
323 415
320 429
303 420
303 435
313 449
299 451
313 464
308 477
293 476
308 492
326 483
341 472
341 487
356 477
341 502
331 507
356 507
371 501
371 486
386 481
401 478
416 477
402 493
416 492
371 471
369 458
356 449
356 462
342 457
353 522
356 492
293 491
335 429
350 429
365 431
380 430
404 404
409 437
395 444
409 452
395 459
425 422
440 422
455 420
470 422
485 420
500 422
515 421
559 423
545 422
530 422
550 407
606 443
578 395
597 364
590 328
602 334
605 320
620 313
632 312
625 299
605 306
612 344
625 334
627 349
590 313
590 298
591 268
605 283
591 238
604 249
591 253
606 268
606 234
621 239
633 238
625 224
623 253
621 268
625 283
616 159
629 159
644 159
640 144
637 131
622 132
625 144
628 174
507 122
522 125
537 125
551 130
477 122
492 125
447 122
462 125
432 122
392 110
412 143
397 150
382 143
374 150
328 124
245 182
237 182
241 227
256 242
271 247
286 249
301 252
189 269
206 344
193 350
183 350
184 335
204 359
193 365
281 352
267 360
281 367
266 330
251 315
236 309
221 307
211 292
204 278
204 263
196 284
219 277
226 292
241 294
286 293
279 279
279 264
294 282
302 328
302 343
307 357
303 370
306 382
303 397
320 344
335 343
350 343
365 339
380 333
395 321
403 316
391 303
406 301
399 287
384 283
413 290
414 275
409 335
402 350
389 351
375 359
360 361
381 373
390 366
368 376
353 387
345 376
345 362
333 382
330 368
353 402
413 353
405 365
409 374
417 338
432 338
441 323
432 308
447 339
454 352
443 357
443 372
432 373
455 384
467 384
443 387
455 399
443 403
430 402
428 388
469 354
462 339
477 339
492 339
507 339
522 339
525 353
514 354
516 369
504 369
490 369
471 369
483 382
494 384
501 389
514 389
528 386
542 389
557 386
549 373
523 401
514 404
499 404
484 403
472 399
537 354
552 350
537 339
538 325
552 320
552 335
538 311
552 305
552 290
537 296
522 296
519 285
508 277
493 267
493 281
508 262
507 301
522 305
520 320
505 321
490 321
475 321
460 321
462 306
447 301
443 286
433 271
429 254
429 239
443 256
444 241
457 252
463 239
460 224
475 224
490 224
505 224
520 224
523 234
508 243
523 249
538 249
553 241
553 226
539 221
538 206
523 205
508 205
493 205
478 205
463 205
448 205
433 209
428 195
433 186
428 171
441 171
418 209
405 208
398 195
397 180
382 175
367 169
367 184
352 184
337 184
322 183
322 168
337 166
352 167
383 190
409 173
413 194
427 224
442 224
448 190
469 190
470 175
467 160
458 160
447 156
442 142
430 143
432 156
457 145
471 147
482 142
497 142
512 142
523 143
516 157
505 157
493 157
528 158
542 159
549 145
548 172
557 159
477 161
484 190
492 175
499 190
513 175
514 190
538 191
538 234
553 211
553 196
538 263
537 275
523 270
552 271
553 256
493 239
478 239
486 249
472 254
463 267
478 268
478 280
478 291
430 293
462 296
448 271
463 283
477 306
492 306
499 354
484 354
428 353
426 323
350 328
365 324
380 318
376 303
361 309
361 294
320 329
335 328
346 313
331 313
346 298
331 298
309 282
294 267
339 278
354 279
339 263
331 248
346 248
361 249
369 264
354 264
