9267
334 270
334 271
335 270
336 270
337 269
338 268
339 267
340 266
340 265
340 264
340 263
340 262
340 261
340 260
340 259
340 258
341 257
342 256
343 255
344 254
345 253
346 253
347 252
348 251
349 250
350 249
351 248
352 247
353 246
354 246
355 246
356 245
357 244
358 243
359 242
360 241
361 240
362 239
362 238
362 237
362 236
362 235
362 234
362 233
363 232
364 231
365 230
365 229
365 228
365 227
365 226
365 225
365 224
365 223
365 222
366 221
367 220
368 219
369 218
370 217
370 216
370 215
371 214
372 213
373 212
374 211
375 210
375 209
374 209
373 209
372 209
371 209
370 209
369 209
368 208
367 207
366 206
365 205
364 204
363 203
362 202
362 201
362 200
361 199
360 198
359 197
358 196
357 195
356 195
355 195
354 195
353 195
352 194
351 193
350 192
349 191
348 190
347 189
346 188
345 187
345 186
345 185
345 184
345 183
345 182
345 181
345 180
345 179
344 178
343 177
343 176
342 175
341 174
340 173
339 172
338 171
337 170
336 169
335 168
334 167
333 166
332 165
331 164
330 163
329 162
342 178
341 179
340 180
339 180
338 180
337 180
336 180
335 180
334 180
333 180
332 180
331 180
330 180
329 180
358 194
359 193
360 192
361 191
362 190
363 189
364 188
365 187
366 186
367 185
361 203
360 203
359 203
358 203
357 203
356 203
355 203
354 203
353 203
352 203
351 203
350 203
349 203
348 202
347 201
346 200
345 201
344 202
343 203
342 203
341 203
340 203
339 203
338 203
337 203
336 203
335 203
334 203
334 204
334 205
334 206
334 207
334 208
334 209
334 210
334 211
334 212
353 204
352 205
351 206
351 207
351 208
351 209
351 210
351 211
351 212
351 213
351 214
376 209
376 208
376 207
376 206
376 205
376 204
376 203
376 202
376 201
377 200
378 199
379 198
380 197
381 196
382 195
383 194
384 193
385 192
386 192
387 192
388 192
389 192
390 192
391 192
392 192
393 191
394 190
395 190
396 190
397 189
398 188
399 187
400 186
401 185
402 184
403 183
404 182
405 182
405 181
405 183
405 184
405 185
405 186
405 187
405 188
405 189
405 190
377 210
378 211
379 212
380 213
381 213
382 213
383 213
384 213
371 218
372 219
373 220
374 221
375 222
376 223
377 223
378 223
379 223
380 223
363 240
364 241
365 242
366 243
367 244
368 245
369 246
370 247
371 248
372 249
373 250
374 251
374 252
375 252
376 252
377 252
378 252
379 251
380 250
381 249
382 248
383 247
384 246
384 245
384 244
384 243
384 242
384 241
384 240
384 239
384 238
384 237
384 236
385 236
386 236
387 236
388 236
389 236
390 236
391 236
392 236
393 235
394 234
385 247
386 248
387 249
388 250
389 251
390 252
391 252
392 252
393 253
394 254
395 255
396 255
397 255
398 255
399 255
400 255
401 255
402 255
403 254
404 253
405 252
406 251
407 250
408 249
409 248
410 248
411 248
412 248
413 248
414 248
415 248
416 248
417 248
418 248
419 248
420 248
421 247
422 246
423 245
424 244
425 244
426 244
427 244
428 243
429 242
430 241
431 240
432 239
433 238
434 237
435 237
435 236
434 236
433 236
432 236
431 236
430 236
429 235
428 234
427 233
426 232
425 231
424 230
423 229
423 228
422 228
421 228
420 228
419 228
418 227
417 226
416 225
415 224
414 223
413 222
412 221
411 220
410 219
424 228
425 228
426 227
427 226
428 225
429 224
430 223
431 222
432 221
433 220
434 221
435 221
436 221
437 221
438 221
439 221
440 221
441 221
442 221
435 238
435 239
435 240
435 241
435 242
435 243
435 244
435 245
410 249
411 250
412 251
413 252
414 253
415 254
415 255
415 256
415 257
415 258
415 259
415 260
373 253
373 254
373 255
373 256
373 257
373 258
373 259
373 260
372 261
371 262
370 263
369 264
368 265
367 266
366 267
365 268
364 269
363 270
362 271
362 272
362 273
362 274
362 275
362 276
362 277
362 278
362 279
362 280
374 261
375 262
376 263
377 264
378 265
379 265
380 265
381 265
382 265
383 265
384 265
385 266
386 267
387 268
388 269
389 270
390 271
391 272
392 272
393 272
394 272
395 273
396 274
397 275
397 276
397 277
397 278
397 279
397 280
398 281
399 282
400 283
401 283
402 283
403 283
404 283
405 283
406 283
407 283
408 284
408 285
408 286
408 287
408 288
408 289
408 290
408 291
408 292
408 293
408 294
407 295
406 296
405 297
404 298
403 299
402 300
402 301
402 302
402 303
402 304
402 305
402 306
402 307
403 308
404 309
405 310
406 311
407 312
408 313
409 314
410 315
410 316
410 317
411 318
412 319
413 320
414 321
415 321
416 321
415 322
414 323
413 324
412 325
412 326
412 327
412 328
412 329
412 330
412 331
412 332
412 333
412 334
411 335
410 335
409 335
408 335
407 335
406 335
405 335
404 335
403 335
402 335
401 335
400 335
399 335
398 335
397 335
396 334
395 333
394 332
393 331
392 330
391 329
390 329
389 329
388 329
387 329
386 329
385 329
384 329
383 329
382 329
381 329
380 330
379 331
378 332
377 333
376 334
375 335
374 336
373 336
372 336
371 336
370 336
369 337
368 338
367 339
366 340
365 341
364 342
363 343
362 344
361 344
360 344
359 345
358 346
357 347
356 348
355 349
354 350
353 351
352 352
351 353
350 354
349 355
348 356
347 356
346 357
345 358
344 359
344 360
344 361
344 362
344 363
344 364
344 365
343 366
342 367
341 368
341 369
341 370
341 371
341 372
341 373
341 374
341 375
341 376
341 377
341 378
348 357
349 358
350 359
351 360
352 361
353 362
354 363
355 364
356 365
357 366
358 367
359 368
360 369
360 370
360 371
361 371
362 371
363 371
364 370
365 369
366 368
367 367
368 366
369 366
370 366
371 366
372 366
373 366
374 366
375 366
376 366
377 365
377 364
377 363
377 362
377 361
377 360
377 359
377 358
377 357
377 356
376 355
378 366
379 367
380 367
381 367
382 367
383 367
384 367
385 367
386 367
387 367
388 367
389 367
390 367
391 367
392 367
393 367
394 367
395 367
396 367
397 366
398 365
399 366
400 367
401 368
402 369
403 370
404 371
405 372
406 373
407 374
408 375
409 376
410 377
411 378
412 379
413 379
417 322
418 323
419 324
420 325
421 325
422 325
423 325
424 325
425 325
426 325
426 324
426 323
426 322
426 321
426 320
427 319
428 318
429 317
430 317
431 317
432 317
433 317
434 317
435 317
436 317
437 317
438 317
439 317
440 317
441 317
442 317
443 316
429 316
429 315
429 314
429 313
428 312
427 311
426 310
425 309
424 308
424 307
424 306
424 305
424 304
424 303
424 302
424 301
424 300
424 299
424 298
425 297
426 296
427 295
428 294
429 293
430 292
430 291
430 290
430 289
430 288
430 287
430 286
430 285
430 284
430 283
430 282
430 281
431 280
432 280
433 280
434 280
435 280
436 279
437 278
438 277
439 276
440 275
441 274
441 273
440 273
439 273
438 272
437 271
436 270
435 269
434 268
433 267
442 273
443 273
444 273
445 273
446 272
447 271
448 270
449 269
450 268
451 267
452 266
453 265
454 264
455 263
455 262
455 261
455 260
455 259
455 258
456 257
457 257
458 257
459 257
460 257
461 257
462 257
463 257
464 257
465 257
466 257
467 257
468 257
469 257
470 257
471 257
472 257
473 257
474 257
475 257
476 256
477 255
478 256
479 257
480 258
481 258
480 259
480 260
480 261
481 262
482 263
483 264
484 265
485 266
486 267
487 268
488 269
489 270
490 271
491 272
492 273
493 274
494 274
495 274
482 257
483 256
484 255
485 254
486 254
487 254
488 254
489 253
490 252
491 251
492 250
493 249
494 248
495 247
496 246
497 245
486 255
487 256
488 257
488 258
488 259
485 253
485 252
485 251
485 250
485 249
485 248
484 247
483 246
482 245
456 256
456 255
455 254
454 253
453 252
453 251
453 250
453 249
453 248
453 247
453 246
454 245
455 244
456 243
457 242
458 241
459 241
460 241
461 240
462 239
463 238
464 237
465 236
466 235
467 234
467 233
467 232
467 231
467 230
467 229
466 228
465 227
464 226
464 225
463 225
465 225
466 225
467 225
468 225
469 225
470 224
471 223
472 222
473 221
473 220
473 219
473 218
473 217
473 216
473 215
473 214
473 213
473 212
473 211
473 210
474 209
475 208
476 207
476 206
476 205
476 204
475 203
474 202
473 201
472 200
471 199
470 198
470 197
470 196
470 195
469 194
468 193
467 192
466 191
465 190
464 189
463 188
462 187
461 186
460 185
459 185
458 185
457 185
456 185
455 185
454 185
453 185
452 184
451 183
451 182
451 181
452 180
453 179
454 178
455 177
456 176
457 175
458 174
459 173
460 172
461 171
462 170
463 169
463 168
462 168
461 168
460 168
459 168
458 167
457 166
456 165
455 164
464 168
474 222
475 223
476 223
477 223
478 223
479 223
480 223
481 223
482 223
483 223
484 223
485 223
486 223
487 223
488 223
489 223
490 223
491 223
492 223
493 223
494 223
495 222
496 221
497 220
498 219
499 218
499 217
499 216
499 215
499 214
499 213
499 212
499 211
499 210
498 209
443 274
444 275
445 276
446 277
447 278
448 279
448 280
448 281
448 282
448 283
448 284
447 285
447 286
447 287
447 288
447 289
447 290
447 291
447 292
427 326
428 327
429 328
430 329
431 330
432 331
433 332
434 333
435 334
436 335
437 335
438 335
437 336
436 337
436 338
436 339
436 340
436 341
436 342
436 343
436 344
436 345
436 346
436 347
436 348
436 349
353 245
353 244
353 243
352 242
351 241
350 240
349 239
348 238
347 237
346 236
345 235
344 234
343 233
342 232
341 233
340 234
339 235
338 236
337 236
336 236
335 236
334 236
333 236
332 236
331 236
330 236
329 236
328 235
327 234
326 233
325 232
324 231
323 230
322 229
322 228
322 227
322 226
322 225
322 224
322 223
322 222
322 221
322 220
322 219
321 218
320 217
319 216
318 215
317 214
317 213
317 212
317 211
317 210
317 209
317 208
317 207
316 206
315 205
314 204
313 203
312 202
311 201
310 201
309 201
308 201
307 201
306 201
305 201
304 200
303 199
302 198
302 197
301 197
300 198
299 199
298 200
298 201
298 202
298 203
298 204
298 205
298 206
297 206
296 205
295 204
294 203
293 202
292 201
291 200
290 199
289 198
289 197
289 196
289 195
289 194
289 193
289 192
289 191
289 190
289 189
288 188
288 199
287 200
286 201
285 202
284 203
283 204
283 205
283 206
298 207
298 208
303 196
304 195
305 194
306 193
307 192
308 191
309 190
309 189
309 188
309 187
308 186
307 185
306 184
305 183
304 182
303 182
302 182
301 182
300 182
299 182
298 181
297 180
296 179
295 178
294 177
293 176
292 176
291 176
290 176
289 176
288 176
287 175
286 174
285 173
284 172
283 171
282 170
281 169
280 168
279 167
278 166
277 165
276 164
275 163
274 162
273 161
273 160
272 159
271 158
270 157
269 156
268 155
267 154
266 153
265 152
265 151
264 151
263 152
262 153
261 154
260 155
259 156
258 157
257 158
256 159
255 159
254 159
253 159
252 159
251 159
251 158
250 157
249 156
248 155
247 154
246 153
245 152
244 151
243 150
242 149
241 148
240 147
239 146
238 145
237 144
236 144
235 144
234 144
233 144
232 144
231 144
230 143
229 142
228 141
227 140
226 139
237 143
238 142
239 141
240 140
241 139
242 138
243 137
244 136
244 135
243 135
242 134
241 133
240 132
239 131
238 130
237 129
236 128
235 127
234 126
233 125
232 124
231 123
230 123
229 123
228 123
227 123
226 123
225 123
224 123
223 123
222 123
221 123
220 122
219 121
218 120
217 119
216 118
216 117
216 116
216 115
216 114
216 113
216 112
216 111
216 110
215 109
214 110
213 111
212 112
211 113
210 114
209 115
208 116
207 117
206 118
205 119
204 119
204 118
204 117
204 116
204 115
204 114
204 113
203 112
202 111
201 110
200 109
199 108
198 107
197 106
196 105
195 104
194 105
193 105
192 105
191 105
190 105
189 105
188 105
187 105
186 105
204 120
203 121
202 122
201 123
200 124
199 125
198 125
197 125
196 125
195 125
194 125
193 125
192 125
191 126
190 127
189 128
188 129
187 130
186 131
185 132
184 133
183 134
182 135
181 136
180 137
179 137
178 137
177 137
176 137
175 137
174 137
173 137
172 137
171 137
170 137
169 137
168 137
167 137
166 137
165 137
164 137
163 137
162 138
161 139
160 140
159 141
158 142
157 143
156 144
155 145
154 146
153 147
153 148
153 149
153 150
153 151
153 152
152 153
151 154
150 155
150 156
150 157
150 158
150 159
150 160
150 161
150 162
150 163
150 164
150 165
149 165
148 165
147 165
146 165
145 165
144 165
143 165
142 165
141 165
140 164
139 163
138 162
138 161
138 160
138 159
138 158
138 157
138 156
137 155
136 154
135 153
134 152
133 151
132 150
131 149
137 163
136 164
135 165
134 166
133 167
132 168
131 169
130 170
129 171
128 172
127 173
127 174
126 175
125 176
124 177
123 178
122 179
121 180
120 180
119 180
118 180
117 180
116 180
115 180
114 180
113 180
112 180
111 179
110 178
109 177
108 176
107 175
107 174
106 174
106 173
106 172
106 171
106 170
106 169
106 168
105 167
104 166
103 165
102 164
101 163
100 162
99 161
98 160
97 159
96 158
95 157
94 156
94 155
94 154
94 153
93 152
92 151
91 150
90 149
89 148
89 147
88 146
87 145
86 144
85 143
84 142
83 141
82 140
81 139
80 138
79 137
78 136
77 136
76 136
75 136
74 136
73 136
72 136
71 136
70 136
69 136
68 136
67 135
66 134
65 135
64 136
63 137
62 138
61 139
60 140
59 141
58 142
57 143
56 144
55 145
54 145
53 145
52 145
51 146
50 147
49 148
48 149
47 150
46 151
45 152
44 153
43 154
43 155
43 156
43 157
43 158
42 159
42 160
42 161
42 162
42 163
42 164
42 165
42 166
44 159
45 160
46 161
47 162
48 162
49 162
50 162
51 162
52 162
53 162
54 162
55 162
56 162
57 162
58 162
59 162
60 162
61 162
62 162
63 162
64 161
65 161
66 161
67 161
68 161
69 161
70 161
71 161
72 160
73 159
74 160
75 161
76 162
77 163
78 164
79 165
80 166
81 167
82 168
83 169
84 170
85 171
86 172
87 173
87 174
87 175
87 176
58 163
59 164
60 165
61 166
62 167
62 168
62 169
62 170
62 171
62 172
61 173
60 174
59 175
58 176
57 177
57 178
57 179
57 180
57 181
57 182
57 183
57 184
57 185
57 186
57 187
57 188
57 189
58 190
58 191
58 192
58 193
57 194
56 195
55 196
54 197
53 198
52 199
51 200
50 201
49 201
48 201
47 201
46 202
45 203
44 204
43 205
42 206
41 207
40 208
39 209
38 210
37 211
36 212
35 213
34 214
33 214
32 214
32 213
32 212
32 211
31 210
30 209
29 208
28 207
27 206
26 205
25 204
24 203
24 202
24 201
24 200
24 199
24 198
24 197
24 196
25 195
25 194
24 194
23 194
22 193
21 192
20 191
19 190
19 189
19 188
19 187
19 186
19 185
19 184
19 183
19 182
19 181
20 180
21 179
22 178
23 177
24 176
26 194
27 194
28 194
29 194
30 194
31 193
31 192
32 191
33 190
34 189
35 188
36 187
37 186
38 185
39 184
40 183
23 204
22 205
21 206
20 207
19 208
18 209
17 210
16 211
16 212
31 215
30 216
29 217
28 218
27 219
27 220
27 221
27 222
48 202
49 203
49 204
49 205
49 206
49 207
49 208
49 209
59 194
60 195
61 196
62 197
63 198
64 199
65 200
66 201
67 202
67 203
67 204
67 205
67 206
68 207
69 207
70 207
71 207
72 207
73 207
74 207
75 207
76 207
77 207
78 207
79 207
78 135
79 134
80 133
108 174
109 174
110 174
111 174
112 173
113 172
114 171
113 181
112 182
111 183
110 184
109 185
108 186
107 187
106 188
105 189
105 190
105 191
105 192
105 193
105 194
105 195
106 196
107 197
108 198
109 199
110 200
111 201
112 202
112 203
113 203
114 203
115 203
116 203
117 203
118 203
119 203
120 203
121 203
122 202
123 201
124 200
125 201
126 202
127 203
128 204
129 205
130 206
131 207
132 208
133 209
133 210
113 204
114 205
114 206
114 207
114 208
114 209
114 210
114 211
114 212
114 213
114 214
114 215
113 216
113 217
113 218
113 219
113 220
113 221
113 222
113 223
113 224
113 225
112 225
111 225
110 224
109 223
108 222
107 221
106 220
105 219
104 218
103 217
102 216
112 226
111 227
110 228
109 229
109 230
109 231
109 232
109 233
109 234
110 235
111 236
112 237
113 238
113 239
113 240
113 241
113 242
113 243
113 244
113 245
113 246
113 247
113 248
113 249
113 250
113 251
114 226
115 227
116 228
117 229
118 230
119 230
120 230
121 230
122 231
123 232
124 233
125 234
126 235
127 236
128 237
129 238
130 238
131 238
131 237
131 236
131 235
131 234
131 233
131 232
131 231
132 230
133 229
134 228
135 227
136 226
137 227
138 228
139 229
140 230
141 231
142 232
143 233
144 234
145 235
146 235
147 235
148 235
149 235
150 235
151 235
152 235
153 235
154 235
130 239
130 240
130 241
130 242
130 243
130 244
130 245
130 246
130 247
130 248
130 249
130 250
130 251
130 252
130 253
130 254
131 255
132 256
133 257
134 258
135 259
136 260
137 261
138 262
139 263
140 264
140 265
140 266
140 267
140 268
140 269
140 270
141 270
142 270
143 270
144 270
145 270
146 270
147 269
148 268
149 267
150 266
150 265
150 264
150 263
150 262
150 261
150 260
150 259
150 258
150 257
150 256
151 255
151 267
152 268
153 269
154 270
155 271
155 272
155 273
155 274
155 275
155 276
155 277
154 278
153 279
152 280
151 281
150 282
149 283
148 284
147 285
146 286
145 286
144 286
143 286
144 287
145 288
146 289
147 290
148 291
149 292
150 293
151 294
152 295
152 296
152 297
152 298
152 299
152 300
152 301
153 301
154 301
153 302
154 303
155 304
156 305
157 306
158 307
159 308
159 309
158 310
157 311
156 312
156 313
156 314
156 315
156 316
156 317
156 318
156 319
156 320
160 310
161 311
162 312
163 312
164 312
165 312
166 312
167 312
168 313
169 314
170 315
171 316
172 317
173 318
174 319
175 319
175 318
175 317
175 316
176 315
177 314
178 313
179 312
180 311
181 310
175 320
175 321
174 322
173 323
172 324
171 325
170 326
169 327
168 328
167 329
167 330
168 331
169 332
170 333
171 334
172 335
173 336
174 337
175 338
176 338
177 338
178 338
179 338
180 338
181 338
182 338
183 338
184 338
185 338
186 338
187 338
175 339
174 340
173 341
172 342
171 343
170 344
169 345
168 346
167 346
166 346
165 346
166 347
167 348
168 349
169 350
170 351
171 352
172 353
173 354
174 355
175 356
176 357
177 357
178 357
179 357
180 357
181 357
182 357
183 357
184 357
185 356
186 355
187 354
176 358
175 359
174 360
173 361
172 362
171 363
170 364
170 365
170 366
169 367
168 368
167 369
166 370
165 371
164 372
163 373
162 374
161 375
160 375
160 374
160 373
160 372
160 371
160 370
160 369
159 368
158 367
157 366
156 365
155 364
154 363
160 376
160 377
159 378
158 379
157 380
156 381
155 382
154 382
153 382
152 382
151 383
150 384
149 385
148 386
147 387
146 388
145 389
144 390
143 390
142 390
141 390
140 390
140 389
140 388
139 387
138 386
137 385
136 384
135 383
134 382
133 381
132 380
131 379
130 378
129 377
129 376
129 375
129 374
129 373
130 372
131 371
132 370
133 369
134 368
135 367
136 366
137 365
128 378
127 379
126 380
125 381
124 382
123 383
122 384
122 385
122 386
122 387
122 388
122 389
121 390
120 391
119 391
118 391
117 391
116 391
115 391
114 391
115 392
116 393
117 394
118 395
119 396
120 397
121 398
122 399
123 400
124 401
125 402
126 403
127 404
128 405
129 406
129 407
129 408
129 409
129 410
129 411
129 412
130 413
130 414
130 415
130 416
130 417
130 418
130 419
130 420
130 421
130 422
130 423
130 424
130 425
131 425
132 425
133 425
134 425
135 425
136 425
137 425
138 425
139 425
140 425
141 424
142 423
143 423
144 422
145 421
146 420
147 419
148 418
129 426
128 427
127 428
126 429
125 430
124 431
123 432
122 433
121 434
121 435
121 436
121 437
121 438
121 439
121 440
121 441
121 442
120 443
119 444
118 445
117 446
116 446
115 446
114 446
113 446
112 445
111 444
110 443
109 442
108 441
107 440
106 439
105 438
104 437
103 436
103 435
103 434
103 433
103 432
103 431
103 430
103 429
103 428
103 427
103 426
103 425
103 424
104 423
105 422
106 421
121 383
120 382
119 381
118 380
117 379
117 378
117 377
117 376
117 375
117 374
116 373
115 372
114 372
113 372
112 372
111 371
110 370
109 369
108 368
107 367
106 366
105 366
104 366
103 366
102 365
101 364
100 363
99 362
98 361
97 361
96 361
95 361
94 361
93 360
92 359
91 358
90 357
89 356
88 355
87 354
86 353
85 352
84 351
84 350
84 349
84 348
84 347
84 346
84 345
84 344
84 343
83 342
82 341
81 340
80 339
79 338
78 337
77 336
76 335
83 352
82 353
81 354
80 355
79 356
78 357
77 358
76 359
75 360
74 361
73 361
72 361
71 361
70 361
69 361
68 360
67 359
66 358
65 357
64 356
63 355
62 354
61 353
60 352
60 351
60 350
60 349
60 348
60 347
60 346
60 345
60 344
60 343
60 342
60 341
60 340
59 339
59 338
59 337
58 336
57 335
56 334
55 333
54 332
53 331
52 330
51 329
50 328
49 327
48 326
47 325
46 324
45 323
44 322
43 321
42 320
41 319
59 353
58 354
57 355
56 356
55 356
54 356
53 356
52 356
51 355
50 354
49 353
48 352
47 351
46 350
45 351
44 352
43 353
42 354
41 355
40 356
39 357
38 357
37 357
36 357
35 357
34 357
33 357
32 357
31 357
30 357
29 357
28 357
27 357
26 357
25 357
24 356
24 355
24 354
24 353
24 352
24 351
24 350
24 349
24 348
24 347
24 346
24 345
24 344
24 343
24 342
24 341
25 340
25 339
24 339
23 339
22 339
21 339
20 339
19 339
18 339
17 339
16 338
16 337
16 336
16 335
16 334
16 333
16 332
16 331
16 330
16 329
16 328
16 327
16 326
16 325
16 324
16 323
16 322
17 321
18 320
19 319
26 339
23 357
22 358
21 359
20 360
19 360
18 360
17 360
16 360
15 360
14 360
15 361
16 362
17 363
18 364
19 365
20 366
20 367
53 357
54 358
55 359
56 360
56 361
56 362
56 363
56 364
56 365
55 366
55 367
55 368
55 369
55 370
55 371
55 372
55 373
55 374
54 375
53 375
52 375
51 375
50 375
49 376
48 377
47 378
46 379
45 380
44 381
43 382
42 383
41 384
40 385
39 386
38 386
37 386
36 386
35 386
34 386
33 386
56 375
57 376
58 377
59 378
60 379
61 380
61 381
60 382
59 383
58 384
57 385
56 386
55 387
54 388
53 389
53 390
53 391
53 392
62 382
63 383
64 384
65 385
66 386
67 387
68 388
69 389
70 389
71 389
71 390
71 391
71 392
71 393
71 394
71 395
71 396
71 397
72 398
73 399
74 399
75 399
76 399
77 399
78 399
79 399
80 399
81 399
82 399
83 399
84 398
85 397
86 396
87 395
88 394
89 393
90 392
91 391
70 362
71 363
72 364
73 365
74 366
75 367
76 367
77 367
105 367
104 368
103 369
102 370
102 371
102 372
102 373
102 374
102 375
107 365
108 364
109 363
110 362
111 361
112 360
113 359
114 358
115 357
116 356
141 391
142 392
143 393
144 394
145 395
146 396
147 397
148 398
149 398
150 398
161 378
162 379
163 380
164 381
165 382
166 383
167 384
168 385
168 386
167 387
166 388
165 389
165 390
165 391
165 392
165 393
165 394
165 395
165 396
166 396
165 397
165 398
165 399
165 400
165 401
165 402
165 403
165 404
165 405
164 406
163 407
162 408
161 409
161 410
161 411
161 412
161 413
161 414
162 415
163 416
164 417
165 418
166 419
167 419
168 419
169 419
170 419
171 419
172 419
173 419
172 420
171 421
170 422
169 423
168 424
167 425
166 426
165 427
164 428
163 429
162 430
161 430
160 431
159 432
158 433
157 434
156 435
155 436
154 437
154 438
154 439
154 440
153 441
152 441
151 441
150 441
149 441
148 441
147 441
146 441
145 441
144 441
174 420
175 421
176 422
177 423
178 424
179 424
180 424
181 424
182 424
183 424
184 424
185 424
186 424
187 424
188 424
189 424
190 424
191 424
192 424
193 424
194 424
195 423
196 422
197 421
198 420
199 420
200 420
199 421
200 422
200 423
200 424
200 425
200 426
200 427
200 428
200 429
200 430
200 431
200 432
200 433
200 434
200 435
200 436
200 437
200 438
200 439
200 440
201 419
202 418
203 417
204 416
205 415
206 414
207 415
208 416
209 417
210 418
211 419
212 420
213 420
213 419
214 418
215 417
216 416
217 415
218 415
219 415
220 415
221 415
222 415
223 415
224 415
225 415
226 416
227 417
228 418
229 419
230 420
231 421
232 422
233 423
234 423
235 423
236 424
237 424
238 424
239 424
240 424
241 424
242 424
243 424
244 424
245 425
246 426
247 427
248 428
249 429
250 430
251 431
252 432
253 433
254 434
255 435
256 436
257 437
258 438
258 439
258 440
258 441
259 441
260 441
261 441
262 441
263 441
264 441
265 441
266 441
267 441
268 441
269 441
270 440
271 439
272 440
273 440
274 440
275 440
276 440
277 440
278 440
279 440
280 440
281 440
282 440
283 440
284 440
285 440
286 440
287 440
288 440
217 414
217 413
217 412
217 411
217 410
217 409
217 408
217 407
217 406
213 421
213 422
213 423
214 424
215 425
216 426
217 427
218 428
218 429
218 430
218 431
218 432
218 433
218 434
218 435
218 436
218 437
218 438
218 439
218 440
183 425
182 426
181 427
180 428
179 429
178 430
177 431
176 432
176 433
177 433
178 433
179 433
180 433
181 433
182 433
183 433
184 433
167 397
168 398
169 399
170 400
171 401
172 402
173 403
174 404
175 405
176 405
177 405
178 405
179 405
180 405
181 405
182 405
183 404
184 403
185 402
186 401
187 400
171 367
172 368
173 369
174 370
175 371
176 372
177 372
178 372
179 372
180 372
181 372
182 373
183 374
184 374
185 374
186 374
185 375
184 376
183 377
182 378
182 379
182 380
187 375
188 376
189 377
190 378
191 379
192 380
193 381
194 382
195 383
196 384
197 385
198 385
199 385
200 385
201 385
202 385
203 385
204 385
205 384
206 383
207 382
208 381
209 381
209 382
210 382
211 382
212 382
213 382
214 382
215 382
216 382
217 382
218 382
219 382
220 382
221 382
222 381
223 380
224 379
225 378
226 377
227 378
228 379
229 380
230 381
231 381
232 381
233 381
234 381
235 381
234 382
233 383
232 384
231 385
230 386
229 387
228 387
227 387
236 382
237 383
238 384
239 385
239 386
239 387
239 388
239 389
239 390
210 380
211 379
212 378
213 377
214 376
215 375
216 374
217 373
155 300
156 299
157 298
158 297
159 296
160 295
161 296
162 297
163 297
164 297
165 297
166 297
167 297
168 297
169 297
169 296
169 295
170 294
171 293
172 292
173 291
174 290
175 289
176 288
151 302
150 303
149 304
148 305
147 306
146 307
145 308
144 309
143 310
143 311
143 312
143 313
143 314
142 314
141 314
140 314
139 314
138 314
137 314
136 314
135 314
134 313
133 312
132 311
131 310
130 309
129 308
128 308
127 308
126 308
125 308
124 308
123 308
122 308
121 307
120 306
119 305
118 304
117 303
116 302
115 301
114 300
113 301
112 302
111 303
110 304
109 305
108 305
107 305
106 305
105 305
104 305
103 305
102 306
101 307
100 308
99 309
98 310
97 311
96 312
95 313
94 314
93 315
92 316
92 317
92 318
92 319
91 319
90 319
89 318
88 317
87 316
86 315
85 314
84 313
115 299
116 298
117 297
118 296
119 295
120 294
121 293
122 292
123 291
122 290
121 289
120 288
119 287
118 286
117 285
116 284
115 283
114 282
113 281
113 280
113 279
113 278
112 277
111 276
110 275
109 274
108 273
107 272
107 271
106 271
108 271
109 271
110 271
111 271
112 271
113 271
114 271
115 271
112 282
111 283
110 284
109 284
108 284
107 284
106 284
105 284
104 284
103 284
102 284
101 283
100 282
99 281
98 280
97 279
96 278
95 277
94 276
93 275
92 274
91 273
91 272
91 271
91 270
91 269
91 268
91 267
90 266
89 265
88 264
87 263
86 262
85 261
84 261
83 261
82 260
81 259
80 258
79 257
78 256
77 255
77 254
76 254
75 254
74 254
73 253
72 252
71 251
70 250
69 249
68 248
67 247
66 247
65 247
64 246
63 245
62 244
61 243
60 242
59 241
58 240
57 239
56 238
55 237
55 236
54 236
56 236
57 236
58 236
59 236
60 236
61 236
62 235
63 234
64 233
65 232
66 231
67 230
66 248
65 249
64 250
63 251
62 252
61 252
60 252
59 252
78 254
79 254
80 254
81 254
82 253
83 252
84 251
85 250
86 249
87 248
88 247
84 262
83 263
82 264
81 265
80 266
79 267
78 267
77 267
76 267
75 268
74 269
73 270
72 271
71 272
70 273
70 274
70 275
70 276
70 277
71 277
72 277
73 277
74 277
71 278
72 279
73 280
74 281
75 282
76 283
77 284
77 285
77 286
77 287
77 288
77 289
77 290
77 291
76 292
75 293
74 294
73 295
72 296
71 297
70 298
69 299
68 300
67 301
66 302
65 302
65 301
65 300
65 299
64 298
63 297
62 296
61 295
60 294
65 303
65 304
65 305
65 306
128 309
127 310
126 311
125 312
124 313
123 314
122 315
121 315
142 315
141 316
140 317
139 318
138 319
137 320
136 321
136 322
136 323
136 324
136 325
136 326
136 327
135 328
134 329
134 330
134 331
134 332
134 333
134 334
134 335
134 336
135 336
136 336
137 336
138 336
139 336
140 336
141 336
142 336
143 337
144 338
145 339
146 340
147 341
148 342
149 343
150 344
150 345
133 337
132 338
131 339
130 340
129 341
128 341
127 341
126 341
125 341
124 341
123 341
122 341
122 340
122 339
122 338
121 337
120 336
119 335
118 334
117 333
116 332
115 333
114 334
113 335
112 336
111 337
110 338
109 339
108 340
107 341
106 342
105 342
104 342
128 175
128 176
128 177
128 178
128 179
128 180
128 181
128 182
128 183
129 183
130 183
131 183
132 183
133 183
134 182
135 181
136 180
137 179
151 166
152 166
153 166
154 166
155 166
156 166
157 166
158 166
159 166
160 166
161 166
152 146
151 145
150 144
149 143
148 142
147 141
146 140
146 139
146 138
145 137
144 136
143 135
142 134
141 133
140 132
139 131
138 130
137 129
136 128
135 127
134 126
133 125
133 124
134 123
135 122
136 121
137 120
138 119
139 119
140 119
141 118
142 117
143 116
144 115
145 114
146 113
147 112
148 111
137 118
136 117
135 116
134 115
133 114
132 113
132 112
132 111
132 110
132 109
132 108
132 107
132 106
132 105
131 104
130 103
129 102
128 101
127 100
126 99
125 98
124 97
123 96
131 114
130 114
129 114
128 114
127 114
126 114
125 114
124 114
123 114
122 114
121 114
120 114
119 114
118 114
117 115
116 115
115 115
114 115
113 115
112 115
111 115
110 115
109 115
108 115
107 115
106 115
105 115
104 115
132 126
131 127
130 128
129 129
128 130
128 131
128 132
128 133
127 133
126 133
125 133
124 133
123 133
122 133
121 133
120 133
119 133
118 132
173 136
173 135
173 134
173 133
173 132
173 131
173 130
172 129
171 128
170 127
169 126
169 125
168 125
168 124
168 123
168 122
168 121
168 120
168 119
168 118
168 117
167 116
166 115
166 114
166 113
166 112
166 111
166 110
167 109
168 108
169 107
170 125
171 125
172 125
173 125
174 125
175 125
176 124
177 123
178 122
174 138
175 139
176 140
176 141
176 142
176 143
176 144
176 145
176 146
177 147
178 148
179 149
180 150
180 151
180 152
180 153
180 154
180 155
180 156
180 157
180 158
180 159
183 136
184 137
185 138
186 139
187 140
188 141
189 142
189 143
189 144
190 145
191 146
192 147
193 148
194 148
195 148
196 148
197 148
198 148
199 148
200 148
201 147
202 146
203 145
204 144
205 143
206 142
207 141
208 140
209 139
231 122
231 121
231 120
231 119
231 118
232 117
233 116
234 115
244 134
244 133
244 132
244 131
244 130
245 129
246 128
247 127
248 126
248 125
248 124
248 123
249 122
250 121
251 120
252 119
253 118
254 117
255 116
256 115
257 114
258 113
259 112
260 112
261 112
262 112
263 112
264 112
265 112
266 112
267 112
268 111
269 110
270 109
271 108
272 107
273 106
274 105
275 104
276 103
277 102
260 113
261 114
262 115
263 116
264 117
265 118
265 119
265 120
266 120
267 120
268 120
269 120
270 120
271 120
272 120
273 120
274 120
275 120
276 120
277 120
259 111
259 110
259 109
259 108
259 107
258 106
257 105
256 104
255 103
254 102
250 160
249 161
248 161
247 161
246 161
245 161
244 161
243 161
242 162
241 163
240 164
239 165
238 166
237 166
236 166
235 166
234 166
233 166
232 166
231 166
230 166
229 166
228 165
227 164
226 163
225 162
224 161
223 160
222 159
221 158
220 157
219 156
266 150
267 149
268 148
269 147
270 146
271 145
272 144
273 143
274 142
275 141
293 175
293 174
293 173
293 172
293 171
293 170
293 169
293 168
293 167
293 166
293 165
293 164
294 164
295 164
296 164
297 163
298 162
299 161
300 160
301 159
302 158
303 157
304 156
305 155
306 154
307 153
307 152
307 151
306 150
305 149
304 148
303 147
302 146
301 145
300 144
299 143
299 142
299 141
299 140
299 139
299 138
298 137
297 136
297 135
296 135
298 135
299 134
300 133
301 132
302 131
303 130
304 129
304 128
303 128
302 128
301 127
300 126
299 125
298 124
297 123
297 122
297 121
297 120
297 119
297 118
297 117
297 116
297 115
297 114
297 113
297 112
298 111
305 128
306 128
307 128
306 129
307 130
308 131
309 132
310 133
311 134
312 135
313 136
314 136
315 136
308 127
309 126
310 125
311 124
312 123
313 122
314 121
315 120
316 119
317 119
318 119
319 119
320 119
321 119
322 119
323 118
324 117
324 116
324 115
324 114
324 113
324 112
324 111
323 110
322 109
321 108
320 108
319 108
318 107
317 106
316 105
315 104
314 103
313 102
312 101
311 100
310 99
310 98
310 97
310 96
311 95
312 94
313 93
314 92
315 91
316 90
316 89
316 88
316 87
316 86
316 85
316 84
316 83
315 82
314 81
313 80
312 79
311 80
310 81
309 81
308 81
307 81
306 81
305 81
304 81
303 81
302 81
301 81
300 81
299 81
298 81
297 81
296 81
295 80
294 79
293 78
292 77
291 76
290 75
289 74
288 73
288 72
288 71
288 70
288 69
288 68
288 67
288 66
288 65
288 64
288 63
288 62
288 61
287 61
287 60
286 59
285 58
284 57
283 56
282 55
281 54
280 53
280 52
280 51
280 50
280 49
281 48
282 47
283 47
284 47
285 46
286 45
289 61
290 61
291 61
292 61
293 61
294 60
295 59
296 58
297 57
298 56
299 55
300 55
301 55
302 55
303 55
304 55
305 55
306 54
307 53
308 52
309 53
310 54
311 55
312 56
313 57
314 58
315 58
316 58
317 58
318 58
318 57
318 56
318 55
318 54
318 53
318 52
318 51
318 50
318 49
319 48
320 47
317 59
316 60
315 61
314 62
313 63
312 64
312 65
312 66
311 66
310 66
309 66
308 66
307 66
306 66
305 66
304 66
303 65
319 59
320 60
321 61
322 61
323 61
324 61
325 61
326 61
327 61
328 61
317 120
318 121
319 122
320 123
321 124
322 125
323 126
324 127
325 128
326 129
327 130
328 130
329 131
329 132
329 133
329 134
329 135
330 136
331 137
332 138
333 139
334 140
335 141
335 142
335 143
335 144
336 145
337 146
338 147
339 148
340 149
341 150
342 151
343 152
344 153
345 153
346 153
347 153
348 153
349 153
350 152
351 151
352 150
353 149
354 148
355 147
356 146
357 145
358 144
359 143
360 142
361 142
362 141
363 140
364 139
365 138
366 137
367 136
368 135
369 134
370 133
371 132
372 131
373 130
374 129
375 128
376 128
377 128
378 128
379 128
380 128
381 128
382 127
383 126
384 125
385 124
386 123
387 122
388 122
388 123
389 124
390 125
391 126
392 127
393 128
394 129
395 129
396 129
397 129
398 129
399 129
400 129
401 129
402 129
403 129
402 130
401 131
400 132
399 133
398 134
397 135
396 136
395 137
394 138
393 139
392 140
392 141
392 142
392 143
393 144
394 145
395 146
396 147
397 148
398 149
399 150
400 150
401 150
402 150
403 150
404 150
405 150
406 150
407 150
408 150
409 150
410 150
411 150
412 150
413 149
414 148
415 147
389 121
390 120
391 119
392 118
393 117
394 116
395 115
396 114
397 113
398 112
398 111
397 111
396 111
395 111
394 111
393 111
392 111
391 111
390 110
389 109
388 108
399 111
400 111
401 111
402 111
403 111
404 111
405 110
406 109
407 108
408 107
409 106
410 105
411 104
412 103
412 102
412 101
412 100
412 99
412 98
412 97
412 96
412 95
412 94
412 93
412 92
412 91
411 90
410 89
409 88
409 87
408 87
407 87
406 87
405 86
404 85
403 84
402 83
401 82
400 81
400 80
400 79
400 78
400 77
400 76
400 75
400 74
400 73
400 72
400 71
400 70
400 69
400 68
400 67
399 67
398 67
397 67
396 66
395 65
394 64
393 63
392 62
391 61
391 60
392 59
393 58
394 57
395 56
396 55
397 54
398 53
399 52
400 51
401 51
402 51
403 51
404 51
405 51
406 51
407 51
408 51
409 50
410 49
411 48
412 47
390 62
389 63
388 64
387 65
386 66
385 67
384 68
383 68
382 68
381 68
380 68
379 68
378 68
377 68
376 68
376 67
376 66
376 65
376 64
376 63
376 62
376 61
375 60
374 59
373 58
373 57
373 56
373 55
373 54
373 53
373 52
373 51
372 50
371 49
370 48
369 47
368 46
367 45
366 44
366 43
365 43
364 44
363 45
362 46
361 47
360 48
359 49
358 50
357 51
357 52
357 53
357 54
356 54
355 54
354 54
353 54
352 54
351 54
350 53
349 52
348 51
348 50
348 49
348 48
348 47
349 46
350 45
351 44
352 43
352 42
351 42
350 42
349 42
348 42
347 42
346 41
345 40
344 39
343 38
342 37
341 36
340 35
339 35
338 35
337 35
336 34
335 33
334 32
333 31
332 30
331 29
330 28
329 27
353 42
367 43
368 43
369 42
370 41
371 40
372 39
373 38
374 37
375 36
375 35
374 35
373 35
372 34
371 33
370 32
369 31
369 30
368 30
367 30
366 30
365 30
364 30
363 29
362 28
361 27
360 26
360 25
360 24
359 23
358 23
357 23
356 23
355 23
354 22
353 21
352 20
351 19
350 18
370 30
371 30
372 29
373 28
374 27
375 26
376 25
376 35
375 69
374 70
373 71
372 72
372 73
372 74
372 75
372 76
372 77
372 78
372 79
372 80
372 81
372 82
372 83
371 84
370 85
369 86
368 87
367 88
366 89
365 90
364 91
363 92
362 93
361 94
360 95
359 96
358 97
358 98
358 99
358 100
358 101
357 101
356 101
355 101
354 101
353 101
352 101
351 100
350 99
349 98
348 97
347 96
346 95
345 94
344 93
343 92
342 91
341 90
340 89
340 88
339 87
338 86
337 85
410 87
411 87
412 87
413 87
414 87
415 86
416 85
417 84
418 83
419 82
419 81
419 80
419 79
419 78
419 77
418 76
417 75
416 74
415 73
414 72
413 104
414 105
415 106
416 107
417 108
418 108
419 108
420 108
421 108
422 108
423 109
423 110
423 111
423 112
423 113
423 114
423 115
423 116
424 116
425 116
426 116
427 116
428 115
429 114
430 113
431 112
432 111
433 110
434 109
435 108
436 107
437 108
438 109
439 109
440 109
441 109
442 109
443 109
444 109
445 109
446 109
447 109
448 109
449 109
450 109
451 109
452 108
453 107
454 106
455 105
456 104
457 105
458 106
459 107
460 108
461 109
462 110
463 111
464 112
465 113
466 113
467 113
468 113
469 113
470 113
471 113
472 112
473 111
474 110
475 109
476 108
477 107
478 106
479 105
480 104
481 103
482 102
483 101
468 114
467 115
466 116
465 117
464 118
463 119
462 120
461 121
460 122
459 123
458 124
457 125
456 126
455 127
455 128
456 129
457 130
458 131
459 132
460 133
461 134
462 135
463 136
464 137
465 138
466 138
467 138
468 138
469 138
469 139
469 140
469 141
469 142
469 143
469 144
469 145
469 146
470 147
471 148
472 149
473 150
474 151
475 152
476 153
477 154
478 155
479 156
480 157
481 157
482 157
483 158
484 159
485 160
486 161
487 162
488 163
489 164
490 165
491 166
492 167
493 168
494 168
495 168
496 168
497 168
498 168
499 168
500 168
501 168
502 168
503 168
504 168
505 168
506 168
506 169
507 170
508 171
509 172
510 173
511 174
512 174
513 174
514 174
513 175
512 176
511 177
510 178
509 179
508 180
507 181
506 182
505 183
504 184
504 185
504 186
503 186
502 186
501 186
500 186
499 186
498 186
497 186
496 186
495 186
494 186
493 185
492 184
491 183
490 182
515 175
516 176
517 177
518 178
519 179
520 180
521 181
522 181
523 181
524 181
525 181
526 181
527 181
528 181
529 180
530 179
531 180
531 181
531 182
531 183
531 184
531 185
531 186
531 187
532 187
533 187
534 187
535 187
536 187
537 187
538 187
539 186
540 185
541 184
542 183
543 182
544 182
545 182
544 181
544 180
544 179
544 178
544 177
544 176
544 175
544 174
544 173
545 172
546 171
547 170
547 169
546 169
545 169
544 168
543 167
542 166
541 165
541 164
540 164
542 163
543 162
544 161
545 160
546 159
547 158
548 157
549 156
550 155
551 154
552 153
553 152
553 151
552 150
551 149
550 148
549 147
548 146
548 145
548 144
548 143
548 142
547 141
546 140
545 139
544 138
543 137
542 136
541 135
540 134
539 133
539 132
538 132
537 133
536 134
535 135
534 136
533 137
532 138
531 139
530 140
529 141
528 142
527 143
527 144
527 145
540 132
541 132
542 132
543 132
544 132
545 132
546 132
547 131
548 130
548 129
548 128
548 127
548 126
547 126
546 125
545 124
544 123
543 122
542 121
541 120
541 119
541 118
540 117
539 116
538 115
537 114
536 113
535 112
534 111
533 110
532 109
531 108
530 107
529 106
528 105
527 106
526 107
525 108
524 109
523 110
522 111
521 112
520 113
519 114
518 114
517 114
517 113
517 112
517 111
517 110
517 109
516 108
515 107
514 106
516 115
515 116
514 117
513 118
512 119
511 120
511 121
511 122
511 123
511 124
511 125
510 126
509 126
508 126
507 126
506 126
505 126
504 126
503 126
502 126
501 126
500 126
499 126
498 126
497 126
496 125
495 124
494 123
494 122
494 121
495 120
496 119
497 118
498 117
499 116
500 115
501 114
493 124
492 125
491 126
490 127
489 128
488 129
487 130
486 131
486 132
486 133
486 134
486 135
548 125
548 124
549 123
550 122
551 121
552 120
553 119
554 118
555 118
556 118
557 118
558 118
559 118
560 118
561 118
562 117
563 116
563 115
563 114
563 113
563 112
563 111
563 110
563 109
563 108
563 107
563 106
563 105
563 104
563 103
564 102
565 103
566 104
567 105
568 106
569 107
570 108
571 109
572 110
573 111
574 112
575 113
576 114
577 115
578 115
578 114
578 113
578 112
578 111
578 110
578 109
578 108
578 107
578 106
578 105
578 104
578 103
579 102
580 101
581 100
582 99
583 100
584 101
585 102
586 102
587 102
588 102
589 102
590 102
591 102
592 102
593 102
594 102
595 102
596 102
579 116
580 117
581 118
582 119
583 120
584 121
585 122
586 122
554 153
555 153
556 153
557 153
558 153
559 153
560 153
561 153
562 153
563 153
564 153
565 153
566 153
567 153
568 153
569 152
570 151
571 150
572 149
573 148
574 148
575 148
576 148
577 148
578 148
579 148
580 148
581 148
582 148
583 148
584 148
585 148
586 148
587 147
588 146
589 145
590 144
591 143
592 142
560 154
561 155
562 156
563 157
564 158
565 159
566 160
567 161
568 162
569 163
570 163
571 163
572 163
573 163
574 163
575 163
576 163
577 163
578 163
579 163
580 163
581 163
582 163
583 163
584 163
585 163
586 163
587 163
588 163
589 163
590 162
591 163
592 164
593 165
594 166
595 167
596 168
597 168
598 168
599 168
600 168
601 168
602 168
603 168
604 167
605 166
606 165
607 164
608 163
609 163
610 163
611 163
612 163
613 163
614 163
615 163
616 162
617 161
617 160
617 159
617 158
617 157
617 156
617 155
617 154
617 153
617 152
617 151
617 150
618 149
619 148
620 147
620 146
620 145
620 144
620 143
620 142
620 141
620 140
620 139
619 138
618 137
618 136
617 136
619 136
620 136
621 136
622 135
623 134
624 133
625 132
626 131
627 130
628 129
629 128
630 127
631 126
632 125
618 162
619 163
620 164
621 165
622 165
623 165
624 165
625 165
626 165
627 165
628 165
629 165
630 165
631 165
632 165
632 164
632 163
632 162
632 161
632 160
632 159
632 158
632 157
632 156
633 155
634 154
635 153
636 152
637 151
638 151
639 150
640 149
641 148
642 147
643 146
644 145
645 144
646 143
600 169
599 170
598 171
597 172
597 173
597 174
597 175
597 176
572 164
571 165
570 166
570 167
570 168
548 169
544 183
544 184
544 185
544 186
544 187
544 188
544 189
543 190
543 191
543 192
543 193
543 194
543 195
543 196
543 197
543 198
543 199
543 200
544 201
545 202
546 203
547 204
548 204
549 204
550 204
551 204
552 204
553 204
554 204
555 205
556 206
557 207
558 208
559 209
560 210
561 211
562 212
563 213
564 214
565 215
566 216
567 217
568 218
569 218
570 218
569 219
568 220
567 220
566 220
565 220
564 220
563 220
562 220
561 220
560 220
559 220
558 221
557 222
556 223
555 224
554 225
553 225
552 225
551 225
550 225
549 225
548 225
547 225
546 225
545 225
544 225
543 225
542 225
541 225
540 224
539 223
538 222
537 222
536 222
535 222
534 222
533 222
532 221
531 220
530 219
529 218
528 217
527 216
526 215
525 214
524 213
523 212
522 211
521 210
520 209
519 208
537 223
536 224
535 225
534 226
533 227
532 228
531 229
530 230
529 231
528 232
527 233
526 234
525 235
524 235
523 235
524 236
525 237
526 238
527 239
528 240
529 241
530 242
531 243
532 243
531 244
530 245
529 246
528 247
527 248
526 249
525 249
524 249
523 249
533 244
534 245
535 246
536 247
537 248
538 249
539 250
540 251
541 252
542 253
543 254
544 255
545 256
546 257
545 258
544 259
543 259
542 259
541 259
540 259
539 259
538 259
539 260
540 261
541 262
542 263
543 264
544 265
545 266
546 267
546 268
546 269
547 270
548 271
549 272
550 273
550 274
550 275
550 276
550 277
550 278
550 279
549 279
548 279
547 279
546 279
545 279
544 279
543 279
542 279
541 280
540 281
539 281
538 281
537 281
536 281
535 281
534 281
533 281
532 281
531 281
531 280
531 279
531 278
531 277
531 276
530 275
529 274
528 273
527 272
527 271
527 270
527 269
527 268
527 267
527 266
527 265
526 264
525 263
526 273
525 274
524 275
523 276
522 277
521 277
520 277
519 277
518 277
517 277
516 277
515 277
514 277
513 277
512 278
512 279
512 280
512 281
512 282
512 283
512 284
512 285
512 286
512 287
512 288
512 289
512 290
512 291
511 292
510 293
509 294
508 295
507 296
506 297
505 298
504 299
504 300
504 301
504 302
505 303
506 304
507 305
507 306
507 307
507 308
507 309
507 310
506 311
505 312
504 313
503 313
502 313
501 313
500 313
499 313
498 314
497 315
496 316
495 317
494 318
493 318
492 318
491 318
490 318
489 318
490 319
491 320
492 321
493 322
494 323
495 324
496 325
497 326
498 326
499 326
500 326
499 327
498 328
497 329
496 330
495 331
494 332
493 333
492 334
491 335
490 336
489 337
488 338
487 338
486 338
485 338
484 338
484 337
484 336
484 335
484 334
483 333
482 332
481 331
480 330
479 329
478 328
477 327
476 327
475 327
474 327
473 327
472 327
471 327
470 327
469 326
469 325
469 324
470 323
471 322
472 321
473 320
474 319
475 318
475 317
476 317
474 316
473 315
472 314
471 313
470 312
469 311
469 310
468 310
468 309
468 308
468 307
468 306
468 305
468 304
468 303
468 302
468 301
468 300
468 299
468 298
468 297
468 296
468 295
468 294
467 293
466 292
466 291
466 290
466 289
466 288
466 287
466 286
466 285
466 284
466 283
465 282
465 281
464 281
466 281
467 281
468 281
469 281
470 281
471 281
472 281
473 281
474 281
475 280
476 279
477 278
478 277
470 309
471 308
472 307
473 306
474 305
475 304
476 303
477 302
478 301
479 300
483 339
482 340
481 341
480 342
479 343
478 344
477 345
476 346
475 347
474 348
473 349
472 350
471 351
471 352
471 353
471 354
471 355
470 355
469 355
468 355
467 355
466 355
465 355
464 354
463 353
463 352
462 351
461 350
460 349
459 348
458 347
457 346
456 345
455 344
454 343
470 356
469 357
468 358
467 359
466 360
465 361
465 362
465 363
464 364
463 365
462 366
461 367
460 368
459 369
458 370
457 370
456 370
455 370
454 370
453 370
452 370
451 371
450 372
449 373
448 374
447 375
446 376
445 377
444 378
443 379
442 380
441 380
440 380
439 380
438 380
437 380
436 380
435 380
466 364
467 365
468 365
469 365
470 365
471 365
472 365
473 365
472 366
471 367
470 368
469 369
468 370
467 371
466 372
466 373
465 374
464 375
463 376
462 377
461 378
460 379
459 380
459 381
459 382
459 383
459 384
459 385
459 386
459 387
459 388
459 389
467 374
468 375
469 376
470 377
471 378
472 379
473 380
474 381
475 382
476 383
477 383
478 383
479 383
474 366
475 366
476 366
477 366
478 366
479 366
480 366
481 366
482 366
483 366
484 366
485 366
486 366
487 366
488 366
489 365
490 365
491 365
492 365
493 365
494 365
495 365
496 365
497 365
498 364
499 363
500 363
501 363
502 363
503 363
504 363
505 363
506 363
507 363
508 363
509 364
510 365
511 366
512 367
513 368
514 369
515 370
516 371
517 371
517 370
517 369
517 368
517 367
517 366
517 365
518 364
519 363
520 362
490 366
491 367
492 368
493 369
494 370
495 371
496 372
497 373
498 374
499 375
500 376
501 376
501 377
501 378
501 379
501 380
501 381
501 382
501 383
501 384
501 385
501 386
501 387
501 388
501 389
501 390
500 391
499 392
498 393
497 394
497 395
497 396
497 397
497 398
497 399
497 400
497 401
497 402
497 403
497 404
496 405
495 406
494 407
493 408
492 409
491 410
490 411
489 412
488 413
488 414
488 415
487 412
486 411
485 410
484 409
483 408
482 407
481 406
480 405
479 406
478 407
477 408
476 409
475 410
474 411
473 412
472 413
472 414
471 415
470 416
469 417
468 417
467 417
466 417
465 417
464 417
465 418
466 419
467 420
468 421
469 422
470 423
470 424
470 425
470 426
470 427
470 428
470 429
469 430
468 431
467 432
466 433
465 434
464 435
463 436
462 437
461 438
460 438
459 438
458 438
457 438
456 438
455 437
454 436
453 435
452 434
451 433
450 432
449 431
448 430
447 429
446 428
445 427
444 426
443 425
442 424
441 424
440 424
439 424
438 424
437 424
436 424
435 424
434 424
441 425
440 426
439 427
438 428
438 429
438 430
438 431
438 432
438 433
438 434
438 435
438 436
438 437
438 438
438 439
438 440
438 441
438 442
438 443
438 444
442 423
442 422
442 421
442 420
441 419
440 418
439 417
438 416
437 415
436 414
435 413
434 412
433 411
432 410
432 409
432 408
431 407
430 406
429 405
428 404
427 404
426 404
425 404
424 404
423 403
422 402
421 401
420 400
419 399
431 411
430 412
429 413
428 414
427 415
426 416
425 417
424 418
423 419
422 420
421 421
420 421
419 422
418 422
417 422
416 422
415 422
414 422
413 422
412 422
413 423
414 424
415 425
415 426
415 427
415 428
415 429
415 430
415 431
415 432
415 433
415 434
414 435
413 436
412 437
411 438
410 439
409 440
408 441
407 442
406 443
405 443
404 443
403 443
402 443
401 442
400 441
399 440
398 439
397 438
396 437
395 437
394 437
393 437
392 437
391 437
390 437
389 437
388 437
387 436
386 435
386 434
386 433
387 433
386 432
386 431
386 430
386 429
386 428
385 427
384 426
383 425
382 424
381 425
380 426
379 427
378 428
377 428
376 428
375 428
374 428
373 428
372 428
371 428
370 428
369 429
368 430
367 431
366 432
365 433
364 434
363 435
362 436
361 436
360 435
359 434
358 433
357 432
356 431
355 430
354 429
353 428
352 428
351 428
350 428
349 427
348 426
347 425
346 424
345 423
344 422
343 421
342 420
341 419
340 418
339 417
339 416
339 415
339 414
339 413
339 412
339 411
338 410
337 409
336 408
335 407
334 406
333 405
332 404
331 403
330 402
329 401
329 400
328 399
327 398
326 397
325 396
324 395
323 394
322 393
321 392
320 391
319 390
318 389
317 390
316 391
315 392
314 393
313 394
312 395
311 396
310 397
309 397
309 396
309 395
309 394
309 393
309 392
308 391
307 390
306 389
305 388
305 387
305 386
305 385
305 384
305 383
305 382
305 381
305 380
305 379
305 378
305 377
305 376
304 375
303 374
302 373
309 398
308 399
307 400
306 401
305 402
304 403
304 404
304 405
303 406
302 407
301 408
300 409
299 410
298 411
297 412
296 413
295 414
294 415
293 416
292 417
291 418
290 419
338 418
337 419
337 420
337 421
337 422
337 423
337 424
337 425
336 425
335 425
334 425
333 425
332 425
331 425
330 425
329 425
328 425
327 424
326 423
325 422
324 421
323 420
322 419
321 418
320 419
319 420
318 421
318 422
318 423
318 424
318 425
318 426
318 427
318 428
318 429
318 430
318 431
318 432
318 433
318 434
318 435
353 427
353 426
353 425
353 424
353 423
354 422
355 421
356 420
357 420
358 420
359 420
360 420
361 420
362 420
363 419
364 418
365 417
366 416
367 415
367 414
367 413
367 412
367 411
367 410
367 409
367 408
368 407
369 407
370 407
371 407
372 407
373 407
374 407
375 407
376 407
377 407
378 406
377 405
376 404
375 403
374 402
373 401
372 400
371 399
370 398
369 397
368 396
367 395
366 394
365 395
364 396
363 397
362 398
361 399
360 400
359 400
358 400
357 400
356 400
355 400
354 400
353 400
352 400
360 437
359 438
358 439
357 440
356 441
355 442
354 443
353 443
352 443
351 443
350 443
349 443
348 444
347 445
346 446
345 447
344 448
343 449
343 450
343 451
343 452
350 444
351 445
352 446
353 447
354 448
355 449
356 450
357 451
358 452
358 453
358 454
358 455
358 456
358 457
358 458
357 459
356 460
355 461
354 462
353 463
352 464
351 465
350 466
350 467
350 468
350 469
349 470
349 471
349 472
349 473
349 474
349 475
349 476
349 477
349 478
349 479
348 480
347 481
346 482
345 483
344 484
343 485
343 486
343 487
343 488
343 489
343 490
343 491
342 491
341 491
340 491
339 490
338 489
337 488
336 487
335 486
335 485
335 484
335 483
335 482
335 481
334 480
333 479
332 478
331 477
330 476
329 475
329 474
329 473
329 472
329 471
329 470
328 469
327 468
326 467
325 466
324 465
323 464
322 463
321 462
320 461
319 460
328 476
327 477
326 478
325 478
324 478
323 478
322 478
321 478
320 478
319 478
318 478
317 478
316 479
315 480
314 481
313 482
312 483
311 484
310 485
309 486
308 487
307 487
307 486
307 485
307 484
306 483
305 482
304 481
303 480
302 479
301 478
300 477
299 476
298 475
297 474
296 475
295 475
294 475
293 475
292 475
291 475
290 475
289 475
288 475
289 476
290 477
290 478
290 479
290 480
290 481
290 482
290 483
290 484
290 485
307 488
307 489
307 490
306 491
305 492
304 493
303 494
302 495
301 496
300 497
299 498
298 499
297 500
296 501
295 502
294 503
293 503
292 503
291 503
290 503
342 492
341 493
340 494
339 495
338 496
337 497
336 498
335 499
334 500
333 501
332 501
331 501
344 492
345 493
346 494
347 494
348 494
349 494
350 494
351 494
352 494
353 495
353 496
353 497
353 498
353 499
353 500
353 501
353 502
353 503
353 504
353 505
354 505
355 505
356 505
357 505
358 505
359 505
360 505
361 505
362 505
363 505
364 505
365 505
366 505
367 505
368 505
369 505
370 505
371 505
372 505
373 505
374 505
375 505
376 505
377 505
378 504
378 503
378 502
378 501
378 500
378 499
378 498
379 497
380 496
353 506
353 507
353 508
353 509
353 510
353 511
353 512
353 513
353 514
353 515
353 516
353 517
353 518
353 519
353 520
353 521
353 522
353 523
351 470
352 471
353 472
354 473
355 474
356 475
357 476
358 477
359 478
360 478
361 478
362 478
363 478
363 477
363 476
363 475
364 474
365 473
366 472
367 471
368 470
369 469
370 468
371 467
372 466
373 465
374 466
375 467
376 468
377 469
378 470
379 471
380 472
380 473
381 474
382 475
383 476
384 477
385 478
386 478
387 478
387 479
388 480
389 481
390 482
391 483
392 484
393 485
394 485
395 485
396 485
397 486
398 487
399 488
400 489
401 490
402 491
403 492
404 493
405 494
406 495
407 496
408 497
409 498
410 499
411 500
412 501
413 501
413 500
413 499
413 498
413 497
413 496
413 495
413 494
413 493
413 492
413 491
413 490
413 489
414 488
415 487
416 486
416 485
416 484
416 483
416 482
416 481
416 480
416 479
416 478
416 477
417 476
418 475
419 474
420 473
421 472
413 502
413 503
413 504
388 477
389 476
390 475
391 474
392 473
393 472
393 471
393 470
393 469
393 468
393 467
393 466
393 465
394 464
395 463
396 462
397 461
398 460
399 459
388 432
389 431
390 430
391 429
392 428
393 427
394 426
395 425
396 424
397 423
398 422
398 421
398 420
398 419
398 418
398 417
398 416
398 415
397 414
396 413
395 412
394 411
393 410
392 409
471 430
472 431
473 432
474 433
474 434
474 435
474 436
474 437
475 437
474 438
476 436
477 435
478 434
479 433
480 432
481 431
482 430
483 431
484 432
485 433
486 434
487 434
488 434
489 434
490 434
491 434
492 434
493 434
494 434
495 434
496 434
497 434
498 434
499 434
500 434
501 433
501 432
501 431
501 430
502 429
503 428
504 427
505 426
506 425
507 424
508 423
509 423
510 423
511 423
512 423
513 423
514 423
515 423
516 423
517 423
509 424
510 425
511 426
512 427
513 428
514 429
515 430
516 431
517 432
518 433
519 433
520 433
521 433
522 433
523 433
524 433
525 432
526 431
527 430
528 429
529 428
530 427
531 426
532 425
533 425
534 425
535 425
536 425
537 425
538 425
539 425
540 425
541 424
542 423
542 422
542 421
542 420
542 419
542 418
542 417
542 416
543 415
544 414
545 413
545 412
544 412
543 412
542 412
541 412
540 411
539 410
538 409
537 408
536 407
535 406
546 412
547 413
548 414
549 415
550 416
551 416
552 416
553 416
554 416
555 416
556 416
557 416
558 416
533 426
534 427
535 428
536 429
537 430
538 431
539 432
540 433
541 434
542 435
543 436
544 436
545 436
546 436
547 436
548 436
549 435
550 434
551 433
552 432
553 431
554 430
555 429
556 428
545 437
546 438
547 439
548 440
549 441
550 442
551 443
552 443
553 443
554 443
555 443
517 434
517 435
517 436
517 437
517 438
517 439
517 440
517 441
517 442
477 347
478 348
479 349
480 350
481 351
482 351
483 351
484 351
485 351
494 334
495 335
496 336
497 337
498 338
499 339
500 340
501 341
502 342
503 343
504 343
505 343
506 343
507 343
508 343
509 343
510 343
511 343
512 343
513 343
514 343
515 343
516 343
517 343
518 343
519 343
520 343
521 343
522 343
523 343
524 343
525 343
526 342
527 341
528 340
529 339
530 338
530 337
529 337
528 337
527 337
526 337
525 336
524 335
523 334
522 333
521 332
520 331
519 330
518 329
517 328
516 327
531 337
532 338
533 339
534 340
535 341
536 342
537 343
538 344
539 345
540 346
540 347
540 348
540 349
532 282
533 283
534 284
535 285
536 286
537 287
538 288
539 289
540 290
541 291
540 292
539 293
538 294
537 294
536 294
535 294
534 294
533 294
534 295
535 296
536 297
537 298
538 299
539 300
540 301
541 302
542 303
543 304
543 305
543 306
543 307
544 307
545 307
546 307
547 307
548 307
549 307
550 307
551 307
552 307
553 307
554 307
555 308
556 309
557 310
558 311
559 312
560 313
561 314
562 315
563 315
564 315
565 315
566 315
567 315
568 315
568 314
568 313
568 312
568 311
568 310
568 309
568 308
569 307
570 306
571 305
572 304
573 303
574 302
575 301
576 302
577 303
578 304
579 304
580 304
581 304
582 304
583 304
584 304
585 305
586 306
587 307
588 308
589 309
590 310
591 311
591 312
591 313
592 313
593 313
594 313
595 313
596 313
597 313
598 313
599 313
600 312
601 311
602 311
603 311
604 311
605 311
606 311
607 311
608 311
609 310
610 309
611 308
612 307
613 306
614 305
615 304
616 303
617 302
618 301
619 301
620 301
621 301
622 301
623 301
624 300
625 299
626 298
627 297
628 296
629 295
630 294
619 302
620 303
621 304
622 305
623 306
624 307
625 308
626 309
626 310
626 311
626 312
627 313
628 313
629 313
630 313
631 313
632 313
633 313
634 313
635 313
636 313
637 313
638 313
639 313
640 313
641 313
642 313
643 313
601 310
601 309
601 308
601 307
601 306
601 305
601 304
600 303
600 302
599 301
598 300
597 299
596 298
595 297
594 296
593 295
592 294
591 293
590 292
590 291
590 290
590 289
590 288
590 287
590 286
590 285
590 284
590 283
590 282
589 281
589 280
589 279
589 278
589 277
589 276
589 275
588 274
587 273
586 272
585 271
584 270
583 269
582 268
581 267
580 266
580 265
579 265
581 265
582 265
583 265
584 265
585 265
586 265
587 264
588 263
589 262
590 261
591 260
592 259
593 259
594 259
595 259
596 259
597 259
598 259
599 259
600 259
601 259
602 259
603 258
604 257
605 256
606 255
607 254
607 253
607 252
607 251
607 250
607 249
607 248
607 247
607 246
607 245
608 244
609 243
610 243
611 243
612 243
613 243
614 243
615 243
616 243
617 243
618 243
619 243
620 243
621 243
622 243
623 243
624 242
625 242
626 242
627 242
628 242
629 242
630 242
631 242
632 241
633 240
634 239
635 239
636 239
637 239
638 239
639 239
640 239
641 239
642 239
643 238
644 237
645 236
634 238
634 237
633 236
632 235
631 234
630 233
629 232
628 231
627 230
626 229
625 228
625 227
625 226
625 225
625 224
625 223
625 222
625 221
625 220
625 219
625 218
625 217
625 216
625 215
626 214
626 213
626 212
626 211
626 210
626 209
626 208
626 207
626 206
626 205
626 204
626 203
626 202
626 201
626 200
626 199
625 198
625 197
625 196
625 195
625 194
625 193
625 192
624 191
623 190
625 243
626 244
626 245
626 246
626 247
626 248
626 249
626 250
626 251
626 252
626 253
626 254
625 255
624 256
623 257
623 258
623 259
623 260
623 261
623 262
623 263
623 264
623 265
623 266
623 267
623 268
622 269
621 270
620 271
619 272
618 273
617 274
616 275
615 276
614 276
613 276
624 269
625 270
626 271
627 272
628 273
629 274
630 275
631 276
632 276
633 276
634 276
635 276
636 276
637 276
638 276
639 276
640 276
609 242
609 241
609 240
609 239
609 238
608 237
607 236
606 235
605 234
605 233
605 232
605 231
605 230
605 229
605 228
606 227
606 226
605 226
604 225
603 224
602 223
601 222
600 221
599 220
598 219
597 218
596 217
595 216
594 215
593 214
592 213
591 212
590 211
590 210
590 209
591 208
592 207
593 206
594 205
595 204
595 203
594 203
593 203
592 202
591 201
590 200
589 199
588 198
587 198
586 198
585 198
584 198
583 198
582 198
581 198
580 198
579 198
578 198
577 198
576 198
596 203
607 226
592 314
593 315
593 316
593 317
593 318
593 319
593 320
593 321
593 322
593 323
593 324
593 325
593 326
593 327
594 328
595 329
596 330
597 331
598 332
599 333
600 334
601 335
601 336
602 337
603 338
604 339
605 340
605 341
605 342
605 343
605 344
605 345
605 346
605 347
605 348
606 348
607 348
608 348
609 348
610 348
611 348
612 348
613 347
614 346
615 345
616 346
617 346
618 346
619 346
620 346
621 346
622 346
623 346
624 346
625 347
626 348
627 349
628 350
629 351
630 352
631 352
632 352
633 352
634 352
633 353
632 354
631 355
630 356
629 357
628 358
627 359
626 360
625 361
624 362
623 363
622 364
621 365
622 366
623 367
624 368
624 369
624 370
624 371
624 372
624 373
624 374
624 375
624 376
624 377
624 378
623 379
622 380
621 381
620 382
619 383
618 384
617 385
616 386
615 387
614 387
613 387
612 388
611 389
610 390
609 391
608 392
607 393
606 394
605 395
604 396
603 397
603 398
603 399
603 400
603 401
603 402
603 403
602 403
601 403
600 403
599 403
598 403
597 402
596 401
595 400
594 399
593 398
592 397
591 396
590 395
589 394
589 393
589 392
588 392
587 391
586 390
585 389
584 388
583 387
582 386
581 385
580 384
579 383
578 382
577 381
577 380
577 379
577 378
577 377
577 376
577 375
577 374
577 373
577 372
577 371
577 370
577 369
577 368
576 382
575 383
574 384
573 385
572 386
571 387
570 388
569 389
568 389
568 388
568 387
567 386
566 385
565 384
564 384
563 384
562 384
561 384
560 383
559 382
558 381
557 380
556 379
555 378
554 377
553 376
552 375
551 374
550 373
549 372
548 371
547 371
546 371
545 371
544 371
543 371
542 371
541 371
540 370
539 369
538 368
568 390
568 391
568 392
567 392
566 392
565 392
564 392
563 392
562 392
561 392
560 392
569 393
570 394
571 395
572 396
573 396
574 396
575 397
576 398
577 399
578 400
579 401
580 402
581 403
582 404
583 405
584 406
585 407
586 408
587 409
586 410
585 411
584 412
583 413
582 413
581 413
580 413
579 413
578 413
577 413
578 414
579 415
580 416
581 417
582 418
583 419
584 420
584 421
585 421
586 421
587 421
588 421
589 421
590 421
591 421
592 420
583 422
582 423
581 424
580 425
579 426
578 426
577 426
576 426
576 427
576 428
576 429
576 430
576 431
576 432
576 433
576 434
576 435
576 436
577 437
578 438
579 439
580 440
581 441
582 442
583 443
584 443
585 443
586 443
587 443
588 443
589 443
590 442
591 441
592 440
593 439
594 438
595 437
596 438
597 439
598 440
599 440
600 440
601 440
602 440
603 440
604 440
605 440
606 440
607 440
608 440
609 440
610 440
589 391
589 390
589 389
590 388
591 387
592 386
593 385
594 384
595 383
596 382
625 379
626 380
627 381
628 382
629 383
630 384
631 385
632 386
633 387
634 388
635 389
636 390
637 391
638 392
639 392
639 391
639 390
639 389
639 388
639 387
639 386
639 385
639 384
639 383
639 382
640 381
641 380
642 379
643 378
639 393
638 394
637 395
636 396
635 397
634 398
633 398
632 398
631 398
630 398
629 398
628 399
627 400
626 401
625 402
624 403
624 404
624 405
624 406
624 407
624 408
624 409
640 394
641 395
642 396
643 397
644 398
645 399
646 400
647 401
647 402
647 403
647 404
604 349
603 350
602 351
601 352
600 353
599 354
598 355
597 356
597 357
597 358
597 359
597 360
597 361
597 362
569 316
569 317
569 318
569 319
569 320
569 321
569 322
569 323
569 324
569 325
569 326
569 327
569 328
569 329
568 330
567 331
567 332
567 333
567 334
567 335
567 336
567 337
567 338
567 339
567 340
567 341
567 342
567 343
567 344
567 345
567 346
544 308
545 309
546 310
547 311
548 312
549 313
550 314
551 315
551 316
551 317
551 318
551 319
542 308
541 309
540 310
539 311
538 312
537 313
537 314
537 315
537 316
537 317
537 318
537 319
547 226
548 227
549 228
550 229
551 230
552 231
552 232
552 233
552 234
552 235
552 236
552 237
552 238
571 219
572 220
573 221
574 222
575 223
576 224
576 225
576 226
576 227
576 228
576 229
576 230
576 231
576 232
576 233
546 183
547 184
548 185
549 186
550 187
551 188
552 188
553 188
554 188
507 167
508 166
509 165
510 164
511 163
512 162
513 161
514 160
514 159
514 158
513 157
512 156
511 155
510 154
509 153
508 152
507 151
424 117
425 118
426 119
427 120
428 121
429 122
430 123
431 124
432 125
433 125
434 125
435 125
436 125
437 125
436 126
435 127
435 128
435 129
435 130
435 131
435 132
435 133
435 134
435 135
436 136
437 137
438 138
439 139
440 140
441 141
442 142
443 143
444 144
443 145
442 146
441 147
440 148
439 149
438 150
437 151
436 152
435 153
434 154
433 155
433 156
433 157
433 158
433 159
433 160
433 161
433 162
433 163
433 164
433 165
433 166
433 167
433 168
433 169
433 170
433 171
433 172
433 173
433 174
433 175
433 176
433 177
433 178
433 179
432 180
431 181
430 182
429 183
428 184
427 185
426 186
425 187
424 188
423 189
423 190
423 191
423 192
424 193
425 194
425 195
425 196
425 197
425 198
425 199
425 200
425 201
425 202
426 203
427 204
428 204
429 204
430 204
431 204
432 204
433 204
434 204
435 204
436 204
437 204
438 204
439 204
347 154
348 155
349 156
350 157
351 158
352 159
353 160
354 160
355 160
356 160
357 160
358 160
359 160
360 160
361 160
362 160
363 160
364 160
365 160
366 160
367 160
368 160
369 160
370 160
370 159
371 158
372 157
373 156
374 155
375 154
376 153
321 230
320 231
319 232
318 233
317 234
316 235
315 235
314 235
315 236
316 237
317 238
318 239
319 240
320 241
321 242
321 243
320 244
319 245
318 246
317 247
316 248
315 249
314 249
313 249
312 249
311 249
310 249
309 249
308 249
307 249
306 248
305 247
304 246
303 245
302 244
301 243
300 242
299 241
298 241
297 241
296 241
295 241
294 240
293 239
292 238
291 237
290 236
289 235
288 236
287 237
286 238
285 239
285 240
285 241
285 242
285 243
285 244
285 245
285 246
285 247
285 248
299 240
299 239
299 238
299 237
299 236
299 235
299 234
299 233
299 232
300 231
311 250
310 251
309 252
308 253
307 254
306 255
305 256
304 257
304 258
303 259
302 260
301 261
300 262
299 263
298 264
297 265
296 266
295 267
294 268
293 268
294 269
295 270
296 271
297 272
298 273
299 274
300 275
301 276
302 277
302 278
302 279
302 280
302 281
303 282
304 283
305 284
306 285
307 286
308 287
309 288
310 289
311 290
312 291
313 292
313 293
312 294
311 295
310 296
309 297
308 298
307 299
306 300
305 301
304 301
304 300
304 299
304 298
304 297
303 296
302 295
304 302
304 303
303 304
302 305
301 306
301 307
301 308
301 309
301 310
301 311
301 312
301 313
300 313
299 313
298 313
297 313
296 313
295 313
294 313
293 312
292 311
291 311
290 311
289 310
288 309
287 308
286 307
285 306
284 305
283 304
282 303
281 302
291 312
290 313
289 314
288 315
288 316
288 317
287 318
286 319
285 320
284 321
284 322
284 323
284 324
284 325
284 326
284 327
284 328
283 329
282 330
281 331
281 332
281 333
280 333
279 332
278 331
277 330
276 329
275 328
274 327
273 326
272 325
271 324
271 323
271 322
271 321
271 320
271 319
271 318
270 317
269 316
268 315
267 314
266 313
265 312
264 312
263 312
262 312
261 312
260 312
259 312
258 311
257 310
256 309
255 308
254 307
254 306
254 305
254 304
253 303
252 302
251 301
250 300
249 299
249 298
248 298
247 298
246 297
245 296
244 295
243 294
242 293
241 292
240 291
240 290
240 289
240 288
240 287
240 286
240 285
240 284
240 283
240 282
239 281
238 280
238 279
238 278
237 277
236 276
235 275
234 274
233 273
233 272
232 272
232 271
232 270
232 269
232 268
232 267
232 266
232 265
232 264
232 263
231 262
230 261
229 260
229 259
228 259
227 258
226 257
225 256
224 255
223 254
222 253
221 252
221 251
221 250
221 249
221 248
221 247
220 246
219 245
218 244
218 243
218 242
218 241
218 240
217 239
216 238
215 237
214 236
213 235
212 234
211 233
211 232
210 232
210 231
210 230
210 229
210 228
210 227
210 226
210 225
210 224
210 223
210 222
210 221
210 220
210 219
210 218
210 217
211 217
210 216
210 215
210 214
210 213
210 212
209 211
208 210
207 209
206 208
206 207
205 206
204 205
203 204
202 203
201 202
200 201
199 200
198 199
197 198
196 197
195 196
194 195
194 194
193 194
192 194
191 194
190 194
189 193
188 192
187 191
186 190
185 189
184 188
183 187
183 186
184 185
185 184
186 183
187 182
188 181
189 180
190 179
191 178
192 177
193 177
194 177
195 177
196 177
197 177
198 177
199 177
200 177
201 177
202 177
203 177
204 177
205 176
206 176
207 176
208 176
209 176
210 176
211 176
212 176
213 175
214 174
215 173
182 188
181 188
180 188
179 188
178 188
177 188
176 188
175 188
174 188
173 188
172 188
171 188
170 188
169 188
168 188
167 187
166 186
165 185
164 184
163 183
162 182
161 181
171 189
170 190
169 191
168 192
167 193
166 194
165 195
164 196
163 196
162 196
161 196
160 196
159 196
160 197
161 198
161 199
161 200
161 201
161 202
161 203
161 204
161 205
161 206
161 207
161 208
195 194
196 194
197 194
198 194
199 194
200 194
201 194
202 194
203 194
204 193
212 216
213 215
214 214
215 213
216 212
217 211
218 210
219 209
220 208
221 207
221 206
221 205
221 204
222 203
223 202
224 201
225 200
226 199
227 198
228 197
229 196
230 197
231 198
232 199
233 200
234 201
235 202
236 203
237 204
238 204
239 204
240 204
241 204
242 204
241 205
240 206
240 207
240 208
240 209
240 210
240 211
240 212
240 213
240 214
243 205
244 206
245 207
246 207
247 207
248 207
249 207
250 207
251 207
252 207
253 207
254 207
255 207
256 207
257 207
258 207
259 207
260 207
261 207
262 206
263 205
263 204
263 203
263 202
263 201
263 200
263 199
263 198
262 197
261 196
260 195
259 194
258 193
258 192
257 192
256 192
255 192
254 192
253 192
252 192
251 191
250 190
249 189
248 188
247 187
246 186
245 185
244 184
259 192
260 192
261 192
262 192
263 191
264 190
265 189
266 188
267 187
268 186
268 185
268 184
267 183
266 182
265 181
264 180
263 179
262 178
256 208
257 209
258 210
259 211
260 212
261 213
262 214
263 215
264 216
263 217
262 218
261 219
260 219
259 219
258 219
257 219
256 219
255 219
265 217
266 218
267 219
268 220
269 221
270 222
271 223
272 224
273 225
273 226
273 227
273 228
273 229
273 230
273 231
272 232
271 233
270 234
269 235
268 235
267 235
266 235
265 235
222 208
222 209
222 210
222 211
222 212
222 213
222 214
222 215
222 216
222 217
209 233
208 233
207 233
206 233
205 233
204 233
203 233
202 233
201 233
200 233
199 233
198 233
197 233
196 232
195 231
194 230
193 229
192 228
191 227
190 226
199 234
198 235
197 236
196 237
195 238
194 239
193 240
192 241
192 242
192 243
192 244
192 245
192 246
192 247
191 248
190 249
189 250
188 251
187 251
186 251
185 251
184 251
183 251
182 251
181 251
180 252
179 253
178 254
177 254
176 254
175 254
174 254
173 254
172 254
173 255
174 256
175 257
176 258
177 259
178 260
179 261
180 262
181 263
182 264
183 265
183 266
182 267
181 268
180 269
179 270
178 270
177 270
176 270
175 270
174 270
173 270
172 270
212 232
213 232
214 232
215 232
216 232
217 232
218 232
219 232
229 258
229 257
229 256
229 255
230 254
231 253
232 252
233 251
234 250
235 249
236 248
237 247
238 246
239 246
240 246
241 246
242 246
243 246
244 245
245 244
246 243
247 242
238 245
238 244
238 243
238 242
238 241
238 240
238 239
238 238
238 237
237 236
236 235
235 234
231 273
230 273
229 273
228 273
227 273
226 273
225 273
224 273
223 273
222 274
221 275
221 276
221 277
221 278
221 279
221 280
221 281
221 282
221 283
221 284
220 285
219 286
218 287
217 288
216 288
215 288
214 288
213 288
212 288
211 288
210 288
209 288
208 288
207 288
206 288
205 288
204 287
204 286
204 285
204 284
204 283
204 282
204 281
205 280
206 279
207 278
208 277
211 289
210 290
209 291
208 292
207 293
206 294
205 295
204 296
203 297
202 298
202 299
202 300
202 301
213 289
214 290
215 291
216 292
217 293
218 294
219 294
220 294
221 294
220 295
219 296
218 297
217 298
217 299
217 300
217 301
217 302
218 303
219 304
220 305
221 306
221 307
221 308
221 309
221 310
221 311
221 312
221 313
221 314
221 315
221 316
220 317
219 318
218 319
217 320
216 321
215 322
215 323
215 324
215 325
215 326
215 327
216 328
217 329
218 330
219 331
220 332
221 333
222 333
223 333
224 333
225 333
226 333
227 333
228 333
229 333
230 333
231 333
232 333
233 333
234 333
235 333
236 333
237 332
238 331
224 334
223 335
222 336
221 337
220 338
219 338
218 338
217 338
216 338
215 338
214 339
213 340
212 341
211 342
210 343
209 344
208 345
207 346
206 347
205 348
204 349
204 350
204 351
204 352
234 272
235 272
236 272
237 272
238 272
239 271
240 270
241 269
242 268
243 267
244 266
250 298
251 298
252 298
253 298
254 297
255 296
256 295
257 294
258 293
258 292
259 291
260 290
261 289
262 288
263 287
264 286
265 285
266 284
267 283
268 282
269 281
270 280
270 279
270 278
270 277
270 276
270 275
270 274
270 273
269 272
269 271
268 271
267 270
266 269
265 268
264 267
263 266
262 265
261 264
260 263
259 262
258 261
270 271
271 271
272 271
273 271
274 271
275 271
276 271
277 270
278 271
279 272
280 273
281 274
282 275
283 276
284 277
285 278
286 279
286 280
286 281
286 282
286 283
286 284
270 325
269 326
268 327
267 328
266 329
265 330
264 331
264 332
264 333
263 333
262 333
261 333
260 333
259 333
258 333
257 333
256 333
265 334
265 335
265 336
265 337
265 338
265 339
265 340
265 341
264 342
263 343
262 344
261 345
260 346
259 347
258 348
258 349
258 350
258 351
257 352
256 352
255 352
254 352
253 352
252 352
251 352
250 352
249 352
248 353
247 354
246 355
245 355
244 355
259 352
260 353
261 353
262 353
263 353
264 353
265 353
266 353
267 353
268 353
269 354
270 355
271 356
272 357
273 358
274 359
275 359
274 360
274 361
274 362
274 363
275 364
276 365
277 366
278 367
279 368
280 369
281 370
282 370
283 370
284 370
283 371
282 372
281 373
280 374
279 375
278 376
277 377
276 378
275 379
275 380
275 381
275 382
275 383
275 384
275 385
275 386
274 386
273 386
272 386
271 386
270 386
269 386
268 386
267 386
266 386
265 386
264 386
263 386
262 386
261 386
260 386
260 385
260 384
260 383
260 382
260 381
260 380
260 379
260 378
260 377
260 376
260 375
259 374
258 373
257 372
256 371
260 387
260 388
260 389
260 390
260 391
260 392
260 393
260 394
260 395
259 396
258 397
257 398
256 399
256 400
256 401
256 402
256 403
261 396
262 397
263 398
264 399
265 400
266 401
267 402
268 403
269 404
270 405
270 406
271 407
271 408
271 409
271 410
271 411
271 412
271 413
271 414
271 415
271 416
271 417
271 418
271 419
271 420
271 421
276 358
277 357
278 356
279 355
280 354
281 353
282 352
283 351
284 350
281 334
281 335
281 336
314 294
315 295
316 296
317 297
318 298
319 299
319 300
319 301
319 302
320 303
321 304
322 305
323 306
323 307
323 308
323 309
323 310
324 310
325 310
326 310
327 310
328 309
329 308
330 307
331 306
332 305
332 304
332 303
332 302
332 301
332 300
332 299
332 298
332 297
332 296
333 295
334 294
324 311
325 312
326 313
327 314
327 315
327 316
327 317
327 318
327 319
327 320
328 320
329 320
330 320
331 320
332 320
333 319
334 318
335 317
336 316
337 316
338 316
339 316
340 316
341 316
342 316
343 316
344 316
345 315
346 314
347 315
348 315
349 315
350 315
351 315
352 315
353 315
354 315
355 315
356 316
357 317
358 318
359 319
360 320
361 320
362 320
363 320
364 320
365 320
366 320
366 319
366 318
366 317
366 316
366 315
366 314
367 313
368 312
369 311
370 311
371 311
372 311
373 310
374 309
375 308
376 307
377 306
378 306
378 307
379 308
380 309
381 310
382 311
383 312
384 313
385 314
386 314
379 305
380 304
381 303
382 302
383 301
384 300
385 299
386 298
387 297
388 296
328 321
329 322
330 323
331 324
332 325
333 326
334 327
335 328
336 328
337 328
336 329
335 330
334 331
333 332
333 333
333 334
333 335
333 336
332 337
332 338
332 339
332 340
332 341
332 342
332 343
332 344
332 345
332 346
332 347
331 348
330 349
329 349
328 349
327 349
326 349
325 349
324 349
323 349
323 348
323 347
323 346
323 345
323 344
323 343
322 342
321 341
320 340
319 339
338 329
339 330
340 331
341 332
342 333
343 334
344 335
344 336
344 337
344 338
335 272
336 273
337 274
338 275
339 276
340 277
341 277
855
340 266
345 253
353 246
362 239
365 230
370 217
362 202
357 195
345 187
343 177
329 162
329 180
367 185
354 203
346 200
334 203
334 212
351 214
376 209
385 192
394 190
405 181
405 190
384 213
380 223
374 252
384 246
384 236
394 234
392 252
400 255
409 248
424 244
435 236
422 228
410 219
433 220
442 221
435 245
415 260
373 260
362 280
384 265
394 272
397 280
407 283
408 294
402 307
410 317
416 321
412 334
402 335
391 329
381 329
370 336
360 344
347 356
344 365
341 378
360 371
368 366
377 365
376 355
386 367
398 365
413 379
426 325
429 317
443 316
424 308
430 292
431 280
433 267
442 273
455 263
456 257
465 257
477 255
480 261
495 274
485 254
497 245
488 259
482 245
453 252
458 241
467 234
463 225
473 221
476 207
470 198
460 185
451 183
455 164
464 168
486 223
499 218
498 209
448 284
447 292
438 335
436 349
342 232
331 236
322 229
317 214
311 201
301 197
289 198
288 188
283 206
298 208
309 190
304 182
293 176
281 169
273 161
264 151
251 159
237 144
226 139
244 136
231 123
216 118
215 109
195 104
186 105
204 120
192 125
182 135
173 137
163 137
153 152
150 165
138 162
131 149
127 174
114 180
106 174
94 156
89 148
78 136
66 134
52 145
43 158
42 166
57 162
64 161
73 159
87 176
62 172
57 189
58 193
47 201
32 214
24 203
19 190
24 176
26 194
31 193
40 183
16 212
27 222
49 209
67 206
79 207
80 133
114 171
105 195
112 203
124 200
133 210
114 215
113 225
102 216
109 234
113 251
121 230
131 238
136 226
154 235
130 254
140 270
150 266
151 255
155 277
143 286
152 301
159 309
156 320
167 312
181 310
175 321
167 330
176 338
187 338
165 346
177 357
187 354
170 366
154 363
160 377
152 382
140 390
129 377
137 365
122 389
114 391
127 404
129 412
130 425
142 423
148 418
121 442
113 446
103 436
106 421
117 379
115 372
106 366
98 361
84 351
76 335
69 361
60 352
59 339
41 319
52 356
46 350
34 357
24 356
16 338
19 319
26 339
14 360
20 367
56 365
55 374
50 375
33 386
61 381
53 392
71 389
71 397
78 399
91 391
77 367
102 375
116 356
150 398
168 386
165 395
165 405
161 414
173 419
161 430
154 440
144 441
184 424
198 420
200 430
200 440
206 414
217 415
225 415
235 423
244 424
258 441
271 439
288 440
217 406
213 423
218 440
176 433
184 433
178 405
187 400
181 372
186 374
182 380
197 385
208 381
217 382
226 377
235 381
227 387
239 390
217 373
160 295
169 297
176 288
143 314
129 308
114 300
103 305
92 319
84 313
123 291
113 281
106 271
115 271
104 284
91 273
85 261
76 254
67 247
54 236
67 230
59 252
88 247
76 267
70 277
74 277
77 291
60 294
65 306
121 315
136 327
134 336
142 336
150 345
122 341
116 332
104 342
128 183
137 179
161 166
146 140
133 125
138 119
148 111
132 113
123 96
118 114
104 115
128 133
118 132
168 125
166 115
169 107
178 122
176 146
180 159
189 144
196 148
209 139
234 115
248 126
259 112
277 102
265 120
277 120
254 102
243 161
233 166
219 156
275 141
293 164
307 153
299 143
296 135
297 123
298 111
305 128
315 136
316 119
324 117
321 108
310 99
316 90
312 79
301 81
288 73
287 61
280 53
282 47
286 45
299 55
308 52
318 58
320 47
312 66
303 65
328 61
328 130
329 135
335 144
346 153
360 142
375 128
387 122
403 129
392 143
403 150
415 147
388 108
399 111
412 103
408 87
400 81
400 67
391 61
400 51
412 47
376 68
373 58
365 43
357 54
348 51
340 35
329 27
353 42
368 30
360 26
359 23
350 18
376 25
376 35
372 83
358 101
340 89
337 85
419 82
414 72
422 108
423 116
436 107
444 109
456 104
469 113
483 101
455 128
469 138
469 146
482 157
492 167
505 168
514 174
504 186
490 182
522 181
530 179
531 187
544 181
540 164
553 152
548 146
538 132
527 145
548 130
541 120
528 105
517 114
514 106
511 125
502 126
494 123
501 114
486 135
554 118
563 116
564 102
578 115
582 99
596 102
586 122
559 153
573 148
592 142
573 163
590 162
601 168
608 163
617 161
620 147
617 136
632 125
632 165
637 151
646 143
597 176
570 168
548 169
544 189
543 200
554 204
570 218
559 220
546 225
538 222
519 208
523 235
532 243
523 249
546 257
538 259
546 269
550 279
542 279
531 281
527 272
525 263
513 277
512 291
504 302
507 310
499 313
489 318
500 326
493 333
484 338
477 327
469 326
476 317
468 310
468 301
466 292
464 281
478 277
479 300
476 346
471 355
463 353
454 343
465 363
452 370
435 380
473 365
466 373
459 389
479 383
481 366
489 365
499 363
508 363
517 371
520 362
501 376
501 390
497 404
488 415
480 405
472 414
464 417
470 429
459 438
442 424
434 424
438 444
432 410
428 404
419 399
420 421
412 422
415 434
406 443
396 437
386 435
382 424
370 428
361 436
353 428
339 417
329 401
318 389
305 388
302 373
309 398
304 405
290 419
337 425
321 418
318 435
356 420
367 415
368 407
378 406
366 394
352 400
349 443
343 452
358 458
350 469
349 479
343 491
335 486
329 475
319 460
317 478
297 474
288 475
290 485
307 490
290 503
331 501
352 494
353 505
367 505
378 504
380 496
353 523
363 478
373 465
380 473
386 478
396 485
416 486
421 472
413 504
393 472
399 459
398 422
392 409
474 438
482 430
490 434
501 433
508 423
517 423
518 433
532 425
542 423
535 406
546 412
558 416
544 436
556 428
555 443
517 442
485 351
507 343
517 343
516 327
531 337
540 349
541 291
533 294
543 307
554 307
568 315
575 301
584 304
591 313
601 311
610 309
618 301
630 294
626 312
643 313
600 303
590 292
589 281
579 265
592 259
607 254
609 243
624 242
634 239
645 236
625 228
626 214
625 198
623 190
626 254
623 268
613 276
640 276
605 234
590 211
588 198
576 198
596 203
607 226
593 327
601 336
605 348
615 345
624 346
634 352
621 365
624 378
613 387
603 403
589 394
577 381
577 368
565 384
548 371
538 368
568 392
560 392
574 396
587 409
577 413
584 421
592 420
576 426
576 436
584 443
595 437
610 440
596 382
643 378
639 393
629 398
624 409
647 404
597 362
569 329
567 346
551 319
537 319
552 238
576 233
554 188
514 160
507 151
437 125
435 135
444 144
433 155
433 164
433 179
423 192
425 202
439 204
355 160
370 160
376 153
314 235
321 243
312 249
299 241
289 235
285 248
300 231
304 258
293 268
302 281
313 293
302 295
304 303
301 313
292 311
281 302
288 317
284 328
271 324
265 312
254 307
248 298
240 291
238 280
232 272
229 260
221 252
218 244
210 232
210 219
206 208
193 194
183 187
192 177
205 176
215 173
172 188
161 181
159 196
161 208
204 193
221 207
229 196
242 204
240 214
255 207
263 205
257 192
244 184
268 186
262 178
264 216
255 219
273 231
265 235
222 217
200 233
190 226
192 247
181 251
172 254
183 266
172 270
219 232
238 246
247 242
235 234
223 273
221 284
212 288
204 287
208 277
202 301
221 294
217 302
221 316
215 327
225 333
238 331
215 338
204 352
244 266
258 293
270 280
268 271
258 261
277 270
286 284
264 333
256 333
265 341
258 351
249 352
244 355
268 353
274 363
284 370
275 386
260 385
256 371
260 395
256 403
270 406
271 421
284 350
281 336
319 302
323 310
332 305
334 294
327 320
336 316
346 314
355 315
366 320
369 311
377 306
386 314
388 296
337 328
333 336
332 347
323 349
319 339
344 338
341 277
