9280
332 270
331 270
330 270
329 270
328 270
327 270
326 270
325 270
324 270
323 270
322 270
321 270
320 269
334 271
335 271
336 271
337 271
338 271
339 271
340 271
341 271
342 271
343 270
344 269
345 268
345 267
345 266
345 265
345 264
346 263
347 262
348 261
349 260
350 259
351 258
352 257
353 256
354 255
355 254
356 254
357 254
356 255
357 256
358 257
359 258
360 259
361 260
362 261
362 262
363 262
364 262
365 262
366 262
367 262
368 262
369 262
370 262
371 262
372 261
373 260
363 263
364 264
365 265
366 266
367 267
368 268
369 269
369 270
369 271
369 272
369 273
369 274
369 275
368 276
367 277
366 278
365 279
364 280
363 281
362 281
361 281
360 281
370 276
371 277
372 278
373 279
374 280
375 281
376 282
377 283
378 283
379 283
380 283
381 283
382 283
383 283
384 283
385 283
386 283
387 283
388 283
389 283
390 283
391 282
392 282
393 282
394 282
395 282
396 281
397 280
398 279
399 278
400 277
401 276
402 275
403 275
404 275
405 275
406 275
407 275
408 275
409 275
410 274
411 273
412 272
413 271
414 270
414 269
413 269
412 269
411 268
410 267
409 266
408 265
407 264
406 263
405 262
404 261
403 260
402 259
401 258
401 257
401 256
401 255
401 254
401 253
401 252
402 251
403 250
404 250
405 250
406 250
407 250
408 250
409 250
410 250
411 249
411 248
411 247
411 246
411 245
411 244
411 243
411 242
411 241
411 240
411 239
411 238
411 237
410 236
410 235
409 235
411 235
412 235
413 234
414 233
415 232
416 231
417 230
418 229
419 228
420 227
421 226
422 225
423 224
423 223
423 222
423 221
423 220
423 219
423 218
423 217
422 216
421 215
420 214
419 214
418 214
417 214
416 214
415 213
414 212
413 211
412 210
412 209
412 208
412 207
412 206
412 205
412 204
412 203
412 202
411 201
411 200
411 199
411 198
411 197
411 196
411 195
411 194
412 193
412 192
411 192
410 192
409 192
408 192
407 192
406 192
405 192
404 192
403 192
402 192
401 192
400 192
399 192
398 191
397 190
396 189
396 188
396 187
397 187
396 186
395 185
394 184
393 183
392 182
391 181
390 180
390 179
390 178
390 177
389 176
388 175
387 174
386 173
385 172
385 171
385 170
385 169
385 168
385 167
385 166
385 165
385 164
385 163
385 162
385 161
385 160
385 159
385 158
385 157
385 156
384 156
386 156
387 156
388 156
389 156
390 156
391 156
392 156
393 156
394 156
395 155
396 154
396 153
396 152
395 152
394 151
393 150
392 149
391 148
390 147
389 146
388 145
387 144
386 143
385 142
396 151
396 150
396 149
396 148
396 147
396 146
396 145
396 144
397 143
398 142
399 141
400 140
400 139
400 138
400 137
400 136
400 135
400 134
400 133
400 132
400 131
400 130
400 129
400 128
399 127
398 126
397 125
396 125
395 125
394 125
393 125
392 125
391 125
390 125
389 125
388 125
387 125
386 125
385 125
384 124
383 123
383 122
383 121
383 120
383 119
383 118
383 117
383 116
382 115
381 114
380 113
379 112
378 111
377 110
376 109
375 108
374 107
373 108
372 109
371 110
370 110
369 110
368 110
367 110
366 110
365 110
364 110
363 110
363 111
363 112
363 113
363 114
363 115
363 116
363 117
363 118
363 119
363 120
397 124
397 123
398 122
399 121
400 120
401 119
402 118
403 117
404 116
405 115
406 114
407 113
408 112
409 111
410 110
411 109
411 108
411 107
411 106
411 105
411 104
411 103
411 102
410 101
409 100
408 99
407 98
406 97
405 96
404 95
403 94
402 93
402 92
402 91
402 90
402 89
402 88
402 87
402 86
402 85
401 84
400 83
399 82
399 81
398 81
400 81
401 81
402 81
403 80
404 79
405 78
406 77
407 76
408 75
409 75
410 75
411 75
412 75
413 75
414 75
415 75
416 75
417 75
418 75
419 75
420 74
421 73
422 72
422 71
422 70
422 69
422 68
422 67
422 66
422 65
422 64
421 63
420 62
419 61
418 60
417 59
416 58
415 57
415 56
414 56
416 56
417 55
418 54
419 53
420 52
421 51
422 50
408 74
408 73
408 72
407 71
406 70
405 69
404 68
403 67
402 66
401 65
400 64
399 63
398 62
397 61
396 60
395 60
394 60
393 60
392 59
391 58
390 57
389 56
388 55
387 54
386 53
385 52
384 51
383 50
382 49
381 48
380 47
380 46
380 45
379 44
378 43
377 42
376 41
375 40
374 39
373 38
372 37
372 36
372 35
372 34
371 33
370 32
369 31
368 30
367 30
366 30
365 30
364 30
363 30
362 30
361 30
360 30
359 30
358 30
357 30
356 30
355 30
354 29
353 28
352 27
352 26
352 25
352 24
352 23
351 22
350 21
349 20
348 19
347 18
346 17
351 28
350 29
349 30
348 31
347 32
346 33
345 34
344 35
343 36
342 37
341 38
340 39
339 40
338 40
338 39
338 38
338 37
337 36
336 35
335 34
334 33
333 32
332 31
331 30
330 29
329 28
338 41
337 42
336 43
335 44
334 45
333 46
332 47
331 48
330 49
329 50
328 50
327 50
326 51
325 52
324 53
323 54
322 55
321 55
320 55
319 55
318 55
317 55
316 55
315 55
314 55
313 55
312 55
339 42
340 43
341 44
342 44
343 44
344 44
345 44
346 44
347 44
348 44
349 44
350 44
351 44
350 45
349 46
348 47
347 48
346 49
346 50
346 51
346 52
346 53
346 54
346 55
345 56
344 57
343 58
342 59
341 60
340 61
339 62
338 63
337 64
336 65
335 65
334 65
333 65
347 56
347 57
347 58
347 59
347 60
347 61
347 62
347 63
347 64
347 65
347 66
347 67
346 68
345 69
344 70
343 71
342 72
342 73
342 74
342 75
342 76
342 77
342 78
343 79
344 80
344 81
344 82
344 83
344 84
344 85
344 86
344 87
344 88
344 89
344 90
344 91
348 68
349 69
350 69
351 69
352 69
353 69
354 69
355 69
356 69
357 69
358 69
359 69
360 70
361 71
362 72
363 73
364 74
365 75
365 76
365 77
365 78
365 79
365 80
365 81
365 82
365 83
365 84
365 85
385 54
384 55
383 56
382 56
381 56
380 56
379 56
378 56
377 56
376 56
375 56
374 56
373 56
372 56
371 55
370 54
369 53
368 52
378 57
378 58
378 59
378 60
378 61
378 62
378 63
378 64
389 181
388 182
387 183
386 184
385 185
384 186
383 187
382 188
381 189
380 190
379 191
379 192
379 193
380 194
381 195
382 196
383 197
383 198
383 199
383 200
383 201
383 202
383 203
382 204
381 205
380 206
379 207
378 208
377 208
376 208
375 208
374 208
373 209
372 210
371 211
370 212
369 213
368 214
367 215
366 216
365 217
364 218
363 219
362 220
361 221
361 222
384 204
385 205
386 206
387 207
388 208
388 209
388 210
389 211
390 212
391 213
392 214
393 215
394 216
394 217
394 218
394 219
393 220
392 221
391 222
390 223
390 224
390 225
390 226
390 227
390 228
390 229
390 230
390 231
390 232
390 233
390 234
398 186
399 185
400 184
401 183
402 182
403 181
413 192
414 193
415 194
416 195
417 196
418 197
419 198
420 199
421 199
422 199
423 199
424 198
425 197
426 196
427 195
428 194
429 193
430 192
431 191
432 190
433 189
433 188
433 187
433 186
433 185
433 184
433 183
433 182
433 181
433 180
433 179
433 178
433 177
433 176
433 175
433 174
432 173
431 172
430 171
429 170
429 169
429 168
429 167
428 166
427 165
426 164
425 163
424 162
423 161
422 160
421 159
420 158
419 157
418 156
417 155
416 154
424 225
425 226
426 226
427 226
428 226
429 226
430 226
431 226
432 226
433 226
434 226
435 226
436 226
437 226
438 226
439 226
440 226
441 226
442 226
443 225
444 224
445 223
446 224
447 225
448 226
449 227
450 227
451 227
452 227
453 227
454 227
455 227
456 227
457 227
458 227
459 228
460 229
461 230
462 231
463 232
464 233
465 234
466 235
467 236
468 236
469 236
470 236
471 236
472 237
473 238
474 239
475 240
476 240
477 240
478 240
479 240
480 240
481 240
482 240
483 240
484 240
485 240
486 240
487 240
488 239
489 238
490 237
491 236
492 235
493 234
494 233
495 232
496 231
497 231
498 231
499 231
500 231
501 230
502 229
503 228
504 227
504 226
504 225
503 224
502 223
501 222
500 221
499 220
498 219
497 218
496 217
495 216
494 215
493 214
492 213
491 212
491 211
491 210
491 209
491 208
491 207
490 206
489 205
488 204
487 203
486 202
485 201
484 200
484 199
483 199
482 200
481 201
480 202
479 203
478 204
477 205
476 206
475 207
474 208
474 209
474 210
475 211
476 212
476 213
476 214
476 215
476 216
476 217
476 218
485 199
486 199
487 199
488 199
489 199
490 198
491 197
492 196
493 195
494 194
495 193
495 192
495 191
495 190
495 189
495 188
496 187
497 186
498 185
499 185
500 185
501 185
502 185
503 185
504 185
505 185
506 185
507 185
508 184
509 185
510 186
511 187
512 188
513 189
514 190
514 191
514 192
514 193
514 194
515 194
514 195
514 196
513 197
512 198
511 199
510 200
509 201
509 202
509 203
509 204
509 205
509 206
515 197
516 198
517 199
518 200
519 201
520 202
521 203
522 204
523 205
524 206
525 207
526 208
527 209
528 210
528 211
528 212
528 213
528 214
528 215
528 216
528 217
528 218
528 219
528 220
516 193
517 192
518 191
519 190
520 189
521 188
522 187
523 186
524 186
525 186
526 186
527 186
528 186
529 186
530 186
531 186
532 186
533 186
533 185
533 184
533 183
534 182
535 181
536 180
537 179
538 178
539 177
540 176
541 176
542 176
543 176
544 176
545 176
546 175
547 174
548 173
549 172
550 171
534 187
534 188
534 189
534 190
534 191
534 192
534 193
534 194
534 195
534 196
535 196
536 196
537 196
538 195
539 194
540 193
541 192
542 191
543 190
544 189
545 188
535 197
536 198
537 199
538 200
539 201
540 202
541 203
542 204
543 205
544 206
545 207
546 208
547 209
547 210
548 211
549 212
550 212
551 212
552 212
553 212
554 212
555 212
556 212
557 213
558 214
559 215
560 215
561 215
562 215
563 215
564 215
565 215
566 215
567 215
568 215
569 215
570 215
571 215
572 215
573 215
574 215
575 215
576 215
577 215
578 215
579 215
580 215
581 215
582 214
582 213
582 212
582 211
582 210
582 209
583 208
584 207
584 206
585 206
585 205
585 204
585 203
585 202
585 201
585 200
585 199
585 198
586 197
587 198
588 198
589 198
590 198
591 198
592 198
593 198
594 198
595 198
596 198
597 198
598 198
599 198
600 198
600 197
600 196
600 195
600 194
600 193
600 192
600 191
600 190
600 189
600 188
600 187
600 186
601 185
602 184
602 183
602 182
602 181
602 180
602 179
602 178
602 177
602 176
602 175
602 174
602 173
601 173
600 174
599 174
598 174
597 174
596 174
595 174
594 174
593 174
592 174
591 174
590 174
589 174
588 174
587 174
586 174
585 174
584 174
583 174
582 174
603 173
604 173
605 172
606 171
607 170
608 169
609 168
610 167
611 166
612 165
613 164
614 163
615 162
616 161
617 160
618 159
619 158
620 157
621 156
622 155
622 154
622 153
622 152
622 151
622 150
622 149
622 148
622 147
622 146
622 145
623 144
624 143
625 142
626 141
627 140
623 156
624 157
625 158
626 159
627 160
628 161
629 162
630 163
631 164
632 164
633 164
634 164
634 163
634 162
634 161
634 160
635 159
636 158
637 157
638 156
638 155
638 154
638 153
638 152
638 151
638 150
638 149
639 148
640 147
641 146
642 145
643 144
644 143
633 165
632 166
631 167
630 168
630 169
630 170
630 171
630 172
630 173
630 174
601 199
602 200
603 201
604 201
605 201
606 201
607 201
608 201
609 201
610 201
611 201
612 201
613 201
614 201
615 201
583 205
582 204
581 203
580 202
579 201
578 200
577 199
576 198
575 197
574 196
573 195
572 194
583 215
584 216
585 217
586 218
587 219
588 220
589 221
590 222
591 223
592 224
593 225
594 226
595 226
596 226
597 226
598 226
599 226
600 226
601 226
602 226
603 226
604 226
605 226
606 225
607 224
608 223
609 224
610 225
611 226
612 227
613 228
614 229
615 230
616 230
616 229
617 228
618 227
619 226
620 225
621 224
622 223
623 222
624 221
625 220
626 219
627 218
628 217
629 216
630 215
630 214
630 213
630 212
630 211
630 210
630 209
630 208
630 207
617 231
618 232
619 232
620 232
621 232
622 232
623 232
624 232
625 232
626 232
627 232
628 232
629 232
630 232
631 232
630 233
629 234
628 235
627 236
627 237
627 238
627 239
627 240
627 241
627 242
627 243
627 244
627 245
627 246
626 247
625 248
624 249
624 250
624 251
624 252
624 253
624 254
624 255
624 256
624 257
624 258
624 259
623 260
622 261
621 262
620 262
619 263
618 264
617 265
616 266
615 267
614 268
613 269
612 270
611 271
610 272
609 272
608 272
607 272
606 272
605 272
604 273
603 274
602 275
601 276
600 276
599 276
598 276
597 276
598 277
599 278
599 279
599 280
599 281
599 282
599 283
599 284
599 285
599 286
599 287
599 288
600 289
601 290
602 291
603 292
604 293
604 294
604 295
604 296
604 297
604 298
604 299
604 300
604 301
604 302
603 303
602 304
601 305
600 306
599 307
598 308
597 308
596 308
597 309
598 310
599 311
600 312
601 313
602 314
603 315
604 316
604 317
604 318
604 319
605 303
606 304
607 304
608 304
609 304
610 304
611 304
612 304
613 304
614 304
615 304
616 304
617 305
618 306
619 307
620 308
621 309
622 310
623 311
624 312
625 313
626 313
606 273
607 274
608 275
609 276
610 277
611 278
612 278
613 278
614 278
615 278
616 279
617 280
618 281
619 282
620 283
621 284
622 285
623 286
624 287
625 288
626 289
627 289
628 289
625 260
626 261
627 262
628 263
629 264
630 265
631 266
632 267
633 268
634 269
635 270
636 270
637 270
638 270
639 270
640 270
641 270
642 270
632 233
633 234
634 235
635 236
636 237
637 238
638 239
639 239
640 239
641 239
642 239
643 239
644 239
645 239
646 239
597 227
598 228
599 229
600 230
601 231
602 232
603 233
603 234
603 235
523 185
523 184
523 183
522 182
521 181
521 180
522 179
523 178
524 177
525 176
526 175
527 174
528 173
529 172
529 171
529 170
529 169
529 168
529 167
529 166
529 165
530 164
531 163
531 162
531 161
531 160
531 159
531 158
531 157
531 156
531 155
531 154
531 153
531 152
530 152
532 152
533 152
534 152
535 152
536 151
537 150
538 149
539 148
538 147
537 146
536 145
535 144
534 143
533 142
532 141
531 140
531 139
530 139
530 138
530 137
530 136
530 135
530 134
529 133
528 132
527 131
526 130
525 129
524 128
524 127
523 127
522 126
521 125
520 124
519 123
518 122
517 121
516 120
515 119
514 118
513 117
512 116
511 115
510 114
509 113
508 113
507 113
506 113
505 113
504 113
503 113
502 113
501 113
500 113
499 112
498 111
497 110
496 109
495 108
494 107
493 106
492 105
524 126
524 125
524 124
524 123
524 122
525 121
526 120
526 119
526 118
526 117
526 116
526 115
526 114
526 113
526 112
526 111
526 110
526 109
526 108
527 107
528 106
529 105
530 104
523 129
522 130
521 130
520 130
519 130
518 130
517 130
516 130
515 130
514 130
513 130
512 130
511 131
510 132
509 133
508 134
507 135
506 136
505 137
504 138
503 138
503 137
503 136
503 135
503 134
503 133
503 132
502 131
501 130
500 131
499 132
498 133
497 134
496 135
495 135
494 135
493 135
492 135
491 135
490 135
489 135
488 136
487 137
486 138
485 139
484 140
483 141
482 142
481 143
480 144
479 144
478 144
477 144
476 144
475 144
474 144
473 144
472 144
471 143
470 144
469 145
468 146
467 147
466 148
465 149
464 150
463 150
462 150
461 150
460 150
459 150
458 150
457 150
456 151
455 152
454 153
453 154
452 155
451 156
450 157
449 157
448 157
447 157
446 157
446 156
446 155
446 154
446 153
446 152
446 151
446 150
446 149
445 148
445 147
445 146
445 145
445 144
444 143
443 142
442 141
441 140
440 139
439 138
438 137
437 136
436 135
436 134
436 133
436 132
437 131
438 130
439 129
439 128
438 128
437 128
436 128
435 128
434 128
433 127
432 126
440 128
441 128
442 128
443 128
444 128
445 128
446 128
447 127
448 126
448 125
448 124
448 123
448 122
448 121
448 120
448 119
448 118
449 117
450 116
451 115
452 114
452 113
452 112
452 111
452 110
453 109
454 108
455 107
456 106
457 106
458 106
459 106
460 106
461 106
462 106
463 106
464 106
465 106
466 105
467 104
468 103
469 102
453 115
454 116
455 117
456 118
457 119
458 119
459 119
460 119
461 119
462 119
463 119
464 119
465 119
466 119
467 119
468 119
469 118
503 139
502 140
501 141
500 142
499 143
498 144
497 145
496 146
495 147
494 148
493 149
492 150
493 151
494 152
495 153
496 154
497 154
498 154
499 154
500 154
499 155
498 156
497 157
496 158
495 159
494 160
493 161
492 162
491 163
490 164
489 165
488 166
488 167
488 168
488 169
488 170
488 171
488 172
487 172
486 172
485 172
484 172
483 172
482 172
481 172
480 172
479 172
478 172
477 172
476 172
475 171
475 170
475 169
475 168
475 167
475 166
475 165
475 164
475 163
475 162
475 161
474 160
473 159
472 158
474 172
473 173
472 174
471 175
470 176
469 177
468 178
467 179
466 180
465 181
465 182
464 182
463 182
462 182
461 182
460 182
459 182
458 182
457 182
456 181
455 180
464 183
463 184
462 185
461 186
460 187
459 188
458 189
457 190
456 191
455 192
454 192
453 192
452 193
451 194
450 195
449 196
449 197
449 198
449 199
449 200
449 201
449 202
449 203
449 204
449 205
494 162
495 163
496 164
497 165
498 166
499 166
500 166
501 155
502 156
503 157
504 158
505 159
506 160
507 161
508 162
509 163
510 164
511 165
512 166
513 166
513 165
513 164
513 163
513 162
513 161
514 160
515 159
516 158
517 157
513 167
532 138
533 137
534 136
535 135
536 134
537 133
538 132
539 132
540 132
541 132
542 132
543 132
544 132
545 132
546 132
547 132
548 132
549 132
550 132
551 131
552 130
553 129
554 128
555 127
556 126
556 125
556 124
556 123
556 122
556 121
556 120
556 119
556 118
556 117
556 116
556 115
556 114
557 113
557 112
556 112
555 112
554 112
553 112
552 112
551 111
550 110
549 109
548 108
558 112
559 113
560 114
561 114
562 114
563 114
564 114
565 114
566 114
567 114
568 114
569 114
570 114
571 114
572 114
573 114
574 114
575 114
576 114
577 114
578 114
579 114
580 114
581 113
582 112
583 111
584 110
583 109
582 108
581 107
580 106
579 105
578 104
577 103
576 102
585 111
586 112
587 113
588 114
589 115
590 116
591 117
592 118
593 119
593 120
593 121
593 122
593 123
593 124
593 125
593 126
593 127
593 128
592 129
591 130
590 131
589 132
588 133
587 134
586 135
585 136
585 137
585 138
585 139
585 140
584 140
583 141
582 142
581 143
580 144
579 145
578 146
577 147
576 147
575 147
574 147
573 147
572 147
571 147
570 147
569 147
585 141
585 142
585 143
585 144
585 145
585 146
585 147
585 148
585 149
585 150
585 151
585 152
497 232
498 233
499 234
500 235
501 236
502 237
503 238
504 239
505 240
506 240
507 240
508 240
509 240
510 240
511 240
512 240
513 240
514 240
515 240
516 240
517 240
518 240
519 240
520 240
521 239
522 238
523 237
484 241
484 242
484 243
484 244
484 245
484 246
484 247
484 248
484 249
484 250
484 251
484 252
485 253
486 254
487 255
487 256
487 257
487 258
487 259
487 260
487 261
487 262
487 263
487 264
487 265
488 265
489 265
490 265
491 265
492 265
493 265
494 265
495 265
496 265
497 265
498 265
499 265
500 264
501 263
502 263
502 262
503 262
504 262
505 262
506 262
507 262
508 262
509 262
510 262
511 262
512 261
513 260
514 259
515 258
516 257
517 257
518 257
519 257
520 257
521 257
522 257
523 257
524 256
525 256
526 256
527 256
528 256
529 256
530 256
531 256
532 256
533 256
534 256
535 256
536 256
537 256
538 256
502 264
502 265
502 266
502 267
502 268
502 269
502 270
502 271
502 272
502 273
502 274
501 275
500 276
499 277
498 278
497 279
496 280
495 281
494 281
493 281
494 282
495 283
496 284
497 285
498 286
499 287
500 288
501 289
501 290
501 291
501 292
501 293
501 294
501 295
500 296
499 297
498 298
497 299
496 300
495 301
494 301
493 301
492 301
491 301
490 302
489 302
488 302
487 302
486 302
485 302
484 302
483 302
482 302
481 302
480 303
479 304
479 305
479 306
479 307
479 308
479 309
479 310
479 311
479 312
479 313
479 314
479 315
480 316
481 317
482 318
483 319
484 319
485 319
486 319
487 319
488 319
489 319
490 319
491 319
492 319
493 319
494 319
495 320
496 321
497 322
498 323
499 324
500 325
501 326
502 326
503 326
504 326
505 326
505 325
505 324
505 323
505 322
505 321
505 320
506 319
507 318
508 317
509 316
506 327
507 328
508 329
509 330
509 331
509 332
510 332
511 332
512 332
513 332
514 332
515 332
516 332
517 332
518 331
519 330
520 329
521 328
522 327
522 326
522 325
522 324
522 323
523 322
524 321
525 320
526 319
527 318
528 317
529 316
530 315
531 314
532 314
533 314
534 314
535 314
536 314
537 314
538 314
539 314
540 313
541 312
542 311
543 310
544 309
545 309
546 309
547 309
548 309
549 308
550 307
551 306
552 305
552 304
551 304
550 303
549 302
548 301
547 300
546 299
545 298
544 297
543 296
543 295
543 294
543 293
543 292
542 291
541 290
540 289
539 288
538 287
537 286
537 285
537 284
537 283
537 282
537 281
537 280
537 279
536 278
536 277
535 277
537 277
538 277
539 277
540 276
541 275
542 274
543 273
544 272
545 271
545 270
545 269
545 268
545 267
545 266
546 265
547 264
548 263
549 262
550 261
551 260
552 259
553 258
546 272
547 273
548 274
549 275
550 276
551 277
552 278
553 279
554 280
555 281
556 282
557 283
558 284
559 285
560 286
561 287
562 288
563 289
564 290
565 291
566 292
567 292
568 292
569 292
569 291
569 290
569 289
570 288
571 287
572 286
573 285
574 284
575 283
576 282
577 281
578 280
578 279
578 278
578 277
578 276
578 275
578 274
578 273
578 272
578 271
578 270
578 269
578 268
578 267
578 266
578 265
578 264
578 263
578 262
578 261
577 260
576 259
576 258
576 257
576 256
576 255
576 254
577 253
578 252
579 251
580 250
570 293
571 293
572 293
573 293
574 293
575 293
576 293
577 293
578 293
579 293
580 293
579 294
578 295
577 296
576 297
576 298
576 299
576 300
576 301
576 302
576 303
576 304
536 287
535 288
534 289
533 290
532 291
531 292
530 293
529 293
528 293
528 292
527 291
526 290
525 289
524 288
523 287
522 286
521 285
520 284
519 283
518 282
517 281
553 304
554 305
555 306
556 307
557 308
558 309
559 310
559 311
559 312
559 313
532 315
533 316
534 317
535 318
536 319
537 320
538 321
539 322
540 323
541 324
541 325
541 326
531 313
531 312
531 311
530 310
529 309
523 328
524 329
525 330
526 331
526 332
526 333
526 334
526 335
526 336
508 333
508 334
508 335
508 336
508 337
508 338
508 339
508 340
508 341
508 342
508 343
508 344
508 345
507 346
506 346
505 346
504 346
503 346
502 346
501 346
500 346
499 346
498 347
497 348
496 349
495 350
494 351
493 352
492 353
491 354
490 355
489 356
488 356
487 355
486 354
485 353
484 352
483 351
482 350
481 349
480 348
479 347
478 346
477 345
476 344
475 344
474 344
473 344
472 343
471 342
470 341
469 340
468 339
467 338
466 337
465 336
464 335
463 334
489 357
489 358
488 359
487 360
486 360
485 360
484 360
483 360
482 360
481 360
480 360
479 360
478 361
477 362
476 363
475 364
474 364
473 364
472 364
471 364
470 364
469 365
468 366
467 367
466 368
465 369
464 370
463 371
462 372
461 373
460 374
459 374
458 374
457 374
456 374
455 373
454 372
453 371
452 370
451 369
450 368
449 367
448 366
447 365
447 364
447 363
447 362
447 361
447 360
447 359
447 358
447 357
447 356
446 355
445 354
444 353
443 354
442 355
441 356
440 356
439 356
438 356
437 356
436 356
435 356
434 356
433 356
432 356
431 356
430 356
429 356
428 356
427 356
426 355
425 354
424 353
423 352
446 366
445 367
444 368
443 369
442 370
441 371
440 372
439 373
439 374
439 375
439 376
438 376
437 376
436 376
435 376
434 376
433 376
432 376
431 376
430 376
429 376
428 376
427 375
426 374
425 373
438 377
437 378
436 379
435 380
435 381
435 382
435 383
435 384
435 385
435 386
435 387
435 388
435 389
435 390
435 391
434 392
433 393
432 394
431 394
430 394
429 394
428 394
427 394
426 394
425 394
424 394
423 395
422 396
421 397
420 398
419 399
418 400
417 401
416 402
415 403
414 404
413 405
412 406
411 406
410 406
409 407
408 408
407 409
406 410
405 411
404 412
404 413
404 414
404 415
404 416
404 417
404 418
404 419
404 420
404 421
403 422
402 423
401 424
400 425
399 426
398 427
397 428
396 429
396 430
395 431
394 432
393 433
392 434
391 435
390 436
390 437
389 437
388 436
387 435
386 434
385 433
390 438
390 439
390 440
391 441
392 442
393 443
394 444
395 445
396 446
396 447
396 448
397 449
398 450
399 451
400 451
401 451
402 451
403 451
404 451
397 431
398 432
399 433
400 434
401 435
402 436
403 436
404 436
405 436
406 436
407 436
408 436
409 437
410 438
411 438
412 438
413 438
414 438
415 438
416 438
425 395
425 396
425 397
425 398
425 399
425 400
425 401
425 402
425 403
425 404
461 375
462 376
463 377
464 378
465 379
464 380
463 381
462 382
461 383
461 384
461 385
461 386
460 387
459 388
458 389
457 390
456 390
455 390
454 390
453 390
471 365
472 366
473 367
474 368
475 369
476 370
477 371
478 372
479 373
480 374
480 375
490 359
491 360
492 361
493 362
494 363
495 364
496 365
497 366
498 366
499 366
500 366
501 366
502 366
503 366
504 366
505 367
505 368
505 369
505 370
505 371
505 372
505 373
505 374
505 375
505 376
505 377
505 378
505 379
504 380
503 381
502 382
501 383
500 383
499 383
498 383
497 383
496 383
495 383
495 384
494 384
493 385
492 386
491 387
490 388
489 389
488 390
487 391
486 392
485 393
484 394
483 395
482 396
481 397
480 398
479 399
478 400
477 401
476 402
475 403
474 404
473 404
472 404
473 405
474 406
475 407
476 408
477 409
478 410
478 411
478 412
478 413
478 414
478 415
477 416
476 417
475 418
474 419
473 420
472 421
471 422
470 423
469 424
469 425
469 426
469 427
469 428
469 429
468 429
467 429
466 429
465 429
464 429
463 429
462 429
461 428
460 427
459 426
458 425
457 424
457 423
457 422
457 421
457 420
457 419
457 418
457 417
457 416
456 415
456 414
456 413
456 412
455 411
454 410
453 409
452 408
456 425
455 426
454 427
453 428
452 429
451 430
450 431
449 432
448 433
447 434
446 435
445 436
444 437
443 438
442 438
470 430
471 431
471 432
471 433
471 434
471 435
471 436
471 437
471 438
471 439
471 440
471 441
479 416
480 417
481 418
482 419
483 420
484 421
485 422
486 423
487 424
488 425
489 426
490 427
491 428
492 429
493 430
494 431
495 432
496 433
497 434
495 385
495 386
495 387
495 388
495 389
495 390
495 391
495 392
496 393
497 394
498 394
499 394
500 394
501 394
502 394
503 394
504 394
505 395
506 396
507 397
508 398
509 399
510 400
511 401
512 402
513 403
514 404
515 405
515 406
515 407
516 407
517 407
518 407
519 407
520 407
521 407
522 407
523 407
524 407
525 407
526 406
527 405
528 404
529 404
530 404
531 404
532 404
533 403
534 402
534 401
534 400
534 399
534 398
534 397
534 396
534 395
534 394
534 393
534 392
534 391
534 390
535 389
535 388
535 387
534 386
533 385
532 384
531 383
530 382
529 381
528 380
527 379
526 378
525 377
524 376
524 375
523 375
525 375
526 375
527 374
528 373
529 372
530 371
531 370
531 369
531 368
531 367
531 366
531 365
531 364
531 363
531 362
531 361
530 360
529 359
528 358
527 357
536 386
537 385
538 384
539 383
540 382
541 381
542 380
543 379
544 378
545 377
545 376
545 375
545 374
545 373
545 372
545 371
545 370
545 369
545 368
546 367
547 366
548 365
549 365
550 365
551 365
552 364
553 363
554 362
555 361
556 360
556 359
555 359
554 358
553 357
552 356
551 355
550 354
549 353
548 352
547 351
557 359
558 359
559 359
560 359
561 359
562 359
563 359
564 359
565 359
566 358
567 357
568 356
569 355
570 354
571 353
571 352
571 351
571 350
570 349
569 348
568 347
567 346
566 345
566 344
566 343
566 342
566 341
566 340
565 340
564 339
563 338
562 337
561 336
560 335
559 334
558 333
557 332
556 331
566 339
567 338
568 337
569 336
570 335
571 334
572 333
573 332
573 331
573 330
573 329
573 328
573 327
573 326
574 325
575 324
576 323
577 322
578 321
579 320
580 319
574 333
575 334
576 335
577 336
578 337
579 338
580 339
581 339
582 339
583 339
584 339
585 339
586 339
587 339
588 339
589 339
572 354
573 355
574 356
575 357
576 358
577 359
578 360
578 361
578 362
578 363
578 364
578 365
578 366
578 367
579 367
580 367
581 367
582 367
583 367
584 367
585 367
586 367
587 367
588 367
589 367
590 367
591 367
592 367
536 390
537 391
538 392
539 393
540 394
541 395
542 395
543 395
544 395
545 395
546 395
547 395
548 395
549 395
550 395
551 395
552 395
553 395
554 394
555 393
556 392
557 392
558 392
559 392
560 392
561 392
562 392
563 392
564 391
565 390
566 389
567 388
568 387
569 386
570 385
571 386
572 387
573 388
574 389
575 390
576 391
577 392
578 393
579 394
580 395
581 396
582 397
583 397
583 396
583 395
583 394
583 393
583 392
584 391
585 390
586 391
587 392
588 393
589 394
590 394
591 394
592 394
593 394
593 393
593 392
593 391
593 390
593 389
593 388
593 387
594 386
595 385
596 385
597 385
598 385
599 385
600 385
601 385
602 385
603 385
604 385
605 385
606 385
607 386
608 387
609 388
610 389
610 390
610 391
610 392
610 393
610 394
609 395
608 396
607 397
606 398
605 399
605 400
605 401
605 402
605 403
606 404
607 405
608 406
609 407
610 408
611 409
612 410
613 411
614 412
615 413
616 414
617 415
617 416
618 416
619 416
620 416
621 416
622 416
623 416
624 416
625 416
626 416
627 415
628 414
616 417
615 418
614 419
613 420
612 421
611 422
611 423
610 424
609 425
608 426
607 427
606 428
605 429
604 430
603 431
602 432
601 433
600 433
599 433
598 433
597 433
598 434
599 435
600 436
600 437
600 438
600 439
600 440
600 441
599 442
598 443
597 444
596 444
595 444
594 444
593 444
592 444
591 445
590 446
589 447
588 448
587 449
586 449
585 449
584 449
583 449
611 395
612 396
613 397
614 397
615 397
616 397
617 397
618 397
619 397
620 397
621 397
622 397
623 397
624 397
625 397
626 397
627 397
628 397
629 397
630 397
631 397
632 397
633 396
634 395
635 394
636 393
637 392
638 391
639 390
640 389
641 388
642 387
643 386
643 385
643 384
643 383
643 382
643 381
643 380
642 379
641 378
640 377
639 376
638 375
637 374
636 373
635 372
634 372
633 372
632 372
631 372
630 372
629 372
628 372
627 372
626 372
635 371
635 370
635 369
635 368
634 367
633 366
632 365
631 364
630 363
629 362
628 361
627 360
626 359
625 358
624 357
623 356
622 355
621 354
620 353
619 352
618 352
617 351
616 350
615 349
614 348
614 347
614 346
615 345
616 344
617 343
618 342
619 341
620 340
621 341
622 341
623 341
624 341
625 341
626 341
627 341
628 341
629 341
630 341
631 341
632 341
633 341
634 341
635 341
636 341
637 341
638 341
639 341
640 341
641 341
642 341
643 341
644 341
645 341
646 340
644 387
645 388
646 389
647 390
648 391
649 392
649 393
649 394
583 398
583 399
584 400
584 401
584 402
584 403
584 404
584 405
584 406
584 407
584 408
584 409
584 410
584 411
584 412
584 413
528 403
528 402
528 401
527 400
526 399
525 398
524 397
523 396
522 395
521 394
520 393
519 392
516 408
517 409
518 410
519 411
520 412
521 413
522 414
523 415
524 416
524 417
524 418
525 419
526 420
527 421
528 422
529 423
530 424
531 424
531 425
531 426
531 427
531 428
531 429
532 430
533 431
534 432
535 433
536 434
537 435
538 436
538 437
538 438
538 439
538 440
539 441
540 442
541 442
542 442
543 442
544 442
545 442
546 442
547 442
548 442
549 442
550 442
551 442
532 423
533 422
534 421
535 420
536 419
537 418
538 418
539 418
540 418
541 418
542 418
543 418
544 418
545 418
546 418
547 418
548 419
549 420
550 421
551 422
552 423
553 424
554 425
555 426
556 426
557 427
558 428
559 429
560 430
561 431
562 432
563 433
564 434
564 435
564 436
564 437
564 438
514 408
513 409
512 409
511 409
510 409
509 409
508 409
507 409
506 409
505 409
504 409
502 296
503 297
504 298
505 299
506 300
507 300
508 300
509 300
510 300
511 300
512 300
431 227
430 228
430 229
430 230
430 231
430 232
430 233
430 234
430 235
430 236
431 237
432 238
433 239
434 240
435 241
436 242
437 243
438 244
439 245
440 246
441 246
440 247
439 248
438 249
437 250
437 251
437 252
437 253
437 254
437 255
436 255
435 255
434 255
433 255
432 255
431 255
430 255
429 255
428 254
442 247
443 248
444 249
445 250
446 251
446 252
446 253
446 254
447 255
448 256
449 257
450 258
451 259
452 260
453 261
454 262
455 263
456 263
457 263
458 263
459 263
460 263
461 263
462 263
463 263
464 263
465 262
466 261
467 260
467 259
467 258
467 257
467 256
467 255
467 254
467 253
466 252
465 251
464 250
468 261
468 262
468 263
468 264
468 265
468 266
468 267
468 268
468 269
469 270
470 271
471 272
472 273
473 274
474 275
475 276
476 277
477 278
478 279
478 280
478 281
478 282
478 283
477 284
476 285
475 286
474 287
473 288
472 289
471 290
470 291
469 292
468 293
467 294
466 295
465 296
464 297
463 298
462 299
461 300
460 301
459 302
458 303
457 304
456 305
455 306
455 307
455 308
454 309
453 310
452 311
451 312
450 313
449 313
448 313
447 313
446 313
445 313
444 313
443 313
442 313
441 313
440 313
439 314
438 315
437 316
437 317
437 318
437 319
437 320
437 321
437 322
437 323
436 323
435 322
434 321
433 320
432 319
431 318
430 317
429 316
428 315
427 314
426 313
425 312
437 324
437 325
437 326
436 327
435 328
434 329
433 330
432 331
431 332
431 333
431 334
431 335
430 335
429 335
428 335
427 335
426 335
425 335
424 334
423 333
422 332
421 331
420 330
419 329
456 309
457 310
458 311
459 312
460 313
461 314
462 315
463 316
464 317
454 264
453 264
452 264
451 264
450 264
449 264
448 264
447 264
415 269
416 270
417 271
417 272
417 273
417 274
417 275
417 276
417 277
417 278
417 279
417 280
417 281
417 282
418 282
419 282
420 282
421 281
422 280
423 279
424 278
425 277
426 276
427 275
428 274
429 273
430 272
431 273
432 274
433 275
434 276
435 277
436 278
437 279
438 280
439 281
440 282
441 283
441 284
418 283
419 284
420 285
421 286
422 287
423 288
424 289
424 290
424 291
424 292
424 293
392 283
393 284
394 285
395 286
396 287
397 288
398 289
399 290
400 291
401 292
402 293
403 294
403 295
402 296
401 297
400 298
399 299
398 300
397 301
396 302
396 303
396 304
397 305
398 306
399 307
399 308
399 309
399 310
399 311
399 312
399 313
399 314
399 315
399 316
399 317
398 318
397 319
396 320
395 321
394 322
393 323
392 324
391 324
390 324
389 324
388 324
387 324
386 324
385 324
384 324
385 325
386 326
387 327
388 328
389 329
390 330
391 331
392 332
393 333
394 334
395 334
396 334
395 335
394 336
393 337
392 338
392 339
392 340
392 341
392 342
392 343
392 344
392 345
392 346
392 347
391 348
390 349
389 350
389 351
389 352
389 353
389 354
389 355
389 356
389 357
389 358
393 348
394 349
395 350
396 351
397 352
398 352
399 352
400 352
401 352
402 352
403 352
404 352
405 352
358 253
359 252
360 251
361 250
362 249
363 248
355 253
354 252
353 251
352 250
351 249
350 248
349 247
348 246
347 245
346 246
345 246
344 246
343 246
342 246
341 246
340 246
339 246
338 246
337 246
336 272
335 273
334 274
334 275
334 276
334 277
334 278
334 279
334 280
333 281
332 282
331 283
331 284
331 285
331 286
331 287
331 288
331 289
330 289
329 289
328 289
327 289
326 288
325 287
324 286
323 285
322 284
321 285
320 286
319 287
318 288
317 289
316 290
315 291
314 292
313 293
312 294
311 295
310 295
309 296
308 297
307 298
306 299
305 300
304 301
303 302
302 303
302 304
303 305
304 306
305 307
306 308
307 309
308 310
309 311
310 312
311 313
311 314
311 315
311 316
312 316
313 316
314 316
315 316
316 316
317 316
318 316
319 316
320 316
321 316
322 316
323 316
324 316
325 316
326 316
327 316
328 316
329 315
330 314
331 313
332 312
333 311
334 310
335 310
336 310
337 310
338 310
339 309
340 308
341 307
342 306
343 305
344 304
345 303
346 302
347 303
348 304
349 305
350 306
351 307
352 308
353 309
354 309
355 309
356 309
357 309
358 309
359 309
360 309
361 309
362 309
363 309
364 309
365 309
366 308
367 307
368 306
369 305
335 311
336 312
337 313
338 314
339 314
340 314
341 314
342 314
343 314
344 314
345 314
346 315
347 316
348 317
349 318
350 319
351 320
352 321
353 322
353 323
354 324
355 325
356 326
357 327
358 328
359 329
360 329
361 329
362 329
363 329
364 329
365 329
366 329
367 329
368 330
369 331
370 332
370 333
370 334
370 335
370 336
370 337
370 338
370 339
370 340
312 317
313 318
314 319
315 320
316 321
317 322
318 323
319 324
320 325
321 326
321 327
321 328
320 329
319 330
318 331
317 332
316 333
315 334
314 335
313 336
313 337
312 337
311 337
310 337
309 337
308 337
307 337
306 336
305 335
304 334
303 333
302 334
301 335
300 336
299 336
298 336
297 336
296 336
295 336
294 336
293 336
292 336
291 336
290 336
289 335
288 334
287 333
286 332
285 331
285 330
285 329
285 328
285 327
285 326
285 325
284 324
283 323
282 322
281 321
280 320
279 319
278 320
277 321
276 322
275 323
274 324
273 325
272 326
272 327
271 328
270 329
269 330
268 331
268 332
268 333
268 334
268 335
268 336
268 337
268 338
267 338
266 338
265 338
264 338
263 338
262 338
261 338
260 338
259 338
258 338
257 338
256 338
255 337
254 338
253 339
252 340
251 341
250 342
249 343
249 344
249 345
249 346
249 347
249 348
248 348
247 348
246 348
245 347
244 346
243 345
242 344
241 343
240 342
239 341
238 340
237 339
236 338
236 337
236 336
235 335
234 334
233 333
232 332
231 331
230 330
230 329
229 329
231 329
232 329
233 329
234 329
235 329
236 328
237 327
238 326
239 325
240 324
241 323
242 322
242 321
242 320
243 319
244 318
245 317
246 316
247 315
248 314
249 313
250 312
251 311
251 310
252 310
253 310
254 310
255 310
256 310
257 310
258 310
259 310
260 310
261 309
250 309
249 308
248 307
247 306
246 305
245 304
244 303
244 302
243 302
245 301
246 300
247 299
248 298
249 297
250 296
250 295
249 295
248 295
247 294
246 293
245 292
244 291
243 290
242 289
241 288
241 287
241 286
241 285
240 284
239 283
238 282
237 281
236 280
236 279
235 279
235 278
235 277
235 276
235 275
235 274
234 273
233 272
232 271
233 270
234 269
235 268
236 267
237 266
238 265
239 264
240 263
239 262
238 261
237 260
236 259
235 258
234 257
233 256
232 255
231 254
230 253
229 252
228 251
227 251
226 250
225 249
224 248
223 247
222 246
221 245
220 244
219 243
218 242
217 241
216 240
215 241
214 242
213 243
212 244
211 245
210 246
209 246
208 246
207 246
206 247
205 248
204 249
203 250
202 251
201 252
201 253
201 254
201 255
201 256
201 257
200 258
199 259
198 260
197 261
196 262
196 263
196 264
196 265
195 266
194 267
193 268
192 269
191 270
190 270
190 271
190 272
190 273
190 274
189 275
188 276
187 277
186 278
185 279
184 280
183 281
183 282
183 283
183 284
182 284
181 284
180 284
179 284
178 284
177 284
176 284
175 284
174 284
173 284
172 284
171 284
170 283
169 283
169 282
169 284
169 285
169 286
169 287
169 288
169 289
169 290
169 291
169 292
169 293
168 294
167 295
166 296
165 297
164 297
163 297
162 297
161 297
160 297
159 297
158 297
157 297
156 297
155 297
154 297
153 297
152 297
151 297
150 297
149 297
148 297
147 297
146 297
145 297
144 297
143 297
142 297
141 297
140 297
139 297
138 297
137 297
136 297
135 296
134 296
133 296
132 296
131 296
130 296
129 296
128 296
127 295
126 294
125 293
124 292
123 291
122 290
122 289
122 288
122 287
122 286
122 285
122 284
122 283
122 282
123 281
124 280
125 279
125 278
125 277
125 276
125 275
126 274
127 273
128 272
129 271
130 270
131 269
132 268
133 267
133 266
132 266
131 266
130 266
129 266
128 266
127 266
126 266
125 266
124 266
123 265
122 264
121 265
120 266
119 267
118 268
117 269
116 269
115 269
114 269
113 269
112 269
111 269
110 269
109 270
108 270
107 270
106 270
105 270
104 270
103 270
102 270
101 270
100 270
99 270
98 270
97 270
96 270
95 270
94 270
93 270
92 270
91 270
103 271
104 272
105 273
106 274
107 275
108 276
108 277
108 278
108 279
108 280
108 281
108 282
108 283
134 266
134 265
134 264
134 263
134 262
134 261
134 260
134 259
134 258
135 258
136 258
137 257
138 256
139 255
140 254
141 253
141 252
140 252
139 252
138 252
137 252
136 251
135 250
134 249
133 248
132 247
131 247
130 247
129 247
128 247
127 246
126 245
125 244
124 243
123 242
122 241
121 240
120 239
119 238
118 237
133 246
134 245
135 244
136 243
137 242
138 241
139 240
140 240
141 240
142 240
143 239
144 238
145 237
146 236
147 235
148 234
148 233
149 233
147 232
146 231
145 230
144 229
143 228
143 227
143 226
142 226
141 225
140 224
139 223
138 222
137 221
136 220
135 221
134 222
133 223
132 223
131 223
130 223
129 223
128 223
127 223
126 223
125 223
124 223
123 223
122 223
121 223
120 223
119 223
118 223
144 225
145 224
146 223
147 222
148 221
149 220
150 219
151 218
152 217
142 252
135 267
136 268
137 269
138 270
139 271
140 272
141 273
142 274
143 275
144 276
145 276
146 276
147 276
148 276
149 276
150 276
151 275
152 274
153 273
153 272
153 271
153 270
153 269
153 268
153 267
153 266
153 265
153 264
154 263
155 262
156 261
157 262
158 263
159 264
160 265
161 266
162 267
163 268
164 268
165 268
157 298
157 299
157 300
157 301
157 302
157 303
157 304
157 305
157 306
157 307
156 308
155 309
154 310
153 310
152 310
151 310
150 310
149 310
148 310
147 310
146 311
145 312
145 313
145 314
145 315
145 316
145 317
145 318
145 319
144 320
143 321
142 322
141 322
140 322
139 323
138 324
137 325
136 326
135 327
134 328
133 329
132 329
132 328
132 327
132 326
131 325
130 324
129 323
128 322
127 321
126 321
125 321
124 321
123 321
122 321
121 321
120 321
119 321
118 321
117 320
117 319
117 318
117 317
116 316
115 315
114 314
113 313
112 312
111 311
110 310
116 321
115 322
114 322
113 322
112 322
111 322
110 322
109 322
108 322
107 322
106 323
106 324
106 325
106 326
106 327
106 328
106 329
106 330
106 331
106 332
106 333
106 334
105 334
104 334
103 334
102 334
101 334
100 334
99 333
98 332
97 331
96 330
95 329
94 328
107 335
108 336
109 337
109 338
109 339
109 340
109 341
109 342
109 343
109 344
108 345
107 346
106 347
105 348
104 348
103 348
102 348
101 348
100 349
99 350
98 351
97 352
96 353
95 354
94 355
93 356
92 356
91 355
90 354
89 353
88 352
87 351
86 352
85 353
84 354
83 354
82 354
81 354
80 354
79 354
78 354
77 354
76 354
75 354
74 354
73 354
72 354
71 354
70 353
69 352
68 351
67 350
66 349
65 348
65 347
65 346
65 345
65 344
64 343
63 342
62 341
61 340
60 340
59 340
58 340
57 340
56 340
61 339
61 338
61 337
61 336
61 335
62 335
63 334
64 333
65 332
66 331
67 330
67 329
67 328
67 327
67 326
68 325
69 324
70 323
70 322
70 321
70 320
70 319
70 318
70 317
69 316
68 316
67 316
66 315
65 314
65 313
66 312
67 311
68 310
69 309
70 308
71 307
72 306
73 305
74 304
75 303
76 302
77 301
77 300
77 299
77 298
77 297
77 296
78 295
79 294
80 293
81 292
82 291
83 290
83 289
84 289
82 288
81 287
80 286
79 285
78 284
77 283
76 282
76 281
76 280
76 279
76 278
76 277
75 276
74 275
73 274
73 273
73 272
72 271
71 270
70 269
69 268
68 267
67 266
66 265
65 264
64 263
63 262
62 261
61 260
61 259
61 258
61 257
61 256
62 255
63 254
64 253
65 252
65 251
64 251
63 251
62 251
61 251
60 250
59 249
58 248
58 247
58 246
58 245
58 244
58 243
58 242
58 241
58 240
58 239
58 238
58 237
58 236
58 235
58 234
58 233
58 232
58 231
58 230
58 229
58 228
57 227
56 226
66 251
75 283
74 284
73 285
72 286
71 287
70 287
69 287
68 287
67 287
66 287
78 302
79 303
80 304
81 305
82 306
83 307
84 308
85 309
86 310
87 311
88 312
88 313
68 331
69 332
70 333
71 334
72 335
72 336
60 334
59 333
58 332
57 331
56 330
55 329
54 329
53 329
52 329
51 329
50 329
49 329
48 329
47 328
46 327
45 326
44 325
43 324
42 323
41 322
40 321
39 320
38 319
54 330
53 331
52 332
51 333
50 334
49 335
48 336
47 337
46 338
45 339
44 339
43 340
42 341
41 342
40 343
39 344
38 345
37 346
37 347
36 347
35 347
34 347
33 346
32 345
31 344
30 343
29 342
28 341
27 340
26 340
25 340
24 340
23 340
22 340
21 340
20 340
19 340
18 340
17 340
16 340
15 340
15 339
15 338
15 337
15 336
15 335
15 334
15 333
15 332
15 331
14 330
38 348
39 349
40 350
41 351
42 352
42 353
42 354
41 355
40 356
39 357
38 358
37 359
36 360
35 361
34 362
33 362
32 362
31 362
30 362
29 362
28 362
27 362
26 362
25 361
24 360
23 359
22 358
21 357
20 356
19 355
64 349
63 350
62 351
61 352
61 353
61 354
61 355
60 356
60 357
60 358
60 359
60 360
60 361
60 362
60 363
60 364
60 365
60 366
59 367
58 368
57 369
56 370
55 371
54 372
53 373
52 374
51 375
50 375
49 375
48 375
47 375
46 376
46 377
46 378
46 379
46 380
46 381
46 382
46 383
46 384
46 385
45 386
44 387
43 388
42 388
41 388
40 388
39 388
38 388
37 388
36 388
37 389
38 390
39 391
40 392
41 393
42 394
43 395
44 395
45 395
61 367
62 368
62 369
62 370
62 371
62 372
62 373
62 374
62 375
63 376
64 377
65 378
66 378
67 378
68 378
67 379
66 380
65 381
64 382
63 383
62 384
62 385
62 386
62 387
62 388
62 389
62 390
62 391
62 392
62 393
63 394
64 395
65 395
66 395
67 395
68 395
69 395
70 395
71 395
72 395
73 396
74 397
75 398
76 399
77 400
78 401
79 401
80 401
81 401
82 401
83 401
84 401
85 400
86 399
87 398
88 397
89 396
90 395
91 394
92 393
93 392
94 391
95 390
96 389
97 388
98 387
98 386
98 385
98 384
98 383
98 382
98 381
98 380
98 379
99 378
99 388
100 389
101 390
102 391
103 392
104 393
105 394
106 394
107 394
108 394
109 394
110 394
111 395
111 396
111 397
111 398
111 399
111 400
111 401
111 402
111 403
112 404
113 405
114 406
115 407
116 408
117 409
118 410
118 411
117 412
116 413
115 414
114 415
113 416
112 417
111 418
110 419
109 420
108 421
107 422
106 423
105 424
104 425
103 426
102 427
102 428
102 429
102 430
102 431
102 432
102 433
119 409
120 408
121 407
122 406
123 405
124 404
125 403
126 402
127 401
128 400
129 399
130 398
130 397
130 396
130 395
130 394
130 393
130 392
130 391
130 390
130 389
130 388
130 387
130 386
130 385
131 384
132 383
133 382
133 381
133 380
133 379
133 378
133 377
133 376
133 375
133 374
133 373
133 372
133 371
134 370
131 399
131 400
131 401
131 402
131 403
131 404
131 405
131 406
131 407
132 408
133 409
134 410
135 411
136 412
137 413
138 414
139 414
140 414
141 414
140 415
139 416
138 417
137 418
136 419
135 420
134 421
133 422
132 423
131 424
130 425
130 426
142 415
143 416
144 417
145 417
146 417
147 417
148 417
149 417
150 417
150 416
150 415
150 414
150 413
151 412
152 411
153 410
154 409
155 408
156 407
157 406
158 405
159 404
159 403
159 402
159 401
159 400
159 399
159 398
159 397
158 396
157 395
156 394
155 393
154 392
153 391
151 418
152 419
153 419
154 419
155 419
156 419
157 419
158 419
159 419
160 419
161 419
160 420
159 421
158 422
157 423
156 424
155 425
154 426
153 427
153 428
153 429
153 430
153 431
162 420
163 421
164 422
165 423
166 424
167 425
168 425
168 424
168 423
168 422
169 421
170 420
171 419
172 418
173 418
174 418
175 418
176 418
177 418
178 418
179 418
180 417
181 416
182 416
183 416
184 416
185 416
186 416
187 416
188 416
189 416
190 416
191 416
192 416
193 416
194 416
195 416
196 416
197 416
198 416
199 416
200 415
201 414
202 413
203 412
204 411
205 410
206 409
207 408
208 407
209 406
210 405
211 404
212 403
197 417
198 418
199 419
200 420
201 421
202 422
203 423
204 424
205 424
206 424
207 424
208 424
209 424
208 425
207 426
206 427
205 428
204 429
203 430
202 431
201 432
200 433
199 433
198 433
197 433
196 433
195 434
194 435
193 436
192 437
191 438
190 439
189 440
188 441
187 441
186 441
197 434
198 435
198 436
198 437
198 438
198 439
198 440
198 441
210 425
211 426
212 427
213 428
214 429
215 430
216 431
217 432
218 433
218 434
168 426
168 427
168 428
167 429
166 430
166 431
166 432
166 433
166 434
166 435
166 436
166 437
166 438
166 439
166 440
166 441
85 402
86 403
86 404
86 405
86 406
86 407
86 408
86 409
132 330
133 331
134 332
135 333
136 334
136 335
136 336
136 337
136 338
136 339
136 340
136 341
136 342
136 343
136 344
135 345
134 346
133 347
132 347
131 347
130 347
129 347
128 347
127 347
126 347
137 345
138 346
139 347
139 348
139 349
139 350
139 351
139 352
139 353
139 354
140 354
141 354
142 354
143 353
144 352
145 351
146 350
147 349
148 348
149 347
150 346
151 347
152 348
153 349
154 350
155 351
156 352
157 353
158 354
159 354
159 355
159 356
159 357
159 358
159 359
160 353
161 352
162 351
163 350
163 349
163 348
163 347
163 346
163 345
163 344
163 343
163 342
158 308
159 308
160 308
161 308
162 308
163 308
164 308
165 308
164 309
163 310
163 311
163 312
163 313
163 314
163 315
163 316
184 285
185 286
186 287
187 288
188 289
189 290
189 291
189 292
189 293
189 294
189 295
189 296
189 297
189 298
191 275
192 276
193 277
194 278
195 279
196 280
196 281
196 282
196 283
196 284
197 284
198 284
199 284
200 284
201 283
202 282
203 281
204 280
205 279
206 278
207 278
208 278
209 278
210 278
211 278
212 278
213 277
214 276
214 275
214 274
214 273
214 272
214 271
214 270
214 269
213 268
212 267
212 266
212 265
212 264
212 263
212 262
212 261
212 260
213 259
214 258
215 257
215 277
216 278
216 279
216 280
216 281
216 282
216 283
216 284
216 285
215 286
214 287
213 288
212 289
211 290
210 291
209 292
208 293
207 294
207 295
207 296
207 297
207 298
207 299
207 300
208 301
209 302
210 303
211 304
212 305
213 306
214 307
215 308
216 309
217 310
218 311
219 312
220 312
221 312
222 312
217 286
218 287
219 288
220 289
221 290
222 291
223 292
224 293
225 294
226 294
227 294
189 269
188 268
187 267
186 266
185 265
184 264
183 263
182 262
181 261
181 260
181 259
181 258
181 257
181 256
181 255
181 254
181 253
181 252
181 251
182 250
182 249
181 249
180 249
179 249
178 249
177 249
176 249
175 249
174 249
173 249
172 249
171 249
170 249
169 248
168 247
167 246
166 245
165 244
164 243
164 242
165 242
164 241
164 240
164 239
164 238
164 237
164 236
164 235
164 234
164 233
164 232
166 241
167 240
168 239
169 238
170 237
171 236
172 235
173 234
174 233
175 232
175 231
175 230
175 229
175 228
175 227
175 226
176 225
177 224
178 223
183 249
241 262
242 261
243 260
244 259
245 258
246 257
247 256
248 255
248 254
248 253
248 252
248 251
248 250
248 249
248 248
248 247
249 246
250 245
250 244
249 244
248 243
247 242
246 241
245 240
244 239
243 238
242 237
241 236
240 235
239 234
238 233
237 232
237 231
237 230
237 229
237 228
237 227
237 226
237 225
237 224
237 223
238 222
239 221
240 220
251 244
252 245
253 246
254 247
255 248
256 249
257 250
258 251
259 252
260 253
261 254
262 255
249 256
250 257
251 258
252 259
252 260
252 261
252 262
252 263
252 264
252 265
252 266
237 279
238 279
239 279
240 279
241 279
242 279
243 279
244 278
251 295
252 295
253 295
254 295
255 295
256 294
257 293
258 292
259 291
260 290
261 289
261 288
261 287
261 286
262 285
263 284
264 283
265 282
266 281
267 280
268 280
269 280
270 280
271 280
272 280
273 280
274 280
275 279
276 278
277 277
278 276
279 275
280 275
281 275
282 275
283 275
284 275
285 275
286 275
287 275
288 274
289 273
290 272
291 271
292 270
293 269
294 268
295 267
295 266
295 265
295 264
295 263
295 262
295 261
295 260
295 259
295 258
295 257
295 256
296 255
296 254
295 254
294 253
293 252
292 251
291 250
290 249
289 248
288 247
287 247
286 247
285 247
284 247
283 247
282 246
281 245
280 244
279 243
278 242
277 241
276 240
275 239
274 238
274 237
274 236
274 235
274 234
274 233
274 232
274 231
274 230
274 229
273 228
272 227
271 227
270 227
269 227
268 227
267 227
266 227
265 227
264 227
263 227
272 226
272 225
272 224
272 223
272 222
272 221
273 220
274 219
275 218
276 217
277 216
278 216
278 217
279 218
280 219
281 220
282 221
283 222
284 222
285 222
286 222
287 222
288 222
279 215
280 214
281 213
282 212
283 211
284 210
285 209
286 208
287 207
288 206
289 205
289 204
289 203
289 202
289 201
289 200
290 199
291 198
292 197
293 196
294 195
294 194
294 193
294 192
294 191
294 190
294 189
294 188
293 187
292 186
291 185
290 184
289 183
288 182
287 181
287 180
287 179
287 178
287 177
287 176
287 175
288 174
289 173
290 172
291 171
292 170
293 169
294 168
295 167
296 166
296 165
296 164
296 163
296 162
296 161
296 160
296 159
296 158
296 157
296 156
295 155
294 156
293 157
292 158
291 158
290 158
289 158
288 158
287 158
286 158
285 158
284 158
283 158
282 158
281 158
280 159
279 160
278 161
277 161
276 161
275 161
274 161
273 161
272 161
271 161
270 161
269 161
268 161
267 161
266 161
265 161
264 161
263 161
262 161
261 161
260 161
259 161
258 160
257 159
256 158
256 157
256 156
256 155
256 154
256 153
256 152
255 151
254 150
253 149
252 148
251 147
250 146
249 145
248 144
247 143
255 159
254 159
253 159
252 159
251 159
250 159
249 159
248 159
247 160
246 161
245 162
244 162
243 162
242 162
241 162
240 162
239 162
238 162
237 162
236 162
235 162
234 162
233 162
232 162
231 162
230 161
229 160
228 159
227 158
226 157
225 156
224 157
223 158
222 159
221 160
220 161
219 162
218 163
218 164
237 163
238 164
239 165
240 166
241 167
242 168
243 169
244 170
245 171
246 172
247 173
248 174
249 175
250 176
250 177
250 178
251 178
252 178
253 178
254 178
255 178
256 178
257 178
258 178
259 178
260 179
261 180
262 181
263 182
264 183
265 184
266 185
266 186
266 187
266 188
266 189
266 190
266 191
265 192
264 193
263 194
262 195
261 196
260 197
260 198
260 199
260 200
260 201
249 179
248 180
247 181
246 182
245 183
244 184
243 185
242 186
241 187
240 187
239 187
238 187
237 187
236 187
235 187
234 187
297 167
298 168
299 169
300 170
301 170
302 170
303 170
304 170
305 170
306 170
307 170
308 170
309 170
310 170
311 170
312 170
313 170
314 170
315 170
316 169
317 168
318 169
319 170
320 171
321 172
322 172
323 172
324 172
325 172
326 172
327 172
326 173
327 174
328 175
329 176
330 177
330 178
330 179
330 180
331 180
332 180
333 180
334 180
335 180
336 180
337 180
338 180
339 180
340 180
341 180
331 181
332 182
333 183
334 184
335 185
336 186
337 187
338 188
339 189
340 190
341 191
342 192
343 193
343 194
343 195
344 196
345 197
346 198
347 199
348 200
349 200
350 200
351 200
352 200
353 200
354 200
328 171
329 170
330 169
331 168
332 167
333 166
334 165
334 164
334 163
334 162
334 161
334 160
335 159
336 158
337 157
338 156
339 155
340 154
341 153
342 152
343 151
343 150
343 149
343 148
343 147
343 146
343 145
343 144
343 143
343 142
342 142
341 142
340 142
339 142
338 141
337 140
336 139
335 138
334 137
333 136
332 135
331 134
330 133
329 132
328 133
327 134
326 135
325 136
324 137
323 138
322 139
321 140
321 141
321 142
320 142
319 142
318 142
317 142
316 142
315 142
314 142
313 142
312 142
311 142
310 141
309 140
308 139
307 138
306 137
305 136
304 135
303 134
302 133
301 132
300 131
300 130
301 129
302 128
303 127
304 126
305 125
306 124
306 123
305 123
304 123
303 123
302 122
301 121
300 120
299 119
298 118
297 117
296 116
295 115
294 115
293 115
292 115
291 115
290 115
289 115
288 115
287 115
286 115
285 115
284 115
283 114
282 113
281 112
280 112
280 111
280 110
280 109
280 108
280 107
280 106
279 105
278 104
277 103
276 104
275 104
274 104
273 104
272 104
271 104
270 104
269 104
268 104
267 104
266 105
266 106
266 107
266 108
266 109
266 110
266 111
266 112
266 113
266 114
265 115
264 116
263 117
262 118
261 118
260 118
259 118
258 118
257 119
256 120
255 121
254 122
253 123
252 124
251 125
250 126
249 126
248 126
247 126
246 126
245 126
244 126
243 126
242 127
241 128
240 128
239 128
238 128
237 128
236 128
235 128
234 128
233 128
232 128
231 128
230 128
229 128
228 128
227 128
227 127
227 126
227 125
227 124
227 123
227 122
226 121
225 120
224 120
223 120
222 119
221 118
220 117
219 116
218 115
217 114
216 113
215 113
214 113
213 113
212 113
211 112
210 111
209 110
208 109
207 108
206 107
205 106
204 107
203 107
202 107
201 107
200 107
199 107
198 107
197 107
196 107
195 107
194 108
193 109
192 110
191 111
190 112
189 113
188 114
187 114
186 114
185 114
184 114
183 113
182 112
181 111
180 110
179 109
178 108
177 107
176 108
175 109
174 110
173 111
172 112
171 113
170 114
169 115
168 116
167 117
166 117
165 117
164 117
163 117
162 117
161 117
160 117
159 117
158 117
157 116
157 115
157 114
157 113
157 112
157 111
157 110
157 109
156 108
155 107
154 106
156 117
155 118
154 119
153 120
152 121
151 122
150 123
150 124
150 125
150 126
150 127
150 128
150 129
150 130
149 130
148 130
147 130
146 130
145 130
144 130
143 130
142 130
141 130
140 130
139 129
138 128
137 128
136 128
135 128
134 128
133 128
132 128
131 128
130 128
129 127
128 126
127 125
126 125
125 125
124 125
123 125
122 125
121 125
120 125
119 125
118 125
117 125
116 124
115 123
114 122
113 121
113 120
113 119
113 118
113 117
113 116
113 115
113 114
113 113
113 112
112 111
111 110
111 109
110 109
110 108
110 107
110 106
110 105
110 104
110 103
110 102
110 101
112 109
113 109
114 108
115 107
116 106
117 105
118 104
112 122
111 123
110 124
109 125
108 126
107 126
106 126
105 126
104 126
103 126
102 126
101 126
100 127
99 128
98 129
97 130
97 131
97 132
97 133
97 134
97 135
96 136
95 136
94 136
93 136
92 136
91 137
90 138
89 139
88 140
87 141
86 142
85 143
84 144
84 145
84 146
84 147
84 148
84 149
84 150
83 150
82 150
81 150
80 150
79 150
78 150
77 149
76 148
75 147
74 146
73 145
72 144
71 143
70 142
69 141
68 140
67 139
85 151
86 152
87 153
88 153
89 153
90 153
91 153
92 153
93 153
94 153
95 153
96 153
97 153
98 153
98 136
99 137
100 138
101 138
102 138
103 138
104 138
105 138
106 138
127 124
128 123
129 122
130 121
131 120
132 119
133 118
134 117
135 116
136 115
137 129
136 130
135 131
134 132
133 133
132 134
131 135
130 136
130 137
129 137
128 137
127 137
126 137
125 137
124 137
123 137
122 137
121 137
131 138
132 139
133 140
134 141
135 142
136 143
137 144
137 145
136 146
135 147
135 148
135 149
135 150
135 151
135 152
135 153
135 154
135 155
134 155
133 155
132 155
131 155
130 155
129 154
128 153
127 152
126 151
125 150
124 149
123 150
122 151
121 152
120 153
119 154
118 154
117 154
116 154
115 154
114 154
115 155
116 156
117 157
118 158
119 159
120 160
121 160
122 160
123 160
122 161
121 162
120 163
119 164
118 165
117 166
116 167
116 168
116 169
116 170
116 171
116 172
116 173
124 161
125 162
126 163
127 164
128 165
129 166
130 167
131 168
132 169
133 170
134 170
135 171
136 172
136 173
136 174
136 175
136 176
136 177
136 178
136 179
136 180
136 181
136 182
136 183
136 184
136 185
135 186
134 187
133 188
132 189
131 190
130 191
129 192
129 193
129 194
129 195
129 196
129 197
129 198
128 198
127 198
126 198
125 198
124 198
123 198
122 198
121 198
120 198
119 198
118 198
118 197
117 196
116 195
115 194
114 193
113 194
112 195
111 196
110 197
109 198
108 198
107 198
106 198
106 197
106 196
106 195
106 194
106 193
106 192
105 191
104 190
103 189
102 189
101 189
100 189
99 188
98 187
97 186
96 185
95 184
94 183
94 182
94 181
94 180
94 179
94 178
94 177
94 176
94 175
93 174
92 173
91 172
93 184
92 185
91 185
90 185
89 185
88 185
87 185
86 185
85 185
84 185
83 185
82 185
81 185
80 185
79 185
78 185
77 185
76 185
75 185
74 185
73 185
72 185
71 185
70 185
69 185
68 185
67 184
66 183
65 182
64 183
63 184
62 185
61 186
60 187
59 188
58 189
57 190
56 191
55 192
54 193
53 193
52 193
51 193
50 193
50 192
50 191
50 190
50 189
50 188
50 187
50 186
50 185
49 184
48 183
47 183
46 183
45 183
44 183
43 182
42 181
41 180
40 179
39 178
38 177
37 176
36 175
35 174
34 173
33 172
33 171
33 170
33 169
33 168
33 167
33 166
33 165
33 164
33 163
33 162
32 161
31 160
30 159
29 158
28 157
27 156
32 173
31 174
30 175
29 176
28 177
27 178
26 179
25 179
24 179
23 179
22 179
21 179
20 179
19 179
18 179
19 180
20 181
21 182
22 183
22 184
22 185
22 186
22 187
22 188
22 189
22 190
22 191
22 192
22 193
22 194
22 195
22 196
22 197
22 198
22 199
22 200
22 201
48 182
48 181
48 180
48 179
48 178
48 177
48 176
48 175
48 174
48 173
48 172
48 171
48 170
48 169
48 168
48 167
48 166
48 165
48 164
48 163
48 162
48 161
48 160
48 159
48 158
48 157
47 156
75 186
74 187
73 188
72 189
71 190
71 191
71 192
71 193
71 194
71 195
71 196
71 197
70 198
69 199
68 199
67 199
66 199
65 199
72 198
73 199
74 200
75 201
76 202
77 203
77 204
77 205
77 206
77 207
78 208
79 209
80 210
81 211
82 212
83 213
84 214
85 215
86 216
87 217
88 217
88 216
88 215
88 214
88 213
88 212
89 211
88 218
88 219
87 220
86 221
85 222
84 223
84 224
84 225
84 226
84 227
84 228
85 229
86 230
87 231
87 232
87 233
87 234
87 235
87 236
87 237
87 238
87 239
87 240
87 241
86 242
85 243
84 244
84 245
84 246
89 220
90 221
91 222
92 223
93 224
94 225
95 226
96 226
97 226
98 226
86 186
87 187
88 188
89 189
89 190
89 191
89 192
89 193
89 194
89 195
89 196
89 197
117 199
116 200
115 201
114 202
113 203
112 204
111 205
110 206
109 207
137 186
138 187
139 188
140 189
141 190
142 191
143 192
144 193
145 193
146 193
147 193
148 193
149 193
150 193
151 193
152 193
153 192
154 191
155 190
156 189
157 188
158 187
147 194
148 195
149 196
150 197
151 198
152 199
153 200
154 200
155 200
156 200
157 200
158 200
159 200
160 200
161 200
162 200
163 200
164 200
165 200
165 199
165 198
165 197
166 196
167 195
168 194
169 193
170 192
171 191
166 201
167 202
168 202
169 202
170 202
171 202
172 202
173 202
174 202
175 202
176 202
177 202
178 202
179 202
180 202
181 202
182 202
183 202
184 201
185 200
145 194
144 195
143 196
142 196
168 118
169 118
170 118
171 118
172 118
173 118
174 118
175 118
175 119
175 120
175 121
175 122
175 123
175 124
175 125
175 126
175 127
175 128
175 129
175 130
215 114
214 115
213 116
212 117
211 118
210 118
209 118
208 118
207 118
206 119
205 120
204 121
203 122
202 123
201 124
200 125
199 125
198 125
197 125
196 125
197 126
198 127
199 128
200 129
201 130
202 130
203 130
204 130
203 131
202 132
201 133
200 134
199 135
198 136
198 137
198 138
198 139
199 140
200 141
201 142
202 143
203 143
204 143
205 143
206 143
207 143
206 144
205 145
204 146
203 147
202 148
201 149
200 150
199 151
198 152
197 152
198 153
199 154
200 155
200 156
200 157
200 158
200 159
200 160
199 161
198 162
197 163
196 164
195 165
195 166
195 167
195 168
195 169
195 170
195 171
195 172
195 173
195 174
194 174
193 174
192 174
191 173
190 172
189 171
188 170
187 169
186 168
185 167
184 166
183 165
183 164
183 163
183 162
183 161
183 160
183 159
183 158
182 157
181 156
180 155
179 154
178 154
177 154
176 154
175 154
174 154
173 153
172 152
196 175
197 176
198 177
199 178
200 179
201 180
202 181
203 182
204 182
205 182
206 182
207 182
206 183
205 184
205 185
205 186
205 187
205 188
205 189
205 190
205 191
204 192
203 193
203 194
203 195
203 196
203 197
203 198
203 199
203 200
203 201
203 202
204 203
205 204
206 205
206 206
206 207
206 208
206 209
206 210
206 211
206 212
206 213
206 214
225 119
226 118
227 117
228 116
229 115
230 114
231 113
232 112
233 111
234 110
235 109
236 108
237 107
238 106
280 113
280 114
280 115
280 116
280 117
280 118
280 119
307 123
307 122
307 121
307 120
307 119
307 118
307 117
308 116
309 115
310 114
311 113
311 112
311 111
311 110
311 109
311 108
311 107
311 106
311 105
311 104
311 103
311 102
311 101
311 100
311 99
310 98
309 98
308 98
307 98
306 98
305 98
304 98
303 98
302 97
301 96
301 95
301 94
301 93
301 92
301 91
301 90
301 89
301 88
301 87
300 86
299 85
298 84
297 83
296 82
295 81
295 80
295 79
295 78
295 77
294 76
293 75
292 74
291 73
290 72
289 71
289 70
289 69
289 68
289 67
289 66
289 65
290 64
291 63
292 62
293 61
293 60
292 60
291 60
290 60
289 60
288 60
287 60
286 60
285 59
284 58
283 57
282 56
281 55
281 54
281 53
281 52
282 51
283 50
284 49
285 48
286 47
287 46
288 45
289 44
290 43
294 60
294 82
293 83
292 83
291 83
290 83
289 83
288 83
287 83
286 83
312 114
313 115
314 116
315 117
316 118
317 118
318 118
319 118
320 118
321 118
322 118
323 118
324 118
325 118
326 118
327 118
328 118
329 117
330 116
331 115
332 114
333 113
299 132
298 133
297 134
296 135
295 136
294 137
293 138
292 138
291 138
290 138
289 138
288 138
287 138
286 138
285 139
284 140
283 141
282 142
281 142
280 142
279 142
278 142
277 142
276 142
275 142
274 142
273 142
272 142
271 142
270 141
269 140
268 139
267 138
266 137
265 136
344 142
345 142
346 142
347 142
348 142
349 142
350 142
351 142
352 142
353 142
354 142
355 142
356 142
357 142
358 142
359 142
360 142
361 141
344 152
345 153
346 154
347 155
348 156
349 157
350 158
351 159
352 160
352 161
352 162
352 163
352 164
353 164
354 164
355 164
356 164
357 164
358 164
359 164
360 164
361 164
362 164
363 164
364 163
365 162
353 165
354 166
355 167
356 168
357 169
358 170
359 171
360 172
360 173
360 174
360 175
295 196
296 197
297 197
298 197
299 197
300 197
301 197
302 197
303 198
304 199
305 200
306 201
307 202
308 203
309 204
309 205
310 206
311 207
312 208
313 209
314 210
315 210
316 210
317 210
318 211
319 212
320 212
321 212
322 212
323 212
324 212
325 212
326 212
327 212
328 213
328 214
328 215
328 216
328 217
328 218
328 219
328 220
328 221
328 222
328 223
328 224
328 225
328 226
329 226
330 226
331 226
332 226
333 226
334 226
335 226
336 226
337 226
338 226
339 226
340 226
341 226
342 225
327 227
326 228
325 229
324 230
323 231
322 231
321 231
320 231
290 206
291 207
292 208
293 209
294 209
295 209
296 209
297 209
298 209
299 209
300 210
301 211
301 212
301 213
301 214
301 215
301 216
301 217
301 218
301 219
301 220
301 221
302 222
303 223
304 224
304 225
304 226
304 227
304 228
304 229
304 230
304 231
287 248
286 249
285 250
284 251
283 252
282 253
281 254
281 255
281 256
281 257
281 258
297 254
297 253
297 252
297 251
298 250
299 249
300 248
301 247
302 246
303 246
304 246
305 246
306 246
307 246
308 246
309 246
310 246
311 246
312 246
313 246
296 268
297 269
298 270
299 271
300 272
301 273
301 274
301 275
301 276
301 277
268 281
269 282
270 283
271 284
272 285
273 286
274 287
275 288
276 289
277 290
278 291
279 292
280 293
281 294
282 295
283 295
262 290
263 291
264 292
265 293
265 294
265 295
265 296
265 297
235 339
234 340
233 341
232 342
231 342
230 342
229 342
228 342
227 342
226 342
225 342
224 342
223 342
222 342
221 342
220 342
219 342
218 342
218 341
218 340
218 339
217 338
216 337
215 336
214 335
213 334
212 333
211 332
210 331
209 330
208 329
207 329
206 329
205 329
204 329
203 328
202 327
201 326
200 325
199 326
198 327
197 328
196 329
195 330
194 331
193 331
192 331
191 331
190 331
189 331
188 331
187 331
186 331
185 331
184 330
183 329
182 328
181 327
180 326
179 325
178 324
178 323
178 322
178 321
178 320
178 319
178 318
178 317
178 316
178 315
178 314
179 313
189 332
190 333
191 334
192 335
192 336
192 337
192 338
192 339
192 340
192 341
192 342
192 343
192 344
191 344
190 344
189 344
188 344
187 344
186 344
185 344
184 344
193 345
194 346
195 347
196 348
197 348
198 348
199 348
200 348
201 348
202 348
203 348
204 348
228 343
229 344
229 345
229 346
229 347
229 348
229 349
229 350
229 351
229 352
229 353
230 354
231 355
232 355
233 355
232 356
231 357
230 358
229 359
228 360
228 361
228 362
228 363
228 364
227 365
226 366
225 367
224 368
223 369
222 370
222 371
222 372
222 373
222 374
221 375
220 376
219 377
218 377
218 376
218 375
217 374
216 373
215 372
214 371
213 370
212 369
211 368
210 367
209 366
217 378
216 379
215 380
214 381
213 382
212 383
211 383
210 383
209 383
208 383
207 383
206 383
205 383
204 383
203 383
202 382
201 381
200 380
199 379
198 378
197 377
196 377
195 377
194 377
193 377
192 376
191 375
190 374
189 373
189 372
189 371
189 370
190 369
191 368
192 367
193 366
194 365
195 364
196 363
196 362
195 362
194 362
193 362
192 362
191 362
190 362
189 362
188 362
187 361
186 360
185 359
184 360
183 361
182 362
181 363
180 364
179 365
178 366
177 367
176 367
175 367
174 368
173 369
172 370
171 371
170 372
169 373
168 374
167 375
166 375
165 375
164 375
163 375
162 375
161 375
160 375
159 375
158 375
157 375
156 375
155 375
154 375
153 375
152 375
168 376
169 377
169 378
169 379
169 380
169 381
169 382
169 383
169 384
170 385
171 386
172 387
173 388
174 389
174 390
174 391
174 392
175 392
176 392
177 392
178 392
179 392
180 391
181 390
182 389
175 393
176 394
177 395
178 396
179 397
179 398
179 399
179 400
179 401
197 362
196 378
195 379
194 380
194 381
194 382
194 383
194 384
194 385
223 375
224 376
225 377
226 378
227 379
228 380
229 381
230 381
231 381
232 381
231 382
230 383
230 384
230 385
230 386
230 387
230 388
230 389
230 390
230 391
230 392
230 393
230 394
230 395
230 396
230 397
230 398
230 399
230 400
230 401
230 402
230 403
230 404
233 382
234 383
235 384
236 385
237 386
238 387
239 388
240 389
241 390
242 390
243 390
244 390
245 391
246 392
247 393
248 394
249 395
250 396
251 397
252 398
253 398
254 398
255 398
256 398
257 398
258 399
259 400
260 401
261 402
262 403
263 404
264 404
264 403
264 402
264 401
265 400
266 399
267 398
268 397
269 396
270 395
271 394
272 393
273 392
274 391
275 390
264 405
265 406
266 407
267 408
268 409
269 410
270 411
271 412
271 413
271 414
271 415
271 416
271 417
271 418
271 419
270 420
269 421
268 422
267 423
266 424
265 425
265 426
265 427
265 428
264 429
263 430
262 431
261 432
260 433
259 434
258 434
257 434
256 435
255 436
254 437
253 438
252 439
252 440
251 440
250 439
249 438
248 437
247 436
246 435
245 434
244 433
243 432
242 431
241 430
252 441
252 442
272 420
273 421
274 422
275 423
276 424
277 425
278 426
279 427
280 428
281 429
282 429
283 429
284 429
285 429
286 429
287 428
288 427
289 426
290 425
291 424
292 423
293 422
294 421
295 420
296 419
283 430
284 431
285 432
286 433
287 434
288 435
289 436
290 437
290 438
291 438
292 438
293 438
294 438
295 438
296 437
291 439
292 440
293 441
294 442
295 443
296 444
297 445
298 446
298 447
298 448
298 449
297 450
296 451
295 452
294 453
293 454
292 455
291 456
290 457
289 457
288 457
287 457
299 450
300 451
301 452
302 453
303 454
303 455
304 455
303 456
303 457
303 458
303 459
305 454
306 453
307 452
308 451
309 450
310 449
310 448
310 447
310 446
310 445
310 444
310 443
310 442
311 441
312 440
313 439
314 438
315 437
316 436
317 435
318 434
319 433
319 432
319 431
319 430
319 429
319 428
319 427
319 426
319 425
319 424
320 423
320 422
320 421
320 420
320 419
320 418
320 417
320 416
320 415
321 414
322 413
323 412
324 411
289 439
288 440
287 441
286 441
285 441
284 441
283 441
282 441
229 365
230 366
231 367
232 367
233 367
234 367
235 367
269 339
270 340
270 341
270 342
270 343
270 344
270 345
270 346
270 347
270 348
270 349
270 350
270 351
270 352
270 353
270 354
270 355
270 356
270 357
270 358
271 359
272 360
273 361
274 362
275 362
276 362
277 362
278 362
279 362
280 362
281 362
282 362
283 362
284 362
285 361
286 360
287 359
314 338
314 339
314 340
314 341
314 342
314 343
314 344
314 345
314 346
314 347
315 348
316 348
317 348
318 348
319 348
320 348
321 348
322 348
323 348
324 348
325 349
326 350
327 351
328 352
329 353
329 354
329 355
329 356
329 357
330 357
331 357
332 357
333 357
334 357
335 357
336 357
337 357
338 356
338 355
338 354
338 353
338 352
338 351
338 350
338 349
338 348
338 347
338 346
339 346
340 346
341 346
342 346
343 346
344 346
345 346
346 345
347 344
348 343
349 342
350 341
351 340
352 341
352 342
352 343
352 344
352 345
352 346
352 347
352 348
328 358
327 359
326 360
326 361
326 362
326 363
326 364
326 365
326 366
325 367
324 368
323 369
322 369
321 369
320 369
319 369
318 369
317 369
316 369
315 369
314 369
327 367
328 368
329 369
330 370
330 371
330 372
330 373
330 374
330 375
331 375
332 375
333 374
334 373
335 372
336 371
337 370
338 369
339 368
340 367
341 368
342 369
342 370
342 371
342 372
342 373
342 374
342 375
343 376
344 377
345 378
346 379
347 380
348 381
349 382
350 383
351 384
352 385
353 386
354 387
355 388
356 389
357 390
358 390
359 390
360 390
361 390
362 390
363 390
364 389
365 388
366 387
367 386
368 385
369 384
370 383
371 382
372 381
372 380
372 379
372 378
371 377
370 376
369 375
368 374
367 373
366 372
365 371
364 370
364 369
364 368
364 367
364 366
364 365
364 364
364 363
365 362
366 361
367 360
373 382
374 383
375 384
376 385
377 386
378 387
379 388
380 389
381 390
382 391
383 392
384 393
385 394
386 394
387 394
388 394
389 394
390 393
391 392
392 392
393 392
394 392
395 392
396 392
397 392
398 392
399 392
400 392
401 392
402 392
403 391
404 390
386 395
387 396
388 397
389 398
390 399
391 400
392 401
393 402
393 403
384 395
383 396
382 396
381 396
380 396
379 396
378 396
377 396
376 397
375 398
374 399
373 400
373 401
373 402
373 403
373 404
373 405
373 406
373 407
372 408
371 409
370 410
369 411
368 412
367 413
366 414
365 415
364 416
363 417
362 418
361 419
360 420
359 421
358 422
357 422
356 422
355 422
354 422
353 422
352 422
353 423
354 424
355 425
356 426
356 427
356 428
356 429
356 430
356 431
356 432
356 433
356 434
356 435
356 436
356 437
357 438
358 439
359 440
360 441
361 442
362 443
362 444
362 445
362 446
362 447
362 448
362 449
362 450
362 451
362 452
361 452
360 452
359 452
358 452
357 452
356 452
355 452
354 452
361 453
361 454
361 455
361 456
361 457
361 458
361 459
361 460
361 461
360 462
359 463
358 464
357 465
356 466
355 466
354 466
353 466
352 467
351 468
350 469
349 470
348 470
347 470
346 470
345 470
344 470
343 471
342 472
341 473
340 474
339 475
338 476
337 477
336 478
336 479
336 480
336 481
336 482
335 483
334 484
333 485
332 486
331 487
330 488
330 489
330 490
330 491
330 492
329 492
328 491
327 490
326 489
325 488
324 487
323 486
322 485
321 484
320 483
319 484
318 485
317 486
316 487
315 488
314 489
313 490
312 491
311 492
310 493
309 494
308 495
308 496
307 496
306 496
305 496
304 496
303 496
302 496
301 496
300 496
299 496
298 496
297 496
296 495
295 494
294 493
294 492
294 491
294 490
294 489
294 488
293 487
292 486
291 485
290 484
330 493
330 494
330 495
330 496
330 497
337 483
338 484
339 485
340 486
341 487
342 488
343 489
344 490
345 491
346 492
347 493
348 494
349 495
350 496
351 497
352 498
353 499
354 500
354 501
354 502
355 502
356 502
357 502
358 502
359 502
360 502
361 502
362 501
363 500
364 500
364 501
365 502
366 503
367 504
368 505
369 506
370 507
371 507
372 507
373 507
365 499
366 498
367 497
368 496
369 495
370 494
371 493
372 492
373 491
374 490
374 489
374 488
373 487
372 486
371 485
370 484
369 483
368 482
367 483
366 483
365 483
364 483
363 483
362 483
361 483
360 483
359 483
358 483
353 503
352 504
351 505
350 506
349 507
348 507
347 507
346 507
345 507
346 508
347 509
348 510
349 511
350 512
351 513
352 514
353 515
354 515
355 515
362 462
363 463
364 464
365 465
366 466
367 467
368 468
369 469
370 470
371 470
372 470
373 471
374 472
375 473
376 474
377 475
378 476
379 477
380 478
381 478
382 478
383 478
384 478
385 478
386 478
387 478
388 478
389 478
390 478
391 478
392 477
393 476
394 477
395 478
396 478
397 478
398 478
399 478
400 478
401 478
402 478
403 478
404 478
405 478
406 478
407 478
408 478
409 478
410 478
411 478
412 477
405 479
406 480
407 481
408 482
408 483
408 484
408 485
408 486
408 487
408 488
408 489
407 490
406 491
405 492
404 493
403 494
402 495
401 496
400 497
399 498
399 499
400 500
401 501
402 501
403 501
404 501
405 501
406 501
407 501
408 501
409 501
410 501
411 501
411 502
412 502
413 502
414 502
415 502
416 502
417 502
418 502
412 500
413 499
414 498
415 497
416 496
417 495
418 494
419 493
420 492
421 491
422 490
403 479
402 480
401 481
400 482
399 483
398 484
397 485
396 486
396 487
356 391
355 392
354 393
353 394
352 395
351 396
350 397
349 397
348 397
329 376
328 377
327 378
326 379
325 380
324 381
324 382
323 383
322 384
321 385
320 386
319 386
319 387
319 388
319 389
318 385
317 384
316 383
315 382
314 381
313 382
312 383
311 384
310 385
309 386
308 386
307 386
306 386
305 386
304 386
303 386
302 386
301 386
300 386
325 383
326 384
327 385
328 386
329 386
330 386
331 386
332 386
322 329
322 330
322 331
322 332
322 333
322 334
322 335
322 336
855
320 269
337 271
345 268
355 254
362 262
373 260
369 275
360 281
379 283
391 282
402 275
401 258
403 250
411 249
409 235
423 224
420 214
412 210
411 201
405 192
396 189
390 180
385 172
384 156
396 154
385 142
400 140
397 125
383 123
374 107
363 110
363 120
411 109
402 93
398 81
408 75
422 72
414 56
422 50
396 60
386 53
380 47
372 37
368 30
352 27
346 17
329 28
338 41
327 50
312 55
351 44
346 55
333 65
347 67
342 78
344 91
359 69
365 85
377 56
368 52
378 64
379 193
383 203
374 208
361 222
388 210
394 219
390 234
403 181
413 192
421 199
433 189
433 180
429 170
416 154
432 226
445 223
458 227
471 236
483 240
496 231
504 227
491 212
483 199
474 210
476 218
495 193
498 185
508 184
514 196
509 206
527 209
528 220
523 186
533 186
540 176
550 171
534 196
545 188
547 210
556 212
571 215
582 214
585 206
586 197
600 198
602 184
601 173
582 174
622 155
627 140
634 164
638 156
644 143
630 174
615 201
572 194
596 226
608 223
616 230
630 215
630 207
631 232
627 246
624 259
620 262
605 272
597 276
599 288
604 302
596 308
604 319
616 304
626 313
615 278
628 289
642 270
646 239
603 235
521 181
529 172
531 163
530 152
539 148
534 143
530 139
524 128
509 113
492 105
526 120
530 104
512 130
501 130
489 135
479 144
471 143
457 150
446 157
445 148
436 135
432 126
440 128
448 126
452 114
456 106
469 102
460 119
469 118
503 139
492 150
500 154
493 161
488 172
475 171
472 158
465 182
455 180
453 192
449 205
500 166
517 157
513 167
538 132
556 126
548 108
558 112
574 114
584 110
576 102
593 128
585 139
569 147
585 152
507 240
523 237
484 252
487 265
502 262
516 257
524 256
538 256
502 274
493 281
501 295
491 301
481 302
479 315
494 319
505 326
509 316
509 332
522 327
531 314
544 309
543 296
537 286
535 277
545 271
553 258
557 283
569 292
578 280
576 259
580 250
580 293
576 304
528 293
517 281
553 304
559 313
541 326
529 309
526 336
508 345
499 346
476 344
463 334
489 358
479 360
470 364
460 374
447 365
444 353
435 356
423 352
439 376
425 373
435 391
424 394
410 406
404 421
396 430
385 433
390 440
396 448
404 451
408 436
416 438
425 404
465 379
461 386
453 390
480 375
504 366
505 379
495 383
484 394
472 404
478 415
469 429
457 424
456 415
452 408
442 438
471 441
497 434
495 392
504 394
515 407
528 404
534 402
535 389
523 375
531 370
527 357
545 377
548 365
547 351
557 359
571 353
566 345
556 331
573 332
580 319
589 339
578 367
592 367
548 395
556 392
570 385
585 390
593 394
595 385
606 385
610 394
605 403
617 416
628 414
611 423
597 433
600 441
592 444
583 449
623 397
643 386
635 372
626 372
619 352
614 348
620 340
628 341
646 340
649 394
583 399
584 413
519 392
524 418
531 429
538 440
551 442
537 418
547 418
556 426
564 438
504 409
512 300
430 236
441 246
437 255
428 254
446 254
455 263
467 260
464 250
468 269
478 283
464 297
455 308
440 313
425 312
437 326
431 335
419 329
464 317
447 264
415 269
417 282
430 272
441 284
424 293
403 295
396 304
399 317
384 324
396 334
392 347
389 358
405 352
363 248
347 245
337 246
334 280
331 289
322 284
310 295
302 304
311 316
320 316
334 310
346 302
359 309
369 305
345 314
353 323
367 329
370 340
321 328
313 337
303 333
294 336
285 331
279 319
272 327
268 338
255 337
249 348
236 338
229 329
242 322
252 310
261 309
243 302
241 288
235 279
232 271
240 263
228 251
216 240
207 246
201 257
196 265
190 274
183 284
169 282
169 293
157 297
149 297
135 296
122 290
125 279
122 264
110 269
102 270
91 270
108 283
134 266
134 258
132 247
118 237
139 240
149 233
143 228
136 220
128 223
118 223
152 217
142 252
145 276
153 273
156 261
165 268
157 307
147 310
145 319
140 322
127 321
117 320
110 310
107 322
106 334
94 328
109 344
101 348
92 356
87 351
77 354
65 348
61 340
56 340
67 330
70 323
69 316
65 314
77 301
84 289
76 282
73 274
61 260
58 248
58 235
56 226
66 251
66 287
88 313
72 336
55 329
38 319
44 339
37 347
27 340
15 340
14 330
42 354
28 362
19 355
61 355
60 366
47 375
46 385
36 388
45 395
62 375
68 378
62 393
72 395
84 401
98 387
99 378
110 394
111 403
118 411
102 433
130 398
133 382
134 370
131 407
141 414
130 426
150 417
159 404
153 391
161 419
153 431
172 418
181 416
196 416
212 403
209 424
196 433
186 441
198 441
218 434
168 428
166 441
86 409
132 330
136 344
126 347
139 354
150 346
159 359
163 350
163 342
165 308
163 316
189 298
196 284
206 278
214 276
212 267
215 257
216 285
207 300
222 312
227 294
181 261
175 249
164 243
164 232
175 232
178 223
183 249
248 255
237 232
240 220
251 244
262 255
252 266
244 278
251 295
261 289
267 280
279 275
295 267
288 247
274 238
272 227
263 227
277 216
288 222
289 205
294 195
287 181
296 166
295 155
281 158
271 161
256 158
247 143
248 159
236 162
225 156
218 164
250 178
259 178
266 191
260 201
234 187
309 170
317 168
325 172
330 180
341 180
343 195
354 200
334 165
343 151
329 132
321 142
308 139
300 131
295 115
280 111
277 103
267 104
266 114
258 118
243 126
227 128
225 120
216 113
205 106
195 107
185 114
177 107
167 117
157 116
154 106
150 130
138 128
127 125
113 121
110 109
110 101
118 104
101 126
97 135
92 136
84 150
67 139
98 153
106 138
136 115
130 137
121 137
137 145
135 155
124 149
114 154
123 160
116 173
134 170
136 185
129 198
118 198
114 193
106 198
103 189
94 183
91 172
85 185
76 185
65 182
50 193
48 183
33 172
27 156
18 179
22 201
48 168
47 156
71 197
65 199
77 207
89 211
88 219
84 228
87 241
84 246
98 226
89 197
109 207
146 193
158 187
157 200
165 200
171 191
174 202
185 200
142 196
175 118
175 130
207 118
196 125
204 130
198 139
207 143
197 152
200 160
195 174
183 165
179 154
172 152
207 182
205 191
203 202
206 214
238 106
280 119
307 123
311 113
310 98
301 96
295 81
289 71
281 55
290 43
294 60
286 83
321 118
333 113
286 138
273 142
265 136
344 142
361 141
352 164
365 162
360 175
302 197
309 205
317 210
327 212
328 226
342 225
320 231
299 209
301 221
304 231
281 258
297 254
302 246
313 246
301 277
283 295
265 297
227 342
218 342
208 329
200 325
188 331
178 324
179 313
192 344
184 344
204 348
229 353
233 355
228 364
222 374
218 377
209 366
207 383
197 377
189 373
185 359
175 367
167 375
152 375
169 384
174 392
182 389
179 401
197 362
194 385
232 381
230 394
230 404
244 390
257 398
275 390
264 405
271 419
265 428
257 434
241 430
252 442
282 429
296 419
290 438
296 437
298 449
287 457
303 459
310 449
319 433
320 423
324 411
282 441
235 367
270 358
275 362
287 359
314 347
324 348
329 357
338 356
338 346
351 340
352 348
326 366
314 369
330 375
340 367
342 375
357 390
372 381
364 370
367 360
385 394
391 392
404 390
393 403
377 396
373 407
352 422
356 437
362 452
354 452
361 461
353 466
344 470
336 482
320 483
308 496
294 493
290 484
330 497
347 493
354 502
363 500
373 507
374 490
368 482
358 483
345 507
355 515
372 470
380 478
393 476
404 478
412 477
408 489
399 499
410 501
418 502
422 490
396 487
348 397
324 382
319 389
314 381
300 386
332 386
322 336
