9237
332 270
331 270
330 270
329 269
328 268
327 267
334 271
335 272
336 273
337 274
338 275
339 275
340 275
339 276
338 277
337 278
336 279
335 280
334 281
333 282
332 283
331 284
330 285
329 286
328 287
327 288
326 289
325 290
324 291
324 292
324 293
324 294
324 295
323 296
322 297
321 298
320 299
319 300
319 301
319 302
319 303
319 304
318 304
317 303
316 302
315 301
314 300
313 299
312 298
311 297
310 296
309 297
308 298
307 299
306 300
305 301
304 302
303 302
302 302
301 302
300 302
300 303
300 304
300 305
300 306
300 307
300 308
300 309
300 310
300 311
300 312
299 313
298 314
297 315
296 316
296 317
295 317
294 316
293 315
292 314
291 313
290 312
289 311
288 310
287 311
286 312
285 313
284 314
283 315
282 316
281 316
281 315
280 314
279 313
278 312
277 311
277 310
277 309
277 308
277 307
277 306
276 305
275 304
274 303
273 302
272 301
271 300
270 299
269 299
268 299
267 299
266 299
265 299
264 299
263 299
262 299
261 298
260 297
259 296
258 295
257 294
256 294
255 294
254 294
253 294
252 294
251 294
250 294
249 294
249 293
249 292
249 291
249 290
248 289
247 288
246 287
245 286
257 293
257 292
257 291
257 290
257 289
257 288
257 287
257 286
281 317
281 318
281 319
281 320
296 318
296 319
296 320
297 321
298 322
299 323
300 324
301 325
302 326
302 327
302 328
302 329
302 330
303 331
304 332
305 333
306 334
306 335
306 336
306 337
306 338
306 339
305 340
304 341
303 342
302 343
301 344
300 344
299 344
298 344
297 344
296 344
295 345
294 346
293 346
292 346
291 346
290 346
289 346
288 346
287 346
286 346
285 346
284 346
283 346
282 346
281 346
280 346
279 346
278 345
277 344
276 343
276 342
276 341
276 340
276 339
276 338
276 337
275 336
274 335
273 334
272 333
271 334
270 335
269 336
268 337
267 338
266 339
265 340
264 341
264 342
264 343
264 344
263 345
262 346
261 347
260 348
259 349
258 350
257 350
256 350
255 350
254 350
253 350
252 350
251 350
250 350
249 350
248 350
247 350
246 350
245 350
244 350
243 349
242 349
241 348
240 347
239 346
238 345
237 344
236 343
235 342
235 341
235 340
235 339
235 338
235 337
235 336
236 335
237 334
238 333
238 332
238 331
238 330
237 329
236 328
235 327
234 326
233 325
232 324
231 323
230 322
230 321
230 320
230 319
231 318
232 317
233 316
234 315
235 314
236 313
237 312
238 311
239 312
240 313
241 314
242 315
243 316
244 317
245 318
246 319
247 319
248 319
249 319
250 319
251 319
252 319
253 319
254 319
255 318
256 317
257 316
258 315
259 314
260 313
249 320
250 321
251 322
252 323
253 324
254 325
255 326
256 326
229 323
228 324
227 325
226 326
225 327
224 327
223 327
222 327
221 327
220 327
219 327
218 327
217 327
216 327
215 326
214 325
213 324
212 323
211 322
210 321
209 320
208 319
207 318
207 317
207 316
207 315
207 314
207 313
207 312
207 311
207 310
207 309
206 308
206 307
205 307
205 306
205 305
204 304
203 303
202 302
201 301
200 300
199 299
198 298
197 298
196 298
195 298
194 298
193 298
192 298
191 298
190 297
189 296
189 295
189 294
189 293
189 292
189 291
189 290
189 289
189 288
189 287
189 286
190 285
190 284
190 283
190 282
190 281
190 280
190 279
190 278
190 277
191 276
192 275
193 274
194 273
195 272
195 271
195 270
195 269
195 268
195 267
195 266
195 265
195 264
196 263
197 262
198 263
199 264
200 265
201 266
202 267
203 268
204 269
205 270
206 271
207 272
208 273
209 273
210 273
211 273
212 273
213 273
214 273
215 273
216 273
217 273
218 273
218 272
219 271
220 270
221 269
222 268
223 267
224 266
225 265
226 264
227 263
228 262
229 261
229 260
228 260
227 259
226 258
225 257
224 256
223 255
222 254
221 253
229 259
229 258
230 257
231 256
232 255
233 254
234 253
235 252
236 251
237 252
238 253
239 254
240 255
241 256
242 257
242 258
242 259
243 259
243 260
244 261
245 262
245 263
245 264
245 265
245 266
245 267
245 268
245 269
244 258
245 257
246 256
247 255
248 254
249 253
250 252
250 251
250 250
250 249
249 248
248 247
247 246
246 245
246 244
245 244
247 244
248 244
249 244
250 244
251 244
252 244
253 243
254 242
255 241
256 240
256 239
256 238
256 237
256 236
256 235
256 234
256 233
256 232
256 231
255 231
254 231
253 231
252 231
251 231
250 231
249 231
248 230
247 229
246 229
245 229
244 229
243 229
242 229
241 229
240 229
239 229
238 229
237 229
237 228
237 227
237 226
237 225
237 224
237 223
237 222
236 221
235 220
234 219
233 218
232 218
231 218
230 218
229 218
228 218
227 218
226 218
225 218
224 218
223 218
222 218
221 218
220 217
219 216
218 215
217 214
216 213
215 212
214 211
213 211
212 211
211 210
210 209
209 208
208 207
207 206
206 205
205 204
204 203
203 202
202 202
201 202
200 202
199 202
198 202
197 202
196 202
195 201
194 200
193 199
192 198
191 198
190 198
189 198
188 198
187 198
186 198
185 197
184 196
183 195
182 195
181 195
180 195
179 195
178 195
177 195
176 194
175 193
174 192
173 191
172 190
171 189
170 188
169 187
168 186
168 185
168 184
168 183
168 182
168 181
167 180
166 179
165 178
164 177
163 176
162 175
161 174
160 173
159 172
159 171
159 170
159 169
159 168
158 167
157 166
156 165
155 164
154 163
153 162
152 161
151 160
150 159
149 158
148 159
147 160
146 161
145 162
144 163
143 163
142 163
141 163
140 163
139 163
138 163
137 163
136 163
135 163
134 163
133 163
132 163
131 162
130 161
129 160
128 159
127 159
126 159
125 159
124 159
123 158
122 157
121 156
120 155
119 154
118 155
117 156
116 157
115 158
114 159
113 160
112 161
111 162
110 163
109 164
109 165
109 166
109 167
108 167
107 167
106 167
105 167
104 167
103 167
102 167
101 167
100 167
99 168
98 169
97 170
96 169
95 168
94 167
93 166
93 165
93 164
93 163
93 162
93 161
93 160
93 159
93 158
93 157
92 156
92 167
91 168
90 169
89 170
88 171
87 172
86 172
85 172
84 172
83 172
82 172
81 172
80 172
79 173
78 174
77 175
76 176
75 176
75 177
75 178
75 179
76 179
75 180
75 181
75 182
75 183
75 184
75 185
75 186
75 187
75 188
75 189
76 190
77 191
77 192
77 193
77 194
77 195
77 196
77 197
76 198
75 199
74 200
73 201
72 202
71 203
71 204
70 204
69 203
68 202
67 201
66 200
65 199
64 198
63 197
62 196
71 205
71 206
71 207
71 208
72 209
73 210
74 210
75 210
76 210
77 210
78 210
79 210
78 211
77 212
76 213
75 214
74 215
73 216
72 217
71 218
70 219
69 220
68 220
68 221
68 222
68 223
68 224
68 225
68 226
68 227
68 228
68 229
68 230
68 231
68 232
68 233
67 234
66 235
65 236
64 237
63 238
62 239
61 240
60 241
59 242
58 243
57 244
56 245
56 246
56 247
56 248
56 249
69 234
70 235
71 236
72 236
73 237
74 238
75 239
76 240
77 241
78 242
79 243
79 244
79 245
79 246
79 247
79 248
80 248
81 248
82 248
83 248
84 248
85 247
86 246
78 249
77 250
76 251
75 252
74 253
73 254
73 255
73 256
73 257
73 258
73 259
73 260
72 261
71 262
71 263
71 264
71 265
71 266
71 267
71 268
71 269
74 261
75 262
76 263
77 264
78 265
79 266
80 267
81 268
82 269
83 270
84 270
80 211
81 212
82 213
83 214
84 215
85 216
86 217
86 218
86 219
87 220
88 221
89 222
90 223
91 224
92 225
93 226
93 227
93 228
93 229
94 230
95 231
96 232
97 233
98 234
99 235
99 236
99 237
100 237
101 237
102 237
103 237
104 236
105 235
106 234
107 233
108 232
109 231
110 230
110 229
110 228
110 227
110 226
110 225
110 224
109 223
108 222
107 221
77 180
78 181
79 182
80 183
81 184
82 184
83 184
84 184
85 184
86 184
87 185
88 186
89 187
90 188
91 189
92 190
93 191
94 192
95 193
96 194
97 195
98 195
99 195
100 195
101 195
102 195
103 194
104 193
105 192
106 191
107 190
108 190
109 190
110 190
111 190
112 190
113 190
114 190
115 190
116 190
117 189
118 188
119 187
120 186
121 185
121 184
121 183
121 182
121 181
121 180
122 179
123 178
124 177
122 186
123 187
124 188
125 189
126 190
127 191
127 192
127 193
127 194
127 195
127 196
127 197
127 198
127 199
127 200
127 201
127 202
74 175
73 174
72 173
71 172
70 171
69 170
68 169
67 168
67 167
68 166
69 165
70 164
71 163
72 162
73 161
73 160
73 159
73 158
73 157
74 156
75 155
76 154
77 153
77 152
76 152
75 152
74 152
73 152
78 152
78 151
78 150
78 149
78 148
78 147
78 146
78 145
78 144
79 143
80 142
81 142
82 142
83 142
84 142
85 142
86 142
87 142
88 142
89 142
90 142
91 142
92 142
93 142
94 142
95 142
96 142
97 141
98 140
99 139
100 138
101 137
101 136
101 135
101 134
101 133
101 132
101 131
100 130
99 129
99 128
99 127
99 126
100 125
101 124
102 123
103 122
104 121
105 120
106 119
107 118
108 117
109 116
110 115
111 114
112 113
113 112
114 111
115 110
115 109
115 108
115 107
115 106
116 105
117 104
118 103
119 102
120 101
121 100
122 99
116 111
117 112
118 113
119 114
120 115
121 116
122 117
123 118
124 119
125 120
126 120
127 120
128 120
129 120
66 169
65 170
64 171
64 172
64 173
64 174
64 175
63 176
62 177
61 178
60 179
59 180
59 181
59 182
58 182
57 182
56 182
55 182
54 182
53 182
52 182
51 181
51 180
51 179
50 178
49 177
48 176
47 175
46 174
45 173
44 172
44 171
44 170
45 170
44 169
43 168
42 167
41 166
41 165
41 164
41 163
41 162
41 161
41 160
41 159
41 158
41 157
41 156
42 155
40 167
39 168
38 168
37 168
36 168
35 168
34 169
33 170
32 171
31 172
30 173
29 174
28 175
27 176
26 177
25 178
24 179
23 180
22 181
21 182
20 182
20 181
20 180
20 179
20 178
20 177
20 176
20 175
20 174
20 173
20 172
20 171
19 170
20 183
21 184
22 185
23 186
24 187
25 188
26 189
27 190
28 191
29 192
30 193
31 194
32 195
33 195
34 195
33 196
32 197
31 198
30 199
29 200
28 201
27 202
26 203
25 204
24 205
23 206
22 207
21 208
20 209
19 210
18 210
17 210
16 210
35 196
36 197
37 198
38 199
39 200
40 201
41 202
40 203
39 204
39 205
39 206
39 207
39 208
39 209
39 210
39 211
38 212
37 213
36 214
35 215
35 216
35 217
35 218
35 219
46 169
47 168
48 167
49 166
49 165
49 164
49 163
49 162
50 161
51 160
52 159
53 158
54 157
55 156
55 155
55 154
55 153
55 152
55 151
55 150
55 149
55 148
55 147
55 146
54 145
54 144
54 143
54 142
55 141
56 140
57 139
58 138
59 137
60 137
61 137
62 136
63 135
64 134
65 133
128 158
128 157
128 156
128 155
128 154
129 153
130 152
131 151
131 150
131 149
131 148
131 147
131 146
131 145
130 144
129 143
128 142
127 141
126 140
158 173
157 174
156 175
155 176
154 177
153 178
152 179
151 180
151 181
151 182
151 183
184 194
185 193
186 192
187 191
188 190
189 189
190 188
191 187
192 186
193 185
194 184
195 183
196 182
197 181
198 180
198 179
197 179
196 178
195 177
194 176
193 175
192 174
191 173
190 172
189 171
189 170
188 170
187 169
186 168
185 167
184 166
183 165
182 164
181 163
190 169
191 168
192 167
193 166
194 165
195 164
196 163
196 162
195 162
194 161
193 160
192 159
191 158
190 157
189 156
188 155
187 154
187 153
187 152
187 151
187 150
187 149
187 148
187 147
187 146
187 145
187 144
186 143
185 142
184 141
183 140
183 139
182 139
181 140
180 141
179 141
178 141
177 141
176 141
175 141
174 141
173 141
172 141
172 140
172 139
172 138
171 137
170 136
169 135
168 134
167 133
166 132
165 131
164 130
163 129
162 128
161 127
160 126
159 125
159 124
159 123
160 122
161 121
162 120
163 119
164 118
165 117
166 116
166 115
165 115
164 115
163 115
162 115
161 115
160 115
159 114
158 113
157 112
156 111
155 110
154 109
153 108
152 107
151 106
150 105
167 115
158 126
157 127
156 128
155 129
154 130
153 130
152 130
151 130
150 130
149 130
148 130
184 139
185 139
186 139
187 139
188 138
189 137
190 136
191 136
192 136
193 136
194 136
195 136
196 136
197 135
196 161
196 160
196 159
197 158
198 157
199 156
200 155
201 154
202 155
203 156
204 156
205 156
206 156
207 156
208 156
209 156
210 156
211 156
212 156
213 157
214 158
215 159
216 160
217 161
218 162
219 163
220 164
221 165
222 166
223 167
224 167
225 167
226 168
226 169
226 170
226 171
226 172
226 173
226 174
226 175
227 175
228 174
229 173
230 172
231 171
232 170
233 169
234 168
235 167
236 166
235 165
234 164
233 163
232 162
231 161
230 160
229 159
228 158
227 157
226 156
226 155
225 155
225 154
225 153
225 152
225 151
225 150
225 149
225 148
225 147
225 146
227 155
228 155
229 155
230 155
231 155
232 154
233 153
234 152
235 151
199 179
213 212
212 213
211 214
210 215
209 216
208 217
207 218
206 219
205 220
204 221
203 221
202 221
201 221
200 222
199 223
198 224
197 225
196 226
195 227
194 228
193 229
192 229
191 229
190 229
189 229
214 210
214 209
214 208
214 207
214 206
214 205
215 204
216 203
217 202
222 219
221 220
220 220
219 220
218 220
217 220
216 220
215 220
233 217
233 216
233 215
233 214
233 213
233 212
233 211
234 210
235 209
236 208
237 207
238 206
239 205
236 230
235 231
234 232
233 233
232 234
231 235
230 236
229 236
228 236
227 236
226 236
225 236
224 236
223 236
222 236
221 236
220 236
219 236
218 235
217 234
247 228
247 227
248 226
249 225
250 224
251 223
252 222
253 221
254 220
255 219
257 231
258 231
258 232
259 233
260 234
261 235
262 236
263 237
264 238
265 239
266 240
267 241
268 242
268 243
268 244
268 245
268 246
268 247
268 248
268 249
268 250
268 251
269 252
270 253
271 254
272 255
273 256
274 257
275 258
275 259
275 260
276 260
275 261
275 262
275 263
277 259
278 258
279 257
280 256
281 255
282 256
283 257
284 257
285 257
286 257
287 257
288 257
289 257
290 257
291 257
292 257
293 258
294 259
295 260
296 261
297 262
298 263
299 264
300 265
301 266
302 267
302 268
303 268
304 267
305 266
306 265
307 264
308 263
309 262
310 261
310 260
310 259
310 258
310 257
310 256
310 255
310 254
309 253
308 252
307 251
306 250
305 249
305 248
305 247
306 246
307 245
308 244
309 243
310 242
311 241
312 240
313 239
314 238
315 237
315 236
314 236
313 236
312 236
311 236
310 236
309 236
308 235
307 234
306 233
305 232
304 231
316 236
316 235
317 234
318 233
319 232
320 231
321 230
322 229
323 228
324 227
325 226
326 225
327 224
328 223
329 222
330 222
331 222
332 222
333 222
334 222
335 222
336 222
337 222
338 222
339 221
329 221
329 220
329 219
329 218
329 217
329 216
329 215
329 214
329 213
328 212
327 211
326 210
317 237
318 238
319 239
320 240
321 241
322 242
323 243
324 244
325 245
326 245
326 244
326 243
326 242
326 241
327 240
328 239
329 238
330 237
331 236
332 237
333 238
334 238
335 238
336 238
337 238
338 238
339 238
340 239
341 240
342 241
343 242
344 243
345 243
346 243
347 243
348 243
349 243
350 243
351 243
352 243
353 242
354 241
355 240
356 239
357 238
358 237
359 236
360 235
361 234
362 233
363 232
364 232
365 232
366 232
367 231
368 230
369 229
370 228
371 227
372 227
373 227
374 227
375 227
376 227
377 226
378 225
379 224
380 223
381 222
382 221
383 220
384 219
385 218
386 217
387 216
388 215
389 214
389 213
388 213
387 213
386 212
385 211
384 210
383 209
382 208
382 207
382 206
382 205
382 204
382 203
383 202
384 201
385 200
386 199
387 198
388 197
389 196
390 196
391 196
392 196
393 196
394 196
395 196
396 196
397 196
398 196
399 196
400 197
401 198
402 199
403 200
404 201
405 202
406 203
407 204
408 205
409 206
410 207
411 208
412 209
413 210
414 211
415 212
416 213
416 214
416 215
416 216
416 217
416 218
416 219
416 220
416 221
416 222
417 223
418 224
419 225
420 226
421 227
422 228
423 229
423 230
423 231
423 232
423 233
423 234
423 235
424 236
425 237
426 238
427 239
427 240
427 241
427 242
427 243
427 244
427 245
427 246
427 247
427 248
428 248
429 248
430 248
431 248
432 248
433 248
434 247
435 246
436 245
437 244
438 243
439 242
440 241
441 240
442 239
442 238
442 237
442 236
442 235
442 234
442 233
442 232
442 231
442 230
442 229
442 228
442 227
442 226
442 225
442 224
442 223
442 222
442 221
441 220
440 219
440 218
440 217
440 216
440 215
440 214
441 213
442 212
443 211
444 210
443 209
442 208
441 207
440 206
439 205
438 204
437 203
436 202
435 201
435 200
435 199
435 198
435 197
435 196
435 195
434 194
433 193
432 192
432 191
432 190
433 189
434 188
435 187
436 186
437 185
438 184
439 183
440 182
441 181
445 211
446 212
447 213
448 214
449 215
450 216
451 216
452 216
453 216
454 216
454 215
454 214
455 213
456 212
457 211
458 210
459 209
459 208
459 207
459 206
459 205
459 204
459 203
458 202
457 201
457 200
456 200
458 200
459 200
460 200
461 200
462 199
463 198
464 197
464 196
464 195
464 194
465 193
466 192
467 191
468 190
469 189
470 188
471 187
472 186
472 185
472 184
472 183
472 182
472 181
472 180
472 179
472 178
472 177
471 176
470 175
469 174
468 173
460 210
461 210
462 210
463 210
464 210
465 210
466 210
467 210
468 210
469 210
470 210
471 209
472 208
473 207
474 206
475 205
476 204
477 203
478 202
479 201
480 200
480 199
480 198
480 197
480 196
480 195
481 194
482 193
483 192
484 191
484 190
484 189
484 188
484 187
484 186
484 185
484 184
484 183
485 182
486 181
487 180
488 179
488 178
488 177
488 176
488 175
488 174
488 173
488 172
488 171
488 170
488 169
488 168
488 167
488 166
488 165
487 164
487 163
487 162
487 161
487 160
487 159
487 158
488 157
488 156
487 156
486 156
485 155
484 154
483 153
482 152
481 151
480 150
479 149
478 148
477 147
476 146
476 145
475 145
474 145
473 145
472 145
471 144
470 143
469 142
468 141
467 140
466 139
465 138
464 137
464 136
463 135
462 134
461 133
460 132
459 131
458 130
457 129
456 128
455 127
455 126
455 125
455 124
455 123
455 122
455 121
455 120
455 119
455 118
454 117
453 116
452 115
452 114
452 113
451 113
450 112
449 111
448 110
447 109
446 108
445 107
444 106
443 105
442 104
441 103
440 102
439 101
452 112
452 111
452 110
452 109
453 108
454 107
455 108
456 109
457 110
458 111
459 112
460 112
461 112
462 112
463 112
464 112
465 112
466 112
466 111
466 110
466 109
466 108
466 107
466 106
466 105
466 104
467 103
468 102
469 101
470 100
471 101
472 102
473 102
474 102
475 102
476 102
477 102
478 102
479 102
480 103
481 104
481 105
481 106
481 107
481 108
481 109
481 110
481 111
481 112
481 113
481 114
482 114
482 115
483 116
484 116
485 116
486 116
487 116
488 116
489 116
490 116
483 113
484 112
485 111
486 110
487 109
488 108
489 107
490 106
491 105
492 106
493 107
494 108
495 109
496 110
497 110
498 110
499 110
500 110
501 110
502 110
503 110
504 110
505 110
506 110
507 110
508 110
509 110
510 110
511 110
512 110
513 109
514 109
515 109
516 109
517 109
518 109
519 108
520 107
521 106
522 105
523 104
524 103
525 102
526 101
514 110
515 111
516 112
517 113
518 114
519 115
520 116
521 117
522 118
523 119
523 120
524 121
525 122
526 123
527 123
528 123
529 123
530 123
531 123
532 123
513 108
513 107
513 106
513 105
513 104
513 103
513 102
513 101
513 100
502 111
503 112
504 113
505 114
506 115
506 116
506 117
506 118
506 119
506 120
506 121
506 122
465 135
466 134
467 133
468 132
469 131
470 130
477 144
478 143
479 142
480 141
481 140
482 139
483 138
484 137
485 137
486 137
487 137
488 137
489 137
490 137
491 137
492 137
493 137
494 137
495 137
496 137
497 137
498 136
499 137
500 138
501 139
502 140
503 141
504 142
505 143
505 144
505 145
505 146
505 147
504 148
504 149
504 150
504 151
504 152
504 153
504 154
504 155
504 156
504 157
504 158
505 159
506 160
507 161
508 161
509 161
510 161
511 161
512 161
513 161
514 161
515 161
516 161
517 161
517 160
517 159
517 158
517 157
517 156
517 155
517 154
518 153
519 152
520 151
521 150
522 149
523 148
524 147
524 146
524 145
524 144
524 143
524 142
524 141
525 140
526 139
527 138
528 139
529 140
530 141
531 142
532 142
533 142
534 142
535 142
536 142
537 142
537 141
537 140
537 139
538 138
539 137
540 136
541 135
542 134
543 133
544 132
545 131
546 130
547 129
518 162
519 163
519 164
519 165
519 166
519 167
519 168
519 169
519 170
519 171
519 172
519 173
519 174
519 175
519 176
519 177
519 178
519 179
519 180
519 181
519 182
519 183
519 184
519 185
518 186
517 187
516 188
515 189
514 190
513 191
512 192
511 193
511 194
511 195
511 196
510 197
509 198
508 199
507 200
506 201
506 202
506 203
506 204
506 205
506 206
506 207
506 208
520 186
521 187
522 188
523 189
524 190
525 191
526 192
527 193
528 193
529 193
530 193
531 193
532 193
533 193
533 192
533 191
533 190
534 189
535 188
536 187
537 186
538 185
539 184
540 183
541 182
542 181
543 180
544 179
545 178
532 194
531 195
530 196
529 197
529 198
529 199
529 200
529 201
534 194
535 194
536 194
537 194
538 194
539 194
540 194
541 194
542 194
543 194
544 194
545 195
546 196
547 197
548 198
549 199
550 200
551 200
552 200
553 200
554 200
555 200
556 200
557 200
558 200
559 200
559 199
559 198
559 197
559 196
559 195
559 194
560 193
561 192
562 192
563 192
564 192
565 192
566 192
567 192
568 192
569 192
570 192
571 192
572 192
573 192
574 192
575 192
576 191
577 190
578 190
579 190
580 190
581 189
582 188
583 187
584 186
585 185
586 184
587 183
588 182
589 181
590 180
591 179
591 178
592 178
591 177
591 176
591 175
591 174
590 173
589 172
588 171
587 170
586 169
585 168
585 167
585 166
585 165
585 164
585 163
584 162
583 161
582 160
581 159
581 158
581 157
581 156
581 155
581 154
581 153
581 152
581 151
581 150
582 149
583 148
584 147
585 146
585 145
584 145
583 145
582 145
581 145
580 145
579 145
578 145
577 145
576 145
575 146
574 147
573 148
572 149
571 150
570 151
569 152
568 153
567 154
566 155
566 156
566 157
566 158
566 159
586 145
587 145
588 145
589 145
590 145
591 145
592 144
593 143
594 142
595 141
596 141
597 141
598 141
599 141
600 141
601 141
602 141
603 141
604 141
605 141
606 141
607 141
608 141
609 140
610 139
611 138
612 137
613 136
614 135
615 134
616 134
617 134
618 134
619 134
620 134
621 134
622 133
623 132
624 131
625 130
626 129
627 128
628 129
629 130
630 131
631 132
631 133
631 134
631 135
631 136
631 137
631 138
632 139
633 140
634 141
635 142
636 143
637 144
638 145
639 146
640 147
641 148
642 149
643 150
643 151
643 152
643 153
643 154
643 155
644 156
645 157
646 158
647 159
648 160
648 161
648 162
648 163
648 164
647 165
646 166
645 166
644 166
643 166
642 166
641 166
640 166
639 166
638 166
637 166
636 166
635 166
634 166
633 166
632 166
631 166
630 166
629 165
628 164
627 163
626 162
615 133
615 132
614 131
613 130
612 129
611 128
610 127
609 126
608 125
607 124
606 123
605 122
604 121
603 120
603 119
603 118
603 117
602 116
601 115
600 114
599 113
598 112
597 111
596 110
595 109
594 108
594 107
594 106
594 105
594 104
593 103
592 102
591 101
590 100
589 101
588 102
587 103
586 104
585 105
584 106
583 107
582 107
582 106
581 105
580 104
579 103
578 102
577 101
576 100
575 99
582 108
582 109
582 110
581 111
580 111
579 111
578 111
577 111
576 111
575 111
574 111
573 111
572 111
571 111
570 111
569 111
568 111
567 111
566 111
565 111
564 111
563 110
562 109
561 108
560 108
559 108
558 108
557 108
556 107
555 106
554 105
553 104
552 103
551 102
572 112
572 113
572 114
572 115
572 116
572 117
572 118
572 119
572 120
572 121
583 111
583 112
583 113
583 114
583 115
583 116
583 117
583 118
583 119
593 177
594 176
595 175
596 174
597 173
598 172
599 171
600 170
600 169
600 168
600 167
600 166
600 165
600 164
600 163
599 162
598 161
592 180
593 181
594 182
595 183
596 184
596 185
596 186
596 187
596 188
596 189
596 190
596 191
596 192
596 193
597 194
598 195
599 196
600 197
601 198
602 199
603 200
604 201
605 201
606 201
607 201
608 201
609 201
610 201
611 201
612 201
613 201
614 201
615 201
616 201
617 201
618 201
619 200
620 199
621 198
622 197
613 202
614 203
615 204
616 205
617 206
618 207
619 208
620 209
621 210
622 211
622 212
622 213
622 214
622 215
622 216
622 217
611 202
610 203
609 204
608 205
607 206
606 207
605 208
604 209
603 210
602 211
601 211
600 211
599 211
598 211
597 211
596 212
595 213
594 214
593 214
592 214
591 214
590 214
589 214
588 214
587 214
586 214
585 214
584 214
583 214
582 214
581 213
580 212
579 211
578 210
577 211
576 212
575 213
574 214
573 215
572 216
571 217
570 218
569 219
569 220
569 221
569 222
569 223
569 224
568 224
567 224
566 224
565 224
564 224
563 224
562 224
561 224
560 224
559 224
558 224
557 224
556 224
555 224
554 224
553 223
552 222
588 215
589 216
590 217
591 218
592 219
593 220
593 221
593 222
592 223
591 224
590 225
589 226
588 227
587 228
587 229
587 230
587 231
588 232
589 233
590 234
591 235
591 236
591 237
591 238
591 239
591 240
591 241
591 242
591 243
592 243
593 243
594 243
595 243
596 243
597 243
598 243
599 243
600 243
601 243
602 242
590 244
589 245
588 246
587 247
586 248
585 249
584 250
583 251
582 251
582 250
582 249
582 248
581 247
580 246
579 245
578 246
577 247
576 248
575 249
574 250
573 251
572 252
572 253
572 254
573 255
574 256
575 257
576 258
577 259
578 260
579 261
579 262
579 263
579 264
582 252
582 253
583 253
584 253
585 253
586 253
587 253
588 253
589 253
590 253
591 254
592 255
593 256
594 257
595 258
596 258
597 258
598 258
597 259
596 260
595 261
594 262
593 263
592 264
592 265
592 266
592 267
592 268
592 269
592 270
591 271
590 272
589 273
588 274
588 275
588 276
588 277
588 278
587 279
586 280
585 281
584 282
583 283
582 284
581 285
580 285
579 285
578 285
577 285
576 285
575 285
574 285
575 286
575 287
575 288
575 289
575 290
575 291
575 292
575 293
575 294
575 295
576 296
577 296
578 296
579 296
580 296
581 296
582 296
583 296
584 296
585 296
586 296
587 296
588 296
587 297
586 298
585 299
584 300
583 301
582 302
581 303
580 304
579 305
578 306
577 307
576 308
576 309
576 310
576 311
576 312
576 313
576 314
576 315
576 316
589 297
590 298
591 299
592 300
593 301
594 302
595 303
596 304
596 305
596 306
596 307
596 308
596 309
597 309
598 309
599 309
600 308
601 307
602 306
603 305
604 304
605 303
606 302
607 301
597 310
598 311
599 312
600 313
601 314
602 315
603 316
604 317
604 318
604 319
604 320
604 321
604 322
603 323
602 324
601 325
600 326
599 327
598 328
598 329
598 330
599 331
600 332
601 333
602 334
603 335
604 335
605 335
606 335
607 335
608 335
609 335
608 336
607 337
606 338
605 339
604 340
603 341
602 342
602 343
603 344
603 345
603 346
603 347
603 348
603 349
603 350
603 351
603 352
602 353
601 354
600 355
599 356
598 357
597 358
596 359
595 360
594 360
593 360
592 360
610 336
611 337
612 338
613 339
614 340
615 341
616 342
617 343
618 344
619 344
619 343
619 342
620 341
621 340
622 339
623 338
624 337
625 336
626 335
626 334
626 333
626 332
626 331
626 330
626 329
626 328
626 327
626 326
627 325
628 324
629 323
630 322
630 321
630 320
631 319
632 318
632 317
631 317
630 317
629 317
628 316
627 315
626 314
625 313
624 312
623 313
622 314
621 315
620 316
619 317
619 318
619 319
619 320
633 317
619 345
619 346
619 347
619 348
593 271
594 272
595 273
596 274
597 275
598 276
599 277
600 278
601 279
602 280
603 281
604 282
605 282
606 282
607 282
608 282
609 282
610 282
611 282
612 282
613 282
614 281
615 280
616 279
617 278
618 277
619 276
620 275
620 274
620 273
620 272
620 271
620 270
621 269
622 268
623 267
624 266
625 265
626 266
627 267
628 268
629 269
630 270
631 271
632 272
633 272
634 272
635 272
621 276
622 277
623 278
624 279
625 280
626 281
627 282
628 283
629 284
630 284
629 285
628 286
627 287
626 288
625 289
624 290
623 291
623 292
623 293
623 294
623 295
623 296
594 223
595 224
596 225
597 226
598 226
599 226
600 226
601 226
602 226
484 136
484 135
484 134
484 133
484 132
484 131
489 156
489 180
490 180
491 180
492 180
493 180
494 180
495 180
496 180
497 180
498 180
499 180
500 180
481 201
481 202
481 203
481 204
481 205
481 206
481 207
481 208
481 209
481 210
481 211
481 212
482 213
483 214
483 215
483 216
483 217
483 218
483 219
483 220
483 221
483 222
484 223
485 224
486 225
487 226
488 226
489 226
490 226
491 226
492 226
493 226
494 226
495 226
496 226
497 226
498 226
499 226
500 226
501 226
502 226
503 226
504 226
505 226
506 226
507 226
508 225
509 224
510 225
511 226
512 226
513 226
514 226
515 226
516 226
517 226
518 226
519 226
520 226
521 226
522 226
523 226
524 226
525 226
526 227
527 228
528 229
529 230
530 231
531 231
532 231
533 231
534 231
535 231
536 232
537 233
538 234
539 235
540 236
541 237
541 238
541 239
541 240
541 241
541 242
541 243
540 244
540 245
540 246
540 247
540 248
540 249
540 250
540 251
540 252
540 253
540 254
540 255
540 256
541 257
542 258
543 259
544 260
545 261
546 262
547 263
547 264
547 265
547 266
547 267
547 268
547 269
548 270
548 271
548 272
548 273
548 274
548 275
548 276
548 277
548 278
549 279
550 280
550 281
550 282
550 283
550 284
550 285
550 286
551 287
552 288
553 289
554 290
555 291
556 292
557 293
558 294
558 295
557 296
556 297
555 298
555 299
555 300
555 301
555 302
555 303
555 304
555 305
554 305
553 305
552 305
551 305
550 305
549 305
548 305
547 304
546 303
545 302
544 303
543 303
542 303
541 303
540 303
539 303
538 303
537 303
536 303
535 303
534 303
533 303
533 302
533 301
533 300
533 299
533 298
533 297
533 296
533 295
533 294
532 293
531 293
530 293
529 293
528 293
527 293
526 293
525 292
524 291
523 290
522 289
521 289
520 289
519 289
518 289
517 289
516 289
515 289
514 289
513 289
512 288
511 287
510 286
509 285
508 284
507 283
507 282
507 281
507 280
507 279
507 278
506 277
505 276
505 275
504 275
506 275
507 275
508 275
509 275
510 275
511 275
512 274
513 273
514 272
515 271
516 270
516 269
516 268
516 267
516 266
516 265
516 264
516 263
516 262
516 261
515 260
515 259
514 259
514 258
514 257
514 256
514 255
513 254
512 253
511 252
510 251
509 250
509 249
508 249
507 250
506 251
505 252
504 253
503 254
502 255
501 256
500 257
499 258
498 259
497 259
496 259
495 259
494 259
493 259
510 249
511 249
512 249
513 249
514 249
515 249
516 248
517 247
516 259
517 259
518 259
519 259
520 259
521 259
522 258
506 284
505 285
504 286
503 287
502 288
501 289
500 290
500 291
500 292
500 293
500 294
500 295
500 296
500 297
500 298
499 299
498 300
497 301
496 302
495 303
494 304
493 305
492 305
521 290
520 291
519 292
518 293
517 294
517 295
517 296
517 297
517 298
517 299
517 300
517 301
518 302
519 303
519 304
519 305
519 306
519 307
519 308
519 309
519 310
519 311
554 306
553 307
552 308
551 309
550 310
549 311
548 312
547 313
548 314
549 315
550 316
551 317
551 318
551 319
551 320
551 321
551 322
551 323
551 324
552 325
553 326
554 327
555 328
556 329
557 330
558 331
559 332
559 333
559 334
559 335
559 336
559 337
559 338
558 339
557 340
556 341
555 342
554 343
553 344
553 345
553 346
553 347
553 348
553 349
553 350
553 351
553 352
553 353
553 354
553 355
553 356
553 357
553 358
553 359
553 360
553 361
553 362
560 339
561 340
562 341
563 342
564 343
565 344
566 345
567 346
568 347
569 348
570 349
571 350
542 244
543 245
544 246
545 247
546 248
547 249
548 249
549 249
550 249
551 249
552 249
553 249
554 249
493 227
492 228
491 229
490 230
489 231
488 232
487 233
487 234
487 235
487 236
486 236
485 236
484 236
483 236
482 236
481 236
480 236
479 236
478 236
477 237
476 238
475 239
474 240
474 241
474 242
474 243
474 244
474 245
474 246
474 247
473 248
472 249
471 250
470 251
469 252
468 253
467 254
466 255
465 256
464 257
463 258
462 259
461 260
460 261
461 262
462 263
463 264
464 265
465 266
466 267
466 268
466 269
465 270
464 271
463 271
462 271
461 271
460 271
459 271
458 271
457 272
456 273
455 274
454 275
453 275
452 275
451 275
450 275
449 275
448 275
447 275
446 275
445 275
444 275
443 275
442 275
441 276
440 277
439 278
438 279
437 280
436 281
435 282
434 283
433 284
433 285
433 286
433 287
432 288
431 289
430 290
429 291
428 292
427 293
426 294
425 295
424 296
423 297
423 298
423 299
423 300
423 301
443 276
444 277
445 278
446 279
447 280
448 281
449 282
450 283
451 284
452 285
453 286
454 287
455 288
455 289
455 290
455 291
456 292
457 293
458 293
459 293
460 293
461 293
462 293
463 293
464 293
465 293
466 293
467 294
468 295
469 296
470 297
471 298
472 299
472 300
472 301
472 302
472 303
471 304
470 305
469 306
468 307
467 308
466 309
466 310
466 311
466 312
466 313
466 314
467 315
468 316
469 317
470 317
471 317
472 317
473 317
474 317
475 318
476 319
477 320
478 321
479 322
480 323
481 323
482 323
483 323
484 323
485 323
486 323
487 323
488 323
489 323
490 323
491 323
492 323
493 323
494 323
495 323
467 270
468 271
469 272
470 273
471 274
472 275
473 276
474 277
475 278
476 278
477 278
478 278
479 278
480 278
481 278
482 278
483 278
389 195
389 194
389 193
389 192
389 191
389 190
389 189
389 188
389 187
388 186
387 185
386 184
386 183
385 183
385 182
385 181
385 180
385 179
385 178
384 177
383 176
382 175
381 174
380 173
379 173
378 173
377 173
376 172
375 171
374 170
373 169
372 168
371 167
370 166
369 165
368 164
367 163
384 184
383 185
382 186
381 187
380 188
379 189
378 190
377 191
376 191
375 191
374 191
373 191
372 191
371 191
370 191
369 192
368 193
367 194
366 195
365 196
364 197
363 198
362 198
362 197
362 196
362 195
362 194
361 193
360 192
359 191
358 190
357 190
356 190
355 190
354 190
353 190
352 190
351 190
350 190
349 189
348 188
347 187
346 186
345 186
344 186
343 186
342 186
341 185
340 184
339 183
338 182
337 181
336 181
335 181
334 181
333 180
332 179
331 178
330 177
329 176
328 175
327 174
326 173
325 172
324 171
323 170
322 169
321 168
320 167
320 166
320 165
320 164
320 163
320 162
320 161
319 160
318 159
318 158
317 158
316 157
315 156
314 155
313 154
313 153
313 152
312 151
311 150
310 149
309 148
308 147
307 146
306 145
305 144
305 143
305 142
305 141
304 140
303 139
302 138
301 137
300 136
299 135
298 134
298 133
298 132
298 131
298 130
298 129
298 128
299 127
300 126
301 125
302 124
303 123
304 122
305 121
305 120
305 119
305 118
305 117
305 116
305 115
305 114
305 113
305 112
305 111
304 110
304 109
304 108
304 107
304 106
304 105
304 104
304 103
304 102
304 101
304 100
303 100
302 100
301 100
300 100
299 100
298 100
297 100
296 99
295 98
304 99
304 98
304 97
304 96
304 95
305 94
306 93
307 92
308 91
309 90
310 89
311 88
311 87
311 86
311 85
311 84
311 83
311 82
310 81
310 80
309 80
309 79
309 78
309 77
309 76
309 75
309 74
309 73
309 72
308 71
308 70
307 70
309 70
310 70
311 70
312 70
313 70
314 70
315 69
316 68
317 67
318 66
319 65
320 64
321 63
322 62
322 61
321 61
320 61
319 61
318 60
317 59
316 58
315 57
314 56
313 55
312 54
311 53
311 52
311 51
311 50
311 49
311 48
311 47
311 46
311 45
311 44
310 43
309 42
310 54
309 54
308 54
307 54
306 54
305 54
304 54
303 54
302 54
301 55
300 56
299 56
298 56
297 56
296 56
295 56
294 56
293 56
292 56
291 56
290 56
289 56
288 57
287 58
286 59
285 60
284 61
283 61
282 61
281 61
323 61
324 62
325 63
326 64
327 65
328 66
329 67
330 68
331 69
332 70
333 71
334 72
335 73
336 74
337 75
338 76
339 77
340 77
341 77
342 77
343 77
344 77
345 77
346 77
347 77
348 77
349 77
350 76
350 75
350 74
350 73
350 72
350 71
350 70
350 69
351 68
352 67
353 66
354 65
355 64
355 63
355 62
355 61
355 60
355 59
355 58
355 57
355 56
355 55
354 54
353 53
353 52
352 52
351 52
350 51
349 50
348 49
347 48
346 47
345 46
344 45
343 44
342 43
342 42
342 41
342 40
341 39
340 38
339 37
338 36
337 35
336 34
335 33
334 32
334 31
333 31
335 31
336 31
337 31
338 31
339 31
340 31
341 31
342 30
343 29
344 28
345 27
346 26
347 25
348 24
349 23
350 22
351 21
354 52
355 52
356 52
357 52
358 52
359 52
360 51
361 50
362 49
363 48
364 47
365 46
366 45
367 46
368 46
369 46
370 46
371 46
372 46
373 46
374 46
374 45
374 44
374 43
374 42
374 41
375 40
376 39
377 38
378 37
379 36
380 35
381 34
351 77
352 78
353 79
354 80
355 81
356 82
357 83
358 84
359 85
360 86
361 87
362 87
363 87
364 87
365 87
364 88
363 89
362 90
361 91
360 92
359 93
358 94
357 95
356 96
355 97
354 97
353 97
352 97
351 98
350 99
349 100
348 101
347 102
347 103
347 104
347 105
346 106
345 107
344 108
343 109
342 110
342 111
342 112
342 113
353 98
354 99
355 100
356 101
357 102
358 103
359 104
360 105
361 105
362 106
363 107
364 108
365 109
366 110
367 110
368 111
369 112
370 113
371 114
372 115
373 116
374 117
375 117
376 117
377 117
378 117
379 117
379 116
379 115
379 114
379 113
379 112
379 111
379 110
380 109
381 108
382 107
382 106
383 105
384 104
385 103
386 102
387 101
388 100
389 99
390 98
391 98
391 99
392 100
393 101
394 101
395 101
396 101
397 101
398 101
399 101
400 102
401 103
402 104
403 105
404 106
405 107
406 108
406 109
406 110
406 111
406 112
407 112
408 111
409 110
410 109
411 108
412 107
413 106
414 105
415 104
416 103
417 102
418 101
419 100
392 97
393 96
394 95
395 94
396 93
397 92
398 91
398 90
397 90
396 90
395 90
394 89
393 88
392 87
391 86
391 85
390 85
389 84
388 83
387 82
386 81
385 80
384 79
383 78
382 77
381 76
380 75
379 74
378 73
378 72
377 72
379 71
380 70
381 69
382 68
383 67
384 66
385 65
386 64
387 63
388 62
389 61
390 60
391 60
392 60
393 60
394 60
395 60
396 60
397 60
398 60
399 60
400 60
401 60
402 59
403 58
404 57
405 56
406 55
407 54
408 53
409 52
410 51
411 50
412 49
413 48
414 47
415 46
405 58
406 59
407 60
408 61
409 62
410 63
411 64
412 65
413 66
413 67
413 68
413 69
413 70
413 71
413 72
413 73
414 74
415 75
416 76
417 77
418 78
419 79
420 80
421 81
422 81
422 80
422 79
422 78
422 77
422 76
422 75
423 74
424 73
422 82
422 83
391 84
391 83
391 82
391 81
391 80
392 79
393 78
394 77
399 90
380 118
381 119
382 120
383 121
383 122
383 123
383 124
383 125
383 126
384 127
385 128
386 129
387 130
388 131
389 131
390 131
391 131
392 131
393 131
393 130
393 129
393 128
393 127
393 126
393 125
393 124
393 123
394 122
392 132
391 133
390 134
389 135
388 136
387 137
386 138
385 138
384 138
383 138
382 138
381 139
380 140
379 141
378 142
377 142
376 142
375 142
374 142
373 142
372 142
371 142
370 142
370 141
370 140
370 139
370 138
370 137
370 136
370 135
370 134
369 133
368 132
367 131
366 130
383 139
384 140
385 141
385 142
385 143
385 144
385 145
385 146
385 147
385 148
308 81
307 82
306 83
305 83
304 83
303 83
302 83
301 83
311 80
312 80
313 80
314 80
315 80
316 80
317 79
312 89
313 90
314 91
315 92
316 93
317 94
318 95
318 96
306 122
307 123
308 123
309 123
310 123
311 123
312 123
313 123
314 123
315 123
316 124
317 125
318 126
319 127
320 128
321 129
322 130
323 131
324 132
325 132
304 145
303 146
302 147
301 148
300 149
299 150
298 150
297 150
296 150
295 150
294 151
293 152
293 153
293 154
293 155
293 156
293 157
293 158
293 159
318 157
318 156
318 155
318 154
319 153
320 152
321 151
322 151
323 151
324 151
325 151
326 151
327 151
328 150
329 149
330 148
331 147
332 146
333 145
334 145
335 145
336 145
337 145
338 145
339 145
340 145
341 145
342 145
343 145
344 145
345 145
346 145
333 144
333 143
333 142
333 141
333 140
333 139
333 138
333 137
334 136
335 135
336 134
337 133
338 132
322 152
323 153
324 154
325 155
326 156
327 157
328 158
329 159
330 160
331 161
332 162
333 163
334 163
335 163
336 163
337 163
338 163
339 163
340 163
341 163
342 163
343 163
344 163
317 160
316 161
315 162
314 163
313 164
312 165
311 165
310 165
309 165
345 187
344 188
343 189
343 190
343 191
343 192
343 193
343 194
343 195
362 199
362 200
362 201
387 183
388 183
389 183
390 183
391 183
392 183
393 183
394 182
395 181
396 180
397 179
397 178
398 177
399 176
400 175
401 174
402 173
403 172
404 171
405 170
406 169
407 168
408 167
409 166
410 165
411 164
412 163
413 162
414 161
415 160
416 159
417 158
418 157
419 156
420 157
421 158
422 159
423 160
424 161
425 162
426 163
427 164
428 165
429 165
430 165
430 164
430 163
430 162
430 161
430 160
430 159
430 158
430 157
430 156
431 155
432 154
433 153
434 152
435 151
436 150
437 149
438 148
438 147
438 146
438 145
438 144
438 143
438 142
438 141
438 140
438 139
438 138
438 137
438 136
437 135
436 134
435 133
439 149
440 150
441 151
442 152
443 153
444 154
445 155
446 156
447 156
448 156
449 156
390 213
380 225
381 226
382 227
383 228
384 229
385 230
386 230
387 230
388 230
389 230
390 230
391 230
392 230
393 229
394 228
395 227
396 228
397 229
398 230
399 231
400 232
401 233
402 234
403 235
404 236
405 237
406 238
407 239
408 240
408 241
407 242
406 243
405 244
405 245
405 246
405 247
405 248
405 249
405 250
405 251
405 252
406 253
407 254
407 255
407 256
407 257
407 258
407 259
407 260
407 261
407 262
364 233
364 234
364 235
364 236
364 237
364 238
364 239
364 240
364 241
364 242
365 243
366 244
367 245
368 246
369 247
370 248
371 249
372 249
373 249
374 249
375 249
376 249
377 249
378 249
379 248
380 247
381 246
382 245
383 246
384 247
385 248
386 249
387 250
388 251
388 252
388 253
388 254
388 255
388 256
388 257
388 258
387 259
386 260
385 261
384 262
383 263
382 264
381 265
380 266
379 267
379 268
379 269
379 270
379 271
379 272
379 273
371 250
370 251
369 252
368 253
367 254
366 255
365 256
364 257
363 257
362 257
361 257
360 257
359 257
358 258
357 259
356 259
355 259
354 259
353 259
352 259
351 259
363 231
363 230
363 229
363 228
363 227
363 226
363 225
363 224
362 223
361 222
360 221
359 220
358 219
357 218
301 269
300 270
299 271
298 272
297 273
296 274
295 275
294 276
293 277
293 278
293 279
292 280
291 281
290 282
289 283
288 284
287 284
286 284
285 284
284 284
259 230
260 229
261 228
262 227
263 226
264 225
265 224
266 223
267 222
267 221
267 220
267 219
267 218
267 217
267 216
267 215
267 214
267 213
268 212
269 211
270 210
270 209
271 209
269 208
268 207
267 206
266 205
265 204
264 203
263 202
262 202
261 202
260 201
259 200
258 199
257 198
256 197
255 196
254 195
253 194
252 194
251 194
250 194
249 194
248 194
247 194
246 194
245 194
244 194
243 193
242 192
241 191
263 201
263 200
264 199
265 198
266 197
267 196
268 195
269 194
270 194
271 193
272 192
273 191
274 190
275 189
276 188
277 187
278 186
279 185
280 184
281 183
281 182
280 182
279 182
278 182
277 182
276 182
275 182
274 181
273 180
272 179
271 178
270 177
269 176
268 175
267 175
266 175
265 175
264 175
263 175
262 175
261 175
260 175
259 175
258 175
257 174
256 173
268 174
268 173
268 172
268 171
268 170
268 169
269 168
270 167
271 166
272 165
273 164
274 163
275 162
275 161
275 160
275 159
275 158
275 157
274 156
273 155
272 154
271 153
270 152
270 151
270 150
270 149
270 148
270 147
270 146
270 145
270 144
270 143
270 142
269 141
268 141
267 141
266 141
265 141
264 141
263 141
262 141
261 141
260 140
260 139
260 138
260 137
260 136
260 135
260 134
260 133
260 132
260 131
260 130
260 129
260 128
259 128
258 128
257 128
256 128
255 128
254 128
253 128
252 127
251 126
250 125
249 124
248 123
247 122
247 121
246 121
245 122
244 123
243 124
242 125
241 126
240 127
239 128
238 128
248 120
249 119
250 118
251 117
252 116
253 115
254 114
254 113
253 113
252 113
251 113
250 113
249 113
248 112
247 111
247 110
247 109
246 109
245 108
244 107
243 106
242 105
241 104
240 103
239 102
238 101
237 100
236 101
235 102
234 103
233 104
232 105
231 106
230 107
230 108
230 109
230 110
230 111
230 112
230 113
229 113
229 114
228 115
227 116
226 117
225 118
224 119
223 120
222 121
221 122
220 122
219 122
218 122
217 122
216 122
215 122
214 121
213 120
212 119
211 118
210 117
209 116
208 115
207 114
206 114
205 114
204 114
203 114
202 114
201 113
200 112
199 111
198 110
197 109
196 108
195 107
194 106
193 105
192 104
191 103
190 102
189 101
188 100
228 112
227 111
226 110
225 109
224 108
223 107
222 106
221 105
220 104
219 103
218 102
217 101
247 108
248 107
249 106
250 105
251 104
252 103
253 102
254 102
255 102
256 102
257 102
258 102
259 102
260 102
261 102
262 102
263 102
264 101
265 100
255 113
261 128
262 128
263 128
264 128
265 128
266 127
267 126
268 125
269 124
270 123
271 122
272 121
273 120
274 119
275 118
269 153
268 154
267 155
266 156
265 157
264 157
263 157
262 157
261 157
260 157
259 157
258 157
257 157
282 182
283 183
284 184
285 185
286 186
287 187
288 188
289 189
290 190
291 191
292 192
293 192
293 191
293 190
293 189
293 188
293 187
293 186
293 185
293 184
293 183
294 182
295 183
296 184
297 185
298 186
299 186
300 186
301 186
302 186
303 186
304 186
305 187
306 187
307 187
308 187
309 187
310 187
311 187
312 187
313 187
314 187
315 187
316 187
317 187
293 193
292 194
291 195
290 196
289 197
288 198
288 199
288 200
288 201
288 202
288 203
287 204
286 205
286 206
286 207
286 208
286 209
286 210
286 211
286 212
286 213
286 214
286 215
286 216
286 217
285 218
285 219
285 220
285 221
285 222
285 223
285 224
285 225
285 226
285 227
285 228
294 194
295 195
296 196
297 197
298 198
299 199
300 200
301 201
302 202
303 202
304 202
305 202
304 203
303 204
303 205
303 206
303 207
303 208
303 209
303 210
197 299
196 300
195 301
194 302
193 303
192 304
191 305
191 306
191 307
191 308
190 309
189 310
189 311
189 312
189 313
189 314
189 315
189 316
189 317
189 318
198 297
198 296
198 295
198 294
198 293
198 292
199 291
200 290
201 289
202 288
207 307
208 307
209 307
210 307
211 307
212 307
213 307
214 306
215 305
216 304
217 303
218 302
219 301
219 300
219 299
219 298
219 297
219 296
219 295
220 294
221 293
222 292
223 291
224 290
218 328
217 329
216 330
215 331
214 332
213 333
212 334
212 335
211 336
210 337
209 338
208 338
207 338
206 338
205 338
204 338
203 338
202 338
201 338
200 339
199 340
198 341
197 342
196 342
195 342
194 342
193 342
192 343
191 344
190 344
189 344
188 344
187 344
186 344
185 344
184 344
183 344
182 344
181 344
180 344
179 344
178 344
177 344
176 344
175 343
174 342
173 341
172 340
171 339
170 338
169 337
168 336
167 335
166 334
165 334
164 334
163 334
162 334
161 334
160 334
159 334
158 333
157 334
156 335
155 336
154 337
153 338
152 339
151 340
150 341
149 342
148 343
147 343
146 343
145 343
144 343
144 342
144 341
144 340
144 339
144 338
143 337
142 336
142 335
142 334
142 333
142 332
142 331
142 330
142 329
142 328
142 327
142 326
142 325
142 324
141 323
140 323
139 322
138 321
137 320
136 319
135 318
134 317
133 316
133 315
133 314
133 313
133 312
133 311
133 310
133 309
133 308
133 307
133 306
134 305
135 304
136 304
137 304
138 304
139 304
140 304
141 304
142 304
143 304
144 303
145 302
146 301
147 300
148 299
149 298
150 297
151 297
152 297
153 297
154 297
155 297
156 297
157 297
158 296
159 295
160 294
161 293
162 292
163 291
164 290
165 289
151 298
152 299
152 300
152 301
152 302
152 303
152 304
152 305
153 306
154 306
155 306
156 306
157 306
158 306
159 306
160 306
161 306
160 307
159 308
158 309
157 310
157 311
157 312
157 313
157 314
157 315
157 316
157 317
157 318
135 303
135 302
135 301
135 300
135 299
135 298
134 297
133 296
132 295
131 294
130 293
129 292
128 291
127 291
126 291
125 291
124 290
123 289
122 288
121 287
120 286
120 285
120 284
120 283
120 282
120 281
120 280
120 279
119 278
118 277
117 276
117 275
117 274
117 273
117 272
117 271
117 270
116 269
115 268
114 267
113 266
112 265
111 264
110 263
110 262
109 262
111 262
112 262
113 262
114 262
115 262
116 262
117 262
118 262
119 261
120 261
121 261
122 261
123 261
124 261
125 261
126 261
127 261
128 261
129 261
130 261
131 261
132 261
133 261
134 261
135 261
136 261
137 261
138 261
139 260
140 259
141 258
142 257
143 258
144 259
145 260
146 261
147 261
148 261
149 261
150 261
151 261
152 261
152 260
152 259
152 258
152 257
152 256
152 255
152 254
152 253
153 252
154 252
155 251
156 250
157 249
158 248
159 247
160 246
161 245
162 244
163 243
164 242
165 241
166 240
167 239
168 238
169 237
169 236
168 236
167 236
166 235
165 234
164 233
163 232
162 231
161 230
160 229
159 228
158 227
157 226
156 226
155 226
154 226
153 226
152 226
151 226
150 226
149 225
148 224
147 223
146 222
145 223
144 224
143 224
142 224
141 224
140 224
139 224
138 224
137 224
170 236
170 235
170 234
170 233
170 232
170 231
170 230
170 229
170 228
171 227
172 226
172 225
172 224
172 223
172 222
172 221
172 220
172 219
171 218
170 217
169 216
168 215
167 214
166 213
165 212
165 211
165 210
165 209
165 208
165 207
165 206
165 205
165 204
165 203
165 202
166 201
153 262
154 263
155 264
156 265
157 266
158 266
159 266
160 266
161 266
162 266
163 266
164 266
165 266
166 266
167 266
168 266
169 265
170 264
159 267
158 268
157 269
156 270
155 271
154 272
153 273
152 274
151 275
150 276
149 277
149 278
149 279
149 280
116 277
115 277
114 277
113 277
112 277
111 277
110 277
109 277
108 277
107 277
106 277
105 278
104 279
103 280
102 281
101 282
100 283
100 284
100 285
100 286
100 287
100 288
100 289
100 290
141 337
140 338
139 339
138 340
137 341
136 341
135 341
134 341
133 341
132 341
131 341
130 341
129 341
128 341
127 341
126 341
125 341
124 341
123 341
122 341
121 341
120 340
120 339
120 338
120 337
120 336
120 335
120 334
120 333
120 332
120 331
119 330
118 329
117 330
116 331
115 332
114 332
113 332
112 332
111 332
110 332
109 332
108 332
107 332
106 332
105 332
104 332
103 332
102 332
102 333
101 334
100 335
100 336
101 331
100 330
99 329
98 328
97 327
96 326
95 325
94 324
93 323
92 322
91 321
90 320
89 319
88 319
87 319
86 319
85 318
84 317
83 316
82 315
81 314
80 313
79 312
78 311
77 311
76 311
75 311
74 311
73 310
72 309
71 308
71 307
70 307
70 306
69 305
68 304
67 303
66 302
65 301
64 300
63 299
62 298
61 297
60 296
59 295
58 294
57 293
56 294
55 295
54 296
54 297
54 298
54 299
54 300
54 301
54 302
72 307
73 307
74 306
75 305
76 304
77 303
78 302
78 301
78 300
78 299
77 298
76 297
75 296
74 295
73 294
72 293
71 292
88 320
87 321
86 322
85 323
84 324
83 325
82 326
81 327
80 328
79 329
78 329
77 329
76 329
75 329
74 330
73 331
72 332
71 333
70 334
69 335
68 336
67 336
66 336
65 336
64 336
63 336
64 337
65 338
66 339
67 340
68 341
69 342
70 343
71 344
72 345
72 346
72 347
72 348
72 349
72 350
73 351
74 352
75 353
76 354
76 355
76 356
76 357
76 358
76 359
76 360
76 361
77 361
78 361
79 361
80 361
81 361
82 361
83 360
84 359
85 358
86 357
87 356
88 355
89 354
77 362
78 363
78 364
78 365
78 366
78 367
78 368
78 369
78 370
77 371
76 372
75 373
74 374
73 375
72 376
71 377
70 378
69 379
68 380
67 381
66 382
65 382
64 383
63 384
62 385
61 386
60 387
59 388
58 389
57 389
57 388
57 387
57 386
57 385
56 384
55 383
54 382
53 381
52 380
51 379
50 378
50 377
50 376
50 375
50 374
50 373
50 372
50 371
50 370
50 369
50 368
50 367
50 366
50 365
49 365
49 364
49 363
49 362
49 361
48 360
47 359
46 358
45 357
44 356
43 355
42 354
42 353
41 353
43 352
44 351
45 350
46 349
47 348
48 347
49 346
49 345
49 344
49 343
49 342
49 341
48 340
47 339
46 339
45 339
44 339
43 339
42 339
41 339
40 339
39 339
38 339
37 339
36 339
35 339
34 339
33 339
32 339
31 339
30 339
29 338
28 337
27 336
26 335
25 334
24 333
23 332
22 331
21 330
20 329
19 328
18 327
17 326
16 325
34 340
33 341
32 342
31 343
30 344
29 345
28 346
27 347
26 348
25 349
24 350
23 350
22 350
21 350
20 350
19 350
18 350
47 338
47 337
47 336
47 335
47 334
47 333
47 332
47 331
47 330
47 329
47 328
47 327
46 326
45 325
44 324
43 323
42 322
41 321
51 365
52 365
53 365
54 365
55 365
56 364
57 363
58 362
49 379
48 380
47 381
46 382
45 383
44 384
43 385
42 386
41 387
40 388
39 389
39 390
38 390
37 389
36 388
36 387
36 386
36 385
36 384
36 383
36 382
36 381
35 380
35 379
35 378
35 377
34 376
33 375
32 374
31 373
30 372
39 391
40 392
41 393
42 393
57 390
57 391
57 392
79 371
80 372
81 373
82 374
83 374
84 374
85 374
86 374
87 374
88 374
89 374
90 374
89 375
88 376
87 377
86 378
85 379
85 380
85 381
85 382
85 383
85 384
85 385
85 386
85 387
86 388
87 389
88 390
89 391
90 392
91 393
92 394
93 395
92 396
91 397
90 398
89 399
88 400
87 401
86 402
85 403
84 404
83 404
82 404
81 404
80 404
79 404
78 404
77 404
76 404
75 404
74 403
73 402
72 401
71 400
91 373
92 372
93 371
94 370
95 369
96 368
97 367
98 366
99 365
100 364
101 363
102 362
103 361
104 360
105 359
106 358
90 318
91 317
92 316
93 315
94 314
95 313
96 312
97 311
98 310
99 311
100 312
101 313
102 313
103 313
104 313
105 313
106 313
107 313
108 313
109 313
110 313
145 344
146 345
146 346
146 347
146 348
146 349
146 350
146 351
146 352
146 353
147 353
148 353
149 353
150 353
151 353
152 352
153 351
154 350
155 349
145 354
145 355
145 356
145 357
145 358
145 359
145 360
145 361
145 362
144 362
143 362
142 362
141 362
140 362
139 362
138 362
137 362
136 362
135 362
134 362
133 362
132 361
131 360
144 363
143 364
142 365
141 366
140 367
139 368
139 369
139 370
139 371
139 372
139 373
139 374
138 375
137 376
136 377
135 378
135 379
135 380
135 381
135 382
134 382
133 382
132 382
131 382
130 382
129 382
128 382
127 381
126 380
125 379
124 378
123 377
122 376
134 383
135 383
135 384
135 385
135 386
135 387
135 388
135 389
135 390
136 391
136 392
136 393
136 394
136 395
136 396
136 397
136 398
136 399
136 400
136 401
137 401
138 400
139 399
140 398
141 397
142 396
143 395
144 394
145 393
146 392
147 391
147 390
147 389
147 388
147 387
148 386
149 385
150 384
151 383
152 382
153 381
154 380
155 379
156 378
148 392
149 393
150 394
151 395
152 395
153 395
154 395
155 395
156 395
157 395
158 395
159 395
160 395
161 395
162 395
163 395
164 396
165 397
166 398
166 399
166 400
166 401
166 402
166 403
166 404
166 405
166 406
167 406
168 406
169 405
170 404
171 403
172 402
173 401
174 400
175 399
176 398
135 402
135 403
135 404
135 405
135 406
135 407
135 408
135 409
135 410
135 411
135 412
135 413
135 414
135 415
136 415
137 415
138 415
139 415
140 415
141 415
142 415
143 415
136 416
136 417
136 418
136 419
136 420
136 421
136 422
136 423
136 424
136 425
136 426
136 427
137 427
138 427
139 427
140 427
141 427
142 427
143 427
144 427
145 427
146 427
147 427
148 428
149 429
150 430
151 431
152 432
153 433
154 434
155 435
156 435
156 436
156 437
156 438
156 439
156 440
157 434
158 433
159 432
160 431
161 430
162 429
163 428
164 428
165 428
166 428
167 428
168 428
169 428
170 427
171 426
172 425
173 424
174 425
175 426
176 426
177 426
178 426
179 426
180 426
181 426
182 427
183 428
184 429
185 430
186 431
187 432
188 433
189 434
190 435
191 436
192 437
193 437
194 437
195 437
196 437
197 437
198 437
199 437
200 437
201 436
202 435
203 434
204 433
204 432
205 432
206 433
207 434
208 435
209 436
210 437
211 438
212 439
213 440
214 441
215 442
216 442
217 442
218 442
219 442
219 441
219 440
219 439
219 438
219 437
220 436
221 435
222 434
223 433
224 432
225 433
226 434
227 434
228 434
229 434
230 434
231 434
232 434
233 434
234 434
235 434
236 434
237 434
238 434
239 433
240 432
241 431
242 430
243 429
244 428
245 427
246 428
247 428
248 428
249 428
250 428
251 428
252 428
253 428
254 428
255 428
256 428
257 428
258 428
258 427
258 426
259 425
260 424
261 423
262 422
263 421
264 420
265 419
266 418
267 417
268 416
269 417
270 418
271 419
272 420
273 421
274 422
275 423
275 424
275 425
275 426
275 427
275 428
276 428
276 429
277 430
278 431
279 432
280 433
280 434
280 435
280 436
280 437
280 438
281 438
282 438
283 438
284 438
285 438
286 438
287 438
288 438
289 437
290 436
291 435
292 435
293 435
294 435
295 434
296 433
297 432
298 431
299 430
300 429
301 428
302 427
303 426
304 425
305 424
306 425
307 426
308 427
308 428
308 429
309 429
308 430
308 431
308 432
307 433
307 434
307 435
307 436
307 437
307 438
307 439
307 440
307 441
307 442
307 443
307 444
306 445
305 446
304 447
303 448
302 449
301 449
300 449
299 449
298 450
297 451
296 452
295 453
294 454
293 455
293 456
293 457
293 458
293 459
293 460
293 461
293 462
293 463
293 464
293 465
293 466
293 467
293 468
293 469
293 470
293 471
293 472
293 473
293 474
293 475
294 476
295 477
296 478
297 479
298 479
299 479
300 479
301 479
308 445
309 446
310 447
311 448
312 448
313 448
314 448
315 448
316 449
316 450
316 451
316 452
316 453
316 454
316 455
316 456
316 457
310 428
311 427
312 426
313 425
314 424
315 423
316 422
317 421
318 422
319 423
320 424
321 425
322 426
323 427
324 428
325 428
326 428
327 428
328 428
329 428
330 428
331 428
332 428
333 428
334 428
335 428
336 428
337 428
338 428
339 428
340 428
341 428
342 427
343 426
344 426
345 426
346 426
347 426
348 426
349 425
350 424
351 423
352 422
353 421
353 420
352 420
351 420
350 420
349 419
348 418
347 417
346 416
345 415
344 414
343 413
342 412
342 411
342 410
342 409
342 408
341 407
340 406
339 405
338 404
337 403
336 402
335 401
334 400
333 399
354 420
344 427
345 428
345 429
345 430
345 431
345 432
345 433
345 434
345 435
346 435
347 435
348 435
349 435
350 435
351 435
352 434
353 433
354 432
355 431
356 432
357 433
358 434
359 435
360 436
361 437
362 438
363 438
362 439
361 440
360 441
359 441
358 441
357 441
356 442
355 443
354 444
353 445
352 446
351 447
350 448
349 449
349 450
349 451
349 452
349 453
349 454
349 455
349 456
349 457
348 458
347 459
346 460
345 461
344 462
344 463
344 464
344 465
345 466
346 467
347 468
347 469
347 470
347 471
347 472
347 473
347 474
347 475
346 476
345 477
344 478
343 479
342 480
341 481
340 482
339 483
338 483
337 483
336 483
335 483
334 483
333 483
332 484
331 485
330 486
329 487
328 488
327 489
326 490
326 491
326 492
326 493
325 494
324 494
323 494
322 494
321 494
320 494
319 494
318 495
317 496
316 497
315 498
314 498
313 498
312 498
311 498
310 498
309 498
308 498
327 494
328 495
329 496
330 497
331 498
332 499
333 499
334 499
335 499
348 476
349 477
350 478
351 479
351 480
351 481
351 482
351 483
351 484
352 485
353 486
354 487
355 488
356 489
357 490
358 491
359 492
360 492
361 492
360 493
359 494
358 495
357 496
356 497
355 498
354 499
353 500
352 501
351 502
351 503
351 504
351 505
350 506
349 507
348 508
347 509
346 510
345 511
344 512
343 513
342 514
341 514
340 514
339 514
338 514
337 514
336 514
362 493
363 494
364 495
365 496
366 497
367 498
368 499
369 499
369 498
369 497
369 496
369 495
370 494
371 493
372 492
372 491
372 490
372 489
372 488
373 487
374 486
375 485
376 484
377 483
378 483
379 483
380 483
381 483
382 483
383 483
384 482
385 481
386 480
385 479
384 478
383 477
382 476
381 475
380 474
379 473
378 472
377 471
376 470
375 470
374 470
373 470
372 470
371 470
370 470
369 469
368 468
367 468
366 468
365 468
364 467
363 466
362 465
361 464
360 463
359 462
367 469
366 470
365 471
364 472
363 472
362 472
361 472
360 472
359 472
358 472
368 467
368 466
368 465
368 464
368 463
368 462
368 461
369 460
370 459
371 458
372 457
373 456
374 455
369 500
369 501
277 427
278 426
279 425
280 424
281 423
282 422
283 421
283 420
283 419
283 418
283 417
283 416
283 415
283 414
283 413
283 412
283 411
284 410
285 409
286 408
287 407
287 406
286 406
285 406
284 406
283 406
282 406
281 406
280 405
279 404
278 403
277 402
276 401
275 400
275 399
275 398
275 397
275 396
275 395
275 394
274 393
273 392
272 391
271 390
270 389
270 388
270 387
269 387
268 386
267 385
266 384
265 383
264 382
263 381
262 380
261 379
261 378
261 377
261 376
261 375
261 374
261 373
261 372
261 371
260 380
259 381
258 382
257 383
256 384
255 385
254 386
253 387
252 387
251 387
250 387
249 387
248 387
247 387
246 387
245 387
244 387
243 386
242 385
241 384
240 383
239 382
238 381
237 381
236 381
235 381
234 381
233 381
232 381
231 381
230 381
229 381
228 380
227 379
226 378
225 377
224 376
224 375
224 374
223 373
222 372
221 372
220 372
219 372
218 372
217 372
216 372
223 377
223 378
223 379
223 380
223 381
223 382
223 383
223 384
223 385
222 385
221 385
220 385
219 385
218 385
217 385
216 385
215 385
214 385
213 386
212 386
211 386
210 386
209 386
208 386
207 386
206 386
205 386
204 386
203 386
202 386
201 386
200 386
199 387
198 388
197 389
196 390
195 391
194 392
193 393
192 394
192 395
192 396
192 397
193 398
194 399
195 400
195 401
195 402
195 403
195 404
195 405
196 405
197 405
198 405
199 405
200 405
201 405
202 405
203 404
204 403
205 402
206 401
207 400
208 400
209 400
210 400
211 400
212 400
213 400
214 400
215 400
216 400
217 400
218 400
219 400
220 400
221 400
222 400
223 400
224 400
225 400
226 400
227 400
228 399
208 401
209 402
210 403
211 404
212 405
213 406
214 407
215 408
216 409
217 410
218 411
219 412
220 413
220 414
220 415
270 386
270 385
270 384
270 383
271 382
272 381
273 380
274 379
275 378
276 377
276 376
276 375
277 374
278 373
279 372
280 371
281 370
282 369
283 368
284 367
285 366
286 365
287 364
288 363
289 364
290 365
291 366
292 367
293 367
294 367
295 367
296 367
297 367
298 367
299 367
300 368
301 369
302 369
303 369
304 369
305 369
306 369
307 369
308 369
309 369
310 369
311 369
312 369
313 369
314 369
315 369
316 369
317 369
318 370
319 370
320 370
321 370
322 370
323 370
324 370
325 370
326 371
327 371
328 371
329 371
330 371
331 371
332 371
333 371
334 371
335 371
336 371
337 371
338 371
339 370
340 369
341 368
342 367
342 366
342 365
342 364
342 363
342 362
343 361
344 360
345 359
346 358
347 357
343 368
344 368
345 368
346 368
347 368
348 368
349 368
350 368
351 368
352 368
353 368
352 369
352 370
352 371
352 372
352 373
352 374
352 375
352 376
352 377
352 378
351 379
351 380
351 381
351 382
351 383
351 384
351 385
351 386
351 387
351 388
351 389
351 390
351 391
354 367
355 366
356 365
357 364
358 363
359 362
360 361
361 360
362 359
363 358
364 357
365 358
366 359
367 360
368 361
369 362
370 363
370 364
370 365
370 366
370 367
370 368
370 369
370 370
370 371
370 372
370 373
308 370
307 371
306 372
305 373
304 374
303 375
302 376
302 377
302 378
302 379
302 380
302 381
302 382
288 406
289 406
290 406
291 406
292 406
293 405
294 404
295 403
296 402
297 401
298 400
299 399
300 398
203 431
202 430
201 429
200 428
199 427
198 426
197 425
196 424
135 428
134 429
133 430
133 431
133 432
133 433
133 434
133 435
133 436
132 436
131 436
130 436
129 436
128 436
127 436
126 436
125 436
124 435
123 434
122 433
121 433
120 432
119 431
118 430
117 429
116 428
115 429
114 430
113 431
112 432
111 433
110 433
109 433
108 433
107 433
106 433
105 433
105 432
105 431
105 430
105 429
105 428
105 427
105 426
105 425
105 424
104 423
103 422
102 421
133 384
132 385
131 386
130 387
129 388
128 389
127 390
126 391
125 392
124 393
123 393
122 393
121 393
120 393
119 394
118 395
117 396
117 397
117 398
117 399
117 400
117 401
117 402
117 403
117 404
177 345
177 346
177 347
177 348
177 349
177 350
177 351
177 352
177 353
177 354
177 355
177 356
177 357
177 358
178 359
179 360
180 360
181 360
182 360
183 360
184 360
185 360
186 360
187 361
187 362
187 363
187 364
187 365
187 366
187 367
187 368
187 369
187 370
188 370
189 370
190 370
191 370
192 370
193 369
194 368
195 367
196 366
186 371
185 372
184 373
183 374
182 375
181 375
180 375
179 375
178 376
177 376
176 376
175 376
174 376
173 376
172 376
213 336
214 337
214 338
214 339
214 340
214 341
214 342
214 343
243 348
243 347
243 346
243 345
244 344
245 343
246 342
247 341
248 340
249 339
252 351
251 352
250 353
249 354
248 355
247 356
246 357
245 358
244 359
243 360
242 361
241 362
241 363
241 364
241 365
307 340
308 341
309 342
310 343
311 344
312 345
313 346
314 346
314 345
314 344
314 343
314 342
314 341
315 340
316 339
317 338
318 337
319 336
320 335
314 347
301 313
302 314
303 315
304 316
305 316
306 316
307 316
308 316
309 316
310 316
311 317
312 318
313 319
314 320
315 321
316 322
317 323
318 323
319 323
320 323
321 323
322 323
323 323
324 323
325 323
326 323
327 323
328 323
329 323
330 323
331 323
332 322
333 321
334 322
335 323
336 324
337 325
338 326
339 327
340 328
341 328
342 328
343 328
344 328
345 328
346 328
347 328
348 328
349 328
350 328
351 328
352 328
353 327
354 326
355 326
356 326
357 326
358 326
359 326
360 326
361 326
362 326
363 325
364 324
365 323
365 322
365 321
365 320
365 319
365 318
365 317
365 316
365 315
366 314
367 314
368 314
369 314
370 314
371 314
372 313
373 312
374 311
375 311
376 311
377 311
378 311
379 311
380 310
381 309
382 308
383 307
384 306
385 306
386 306
387 306
388 306
389 306
390 306
391 306
392 306
393 306
394 306
395 306
396 306
397 305
398 304
398 303
398 302
398 301
398 300
398 299
398 298
398 297
398 296
397 295
396 294
395 293
394 292
385 307
386 308
387 309
388 310
389 311
390 312
391 313
392 314
392 315
392 316
392 317
392 318
393 319
394 320
395 321
396 322
397 323
398 324
399 324
400 324
399 325
398 326
397 327
396 328
395 329
394 330
393 331
392 332
391 333
390 334
389 335
388 335
389 336
390 337
391 338
392 339
393 340
394 341
395 342
396 343
397 344
398 345
399 346
400 347
401 348
402 348
402 347
402 346
402 345
402 344
402 343
403 342
404 341
402 349
401 350
400 351
399 351
398 351
397 351
396 351
395 351
394 351
393 351
392 351
393 352
394 353
395 354
396 355
396 356
396 357
396 358
396 359
396 360
396 361
396 362
395 363
394 364
393 365
392 366
391 366
390 366
389 366
388 366
397 363
398 364
399 365
400 366
401 367
402 368
403 369
404 370
405 371
406 372
407 372
408 372
409 372
410 372
411 373
412 374
413 375
414 376
415 377
416 378
417 379
418 380
419 381
420 382
421 383
422 384
423 384
424 384
425 384
425 383
426 382
427 381
428 380
429 379
430 378
431 377
432 376
433 377
434 378
435 379
436 380
437 381
438 382
439 383
440 383
441 383
442 383
443 383
444 383
445 383
446 383
447 383
448 382
449 381
450 381
451 381
450 382
451 383
452 384
453 385
454 386
455 387
456 388
457 389
458 390
459 391
460 392
461 393
462 393
452 380
452 379
452 378
452 377
452 376
452 375
452 374
453 373
454 372
455 373
456 374
457 375
458 376
459 377
460 377
461 377
462 377
463 377
464 377
465 377
466 377
467 377
468 377
469 376
470 375
471 374
472 373
473 372
474 371
475 370
476 369
477 368
478 367
479 366
480 365
481 364
482 363
483 362
483 361
482 361
481 361
480 361
479 361
478 361
477 361
476 360
475 359
474 358
474 357
474 356
474 355
474 354
474 353
474 352
474 351
474 350
474 349
474 348
475 347
475 346
475 345
475 344
475 343
474 342
473 341
472 340
471 339
470 338
469 337
468 338
467 339
466 340
465 341
464 342
463 343
462 344
461 345
460 346
459 347
458 348
457 349
456 350
455 351
454 352
453 353
484 361
485 361
486 361
487 361
488 361
489 361
490 361
491 361
492 361
493 360
494 359
495 358
496 357
496 356
496 355
496 354
496 353
496 352
496 351
496 350
496 349
496 348
496 347
496 346
496 345
496 344
496 343
496 342
497 341
497 358
498 359
499 360
500 361
501 362
502 363
503 364
504 365
505 366
505 367
505 368
506 368
507 368
508 368
509 368
510 368
511 368
512 368
513 368
514 367
515 366
516 365
517 364
518 363
519 362
520 362
521 362
522 362
523 362
524 362
525 362
526 362
527 362
528 361
529 360
529 359
528 358
527 357
526 356
525 355
524 354
523 353
522 352
522 351
521 351
523 350
524 349
525 348
526 347
527 346
528 345
529 344
530 343
531 342
532 341
533 340
533 339
533 338
533 337
533 336
533 335
533 334
533 333
533 332
533 331
533 330
532 329
520 363
521 364
521 365
521 366
521 367
521 368
521 369
521 370
521 371
521 372
521 373
522 374
523 375
523 376
523 377
523 378
523 379
523 380
523 381
523 382
522 383
521 384
520 385
520 386
520 387
520 388
524 383
525 384
526 385
527 386
528 387
529 388
530 389
531 390
532 391
533 391
534 391
535 391
535 392
536 393
537 394
538 395
538 396
538 397
538 398
538 399
538 400
539 400
540 400
539 401
540 402
541 403
542 404
543 405
544 406
545 407
546 408
547 409
547 410
547 411
541 399
542 398
543 397
544 396
545 396
546 396
547 396
548 395
549 394
550 393
551 392
552 391
553 390
554 389
555 388
556 387
557 386
558 385
559 385
560 385
561 385
562 385
563 385
564 385
565 385
566 384
567 383
568 382
569 381
570 381
571 381
572 381
573 381
574 381
575 380
576 379
577 378
578 377
579 376
580 377
581 378
582 379
583 380
584 381
585 382
586 383
587 384
588 385
589 386
590 386
591 386
592 386
593 387
594 388
595 389
596 390
597 391
598 392
599 393
600 394
601 395
602 395
603 395
604 395
605 395
606 395
607 395
608 394
609 393
610 392
611 391
612 390
613 389
614 388
615 387
616 386
617 385
618 384
619 383
619 382
619 381
619 380
619 379
619 378
620 377
621 376
622 375
623 374
624 373
625 372
626 371
627 370
628 369
629 368
630 367
620 384
621 384
622 384
623 384
624 384
625 384
626 384
627 384
628 384
629 384
630 384
631 384
632 384
633 384
634 384
635 384
636 385
637 385
638 385
639 385
640 385
641 385
642 385
643 385
644 385
645 385
646 385
645 386
644 387
643 388
642 389
641 390
640 391
639 392
638 393
637 394
637 395
637 396
637 397
637 398
637 399
638 400
639 401
640 402
641 403
642 404
642 405
642 406
642 407
642 408
642 409
642 410
642 411
642 412
642 413
642 414
642 415
641 416
640 417
639 418
638 419
637 420
636 421
635 421
634 421
633 421
632 421
631 421
630 421
629 421
628 421
627 421
626 421
625 421
624 421
570 382
571 383
572 384
573 385
574 386
575 387
575 388
575 389
575 390
575 391
575 392
575 393
575 394
575 395
576 396
576 397
576 398
576 399
576 400
576 401
576 402
576 403
576 404
576 405
577 405
578 405
579 405
580 405
581 405
582 405
583 405
584 405
585 405
586 406
587 407
588 408
589 409
590 410
591 411
592 412
593 413
594 414
595 415
596 416
597 417
598 418
599 419
599 420
599 421
599 422
599 423
598 424
597 425
596 426
595 427
594 428
594 429
594 430
594 431
594 432
594 433
594 434
594 435
594 436
594 437
594 438
594 439
594 440
594 441
594 442
594 443
594 444
593 445
592 446
591 447
590 448
589 449
588 450
587 451
586 451
585 451
584 451
583 451
582 451
581 451
595 445
596 445
597 445
598 445
599 445
600 445
601 445
602 445
603 445
604 445
536 390
537 389
538 388
539 387
540 386
541 385
542 384
543 383
533 392
532 393
531 394
530 395
529 396
528 397
527 398
526 399
525 400
524 400
523 401
522 402
521 403
520 404
519 405
518 406
517 407
516 407
516 408
516 409
516 410
516 411
515 412
514 413
513 414
512 415
511 416
510 416
509 416
509 415
509 414
508 413
507 412
506 411
505 410
504 409
503 408
502 407
508 417
507 418
507 419
507 420
507 421
507 422
507 423
507 424
507 425
506 425
505 425
504 424
503 423
502 422
501 421
500 420
499 419
498 418
497 419
496 420
495 421
494 422
493 423
492 424
491 425
490 426
489 427
489 428
489 429
489 430
489 431
488 431
487 431
486 431
485 431
484 431
483 430
482 429
481 428
480 427
479 426
479 425
479 424
479 423
479 422
479 421
479 420
479 419
480 418
481 417
481 416
481 415
481 414
481 413
481 412
481 411
481 410
481 409
481 408
480 407
479 406
479 405
480 404
481 403
482 402
483 401
484 400
485 399
486 398
487 397
488 396
489 395
490 394
491 393
507 426
507 427
507 428
507 429
507 430
507 431
507 432
507 433
508 434
509 435
510 436
511 437
512 438
513 439
514 440
515 441
516 441
517 441
518 441
518 440
518 439
518 438
518 437
519 436
520 435
521 434
522 433
523 432
524 431
525 430
526 429
527 428
528 427
529 428
530 429
531 430
532 431
533 432
534 433
535 433
536 433
537 433
538 433
539 433
540 433
541 433
542 434
543 435
544 436
545 437
546 438
547 439
548 440
549 441
550 442
551 442
552 442
553 442
554 442
555 442
556 442
557 442
557 441
557 440
557 439
557 438
558 437
559 436
560 435
561 434
562 433
563 432
564 431
565 430
566 429
567 428
519 442
520 443
521 443
522 443
523 443
524 443
525 443
526 443
515 406
514 405
513 404
512 403
511 402
485 362
486 363
487 364
488 365
489 366
489 367
489 368
489 369
489 370
489 371
426 385
426 386
426 387
426 388
426 389
426 390
426 391
426 392
426 393
425 394
424 395
423 396
422 397
421 398
420 399
419 400
418 401
417 402
416 403
415 404
414 404
413 404
412 405
411 406
410 407
410 408
410 409
410 410
410 411
410 412
410 413
410 414
410 415
410 416
427 394
428 395
429 396
430 397
431 398
432 399
433 400
433 401
433 402
433 403
434 404
435 405
436 406
437 407
438 408
439 409
439 410
439 411
439 412
439 413
439 414
439 415
439 416
438 417
437 418
436 419
435 420
434 421
433 422
432 423
432 424
432 425
432 426
432 427
431 428
430 429
429 430
428 431
427 432
426 433
425 434
424 435
423 435
422 435
421 435
420 435
419 435
418 435
417 435
416 435
415 436
414 437
413 438
412 439
411 440
410 441
409 442
409 443
409 444
408 444
407 444
406 444
405 444
404 444
403 444
402 444
401 444
400 444
399 444
398 443
397 442
396 441
395 441
394 441
393 441
392 441
391 441
390 440
389 439
388 438
387 437
386 436
385 435
384 434
383 433
382 432
382 431
382 430
382 429
382 428
382 427
382 426
381 425
380 424
379 423
378 422
377 421
376 420
376 419
376 418
376 417
376 416
376 415
377 414
378 413
379 412
380 411
381 410
382 409
410 445
411 446
411 447
411 448
411 449
411 450
411 451
411 452
411 453
411 454
410 455
409 456
408 457
407 458
407 459
407 460
407 461
407 462
407 463
407 464
407 465
407 466
406 466
405 466
404 466
403 466
402 466
401 466
400 466
399 465
398 464
408 467
409 468
410 469
411 470
412 471
413 472
413 473
413 474
412 475
411 475
410 475
409 475
408 475
407 475
406 475
405 475
414 475
415 476
416 477
417 478
418 479
419 480
420 481
421 482
421 483
420 484
419 485
418 486
417 487
416 488
415 489
414 490
413 491
412 492
411 493
434 399
435 398
436 397
437 396
438 395
439 396
440 397
441 398
442 399
443 400
444 401
445 402
446 403
447 403
448 403
449 404
450 405
451 406
452 407
453 408
454 409
455 410
456 411
457 412
457 413
457 414
457 415
458 416
459 417
460 418
461 419
462 420
462 421
462 422
462 423
462 424
462 425
462 426
462 427
462 428
403 350
404 351
405 352
406 352
407 352
408 352
409 352
410 352
411 352
401 325
402 326
403 326
404 326
405 326
406 326
407 326
408 326
409 326
410 326
411 326
412 326
413 326
414 326
415 326
416 325
417 324
418 323
419 322
420 321
421 320
422 321
423 322
424 323
425 324
426 325
427 325
428 325
429 325
430 325
431 325
432 325
433 325
434 325
435 325
436 325
437 325
438 325
439 325
440 324
441 323
442 322
443 321
444 320
445 319
411 327
412 328
413 329
414 330
415 331
416 331
417 331
418 331
419 331
420 331
384 305
384 304
384 303
384 302
384 301
384 300
384 299
383 298
382 297
381 296
380 295
379 294
378 294
377 294
376 294
375 294
374 294
373 294
372 294
371 294
370 293
369 292
368 291
367 290
366 291
365 292
364 293
363 293
362 293
361 293
360 293
359 293
358 293
357 293
356 293
355 293
354 293
353 292
352 291
351 290
350 289
350 288
351 287
352 286
353 285
354 284
355 283
356 282
357 281
358 280
359 279
360 278
361 277
375 312
376 313
377 314
378 315
379 316
379 317
379 318
379 319
379 320
379 321
379 322
379 323
355 327
356 328
357 329
358 330
359 331
360 332
360 333
360 334
360 335
360 336
354 325
354 324
354 323
354 322
354 321
354 320
354 319
354 318
354 317
354 316
353 315
352 315
351 314
350 313
349 312
348 311
347 310
346 309
345 308
344 307
343 306
342 305
345 329
344 330
343 331
342 332
341 333
340 334
339 335
339 336
339 337
339 338
339 339
855
327 267
340 275
332 283
324 295
319 304
310 296
300 302
300 312
288 310
277 311
270 299
257 294
249 294
245 286
257 286
281 320
296 320
302 330
306 339
296 344
286 346
276 343
272 333
264 344
253 350
243 349
235 342
238 333
230 322
238 311
248 319
260 313
256 326
219 327
207 318
205 307
198 298
189 296
190 285
195 272
197 262
209 273
218 273
229 261
221 253
236 251
242 259
245 269
250 252
245 244
256 240
247 229
237 229
233 218
223 218
214 211
203 202
192 198
183 195
168 186
159 172
149 158
139 163
128 159
119 154
109 167
100 167
97 170
93 166
92 156
80 172
75 178
75 189
77 197
62 196
71 208
79 210
68 220
68 233
56 249
72 236
79 248
86 246
73 260
71 269
84 270
86 219
93 229
99 237
110 230
107 221
86 184
97 195
107 190
121 185
124 177
127 202
67 168
73 161
73 152
78 152
80 142
90 142
101 137
99 129
115 110
122 99
129 120
64 175
59 182
51 181
44 172
41 166
42 155
35 168
19 170
20 183
34 195
16 210
41 202
39 211
35 219
49 166
55 156
54 145
59 137
65 133
131 151
126 140
151 183
189 171
181 163
196 163
187 154
182 139
172 141
159 125
150 105
167 115
148 130
190 136
197 135
201 154
212 156
225 167
226 175
236 166
225 155
225 146
235 151
199 179
201 221
189 229
217 202
215 220
239 205
228 236
217 234
255 219
257 231
266 240
268 251
275 263
281 255
292 257
302 268
310 261
305 249
304 231
316 236
329 222
339 221
326 210
326 245
331 236
339 238
351 243
363 232
371 227
379 224
382 208
389 196
399 196
412 209
416 222
423 235
427 248
442 239
442 228
440 219
444 210
435 201
432 192
441 181
454 216
459 209
456 200
464 197
472 186
468 173
468 210
480 200
484 191
488 179
487 164
475 145
464 137
455 127
452 115
439 101
454 107
466 112
470 100
479 102
481 114
490 116
491 105
501 110
513 109
526 101
523 120
532 123
513 100
506 122
470 130
484 137
498 136
505 147
504 158
517 161
524 147
527 138
537 142
547 129
519 171
519 185
511 196
506 208
533 193
545 178
529 201
544 194
559 200
561 192
577 190
591 179
585 168
581 159
576 145
566 159
586 145
595 141
615 134
627 128
631 138
643 155
648 164
639 166
626 162
603 120
594 108
590 100
575 99
582 110
572 111
561 108
551 102
572 121
583 119
600 170
598 161
596 193
612 201
622 197
622 217
597 211
587 214
578 210
569 224
552 222
593 222
587 231
591 243
602 242
579 245
572 254
579 264
582 253
590 253
598 258
592 270
588 278
574 285
575 295
588 296
576 316
596 309
607 301
604 322
598 330
609 335
602 343
603 352
592 360
626 335
630 322
624 312
619 320
633 317
619 348
606 282
620 275
625 265
635 272
630 284
623 296
602 226
484 131
489 156
500 180
481 212
483 222
494 226
509 224
525 226
535 231
541 243
540 256
547 269
548 278
550 286
558 295
555 305
545 302
533 303
532 293
522 289
507 283
504 275
516 270
514 259
508 249
493 259
517 247
522 258
500 298
492 305
517 301
519 311
547 313
551 324
559 338
553 348
553 362
571 350
554 249
487 236
478 236
474 247
460 261
466 269
458 271
442 275
433 287
423 301
455 291
466 293
472 303
466 314
474 317
487 323
495 323
483 278
385 183
380 173
367 163
370 191
358 190
346 186
337 181
320 167
318 159
313 154
305 144
298 134
305 121
304 110
304 100
295 98
311 88
309 80
307 70
311 53
309 42
302 54
289 56
281 61
323 61
340 77
350 76
355 64
352 52
342 43
333 31
351 21
366 45
374 46
381 34
365 87
352 97
347 105
342 113
361 105
367 110
379 117
382 107
390 98
399 101
406 112
419 100
391 86
377 72
390 60
404 57
415 46
413 73
424 73
422 83
394 77
399 90
383 126
393 131
394 122
382 138
370 142
366 130
385 148
301 83
317 79
318 96
315 123
325 132
295 150
293 159
321 151
333 145
346 145
338 132
330 160
344 163
309 165
343 195
362 201
397 179
410 165
419 156
430 165
438 148
435 133
449 156
390 213
387 230
395 227
408 241
405 252
407 262
364 242
372 249
382 245
388 258
379 273
359 257
351 259
357 218
293 279
284 284
267 222
271 209
263 202
253 194
241 191
269 194
268 175
256 173
275 162
270 152
269 141
260 140
260 128
246 121
238 128
247 111
237 100
230 113
217 122
207 114
188 100
217 101
253 102
265 100
255 113
275 118
257 157
282 182
294 182
304 186
317 187
293 193
288 203
286 217
285 228
305 202
303 210
191 308
189 318
202 288
219 301
224 290
212 335
201 338
193 342
178 344
166 334
158 333
144 343
142 336
141 323
133 316
135 304
150 297
165 289
152 305
161 306
157 318
128 291
120 286
117 276
109 262
119 261
132 261
142 257
152 261
153 252
162 244
157 226
146 222
137 224
170 236
172 226
165 212
166 201
160 266
170 264
149 280
106 277
100 290
133 341
120 340
118 329
103 332
100 336
89 319
78 311
70 307
57 293
54 302
78 302
71 292
75 329
63 336
72 350
76 361
89 354
78 370
65 382
50 378
49 365
41 353
49 346
47 339
35 339
16 325
18 350
41 321
58 362
36 388
35 380
30 372
39 391
42 393
57 392
90 374
85 387
93 395
81 404
77 404
71 400
106 358
98 310
110 313
146 353
155 349
145 362
131 360
139 374
135 382
122 376
135 390
136 401
147 391
156 378
163 395
166 406
176 398
135 415
143 415
136 427
147 427
156 440
163 428
173 424
181 426
193 437
205 432
219 442
224 432
233 434
245 427
258 428
268 416
275 428
280 438
291 435
305 424
308 432
307 444
299 449
293 462
293 475
301 479
315 448
316 457
317 421
333 428
343 426
342 412
333 399
354 420
345 435
355 431
363 438
357 441
349 457
344 465
347 475
333 483
326 493
319 494
308 498
335 499
351 484
361 492
351 505
336 514
372 492
377 483
386 480
376 470
368 468
359 462
358 472
374 455
369 501
283 421
275 400
270 389
261 379
261 371
246 387
238 381
224 376
222 372
216 372
223 385
214 385
200 386
192 397
195 405
207 400
220 400
228 399
220 415
276 377
288 363
299 367
309 369
317 369
325 370
334 371
342 367
347 357
352 368
352 378
351 391
364 357
370 373
302 382
288 406
300 398
196 424
133 436
122 433
116 428
105 433
102 421
120 393
117 404
177 358
186 360
187 370
196 366
179 375
172 376
214 343
249 339
241 365
320 335
314 347
310 316
319 323
333 321
346 328
354 326
365 323
366 314
374 311
384 306
398 304
394 292
392 318
400 324
388 335
404 341
402 349
392 351
396 362
388 366
410 372
425 384
432 376
441 383
449 381
462 393
452 380
454 372
468 377
474 358
475 347
469 337
453 353
484 361
496 357
497 341
505 368
519 362
529 360
521 351
533 340
532 329
521 373
523 382
520 388
534 391
538 400
547 411
544 396
558 385
569 381
579 376
592 386
605 395
619 383
630 367
635 384
646 385
637 399
642 415
624 421
575 395
576 405
585 405
599 423
594 444
581 451
604 445
543 383
524 400
516 411
509 416
502 407
507 425
498 418
489 431
479 426
481 417
479 406
491 393
507 433
518 441
528 427
541 433
557 442
567 428
526 443
511 402
489 371
426 393
413 404
410 416
433 403
439 416
432 427
416 435
409 444
396 441
382 432
376 420
382 409
411 454
407 466
398 464
413 474
405 475
421 483
411 493
438 395
448 403
457 415
462 428
411 352
410 326
421 320
433 325
445 319
420 331
379 294
367 290
359 293
350 289
361 277
379 323
360 336
353 315
342 305
339 339
