9306
332 270
331 270
330 269
329 268
329 267
328 267
330 266
331 265
332 264
333 263
334 262
335 261
336 260
336 259
335 259
334 259
333 259
332 259
331 259
330 258
329 257
328 256
327 255
326 254
325 253
337 259
332 271
331 272
330 273
329 274
328 275
327 275
326 275
325 276
324 277
323 278
322 279
321 279
320 279
319 279
318 279
317 279
316 279
315 279
314 279
313 279
312 278
311 277
310 276
309 275
308 274
307 273
306 272
305 271
304 272
303 273
302 274
301 275
300 275
299 275
298 275
297 275
296 275
295 275
294 275
293 275
292 275
291 275
290 274
289 273
288 272
287 271
286 270
285 269
284 268
283 267
282 266
281 265
280 264
280 263
279 263
278 263
277 263
276 263
275 263
274 263
273 263
272 263
271 263
270 263
269 263
268 263
267 263
266 263
265 264
264 265
263 266
262 266
261 266
260 266
259 266
258 266
258 265
257 264
256 263
255 262
254 261
253 260
252 259
251 258
250 257
249 257
248 257
247 256
246 255
245 254
244 253
243 252
242 251
241 250
240 249
239 248
238 247
237 246
237 245
236 245
235 246
234 247
233 247
232 247
231 247
230 247
229 247
228 247
227 247
226 247
225 247
224 247
223 247
222 247
221 247
220 247
219 247
218 247
217 247
216 247
215 247
214 247
213 246
212 245
211 244
210 244
209 244
208 244
207 244
206 244
205 244
204 244
203 244
202 244
201 244
200 244
199 243
198 242
197 243
196 244
195 245
194 246
193 247
192 248
191 249
190 250
189 250
190 251
190 252
190 253
190 254
190 255
190 256
190 257
190 258
190 259
191 259
192 259
193 259
194 259
195 259
196 259
197 259
198 259
199 259
189 260
188 261
187 262
186 263
186 264
186 265
186 266
186 267
186 268
186 269
185 269
184 269
183 269
182 269
181 269
180 269
179 269
178 269
177 268
176 267
175 266
174 266
173 266
172 266
171 266
170 265
169 264
168 263
167 262
167 261
167 260
168 259
169 258
170 257
171 256
172 255
173 254
174 253
174 252
173 252
172 252
171 252
170 252
169 252
168 251
167 250
166 249
165 250
164 251
163 252
162 253
161 254
160 255
159 256
158 257
157 258
156 258
155 259
154 260
153 260
152 260
151 260
150 260
149 260
148 260
147 260
146 260
146 259
146 258
146 257
146 256
146 255
145 254
144 253
143 252
142 251
141 250
145 261
144 262
143 263
142 264
141 265
140 266
139 267
139 268
139 269
138 269
137 269
136 268
135 267
134 266
133 265
132 264
131 263
130 262
130 261
130 260
130 259
130 258
130 257
130 256
130 255
130 254
130 253
129 252
128 251
127 250
126 249
125 250
124 251
123 252
122 253
121 253
120 253
119 253
118 253
117 253
116 253
115 253
114 254
113 255
112 256
111 257
110 258
109 259
108 260
107 261
106 261
105 261
104 261
103 261
102 261
101 261
101 260
101 259
101 258
101 257
101 256
101 255
101 254
100 253
99 252
98 251
97 250
97 249
97 248
97 247
97 246
97 245
97 244
97 243
97 242
97 241
97 240
97 239
96 238
96 237
95 237
95 236
94 235
93 234
92 233
91 232
90 231
89 230
88 229
87 228
86 227
85 226
85 225
84 225
83 224
82 223
81 222
80 221
79 220
78 219
77 218
76 218
75 218
74 218
73 218
72 217
71 216
70 215
70 214
70 213
69 212
68 211
67 211
66 211
65 210
64 209
63 208
62 207
61 206
60 205
59 204
59 203
59 202
58 201
57 200
56 199
55 198
54 197
54 196
54 195
54 194
54 193
54 192
54 191
54 190
54 189
54 188
54 187
54 186
54 185
55 184
56 184
57 184
58 184
59 184
60 184
61 184
62 184
63 183
64 184
65 185
66 186
67 187
68 188
69 189
70 190
71 190
72 190
73 190
74 190
75 190
76 191
77 192
78 193
79 194
79 195
79 196
79 197
79 198
53 198
52 199
51 200
50 201
49 202
48 203
48 204
47 204
46 204
45 204
44 204
43 204
42 204
41 204
40 203
39 202
38 201
37 201
36 201
35 201
34 201
33 201
32 201
31 201
30 201
29 201
28 200
27 199
26 198
26 197
25 196
24 195
23 194
22 193
21 192
20 191
20 190
20 189
19 188
18 187
17 186
16 185
15 184
14 183
14 182
14 181
14 180
14 179
14 178
14 177
14 176
14 175
14 174
14 173
14 172
14 171
14 170
14 169
14 168
25 199
24 200
23 201
22 202
21 203
20 204
19 204
18 204
17 204
16 204
15 204
16 205
17 206
18 207
19 208
19 209
19 210
19 211
19 212
19 213
38 200
38 199
38 198
38 197
38 196
38 195
38 194
38 193
38 192
39 191
40 190
47 205
46 206
45 207
44 208
43 209
42 210
41 211
40 212
39 213
38 214
37 215
36 216
35 216
34 216
67 212
66 213
65 214
64 215
63 216
62 217
61 218
60 219
59 220
58 221
57 221
56 221
55 221
54 221
53 221
52 221
51 221
83 226
82 227
81 228
80 229
79 230
78 231
77 232
76 233
75 234
74 235
74 236
74 237
74 238
73 239
72 240
71 241
70 241
69 241
68 241
67 241
66 241
65 241
64 241
63 241
62 241
61 241
60 241
59 241
58 241
57 240
56 239
86 225
87 225
88 225
89 225
90 225
91 225
92 224
93 223
94 223
95 223
96 223
97 223
98 223
99 223
100 223
101 223
102 223
103 223
104 222
105 221
106 220
107 219
107 218
107 217
107 216
107 215
107 214
107 213
107 212
106 211
105 210
104 209
103 208
102 207
101 206
100 205
100 204
99 204
101 204
102 204
103 204
104 204
105 204
106 204
107 204
108 204
109 204
110 204
111 204
112 203
112 202
112 201
112 200
112 199
112 198
112 197
112 196
112 195
113 194
114 193
115 192
115 191
115 190
115 189
115 188
115 187
115 186
115 185
115 184
115 183
115 182
114 182
113 182
112 182
111 182
110 181
109 180
108 179
107 178
106 177
106 176
105 176
104 176
103 176
102 176
101 176
100 176
99 175
98 174
97 173
96 172
95 171
94 170
93 169
92 168
91 167
90 166
89 165
89 164
89 163
89 162
89 161
89 160
89 159
89 158
89 157
89 156
89 155
89 154
88 153
87 152
87 151
87 150
87 149
87 148
87 147
86 146
85 145
84 144
83 143
82 143
82 144
81 145
80 146
79 147
78 148
77 149
76 150
75 151
74 152
73 153
72 154
72 155
72 156
71 156
70 156
69 156
68 156
67 155
66 154
65 153
64 152
63 151
62 150
61 149
60 148
59 147
58 146
57 145
56 145
55 145
54 145
53 145
52 145
51 145
50 145
49 145
48 145
47 145
46 145
45 144
57 144
57 143
57 142
57 141
57 140
57 139
57 138
57 137
58 136
59 135
60 134
61 133
71 157
70 158
69 159
68 160
67 161
66 162
65 163
64 163
63 163
62 163
61 163
60 163
59 163
58 163
57 163
81 142
80 141
79 140
78 139
77 138
107 175
108 174
109 173
110 172
111 171
112 170
113 169
114 168
115 167
116 166
117 165
118 164
118 163
118 162
118 161
118 160
118 159
118 158
119 157
120 156
121 156
122 156
123 156
124 156
125 156
126 155
127 154
128 153
129 152
130 151
131 150
132 149
133 149
134 149
135 149
136 149
137 149
138 148
139 147
140 146
141 146
142 146
143 146
144 145
145 144
146 143
147 142
148 141
147 140
146 139
145 138
144 137
143 136
142 135
141 134
140 133
139 132
138 131
137 130
136 130
135 130
134 129
133 128
133 127
133 126
133 125
133 124
133 123
133 122
133 121
133 120
133 119
132 118
132 117
131 117
130 117
129 117
128 117
127 117
126 117
125 116
124 115
123 114
122 113
121 112
121 111
121 110
121 109
121 108
121 107
121 106
121 105
121 104
120 103
119 102
118 101
117 100
116 101
115 102
114 103
113 104
112 105
111 106
110 107
109 108
108 108
107 108
106 108
105 108
104 108
105 109
106 110
106 111
106 112
106 113
106 114
106 115
106 116
106 117
106 118
106 119
106 120
106 121
106 122
105 123
104 124
103 125
102 126
101 127
100 128
99 129
99 130
99 131
100 132
101 133
102 134
103 135
104 136
105 137
106 138
107 139
108 139
109 139
110 139
111 139
112 139
113 139
114 139
131 116
131 115
131 114
131 113
131 112
131 111
131 110
131 109
131 108
131 107
131 106
131 105
131 104
131 103
131 102
131 101
133 116
134 115
135 114
136 113
137 112
138 111
139 110
140 109
140 108
140 107
140 106
140 105
141 104
142 103
143 102
144 101
145 100
146 101
147 102
148 103
149 104
150 105
151 106
152 107
152 108
152 109
152 110
151 111
150 112
149 113
148 114
147 115
147 116
147 117
147 118
147 119
153 111
154 112
155 113
156 114
157 115
158 116
159 117
160 118
161 119
160 120
160 121
160 122
160 123
160 124
160 125
160 126
160 127
160 128
160 129
160 130
160 131
160 132
160 133
160 134
160 135
160 136
162 120
163 121
164 122
165 123
166 124
167 125
168 126
169 126
169 125
169 124
169 123
169 122
169 121
170 120
171 119
172 118
173 117
174 116
175 115
175 114
175 113
175 112
175 111
175 110
175 109
175 108
175 107
174 106
173 105
176 116
177 117
178 118
179 119
180 120
181 121
182 122
183 122
183 121
183 120
183 119
183 118
184 117
185 116
186 115
187 114
188 114
189 114
190 114
191 114
192 113
193 112
194 111
195 110
195 109
195 108
195 107
195 106
195 105
195 104
194 103
193 102
196 111
197 112
197 113
197 114
197 115
197 116
197 117
197 118
198 118
199 118
200 118
201 118
202 117
203 116
204 115
205 114
206 113
183 123
184 124
185 125
186 126
186 127
186 128
186 129
186 130
186 131
187 131
188 131
189 131
190 131
191 131
192 130
193 129
194 128
195 127
196 128
197 129
198 130
199 131
200 132
200 133
200 134
200 135
200 136
200 137
200 138
200 139
201 139
202 139
203 139
204 139
205 139
206 139
207 139
208 139
209 139
210 138
211 137
212 137
213 137
214 137
215 137
216 137
217 137
218 137
219 137
220 137
221 137
222 136
223 135
224 135
225 135
226 135
227 135
228 135
229 135
230 135
231 134
232 133
233 132
234 131
235 130
236 129
236 128
236 127
236 126
236 125
236 124
236 123
237 122
238 121
239 120
240 119
241 118
242 117
243 116
244 115
244 114
244 113
244 112
245 111
246 110
247 109
248 108
249 107
250 106
251 105
252 106
253 107
254 108
255 109
256 109
257 109
258 109
259 109
260 109
261 109
262 109
263 109
264 109
265 108
266 107
267 106
268 105
269 104
270 103
271 104
272 105
273 106
274 107
274 108
274 109
274 110
274 111
274 112
274 113
274 114
275 115
276 116
276 117
276 118
276 119
276 120
276 121
276 122
276 123
276 124
276 125
277 125
278 125
279 125
280 125
281 125
282 125
283 125
284 124
285 123
286 122
287 121
288 120
289 120
290 120
291 120
292 120
293 120
294 120
275 126
274 127
273 128
272 129
271 130
271 131
271 132
271 133
271 134
271 135
271 136
271 137
271 138
272 139
273 140
274 141
275 142
276 143
277 144
278 145
279 146
280 147
281 148
282 149
283 150
284 151
285 151
286 151
286 150
286 149
286 148
286 147
286 146
286 145
286 144
286 143
286 142
287 152
288 153
289 154
290 155
291 156
292 156
293 156
294 156
295 156
296 156
297 156
298 156
299 156
300 155
301 154
302 153
303 152
237 130
238 130
239 130
240 130
241 130
242 130
243 130
244 130
224 136
225 137
226 138
227 139
228 140
229 141
230 142
231 143
232 144
233 145
234 146
234 147
234 148
235 149
236 150
237 151
238 152
239 153
240 154
241 154
242 154
243 154
244 154
245 154
246 154
247 154
248 154
249 154
250 154
251 154
252 154
253 154
254 154
255 154
256 154
257 154
258 154
259 153
260 154
261 155
262 156
263 157
263 158
263 159
263 160
263 161
263 162
263 163
263 164
263 165
263 166
263 167
263 168
263 169
211 136
211 135
211 134
211 133
211 132
211 131
211 130
211 129
211 128
211 127
211 126
212 126
213 126
214 125
215 124
216 123
217 122
218 121
219 120
220 119
221 118
221 117
221 116
221 115
221 114
221 113
221 112
221 111
221 110
220 109
219 108
219 107
218 107
217 107
216 107
215 107
214 107
213 107
212 106
211 105
210 104
209 103
208 102
207 101
220 107
221 107
222 107
223 107
224 107
225 107
226 106
227 105
228 104
229 103
199 140
199 141
199 142
199 143
199 144
199 145
199 146
199 147
200 148
201 149
202 150
203 151
204 152
205 152
206 152
207 152
208 152
209 152
210 152
211 152
212 153
213 154
214 155
215 156
216 157
217 158
218 159
219 160
220 161
221 162
221 163
221 164
220 165
219 166
218 167
217 168
216 169
215 170
214 171
213 172
212 173
211 173
210 173
209 173
208 173
207 172
206 171
205 170
204 169
203 168
222 165
223 166
224 167
225 168
226 169
227 170
228 171
229 172
230 173
230 174
231 175
232 176
233 177
234 178
235 179
235 180
235 181
235 182
235 183
235 184
235 185
236 185
237 185
238 185
239 185
240 185
241 185
242 184
243 183
244 182
245 181
236 186
237 187
238 188
239 189
240 190
241 191
242 192
243 193
244 194
244 195
244 196
244 197
244 198
245 198
246 198
247 198
248 198
249 198
250 198
251 198
252 198
253 198
254 198
255 198
256 198
257 198
258 198
258 199
259 200
260 201
261 202
262 203
263 203
264 203
265 203
266 204
267 205
268 206
269 207
270 207
271 207
272 207
273 207
273 206
273 205
273 204
273 203
274 202
275 201
276 200
277 199
278 198
279 197
280 196
281 195
282 194
283 193
284 192
285 193
286 193
287 193
288 193
289 193
290 193
291 193
292 193
293 193
294 193
295 193
296 193
297 193
298 193
298 192
298 191
298 190
298 189
298 188
298 187
298 186
298 185
298 184
299 183
259 197
260 196
261 195
262 194
263 193
264 192
265 191
266 190
267 189
268 188
269 187
234 186
233 187
232 188
231 189
230 190
229 191
229 192
229 193
229 194
229 195
229 196
229 197
229 198
229 199
230 200
231 201
232 202
233 203
234 204
235 205
236 206
237 207
238 208
238 209
238 210
238 211
238 212
239 213
240 214
240 215
240 216
240 217
240 218
240 219
240 220
141 147
142 148
143 149
144 150
145 151
146 152
147 153
148 154
149 155
150 156
151 156
152 156
153 156
154 156
155 157
156 158
157 159
158 160
159 161
160 161
161 161
162 161
163 161
164 161
165 161
166 161
167 161
168 161
169 161
170 161
171 161
172 161
173 161
174 161
175 160
176 159
177 159
178 159
179 159
180 159
181 159
182 158
183 157
184 156
168 162
169 163
170 164
171 165
172 166
173 167
174 168
175 169
176 170
177 171
178 172
179 173
180 174
181 175
180 176
179 177
179 178
179 179
179 180
179 181
179 182
179 183
179 184
179 185
178 186
178 187
178 188
178 189
178 190
178 191
178 192
178 193
178 194
178 195
178 196
177 197
176 198
175 199
174 200
173 201
172 201
171 201
170 201
169 201
168 201
167 202
166 203
165 204
164 205
164 206
164 207
164 208
164 209
164 210
164 211
164 212
163 212
162 212
161 212
160 212
159 211
158 210
157 209
156 208
155 207
154 206
153 205
152 204
151 203
150 202
150 201
150 200
150 199
150 198
149 197
148 196
147 195
146 194
145 193
144 192
143 191
142 190
142 189
141 189
141 188
141 187
141 186
141 185
141 184
141 183
141 182
141 181
140 180
139 179
138 178
137 177
136 176
140 190
139 191
138 192
137 193
136 194
135 195
134 196
133 196
132 196
143 189
144 189
145 189
146 189
147 189
148 189
149 188
150 187
151 186
152 185
153 185
154 185
155 185
156 185
157 185
158 184
159 183
160 182
161 181
162 180
163 179
163 213
162 214
161 215
160 216
159 217
158 218
157 219
156 220
155 221
154 221
153 221
152 221
151 221
150 221
149 221
148 221
147 221
146 221
145 221
144 221
143 221
142 221
141 221
140 220
139 221
138 221
137 221
136 221
135 221
134 221
133 221
132 221
133 222
134 223
135 224
135 225
135 226
135 227
135 228
135 229
135 230
135 231
135 232
136 233
137 234
138 234
139 234
140 234
141 234
142 234
143 234
144 234
145 234
165 213
166 214
167 214
168 214
169 214
170 214
171 214
172 214
173 214
174 214
175 214
176 214
177 214
178 214
179 214
180 214
181 214
182 214
183 214
184 214
185 214
185 213
185 212
186 211
187 210
188 209
189 208
190 207
191 206
192 205
193 204
194 203
195 202
195 201
196 200
197 199
198 198
199 197
200 196
201 195
202 194
203 193
204 192
205 193
206 194
207 195
208 196
209 197
210 198
211 199
212 200
213 201
214 201
196 203
197 204
198 205
199 206
199 207
199 208
199 209
199 210
199 211
173 215
173 216
173 217
173 218
173 219
173 220
173 221
173 222
173 223
172 224
172 225
172 226
172 227
172 228
172 229
180 186
181 187
182 188
183 188
184 188
185 188
186 188
187 188
188 188
189 188
190 188
133 150
134 151
135 152
136 153
137 154
137 155
137 156
137 157
137 158
137 159
137 160
132 148
132 147
132 146
132 145
132 144
132 143
132 142
131 141
116 182
97 237
98 237
99 237
100 237
101 237
102 237
103 237
104 237
105 236
106 235
96 251
95 252
94 253
93 254
92 255
91 256
90 257
89 258
89 259
89 260
88 261
88 262
88 263
88 264
88 265
88 266
88 267
88 268
88 269
87 269
86 269
85 269
84 269
83 269
82 269
81 269
80 269
79 269
78 268
77 267
76 266
75 265
74 264
73 263
72 262
71 262
70 262
69 262
68 262
67 262
66 262
65 262
64 262
63 261
87 270
86 271
85 272
85 273
85 274
85 275
85 276
85 277
85 278
85 279
85 280
85 281
85 282
85 283
85 284
85 285
84 286
83 287
82 288
81 289
80 290
79 291
78 292
77 293
76 294
76 295
76 296
76 297
102 262
103 263
104 264
105 265
106 266
107 267
108 268
109 269
110 270
109 271
108 272
107 273
106 274
105 275
104 276
103 277
102 278
102 279
102 280
102 281
102 282
102 283
102 284
138 270
137 271
137 272
137 273
137 274
137 275
137 276
137 277
136 277
135 277
134 277
133 277
132 277
131 277
130 277
129 277
128 276
127 277
126 278
126 279
126 280
126 281
126 282
126 283
126 284
126 285
127 286
128 287
128 288
128 289
128 290
128 291
128 292
128 293
127 294
126 295
125 296
124 297
123 298
122 299
121 300
120 300
119 300
118 300
117 300
116 300
115 300
114 300
115 301
116 302
117 303
118 304
119 305
120 306
121 307
122 308
123 309
124 310
125 311
126 312
127 313
127 314
126 315
125 315
124 315
123 315
122 315
121 315
120 315
119 315
118 315
117 315
116 315
115 315
114 316
113 317
112 318
111 319
110 320
109 321
108 322
107 323
106 324
105 325
105 326
105 327
105 328
105 329
104 329
103 328
102 327
101 326
100 325
99 324
98 323
97 322
96 321
95 320
106 330
107 331
108 332
109 333
110 334
111 335
112 336
113 337
114 338
115 338
116 338
128 315
129 316
130 317
130 318
130 319
130 320
130 321
130 322
130 323
131 324
132 325
133 326
134 327
135 328
136 328
137 328
138 328
139 328
140 328
141 327
142 326
143 325
144 324
145 323
146 322
147 323
148 324
149 325
150 326
151 327
152 328
153 329
154 330
154 331
154 332
155 333
156 334
157 335
158 336
159 337
160 337
161 337
162 337
163 337
164 337
165 337
164 338
163 339
163 340
163 341
163 342
163 343
163 344
163 345
163 346
162 347
161 347
160 347
159 347
158 347
157 347
156 347
155 347
154 347
153 347
152 347
151 347
150 347
149 348
148 349
147 350
146 351
145 352
144 353
143 354
142 355
141 355
140 355
139 355
138 355
137 355
136 356
135 357
134 358
133 359
133 360
133 361
133 362
133 363
133 364
133 365
133 366
132 366
131 366
130 365
129 364
128 363
127 362
126 361
125 360
124 359
123 358
122 357
121 356
120 355
132 367
131 368
130 369
130 370
130 371
130 372
130 373
134 367
135 368
136 369
137 370
138 371
139 372
140 373
140 374
141 375
142 376
143 377
144 378
145 379
146 380
147 381
148 381
149 381
148 382
147 383
146 384
145 385
144 386
143 386
142 386
141 386
140 386
139 387
138 388
137 389
136 390
135 391
134 392
134 393
134 394
134 395
134 396
134 397
133 398
132 399
131 400
130 401
129 402
128 403
127 404
126 405
125 406
124 407
123 408
122 409
122 410
122 411
121 411
120 411
119 411
118 411
117 411
116 410
115 409
114 408
113 407
112 407
111 407
110 407
109 407
108 407
107 407
106 407
105 407
104 406
103 405
102 405
101 405
100 405
99 405
98 405
97 405
96 405
95 405
94 404
93 403
92 402
92 401
92 400
93 399
94 398
95 397
96 396
97 395
98 394
99 393
100 392
101 391
91 403
90 404
89 404
88 404
87 404
86 404
85 404
84 404
83 404
82 404
81 404
80 404
79 404
78 405
77 406
76 407
75 407
74 407
73 407
72 407
71 407
70 406
69 405
68 404
67 403
66 402
65 401
64 400
63 399
62 398
61 397
60 396
59 395
59 394
59 393
59 392
58 391
57 390
56 389
55 388
54 387
53 387
52 387
51 387
50 387
49 387
48 387
47 387
46 387
45 387
44 387
43 387
42 387
41 386
40 385
54 386
54 385
54 384
54 383
54 382
54 381
54 380
54 379
54 378
54 377
54 376
54 375
55 374
56 373
57 373
58 373
59 373
60 373
61 372
62 371
63 370
64 369
65 369
66 369
67 369
68 369
69 368
70 367
71 366
72 365
73 364
74 363
75 362
76 361
77 360
78 359
79 358
80 357
81 356
82 355
83 354
84 354
85 354
86 354
87 354
88 354
89 354
90 354
91 354
92 355
93 355
94 355
95 355
96 355
97 355
98 355
99 355
100 355
83 353
83 352
83 351
83 350
83 349
83 348
83 347
83 346
82 345
81 344
80 343
80 342
79 342
81 342
82 342
83 342
84 342
73 366
74 366
75 366
76 366
77 366
78 366
79 366
80 366
81 366
82 366
83 366
84 366
65 370
66 371
67 372
68 373
69 374
70 375
71 376
71 377
71 378
71 379
71 380
56 372
56 371
56 370
56 369
55 368
54 368
53 368
52 368
51 368
50 367
49 366
48 365
47 364
46 364
45 364
44 364
43 364
42 364
41 364
40 364
39 363
38 362
37 361
37 360
36 360
35 359
34 358
33 357
32 356
31 355
30 354
29 353
28 352
27 351
26 350
25 349
25 348
25 347
24 346
23 345
22 346
21 347
20 348
19 348
18 348
17 348
16 348
15 348
37 359
37 358
37 357
37 356
37 355
37 354
38 353
39 352
40 351
41 350
36 362
35 363
34 363
33 363
32 363
31 363
30 363
29 363
28 363
27 363
26 362
48 363
49 362
50 361
51 360
52 359
53 358
54 357
55 356
56 355
57 354
57 353
57 352
57 351
57 350
57 349
57 348
57 347
57 346
57 345
57 344
57 343
56 342
55 342
54 342
53 341
52 340
51 339
50 338
49 337
48 336
47 335
46 334
46 333
46 332
47 331
48 330
49 329
50 328
51 327
52 326
53 325
54 324
55 324
56 324
57 324
58 324
59 324
60 324
61 324
62 324
63 324
64 324
65 324
66 324
67 324
68 324
69 324
70 324
71 324
72 324
73 323
74 322
75 321
76 320
77 319
78 318
54 323
54 322
53 321
52 320
51 319
50 318
51 317
52 316
53 315
54 314
55 313
55 312
55 311
55 310
55 309
55 308
55 307
55 306
56 305
56 304
56 303
56 302
56 301
56 300
56 299
57 298
58 297
59 296
60 295
45 335
44 336
43 336
42 336
41 336
40 336
39 336
38 336
37 336
36 336
35 336
34 336
33 336
32 336
31 335
30 334
29 333
28 332
27 331
26 330
25 329
24 328
23 327
22 326
21 325
20 324
19 323
18 322
17 321
16 320
15 319
14 318
112 408
111 409
110 410
109 411
108 412
107 413
106 414
105 415
104 416
103 417
102 418
101 419
100 420
100 421
100 422
100 423
101 424
102 425
103 426
104 427
105 428
106 429
106 430
106 431
106 432
106 433
106 434
106 435
106 436
106 437
135 398
136 399
137 400
138 400
139 400
140 400
141 400
142 400
164 347
165 348
166 349
167 350
168 351
168 352
168 353
168 354
169 354
170 354
171 354
172 354
173 354
174 354
175 354
176 353
177 352
178 351
179 352
180 353
181 354
182 355
182 356
182 357
182 358
182 359
183 359
184 359
185 359
186 359
187 359
188 359
189 359
190 359
191 359
192 359
193 360
194 361
195 362
196 363
197 364
197 365
197 366
197 367
197 368
197 369
197 370
198 371
199 372
200 373
201 374
202 375
203 376
204 377
205 378
206 379
207 380
208 380
208 379
208 378
208 377
208 376
208 375
208 374
209 373
210 372
211 371
212 370
213 369
214 368
208 381
167 355
166 356
165 357
164 358
163 359
162 360
161 361
160 362
159 363
158 364
157 365
157 366
158 367
159 367
160 367
161 367
162 367
163 367
164 367
165 367
166 367
167 367
168 367
169 368
169 369
169 370
169 371
169 372
169 373
169 374
169 375
169 376
169 377
169 378
169 379
166 338
167 339
168 340
169 340
170 340
171 340
172 340
173 340
174 340
175 340
129 294
130 295
131 296
132 297
133 298
134 299
135 300
136 301
137 302
138 303
139 304
140 304
141 304
142 304
175 252
174 267
173 268
172 269
172 270
172 271
172 272
172 273
172 274
172 275
172 276
172 277
172 278
172 279
171 280
170 281
169 282
168 283
167 284
166 285
165 286
164 286
163 286
162 286
161 286
173 280
174 281
175 282
176 283
177 284
178 285
179 286
180 286
181 286
182 286
181 287
180 288
179 289
179 290
179 291
179 292
179 293
179 294
179 295
179 296
179 297
178 298
177 299
176 300
175 301
174 302
173 303
172 304
171 305
170 306
169 307
169 308
168 309
167 310
166 311
165 311
164 311
163 311
162 311
161 311
162 312
163 313
164 314
165 315
166 316
167 317
168 318
169 319
170 320
171 321
172 322
173 323
174 323
175 323
176 323
177 323
178 323
179 323
180 323
181 323
182 323
183 322
184 321
185 320
186 319
187 318
188 317
189 317
190 317
191 317
192 317
193 317
194 317
195 316
196 315
197 314
198 313
199 312
200 311
201 311
202 311
203 311
204 311
205 311
206 311
207 311
208 311
209 311
210 311
211 310
211 309
212 308
213 307
214 306
215 305
216 304
217 303
218 302
219 301
220 300
221 299
222 300
222 301
222 302
222 303
222 304
222 305
222 306
222 307
200 310
200 309
200 308
200 307
200 306
200 305
199 304
198 303
197 302
196 301
189 318
190 319
191 320
192 321
193 322
194 323
195 324
196 325
197 326
198 327
198 328
198 329
198 330
198 331
198 332
199 333
200 334
201 335
202 336
203 336
204 336
205 336
206 336
207 336
208 336
209 336
210 336
211 336
212 336
213 336
214 336
215 336
216 335
217 334
217 333
216 333
215 332
214 331
213 330
212 329
211 328
210 327
209 326
218 333
219 333
220 333
221 333
222 333
223 333
224 333
225 333
226 333
227 332
228 331
229 331
230 331
231 331
232 331
233 330
234 329
235 328
236 327
237 326
238 325
239 324
240 323
241 323
242 323
243 323
244 323
245 323
246 323
247 323
248 322
249 321
250 320
251 321
252 321
253 321
254 321
255 321
256 321
257 321
258 321
259 321
260 320
261 319
262 318
263 317
264 316
265 315
266 314
267 313
267 312
267 311
267 310
267 309
267 308
267 307
267 306
267 305
267 304
267 303
266 302
265 301
257 322
256 323
255 324
254 325
253 326
252 327
251 328
251 329
251 330
251 331
250 332
249 333
248 334
247 335
247 336
247 337
247 338
247 339
247 340
247 341
247 342
247 343
246 344
246 345
246 346
246 347
246 348
246 349
246 350
246 351
246 352
246 353
245 353
244 353
243 353
242 353
241 352
240 351
239 350
238 349
237 348
236 347
235 346
234 345
233 346
232 347
231 348
230 349
229 350
228 351
227 351
226 351
225 351
224 351
223 351
222 351
221 351
222 352
223 353
224 354
225 355
226 356
227 357
228 358
229 359
230 360
231 361
231 362
231 363
231 364
232 365
233 366
234 367
235 368
236 368
237 368
238 368
239 368
240 368
241 368
240 369
239 370
238 371
237 372
237 373
237 374
237 375
237 376
237 377
237 378
237 379
237 380
236 381
235 382
234 383
233 384
232 385
231 386
230 387
229 387
228 387
227 387
226 387
225 387
226 388
227 389
228 390
228 391
228 392
228 393
228 394
228 395
228 396
228 397
228 398
228 399
229 399
230 399
231 399
232 399
233 399
234 399
235 398
236 397
237 396
238 395
239 394
240 393
229 400
230 401
231 402
232 403
233 404
234 405
235 406
236 406
237 406
238 406
239 406
240 406
241 406
227 400
226 401
225 402
224 402
223 402
222 402
221 402
220 402
219 402
218 403
217 404
216 405
215 405
214 405
213 405
212 405
211 405
210 405
209 406
208 406
207 406
206 406
205 406
204 406
203 406
202 406
201 406
200 406
199 406
198 406
198 405
198 404
198 403
198 402
198 401
198 400
198 399
197 398
196 397
195 396
194 395
193 394
192 395
191 396
190 397
189 398
188 399
187 400
186 401
185 402
184 403
183 404
183 405
183 406
182 406
181 406
180 406
179 406
178 406
177 406
176 406
175 406
174 406
173 406
172 406
171 406
170 406
169 405
168 404
167 405
166 406
165 407
164 408
163 408
162 408
161 408
160 408
159 408
158 409
157 410
157 411
157 412
157 413
157 414
157 415
157 416
157 417
157 418
156 419
156 420
156 421
156 422
156 423
156 424
156 425
156 426
156 427
155 428
155 429
155 430
155 431
155 432
155 433
155 434
155 435
154 435
153 435
152 435
151 435
150 435
149 435
148 435
147 435
146 435
145 435
144 435
143 435
142 434
141 434
141 435
140 436
139 437
138 437
137 437
136 437
135 437
134 437
133 437
140 433
139 432
138 431
137 430
136 429
135 428
134 427
133 426
156 436
157 437
158 438
159 439
160 440
161 441
162 442
163 442
164 442
165 442
166 442
166 441
166 440
166 439
167 438
168 437
169 436
170 435
171 434
172 433
173 432
174 431
175 432
176 433
177 434
178 435
179 436
180 437
181 438
181 439
181 440
181 441
160 409
161 410
162 411
163 412
164 413
165 414
166 415
167 416
168 417
168 418
168 419
197 407
196 408
195 409
194 410
193 411
192 412
191 413
190 414
190 415
190 416
190 417
190 418
190 419
199 407
200 408
201 409
202 410
203 411
204 412
205 413
206 414
207 415
208 416
209 417
210 418
211 419
212 420
213 421
213 422
213 423
213 424
213 425
213 426
213 427
213 428
212 429
211 430
210 431
209 432
208 433
207 434
206 435
205 436
204 437
203 438
202 439
201 440
200 441
199 441
198 441
214 429
215 430
216 431
216 432
216 433
216 434
216 435
216 436
242 369
243 370
244 371
245 372
246 373
247 374
248 375
249 376
250 377
251 378
251 379
252 380
253 381
254 382
255 383
256 384
257 384
258 384
259 384
260 384
261 384
262 384
263 384
264 384
264 383
264 382
264 381
264 380
264 379
264 378
264 377
264 376
265 375
265 374
265 373
265 372
265 371
265 370
265 369
265 368
265 367
265 366
265 365
264 364
263 363
263 362
262 362
264 362
265 362
266 362
267 362
268 362
269 362
270 362
271 361
272 360
273 359
273 358
272 358
271 357
270 356
269 355
268 354
267 353
266 352
265 351
264 350
263 349
273 357
273 356
273 355
274 354
275 353
276 352
277 351
278 350
279 349
280 348
281 347
281 346
281 345
281 344
281 343
281 342
281 341
282 340
283 339
284 338
285 337
274 360
275 361
276 361
277 361
278 361
279 361
280 361
281 361
282 361
283 361
284 361
283 362
282 363
281 364
280 365
279 366
279 367
279 368
279 369
279 370
265 385
266 386
267 387
268 388
269 389
270 390
271 391
272 392
273 393
274 394
275 395
274 396
273 397
273 398
273 399
273 400
273 401
273 402
273 403
273 404
273 405
273 406
274 407
275 408
276 409
277 410
278 411
279 412
279 413
279 414
279 415
279 416
279 417
279 418
279 419
279 420
278 421
277 422
276 423
275 424
274 425
273 426
272 426
271 426
270 426
269 426
268 426
267 426
266 426
265 427
264 428
263 429
262 430
261 431
260 432
259 433
258 434
257 435
256 436
280 421
281 422
282 423
283 424
284 425
285 426
286 427
287 428
288 429
289 430
290 431
291 432
292 433
293 434
294 435
295 436
296 437
297 438
298 438
298 437
298 436
298 435
298 434
298 433
298 432
298 431
298 430
298 429
298 428
298 427
298 426
299 425
298 439
299 440
300 441
301 442
302 443
303 444
304 445
305 446
306 447
307 448
308 449
309 449
309 448
309 447
310 446
311 445
312 444
313 443
309 450
309 451
309 452
276 396
277 397
278 398
279 399
280 400
281 401
282 402
283 403
284 403
240 322
240 321
240 320
240 319
240 318
240 317
240 316
239 315
238 314
237 313
211 243
211 242
211 241
211 240
211 239
212 238
213 237
214 236
215 235
216 234
217 233
218 232
219 231
219 230
219 229
219 228
219 227
219 226
219 225
218 224
217 223
216 222
215 221
214 220
238 245
239 245
240 244
241 243
242 242
243 241
244 240
245 239
246 238
247 237
248 236
249 235
250 235
251 235
252 235
253 235
254 235
255 234
256 233
257 232
258 231
259 232
260 233
261 233
262 233
263 233
264 233
265 233
266 233
267 233
268 233
269 233
270 233
271 232
272 231
273 230
274 229
275 228
276 227
277 226
278 225
279 224
280 223
281 222
282 222
283 222
284 222
285 222
286 222
287 222
288 222
289 222
290 222
291 222
292 222
293 222
294 222
295 222
296 221
297 220
249 258
248 259
247 260
246 261
245 261
244 261
243 261
242 261
241 261
240 262
239 263
238 264
237 265
236 266
236 267
236 268
236 269
235 270
234 271
233 271
232 271
231 271
230 271
229 271
228 271
227 271
226 271
225 271
224 271
223 271
222 271
221 271
221 270
221 269
221 268
221 267
221 266
221 265
221 264
221 263
220 272
219 273
218 274
217 275
216 276
215 277
214 278
213 279
212 280
211 281
210 281
209 281
208 281
207 281
237 270
238 270
239 270
240 270
241 270
242 270
243 270
244 270
259 267
259 268
259 269
259 270
259 271
259 272
259 273
259 274
259 275
258 276
257 277
256 278
255 279
254 280
253 281
252 282
251 283
250 284
249 285
248 286
247 287
246 288
246 289
245 290
244 290
243 290
242 290
241 290
240 290
239 290
238 290
281 263
282 263
283 263
284 262
285 261
286 260
287 259
288 258
289 257
290 257
291 257
292 257
293 257
294 257
295 257
296 257
297 257
298 257
299 257
300 256
301 256
302 256
303 256
304 256
305 256
306 256
307 256
308 256
309 256
300 255
300 254
300 253
300 252
300 251
300 250
300 249
300 248
300 247
300 246
300 245
300 244
300 243
299 242
298 242
297 242
296 242
295 242
294 242
293 241
292 240
291 239
334 271
335 272
336 273
337 274
338 275
339 276
340 277
341 278
342 279
343 280
344 281
345 282
346 283
346 284
347 284
348 284
347 285
348 286
349 287
350 288
351 289
352 290
353 291
354 292
355 293
356 293
357 293
358 293
359 292
360 291
361 290
362 289
363 288
364 287
365 286
366 285
367 284
368 283
369 282
370 281
371 280
372 279
373 278
374 278
375 277
376 276
377 275
378 274
379 273
380 272
381 271
382 270
383 269
384 268
385 267
386 266
387 265
387 264
387 263
387 262
387 261
386 260
385 259
384 258
383 257
382 256
381 255
380 254
380 253
379 253
381 253
382 253
383 253
384 253
385 253
386 253
387 253
388 253
389 253
390 252
391 251
392 250
393 249
394 248
395 249
396 250
397 251
398 252
399 253
400 254
401 255
402 256
403 257
403 258
403 259
403 260
404 260
405 260
406 259
407 258
408 257
409 256
410 255
411 254
412 253
413 252
414 253
415 254
416 255
417 256
418 257
419 258
420 259
421 260
422 260
423 260
424 260
425 260
426 260
426 259
426 258
426 257
426 256
426 255
426 254
426 253
426 252
426 251
426 250
426 249
426 248
426 247
426 246
426 245
426 244
426 243
426 242
426 241
426 240
426 239
426 238
425 238
424 238
423 237
422 236
421 235
420 234
419 233
418 232
417 231
416 230
415 229
414 228
414 227
414 226
414 225
414 224
414 223
414 222
414 221
415 220
416 219
427 261
428 262
429 263
430 264
431 265
432 266
433 267
433 268
434 268
435 268
436 268
437 268
438 268
439 267
440 266
441 265
442 264
443 265
444 266
445 267
446 268
447 269
448 270
448 271
448 272
447 273
446 274
445 275
444 276
443 277
442 278
442 279
442 280
442 281
442 282
442 283
442 284
442 285
442 286
442 287
441 288
440 289
439 290
438 291
437 292
436 293
435 294
434 295
433 296
432 297
431 298
430 299
429 300
428 301
427 302
426 303
425 304
424 305
423 306
422 307
421 308
421 309
420 309
419 309
418 309
417 309
416 308
415 307
414 306
413 305
412 304
411 303
410 302
409 302
408 301
407 300
406 299
405 298
404 297
403 296
402 295
401 294
400 293
399 292
398 291
397 290
396 289
395 288
394 287
410 301
410 300
411 299
412 298
413 297
414 296
415 295
416 294
416 293
416 292
416 291
416 290
416 289
416 288
416 287
416 286
416 285
415 284
414 283
413 282
412 281
435 296
436 297
437 298
438 299
439 300
440 301
441 301
442 301
443 301
444 301
445 301
446 301
447 301
448 301
449 301
450 300
451 301
452 302
453 303
454 303
455 303
456 303
457 303
458 303
459 303
460 303
441 302
441 303
441 304
441 305
441 306
441 307
441 308
441 309
441 310
441 311
441 312
440 313
439 314
439 315
439 316
439 317
439 318
439 319
439 320
439 321
439 322
439 323
438 324
438 325
438 326
438 327
438 328
438 329
438 330
438 331
438 332
437 332
436 332
435 332
434 332
433 332
432 331
431 330
430 329
429 328
428 327
427 326
439 333
440 334
441 335
441 336
441 337
441 338
441 339
441 340
441 341
441 342
442 343
443 344
444 345
445 346
446 347
447 348
448 349
449 350
449 351
448 352
447 353
446 354
445 355
444 356
444 357
444 358
444 359
443 360
442 361
441 362
440 363
439 364
438 365
437 366
436 367
435 367
450 352
451 353
452 354
453 355
454 356
455 357
456 358
456 359
456 360
456 361
456 362
457 363
458 364
459 365
460 366
461 367
462 368
463 369
464 370
465 370
466 370
467 370
468 370
469 370
470 370
471 370
472 369
473 368
474 367
475 367
476 367
477 367
478 367
479 367
480 366
481 365
482 364
483 363
484 362
485 361
486 360
487 359
488 358
489 358
490 358
491 358
492 358
493 357
494 356
495 355
496 354
497 353
498 352
499 351
500 350
501 349
502 348
503 347
504 346
505 345
506 344
507 343
508 342
509 341
508 340
507 339
506 338
505 337
504 336
503 335
502 334
501 333
500 332
510 342
511 343
512 344
513 345
514 346
515 347
516 348
516 349
516 350
516 351
516 352
516 353
517 354
518 355
519 355
520 355
521 355
522 355
523 355
524 355
525 355
526 355
525 356
524 357
523 358
522 359
521 360
521 361
521 362
521 363
521 364
520 365
519 366
518 367
517 368
516 369
515 370
514 371
514 372
514 373
514 374
514 375
514 376
513 377
512 378
511 379
510 380
509 381
508 382
507 383
506 384
505 385
504 386
504 387
504 388
503 389
502 390
501 391
500 392
499 393
498 394
497 395
496 396
496 397
496 398
496 399
496 400
495 401
494 402
493 403
492 404
491 405
490 406
490 407
490 408
490 409
491 410
492 411
493 412
494 413
495 414
496 415
496 416
496 417
496 418
496 419
496 420
496 421
496 422
496 423
496 424
496 425
495 426
494 427
493 428
492 429
491 430
490 431
489 432
488 433
487 434
486 435
497 401
498 402
499 403
500 404
501 405
502 406
503 407
504 408
505 409
506 409
507 409
508 409
509 409
510 409
511 409
512 410
512 411
512 412
512 413
512 414
512 415
513 415
513 416
514 417
515 418
516 419
517 420
518 421
519 422
520 423
521 424
522 425
523 426
524 427
525 428
526 429
527 430
528 431
528 432
528 433
528 434
528 435
528 436
529 437
530 438
531 439
532 440
533 441
534 442
535 443
536 443
537 443
538 443
539 443
539 442
539 441
539 440
539 439
539 438
539 437
539 436
539 435
539 434
539 433
539 432
539 431
539 430
539 429
539 428
539 427
539 426
539 425
539 424
540 423
541 422
542 423
543 424
544 425
545 426
546 427
547 428
548 429
549 430
550 431
551 432
552 432
553 432
554 432
555 432
556 432
557 432
558 432
559 432
560 432
561 432
562 432
563 432
564 432
565 432
566 432
567 431
568 430
569 429
569 428
569 427
569 426
569 425
569 424
570 423
571 422
572 421
573 420
574 419
575 420
576 421
577 422
578 423
579 424
580 425
581 426
582 427
583 428
584 429
585 430
586 430
587 430
588 430
589 430
590 430
590 429
590 428
590 427
590 426
590 425
590 424
590 423
590 422
591 421
592 422
593 423
594 424
595 425
596 426
597 427
598 428
599 429
600 429
601 429
602 429
603 429
591 431
592 432
593 433
594 434
595 435
596 436
597 437
597 438
597 439
597 440
597 441
597 442
596 443
595 444
594 445
593 446
592 447
591 448
590 449
589 449
588 449
587 449
586 449
598 443
599 444
600 444
601 444
602 444
603 444
604 444
605 444
606 444
607 444
608 444
609 444
610 444
514 414
515 413
516 412
517 411
518 410
519 409
520 408
521 407
522 408
523 409
524 410
525 411
526 412
527 413
527 414
495 395
494 394
493 393
492 392
491 392
490 392
489 392
488 392
487 392
486 392
485 391
527 356
528 357
529 358
530 359
531 360
532 361
533 362
534 362
535 362
536 362
536 361
536 360
537 359
538 358
539 357
540 356
541 355
542 354
543 353
544 353
545 353
546 353
547 353
548 352
549 351
550 350
551 349
551 348
551 347
551 346
551 345
551 344
551 343
551 342
551 341
551 340
552 340
553 340
554 340
555 340
556 340
557 340
558 340
559 339
560 338
561 337
562 336
563 335
564 334
565 333
566 332
567 331
568 330
569 329
570 328
571 329
572 330
573 331
574 332
575 333
576 333
577 333
578 333
579 333
580 333
581 333
580 334
579 335
579 336
579 337
579 338
579 339
579 340
579 341
579 342
582 334
583 335
584 336
585 337
586 338
587 339
588 340
589 341
590 342
591 343
592 344
593 345
594 346
595 347
596 347
597 347
598 347
599 347
600 347
601 347
602 347
603 347
604 347
605 347
606 347
607 348
608 348
609 348
610 348
611 348
612 348
613 348
614 348
615 348
616 348
617 348
618 348
619 348
620 348
621 348
622 348
623 348
624 348
625 348
626 348
627 348
628 348
629 347
630 346
631 345
632 344
633 343
596 348
595 349
594 350
593 351
592 352
591 353
591 354
591 355
591 356
591 357
591 358
592 359
593 360
594 361
595 362
596 363
597 364
598 364
599 364
600 365
600 366
600 367
600 368
600 369
600 370
600 371
600 372
600 373
600 374
600 375
599 376
598 377
597 378
596 379
595 379
594 379
593 379
592 379
591 379
590 379
589 379
588 379
587 379
586 380
585 381
584 382
583 383
582 384
581 385
580 386
579 387
579 388
579 389
579 390
579 391
579 392
579 393
579 394
579 395
579 396
579 397
579 398
580 398
581 398
582 398
583 398
584 398
585 398
586 398
587 398
588 398
589 398
590 398
601 376
602 377
603 378
604 379
605 380
606 381
607 382
608 383
609 384
610 385
611 386
612 387
613 388
613 389
613 390
613 391
613 392
614 393
615 394
616 395
617 396
618 397
619 398
620 399
621 400
622 401
623 402
624 403
625 403
626 403
625 404
626 405
627 406
628 407
629 408
630 409
631 409
632 409
633 409
634 409
635 409
636 409
637 409
638 409
639 409
640 409
627 402
628 401
629 400
630 399
631 398
632 397
633 396
634 395
635 394
636 393
637 392
638 391
638 390
638 389
638 388
638 387
638 386
638 385
638 384
638 383
638 382
637 381
636 380
635 379
634 378
633 377
632 376
631 375
630 374
629 373
628 372
627 371
551 339
551 338
551 337
551 336
550 335
549 334
548 333
547 332
546 331
545 330
544 330
543 329
542 328
541 327
540 326
539 325
538 324
538 323
537 323
539 323
540 323
541 322
542 321
543 320
544 319
545 318
546 317
547 317
548 317
549 317
550 317
551 316
552 315
553 314
554 313
555 312
556 311
557 310
558 309
558 308
557 308
556 308
555 307
554 306
553 305
552 304
551 303
550 302
549 302
548 302
547 302
546 302
545 302
544 302
543 301
542 300
541 299
540 298
539 297
538 296
537 295
536 294
535 293
535 292
535 291
535 290
535 289
535 288
535 287
535 286
534 285
533 286
532 287
531 288
530 289
529 290
528 291
527 291
526 291
525 291
524 292
523 293
522 294
521 295
520 295
519 295
518 295
517 295
516 295
515 295
514 295
513 296
512 297
511 298
510 299
509 300
508 301
507 302
507 303
507 304
506 304
505 305
504 306
503 307
502 308
501 309
500 310
499 311
498 311
497 311
496 311
495 311
494 311
493 311
492 312
491 313
490 314
489 315
488 316
487 317
486 318
485 319
484 320
483 321
482 322
481 322
507 305
507 306
507 307
507 308
507 309
507 310
507 311
515 296
516 297
517 298
518 299
519 300
519 301
519 302
519 303
519 304
519 305
520 306
521 307
522 308
522 309
522 310
522 311
522 312
522 313
522 314
522 315
522 316
534 294
533 295
532 296
531 297
530 298
530 299
530 300
530 301
530 302
559 308
560 308
561 308
562 308
563 307
564 306
565 305
566 304
567 303
568 302
569 301
570 300
571 299
572 298
573 297
574 296
575 296
576 296
577 296
578 296
579 296
580 296
581 296
582 296
583 296
584 296
585 296
586 296
587 296
588 296
589 295
590 296
591 297
592 298
593 299
594 300
595 301
595 302
595 303
595 304
595 305
595 306
595 307
595 308
595 309
595 310
595 311
596 312
597 313
598 314
599 315
600 316
601 317
602 318
603 318
604 318
605 318
606 318
607 318
608 318
608 317
608 316
608 315
608 314
609 313
610 312
611 311
612 310
613 309
614 308
615 307
616 306
617 305
618 304
619 303
620 302
621 303
622 304
623 305
624 306
625 307
626 308
627 309
627 310
627 311
627 312
628 308
629 307
630 306
631 305
632 304
633 303
574 295
574 294
574 293
574 292
574 291
574 290
574 289
573 288
572 287
571 286
571 285
571 284
571 283
571 282
571 281
571 280
571 279
571 278
571 277
571 276
571 275
571 274
570 273
570 272
571 272
570 271
570 270
570 269
570 268
570 267
570 266
570 265
569 264
568 265
567 266
566 267
565 268
564 269
563 270
562 271
561 271
572 271
573 270
574 269
575 268
576 267
577 266
578 265
579 264
580 263
581 262
582 262
583 262
584 262
585 262
586 262
587 262
588 261
589 260
590 259
591 258
592 257
593 256
582 263
583 264
584 265
585 266
586 267
587 268
588 269
589 270
590 271
591 271
592 271
593 271
594 271
595 271
596 271
581 261
581 260
581 259
580 258
579 257
578 256
577 255
576 254
575 253
575 252
575 251
575 250
575 249
575 248
576 247
577 246
578 245
579 245
580 245
581 245
582 245
583 245
584 245
585 245
586 245
587 245
588 244
588 243
588 242
588 241
588 240
588 239
588 238
588 237
588 236
588 235
588 234
589 233
590 232
590 231
589 231
588 231
587 231
586 231
585 230
584 229
583 228
582 228
581 228
580 228
579 227
578 226
577 225
576 224
575 223
574 222
573 221
572 220
571 219
570 220
569 220
568 220
567 220
566 220
565 220
564 220
563 220
562 220
561 220
560 220
559 220
558 221
557 222
556 223
555 224
554 225
553 226
552 227
552 228
552 229
552 230
552 231
552 232
553 233
553 234
553 235
553 236
553 237
553 238
553 239
553 240
553 241
553 242
552 243
551 244
550 245
549 246
548 247
547 248
546 249
545 250
544 251
544 252
543 252
542 251
541 250
540 249
539 248
538 247
537 246
536 245
535 244
534 245
533 246
532 247
531 248
530 249
529 250
528 250
527 250
526 250
525 250
524 250
523 250
522 251
521 252
520 253
519 253
518 253
517 253
516 253
515 253
514 253
513 253
513 252
513 251
513 250
513 249
513 248
513 247
513 246
513 245
513 244
513 243
512 243
514 243
515 243
516 243
517 243
518 242
519 241
520 240
521 239
521 238
521 237
521 236
521 235
521 234
521 233
521 232
521 231
521 230
521 229
521 228
520 227
519 226
519 225
519 224
519 223
519 222
519 221
519 220
519 219
519 218
519 217
519 216
519 215
518 214
517 213
517 212
516 212
515 213
514 214
513 215
512 216
511 217
510 218
509 219
508 220
507 221
506 222
505 223
504 223
518 212
519 211
520 210
521 209
522 208
523 207
524 206
524 205
523 205
522 204
521 203
520 202
519 201
518 200
517 199
516 198
515 197
515 196
515 195
515 194
515 193
515 192
515 191
515 190
515 189
515 188
515 187
515 186
515 185
515 184
514 184
516 184
517 184
518 183
519 182
520 181
521 180
522 179
523 178
524 177
525 176
526 175
527 174
528 173
529 172
530 171
530 170
531 169
532 168
533 167
534 166
535 165
536 164
535 163
534 162
533 161
532 160
531 159
531 158
531 157
531 156
531 155
531 154
531 153
531 152
531 151
531 150
531 149
531 148
530 148
532 148
533 148
534 148
535 147
535 146
535 145
535 144
535 143
536 142
537 141
538 140
539 140
539 141
540 142
541 143
542 144
543 145
544 146
545 147
546 148
547 149
548 149
549 149
550 149
551 149
552 149
553 150
554 151
555 152
556 153
557 154
558 155
559 155
560 155
561 155
562 155
563 155
564 155
565 155
566 155
567 155
567 154
567 153
567 152
567 151
567 150
567 149
567 148
568 147
569 146
570 145
571 144
572 144
573 144
574 144
575 144
576 144
577 143
578 142
579 141
580 140
581 139
582 138
583 137
584 136
585 135
586 134
587 133
588 132
589 131
590 131
591 131
592 131
593 131
594 131
595 131
596 131
597 131
598 130
599 129
600 128
601 127
602 126
603 125
603 124
603 123
603 122
603 121
603 120
603 119
603 118
603 117
603 116
590 132
591 133
592 134
593 135
594 136
595 137
596 138
597 139
598 139
599 139
540 139
541 138
542 137
543 136
544 135
545 134
546 133
547 132
548 131
549 130
550 129
551 128
552 127
553 126
554 125
555 124
556 124
557 123
558 122
559 121
560 120
561 119
561 118
560 118
559 117
558 116
557 115
556 114
555 113
554 112
554 111
554 110
554 109
554 108
554 107
554 106
555 105
556 104
557 103
558 102
559 101
562 118
563 117
564 116
565 115
566 114
567 113
568 112
569 111
570 110
571 109
531 172
532 173
533 174
534 175
535 176
536 177
537 177
538 177
539 177
540 177
541 176
542 175
543 174
544 173
545 172
514 198
513 199
512 200
511 201
510 202
509 203
508 204
507 205
506 206
505 207
525 205
526 206
527 207
528 207
529 207
530 207
531 207
532 207
533 207
534 207
535 207
536 207
537 207
538 207
539 207
540 207
541 207
542 207
543 207
544 207
545 207
546 206
547 205
547 204
547 203
547 202
547 201
547 200
547 199
547 198
548 197
549 196
550 195
551 194
552 193
553 193
554 193
555 193
556 193
557 193
558 193
559 193
560 193
561 193
562 193
563 193
564 193
565 192
566 193
567 194
568 195
569 195
570 195
571 195
572 195
573 195
574 195
575 195
576 195
577 195
578 195
578 194
578 193
578 192
578 191
579 190
580 189
581 188
582 187
583 186
584 185
585 184
586 183
587 182
588 181
589 180
590 179
591 179
592 179
593 179
594 179
595 179
596 179
597 179
598 179
599 179
600 179
601 179
602 179
603 179
590 178
590 177
590 176
590 175
590 174
590 173
590 172
590 171
590 170
590 169
590 168
591 167
592 166
593 165
594 164
595 163
596 162
579 196
580 197
581 198
582 198
583 198
584 198
585 198
586 198
587 198
588 198
589 198
590 198
591 199
592 200
593 201
594 201
595 201
596 201
597 201
598 201
599 201
600 201
601 201
602 201
603 201
604 201
605 201
606 202
607 203
608 203
609 203
610 203
611 203
612 203
613 203
614 203
615 203
616 203
617 203
618 203
619 203
620 203
621 203
622 203
623 203
624 203
625 203
626 203
627 202
628 201
629 200
630 199
631 198
632 197
633 196
634 195
634 194
634 193
634 192
634 191
634 190
633 189
632 188
631 187
630 186
629 185
629 184
628 184
630 184
631 184
632 184
633 183
634 182
635 181
636 180
637 179
638 178
639 177
640 176
641 175
642 174
643 173
644 172
645 171
646 170
647 169
648 168
649 167
649 166
648 166
647 166
646 166
645 166
644 166
643 165
642 164
641 163
640 162
639 161
639 160
639 159
639 158
639 157
639 156
639 155
639 154
639 153
639 152
638 151
638 150
638 149
638 148
638 147
638 146
638 145
638 144
638 143
638 142
638 141
638 140
638 139
637 138
636 137
635 136
634 135
633 134
632 133
631 132
630 131
629 130
628 129
637 152
636 153
635 154
634 155
633 156
632 157
631 158
630 159
629 160
628 161
627 162
626 162
650 166
635 196
636 197
637 198
638 198
623 204
624 205
625 206
626 207
627 208
628 209
629 210
629 211
629 212
629 213
629 214
629 215
629 216
629 217
629 218
629 219
629 220
629 221
629 222
628 223
627 224
626 225
625 226
624 227
623 228
622 229
621 230
621 231
621 232
621 233
621 234
621 235
620 236
620 237
620 238
620 239
620 240
620 241
620 242
620 243
620 244
620 245
621 246
622 247
623 248
623 249
623 250
623 251
623 252
623 253
624 254
625 255
626 256
627 257
628 258
629 259
630 260
631 261
631 262
631 263
631 264
631 265
631 266
630 267
629 268
628 269
627 270
626 271
625 272
625 273
625 274
625 275
625 276
624 277
623 278
622 279
621 280
620 281
619 281
618 281
617 281
616 281
615 281
630 223
631 224
632 225
633 226
634 227
635 228
636 229
637 230
638 231
639 232
640 233
641 234
642 235
643 235
512 254
511 254
510 254
509 254
508 254
507 254
506 254
505 254
504 254
503 254
502 254
501 254
500 254
499 254
498 253
497 252
496 251
545 253
546 254
547 255
548 256
549 257
550 258
551 258
552 258
553 258
554 258
555 258
556 258
555 259
554 260
553 261
552 262
551 263
550 264
549 265
548 266
547 267
546 268
545 269
544 270
543 270
542 270
541 270
540 270
539 270
538 270
537 270
536 270
535 269
534 268
533 267
591 231
592 231
593 231
594 231
595 231
596 231
597 231
598 231
599 231
600 231
601 230
602 229
603 228
603 227
603 226
603 225
603 224
602 223
601 222
600 221
599 220
598 219
597 219
596 219
595 219
594 219
593 219
592 219
591 219
590 218
589 217
588 216
587 215
586 214
544 354
545 355
546 356
547 357
548 358
549 359
550 360
551 360
552 360
553 360
554 360
537 363
538 364
539 365
540 366
541 367
542 368
543 369
544 370
544 371
544 372
544 373
544 374
544 375
545 376
546 377
547 378
548 379
549 380
550 381
551 382
552 383
553 384
554 385
554 386
554 387
554 388
554 389
553 390
552 391
551 392
550 393
549 394
548 395
547 396
546 397
546 398
546 399
545 399
544 398
543 397
542 396
541 395
540 395
539 395
538 395
537 395
536 395
535 395
534 395
533 394
532 393
531 392
546 400
546 401
489 359
490 360
491 361
492 362
493 363
494 364
495 365
496 366
497 367
474 366
474 365
474 364
474 363
474 362
474 361
473 360
472 359
471 358
463 371
462 372
461 373
460 374
459 374
458 374
457 374
456 374
455 374
456 375
457 376
458 377
459 378
460 379
460 380
460 381
460 382
460 383
460 384
459 385
458 386
458 387
458 388
458 389
458 390
458 391
458 392
458 393
458 394
458 395
458 396
458 397
458 398
458 399
458 400
458 401
458 402
458 403
458 404
458 405
458 406
458 407
458 408
458 409
458 410
458 411
458 412
458 413
457 414
456 415
455 416
454 417
453 418
452 419
452 420
452 421
452 422
452 423
452 424
452 425
452 426
451 427
450 428
450 429
450 430
450 431
450 432
450 433
450 434
449 434
448 434
447 433
446 432
445 431
444 430
443 429
442 428
441 427
440 426
449 435
448 436
447 437
446 438
445 439
444 439
443 439
442 439
441 439
440 439
439 439
451 435
452 436
453 437
454 438
455 439
456 440
457 441
458 441
459 441
460 441
461 441
459 414
460 415
461 416
462 417
463 418
464 419
465 420
466 421
467 422
449 273
450 274
451 275
452 276
453 277
454 278
455 279
456 280
457 280
458 280
459 280
460 280
461 280
461 279
461 278
461 277
461 276
461 275
461 274
461 273
461 272
462 271
463 270
464 269
465 268
466 267
467 266
468 265
468 264
468 263
467 262
466 261
465 260
464 259
463 258
462 257
461 256
460 255
459 254
459 253
459 252
459 251
459 250
459 249
459 248
459 247
458 246
457 245
456 244
455 243
454 242
453 241
452 241
451 241
450 241
449 241
448 241
447 241
446 241
445 241
444 241
443 241
453 240
453 239
453 238
453 237
453 236
453 235
453 234
453 233
453 232
453 231
453 230
453 229
453 228
454 227
455 226
469 262
470 261
471 260
472 259
473 258
474 257
475 256
476 255
477 254
478 253
479 252
480 251
480 250
480 249
480 248
480 247
480 246
480 245
480 244
480 243
480 242
480 241
480 240
480 239
480 238
479 237
478 236
477 235
462 281
463 282
464 283
465 284
466 285
467 285
468 285
469 285
470 285
471 286
472 287
473 288
474 289
475 290
476 290
477 290
478 290
479 290
480 290
481 290
482 290
483 290
483 289
483 288
483 287
483 286
483 285
483 284
484 283
485 282
485 281
485 280
485 279
485 278
485 277
485 276
486 275
487 274
488 273
489 273
490 273
491 273
492 273
493 273
494 273
495 273
496 273
497 273
498 273
499 273
349 283
350 282
351 281
352 280
353 279
354 278
354 277
354 276
354 275
354 274
354 273
354 272
355 271
356 270
356 269
356 268
356 267
356 266
356 265
355 264
354 263
353 262
352 261
351 260
351 259
351 258
351 257
351 256
351 255
351 254
351 253
351 252
351 251
352 250
353 249
354 248
355 247
356 246
356 245
356 244
356 243
356 242
356 241
356 240
356 239
356 238
356 237
356 236
356 235
356 234
356 233
355 232
354 231
353 231
352 231
351 231
350 231
349 231
348 231
347 231
346 231
345 231
344 231
343 230
342 229
341 228
341 227
341 226
341 225
341 224
341 223
341 222
341 221
341 220
342 219
343 218
343 217
342 217
341 217
340 217
339 217
338 217
337 217
336 217
335 217
334 217
334 216
334 215
334 214
333 213
332 212
331 211
330 210
329 209
328 208
327 207
326 206
325 205
324 204
323 203
322 202
321 203
320 204
319 205
318 206
317 207
316 208
316 209
316 210
316 211
316 212
316 213
316 214
316 215
316 216
344 217
345 216
346 215
347 214
348 213
349 212
350 211
351 210
352 209
353 208
354 207
355 206
356 205
357 204
358 204
358 205
359 206
360 207
361 208
362 209
363 210
364 211
365 212
366 213
367 214
368 215
369 216
370 217
371 218
372 219
373 220
374 221
374 222
374 223
374 224
374 225
374 226
374 227
374 228
357 203
357 202
357 201
357 200
357 199
357 198
356 197
355 196
355 195
355 194
355 193
355 192
356 191
357 190
358 189
359 188
359 187
360 187
360 186
360 185
360 184
360 183
360 182
360 181
360 180
361 179
362 178
363 177
364 176
364 175
364 174
365 173
366 172
367 171
368 170
369 169
370 168
371 167
371 166
371 165
371 164
371 163
372 162
373 161
374 160
375 159
376 158
377 157
378 156
379 155
380 155
381 155
382 155
383 155
384 154
385 153
386 152
387 151
388 150
388 149
388 148
388 147
388 146
387 145
386 144
385 143
384 142
383 141
389 151
390 152
391 153
392 153
393 153
394 153
395 153
396 153
397 153
398 153
399 153
400 153
401 153
402 153
403 152
404 151
405 150
406 149
407 148
407 147
408 147
409 147
410 147
411 147
412 147
413 147
414 147
415 147
416 147
417 146
418 145
419 144
406 146
405 145
404 144
403 143
402 142
401 141
400 140
399 139
398 138
397 137
397 136
397 135
397 134
397 133
398 132
399 131
400 131
401 131
402 131
403 130
404 129
405 128
406 127
407 126
407 125
407 124
407 123
407 122
407 121
407 120
407 119
407 118
407 117
407 116
407 115
407 114
408 113
408 112
408 111
408 110
408 109
408 108
408 107
408 106
408 105
408 104
407 104
406 104
405 104
404 104
403 104
402 104
401 104
400 104
399 103
398 102
397 101
396 100
396 99
396 98
396 97
396 96
396 95
396 94
396 93
396 92
396 91
397 90
398 90
399 90
400 90
401 90
402 89
403 88
404 87
405 86
406 85
407 84
408 83
408 82
407 82
406 82
405 82
404 82
403 82
402 82
401 81
400 80
399 79
398 78
398 77
398 76
398 75
398 74
398 73
398 72
398 71
399 70
400 69
401 68
402 67
402 66
402 65
402 64
403 64
402 63
402 62
402 61
402 60
402 59
401 58
400 57
399 56
398 55
397 54
397 53
397 52
397 51
397 50
397 49
397 48
397 47
397 46
397 45
398 44
404 63
405 62
406 61
407 60
408 59
409 58
410 57
411 56
412 56
413 56
414 56
415 56
416 56
417 56
418 56
419 55
420 54
421 53
422 52
423 51
424 50
425 49
426 48
426 47
425 47
424 46
423 45
422 44
421 43
420 42
419 41
418 40
417 39
416 38
427 47
412 57
413 58
414 59
415 60
416 61
416 62
416 63
416 64
417 65
418 66
419 67
420 67
421 67
422 67
423 67
424 67
425 67
426 67
409 82
409 114
410 115
411 116
412 117
413 118
414 118
415 118
416 118
417 118
418 118
419 118
420 118
421 118
422 118
423 118
424 118
425 118
424 119
425 120
426 121
427 122
428 123
429 124
430 124
431 124
432 124
433 124
426 117
427 116
428 115
429 114
430 113
431 112
432 112
433 112
434 112
435 112
436 112
437 112
438 112
439 112
440 111
441 110
442 109
443 108
444 109
445 110
446 111
447 112
448 113
449 114
450 115
451 116
452 117
453 118
454 119
455 120
456 120
457 120
398 130
397 129
396 128
395 127
394 126
393 125
392 124
391 123
390 122
389 121
388 120
387 119
386 118
385 119
384 120
383 121
382 121
381 121
380 121
379 121
378 121
377 121
376 121
375 121
374 121
373 121
372 121
371 121
370 121
369 121
368 121
367 121
366 121
365 121
364 121
363 121
362 120
361 119
360 118
359 117
358 116
366 122
365 123
364 124
363 125
362 126
361 127
360 127
359 127
358 127
357 127
356 127
355 127
354 127
353 127
352 127
351 127
350 127
349 127
348 127
347 127
346 127
345 127
344 126
344 125
344 124
343 123
342 122
341 121
340 120
339 119
338 118
337 117
336 116
335 116
334 116
333 115
332 114
331 113
330 112
329 111
328 110
327 109
326 108
325 109
324 110
323 111
322 112
321 113
321 114
321 115
321 116
320 116
319 115
318 114
317 113
316 112
315 111
314 110
313 109
312 108
311 107
310 106
309 105
308 104
307 103
306 102
305 101
304 101
303 100
302 99
301 98
300 97
299 96
298 95
297 94
296 93
296 92
295 92
297 92
298 92
299 92
300 92
301 92
302 91
303 90
304 89
305 89
306 89
307 89
308 89
309 89
310 89
311 89
312 89
313 88
314 87
314 86
313 85
312 84
311 83
310 82
309 81
308 80
307 79
306 78
305 77
304 76
303 76
302 76
301 76
300 76
299 76
298 76
297 76
296 76
295 76
294 75
293 74
292 73
291 73
290 73
289 73
288 73
287 73
286 73
285 73
284 73
283 73
282 73
281 72
292 72
292 71
292 70
292 69
293 68
294 67
295 66
296 65
297 64
298 63
299 62
300 61
301 60
302 59
303 58
304 58
303 57
303 56
303 55
303 54
303 53
303 52
303 51
302 50
301 49
300 49
299 49
298 49
297 48
296 47
295 46
294 45
293 44
292 45
291 46
290 47
289 48
288 49
287 50
286 51
286 52
286 53
286 54
286 55
305 57
306 56
307 55
308 54
309 53
310 52
311 51
312 50
313 49
314 48
315 47
316 46
317 47
318 48
319 49
320 50
321 51
322 52
323 53
324 54
325 55
326 56
327 57
328 58
329 59
330 60
330 61
330 62
331 63
332 64
333 65
334 66
335 67
336 68
337 69
338 70
339 71
340 72
341 73
342 74
343 74
343 73
343 72
343 71
343 70
343 69
344 68
345 67
346 66
343 75
343 76
343 77
344 78
345 79
346 80
347 81
348 82
349 83
350 84
351 85
352 86
353 86
353 85
353 84
353 83
353 82
353 81
353 80
353 79
353 78
354 77
354 76
354 75
354 74
354 73
354 72
355 71
356 70
357 69
358 68
359 67
360 66
361 65
362 64
363 63
364 62
365 61
365 60
365 59
365 58
365 57
365 56
365 55
365 54
365 53
365 52
365 51
365 50
365 49
365 48
365 47
365 46
364 46
363 46
362 46
361 46
360 46
359 46
358 46
357 46
356 46
355 45
354 44
353 43
352 42
351 41
350 40
349 39
348 38
347 37
346 36
345 35
345 34
345 33
345 32
345 31
345 30
345 29
345 28
345 27
345 26
346 25
347 24
348 23
344 36
343 37
342 37
341 37
340 37
339 37
338 37
337 37
366 46
367 46
368 46
369 46
370 46
371 45
372 44
373 43
374 42
375 41
376 40
377 39
378 38
379 37
366 62
367 63
368 64
369 65
370 66
371 67
372 68
373 69
374 70
375 71
376 72
376 73
376 74
376 75
375 76
374 77
373 78
373 79
373 80
373 81
373 82
373 83
321 117
320 118
319 119
318 120
317 121
316 122
315 122
314 122
313 122
312 122
311 122
310 122
343 127
342 128
341 129
340 130
339 131
338 132
337 133
336 134
335 135
335 136
335 137
335 138
335 139
335 140
335 141
334 141
333 141
332 141
331 141
330 141
329 141
328 141
327 141
326 141
325 141
324 140
323 139
322 138
336 142
337 143
338 144
339 145
340 146
341 147
342 148
343 149
344 150
345 150
346 150
347 150
348 150
349 150
350 150
351 150
352 150
375 120
375 119
375 118
375 117
375 116
375 115
375 114
374 113
373 112
372 111
371 110
400 154
401 155
402 156
403 157
404 158
405 159
406 160
407 161
408 162
408 163
408 164
380 156
381 157
382 158
383 159
384 160
385 161
386 162
387 163
388 164
389 165
389 166
389 167
389 168
389 169
390 170
391 171
392 172
393 173
394 174
395 175
396 176
397 177
398 178
399 179
400 179
401 179
402 179
403 179
404 179
405 179
406 179
407 179
408 179
409 179
410 179
411 179
412 179
413 179
414 180
415 181
416 182
417 183
418 184
419 185
420 186
421 187
422 188
423 189
424 190
425 191
426 192
427 193
428 193
427 194
426 195
425 196
424 197
423 198
422 199
421 199
420 199
419 199
429 194
430 195
431 196
432 197
433 198
434 199
435 200
436 201
437 202
438 203
439 203
440 203
441 203
442 203
443 203
444 203
445 202
446 201
447 200
448 199
448 198
448 197
448 196
448 195
447 195
446 194
445 193
444 192
443 191
443 190
443 189
443 188
443 187
443 186
442 185
441 184
440 183
439 182
438 181
438 180
437 180
437 179
436 178
435 177
434 176
433 175
432 174
431 173
430 172
429 171
439 180
440 180
441 179
442 178
443 177
444 176
445 175
446 174
447 173
448 194
449 193
450 192
451 191
452 190
453 189
454 190
455 191
456 192
457 193
458 194
459 195
460 195
461 195
462 195
462 194
463 193
464 192
465 191
466 190
467 189
468 188
469 187
470 186
471 186
472 186
473 185
474 184
475 183
476 182
477 181
478 180
479 179
480 178
480 177
480 176
480 175
480 174
480 173
480 172
480 171
480 170
480 169
480 168
480 167
481 166
482 165
483 164
484 163
484 162
484 161
484 160
485 159
486 158
487 157
487 156
487 155
487 154
487 153
487 152
487 151
487 150
487 149
487 148
488 147
489 146
489 145
488 145
487 145
486 145
485 145
484 144
483 143
482 142
481 141
480 142
479 143
478 144
477 145
476 146
475 147
474 147
473 147
472 147
471 146
470 145
469 144
468 143
467 142
466 141
465 140
464 139
463 139
462 139
461 139
460 139
459 139
458 139
457 139
456 139
455 139
454 139
453 139
452 138
451 139
450 140
449 141
448 142
447 143
446 144
446 145
446 146
447 147
448 148
448 149
448 150
448 151
448 152
448 153
448 154
449 154
450 154
451 154
452 154
453 154
454 154
455 154
456 154
457 154
458 153
459 152
490 145
491 146
492 147
493 148
494 149
495 150
496 151
497 151
498 151
499 151
500 151
500 150
500 149
500 148
500 147
500 146
501 145
502 144
503 143
504 142
505 141
505 140
506 140
506 139
506 138
506 137
506 136
506 135
506 134
506 133
506 132
507 131
508 130
509 129
510 128
511 128
512 128
513 128
514 128
515 128
516 127
517 126
518 125
519 124
520 123
520 122
519 121
518 120
517 119
516 118
515 117
514 116
513 115
513 114
513 113
512 113
511 112
510 111
509 110
508 109
507 108
506 107
505 106
504 105
503 106
502 107
501 108
500 109
499 109
498 109
497 109
496 109
495 109
494 109
493 109
492 109
491 109
490 109
489 109
488 109
487 109
486 108
485 107
484 106
483 105
482 104
481 103
480 102
479 101
478 102
477 103
476 104
475 105
474 106
474 107
474 108
474 109
474 110
474 111
474 112
474 113
474 114
473 114
472 113
471 112
470 111
469 110
468 109
467 108
466 107
465 106
464 105
463 104
462 103
461 102
460 101
459 100
513 112
513 111
513 110
513 109
513 108
514 107
515 106
516 105
517 104
518 103
519 103
520 103
521 103
522 103
523 103
524 103
525 103
526 103
527 103
528 103
529 103
530 103
531 103
504 139
503 138
502 137
501 136
500 135
499 134
498 133
497 132
485 164
486 165
487 166
488 167
489 168
490 169
491 170
492 171
493 172
494 173
495 174
495 175
495 176
496 177
497 178
498 179
499 180
499 181
499 182
499 183
499 184
499 185
499 186
499 187
499 188
496 173
497 172
498 171
499 170
500 169
501 168
502 167
503 166
504 165
470 185
470 184
470 183
470 182
470 181
470 180
470 179
469 178
468 177
467 176
466 175
465 174
464 173
463 172
462 171
463 196
464 197
465 198
466 199
467 200
468 201
469 202
470 203
470 204
470 205
470 206
470 207
471 208
472 209
473 209
474 209
475 209
476 209
477 209
478 209
479 209
480 209
481 209
482 209
483 209
484 209
485 209
486 208
487 207
488 206
489 205
480 210
479 211
478 212
477 213
476 214
475 215
474 216
473 217
472 218
358 186
357 185
356 184
355 183
354 182
353 181
352 180
351 179
350 178
349 177
348 176
347 175
346 174
345 173
344 172
343 171
342 171
341 171
340 171
339 171
338 171
337 171
336 170
335 169
334 168
333 167
332 166
331 165
330 165
329 165
328 165
327 165
326 165
325 165
324 165
323 164
322 163
321 162
320 163
319 164
318 165
317 166
317 167
317 168
317 169
317 170
318 171
319 172
320 173
321 174
321 175
321 176
321 177
321 178
321 179
321 180
321 181
321 182
342 172
341 173
340 174
339 175
338 176
337 177
336 178
335 179
335 180
335 181
335 182
335 183
335 184
336 185
337 186
338 187
338 188
338 189
338 190
338 191
338 192
338 193
338 194
338 195
338 196
338 197
359 203
360 202
361 201
362 200
363 199
364 198
365 197
366 197
367 197
368 197
369 197
370 197
371 197
372 197
373 197
374 198
375 198
376 198
377 199
378 200
379 201
380 202
380 203
380 204
380 205
380 206
380 207
381 208
382 209
383 210
384 211
385 212
386 213
387 213
388 213
389 213
390 213
391 213
392 213
393 214
394 215
395 216
396 217
397 218
397 219
397 220
397 221
397 222
397 223
397 224
397 225
340 229
339 230
338 231
337 232
336 232
335 232
334 232
333 232
332 232
331 232
330 232
331 233
332 234
333 235
334 236
335 237
336 238
337 239
338 240
339 241
340 242
341 243
345 285
344 286
343 287
342 288
341 289
340 290
339 291
338 292
337 293
336 294
335 294
334 294
333 294
332 294
331 294
330 295
329 296
328 296
327 296
326 296
325 296
324 296
323 296
322 297
321 298
320 299
319 299
318 299
317 299
316 299
315 299
314 299
313 299
312 299
311 299
310 299
309 299
308 299
307 299
306 299
305 299
304 299
303 299
302 299
301 299
300 298
309 300
308 301
307 302
306 303
305 304
304 305
303 306
302 307
301 308
301 309
300 310
299 311
298 312
297 313
296 314
295 315
295 316
294 316
293 315
292 314
291 313
290 312
289 311
288 310
287 309
286 308
295 317
295 318
294 319
293 319
292 319
291 319
290 319
289 319
288 319
287 319
286 319
285 319
296 319
297 320
298 321
299 322
300 323
301 324
302 324
303 324
304 324
305 324
306 324
302 310
303 311
304 312
305 312
306 312
307 312
308 312
309 312
310 312
311 312
312 312
313 312
314 312
315 312
316 312
317 312
318 312
319 313
320 314
321 315
322 316
323 317
324 318
325 319
326 320
327 321
328 322
329 323
330 324
331 325
332 326
332 327
333 327
334 327
335 327
336 327
337 326
338 325
339 324
340 323
341 322
333 328
334 329
335 330
336 331
337 331
338 331
339 331
340 331
341 331
340 332
339 333
338 334
338 335
338 336
338 337
338 338
338 339
338 340
338 341
338 342
338 343
338 344
338 345
338 346
342 330
343 329
344 328
345 327
346 326
347 325
348 324
349 323
350 322
351 323
352 324
353 325
354 326
355 327
356 328
356 329
356 330
357 330
358 330
359 330
360 330
361 330
362 330
363 330
364 329
365 329
366 329
367 329
368 329
369 329
370 329
371 328
372 327
373 326
373 325
373 324
373 323
373 322
373 321
373 320
373 319
373 318
373 317
374 316
375 315
376 314
377 313
378 312
374 327
375 328
376 329
377 330
378 331
379 332
380 333
381 334
382 335
383 335
383 334
383 333
383 332
383 331
384 330
385 329
386 328
387 327
388 327
389 327
390 327
391 327
392 327
393 327
394 327
395 327
396 328
397 329
398 330
399 331
400 332
401 333
401 334
401 335
401 336
401 337
383 336
384 337
384 338
384 339
384 340
384 341
384 342
384 343
384 344
384 345
384 346
384 347
384 348
383 349
382 350
382 351
382 352
382 353
382 354
382 355
382 356
382 357
382 358
382 359
381 359
380 359
379 359
378 359
377 358
376 357
375 356
374 355
373 354
372 355
371 356
370 357
369 358
368 359
367 360
366 361
365 362
364 363
363 364
362 364
361 364
360 364
359 364
385 349
386 350
387 351
388 351
389 351
390 351
391 351
392 351
393 351
394 351
395 351
396 351
397 352
398 353
399 354
400 355
401 356
402 357
402 358
402 359
402 360
402 361
402 362
402 363
402 364
402 365
402 366
364 328
364 327
364 326
364 325
364 324
364 323
364 322
363 321
362 320
357 331
358 332
359 333
360 334
361 335
362 336
363 337
364 338
365 339
366 340
331 328
330 329
329 330
328 331
327 332
326 332
325 332
324 332
323 332
322 332
322 333
322 334
322 335
322 336
322 337
322 338
322 339
322 340
322 341
322 342
322 343
321 344
321 345
321 346
321 347
321 348
321 349
321 350
321 351
321 352
321 353
321 354
321 355
321 356
321 357
321 358
320 359
319 359
318 359
317 359
316 359
315 359
314 359
313 359
312 359
312 360
311 361
310 362
309 363
311 358
310 357
309 356
308 355
307 354
306 353
305 352
304 351
303 350
302 349
301 348
322 359
323 360
323 361
323 362
323 363
323 364
324 365
325 366
326 367
327 368
328 368
329 368
330 368
331 368
332 368
333 368
332 369
331 370
330 371
329 372
328 373
327 374
326 375
325 375
324 375
323 376
322 377
321 378
320 379
319 379
318 379
317 379
316 379
315 379
314 379
313 379
312 379
311 379
310 379
309 380
308 381
307 382
306 383
305 384
304 384
303 384
302 384
301 384
300 384
334 369
335 370
335 371
335 372
335 373
335 374
335 375
335 376
335 377
336 378
337 379
338 380
338 381
338 382
338 383
338 384
338 385
338 386
338 387
337 388
336 389
335 390
334 391
333 392
332 393
331 394
330 395
329 396
328 397
327 398
326 399
325 400
324 401
323 402
322 403
321 403
320 403
319 403
318 403
317 403
316 403
339 388
340 389
341 390
342 391
342 392
342 393
342 394
342 395
342 396
342 397
342 398
342 399
342 400
342 401
343 402
343 403
343 404
343 405
343 406
343 407
343 408
343 409
343 410
343 411
343 412
344 412
345 412
346 412
347 412
348 412
349 411
350 410
351 409
352 408
353 407
354 406
355 407
356 408
357 409
358 410
359 411
360 412
361 413
362 413
362 412
362 411
362 410
362 409
363 408
364 407
365 406
366 405
367 404
367 403
367 402
367 401
367 400
367 399
367 398
367 397
367 396
368 395
369 394
370 393
371 392
372 391
372 390
372 389
372 388
372 387
372 386
372 385
373 384
374 383
375 382
376 381
377 380
378 379
379 380
380 381
381 382
382 383
383 384
384 385
385 386
386 387
387 388
388 389
389 390
390 391
390 392
368 405
369 406
370 407
371 408
372 409
373 410
374 411
375 412
376 413
377 414
378 414
379 415
380 416
381 417
382 417
383 417
384 417
385 417
386 417
387 417
388 417
389 417
390 417
391 417
392 417
393 417
394 417
395 416
396 415
397 414
398 413
399 412
400 411
401 411
402 411
403 411
404 410
405 409
406 408
407 407
407 406
407 405
407 404
407 403
407 402
407 401
407 400
407 399
407 398
407 397
407 396
407 395
407 394
406 393
406 392
405 392
407 392
408 392
409 392
410 392
411 392
412 392
413 391
414 390
415 390
416 390
417 390
418 390
419 390
420 390
421 390
422 390
423 390
424 390
425 390
426 390
427 390
428 389
429 389
430 389
431 389
432 389
433 388
434 387
435 386
436 385
429 390
430 391
431 392
432 393
433 394
434 395
435 396
436 397
437 398
437 399
437 400
401 412
402 413
403 414
404 415
404 416
404 417
404 418
404 419
404 420
404 421
405 422
405 423
405 424
405 425
405 426
405 427
405 428
405 429
404 430
403 431
402 432
401 433
400 434
399 435
398 436
397 437
396 438
395 439
394 440
393 441
392 442
392 443
392 444
392 445
392 446
392 447
392 448
392 449
392 450
392 451
392 452
392 453
392 454
392 455
392 456
392 457
392 458
392 459
392 460
391 461
390 462
389 463
388 464
387 465
386 466
385 467
384 468
383 469
382 470
381 471
380 472
380 473
380 474
380 475
379 476
378 476
377 476
376 476
375 476
374 476
373 476
372 476
371 476
371 475
371 474
371 473
371 472
371 471
371 470
371 469
370 468
369 467
368 466
367 465
366 464
365 463
364 462
363 461
362 460
370 477
369 478
368 479
367 480
366 481
365 482
364 483
363 484
362 485
361 486
360 486
359 485
358 484
357 483
356 482
355 483
354 484
353 485
352 486
351 487
350 488
349 489
348 489
348 488
348 487
348 486
348 485
348 484
347 483
346 482
345 481
344 480
343 479
342 478
341 478
340 478
339 478
338 478
337 478
336 478
335 477
334 476
333 475
332 474
331 473
330 472
329 473
328 474
327 475
326 476
325 476
324 476
323 476
322 476
321 476
320 476
319 476
318 476
342 477
342 476
342 475
342 474
342 473
342 472
342 471
343 470
344 469
344 468
344 467
344 466
344 465
344 464
344 463
344 462
344 461
344 460
344 459
344 458
344 457
344 456
344 455
345 454
346 453
347 490
346 491
345 492
344 492
343 492
342 492
341 492
340 492
339 492
338 492
337 493
336 494
336 495
336 496
336 497
336 498
336 499
336 500
336 501
335 501
334 501
333 501
332 501
331 501
330 501
329 501
328 501
327 501
326 501
325 501
324 501
323 501
322 501
321 501
320 500
319 499
318 498
317 498
316 498
315 498
314 498
313 498
312 498
311 498
310 498
309 498
308 497
307 496
306 495
305 494
304 493
303 492
302 491
301 490
300 490
299 490
298 490
297 490
296 490
295 489
294 488
293 487
292 486
291 485
290 484
339 493
340 494
341 495
342 496
343 497
344 498
345 499
346 500
347 501
348 502
349 503
350 504
351 505
352 505
353 505
354 505
355 505
356 505
357 505
358 505
359 505
360 505
361 505
362 506
363 507
364 508
365 509
366 509
367 509
368 509
369 509
370 509
371 509
361 487
361 488
361 489
361 490
361 491
381 476
382 477
383 477
384 477
385 477
386 477
387 477
388 477
389 477
390 477
391 477
392 477
393 477
394 477
395 477
396 478
397 479
398 480
399 481
400 482
401 482
402 482
403 482
404 482
405 482
406 482
407 482
408 482
409 482
410 482
411 482
412 482
413 482
414 482
415 482
416 482
417 482
418 482
419 482
420 481
408 483
409 484
410 485
411 486
412 487
413 488
414 489
415 490
416 491
417 492
418 493
419 494
420 495
420 496
419 497
418 498
417 498
416 498
415 498
414 498
413 498
412 498
411 498
410 498
409 498
408 498
407 498
406 430
407 431
408 432
409 433
410 434
410 435
410 436
410 437
411 437
410 438
410 439
410 440
411 441
412 442
413 443
414 444
414 445
414 446
414 447
414 448
414 449
414 450
414 451
414 452
414 453
414 454
414 455
414 456
414 457
414 458
414 459
412 436
413 435
414 434
415 433
416 432
417 431
418 430
419 429
420 428
362 414
362 415
363 416
364 417
365 418
366 419
367 420
367 421
367 422
367 423
367 424
367 425
367 426
367 427
367 428
367 429
367 430
367 431
367 432
344 413
345 414
346 415
347 416
348 417
348 418
348 419
348 420
348 421
342 413
341 414
340 415
339 416
338 417
337 418
336 419
335 420
334 421
333 422
332 422
331 422
343 390
344 389
345 388
346 387
347 386
348 385
349 384
350 383
351 382
352 381
353 380
354 379
324 297
325 298
326 299
327 300
328 301
329 302
330 303
331 304
332 305
855
328 267
325 253
337 259
326 275
315 279
305 271
291 275
279 263
266 263
258 266
250 257
236 245
223 247
211 244
198 242
189 250
190 259
199 259
186 269
175 266
167 262
166 249
156 258
146 260
141 250
139 269
130 262
126 249
115 253
101 261
97 250
95 237
84 225
77 218
70 215
68 211
59 204
54 197
55 184
63 183
75 190
79 198
48 204
38 201
26 198
20 191
14 183
14 168
15 204
19 213
40 190
34 216
51 221
74 238
67 241
56 239
93 223
107 219
99 204
112 203
115 192
105 176
89 165
87 152
83 143
72 156
57 145
45 144
61 133
57 163
77 138
118 164
120 156
132 149
140 146
148 141
137 130
133 128
131 117
121 112
117 100
104 108
106 122
99 131
114 139
131 109
131 101
140 109
145 100
152 110
147 119
161 119
160 128
160 136
169 126
175 115
173 105
187 114
195 110
193 102
197 118
206 113
183 123
186 131
195 127
200 139
211 137
223 135
236 129
244 115
251 105
260 109
270 103
274 114
276 125
288 120
294 120
271 138
286 151
286 142
295 156
303 152
244 130
234 148
246 154
259 153
263 169
211 126
221 118
218 107
207 101
229 103
199 147
211 152
221 164
210 173
203 168
230 174
235 185
245 181
244 198
257 198
265 203
273 207
284 192
298 193
299 183
269 187
229 199
238 212
240 220
154 156
167 161
176 159
184 156
181 175
179 185
178 196
168 201
164 212
150 202
141 189
136 176
132 196
152 185
163 179
150 221
140 220
132 221
135 232
145 234
174 214
185 214
195 202
204 192
214 201
199 211
173 223
172 229
190 188
137 160
131 141
116 182
106 235
89 260
88 269
72 262
63 261
85 285
76 297
110 270
102 284
137 277
128 276
126 285
128 293
114 300
127 314
115 315
105 329
95 320
116 338
130 323
140 328
146 322
154 332
165 337
163 346
150 347
137 355
133 366
120 355
130 373
140 374
149 381
140 386
134 397
122 411
113 407
103 405
92 402
101 391
79 404
74 407
59 395
54 387
40 385
56 373
64 369
72 365
83 354
91 354
100 355
79 342
84 342
84 366
71 380
55 368
47 364
37 361
25 349
23 345
15 348
41 350
34 363
26 362
57 354
56 342
46 334
54 324
63 324
78 318
50 318
55 313
56 305
60 295
38 336
14 318
100 423
106 437
142 400
168 354
178 351
182 359
192 359
197 370
214 368
208 381
157 366
168 367
169 379
175 340
142 304
175 252
172 279
161 286
182 286
179 297
169 308
161 311
175 323
188 317
200 311
211 310
221 299
222 307
196 301
198 332
208 336
209 326
218 333
228 331
240 323
250 320
258 321
267 313
265 301
251 331
247 343
246 353
234 345
221 351
231 364
241 368
237 380
225 387
228 399
240 393
241 406
219 402
210 405
198 406
193 394
183 406
168 404
159 408
157 418
156 427
155 435
142 434
133 437
133 426
166 442
174 431
181 441
168 419
190 419
212 420
213 428
198 441
216 436
251 379
264 384
265 375
262 362
273 359
263 349
281 347
285 337
284 361
279 370
275 395
273 406
279 420
266 426
256 436
299 425
298 439
313 443
309 452
284 403
237 313
219 231
214 220
249 235
258 231
267 233
281 222
297 220
241 261
236 269
221 271
221 263
207 281
244 270
259 275
246 289
238 290
289 257
300 256
309 256
299 242
291 239
346 284
358 293
373 278
387 265
379 253
394 248
403 260
413 252
426 260
426 248
426 238
414 228
416 219
433 268
442 264
448 272
442 287
434 295
421 309
410 302
394 287
416 294
412 281
442 301
450 300
460 303
441 312
439 323
438 332
427 326
441 342
449 351
444 359
435 367
456 362
464 370
474 367
488 358
497 353
509 341
500 332
516 353
526 355
521 364
514 376
504 388
496 400
490 409
496 425
486 435
511 409
512 415
524 427
528 436
539 443
539 434
541 422
556 432
569 429
574 419
590 430
591 421
603 429
597 442
586 449
610 444
521 407
527 414
492 392
485 391
536 362
543 353
551 349
551 340
570 328
581 333
579 342
597 347
606 347
618 348
633 343
591 358
599 364
600 375
587 379
579 398
590 398
613 392
624 403
640 409
638 391
627 371
545 330
537 323
546 317
550 302
535 293
534 285
525 291
514 295
507 303
493 311
481 322
507 311
519 305
522 316
530 302
559 308
574 296
589 295
595 311
608 318
620 302
627 312
633 303
571 286
570 273
569 264
561 271
581 262
593 256
596 271
575 253
578 245
588 244
583 228
571 219
559 220
552 232
553 242
544 252
535 244
523 250
513 253
512 243
521 239
519 226
516 212
504 223
515 197
514 184
530 171
536 164
531 159
530 148
535 147
538 140
552 149
567 155
571 144
589 131
603 125
603 116
599 139
555 124
554 112
559 101
562 118
571 109
538 177
545 172
505 207
525 205
534 207
547 205
552 193
565 192
578 195
590 179
603 179
596 162
590 198
605 201
622 203
634 195
628 184
639 161
638 151
628 129
626 162
650 166
638 198
629 212
629 222
621 235
620 245
623 253
631 266
625 276
615 281
643 235
505 254
496 251
556 258
542 270
533 267
591 231
603 228
598 219
586 214
554 360
544 375
554 389
541 395
531 392
546 401
497 367
471 358
455 374
460 384
458 395
458 413
452 426
450 434
440 426
439 439
461 441
467 422
461 280
468 265
459 254
453 241
443 241
455 226
480 251
477 235
470 285
483 290
485 282
488 273
499 273
354 278
356 270
351 260
356 246
354 231
341 228
334 217
322 202
316 216
344 217
357 204
366 213
374 228
355 196
360 187
364 176
371 167
379 155
388 150
383 141
399 153
408 147
419 144
397 137
399 131
407 126
408 113
408 104
396 100
397 90
398 78
402 67
397 54
398 44
411 56
416 38
427 47
416 64
426 67
409 82
423 118
433 124
431 112
443 108
457 120
386 118
375 121
367 121
358 116
356 127
344 126
336 116
326 108
313 109
305 101
295 92
304 89
314 87
304 76
292 73
281 72
303 58
301 49
293 44
286 55
316 46
330 62
346 66
343 77
353 86
354 77
365 61
364 46
345 35
348 23
337 37
379 37
376 75
373 83
321 117
310 122
335 141
322 138
352 150
371 110
408 164
389 169
401 179
413 179
428 193
419 199
438 203
448 199
443 191
437 180
429 171
447 173
453 189
462 195
470 186
480 178
484 163
487 157
481 141
472 147
464 139
452 138
446 146
448 154
459 152
490 145
500 151
506 140
510 128
520 123
513 115
504 105
494 109
479 101
474 114
459 100
518 103
531 103
497 132
495 176
499 188
504 165
462 171
470 207
481 209
489 205
472 218
351 179
343 171
331 165
321 162
317 170
321 182
335 184
338 197
365 197
373 197
376 198
380 207
392 213
397 225
330 232
341 243
331 294
323 296
310 299
300 298
301 309
286 308
295 318
285 319
306 324
310 312
318 312
332 327
341 322
341 331
338 346
350 322
356 330
364 329
373 326
378 312
387 327
395 327
401 337
383 336
384 348
382 359
373 354
359 364
396 351
402 366
362 320
366 340
322 332
322 343
321 358
313 359
309 363
301 348
323 364
333 368
324 375
310 379
300 384
335 377
338 387
328 397
316 403
342 392
342 401
343 412
354 406
367 404
372 391
378 379
390 392
378 414
387 417
400 411
407 407
405 392
414 390
428 389
436 385
437 400
404 421
405 429
392 446
392 460
380 475
371 476
362 460
356 482
348 489
342 478
330 472
318 476
344 469
346 453
338 492
336 501
328 501
318 498
301 490
290 484
350 504
361 505
371 509
361 491
395 477
407 482
420 481
420 496
407 498
410 440
414 459
420 428
362 415
367 432
348 421
331 422
346 387
354 379
332 305
