9370
332 270
331 270
330 270
329 270
328 269
327 268
326 267
325 266
324 265
323 264
322 263
321 262
320 261
320 260
320 259
320 258
320 257
320 256
320 255
320 254
320 253
320 252
320 251
320 250
319 249
318 248
317 247
317 246
317 245
317 244
317 243
317 242
316 241
315 240
315 239
314 239
313 240
312 241
311 242
310 243
309 244
308 245
307 246
306 247
316 239
317 239
318 239
319 238
320 237
321 236
322 235
323 234
324 233
325 232
326 231
319 262
318 262
317 262
316 262
315 262
314 262
313 262
312 262
311 262
310 262
332 271
331 272
330 273
330 274
330 275
330 276
329 277
328 278
327 279
327 280
327 281
327 282
327 283
327 284
327 285
327 286
327 287
327 288
334 270
335 270
336 269
337 268
338 267
339 266
340 265
341 264
342 263
343 263
344 263
345 263
346 263
347 263
348 263
349 263
350 262
351 261
352 260
353 259
354 258
355 257
356 256
356 255
356 254
356 253
356 252
356 251
355 250
354 249
353 248
352 247
351 246
351 245
351 244
351 243
351 242
351 241
352 240
353 239
354 238
355 237
356 236
356 235
356 234
356 233
355 232
354 231
353 230
352 229
351 228
351 227
350 227
350 226
350 225
350 224
349 223
348 222
347 221
346 220
345 219
344 218
343 217
342 216
341 215
340 215
339 215
338 215
337 215
336 215
335 215
334 215
333 215
332 215
331 215
330 215
329 214
328 214
327 214
326 214
325 214
324 213
323 212
322 211
321 210
320 209
320 208
320 207
320 206
320 205
320 204
320 203
320 202
320 201
320 200
319 199
319 198
319 197
319 196
319 195
319 194
319 193
319 192
319 191
319 190
320 189
321 188
322 187
322 186
322 185
322 184
322 183
322 182
322 181
321 180
320 179
320 178
319 178
319 177
319 176
319 175
319 174
319 173
319 172
318 171
317 170
316 169
315 168
314 167
314 166
313 166
312 167
311 168
310 169
309 170
308 171
307 172
306 173
305 173
305 174
305 175
305 176
305 177
304 178
303 179
302 180
301 181
300 182
299 182
298 182
297 182
296 182
304 172
303 171
302 170
301 169
300 168
299 167
298 166
297 165
296 166
295 167
294 168
293 168
292 168
291 168
290 168
289 168
288 168
287 168
286 168
285 168
315 166
316 166
317 166
318 166
319 166
320 166
321 165
322 164
323 163
324 162
325 161
325 160
325 159
325 158
325 157
324 156
323 155
322 154
321 153
320 152
319 151
318 151
317 150
316 149
315 148
314 147
313 146
312 145
311 144
310 143
309 142
308 141
308 140
308 139
307 138
306 137
305 136
304 135
303 134
302 133
302 132
301 132
300 133
299 134
298 135
297 136
296 137
295 138
295 139
295 140
295 141
295 142
295 143
295 144
294 145
293 146
292 147
291 148
290 149
289 150
288 151
287 152
286 152
285 152
284 152
284 151
284 150
284 149
283 148
282 147
281 146
280 145
279 144
278 143
277 142
283 153
282 154
281 155
280 155
279 155
278 155
277 155
276 155
275 155
274 155
274 154
273 153
272 152
271 151
270 150
269 149
268 148
267 147
266 146
265 145
264 144
263 143
303 132
304 132
305 132
306 132
307 132
308 132
309 131
309 130
309 129
309 128
309 127
310 126
311 125
312 124
313 123
314 122
315 122
316 122
317 121
318 120
319 119
320 118
321 117
322 116
323 115
324 114
325 113
326 112
327 111
328 110
329 109
314 121
314 120
314 119
314 118
313 117
312 116
311 115
310 114
309 113
308 113
307 113
306 113
305 113
304 113
303 113
302 112
301 111
300 110
299 109
299 108
299 107
299 106
299 105
299 104
299 103
299 102
299 101
300 100
301 99
302 98
303 97
304 96
305 95
305 94
304 94
303 93
302 92
301 91
300 90
299 89
298 88
298 87
298 86
298 85
298 84
298 83
298 82
299 81
300 80
301 79
302 79
303 79
304 79
305 79
306 79
307 78
308 77
309 76
310 75
311 74
312 73
313 72
314 71
314 70
315 70
315 69
315 68
315 67
316 66
317 65
318 64
319 63
320 62
320 61
320 60
320 59
320 58
320 57
320 56
320 55
320 54
320 53
320 52
320 51
320 50
320 49
319 48
318 47
317 46
316 45
315 44
314 43
313 69
312 68
311 67
310 66
309 65
308 64
307 63
306 62
305 62
304 62
303 62
302 62
301 62
300 62
299 62
298 62
297 62
296 62
295 62
294 61
294 60
294 59
294 58
294 57
294 56
294 55
293 54
292 53
291 52
290 51
293 62
292 63
291 64
290 65
289 66
288 67
287 68
287 69
306 94
298 110
297 111
296 111
295 111
294 111
293 111
292 111
291 111
290 111
289 111
288 111
287 111
286 111
285 111
284 111
321 178
322 178
323 178
324 178
325 178
326 178
327 178
328 177
329 176
330 175
330 174
330 173
330 172
330 171
331 170
332 169
333 168
334 167
335 166
336 165
337 164
338 163
339 162
340 161
318 200
317 201
316 202
315 203
314 204
313 204
312 204
311 204
310 204
309 204
308 204
307 204
306 204
305 204
304 204
303 204
302 204
301 203
300 203
299 203
298 203
297 203
296 203
295 203
294 203
293 203
292 203
291 203
291 204
290 205
289 206
288 207
287 208
286 208
285 208
284 208
283 208
282 208
281 208
280 208
279 208
278 208
277 208
276 208
275 208
274 208
273 208
272 208
271 207
270 206
269 205
268 204
267 203
266 203
265 203
264 203
263 203
262 203
261 203
260 203
259 203
258 202
257 201
256 200
255 199
254 198
253 197
252 196
251 195
250 194
249 193
248 192
247 191
247 190
247 189
247 188
247 187
247 186
247 185
247 184
247 183
247 182
247 181
246 180
245 179
244 178
243 177
242 177
241 177
240 177
239 177
238 177
237 177
236 177
235 177
234 177
233 176
232 175
231 176
230 177
229 178
228 179
227 180
226 181
226 182
225 182
224 182
223 182
222 182
221 182
220 182
219 182
218 181
217 180
216 179
215 178
214 178
213 178
212 177
211 176
210 175
209 174
208 173
207 172
206 171
205 170
204 169
204 168
203 168
202 167
201 166
200 165
199 164
198 163
197 162
196 161
196 160
195 160
197 160
198 160
199 160
200 160
201 160
202 160
203 159
205 167
206 166
207 165
208 164
209 163
210 162
211 161
212 160
212 159
212 158
212 157
212 156
212 155
213 154
214 153
215 152
216 151
217 150
217 149
216 149
215 149
214 149
213 148
212 148
211 148
210 147
209 146
208 145
207 144
206 143
205 142
204 141
203 140
202 139
201 138
200 137
199 136
198 135
197 135
196 135
195 135
194 135
193 135
192 135
191 134
190 133
189 132
188 131
187 130
186 129
185 128
184 127
183 126
182 127
181 128
180 129
179 130
178 131
177 132
176 133
175 134
174 135
173 136
172 137
171 138
170 139
169 140
168 141
167 142
166 143
165 144
164 145
163 146
162 147
161 148
160 149
159 150
158 150
157 150
156 150
155 151
154 152
153 152
152 152
151 152
150 152
149 152
148 152
147 152
146 152
145 152
144 152
143 152
142 152
141 152
140 152
139 153
138 154
137 155
136 156
135 157
134 158
133 158
132 158
131 158
130 158
129 158
128 158
128 157
127 156
126 155
125 154
124 153
123 152
122 151
121 150
121 149
121 148
121 147
121 146
121 145
121 144
121 143
121 142
121 141
121 140
121 139
121 138
121 137
121 136
120 135
120 134
119 134
121 134
122 134
123 134
124 134
125 134
126 133
127 132
128 131
129 130
130 129
131 129
132 129
133 129
134 129
135 129
136 129
137 128
138 127
138 126
139 125
140 124
141 123
142 122
143 121
144 120
145 119
145 118
144 118
143 118
142 118
141 118
140 118
139 118
138 117
137 117
136 117
135 117
134 117
133 116
132 115
131 114
130 113
129 112
128 111
127 110
126 109
125 108
124 108
123 108
122 108
121 108
120 108
119 108
118 108
117 108
116 108
115 108
114 108
113 108
112 107
111 106
110 105
109 104
108 103
107 102
106 101
146 118
146 117
146 116
146 115
146 114
146 113
146 112
147 111
148 110
149 109
150 108
151 107
152 106
153 105
154 104
155 103
156 103
157 103
158 103
159 103
160 103
161 103
162 103
163 103
164 103
165 103
166 103
167 102
168 103
168 104
168 105
168 106
168 107
168 108
168 109
168 110
169 110
170 110
171 110
172 110
173 110
174 110
175 110
176 110
177 109
178 108
179 107
180 106
147 119
148 120
149 121
150 122
151 123
152 124
153 125
153 126
127 159
126 160
125 161
124 162
123 163
122 164
121 165
120 166
119 167
118 168
117 168
116 168
115 168
114 167
113 166
112 165
111 164
110 163
109 162
108 162
107 162
106 162
105 162
104 162
103 161
102 160
101 159
100 158
99 157
98 156
98 155
98 154
98 153
98 152
98 151
98 150
99 149
100 148
101 147
102 146
103 145
103 144
103 143
103 142
103 141
103 140
103 139
103 138
103 137
103 136
102 135
101 134
100 135
99 136
98 137
97 138
96 139
95 140
94 141
93 142
92 142
91 142
90 142
89 142
88 141
87 140
86 139
85 138
84 137
83 136
82 135
81 135
80 135
79 135
78 135
77 135
76 134
75 133
74 132
73 131
72 130
71 131
70 132
69 133
68 134
67 135
66 135
65 135
64 135
63 135
62 135
61 135
60 135
59 136
58 137
57 138
56 139
55 139
54 139
53 139
52 140
51 141
50 142
49 143
48 144
48 145
48 146
48 147
48 148
48 149
48 150
48 151
48 152
48 153
48 154
48 155
47 156
46 157
45 158
44 159
43 160
42 161
41 162
40 162
39 162
38 162
49 156
50 157
51 158
52 159
53 160
54 161
54 162
83 134
84 133
85 132
86 131
87 130
97 157
96 158
95 159
94 160
93 160
92 160
91 160
90 160
89 160
88 160
87 160
86 160
85 160
84 160
83 160
82 160
81 159
80 158
79 157
78 156
77 155
89 161
88 162
87 163
86 164
85 165
84 166
83 167
82 168
82 169
82 170
81 171
80 172
79 173
78 174
77 175
76 176
75 176
74 176
73 176
72 176
71 176
70 177
69 178
69 179
69 180
69 181
69 182
69 183
69 184
69 185
69 186
69 187
69 188
69 189
69 190
68 191
67 192
66 193
65 194
64 195
63 195
62 195
61 195
60 195
59 195
59 194
59 193
59 192
59 191
59 190
59 189
59 188
59 187
58 186
57 185
56 184
58 196
57 196
56 196
55 196
54 196
53 196
52 196
51 196
50 196
49 196
48 196
47 196
46 196
45 196
44 195
43 194
42 193
42 192
41 191
40 190
39 189
38 188
37 187
36 186
35 185
34 184
33 183
32 182
31 181
30 180
29 179
28 179
27 179
26 179
25 179
24 179
23 179
22 179
21 179
20 179
19 178
18 177
17 176
16 175
15 174
14 173
17 178
16 179
15 180
14 181
13 182
13 183
13 184
13 185
13 186
70 191
71 192
72 193
117 169
116 170
115 171
114 172
113 173
112 174
111 175
110 176
109 177
108 177
107 178
106 179
105 180
104 181
103 182
103 183
103 184
103 185
102 186
101 187
100 188
99 189
98 190
97 191
96 191
95 191
94 191
93 191
92 191
91 191
90 191
89 191
119 169
120 170
120 171
120 172
120 173
120 174
120 175
120 176
120 177
120 178
121 179
122 180
123 181
124 182
125 183
126 184
127 185
128 185
128 184
129 183
130 182
131 181
132 180
133 179
134 178
135 177
136 178
137 179
138 180
139 181
140 182
141 183
142 183
143 183
143 184
144 185
145 185
146 185
147 185
148 185
149 185
150 185
151 186
152 187
153 188
154 189
155 190
156 191
157 192
157 193
157 194
156 195
155 196
154 197
153 198
152 199
152 200
152 201
152 202
152 203
152 204
152 205
152 206
144 182
145 181
146 180
147 179
148 178
149 177
150 176
151 175
152 174
153 173
154 172
155 171
156 171
157 171
158 171
159 171
160 171
161 171
162 171
163 171
164 171
165 170
166 169
167 168
168 167
169 168
170 169
171 170
172 171
173 172
174 173
175 174
176 175
177 176
177 177
177 178
177 179
177 180
128 186
128 187
127 188
126 189
125 190
124 191
123 192
123 193
123 194
123 195
123 196
123 197
123 198
123 199
123 200
123 201
122 202
121 203
120 204
119 205
118 206
117 207
117 208
117 209
117 210
117 211
117 212
117 213
116 213
115 213
114 212
113 211
112 210
111 209
110 208
109 207
108 206
107 205
106 204
105 203
116 214
115 215
114 216
113 217
112 217
111 217
110 217
109 217
108 217
107 217
106 218
105 219
104 220
103 221
102 222
102 223
102 224
102 225
101 225
100 225
99 225
98 225
97 225
96 225
95 224
94 223
93 222
92 221
91 220
91 219
91 218
91 217
91 216
91 215
90 214
89 213
88 212
90 221
89 222
88 223
87 224
87 225
87 226
87 227
87 228
87 229
87 230
87 231
87 232
87 233
87 234
86 234
85 234
84 234
83 234
82 234
81 234
80 234
79 234
78 233
77 232
76 231
75 230
74 230
73 230
72 230
71 230
70 230
69 230
68 229
67 228
67 227
67 226
67 225
67 224
67 223
67 222
67 221
67 220
67 219
67 218
67 217
67 216
67 215
67 214
66 229
65 230
64 231
63 232
62 233
61 233
60 233
59 233
58 233
58 232
58 231
58 230
58 229
57 228
56 227
55 226
54 225
53 224
52 223
51 222
50 221
49 221
48 221
47 221
46 221
45 221
44 221
43 220
42 219
41 218
40 217
39 216
38 215
37 214
36 213
35 212
34 213
33 213
32 213
31 213
30 213
29 213
28 213
27 213
26 213
25 213
24 213
23 213
22 213
74 231
73 232
73 233
73 234
73 235
73 236
73 237
73 238
103 226
104 227
105 228
106 229
106 230
106 231
106 232
106 233
106 234
106 235
106 236
106 237
106 238
105 239
104 240
103 241
103 242
103 243
103 244
103 245
103 246
103 247
103 248
103 249
103 250
103 251
103 252
103 253
102 254
101 255
100 256
99 257
98 257
97 257
96 257
95 257
94 257
93 257
92 257
91 258
90 259
89 260
88 261
87 262
86 262
85 262
84 262
83 263
82 264
81 265
80 266
79 266
78 266
77 266
76 266
75 266
74 266
73 266
73 265
73 264
73 263
73 262
73 261
73 260
73 259
72 258
71 257
70 256
72 267
71 268
70 269
69 270
68 271
67 272
67 273
67 274
66 274
65 274
64 274
63 274
62 274
61 274
60 273
59 272
58 271
57 270
56 269
55 268
66 275
65 276
64 277
63 278
62 279
61 280
60 281
60 282
68 275
69 276
70 277
71 278
72 279
73 280
74 280
75 281
76 282
77 283
78 284
79 285
80 286
81 287
82 288
83 289
84 290
85 291
85 292
85 293
85 294
86 294
87 294
88 294
89 294
90 294
91 294
92 294
93 294
94 294
95 293
96 292
97 291
86 295
87 296
88 297
89 298
90 299
91 300
92 301
93 302
94 303
95 304
96 305
97 306
97 307
96 308
95 308
94 308
93 308
92 308
91 308
90 308
89 308
98 308
99 309
100 310
101 311
102 312
103 313
104 314
105 315
106 316
107 317
108 318
109 319
109 320
109 321
109 322
110 322
111 322
112 322
113 322
114 322
115 322
116 322
117 322
118 322
119 322
120 322
121 322
122 321
108 323
107 324
106 325
105 326
104 326
103 326
102 326
101 326
100 326
99 326
98 326
97 326
96 326
95 326
94 326
93 326
92 326
91 326
90 326
89 326
88 326
87 326
86 326
85 326
84 326
83 326
82 326
81 326
80 326
79 326
78 325
77 324
76 323
75 322
74 321
73 320
73 319
72 318
71 317
70 316
69 315
68 314
67 313
66 312
83 327
82 328
81 329
80 330
79 331
79 332
80 333
81 334
82 335
83 336
84 337
85 338
86 339
87 340
87 341
87 342
86 343
85 344
84 345
83 345
82 345
81 345
80 345
81 346
82 347
83 348
84 349
85 350
85 351
88 343
89 344
90 345
91 346
92 347
93 348
94 349
95 350
96 351
97 352
97 353
97 354
96 355
95 356
94 357
93 358
92 359
91 360
90 361
89 362
88 363
87 364
86 364
85 364
84 365
83 366
82 367
81 368
80 369
79 370
78 371
77 372
76 373
75 373
74 373
73 373
73 372
73 371
72 370
71 369
70 368
69 367
68 366
67 365
66 364
65 363
64 362
63 361
62 360
61 359
60 358
59 357
59 356
59 355
59 354
59 353
59 352
59 351
58 350
57 349
56 348
55 347
54 346
53 345
53 344
52 344
54 344
55 344
56 344
57 344
58 343
59 342
60 341
61 340
62 339
63 338
62 337
61 336
60 335
59 334
58 333
57 332
56 331
55 331
54 331
53 331
52 331
51 331
50 331
49 331
48 331
47 331
46 332
45 333
44 334
43 335
42 336
41 336
40 336
39 336
38 336
37 337
36 338
35 338
34 338
33 338
32 338
31 338
30 338
29 338
28 338
27 338
26 338
25 338
24 338
23 338
23 337
23 336
23 335
23 334
23 333
23 332
23 331
22 330
22 339
21 340
20 341
19 342
18 343
17 344
17 345
17 346
17 347
17 348
17 349
17 350
17 351
58 358
57 359
56 360
55 361
54 362
53 363
52 364
51 365
50 366
49 367
48 368
48 369
48 370
48 371
48 372
48 373
48 374
48 375
48 376
47 376
46 376
45 376
44 376
43 376
42 376
41 376
40 376
39 376
38 376
37 376
36 376
35 375
34 374
33 373
32 372
31 371
47 377
46 378
46 379
46 380
46 381
46 382
46 383
46 384
46 385
46 386
46 387
46 388
86 365
87 366
88 367
89 368
90 368
91 368
92 368
93 368
94 368
95 368
98 355
99 356
100 357
101 358
102 358
103 358
104 358
105 358
106 358
107 358
108 358
109 358
109 357
109 356
109 355
109 354
109 353
109 352
109 351
109 350
110 349
111 348
112 347
113 346
114 345
115 344
110 359
111 360
112 361
112 362
112 363
112 364
112 365
112 366
111 367
110 368
109 369
109 370
108 371
107 372
106 373
105 374
104 375
104 376
104 377
104 378
104 379
104 380
105 381
106 382
107 383
108 384
109 385
109 386
109 387
109 388
109 389
109 390
109 391
109 392
110 393
110 394
110 395
109 396
108 397
107 398
106 399
105 400
105 401
105 402
104 402
103 402
102 401
101 400
100 399
99 398
98 397
97 396
96 397
95 398
94 398
93 398
104 403
103 404
102 404
106 403
107 404
108 405
109 406
110 406
111 406
112 406
113 406
114 407
115 408
116 409
117 410
118 411
119 412
120 413
121 414
122 415
123 416
124 416
124 415
125 414
126 413
127 412
128 411
129 410
130 409
131 408
132 407
133 406
134 405
135 404
136 404
137 404
138 404
139 404
140 404
141 404
142 404
143 404
144 404
145 404
146 404
147 403
148 402
149 401
150 400
124 417
124 418
123 419
122 420
121 421
121 422
121 423
121 424
121 425
121 426
121 427
121 428
121 429
121 430
121 431
121 432
121 433
121 434
121 435
121 436
120 437
119 438
118 439
117 440
117 441
117 442
117 443
117 444
116 444
115 444
114 444
113 444
112 443
111 442
110 441
109 440
108 439
108 438
108 437
108 436
108 435
108 434
108 433
108 432
108 431
108 430
107 429
106 428
105 427
104 426
103 425
107 440
106 441
105 442
104 442
103 442
113 367
114 368
115 369
116 370
117 371
118 372
119 372
120 372
120 371
120 370
120 369
120 368
120 367
120 366
120 365
121 364
122 363
123 362
124 361
121 373
122 374
123 375
124 376
125 377
126 378
127 379
128 379
129 379
130 379
131 379
132 379
133 379
134 379
135 379
136 379
137 379
138 379
139 379
140 379
141 379
142 379
143 379
144 379
145 379
146 379
85 263
86 264
87 265
88 266
89 267
89 268
89 269
89 270
89 271
89 272
89 273
89 274
90 274
91 274
92 274
93 274
94 273
95 272
96 271
97 270
107 239
108 240
109 241
110 242
111 243
112 244
113 245
114 246
115 247
116 248
117 249
118 250
119 251
120 251
118 214
119 215
120 216
121 217
122 218
123 219
124 220
125 221
126 222
126 223
126 224
126 225
126 226
126 227
126 228
126 229
126 230
124 202
125 203
126 204
127 205
128 206
129 207
130 208
131 209
132 209
133 210
134 211
135 212
136 213
137 214
138 215
139 216
140 217
141 218
142 219
143 220
144 221
145 222
146 223
147 224
148 225
148 226
148 227
148 228
148 229
197 136
196 137
195 138
194 139
193 140
192 141
191 142
190 143
190 144
198 134
199 133
200 132
201 131
202 130
203 129
204 128
205 127
206 126
207 126
208 126
209 126
210 125
211 124
212 123
213 122
214 121
215 120
216 121
217 121
218 121
219 121
220 121
221 121
222 121
223 121
224 121
225 121
226 121
227 121
228 120
229 119
230 118
231 117
232 116
233 115
234 114
235 113
236 112
237 111
238 110
239 109
240 108
241 107
242 106
243 107
244 108
245 109
246 110
247 111
248 111
249 111
250 111
251 111
252 111
253 111
254 111
255 111
256 111
257 111
258 111
259 112
260 113
261 114
261 115
261 116
261 117
261 118
261 119
261 120
228 122
229 123
230 124
231 125
232 126
233 127
234 128
235 129
236 130
237 131
238 132
239 133
240 134
241 135
242 136
243 136
244 136
206 125
205 124
204 123
203 122
202 121
201 120
200 119
199 118
199 117
198 117
200 117
201 117
202 116
203 115
204 114
205 113
206 112
207 111
206 110
205 109
204 108
203 107
202 106
201 105
200 104
199 103
198 102
197 101
218 149
214 179
213 180
212 180
211 180
210 180
209 180
208 180
207 180
206 181
205 181
204 181
203 181
202 181
201 181
200 181
199 181
198 181
197 182
196 183
195 184
195 185
195 186
195 187
195 188
195 189
195 190
195 191
225 183
224 184
223 185
222 186
221 187
220 188
220 189
220 190
220 191
220 192
221 193
222 194
223 195
224 196
225 196
226 196
227 196
228 196
229 196
230 196
231 196
232 196
233 196
243 176
243 175
243 174
243 173
243 172
243 171
243 170
243 169
243 168
244 168
245 168
246 167
247 166
248 165
249 164
250 163
251 162
252 161
253 160
266 204
265 205
264 206
263 207
262 208
261 209
260 210
259 211
258 212
258 213
258 214
257 215
256 216
255 217
254 217
253 217
252 217
251 217
250 217
249 217
248 217
247 217
246 217
245 218
244 219
243 220
242 221
241 221
240 221
239 221
238 221
237 221
236 221
235 221
234 221
233 221
232 221
231 221
230 221
229 220
228 219
227 218
226 217
225 216
224 215
223 214
222 215
221 216
220 217
219 218
219 219
219 220
219 221
219 222
219 223
219 224
219 225
218 225
217 225
216 225
215 224
214 223
213 222
212 221
211 220
210 219
209 218
208 217
207 216
206 215
205 215
204 215
203 215
202 215
201 215
200 215
199 215
198 215
197 214
196 213
195 212
194 211
193 210
192 210
191 210
190 210
189 210
188 210
187 209
186 208
185 207
184 206
183 205
182 204
181 203
180 202
179 201
178 200
177 199
192 211
191 212
190 213
189 214
188 215
188 216
188 217
188 218
188 219
188 220
188 221
189 222
190 223
191 224
192 225
193 226
194 227
195 228
195 229
195 230
195 231
194 232
193 233
192 234
191 235
190 236
189 237
188 237
187 237
186 237
185 237
184 237
184 236
184 235
184 234
183 233
182 232
181 231
180 230
179 229
178 228
177 227
176 226
175 225
174 224
183 238
182 239
181 240
180 240
179 240
178 240
177 240
176 240
175 240
176 241
177 242
178 243
179 244
179 245
179 246
179 247
179 248
179 249
179 250
180 251
181 252
181 253
181 254
181 255
181 256
181 257
181 258
181 259
181 260
181 261
182 261
183 261
184 261
185 261
186 261
187 261
188 261
189 261
190 260
191 259
192 258
193 259
194 260
195 261
196 262
197 263
198 264
199 265
200 266
201 267
202 268
203 269
204 270
204 271
204 272
205 273
206 274
207 275
208 276
209 277
210 278
211 279
212 280
213 281
214 282
215 283
214 284
213 285
212 286
211 287
210 288
209 289
208 289
207 289
206 289
207 290
208 291
209 292
210 293
210 294
210 295
210 296
210 297
210 298
210 299
210 300
210 301
209 302
208 303
207 304
206 304
205 304
204 304
203 304
202 304
201 304
200 304
211 302
212 303
213 304
214 305
215 306
216 307
217 308
218 308
218 307
218 306
219 305
220 304
221 303
222 302
223 301
224 300
225 299
226 298
218 309
217 310
216 311
215 312
214 313
213 314
212 315
211 316
210 317
209 317
208 317
207 317
206 317
205 317
204 318
203 319
202 320
201 321
200 322
199 323
198 324
197 325
196 326
195 327
194 328
194 329
194 330
194 331
193 331
192 331
191 331
190 331
189 331
188 331
187 331
186 330
185 329
193 332
192 333
191 334
190 335
189 336
188 337
187 338
186 339
185 340
184 340
183 340
182 340
181 340
180 340
179 340
178 340
177 340
176 340
175 340
174 340
173 339
172 338
172 337
172 336
172 335
172 334
172 333
171 332
170 331
169 330
168 329
167 328
167 327
167 326
166 325
165 324
164 323
163 322
162 321
161 320
160 319
159 319
158 319
157 319
156 319
155 319
154 319
153 318
152 317
151 316
150 316
150 317
149 318
148 319
147 320
146 321
145 322
144 323
143 324
142 325
141 326
140 327
140 328
140 329
139 330
138 331
137 332
136 333
135 334
134 335
133 336
133 337
133 338
133 339
133 340
141 330
142 331
143 332
144 333
145 334
146 335
147 335
149 315
148 314
147 313
146 312
145 311
144 310
143 309
142 308
141 307
141 306
141 305
141 304
141 303
141 302
141 301
140 300
139 299
138 298
138 297
138 296
137 295
136 294
135 293
134 292
133 291
132 290
132 289
131 289
133 289
134 289
135 289
136 289
137 289
138 289
139 288
140 287
141 286
141 285
141 284
141 283
141 282
141 281
141 280
140 279
139 278
138 277
137 276
136 275
135 274
134 273
133 273
132 273
131 273
130 273
129 273
128 273
127 273
126 272
125 271
126 270
127 269
128 268
129 267
130 266
131 265
132 264
133 263
134 262
135 261
136 260
137 259
138 260
139 261
140 262
141 263
142 264
143 264
144 264
145 264
146 264
147 264
137 299
136 300
135 301
134 302
133 303
132 304
131 305
130 305
129 305
128 305
127 305
126 305
125 304
124 303
123 302
122 301
121 300
120 299
119 298
118 297
117 296
117 295
117 294
117 293
117 292
117 291
117 290
117 289
117 288
117 287
118 286
151 315
151 314
152 313
153 312
154 311
155 310
156 309
157 308
158 307
159 306
159 305
159 304
159 303
159 302
159 301
159 300
159 299
158 298
157 297
156 296
155 295
155 294
154 294
156 294
157 294
158 294
159 294
160 294
161 294
162 294
163 294
164 294
165 294
166 293
167 294
168 294
169 294
170 294
171 294
172 294
173 294
174 294
175 294
176 294
177 294
178 295
179 296
180 297
181 298
181 299
181 300
181 301
181 302
180 303
179 304
178 305
177 306
176 307
175 308
174 308
173 308
168 325
169 324
170 323
171 322
172 321
173 320
171 339
170 339
169 339
168 339
167 339
166 339
165 339
164 339
163 339
164 340
165 341
166 342
166 343
166 344
166 345
166 346
166 347
166 348
166 349
166 350
165 351
164 352
163 353
162 354
161 355
160 356
159 357
158 357
157 357
156 357
155 357
154 357
153 357
152 357
151 357
150 357
149 357
148 357
147 357
146 357
145 357
144 356
143 355
154 358
155 359
156 360
157 361
158 362
159 363
160 363
161 363
162 363
163 363
164 363
163 364
163 365
163 366
163 367
163 368
163 369
163 370
163 371
163 372
163 373
163 374
163 375
164 376
165 377
166 378
167 379
168 379
169 379
170 379
171 379
170 380
169 381
168 382
168 383
168 384
168 385
168 386
168 387
168 388
168 389
167 351
168 352
169 353
170 354
171 355
172 356
173 357
174 358
175 359
176 360
177 361
178 362
179 362
179 361
180 360
181 359
182 358
183 357
184 356
185 355
186 356
187 357
188 358
189 359
190 360
191 361
192 362
192 363
193 363
194 363
195 363
196 363
197 363
198 363
199 363
200 363
201 362
202 361
203 360
204 359
205 358
205 357
205 356
205 355
205 354
205 353
205 352
205 351
205 350
205 349
205 348
205 347
206 346
207 345
208 346
209 347
210 348
211 349
212 350
213 350
214 350
215 350
216 350
217 350
218 350
219 350
219 349
219 348
219 347
219 346
219 345
219 344
220 343
221 342
222 341
223 340
224 339
224 338
224 337
224 336
224 335
224 334
224 333
224 332
225 331
226 330
227 329
228 328
229 327
230 326
230 325
230 324
230 323
230 322
231 321
232 320
233 319
234 318
235 317
236 316
237 315
238 315
239 315
240 314
241 313
242 312
243 311
244 310
245 309
246 308
247 307
248 306
248 305
248 304
248 303
247 302
246 301
245 300
244 299
243 298
243 297
242 297
244 297
245 296
246 295
247 294
248 293
249 292
250 291
251 292
252 293
253 294
254 295
255 296
256 297
257 298
258 298
259 298
260 298
261 298
262 298
263 297
264 296
265 295
266 294
267 293
268 292
269 291
270 290
271 290
272 290
273 290
274 289
275 288
276 287
277 286
278 285
279 284
280 283
281 282
282 282
283 281
284 280
285 279
286 278
287 277
288 276
289 275
289 274
289 273
289 272
289 271
289 270
288 269
287 268
286 267
285 266
284 265
283 264
282 263
281 262
281 261
281 260
281 259
281 258
281 257
281 256
281 255
282 254
283 253
284 252
285 251
286 250
287 249
288 248
290 276
291 277
292 278
293 279
294 280
295 281
296 282
297 283
298 283
299 283
300 283
299 284
298 285
297 286
296 287
295 288
295 289
295 290
295 291
295 292
296 293
297 293
298 293
299 293
300 293
301 293
302 293
303 293
302 294
301 295
300 296
299 297
298 298
298 299
298 300
298 301
298 302
298 303
297 304
296 305
295 306
294 307
293 308
292 309
291 310
290 311
289 312
288 313
287 314
286 315
286 316
285 316
284 316
283 316
282 316
281 316
280 316
279 316
278 315
277 314
276 313
299 304
300 305
301 306
302 307
303 307
304 307
305 307
306 307
307 307
308 307
309 308
310 309
311 310
311 311
311 312
311 313
311 314
311 315
312 315
313 315
314 315
315 315
316 314
317 313
318 312
319 311
319 310
319 309
319 308
319 307
319 306
319 305
319 304
318 303
320 312
321 313
322 314
323 315
324 316
325 317
326 318
327 318
327 317
328 316
329 315
330 314
331 313
332 312
333 311
334 310
335 309
336 310
337 311
338 312
339 313
340 314
341 315
342 316
343 316
344 316
344 317
345 318
346 319
347 320
348 321
349 322
350 323
351 324
352 324
353 324
354 324
355 324
356 324
357 324
358 323
359 322
360 321
361 320
362 319
362 318
362 317
362 316
362 315
362 314
362 313
363 312
364 311
365 310
365 309
365 308
365 307
365 306
365 305
365 304
366 303
367 302
368 303
369 304
370 304
371 304
372 304
373 304
374 304
375 304
376 304
377 304
350 325
349 326
348 327
347 328
346 329
345 330
344 331
343 332
342 333
342 334
341 334
340 334
339 334
338 334
337 334
336 334
335 333
334 332
333 331
332 330
331 331
330 332
329 333
328 334
328 335
328 336
328 337
328 338
327 339
326 340
325 341
324 342
323 343
322 344
321 345
320 346
319 347
318 348
317 349
316 350
315 351
314 352
313 353
312 354
311 355
310 356
309 357
308 357
309 358
310 358
311 358
312 358
313 358
314 358
315 358
316 358
317 359
318 360
319 361
320 362
321 363
322 364
323 365
324 366
325 367
326 368
327 369
328 370
329 370
330 370
331 370
332 369
333 368
334 367
335 366
336 365
337 364
338 363
339 362
340 361
340 360
340 359
340 358
340 357
340 356
341 355
342 354
343 353
344 352
345 351
346 350
347 349
348 348
341 362
342 363
343 364
343 365
343 366
343 367
343 368
343 369
343 370
343 371
343 372
343 373
327 371
326 371
325 371
324 371
323 371
322 371
321 371
320 371
319 371
320 372
321 373
322 374
323 375
324 376
324 377
324 378
324 379
324 380
323 381
322 382
321 383
320 384
319 385
318 386
317 386
317 385
317 384
316 383
315 382
314 381
313 381
312 381
311 381
310 381
309 381
308 381
307 380
306 379
305 378
313 382
312 383
311 384
310 385
309 386
308 387
307 387
317 387
317 388
318 389
319 390
320 390
321 390
322 390
323 390
324 390
323 391
322 392
321 393
320 394
320 395
320 396
320 397
320 398
320 399
320 400
319 401
318 402
317 403
316 404
315 404
314 404
313 404
312 404
311 404
310 404
309 404
310 405
311 406
312 407
313 408
314 409
315 410
316 411
317 412
318 413
319 414
319 415
319 416
319 417
318 418
317 419
316 420
315 421
314 422
314 423
314 424
314 425
314 426
314 427
313 427
312 427
311 427
310 427
309 427
308 427
307 426
306 425
305 424
304 425
303 426
302 427
301 428
300 429
299 430
298 430
297 430
296 430
295 430
294 430
293 430
292 430
291 430
290 429
289 428
288 427
287 426
286 425
285 425
284 425
283 425
282 424
281 423
280 422
279 421
278 420
277 419
276 418
296 431
295 432
294 433
293 434
292 435
292 436
292 437
292 438
291 439
290 440
289 441
288 442
287 442
286 442
285 442
284 442
283 442
282 442
281 442
280 442
279 442
278 442
277 442
276 441
275 440
274 439
273 438
272 437
271 436
270 435
269 434
268 434
267 434
266 434
265 434
264 434
263 434
262 434
261 434
298 431
299 432
300 433
301 434
302 435
303 436
304 437
304 438
304 439
304 440
304 441
304 442
303 443
302 444
301 445
300 446
299 447
298 448
297 449
296 450
295 451
294 452
293 453
292 454
291 455
291 456
291 457
291 458
291 459
291 460
291 461
291 462
291 463
291 464
293 455
294 456
295 457
296 458
297 459
298 460
299 461
300 462
301 462
302 462
303 462
304 463
305 464
306 465
307 466
308 467
309 468
310 469
311 470
312 470
313 470
314 470
315 470
316 470
317 470
318 471
319 472
320 473
321 474
322 475
323 476
324 477
325 478
326 479
327 480
328 481
329 482
330 483
331 484
332 484
333 484
334 484
335 484
336 484
337 484
338 484
339 485
340 486
341 487
342 488
343 489
344 490
345 491
346 492
347 493
348 493
349 493
350 493
351 493
352 493
353 493
354 493
354 492
354 491
354 490
355 489
356 488
357 487
358 486
359 485
360 484
361 483
362 482
363 481
364 480
364 479
363 478
362 477
361 476
360 475
359 474
358 473
357 472
356 471
355 470
354 469
353 468
352 467
352 466
351 466
350 466
349 466
348 466
347 466
346 466
345 465
344 464
343 463
342 462
353 466
354 466
355 466
356 466
357 466
358 466
359 466
360 466
361 465
365 481
366 482
367 483
368 483
369 483
370 483
371 483
372 483
373 483
374 483
374 482
374 481
374 480
374 479
374 478
374 477
374 476
375 475
375 474
375 473
375 472
375 471
375 470
375 469
375 468
375 467
376 466
377 465
378 465
379 465
380 465
381 465
382 465
383 465
384 464
385 463
386 462
387 461
388 460
389 459
390 458
391 457
392 456
393 455
394 454
395 455
396 456
397 456
398 456
399 456
400 456
401 456
402 456
403 456
404 456
405 456
406 456
407 456
408 456
409 456
410 456
411 456
412 456
413 456
414 455
414 454
414 453
414 452
414 451
414 450
414 449
414 448
415 447
416 446
417 445
418 444
419 443
420 442
421 441
421 440
421 439
421 438
421 437
421 436
421 435
421 434
421 433
421 432
422 431
423 430
424 429
425 428
415 456
416 457
417 458
418 459
419 460
420 461
421 462
422 463
423 463
422 464
421 465
421 466
421 467
421 468
421 469
421 470
421 471
421 472
421 473
421 474
421 475
421 476
421 477
421 478
421 479
421 480
421 481
421 482
403 457
402 458
401 459
400 460
399 461
398 462
397 463
397 464
397 465
397 466
397 467
397 468
397 469
397 470
397 471
398 472
399 473
399 474
399 475
399 476
399 477
399 478
399 479
399 480
399 481
399 482
399 483
399 484
399 485
400 486
401 487
402 488
403 489
404 490
405 491
406 492
407 493
408 494
409 495
410 496
411 497
412 498
412 499
412 500
412 501
412 502
355 494
355 495
355 496
355 497
355 498
355 499
355 500
355 501
355 502
355 503
355 504
355 505
355 506
355 507
354 508
353 509
352 510
351 511
351 512
351 513
351 514
351 515
351 516
350 516
349 516
348 516
347 516
346 516
345 516
344 516
343 516
342 516
341 516
340 516
339 515
338 514
337 513
336 512
335 511
334 510
333 509
332 508
331 507
330 506
329 506
328 506
327 506
326 506
325 506
324 506
323 506
322 506
321 505
320 504
319 503
318 502
317 501
316 500
315 499
314 498
313 497
312 496
311 495
310 494
309 494
308 494
307 494
306 494
305 494
304 494
303 494
302 494
301 494
300 494
299 494
298 493
297 492
296 491
295 490
294 489
293 488
292 487
291 488
290 489
289 490
288 491
288 492
288 493
288 494
288 495
288 496
356 508
357 509
358 509
359 509
360 509
361 509
362 509
363 509
364 509
365 510
366 510
367 510
368 510
369 510
370 510
371 510
372 510
373 510
315 428
316 429
317 430
318 431
319 432
320 432
321 432
322 432
320 418
321 419
322 420
323 420
324 420
325 420
326 420
327 420
328 420
329 420
330 420
331 420
332 420
333 420
334 420
335 419
336 418
337 417
338 416
339 415
339 414
339 413
339 412
339 411
339 410
339 409
338 408
337 407
336 406
335 405
334 404
333 403
333 402
333 401
333 400
334 399
335 398
336 397
337 396
338 395
339 394
340 393
341 392
342 391
343 391
344 391
345 391
346 391
347 390
348 390
349 390
350 390
351 389
352 388
353 387
354 386
355 385
356 384
357 383
358 382
359 381
360 380
361 379
362 379
363 379
364 379
365 379
366 379
367 379
368 379
369 378
370 377
371 376
371 375
372 375
373 376
374 376
375 376
376 376
377 376
378 376
379 376
380 376
381 376
382 376
383 376
384 376
385 376
386 376
387 376
370 374
369 373
368 372
367 371
366 370
365 369
364 368
363 367
362 366
361 365
360 364
360 363
360 362
360 361
360 360
360 359
360 358
360 357
360 356
361 355
362 354
348 391
349 392
350 393
351 394
352 395
353 396
354 396
355 396
356 396
357 396
358 396
359 397
360 398
361 399
362 400
363 400
364 400
365 400
366 400
367 400
368 400
369 400
340 416
341 417
342 418
343 419
344 420
345 421
346 422
347 423
348 424
349 425
350 426
350 427
350 428
350 429
332 421
333 422
334 423
334 424
334 425
334 426
334 427
334 428
334 429
334 430
345 315
346 314
347 313
348 312
349 311
350 310
351 309
352 308
352 307
352 306
352 305
352 304
352 303
351 302
350 301
349 300
349 299
349 298
349 297
349 296
349 295
349 294
349 293
349 292
349 291
349 290
348 289
347 288
270 289
270 288
270 287
270 286
270 285
270 284
270 283
270 282
269 281
231 327
232 328
233 329
234 330
235 331
236 332
237 333
238 333
239 333
240 333
241 333
242 333
243 333
244 333
245 333
246 333
247 333
248 332
249 331
250 331
251 331
252 330
253 329
254 328
255 327
256 326
257 325
240 334
241 335
242 336
243 337
244 338
245 339
246 340
247 341
247 342
247 343
247 344
247 345
247 346
246 346
245 346
244 346
243 346
242 346
241 346
240 346
239 346
238 346
237 347
236 348
235 349
234 350
233 351
233 352
233 353
233 354
233 355
233 356
233 357
233 358
233 359
232 360
231 361
230 362
229 363
228 364
227 365
226 366
225 367
224 368
223 369
222 370
221 371
220 372
219 373
218 374
217 375
216 376
215 377
214 378
214 379
213 380
212 381
211 382
210 382
209 382
208 382
207 382
206 382
205 382
206 383
207 384
208 385
209 386
210 387
211 388
212 389
212 390
212 391
213 392
214 393
215 394
216 395
217 396
216 397
215 398
215 399
218 397
219 398
220 398
221 398
222 398
223 398
224 398
225 398
226 399
227 400
228 401
229 402
230 403
231 403
232 403
233 403
234 403
234 402
234 401
234 400
234 399
234 398
234 397
234 396
235 395
236 394
236 393
235 392
234 391
233 390
232 389
231 388
230 387
229 386
228 385
227 384
226 383
237 395
238 396
239 396
240 396
241 396
242 396
243 396
244 396
245 396
246 396
247 397
248 398
249 399
250 400
251 401
252 401
253 401
254 401
255 401
256 401
257 401
258 401
259 401
259 400
260 399
261 398
262 397
263 396
264 395
265 394
266 393
267 392
268 391
269 390
270 390
271 390
272 390
273 390
274 390
275 390
276 390
277 390
278 390
279 390
280 390
281 390
282 390
283 390
284 390
233 404
232 405
231 406
230 407
229 408
229 409
229 410
229 411
229 412
229 413
229 414
228 415
227 416
226 417
226 418
226 419
226 420
226 421
226 422
226 423
226 424
226 425
226 426
226 427
225 427
224 426
223 425
222 424
221 423
220 422
219 421
218 420
217 419
216 418
215 417
214 416
213 416
212 415
211 414
210 413
209 412
208 411
207 410
206 409
205 408
204 407
203 406
202 405
201 406
201 407
201 408
201 409
201 410
201 411
201 412
201 413
201 414
201 415
201 416
200 417
199 418
198 419
197 420
196 420
195 420
194 420
193 420
192 420
191 420
191 419
191 418
191 417
191 416
191 415
190 414
189 413
188 412
187 411
186 410
185 409
184 408
183 407
182 406
192 421
193 422
194 423
195 424
195 425
195 426
195 427
195 428
195 429
194 430
193 431
192 432
191 433
190 434
189 435
188 436
187 436
186 436
185 436
184 436
183 436
182 436
181 436
180 436
179 436
178 436
177 436
176 436
175 436
174 436
174 435
174 434
174 433
173 432
172 431
171 430
170 429
169 428
168 427
167 426
166 425
165 424
164 423
163 422
162 421
161 420
160 420
159 420
158 420
157 420
156 420
155 420
154 420
153 420
152 420
151 420
150 420
149 421
148 422
147 423
146 424
145 424
144 424
143 424
142 424
143 425
144 426
145 427
146 428
147 429
148 430
149 431
150 432
151 432
152 432
153 432
196 430
197 431
198 432
199 433
200 433
201 433
202 433
203 433
204 433
205 433
206 433
207 434
208 435
209 436
210 437
211 438
212 439
213 440
214 441
215 442
216 442
217 442
218 442
219 442
220 442
227 428
228 429
229 430
230 431
231 432
232 433
233 434
234 435
235 436
236 437
237 438
238 439
239 440
240 440
241 440
248 346
249 346
250 346
251 346
252 346
253 346
254 345
255 344
256 344
257 344
258 344
259 344
260 344
261 344
262 344
263 344
264 344
265 344
266 344
267 344
268 344
269 344
270 344
271 344
272 344
273 344
274 344
275 343
276 342
276 341
276 340
276 339
276 338
276 337
277 336
278 335
279 334
280 333
281 332
282 331
282 330
281 330
280 330
279 330
278 330
277 330
276 330
275 330
274 330
273 330
272 329
271 328
283 330
284 331
285 332
286 332
287 332
288 332
289 332
290 332
291 332
292 332
293 332
294 332
277 343
278 344
279 345
280 346
281 347
282 347
283 347
284 347
285 347
286 347
287 347
248 347
249 348
250 349
251 350
252 351
253 352
253 353
253 354
253 355
253 356
253 357
252 358
251 359
250 360
249 361
248 362
247 362
254 358
255 359
256 360
257 361
258 361
259 361
260 361
261 361
262 361
263 361
264 361
265 361
266 361
267 361
268 361
269 361
270 362
271 363
272 363
273 363
274 363
275 363
274 364
273 365
272 366
271 367
270 368
270 369
270 370
270 371
271 372
272 373
273 373
274 373
275 373
276 373
277 373
179 363
180 364
181 365
182 366
183 367
184 368
185 369
186 370
187 371
187 372
187 373
188 374
189 375
189 376
189 377
189 378
189 379
189 380
189 381
189 382
189 383
189 384
216 284
217 284
218 284
219 284
220 284
221 284
222 284
223 284
224 284
225 284
226 284
226 283
226 282
226 281
226 280
227 279
228 278
229 277
230 276
231 275
231 274
231 273
230 272
229 271
228 270
227 269
226 268
225 267
225 266
224 266
223 265
222 264
221 263
220 262
219 261
218 260
217 259
216 258
215 257
214 256
213 255
212 254
211 253
225 265
225 264
225 263
226 262
227 261
228 260
229 259
230 258
231 257
232 258
233 259
234 260
235 260
236 260
237 260
238 260
239 260
240 260
241 260
242 260
243 260
244 260
245 260
246 260
247 260
248 260
249 259
250 258
251 257
252 257
253 257
254 257
255 257
256 257
257 257
258 257
259 257
260 257
261 257
262 257
263 257
264 256
224 268
223 269
222 270
221 270
220 270
219 270
218 270
217 270
180 262
179 263
178 264
178 265
178 266
178 267
178 268
178 269
178 270
178 271
178 272
178 273
177 274
176 274
175 274
174 274
173 274
172 274
171 274
170 274
169 274
185 238
186 239
187 240
188 241
189 242
190 243
191 243
192 243
193 243
194 243
195 243
218 226
217 227
216 228
215 229
214 230
213 231
212 232
211 233
210 234
210 235
210 236
210 237
220 226
221 227
222 228
223 229
224 230
225 231
226 232
227 233
228 234
229 235
230 236
231 237
231 238
231 239
231 240
259 215
260 216
261 217
261 218
261 219
261 220
261 221
261 222
261 223
261 224
261 225
260 226
259 227
258 228
257 229
256 230
255 231
254 231
253 231
252 231
253 232
254 233
254 234
254 235
254 236
254 237
254 238
254 239
255 240
256 241
257 241
258 241
259 241
260 241
261 241
262 241
263 241
264 241
265 241
290 202
289 201
288 200
287 199
286 198
285 197
284 196
283 195
282 194
282 193
282 192
282 191
282 190
282 189
282 188
281 187
280 186
279 185
278 184
277 183
276 182
275 181
274 181
273 181
272 181
271 181
270 181
269 181
268 181
267 181
266 181
265 181
264 181
263 181
262 181
261 180
308 205
307 206
307 207
307 208
307 209
307 210
307 211
307 212
307 213
307 214
306 215
305 216
304 217
303 218
302 219
301 220
300 221
299 222
298 223
297 224
296 225
295 226
295 227
295 228
295 229
295 230
294 230
293 230
292 230
291 230
290 230
289 230
288 230
287 230
286 230
285 230
284 229
283 228
329 213
329 212
329 211
329 210
329 209
329 208
329 207
330 206
331 205
332 204
333 203
334 202
349 228
348 229
347 229
346 229
345 229
344 229
343 229
342 229
341 229
352 227
353 227
354 227
355 227
356 227
357 227
358 226
359 225
360 224
361 223
362 222
363 221
364 220
365 219
365 218
364 218
363 217
362 216
361 215
360 214
359 213
358 212
357 211
356 210
356 209
356 208
356 207
356 206
356 205
356 204
356 203
355 202
354 201
353 200
352 199
352 198
351 198
353 197
354 196
355 195
356 194
357 193
358 192
359 191
360 190
361 189
362 188
363 187
364 186
364 185
363 185
362 185
361 185
360 185
359 185
358 185
357 185
356 185
355 184
354 183
353 182
352 181
365 185
366 185
367 185
368 185
369 184
370 183
371 182
372 181
373 180
374 179
375 178
375 177
374 177
373 177
372 177
371 177
370 177
369 176
368 175
367 174
366 174
365 174
364 173
363 172
362 171
361 170
360 169
359 168
376 177
365 217
365 216
365 215
365 214
365 213
365 212
366 211
367 210
368 209
369 208
370 207
370 206
370 205
370 204
371 203
372 202
373 201
374 200
375 199
376 198
377 197
378 196
379 195
380 195
381 195
382 195
383 195
384 194
385 193
386 192
387 191
388 190
389 189
390 188
391 187
392 186
393 186
394 186
395 186
396 186
397 186
398 186
399 185
400 184
401 183
402 182
403 181
404 180
405 180
405 181
406 182
406 183
406 184
406 185
406 186
406 187
406 188
406 189
406 190
406 191
406 192
406 193
407 194
408 195
409 196
410 197
411 198
412 199
413 200
413 201
413 202
413 203
414 203
415 203
416 203
417 203
418 203
419 203
420 203
421 203
422 203
423 203
424 203
425 203
426 203
427 203
428 202
428 201
429 200
430 199
431 198
432 197
433 196
434 195
435 194
436 193
437 192
438 191
429 203
430 204
431 205
432 206
433 207
434 207
435 207
436 207
437 207
438 207
439 207
440 207
441 207
442 207
443 207
444 207
445 207
446 207
447 207
448 207
449 207
450 207
451 207
452 207
453 207
454 207
455 207
456 207
457 206
458 205
459 205
460 205
461 205
462 205
463 205
464 204
465 203
466 202
467 201
468 201
469 201
470 201
471 201
472 201
473 200
474 199
475 198
476 197
477 196
478 195
479 194
480 193
480 192
481 191
482 190
483 189
484 188
485 187
486 186
487 185
488 184
489 183
490 182
491 181
492 180
481 194
482 194
483 194
484 194
485 194
486 194
487 194
488 194
489 194
490 194
467 200
467 199
467 198
467 197
467 196
466 195
465 194
464 193
463 192
462 191
462 190
462 189
462 188
462 187
462 186
462 185
463 184
464 183
465 182
466 181
467 180
468 179
469 179
470 179
471 179
472 179
473 178
474 177
475 176
476 175
468 178
468 177
468 176
468 175
468 174
468 173
468 172
467 171
466 170
466 169
466 168
466 167
467 166
468 165
469 164
470 163
471 162
472 161
473 160
474 159
474 158
474 157
474 156
474 155
474 154
474 153
474 152
474 151
474 150
473 150
472 150
471 150
470 150
469 150
468 150
467 150
466 149
465 148
464 147
463 146
462 145
461 144
460 143
475 150
476 150
477 150
478 150
479 150
480 150
481 149
482 148
483 147
484 147
485 147
486 147
487 147
488 147
489 147
490 147
491 146
492 147
493 148
494 148
495 148
496 148
497 148
498 148
499 148
500 148
501 148
502 148
503 148
504 148
504 147
504 146
505 145
506 144
507 143
508 142
509 141
510 140
511 139
512 138
503 149
502 150
502 151
502 152
502 153
502 154
502 155
502 156
502 157
502 158
502 159
502 160
502 161
502 162
484 148
485 149
486 150
487 151
487 152
487 153
487 154
487 155
487 156
487 157
483 146
483 145
483 144
483 143
483 142
483 141
483 140
482 139
481 138
480 137
479 136
478 135
478 134
479 134
478 133
477 132
476 131
475 130
474 129
473 128
480 133
481 132
482 131
483 130
484 129
485 128
486 127
487 126
488 125
489 124
490 123
490 122
489 122
488 122
487 121
486 120
485 119
484 118
483 117
482 116
481 115
480 114
480 113
480 112
480 111
480 110
479 109
478 108
477 107
476 106
475 105
474 106
473 107
472 108
471 109
470 110
469 111
468 112
467 113
466 114
465 114
464 114
463 114
462 113
461 112
460 111
459 110
458 109
457 108
456 109
455 110
454 111
453 112
452 113
451 114
451 115
451 116
451 117
450 117
449 116
448 115
447 114
446 113
445 112
444 111
443 110
442 109
441 108
440 107
439 106
438 105
437 104
436 103
435 102
434 101
433 102
432 103
431 104
430 104
429 104
428 104
427 104
426 104
425 105
424 106
423 107
422 107
421 107
420 107
419 107
418 107
417 107
416 107
415 107
414 107
414 106
414 105
414 104
414 103
414 102
414 101
414 100
414 99
414 98
414 97
414 96
413 95
412 94
411 93
410 92
409 91
409 90
408 90
407 91
406 92
405 92
404 92
403 92
402 92
401 92
400 92
399 92
398 92
397 92
396 92
395 92
394 92
393 92
392 92
391 92
390 92
389 92
388 92
387 92
386 92
385 91
384 90
383 89
382 88
381 87
380 86
379 85
378 84
377 83
376 82
375 81
374 80
373 79
373 78
373 77
373 76
373 75
373 74
372 73
371 72
370 71
369 70
368 69
367 68
366 67
365 66
364 65
363 64
362 63
362 62
362 61
362 60
362 59
362 58
362 57
362 56
362 55
362 54
362 53
362 52
362 51
362 50
362 49
362 48
362 47
362 46
362 45
362 44
363 43
364 42
365 41
366 40
367 39
368 38
369 37
370 36
371 35
372 34
372 33
371 33
370 33
369 33
368 33
367 33
366 33
365 33
364 33
363 32
362 31
362 30
362 29
362 28
362 27
362 26
362 25
361 24
360 23
359 22
358 21
357 20
356 19
355 18
354 17
353 16
361 32
360 33
359 33
358 33
357 33
356 33
355 33
354 33
353 34
352 35
351 36
350 37
349 38
348 38
347 38
346 38
345 38
344 38
343 38
342 38
341 38
340 38
373 33
373 32
373 31
373 30
373 29
373 28
374 27
375 26
376 25
361 64
360 65
359 66
358 67
357 67
356 67
355 67
354 67
353 67
352 67
352 66
352 65
352 64
352 63
352 62
351 61
350 60
349 59
348 58
347 57
346 58
345 59
344 60
343 61
342 62
341 63
340 64
339 65
338 65
390 93
389 94
389 95
389 96
389 97
389 98
389 99
389 100
389 101
389 102
389 103
389 104
389 105
388 106
388 107
388 108
388 109
388 110
388 111
387 112
386 113
385 114
384 115
383 116
382 117
381 118
380 119
379 120
378 121
377 122
376 123
375 123
375 122
375 121
375 120
375 119
375 118
375 117
375 116
375 115
375 114
375 113
375 112
374 111
373 110
372 109
371 109
370 109
369 109
368 109
367 108
366 107
365 106
364 105
363 104
362 103
361 102
360 101
359 100
358 99
357 98
356 97
355 96
354 96
353 96
352 96
351 95
350 94
349 93
348 92
347 91
346 90
345 89
344 88
375 124
410 90
411 89
412 88
413 87
414 86
415 85
416 84
417 83
418 82
419 81
420 80
421 79
422 78
423 77
423 76
422 76
421 76
420 75
419 74
418 73
417 72
416 71
415 70
414 69
413 68
412 68
411 68
410 68
409 68
408 68
407 68
406 68
405 68
404 68
403 67
402 66
401 65
400 66
399 67
399 68
399 69
399 70
399 71
399 72
399 73
413 67
413 66
413 65
413 64
413 63
413 62
413 61
413 60
413 59
414 58
415 57
415 56
414 55
413 54
412 53
411 52
410 51
409 50
408 49
408 48
407 48
409 48
410 48
411 48
412 48
413 48
414 48
415 48
416 47
417 46
418 45
419 44
424 76
415 108
416 109
417 110
418 111
419 112
420 113
421 114
422 115
423 116
424 117
425 118
425 119
425 120
425 121
424 122
423 123
422 124
421 125
420 126
419 127
418 128
417 129
416 130
415 131
414 131
413 131
412 131
411 131
410 131
409 131
408 131
407 131
406 131
405 131
404 131
403 131
402 131
401 131
400 131
399 131
398 131
397 131
396 131
395 130
394 131
393 132
392 133
391 134
390 135
389 136
388 137
387 138
386 139
385 140
384 141
383 142
382 143
381 144
380 144
379 144
378 145
377 145
376 145
375 145
374 145
373 145
372 145
371 145
370 145
369 145
368 145
367 145
366 145
365 145
364 144
363 143
362 142
361 142
360 142
359 142
358 142
357 142
356 141
355 140
354 139
353 138
353 137
353 136
353 135
353 134
353 133
353 132
352 131
351 130
350 130
349 130
348 130
347 130
346 130
345 130
344 130
343 130
342 130
341 131
340 132
339 133
339 134
339 135
339 136
339 137
351 129
351 128
351 127
351 126
351 125
351 124
351 123
351 122
351 121
351 120
351 119
351 118
351 117
351 116
352 115
451 118
452 119
453 120
454 121
455 122
455 123
455 124
455 125
455 126
455 127
455 128
454 129
453 130
452 131
451 132
450 133
449 134
448 135
447 135
446 135
445 135
444 135
491 122
491 121
491 120
492 119
493 118
494 117
495 116
496 115
497 114
498 113
499 112
500 111
501 110
502 109
503 108
504 107
505 106
506 106
507 106
508 106
509 106
510 106
511 106
512 106
513 106
514 106
515 106
516 106
517 105
518 104
519 105
520 106
521 106
522 106
523 106
524 106
525 106
526 106
527 106
528 106
529 106
530 106
531 106
532 106
531 107
530 108
529 109
528 110
527 111
526 112
525 113
524 114
524 115
524 116
524 117
524 118
492 123
493 124
494 124
495 124
496 124
497 124
498 124
499 124
500 124
501 124
502 124
503 124
504 124
505 124
444 208
445 209
446 210
447 211
448 212
449 213
449 214
449 215
449 216
449 217
449 218
449 219
449 220
449 221
449 222
450 223
451 224
452 225
453 226
454 227
455 228
455 229
455 230
454 231
453 232
452 232
451 232
450 232
449 232
448 232
447 232
446 232
445 232
444 232
443 231
442 230
441 229
440 228
439 227
438 226
446 233
445 234
444 235
443 236
442 237
441 238
440 239
439 240
438 240
437 240
436 240
435 240
434 240
433 239
432 238
431 237
430 236
429 235
428 234
427 233
426 232
425 233
424 234
423 235
422 236
422 237
422 238
422 239
422 240
422 241
422 242
422 243
421 243
420 242
419 241
418 240
417 239
416 238
415 237
414 236
413 235
412 234
411 233
410 232
422 244
422 245
422 246
421 247
420 248
419 249
418 250
417 251
416 252
415 253
414 254
413 255
412 256
411 257
410 258
409 259
408 260
409 261
410 262
411 263
412 264
413 265
414 266
414 267
414 268
414 269
414 270
414 271
456 231
457 232
458 233
459 234
460 235
461 236
462 237
463 238
464 239
465 240
465 241
465 242
464 243
463 244
462 245
461 246
460 247
459 248
458 249
457 250
456 251
455 252
454 252
455 253
456 254
457 255
458 256
459 257
460 258
461 259
462 260
463 260
462 261
461 262
460 263
459 264
459 265
459 266
459 267
459 268
459 269
459 270
458 271
457 272
456 273
455 274
454 275
454 276
454 277
454 278
453 279
453 280
453 281
453 282
453 283
453 284
453 285
453 286
453 287
453 288
453 289
453 290
453 291
453 292
454 292
455 292
456 292
457 292
458 292
459 292
460 292
461 292
462 292
463 292
464 292
465 292
466 292
467 292
468 292
469 292
470 292
471 292
472 292
473 292
473 291
473 290
473 289
473 288
473 287
474 286
475 285
476 284
477 283
478 282
479 281
479 280
479 279
480 278
481 277
482 276
483 275
484 274
485 273
486 272
487 271
488 270
489 269
490 268
491 267
492 266
454 293
455 294
456 295
457 296
458 297
459 298
460 299
461 300
461 301
461 302
461 303
461 304
461 305
462 305
463 305
464 305
465 305
466 305
467 305
468 305
469 305
470 305
471 305
462 306
462 307
462 308
462 309
462 310
462 311
462 312
462 313
462 314
462 315
461 316
460 317
459 317
458 317
457 317
456 317
455 317
454 317
455 318
456 319
457 320
458 321
459 322
460 323
461 324
462 325
463 326
464 326
465 327
466 328
467 329
468 330
469 331
470 332
471 332
472 332
473 332
474 332
475 332
475 331
475 330
475 329
475 328
475 327
475 326
475 325
475 324
476 323
477 322
478 321
479 320
480 321
481 322
482 323
483 324
484 325
485 326
486 327
487 328
488 329
489 330
490 331
491 332
491 333
492 334
493 335
494 336
494 337
494 338
494 339
494 340
494 341
494 342
494 343
494 344
495 344
496 344
497 343
498 342
499 341
500 340
501 339
502 338
502 337
502 336
502 335
502 334
502 333
502 332
503 331
504 330
505 329
506 328
507 327
508 326
509 325
510 324
511 323
512 322
513 321
513 320
512 320
511 320
510 319
509 318
508 317
507 316
506 315
505 314
504 313
503 312
502 311
502 310
502 309
502 308
502 307
502 306
502 305
502 304
501 303
500 302
499 301
514 320
514 319
514 318
514 317
514 316
514 315
514 314
514 313
514 312
514 311
514 310
514 309
514 308
503 339
504 340
505 341
506 341
507 341
508 341
509 341
510 341
511 341
510 342
509 343
508 344
507 345
506 346
505 347
505 348
505 349
505 350
505 351
505 352
505 353
505 354
505 355
505 356
505 357
505 358
505 359
505 360
505 361
505 362
505 363
505 364
505 365
505 366
505 367
505 368
505 369
512 342
513 343
514 344
515 345
516 345
517 345
518 345
519 345
520 345
521 346
522 347
523 347
524 347
525 347
526 347
527 347
528 347
529 347
530 347
531 347
531 346
531 345
531 344
531 343
531 342
531 341
531 340
532 339
532 338
533 337
534 336
535 335
536 334
537 333
538 332
539 331
540 330
541 329
542 328
543 327
544 326
545 327
546 328
547 329
548 330
549 331
550 332
551 333
552 334
553 334
553 333
553 332
553 331
553 330
553 329
554 328
555 327
556 326
557 325
558 324
558 323
558 322
558 321
558 320
559 319
560 318
561 317
562 316
563 315
564 314
565 313
566 312
567 311
568 310
568 309
567 309
566 308
565 307
564 306
563 305
562 304
561 303
560 302
559 301
558 300
557 300
556 300
555 300
554 299
553 298
552 297
551 296
550 295
549 294
549 293
548 293
547 293
546 293
545 293
544 293
543 293
542 292
541 291
540 290
539 289
538 288
537 287
536 286
535 286
534 286
533 286
532 286
531 286
530 286
529 286
528 286
527 285
526 284
525 283
524 282
523 281
522 280
521 279
521 278
521 277
521 276
521 275
521 274
521 273
521 272
521 271
521 270
521 269
521 268
520 267
519 266
518 266
518 267
517 268
516 269
515 270
514 271
513 271
512 271
511 271
510 271
509 271
508 271
507 271
506 272
505 273
504 274
503 275
502 276
501 277
500 278
499 279
498 280
497 281
497 282
517 265
516 264
515 263
514 262
513 261
512 260
511 259
510 258
509 257
508 256
550 293
551 292
552 291
553 290
554 289
555 288
556 287
569 309
570 310
571 311
572 312
573 313
574 314
575 315
576 316
577 317
577 318
577 319
577 320
578 321
579 322
580 323
581 324
582 325
583 325
584 325
585 325
585 324
585 323
585 322
585 321
585 320
585 319
585 318
586 317
587 316
588 315
589 314
590 313
591 312
591 311
591 310
591 309
591 308
592 307
593 306
594 305
595 304
596 303
596 302
596 301
596 300
596 299
596 298
596 297
596 296
595 295
594 294
593 293
592 292
591 291
590 290
589 289
588 288
588 287
588 286
587 285
586 284
585 283
584 282
583 281
582 280
581 279
580 278
579 277
597 304
598 305
599 306
600 307
601 308
602 308
603 308
604 308
605 308
606 308
607 308
608 308
609 308
610 308
611 308
612 308
613 307
614 306
615 305
616 304
617 303
618 302
618 301
618 300
618 299
618 298
618 297
619 296
620 295
621 294
622 293
623 292
624 291
625 290
626 289
627 288
627 287
627 286
627 285
626 284
625 283
624 282
623 281
622 280
621 279
620 278
619 277
618 276
618 275
618 274
618 273
618 272
618 271
618 270
618 269
619 268
620 267
621 266
622 265
623 264
623 263
623 262
623 261
623 260
623 259
623 258
623 257
623 256
623 255
623 254
622 253
621 252
621 251
621 250
621 249
621 248
621 247
621 246
621 245
621 244
621 243
621 242
621 241
621 240
621 239
620 239
619 239
618 239
617 238
616 237
615 236
614 235
613 234
612 233
611 234
610 235
609 236
608 237
607 238
606 239
605 240
604 241
604 242
604 243
604 244
604 245
604 246
604 247
603 240
602 239
601 238
600 237
599 236
598 235
597 234
596 233
595 232
595 231
595 230
595 229
595 228
595 227
595 226
595 225
595 224
595 223
595 222
595 221
595 220
595 219
595 218
596 217
597 216
598 215
599 214
594 233
593 234
592 235
591 236
590 236
589 236
588 236
587 236
587 237
587 238
587 239
587 240
587 241
587 242
587 243
587 244
588 245
588 246
588 247
588 248
588 249
588 250
588 251
588 252
588 253
588 254
588 255
588 256
587 257
586 258
585 259
584 260
583 260
582 260
581 260
580 260
579 260
578 260
577 260
576 260
576 259
576 258
576 257
576 256
576 255
576 254
575 253
574 252
573 251
572 250
571 249
570 249
569 249
568 249
567 249
566 249
565 249
564 249
563 249
562 249
561 249
560 248
559 247
558 246
557 247
556 248
555 249
554 250
553 251
552 252
551 252
551 253
551 254
550 251
549 250
548 249
547 248
546 247
545 246
544 245
544 244
543 244
542 245
541 246
540 247
539 247
538 247
537 247
536 247
535 247
534 247
533 247
532 247
531 247
530 247
530 246
530 245
530 244
530 243
530 242
530 241
530 240
530 239
530 238
530 237
529 236
528 235
527 234
526 233
525 232
525 231
525 230
524 229
523 228
522 227
521 226
520 225
519 224
518 223
517 222
516 222
515 222
514 222
513 222
512 222
511 222
510 222
509 221
508 220
508 219
508 218
508 217
508 216
508 215
508 214
508 213
508 212
507 211
506 210
505 209
505 208
505 207
505 206
505 205
505 204
505 203
505 202
505 201
505 200
506 199
507 198
508 197
509 197
510 197
511 197
512 196
513 195
514 194
515 193
516 192
517 191
517 190
517 189
517 188
517 187
517 186
517 185
517 184
517 183
517 182
518 181
519 180
520 179
520 178
520 177
520 176
520 175
520 174
520 173
520 172
520 171
520 170
521 170
522 169
523 168
524 167
525 166
525 165
524 165
523 165
522 165
521 164
520 163
519 162
526 165
527 164
528 163
529 162
530 161
531 160
532 159
532 158
532 157
532 156
532 155
532 154
532 153
532 152
532 151
532 150
532 149
532 148
532 147
532 146
531 145
530 144
530 143
530 142
531 141
532 140
533 139
534 139
535 139
536 139
537 139
538 139
539 139
540 139
541 139
542 139
543 139
544 139
545 139
546 140
547 141
548 142
549 143
550 144
551 145
551 146
551 147
551 148
533 138
533 137
533 136
533 135
534 134
535 133
536 132
537 131
538 130
539 129
540 128
541 127
542 126
543 125
533 160
534 161
535 162
536 163
537 164
538 165
539 166
540 167
541 168
542 168
543 168
544 168
545 168
546 168
547 168
548 168
549 168
550 168
551 167
552 166
553 165
554 164
518 192
519 193
520 194
521 195
522 196
523 197
524 198
525 199
525 200
524 201
523 202
522 203
521 204
521 205
521 206
521 207
521 208
522 209
523 210
524 211
525 212
526 213
527 214
528 215
529 216
530 217
531 218
532 219
533 219
504 210
503 211
502 212
501 213
500 214
499 215
498 216
497 217
496 217
495 217
494 216
493 215
492 214
491 213
490 212
489 211
494 218
493 219
492 220
491 221
490 222
489 223
488 224
487 224
516 223
515 224
514 225
513 226
513 227
513 228
513 229
513 230
512 231
511 232
510 233
510 234
510 235
510 236
510 237
510 238
510 239
510 240
545 243
546 242
547 241
548 240
549 239
550 238
551 237
552 236
553 235
554 234
555 233
556 233
557 233
558 233
559 232
560 231
561 230
562 229
563 228
564 227
565 226
566 225
567 224
568 223
569 222
570 222
571 222
572 222
573 222
574 222
575 222
576 222
577 221
578 220
579 219
580 218
580 217
580 216
580 215
580 214
580 213
580 212
580 211
580 210
579 209
578 208
577 207
576 206
575 206
574 206
573 206
572 206
571 206
570 206
569 206
568 205
567 204
566 203
565 202
564 201
563 200
562 199
561 198
561 197
560 197
560 196
560 195
560 194
560 193
560 192
560 191
560 190
560 189
560 188
559 187
558 186
557 185
556 184
555 185
554 186
553 187
552 188
551 188
550 188
549 188
548 188
547 188
546 188
545 188
544 188
543 189
542 190
541 191
541 192
541 193
541 194
541 195
541 196
541 197
541 198
541 199
541 200
559 198
558 199
558 200
558 201
558 202
558 203
558 204
558 205
562 197
563 196
564 195
565 194
566 193
567 192
568 191
569 190
570 189
571 188
572 187
573 186
574 185
575 184
576 183
577 182
578 181
579 180
580 179
581 178
582 177
583 176
584 175
584 174
584 173
584 172
584 171
584 170
584 169
584 168
583 167
582 166
581 165
581 164
581 163
581 162
581 161
580 160
579 159
578 158
577 157
576 156
575 155
575 154
574 154
576 154
577 154
578 154
579 154
580 154
581 154
582 154
583 153
584 152
585 151
586 150
586 149
585 149
584 149
583 149
582 148
581 147
580 146
579 145
578 144
577 143
576 142
575 141
575 140
575 139
575 138
575 137
575 136
575 135
575 134
575 133
575 132
576 131
577 130
578 129
579 128
580 127
581 126
582 125
582 124
582 123
582 122
582 121
581 120
580 119
579 118
578 117
578 116
578 115
578 114
578 113
577 112
576 111
575 110
574 109
574 108
574 107
574 106
574 105
574 104
574 103
575 102
576 101
577 100
578 99
579 100
580 101
581 102
582 103
583 104
584 104
585 104
586 104
587 104
588 104
589 104
590 104
591 105
592 106
593 106
594 106
595 106
596 106
597 106
598 106
599 106
600 106
601 106
602 107
603 108
604 109
605 110
605 111
605 112
605 113
605 114
605 115
606 116
607 117
608 118
609 119
610 120
611 121
612 122
613 123
614 124
615 125
616 126
617 127
617 128
573 110
572 111
571 112
570 113
569 114
568 115
567 116
566 116
565 116
587 149
587 148
587 147
587 146
587 145
587 144
588 143
589 142
590 141
591 140
592 139
593 138
594 137
595 136
596 135
597 134
598 133
599 132
585 176
586 177
587 178
588 179
589 180
590 181
591 182
592 183
593 183
593 184
593 185
593 186
592 187
591 188
590 189
589 189
588 189
587 189
586 189
585 189
584 189
585 190
586 191
587 192
588 193
589 194
590 195
591 196
592 196
593 196
594 187
595 188
596 189
597 190
598 191
599 191
600 191
601 191
602 191
603 191
604 191
605 192
606 193
607 194
608 195
609 196
610 197
611 198
612 199
613 200
614 201
615 201
616 201
617 201
618 201
619 201
620 201
621 202
622 202
623 202
624 202
625 202
626 202
627 202
628 202
629 202
630 202
631 202
632 202
633 202
594 182
595 181
596 180
597 179
598 178
599 177
600 176
601 175
602 174
603 173
603 172
603 171
603 170
603 169
603 168
603 167
603 166
604 165
605 164
606 163
607 162
608 161
609 160
610 159
611 158
612 157
613 156
613 155
613 154
613 153
613 152
613 151
613 150
614 149
615 148
616 147
617 148
618 149
619 150
620 150
621 150
622 150
623 150
624 150
625 150
626 150
627 150
628 150
629 150
630 150
631 150
632 150
633 150
634 150
635 150
636 149
637 148
638 147
639 146
640 145
641 144
642 143
643 142
644 141
645 140
646 139
647 138
636 151
637 152
638 153
639 154
640 155
640 156
640 157
640 158
640 159
640 160
640 161
640 162
640 163
641 163
642 163
643 162
644 161
645 160
646 159
647 158
648 157
649 156
639 164
638 165
637 166
636 167
635 168
634 169
633 170
632 171
632 172
622 239
623 239
624 239
625 239
626 239
627 238
628 237
629 236
630 236
631 236
632 236
633 236
634 236
635 236
636 236
637 236
638 236
639 236
640 235
641 234
642 233
624 265
625 266
626 267
627 268
628 269
629 270
630 271
631 272
632 273
633 274
634 274
628 289
629 290
630 291
631 292
632 293
633 294
634 295
635 296
636 297
637 298
638 299
639 300
640 301
641 302
642 303
642 304
642 305
642 306
642 307
642 308
607 309
607 310
607 311
607 312
607 313
607 314
607 315
607 316
586 326
587 327
588 328
589 329
590 330
591 331
591 332
591 333
592 334
593 335
594 336
595 337
596 338
597 339
598 340
599 341
600 342
600 343
600 344
600 345
600 346
601 346
600 347
602 345
603 344
604 343
605 342
606 341
607 340
608 339
609 340
610 341
611 342
612 343
613 344
613 345
613 346
613 347
613 348
613 349
613 350
613 351
614 351
615 351
616 351
617 351
618 351
619 351
620 351
621 351
622 351
623 350
624 349
625 348
626 347
627 346
628 345
629 344
630 343
631 343
632 343
633 343
634 343
635 343
636 343
637 343
638 343
612 352
611 353
610 354
609 355
608 356
607 357
606 358
605 359
604 360
603 361
602 362
601 363
600 364
599 365
598 366
597 367
596 368
595 369
594 369
593 369
592 369
591 369
590 369
589 368
588 367
587 366
586 365
585 364
584 363
583 362
582 361
581 360
581 359
581 358
581 357
581 356
581 355
581 354
581 353
582 352
583 351
584 350
585 349
594 370
593 371
592 372
591 373
590 374
589 375
588 376
587 376
586 376
585 376
586 377
586 378
586 379
586 380
586 381
586 382
586 383
586 384
586 385
587 386
588 387
589 388
590 389
591 390
592 391
593 392
594 393
595 393
595 394
595 395
595 396
595 397
595 398
595 399
595 400
595 401
594 402
593 402
592 402
591 402
590 402
589 402
588 402
587 402
587 401
587 400
587 399
587 398
586 397
585 396
584 395
583 394
586 403
585 404
584 404
583 404
582 404
581 404
580 404
579 404
578 405
577 406
576 407
575 408
575 409
575 410
575 411
575 412
575 413
575 414
575 415
576 416
577 417
578 418
579 419
580 420
581 420
582 420
583 420
584 420
583 421
582 422
581 423
580 424
579 425
578 426
577 427
577 428
576 429
575 430
574 431
573 432
572 432
571 432
570 432
569 432
568 432
567 432
566 432
565 432
564 431
563 430
562 429
561 428
560 427
559 426
558 425
557 424
556 423
555 422
554 421
553 420
552 419
551 418
550 417
550 416
550 415
550 414
550 413
550 412
550 411
550 410
549 409
548 408
547 407
546 406
545 405
545 404
545 403
545 402
545 401
545 400
545 399
545 398
545 397
545 396
544 395
543 394
542 393
544 406
543 407
542 408
541 409
540 409
539 409
538 409
537 409
536 408
535 407
534 406
533 405
532 404
531 403
530 402
529 401
528 400
527 399
527 398
527 397
527 396
527 395
527 394
527 393
527 392
527 391
527 390
527 389
527 388
527 387
527 386
527 385
527 384
526 383
526 382
526 381
526 380
527 379
528 378
529 377
530 376
531 375
532 374
533 373
534 372
535 371
536 410
535 411
534 412
533 413
532 414
531 415
530 416
529 416
528 416
527 416
526 416
525 416
524 416
523 416
522 416
521 416
520 416
519 416
518 416
517 415
516 414
516 413
515 412
514 411
513 410
512 409
511 408
511 407
511 406
511 405
511 404
511 403
511 402
510 401
509 400
508 399
507 398
506 397
505 396
504 395
549 418
548 419
547 420
546 421
545 422
544 423
543 424
542 425
541 426
540 427
539 428
538 429
537 430
536 431
535 432
534 433
533 434
532 434
531 434
530 434
529 434
528 434
527 434
526 434
525 434
524 434
523 434
522 434
521 434
520 434
519 434
518 434
517 434
516 434
515 434
514 434
513 434
512 435
511 436
510 437
509 438
508 439
507 440
506 441
505 441
504 441
503 441
502 441
501 441
537 432
538 433
539 434
540 435
541 436
542 437
543 438
543 439
569 433
570 434
571 435
572 436
573 437
574 438
575 439
576 440
577 440
578 441
578 442
578 443
578 444
578 445
578 446
578 447
579 448
580 448
581 448
582 448
583 448
584 448
585 448
586 448
587 448
588 448
589 448
590 448
591 448
592 448
593 447
594 446
595 445
596 444
597 443
578 429
579 430
580 431
581 432
582 433
583 434
584 435
585 436
586 436
587 436
588 436
589 435
590 434
591 433
592 432
593 431
594 430
595 429
596 428
597 427
598 426
599 427
600 428
601 429
602 430
603 431
604 432
605 433
606 434
607 435
608 435
609 435
608 434
608 433
608 432
608 431
608 430
608 429
608 428
608 436
610 434
611 433
612 432
613 431
614 430
615 429
616 428
617 427
618 426
619 425
620 424
621 423
622 422
623 421
624 420
625 420
626 420
627 420
628 420
629 420
630 420
631 420
632 420
633 420
634 420
635 420
636 420
637 420
638 419
639 418
639 417
639 416
640 415
641 414
642 413
643 412
644 411
645 410
596 370
597 371
598 372
599 373
600 374
601 375
602 376
602 377
602 378
603 379
604 380
605 381
606 382
607 383
608 384
609 385
610 386
611 387
612 388
613 389
614 390
615 391
616 391
617 391
617 392
617 393
617 394
617 395
617 396
617 397
617 398
617 399
617 400
618 390
619 389
620 388
621 387
622 386
623 385
624 384
625 385
626 386
627 387
628 388
629 388
630 388
631 388
632 388
633 388
634 388
634 387
634 386
634 385
634 384
635 383
636 382
637 381
638 380
639 379
640 379
641 379
642 379
643 379
644 379
645 379
646 379
647 379
648 379
649 379
650 379
651 378
652 377
639 378
639 377
639 376
638 375
637 374
636 373
635 372
634 371
633 370
632 369
631 368
635 389
636 390
637 391
638 392
639 393
640 393
641 393
642 393
643 393
644 393
645 393
646 393
647 393
648 393
553 335
554 336
555 337
556 338
557 339
558 340
559 341
560 342
561 343
562 344
563 345
564 346
565 346
566 346
565 347
564 348
563 349
562 350
561 351
560 351
559 351
558 351
557 351
556 351
555 351
554 351
553 351
493 345
492 346
491 347
490 347
489 347
488 347
487 347
486 347
485 347
484 347
483 347
482 347
481 347
480 348
479 349
478 350
477 351
476 352
475 353
474 353
473 353
472 353
471 353
470 353
469 353
470 354
471 355
472 356
473 357
474 358
475 359
476 360
477 361
478 362
479 362
480 362
452 293
451 294
450 295
449 296
448 297
447 298
446 299
445 300
445 301
444 302
443 303
442 304
441 305
440 306
439 307
438 308
437 309
436 310
435 310
435 309
435 308
435 307
435 306
435 305
434 304
433 303
432 302
431 301
430 300
429 299
428 299
427 299
426 299
425 299
424 299
423 299
422 298
421 297
420 296
419 295
418 294
417 293
416 292
416 291
415 291
417 291
418 291
419 291
420 291
421 291
422 290
423 289
424 288
425 287
426 286
427 285
428 284
429 283
430 282
431 281
432 280
433 279
435 311
435 312
435 313
434 314
433 315
432 316
432 317
432 318
432 319
432 320
432 321
431 321
430 321
429 321
428 321
427 321
426 321
425 321
424 320
423 319
422 318
421 317
420 316
431 322
430 323
429 324
428 325
428 326
428 327
428 328
428 329
427 330
426 331
425 332
425 333
425 334
425 335
425 336
425 337
425 338
425 339
433 322
434 323
435 324
436 325
437 326
438 327
439 328
440 329
441 330
442 331
443 332
444 333
445 334
446 334
445 335
444 336
443 337
442 338
441 339
440 340
439 341
439 342
439 343
438 344
437 345
436 346
435 347
434 348
433 349
432 350
431 351
431 352
431 353
431 354
431 355
430 356
429 357
428 358
428 359
428 360
428 361
428 362
428 363
428 364
427 364
426 364
425 364
424 363
423 362
422 361
421 360
420 359
419 358
418 357
417 356
416 356
415 356
414 355
413 354
412 353
411 352
410 351
409 350
408 349
407 348
406 347
405 346
404 345
403 344
402 345
401 346
400 346
399 346
398 346
397 346
396 346
395 346
394 346
393 346
392 346
391 346
391 345
391 344
391 343
391 342
391 341
391 340
391 339
391 338
391 337
391 336
391 335
390 334
390 333
390 332
390 331
390 330
390 329
389 328
388 327
387 326
386 325
385 324
384 323
384 322
383 322
385 322
386 321
387 320
388 319
389 318
390 317
391 316
392 315
393 314
394 313
395 312
429 365
430 366
431 367
432 368
433 369
434 370
435 370
436 370
437 370
438 370
439 371
440 372
441 373
442 374
443 375
444 376
444 377
444 378
444 379
444 380
444 381
444 382
443 383
442 383
441 383
440 383
439 383
438 383
437 383
436 383
435 383
434 383
433 383
432 383
431 383
430 383
429 383
428 383
427 383
426 383
425 382
424 381
423 382
422 383
421 384
420 385
419 386
418 387
417 388
416 389
415 390
414 391
413 392
412 393
411 394
410 395
409 396
408 397
407 398
406 399
406 400
406 401
405 402
404 403
403 404
402 405
401 406
401 407
401 408
401 409
401 410
401 411
401 412
401 413
401 414
401 415
401 416
445 383
446 384
447 385
448 386
449 387
450 388
451 389
452 389
453 389
454 389
455 389
456 389
457 389
458 389
459 389
460 389
461 390
462 391
463 392
464 393
465 394
466 395
466 396
466 397
465 398
464 399
463 400
462 401
462 402
461 403
460 404
459 405
458 406
457 407
456 408
455 409
454 410
453 411
452 412
451 413
450 413
449 413
448 413
449 414
450 415
451 416
452 417
453 418
454 419
455 420
456 421
457 422
458 423
459 424
460 425
461 425
460 426
459 427
458 428
457 428
456 428
455 428
454 428
453 428
452 428
451 428
450 428
449 428
448 428
449 429
449 430
449 431
449 432
449 433
449 434
449 435
449 436
449 437
449 438
449 439
449 440
449 441
449 442
449 443
449 444
462 426
463 427
464 428
465 429
466 430
467 430
468 430
469 430
470 430
471 430
472 430
473 430
474 430
475 430
474 431
473 432
472 433
471 434
470 435
469 436
468 437
467 438
466 439
465 439
467 398
468 399
469 400
470 401
471 402
472 403
473 404
474 405
475 405
476 405
477 405
478 405
479 405
480 405
481 405
482 405
483 405
484 406
485 407
486 408
487 409
488 410
489 411
490 412
491 413
492 414
492 415
492 416
492 417
492 418
492 419
492 420
492 421
467 394
468 393
469 392
470 391
471 390
472 389
473 388
474 388
475 388
476 388
477 388
478 388
479 388
480 387
481 386
482 385
473 387
473 386
473 385
472 384
471 383
470 382
469 381
468 380
467 379
466 379
465 379
464 379
463 379
462 379
461 378
460 377
440 344
441 345
442 346
443 347
443 348
443 349
443 350
443 351
444 351
443 352
444 353
445 354
446 355
447 356
448 357
449 358
450 359
450 360
450 361
445 350
446 349
447 348
448 347
449 346
450 345
451 344
456 227
457 226
458 225
459 224
460 223
461 222
462 221
463 222
464 223
465 224
466 224
467 224
468 224
469 224
470 224
413 204
412 204
411 205
410 206
409 207
408 208
407 208
406 208
405 208
404 208
403 208
402 208
401 208
400 208
413 205
413 206
413 207
413 208
413 209
413 210
413 211
413 212
413 213
413 214
413 215
406 179
407 178
408 177
409 176
410 175
411 174
412 173
413 172
414 171
415 170
416 169
416 168
416 167
416 166
416 165
417 165
416 164
416 163
416 162
416 161
415 160
414 159
413 158
412 157
411 156
410 155
409 154
418 164
419 163
420 162
421 161
422 160
423 159
424 158
425 157
417 170
418 171
419 172
420 173
421 174
422 175
423 175
424 175
425 175
426 175
427 175
428 175
429 175
430 175
431 175
432 175
433 175
434 175
435 175
436 175
437 174
438 173
439 172
440 171
441 170
442 169
442 168
442 167
442 166
442 165
442 164
442 163
442 162
442 161
442 160
443 159
444 158
403 179
402 178
401 177
400 176
399 175
398 174
397 173
396 172
371 208
372 209
373 209
374 209
375 209
376 209
377 209
378 209
379 209
380 209
366 220
367 221
368 222
369 223
370 224
371 224
372 224
373 224
374 224
375 225
376 226
377 227
378 228
379 228
380 228
381 228
382 228
383 228
384 228
385 228
386 228
387 228
388 228
389 228
389 229
389 230
389 231
389 232
389 233
389 234
389 235
389 236
389 237
388 238
387 239
387 240
387 241
387 242
387 243
387 244
387 245
387 246
387 247
387 248
387 249
387 250
387 251
387 252
386 253
385 254
384 255
383 256
382 257
381 258
380 259
379 260
378 261
388 253
389 254
390 255
391 256
392 257
393 258
393 259
393 260
393 261
393 262
393 263
393 264
394 265
395 266
396 267
397 268
398 269
398 270
398 271
398 272
398 273
398 274
398 275
357 237
358 238
359 239
360 239
361 239
362 239
363 239
364 239
365 239
366 239
367 239
368 239
369 239
357 257
357 258
357 259
357 260
357 261
357 262
357 263
357 264
357 265
357 266
357 267
357 268
357 269
357 270
358 271
359 272
360 273
361 274
362 275
362 276
362 277
362 278
362 279
854
320 261
317 247
314 239
306 247
326 231
310 262
330 276
327 288
342 263
356 256
351 246
356 236
350 227
341 215
329 214
320 209
319 199
322 187
319 178
313 166
305 177
296 182
297 165
285 168
325 161
319 151
308 141
301 132
295 144
284 152
277 142
274 155
263 143
309 131
314 122
329 109
309 113
299 109
298 88
301 79
315 70
320 62
314 43
306 62
294 61
290 51
287 69
306 94
284 111
330 175
340 161
309 204
301 203
292 203
281 208
267 203
258 202
247 191
243 177
232 175
226 182
215 178
204 169
195 160
203 159
212 160
213 148
198 135
183 126
170 139
156 150
140 152
128 158
121 150
119 134
130 129
138 127
138 117
125 108
106 101
146 118
155 103
167 102
168 110
180 106
153 126
118 168
109 162
98 156
103 145
101 134
90 142
82 135
72 130
60 135
53 139
48 155
38 162
54 162
87 130
90 160
77 155
82 170
71 176
69 190
59 195
56 184
51 196
42 193
29 179
18 177
14 173
13 186
72 193
108 177
103 185
89 191
120 178
135 177
142 183
150 185
157 194
152 206
155 171
168 167
177 180
128 187
123 201
117 213
105 203
107 217
102 225
91 220
88 212
87 234
75 230
67 228
67 214
58 233
50 221
35 212
22 213
73 238
106 238
103 253
92 257
84 262
73 266
70 256
67 274
55 268
60 282
74 280
85 294
97 291
97 307
89 308
109 322
122 321
97 326
84 326
73 320
66 312
79 332
87 342
80 345
85 351
97 354
85 364
73 373
59 357
52 344
63 338
56 331
47 331
38 336
23 338
22 330
17 351
48 376
31 371
46 388
95 368
109 358
115 344
112 366
109 370
104 380
109 392
110 395
105 402
97 396
93 398
102 404
113 406
135 404
150 400
124 418
121 436
117 444
108 439
103 425
103 442
120 372
124 361
134 379
146 379
89 274
97 270
120 251
126 230
132 209
148 229
190 144
206 126
215 120
227 121
242 106
258 111
261 120
244 136
198 117
207 111
197 101
218 149
207 180
198 181
195 191
220 192
233 196
243 168
253 160
258 214
246 217
231 221
223 214
219 225
206 215
193 210
177 199
188 221
195 231
184 237
174 224
175 240
179 250
181 261
192 258
204 272
215 283
206 289
210 301
200 304
226 298
218 309
205 317
194 331
185 329
184 340
172 338
167 328
160 319
151 316
140 329
133 340
147 335
141 307
138 298
131 289
141 286
134 273
125 271
137 259
147 264
128 305
117 296
118 286
159 306
154 294
166 293
177 294
181 302
173 308
173 320
163 339
166 350
153 357
143 355
164 363
163 375
171 379
168 389
185 355
192 363
205 358
207 345
219 350
224 339
230 326
237 315
248 306
242 297
250 291
262 298
270 290
281 282
289 275
281 262
288 248
300 283
295 292
303 293
298 303
286 316
276 313
308 307
311 315
319 311
318 303
327 318
335 309
343 316
351 324
362 319
365 310
367 302
377 304
342 334
332 330
328 338
320 346
308 357
316 358
328 370
340 361
348 348
343 373
319 371
324 380
314 381
305 378
307 387
317 388
324 390
320 400
309 404
319 417
314 427
305 424
297 430
286 425
276 418
292 438
278 442
269 434
261 434
304 442
292 454
291 464
303 462
317 470
338 484
354 493
364 480
351 466
342 462
361 465
374 483
375 475
377 465
394 454
404 456
414 455
421 441
425 428
423 463
421 471
421 482
397 471
399 485
412 502
355 507
351 516
330 506
310 494
292 487
288 496
364 509
373 510
322 432
331 420
339 415
333 403
342 391
347 390
361 379
372 375
387 376
360 364
362 354
358 396
369 400
350 429
334 430
352 308
349 300
347 288
269 281
239 333
249 331
257 325
247 346
238 346
233 359
229 363
214 379
205 382
212 391
217 396
215 399
225 398
234 403
236 394
226 383
246 396
259 401
269 390
284 390
229 414
226 427
214 416
202 405
201 416
191 420
182 406
195 429
186 436
174 436
161 420
150 420
142 424
153 432
206 433
220 442
241 440
255 344
268 344
276 342
271 328
283 330
294 332
287 347
253 357
247 362
269 361
275 363
270 371
277 373
179 363
187 373
189 384
226 284
231 275
225 267
211 253
231 257
239 260
251 257
264 256
217 270
178 273
169 274
195 243
210 237
231 240
261 225
252 231
254 239
265 241
282 194
275 181
261 180
307 214
295 230
283 228
334 202
341 229
365 219
356 210
351 198
352 181
365 185
367 174
359 168
376 177
370 207
379 195
392 186
404 180
406 193
413 203
428 202
438 191
443 207
458 205
467 201
480 193
492 180
490 194
462 191
468 179
476 175
466 170
474 159
473 150
460 143
483 147
491 146
504 148
512 138
502 162
487 157
478 135
473 128
480 114
475 105
466 114
457 108
434 101
426 104
414 107
408 90
391 92
373 79
362 63
362 49
362 31
353 16
354 33
340 38
373 33
376 25
352 67
347 57
338 65
389 105
388 111
372 109
355 96
344 88
375 124
413 68
401 65
399 73
415 57
407 48
419 44
424 76
425 121
407 131
395 130
379 144
368 145
362 142
353 138
351 130
342 130
339 137
352 115
451 118
455 128
444 135
491 122
505 106
518 104
532 106
524 118
505 124
449 222
455 230
447 232
438 226
437 240
426 232
410 232
422 246
408 260
414 271
465 242
454 252
463 260
459 270
454 278
453 292
464 292
473 292
479 281
492 266
461 305
471 305
462 315
454 317
464 326
475 332
479 320
491 333
494 344
502 338
502 311
499 301
514 320
514 308
511 341
505 351
505 369
520 345
531 347
532 339
544 326
558 324
558 300
548 293
536 286
521 279
519 266
507 271
497 282
508 256
556 287
569 309
577 320
585 325
591 312
596 303
588 288
579 277
608 308
618 302
627 288
618 276
623 264
621 252
621 239
612 233
604 247
595 232
599 214
587 236
587 244
588 256
576 260
571 249
558 246
551 254
543 244
530 247
525 232
517 222
508 220
505 209
508 197
517 191
520 179
520 170
519 162
526 165
532 159
530 144
533 139
545 139
551 148
543 125
546 168
554 164
525 200
521 208
533 219
495 217
489 211
487 224
513 230
510 240
555 233
569 222
580 218
576 206
560 197
556 184
544 188
541 200
558 205
569 190
584 175
581 165
574 154
575 141
582 125
578 117
574 109
578 99
590 104
601 106
605 115
617 128
565 116
587 149
599 132
593 186
584 189
593 196
604 191
620 201
633 202
603 173
613 156
616 147
635 150
647 138
640 163
649 156
632 172
629 236
642 233
634 274
642 308
607 316
591 333
600 347
608 339
613 351
630 343
638 343
604 360
595 369
581 360
585 349
585 376
586 385
595 393
595 401
587 402
583 394
579 404
575 415
584 420
577 428
568 432
550 417
545 405
542 393
537 409
527 399
526 383
535 371
524 416
516 414
511 408
504 395
536 431
522 434
513 434
501 441
543 439
577 440
578 447
587 448
597 443
587 436
598 426
608 428
608 436
624 420
639 418
645 410
602 378
616 391
617 400
624 384
634 388
639 379
652 377
631 368
648 393
553 335
566 346
553 351
481 347
469 353
480 362
445 301
429 299
415 291
433 279
435 313
432 321
420 316
428 329
425 339
446 334
439 343
431 355
428 364
417 356
403 344
391 346
390 334
383 322
395 312
438 370
444 382
433 383
424 381
406 401
401 416
460 389
466 397
462 402
448 413
461 425
448 428
449 444
475 430
465 439
483 405
492 421
473 388
482 385
467 379
460 377
443 352
450 361
451 344
462 221
470 224
400 208
413 215
416 169
409 154
425 157
430 175
442 169
444 158
396 172
380 209
374 224
389 228
389 237
387 252
378 261
393 264
398 275
369 239
357 270
362 279
