9284
333 269
333 268
333 267
333 266
333 265
334 264
334 263
334 262
334 261
334 260
334 259
334 258
334 257
334 256
334 255
334 254
334 253
334 252
333 251
332 251
331 251
330 250
329 249
328 248
327 247
326 246
325 245
325 244
324 244
324 243
324 242
324 241
324 240
324 239
324 238
324 237
324 236
323 235
322 234
326 243
327 242
328 241
329 240
330 239
331 238
332 237
333 236
333 235
333 234
334 233
335 232
336 231
337 230
338 229
339 228
340 227
341 226
342 225
343 224
344 223
344 222
344 221
344 220
344 219
344 218
344 217
344 216
344 215
344 214
345 224
346 225
347 225
348 225
349 225
350 225
351 225
352 225
353 225
354 225
354 224
354 223
354 222
355 221
356 220
357 219
358 218
359 217
360 216
361 215
362 214
363 213
364 212
355 226
356 227
357 228
358 229
359 230
360 231
361 232
362 233
363 234
364 235
365 236
365 237
365 238
365 239
366 239
367 239
366 240
367 241
368 242
369 243
370 244
371 245
372 246
373 247
374 247
375 247
376 247
377 247
376 248
375 249
375 250
375 251
375 252
375 253
375 254
375 255
375 256
375 257
375 258
375 259
376 259
377 259
378 259
379 259
380 259
381 259
382 259
383 259
384 259
385 260
386 261
387 262
388 263
389 264
389 265
389 266
389 267
389 268
389 269
389 270
389 271
390 272
391 273
392 274
393 275
394 276
395 277
396 278
397 279
398 280
399 281
400 282
401 283
402 283
403 283
404 283
405 283
406 283
407 283
408 283
409 283
410 283
411 283
412 283
413 283
414 282
415 281
415 280
415 279
415 278
415 277
415 276
415 275
415 274
415 273
415 272
414 271
413 270
412 269
411 268
410 267
409 266
402 284
403 285
404 286
405 287
406 288
407 289
408 290
409 291
409 292
409 293
409 294
409 295
409 296
400 284
399 285
398 286
397 287
396 288
395 289
394 289
393 289
392 289
374 260
373 261
373 262
373 263
373 264
373 265
373 266
373 267
373 268
372 269
371 270
370 271
369 272
368 273
367 274
366 275
365 276
364 277
363 278
362 279
361 279
361 278
360 277
359 276
358 275
357 274
361 280
361 281
361 282
362 283
363 284
364 285
365 286
366 287
367 288
368 289
369 290
370 291
371 292
372 293
373 294
373 295
373 296
373 297
372 298
372 299
372 300
372 301
372 302
372 303
372 304
372 305
372 306
372 307
372 308
371 308
370 308
369 308
368 308
367 308
366 308
365 308
364 308
363 308
362 308
361 308
361 307
360 306
359 305
358 304
357 303
356 302
355 301
354 300
353 301
352 302
351 303
350 304
350 305
350 306
350 307
350 308
350 309
349 309
348 309
347 309
346 309
345 309
344 309
343 309
342 309
341 308
340 307
339 306
338 305
337 304
336 303
336 302
336 301
336 300
336 299
336 298
336 297
336 296
337 295
338 294
349 310
348 311
347 312
346 313
345 314
344 315
343 316
342 317
341 318
340 319
340 320
340 321
341 322
342 323
343 324
344 325
345 326
346 326
347 326
348 326
349 326
350 326
351 326
352 326
353 326
354 326
355 327
356 328
357 329
358 330
359 331
360 332
361 333
362 334
363 335
364 336
365 337
366 338
367 339
368 340
369 341
370 342
371 343
371 344
371 345
373 309
374 310
375 311
376 312
377 313
378 314
378 315
378 316
378 317
378 318
379 318
378 319
378 320
378 321
378 322
378 323
379 324
380 325
381 326
382 327
383 328
384 329
385 330
386 331
387 331
388 331
389 331
390 331
391 331
392 331
393 331
394 331
395 331
396 331
397 330
398 329
399 328
400 327
401 328
402 329
403 330
404 331
405 331
406 331
407 331
408 331
409 331
410 331
410 330
410 329
411 328
412 327
413 326
414 325
415 324
415 323
415 322
415 321
414 320
413 319
412 318
411 317
410 316
409 315
408 314
407 313
416 325
417 326
418 327
419 328
420 328
421 328
422 328
423 328
424 328
424 327
424 326
424 325
424 324
424 323
424 322
424 321
424 320
425 319
426 318
426 317
426 316
426 315
426 314
427 313
428 312
429 311
430 310
431 309
431 308
430 308
429 308
428 308
427 308
426 308
425 308
424 307
432 308
432 307
432 306
432 305
432 304
432 303
432 302
432 301
433 300
434 299
435 298
436 297
437 296
438 295
439 294
439 293
439 292
439 291
439 290
439 289
439 288
439 287
439 286
439 285
439 284
439 283
440 283
441 283
442 282
443 281
444 280
445 279
446 278
447 277
448 276
449 275
449 274
449 273
449 272
449 271
449 270
449 269
449 268
449 267
449 266
448 265
448 264
447 263
446 262
445 261
444 260
443 259
442 258
441 257
440 256
439 255
438 254
437 253
437 252
437 251
437 250
437 249
437 248
437 247
437 246
438 245
439 244
440 244
441 244
442 244
443 244
444 244
445 244
446 244
447 244
448 245
449 246
450 246
451 246
452 246
453 246
454 246
455 246
456 246
457 246
458 246
459 247
460 248
461 249
462 249
463 249
464 249
465 249
466 249
467 249
468 249
468 248
468 247
468 246
468 245
469 244
470 243
471 242
472 241
473 240
474 239
475 238
476 237
477 236
478 235
479 234
480 233
481 232
482 231
483 230
484 231
485 232
486 233
487 234
488 235
489 236
490 237
491 238
491 239
491 240
469 250
470 251
471 252
471 253
471 254
471 255
471 256
471 257
471 258
471 259
471 260
470 261
469 262
468 263
467 264
466 265
465 266
464 267
463 267
462 267
439 243
439 242
438 241
437 240
436 239
435 238
434 237
433 236
433 235
433 234
433 233
433 232
433 231
433 230
432 230
431 229
430 228
429 227
428 226
427 225
427 224
427 223
427 222
427 221
426 220
425 219
424 218
423 217
422 218
421 218
420 218
419 218
418 218
417 218
416 218
415 218
414 218
413 218
412 218
411 219
410 220
409 221
408 222
407 223
406 224
405 225
404 226
403 227
402 228
402 229
402 230
402 231
402 232
401 233
400 233
399 233
398 233
397 233
396 233
395 233
394 233
393 233
394 234
395 235
396 236
397 237
398 238
399 239
400 240
400 241
434 229
435 228
436 227
437 226
438 225
439 224
440 225
441 226
442 227
443 228
444 229
445 230
446 230
447 230
448 230
449 230
450 230
451 230
452 230
453 229
454 228
455 227
456 226
457 225
458 224
459 223
460 222
461 221
462 220
462 219
462 218
462 217
462 216
462 215
462 214
462 213
462 212
463 211
464 210
464 209
464 208
464 207
464 206
463 205
462 204
461 203
460 202
459 201
458 200
457 199
456 198
455 197
455 196
455 195
455 194
455 193
456 193
457 192
458 191
459 190
460 189
461 188
462 187
463 186
464 187
465 188
466 189
467 189
468 189
469 189
470 189
471 189
472 189
473 190
474 191
475 192
476 193
477 194
478 195
479 196
480 197
481 198
482 199
483 200
484 201
485 202
486 203
486 204
486 205
486 206
486 207
454 192
453 191
452 190
451 189
450 189
449 189
448 189
447 189
446 189
445 189
444 189
443 188
442 187
441 186
440 185
439 184
438 183
437 182
436 181
436 180
436 179
436 178
436 177
436 176
436 175
436 174
436 173
436 172
435 171
435 170
435 169
435 168
435 167
435 166
434 165
433 164
432 163
431 162
430 161
430 160
430 159
430 158
430 157
431 156
432 155
433 154
434 153
435 152
436 153
437 154
438 155
439 155
440 155
441 155
442 155
443 155
444 155
445 155
446 155
447 155
448 155
449 155
450 155
451 155
452 155
453 155
454 155
455 155
456 155
457 154
458 153
459 153
460 153
461 153
462 153
463 153
464 152
465 151
466 150
467 149
467 148
467 147
467 146
467 145
466 144
465 143
464 142
463 141
462 140
461 139
460 138
459 137
458 136
457 135
468 150
469 151
470 152
471 153
472 154
473 155
474 156
475 157
476 157
476 156
476 155
476 154
476 153
476 152
477 151
478 150
479 149
480 148
480 147
480 146
480 145
480 144
480 143
480 142
481 141
482 140
483 139
481 149
482 150
483 151
484 152
485 153
486 154
487 155
488 156
489 157
490 157
491 157
492 157
493 158
494 159
495 160
496 161
497 162
498 163
499 164
500 165
501 166
502 167
503 168
504 169
505 169
506 169
507 169
508 169
509 169
510 169
511 168
512 167
513 166
514 165
515 164
516 163
517 162
518 162
519 162
520 162
521 161
522 160
523 159
524 158
525 157
526 158
527 159
528 160
529 161
530 162
531 163
532 164
533 165
534 165
535 165
536 165
537 165
538 165
539 165
540 165
541 165
542 165
543 165
544 165
545 165
546 165
547 165
548 164
548 163
549 162
550 161
551 160
552 159
553 158
554 157
555 156
556 155
557 154
558 154
559 154
560 154
561 154
562 154
563 154
564 154
565 154
566 154
567 154
568 154
569 154
570 154
571 154
572 154
573 154
574 154
575 154
576 153
577 152
578 151
579 150
580 149
581 148
582 147
582 146
582 145
582 144
582 143
583 142
584 141
585 140
586 139
587 139
588 139
589 139
590 139
591 139
592 138
593 137
594 136
595 135
595 134
596 133
597 132
598 131
599 130
600 129
601 128
602 127
602 126
601 126
600 126
599 126
598 126
597 126
596 126
595 126
594 125
593 124
592 124
591 124
590 124
589 124
588 124
587 124
586 123
585 122
584 121
583 120
582 119
581 118
593 123
593 122
593 121
594 120
595 119
596 118
597 117
598 116
599 115
600 114
600 113
601 113
599 112
598 111
597 110
596 109
595 108
594 107
593 106
592 105
591 104
603 126
583 148
584 149
585 150
586 151
587 152
588 153
589 154
590 155
591 156
592 157
593 158
594 159
595 160
596 161
597 162
598 163
599 164
600 165
601 166
602 167
603 168
604 169
605 170
606 171
607 171
556 153
555 152
554 151
553 150
552 149
551 148
550 147
549 146
548 145
547 144
546 143
534 166
533 167
532 168
531 169
530 170
529 171
528 172
527 173
526 174
525 175
524 175
523 175
524 176
525 177
526 178
527 179
528 179
529 179
530 179
531 179
532 179
533 179
534 179
535 179
536 179
537 179
538 179
539 179
540 179
541 179
542 179
543 179
544 179
536 180
537 181
538 182
539 183
540 184
541 185
542 186
543 187
544 188
545 189
545 190
545 191
546 192
547 193
548 194
549 195
550 196
551 197
552 198
553 199
553 200
554 200
555 200
556 199
557 198
558 197
559 196
560 195
561 194
562 194
563 194
564 194
565 194
566 194
567 194
568 194
569 193
570 192
571 191
572 190
573 189
573 188
573 187
573 186
574 185
575 184
576 183
577 182
578 181
579 180
580 179
581 178
562 195
563 196
564 197
565 198
566 199
567 200
568 201
569 202
570 202
571 202
572 202
573 202
574 202
575 202
576 202
577 202
578 202
579 201
580 201
581 201
582 201
583 201
584 201
585 201
586 201
587 201
588 201
589 200
590 199
580 202
581 203
582 204
583 205
584 206
585 207
586 208
587 209
588 210
588 211
588 212
588 213
588 214
588 215
588 216
588 217
589 217
590 217
591 217
592 217
593 217
594 217
595 217
596 217
597 217
598 217
599 217
600 216
601 215
602 214
603 213
604 212
605 211
606 210
607 210
608 210
609 210
610 210
611 210
612 210
613 210
614 210
615 210
616 210
617 210
618 210
619 210
620 210
621 210
622 209
623 208
623 207
623 206
623 205
624 204
625 203
626 202
627 201
628 200
629 199
630 198
631 197
632 196
633 195
634 194
635 193
635 192
635 191
635 190
635 189
635 188
635 187
635 186
635 185
635 184
635 183
635 182
635 181
635 180
635 179
635 178
635 177
635 176
635 175
635 174
635 173
635 172
635 171
635 170
635 169
635 168
635 167
636 166
637 166
638 165
639 164
640 163
641 162
642 161
643 160
644 159
645 158
646 157
647 156
648 155
649 154
650 153
624 209
625 210
626 211
626 212
626 213
626 214
626 215
626 216
626 217
626 218
626 219
626 220
627 221
628 222
629 223
630 224
631 225
631 226
631 227
631 228
631 229
631 230
631 231
631 232
631 233
631 234
631 235
631 236
631 237
631 238
631 239
631 240
631 241
587 218
586 219
585 220
584 221
583 222
582 223
581 224
580 224
579 224
578 224
577 224
576 224
575 224
574 224
573 224
574 225
575 226
576 227
577 228
578 229
579 230
580 231
581 232
582 233
583 234
583 235
584 235
585 235
586 235
587 235
588 235
589 235
590 235
591 235
592 235
593 235
594 235
595 234
596 233
597 234
598 235
599 236
600 237
601 237
602 237
603 237
604 237
605 237
582 236
581 237
580 238
579 238
578 238
577 238
576 238
575 238
574 238
573 238
572 238
571 238
570 239
570 240
570 241
570 242
570 243
570 244
570 245
570 246
570 247
570 248
570 249
571 250
572 251
573 252
574 252
575 252
576 252
577 252
578 252
579 253
580 254
581 255
582 256
582 257
582 258
582 259
582 260
582 261
582 262
582 263
582 264
583 265
584 266
585 267
586 268
587 269
588 270
589 271
590 272
591 273
592 274
593 275
594 276
594 277
595 278
595 279
595 280
595 281
595 282
595 283
595 284
595 285
595 286
595 287
596 287
595 288
596 289
597 290
598 291
599 292
599 293
599 294
599 295
599 296
599 297
599 298
599 299
599 300
599 301
598 302
597 303
596 304
595 305
594 306
593 307
592 308
591 309
590 310
589 311
588 311
587 311
586 311
585 311
584 311
583 310
582 309
581 308
580 307
579 306
579 305
578 305
578 304
578 303
578 302
578 301
578 300
578 299
578 298
577 297
576 296
575 295
575 294
575 293
575 292
575 291
575 290
575 289
575 288
575 287
575 286
575 285
575 284
575 283
575 282
575 281
574 281
573 281
572 280
571 279
570 278
569 277
568 276
567 275
566 274
565 273
564 272
580 305
581 305
582 305
583 304
584 303
585 302
586 301
586 312
585 313
584 314
583 315
582 316
581 317
580 317
579 317
578 317
579 318
580 319
581 320
582 321
583 321
584 321
585 321
586 321
600 302
601 303
602 304
603 305
604 306
605 307
606 308
607 308
608 308
609 308
608 309
607 310
606 311
605 312
604 313
603 314
602 315
601 316
601 317
601 318
601 319
601 320
601 321
601 322
600 323
599 324
598 325
597 326
596 327
595 328
594 329
593 330
592 331
591 332
591 333
591 334
591 335
591 336
591 337
591 338
591 339
590 340
589 341
588 342
587 343
586 344
585 345
584 346
583 347
582 348
582 349
582 350
582 351
582 352
582 353
610 309
611 310
612 311
613 312
614 313
615 314
616 315
617 316
618 317
619 318
620 319
621 320
621 321
621 322
621 323
622 323
623 323
624 323
625 323
626 322
627 321
628 320
629 319
630 318
631 317
632 316
633 315
634 314
635 313
636 312
637 311
638 310
639 309
640 308
641 307
642 306
643 305
644 304
622 324
623 325
624 326
625 327
626 328
627 329
628 330
628 331
627 332
626 333
625 334
625 335
625 336
625 337
625 338
625 339
625 340
625 341
625 342
625 343
624 344
623 345
622 346
621 347
620 348
619 349
618 350
617 351
616 352
615 353
614 353
613 353
612 353
611 353
610 353
609 353
608 353
607 354
606 355
606 356
606 357
606 358
626 344
627 345
628 346
629 347
630 348
630 349
630 350
630 351
630 352
630 353
630 354
630 355
631 355
632 355
631 356
632 357
633 358
633 359
633 360
633 361
633 362
633 363
634 364
635 365
636 366
637 367
638 368
639 369
640 370
641 371
642 372
643 373
644 374
645 375
645 376
645 377
644 378
643 379
642 380
641 381
641 382
641 383
641 384
640 384
639 384
638 384
637 384
636 384
635 384
634 384
633 384
632 384
631 384
630 384
629 384
628 383
627 382
626 382
625 382
624 382
623 382
622 382
621 382
620 382
619 382
640 385
639 386
638 387
637 388
636 389
635 390
634 391
633 392
632 393
631 394
630 395
630 396
630 397
630 398
630 399
630 400
631 401
632 402
633 403
634 404
635 405
636 406
637 407
638 407
639 407
640 407
641 407
642 407
643 407
642 408
641 409
640 410
639 411
638 412
637 413
636 414
635 415
634 416
633 417
632 418
631 419
630 420
629 420
628 420
627 420
626 420
625 420
646 378
647 379
648 380
649 381
650 382
650 383
650 384
650 385
633 354
634 353
635 352
636 351
637 350
638 349
639 348
640 347
641 346
642 345
643 344
644 343
597 286
598 285
599 284
600 283
601 282
602 281
603 280
604 279
605 278
606 277
607 276
607 275
607 274
607 273
607 272
607 271
607 270
607 269
608 268
608 267
608 266
608 265
608 264
608 263
607 262
606 261
605 260
609 269
610 270
611 271
612 272
613 273
614 274
615 275
616 276
617 277
618 278
619 279
620 279
621 279
622 279
623 279
624 279
625 279
626 279
627 279
628 279
629 279
630 279
631 279
632 279
632 278
633 277
634 276
635 275
636 274
637 273
638 272
639 271
640 270
552 201
551 202
550 203
549 204
548 205
547 205
546 205
545 205
534 180
533 181
532 182
531 183
530 184
529 185
528 186
527 187
526 188
525 189
524 190
523 191
522 192
521 193
522 194
523 195
523 196
523 197
523 198
523 199
523 200
523 201
523 202
523 203
523 204
523 205
523 206
523 207
522 208
521 209
520 210
519 211
518 212
517 213
516 214
515 215
514 216
513 217
512 218
511 219
510 219
509 219
509 218
509 217
509 216
509 215
509 214
509 213
509 212
509 211
508 210
507 209
506 208
505 207
510 220
511 221
512 222
513 223
514 224
515 225
516 226
517 227
518 228
519 229
520 230
521 231
522 232
521 233
520 234
519 235
518 235
517 235
516 235
515 235
514 235
523 233
524 234
525 235
526 236
527 237
528 238
529 239
530 240
530 241
530 242
530 243
530 244
531 245
532 246
533 247
534 248
535 249
536 250
537 250
538 250
539 250
540 250
541 250
542 250
542 249
542 248
542 247
542 246
542 245
542 244
542 243
542 242
543 241
544 240
545 239
546 238
546 237
546 236
546 235
546 234
546 233
546 232
546 231
546 230
546 229
545 228
544 228
543 228
542 228
541 228
540 228
539 228
538 228
537 228
536 227
535 226
543 251
544 252
545 253
546 253
547 253
548 253
549 253
550 253
549 254
548 255
547 256
546 257
546 258
546 259
546 260
546 261
546 262
546 263
546 264
546 265
545 266
544 267
543 268
542 269
541 270
540 271
539 272
538 273
537 274
536 275
535 276
534 276
533 276
532 276
531 276
530 276
529 276
528 276
527 276
526 276
525 276
524 275
523 274
522 273
521 272
520 271
519 270
518 271
517 272
516 273
515 274
514 275
513 276
512 277
511 278
510 279
509 280
508 280
508 279
508 278
508 277
508 276
508 275
508 274
508 273
508 272
508 271
507 270
506 269
505 269
504 269
503 269
502 269
501 268
500 267
499 266
498 265
497 264
496 263
495 262
494 261
493 260
492 259
508 281
507 282
506 283
505 284
504 285
503 286
502 287
501 288
500 288
500 287
500 286
499 285
498 284
497 283
496 282
495 281
494 280
493 279
492 278
491 277
490 276
499 289
498 290
497 291
496 292
495 293
494 293
493 293
492 293
491 293
490 293
489 293
488 293
487 294
486 295
485 296
484 297
483 298
482 298
481 298
480 298
479 298
478 298
478 297
478 296
478 295
478 294
478 293
478 292
477 291
476 290
475 289
474 288
535 277
536 278
537 279
538 280
539 281
540 282
541 283
541 284
541 285
541 286
541 287
541 288
541 289
540 290
539 291
538 292
537 293
536 294
535 295
534 296
533 297
532 297
531 297
530 297
529 297
528 297
527 298
526 299
525 300
524 301
524 302
524 303
524 304
524 305
525 306
526 307
527 308
528 309
529 310
530 311
531 312
532 313
532 314
532 315
533 315
534 315
535 315
536 315
537 315
538 315
539 315
540 315
541 315
542 314
543 313
544 312
544 311
544 310
544 309
544 308
544 307
544 306
544 305
544 304
544 303
545 302
533 316
534 317
535 318
536 319
537 320
538 321
538 322
538 323
538 324
538 325
538 326
539 327
540 328
541 329
542 330
543 331
544 332
545 333
546 333
547 333
546 334
545 335
544 336
543 337
542 338
542 339
542 340
542 341
542 342
542 343
542 344
541 345
540 346
539 347
538 348
537 349
537 350
537 351
537 352
537 353
538 354
539 355
540 356
541 357
542 358
543 359
544 360
544 361
545 361
546 361
547 361
548 361
549 361
550 361
551 361
552 361
553 361
554 361
555 361
556 360
557 359
558 358
559 357
559 356
559 355
558 354
557 353
556 352
555 351
554 350
553 349
543 362
542 363
541 364
540 365
539 366
538 367
537 368
536 369
535 370
535 371
535 372
534 372
533 372
532 371
531 370
530 369
529 368
528 368
527 368
526 368
525 368
536 373
537 374
538 375
539 376
540 377
541 378
542 379
543 380
544 381
545 382
546 383
547 384
548 384
549 384
550 384
551 384
552 384
553 384
554 385
555 386
556 387
557 388
558 389
559 390
560 391
561 392
562 392
563 392
564 392
565 392
566 392
567 392
568 392
569 392
570 392
571 393
572 394
572 395
572 396
573 396
574 396
575 396
576 396
577 396
578 396
579 395
580 394
581 393
582 392
583 391
584 390
585 389
586 388
587 387
588 386
589 386
590 386
591 386
592 386
593 386
594 386
595 386
596 385
597 384
589 387
590 388
591 389
592 390
593 391
594 392
594 393
594 394
594 395
594 396
594 397
594 398
594 399
594 400
594 401
594 402
595 403
596 403
597 403
598 403
599 403
600 403
601 403
602 403
603 403
604 403
603 404
602 405
601 406
600 407
599 408
598 409
597 410
596 411
595 412
594 413
593 414
592 415
591 416
590 417
589 418
589 419
588 420
587 421
587 422
587 423
587 424
587 425
587 426
587 427
587 428
587 429
587 430
587 431
587 432
587 433
587 434
588 435
589 436
590 437
591 438
592 439
593 439
594 439
595 439
596 439
597 439
588 385
588 384
588 383
588 382
588 381
588 380
588 379
588 378
517 161
517 160
517 159
517 158
516 157
515 156
514 155
513 154
512 153
511 152
510 151
509 150
509 149
509 148
509 147
509 146
509 145
509 144
509 143
509 142
509 141
509 140
509 139
509 138
508 138
508 137
508 136
508 135
508 134
508 133
508 132
507 131
506 131
505 131
504 130
503 129
502 128
501 127
500 126
499 125
498 124
497 123
496 122
496 121
495 121
497 120
498 119
499 118
500 117
501 116
502 115
503 114
504 113
505 112
506 111
506 110
506 109
506 108
506 107
506 106
506 105
506 104
506 103
507 102
508 101
509 100
510 138
511 138
512 138
513 137
514 136
515 135
516 134
517 133
518 132
519 131
520 130
521 129
522 128
522 127
522 126
523 125
524 124
525 123
526 122
527 121
528 120
529 119
529 118
529 117
529 116
529 115
529 114
529 113
529 112
529 111
529 110
529 109
529 108
529 107
530 106
531 105
532 104
533 103
530 120
531 121
532 122
533 123
534 124
535 125
535 126
535 127
505 170
504 171
503 172
502 173
501 174
500 175
499 176
499 177
499 178
499 179
499 180
498 180
497 179
496 178
495 177
494 176
493 175
492 174
491 173
490 174
489 174
488 174
487 174
486 174
485 174
484 174
483 174
482 174
481 174
480 174
479 174
499 181
499 182
499 183
459 154
460 155
460 156
460 157
460 158
460 159
460 160
460 161
460 162
460 163
460 164
429 162
428 163
427 164
426 164
425 164
424 164
423 164
422 164
421 164
420 164
419 164
418 164
417 164
416 164
415 164
414 164
413 164
435 182
434 183
433 184
432 185
431 186
430 187
429 188
428 189
427 190
426 191
425 192
424 193
423 193
450 190
449 191
448 192
447 193
446 194
445 195
444 196
443 197
442 198
441 199
440 199
439 199
440 200
441 201
442 202
443 203
444 204
445 205
445 206
445 207
445 208
445 209
445 210
432 237
431 238
430 239
429 240
428 241
427 242
426 243
425 244
424 244
423 244
422 244
421 244
436 254
435 255
434 256
433 257
433 258
433 259
433 260
433 261
433 262
433 263
433 264
433 265
433 266
433 267
450 276
450 277
450 278
450 279
450 280
450 281
450 282
450 283
450 284
433 309
434 310
435 311
436 311
437 311
438 311
439 311
440 311
441 311
442 311
443 311
444 311
445 311
446 311
447 311
448 311
449 311
450 311
451 310
452 309
453 308
454 307
455 306
456 305
425 329
426 330
427 331
428 332
429 333
430 334
431 335
432 336
433 336
434 336
435 336
436 336
437 336
438 336
439 336
440 336
441 335
442 334
443 333
444 332
437 337
438 338
439 339
440 340
441 341
442 342
443 343
444 343
445 343
446 343
447 343
448 343
449 343
450 343
451 343
452 343
453 342
454 341
455 341
456 341
457 341
458 340
459 339
460 338
461 337
462 336
463 335
464 334
465 333
466 332
467 332
468 332
469 332
470 332
471 332
472 332
473 332
474 332
475 332
476 331
477 330
478 329
479 328
480 327
480 326
480 325
479 325
478 324
477 323
476 322
475 321
474 320
473 319
472 318
481 324
482 323
483 322
484 321
485 320
486 319
487 318
487 317
488 316
489 315
490 314
491 313
492 312
493 311
494 310
495 311
496 312
497 313
498 314
499 314
500 314
501 314
502 314
503 314
504 314
505 314
506 314
505 315
504 316
503 317
502 318
501 319
501 320
501 321
501 322
501 323
467 333
467 334
467 335
467 336
467 337
467 338
467 339
467 340
467 341
467 342
467 343
468 344
469 345
470 346
471 347
472 348
473 349
474 349
475 349
476 349
477 349
477 348
477 347
478 346
479 345
480 344
481 343
482 342
483 341
478 350
479 351
480 352
481 352
482 352
483 352
484 352
485 352
486 352
487 352
488 352
489 352
490 352
491 352
492 352
493 352
494 351
494 350
494 349
495 348
496 347
497 346
498 345
499 344
500 343
501 342
502 341
503 340
504 339
505 339
506 339
507 339
508 339
509 339
510 339
511 339
512 339
513 338
514 337
515 336
516 335
517 336
518 337
519 338
520 339
521 340
521 341
521 342
521 343
521 344
521 345
445 344
444 345
443 346
442 347
441 348
440 349
439 350
438 350
439 351
440 352
441 353
442 354
443 355
444 356
445 357
445 358
446 358
447 358
448 358
449 358
450 358
451 358
452 358
453 358
454 357
455 356
446 359
447 360
448 361
449 362
450 363
451 364
452 365
453 366
454 367
455 368
456 368
457 368
458 369
459 369
460 369
461 369
462 369
463 369
464 369
465 369
466 369
467 369
468 369
469 369
470 369
471 369
472 369
473 369
474 369
475 369
476 368
477 367
478 366
479 365
467 370
468 371
469 372
470 373
471 374
472 375
473 376
474 377
475 378
476 379
477 380
478 381
479 382
480 383
481 383
480 384
479 385
478 386
477 387
476 388
475 389
475 390
475 391
475 392
475 393
475 394
475 395
475 396
475 397
476 398
476 399
476 400
476 401
476 402
476 403
476 404
476 405
476 406
476 407
476 408
482 384
483 385
484 386
485 387
486 388
487 389
488 390
489 391
490 392
491 393
491 394
491 395
491 396
491 397
491 398
492 398
493 398
494 398
495 398
496 398
497 397
498 396
499 395
500 394
501 393
502 392
503 391
504 391
505 391
506 391
507 391
508 391
509 391
510 391
511 391
512 391
513 391
514 391
515 391
516 391
517 391
518 391
519 392
520 393
521 393
522 393
523 393
524 393
525 393
526 393
527 393
526 394
525 395
524 396
523 397
522 398
521 399
521 400
521 401
521 402
521 403
521 404
521 405
521 406
521 407
520 408
519 409
518 410
517 411
516 412
515 413
514 414
513 414
512 414
511 415
510 416
509 417
508 417
507 417
506 417
505 417
504 417
503 417
502 417
501 417
500 417
499 417
522 408
522 409
522 410
522 411
523 412
523 413
523 414
522 415
521 416
520 417
519 418
518 419
517 420
517 421
517 422
517 423
517 424
517 425
518 426
519 427
520 428
521 429
522 430
523 431
524 432
525 433
526 434
527 435
526 436
525 437
524 438
523 439
522 440
521 440
520 440
519 440
518 440
517 440
516 440
528 436
529 437
530 438
531 439
532 440
533 441
534 442
535 443
536 444
537 444
538 444
539 444
540 444
541 444
542 444
543 444
544 444
545 444
546 444
547 444
548 444
549 444
550 444
551 444
552 444
553 444
554 443
555 442
556 442
557 442
558 442
559 442
560 442
561 441
562 440
563 439
564 438
565 437
565 436
564 435
563 434
562 433
561 432
560 431
559 430
558 429
557 428
556 427
555 426
554 425
554 424
554 423
554 422
554 421
554 420
555 419
556 418
557 417
558 416
524 415
525 416
526 417
527 418
528 419
528 420
528 421
528 422
528 423
503 390
503 389
503 388
503 387
503 386
503 385
503 384
503 383
503 382
503 381
503 380
503 379
503 378
502 377
411 332
412 333
413 334
414 335
415 336
416 337
417 338
418 339
419 340
420 340
421 340
420 341
419 342
418 343
417 344
416 345
415 346
414 347
414 348
414 349
413 349
412 348
411 347
410 346
409 345
408 344
407 345
406 346
405 347
404 348
403 349
402 349
401 349
400 349
399 349
398 349
397 349
396 349
395 349
394 349
393 349
392 349
414 350
414 351
414 352
415 353
416 354
417 355
418 356
419 357
420 357
421 357
422 357
423 357
424 357
425 358
426 359
427 360
428 361
429 362
430 363
431 363
432 363
431 364
430 365
429 366
428 367
427 368
426 369
425 370
425 371
425 372
425 373
426 374
427 375
428 376
429 377
430 378
431 379
432 380
433 381
434 382
435 382
436 382
437 382
438 382
439 382
440 382
439 383
438 384
437 385
436 386
435 387
435 388
435 389
435 390
436 391
437 392
438 393
439 394
440 395
441 396
442 397
443 398
444 399
445 400
446 401
447 402
448 403
449 404
450 404
449 405
448 406
447 406
446 406
445 406
444 406
443 406
442 406
441 407
440 407
439 407
438 407
437 407
436 407
435 407
434 407
433 407
432 407
431 408
430 409
430 410
430 411
430 412
430 413
430 414
430 415
430 416
430 417
430 418
430 419
431 420
432 421
433 421
434 421
435 421
436 421
437 421
438 421
439 421
440 421
441 421
442 421
443 421
444 421
445 421
446 421
447 421
448 421
449 421
450 421
451 420
452 421
453 422
453 423
453 424
453 425
453 426
453 427
453 428
453 429
453 430
453 431
453 432
452 433
451 434
450 435
449 436
448 437
447 438
446 439
445 440
444 441
444 442
444 443
444 444
454 433
455 434
456 435
457 435
458 435
459 435
460 435
461 435
462 435
463 435
464 435
465 435
466 435
467 435
468 435
469 435
470 435
471 435
472 435
473 435
474 435
475 434
476 433
477 432
478 431
479 432
480 433
481 433
482 433
483 433
484 433
485 433
486 433
487 433
488 433
489 433
490 433
491 433
492 433
380 317
381 316
382 315
383 314
384 313
385 312
386 311
387 310
388 309
389 308
390 307
368 238
369 237
370 236
371 235
372 234
373 233
374 232
375 231
376 230
377 229
378 228
378 227
378 226
378 225
378 224
378 223
378 222
379 221
380 220
381 219
382 218
383 217
384 216
385 215
386 214
387 213
388 212
364 240
363 241
362 242
361 243
360 243
359 243
358 243
357 243
356 243
355 243
354 243
353 243
352 243
353 244
354 245
355 246
356 247
356 248
356 249
356 250
356 251
356 252
332 271
331 271
330 271
329 271
328 271
327 271
326 271
325 271
324 271
323 271
322 271
321 271
320 270
319 269
318 268
317 267
316 266
315 265
314 266
313 267
312 268
311 268
310 268
309 268
308 268
307 268
306 268
305 268
304 268
303 268
302 269
301 269
300 269
299 269
298 269
297 269
296 269
295 269
294 269
293 269
292 269
291 269
291 268
291 267
291 266
291 265
291 264
291 263
290 262
289 261
288 260
287 259
286 258
286 257
286 256
286 255
286 254
286 253
286 252
286 251
286 250
285 249
284 248
284 247
283 247
282 248
281 249
280 250
279 251
278 251
277 251
276 251
275 251
274 251
273 251
272 251
271 251
271 250
271 249
271 248
270 247
269 246
268 245
267 244
266 243
265 242
264 241
263 240
262 239
261 238
285 247
286 247
287 247
288 247
289 247
290 247
291 247
292 246
293 245
294 244
293 243
292 242
291 241
290 240
289 239
288 238
287 237
286 236
287 235
288 234
289 233
290 232
291 231
292 230
293 229
294 228
295 227
296 227
297 227
298 227
299 227
300 227
301 227
302 227
303 226
296 228
297 229
298 230
299 231
300 232
301 233
302 234
303 235
304 236
305 237
306 238
307 238
295 226
294 225
293 224
292 223
291 222
290 221
289 220
288 219
288 218
287 218
289 218
290 218
291 218
292 217
293 216
294 215
295 214
296 213
297 212
298 211
298 210
297 210
296 209
295 208
294 207
293 206
292 205
291 204
290 203
289 202
288 201
287 200
286 200
285 200
284 200
283 200
282 199
281 198
280 197
279 196
278 195
277 194
276 193
275 192
274 193
273 194
272 195
271 196
271 197
270 197
269 196
268 195
267 194
266 193
265 192
264 191
263 190
262 190
261 190
260 189
259 188
258 187
257 186
256 185
255 184
254 183
254 182
254 181
254 180
254 179
254 178
254 177
253 176
252 175
251 174
250 173
249 173
248 173
247 173
246 173
245 173
244 173
243 172
242 171
241 170
240 169
239 168
239 167
239 166
239 165
239 164
239 163
239 162
239 161
239 160
239 159
238 158
237 157
236 156
235 155
234 154
234 153
234 152
234 151
235 150
236 149
237 148
238 147
239 146
240 146
241 146
242 146
243 146
244 145
245 144
246 143
247 142
248 141
248 140
248 139
248 138
248 137
248 136
248 135
248 134
248 133
248 132
248 131
247 130
246 129
245 128
244 127
243 126
242 125
241 124
240 123
239 122
239 121
239 120
239 119
239 118
240 117
241 116
242 115
243 114
244 113
244 112
244 111
244 110
244 109
244 108
244 107
244 106
243 105
242 104
241 103
240 102
239 103
238 104
237 105
236 106
235 107
234 108
233 109
232 110
231 110
230 110
245 114
246 115
247 116
248 117
249 117
250 117
251 117
252 117
253 117
254 117
255 118
256 119
257 120
258 121
259 122
260 123
261 124
262 124
262 123
262 122
262 121
263 120
264 119
265 118
266 117
267 116
268 116
269 116
270 116
271 116
272 116
273 116
274 116
275 116
276 116
277 116
278 116
279 116
280 115
280 114
280 113
280 112
280 111
280 110
280 109
281 108
282 107
283 106
284 105
285 104
285 103
286 102
287 101
288 100
289 99
290 98
291 97
292 96
293 95
294 94
294 93
294 92
294 91
294 90
294 89
294 88
294 87
294 86
294 85
294 84
294 83
294 82
294 81
294 80
294 79
294 78
294 77
294 76
295 75
296 74
297 73
297 72
296 72
295 72
294 72
293 71
292 70
291 69
290 68
289 67
288 66
287 65
286 64
298 72
299 72
300 72
301 72
302 72
303 72
304 71
305 70
306 69
307 68
308 67
309 66
310 65
311 65
312 65
313 65
314 64
315 63
316 62
317 61
318 60
319 59
320 59
321 59
322 59
323 59
324 59
325 59
326 59
327 59
328 59
329 58
330 57
331 56
332 56
332 57
332 58
332 59
332 60
332 61
332 62
332 63
332 64
333 65
334 66
335 67
336 68
337 69
338 70
339 71
340 72
341 73
342 74
343 75
344 76
345 77
346 78
347 78
348 79
349 80
350 81
351 82
352 83
353 84
354 85
355 86
356 87
357 88
358 89
359 89
360 89
333 55
334 54
335 53
336 52
337 51
338 50
339 49
339 48
339 47
339 46
339 45
339 44
339 43
339 42
339 41
339 40
339 39
339 38
339 37
339 36
339 35
338 35
337 34
336 33
335 32
334 31
333 30
339 34
339 33
339 32
340 31
341 30
341 29
342 28
343 27
344 26
345 25
346 24
347 23
348 22
349 21
350 20
351 19
352 18
342 31
343 32
344 33
345 34
346 35
347 36
348 37
349 38
350 39
351 40
352 40
352 39
352 38
352 37
352 36
353 35
354 34
355 33
356 33
357 33
358 33
359 33
360 33
361 33
362 33
363 33
364 32
365 31
366 30
367 31
368 32
369 33
370 34
371 34
372 34
371 35
370 36
370 37
370 38
370 39
370 40
370 41
370 42
370 43
371 44
372 45
373 46
374 47
375 48
376 49
377 50
377 51
352 41
352 42
340 50
341 51
342 52
343 53
344 54
345 55
346 56
347 57
348 58
349 59
350 60
351 60
352 60
353 60
354 60
355 60
356 60
357 60
358 60
359 60
360 60
361 60
362 59
363 58
319 58
319 57
319 56
319 55
319 54
319 53
319 52
319 51
318 50
317 49
316 50
315 51
314 51
313 51
312 51
311 51
310 51
309 51
308 51
307 51
306 51
305 51
304 51
303 51
302 51
301 51
300 51
299 51
298 51
297 51
296 51
295 51
294 51
293 50
295 95
296 95
297 95
298 95
299 95
300 95
301 95
302 95
303 95
304 95
305 95
306 95
307 95
286 105
287 106
288 107
289 108
290 109
291 110
292 110
293 110
294 110
295 110
296 111
297 112
298 113
299 114
300 114
301 114
302 114
303 114
304 114
305 114
306 115
307 116
308 117
309 118
310 119
310 120
310 121
310 122
309 123
308 124
307 125
306 126
305 127
304 128
303 129
302 130
301 131
300 132
300 133
300 134
311 118
312 117
313 116
314 115
315 114
316 113
317 112
318 112
319 112
320 112
321 112
322 112
323 111
324 110
325 109
326 108
327 107
328 106
318 113
319 114
320 115
321 116
322 117
323 118
324 119
325 120
326 121
327 122
327 123
327 124
326 125
325 126
324 127
323 128
322 129
321 130
320 131
319 132
318 133
317 134
317 135
317 136
328 125
329 126
330 127
331 128
331 129
331 130
331 131
331 132
331 133
332 133
331 134
331 135
331 136
332 137
333 138
334 139
335 140
336 141
337 142
337 143
337 144
337 145
337 146
337 147
333 132
334 131
335 130
336 129
337 128
338 127
339 126
340 125
341 124
341 123
341 122
341 121
341 120
341 119
341 118
341 117
341 116
341 115
341 114
341 113
262 125
262 126
262 127
262 128
263 129
264 130
265 131
266 132
267 133
268 134
269 135
270 136
271 137
272 138
273 138
274 138
275 137
276 136
277 135
278 134
279 133
280 132
281 131
282 130
283 131
284 132
284 133
284 134
284 135
284 136
284 137
284 138
238 123
237 124
236 125
235 126
234 127
233 127
232 127
231 127
230 127
238 169
237 170
237 171
237 172
237 173
237 174
237 175
237 176
237 177
237 178
237 179
237 180
238 181
238 182
238 183
238 184
238 185
238 186
238 187
238 188
238 189
250 172
250 171
250 170
250 169
250 168
250 167
251 166
252 165
252 164
252 163
252 162
253 161
254 160
255 159
256 158
257 157
258 156
259 155
260 155
261 155
262 155
263 155
264 155
265 155
266 154
267 153
268 152
260 156
261 157
262 158
263 159
264 160
265 161
266 162
267 163
268 163
269 163
270 163
253 184
252 185
251 186
250 187
250 188
250 189
250 190
250 191
249 192
248 193
247 194
246 195
245 196
244 197
243 198
242 199
241 200
240 201
239 201
238 201
237 202
236 203
235 204
235 205
235 206
235 207
235 208
235 209
235 210
235 211
235 212
235 213
235 214
234 214
233 214
232 214
231 214
230 214
229 214
228 214
227 213
226 212
225 211
224 210
223 210
222 209
221 208
220 207
219 206
218 205
217 204
216 203
216 202
216 201
216 200
216 199
216 198
216 197
216 196
216 195
216 194
216 193
215 192
214 192
213 192
212 192
211 192
210 192
209 192
208 192
207 192
206 192
205 191
204 190
203 189
202 190
201 191
200 192
199 193
199 194
199 195
199 196
199 197
199 198
199 199
199 200
198 201
197 202
196 203
195 204
194 205
194 206
194 207
194 208
194 209
194 210
194 211
194 212
195 213
196 214
197 215
197 216
197 217
197 218
197 219
197 220
197 221
197 222
198 223
199 224
200 225
201 226
202 227
203 228
204 229
205 230
206 231
207 232
208 233
209 234
210 235
211 236
212 237
213 238
214 239
215 240
215 241
215 242
215 243
215 244
215 245
216 246
217 247
218 248
218 249
218 250
218 251
218 252
218 253
219 253
218 254
220 252
221 251
222 250
223 249
224 248
225 247
226 246
227 245
228 244
229 245
230 246
231 247
232 248
233 249
234 250
235 251
236 252
237 253
238 252
239 251
240 250
241 249
242 248
243 247
244 246
245 245
246 244
246 243
245 242
244 241
243 240
242 239
241 238
240 237
239 236
238 254
239 255
240 256
241 257
242 258
243 259
244 260
245 261
246 262
247 262
248 262
249 262
250 262
251 261
252 260
253 259
254 258
215 191
215 190
215 189
215 188
215 187
215 186
215 185
215 184
215 183
215 182
216 181
216 180
215 179
214 178
213 177
212 176
211 175
210 174
209 173
208 172
207 171
206 170
205 169
204 168
203 167
203 166
202 166
204 166
205 166
206 166
207 166
208 166
209 166
210 166
211 166
212 166
213 166
214 166
215 166
216 166
216 165
216 164
216 163
216 162
216 161
216 160
216 159
216 158
216 157
216 156
217 155
217 154
216 154
215 154
214 154
213 154
212 154
211 154
210 154
209 154
208 153
207 152
206 151
205 150
204 149
203 148
203 147
203 146
204 145
205 144
206 143
207 142
208 141
209 140
210 139
211 138
212 137
212 136
212 135
212 134
212 133
212 132
212 131
212 130
212 129
212 128
213 127
213 126
213 125
213 124
213 123
213 122
213 121
213 120
212 119
211 119
210 118
209 117
208 116
207 115
206 114
205 113
204 112
203 111
202 112
201 113
200 114
199 115
198 116
197 117
196 118
195 119
194 120
193 120
192 120
191 120
190 120
189 120
188 120
187 120
186 119
185 118
184 117
183 116
183 115
183 114
183 113
183 112
183 111
183 110
184 109
185 108
195 121
195 122
195 123
195 124
195 125
195 126
195 127
195 128
195 129
195 130
195 131
194 132
193 133
192 134
191 135
190 135
189 135
188 135
187 135
186 135
185 135
184 135
183 135
182 135
181 135
180 134
179 133
178 132
177 131
176 130
175 129
174 128
173 127
172 126
171 125
170 124
169 123
168 122
167 121
166 120
165 119
164 118
164 117
164 116
164 115
164 114
163 113
162 112
161 111
160 110
159 109
158 108
157 108
156 108
155 108
154 108
153 107
152 106
151 105
150 104
149 104
148 104
147 104
146 104
145 104
144 104
143 104
142 103
141 102
140 101
139 100
183 136
184 137
184 138
184 139
184 140
184 141
184 142
184 143
184 144
184 145
184 146
184 147
184 148
184 149
184 150
184 151
218 154
239 202
240 203
241 204
242 204
243 204
244 204
245 204
246 204
247 204
248 204
249 204
264 189
265 188
266 187
267 186
268 185
269 184
270 183
271 182
271 181
270 181
269 181
268 181
267 181
266 181
265 181
264 180
272 181
273 181
274 181
275 181
276 180
277 179
278 178
279 177
280 176
281 175
282 174
283 174
284 174
285 174
286 173
287 172
288 171
289 170
290 169
291 168
292 167
293 166
294 165
294 164
294 163
294 162
294 161
293 161
292 160
291 159
290 158
289 157
288 156
287 155
286 154
285 153
295 160
296 159
297 158
298 157
299 156
300 155
301 154
302 153
295 166
296 167
297 168
298 169
299 170
299 171
299 172
299 173
299 174
299 175
298 176
297 177
296 178
295 179
294 180
293 181
292 182
291 183
290 184
289 185
289 186
282 173
282 172
282 171
282 170
282 169
282 168
282 167
271 198
271 199
271 200
270 201
269 202
268 203
267 204
266 205
265 206
264 207
263 208
263 209
263 210
263 211
263 212
264 212
265 212
266 212
267 212
268 212
269 212
270 212
271 212
272 212
273 212
274 212
264 213
265 214
266 215
267 216
268 217
269 218
270 219
270 220
270 221
270 222
270 223
298 209
298 208
298 207
298 206
298 205
299 204
300 203
301 202
302 201
303 200
304 199
304 198
304 197
304 196
304 195
305 194
306 193
307 192
308 191
309 190
310 189
310 188
311 187
312 186
313 185
314 184
315 183
316 182
317 181
317 180
317 179
317 178
317 177
317 176
317 175
317 174
318 173
319 172
320 171
321 170
322 169
323 168
324 167
325 166
326 165
327 164
318 182
319 183
320 184
321 185
322 186
323 187
324 188
325 189
326 190
327 191
328 191
329 191
330 191
331 191
330 192
331 193
332 194
333 195
333 196
333 197
333 198
333 199
333 200
333 201
332 202
331 203
330 204
329 205
328 206
327 207
326 208
325 209
324 209
323 209
322 209
332 190
333 189
334 188
335 187
336 186
337 185
338 184
339 183
340 182
341 181
342 180
343 179
344 178
344 177
344 176
344 175
344 174
344 173
344 172
344 171
344 170
345 169
345 168
345 167
345 166
346 165
347 164
348 163
349 162
350 161
351 160
352 159
353 158
354 157
355 156
356 155
357 154
358 153
359 154
360 155
361 156
362 157
363 157
364 157
365 157
366 157
367 157
368 157
369 157
370 157
371 157
372 157
373 157
373 156
373 155
373 154
373 153
373 152
373 151
373 150
373 149
373 148
373 147
373 146
373 145
374 144
375 143
376 142
377 141
378 140
379 139
380 138
380 137
379 136
378 135
377 134
376 133
376 132
375 132
375 131
375 130
375 129
375 128
375 127
375 126
375 125
375 124
375 123
375 122
375 121
374 120
373 119
372 118
371 117
370 116
369 115
368 115
367 115
366 115
365 115
364 115
363 115
362 115
361 114
368 116
367 117
366 118
365 119
364 120
363 121
362 122
361 123
360 123
377 132
378 131
379 130
380 129
381 128
382 127
383 126
384 126
385 126
386 126
387 126
388 126
389 126
390 126
391 126
392 125
393 124
394 123
394 122
394 121
394 120
395 119
396 118
397 117
398 116
399 115
400 114
400 113
399 113
398 113
397 113
396 113
395 113
394 113
393 113
392 112
391 111
390 110
389 109
401 113
401 112
401 111
401 110
401 109
401 108
401 107
401 106
401 105
401 104
402 103
402 102
401 101
400 100
399 99
398 98
397 97
396 96
396 95
395 95
395 94
395 93
395 92
395 91
395 90
395 89
395 88
395 87
395 86
395 85
395 84
395 83
395 82
394 81
397 95
398 95
399 94
400 93
401 92
402 91
403 90
404 89
405 88
406 87
407 86
408 85
409 84
410 83
411 82
412 81
413 80
414 79
415 78
416 77
417 76
418 75
419 75
420 75
421 74
422 73
423 72
424 71
425 70
426 69
427 68
427 67
427 66
427 65
427 64
427 63
426 62
425 61
424 60
424 59
424 58
424 57
424 56
424 55
424 54
424 53
424 52
424 51
424 50
423 49
422 48
422 47
422 46
422 45
422 44
422 43
422 42
422 41
421 40
420 39
419 40
418 41
417 42
416 43
415 44
414 45
413 46
412 47
411 48
410 49
409 50
410 51
410 52
410 53
410 54
410 55
410 56
410 57
410 58
403 104
404 105
405 106
406 107
407 108
408 109
409 110
410 110
411 110
412 110
413 110
414 110
415 110
416 110
416 109
416 108
416 107
416 106
416 105
416 104
417 103
418 102
419 101
417 111
418 112
419 113
420 114
421 115
422 116
423 117
424 118
425 119
425 120
425 121
426 121
427 121
428 121
429 121
430 121
431 121
432 121
433 121
434 121
435 120
436 119
437 118
438 117
439 116
440 116
441 116
442 116
443 116
444 116
445 116
446 115
447 114
448 113
449 112
450 111
451 110
452 109
453 108
454 107
439 115
439 114
439 113
439 112
439 111
439 110
439 109
439 108
439 107
372 158
371 159
370 160
369 161
368 162
367 163
366 164
365 165
364 166
363 167
362 168
361 169
361 170
361 171
361 172
374 158
375 159
376 160
377 161
378 162
379 163
380 164
381 165
382 166
382 167
382 168
382 169
382 170
382 171
382 172
383 173
384 174
385 175
386 176
387 177
388 178
389 179
390 180
391 181
392 182
393 183
394 184
395 185
396 186
397 187
398 188
399 189
400 190
401 191
402 192
403 192
295 245
296 246
297 247
298 248
299 249
300 250
301 251
302 252
303 253
304 253
325 272
324 273
323 274
322 275
321 276
320 277
319 277
318 277
317 277
316 277
315 278
314 279
313 280
312 281
311 282
310 283
309 284
308 285
307 286
307 287
306 288
305 289
304 290
303 290
302 290
301 290
300 290
299 290
298 290
297 290
296 290
295 290
294 290
293 291
292 292
291 293
290 294
290 295
290 296
290 297
290 298
290 299
289 300
288 301
287 302
286 303
285 304
284 304
284 303
284 302
283 301
282 300
281 299
280 298
279 298
278 298
277 298
276 297
275 296
274 295
273 294
272 293
272 292
272 291
272 290
272 289
271 288
270 287
269 286
268 285
268 284
268 283
268 282
268 281
268 280
268 279
268 278
267 277
266 276
271 294
270 295
269 296
268 297
267 298
266 299
265 300
264 301
263 302
262 302
261 302
260 302
259 302
258 302
257 301
256 300
255 299
254 298
253 297
252 296
251 295
250 294
249 293
248 293
247 293
246 293
245 292
244 291
243 290
242 289
241 288
240 287
239 287
238 287
237 286
236 285
235 284
234 283
233 282
232 281
231 280
230 279
229 278
228 277
227 276
240 286
240 285
240 284
240 283
240 282
240 281
241 280
242 279
243 278
244 277
245 278
246 279
247 280
248 281
249 282
250 282
251 282
252 282
248 294
247 295
246 296
245 297
244 298
243 299
242 300
241 301
241 302
241 303
241 304
241 305
241 306
241 307
240 308
239 309
238 310
237 311
236 312
235 312
234 312
233 312
232 312
231 312
230 312
229 312
228 312
227 312
226 312
225 312
224 311
223 310
222 309
221 309
220 309
219 310
218 311
217 312
216 313
215 314
214 315
213 316
212 317
211 317
211 316
211 315
211 314
211 313
211 312
211 311
211 310
210 309
209 308
208 307
207 306
206 305
205 306
204 307
203 307
202 307
201 307
200 307
199 307
198 307
197 307
196 307
195 307
194 307
193 307
192 307
191 307
190 306
189 305
188 304
187 303
186 302
185 302
184 302
183 302
182 302
181 302
180 302
179 302
178 302
177 301
176 300
175 300
174 300
173 299
172 298
171 297
170 296
169 296
168 296
167 295
166 294
165 293
164 292
163 291
162 290
161 289
160 288
159 287
159 286
159 285
159 284
159 283
159 282
159 281
159 280
159 279
159 278
159 277
158 276
157 277
156 278
155 279
154 280
153 281
152 281
151 281
150 281
149 281
148 281
147 281
146 282
145 283
144 284
143 285
142 285
142 286
142 287
142 288
142 289
141 290
140 291
139 292
138 293
137 294
136 295
135 295
134 295
133 295
132 295
131 295
130 295
129 295
128 295
127 295
126 294
125 293
124 292
143 290
144 291
145 292
146 293
147 294
147 295
147 296
147 297
147 298
147 299
147 300
147 301
147 302
146 303
146 304
146 305
146 306
146 307
146 308
146 309
146 310
148 303
149 304
150 305
151 306
152 307
153 308
154 309
155 310
156 310
157 310
158 311
159 312
159 313
159 314
159 315
159 316
159 317
159 318
158 319
157 320
156 321
155 322
154 323
153 324
152 325
151 326
150 327
150 328
150 329
149 330
148 331
148 332
148 333
148 334
148 335
148 336
148 337
148 338
148 339
148 340
148 341
148 342
147 343
146 344
145 345
144 346
144 347
144 348
144 349
144 350
144 351
144 352
144 353
143 354
142 355
141 356
140 357
139 358
138 359
137 360
136 361
135 362
134 363
133 363
141 284
140 283
139 282
138 281
137 280
137 279
137 278
138 278
139 277
140 276
141 275
142 274
143 273
144 272
145 271
146 270
136 277
135 276
134 275
133 274
132 273
131 272
130 271
129 270
128 269
127 268
127 267
127 266
127 265
127 264
128 263
129 262
130 261
131 260
132 259
133 258
134 257
135 257
136 257
137 257
138 257
139 257
140 257
141 257
142 257
143 256
144 255
145 254
146 254
147 254
148 254
149 253
150 252
151 251
152 250
153 249
154 248
155 247
156 246
157 245
158 244
159 243
160 244
161 245
162 246
163 247
164 248
165 249
166 250
167 251
168 252
169 253
170 254
171 255
172 256
173 257
174 258
175 259
176 260
177 261
178 261
179 261
180 262
181 263
182 264
183 265
184 266
185 267
186 267
187 267
188 267
189 267
189 266
189 265
189 264
189 263
189 262
189 261
189 260
190 259
190 258
190 257
190 256
190 255
190 254
190 253
191 252
192 251
193 250
194 249
195 248
196 247
190 268
191 269
192 270
193 271
194 272
195 273
196 274
197 275
198 276
198 277
198 278
199 278
198 279
198 280
199 281
200 282
201 283
202 284
203 285
204 286
205 286
206 286
207 286
208 286
200 277
201 276
202 275
203 274
204 273
205 272
145 253
145 252
145 251
145 250
145 249
145 248
145 247
144 246
143 245
142 244
126 269
125 269
124 269
123 269
122 269
121 269
120 269
119 269
118 269
117 269
116 269
115 269
115 268
115 267
115 266
115 265
115 264
114 263
113 262
112 261
111 260
110 259
109 258
108 257
107 256
106 255
106 254
106 253
106 252
106 251
106 250
106 249
106 248
106 247
106 246
106 245
107 244
108 243
109 242
110 242
111 242
112 242
113 242
114 242
115 242
116 242
117 242
118 242
119 241
119 240
118 239
117 238
116 237
115 236
114 235
113 234
112 233
111 232
110 231
109 230
109 229
108 229
107 230
106 231
105 232
104 233
103 233
102 233
101 233
100 233
99 233
98 233
97 233
96 233
95 233
95 232
94 231
93 230
92 229
91 228
90 227
89 226
88 225
87 224
94 234
93 235
92 236
91 237
90 237
89 237
88 237
87 237
86 237
85 237
84 236
83 235
82 234
81 233
80 232
79 231
78 230
77 229
76 228
75 227
74 226
73 225
73 224
73 223
72 222
71 221
70 221
69 221
68 221
67 221
66 221
65 221
64 220
63 221
62 222
61 223
60 224
59 225
58 226
57 227
56 227
55 227
54 227
53 227
52 227
51 227
50 227
49 227
48 227
47 226
46 225
45 224
44 223
43 222
42 221
41 220
40 219
39 218
38 217
37 216
36 215
35 214
34 213
33 212
32 213
31 214
30 215
29 216
29 217
29 218
28 218
27 218
26 218
25 217
24 216
23 215
22 214
21 213
21 212
21 211
21 210
21 209
21 208
21 207
20 206
19 205
18 204
17 203
17 202
17 201
17 200
17 199
17 198
17 197
17 196
17 195
16 194
15 193
15 192
14 192
16 191
17 190
18 189
19 188
20 187
21 186
22 185
23 184
24 183
24 182
23 182
22 182
21 182
20 182
19 182
18 181
17 180
16 179
25 182
26 182
27 182
28 182
29 182
30 182
31 181
32 180
33 179
34 178
34 177
34 176
34 175
34 174
34 173
34 172
34 171
34 170
34 169
34 168
34 167
34 166
35 165
36 164
37 163
38 162
38 161
38 160
38 159
38 158
38 157
38 156
39 155
39 154
38 154
37 154
36 154
35 154
34 154
33 153
32 152
31 153
30 154
29 155
28 156
28 157
40 154
41 155
42 155
43 155
44 155
45 155
46 155
47 155
48 155
49 155
50 155
49 156
50 157
51 158
52 159
53 160
54 160
55 160
56 160
57 160
58 160
51 154
52 153
53 152
54 151
55 150
56 149
57 148
57 147
56 147
55 147
54 147
53 146
52 145
51 144
50 143
49 142
48 141
47 140
58 147
59 147
60 147
61 146
62 145
63 144
64 143
64 142
64 141
64 140
64 139
64 138
64 137
64 136
65 135
66 134
67 135
68 136
69 137
70 138
71 139
72 140
73 141
74 141
75 142
76 143
77 144
78 145
79 145
80 145
81 145
82 145
83 145
84 145
85 145
86 145
86 144
86 143
86 142
86 141
86 140
86 139
86 138
86 137
86 136
86 135
87 134
88 133
89 132
90 131
91 130
92 129
93 128
94 129
95 130
96 131
97 132
98 133
99 134
100 135
101 136
102 137
103 138
104 139
105 139
106 139
107 139
108 139
109 139
110 139
111 139
112 139
112 138
112 137
112 136
112 135
112 134
112 133
112 132
112 131
112 130
112 129
112 128
112 127
113 126
114 126
115 126
116 126
117 126
118 126
119 125
120 124
121 123
122 122
123 121
113 140
114 141
115 142
116 143
117 143
118 143
119 143
120 143
121 143
122 143
123 143
124 143
125 143
126 143
127 143
128 143
129 143
130 143
131 143
132 142
133 141
134 140
135 139
136 138
137 137
138 136
139 135
140 134
122 144
121 145
120 146
119 147
118 148
117 149
116 150
115 151
114 152
114 153
115 154
116 155
117 156
118 157
119 157
120 157
121 157
122 157
123 157
124 158
124 159
124 160
124 161
124 162
124 163
124 164
124 165
124 166
125 166
126 166
125 167
126 168
127 169
128 170
128 171
128 172
128 173
128 174
128 175
128 176
128 177
128 178
128 179
128 180
127 165
128 164
129 163
130 162
131 161
132 160
133 159
134 158
135 157
136 156
85 146
84 147
83 148
82 149
81 150
80 151
79 152
78 153
77 154
76 155
76 156
76 157
75 157
74 157
73 157
72 157
77 158
78 159
79 160
80 161
81 162
82 163
83 164
84 165
85 166
86 167
86 168
86 169
86 170
86 171
87 171
88 171
89 171
90 171
91 171
92 171
93 171
94 171
85 172
84 173
83 174
82 175
81 176
80 176
79 176
78 176
77 176
76 176
75 176
74 176
73 176
72 176
71 177
71 178
71 179
71 180
71 181
71 182
71 183
71 184
71 185
71 186
71 187
71 188
71 189
71 190
71 191
71 192
71 193
71 194
71 195
35 179
36 180
37 181
38 182
39 183
40 184
41 185
42 186
43 187
44 188
45 189
46 190
47 191
48 192
49 193
50 194
51 194
51 193
51 192
51 191
51 190
51 189
52 188
51 195
54 228
55 229
56 230
57 231
58 232
59 233
60 234
61 235
62 236
63 237
64 237
63 238
62 239
62 240
62 241
62 242
62 243
62 244
62 245
62 246
62 247
62 248
63 249
64 250
65 251
66 252
67 253
68 253
69 253
70 253
71 220
71 219
71 218
71 217
71 216
72 215
110 229
111 228
112 227
113 226
114 225
115 224
116 223
117 222
118 221
119 221
120 221
121 221
122 221
123 221
124 221
125 221
126 221
127 220
127 219
127 218
127 217
127 216
127 215
127 214
126 213
125 212
124 211
123 210
123 209
122 209
121 209
120 209
119 209
118 209
117 209
116 209
115 209
114 209
113 209
112 209
111 209
110 208
109 207
108 206
107 205
106 204
105 203
104 202
103 201
102 200
101 199
100 198
99 197
98 196
97 195
98 194
99 193
100 192
101 191
124 209
125 209
126 209
127 208
128 207
129 206
130 205
131 204
132 203
133 202
134 201
135 202
136 203
137 204
138 205
139 206
140 207
141 207
142 207
143 207
144 207
145 207
146 207
147 207
148 207
149 207
150 207
151 207
152 207
153 207
154 207
155 206
156 205
157 204
158 203
159 202
147 208
148 209
149 210
150 211
151 212
152 213
153 214
154 215
155 216
155 217
154 218
154 219
154 220
154 221
154 222
154 223
154 224
154 225
154 226
154 227
156 218
157 219
158 220
159 221
160 222
161 223
162 223
163 223
164 223
165 223
166 223
167 222
168 221
169 220
170 219
171 218
172 217
173 216
174 215
175 214
176 213
177 212
177 211
177 210
177 209
177 208
177 207
178 206
179 205
179 204
178 204
177 204
176 204
175 204
174 204
173 204
172 203
172 202
172 201
172 200
172 199
172 198
172 197
173 196
174 195
175 194
176 193
177 192
178 191
179 190
180 189
180 188
180 187
180 186
180 185
180 184
180 183
180 182
180 181
180 180
180 179
179 178
179 177
179 176
179 175
179 174
179 173
179 172
179 171
178 170
177 169
176 168
175 168
174 168
173 168
172 168
171 168
170 168
169 167
168 166
167 165
166 164
165 163
164 162
164 161
164 160
164 159
164 158
164 157
164 156
164 155
164 154
164 153
163 152
163 151
163 150
163 149
163 148
163 147
163 146
163 145
163 144
163 143
164 142
165 141
166 140
175 169
174 170
173 171
172 172
171 173
170 174
169 175
168 176
167 177
167 178
167 179
166 179
165 179
164 179
163 179
162 179
161 178
160 177
159 176
166 180
165 181
164 182
163 183
162 184
161 185
160 186
160 187
180 204
178 213
179 214
179 215
179 216
179 217
179 218
179 219
179 220
179 221
179 222
179 223
105 256
104 257
103 258
102 259
101 260
100 261
99 262
98 263
97 264
96 265
95 266
94 266
94 265
93 264
92 263
91 262
94 267
94 268
94 269
94 270
93 271
92 272
92 273
92 274
92 275
92 276
92 277
92 278
92 279
92 280
92 281
92 282
92 283
92 284
91 285
90 286
89 287
88 288
88 289
88 290
88 291
88 292
88 293
87 293
86 293
85 293
84 293
83 292
82 291
81 290
80 289
79 288
78 287
77 287
76 287
75 287
74 287
73 287
72 287
71 287
70 287
69 288
68 289
67 290
66 291
65 292
64 293
63 294
62 294
62 293
61 292
60 291
59 290
58 289
57 288
56 287
55 286
62 295
62 296
62 297
61 298
60 299
59 300
58 301
57 302
56 303
56 304
56 305
56 306
56 307
56 308
56 309
56 310
56 311
56 312
56 313
56 314
56 315
56 316
56 317
56 318
56 319
56 320
56 321
56 322
56 323
55 324
54 325
53 326
53 327
53 328
53 329
53 330
53 331
52 331
51 331
50 331
49 331
48 331
47 331
46 331
45 331
44 331
43 331
42 331
41 331
40 331
39 331
38 330
37 330
36 330
35 330
34 330
33 330
32 330
31 330
30 330
29 329
28 328
27 327
26 326
37 331
36 332
36 333
36 334
36 335
36 336
36 337
36 338
36 339
35 339
34 339
33 339
32 339
31 339
30 339
29 339
28 339
27 339
26 339
25 339
24 339
63 298
64 299
65 300
66 301
67 302
68 302
69 302
70 303
71 304
72 305
73 305
74 305
75 305
75 306
75 307
75 308
75 309
75 310
75 311
75 312
75 313
75 314
76 314
75 315
75 316
75 317
75 318
75 319
75 320
75 321
77 315
78 316
79 316
80 316
81 316
82 316
83 316
84 316
85 317
86 318
87 319
88 320
89 321
90 322
91 323
92 323
92 322
92 321
92 320
92 319
92 318
93 317
94 316
95 315
96 315
97 315
98 315
99 315
100 315
101 315
102 315
103 315
104 315
105 315
106 315
107 314
108 313
109 312
110 311
111 312
112 313
113 313
114 313
115 313
116 313
117 313
118 313
119 313
120 313
121 313
122 313
123 313
124 313
125 313
92 324
93 325
94 326
95 327
96 328
97 329
97 330
97 331
97 332
97 333
97 334
97 335
97 336
96 337
95 338
94 339
93 340
92 341
91 342
90 343
89 344
88 345
88 346
88 347
98 337
99 338
100 339
101 340
102 341
103 342
104 343
104 344
104 345
105 345
104 346
104 347
104 348
103 349
102 350
102 351
102 352
102 353
102 354
102 355
102 356
102 357
102 358
101 359
100 360
99 361
98 362
97 363
97 364
97 365
97 366
96 367
95 368
94 369
93 370
92 371
91 372
90 373
89 373
88 372
87 371
86 370
85 369
84 369
83 368
82 367
81 366
80 365
79 364
78 363
77 363
76 363
75 362
74 361
73 360
72 359
71 358
70 357
69 356
68 355
67 354
66 353
65 352
64 352
63 352
62 352
61 351
60 350
59 349
58 348
57 347
56 346
55 345
65 351
65 350
65 349
65 348
65 347
65 346
66 345
67 344
68 343
69 342
70 341
71 340
72 339
73 338
90 374
90 375
90 376
90 377
89 378
88 378
87 378
86 378
85 378
84 378
83 378
82 378
81 378
80 378
79 378
78 378
77 377
76 376
75 375
74 376
73 377
72 378
71 379
70 380
69 381
68 382
67 383
66 384
65 384
64 384
63 384
62 384
61 384
60 384
60 383
59 382
58 381
57 380
56 379
55 378
54 377
53 376
52 375
51 374
50 373
49 372
48 371
47 372
46 373
45 373
44 373
43 373
42 372
41 371
40 370
39 369
38 368
37 367
36 366
36 365
36 364
36 363
36 362
36 361
36 360
35 359
34 358
33 357
35 367
34 368
33 369
32 370
31 371
30 372
29 373
29 374
29 375
29 376
29 377
28 377
27 377
26 377
25 377
24 377
23 376
22 375
21 375
20 374
19 373
19 372
19 371
19 370
19 369
19 368
19 367
20 366
21 365
21 364
22 364
20 363
19 362
18 361
17 360
91 378
91 379
91 380
91 381
91 382
91 383
91 384
91 385
91 386
91 387
90 388
89 389
88 390
87 391
86 392
85 393
84 394
83 394
82 394
81 395
81 396
81 397
81 398
81 399
81 400
81 401
81 402
81 403
81 404
81 405
81 406
81 407
81 408
81 409
81 410
81 411
80 411
79 411
78 411
77 411
76 411
75 411
74 411
73 411
72 411
72 410
72 409
72 408
72 407
72 406
72 405
72 404
72 403
71 402
70 401
69 400
82 412
83 413
84 414
85 415
86 416
87 417
88 418
89 419
90 420
91 421
92 422
93 423
94 424
95 425
96 426
97 427
98 428
99 429
100 430
101 431
102 432
102 433
102 434
103 435
103 436
103 437
103 438
103 439
103 440
103 441
103 442
92 388
93 389
93 390
93 391
93 392
93 393
93 394
93 395
93 396
93 397
94 398
95 399
96 400
97 401
98 402
99 403
100 404
101 405
102 405
102 404
103 403
104 402
105 401
106 400
107 401
108 401
109 401
110 401
111 401
112 401
113 401
114 401
115 401
116 401
117 401
118 401
119 401
120 401
121 400
122 399
123 398
124 397
125 396
126 395
127 395
128 395
129 394
130 393
131 392
132 391
133 390
134 389
135 388
136 387
137 386
138 385
139 384
140 383
140 382
139 382
138 382
137 382
136 382
135 382
134 382
133 382
132 381
131 380
141 382
141 381
142 380
143 379
144 378
145 377
146 376
147 375
148 374
149 374
150 374
149 375
150 376
151 377
151 378
151 379
151 380
151 381
151 382
151 383
151 373
152 372
153 371
154 370
155 369
156 368
157 367
158 366
159 365
160 364
161 363
162 362
142 383
142 384
142 385
142 386
142 387
142 388
142 389
142 390
142 391
143 392
143 393
143 394
143 395
143 396
144 396
145 396
146 396
147 396
148 396
149 396
150 396
151 396
152 396
153 396
154 395
143 397
143 398
143 399
143 400
143 401
102 406
98 367
99 368
100 369
101 370
102 371
103 372
104 373
105 373
106 373
107 373
107 374
107 375
107 376
107 377
107 378
107 379
107 380
107 381
107 382
107 383
108 372
109 371
110 370
111 369
112 368
113 367
114 366
115 365
116 364
117 363
106 344
107 343
108 342
109 341
110 340
111 339
112 338
113 338
113 339
114 340
115 341
116 342
116 343
116 344
116 345
116 346
116 347
114 337
115 336
116 335
117 334
117 333
118 333
119 333
120 333
119 334
120 335
121 336
122 337
123 338
124 339
125 340
126 341
127 342
127 343
127 344
121 332
122 331
123 331
124 331
125 331
126 331
127 331
128 330
129 329
116 332
115 331
114 330
78 286
78 285
78 284
78 283
78 282
78 281
78 280
78 279
78 278
77 277
76 276
75 275
74 274
73 273
89 294
90 295
90 296
90 297
90 298
90 299
90 300
90 301
90 302
90 303
90 304
93 285
94 286
95 286
96 286
97 286
98 286
99 286
100 286
101 286
102 286
103 286
104 286
105 286
106 286
107 286
170 295
170 294
170 293
171 292
172 291
173 290
174 289
175 288
197 308
196 309
195 310
194 311
193 312
192 313
191 314
190 315
190 316
190 317
190 318
190 319
189 319
188 319
187 319
186 319
185 319
184 319
183 319
182 318
181 317
180 316
179 315
178 314
221 308
221 310
221 311
221 312
221 313
221 314
221 315
221 316
221 317
264 303
265 304
266 305
267 306
268 307
269 308
270 308
271 308
270 309
269 310
268 311
267 312
266 313
265 314
264 314
263 314
262 314
261 314
260 314
259 315
258 316
257 317
256 318
255 319
254 320
253 321
252 322
251 323
250 324
249 325
248 325
247 326
246 327
245 328
244 329
243 330
242 331
241 332
240 333
239 333
238 333
237 333
236 333
235 333
234 333
235 334
236 335
237 336
238 337
239 338
240 339
241 340
242 341
243 342
244 343
245 344
246 345
247 346
246 347
245 348
244 349
243 350
242 351
241 352
240 353
239 354
238 355
237 356
236 357
235 358
234 359
233 360
232 360
232 359
232 358
232 357
232 356
232 355
232 354
231 353
230 352
229 351
228 350
227 351
226 352
225 353
224 354
223 355
222 356
222 357
222 358
221 359
220 360
219 361
218 362
218 363
218 364
218 365
218 366
218 367
218 368
218 369
217 369
216 369
215 369
214 369
213 369
212 368
211 367
210 366
209 367
208 368
207 369
206 370
205 371
204 372
203 373
202 374
201 375
200 376
200 377
200 378
200 379
199 380
198 381
197 382
196 382
195 382
194 382
193 382
192 382
191 382
190 382
189 382
189 383
189 384
189 385
189 386
189 387
189 388
189 389
189 390
189 391
189 392
189 393
189 394
189 395
189 396
188 397
187 397
186 397
185 397
184 397
183 397
182 397
181 397
180 397
179 397
178 397
177 396
176 395
175 394
174 393
173 392
172 391
171 390
171 389
171 388
171 387
171 386
171 385
171 384
171 383
171 382
171 381
171 380
171 379
170 378
170 377
170 376
170 375
170 374
171 373
172 372
173 371
174 370
175 369
176 368
177 367
178 367
179 367
180 367
181 366
182 365
183 364
184 363
185 362
186 361
187 360
188 359
189 358
189 357
188 357
187 357
186 357
185 357
184 357
183 357
182 357
181 357
180 356
179 355
178 354
178 353
178 352
177 351
176 350
175 349
174 348
173 347
172 346
171 345
170 345
169 345
168 345
167 345
166 345
165 345
164 345
163 345
171 344
172 343
173 342
174 341
175 340
176 339
177 338
178 337
179 336
180 335
180 334
179 334
178 333
177 332
176 331
175 330
174 329
181 334
182 335
183 336
184 337
185 337
186 337
187 337
188 337
189 337
190 357
190 397
191 398
192 399
193 399
194 399
195 399
196 399
197 399
198 399
199 400
200 401
200 402
200 403
200 404
200 405
200 406
200 407
200 408
200 409
200 410
200 411
200 412
200 413
200 414
199 414
198 414
197 414
196 414
195 414
194 414
193 414
192 414
191 414
190 414
189 414
188 414
187 414
186 415
185 416
184 417
183 418
182 419
181 420
180 421
179 422
178 423
177 424
176 425
175 426
174 427
173 427
172 427
171 427
170 427
169 427
168 427
167 427
166 428
165 429
164 430
163 431
162 432
161 433
160 434
159 435
158 436
157 437
156 438
155 438
154 438
153 438
152 438
151 438
150 438
149 438
148 438
147 438
147 437
147 436
146 435
145 434
144 433
143 432
142 431
141 430
201 415
202 416
203 417
204 418
205 419
206 420
207 421
208 422
209 423
210 424
211 425
212 426
213 427
214 428
215 429
216 429
217 429
218 429
219 429
220 429
221 429
222 428
223 427
224 426
225 425
226 424
227 423
228 422
229 421
218 430
219 431
220 432
221 433
222 434
223 435
224 436
225 437
226 437
227 437
228 437
229 437
216 430
215 431
214 432
213 433
212 434
211 435
210 436
209 436
208 436
207 436
206 436
205 436
204 436
203 436
202 436
201 436
200 436
199 436
198 436
197 437
196 437
195 437
194 437
193 437
192 437
191 437
190 437
189 437
188 437
201 380
202 381
203 382
204 383
205 383
206 383
207 383
208 383
209 383
210 384
211 385
212 386
213 386
214 386
215 386
216 386
217 386
218 386
219 386
220 386
221 386
222 386
223 386
224 387
225 388
226 389
227 390
228 390
229 390
228 391
228 392
228 393
228 394
228 395
228 396
228 397
228 398
228 399
228 400
228 401
229 402
230 402
231 402
232 402
233 402
234 402
235 402
236 402
237 402
238 402
239 402
240 402
241 402
242 402
243 402
244 402
245 401
246 400
247 399
248 398
249 397
250 396
251 395
252 395
253 395
254 395
255 395
256 395
257 395
258 395
259 394
260 393
261 392
261 391
261 390
261 389
261 388
261 387
262 386
263 385
264 384
265 383
266 382
267 381
268 380
268 379
267 379
266 379
265 379
264 379
263 379
262 379
261 379
261 378
261 377
261 376
261 375
261 374
260 373
259 372
258 371
257 370
256 369
255 368
254 367
253 366
252 365
251 364
269 379
270 378
271 377
272 376
273 375
274 374
275 373
276 372
276 371
276 370
276 369
276 368
276 367
276 366
276 365
276 364
275 364
274 364
273 364
272 364
271 364
270 364
269 364
268 363
276 363
276 362
276 361
276 360
276 359
276 358
276 357
276 356
277 355
277 354
277 353
277 352
277 351
277 350
277 349
276 348
275 347
274 346
273 345
272 344
271 343
270 343
269 343
268 343
267 343
266 343
265 343
264 343
263 342
262 341
262 340
262 339
263 338
264 337
265 336
266 335
267 334
268 333
277 373
278 374
279 375
280 376
281 377
282 378
283 379
284 379
283 380
282 381
281 382
281 383
281 384
281 385
281 386
281 387
262 393
263 394
264 395
265 396
266 397
267 398
268 399
269 400
270 401
271 402
272 403
272 404
272 405
272 406
272 407
273 407
274 407
275 407
276 407
277 407
278 407
279 407
280 407
281 406
282 405
283 404
271 408
270 409
269 410
268 411
267 412
266 413
265 414
264 415
263 416
262 416
261 416
260 416
259 416
258 416
257 416
256 416
257 417
258 418
259 419
260 420
261 421
262 422
263 423
264 424
265 425
266 426
267 427
268 428
267 429
266 429
265 429
264 429
263 429
262 429
261 429
260 429
261 430
262 431
263 432
264 433
264 434
264 435
264 436
264 437
264 438
264 439
264 440
264 441
264 442
269 429
270 430
271 431
272 431
273 431
274 431
275 431
276 431
277 431
278 431
279 431
280 431
281 431
282 431
283 430
284 429
285 428
286 427
287 426
288 427
289 428
290 429
291 430
291 431
291 432
291 433
291 434
292 434
293 434
294 434
295 434
296 434
297 434
298 433
299 432
300 433
301 434
302 434
303 434
304 434
305 434
306 434
307 434
308 434
309 434
310 434
311 434
312 434
313 434
314 434
315 434
316 434
317 434
318 434
319 434
320 434
321 434
322 434
323 434
324 434
325 434
326 434
327 434
328 434
329 434
330 434
331 434
332 434
333 434
334 434
335 434
336 434
337 434
338 433
339 432
339 431
339 430
339 429
338 429
337 428
336 427
335 426
334 425
333 424
332 423
331 422
330 421
329 420
328 419
327 418
326 417
325 416
325 415
325 414
325 413
325 412
325 411
325 410
325 409
325 408
324 407
323 406
322 405
321 404
320 403
319 404
318 405
317 406
316 407
315 408
314 409
313 410
312 411
311 412
310 413
310 414
309 412
308 411
307 410
306 409
305 408
304 407
303 406
302 405
301 404
301 403
301 402
301 401
301 400
301 399
301 398
301 397
302 396
303 395
303 394
304 393
305 392
306 391
307 390
308 389
309 388
310 387
311 386
312 385
313 384
314 383
315 382
316 381
316 380
316 379
316 378
316 377
316 376
316 375
315 374
314 373
313 372
312 371
311 370
310 369
309 368
308 367
307 366
317 382
318 383
319 384
320 385
321 386
322 387
323 388
324 388
325 388
326 388
327 388
328 388
329 388
330 388
330 387
331 386
332 385
333 384
334 383
335 382
336 381
337 380
338 379
339 378
340 377
341 376
342 375
343 374
344 373
345 372
346 371
347 370
348 369
349 368
350 368
351 368
352 368
353 368
354 368
355 368
356 368
357 368
358 368
359 368
360 367
361 368
362 369
363 370
364 371
365 372
366 373
367 374
368 375
369 375
370 375
371 375
331 389
332 390
333 391
334 392
335 393
336 393
337 393
338 393
339 393
340 393
341 393
342 393
343 393
344 393
345 393
346 393
340 428
341 427
342 426
343 425
344 424
345 423
346 422
347 421
348 420
349 419
349 418
349 417
350 416
351 415
352 414
353 413
354 412
355 411
356 412
357 413
358 414
359 415
360 416
361 417
362 418
363 419
363 420
363 421
364 422
365 423
366 424
367 425
368 426
369 427
370 428
370 429
370 430
370 431
370 432
370 433
370 434
370 435
371 435
372 434
373 433
374 432
375 431
376 430
377 429
378 428
379 427
380 426
381 427
382 428
383 429
384 430
385 431
386 432
387 433
388 434
389 435
390 435
391 435
392 435
393 435
394 435
395 435
396 435
397 434
398 433
399 432
400 431
401 430
401 429
400 429
399 428
398 427
397 426
396 425
395 424
394 423
393 422
402 429
402 428
402 427
402 426
402 425
402 424
402 423
403 422
404 421
405 420
405 419
405 418
405 417
405 416
405 415
404 414
403 413
402 412
401 411
400 410
399 409
398 409
397 409
396 409
395 409
394 409
393 409
392 409
391 409
390 409
389 409
388 409
387 408
386 407
385 406
384 405
383 405
382 405
381 405
380 405
379 405
378 405
377 405
376 405
375 405
374 405
373 404
399 408
399 407
400 406
401 405
402 404
403 403
404 402
405 401
406 400
407 399
408 398
408 397
408 396
408 395
408 394
408 393
407 392
406 391
405 390
404 389
403 388
403 387
403 386
403 385
404 384
405 383
406 382
407 381
403 430
404 431
405 431
406 431
407 431
408 431
409 431
410 431
411 431
412 431
413 431
412 432
411 433
410 434
409 435
408 436
408 437
408 438
408 439
408 440
408 441
408 442
408 443
408 444
408 445
407 446
406 447
405 448
404 449
403 450
402 451
401 452
400 453
399 454
398 455
397 456
396 457
395 457
394 457
393 457
392 457
391 458
390 459
389 460
388 461
387 462
386 463
385 464
384 465
383 466
382 467
381 468
380 469
379 470
378 471
377 472
376 473
375 474
375 475
374 476
373 477
372 478
371 479
370 480
369 481
368 482
367 482
367 481
367 480
366 479
365 478
364 477
363 476
362 475
361 474
360 473
359 472
358 471
357 470
356 469
367 483
367 484
366 485
365 486
364 486
363 486
362 486
361 486
360 486
359 486
358 486
357 486
356 486
355 486
354 485
353 484
352 483
351 482
350 481
349 480
348 479
347 478
346 477
345 476
344 475
343 474
342 473
341 472
340 471
339 470
354 487
353 488
352 489
351 490
350 491
349 491
348 491
347 491
346 491
345 491
344 491
343 492
342 493
341 494
340 495
339 496
338 497
337 498
337 499
337 500
337 501
337 502
336 502
335 502
334 502
333 501
332 500
331 499
330 498
329 497
328 496
328 495
328 494
328 493
328 492
328 491
328 490
329 489
330 488
331 487
332 486
338 503
339 504
340 505
340 506
340 507
340 508
340 509
340 510
339 511
338 512
337 513
336 514
335 515
335 516
335 517
334 517
333 516
332 515
331 514
330 513
329 512
341 511
342 512
343 513
344 514
345 515
346 516
347 517
348 518
349 519
350 520
351 521
352 521
353 521
354 521
355 521
345 492
346 493
347 494
348 495
349 496
350 497
351 498
352 498
353 498
354 498
368 485
369 486
370 487
371 488
372 489
373 490
374 491
374 492
374 493
374 494
374 495
374 496
374 497
374 498
374 499
374 500
374 501
374 502
375 503
376 504
377 505
377 506
377 507
377 508
377 509
377 510
377 511
377 512
377 513
393 458
394 459
395 460
396 461
397 462
398 463
399 464
400 464
401 464
402 464
403 464
404 464
405 464
404 465
403 466
402 467
401 468
400 469
399 470
398 471
397 472
396 472
395 472
394 472
393 472
406 465
407 466
408 467
409 468
410 469
411 470
412 471
413 472
413 473
413 474
412 475
411 475
410 475
409 475
408 475
407 475
406 475
405 475
404 476
403 477
402 478
401 479
400 480
399 481
398 482
397 483
396 484
395 484
394 484
393 484
406 476
407 477
408 478
409 479
410 480
411 481
411 482
411 483
411 484
410 485
409 486
408 487
407 488
407 489
407 490
407 491
407 492
407 493
408 494
409 495
410 496
411 497
412 498
413 499
413 500
413 501
413 502
413 503
413 504
412 485
413 486
414 487
415 488
416 489
417 490
418 491
419 491
420 491
421 491
316 435
317 436
318 437
319 438
319 439
319 440
319 441
319 442
319 443
319 444
319 445
319 446
319 447
319 448
319 449
318 450
317 451
316 452
315 453
314 453
313 453
312 453
311 453
310 453
309 453
308 453
307 453
306 453
305 453
304 453
303 453
302 453
301 453
302 454
303 455
304 456
305 457
306 458
307 459
308 460
309 461
310 462
310 463
310 464
310 465
310 466
310 467
310 468
310 469
311 469
312 469
313 469
314 469
315 469
316 469
317 468
318 467
309 470
308 471
307 472
306 473
305 474
304 475
304 476
304 477
304 478
304 479
304 480
304 481
303 481
302 481
301 481
300 481
299 480
298 479
297 478
296 477
295 476
294 475
293 474
292 473
291 472
303 482
302 483
301 484
300 485
299 486
298 487
297 488
296 489
295 490
294 491
293 492
292 493
291 493
290 493
291 494
292 495
293 496
294 497
295 498
296 498
297 498
298 498
299 498
300 498
301 498
279 430
279 429
279 428
279 427
279 426
279 425
279 424
279 423
272 309
273 310
274 311
275 312
276 313
277 314
278 315
279 316
280 317
281 318
282 319
283 320
283 321
283 322
283 323
284 305
284 306
284 307
295 291
296 292
297 293
298 294
299 295
300 296
301 297
302 298
303 299
304 300
305 301
306 302
307 303
308 304
309 305
310 306
311 307
312 308
313 309
312 310
311 311
310 312
309 313
308 314
307 315
306 316
305 317
304 318
303 319
302 320
301 321
300 322
300 323
314 310
315 311
316 312
317 313
318 314
319 315
320 316
321 317
322 318
323 319
324 319
325 319
324 320
323 321
323 322
323 323
323 324
323 325
323 326
323 327
323 328
322 329
321 330
320 331
319 332
318 333
318 334
318 335
318 336
318 337
318 338
324 329
325 330
326 331
327 332
328 333
329 334
330 335
331 336
332 336
333 336
332 337
331 338
330 339
329 340
328 341
328 342
328 343
328 344
328 345
327 346
326 347
325 348
324 349
323 349
322 349
321 349
320 349
319 349
318 349
317 349
316 349
315 349
314 348
313 347
312 346
311 345
310 344
309 343
308 342
307 341
306 340
305 339
304 338
303 339
302 340
301 341
300 342
299 343
298 344
297 345
296 346
295 346
295 347
294 345
293 344
292 343
291 342
290 341
289 340
288 339
334 271
335 272
336 273
337 274
338 275
339 276
340 276
341 276
342 276
855
334 264
333 251
324 244
322 234
333 236
344 223
344 214
354 225
364 212
365 239
377 247
375 259
384 259
389 271
401 283
415 281
409 266
409 296
392 289
373 268
357 274
361 282
373 297
372 308
361 308
354 300
350 309
336 303
338 294
340 321
354 326
371 345
378 323
390 331
400 327
410 331
415 324
407 313
424 328
426 318
424 307
432 308
439 294
439 283
449 275
448 265
437 253
439 244
447 244
458 246
468 249
483 230
491 240
471 260
462 267
433 236
427 225
423 217
412 218
402 232
393 233
400 241
439 224
449 230
462 220
464 210
455 197
463 186
472 189
486 207
451 189
436 181
435 171
430 161
435 152
448 155
458 153
467 149
457 135
476 157
480 148
483 139
492 157
506 169
517 162
525 157
535 165
548 164
557 154
582 147
586 139
595 135
593 124
581 118
601 113
591 104
603 126
607 171
546 143
523 175
535 179
544 179
545 191
553 200
561 194
573 189
581 178
571 202
579 201
590 199
588 217
596 217
606 210
623 208
635 193
636 166
650 153
626 220
631 241
573 224
583 235
596 233
605 237
571 238
570 249
578 252
582 264
594 277
595 288
599 301
587 311
578 305
575 295
575 281
564 272
586 301
578 317
586 321
609 308
601 322
591 339
582 353
621 323
644 304
628 331
625 343
608 353
606 358
630 355
633 363
645 377
641 384
627 382
619 382
630 400
643 407
625 420
650 385
644 343
607 276
608 268
605 260
632 279
640 270
545 205
521 193
523 207
509 219
505 207
522 232
514 235
530 244
542 250
546 238
545 228
535 226
550 253
546 265
534 276
519 270
506 269
492 259
508 281
500 288
490 276
488 293
478 298
474 288
541 289
528 297
524 305
532 315
544 312
545 302
538 326
547 333
542 344
537 353
544 361
553 361
559 357
553 349
535 372
529 368
525 368
553 384
570 392
572 396
588 386
597 384
594 402
604 403
589 419
587 434
597 439
588 378
509 150
508 138
507 131
495 121
506 111
509 100
522 128
529 119
533 103
535 127
491 173
479 174
499 183
460 164
413 164
423 193
439 199
445 210
421 244
433 267
450 284
447 311
456 305
436 336
444 332
446 343
454 341
466 332
480 327
472 318
487 318
494 310
506 314
501 323
467 343
477 349
483 341
485 352
494 351
504 339
516 335
521 345
438 350
445 358
455 356
457 368
466 369
479 365
481 383
475 397
476 408
491 398
503 391
518 391
527 393
521 407
512 414
499 417
522 411
523 414
517 425
527 435
516 440
536 444
555 442
565 437
554 425
558 416
528 423
502 377
421 340
408 344
392 349
414 352
424 357
432 363
425 373
440 382
435 390
450 404
442 406
432 407
430 419
440 421
451 420
453 432
444 444
465 435
478 431
492 433
390 307
378 228
388 212
352 243
356 252
326 271
315 265
303 268
291 269
286 258
283 247
271 251
261 238
294 244
286 236
295 227
303 226
307 238
287 218
298 211
287 200
275 192
263 190
254 183
250 173
239 168
234 154
239 146
248 141
248 131
239 122
244 113
240 102
230 110
254 117
267 116
280 115
285 104
294 94
286 64
298 72
310 65
319 59
331 56
332 64
347 78
360 89
339 49
339 38
333 30
341 30
352 18
355 33
366 30
372 34
370 43
377 51
352 42
351 60
363 58
317 49
306 51
293 50
307 95
295 110
305 114
310 122
300 134
317 112
328 106
327 124
317 136
331 136
337 147
341 124
341 113
262 128
272 138
282 130
284 138
230 127
237 180
238 189
252 165
259 155
268 152
270 163
250 191
238 201
235 214
224 210
216 203
215 192
203 189
199 200
194 212
197 222
211 236
215 245
218 254
228 244
237 253
246 244
239 236
246 262
254 258
216 181
202 166
216 166
203 148
212 137
213 127
212 119
203 111
194 120
183 116
185 108
195 131
182 135
164 118
158 108
150 104
139 100
184 151
218 154
249 204
264 180
272 181
282 174
294 165
285 153
302 153
299 175
289 186
282 167
271 200
263 212
274 212
270 223
304 199
310 189
317 181
327 164
329 191
333 201
322 209
344 178
345 169
358 153
373 157
380 138
375 132
375 124
369 115
361 114
360 123
383 126
394 123
389 109
401 113
402 103
395 95
394 81
418 75
427 68
424 60
422 48
420 39
409 50
410 58
416 110
419 101
425 121
439 116
454 107
439 107
361 172
382 172
391 181
403 192
304 253
316 277
307 287
294 290
290 299
280 298
272 293
268 285
266 276
263 302
249 293
240 287
227 276
244 277
252 282
241 307
233 312
211 317
206 305
198 307
186 302
176 300
170 296
159 287
158 276
147 281
142 289
134 295
124 292
147 302
146 310
157 310
159 318
150 329
148 342
144 353
133 363
137 280
146 270
127 268
134 257
145 254
159 243
170 254
179 261
189 267
190 259
196 247
198 280
208 286
205 272
142 244
115 269
106 255
109 242
119 241
108 229
95 233
87 224
85 237
73 225
71 221
64 220
53 227
33 212
29 218
21 213
17 203
14 192
16 179
25 182
34 178
38 162
32 152
28 157
40 154
48 155
58 160
47 140
58 147
64 143
66 134
74 141
86 145
93 128
112 139
113 126
123 121
123 143
140 134
114 153
123 157
124 166
128 180
136 156
76 157
72 157
86 171
94 171
72 176
71 195
52 188
51 195
64 237
62 248
70 253
72 215
118 221
127 220
122 209
105 203
97 195
101 191
134 201
146 207
159 202
155 217
154 227
165 223
177 212
172 203
180 189
179 178
176 168
164 162
163 152
166 140
167 179
159 176
160 187
180 204
179 223
91 262
94 270
92 284
88 293
78 287
70 287
55 286
62 297
56 307
56 320
56 323
53 331
38 330
26 326
36 339
24 339
69 302
75 305
75 313
75 321
84 316
95 315
110 311
125 313
92 324
97 336
88 347
104 348
102 358
97 366
85 369
78 363
65 352
55 345
73 338
90 377
81 378
75 375
72 378
60 384
48 371
43 373
36 366
33 357
29 377
22 375
19 373
22 364
17 360
91 387
82 394
81 399
81 411
72 411
69 400
102 434
103 442
93 397
106 400
116 401
126 395
131 380
141 382
148 374
151 383
162 362
142 391
143 396
146 396
154 395
143 401
102 406
107 373
107 383
117 363
112 338
116 347
118 333
127 344
122 331
129 329
114 330
73 273
90 304
107 286
175 288
190 319
178 314
221 308
221 317
271 308
260 314
248 325
234 333
247 346
232 360
228 350
222 358
218 369
210 366
200 379
189 382
189 396
180 397
171 390
170 378
177 367
178 354
171 345
163 345
174 329
181 334
189 337
190 357
198 399
200 414
187 414
167 427
147 438
141 430
217 429
229 421
229 437
198 436
188 437
209 383
223 386
229 390
228 401
239 402
251 395
261 392
261 379
251 364
269 379
276 372
276 364
268 363
277 355
271 343
262 341
268 333
284 379
281 387
272 407
283 404
256 416
268 428
260 429
264 442
279 431
287 426
291 434
299 432
315 434
323 434
331 434
339 432
325 416
320 403
310 414
301 404
303 395
316 381
307 366
330 388
349 368
360 367
371 375
346 393
349 419
355 411
363 421
370 435
380 426
391 435
393 422
402 429
405 420
399 409
384 405
373 404
408 398
403 388
407 381
413 431
408 445
392 457
375 475
356 469
367 484
355 486
339 470
344 491
337 502
328 496
332 486
340 510
335 517
329 512
355 521
354 498
374 502
377 513
405 464
393 472
413 474
405 475
393 484
411 484
407 493
413 504
421 491
319 449
301 453
310 469
318 467
304 481
291 472
290 493
301 498
279 423
283 323
284 307
304 300
313 309
300 323
325 319
323 328
318 338
333 336
328 345
318 349
304 338
295 347
288 339
342 276
