9267
333 269
333 268
333 267
333 266
333 265
333 264
334 263
335 262
336 261
337 260
338 259
339 258
340 257
340 256
339 256
338 256
337 256
336 255
335 254
334 253
333 252
332 251
331 251
330 251
329 251
328 251
327 251
326 251
325 251
324 251
332 250
332 249
332 248
332 247
332 246
332 245
332 244
332 243
332 242
332 241
332 240
331 239
332 238
333 237
334 236
335 235
336 234
337 233
338 232
339 231
340 230
341 229
341 228
340 228
339 228
338 228
337 228
336 228
335 228
334 228
333 227
342 228
342 227
342 226
342 225
342 224
342 223
342 222
343 221
344 220
345 219
345 218
345 217
345 216
345 215
345 214
345 213
345 212
345 211
344 210
343 209
342 208
341 207
341 206
341 205
341 204
341 203
341 202
341 201
341 200
342 199
343 198
344 197
345 196
345 195
345 194
345 193
345 192
345 191
345 190
345 189
346 188
347 187
347 186
348 186
348 185
348 184
348 183
348 182
348 181
349 180
350 179
351 178
352 177
353 176
354 175
354 174
354 173
354 172
354 171
353 170
352 169
351 168
350 167
349 166
348 165
347 164
347 163
346 163
348 162
349 161
350 160
351 159
352 158
353 157
354 156
355 155
356 154
357 153
357 152
357 151
357 150
357 149
357 148
357 147
357 146
357 145
356 144
355 143
354 142
353 141
352 141
351 141
350 141
349 140
348 139
347 138
346 137
345 136
344 135
343 135
342 135
341 135
340 134
339 133
338 132
338 131
338 130
338 129
338 128
337 127
336 126
335 125
335 124
334 124
333 124
332 124
331 124
330 124
329 124
328 124
327 124
326 124
325 124
324 124
323 124
322 124
321 124
320 124
319 124
318 123
317 122
316 121
315 120
314 119
313 118
312 117
311 118
310 119
309 120
308 121
307 122
307 123
307 124
307 125
307 126
306 127
305 128
304 128
303 128
302 128
301 128
300 128
299 128
298 128
297 127
296 126
295 125
294 124
293 123
292 122
291 121
290 120
289 119
288 118
288 117
288 116
288 115
288 114
288 113
288 112
288 111
288 110
288 109
287 108
287 107
287 106
287 105
287 104
287 103
287 102
288 101
289 100
290 99
291 98
292 97
293 96
294 95
295 94
295 93
295 92
295 91
295 90
295 89
295 88
294 87
293 86
292 85
291 84
290 83
289 82
288 81
288 80
287 80
289 80
290 80
291 80
292 80
293 80
294 80
295 80
296 80
297 80
298 79
299 79
300 79
301 79
302 79
303 79
304 79
305 79
306 79
307 79
308 79
309 79
310 79
311 79
312 79
313 78
298 78
298 77
298 76
298 75
298 74
298 73
298 72
298 71
298 70
297 69
296 68
295 67
295 66
294 66
294 65
294 64
294 63
294 62
294 61
294 60
293 59
292 58
291 57
290 56
289 55
288 54
287 53
286 52
285 51
284 50
283 49
282 48
296 66
297 66
298 66
299 65
300 64
301 63
302 62
303 61
304 60
305 60
306 60
307 60
308 59
309 58
310 57
311 56
312 55
313 54
314 53
315 52
316 51
316 50
316 49
315 48
314 47
313 46
312 45
311 44
310 43
309 42
317 52
318 53
319 54
320 54
321 54
322 54
323 54
324 54
325 54
326 54
327 54
328 54
329 54
330 54
331 54
332 53
333 52
334 51
335 50
336 49
337 48
338 47
339 46
340 45
340 44
340 43
340 42
340 41
340 40
340 39
339 38
338 37
337 36
336 35
335 34
334 33
333 32
332 31
331 30
330 29
341 46
342 47
343 48
344 49
345 50
346 51
347 51
348 51
349 51
350 51
351 51
352 51
353 51
354 51
355 51
356 51
357 51
357 50
357 49
357 48
357 47
357 46
357 45
358 44
359 43
360 42
361 41
361 40
361 39
361 38
361 37
361 36
361 35
360 34
359 33
358 33
357 32
356 31
355 30
354 29
353 28
352 27
351 26
350 25
356 52
355 53
354 54
353 55
352 56
351 57
350 58
350 59
350 60
350 61
350 62
350 63
350 64
350 65
350 66
351 67
352 68
353 69
354 70
355 71
356 72
357 73
358 74
359 75
359 76
359 77
359 78
359 79
359 80
359 81
358 82
357 82
356 82
355 82
354 82
353 82
352 82
351 82
350 82
349 82
348 82
347 82
346 82
345 82
344 82
287 119
286 120
285 121
284 122
283 122
282 122
281 122
280 122
279 122
278 122
278 121
278 120
278 119
278 118
277 117
276 116
275 115
274 114
273 113
272 112
271 111
270 110
269 109
336 123
337 122
338 121
339 120
340 119
341 118
342 117
343 116
344 115
345 114
346 113
347 112
348 111
349 110
350 109
351 108
352 107
337 133
336 134
335 135
334 136
333 137
332 138
331 139
330 140
329 141
329 142
328 143
327 144
326 145
325 146
324 147
323 148
322 149
322 150
321 150
320 150
319 150
318 150
317 150
316 150
315 149
314 148
313 147
312 146
311 146
310 146
309 146
308 146
307 146
306 146
305 146
304 146
303 146
302 146
301 145
300 146
299 147
298 148
297 149
296 150
295 151
294 152
293 153
292 154
291 155
290 156
289 157
288 158
287 158
321 151
320 152
319 153
318 154
317 155
316 156
315 157
315 158
315 159
315 160
316 161
317 162
318 163
319 163
320 163
321 163
322 163
323 163
324 163
353 140
353 139
353 138
353 137
353 136
353 135
354 134
355 133
356 132
357 131
358 130
359 129
360 128
361 129
362 130
363 130
364 130
365 130
366 130
367 130
368 130
369 130
370 130
371 130
372 130
373 130
374 130
375 130
376 130
377 130
378 130
379 130
380 130
381 130
382 130
383 130
384 129
385 128
386 127
387 128
388 128
389 128
390 128
391 128
392 128
393 128
394 128
395 128
396 128
397 127
398 126
399 125
400 124
401 123
402 122
403 121
404 120
404 119
404 118
404 117
404 116
404 115
404 114
404 113
404 112
404 111
403 110
402 109
401 109
400 109
399 109
398 109
397 109
396 109
395 109
394 109
393 109
392 109
391 109
391 108
391 107
391 106
391 105
391 104
391 103
391 102
391 101
391 100
390 99
390 98
390 97
390 96
390 95
390 94
390 93
391 92
392 91
393 90
394 89
395 89
396 89
397 89
398 89
399 89
400 89
401 89
402 89
403 89
404 89
405 89
406 89
407 89
408 89
409 88
410 87
410 86
410 85
410 84
410 83
410 82
410 81
410 80
410 79
410 78
410 77
410 76
410 75
410 74
410 73
410 72
411 71
412 70
413 69
414 68
415 67
416 66
417 65
418 64
419 63
420 62
421 61
422 60
423 59
424 58
425 57
426 56
427 55
428 54
394 88
394 87
394 86
394 85
394 84
393 83
392 82
391 81
390 80
389 80
388 80
387 79
386 78
385 77
384 76
383 75
382 74
381 73
380 72
380 71
381 70
381 69
382 69
383 69
384 69
385 69
386 69
387 68
388 67
389 66
390 65
391 64
392 63
393 62
394 61
380 68
379 67
378 66
377 65
376 64
375 63
374 62
372 131
373 132
374 133
375 134
376 135
377 136
378 137
379 138
380 139
381 140
382 141
383 142
384 143
385 144
386 145
387 146
387 147
387 148
387 149
358 154
359 155
360 156
361 157
362 158
362 159
362 160
362 161
362 162
362 163
346 185
345 184
344 183
343 182
342 181
341 180
340 179
339 180
338 181
337 182
336 183
335 183
334 183
333 183
332 183
331 183
330 183
329 183
328 183
327 183
326 183
325 183
324 183
323 183
322 183
321 183
320 183
319 183
318 183
317 183
316 183
315 182
314 181
313 180
312 179
311 178
310 177
309 178
308 179
307 180
306 181
305 182
304 183
303 184
302 185
301 186
300 187
299 188
298 188
297 188
296 188
295 188
294 188
293 188
292 188
291 188
290 187
289 186
288 185
287 184
286 183
298 189
297 190
296 191
295 192
294 193
294 194
294 195
294 196
294 197
294 198
294 199
294 200
295 201
296 202
297 203
298 204
299 205
300 206
301 207
301 208
301 209
301 210
301 211
302 211
303 211
304 211
305 211
306 211
307 211
308 211
309 211
310 211
311 212
312 213
313 213
314 213
315 213
316 213
317 213
318 213
319 213
320 213
321 213
322 213
302 212
303 213
304 214
305 215
306 216
307 217
308 218
308 219
308 220
308 221
308 222
308 223
308 224
308 225
308 226
308 227
308 228
308 229
308 230
308 231
308 232
308 233
308 234
308 235
308 236
308 237
307 238
306 239
305 240
305 241
305 242
305 243
305 244
305 245
305 246
305 247
305 248
305 249
305 250
305 251
305 252
305 253
300 189
301 190
302 190
303 190
304 190
305 190
306 190
307 190
308 191
309 192
310 193
311 194
312 195
313 195
314 195
315 195
316 195
317 195
329 184
329 185
329 186
329 187
329 188
329 189
329 190
329 191
346 220
347 221
348 222
349 222
350 222
351 222
352 222
353 222
354 222
355 222
356 222
357 222
358 223
359 224
360 225
361 226
362 226
363 226
364 226
365 226
366 226
367 226
368 226
369 226
370 226
371 226
372 226
373 225
374 224
375 223
376 222
377 221
378 220
379 219
380 218
380 217
380 216
380 215
380 214
381 213
382 212
383 211
384 210
384 209
383 209
382 209
381 209
380 209
379 209
378 209
377 209
376 208
375 207
374 206
373 205
372 206
371 207
370 208
369 208
368 208
367 208
366 208
365 208
364 208
363 208
362 208
361 208
385 209
386 209
387 209
388 209
389 209
390 209
391 208
392 207
393 206
394 205
395 204
395 203
395 202
395 201
394 200
393 199
393 198
392 198
392 197
392 196
392 195
391 194
390 193
389 192
388 191
387 190
387 189
387 188
387 187
386 186
385 185
384 184
383 183
382 182
382 181
381 181
383 181
384 181
385 181
386 180
387 179
388 178
389 177
394 198
395 197
396 196
397 195
398 194
399 193
400 192
401 191
402 190
403 191
404 192
405 193
406 194
407 195
408 196
409 197
410 198
411 199
412 200
413 201
413 202
413 203
413 204
413 205
413 206
413 207
413 208
413 209
414 210
415 211
416 212
417 213
418 214
419 215
420 216
421 217
422 218
423 219
424 219
425 219
426 219
427 219
428 219
429 219
430 219
431 219
432 219
433 219
434 219
435 218
436 217
436 216
436 215
437 214
438 213
439 212
440 211
441 210
442 209
443 208
443 207
443 206
443 205
442 204
441 203
440 202
439 201
439 200
438 200
437 200
436 200
435 200
434 200
433 200
432 199
431 198
430 197
430 196
429 196
428 197
427 198
427 199
427 200
427 201
427 202
427 203
427 204
431 195
432 194
433 193
434 192
435 191
436 190
437 189
436 188
435 187
434 186
433 185
432 184
431 183
430 182
429 181
428 180
428 179
428 178
428 177
428 176
428 175
428 174
428 173
428 172
428 171
427 170
426 169
425 168
440 200
441 200
442 200
443 200
444 199
445 198
446 197
444 209
445 210
446 211
447 212
448 213
449 214
449 215
449 216
449 217
450 218
451 219
452 219
453 219
454 219
455 219
456 219
457 219
458 219
459 219
459 218
459 217
459 216
459 215
459 214
459 213
459 212
459 211
460 210
461 209
462 208
463 207
464 206
465 206
466 205
467 204
468 203
469 202
470 201
471 200
472 199
472 198
471 198
470 198
469 198
468 197
467 196
466 195
465 194
464 193
463 192
462 191
462 190
462 189
463 188
464 187
465 186
466 185
467 184
468 183
467 182
466 181
465 180
464 179
463 178
462 177
461 176
460 175
459 174
458 173
457 172
456 172
455 172
454 171
454 170
453 169
452 168
451 167
450 166
449 165
448 164
447 163
446 162
445 161
444 160
443 159
442 159
441 158
440 157
439 156
438 155
437 154
436 153
435 152
434 151
434 150
434 149
434 148
434 147
433 146
432 145
431 144
430 143
429 142
428 141
427 142
426 143
425 144
424 145
423 146
422 147
421 148
421 149
421 150
421 151
421 152
421 153
420 153
419 153
418 153
417 153
416 153
415 153
414 153
413 153
412 153
411 153
410 152
409 151
408 150
407 149
455 169
456 168
457 167
458 166
459 165
460 166
461 166
462 166
463 166
464 166
465 166
466 166
466 165
466 164
466 163
467 162
468 161
469 160
470 159
471 158
472 157
473 156
474 155
474 154
474 153
474 152
474 151
474 150
474 149
474 148
474 147
474 146
474 145
473 145
472 145
471 145
470 145
469 145
468 145
467 144
466 143
465 142
475 145
453 172
452 172
451 172
450 172
449 172
448 172
447 172
446 172
445 172
473 198
474 198
475 197
476 196
477 195
478 194
479 193
480 192
481 191
481 190
481 189
481 188
481 187
481 186
481 185
481 184
481 183
481 182
481 181
481 180
481 179
481 178
481 177
481 176
481 175
481 174
481 173
481 172
481 171
481 170
481 169
482 168
483 167
484 166
485 165
486 164
487 163
488 162
489 161
490 160
491 159
492 158
493 157
494 156
494 155
494 154
494 153
495 153
494 152
494 151
493 150
492 149
491 148
496 152
497 151
498 150
499 149
500 148
501 147
502 148
503 149
504 149
505 149
506 149
507 149
508 149
509 149
510 149
511 149
512 149
513 149
514 149
515 149
516 149
517 149
518 149
519 149
520 149
521 149
522 149
523 149
524 150
525 151
526 152
527 153
528 153
529 153
530 153
531 153
532 153
533 153
534 153
535 153
536 153
536 152
536 151
536 150
536 149
536 148
536 147
537 146
538 145
539 144
540 143
541 142
542 141
543 140
544 139
544 138
543 138
542 138
541 137
540 136
539 135
538 134
537 133
536 132
535 131
534 130
533 130
532 130
531 130
530 130
529 130
528 130
527 130
526 130
525 130
524 130
523 130
522 130
521 130
520 130
519 129
519 128
518 127
517 126
516 125
515 124
514 123
513 122
512 121
511 120
510 119
509 118
508 117
508 116
509 115
510 114
511 113
512 112
513 111
514 110
515 109
516 108
516 107
516 106
515 105
514 104
513 103
512 102
511 101
510 100
509 101
508 102
507 103
506 104
505 105
504 106
503 106
502 106
501 107
500 108
499 109
498 110
497 111
496 111
495 111
494 111
493 111
492 111
491 111
491 110
491 109
490 108
489 107
488 106
487 105
486 104
485 103
484 102
483 101
492 112
493 113
494 114
495 115
495 116
495 117
495 118
495 119
495 120
494 121
493 122
492 123
491 124
490 125
489 126
488 126
487 126
486 126
485 126
484 126
483 126
482 126
481 125
480 124
479 123
478 122
477 121
476 120
475 119
474 118
473 117
472 118
471 119
470 120
469 121
468 121
467 121
466 121
465 121
464 121
463 121
462 121
461 121
460 121
459 121
458 121
457 120
456 119
455 118
454 117
453 116
453 115
454 115
453 114
453 113
453 112
453 111
453 110
453 109
453 108
452 107
451 106
450 105
449 104
448 103
447 102
455 114
456 113
457 112
458 111
459 110
460 109
461 108
452 117
451 118
450 119
449 120
448 121
447 122
446 123
445 124
444 125
443 125
442 125
441 125
440 125
439 125
438 125
437 124
436 123
435 122
434 121
433 120
432 119
431 118
430 117
429 118
428 119
427 120
426 120
425 120
424 120
423 120
422 120
421 120
420 120
496 121
497 122
498 123
498 124
498 125
498 126
498 127
498 128
518 130
517 130
516 130
515 130
514 130
513 130
512 130
511 130
510 130
545 138
546 138
547 138
548 138
549 138
550 138
551 138
552 137
553 136
554 135
555 134
556 133
557 132
558 131
558 130
558 129
558 128
558 127
558 126
558 125
557 124
556 123
555 122
554 121
554 120
553 120
552 120
551 119
550 118
549 117
548 116
547 115
546 114
545 113
544 112
543 112
542 112
541 112
540 112
539 111
538 110
537 109
536 108
535 107
534 106
533 105
532 104
531 103
555 120
556 120
557 120
558 120
559 120
560 120
561 120
562 120
563 119
564 118
564 117
564 116
564 115
564 114
564 113
564 112
564 111
564 110
564 109
564 108
564 107
564 106
564 105
564 104
564 103
565 102
566 101
567 100
568 99
515 150
516 151
517 152
518 153
519 154
520 155
521 156
522 157
523 158
523 159
523 160
523 161
524 162
525 163
526 164
527 165
528 166
529 167
530 168
531 169
532 170
533 171
534 172
533 173
532 174
531 175
530 176
529 177
528 178
527 179
526 179
525 179
524 179
523 180
522 181
521 182
520 183
519 184
518 185
517 186
516 187
515 188
514 188
513 188
512 188
511 188
511 187
511 186
511 185
511 184
510 183
509 182
508 181
507 180
506 180
505 180
504 180
503 180
502 180
501 180
500 180
499 179
498 178
497 177
525 180
526 181
527 182
527 183
527 184
527 185
527 186
527 187
527 188
527 189
527 190
528 191
529 192
530 193
531 194
532 195
533 195
534 195
535 195
536 195
537 195
538 195
539 195
540 195
541 195
535 173
536 174
537 175
538 176
539 176
539 175
540 174
541 173
542 172
543 171
544 170
545 169
546 168
547 167
548 166
549 165
549 164
549 163
549 162
549 161
549 160
549 159
549 158
549 157
549 156
550 155
551 155
552 155
553 155
554 155
555 155
556 155
557 155
558 155
559 155
560 155
561 155
562 155
563 155
564 155
565 155
566 155
540 177
541 178
542 178
543 178
544 178
545 178
546 178
547 179
548 180
549 181
550 182
551 183
552 184
553 185
554 185
555 185
556 185
557 185
558 185
495 157
496 158
497 159
498 160
499 161
500 162
460 220
461 221
462 222
463 222
464 222
465 222
466 222
467 222
468 222
469 222
470 222
471 222
472 222
471 223
470 224
469 225
468 226
467 227
466 228
465 229
464 230
463 231
462 232
461 233
460 234
459 235
459 236
459 237
460 238
461 239
462 239
463 239
464 239
465 239
466 239
467 239
468 239
469 240
470 241
471 242
472 243
473 244
474 245
475 246
475 247
476 247
477 247
478 247
479 247
480 247
481 247
482 247
483 247
484 247
485 247
486 247
487 246
473 223
474 223
475 223
476 223
477 223
478 223
479 223
480 223
481 223
482 223
483 223
484 223
485 223
486 223
487 223
488 223
489 222
490 221
491 220
492 219
493 218
494 217
494 216
494 215
494 214
494 213
494 212
494 211
494 210
495 209
496 208
497 207
498 206
499 205
499 204
499 203
499 202
499 201
499 200
498 199
497 198
496 197
500 206
501 207
502 207
503 207
504 207
505 207
506 207
507 207
508 207
509 207
510 207
511 207
512 208
513 209
514 210
515 211
516 212
517 213
518 214
519 215
520 216
521 217
522 218
523 218
524 219
524 220
524 221
524 222
524 223
524 224
524 225
524 226
524 227
495 218
496 219
497 220
498 221
499 222
500 223
501 224
502 225
502 226
502 227
502 228
428 220
429 221
430 222
430 223
430 224
430 225
430 226
430 227
430 228
430 229
430 230
430 231
431 232
432 233
433 234
434 235
435 236
436 237
437 238
438 238
437 239
436 240
435 241
434 242
433 243
432 244
431 245
430 245
429 245
428 245
427 245
426 245
425 246
424 247
423 248
422 249
421 250
420 251
419 252
418 253
417 254
417 255
418 256
419 257
420 258
421 259
422 260
423 261
424 262
425 263
426 264
426 265
426 266
427 266
428 266
429 266
430 266
431 266
432 266
433 266
434 266
435 266
436 266
437 265
438 264
439 263
440 264
441 265
442 265
443 265
444 265
445 265
446 265
447 265
446 266
445 267
444 268
443 269
442 270
442 271
442 272
442 273
442 274
442 275
442 276
442 277
443 278
444 279
444 280
444 281
444 282
444 283
444 284
444 285
444 286
444 287
445 288
446 289
447 290
448 291
449 291
450 291
451 291
452 291
452 290
452 289
452 288
452 287
453 286
454 285
455 284
456 283
457 282
458 281
459 280
460 279
461 278
453 292
454 293
455 294
456 294
457 294
458 294
459 294
460 294
461 294
462 294
463 294
464 294
465 295
466 295
467 295
468 295
469 295
470 295
471 295
472 295
473 295
474 295
474 294
474 293
474 292
474 291
474 290
474 289
475 288
476 287
477 286
478 285
479 284
480 283
481 283
482 283
483 283
484 283
485 282
486 281
487 280
488 279
489 278
489 277
489 276
490 275
491 274
492 273
493 272
494 271
495 270
496 271
497 272
498 272
499 272
500 272
501 272
502 272
503 272
504 272
505 272
505 271
505 270
505 269
505 268
505 267
505 266
505 265
505 264
505 263
506 262
507 261
508 260
509 259
509 258
510 257
511 256
512 255
513 254
514 253
515 252
515 251
514 251
513 251
512 251
511 250
510 249
509 248
508 247
507 246
506 245
516 251
517 252
518 253
519 254
520 255
521 256
522 257
523 258
524 259
524 260
524 261
524 262
524 263
525 264
526 265
527 266
528 266
529 266
530 266
531 266
532 266
533 266
534 266
535 266
536 266
537 266
537 265
537 264
537 263
537 262
537 261
537 260
537 259
537 258
537 257
538 256
538 255
537 255
536 255
535 255
534 254
533 253
532 252
531 251
530 250
539 255
539 254
539 253
539 252
540 251
541 250
542 249
543 248
544 247
545 246
546 245
546 244
546 243
546 242
546 241
546 240
546 239
546 238
547 237
547 236
547 235
548 234
549 233
550 232
551 231
552 230
553 229
554 228
555 227
556 226
557 225
558 224
559 223
559 222
559 221
559 220
559 219
558 218
557 217
556 216
555 215
554 214
553 213
552 212
551 211
550 210
549 211
548 212
547 213
546 214
545 215
544 216
543 217
543 218
543 219
543 220
543 221
560 224
561 225
562 226
563 227
564 228
565 229
566 230
567 231
568 232
569 233
570 233
570 232
570 231
571 230
572 229
573 228
574 227
575 226
576 225
577 224
578 224
579 224
580 224
581 224
582 224
583 224
584 224
585 224
586 223
586 222
586 221
585 220
584 219
583 218
582 217
581 216
580 215
579 214
578 213
578 212
578 211
578 210
577 209
576 208
575 207
574 206
573 205
572 204
579 209
580 208
581 207
582 206
583 205
584 204
585 203
586 202
587 201
588 201
589 201
590 200
591 199
592 198
593 197
594 196
595 195
596 194
597 193
598 192
598 191
598 190
598 189
598 188
598 187
598 186
598 185
598 184
598 183
598 182
598 181
598 180
598 179
598 178
598 177
597 176
587 224
588 225
589 226
590 227
591 228
592 229
593 230
594 231
595 232
596 232
597 232
598 232
597 233
596 234
595 235
595 236
595 237
595 238
595 239
595 240
595 241
595 242
596 243
597 244
598 245
599 246
600 247
601 248
602 249
603 250
604 251
605 252
606 253
607 254
608 254
608 253
608 252
608 251
609 250
610 249
611 248
612 247
613 246
614 245
615 244
616 243
617 242
618 241
619 240
620 240
621 239
622 238
623 237
624 236
625 235
626 234
627 233
627 232
627 231
627 230
627 229
627 228
627 227
628 226
629 225
630 224
630 223
630 222
630 221
630 220
630 219
630 218
630 217
630 216
630 215
630 214
630 213
629 212
628 211
627 210
626 209
625 209
624 209
623 209
622 208
621 207
620 206
619 205
618 204
617 203
617 202
617 201
617 200
617 199
617 198
617 197
617 196
618 195
619 194
620 193
621 192
622 191
623 190
624 189
625 188
626 187
627 186
628 185
629 184
629 183
629 182
630 182
629 181
629 180
629 179
628 178
627 177
626 176
625 175
624 174
623 173
622 172
622 171
622 170
622 169
622 168
622 167
622 166
622 165
622 164
621 163
620 162
619 161
618 160
617 159
616 159
615 159
614 159
613 159
612 159
611 159
610 159
609 159
608 159
607 159
606 159
605 158
604 158
603 158
602 158
601 158
600 158
599 158
598 158
597 158
596 158
595 158
594 158
593 158
592 158
591 158
590 158
590 157
590 156
590 155
589 154
588 153
587 152
586 151
585 150
584 149
583 148
589 159
588 160
587 161
586 162
585 163
584 164
583 165
582 166
581 167
580 168
580 169
580 170
580 171
580 172
579 173
578 174
577 175
577 176
577 177
577 178
577 179
577 180
605 157
605 156
605 155
605 154
605 153
605 152
605 151
605 150
605 149
605 148
605 147
605 146
605 145
605 144
604 143
603 142
602 141
601 140
600 139
599 138
598 137
597 136
596 135
595 134
594 133
593 132
592 131
592 130
591 130
593 130
594 130
595 130
596 130
597 130
598 129
599 128
600 127
601 126
602 125
603 124
603 123
603 122
603 121
603 120
603 119
603 118
603 117
603 116
603 115
603 114
603 113
603 112
603 111
603 110
603 109
603 108
603 107
602 106
601 105
600 104
599 103
598 102
597 101
631 181
632 180
633 179
634 178
634 177
634 176
634 175
634 174
634 173
634 172
635 171
636 170
637 169
638 168
639 167
640 166
640 165
640 164
640 163
640 162
640 161
640 160
640 159
640 158
640 157
639 156
638 155
637 154
636 153
636 152
635 151
634 150
633 149
632 148
631 147
630 146
629 145
628 144
627 143
626 142
616 204
615 205
614 206
613 207
612 208
611 209
610 210
609 211
626 208
626 207
626 206
626 205
627 204
628 203
629 202
630 201
631 200
632 199
633 198
634 199
635 200
636 201
637 201
638 201
639 201
640 201
641 201
607 255
606 256
605 257
604 258
603 259
602 260
601 261
600 261
599 261
598 262
597 263
596 264
595 265
594 266
593 266
592 266
591 266
590 266
589 266
588 266
587 266
586 266
585 266
584 266
583 266
582 266
581 267
580 268
580 269
580 270
580 271
580 272
580 273
580 274
579 274
578 274
577 274
576 274
575 274
574 273
573 272
572 271
600 262
600 263
600 264
600 265
600 266
600 267
600 268
600 269
600 270
600 271
600 272
600 273
600 274
570 234
570 235
536 267
535 268
534 269
533 270
532 271
531 272
530 273
529 274
528 275
527 276
526 277
526 278
526 279
525 280
524 281
523 282
522 283
521 284
520 285
519 286
518 287
517 288
516 289
515 290
514 291
513 292
512 293
511 293
510 293
511 294
512 295
513 296
514 297
515 298
516 299
517 300
518 301
519 302
520 303
521 304
522 305
523 305
524 305
525 306
526 307
527 308
528 309
529 310
530 311
531 312
532 313
533 314
534 314
535 314
536 314
536 313
536 312
536 311
536 310
536 309
536 308
536 307
536 306
537 305
535 315
534 316
533 317
532 318
531 319
530 320
529 321
528 322
527 322
526 323
525 324
524 324
523 324
522 324
521 324
520 324
519 324
518 324
517 324
516 324
515 324
514 324
513 324
512 324
511 324
510 324
509 324
508 324
507 324
506 324
505 324
504 324
503 324
502 324
501 324
500 323
499 323
498 323
497 323
496 323
495 323
494 323
493 323
492 323
491 322
528 323
529 324
530 324
531 324
532 324
533 324
534 324
535 324
536 325
537 326
538 327
539 328
540 329
541 330
542 330
543 330
544 330
545 330
546 330
547 331
547 332
547 333
547 334
547 335
547 336
547 337
547 338
546 339
545 340
544 341
543 342
542 343
541 344
540 345
539 346
538 346
537 346
536 346
535 347
535 348
535 349
535 350
535 351
535 352
535 353
535 354
535 355
535 356
535 357
534 357
533 357
532 357
531 356
530 355
529 354
528 353
527 352
526 351
525 350
524 349
524 348
524 347
524 346
524 345
524 344
524 343
524 342
523 341
522 340
521 339
520 338
519 337
534 358
533 359
532 360
531 361
530 362
529 362
528 362
527 362
526 362
525 362
524 363
523 364
522 364
521 364
520 364
519 364
518 364
517 364
516 364
515 364
514 364
513 364
513 363
513 362
513 361
513 360
513 359
513 358
513 357
513 356
512 355
511 354
510 353
509 352
508 351
512 365
511 366
510 367
509 368
508 369
507 370
506 371
505 371
504 371
503 371
502 371
501 371
500 371
499 371
536 358
537 359
538 359
539 359
540 359
541 359
542 359
543 359
544 359
545 359
546 359
547 359
546 360
545 361
544 362
543 363
543 364
543 365
543 366
543 367
543 368
543 369
538 267
539 268
540 269
541 269
542 269
543 269
544 269
545 269
546 269
547 269
548 269
548 268
548 267
548 266
548 265
548 264
549 263
550 262
551 261
547 270
547 271
547 272
547 273
547 274
547 275
547 276
547 277
547 278
547 279
547 280
547 281
547 282
548 283
549 284
550 285
551 286
552 287
553 288
554 289
555 290
556 290
557 290
556 291
555 292
554 293
553 294
553 295
553 296
553 297
553 298
553 299
553 300
480 282
480 281
480 280
479 279
478 278
477 277
476 276
475 275
474 274
474 273
474 272
474 271
474 270
473 269
472 268
471 267
470 266
469 265
468 264
467 263
466 262
425 267
424 268
423 268
422 268
421 268
420 268
419 268
418 268
417 268
416 268
415 268
414 269
413 270
412 271
411 272
410 273
409 274
408 275
407 276
406 277
405 278
404 279
403 280
402 281
401 282
400 283
399 284
399 285
399 286
399 287
398 287
397 287
396 287
395 287
394 287
393 287
392 287
391 287
390 287
389 286
400 288
401 289
401 290
401 291
401 292
401 293
401 294
401 295
401 296
402 296
403 296
404 296
405 296
406 296
407 296
408 296
409 296
410 296
411 296
412 295
413 294
414 293
415 294
416 295
417 296
418 297
419 298
420 298
421 298
422 298
423 298
424 298
425 298
426 298
427 298
426 299
425 300
424 301
423 302
422 303
421 304
420 305
419 306
419 307
419 308
419 309
419 310
419 311
419 312
419 313
419 314
419 315
419 316
420 317
421 318
422 319
423 320
424 321
424 322
424 323
424 324
424 325
424 326
424 327
424 328
423 329
422 330
421 331
420 332
419 333
418 334
417 335
416 336
415 337
414 338
413 339
412 339
412 338
412 337
412 336
412 335
412 334
412 333
412 332
412 331
412 330
411 329
425 329
426 330
427 331
428 332
429 333
430 334
431 335
432 336
433 337
434 337
434 336
434 335
434 334
435 333
436 332
437 333
438 334
439 335
440 335
441 335
442 335
443 335
444 335
445 335
446 336
447 337
448 338
449 339
450 340
451 341
452 342
453 343
454 343
455 343
456 343
457 343
458 343
459 343
460 343
461 343
462 343
463 343
464 343
465 343
466 343
467 342
468 341
469 342
470 343
471 344
472 345
473 346
474 347
474 348
474 349
474 350
474 351
474 352
473 353
472 354
471 355
470 356
469 357
468 358
467 359
466 359
465 359
464 359
463 359
462 359
461 359
460 359
459 359
475 353
476 353
477 353
478 353
479 353
480 353
481 353
482 353
483 353
484 353
485 353
486 353
487 353
488 353
489 353
434 338
434 339
434 340
435 341
436 342
437 343
437 344
437 345
437 346
437 347
437 348
437 349
437 350
437 351
437 352
437 353
436 354
435 355
434 355
433 355
432 355
431 355
430 355
429 355
428 355
427 356
426 356
425 356
424 356
423 356
422 356
421 356
420 356
400 297
399 298
398 299
397 300
396 301
395 302
394 303
393 304
392 305
391 306
390 307
389 307
389 308
389 309
389 310
389 311
389 312
389 313
389 314
389 315
389 316
389 317
388 318
387 319
386 320
385 321
384 322
383 323
382 324
381 325
380 326
380 327
380 328
379 328
378 328
377 328
376 328
375 328
374 327
373 326
372 325
371 324
370 323
369 322
368 321
367 322
366 323
365 324
364 325
363 326
362 327
361 328
361 329
361 330
361 331
361 332
379 329
378 330
377 331
377 332
377 333
377 334
377 335
377 336
377 337
378 338
379 338
380 338
381 338
382 338
383 338
384 338
385 338
386 338
426 220
425 221
424 222
423 223
422 224
421 225
420 226
419 226
418 226
417 226
416 226
415 226
396 205
397 206
398 207
399 208
400 209
401 209
341 256
341 255
341 254
341 253
342 252
343 251
344 250
345 249
346 248
342 257
343 258
344 259
345 260
346 261
347 262
348 263
349 264
350 265
351 266
352 266
353 266
354 267
354 268
354 269
354 270
354 271
354 272
354 273
354 274
354 275
354 276
354 277
354 278
354 279
354 280
354 281
355 282
356 283
357 284
358 285
359 285
360 285
361 285
362 285
363 285
364 285
365 285
366 285
367 285
367 284
367 283
367 282
367 281
367 280
367 279
367 278
367 277
367 276
367 275
368 274
369 273
370 272
371 271
371 270
371 269
372 268
373 267
374 266
375 265
376 264
377 263
378 263
379 263
380 263
381 263
382 263
383 263
384 263
385 263
386 263
387 263
388 263
389 263
390 264
390 265
390 266
390 267
390 268
390 269
390 270
390 271
377 262
376 262
375 261
374 260
373 259
372 258
371 257
370 256
369 255
368 254
367 253
366 252
365 251
364 250
377 261
377 260
377 259
377 258
378 257
379 256
380 255
381 254
382 253
383 252
384 251
385 250
386 249
387 248
388 247
389 246
390 245
390 244
390 243
390 242
390 241
390 240
390 239
391 238
392 237
368 286
368 287
368 288
368 289
368 290
368 291
368 292
368 293
368 294
368 295
369 296
370 297
371 298
372 299
373 300
374 301
374 302
374 303
374 304
373 304
372 304
371 304
370 304
369 304
368 304
367 304
366 304
332 271
331 272
330 273
329 274
328 275
327 276
326 277
325 278
325 279
324 279
323 279
322 279
321 279
320 279
319 278
318 277
317 276
316 275
315 274
314 273
313 272
312 271
311 272
310 273
309 273
308 273
307 273
306 273
305 273
304 273
303 273
302 273
301 273
300 273
299 273
298 273
297 272
296 271
295 270
294 269
293 268
292 267
291 266
290 265
289 264
288 263
287 262
286 262
285 262
284 261
283 260
282 259
281 258
280 257
279 256
278 255
277 254
276 253
286 263
285 264
284 265
283 266
282 267
281 268
280 269
280 270
280 271
280 272
280 273
280 274
279 275
278 276
277 277
276 278
275 279
274 280
273 281
272 282
271 283
270 284
269 285
268 285
267 285
266 285
265 286
264 287
264 288
264 289
264 290
264 291
264 292
264 293
264 294
264 295
263 295
262 295
261 295
260 295
259 295
258 295
257 294
256 293
255 293
254 293
253 293
252 293
251 293
250 293
249 293
248 292
247 291
246 290
245 289
244 288
243 287
242 286
241 285
240 284
239 283
238 282
237 281
236 280
236 279
235 279
235 278
235 277
235 276
235 275
235 274
235 273
234 272
233 271
232 271
231 271
230 271
229 271
228 271
227 271
226 271
225 271
224 270
223 269
222 268
221 267
220 266
219 265
218 265
217 265
216 265
215 265
214 265
213 265
212 264
211 263
210 263
209 263
208 263
207 263
206 263
205 263
204 263
203 263
202 263
201 263
200 262
199 261
199 260
199 259
199 258
199 257
199 256
199 255
199 254
199 253
199 252
199 251
199 250
200 249
201 248
202 247
203 246
203 245
202 245
201 245
200 245
199 245
198 245
197 245
196 245
195 245
194 245
193 244
192 245
191 246
190 247
189 248
188 248
187 248
186 248
185 248
184 248
183 248
182 248
182 247
182 246
182 245
182 244
182 243
182 242
182 241
182 240
181 239
180 238
179 238
178 238
177 238
176 237
175 236
174 235
173 234
172 233
171 232
170 231
169 230
168 229
167 228
166 227
165 226
164 226
163 226
162 226
161 225
160 224
159 223
158 222
157 221
156 220
155 219
154 218
153 217
152 216
151 215
150 214
149 213
148 212
147 211
146 210
145 209
144 208
143 207
142 206
141 205
140 204
139 203
139 202
139 201
139 200
138 199
137 198
136 197
135 196
134 195
133 194
132 193
131 192
130 191
129 190
128 189
127 188
126 187
125 186
124 185
123 184
122 183
121 183
120 183
119 183
118 183
117 183
116 183
115 182
114 181
113 180
112 179
111 178
110 179
109 180
108 181
107 181
106 181
105 181
104 181
103 181
122 182
122 181
122 180
122 179
122 178
122 177
122 176
122 175
122 174
122 173
123 172
123 171
122 171
121 171
120 170
119 169
118 168
117 167
116 166
115 165
114 164
113 163
112 162
111 161
110 160
109 159
109 158
109 157
109 156
109 155
109 154
109 153
109 152
109 151
109 150
109 149
109 148
108 147
107 146
106 145
105 145
104 145
103 145
102 145
101 145
100 144
99 143
98 142
97 141
96 140
95 139
94 138
93 137
92 137
91 137
90 137
89 137
88 137
87 137
86 137
85 136
84 135
83 134
82 133
81 132
80 131
79 132
78 133
77 134
76 135
75 136
74 137
73 138
72 139
72 140
72 141
71 141
70 141
69 140
68 139
67 138
66 137
65 136
64 135
63 134
62 133
62 132
63 131
64 130
61 134
60 135
59 136
58 137
57 138
57 139
57 140
57 141
57 142
57 143
92 138
91 139
90 140
89 141
89 142
89 143
89 144
89 145
89 146
89 147
89 148
89 149
89 150
90 151
91 152
92 153
93 154
94 155
94 156
94 157
94 158
94 159
93 136
93 135
93 134
93 133
93 132
93 131
93 130
93 129
106 144
106 143
106 142
106 141
106 140
106 139
107 138
108 137
109 137
110 137
111 137
112 137
113 137
114 137
115 137
116 137
117 137
118 138
119 139
120 140
121 141
122 142
123 142
124 142
125 142
126 142
127 142
128 142
129 142
130 142
131 142
132 142
133 142
134 142
135 142
136 142
137 142
138 142
139 141
140 141
141 141
142 141
143 141
144 140
145 139
146 138
147 137
148 136
149 135
150 134
151 133
152 133
153 133
154 133
155 133
156 132
157 131
158 130
159 129
160 128
161 127
162 127
163 127
164 127
165 127
166 126
167 125
168 124
169 123
170 122
171 121
172 120
173 119
174 118
175 119
176 120
177 121
178 122
179 123
180 123
181 123
182 123
183 123
184 123
185 123
186 123
187 123
188 123
189 123
189 122
189 121
189 120
189 119
189 118
189 117
189 116
189 115
189 114
190 113
191 112
192 111
193 110
194 109
195 109
196 109
197 109
198 109
199 109
200 109
201 109
202 109
203 109
204 109
205 108
206 107
207 106
208 105
209 104
210 103
211 102
212 101
213 100
190 124
191 125
192 126
193 127
194 128
195 129
196 130
197 131
197 132
197 133
197 134
197 135
197 136
197 137
198 137
199 137
200 137
201 137
202 136
203 135
204 134
205 133
206 132
207 131
208 131
209 131
210 131
211 131
212 131
213 131
214 131
215 130
216 129
217 128
218 127
219 126
220 125
221 124
222 123
223 124
224 125
225 126
226 127
227 128
228 129
229 130
230 130
231 130
232 130
233 130
234 130
235 130
236 130
237 130
236 131
235 131
234 132
233 133
232 134
231 135
230 136
229 137
228 138
227 139
226 139
225 139
236 132
236 133
236 134
236 135
236 136
236 137
236 138
236 139
235 140
234 141
233 142
232 143
231 144
230 145
230 146
230 147
230 148
230 149
230 150
229 151
228 152
227 153
226 154
225 155
224 156
223 157
222 158
221 159
220 160
219 160
218 160
217 160
218 161
219 162
220 163
221 164
222 165
222 166
222 167
222 168
223 168
224 168
225 168
226 168
227 167
228 166
229 165
230 164
231 163
232 164
233 165
234 166
235 166
236 166
237 166
238 166
239 166
240 166
241 166
242 166
243 166
244 166
245 166
246 167
247 168
248 169
249 169
250 169
251 169
252 169
253 169
254 169
255 169
256 169
257 169
258 169
259 169
260 169
261 169
262 169
263 169
263 168
263 167
263 166
264 165
265 164
266 163
267 162
268 161
269 160
254 168
254 167
254 166
254 165
254 164
254 163
254 162
255 161
256 160
257 159
257 158
258 157
259 156
260 155
261 154
262 153
263 152
264 151
265 150
266 149
267 148
268 147
269 146
270 145
271 145
272 145
273 145
274 145
275 145
276 144
277 143
278 142
279 141
280 140
281 139
254 170
254 171
254 172
254 173
254 174
254 175
254 176
254 177
254 178
254 179
253 180
252 181
251 182
250 183
249 184
248 185
247 186
246 186
245 186
246 187
247 188
248 189
249 190
250 191
251 192
252 192
253 192
254 192
255 192
223 169
224 170
225 171
226 172
227 173
228 174
229 175
230 175
238 129
239 128
240 127
241 126
242 125
243 124
244 123
245 122
246 121
246 120
246 119
246 118
246 117
246 116
246 115
245 114
244 113
243 112
242 111
241 110
241 109
240 109
242 109
243 109
244 109
245 108
246 107
247 106
248 105
249 104
250 103
251 102
152 134
153 135
154 136
155 137
156 138
157 139
158 140
158 141
159 141
160 141
161 141
162 141
163 141
164 141
165 141
166 141
167 140
168 139
150 132
149 131
148 130
147 129
146 128
145 127
144 126
144 125
143 125
145 124
146 123
147 122
148 121
149 120
150 119
151 118
151 117
151 116
151 115
151 114
151 113
152 112
153 111
153 110
152 110
151 110
150 110
149 109
148 108
147 107
146 106
145 105
144 104
143 103
142 102
141 101
140 102
139 103
138 104
137 104
136 104
135 104
134 104
133 104
132 104
131 104
130 104
129 104
154 110
139 140
139 139
139 138
139 137
138 136
137 135
136 134
135 133
134 132
133 131
132 130
131 129
131 128
131 127
131 126
131 125
131 124
131 123
131 122
131 121
131 120
130 119
129 118
128 117
127 117
126 117
125 117
124 117
123 117
122 117
121 117
120 117
119 117
118 117
117 117
116 116
115 115
114 114
113 113
112 113
111 113
110 113
109 113
108 113
107 113
106 113
105 112
104 111
124 171
124 170
124 169
124 168
124 167
124 166
124 165
124 164
124 163
124 162
124 161
124 160
125 159
126 158
127 157
128 158
129 159
130 160
131 161
132 162
133 163
134 164
135 165
136 166
137 167
138 168
138 169
138 170
151 217
150 218
149 219
148 220
147 220
146 220
145 220
144 220
143 220
142 220
141 220
140 220
139 220
138 220
164 227
163 228
162 229
161 230
160 231
159 232
158 233
157 234
156 235
155 236
154 237
153 238
152 238
151 238
150 238
149 238
148 238
147 238
146 238
145 238
144 238
143 238
142 238
141 238
140 238
139 238
138 238
137 237
136 236
135 235
134 236
133 237
132 238
131 239
130 240
129 240
128 240
127 240
126 240
125 240
124 240
123 240
122 240
121 240
120 239
119 238
118 237
117 236
116 235
115 234
114 233
113 232
112 231
111 230
110 229
110 228
110 227
110 226
110 225
110 224
110 223
110 222
109 221
109 220
109 219
109 218
109 217
110 216
111 215
112 214
113 213
113 212
112 211
111 210
110 209
109 208
108 207
107 206
106 205
105 204
104 203
103 202
102 201
101 200
100 199
99 200
98 201
97 202
96 203
95 204
94 205
93 205
92 205
91 205
90 205
89 205
88 205
87 205
86 205
85 205
84 205
83 205
82 205
81 205
80 205
79 204
79 203
79 202
79 201
79 200
79 199
79 198
79 197
79 196
78 195
77 195
76 195
75 195
74 195
73 195
72 195
71 195
70 195
69 194
68 193
68 192
68 191
68 190
68 189
67 188
66 187
65 186
64 185
63 184
63 183
63 182
63 181
63 180
63 179
63 178
63 177
63 176
62 175
62 174
62 173
62 172
62 171
63 171
62 170
62 169
62 168
62 167
62 166
61 165
60 164
59 163
58 162
57 163
56 164
55 165
54 166
53 166
52 166
51 166
50 166
49 166
48 166
47 166
46 166
45 166
44 165
43 164
42 164
41 164
40 164
39 164
38 164
37 163
36 162
35 161
34 160
33 159
32 158
31 157
30 156
29 155
42 165
41 166
40 167
39 168
38 169
37 170
36 171
35 172
34 172
33 172
32 172
31 172
30 173
29 174
28 174
27 174
26 174
25 174
24 174
23 174
22 174
21 175
21 176
21 177
21 178
21 179
21 180
21 181
21 182
21 183
21 184
22 185
23 186
24 187
25 188
26 189
26 190
26 191
26 192
26 193
27 194
28 195
29 195
30 195
31 195
32 195
33 195
34 195
35 195
36 195
37 195
38 195
39 195
40 195
41 195
42 195
43 194
44 193
44 192
44 191
44 190
44 189
44 188
45 187
46 186
47 185
48 184
32 196
31 197
30 198
29 199
28 200
27 201
26 202
25 203
24 204
23 205
22 206
21 206
22 207
23 208
24 209
25 210
26 211
27 212
28 213
28 214
28 215
28 216
29 216
30 216
31 216
32 216
33 216
34 216
35 215
36 214
37 213
38 213
39 213
40 213
41 213
42 212
43 211
44 210
45 209
46 208
47 207
29 217
30 218
31 219
32 220
32 221
32 222
64 170
65 169
66 168
67 167
68 166
69 165
70 164
71 163
72 162
78 194
78 193
79 192
80 191
81 190
78 205
77 206
76 207
75 208
74 209
73 209
72 209
71 209
70 209
69 209
68 209
67 209
66 209
65 209
64 209
63 209
62 209
61 210
60 211
59 212
58 213
57 214
57 215
57 216
57 217
57 218
57 219
57 220
58 221
59 222
60 223
61 224
62 225
63 226
64 227
65 228
66 229
67 230
68 231
69 232
70 233
71 234
72 235
73 236
74 237
75 238
75 239
75 240
75 241
74 242
73 243
72 244
71 245
70 246
69 247
68 248
67 249
66 249
65 249
64 249
63 249
62 249
61 249
61 248
61 247
61 246
60 245
59 244
58 243
57 242
56 241
55 240
54 239
53 238
60 250
59 251
58 252
57 253
56 254
56 255
56 256
56 257
56 258
56 259
56 260
56 261
62 250
63 251
64 252
65 253
66 254
67 255
68 256
69 257
70 258
70 259
71 259
72 259
73 259
74 258
75 257
108 222
107 223
106 224
105 225
104 226
103 227
102 228
101 229
100 229
99 229
98 228
97 227
96 226
95 225
94 224
93 223
92 222
91 221
109 230
108 231
107 232
106 233
105 234
104 235
103 236
102 237
101 238
100 239
99 240
100 241
100 242
100 243
100 244
100 245
100 246
100 247
100 248
100 249
99 250
98 251
97 252
96 253
95 254
94 255
93 256
92 257
91 257
90 257
91 258
92 259
93 260
94 261
95 262
96 263
97 264
98 265
99 266
100 267
100 268
100 269
100 270
100 271
100 272
99 273
98 274
97 275
96 276
95 277
94 278
93 279
92 280
91 281
90 282
89 283
88 283
87 284
86 285
86 286
86 287
86 288
86 289
86 290
86 291
86 292
86 293
85 293
84 293
83 293
82 293
81 293
80 293
79 293
78 293
77 293
76 293
75 293
74 293
73 293
72 293
71 293
70 293
69 293
68 293
67 293
66 293
65 292
64 291
63 290
62 289
61 288
60 287
59 288
58 289
57 290
56 291
56 292
56 293
56 294
56 295
57 296
57 297
57 298
57 299
58 300
59 301
60 302
61 303
62 304
63 305
64 305
65 305
87 294
88 295
89 296
90 297
91 298
92 299
93 300
94 301
94 302
94 303
93 304
92 305
91 306
90 307
89 308
88 309
87 309
86 309
85 309
86 310
87 311
88 312
89 313
89 314
89 315
89 316
89 317
89 318
88 319
87 320
86 321
86 322
86 323
86 324
86 325
86 326
90 319
91 320
92 321
93 322
94 323
95 323
96 323
97 323
98 323
99 323
100 323
101 323
102 323
103 323
104 323
105 323
106 322
107 321
108 320
109 321
110 322
111 323
112 324
113 325
114 326
115 326
116 326
117 326
118 326
119 326
95 304
96 304
97 304
98 304
99 304
100 304
101 304
102 304
103 304
89 284
90 285
91 286
92 287
93 288
94 288
95 288
96 288
149 239
150 240
150 241
150 242
150 243
150 244
150 245
150 246
150 247
150 248
149 249
148 250
147 250
146 250
145 250
144 250
180 237
180 236
180 235
181 234
182 233
183 232
184 231
185 230
186 230
187 230
188 230
189 230
190 230
191 229
192 228
193 227
194 227
195 227
196 226
197 225
198 224
199 223
200 222
201 221
185 229
185 228
185 227
185 226
185 225
184 224
183 223
182 222
181 222
180 221
179 220
178 219
177 218
176 217
175 216
174 215
173 214
172 213
171 212
170 211
169 210
168 209
167 208
166 208
165 208
164 207
163 206
162 205
161 204
160 203
159 202
158 201
182 221
182 220
182 219
182 218
182 217
182 216
182 215
183 214
184 214
185 214
186 214
187 214
188 214
189 214
190 214
191 214
192 214
183 213
184 212
185 211
186 210
187 209
188 208
189 207
190 206
191 205
192 204
193 203
194 202
195 201
195 200
195 199
195 198
195 197
195 196
194 195
193 194
192 193
191 192
190 191
189 190
188 189
187 188
186 187
186 186
185 186
184 186
183 186
182 186
181 186
180 186
179 185
178 184
177 183
177 182
176 182
175 182
174 182
173 182
172 182
171 181
170 180
169 179
169 178
169 177
169 176
169 175
169 174
169 173
168 172
167 171
166 170
165 169
164 168
163 167
162 167
161 167
160 166
159 165
158 164
157 163
156 162
155 161
178 181
179 180
180 179
181 178
182 177
183 176
184 175
185 174
186 173
187 172
188 171
189 170
190 169
191 168
191 167
190 167
189 167
188 167
187 166
186 165
185 164
184 163
183 162
192 167
192 166
192 165
192 164
192 163
193 162
194 161
195 160
196 159
187 186
188 186
189 186
190 186
191 186
192 186
193 186
194 186
195 185
196 185
197 185
198 185
199 185
200 185
201 185
202 184
203 183
204 245
204 244
204 243
204 242
204 241
204 240
204 239
205 238
206 237
207 236
208 236
209 236
210 235
211 234
212 233
213 232
214 231
215 230
216 229
217 228
218 227
219 226
220 225
221 224
222 224
223 224
224 224
225 224
226 224
227 224
228 224
229 224
230 224
231 224
232 223
233 223
234 223
235 223
236 223
237 223
238 223
239 223
240 223
241 223
242 222
243 221
244 220
245 219
246 218
246 217
246 216
246 215
245 215
244 214
243 213
242 212
241 211
240 210
239 209
238 208
237 207
236 206
235 205
235 204
235 203
235 202
235 201
235 200
235 199
235 198
235 197
234 196
233 195
232 194
231 193
230 192
229 191
228 192
227 193
226 194
225 195
224 196
223 197
222 198
221 199
220 200
219 201
218 202
218 203
246 214
246 213
246 212
246 211
247 210
248 209
249 208
222 225
223 226
223 227
223 228
223 229
223 230
223 231
223 232
223 233
223 234
223 235
223 236
223 237
223 238
223 239
232 272
231 273
230 274
229 275
228 276
227 277
226 278
226 279
237 279
238 279
239 279
240 278
241 277
242 276
243 275
244 274
245 273
246 272
247 271
248 270
248 269
248 268
248 267
248 266
248 265
248 264
247 263
246 262
245 261
244 260
243 259
242 258
241 257
240 256
241 255
242 254
243 253
244 252
245 251
246 250
247 249
248 248
249 247
249 246
248 246
247 246
246 246
245 245
244 244
243 243
242 242
241 241
240 240
239 239
250 246
250 245
250 244
250 243
250 242
251 241
252 240
253 239
254 238
255 237
256 236
257 236
258 236
259 236
260 236
261 236
262 236
263 236
264 236
265 236
266 235
267 234
268 233
269 232
269 231
269 230
269 229
269 228
269 227
269 226
269 225
269 224
269 223
269 222
269 221
270 220
271 219
272 218
273 217
274 216
274 215
273 215
272 215
271 215
270 214
269 213
268 212
267 211
275 215
255 294
254 295
253 296
252 297
251 298
250 299
249 300
248 301
247 302
246 303
245 304
244 305
243 305
242 305
241 305
240 306
239 306
238 306
237 306
236 306
235 306
234 306
233 306
232 306
231 306
230 306
229 306
228 306
227 306
226 306
225 306
224 306
223 306
222 306
221 306
220 306
219 306
218 305
217 304
216 303
215 302
214 301
213 300
212 299
211 298
210 297
209 296
208 295
207 296
206 297
205 298
204 299
203 300
202 300
201 300
200 300
199 300
198 300
197 300
196 300
195 300
194 301
193 302
192 303
191 304
190 305
189 306
188 307
187 308
187 309
187 310
187 311
186 311
185 311
184 311
183 311
182 311
181 311
180 311
179 311
178 310
177 309
176 308
175 309
174 309
173 309
172 309
171 309
170 309
169 309
168 309
167 310
166 311
165 312
164 313
163 314
163 315
163 316
163 317
163 318
162 318
161 318
160 318
159 318
158 318
157 318
156 318
155 318
154 318
153 318
152 317
151 316
151 315
151 314
151 313
151 312
151 311
150 310
149 309
148 308
147 308
146 308
145 308
144 308
143 308
142 308
141 308
140 308
139 308
138 307
138 306
138 305
138 304
138 303
138 302
138 301
137 300
136 299
135 298
134 297
133 296
132 295
131 294
130 293
129 292
128 292
127 292
126 292
125 291
124 290
123 289
122 288
122 287
121 287
123 287
124 287
125 286
126 285
127 284
128 283
129 282
129 281
129 280
129 279
129 278
128 277
127 276
126 275
125 274
124 273
148 307
148 306
148 305
148 304
148 303
148 302
148 301
148 300
148 299
149 299
150 299
151 299
152 299
153 299
154 299
155 299
156 298
157 297
158 296
159 295
160 294
161 293
162 292
163 291
164 290
165 290
166 290
167 290
168 290
169 290
170 290
171 290
172 290
173 290
174 290
175 290
176 290
177 290
178 289
179 289
180 289
181 288
182 287
183 286
184 285
185 284
186 283
186 282
186 281
186 280
185 279
184 278
183 277
182 276
181 275
180 274
179 273
178 272
177 271
176 270
175 269
164 289
163 288
162 287
161 286
160 285
159 284
158 283
157 282
157 281
157 280
157 279
157 278
157 277
157 276
157 275
157 274
157 273
156 272
155 272
154 272
153 272
152 272
151 271
150 270
149 269
148 268
147 267
146 266
150 317
149 318
148 319
147 320
146 321
145 322
144 323
143 324
142 325
141 326
141 327
141 328
141 329
141 330
141 331
141 332
141 333
141 334
141 335
141 336
141 337
141 338
164 319
165 320
166 321
167 322
168 323
169 324
169 325
169 326
169 327
169 328
169 329
169 330
168 331
168 332
168 333
168 334
168 335
168 336
168 337
168 338
168 339
168 340
168 341
168 342
168 343
168 344
168 345
168 346
168 347
168 348
168 349
168 350
168 351
168 352
168 353
168 354
168 355
168 356
186 312
185 313
184 314
184 315
184 316
184 317
184 318
184 319
184 320
184 321
184 322
228 305
228 304
228 303
228 302
228 301
228 300
228 299
228 298
228 297
228 296
227 295
226 294
228 307
228 308
228 309
228 310
228 311
228 312
228 313
228 314
228 315
228 316
228 317
228 318
227 319
226 320
225 321
224 322
223 323
222 324
222 325
222 326
222 327
222 328
221 328
220 328
219 328
218 328
217 328
216 328
215 328
214 328
213 328
212 327
211 326
210 325
209 324
208 323
221 329
220 330
219 331
218 332
217 333
216 334
215 335
214 336
213 337
213 338
213 339
212 340
211 341
210 342
209 343
208 344
208 345
208 346
208 347
208 348
208 349
207 349
206 349
205 349
204 349
203 349
202 349
201 349
200 348
199 347
198 346
198 345
198 344
198 343
198 342
197 341
196 340
195 339
194 338
193 337
197 347
196 348
195 349
194 350
193 350
192 350
191 350
190 350
191 351
192 352
193 353
194 354
195 355
195 356
195 357
195 358
194 359
193 360
192 361
192 362
192 363
192 364
192 365
192 366
192 367
192 368
192 369
192 370
192 371
196 359
197 360
198 361
199 361
200 361
201 361
202 361
203 361
204 361
205 361
206 361
207 361
208 361
209 361
210 361
211 361
212 361
213 361
214 361
215 360
216 360
217 360
218 359
219 358
220 357
221 356
222 355
223 354
224 353
225 353
226 353
227 352
228 351
229 350
230 349
231 348
232 347
233 346
234 345
235 344
236 344
237 344
238 344
239 344
240 344
241 344
242 344
243 344
244 344
245 344
246 345
247 346
248 347
249 348
250 349
251 350
252 351
253 352
254 353
255 353
256 353
256 352
256 351
256 350
256 349
256 348
257 347
258 346
259 345
260 344
261 343
261 342
261 341
261 340
261 339
261 338
261 337
260 336
259 335
258 334
257 333
257 332
257 331
257 330
257 329
257 328
257 327
257 326
257 325
257 324
257 323
257 322
258 321
259 320
260 319
261 318
262 318
263 318
264 318
265 318
266 318
267 318
268 318
269 318
270 318
271 318
272 318
273 318
274 317
275 317
276 317
277 317
278 317
279 317
280 317
281 316
282 315
283 314
275 318
276 319
277 320
278 321
279 322
280 323
281 324
282 325
283 326
283 327
284 328
285 329
286 329
287 329
288 329
289 329
290 329
291 329
292 329
293 329
294 329
295 329
294 330
293 331
292 332
291 333
290 334
289 335
288 336
287 337
286 338
285 339
284 340
284 341
284 342
284 343
285 343
286 343
287 343
288 343
289 343
290 343
291 343
292 343
293 343
294 343
295 343
296 344
296 345
296 346
296 347
296 348
296 349
296 350
296 351
295 352
294 353
293 354
292 355
291 356
290 356
289 356
288 356
287 356
286 356
297 352
298 352
299 352
300 352
301 352
302 352
303 352
304 352
304 351
304 350
304 349
304 348
304 347
304 346
305 345
306 344
307 344
308 344
309 344
310 344
311 344
312 344
313 344
314 344
315 344
316 344
317 343
318 342
319 341
320 340
321 340
322 340
323 340
324 340
325 340
326 340
327 340
328 339
329 338
329 337
329 336
329 335
329 334
329 333
329 332
329 331
329 330
329 329
329 328
329 327
330 326
331 325
332 324
333 323
334 322
334 321
333 321
332 321
331 321
330 321
329 321
328 321
327 321
326 321
325 321
324 321
323 320
322 320
321 319
320 318
319 317
318 316
317 315
316 314
315 313
314 312
323 319
323 318
323 317
323 316
323 315
324 314
325 313
326 312
327 311
328 310
329 309
335 321
303 353
302 354
301 355
301 356
301 357
301 358
301 359
301 360
305 353
306 354
307 355
308 356
309 357
310 358
311 359
312 360
313 361
314 362
315 363
316 364
317 364
318 364
319 364
319 363
319 362
319 361
320 360
321 359
322 360
323 361
324 362
325 362
320 365
321 366
322 367
323 368
324 369
325 370
326 371
327 372
328 373
329 374
330 375
331 376
331 377
331 378
331 379
331 380
332 380
333 380
334 380
335 380
336 379
337 378
338 377
339 376
340 375
341 374
342 373
343 372
344 372
345 372
346 372
347 372
348 372
349 372
350 372
351 372
352 371
353 371
352 370
352 369
352 368
352 367
351 366
350 365
349 364
348 363
347 362
346 361
345 360
344 359
343 358
354 370
355 369
356 368
357 367
358 366
359 365
360 364
361 363
362 362
362 361
362 360
362 359
363 359
362 358
362 357
362 356
361 355
360 354
359 353
358 352
357 351
356 350
364 358
365 357
366 356
367 355
368 354
369 353
370 352
371 353
372 354
373 355
374 356
375 357
376 358
377 359
378 360
379 361
380 362
381 363
382 363
383 363
384 363
385 363
386 363
387 363
388 363
389 363
390 363
391 363
392 363
393 362
394 361
382 364
381 365
380 366
379 367
378 368
377 369
376 370
375 371
374 372
373 373
372 374
371 375
371 376
371 377
371 378
371 379
371 380
371 381
332 381
333 382
334 383
335 384
336 385
337 386
337 387
338 387
339 387
340 387
341 387
342 387
343 387
344 387
345 387
346 387
347 387
348 387
349 388
350 389
351 390
351 391
351 392
351 393
351 394
351 395
351 396
351 397
351 398
351 399
352 400
353 401
353 402
353 403
353 404
353 405
353 406
353 407
353 408
354 409
355 410
356 411
357 412
358 413
358 414
358 415
358 416
358 417
358 418
358 419
359 419
360 419
361 419
362 419
363 419
364 419
365 419
366 418
367 417
368 416
369 416
370 416
371 416
372 416
373 416
374 416
375 416
376 415
377 414
378 414
378 415
379 416
380 417
381 418
382 419
383 420
384 421
385 422
386 423
386 424
386 425
385 426
384 427
383 428
382 429
381 430
380 431
379 432
378 432
377 432
376 432
375 432
374 432
387 426
388 427
389 427
390 427
391 427
392 427
393 427
394 427
395 427
396 427
397 427
398 427
399 427
400 427
401 427
401 426
402 425
403 424
404 423
405 422
406 421
407 420
408 419
408 418
408 417
408 416
408 415
408 414
408 413
408 412
408 411
408 410
409 409
410 409
411 409
412 409
413 409
414 409
415 408
416 407
417 406
418 405
419 404
420 404
421 404
422 404
423 404
424 404
425 404
426 404
427 404
428 404
429 404
430 403
431 402
432 401
432 400
432 399
432 398
432 397
432 396
432 395
432 394
433 393
433 392
433 391
433 390
433 389
434 388
435 387
436 386
437 385
438 384
433 402
434 403
435 404
436 405
437 405
438 405
439 405
440 405
441 405
442 405
443 405
444 406
445 407
446 408
447 409
448 409
449 409
450 409
451 409
452 409
453 409
454 409
455 409
456 409
456 408
456 407
456 406
456 405
456 404
456 403
456 402
456 401
457 400
458 399
459 398
460 397
461 396
462 395
463 396
464 396
465 396
466 396
467 396
468 396
469 396
470 396
471 396
472 396
473 396
474 396
475 396
476 396
477 396
478 396
479 395
480 394
481 393
482 392
483 391
484 390
484 389
484 388
483 387
482 386
481 385
480 384
479 383
478 382
477 381
476 381
475 381
474 381
473 381
472 381
471 381
470 381
469 381
468 381
467 380
477 380
477 379
477 378
477 377
477 376
478 375
479 374
480 373
481 372
482 371
485 391
486 392
487 393
488 393
489 393
490 393
491 393
492 393
493 393
494 393
495 393
496 394
497 395
498 396
499 397
500 398
501 399
501 400
501 401
501 402
501 403
502 403
503 403
504 403
505 403
506 403
507 403
508 403
509 403
510 403
511 403
512 402
513 401
514 400
514 399
514 398
514 397
514 396
514 395
514 394
514 393
514 392
514 391
515 390
515 389
515 388
515 387
515 386
515 385
515 384
516 383
517 382
518 381
515 401
516 402
517 403
518 404
519 405
520 406
520 407
520 408
520 409
520 410
521 410
522 410
523 410
524 409
525 408
526 407
527 406
528 405
529 404
530 403
531 402
532 401
533 400
534 399
535 398
536 397
537 396
537 395
538 394
539 393
540 392
541 391
542 390
543 389
544 388
519 411
518 412
517 413
516 414
515 415
515 416
515 417
514 418
513 419
512 420
511 421
510 422
509 423
508 424
508 425
508 426
508 427
508 428
509 429
509 430
509 431
509 432
509 433
509 434
509 435
509 436
509 437
509 438
509 439
510 439
511 439
512 439
513 439
514 439
515 439
516 439
517 439
518 438
519 437
520 436
521 435
522 434
523 433
524 433
525 433
526 433
527 433
528 433
529 432
530 431
531 430
532 429
533 428
534 427
535 426
536 426
537 426
538 426
539 426
540 426
541 426
542 426
543 425
544 424
544 423
544 422
545 421
546 420
547 419
548 418
549 417
550 416
551 415
552 416
553 417
554 418
555 419
556 420
557 421
558 422
559 423
560 424
561 425
561 426
562 426
563 426
564 426
565 426
566 426
567 426
568 426
569 425
570 424
571 423
572 422
573 421
573 420
573 419
573 418
573 417
573 416
573 415
573 414
573 413
573 412
573 411
573 410
573 409
573 408
574 407
574 406
574 405
574 404
574 403
574 402
573 401
572 400
571 399
570 398
569 397
568 396
567 395
566 394
566 393
565 393
567 392
568 391
569 390
570 389
571 388
572 387
573 386
574 385
575 384
576 383
577 382
578 381
579 381
580 380
581 379
582 378
583 377
584 376
585 375
586 374
587 373
588 372
589 371
590 370
591 369
592 368
593 367
594 366
595 365
596 364
597 363
598 362
598 361
598 360
598 359
598 358
598 357
598 356
598 355
598 354
598 353
598 352
598 351
598 350
597 349
596 348
596 347
596 346
596 345
596 344
595 343
594 342
593 341
592 340
591 339
590 338
590 337
591 336
592 335
593 334
594 333
595 332
596 331
597 330
598 329
599 328
600 327
601 326
602 325
603 324
604 323
605 322
606 321
607 321
608 321
609 321
610 321
611 321
612 321
613 321
614 321
615 321
616 320
617 319
618 318
619 319
620 320
621 321
622 322
622 323
622 324
622 325
622 326
622 327
622 328
623 329
624 330
625 331
626 332
627 333
628 334
629 335
630 336
631 337
632 337
633 337
632 338
631 339
630 340
629 341
628 342
627 343
626 344
625 345
624 346
624 347
624 348
624 349
624 350
624 351
624 352
634 338
635 339
636 339
637 339
638 339
639 339
640 339
641 339
642 339
643 339
644 339
645 339
646 339
607 322
608 323
609 324
609 325
609 326
609 327
609 328
609 329
609 330
609 331
606 320
606 319
606 318
606 317
606 316
606 315
606 314
606 313
605 312
605 311
605 310
605 309
605 308
606 308
605 307
604 306
603 305
602 304
601 303
600 303
599 303
598 303
597 303
596 303
595 303
594 303
593 303
592 303
591 303
590 302
589 301
588 300
587 301
586 302
585 303
584 304
583 305
582 306
581 307
580 308
579 308
578 308
577 309
576 310
575 311
574 312
573 313
572 314
572 315
572 316
572 317
572 318
572 319
572 320
572 321
572 322
607 307
608 306
609 305
610 304
611 303
612 304
613 304
614 304
615 304
616 304
617 304
618 304
619 304
620 304
621 304
622 304
623 304
624 304
625 304
625 303
625 302
625 301
625 300
625 299
625 298
625 297
626 296
627 295
628 294
629 293
630 292
631 291
632 290
633 289
634 288
635 287
636 286
637 285
638 284
639 283
640 282
641 281
642 280
643 279
644 278
589 339
588 340
587 341
586 342
585 343
584 344
583 344
582 344
581 344
580 344
579 345
578 346
577 347
576 348
576 349
576 350
576 351
576 352
576 353
576 354
576 355
576 356
576 357
576 358
575 408
576 409
577 410
578 411
579 412
580 413
581 413
582 413
583 413
584 413
585 413
586 413
587 413
588 413
589 412
590 411
591 410
592 409
593 408
594 407
595 406
596 405
597 404
597 403
597 402
597 401
598 400
599 399
600 398
601 397
602 396
603 395
604 394
605 393
606 392
607 391
608 390
609 389
610 388
611 387
612 387
613 387
614 387
615 387
616 387
617 387
618 387
619 387
620 386
621 385
622 384
623 383
624 383
625 383
626 383
627 383
628 383
629 383
630 383
631 382
632 381
633 380
633 379
632 378
631 377
630 376
629 375
628 374
627 373
626 372
634 381
635 382
636 383
637 384
637 385
637 386
637 387
637 388
637 389
637 390
637 391
637 392
638 393
639 394
640 395
641 396
642 397
643 398
644 399
645 400
646 401
647 402
648 403
649 404
649 405
648 406
647 407
646 408
645 409
644 410
643 411
642 412
641 413
640 414
639 415
589 414
590 415
591 416
591 417
591 418
591 419
591 420
591 421
591 422
591 423
591 424
592 425
593 426
594 427
595 428
596 429
597 430
597 431
597 432
597 433
598 433
599 433
600 433
601 433
602 433
603 433
604 433
605 433
606 433
607 433
608 433
608 432
608 431
608 430
608 429
608 428
608 427
608 426
608 425
608 424
609 423
610 422
611 421
612 420
613 419
614 418
615 417
616 416
617 415
596 434
595 435
594 436
593 437
592 438
591 439
590 440
589 441
588 442
587 442
586 442
585 442
584 442
583 442
582 442
581 442
500 404
499 405
498 406
497 406
496 406
495 406
494 406
493 406
492 407
491 408
490 409
489 410
489 411
489 412
489 413
489 414
457 410
458 411
459 412
460 413
461 414
462 415
463 416
463 417
463 418
463 419
463 420
463 421
463 422
463 423
462 424
461 425
460 426
459 427
458 428
457 429
456 429
455 429
454 429
453 429
452 429
451 429
450 429
449 429
449 430
448 431
447 432
447 433
447 434
447 435
447 436
447 437
447 438
447 439
447 440
448 428
447 427
446 426
445 425
444 424
443 423
442 422
441 421
440 420
439 419
464 424
465 425
466 426
467 427
468 428
469 429
470 430
471 431
472 432
473 433
473 434
473 435
474 436
475 436
476 436
477 436
478 436
479 436
480 436
481 436
482 436
483 436
484 436
485 436
486 436
487 436
488 435
489 434
490 433
491 432
492 431
493 430
402 428
403 429
404 430
405 431
406 432
407 433
408 434
409 435
410 436
411 437
411 438
411 439
410 440
409 441
408 442
407 443
406 444
405 445
404 446
403 447
402 448
401 449
400 450
399 451
398 452
397 452
396 452
395 452
394 452
393 452
412 440
413 441
414 442
415 443
416 444
417 444
418 444
419 444
420 444
421 444
422 444
423 444
424 444
425 444
426 444
427 444
428 444
429 444
377 413
377 412
377 411
377 410
377 409
377 408
377 407
376 406
375 405
374 404
373 403
372 402
371 401
379 413
380 412
381 411
382 410
383 409
384 408
385 407
386 406
387 405
388 404
389 403
390 402
391 401
392 400
393 399
394 398
395 397
396 396
397 395
398 394
399 393
386 408
387 408
388 408
389 408
390 408
391 408
392 408
336 388
335 389
334 390
333 391
332 392
331 393
330 394
329 395
329 396
329 397
330 398
330 399
330 400
330 401
330 402
330 403
330 404
330 405
330 406
329 407
328 408
327 409
326 410
325 411
324 412
323 413
322 414
321 415
320 416
319 417
319 418
319 419
318 419
317 419
316 419
315 419
314 419
313 419
312 419
311 419
310 419
309 418
308 417
307 416
306 415
305 416
304 417
303 418
302 419
301 420
300 421
299 422
298 423
298 424
298 425
299 426
300 427
301 428
302 429
303 430
304 431
305 431
306 431
320 420
321 421
322 422
323 423
324 424
325 425
325 426
325 427
326 428
327 429
328 430
329 431
330 432
331 432
332 432
333 432
334 432
335 432
336 432
337 432
336 433
335 434
334 435
333 436
332 437
331 438
330 439
329 440
328 441
327 442
326 443
325 444
324 445
323 446
322 447
321 448
320 449
319 450
319 451
318 452
317 453
316 454
315 455
314 456
314 457
314 458
314 459
314 460
314 461
314 462
315 463
316 464
317 465
318 466
318 467
318 468
318 469
318 470
319 471
320 472
321 473
322 474
323 475
324 476
325 477
325 478
324 479
323 480
322 481
321 482
320 483
319 484
318 485
317 485
316 485
315 485
314 486
313 487
312 488
311 489
310 490
309 491
309 492
309 493
309 494
309 495
309 496
309 497
308 497
307 497
306 497
305 497
304 497
303 497
302 497
301 497
300 496
299 495
298 494
298 493
298 492
298 491
298 490
297 490
296 489
295 488
294 487
293 486
292 485
298 489
298 488
299 487
300 486
301 485
302 484
302 483
302 482
301 481
300 480
299 479
298 478
297 477
296 476
295 475
294 474
293 473
292 472
291 471
290 470
289 469
310 498
311 498
312 498
313 498
314 498
315 498
316 498
317 498
318 498
326 479
327 480
328 481
329 482
330 482
331 482
332 482
333 482
334 482
335 481
336 480
337 479
338 478
339 477
340 476
341 475
341 474
342 473
343 472
344 471
345 470
346 469
347 468
348 467
349 466
350 465
351 466
352 467
353 468
354 468
355 468
356 468
357 468
358 468
359 468
360 468
361 468
362 468
363 468
364 468
365 467
366 466
367 465
368 464
369 463
360 469
361 470
362 471
363 472
364 473
365 474
365 475
365 476
365 477
365 478
366 478
367 478
368 478
369 478
370 478
371 478
372 478
373 478
374 478
375 477
376 476
377 477
378 478
379 479
380 480
381 481
382 482
383 483
383 484
383 485
384 485
385 485
386 485
387 485
388 485
389 485
390 485
391 484
392 483
393 482
394 481
395 480
396 479
397 478
398 477
399 478
400 479
401 480
402 481
403 482
404 483
405 484
406 485
406 486
406 487
407 487
408 487
409 487
410 487
411 487
412 487
413 487
414 487
415 487
416 487
417 487
418 487
419 487
420 487
421 486
421 485
421 484
421 483
421 482
421 481
421 480
421 479
421 478
421 477
421 476
421 475
421 474
421 473
422 472
423 471
422 487
422 488
422 489
422 490
422 491
422 492
422 493
422 494
422 495
422 496
405 488
404 489
403 490
402 491
401 492
400 493
399 494
398 495
397 496
397 497
397 498
397 499
397 500
382 486
381 487
380 488
379 489
378 490
377 490
376 490
375 490
374 490
373 490
374 491
375 492
376 493
377 494
378 495
378 496
378 497
378 498
378 499
377 500
376 501
375 502
374 503
373 504
372 504
371 504
370 504
364 479
363 480
362 481
361 482
360 483
359 484
358 485
357 486
356 487
355 487
354 488
353 489
352 490
351 491
350 492
349 493
348 494
347 495
346 496
345 497
344 498
343 499
342 500
341 501
340 502
339 503
338 504
337 505
337 506
337 507
337 508
338 509
339 509
340 509
341 509
342 509
343 509
344 509
345 509
346 510
347 511
348 512
349 513
350 514
351 515
352 516
353 516
354 516
320 452
321 453
322 454
323 455
324 456
325 457
326 458
327 459
328 460
329 461
330 462
331 462
332 462
338 433
339 434
340 435
341 436
342 437
343 438
344 439
345 440
346 440
347 440
348 440
349 440
350 440
351 440
352 440
353 440
354 440
355 440
356 439
357 438
358 437
359 436
256 354
257 354
256 355
256 356
256 357
256 358
256 359
256 360
256 361
256 362
256 363
258 355
259 356
260 357
261 358
262 359
263 360
264 361
265 362
266 363
267 363
268 363
268 364
268 365
268 366
268 367
268 368
268 369
268 370
268 371
268 372
269 373
270 373
271 373
272 373
273 373
274 374
275 375
276 376
277 377
278 378
279 379
280 380
280 381
280 382
280 383
281 383
280 384
280 385
282 382
283 381
284 380
285 379
286 378
287 377
288 376
236 345
237 346
238 347
238 348
238 349
238 350
238 351
238 352
238 353
238 354
206 362
207 363
208 364
209 365
210 366
210 367
210 368
210 369
210 370
210 371
209 372
208 373
207 374
206 375
206 376
206 377
206 378
206 379
206 380
206 381
206 382
206 383
211 372
212 373
213 374
214 375
215 376
216 377
217 378
218 379
219 380
220 381
221 382
221 383
221 384
222 384
223 384
222 385
223 386
224 387
225 388
226 389
227 390
228 391
229 392
229 393
229 394
229 395
229 396
229 397
229 398
228 399
227 400
226 401
225 402
224 402
223 402
222 402
221 402
220 402
219 402
218 402
217 402
216 401
215 400
214 399
213 400
212 401
211 402
210 403
209 404
208 405
207 405
206 405
205 405
204 405
203 405
202 405
202 404
201 403
200 402
199 401
198 400
197 399
196 398
195 397
194 396
193 395
192 394
191 393
190 392
189 391
188 390
187 389
186 389
185 389
184 389
183 389
182 389
181 389
180 389
179 388
178 387
177 387
176 387
175 387
174 386
173 385
172 384
171 383
170 382
169 381
168 380
167 379
166 378
165 377
164 376
163 375
162 374
161 374
160 374
159 374
158 374
157 374
156 374
155 373
154 372
153 372
152 372
151 372
150 372
149 372
148 372
147 372
146 372
145 372
144 372
143 372
142 372
153 373
152 374
151 375
150 376
149 377
148 378
147 379
146 380
145 381
144 382
143 383
142 384
154 371
153 370
152 369
151 368
150 367
149 366
148 365
147 364
146 363
145 362
144 361
143 360
142 360
141 360
140 360
139 360
138 360
137 360
136 360
135 360
134 360
133 360
132 360
131 359
130 358
129 357
128 356
127 355
126 356
125 357
124 358
123 359
122 360
121 361
120 362
119 363
119 364
119 365
119 366
119 367
119 368
119 369
119 370
119 371
118 372
117 373
116 373
115 373
114 373
113 373
112 373
111 373
110 373
109 373
108 372
107 371
106 370
105 369
104 368
104 367
104 366
103 366
102 365
101 364
100 363
99 362
98 361
97 360
96 359
95 358
94 357
93 356
92 355
91 355
90 355
89 355
88 355
87 355
86 355
85 355
84 354
83 353
82 352
81 351
80 350
79 349
78 348
77 349
76 350
75 351
74 352
73 353
72 354
71 355
70 356
69 357
68 358
67 359
66 360
65 361
64 361
65 362
66 363
67 364
68 364
69 364
70 364
71 364
72 364
73 364
74 364
75 364
76 364
77 364
76 365
75 366
74 367
73 368
72 369
71 370
70 371
69 372
68 373
67 374
66 375
66 376
66 377
66 378
66 379
66 380
65 381
64 381
63 381
62 381
61 381
60 381
59 382
59 383
59 384
59 385
59 386
59 387
59 388
59 389
59 390
59 391
58 391
57 390
56 389
55 388
54 387
53 386
52 385
51 384
50 383
49 382
48 381
47 382
46 383
45 384
44 385
43 386
43 387
43 388
42 388
41 388
40 388
39 388
38 388
37 387
36 386
35 385
34 384
33 383
33 382
33 381
33 380
33 379
33 378
33 377
33 376
33 375
33 374
32 373
31 372
30 371
29 370
28 369
27 368
27 367
27 366
27 365
27 364
27 363
27 362
27 361
27 360
26 359
25 358
25 357
24 357
26 357
27 357
28 357
29 357
30 357
31 357
32 357
33 357
34 356
35 355
36 354
36 353
36 352
36 351
36 350
36 349
36 348
36 347
36 346
36 345
36 344
36 343
36 342
36 341
36 340
37 340
38 340
39 340
40 339
41 338
42 337
43 336
44 335
44 334
43 334
42 334
41 334
40 333
39 332
38 331
37 330
36 329
35 328
34 327
33 326
32 326
31 326
30 325
29 324
28 323
27 322
26 321
25 320
24 319
23 318
22 317
21 318
20 319
19 320
18 321
17 322
16 323
15 324
15 325
15 326
15 327
15 328
15 329
16 330
17 331
18 332
19 333
20 334
21 335
21 336
21 337
21 338
21 339
45 334
46 334
47 334
48 334
49 334
50 334
51 334
52 334
53 334
54 334
55 334
56 333
57 333
58 333
59 333
60 333
61 333
62 333
63 333
64 333
65 332
66 331
67 330
37 355
38 356
39 357
40 358
41 359
42 359
43 359
44 359
44 389
45 390
46 391
47 392
47 393
47 394
47 395
47 396
47 397
47 398
47 399
60 392
61 393
62 394
63 395
64 396
65 397
66 398
67 399
68 400
68 401
68 402
68 403
68 404
68 405
68 406
68 407
68 408
69 408
70 408
71 408
72 408
73 408
74 408
75 408
76 408
77 407
78 365
79 366
80 367
81 368
82 369
82 370
82 371
82 372
104 365
104 364
104 363
104 362
104 361
105 360
106 359
107 358
108 357
109 356
110 355
103 369
102 370
101 371
100 372
100 373
100 374
100 375
100 376
100 377
112 374
113 375
114 376
115 377
116 378
117 379
117 380
117 381
117 382
117 383
117 384
116 385
115 386
114 387
113 388
112 389
111 390
110 391
109 392
108 393
107 394
106 394
105 394
104 394
103 394
102 394
101 394
100 394
99 394
98 393
97 392
96 393
95 394
94 395
94 396
93 396
92 396
91 396
90 395
89 394
88 393
87 392
86 391
85 390
84 389
106 395
107 396
108 397
109 398
110 399
110 400
110 401
177 388
176 389
175 390
174 391
173 392
172 393
171 394
170 394
169 394
168 394
167 394
166 394
165 394
164 394
163 395
163 396
163 397
163 398
163 399
163 400
163 401
163 402
162 403
161 404
160 405
159 406
158 407
157 408
156 409
156 410
156 411
156 412
156 413
155 413
154 413
153 413
152 413
151 413
150 413
149 413
148 413
147 413
146 413
145 413
144 413
143 413
142 413
141 413
140 413
139 413
138 413
137 413
136 413
135 413
134 413
133 413
132 413
131 413
130 412
129 411
128 412
127 413
126 414
125 415
125 416
125 417
125 418
125 419
125 420
125 421
125 422
125 423
125 424
124 425
123 426
122 427
121 428
120 429
120 430
120 431
120 432
120 433
119 433
118 433
117 433
116 433
115 433
114 433
113 433
112 433
111 433
110 433
109 433
108 433
107 433
106 433
105 433
104 433
103 433
121 434
122 434
123 434
124 434
125 434
126 434
127 434
128 434
129 434
155 414
154 415
153 416
152 417
151 418
150 419
149 420
148 421
147 422
147 423
147 424
147 425
147 426
201 406
200 407
199 408
198 409
197 410
196 411
195 412
194 413
193 414
192 415
191 416
190 417
189 418
188 419
187 420
186 421
185 422
184 423
183 424
182 424
181 424
180 424
179 424
178 424
177 424
176 425
175 426
174 427
173 428
172 429
171 430
170 431
169 432
169 433
169 434
169 435
168 436
167 437
166 438
165 439
164 440
163 441
162 442
161 442
160 442
159 442
158 442
157 442
156 442
155 442
154 442
153 442
178 425
179 426
180 427
181 428
182 429
183 430
184 431
185 432
186 433
187 434
188 435
189 436
190 437
190 438
190 439
190 440
190 441
190 442
191 442
192 442
193 442
194 442
195 442
196 442
197 442
198 442
199 442
200 442
201 442
202 442
203 442
204 441
205 440
206 439
207 438
203 406
204 407
205 408
205 409
205 410
205 411
205 412
205 413
205 414
205 415
224 383
225 382
226 381
227 380
228 379
229 378
230 377
231 376
232 377
233 378
234 379
235 380
236 381
237 381
238 381
239 381
240 381
241 382
242 383
243 384
244 385
245 386
246 387
247 387
248 387
249 387
248 388
247 389
246 390
245 391
245 392
245 393
246 394
247 395
248 396
249 397
250 397
251 397
252 397
253 397
254 397
255 397
256 397
257 397
258 397
259 397
260 396
261 395
262 396
263 397
264 398
265 399
266 400
267 401
267 402
267 403
252 398
253 399
254 400
255 401
256 402
256 403
256 404
256 405
257 406
258 407
259 408
260 409
261 410
262 411
262 412
262 413
262 414
262 415
263 416
263 417
263 418
263 419
263 420
263 421
263 422
263 423
264 423
265 423
266 423
267 422
268 421
269 420
270 419
271 418
272 419
273 420
273 421
273 422
273 423
273 424
273 425
273 426
262 424
261 425
260 426
259 427
258 428
257 429
256 430
255 431
254 432
253 432
252 432
251 432
251 431
251 430
251 429
251 428
250 427
249 426
248 425
247 424
246 423
245 423
244 423
243 423
242 423
241 423
240 422
239 421
238 420
237 419
236 418
235 419
234 420
233 421
233 422
233 423
233 424
233 425
233 426
233 427
232 427
231 427
230 427
229 427
228 426
227 425
226 424
225 423
224 422
223 421
222 420
221 419
220 418
232 428
231 429
230 430
230 431
230 432
230 433
230 434
230 435
230 436
230 437
250 433
249 434
248 435
248 436
248 437
248 438
248 439
248 440
248 441
248 442
252 433
253 434
254 435
255 436
256 437
257 438
258 439
258 440
258 441
259 441
260 441
261 441
262 441
263 441
264 441
265 440
266 439
214 340
215 341
216 341
217 341
218 341
219 341
220 341
221 341
229 319
230 320
231 321
232 322
233 323
234 324
235 325
235 326
235 327
235 328
235 329
300 274
299 275
298 276
297 277
296 278
296 279
296 280
296 281
296 282
296 283
296 284
295 285
294 286
293 287
292 288
291 289
291 290
291 291
291 292
291 293
291 294
291 295
291 296
291 297
291 298
324 280
324 281
324 282
324 283
324 284
324 285
324 286
324 287
324 288
323 289
322 290
321 290
320 290
319 290
318 290
317 290
316 290
315 290
314 290
313 290
312 290
311 290
326 280
327 281
328 282
329 283
330 284
331 285
332 285
333 285
334 285
335 285
336 285
337 286
338 287
339 288
340 289
341 290
342 291
343 292
344 293
345 294
346 295
347 296
348 297
349 298
350 299
350 300
350 301
855
332 251
324 251
331 239
333 227
342 228
345 219
341 207
345 196
348 186
354 175
346 163
357 153
353 141
344 135
338 132
334 124
326 124
312 117
307 126
299 128
288 118
287 108
295 94
287 80
298 79
313 78
294 66
282 48
304 60
316 51
309 42
328 54
340 45
330 29
357 51
361 41
359 33
350 25
350 66
359 81
344 82
278 122
269 109
352 107
329 142
322 150
312 146
301 145
287 158
315 160
324 163
360 128
371 130
386 127
394 128
404 120
402 109
391 109
390 99
394 89
410 87
419 63
428 54
390 80
380 72
382 69
394 61
374 62
387 149
362 163
340 179
329 183
321 183
310 177
299 188
286 183
294 200
301 211
310 211
322 213
308 222
308 237
305 253
307 190
317 195
329 191
357 222
368 226
380 218
373 205
361 208
385 209
395 204
392 198
387 190
381 181
389 177
402 190
410 198
413 209
427 219
436 217
443 208
438 200
429 196
427 204
437 189
428 180
425 168
446 197
449 217
459 219
464 206
462 191
468 183
457 172
454 171
443 159
434 151
428 141
421 153
407 149
459 165
466 166
474 155
465 142
475 145
445 172
473 198
481 191
481 178
481 169
494 156
491 148
501 147
514 149
523 149
536 153
534 130
519 129
508 117
516 108
510 100
502 106
491 111
483 101
495 120
482 126
473 117
461 121
453 116
447 102
461 108
444 125
430 117
420 120
498 128
510 130
545 138
558 131
553 120
544 112
531 103
564 118
564 110
568 99
523 161
534 172
524 179
511 188
507 180
497 177
527 190
541 195
539 176
549 165
550 155
566 155
546 178
558 185
500 162
472 222
459 237
468 239
475 247
487 246
482 223
494 217
499 205
496 197
511 207
523 218
524 227
502 228
430 231
438 238
426 245
417 255
426 266
439 263
447 265
442 277
444 287
452 291
461 278
464 294
474 295
480 283
489 278
495 270
505 272
509 259
506 245
516 251
524 263
537 266
530 250
539 255
546 245
547 237
559 223
550 210
543 221
577 224
586 223
578 213
572 204
587 201
598 192
597 176
598 232
595 242
608 254
619 240
627 233
630 224
626 209
617 203
621 192
629 184
622 172
617 159
605 158
590 158
583 148
580 172
577 180
605 148
591 130
603 124
597 101
634 178
640 166
636 153
626 142
609 211
633 198
641 201
599 261
582 266
580 274
572 271
600 274
570 235
526 279
510 293
524 305
536 314
537 305
527 322
517 324
500 323
491 322
535 324
546 330
547 338
536 346
535 357
524 349
519 337
525 362
513 364
508 351
499 371
547 359
543 369
548 269
551 261
547 282
557 290
553 300
474 274
466 262
415 268
407 276
399 287
389 286
401 296
414 293
427 298
419 316
424 328
412 339
411 329
436 332
445 335
456 343
468 341
474 352
459 359
489 353
434 340
437 353
428 355
420 356
389 307
389 317
380 328
368 321
361 332
377 337
386 338
415 226
401 209
341 256
346 248
353 266
354 281
367 285
371 271
377 263
389 263
390 271
364 250
390 245
392 237
368 295
374 304
366 304
325 279
312 271
301 273
287 262
276 253
280 274
266 285
264 295
256 293
243 287
235 279
233 271
219 265
211 263
199 261
193 244
182 248
180 238
165 226
152 216
139 203
130 191
122 183
111 178
103 181
109 159
106 145
93 137
80 131
72 141
62 133
64 130
57 143
89 150
94 159
93 129
108 137
117 137
128 142
139 141
151 133
161 127
174 118
189 123
194 109
213 100
197 137
207 131
222 123
236 130
225 139
236 139
230 150
217 160
222 168
231 163
245 166
254 169
263 169
269 160
257 159
270 145
281 139
254 179
245 186
255 192
230 175
246 121
240 109
251 102
158 141
168 139
143 125
151 118
141 101
129 104
154 110
131 129
128 117
113 113
104 111
124 171
127 157
138 170
138 220
156 235
148 238
135 235
123 240
110 229
109 221
113 213
100 199
85 205
79 204
78 195
68 193
63 184
62 175
58 162
48 166
43 164
29 155
31 172
22 174
21 184
26 193
33 195
44 193
48 184
21 206
28 216
37 213
47 207
32 222
72 162
81 190
71 209
62 209
57 220
69 232
75 241
61 249
53 238
56 261
70 259
75 257
99 229
91 221
99 240
100 249
90 257
100 272
88 283
86 293
74 293
69 293
60 287
56 295
57 299
65 305
94 303
85 309
89 318
86 326
97 323
108 320
119 326
103 304
96 288
150 248
144 250
185 230
193 227
201 221
182 222
167 208
158 201
183 214
192 214
195 201
185 186
176 182
169 179
163 167
155 161
183 162
192 167
196 159
195 185
203 183
204 245
207 236
221 224
232 223
246 218
235 205
229 191
218 203
249 208
223 239
226 279
248 270
240 256
239 239
250 246
256 236
269 232
267 211
275 215
241 305
228 306
219 306
208 295
195 300
187 311
176 308
168 309
163 318
151 316
148 308
138 307
129 292
121 287
129 282
124 273
148 299
164 290
178 289
186 283
175 269
157 282
156 272
146 266
142 325
141 338
169 330
168 340
168 356
184 322
226 294
228 318
222 328
208 323
213 339
208 349
198 346
193 337
190 350
195 358
192 371
205 361
215 360
224 353
235 344
245 344
256 353
261 343
257 333
261 318
274 317
283 314
283 327
295 329
284 343
295 343
296 351
286 356
304 352
306 344
320 340
329 338
323 320
314 312
329 309
335 321
301 360
319 364
321 359
325 362
327 372
331 380
343 372
352 371
343 358
362 362
356 350
370 352
383 363
394 361
371 381
337 387
348 387
351 399
353 408
358 419
368 416
377 414
386 425
374 432
401 427
408 419
409 409
419 404
432 401
433 393
438 384
443 405
456 409
462 395
476 396
484 390
477 381
467 380
482 371
495 393
501 403
514 400
515 390
518 381
520 410
537 396
544 388
515 417
508 428
509 439
523 433
535 426
544 424
551 415
561 426
573 421
574 407
565 393
578 381
598 362
596 348
590 338
606 321
618 318
622 328
633 337
624 352
646 339
609 331
605 312
601 303
588 300
578 308
572 322
611 303
625 304
644 278
580 344
576 358
588 413
597 404
611 387
623 383
633 380
626 372
637 392
649 405
639 415
591 424
597 433
608 433
617 415
581 442
493 406
489 414
463 423
450 429
447 440
439 419
473 435
484 436
493 430
411 439
393 452
429 444
371 401
385 407
399 393
392 408
329 397
330 406
319 419
306 415
298 425
306 431
325 427
337 432
319 451
314 462
318 470
325 478
315 485
309 497
298 494
292 485
302 484
289 469
318 498
333 482
341 475
350 465
359 468
369 463
365 478
376 476
383 485
398 477
406 487
421 486
423 471
422 496
397 500
373 490
378 499
370 504
355 487
346 496
337 508
345 509
354 516
332 462
351 440
359 436
256 363
268 363
268 372
273 373
280 385
288 376
238 354
210 371
206 383
221 384
229 398
222 402
214 399
202 405
191 393
187 389
178 387
162 374
154 372
146 372
142 372
142 384
143 360
127 355
119 371
111 373
104 368
92 355
78 348
64 361
77 364
66 380
60 381
59 391
48 381
43 388
33 383
27 368
24 357
36 354
36 340
33 326
22 317
15 329
21 339
45 334
56 333
67 330
44 359
47 399
68 408
77 407
82 372
110 355
100 377
117 384
105 394
97 392
94 396
84 389
110 401
164 394
163 402
156 413
143 413
129 411
125 424
120 433
103 433
129 434
147 426
189 418
177 424
169 435
153 442
190 442
207 438
205 415
231 376
240 381
249 387
245 393
251 397
261 395
267 403
256 405
262 415
263 423
271 418
273 426
251 432
246 423
236 418
233 427
220 418
230 437
248 442
258 441
266 439
221 341
235 329
296 284
291 298
324 288
311 290
336 285
350 301
