9385
332 270
334 271
335 272
336 273
337 274
338 275
339 276
340 277
341 278
342 279
343 279
344 279
344 278
344 277
344 276
344 275
344 274
345 273
346 272
347 271
348 272
349 273
350 274
351 274
352 274
353 274
354 274
355 274
356 274
357 274
358 275
359 276
359 277
359 278
359 279
359 280
359 281
359 282
359 283
359 284
359 285
359 286
359 287
360 288
361 289
362 290
363 291
364 292
365 293
366 293
367 293
368 293
369 293
370 293
371 293
372 293
373 293
374 293
375 293
376 293
377 292
378 291
378 290
378 289
377 288
376 287
375 286
374 285
373 284
372 283
372 282
372 281
372 280
372 279
373 278
374 277
375 276
376 275
379 292
380 293
381 294
382 295
383 295
384 295
385 295
386 295
387 296
388 297
389 297
390 297
391 297
392 297
393 297
394 297
395 297
396 297
397 297
398 297
399 297
400 297
401 297
402 297
403 297
404 297
405 297
406 296
407 295
408 294
409 293
410 292
411 291
412 290
412 289
411 289
410 289
409 288
408 287
407 286
406 285
405 284
404 283
403 282
402 281
401 280
400 279
413 289
397 298
396 299
395 300
394 301
393 302
393 303
393 304
393 305
393 306
393 307
393 308
393 309
393 310
393 311
393 312
370 294
370 295
370 296
370 297
370 298
370 299
370 300
370 301
370 302
370 303
370 304
370 305
370 306
369 307
368 308
367 309
366 310
365 311
364 312
363 313
362 314
362 315
371 307
372 308
373 309
374 310
375 311
376 312
376 313
376 314
376 315
376 316
376 317
376 318
375 319
374 320
373 321
372 322
371 323
370 324
370 325
370 326
370 327
370 328
371 329
372 330
373 331
374 331
375 331
376 331
377 331
378 331
379 331
380 331
343 280
342 281
341 282
340 282
339 282
338 282
337 282
336 282
335 282
334 282
335 283
336 284
337 285
338 286
339 287
339 288
339 289
339 290
339 291
339 292
339 293
340 294
340 295
340 296
340 297
340 298
340 299
340 300
340 301
340 302
340 303
340 304
340 305
340 306
340 307
340 308
340 309
340 310
340 311
340 312
340 313
340 314
340 315
340 316
340 317
340 318
339 319
338 320
337 321
336 322
335 323
335 324
335 325
335 326
335 327
335 328
334 329
333 330
332 331
331 332
330 333
329 334
328 335
327 336
326 337
326 338
326 339
326 340
326 341
326 342
326 343
326 344
326 345
326 346
326 347
326 348
326 349
326 350
326 351
325 352
324 353
323 354
322 355
321 356
321 357
321 358
322 359
323 360
324 361
325 362
326 363
327 364
327 365
327 366
327 367
327 368
327 369
327 370
328 370
329 370
330 370
331 369
332 368
333 367
334 366
335 365
336 364
337 363
338 362
339 361
340 360
341 359
328 371
329 372
330 373
331 374
331 375
331 376
331 377
331 378
331 379
331 380
330 381
329 382
329 383
329 384
329 385
329 386
329 387
329 388
329 389
329 390
329 391
328 392
327 393
326 394
325 395
324 396
323 397
322 398
321 399
320 400
319 401
319 402
319 403
319 404
318 404
317 403
316 402
315 401
314 400
313 399
312 398
311 397
310 396
309 395
309 394
309 393
309 392
309 391
308 390
307 389
306 388
305 387
304 386
304 385
304 384
304 383
304 382
304 381
304 380
304 379
304 378
304 377
305 376
308 396
307 397
306 398
305 399
304 400
303 401
303 402
303 403
320 405
321 406
322 406
323 406
324 406
325 406
326 406
327 406
328 406
329 406
330 406
331 406
332 406
331 407
330 408
329 409
328 410
327 411
326 412
325 413
324 414
323 415
322 416
321 417
321 418
321 419
320 420
319 421
318 422
317 423
316 423
315 423
314 423
313 423
312 423
311 423
310 423
309 423
308 423
307 423
306 423
305 423
304 423
322 420
322 421
322 422
322 423
322 424
322 425
322 426
322 427
322 428
322 429
322 430
322 431
322 432
322 433
322 434
322 435
322 436
321 437
320 438
319 439
318 440
317 441
317 442
317 443
317 444
317 445
317 446
333 407
334 408
335 409
336 410
337 411
338 412
339 413
340 414
341 414
342 414
343 414
344 414
345 414
346 414
347 414
348 414
349 414
350 414
351 414
352 413
353 412
354 411
355 410
356 409
356 408
357 408
358 409
359 410
360 411
361 412
362 413
363 414
364 415
365 415
365 416
366 414
367 413
368 412
369 411
370 410
371 409
372 408
373 407
374 406
375 406
376 406
377 406
378 406
379 406
380 406
381 406
382 406
383 405
384 404
385 404
386 404
387 404
388 404
389 404
390 404
391 404
392 404
393 404
394 404
395 404
396 404
397 403
397 402
397 401
397 400
397 399
397 398
397 397
397 396
397 395
397 394
398 393
398 404
399 404
400 404
401 404
402 404
403 404
404 404
405 404
404 405
403 406
402 407
401 408
401 409
401 410
401 411
401 412
401 413
406 405
407 406
408 407
409 408
410 409
411 410
412 411
413 412
414 413
415 414
416 415
417 415
418 415
419 415
384 403
384 402
384 401
384 400
383 399
382 398
381 397
380 396
379 395
378 394
375 407
376 408
377 409
378 410
379 411
380 412
380 413
380 414
380 415
380 416
380 417
379 418
378 419
377 420
376 421
375 422
374 423
373 424
372 425
371 426
371 427
371 428
371 429
371 430
371 431
371 432
371 433
371 434
371 435
370 436
369 437
368 438
367 439
366 440
365 440
364 440
363 440
362 440
361 440
360 440
359 440
358 440
357 441
356 442
355 443
354 444
353 445
352 446
351 447
350 448
349 449
348 450
347 451
346 452
345 453
346 454
347 455
348 456
349 457
350 458
350 459
350 460
350 461
350 462
350 463
350 464
350 465
351 466
352 467
352 468
352 469
352 470
352 471
352 472
352 473
353 473
354 473
355 473
356 473
357 473
358 473
359 472
360 471
361 471
362 471
363 471
364 471
365 471
366 471
367 470
368 469
369 468
370 467
371 466
372 465
371 464
370 463
369 462
368 461
367 460
366 459
365 458
364 457
363 456
373 466
374 467
375 468
376 469
377 470
378 471
379 472
380 473
381 474
382 475
383 475
384 475
385 475
386 475
387 475
388 475
389 475
390 475
391 475
392 475
393 475
394 475
395 475
396 475
397 474
398 473
399 472
400 471
401 470
402 469
403 468
404 467
405 466
393 476
394 477
395 478
396 479
397 480
397 481
397 482
397 483
397 484
398 485
399 486
400 487
401 488
402 489
403 490
404 491
405 492
405 493
405 494
405 495
406 495
407 495
408 495
409 495
410 495
411 494
412 493
413 492
414 491
415 490
416 489
417 488
418 487
419 486
420 485
421 484
422 483
423 482
351 474
350 475
349 476
348 477
347 478
346 479
345 480
344 481
343 482
342 482
341 482
340 482
339 482
338 482
337 482
336 482
335 482
334 482
333 481
332 480
331 479
330 478
329 477
328 476
327 475
326 474
325 473
324 472
323 471
322 470
321 469
320 468
337 483
336 484
335 485
334 486
333 487
332 488
331 489
330 489
329 489
328 489
327 489
326 489
325 489
324 490
323 491
322 492
321 493
320 494
319 495
318 496
317 496
316 496
315 496
314 496
313 496
312 496
311 496
310 495
309 494
308 493
307 492
306 491
305 490
304 489
303 488
302 487
301 486
300 486
300 487
299 488
298 489
297 490
297 491
297 492
297 493
297 494
296 495
295 496
294 496
293 496
292 496
291 496
290 496
289 496
299 485
298 484
297 483
296 482
295 481
294 480
293 479
292 478
291 477
290 476
326 490
327 491
328 492
329 493
330 494
331 495
331 496
331 497
331 498
331 499
331 500
332 501
333 502
334 503
335 504
336 505
337 506
338 507
339 508
340 508
341 508
342 508
343 508
343 507
343 506
344 505
345 504
346 503
347 502
348 501
349 500
350 499
351 498
352 498
353 498
354 498
355 498
356 498
357 498
358 498
359 498
360 498
361 498
362 498
363 498
364 498
365 498
366 498
367 497
368 496
369 495
370 494
371 493
372 492
360 499
361 500
362 501
363 502
364 503
365 504
366 505
366 506
366 507
366 508
366 509
367 509
368 509
369 509
370 509
371 509
372 509
373 509
374 509
375 509
376 509
377 509
378 508
379 507
352 499
353 500
354 501
354 502
354 503
354 504
354 505
354 506
354 507
354 508
344 509
345 510
346 511
347 512
348 513
349 514
350 515
350 516
350 517
350 518
350 519
350 520
350 521
350 522
381 418
382 419
383 420
384 421
385 422
386 423
387 424
388 425
389 426
390 427
391 428
392 428
393 428
394 428
395 429
396 430
397 430
398 430
399 430
400 430
401 430
402 430
403 431
404 432
405 433
406 434
407 435
408 435
409 435
410 435
411 435
412 435
413 435
414 435
415 435
416 435
417 435
418 435
419 435
355 407
354 406
353 405
352 404
351 403
350 402
349 401
348 400
342 415
341 416
340 417
339 418
339 419
339 420
339 421
339 422
339 423
339 424
339 425
339 426
339 427
339 428
339 429
339 430
332 381
333 382
334 382
335 382
336 382
337 382
338 382
339 382
340 382
341 382
342 382
336 329
337 330
338 330
339 330
340 330
341 330
342 330
343 330
344 330
345 330
344 331
343 332
342 333
341 334
341 335
341 336
341 337
341 338
341 339
341 340
341 341
341 342
341 343
346 331
347 332
348 333
349 334
350 335
351 336
352 337
353 338
354 339
355 340
356 341
357 342
358 343
359 343
360 344
361 345
362 346
363 347
364 348
365 349
365 350
365 351
365 352
365 353
364 354
363 355
362 356
361 357
360 358
359 359
358 360
357 361
356 361
355 361
366 354
367 355
368 356
369 357
370 358
371 359
372 360
373 361
374 362
375 362
375 361
375 360
375 359
375 358
375 357
376 356
377 355
378 355
379 355
380 355
381 355
382 354
383 353
384 352
385 351
386 350
387 349
388 348
389 347
390 346
391 347
392 348
393 349
394 350
395 351
396 352
397 353
398 354
399 354
399 353
400 352
401 351
402 350
403 349
404 348
405 347
406 346
407 345
408 344
409 343
409 342
408 342
407 341
406 340
405 339
404 338
403 337
402 336
401 335
400 334
399 333
398 332
397 331
396 330
396 329
396 328
397 327
398 326
399 325
400 324
401 323
402 322
403 321
404 320
405 319
406 318
407 317
408 316
409 315
410 314
411 315
412 316
413 316
414 316
415 316
416 316
417 316
418 316
419 316
420 316
421 316
422 316
423 316
424 316
425 315
425 314
425 313
425 312
426 311
427 310
428 309
429 308
430 307
431 306
432 305
433 306
434 307
435 308
436 309
437 310
438 311
438 312
438 313
410 342
411 342
412 342
413 342
414 342
415 342
416 341
417 340
418 339
419 338
420 337
421 336
422 335
423 334
400 355
400 356
400 357
400 358
400 359
400 360
400 361
400 362
400 363
400 364
400 365
400 366
400 367
375 363
375 364
374 365
373 366
372 367
371 368
370 369
369 370
368 371
367 372
367 373
367 374
367 375
366 376
365 377
364 378
363 379
362 380
361 381
360 382
359 383
359 384
368 376
369 377
370 377
371 377
372 377
373 377
374 377
375 377
376 377
331 269
330 268
329 267
328 266
327 265
326 264
326 263
326 262
326 261
326 260
326 259
326 258
327 258
328 257
329 256
330 255
331 254
332 253
332 252
332 251
332 250
332 249
332 248
332 247
332 246
332 245
333 244
334 243
335 242
336 242
337 242
338 241
339 240
340 239
341 238
342 237
343 236
344 235
345 234
346 233
347 232
348 231
348 230
348 229
348 228
348 227
348 226
348 225
348 224
348 223
349 223
350 223
351 223
352 223
353 222
354 221
355 220
356 219
357 219
358 219
359 219
360 219
361 219
362 219
363 219
364 218
365 217
366 216
367 215
368 214
369 213
370 212
371 211
371 210
372 210
371 209
371 208
371 207
371 206
371 205
370 204
369 203
368 202
373 209
374 208
375 207
376 206
377 205
378 204
379 203
380 202
381 202
382 202
383 202
384 202
385 201
386 200
387 199
388 200
389 201
390 202
391 203
392 204
393 204
394 204
395 204
396 204
397 204
398 204
399 204
400 204
401 204
402 204
403 204
404 203
405 202
406 201
407 200
408 199
409 198
409 197
409 196
409 195
410 195
409 194
409 193
408 192
407 191
406 190
405 189
405 188
405 187
405 186
405 185
405 184
405 183
405 182
405 181
405 180
405 179
405 178
405 177
411 194
412 193
413 192
414 191
415 190
410 199
411 200
412 201
413 202
414 203
415 204
416 205
417 206
418 207
419 208
420 208
421 208
422 208
423 208
424 208
425 208
426 208
427 207
428 206
429 205
429 204
429 203
429 202
429 201
429 200
429 199
429 198
429 197
429 196
430 195
430 194
430 193
430 192
430 191
430 190
430 189
430 188
430 187
430 186
430 185
431 184
431 183
431 182
431 181
431 180
431 179
431 178
431 177
431 176
430 175
429 174
429 173
429 172
429 171
429 170
429 169
429 168
429 167
429 166
429 165
429 164
429 163
428 162
427 161
426 160
425 159
425 158
425 157
425 156
425 155
424 154
423 153
422 152
422 151
422 150
422 149
422 148
422 147
422 146
421 145
420 144
419 143
418 142
418 141
418 140
418 139
418 138
418 137
418 136
418 135
418 134
418 133
418 132
419 131
420 130
421 129
422 128
423 127
424 126
425 125
425 124
424 124
423 124
422 124
421 124
420 123
419 122
418 121
417 120
416 119
415 118
414 117
413 116
412 115
411 114
410 115
409 116
408 117
407 118
406 119
405 120
404 121
403 121
402 121
401 121
400 121
399 121
399 120
399 119
399 118
399 117
398 116
397 115
396 114
395 113
394 112
393 111
426 124
421 153
420 154
419 155
418 156
417 156
416 156
415 156
414 156
413 156
412 156
411 156
410 156
409 156
409 155
409 154
409 153
409 152
408 151
407 150
406 149
405 148
404 147
403 146
402 145
431 196
432 197
433 198
434 199
435 200
436 201
437 202
438 202
439 202
440 202
441 202
442 202
443 202
444 202
445 202
446 202
447 202
448 202
449 202
450 202
451 202
452 201
453 200
454 199
454 198
454 197
454 196
454 195
454 194
453 193
452 192
451 191
450 190
449 189
448 188
448 187
447 187
449 187
450 187
451 187
452 186
453 185
454 184
455 183
456 182
457 182
456 181
456 180
456 179
455 178
454 177
453 177
452 177
451 177
450 177
449 177
448 177
447 177
446 177
454 176
454 175
454 174
454 173
454 172
454 171
454 170
453 169
453 168
452 168
454 168
455 168
456 168
457 168
458 168
459 168
460 167
458 181
459 180
460 179
461 180
462 181
463 182
464 183
465 184
466 184
467 184
468 184
469 184
470 184
471 184
472 184
473 184
472 185
473 186
474 187
475 188
475 189
475 190
475 191
475 192
475 193
475 194
475 195
475 196
475 197
475 198
475 199
476 199
477 199
478 199
479 198
480 197
481 196
482 195
483 194
484 193
485 192
486 191
487 190
474 183
475 182
476 181
477 180
478 179
479 178
480 177
481 176
482 175
483 174
484 173
485 172
486 171
487 170
488 169
489 168
490 167
491 166
492 165
493 165
494 165
495 165
496 165
497 165
498 165
499 165
500 165
501 165
502 165
503 164
504 163
505 162
505 161
506 160
507 159
508 158
509 157
510 156
511 155
512 154
513 153
514 152
515 151
516 150
517 149
517 148
517 147
517 146
517 145
518 144
519 143
520 142
521 141
522 140
523 139
523 138
522 138
521 138
520 138
519 138
518 137
517 136
516 135
515 134
514 133
513 132
512 132
511 132
510 132
509 131
508 130
507 129
506 128
505 127
504 126
504 125
504 124
503 123
502 122
501 121
500 120
499 119
498 118
498 117
498 116
498 115
498 114
498 113
499 113
498 112
498 111
498 110
497 109
496 108
495 107
494 106
493 105
492 104
500 112
501 111
502 110
503 109
504 108
505 107
506 106
507 105
508 105
509 105
510 105
511 105
512 105
513 104
514 103
515 102
516 101
517 100
503 127
502 128
501 129
500 130
499 131
498 132
497 133
496 134
495 135
494 136
493 137
492 138
491 139
491 140
490 140
489 140
488 140
487 140
486 140
485 140
484 139
483 138
482 137
481 137
480 137
479 137
478 137
477 136
476 135
475 134
474 133
473 132
472 131
471 130
470 129
470 128
469 128
469 127
469 126
469 125
469 124
468 123
467 122
466 121
465 120
468 129
467 130
466 131
465 132
464 133
463 134
462 135
461 135
460 135
461 136
462 137
463 138
464 139
465 140
466 141
467 142
468 143
468 144
468 145
468 146
467 147
466 148
465 149
464 149
463 149
462 149
461 149
460 149
459 149
458 149
457 149
456 149
455 149
454 149
453 149
452 149
451 149
450 148
449 147
448 146
447 145
471 128
472 128
473 127
474 126
475 125
476 124
477 123
478 122
479 121
480 120
481 119
481 118
481 117
481 116
480 115
479 114
478 113
477 112
476 111
475 110
474 109
473 108
472 107
471 106
470 105
469 104
468 103
467 102
466 101
524 138
524 137
524 136
524 135
524 134
524 133
524 132
524 131
524 130
524 129
524 128
525 127
526 127
527 127
528 127
529 126
530 125
531 124
532 123
533 122
534 121
535 120
536 119
537 118
538 117
539 116
540 115
541 115
542 115
543 115
544 115
545 115
546 114
547 113
548 112
549 111
550 110
551 109
552 108
553 109
554 110
555 110
556 110
557 110
558 110
559 110
560 110
540 114
540 113
539 112
538 111
537 110
536 109
535 108
534 107
533 106
526 128
527 129
528 130
529 130
530 130
531 130
532 130
533 130
534 130
535 130
536 130
537 130
538 131
539 132
540 133
541 134
542 135
543 136
544 137
544 138
544 139
544 140
544 141
544 142
544 143
544 144
544 145
544 146
545 147
546 148
547 149
548 150
549 151
549 152
549 153
549 154
549 155
549 156
549 157
549 158
549 159
549 160
549 161
549 162
506 163
507 164
508 165
509 166
510 167
511 168
512 169
513 170
514 171
515 172
516 173
517 174
518 175
519 176
520 176
521 176
520 177
519 178
518 179
517 180
516 181
515 182
514 183
513 184
512 185
511 186
510 187
509 187
508 186
507 185
506 184
505 183
504 182
510 188
510 189
510 190
510 191
509 192
508 193
507 194
506 195
505 196
504 197
504 198
504 199
504 200
504 201
504 202
504 203
504 204
511 192
512 193
513 194
514 195
515 196
516 197
517 198
518 199
519 199
520 199
521 199
522 199
523 199
524 199
525 199
526 199
527 199
528 199
529 199
530 198
531 197
532 196
533 195
534 194
535 193
536 192
537 192
537 193
538 194
539 195
540 196
541 197
542 198
543 199
543 200
544 201
545 202
546 203
547 204
548 205
549 206
550 207
550 208
551 208
552 208
553 208
554 208
555 208
556 207
557 206
558 205
558 204
558 203
559 202
560 201
561 200
562 199
563 198
564 197
565 196
566 195
567 194
568 193
569 192
570 191
571 192
572 193
573 194
574 195
575 196
576 197
577 197
578 197
579 197
580 197
581 197
582 197
583 197
584 197
584 196
584 195
584 194
584 193
584 192
584 191
584 190
585 189
586 188
587 187
588 186
588 185
588 184
588 183
588 182
589 181
590 180
591 179
592 178
592 177
591 177
590 176
589 175
588 174
587 173
586 172
585 171
584 170
593 177
594 177
594 178
595 179
596 180
597 181
598 182
599 183
600 184
601 185
602 186
603 186
603 185
603 184
603 183
603 182
603 181
603 180
603 179
603 178
604 187
605 188
606 189
607 190
608 191
608 192
608 193
608 194
608 195
608 196
608 197
609 198
610 199
611 200
612 201
613 202
614 203
615 204
616 205
617 206
618 207
619 208
620 209
621 210
622 211
622 212
622 213
622 214
622 215
622 216
623 216
624 216
625 216
626 216
627 215
628 214
629 213
630 212
595 176
596 175
597 174
598 173
599 172
600 171
601 170
602 169
603 168
604 167
605 166
605 165
605 164
605 163
605 162
604 161
603 160
602 159
601 158
600 157
599 156
598 156
597 156
596 156
595 156
594 156
593 156
592 156
591 156
590 156
589 156
588 156
587 156
586 156
585 155
585 154
585 153
585 152
585 151
584 150
583 149
582 148
581 147
580 146
579 145
578 144
577 143
576 142
575 141
575 140
574 140
576 140
577 140
578 140
579 140
580 140
581 139
582 138
583 137
584 136
585 135
586 134
587 133
588 132
589 131
590 131
591 131
592 131
593 131
594 131
595 131
596 131
597 130
597 129
597 128
597 127
597 126
597 125
597 124
597 123
597 122
597 121
597 120
598 119
599 118
600 117
601 116
601 115
601 114
601 113
601 112
601 111
601 110
601 109
601 108
601 107
601 106
601 105
601 104
600 103
599 102
598 101
597 100
589 130
589 129
589 128
588 127
587 126
586 125
585 124
584 123
584 122
583 121
582 120
581 119
580 118
579 117
578 116
577 115
577 114
577 113
577 112
577 111
577 110
577 109
577 108
577 107
577 106
577 105
576 104
606 161
607 160
608 159
609 158
610 158
611 158
612 158
613 158
614 158
615 158
616 158
617 158
618 158
619 158
620 158
621 158
622 158
623 158
624 157
625 158
626 159
627 160
628 161
629 161
630 161
631 161
632 161
633 161
634 161
635 161
636 161
637 160
638 159
639 158
640 157
641 156
642 155
643 154
644 153
645 152
646 151
646 150
646 149
646 148
646 147
646 146
646 145
646 144
646 143
646 142
646 141
645 140
644 139
643 138
642 137
641 136
640 135
639 134
638 134
637 134
636 134
635 134
634 134
633 134
632 134
631 134
630 134
629 134
628 134
627 134
626 133
625 132
624 131
623 130
622 129
621 128
583 198
582 199
581 200
581 201
581 202
581 203
581 204
581 205
582 206
583 207
584 208
585 209
586 210
587 211
588 212
589 212
590 212
591 212
592 212
591 213
590 214
590 215
590 216
590 217
590 218
590 219
590 220
589 221
588 222
588 223
588 224
588 225
588 226
588 227
588 228
588 229
587 229
586 229
585 229
584 229
583 229
582 228
581 227
580 226
579 225
578 224
577 223
576 222
575 221
574 220
587 230
586 231
585 232
584 233
584 234
584 235
584 236
584 237
584 238
584 239
584 240
584 241
584 242
585 243
586 244
587 245
588 246
589 247
590 247
591 247
592 247
593 247
594 247
595 247
596 248
597 249
598 250
599 251
600 252
600 253
600 254
600 255
600 256
600 257
600 258
600 259
599 260
598 261
597 262
596 263
595 264
595 265
595 266
595 267
594 268
593 269
592 270
591 271
591 272
591 273
591 274
591 275
591 276
591 277
590 278
589 279
588 280
587 281
586 282
585 283
584 284
583 285
582 286
581 286
581 285
581 284
581 283
581 282
581 281
581 280
581 279
580 278
579 277
578 276
577 275
576 275
575 275
574 275
573 275
572 275
571 274
570 273
569 272
568 271
567 270
566 269
565 268
564 269
563 270
562 271
561 272
560 273
559 274
558 274
557 274
566 267
567 266
568 265
569 264
570 263
571 262
572 261
581 287
581 288
582 289
583 290
583 291
583 292
583 293
583 294
583 295
583 296
583 297
582 298
581 299
580 300
579 301
578 302
577 303
576 304
575 304
576 305
577 306
578 307
579 308
580 309
581 310
582 310
583 310
584 310
585 310
586 310
587 310
588 310
589 310
590 309
591 308
592 307
593 306
594 305
595 304
596 303
597 302
598 301
599 300
600 299
601 298
602 299
603 300
604 301
605 302
606 303
607 304
608 305
609 306
610 307
611 308
612 309
613 310
613 311
585 311
584 312
583 313
583 314
583 315
583 316
583 317
583 318
584 319
585 320
586 321
587 322
588 323
589 324
590 325
591 325
592 325
593 325
594 325
595 325
596 325
597 325
596 326
596 327
596 328
596 329
596 330
596 331
596 332
596 333
596 334
596 335
596 336
596 337
597 338
598 339
599 340
600 341
601 342
602 343
603 344
604 345
605 346
606 347
607 348
608 349
609 350
610 351
611 351
611 350
611 349
611 348
612 347
613 346
614 345
615 344
616 343
617 342
618 341
619 340
620 339
621 338
622 337
623 336
624 337
625 338
626 339
626 340
626 341
626 342
626 343
626 344
626 345
626 346
626 347
626 348
610 352
609 353
608 354
607 355
606 356
605 357
604 358
603 359
602 360
601 361
600 362
599 363
598 364
597 365
596 366
595 366
594 367
593 368
592 369
591 369
590 369
589 369
588 369
587 369
586 369
585 369
584 369
583 369
582 369
581 368
580 367
579 366
578 365
577 364
576 363
575 362
574 361
573 360
573 359
573 358
573 357
573 356
573 355
573 354
574 353
574 352
573 352
572 352
571 351
570 350
569 349
568 348
567 347
566 346
565 345
564 344
563 343
562 342
561 341
560 340
559 339
558 339
557 339
556 339
555 339
554 338
553 337
552 336
551 335
550 334
549 333
548 332
547 333
546 334
545 334
544 334
543 334
542 334
541 334
540 334
539 334
538 334
537 334
536 334
535 334
534 334
534 333
533 332
532 331
531 330
530 329
529 328
528 327
528 326
527 326
529 326
530 326
531 325
532 324
533 323
534 322
535 321
536 320
537 319
538 318
539 317
540 316
541 315
542 314
543 313
543 312
543 311
544 310
545 309
546 308
547 307
548 306
549 305
550 304
551 303
552 302
553 301
554 300
555 299
556 298
556 297
555 297
554 297
553 297
552 297
551 297
550 297
549 297
548 297
547 297
546 297
545 297
544 297
543 297
542 297
541 297
540 297
539 297
538 297
537 297
536 296
535 295
534 296
533 297
532 298
531 299
530 300
529 301
528 302
527 303
526 303
525 303
524 303
523 303
522 303
521 302
520 301
519 300
518 299
517 298
516 299
515 300
514 301
514 302
514 303
514 304
514 305
514 306
514 307
514 308
514 309
513 309
512 309
511 309
510 309
509 309
508 309
507 308
506 307
505 306
504 305
503 304
502 304
501 304
500 304
499 304
498 304
497 303
496 302
495 301
494 301
493 301
492 300
491 299
490 298
489 297
488 296
487 295
486 294
485 293
485 292
485 291
485 290
485 289
485 288
485 287
485 286
485 285
484 284
483 283
482 282
481 281
484 294
483 295
482 295
481 295
480 295
479 295
478 295
477 295
476 295
475 295
474 295
473 295
472 295
472 294
472 293
471 292
470 291
469 290
468 289
467 288
466 287
465 288
464 289
463 290
462 290
461 290
460 290
459 290
458 290
457 290
456 290
455 290
454 290
453 290
452 290
451 290
450 290
449 290
448 290
447 290
446 290
445 290
444 290
443 290
442 290
441 290
440 290
439 289
438 288
437 287
436 287
435 287
434 287
433 287
432 287
431 287
430 287
429 286
437 286
437 285
438 284
439 283
440 282
441 281
442 280
443 279
444 278
445 277
446 276
447 275
448 274
449 274
450 274
451 274
452 274
453 274
454 274
455 274
456 274
457 274
458 274
459 274
460 274
461 273
462 272
463 271
464 270
448 273
448 272
448 271
448 270
448 269
448 268
448 267
447 266
446 265
445 264
444 263
443 262
442 261
442 260
441 260
440 260
439 260
438 260
437 260
436 260
435 260
434 260
433 260
432 260
431 260
430 260
429 260
443 260
444 260
445 260
446 259
447 258
448 257
449 256
450 255
451 254
452 254
453 254
454 254
455 254
456 254
457 254
458 254
459 254
460 254
461 254
462 253
472 296
472 297
472 298
472 299
472 300
472 301
472 302
472 303
472 304
472 305
472 306
472 307
472 308
472 309
472 310
472 311
471 312
470 313
469 314
468 315
467 316
466 317
465 318
464 319
463 320
462 321
461 321
460 321
459 321
458 321
458 320
458 319
458 318
458 317
458 316
458 315
458 314
458 313
458 312
457 311
456 310
455 309
457 322
456 323
455 324
454 325
453 326
452 327
451 328
450 329
450 330
450 331
450 332
450 333
450 334
450 335
450 336
450 337
449 338
448 339
448 340
448 341
448 342
448 343
448 344
448 345
448 346
448 347
448 348
448 349
448 350
447 350
446 350
445 350
444 350
443 350
442 350
441 350
440 350
495 300
495 299
495 298
495 297
495 296
495 295
495 294
495 293
496 293
497 293
498 292
499 291
500 290
501 289
501 288
502 287
503 286
504 285
505 284
506 283
507 282
508 281
509 280
510 280
511 280
512 280
513 280
514 280
515 280
516 280
517 280
509 279
509 278
509 277
509 276
509 275
509 274
509 273
509 272
509 271
509 270
510 269
511 268
512 267
513 266
514 265
514 264
514 263
514 262
514 261
514 260
514 259
513 258
512 257
511 256
510 255
509 254
508 253
507 252
506 251
505 250
504 249
504 248
504 247
504 246
504 245
504 244
504 243
504 242
504 241
504 240
503 239
503 238
503 237
503 236
503 235
503 234
503 233
503 232
503 231
503 230
503 229
503 228
502 227
501 226
500 225
499 224
498 223
503 250
502 251
501 252
500 253
499 254
498 255
497 256
496 257
495 257
495 256
495 255
495 254
495 253
495 252
495 251
495 250
494 249
493 248
492 247
491 246
490 245
489 244
488 243
487 242
486 241
485 241
484 241
483 241
482 241
481 241
480 241
479 241
478 241
477 241
476 241
475 240
474 239
473 238
472 237
471 236
470 235
469 234
468 233
495 258
557 297
533 335
532 336
531 337
530 338
530 339
530 340
530 341
530 342
530 343
529 344
528 345
527 346
526 347
525 348
524 349
523 350
522 350
521 350
520 350
519 350
518 350
517 349
516 348
515 347
514 346
513 345
512 344
511 343
511 342
510 342
509 342
508 342
507 342
506 342
505 342
504 342
503 341
502 340
501 339
500 338
499 337
512 342
513 342
514 342
515 341
516 340
517 339
518 338
519 351
518 352
517 353
516 354
515 355
514 356
513 357
512 358
511 359
510 360
510 361
510 362
509 362
508 362
507 362
506 362
505 362
504 362
503 362
502 361
501 360
500 359
499 358
498 357
497 357
496 357
495 357
494 356
493 355
492 354
491 353
490 352
489 351
488 350
487 349
486 348
486 347
486 346
486 345
485 344
484 343
483 342
482 341
481 340
480 339
497 358
496 359
495 360
494 361
493 362
493 363
493 364
493 365
492 365
491 365
490 365
489 365
488 365
487 365
486 365
485 365
484 365
483 364
482 363
481 362
480 362
479 362
478 362
477 362
476 362
475 362
474 362
473 361
472 360
471 359
470 358
469 357
468 356
467 355
492 366
491 367
490 368
489 369
488 370
487 371
486 372
485 373
484 374
483 375
482 376
481 377
480 378
479 379
478 380
477 381
476 382
475 382
474 382
473 382
473 381
472 380
471 379
470 378
469 377
468 376
467 375
466 374
465 375
464 376
463 376
462 376
461 376
460 376
459 376
458 376
457 376
456 376
455 376
472 383
471 384
470 385
469 386
468 387
467 388
466 389
465 390
464 391
463 392
462 393
461 394
460 394
459 394
458 394
457 394
456 394
455 394
454 394
453 393
452 392
451 391
450 390
450 389
449 388
448 387
447 386
446 385
445 384
444 383
443 382
442 381
441 380
440 379
439 380
438 381
437 382
436 383
435 384
434 385
433 385
432 385
431 385
449 391
448 392
447 393
447 394
447 395
447 396
447 397
447 398
447 399
447 400
447 401
447 402
446 403
445 404
444 405
443 406
442 407
441 408
440 409
439 410
438 411
438 412
462 395
463 396
464 397
465 398
466 399
466 400
466 401
466 402
466 403
466 404
467 405
468 406
469 407
470 407
471 407
472 407
473 407
474 407
475 407
476 407
477 407
478 407
479 407
480 407
481 407
482 407
483 407
484 407
485 407
486 407
487 407
488 407
489 407
490 407
491 407
492 407
493 407
494 408
495 409
496 410
497 411
498 412
499 413
500 414
501 415
501 416
501 417
501 418
501 419
501 420
501 421
501 422
501 423
502 423
503 423
504 423
505 423
506 422
507 421
508 420
509 419
510 418
511 417
512 416
513 415
514 414
514 413
514 412
514 411
514 410
514 409
514 408
514 407
514 406
513 405
512 404
511 403
510 402
510 401
510 400
510 399
510 398
510 397
510 396
510 395
510 394
510 393
510 392
510 391
511 390
515 415
516 416
517 417
518 418
519 419
520 420
521 421
522 422
523 423
524 424
525 425
524 426
523 427
522 428
521 429
520 430
519 431
518 432
518 433
518 434
518 435
518 436
518 437
518 438
518 439
518 440
518 441
518 442
518 443
518 444
526 426
527 427
528 428
529 429
530 430
531 431
532 432
533 432
534 432
535 432
536 432
537 432
538 432
539 432
539 431
539 430
539 429
540 428
541 427
542 426
543 425
544 424
545 423
546 422
547 421
547 420
546 420
545 420
544 420
543 420
542 420
541 420
540 419
540 418
540 417
540 416
540 415
540 414
540 413
540 412
540 411
539 410
538 409
537 408
536 407
536 406
535 406
537 406
538 406
539 406
540 406
541 406
542 406
543 406
544 406
545 406
546 405
547 404
548 403
548 420
549 421
550 422
551 423
552 424
553 425
554 426
555 427
556 427
557 427
558 427
559 427
500 424
499 425
498 426
497 427
496 428
495 429
495 430
495 431
495 432
495 433
495 434
495 435
495 436
495 437
495 438
495 439
479 408
478 409
477 410
476 411
475 412
474 413
473 414
472 415
471 416
471 417
471 418
471 419
471 420
472 421
472 422
472 423
472 424
472 425
472 426
472 427
472 428
472 429
472 430
472 431
472 432
471 433
470 434
469 435
469 436
469 437
469 438
469 439
469 440
469 441
468 442
467 442
466 442
465 442
464 442
463 442
462 442
461 442
460 442
459 442
458 442
457 442
456 441
455 440
454 439
453 438
452 437
451 436
450 435
449 434
448 435
447 436
446 437
445 438
444 439
443 440
442 441
441 441
440 441
440 440
440 439
440 438
440 437
440 436
440 435
440 434
440 433
439 432
438 431
511 363
512 364
513 365
514 366
515 367
516 368
516 369
516 370
516 371
516 372
517 372
518 372
519 371
520 370
521 369
522 368
523 367
524 366
525 365
526 364
527 365
528 366
529 367
529 368
529 369
529 370
529 371
529 372
529 373
529 374
529 375
531 344
532 345
533 346
534 347
535 348
536 349
537 349
538 349
539 349
540 349
541 349
558 340
557 341
557 342
557 343
557 344
557 345
557 346
557 347
557 348
557 349
557 350
557 351
557 352
557 353
575 352
596 367
597 368
597 369
597 370
597 371
597 372
597 373
597 374
597 375
596 376
595 377
594 378
593 379
592 380
591 381
591 382
591 383
591 384
590 385
589 386
588 387
588 388
588 389
588 390
588 391
588 392
588 393
588 394
588 395
588 396
588 397
587 397
586 397
585 397
584 397
583 397
582 397
581 397
580 397
579 397
578 397
577 397
576 397
575 397
574 397
573 397
572 397
571 397
570 397
569 396
568 395
567 394
566 393
565 392
564 391
563 390
562 389
561 388
560 387
559 386
558 385
557 384
589 398
590 399
591 400
592 401
593 402
594 403
595 404
596 405
596 406
596 407
596 408
596 409
597 410
598 411
598 412
598 413
598 414
598 415
598 416
598 417
598 418
598 419
598 420
598 421
597 422
596 423
595 423
594 423
593 423
592 423
591 423
590 423
589 423
588 423
587 423
586 423
585 423
584 423
583 423
582 423
581 423
580 423
579 423
578 423
577 423
576 423
599 422
600 423
601 424
602 425
603 426
604 427
605 428
606 429
607 429
608 429
607 430
606 431
605 432
604 433
603 434
602 435
601 436
600 437
599 438
598 439
597 440
596 440
595 440
594 440
593 440
592 441
591 442
590 443
589 444
588 445
587 446
586 447
585 447
584 447
583 447
582 447
582 446
582 445
581 444
580 443
579 442
578 441
577 440
576 439
575 438
592 385
593 386
594 387
595 388
596 389
597 390
598 391
599 392
600 393
601 394
602 395
603 395
604 395
605 396
606 397
607 398
608 399
609 400
610 401
611 402
612 403
613 404
614 405
615 406
616 407
616 408
616 409
617 409
616 410
616 411
618 408
619 407
620 406
621 405
622 404
623 403
624 402
625 401
626 400
627 399
627 398
627 397
627 396
627 395
627 394
627 393
627 392
627 391
628 390
629 389
630 388
631 387
632 386
633 385
633 384
632 384
631 384
630 384
629 384
628 384
627 384
626 384
626 383
626 382
626 381
626 380
626 379
626 378
626 377
625 376
624 375
623 374
622 373
621 372
634 384
634 383
634 382
634 381
634 380
634 379
634 378
634 377
634 376
634 375
628 400
629 401
630 402
631 403
632 404
633 405
634 406
635 407
636 408
637 409
638 410
639 411
640 412
641 413
641 414
641 415
641 416
601 260
602 261
603 262
604 263
605 264
606 265
607 266
608 267
608 268
608 269
608 270
608 271
608 272
609 272
610 272
611 272
612 272
613 272
614 271
615 270
616 269
617 268
618 267
619 266
619 265
619 264
619 263
619 262
619 261
619 260
619 259
619 258
619 257
619 256
620 255
621 254
622 253
623 252
624 251
625 250
626 249
627 248
628 247
629 246
629 245
629 244
630 243
631 242
632 241
633 240
634 239
635 238
636 237
637 236
609 273
610 274
611 275
612 276
613 277
613 278
613 279
613 280
613 281
612 282
611 283
610 283
609 283
608 283
607 283
606 283
605 283
614 282
615 283
616 284
617 285
618 286
619 287
620 288
621 289
622 290
623 290
624 290
624 289
624 288
624 287
624 286
625 285
626 284
627 283
628 282
629 281
630 281
631 281
632 281
633 281
634 281
635 280
636 279
637 278
638 277
639 276
640 275
641 274
585 198
586 199
587 199
588 199
589 199
590 199
591 199
592 199
551 209
552 210
553 211
554 212
555 213
555 214
555 215
555 216
556 217
557 218
558 219
558 220
558 221
558 222
558 223
558 224
557 225
556 226
555 227
554 227
553 227
552 227
551 227
550 227
549 228
548 229
547 230
546 231
545 232
544 233
543 234
542 235
542 236
542 237
541 237
540 237
539 237
538 237
537 237
536 237
535 237
534 237
533 236
532 235
531 235
530 235
529 235
528 235
527 235
526 235
525 234
524 233
523 232
522 231
521 230
521 229
521 228
521 227
521 226
521 225
521 224
521 223
521 222
521 221
521 220
521 219
521 218
531 236
530 237
529 238
528 239
527 240
526 241
525 242
524 243
523 244
522 245
522 246
522 247
541 238
540 239
539 240
538 241
537 242
537 243
537 244
537 245
537 246
543 238
544 239
545 240
546 241
547 242
548 243
548 244
548 245
548 246
548 247
547 248
546 249
545 250
544 251
543 252
542 253
541 254
541 255
541 256
541 257
541 258
549 209
548 210
547 211
546 212
545 213
544 214
543 215
542 216
541 216
540 216
539 216
538 216
538 191
539 190
540 189
541 188
542 187
543 186
544 185
455 200
456 201
457 202
458 203
458 204
458 205
458 206
458 207
458 208
419 209
418 210
417 211
416 212
415 213
414 214
413 215
412 216
411 217
411 218
411 219
412 220
413 221
414 222
415 223
416 223
417 223
418 223
419 223
420 224
421 225
422 226
423 227
424 228
425 229
426 230
427 230
428 230
429 230
430 230
431 230
432 229
433 228
434 227
435 226
436 225
437 224
438 223
439 222
440 221
441 220
429 231
430 232
431 233
432 234
433 235
434 236
435 237
436 237
437 237
438 237
439 237
440 237
441 237
442 237
443 237
444 237
445 237
427 231
426 232
425 233
424 234
424 235
424 236
424 237
424 238
424 239
424 240
424 241
423 242
422 243
421 244
420 245
419 246
418 247
417 247
416 247
415 247
414 247
413 247
412 247
411 248
410 249
409 250
409 251
409 252
409 253
409 254
409 255
409 256
409 257
409 258
395 205
394 206
393 207
392 208
391 209
390 210
389 211
388 212
387 213
386 213
387 214
388 215
389 216
390 217
391 217
392 217
393 217
394 217
395 217
396 217
395 218
394 219
393 220
392 221
391 222
390 223
389 224
388 225
387 226
386 227
386 228
386 229
385 230
385 231
385 232
385 233
385 234
385 235
385 236
385 237
385 238
385 239
385 240
385 241
384 241
383 241
382 241
381 241
380 241
379 240
378 239
377 238
376 237
375 236
374 235
373 234
373 233
373 232
373 231
373 230
373 229
373 228
373 227
373 226
373 225
373 224
384 242
383 243
382 244
381 245
380 246
379 247
378 248
377 249
376 250
376 251
375 252
374 253
373 254
372 255
372 256
372 257
372 258
372 259
371 259
370 259
369 259
368 259
367 259
366 259
365 258
364 257
363 256
362 255
361 254
360 253
359 252
358 251
386 242
387 243
388 244
389 245
390 246
391 247
392 248
393 249
394 249
393 250
392 251
391 252
390 253
390 254
390 255
390 256
390 257
390 258
390 259
357 220
357 221
357 222
357 223
357 224
357 225
357 226
357 227
356 218
356 217
356 216
356 215
356 214
356 213
356 212
356 211
356 210
356 209
356 208
355 207
354 206
353 205
352 204
335 241
335 240
335 239
335 238
335 237
335 236
335 235
335 234
334 234
333 234
332 234
331 234
330 234
329 234
328 234
327 233
326 232
325 231
324 230
324 229
324 228
325 227
326 226
327 225
328 224
329 223
330 222
331 221
332 220
333 219
333 218
332 218
331 218
330 218
329 218
328 218
327 218
326 218
325 218
324 218
323 218
322 217
321 216
334 218
325 257
324 256
323 255
322 254
321 253
320 252
325 265
324 265
323 265
322 265
321 265
320 265
319 265
318 265
317 265
316 265
315 265
314 265
314 264
314 263
314 262
313 261
312 260
311 259
310 258
309 257
308 256
307 255
306 254
305 253
304 252
303 251
302 250
301 250
300 250
299 250
298 250
297 250
296 250
295 250
294 250
293 249
292 248
292 247
292 246
292 245
292 244
292 243
292 242
292 241
292 240
292 239
291 238
290 237
289 236
288 235
287 234
287 233
286 233
285 234
284 235
283 236
282 237
281 238
280 239
279 240
278 241
277 242
276 243
275 243
274 243
273 243
272 243
271 243
270 243
269 243
268 243
267 243
266 242
265 241
264 240
263 239
262 240
261 241
260 242
259 243
258 244
258 245
258 246
258 247
258 248
258 249
258 250
258 251
258 252
257 252
256 252
255 252
254 252
253 252
252 252
251 252
250 252
249 252
248 252
247 251
246 250
245 249
244 249
244 248
244 247
244 246
244 245
244 244
244 243
244 242
244 241
244 240
244 239
244 238
244 237
243 236
244 250
244 251
244 252
244 253
244 254
244 255
244 256
244 257
244 258
244 259
259 253
260 254
261 255
261 256
261 257
261 258
261 259
261 260
261 261
260 262
259 263
258 264
258 265
258 266
258 267
258 268
258 269
258 270
258 271
258 272
259 273
260 274
261 275
261 276
261 277
261 278
261 279
261 280
260 281
259 282
258 283
257 284
257 285
257 286
257 287
257 288
257 289
288 233
289 233
290 233
291 233
292 233
293 232
294 231
295 230
296 229
297 228
298 227
299 226
300 225
301 224
302 223
301 251
300 252
299 253
298 254
297 255
296 256
295 257
294 258
293 259
292 260
291 261
290 262
289 263
288 264
287 264
286 265
285 266
284 267
283 268
282 269
281 270
280 271
279 272
278 273
277 274
313 266
312 267
311 268
310 269
309 270
308 271
307 272
307 273
307 274
307 275
306 276
305 277
304 278
303 279
302 280
301 281
300 282
299 283
298 284
297 285
296 286
295 286
296 287
297 288
298 289
299 290
300 290
301 290
302 290
303 290
304 290
305 290
306 290
307 290
308 291
309 292
310 293
311 294
312 295
313 295
314 295
315 295
316 295
317 295
318 295
319 295
320 295
319 296
318 297
317 298
316 299
315 300
314 301
313 302
312 303
311 304
310 305
309 306
309 307
308 308
307 309
306 309
305 309
304 309
303 309
302 309
301 309
300 309
299 309
298 309
297 309
296 309
295 309
294 309
293 309
292 308
291 307
290 306
289 305
288 305
287 305
286 304
285 303
284 302
283 301
282 300
281 299
280 298
288 306
287 307
286 308
285 309
284 310
284 311
284 312
284 313
283 313
282 313
281 313
280 313
279 313
278 313
277 313
276 313
275 312
274 311
273 310
272 310
271 310
270 310
269 310
268 310
267 310
266 310
265 310
264 310
263 310
262 309
261 308
260 307
259 306
258 305
285 314
286 315
286 316
286 317
286 318
286 319
286 320
286 321
286 322
286 323
285 324
284 325
283 326
282 327
281 328
280 329
279 330
278 331
277 332
277 333
277 334
276 335
275 336
274 337
273 338
272 339
271 340
270 341
269 341
268 341
268 340
267 339
266 338
265 337
264 336
263 335
262 334
261 333
261 332
261 331
261 330
261 329
261 328
261 327
261 326
261 325
260 334
259 335
258 336
257 337
256 338
255 339
254 340
253 341
252 342
251 343
251 344
251 345
250 345
249 345
248 345
247 345
246 345
245 345
244 345
243 344
242 343
241 342
240 343
239 344
238 345
237 346
236 347
235 348
234 349
233 350
232 351
231 352
230 353
229 354
228 354
228 353
228 352
228 351
228 350
227 349
226 348
225 347
224 347
224 348
223 349
222 349
221 349
220 349
219 349
218 349
217 349
216 349
215 349
214 350
213 351
212 352
211 353
210 354
209 355
208 356
207 356
206 356
205 356
204 356
203 356
202 356
201 356
200 356
199 356
198 356
197 356
196 356
195 355
194 354
193 353
192 354
191 355
190 356
189 357
188 358
187 359
186 360
185 361
184 362
184 363
184 364
184 365
184 366
184 367
184 368
183 368
182 368
181 368
180 368
179 368
178 368
177 368
176 368
175 368
174 367
173 366
172 365
171 365
170 365
169 364
168 363
167 362
166 361
165 360
164 359
163 358
162 357
161 356
160 355
159 354
158 354
157 354
156 353
155 352
154 351
153 350
152 349
151 348
150 347
149 346
148 345
147 345
146 345
145 345
144 345
143 345
142 345
141 344
140 343
139 343
138 343
137 343
136 343
135 343
134 342
133 341
132 340
131 339
130 338
129 337
128 337
127 337
126 337
125 337
124 337
123 336
122 335
121 334
120 333
119 332
119 331
119 330
119 329
119 328
119 327
119 326
119 325
119 324
119 323
119 322
119 321
119 320
119 319
119 318
120 317
121 316
122 315
123 314
123 313
122 313
121 313
120 313
119 313
118 313
117 313
116 312
115 311
114 310
113 309
112 308
111 307
110 307
109 307
108 307
107 307
106 307
105 307
104 307
103 307
102 307
101 307
100 306
99 305
98 304
98 303
98 302
98 301
98 300
98 299
98 298
99 297
100 296
101 295
102 294
103 293
104 292
105 291
105 290
105 289
105 288
105 287
105 286
105 285
105 284
105 283
105 282
106 281
107 280
108 279
109 278
110 277
111 277
112 277
113 277
114 277
115 277
116 277
117 277
118 277
119 277
120 276
121 275
120 274
119 273
118 272
117 271
116 270
115 269
114 268
113 267
112 266
111 265
111 264
110 264
109 264
108 264
107 264
106 264
105 264
104 264
103 263
102 262
101 263
100 264
99 265
98 266
97 267
96 268
95 269
95 270
95 271
94 272
93 273
92 274
91 275
90 276
89 277
88 278
88 279
88 280
88 281
88 282
88 283
88 284
112 264
113 264
114 264
115 264
116 264
117 264
118 264
119 263
120 262
121 262
122 262
123 262
124 262
125 262
126 262
127 261
128 260
129 259
130 258
131 257
132 256
133 255
134 255
135 255
136 254
137 253
138 252
139 251
140 250
141 249
142 248
143 247
144 246
144 245
144 244
144 243
144 242
145 241
146 240
147 239
148 238
148 237
147 237
146 237
145 236
144 235
143 234
142 233
141 232
140 231
149 237
149 236
149 235
149 234
149 233
149 232
149 231
150 230
151 229
152 228
153 227
154 226
155 225
156 224
150 238
151 239
152 239
153 239
154 239
155 239
156 239
157 239
158 239
159 239
160 239
161 239
162 239
122 276
123 277
124 278
125 279
126 280
127 281
128 282
129 283
130 284
131 285
131 286
132 287
133 288
133 289
133 290
133 291
133 292
133 293
133 294
133 295
134 295
133 296
135 294
136 293
137 292
138 291
139 290
140 289
141 288
142 287
143 286
144 285
145 284
145 283
145 282
145 281
145 280
145 279
146 278
147 277
148 276
148 275
148 274
147 273
146 272
145 271
144 270
143 269
142 268
142 267
143 266
144 265
145 264
146 263
147 262
148 261
149 260
150 260
151 260
152 260
153 260
154 260
155 259
156 258
157 257
158 256
159 255
160 254
161 253
162 254
163 255
164 256
165 257
166 258
167 259
168 259
169 259
170 259
171 259
172 259
171 260
170 261
169 262
168 263
167 264
166 265
165 266
164 267
163 268
162 268
163 269
164 270
165 271
166 272
167 272
168 272
169 272
170 272
173 260
174 261
175 262
176 263
177 264
178 265
179 266
180 267
181 268
182 268
183 268
184 269
185 270
186 271
187 272
188 273
189 274
190 275
191 276
192 276
193 276
194 276
195 276
196 276
197 275
198 274
199 273
200 272
201 271
202 270
203 269
204 268
204 267
204 266
204 265
204 264
204 263
204 262
204 261
204 260
204 259
204 258
204 257
203 257
203 256
203 255
203 254
203 253
202 252
201 251
200 250
199 249
198 248
197 247
196 246
195 245
195 244
194 244
194 243
194 242
193 241
192 240
191 239
190 238
189 237
188 236
188 235
188 234
188 233
188 232
188 231
188 230
188 229
188 228
188 227
188 226
187 225
186 224
185 223
184 222
183 221
182 220
181 219
180 218
179 217
179 216
179 215
179 214
179 213
179 212
179 211
179 210
179 209
179 208
179 207
179 206
180 205
181 204
193 245
192 246
191 247
190 248
189 249
189 250
189 251
189 252
189 253
189 254
189 255
196 244
197 244
198 244
199 244
200 244
201 244
202 243
203 242
204 241
205 240
205 257
206 257
207 257
208 257
209 257
210 257
211 257
212 256
213 255
214 254
215 253
216 254
217 255
218 256
219 257
220 258
221 259
222 260
223 260
224 260
225 260
226 260
227 260
228 260
227 261
226 262
225 263
224 264
223 265
222 266
222 267
222 268
222 269
222 270
222 271
222 272
222 273
221 274
220 275
219 276
218 277
217 278
216 279
215 280
214 281
213 282
212 282
211 282
210 282
209 282
223 274
224 275
225 276
226 277
227 278
228 278
229 278
230 278
231 278
232 278
233 278
234 279
235 280
236 281
237 282
238 282
239 282
240 282
241 282
240 283
239 284
238 285
237 286
237 287
237 288
237 289
237 290
237 291
237 292
237 293
238 294
239 295
239 296
239 297
239 298
239 299
239 300
239 301
238 302
237 303
236 304
235 305
234 305
233 305
232 305
231 305
230 305
229 305
228 305
227 305
226 305
225 305
224 305
223 305
222 305
221 305
220 305
219 305
218 305
217 304
216 304
215 304
214 304
213 304
212 304
211 304
210 304
209 304
208 304
207 304
206 304
205 303
204 302
203 301
202 300
97 305
96 305
95 305
94 305
93 305
92 305
91 305
90 305
89 305
88 305
87 305
86 306
86 307
86 308
86 309
86 310
86 311
86 312
86 313
86 314
85 314
84 314
83 314
82 314
81 314
80 314
79 314
78 314
77 313
77 312
77 311
77 310
77 309
77 308
77 307
77 306
77 305
77 304
76 303
75 302
74 301
76 314
75 315
74 316
73 317
72 318
71 318
70 318
69 318
68 318
67 318
66 318
65 318
64 317
63 316
62 315
62 314
62 313
62 312
62 311
62 310
61 309
60 308
59 307
58 306
57 305
56 304
55 303
54 302
53 301
53 300
53 299
53 298
53 297
53 296
53 295
53 294
53 293
54 292
54 291
54 290
54 289
54 288
54 287
54 286
54 285
54 284
55 283
56 282
57 281
57 280
57 279
57 278
57 277
57 276
57 275
58 274
59 273
60 272
61 271
62 270
63 270
64 270
65 269
66 268
67 267
68 266
69 265
70 264
70 263
70 262
70 261
70 260
69 259
68 258
67 257
66 256
65 255
65 254
64 254
64 253
64 252
64 251
64 250
64 249
64 248
64 247
64 246
64 245
63 244
62 243
62 242
62 241
61 240
60 239
59 238
58 237
57 236
56 235
55 234
54 233
63 255
62 256
61 257
60 258
59 258
58 258
57 258
56 258
55 258
54 258
53 258
66 254
67 253
68 252
69 251
70 250
71 249
72 248
73 247
74 246
75 245
76 245
77 244
78 243
79 242
80 241
81 240
82 239
83 238
84 237
85 236
86 235
87 234
88 233
89 232
89 231
89 230
89 229
89 228
89 227
90 226
91 225
92 224
93 223
93 222
93 221
93 220
93 219
93 218
93 217
93 216
94 215
95 216
96 216
97 216
98 216
99 216
100 216
101 216
102 216
103 216
104 216
105 216
106 216
107 216
108 216
109 216
110 216
111 216
112 215
113 214
114 213
115 212
116 211
117 210
118 209
118 208
118 207
118 206
118 205
119 204
120 203
121 202
122 201
123 200
124 199
125 198
126 197
127 196
127 195
127 194
127 193
127 192
127 191
127 190
127 189
127 188
127 187
126 186
126 185
125 185
127 185
128 185
129 185
130 185
131 185
132 185
133 184
134 183
135 182
136 183
137 184
138 185
139 186
140 186
141 186
142 186
143 186
144 186
145 186
146 186
147 186
148 186
149 187
150 188
151 189
152 190
153 191
154 192
155 193
156 193
156 192
156 191
156 190
156 189
156 188
156 187
156 186
157 185
158 184
159 184
160 184
161 184
162 184
163 184
164 184
165 183
166 182
167 181
168 180
169 179
170 178
170 177
170 176
170 175
170 174
171 173
172 172
173 171
174 170
175 169
176 168
177 167
178 166
178 165
177 165
176 165
175 165
174 165
173 165
172 165
171 165
170 165
169 164
168 163
179 165
180 166
181 167
182 167
183 167
184 167
185 167
186 167
187 167
187 166
187 165
187 164
187 163
187 162
187 161
188 160
189 159
190 158
191 157
192 156
192 155
192 154
192 153
193 152
194 151
195 150
196 149
197 148
198 147
198 146
197 146
196 146
195 146
194 146
193 146
192 146
191 145
190 144
189 143
188 142
187 141
186 140
185 139
184 140
183 141
182 142
181 143
180 144
179 144
178 144
177 144
176 145
175 146
174 147
173 148
172 148
171 148
170 148
169 148
168 148
167 148
166 148
165 148
164 148
164 147
164 146
164 145
164 144
164 143
164 142
163 141
162 140
162 139
162 138
162 137
162 136
162 135
162 134
162 133
163 132
164 131
165 130
166 129
167 128
167 127
167 126
167 125
167 124
167 123
167 122
167 121
167 120
167 119
167 118
167 117
167 116
168 115
168 114
167 114
166 114
165 114
164 114
163 114
162 114
161 113
160 112
159 111
158 110
157 110
156 110
155 110
154 110
153 110
152 110
151 109
150 108
149 107
148 106
169 114
170 114
171 114
172 114
173 114
174 113
175 112
176 111
177 110
178 109
179 110
180 111
181 112
182 113
183 114
184 114
185 114
186 114
187 115
188 116
189 116
190 116
191 116
192 116
193 116
194 116
195 116
195 115
195 114
195 113
195 112
195 111
195 110
195 109
195 108
196 107
197 106
198 105
199 146
199 145
199 144
199 143
199 142
199 141
199 140
199 139
199 138
199 137
200 136
201 136
202 136
203 136
204 136
205 136
206 136
207 136
208 136
208 135
208 134
208 133
208 132
208 131
209 130
210 129
211 129
212 129
213 129
214 128
215 127
216 126
217 125
218 124
219 123
220 122
221 121
222 120
223 120
224 120
225 120
226 120
227 120
228 120
229 120
230 120
231 120
232 120
233 120
234 120
234 119
234 118
234 117
235 116
236 115
237 114
238 113
239 112
239 111
240 110
241 109
242 108
243 107
244 106
245 105
246 104
247 105
248 106
249 107
250 108
251 109
252 110
253 111
254 112
255 113
256 114
257 115
258 116
258 117
257 118
256 119
255 120
254 121
253 122
252 123
251 124
250 125
249 126
249 127
249 128
250 129
251 130
252 131
253 132
254 133
255 134
256 135
257 136
258 136
259 136
260 136
261 136
262 136
263 136
209 137
210 138
211 139
212 140
213 141
214 142
214 143
214 144
214 145
214 146
215 147
216 148
217 148
218 148
219 148
220 148
221 148
222 148
223 148
223 147
223 146
223 145
223 144
223 143
223 142
223 141
223 140
224 139
225 138
188 168
189 169
190 170
191 171
191 172
191 173
191 174
192 175
193 176
194 177
195 177
196 177
197 177
198 177
199 177
200 177
201 177
202 177
203 177
204 177
205 176
205 175
205 174
205 173
205 172
205 171
206 170
207 169
208 168
209 167
210 166
211 165
212 164
213 163
214 164
215 164
216 164
217 164
218 164
219 164
220 164
221 164
222 164
223 164
224 164
225 164
226 164
227 164
228 164
229 164
230 164
231 163
232 162
233 161
234 160
235 159
236 158
237 157
238 156
239 155
240 156
241 157
242 158
243 159
244 160
245 160
246 160
247 160
248 160
249 160
250 160
251 160
252 161
253 162
253 163
253 164
253 165
253 166
253 167
253 168
253 169
254 169
255 169
256 168
257 167
258 166
259 165
260 164
261 163
262 164
263 165
264 166
265 167
266 167
267 167
268 167
269 167
270 167
271 167
272 167
273 167
274 167
274 166
274 165
274 164
274 163
274 162
274 161
275 160
276 159
277 158
278 157
279 156
280 156
281 156
282 156
283 156
284 156
285 155
286 154
287 153
288 152
288 151
288 150
288 149
288 148
288 147
288 146
288 145
288 144
288 143
288 142
288 141
287 140
286 139
285 138
285 137
285 136
285 135
285 134
285 133
285 132
285 131
285 130
285 129
285 128
285 127
285 126
285 125
285 124
285 123
285 122
285 121
284 121
283 121
282 121
281 121
280 121
279 121
278 120
277 119
276 118
289 153
290 154
291 155
292 156
293 157
294 158
295 158
296 158
297 158
298 158
299 158
300 158
301 158
302 158
303 158
304 158
305 158
306 158
307 158
308 157
309 156
310 155
311 154
312 153
313 152
314 151
315 150
316 149
317 148
318 149
319 150
320 151
321 152
322 152
323 152
324 152
325 152
326 152
327 152
328 152
329 152
330 152
331 151
332 150
333 149
334 148
334 147
335 146
336 145
337 144
338 143
339 142
340 141
341 140
342 139
343 138
344 137
344 136
344 135
344 134
344 133
344 132
345 131
346 130
347 129
348 129
349 129
350 129
351 129
352 129
353 129
354 128
355 127
355 126
355 125
356 125
355 124
354 123
353 122
352 121
351 120
350 119
350 118
350 117
350 116
350 115
350 114
350 113
350 112
350 111
350 110
350 109
350 108
350 107
350 106
350 105
349 104
349 103
350 103
349 102
349 101
349 100
349 99
349 98
349 97
349 96
349 95
349 94
349 93
349 92
348 91
347 90
346 89
346 88
346 87
346 86
345 85
344 84
343 83
342 82
341 81
340 80
340 79
339 79
341 79
342 79
343 79
344 79
345 79
346 79
347 79
348 79
349 78
350 77
351 76
352 75
352 74
352 73
352 72
352 71
352 70
352 69
352 68
352 67
351 66
350 65
349 64
348 64
347 64
346 64
345 64
344 64
343 64
342 64
341 64
340 64
339 64
339 63
338 62
337 61
336 60
335 59
334 58
333 57
332 56
331 55
330 54
329 53
328 52
327 51
326 51
325 51
324 51
323 51
322 51
321 51
320 51
319 51
318 51
317 51
316 51
315 51
349 63
349 62
349 61
349 60
349 59
349 58
348 57
347 56
346 55
345 54
344 53
344 52
343 52
345 52
346 52
347 52
348 51
349 50
350 49
351 48
352 47
352 46
352 45
352 44
352 43
352 42
351 41
350 40
349 39
348 38
347 37
347 36
346 36
345 36
344 36
343 36
342 36
341 36
340 36
339 36
338 35
337 34
336 33
335 32
334 31
333 30
348 36
349 36
350 36
351 36
352 36
353 36
354 36
355 35
356 34
356 33
356 32
356 31
356 30
356 29
356 28
356 27
356 26
356 25
356 24
356 23
355 22
354 21
353 20
352 19
351 102
352 101
353 100
354 99
355 98
356 97
357 96
358 95
359 94
360 93
361 92
362 91
362 90
362 89
362 88
362 87
362 86
363 85
364 84
365 83
366 82
367 81
368 80
369 79
370 78
371 77
372 76
373 75
374 74
375 73
376 72
376 71
376 70
376 69
376 68
376 67
376 66
376 65
376 64
376 63
376 62
376 61
377 60
378 59
379 58
377 73
378 74
379 75
380 76
381 77
382 78
383 79
384 79
385 79
386 79
387 79
388 79
389 79
390 79
391 79
392 79
393 79
394 79
395 79
396 79
397 79
398 79
399 78
400 77
401 77
402 77
403 77
404 77
405 76
406 75
407 74
408 73
409 72
410 71
411 70
412 69
413 68
414 67
415 66
416 65
417 64
418 63
418 62
418 61
418 60
418 59
418 58
419 57
420 56
421 55
400 76
400 75
400 74
400 73
400 72
400 71
400 70
400 69
400 68
400 67
400 66
400 65
400 64
400 63
400 62
400 61
400 60
400 59
400 58
400 57
400 56
400 55
399 54
398 53
397 52
397 51
397 50
397 49
396 48
395 47
394 46
393 45
392 44
391 43
390 42
389 41
388 40
387 39
386 38
385 37
384 36
383 35
382 34
357 124
358 123
359 122
360 121
361 120
362 119
363 118
364 117
356 128
357 129
358 129
359 129
360 129
361 129
362 129
363 129
364 129
365 129
366 129
367 130
368 131
369 132
370 133
371 134
372 135
372 136
371 137
370 138
369 139
369 140
369 141
369 142
369 143
369 144
369 145
369 146
369 147
373 137
374 138
375 139
376 139
377 139
378 139
379 139
380 139
381 140
382 141
383 142
384 143
384 144
384 145
384 146
384 147
384 148
384 149
384 150
384 151
347 128
347 127
346 126
345 125
344 124
343 123
342 122
341 121
340 120
339 119
338 118
337 117
336 116
335 115
334 114
333 114
332 114
331 114
330 114
329 114
328 114
327 114
326 114
325 113
324 112
323 111
322 110
321 109
320 108
319 107
318 106
317 105
317 104
317 103
317 102
317 101
317 100
316 99
315 98
315 97
315 96
315 95
315 94
315 93
315 92
315 91
315 90
315 89
314 88
313 87
312 86
311 86
310 86
309 86
308 86
307 85
306 84
305 83
304 82
303 81
302 80
301 79
300 78
299 77
299 76
299 75
299 74
299 73
299 72
299 71
299 70
299 69
299 68
298 67
297 66
296 65
295 64
294 63
293 62
292 61
291 60
290 59
289 58
288 57
287 56
286 55
285 54
284 53
283 52
282 51
281 50
316 106
315 107
314 108
313 109
312 110
311 111
310 112
309 113
308 114
308 115
308 116
308 117
308 118
308 119
333 115
332 116
331 117
330 118
329 119
328 120
328 121
328 122
328 123
328 124
328 125
328 126
328 127
328 128
335 149
336 150
337 151
338 152
339 153
340 154
341 155
342 155
343 155
344 155
345 155
346 155
325 153
324 154
323 155
322 156
321 157
320 158
320 159
320 160
320 161
302 159
301 160
301 161
301 162
301 163
301 164
301 165
301 166
301 167
301 168
301 169
301 170
252 170
252 171
252 172
252 173
252 174
252 175
252 176
252 177
252 178
227 165
228 166
228 167
228 168
228 169
228 170
228 171
228 172
228 173
228 174
227 175
226 176
225 177
225 178
225 179
225 180
225 181
225 182
226 183
227 184
228 185
229 186
230 187
231 187
230 188
230 189
230 190
230 191
230 192
230 193
230 194
230 195
230 196
230 197
230 198
230 199
230 200
231 201
232 201
233 201
234 201
235 201
236 201
237 201
238 201
239 201
240 201
240 200
240 199
241 198
242 197
243 196
244 195
245 194
246 193
247 192
241 202
242 203
243 204
244 205
245 206
246 207
247 207
248 207
249 207
250 207
251 207
252 207
253 207
254 207
255 207
256 207
257 207
258 207
259 207
260 207
261 208
262 209
263 210
264 211
265 212
266 213
266 214
266 215
266 216
266 217
266 218
267 218
268 218
269 218
270 217
271 216
272 215
273 214
274 213
275 212
276 212
277 212
278 212
279 212
280 211
281 210
282 209
283 208
284 207
285 206
286 205
287 204
288 203
289 202
290 201
291 201
292 201
293 201
294 201
295 201
296 200
297 199
298 198
299 197
300 196
301 196
302 196
301 195
301 197
301 198
301 199
301 200
301 201
301 202
301 203
303 197
304 198
305 199
306 199
307 199
308 199
309 199
310 199
311 199
312 199
313 199
314 199
315 199
316 199
317 199
318 199
319 199
320 199
321 199
322 199
323 199
324 199
325 198
326 197
327 196
328 195
328 194
327 194
326 193
325 192
324 191
323 190
322 189
321 188
320 187
319 186
319 185
318 185
320 184
321 183
322 182
323 181
324 180
325 179
326 178
328 193
329 192
330 191
331 190
332 189
333 188
333 187
333 186
333 185
333 184
333 183
334 182
335 181
336 180
337 179
338 178
339 177
340 178
341 179
342 180
343 181
344 182
345 183
346 184
347 185
348 186
349 186
349 185
349 184
349 183
349 182
350 181
351 180
352 179
353 178
354 178
355 178
356 178
357 178
358 178
359 178
360 178
361 178
362 178
363 177
364 176
365 176
366 176
367 176
368 176
369 176
370 176
371 175
372 174
373 173
374 172
349 187
349 188
349 189
275 211
275 210
275 209
275 208
275 207
275 206
275 205
274 204
273 203
273 202
273 201
273 200
273 199
273 198
273 197
273 196
273 195
273 194
273 193
273 192
273 191
273 190
274 190
275 189
276 188
277 187
278 186
279 185
280 184
249 208
248 209
247 210
246 211
245 212
244 213
243 214
242 215
241 216
240 216
239 217
238 218
237 219
236 220
235 221
234 222
233 223
232 224
231 225
230 226
229 227
228 227
227 227
226 227
225 226
224 225
223 224
222 223
221 222
220 221
219 220
218 219
217 218
216 217
215 218
214 219
213 220
212 220
211 220
210 220
209 220
208 220
207 220
206 220
205 220
205 219
205 218
205 217
204 216
203 215
202 214
201 213
200 212
199 211
198 210
197 209
196 208
195 207
225 228
225 229
225 230
225 231
225 232
225 233
225 234
225 235
225 236
229 175
230 176
231 177
232 177
233 177
234 177
235 177
236 177
200 178
201 179
202 180
203 181
204 182
205 183
206 184
171 179
172 180
173 181
174 182
175 183
176 184
177 185
178 186
179 187
180 188
181 188
182 188
158 183
158 182
158 181
158 180
158 179
158 178
157 177
156 176
155 175
154 174
153 173
152 173
151 173
150 173
149 173
148 173
147 172
146 171
145 170
144 169
143 168
142 167
141 166
140 167
139 167
138 167
137 167
136 167
135 167
134 167
133 167
132 167
132 166
132 165
132 164
132 163
132 162
132 161
132 160
132 159
131 158
131 157
131 156
131 155
131 154
131 153
131 152
131 151
131 150
130 149
129 148
129 147
129 146
128 145
127 144
126 143
125 142
124 141
123 140
122 139
121 138
120 137
119 137
118 137
117 137
116 137
115 137
114 137
113 137
112 137
111 136
111 135
111 134
111 133
111 132
110 131
109 130
108 129
107 128
110 137
109 138
108 139
107 140
106 140
105 140
104 140
103 139
102 138
101 137
100 136
99 135
98 134
97 133
96 132
95 131
94 130
93 129
92 130
91 131
90 131
89 131
88 131
87 131
86 131
85 131
84 131
83 131
82 130
89 132
89 133
89 134
89 135
89 136
89 137
89 138
89 139
89 140
89 141
89 142
90 143
91 144
92 145
93 146
94 147
95 148
95 149
95 150
95 151
95 152
95 153
95 154
94 155
94 156
94 157
94 158
94 159
94 160
94 161
94 162
94 163
94 164
93 165
92 166
91 167
90 168
89 169
88 170
87 171
86 171
85 170
84 169
83 168
82 167
81 166
81 165
81 164
81 163
81 162
81 161
81 160
81 159
81 158
81 157
82 156
82 155
82 154
81 153
80 152
79 151
78 150
77 149
76 148
75 147
74 146
74 145
74 144
74 143
74 142
74 141
73 140
72 139
71 138
70 137
69 136
68 135
67 134
66 133
65 132
73 147
72 148
71 149
70 150
70 151
70 152
70 153
70 154
70 155
70 156
69 156
68 156
67 156
66 155
65 154
64 153
63 152
62 151
61 150
60 149
59 149
58 149
57 149
56 149
55 149
54 149
53 149
52 149
51 148
50 147
49 146
59 150
58 151
57 152
56 153
55 154
54 155
53 156
53 157
52 158
51 158
50 158
49 158
48 158
47 158
46 158
45 158
44 158
43 158
42 158
41 158
87 172
87 173
87 174
87 175
87 176
86 177
85 177
84 177
83 177
82 177
81 177
80 177
79 177
78 177
77 177
76 177
75 176
74 175
73 174
72 173
71 172
70 171
69 170
68 169
67 170
67 171
67 172
67 173
67 174
67 175
67 176
67 177
67 178
67 179
68 180
69 181
70 182
71 183
72 184
73 185
74 186
74 187
74 188
73 189
72 190
71 191
70 192
69 193
68 193
67 193
66 193
65 193
64 194
63 195
63 196
63 197
63 198
63 199
63 200
63 201
63 202
63 203
63 204
62 204
61 204
60 204
59 203
58 202
57 201
56 200
55 199
54 198
53 197
52 196
51 195
50 194
49 193
48 193
47 193
46 193
45 193
44 193
43 193
42 193
41 193
40 192
39 191
38 190
37 189
36 188
35 187
34 186
33 185
32 186
31 187
30 188
29 189
28 190
27 191
26 192
25 192
24 192
23 192
22 192
21 192
20 192
19 192
18 192
17 192
17 191
17 190
17 189
17 188
16 187
15 186
14 185
13 184
62 205
61 206
60 207
60 208
60 209
60 210
60 211
60 212
59 212
58 212
57 212
56 212
55 212
54 212
53 212
52 212
51 212
50 212
49 212
48 212
47 211
46 210
45 211
44 212
43 213
42 214
41 215
40 216
39 217
39 218
38 218
37 218
36 218
35 218
34 218
33 218
32 218
31 218
30 218
29 218
28 218
27 217
26 216
25 215
24 214
23 213
61 213
62 214
63 215
64 216
65 216
66 216
67 216
68 216
69 216
70 215
71 214
72 213
73 212
74 211
75 210
76 209
77 208
88 177
89 178
90 179
91 180
91 181
91 182
91 183
91 184
91 185
91 186
91 187
91 188
90 189
89 190
89 191
89 192
89 193
92 189
93 190
94 191
95 192
96 193
97 194
98 195
99 196
100 197
101 198
102 199
103 199
103 198
103 197
103 196
103 195
103 194
103 193
104 192
105 191
106 190
107 189
108 188
103 200
107 141
108 142
109 143
110 144
111 145
112 146
113 147
114 148
115 149
115 150
120 136
120 135
120 134
120 133
120 132
121 131
122 130
123 129
124 128
125 127
126 126
127 125
128 125
129 125
130 125
131 125
132 125
133 125
134 125
135 125
136 124
137 123
138 122
139 121
140 120
128 126
129 127
130 128
131 129
132 130
133 131
134 132
134 133
134 134
134 135
127 124
127 123
127 122
127 121
127 120
127 119
127 118
126 117
125 116
124 115
123 114
122 113
121 112
120 111
119 110
119 109
119 108
120 108
119 107
119 106
119 105
119 104
118 103
117 102
116 101
115 100
114 101
113 102
112 103
111 104
110 105
109 105
108 105
107 105
106 105
105 105
106 106
107 107
108 108
108 109
108 110
108 111
108 112
108 113
121 107
122 106
123 105
124 104
125 103
126 102
130 159
129 160
128 161
127 161
126 161
125 161
124 161
123 161
122 162
121 163
120 164
119 164
118 164
117 164
116 164
115 164
114 164
113 164
112 164
111 164
110 164
109 164
155 194
154 195
153 196
152 197
151 198
150 199
149 200
148 201
147 202
147 203
147 204
109 217
110 218
110 219
110 220
110 221
110 222
110 223
110 224
111 224
112 224
113 224
114 224
115 224
116 224
117 224
118 224
110 225
110 226
110 227
110 228
110 229
110 230
110 231
110 232
110 233
110 234
110 235
110 236
110 237
110 238
90 233
91 234
91 235
91 236
91 237
91 238
91 239
91 240
71 265
72 266
73 266
74 266
75 266
61 316
60 317
59 318
58 319
57 320
56 321
55 322
54 323
53 323
52 323
51 323
50 323
49 323
48 323
47 323
46 323
45 322
44 321
43 322
42 323
41 324
40 324
39 324
38 325
37 326
36 327
35 327
34 327
33 327
32 327
31 327
30 327
29 327
28 327
27 327
26 327
25 327
24 327
31 326
31 325
30 324
29 323
28 322
27 321
26 320
25 319
32 328
33 329
33 330
33 331
33 332
33 333
33 334
33 335
33 336
33 337
32 338
31 339
30 340
29 341
28 341
27 341
26 341
25 341
24 341
23 341
22 341
21 341
20 340
19 339
18 338
34 338
35 339
36 340
37 341
38 342
39 343
40 343
41 343
40 344
39 345
38 346
37 347
36 348
35 349
35 350
34 351
33 352
32 352
31 352
30 352
29 352
28 352
27 352
26 353
25 354
24 355
23 356
22 357
21 358
20 359
19 360
18 361
17 362
17 363
16 364
15 365
14 366
14 367
28 353
29 354
30 355
31 356
32 357
33 358
33 359
33 360
33 361
33 362
33 363
33 364
32 365
31 366
31 367
31 368
31 369
31 370
31 371
31 372
31 373
31 374
31 375
31 376
31 377
31 378
32 379
33 380
34 381
35 382
36 383
37 384
38 385
38 386
38 387
38 388
38 389
39 389
40 389
41 389
42 389
43 389
44 388
45 387
46 386
36 351
37 352
38 353
39 354
40 355
41 356
42 357
43 358
44 359
45 360
46 361
46 362
73 319
74 320
74 321
74 322
74 323
74 324
74 325
74 326
74 327
74 328
73 329
72 330
71 331
70 332
69 332
68 332
69 333
69 334
69 335
69 336
69 337
69 338
69 339
69 340
69 341
69 342
70 343
71 343
72 343
73 343
74 343
73 344
72 345
71 346
70 347
69 348
68 349
67 350
66 351
65 352
64 353
64 354
64 355
64 356
64 357
64 358
64 359
75 344
76 345
77 346
78 347
79 348
80 349
80 350
80 351
80 352
81 352
82 352
83 352
84 352
85 352
86 352
87 352
88 352
89 351
90 351
91 351
92 351
93 351
94 351
95 350
96 349
97 348
98 347
99 346
100 345
87 315
88 316
89 317
90 318
91 319
92 319
93 319
94 319
93 320
92 321
91 322
90 323
90 324
90 325
90 326
90 327
90 328
90 329
95 320
96 321
97 322
98 323
99 324
100 325
101 326
102 327
124 313
125 314
126 315
127 316
128 317
129 318
130 319
131 319
132 319
133 319
134 319
135 319
136 319
137 319
138 319
139 319
140 319
141 319
142 319
143 319
144 319
145 319
146 319
147 319
148 318
149 317
150 316
151 315
152 314
153 315
154 316
154 317
154 318
154 319
154 320
154 321
154 322
154 323
154 324
155 324
156 324
157 324
158 324
159 324
160 323
161 322
162 321
163 320
164 319
164 318
164 317
164 316
164 315
164 314
165 313
166 312
167 311
168 310
169 309
170 308
171 307
172 306
173 305
174 304
175 304
176 304
177 304
178 304
179 304
180 304
181 304
182 303
183 302
174 303
174 302
174 301
174 300
174 299
174 298
173 297
172 296
171 295
170 294
169 293
168 292
167 291
139 344
138 345
137 346
136 347
135 348
134 348
133 348
132 348
131 348
130 348
129 348
128 349
127 350
126 351
126 352
126 353
125 353
124 353
123 353
122 353
121 353
120 353
119 352
118 351
117 350
116 349
115 348
114 349
113 350
112 351
112 352
112 353
112 354
112 355
112 356
112 357
112 358
112 359
112 360
113 361
114 362
115 363
116 364
116 365
116 366
116 367
116 368
117 369
118 370
118 371
119 372
120 373
121 374
121 375
121 376
121 377
121 378
121 379
121 380
122 380
123 380
124 380
125 380
126 380
127 380
128 380
122 381
123 382
124 383
125 384
126 385
127 386
127 387
127 388
120 381
119 382
118 383
117 384
116 385
115 385
114 385
113 385
112 385
111 386
110 387
109 388
108 389
108 390
107 390
106 389
105 388
104 387
103 386
102 385
101 384
100 383
99 382
98 381
97 380
96 379
95 378
95 377
94 377
93 376
92 375
91 374
90 373
89 372
88 371
87 370
86 369
85 368
84 367
83 366
95 376
95 375
95 374
95 373
95 372
95 371
96 370
94 379
93 380
92 381
91 382
90 383
90 384
90 385
90 386
89 387
88 388
87 389
86 390
85 391
84 392
83 393
82 393
81 393
80 393
79 393
78 393
79 394
80 395
81 396
82 397
83 398
84 399
83 400
82 401
81 401
80 401
79 401
78 402
77 403
76 404
75 405
74 405
73 405
72 405
71 405
70 405
69 405
68 404
67 403
66 402
65 401
64 400
63 399
62 398
61 397
60 396
60 395
60 394
60 393
60 392
60 391
60 390
60 389
61 388
62 387
62 386
62 385
62 384
62 383
62 382
62 381
62 380
62 379
62 378
62 377
62 376
61 375
109 391
110 392
111 393
112 394
113 395
113 396
113 397
113 398
113 399
113 400
113 401
113 402
112 403
111 404
111 405
111 406
111 407
111 408
111 409
111 410
111 411
111 412
112 413
112 414
112 415
112 416
112 417
112 418
112 419
112 420
112 421
112 422
111 423
110 424
109 425
108 426
107 427
106 428
105 429
104 430
104 431
104 432
104 433
104 434
104 435
105 436
106 437
107 438
108 439
109 440
110 441
111 442
112 442
113 442
114 442
115 442
116 442
117 442
118 442
119 442
120 442
121 442
122 442
123 442
124 442
125 442
126 442
127 442
128 442
129 442
130 441
131 440
132 439
133 438
134 437
134 436
134 435
134 434
134 433
134 432
135 431
136 430
137 429
138 428
139 427
114 403
115 404
116 405
117 406
118 407
119 408
120 409
121 410
122 411
158 355
157 356
156 357
155 358
154 359
153 360
152 361
151 362
150 363
149 363
148 362
147 361
146 360
145 359
144 358
143 357
142 356
151 364
152 365
152 366
152 367
152 368
152 369
152 370
152 371
152 372
152 373
151 374
150 375
149 376
148 377
147 378
146 379
145 380
144 381
143 381
142 381
141 381
140 381
141 382
142 383
143 384
144 385
145 386
146 387
147 388
147 389
147 390
147 391
148 392
149 393
150 394
151 395
152 396
153 397
154 398
155 399
156 400
157 400
158 400
159 400
160 400
161 400
162 400
163 400
164 399
165 398
166 397
167 396
168 395
169 394
170 393
171 394
172 395
173 396
174 396
175 396
176 396
177 396
178 396
179 396
180 396
181 396
182 396
183 396
184 396
185 396
186 396
187 396
188 396
189 396
190 395
191 394
192 395
193 396
194 397
195 398
196 399
197 399
198 399
199 399
200 399
201 399
202 399
203 399
204 399
205 399
204 400
203 401
202 402
201 403
200 404
199 405
198 406
197 407
196 408
195 409
194 410
193 411
192 412
192 413
192 414
191 415
190 416
189 417
188 418
187 419
186 420
185 421
184 422
183 423
182 424
181 425
180 426
179 427
178 428
177 429
176 430
175 430
174 430
173 429
172 428
171 427
170 426
169 425
168 424
167 423
166 422
165 421
164 420
163 421
162 422
161 423
160 424
160 425
160 426
160 427
160 428
160 429
160 430
160 431
160 432
160 433
159 434
158 435
158 436
158 437
158 438
158 439
158 440
158 441
158 442
193 415
194 416
195 417
196 418
197 419
198 420
199 421
199 422
199 423
199 424
199 425
200 425
201 425
202 425
203 425
204 425
205 425
206 424
207 423
208 422
209 421
210 420
211 419
212 418
213 417
214 416
215 417
216 418
217 418
218 418
219 418
220 418
221 418
222 418
223 418
224 418
225 418
226 418
227 418
228 418
200 426
201 427
202 428
203 429
204 430
205 431
206 432
206 433
206 434
206 435
206 436
206 437
206 438
207 438
208 438
209 438
210 438
211 438
212 438
213 438
214 437
215 436
216 435
217 435
218 435
219 435
220 435
221 435
222 435
223 435
224 435
225 435
226 435
227 435
228 435
229 434
230 434
231 434
232 434
233 434
234 434
235 434
236 434
237 434
238 434
239 434
240 434
241 434
242 434
243 434
244 433
245 432
246 431
198 426
197 427
196 428
195 429
194 430
193 431
192 432
192 433
192 434
192 435
192 436
192 437
192 438
192 439
223 346
222 345
221 344
220 343
219 342
218 341
217 340
216 339
215 339
214 339
213 339
212 339
211 339
210 339
209 339
208 338
208 337
208 336
208 335
209 334
210 333
211 332
212 331
212 330
211 330
210 330
209 330
208 330
207 330
206 329
205 328
204 327
203 326
202 325
201 326
200 327
199 328
198 328
197 328
196 328
195 328
194 328
193 328
192 328
191 328
190 328
189 328
188 329
187 330
186 331
185 332
184 333
183 334
182 335
181 336
180 337
179 338
178 339
177 340
176 340
175 340
174 340
213 330
225 346
225 345
225 344
225 343
225 342
225 341
226 340
227 339
228 338
228 337
228 336
228 335
228 334
228 333
228 332
228 331
228 330
228 329
228 328
228 327
228 355
229 356
230 357
231 358
232 359
233 359
234 359
235 359
236 359
237 360
238 361
239 362
240 363
241 364
242 365
243 366
244 367
245 368
246 369
247 370
246 371
245 372
244 372
243 372
242 372
241 372
240 372
239 372
238 372
237 372
236 372
235 372
234 372
233 372
232 372
231 372
230 372
229 372
228 372
227 372
226 372
225 372
224 372
223 372
222 372
221 372
220 372
219 371
218 370
217 371
216 372
215 373
214 374
213 375
212 376
211 377
210 378
209 379
208 380
224 373
223 374
223 375
223 376
223 377
223 378
223 379
223 380
223 381
223 382
223 383
223 384
223 385
248 371
249 372
250 373
251 374
252 375
253 376
254 377
255 377
255 378
254 378
253 379
252 380
251 381
250 382
249 383
248 384
247 385
246 386
245 387
244 388
243 388
242 389
241 390
240 391
239 392
238 393
237 394
237 395
237 396
237 397
237 398
256 378
257 378
258 378
259 378
260 378
261 378
262 378
263 378
264 379
265 380
266 381
267 382
268 383
269 384
270 385
271 386
271 387
270 388
269 389
268 390
267 391
266 392
265 393
264 394
263 395
262 396
261 397
261 398
261 399
261 400
262 401
263 402
264 403
265 403
266 403
267 404
268 405
269 406
270 407
271 408
272 409
273 410
274 411
275 412
276 413
276 414
276 415
277 416
278 417
279 418
280 419
281 420
282 421
283 422
284 423
283 424
282 425
281 426
280 427
279 428
279 429
279 430
279 431
279 432
279 433
279 434
279 435
279 436
279 437
279 438
278 439
277 440
276 441
275 442
274 442
273 442
272 442
271 442
270 442
269 442
268 442
267 442
266 442
266 441
266 440
266 439
266 438
266 437
266 436
266 435
266 434
266 433
266 432
266 431
265 430
280 439
281 440
282 441
283 442
284 443
285 444
286 445
287 446
288 447
289 448
290 449
291 450
292 451
293 452
294 452
295 452
296 452
297 452
256 376
257 375
258 374
259 373
260 372
261 371
262 370
263 369
264 368
265 367
269 342
269 343
269 344
269 345
269 346
269 347
269 348
269 349
269 350
269 351
269 352
278 335
279 336
280 337
281 338
281 339
281 340
281 341
281 342
281 343
281 344
281 345
281 346
282 347
283 348
284 349
285 350
285 351
285 352
285 353
285 354
285 355
285 356
285 357
285 358
285 359
285 360
285 361
286 361
287 361
288 361
289 361
290 361
291 360
292 359
293 358
294 357
295 356
296 355
297 354
298 353
299 352
300 351
284 362
283 363
282 364
282 365
282 366
282 367
282 368
282 369
282 370
282 371
283 372
284 373
285 374
286 375
286 376
286 377
286 378
286 379
286 380
287 324
288 325
289 325
290 325
291 325
292 325
293 325
294 325
295 325
296 325
297 325
310 308
311 309
312 310
313 311
314 312
315 313
316 314
317 315
318 316
319 316
319 315
320 314
321 313
322 312
323 311
324 310
325 309
319 317
319 318
854
344 279
347 271
357 274
359 287
369 293
378 291
372 283
376 275
386 295
398 297
400 279
413 289
393 312
370 306
362 315
376 318
370 328
380 331
334 282
339 293
340 304
340 318
335 328
326 341
326 351
321 358
327 370
341 359
331 380
329 391
319 404
309 395
304 386
305 376
303 403
332 406
321 419
304 423
322 436
317 446
343 414
357 408
365 416
374 406
384 404
397 403
398 393
405 404
401 413
419 415
378 394
380 417
371 435
358 440
345 453
350 465
352 473
360 471
372 465
363 456
392 475
405 466
397 484
405 495
423 482
338 482
320 468
325 489
316 496
301 486
297 494
289 496
290 476
331 500
343 508
351 498
359 498
372 492
366 509
379 507
354 508
350 522
394 428
402 430
419 435
348 400
339 430
342 382
345 330
341 343
359 343
365 353
355 361
377 355
390 346
399 354
396 330
410 314
415 316
425 315
432 305
438 313
410 342
423 334
400 367
375 364
367 375
359 384
376 377
326 264
332 253
335 242
348 231
348 223
356 219
371 211
368 202
380 202
387 199
396 204
409 198
405 189
405 177
415 190
420 208
429 205
430 195
431 184
429 174
425 159
422 152
418 142
411 114
399 121
393 111
426 124
409 156
402 145
440 202
454 199
447 187
456 182
454 177
446 177
452 168
460 167
460 179
471 184
475 199
487 190
483 174
492 165
505 162
517 149
513 132
504 126
498 118
492 104
507 105
517 100
491 140
482 137
469 128
465 120
460 135
468 146
457 149
447 145
481 119
466 101
524 138
525 127
540 115
552 108
560 110
533 106
537 130
544 146
549 162
521 176
504 182
510 191
504 204
521 199
536 192
543 200
550 208
558 205
570 191
584 197
588 186
584 170
593 177
603 186
603 178
608 197
622 216
630 212
605 166
599 156
585 155
574 140
589 131
597 130
601 116
597 100
584 123
577 115
576 104
609 158
624 157
636 161
646 151
639 134
621 128
581 205
592 212
590 220
588 229
574 220
584 242
595 247
600 259
595 267
591 277
577 275
565 268
557 274
572 261
581 288
583 297
575 304
586 310
601 298
613 311
583 318
597 325
596 337
611 351
623 336
626 348
595 366
582 369
573 360
559 339
548 332
534 334
527 326
543 313
549 297
535 295
526 303
517 298
514 309
503 304
495 301
485 293
481 281
472 295
466 287
452 290
437 287
429 286
448 274
464 270
441 260
429 260
451 254
462 253
472 311
458 321
455 309
450 337
448 350
440 350
495 293
501 289
509 280
517 280
514 265
504 249
503 239
498 223
486 241
468 233
495 258
557 297
530 343
520 350
510 342
499 337
518 338
510 362
498 357
486 348
480 339
493 365
481 362
467 355
480 378
473 382
466 374
455 376
461 394
450 390
440 379
431 385
447 402
438 412
466 404
480 407
493 407
501 423
514 414
510 402
511 390
525 425
518 444
539 432
540 419
535 406
548 403
548 420
559 427
495 439
471 420
472 432
469 441
459 442
449 434
440 441
438 431
516 372
526 364
529 375
541 349
557 353
575 352
597 375
591 384
588 397
572 397
557 384
596 409
598 421
585 423
576 423
608 429
593 440
582 447
575 438
604 395
616 411
627 399
626 384
621 372
634 384
634 375
641 416
608 272
619 266
629 246
637 236
613 281
605 283
624 290
629 281
641 274
592 199
555 216
558 224
550 227
542 237
532 235
521 230
521 218
522 247
537 246
548 247
541 258
538 216
544 185
458 208
411 219
419 223
428 230
441 220
445 237
424 241
412 247
409 258
386 213
396 217
386 229
385 241
373 234
373 224
376 251
372 259
358 251
394 249
390 259
357 227
352 204
335 234
324 230
321 216
334 218
320 252
314 265
302 250
292 248
286 233
276 243
263 239
258 252
244 248
243 236
244 259
261 261
258 272
261 280
257 289
302 223
287 264
277 274
307 275
295 286
307 290
320 295
309 307
298 309
289 305
280 298
284 313
273 310
258 305
286 323
277 334
268 341
261 333
261 325
251 345
241 342
225 347
215 349
207 356
193 353
184 368
172 365
159 354
148 345
140 343
129 337
119 332
119 323
111 307
98 304
105 291
110 277
121 275
110 264
102 262
95 271
88 284
120 262
133 255
144 246
140 231
149 237
156 224
162 239
131 286
133 296
145 284
148 276
142 268
149 260
161 253
172 259
162 268
170 272
183 268
195 276
204 268
203 257
194 244
188 236
188 226
179 217
181 204
189 255
205 240
215 253
228 260
222 273
209 282
233 278
241 282
237 293
239 301
230 305
217 304
202 300
87 305
86 314
77 313
74 301
72 318
62 315
53 301
54 292
57 281
62 270
70 264
64 254
62 243
54 233
53 258
75 245
89 232
93 223
94 215
108 216
118 209
127 196
125 185
135 182
148 186
156 193
158 184
170 178
168 163
179 165
187 167
192 156
185 139
177 144
164 148
162 140
167 128
158 110
148 106
169 114
178 109
186 114
195 116
198 105
199 146
200 136
208 136
210 129
222 120
234 120
239 112
246 104
258 117
249 128
263 136
214 146
223 148
225 138
191 174
199 177
205 176
213 163
226 164
239 155
251 160
253 169
261 163
274 167
279 156
288 152
285 138
285 121
276 118
303 158
317 148
326 152
334 148
344 137
347 129
355 127
350 119
349 104
346 89
339 79
352 75
349 64
339 64
327 51
315 51
343 52
352 47
346 36
333 30
356 34
352 19
362 91
376 72
379 58
390 79
400 77
418 63
421 55
400 69
397 52
382 34
364 117
366 129
372 136
369 147
380 139
384 151
334 114
317 105
315 98
312 86
299 77
281 50
308 119
328 128
346 155
320 161
301 170
252 178
228 174
225 182
231 187
230 200
240 201
247 192
250 207
260 207
266 218
275 212
290 201
301 195
301 203
316 199
328 195
318 185
326 178
333 188
339 177
353 178
364 176
374 172
349 189
273 203
273 190
280 184
240 216
226 227
216 217
205 220
195 207
225 236
236 177
206 184
182 188
153 173
141 166
132 167
131 158
129 148
120 137
111 136
107 128
106 140
93 129
90 131
82 130
89 142
95 154
94 164
81 166
82 156
74 146
65 132
70 156
60 149
49 146
53 157
41 158
87 176
78 177
68 169
67 179
74 188
65 193
63 204
49 193
33 185
17 192
13 184
60 212
46 210
39 218
23 213
65 216
77 208
91 188
89 193
108 188
103 200
115 150
127 125
140 120
134 135
119 110
115 100
105 105
108 113
126 102
123 161
109 164
147 204
110 224
118 224
110 238
91 240
75 266
53 323
44 321
39 324
31 327
24 327
25 319
33 337
27 341
18 338
41 343
35 350
27 352
17 363
14 367
33 364
31 378
38 389
46 386
46 362
74 328
68 332
69 342
74 343
64 359
80 352
89 351
100 345
94 319
90 329
102 327
124 313
135 319
152 314
154 324
164 319
174 304
183 302
167 291
129 348
126 353
115 348
112 360
116 368
118 371
121 380
128 380
127 388
112 385
108 390
95 378
83 366
96 370
90 386
78 393
84 399
79 401
73 405
60 396
62 387
61 375
113 402
111 412
112 422
104 435
119 442
134 437
139 427
122 411
150 363
142 356
152 373
140 381
147 391
157 400
170 393
177 396
191 394
205 399
192 414
174 430
164 420
160 433
158 442
199 425
214 416
228 418
206 438
216 435
229 434
246 431
192 439
216 339
208 338
202 325
189 328
174 340
213 330
228 338
228 327
228 355
236 359
247 370
237 372
225 372
218 370
208 380
223 385
254 378
243 388
237 398
263 378
271 387
261 400
266 403
276 415
284 423
279 438
266 442
265 430
297 452
265 367
269 352
281 346
285 361
300 351
282 371
286 380
297 325
325 309
319 318
