9222
333 271
334 272
335 273
336 274
337 275
338 276
339 277
340 278
341 279
342 280
343 281
343 282
343 283
343 284
342 285
341 286
341 287
341 288
341 289
341 290
341 291
341 292
341 293
341 294
340 295
339 296
338 297
337 298
336 298
335 298
334 298
333 298
332 298
331 298
330 298
329 297
328 296
327 295
326 294
325 293
324 292
323 291
322 291
321 291
320 291
319 291
318 291
317 291
316 291
315 291
314 291
313 291
312 290
311 290
310 290
309 290
308 290
307 290
306 289
305 288
304 287
303 288
302 289
301 290
300 291
299 292
298 293
297 294
296 295
295 296
294 297
293 298
292 298
291 298
290 298
289 298
288 298
287 298
286 297
285 296
284 296
283 296
282 296
281 296
280 296
279 295
278 294
277 293
276 292
275 291
274 290
273 289
273 288
272 287
271 286
270 285
269 284
268 283
267 282
266 281
272 290
271 291
270 292
269 293
268 294
267 295
266 296
265 297
264 297
263 297
262 297
261 297
260 297
259 297
258 297
257 297
257 296
257 295
256 294
255 293
254 292
253 291
252 290
251 289
250 288
249 287
248 286
247 285
246 284
245 283
244 282
243 281
242 282
241 283
240 284
239 285
238 286
237 287
236 288
236 289
236 290
236 291
236 292
236 293
312 289
312 288
312 287
312 286
312 285
312 284
312 283
312 282
313 281
314 280
315 279
316 278
317 277
318 276
318 275
318 274
318 273
318 272
318 271
318 270
318 269
319 268
318 267
317 266
316 265
315 264
314 263
313 262
312 261
311 260
310 259
310 258
310 257
311 257
310 256
310 255
310 254
310 253
309 252
308 251
307 250
306 250
305 250
304 250
303 250
302 250
301 250
300 250
299 250
298 249
297 249
296 249
295 249
294 249
293 249
292 249
291 249
290 249
289 248
289 247
289 246
289 245
289 244
289 243
288 242
287 241
286 240
286 239
285 239
284 239
283 239
282 239
281 239
280 239
279 238
278 237
277 236
276 235
275 236
274 237
273 237
272 237
271 237
270 237
269 237
268 237
267 237
266 237
265 238
264 239
263 240
262 241
261 242
260 243
259 244
258 245
257 245
256 245
255 245
254 245
254 244
254 243
253 242
252 241
251 240
250 239
249 238
248 237
247 236
246 235
245 234
244 233
253 246
252 247
251 248
251 249
251 250
251 251
251 252
251 253
250 254
249 255
248 256
247 257
246 258
246 259
246 260
245 260
244 259
243 258
242 257
241 256
240 255
239 254
238 253
237 252
237 251
237 250
236 249
235 248
234 247
233 246
232 245
231 244
230 243
229 242
228 241
227 240
227 239
226 238
225 237
224 236
223 235
222 234
221 233
220 232
219 231
218 230
217 229
217 228
216 228
216 227
216 226
216 225
215 224
214 223
213 222
212 221
211 220
210 219
209 218
208 217
207 216
206 215
205 216
204 217
203 218
202 219
201 220
200 221
199 222
198 223
197 223
197 222
196 221
195 220
194 219
193 218
192 217
191 216
190 215
190 214
190 213
190 212
190 211
190 210
191 209
192 208
193 207
194 206
195 205
196 205
197 205
198 205
199 205
200 205
201 205
202 205
203 204
204 203
197 224
197 225
218 228
219 228
220 228
221 228
222 228
223 228
224 228
225 228
226 227
227 226
228 225
228 224
228 223
228 222
229 221
230 220
231 219
232 218
233 217
234 216
235 215
236 214
237 213
238 212
238 211
237 211
236 211
235 211
234 210
233 209
232 208
231 207
239 211
240 212
241 213
242 214
243 215
244 216
245 216
246 216
247 216
248 216
249 216
250 216
251 216
252 216
253 215
254 214
255 213
256 212
257 211
258 210
259 209
260 208
261 207
262 206
263 205
264 204
265 203
266 202
265 201
264 200
263 199
262 198
261 197
260 196
259 195
258 194
257 193
256 192
255 191
254 190
254 189
253 188
252 187
252 186
252 185
252 184
252 183
253 182
254 181
255 180
256 179
257 178
258 177
258 176
258 175
257 174
256 173
255 172
254 171
253 170
252 169
251 168
251 167
250 167
252 167
253 167
254 167
255 167
256 167
257 167
258 167
259 166
260 165
259 164
258 163
257 162
256 161
255 160
254 159
253 158
252 157
251 156
250 155
249 154
248 153
247 152
246 152
245 152
244 152
243 152
242 152
241 151
240 150
239 149
238 148
237 147
236 146
235 146
234 146
233 146
232 146
231 146
230 146
229 146
228 146
227 145
226 144
226 143
226 142
226 141
226 140
226 139
226 138
226 137
226 136
226 135
225 135
224 135
223 135
222 135
221 135
220 135
219 135
218 135
217 135
216 135
215 134
214 133
213 132
212 131
211 131
210 131
209 131
208 131
207 130
206 129
205 128
204 127
203 128
202 129
201 130
200 131
199 132
198 133
197 134
197 135
196 135
195 134
194 133
193 132
192 131
192 130
192 129
192 128
192 127
192 126
192 125
192 124
192 123
192 122
191 121
190 121
189 120
188 119
187 118
186 117
185 116
184 115
183 114
182 113
181 112
180 112
179 112
178 112
177 111
176 110
175 109
174 108
173 107
172 106
171 105
170 104
169 103
168 102
167 103
166 104
165 105
164 106
163 107
162 108
161 108
160 108
159 108
158 108
157 108
156 107
155 106
154 105
153 104
152 103
159 109
158 110
157 111
156 112
155 113
154 114
153 115
152 116
151 117
150 118
149 119
148 120
147 121
146 121
146 120
146 119
145 118
144 117
143 116
142 115
141 114
140 113
139 112
138 111
137 110
136 109
135 108
134 107
133 108
132 108
131 108
130 108
129 108
128 108
127 108
126 108
125 108
124 108
123 108
122 108
121 108
120 108
119 108
119 107
119 106
119 105
118 104
117 103
116 102
115 101
114 100
113 99
118 109
117 110
116 111
115 112
114 113
113 114
112 115
111 116
110 117
109 118
108 119
107 120
106 121
105 122
105 123
105 124
105 125
146 122
145 123
144 124
143 124
142 124
141 124
140 124
139 124
138 124
137 125
136 126
135 127
134 128
133 129
132 130
131 131
130 132
129 133
128 134
127 135
126 136
125 137
124 138
123 139
123 140
123 141
123 142
123 143
123 144
123 145
124 146
125 147
126 148
127 149
127 150
127 151
127 152
127 153
127 154
127 155
127 156
128 156
129 156
130 156
131 156
132 156
133 156
134 155
135 154
136 153
126 157
125 158
124 159
123 160
122 161
122 162
122 163
122 164
122 165
122 166
122 167
121 167
120 167
119 166
118 165
117 164
116 163
115 162
114 161
113 160
112 159
111 158
111 157
111 156
111 155
111 154
111 153
111 152
110 151
109 150
108 149
123 168
124 169
125 170
126 171
127 172
128 173
129 174
130 174
129 175
128 176
127 177
126 178
125 179
124 180
124 181
123 181
122 181
121 181
120 181
119 181
118 181
117 181
116 180
115 179
114 178
114 177
114 176
113 175
112 174
111 173
113 179
112 180
111 181
110 182
109 183
108 184
107 185
106 185
105 185
104 185
103 185
102 186
101 186
100 186
99 186
98 186
97 186
96 186
95 186
94 186
93 186
92 186
91 186
90 185
89 184
88 183
87 182
86 181
85 181
84 181
83 181
82 181
81 181
80 181
79 181
78 181
77 181
76 181
75 181
74 181
73 181
72 181
71 180
70 181
69 182
68 183
67 184
66 185
65 186
64 187
63 187
62 187
61 188
60 189
59 190
58 191
58 192
58 193
57 193
56 193
55 193
54 192
53 193
52 194
51 194
50 194
49 194
48 194
47 194
46 194
45 194
45 193
44 192
43 191
42 190
41 189
40 188
39 189
38 190
37 191
36 192
35 193
34 194
33 195
32 195
31 195
30 195
29 195
28 195
27 195
26 195
31 194
31 193
31 192
30 191
29 190
28 189
27 188
26 187
25 186
24 185
23 184
23 183
22 183
24 182
25 181
26 180
27 179
28 178
29 177
30 176
31 175
32 174
33 173
34 172
35 171
35 170
34 170
33 169
32 168
31 167
30 166
29 165
28 164
27 163
26 162
25 161
24 160
23 159
22 160
21 161
20 162
19 163
18 164
17 165
16 165
35 169
35 168
36 167
37 166
38 165
39 164
40 163
41 162
42 161
43 160
44 159
45 158
45 157
45 156
44 155
43 154
42 153
41 152
40 151
39 150
38 149
38 148
37 148
39 148
40 148
41 148
42 148
43 148
44 148
45 148
46 148
47 147
48 146
49 145
50 144
51 143
52 142
53 141
54 140
55 139
56 138
57 137
58 137
59 137
60 137
61 137
62 137
63 137
64 136
65 135
66 134
46 159
47 160
48 161
49 162
50 163
51 163
52 163
53 163
32 196
33 197
34 198
33 199
32 200
31 201
30 202
29 203
28 204
27 204
27 205
26 205
25 206
24 207
23 208
22 209
21 210
20 211
19 212
18 213
17 214
16 215
15 215
14 215
13 215
27 206
27 207
27 208
27 209
27 210
27 211
27 212
27 213
35 199
36 200
37 201
38 202
39 203
40 204
41 205
42 206
43 207
44 208
45 209
46 209
47 209
48 209
59 194
60 195
61 196
62 197
63 198
64 199
65 200
66 201
67 202
67 203
67 204
67 205
86 180
86 179
86 178
87 177
88 176
89 175
90 174
91 173
92 172
93 171
93 170
92 170
91 169
90 168
89 167
88 166
87 165
86 164
85 163
84 162
83 161
82 160
81 159
80 158
79 158
78 157
94 170
131 175
132 176
133 177
134 178
135 179
136 180
136 181
137 182
138 183
139 184
140 185
141 186
142 187
143 188
144 189
145 189
145 188
145 187
145 186
146 185
147 184
148 183
149 182
150 181
151 180
152 181
153 182
154 183
155 183
156 183
157 183
158 183
159 183
160 183
161 183
162 183
163 183
164 183
164 182
164 181
164 180
164 179
164 178
164 177
164 176
164 175
165 174
166 173
167 172
168 171
163 184
162 185
161 186
160 187
159 188
159 189
159 190
159 191
159 192
159 193
159 194
159 195
159 196
158 197
157 198
156 199
155 200
154 201
153 202
152 203
151 204
150 205
150 206
149 207
149 208
149 209
149 210
149 211
149 212
149 213
149 214
148 214
147 214
146 214
145 214
144 214
143 214
142 214
141 214
140 213
139 213
138 213
137 212
136 211
136 210
136 209
136 208
136 207
136 206
136 205
136 204
135 203
134 202
133 201
132 200
131 199
130 198
129 197
135 212
134 213
133 214
132 215
131 215
130 215
129 215
128 215
127 215
126 215
125 215
124 215
123 215
122 215
121 215
120 215
119 214
118 213
117 212
116 211
115 210
114 209
113 208
112 207
111 206
110 205
109 204
108 205
107 206
107 207
107 208
107 209
107 210
107 211
107 212
107 213
107 214
107 215
107 216
107 217
106 218
105 219
104 220
103 221
102 222
101 223
100 223
99 223
98 223
97 223
96 223
95 223
95 222
95 221
95 220
95 219
95 218
95 217
94 216
93 215
92 214
91 213
90 212
89 211
89 210
89 209
89 208
89 207
89 206
89 205
89 204
89 203
90 202
108 218
109 219
110 220
111 221
112 222
113 223
114 224
115 225
116 226
117 227
117 228
117 229
118 229
119 229
120 229
121 229
122 229
123 229
124 229
125 229
126 228
118 230
119 231
120 232
121 233
122 234
123 235
123 236
123 237
122 238
121 239
120 240
119 241
118 241
117 241
116 241
115 241
114 241
124 238
125 239
126 240
127 241
128 242
129 243
130 244
130 245
130 246
130 247
130 248
130 249
130 250
129 251
128 252
127 253
126 254
125 255
124 256
123 257
122 258
121 258
120 259
119 260
118 261
117 262
116 263
115 264
114 265
113 266
112 267
111 268
110 269
109 270
108 271
107 272
106 273
105 274
104 275
103 276
102 277
101 277
102 278
103 279
104 280
105 281
106 282
107 283
108 283
109 283
110 283
111 283
112 283
113 283
114 283
113 284
112 285
112 286
112 287
112 288
112 289
112 290
112 291
112 292
112 293
113 294
114 295
115 296
116 297
117 298
118 298
119 298
120 298
121 298
122 298
123 298
124 298
125 298
126 298
126 297
127 296
128 295
129 294
130 293
131 292
132 291
133 290
134 289
135 290
136 291
137 292
138 293
139 294
140 295
141 295
142 295
143 295
143 296
144 297
144 298
144 299
144 300
144 301
144 302
144 303
144 304
144 305
143 306
142 307
141 308
140 309
139 310
138 311
137 312
136 313
135 314
134 315
133 316
132 317
131 318
130 319
129 320
129 321
128 322
127 323
126 324
125 325
124 326
123 327
122 328
121 329
120 330
119 330
118 330
117 330
116 330
115 330
114 330
114 329
114 328
114 327
114 326
114 325
113 324
112 323
111 322
110 321
109 320
108 319
107 318
107 317
107 316
107 315
107 314
107 313
107 312
106 311
105 310
130 322
131 323
132 324
133 325
133 326
133 327
133 328
133 329
134 329
135 329
136 328
137 327
138 326
139 325
140 324
141 323
144 294
145 293
146 292
147 291
148 290
148 289
147 289
146 289
145 289
144 288
143 287
142 286
149 289
150 290
151 291
152 292
153 293
154 294
155 295
156 296
157 297
158 297
159 297
160 297
161 298
161 299
161 300
161 301
161 302
161 303
161 304
161 305
162 305
161 306
163 304
164 303
165 302
166 301
167 300
168 299
169 298
170 297
171 296
172 295
173 294
174 293
175 292
176 291
176 290
176 289
176 288
176 287
176 286
176 285
176 284
176 283
176 282
175 281
174 280
173 279
172 278
172 277
172 276
172 275
172 274
172 273
172 272
172 271
172 270
172 269
172 268
172 267
173 266
174 265
175 265
176 265
177 265
178 265
179 265
180 265
181 265
182 265
183 264
184 263
185 264
186 264
187 264
188 264
189 264
190 264
191 264
192 264
193 264
194 264
195 264
196 265
197 266
198 267
199 267
200 267
201 267
202 267
203 267
204 267
205 267
206 267
207 267
208 267
209 267
210 266
211 265
212 264
213 263
214 262
215 261
216 260
217 259
217 258
216 257
215 256
214 255
213 254
212 253
211 252
210 251
209 250
208 249
207 250
206 251
205 251
204 251
203 251
202 251
201 251
200 251
218 260
219 261
220 262
221 263
222 264
223 265
223 266
223 267
223 268
223 269
223 270
223 271
223 272
223 273
223 274
223 275
223 276
203 268
203 269
203 270
203 271
203 272
203 273
203 274
203 275
203 276
203 277
203 278
203 279
203 280
203 281
203 282
203 283
203 284
203 285
203 286
203 287
203 288
203 289
204 290
205 291
206 292
207 293
208 293
209 293
210 293
211 293
212 293
213 293
214 293
215 293
174 264
174 263
174 262
174 261
174 260
174 259
174 258
174 257
173 256
172 255
171 254
170 253
170 252
170 251
170 250
170 249
170 248
170 247
170 246
171 245
172 244
173 243
174 242
175 241
176 240
177 292
178 293
179 294
180 295
181 296
182 297
183 298
183 299
183 300
183 301
183 302
183 303
183 304
184 305
185 306
186 307
187 308
188 309
189 310
190 311
191 312
192 313
193 314
194 315
195 315
195 314
195 313
195 312
195 311
195 310
195 309
195 308
196 307
197 306
198 305
199 304
200 305
201 306
202 307
203 308
204 309
205 309
206 309
207 309
208 309
209 309
210 309
211 310
212 311
213 312
214 313
214 314
214 315
214 316
214 317
215 318
216 319
217 320
218 321
219 322
220 323
221 324
222 325
222 326
222 327
221 328
220 329
219 329
218 329
217 329
216 329
215 329
214 329
213 330
212 331
211 332
210 333
209 334
208 334
207 334
206 334
207 335
208 336
209 337
210 338
211 339
212 340
213 341
214 342
214 343
223 328
224 329
225 330
226 331
227 332
228 333
229 334
230 334
231 334
232 334
233 335
234 335
235 335
236 335
237 335
238 335
239 335
240 335
241 335
242 335
243 335
244 335
243 336
242 337
241 338
240 339
239 340
238 341
237 342
236 343
235 344
235 345
235 346
235 347
235 348
235 349
235 350
194 316
193 317
192 318
191 319
190 320
189 320
188 320
187 320
186 321
185 321
184 321
183 321
182 321
181 321
180 321
179 321
178 321
177 321
176 322
175 323
174 324
173 325
172 326
171 327
170 328
169 328
168 328
167 328
166 328
165 329
164 329
163 329
162 329
161 329
160 329
159 329
158 329
157 329
156 330
156 331
156 332
156 333
156 334
156 335
156 336
156 337
156 338
156 339
156 340
156 341
156 342
156 343
156 344
196 316
197 317
197 318
197 319
197 320
197 321
197 322
197 323
196 324
195 325
194 326
193 327
192 328
191 329
190 330
189 331
189 332
189 333
189 334
188 334
187 334
186 334
185 334
184 334
183 334
182 334
181 334
180 334
179 333
178 334
177 335
176 336
175 337
175 338
175 339
175 340
176 341
177 342
178 343
179 344
180 345
181 346
182 346
183 346
182 347
181 348
180 349
179 350
178 351
178 352
178 353
178 354
178 355
179 356
180 357
181 358
182 359
183 360
184 361
184 362
184 363
184 364
185 365
186 366
187 367
188 368
189 369
189 370
189 371
189 372
189 373
188 374
187 375
186 376
185 377
184 377
183 377
182 377
181 377
180 377
179 377
178 377
177 377
176 377
175 377
174 377
173 376
172 375
171 374
170 375
169 376
168 377
167 378
166 379
165 380
164 380
163 380
162 380
161 380
161 379
161 378
161 377
161 376
161 375
161 374
161 373
161 372
161 371
160 370
159 370
158 370
157 369
156 368
155 367
154 366
153 365
152 364
151 363
150 362
149 362
148 362
147 362
146 362
145 362
144 362
143 362
142 362
141 362
140 361
139 360
138 359
137 358
136 357
135 356
134 355
160 381
159 382
158 383
157 384
156 385
155 386
154 387
153 387
152 387
162 381
163 382
164 383
165 384
166 385
167 386
168 387
169 388
169 389
169 390
169 391
169 392
169 393
169 394
190 374
191 375
192 376
193 377
194 377
195 377
195 376
195 375
195 374
196 373
197 372
198 371
199 370
200 370
200 371
201 372
202 373
203 374
204 375
205 376
206 377
207 377
208 377
209 377
210 377
211 377
212 377
213 376
214 375
215 374
210 378
211 379
212 380
213 381
214 382
215 383
216 384
217 385
218 386
219 387
219 388
219 389
220 389
221 388
222 387
223 386
224 385
225 384
226 383
227 382
228 381
229 380
230 379
231 378
231 377
231 376
231 375
231 374
232 373
233 372
234 371
235 370
236 369
237 368
238 367
239 366
232 379
233 380
234 381
235 382
236 383
237 384
238 385
239 385
240 385
241 385
242 385
243 385
244 385
245 385
246 385
247 385
248 385
249 385
250 385
251 385
252 385
253 385
254 385
255 385
256 384
257 383
258 382
259 382
260 382
261 382
262 382
263 382
264 381
265 380
266 379
267 378
268 377
269 376
270 377
271 378
272 379
272 380
272 381
272 382
272 383
272 384
243 386
243 387
243 388
243 389
243 390
243 391
243 392
243 393
243 394
243 395
242 396
241 397
240 398
239 399
238 400
237 401
236 401
235 401
234 402
233 403
232 403
231 403
244 396
245 397
246 398
247 399
248 400
249 401
250 402
251 403
252 404
253 405
254 405
254 404
254 403
254 402
254 401
254 400
254 399
255 398
254 406
253 407
252 408
251 409
250 410
249 411
248 412
247 413
246 414
245 415
244 416
244 417
244 418
244 419
244 420
244 421
244 422
243 423
242 424
241 425
240 425
239 425
238 425
237 425
236 425
235 426
234 427
233 428
232 429
231 430
230 431
229 432
228 433
227 434
226 435
225 435
225 434
225 433
225 432
225 431
225 430
225 429
225 428
225 427
225 426
224 425
223 424
225 436
226 437
227 438
228 439
229 440
230 441
231 441
232 441
233 441
234 441
237 426
238 427
239 428
240 429
241 430
242 431
243 432
244 433
245 434
245 435
245 436
246 436
247 436
248 436
249 436
250 436
251 436
252 436
253 436
254 436
255 436
256 436
257 436
258 436
259 435
260 434
261 433
262 432
263 432
264 432
265 432
266 432
267 432
268 432
269 431
270 430
271 429
272 428
273 427
274 426
275 425
276 424
277 424
278 424
279 424
280 424
281 424
282 424
283 424
284 423
285 422
286 423
287 424
288 425
289 426
290 427
291 428
292 428
293 428
294 428
295 428
296 428
297 428
298 428
299 428
300 428
301 428
302 428
302 427
303 426
304 425
305 424
306 423
307 422
308 421
309 420
310 419
311 418
312 419
313 420
314 421
315 422
316 423
317 423
318 423
319 423
320 423
321 423
322 423
323 423
323 422
323 421
323 420
323 419
323 418
323 417
323 416
323 415
322 415
321 414
320 413
319 412
318 411
317 410
316 409
315 408
314 407
313 406
312 405
311 404
310 403
309 402
324 415
324 424
325 425
326 426
327 427
328 428
328 429
328 430
328 431
328 432
328 433
328 434
328 435
327 436
326 437
325 438
324 439
323 440
322 441
321 442
320 443
319 444
318 445
317 446
316 446
315 447
314 448
313 449
313 450
313 451
313 452
313 453
313 454
313 455
313 456
313 457
313 458
313 459
313 460
313 461
276 423
276 422
276 421
276 420
276 419
276 418
275 417
274 416
273 415
201 369
202 368
203 367
204 366
205 365
206 364
207 363
208 363
209 363
210 363
211 363
212 362
213 361
214 360
215 359
216 358
194 378
193 379
192 380
191 381
190 382
189 383
188 384
187 385
186 386
186 387
186 388
186 389
186 390
187 391
188 392
189 393
189 394
189 395
189 396
190 396
191 396
192 396
193 395
194 394
195 393
196 392
197 391
198 392
199 393
200 393
201 393
202 393
203 393
204 394
205 395
206 396
207 397
208 398
209 399
210 400
211 401
212 402
213 403
213 404
213 405
213 406
212 407
211 408
210 409
209 410
208 411
207 412
207 413
207 414
207 415
207 416
207 417
206 417
205 417
204 417
203 417
202 417
201 417
200 417
199 417
198 417
197 417
196 417
195 416
194 416
193 416
192 416
191 416
190 416
189 416
188 416
187 416
186 415
185 414
184 415
183 416
182 417
181 418
180 419
179 420
178 421
177 422
176 423
175 424
174 425
173 425
172 425
171 425
170 425
169 424
168 423
167 422
166 421
165 420
164 419
163 418
162 419
161 420
160 421
159 422
158 422
157 422
156 422
155 422
154 422
153 422
152 423
151 424
150 425
149 426
148 427
147 428
147 429
147 430
147 431
147 432
147 433
147 434
148 435
149 435
150 435
151 435
152 436
153 437
154 438
155 439
156 440
157 441
158 441
159 441
160 441
161 441
162 441
163 441
206 418
205 419
204 420
203 421
202 422
201 423
200 424
199 425
199 426
199 427
199 428
198 429
197 429
196 429
195 429
194 429
193 429
192 429
191 429
190 429
189 429
188 429
200 429
201 430
202 431
203 432
204 433
205 434
206 435
206 436
206 437
206 438
206 439
206 440
206 441
206 442
188 397
187 398
186 399
185 400
184 400
183 400
184 347
185 348
186 349
187 350
188 351
189 351
190 351
191 351
192 351
116 230
115 231
114 231
113 231
112 231
111 231
110 231
109 231
108 231
107 232
106 233
105 234
104 235
103 236
102 236
101 236
100 236
99 236
98 236
97 236
96 236
95 237
94 238
93 239
92 240
91 241
90 242
89 243
88 243
88 242
88 241
87 240
88 244
88 245
87 246
86 247
85 248
84 249
83 250
82 251
81 252
80 253
79 254
78 255
77 256
77 257
76 258
75 259
74 259
73 259
72 259
71 259
70 259
69 259
68 259
68 258
68 257
68 256
68 255
68 254
68 253
68 252
68 251
67 250
66 249
65 248
65 247
65 246
64 245
63 244
62 243
61 242
60 241
60 240
60 239
60 238
60 237
60 236
60 235
60 234
60 233
60 232
60 231
60 230
60 229
60 228
60 227
61 227
62 227
63 227
64 227
65 227
66 227
67 226
68 225
69 224
70 223
71 222
67 260
66 261
65 262
64 263
63 264
63 265
63 266
63 267
63 268
63 269
63 270
63 271
63 272
64 272
65 272
66 272
67 272
68 272
69 272
70 272
71 272
72 273
73 274
74 275
75 276
76 276
77 276
78 276
79 276
80 276
81 276
82 276
83 276
84 276
85 276
86 276
64 273
65 274
66 275
67 276
67 277
67 278
67 279
67 280
62 273
61 274
60 275
59 276
58 277
58 278
58 279
58 280
58 281
57 282
57 283
57 284
57 285
57 286
57 287
57 288
57 289
57 290
57 291
57 292
57 293
57 294
58 295
59 296
60 297
61 297
62 297
63 297
64 297
65 297
66 297
67 297
68 297
69 297
68 298
67 299
66 300
66 301
66 302
66 303
66 304
66 305
66 306
66 307
66 308
66 309
65 310
64 311
63 312
62 313
61 314
60 315
59 316
58 317
57 318
56 319
55 320
54 321
53 321
52 322
51 323
50 324
49 325
48 326
47 327
46 328
46 329
46 330
46 331
45 331
44 331
43 330
42 329
41 328
40 327
39 326
38 326
37 326
36 326
35 326
34 326
33 326
32 326
31 326
30 326
29 325
28 324
27 323
26 322
25 321
24 320
23 319
22 318
45 332
44 333
43 334
42 335
41 336
40 337
39 338
38 339
37 340
36 341
35 342
34 343
33 344
33 345
33 346
32 346
31 346
30 346
29 346
28 346
27 346
26 345
25 344
24 343
23 344
22 345
21 346
20 347
19 348
18 349
17 349
17 348
17 347
17 346
16 345
15 344
14 343
17 350
17 351
18 352
19 353
20 354
21 355
22 356
23 357
24 358
25 358
26 358
27 358
28 358
27 359
26 360
25 361
24 362
23 363
22 364
21 364
20 364
19 364
18 364
34 347
35 348
36 348
37 348
38 348
39 348
40 348
41 348
42 348
43 348
44 348
45 348
46 349
47 350
48 351
49 352
50 353
50 354
51 354
52 354
53 354
54 353
55 352
56 351
57 350
58 349
59 348
60 347
61 348
62 349
63 350
64 351
65 352
66 352
67 352
68 352
69 352
70 352
71 352
72 352
73 352
74 352
75 352
76 352
77 352
78 351
79 350
80 349
81 348
82 347
83 346
84 345
85 344
85 343
84 343
83 343
82 342
81 341
80 340
79 339
78 338
77 337
76 336
86 343
87 344
88 345
89 346
90 346
91 346
92 346
93 346
94 346
95 346
96 346
97 346
74 353
75 354
76 355
77 356
78 357
79 358
80 359
81 360
81 361
81 362
81 363
82 363
83 363
84 363
85 363
86 363
87 363
88 363
89 363
90 363
91 363
92 363
93 363
94 363
95 363
96 363
97 363
98 362
99 361
100 360
101 359
102 360
103 361
104 362
104 363
104 364
104 365
104 366
104 367
105 367
105 368
106 369
107 370
107 371
107 372
107 373
107 374
107 375
106 376
105 377
104 378
103 379
102 380
101 381
100 382
100 383
100 384
100 385
100 386
99 386
98 385
97 384
96 383
95 382
94 381
93 380
92 379
91 378
90 377
100 387
100 388
99 389
98 389
97 389
96 389
95 389
94 389
93 389
92 389
91 389
90 389
89 389
88 389
89 390
90 391
91 392
92 393
93 394
94 395
94 396
94 397
94 398
94 399
94 400
94 401
95 402
96 403
97 404
98 405
99 406
100 406
101 406
102 406
102 405
102 404
103 403
104 402
103 407
104 408
105 409
106 410
107 411
108 412
109 413
110 414
111 414
110 415
109 416
108 417
107 418
106 419
105 420
104 421
103 422
102 423
101 424
100 425
100 426
101 427
102 428
103 429
104 430
105 431
106 432
107 433
108 433
109 433
110 433
109 434
108 435
107 436
106 437
105 438
104 439
103 440
102 440
101 440
111 434
112 435
113 436
114 437
115 438
116 439
117 440
118 441
119 442
120 443
121 444
122 445
123 445
124 445
125 445
126 445
112 413
113 412
114 411
115 410
116 409
117 408
118 407
119 408
120 408
121 408
122 408
123 408
124 408
125 408
126 408
127 408
128 408
129 408
130 408
131 408
131 407
131 406
131 405
131 404
131 403
131 402
131 401
131 400
131 399
132 398
133 397
134 396
134 395
133 395
132 395
131 394
130 393
129 392
128 391
127 390
127 389
127 388
127 387
127 386
127 385
127 384
127 383
128 382
129 381
129 380
129 379
130 378
131 377
132 376
133 375
134 374
135 373
135 395
136 396
137 397
138 398
139 399
140 400
141 401
142 402
143 403
144 404
145 404
108 376
109 377
110 378
111 379
112 380
113 381
113 382
113 383
113 384
106 366
107 365
108 364
109 363
110 362
111 361
112 360
113 359
114 358
115 357
116 356
116 355
116 354
116 353
116 352
116 351
115 350
114 349
113 348
112 347
111 346
80 364
79 365
78 366
77 367
76 368
75 369
74 370
73 371
72 371
72 370
72 369
72 368
71 367
70 366
71 372
71 373
71 374
71 375
71 376
71 377
70 378
69 379
68 379
67 379
66 379
65 379
64 379
63 379
62 379
61 378
60 377
59 376
58 375
57 374
56 375
55 376
54 377
53 378
53 379
53 380
53 381
52 381
51 381
50 381
49 381
48 381
47 380
46 379
45 378
44 379
43 380
42 381
41 382
40 383
39 384
38 384
37 384
36 384
35 384
34 384
52 382
51 383
50 384
49 385
48 386
47 387
46 388
45 389
45 390
45 391
46 392
47 393
48 394
49 395
50 396
51 397
52 398
53 399
54 400
55 401
56 402
56 403
56 404
56 405
56 406
56 407
63 380
64 381
65 382
66 383
67 384
68 385
69 386
70 387
71 388
72 389
72 390
72 391
73 392
74 393
74 394
74 395
74 396
74 397
74 398
74 399
74 400
74 401
74 402
75 403
75 404
75 405
75 406
75 407
75 408
75 409
54 322
55 323
56 324
56 325
56 326
56 327
56 328
67 310
68 311
69 312
70 313
71 314
72 315
73 316
74 317
75 318
76 318
77 318
78 318
79 318
80 318
81 318
82 318
83 317
84 316
85 315
86 314
87 313
88 312
89 311
89 246
90 247
91 248
92 249
93 250
94 251
95 252
96 252
95 253
95 254
95 255
95 256
97 251
98 250
99 249
100 248
150 215
151 216
152 216
153 216
154 216
155 216
156 216
157 216
156 217
155 218
154 219
153 220
152 221
151 222
150 223
149 224
148 225
147 226
146 227
145 228
144 229
144 230
145 231
146 232
147 233
148 234
149 235
149 236
149 237
149 238
149 239
149 240
149 241
149 242
148 243
148 244
148 245
148 246
148 247
148 248
148 249
148 250
148 251
148 252
148 253
148 254
148 255
148 256
148 257
145 190
145 191
126 138
127 139
128 140
129 141
130 141
131 141
132 141
192 120
193 119
194 118
195 117
196 116
197 115
198 114
199 113
200 112
201 111
202 110
203 109
203 108
202 108
201 108
200 108
199 107
198 106
197 105
196 104
204 108
191 132
190 133
189 134
188 135
187 136
186 137
185 138
184 139
183 140
182 140
181 140
180 140
179 140
178 140
177 140
176 140
175 140
174 140
173 140
172 140
171 140
170 140
169 140
168 140
167 140
166 141
165 142
164 142
163 142
162 142
161 142
160 142
159 142
158 142
157 142
156 142
155 142
154 142
198 136
198 137
198 138
198 139
198 140
198 141
198 142
198 143
198 144
198 145
199 146
200 147
201 148
202 149
203 150
204 151
205 152
206 153
207 154
208 155
207 156
206 157
205 158
204 159
204 160
204 161
204 162
204 163
204 164
204 165
204 166
204 167
204 168
204 169
203 169
202 169
201 169
200 168
199 167
198 166
197 165
196 164
195 163
194 162
193 161
192 160
191 161
190 162
189 163
188 164
187 165
186 166
185 167
185 168
211 132
211 133
211 134
211 135
211 136
211 137
227 135
228 135
229 135
230 135
231 135
232 134
233 133
234 132
235 131
236 130
237 129
238 128
239 127
239 126
239 125
239 124
239 123
239 122
239 121
239 120
239 119
239 118
239 117
239 116
239 115
239 114
240 113
241 112
242 112
241 111
241 110
241 109
240 108
239 107
238 106
237 105
236 104
235 103
234 102
233 101
232 101
231 101
230 101
229 101
228 101
227 101
226 101
225 101
224 101
223 101
222 101
221 100
232 102
231 103
230 104
229 105
228 106
227 107
226 108
225 109
224 110
223 111
222 112
222 113
243 111
244 110
245 109
246 108
247 107
248 106
249 105
250 104
251 103
252 102
253 103
254 103
255 103
256 103
257 103
258 103
259 103
260 103
261 103
262 104
263 105
264 106
265 107
266 108
267 109
268 109
269 109
270 109
271 109
272 109
273 109
274 109
275 109
276 109
277 110
278 111
279 112
280 113
281 114
282 115
283 116
283 117
283 118
283 119
283 120
283 121
284 122
284 123
284 124
284 125
284 126
284 127
284 128
284 129
284 130
284 131
283 132
282 133
281 134
280 135
279 136
278 137
277 138
277 139
277 140
277 141
277 142
277 143
277 144
277 145
285 132
286 133
287 133
288 133
289 133
290 133
291 133
292 133
293 133
294 133
295 133
296 133
297 132
298 131
299 130
300 129
301 128
302 127
303 126
304 125
305 124
305 123
306 123
307 124
308 125
309 126
309 127
309 128
309 129
309 130
309 131
304 122
303 121
302 120
301 119
300 118
299 117
298 116
297 115
297 114
297 113
297 112
297 111
297 110
297 109
298 108
299 107
300 106
301 105
302 104
303 103
303 102
303 101
303 100
304 99
305 98
306 97
307 96
308 95
309 94
310 93
310 92
310 91
309 90
308 89
307 88
306 87
305 86
304 85
303 84
302 83
301 82
300 81
299 81
298 81
297 80
296 79
295 78
294 77
293 76
293 75
292 75
291 75
290 75
289 75
288 75
287 75
286 74
285 73
284 72
284 71
284 70
284 69
285 68
286 67
287 66
288 65
289 64
290 63
290 62
290 61
290 60
290 59
290 58
290 57
291 56
292 55
292 54
292 53
292 52
292 51
292 50
292 49
291 48
290 47
289 46
288 45
287 44
287 43
286 43
288 43
289 43
290 43
291 43
292 43
293 43
294 42
295 42
296 42
297 42
298 42
299 42
300 42
301 42
302 42
303 42
304 42
305 42
306 42
307 42
308 42
309 42
310 42
311 42
291 76
290 77
289 78
288 79
287 80
286 81
286 82
286 83
294 75
295 75
296 75
297 75
298 74
299 73
300 72
301 71
302 70
303 69
304 68
305 67
306 66
307 65
308 64
311 94
312 95
313 96
314 97
315 98
316 99
317 100
318 101
319 102
320 103
321 104
322 105
323 106
324 107
325 107
326 107
327 107
328 107
329 107
330 107
331 107
332 107
333 107
334 107
335 107
336 107
337 107
338 107
339 107
340 107
341 107
342 107
343 107
344 107
345 106
346 106
347 106
348 105
349 104
350 103
350 102
350 101
350 100
350 99
350 98
351 97
352 96
353 95
354 95
355 95
356 95
357 95
358 95
359 95
360 94
361 93
362 92
362 91
362 90
362 89
362 88
362 87
362 86
362 85
363 84
364 83
365 82
366 81
367 80
368 79
369 78
370 77
370 76
370 75
370 74
370 73
369 72
368 71
367 70
366 69
365 68
364 67
363 66
363 65
362 64
361 63
360 62
359 61
358 60
357 59
356 58
355 57
354 56
353 55
352 54
352 53
352 52
352 51
352 50
353 49
354 48
355 47
356 46
357 45
358 44
358 43
357 43
356 43
355 43
354 43
353 43
352 42
351 41
350 40
349 39
348 38
347 37
347 36
347 35
347 34
347 33
347 32
348 31
349 30
350 29
351 28
352 27
353 26
354 25
355 24
356 23
357 22
358 21
359 20
360 19
361 18
362 17
359 43
360 44
361 44
362 44
363 44
364 44
365 44
366 44
367 44
368 44
369 44
370 44
371 44
372 44
373 44
374 44
375 44
376 44
369 45
370 46
371 47
372 48
373 49
374 50
375 51
376 52
377 53
378 53
379 53
380 53
381 53
382 53
383 53
384 53
385 53
386 53
387 53
388 53
389 53
390 53
391 52
392 51
393 50
367 45
366 46
365 47
364 48
364 49
364 50
364 51
364 52
364 53
351 55
350 56
349 57
348 58
347 59
346 60
345 61
344 62
343 63
342 63
341 63
341 62
341 61
340 60
339 59
338 58
337 57
336 56
335 55
334 54
333 53
332 52
331 51
331 50
331 49
331 48
331 47
331 46
331 45
331 44
332 43
333 42
334 41
342 64
343 65
344 66
345 67
346 67
347 67
348 67
349 67
350 67
371 78
372 79
373 80
374 81
375 81
376 81
377 81
378 81
379 81
380 81
381 81
382 80
383 79
384 78
385 77
386 76
387 75
388 74
389 73
390 72
391 71
392 70
393 70
394 70
395 70
396 70
397 70
398 70
399 70
400 70
401 70
402 70
403 70
404 70
405 70
406 70
407 70
407 69
407 68
407 67
407 66
407 65
407 64
408 63
409 62
410 61
411 60
412 59
413 58
414 57
415 56
416 55
417 54
417 53
416 53
415 53
414 53
413 53
412 53
411 52
410 51
418 53
419 54
420 55
421 56
422 56
423 56
424 56
425 56
426 56
427 56
408 71
409 72
410 73
411 74
412 75
412 76
412 77
412 78
412 79
412 80
379 82
380 83
381 84
382 85
383 86
384 87
385 88
386 89
387 89
388 89
389 89
390 89
391 89
392 89
393 89
394 89
395 89
396 90
397 91
398 92
399 93
400 94
401 95
402 96
403 97
404 98
405 99
406 100
407 101
408 102
409 103
409 104
409 105
408 106
407 107
406 108
405 109
404 110
403 111
402 112
401 113
400 114
399 115
398 116
397 117
396 117
395 117
394 117
393 117
392 117
391 118
390 119
389 120
388 121
387 122
386 123
385 124
384 125
383 126
382 127
381 127
380 127
379 127
378 127
377 127
393 118
394 119
394 120
394 121
394 122
394 123
394 124
394 125
394 126
394 127
394 128
394 129
394 130
394 131
394 132
395 133
396 134
397 135
398 136
399 137
400 138
401 139
402 140
403 141
404 142
405 143
406 144
407 145
408 146
409 147
410 148
411 148
240 128
241 128
242 128
243 128
244 128
245 128
246 128
247 128
248 128
249 128
250 128
251 128
252 128
253 128
251 188
250 188
249 188
248 188
247 188
246 188
245 188
244 188
243 188
242 188
241 188
240 188
240 187
240 186
240 185
240 184
240 183
240 182
240 181
239 180
239 179
239 178
239 177
239 176
239 175
239 174
239 173
239 172
239 171
238 170
237 169
236 168
235 168
234 168
233 168
232 168
231 168
230 168
229 168
228 168
227 168
226 167
225 166
224 165
223 164
222 163
238 181
237 182
236 183
235 184
234 185
233 186
232 187
231 187
230 187
229 187
228 187
227 187
226 187
226 186
226 185
226 184
226 183
226 182
225 181
224 180
223 179
222 178
267 203
268 204
269 205
270 206
270 207
270 208
270 209
270 210
270 211
270 212
270 213
270 214
270 215
246 261
247 262
248 263
249 263
250 263
251 263
252 263
253 263
254 263
267 238
268 239
269 240
270 241
270 242
270 243
270 244
270 245
270 246
270 247
271 248
272 249
273 250
274 251
275 252
275 253
275 254
275 255
275 256
276 257
277 258
277 259
277 260
277 261
277 262
277 263
277 264
277 265
277 266
277 267
278 268
279 269
280 270
281 271
282 272
283 272
284 272
285 272
287 239
288 238
289 237
290 236
291 235
292 234
293 233
294 232
295 231
296 230
297 230
298 230
299 230
300 229
301 228
302 227
303 226
304 225
305 224
306 223
307 222
308 221
309 220
310 219
311 218
312 217
313 216
314 215
315 214
316 213
317 212
318 211
319 210
320 209
320 208
319 208
318 208
317 208
316 208
315 207
314 206
313 205
312 204
311 203
321 208
321 207
321 206
321 205
321 204
321 203
321 202
322 201
323 200
324 199
325 198
326 197
312 256
313 255
314 254
315 253
316 252
317 251
317 250
317 249
317 248
317 247
317 246
317 245
318 244
319 243
320 244
321 245
322 246
323 247
324 248
325 249
326 250
327 251
328 252
329 252
329 253
330 251
331 250
332 249
333 248
334 247
335 246
336 245
337 244
338 243
339 242
340 241
341 240
342 239
342 238
342 237
342 236
343 235
344 234
345 233
346 232
347 231
347 230
346 230
345 230
344 230
343 230
342 229
341 228
340 227
340 226
340 225
340 224
340 223
340 222
340 221
340 220
341 219
342 218
343 217
343 216
342 216
341 216
340 216
339 216
338 216
337 216
336 215
336 214
336 213
336 212
336 211
336 210
336 209
336 208
336 207
337 206
338 205
339 204
340 203
341 202
342 201
342 200
342 199
342 198
342 197
342 196
342 195
342 194
342 193
342 192
342 191
342 190
343 189
344 189
345 189
344 190
345 191
346 192
347 193
348 194
349 195
350 196
351 196
352 196
353 196
354 196
355 196
356 196
346 188
347 187
348 186
349 185
350 184
351 183
352 182
353 181
354 180
354 179
353 179
352 179
351 178
350 177
349 176
348 175
347 174
346 173
345 172
344 171
343 170
355 179
355 178
355 177
355 176
355 175
355 174
355 173
355 172
355 171
355 170
355 169
355 168
356 167
355 166
354 165
353 164
352 163
351 162
350 161
349 160
348 159
347 158
346 157
345 156
344 155
343 155
342 155
341 155
340 155
339 154
338 153
337 152
336 152
335 152
334 152
333 152
332 152
331 152
330 151
329 150
328 149
327 148
326 147
336 153
335 154
334 155
333 156
332 157
331 158
330 159
329 160
328 161
327 162
326 163
325 163
324 163
325 164
326 165
326 166
326 167
326 168
326 169
326 170
326 171
326 172
326 173
325 174
324 175
323 176
322 177
321 178
320 179
319 180
318 180
317 180
316 180
316 179
316 178
315 177
314 176
313 175
312 174
311 173
310 172
309 171
308 171
307 171
306 171
305 171
304 171
303 171
302 171
301 170
300 169
299 168
298 167
297 166
296 167
295 168
294 169
293 170
292 171
291 172
290 173
289 174
288 175
287 176
286 176
285 176
284 177
283 178
282 179
281 180
280 181
279 182
278 183
277 184
276 185
275 185
276 186
277 187
278 188
279 189
280 190
281 191
282 192
283 193
284 194
285 195
286 196
287 196
288 196
289 197
290 198
290 199
290 200
290 201
290 202
290 203
309 170
309 169
309 168
309 167
309 166
309 165
309 164
309 163
309 162
309 161
310 160
311 159
344 154
344 153
344 152
344 151
344 150
344 149
344 148
345 147
346 146
347 145
348 144
348 143
348 142
348 141
348 140
348 139
348 138
348 137
348 136
348 135
348 134
348 133
348 132
347 131
347 130
346 130
345 131
344 132
343 132
342 132
341 132
340 132
339 132
338 132
337 132
336 132
335 132
334 132
333 132
348 130
349 130
350 129
351 128
352 127
353 126
354 125
349 145
350 146
351 147
352 148
353 149
354 150
355 151
356 152
357 153
358 154
359 154
360 154
361 155
362 156
363 156
364 156
365 156
366 156
367 156
368 156
369 156
370 156
371 156
372 156
373 156
374 156
375 157
376 158
377 159
377 160
377 161
377 162
377 163
377 164
377 165
376 166
375 167
374 168
374 169
374 170
374 171
374 172
374 173
378 166
379 167
380 168
381 169
382 170
382 171
382 172
382 173
383 173
384 173
385 173
386 173
387 173
388 173
389 173
390 173
391 173
392 173
393 173
394 173
395 172
396 173
397 174
398 175
399 176
400 177
401 178
402 179
403 180
404 181
405 182
405 183
405 184
405 185
404 186
403 187
402 188
401 188
400 188
399 188
398 188
397 188
396 188
395 188
394 188
393 188
392 188
391 188
390 188
389 187
388 186
398 189
399 190
400 191
401 192
402 193
403 194
404 195
405 196
406 197
407 198
408 199
409 200
410 201
411 202
411 203
344 216
348 230
349 230
350 230
351 230
352 230
353 229
354 228
355 227
356 226
357 225
357 224
358 223
359 222
360 221
361 220
362 219
363 218
364 217
365 216
366 215
367 215
368 215
369 215
370 214
371 213
372 212
373 211
374 210
375 209
376 208
377 207
377 206
377 205
377 204
377 203
376 202
375 201
374 200
373 199
372 198
371 197
309 260
308 261
307 262
306 263
305 264
305 265
305 266
305 267
334 299
335 300
335 301
335 302
335 303
335 304
335 305
335 306
335 307
335 308
334 309
333 310
332 310
331 310
330 310
329 310
328 310
327 310
326 310
325 311
324 312
323 313
322 314
321 315
320 315
319 315
318 315
317 315
316 315
316 314
316 313
315 312
314 311
313 310
312 309
311 308
310 307
309 306
308 307
307 308
306 309
305 310
304 311
303 312
302 313
301 314
300 314
299 314
298 314
297 314
296 314
295 314
294 314
293 314
317 316
318 317
319 318
320 319
321 320
322 321
323 322
324 323
324 324
325 324
324 325
324 326
324 327
324 328
324 329
324 330
324 331
324 332
324 333
325 334
325 335
325 336
325 337
325 338
325 339
325 340
325 341
325 342
325 343
325 344
324 345
323 346
322 347
321 348
320 349
319 350
318 350
317 350
316 350
315 350
314 350
313 350
312 350
311 349
310 348
309 347
308 346
307 345
306 345
305 345
304 345
303 345
302 345
301 345
300 345
299 345
298 345
297 344
296 343
295 342
294 343
293 344
292 344
291 344
290 344
289 344
288 344
287 344
286 344
285 344
284 344
283 344
282 344
281 344
280 344
279 344
278 344
277 344
276 344
275 344
274 344
273 344
272 344
271 344
270 344
269 344
268 345
267 346
266 347
265 348
264 349
263 350
263 351
263 352
263 353
263 354
263 355
263 356
263 357
263 358
263 359
281 345
280 346
280 347
280 348
280 349
280 350
280 351
280 352
280 353
280 354
280 355
280 356
280 357
280 358
281 359
282 360
283 361
284 362
285 363
286 364
287 365
287 366
287 367
287 368
282 343
282 342
282 341
282 340
282 339
282 338
282 337
282 336
282 335
282 334
281 333
280 332
279 331
278 330
277 329
296 341
297 340
298 339
299 338
300 337
301 336
302 335
303 334
304 333
305 332
313 351
312 352
311 353
310 354
309 355
308 356
307 357
306 358
306 359
306 360
306 361
306 362
306 363
326 325
327 326
328 327
329 328
330 329
331 330
332 331
333 331
334 331
335 332
336 333
337 333
338 333
339 333
340 333
341 333
342 333
343 333
344 333
345 333
346 333
347 333
348 334
349 335
350 336
351 337
352 338
353 339
353 340
353 341
352 342
351 343
350 344
349 345
348 346
347 347
346 348
345 348
344 348
343 348
342 348
341 348
340 349
339 350
338 351
337 352
336 353
335 354
334 355
333 356
332 357
331 358
330 358
329 358
328 358
329 359
330 360
331 361
331 362
331 363
331 364
331 365
331 366
331 367
331 368
332 368
333 368
334 368
335 368
336 367
337 366
338 365
339 364
340 363
341 364
342 365
343 366
344 367
345 368
346 369
346 370
346 371
346 372
346 373
347 373
348 373
349 373
350 373
351 373
352 373
353 373
354 372
355 371
356 370
357 369
358 370
359 371
360 372
361 373
362 374
363 375
364 376
365 377
366 377
367 377
368 377
369 377
370 376
371 375
372 374
373 373
374 372
375 371
376 370
377 369
378 368
378 367
378 366
378 365
378 364
378 363
378 362
378 361
378 360
378 359
379 358
380 357
381 356
382 355
383 354
384 354
385 354
386 354
387 354
388 354
389 354
390 353
391 352
366 378
365 379
365 380
365 381
365 382
365 383
365 384
365 385
365 386
365 387
365 388
365 389
365 390
365 391
365 392
365 393
365 394
365 395
345 374
344 375
343 376
342 377
341 378
340 379
339 380
338 381
337 382
336 383
335 383
334 383
333 383
332 383
333 384
334 385
335 386
336 387
337 388
338 389
339 390
340 391
341 392
342 393
343 394
344 395
345 396
346 397
347 398
347 399
347 400
347 401
347 402
347 403
347 404
348 405
349 406
350 407
351 408
352 409
353 410
354 411
355 412
356 413
356 414
356 415
356 416
356 417
356 418
357 418
358 418
359 418
360 418
361 418
362 418
363 418
364 418
365 418
366 418
367 418
368 418
369 417
370 418
371 419
372 420
373 421
374 422
375 423
376 424
377 425
377 426
377 427
377 428
377 429
378 430
379 431
380 432
381 433
382 434
383 435
384 436
385 436
385 435
385 434
386 433
387 432
388 431
389 430
390 429
391 428
392 427
393 426
394 425
395 425
396 425
397 425
398 425
399 425
400 425
401 425
402 425
403 425
404 424
404 423
404 422
404 421
405 420
406 419
407 418
408 417
408 416
407 416
406 416
405 416
404 416
403 416
402 416
401 415
400 414
399 413
399 412
399 411
399 410
399 409
400 409
399 408
399 407
398 406
397 405
396 404
395 403
394 402
393 401
392 400
391 399
390 400
389 401
388 402
387 403
386 404
385 405
384 405
392 398
393 397
394 396
395 395
396 394
397 393
398 392
399 391
400 390
400 389
400 388
400 387
400 386
400 385
400 384
400 383
400 382
400 381
400 380
400 379
400 378
400 377
400 376
401 375
402 374
403 373
404 372
405 371
401 408
402 407
403 406
404 405
405 404
409 416
395 426
396 427
397 428
398 429
399 430
400 431
401 432
402 433
402 434
402 435
402 436
402 437
402 438
402 439
402 440
403 441
404 441
405 441
406 441
407 441
408 441
409 441
410 441
411 441
412 441
413 441
414 441
415 441
416 441
417 441
418 441
419 441
420 441
421 441
422 441
423 441
424 441
425 441
426 440
427 439
427 438
427 437
427 436
427 435
427 434
427 433
427 432
427 431
427 430
427 429
427 428
427 427
427 426
427 425
428 424
429 423
428 440
429 441
430 441
431 441
432 441
433 441
434 441
435 441
436 441
437 441
438 441
439 441
440 441
441 441
442 441
443 441
355 419
354 420
353 421
353 422
353 423
353 424
353 425
353 426
353 427
354 428
355 429
356 430
357 431
358 431
359 431
360 431
361 431
362 431
361 432
360 433
359 434
358 435
357 436
356 437
355 437
354 437
353 437
354 438
355 439
355 440
355 441
355 442
355 443
355 444
355 445
355 446
356 447
357 448
358 449
359 450
360 451
361 451
362 451
363 451
364 451
365 451
364 452
363 453
362 454
361 455
360 456
359 457
358 458
357 459
356 460
355 461
355 462
355 463
354 463
353 463
352 463
351 463
350 463
349 462
348 461
347 460
346 459
345 458
356 464
357 465
358 466
359 467
359 468
359 469
359 470
359 471
359 472
359 473
358 474
357 475
356 476
355 477
354 477
353 477
352 477
351 477
350 477
349 477
348 477
347 477
346 478
346 479
346 480
346 481
346 482
346 483
346 484
346 485
345 485
344 485
343 485
342 485
341 485
340 485
339 485
338 485
337 485
336 484
335 483
334 482
333 481
332 480
331 479
345 486
344 487
343 488
342 489
341 490
340 491
339 492
338 493
337 494
336 495
335 496
334 497
333 498
332 499
331 500
330 501
329 502
328 502
327 502
326 502
325 502
324 502
323 501
322 500
321 499
320 498
319 497
318 496
317 495
316 494
315 493
314 492
313 491
312 490
311 489
310 488
309 488
308 488
307 488
306 488
305 488
304 487
303 486
302 485
301 484
300 483
299 482
298 481
297 480
297 479
297 478
297 477
296 476
295 475
294 474
293 473
292 472
291 471
291 470
291 469
291 468
291 467
291 466
291 465
291 464
290 463
289 462
288 461
287 460
286 459
328 503
329 504
330 505
331 506
332 507
333 508
334 508
335 508
336 509
337 510
338 511
339 511
340 511
341 511
342 511
343 511
344 511
345 511
346 512
347 513
348 514
349 515
350 516
351 517
351 518
351 519
360 474
361 475
362 476
363 477
364 478
365 479
366 480
367 481
368 482
369 483
370 484
371 484
372 484
373 484
374 484
375 484
376 484
377 484
378 484
379 484
380 484
381 484
382 484
383 484
384 484
385 483
386 484
387 485
388 486
389 487
390 488
391 489
392 490
393 491
394 491
395 491
396 491
397 491
398 491
399 491
400 491
401 491
402 491
403 491
404 491
405 491
406 490
407 489
408 488
409 487
410 486
411 486
412 486
413 485
414 484
415 483
416 482
417 481
418 480
419 479
420 478
420 477
420 476
419 475
418 474
417 473
416 472
415 471
414 470
413 470
412 470
411 470
410 470
409 470
408 470
407 470
406 469
405 468
404 467
403 466
402 467
402 468
402 469
402 470
402 471
402 472
402 473
402 474
401 474
400 474
399 474
398 473
397 472
396 471
395 470
394 469
393 468
393 467
393 466
393 465
393 464
393 463
393 462
393 461
393 460
393 459
414 469
414 468
414 467
414 466
414 465
369 485
368 486
367 487
366 488
365 489
364 489
363 489
362 489
361 489
362 490
363 491
364 492
365 493
366 494
367 495
368 496
369 497
370 498
371 499
372 500
373 501
374 502
374 503
354 342
355 343
356 344
357 345
358 346
359 347
360 348
361 349
362 350
363 351
363 352
363 353
363 354
344 285
345 286
346 287
347 288
348 289
349 290
350 291
351 291
352 291
353 291
354 291
355 291
356 291
357 292
358 293
359 294
360 295
360 296
360 297
360 298
360 299
360 300
360 301
360 302
361 302
362 302
363 302
364 301
365 300
366 299
367 298
368 297
369 296
370 295
371 294
372 293
373 292
374 291
374 290
374 289
374 288
374 287
374 286
374 285
374 284
374 283
374 282
374 281
373 281
373 280
373 279
373 278
373 277
372 276
371 275
370 274
369 273
368 272
367 272
366 272
365 272
364 272
363 272
362 272
361 272
360 272
359 272
358 272
357 272
356 272
355 272
354 271
353 270
352 269
351 268
375 281
376 281
377 281
378 281
379 281
380 281
381 281
382 281
383 280
375 292
376 293
377 294
378 295
379 296
380 297
381 298
382 298
383 298
384 298
385 298
386 298
387 298
388 298
389 298
390 297
391 296
392 295
393 294
394 293
395 292
396 291
397 290
397 289
397 288
398 287
399 286
400 285
401 284
402 283
403 282
404 281
405 280
406 279
406 278
406 277
407 276
408 275
409 274
410 273
411 272
412 271
413 270
413 269
412 269
411 269
410 269
409 269
408 269
407 269
406 269
405 269
404 268
403 267
402 266
402 265
402 264
402 263
402 262
401 261
400 260
399 259
398 258
397 257
396 256
395 255
394 255
393 254
392 253
391 252
390 251
389 250
388 249
387 248
386 247
385 246
384 245
383 244
382 244
381 244
380 244
379 244
378 244
377 244
376 244
375 243
374 242
373 241
372 240
382 245
381 246
380 247
379 248
378 249
377 250
376 251
375 252
374 253
373 254
372 255
371 256
370 256
414 269
414 268
414 267
414 266
414 265
414 264
414 263
414 262
414 261
414 260
414 259
414 258
414 257
415 256
416 255
416 254
416 253
417 252
418 251
419 250
420 249
421 248
422 247
423 246
424 245
425 244
426 243
427 242
428 241
429 240
429 239
428 239
427 239
426 239
425 239
424 239
423 239
422 239
421 238
420 237
419 236
418 236
417 236
416 236
415 236
414 236
413 236
412 236
411 236
410 235
409 234
408 233
407 232
406 231
405 230
404 229
403 230
403 231
403 232
403 233
403 234
403 235
403 236
403 237
430 239
430 238
431 237
432 236
433 235
434 234
435 233
436 232
437 231
438 230
439 229
431 240
432 241
433 242
434 243
435 244
436 245
437 246
438 247
439 248
440 249
441 250
442 251
443 252
443 253
442 254
441 255
440 256
439 257
438 258
437 259
436 260
435 261
434 262
433 263
433 264
434 265
435 266
436 267
437 267
438 267
439 267
440 267
441 267
442 268
443 269
444 270
445 271
445 272
445 273
445 274
445 275
445 276
445 277
445 278
446 278
447 278
448 278
449 278
450 278
451 278
452 278
453 278
454 278
455 278
456 278
457 278
458 278
459 277
459 276
459 275
459 274
459 273
460 272
461 271
462 270
463 269
464 268
465 267
465 266
464 266
463 266
462 266
461 265
460 264
459 263
458 262
458 261
457 261
459 261
460 261
461 260
462 259
463 258
464 257
465 256
466 255
467 254
468 253
469 252
466 266
460 278
461 278
462 278
463 278
464 278
465 278
466 278
467 278
468 278
469 279
470 280
471 281
472 282
473 283
474 284
475 285
476 285
476 284
476 283
476 282
476 281
477 280
478 279
479 278
480 277
481 276
482 277
483 278
484 279
485 280
486 280
487 280
488 280
489 280
490 280
491 280
492 280
493 280
494 280
494 279
494 278
494 277
494 276
494 275
494 274
494 273
494 272
495 271
496 270
497 269
497 268
497 267
497 266
497 265
497 264
497 263
497 262
497 261
498 260
499 259
500 258
501 257
502 256
502 255
502 254
503 253
504 252
505 251
506 250
507 249
508 248
509 247
510 246
511 245
512 244
513 243
514 242
514 241
514 240
514 239
514 238
514 237
514 236
514 235
514 234
514 233
514 232
514 231
514 230
514 229
514 228
514 227
514 226
514 225
514 224
514 223
514 222
514 221
514 220
514 219
515 219
516 219
517 219
518 218
519 217
520 216
521 215
522 214
523 213
524 212
525 211
526 210
527 209
528 209
529 209
530 209
531 209
532 208
533 207
534 206
535 205
536 204
537 203
538 204
539 205
540 206
541 207
542 207
543 207
544 207
545 207
546 207
547 208
548 209
549 210
550 210
551 210
552 210
553 210
554 210
555 210
556 210
556 209
556 208
556 207
557 206
558 205
559 204
560 203
561 202
562 201
563 200
564 199
565 198
566 197
567 198
568 199
569 200
570 201
571 201
572 201
573 201
574 201
575 201
576 201
577 201
578 201
579 200
580 199
581 198
582 197
583 196
583 195
583 194
583 193
582 192
581 191
580 190
579 189
578 188
577 187
576 186
584 197
585 198
585 199
585 200
585 201
585 202
585 203
585 204
586 204
587 204
588 204
589 204
590 204
591 204
592 204
593 204
594 203
595 202
596 201
597 200
598 199
599 199
600 199
601 199
602 199
603 198
604 197
605 196
606 195
607 195
608 195
609 195
610 195
611 195
612 195
613 195
614 195
615 195
616 195
617 194
618 193
619 194
620 195
621 196
622 197
623 198
624 199
625 200
626 201
627 201
586 205
587 206
587 207
587 208
587 209
587 210
587 211
587 212
587 213
587 214
588 215
589 216
590 217
591 218
592 219
593 219
594 219
595 219
596 219
597 219
598 219
599 219
600 220
601 221
602 222
602 223
602 224
602 225
602 226
602 227
602 228
601 229
600 230
599 231
598 232
597 233
596 234
595 235
594 235
593 235
592 235
591 235
590 235
589 235
588 235
587 236
586 237
585 237
584 237
583 237
582 237
581 237
580 237
579 237
578 237
577 238
576 239
575 239
574 239
573 239
572 239
571 239
570 239
569 239
568 239
567 239
566 239
565 238
564 237
563 236
562 235
561 234
560 233
560 232
559 232
561 232
562 232
563 232
564 231
565 230
566 229
567 228
568 227
569 226
570 240
571 241
572 242
573 243
574 244
575 245
575 246
575 247
575 248
575 249
575 250
576 251
577 252
578 252
579 252
580 252
581 252
582 252
583 252
603 229
604 230
605 231
606 232
607 233
608 234
609 235
610 236
611 237
612 238
613 239
614 240
615 240
615 239
615 238
615 237
615 236
615 235
616 234
617 233
618 232
619 231
620 230
621 229
622 228
623 227
624 226
625 225
615 241
615 242
615 243
615 244
614 245
613 246
612 247
611 248
610 249
609 250
608 251
607 252
606 253
605 253
604 253
616 245
617 246
618 247
619 248
620 249
621 250
622 251
623 252
624 253
625 254
626 255
627 256
627 257
627 258
627 259
627 260
628 261
629 262
630 263
631 264
632 265
633 266
634 267
635 268
635 269
635 270
635 271
636 271
637 271
638 271
639 271
640 271
641 271
642 271
643 270
526 208
525 207
524 206
523 205
522 204
521 203
520 202
519 201
518 200
517 199
516 198
516 197
515 197
514 197
513 197
512 197
511 197
510 197
509 197
508 197
507 197
506 197
505 196
517 197
518 197
519 196
520 195
521 194
522 193
523 192
524 191
525 190
526 189
526 188
526 187
526 186
525 185
524 184
523 183
522 182
522 181
521 181
520 181
519 181
518 181
517 181
516 181
515 181
514 181
513 181
512 181
511 180
510 179
510 178
510 177
510 176
510 175
509 174
508 173
507 172
506 171
505 170
504 169
503 168
503 167
502 166
501 165
500 164
499 163
498 162
497 161
496 160
496 159
495 159
497 158
498 157
499 156
499 155
499 154
499 153
499 152
499 151
499 150
499 149
499 148
499 147
499 146
500 145
501 144
502 143
502 142
501 142
500 142
499 142
498 142
497 142
496 142
495 142
494 142
493 142
492 141
491 140
490 139
490 138
490 137
490 136
490 135
490 134
490 133
490 132
490 131
490 130
489 129
488 128
487 127
487 126
487 125
487 124
487 123
487 122
487 121
486 120
485 119
484 118
483 117
482 116
481 115
480 114
479 115
478 116
477 117
476 118
475 119
474 120
473 121
472 122
472 123
472 124
472 125
472 126
472 127
472 128
471 128
470 128
469 128
468 128
467 128
466 128
465 128
464 127
463 126
462 125
461 124
460 123
459 122
459 121
459 120
459 119
459 118
459 117
459 116
459 115
459 114
458 113
457 112
456 111
456 110
455 110
457 110
458 110
459 110
460 109
461 108
462 107
463 106
458 123
457 124
456 125
455 125
454 125
453 125
452 125
451 125
450 125
449 125
448 125
447 125
446 125
445 125
444 125
443 125
442 125
441 125
440 124
439 123
438 122
437 121
436 120
435 121
434 122
433 123
432 124
431 125
430 126
429 126
428 126
427 126
426 126
425 126
424 126
423 126
450 126
451 127
452 128
453 129
454 130
454 131
454 132
454 133
454 134
454 135
454 136
453 137
452 137
451 137
450 137
449 137
448 138
447 139
446 140
445 141
444 142
443 143
442 144
441 145
440 146
439 146
438 146
437 146
436 146
436 147
436 148
436 149
436 150
436 151
436 152
436 153
436 154
436 155
436 156
436 157
436 158
436 159
437 160
438 161
439 162
440 163
441 164
442 165
443 166
444 167
445 168
446 169
447 170
447 171
448 171
449 171
450 171
451 171
452 170
452 169
452 168
452 167
452 166
452 165
452 164
452 163
451 162
451 161
451 160
451 159
451 158
452 157
453 156
453 171
454 172
455 173
456 173
457 173
458 173
459 173
460 173
460 172
460 171
460 170
460 169
460 168
460 167
460 166
461 165
462 164
463 163
464 162
465 161
466 160
467 159
468 158
469 157
470 156
461 174
462 175
463 176
463 177
463 178
463 179
463 180
463 181
463 182
464 183
465 184
466 185
467 186
468 186
469 186
470 186
471 186
472 186
473 186
472 187
471 188
470 189
469 190
469 191
469 192
469 193
469 194
474 187
475 188
476 189
477 190
478 191
479 192
480 193
481 194
482 195
481 196
480 197
479 198
478 199
477 200
476 201
475 202
474 203
473 204
472 205
471 206
471 207
471 208
472 209
473 210
474 211
475 212
476 213
477 214
478 215
479 216
479 217
479 218
480 219
481 220
482 221
483 222
484 223
485 224
486 225
487 226
488 227
489 228
490 229
483 196
484 197
485 198
486 198
487 198
488 198
489 198
490 198
491 198
448 172
448 173
448 174
448 175
448 176
448 177
448 178
448 179
447 180
447 181
447 182
447 183
447 184
447 185
447 186
447 187
447 188
447 189
447 190
447 191
447 192
447 193
447 194
447 195
447 196
447 197
447 198
447 199
447 200
447 201
447 202
446 202
445 203
444 204
443 204
442 204
441 204
440 204
439 204
438 204
437 204
436 204
435 204
434 204
447 203
447 204
447 205
447 206
447 207
447 208
447 209
447 210
447 211
447 212
447 213
448 214
449 215
450 216
451 217
452 218
453 219
454 220
455 221
455 222
455 223
455 224
455 225
455 226
455 227
455 228
456 229
457 230
458 231
459 232
460 233
461 234
462 234
463 234
464 234
446 172
445 173
444 174
443 175
442 176
441 177
440 178
439 179
438 180
437 180
436 180
435 180
434 180
433 180
432 180
431 180
503 142
504 143
505 143
506 143
507 143
508 143
509 143
510 143
511 143
512 143
513 143
514 144
515 145
516 146
517 147
518 148
519 149
519 150
519 151
519 152
519 153
519 154
519 155
519 156
519 157
519 158
523 181
524 181
525 181
526 181
527 181
528 181
529 180
530 180
530 181
531 182
532 183
533 184
534 185
535 186
536 186
537 186
538 186
539 186
539 185
539 184
539 183
540 182
541 181
542 180
543 179
544 178
545 177
546 176
546 175
546 174
546 173
546 172
546 171
547 170
548 169
549 168
550 167
551 166
552 165
553 164
554 163
555 162
555 161
554 161
553 160
552 159
551 158
550 157
549 156
548 155
547 154
546 153
556 161
557 161
558 161
559 161
560 161
561 161
562 161
563 160
564 159
565 158
566 157
567 156
568 155
569 154
570 153
571 152
571 151
571 150
571 149
571 148
571 147
571 146
571 145
571 144
571 143
571 142
572 141
573 140
574 139
575 138
576 137
576 136
576 135
576 134
576 133
576 132
576 131
576 130
576 129
577 128
577 127
577 126
577 125
577 124
577 123
577 122
578 121
579 120
579 119
578 118
577 117
576 116
575 115
574 114
573 113
572 112
571 113
570 114
569 115
568 116
567 117
566 118
565 119
564 120
563 121
562 122
561 123
560 124
559 124
559 123
559 122
559 121
559 120
559 119
559 118
558 117
557 116
556 115
555 114
554 113
553 112
552 111
551 110
550 109
549 108
548 109
547 110
546 111
545 112
544 113
543 114
542 115
541 116
540 117
539 118
538 119
537 119
536 119
536 118
536 117
536 116
536 115
536 114
536 113
536 112
536 111
535 110
534 109
533 108
532 107
531 107
530 107
529 107
528 106
527 105
526 104
525 103
524 102
523 102
522 102
521 102
520 102
519 102
518 102
517 102
516 102
515 102
514 102
513 102
512 102
511 102
510 102
509 103
508 104
507 105
506 106
505 107
504 108
503 108
502 108
501 108
500 108
499 108
498 108
497 108
537 120
538 121
539 122
539 123
539 124
539 125
539 126
539 127
539 128
539 129
539 130
539 131
539 132
539 133
539 134
580 121
581 122
582 123
583 124
584 125
585 126
586 127
587 128
588 128
589 128
590 128
591 128
592 128
593 128
594 128
595 128
596 128
596 127
596 126
596 125
596 124
596 123
596 122
596 121
596 120
596 119
596 118
597 117
598 116
572 153
573 154
574 155
575 156
576 157
577 158
578 159
579 160
580 160
581 160
580 161
579 162
578 163
577 164
576 165
576 166
576 167
576 168
576 169
582 161
583 162
584 163
585 164
586 165
587 166
588 167
589 168
589 169
590 167
591 166
592 165
593 164
594 163
595 162
596 161
597 160
598 159
599 158
600 158
601 158
602 158
603 158
604 158
605 158
606 158
607 158
608 158
609 158
610 158
611 158
612 158
613 158
614 158
615 159
616 160
617 161
618 162
619 163
620 164
621 165
622 166
623 167
624 168
625 168
626 168
627 168
628 168
629 168
630 168
631 168
632 168
633 168
634 168
635 168
636 167
637 166
638 165
639 164
640 164
641 164
642 164
643 164
644 164
645 164
646 164
647 163
648 162
649 161
650 160
626 169
626 170
626 171
626 172
626 173
626 174
626 175
626 176
626 177
626 178
599 157
599 156
599 155
600 155
599 154
599 153
599 152
598 151
597 150
596 149
595 148
594 147
601 154
602 153
603 152
604 151
605 150
606 149
607 148
608 147
609 146
610 145
611 144
612 143
613 142
614 141
615 140
616 140
617 140
618 139
619 138
620 137
621 136
622 135
623 134
624 133
625 133
626 133
627 133
628 133
629 133
630 133
631 133
632 133
633 133
634 133
635 133
636 133
637 132
638 131
639 131
639 130
639 132
639 133
639 134
639 135
639 136
639 137
639 138
639 139
540 187
541 188
542 189
543 190
544 190
545 190
546 190
547 190
548 190
549 190
550 190
551 190
531 179
532 178
533 177
534 176
514 218
514 217
514 216
514 215
513 214
512 213
511 212
510 211
515 243
516 244
517 245
518 246
519 246
520 246
521 246
522 246
523 246
524 246
525 246
526 246
527 246
528 246
529 246
530 246
531 246
532 245
533 244
533 243
533 242
533 241
533 240
533 239
533 238
533 237
533 236
533 235
532 234
532 233
533 232
534 231
535 230
536 229
537 228
538 227
539 226
540 225
541 224
542 223
534 245
535 246
536 247
537 248
538 249
539 250
540 251
541 252
542 253
543 254
544 255
545 256
546 256
498 270
499 271
500 272
501 273
502 274
503 275
504 276
505 277
506 278
507 279
508 280
509 281
510 282
510 283
476 286
476 287
476 288
446 279
447 280
448 281
449 282
450 283
451 284
451 285
451 286
451 287
451 288
451 289
451 290
451 291
444 279
443 280
442 281
441 282
440 283
439 284
438 285
437 286
436 287
435 288
434 289
433 290
433 291
433 292
433 293
433 294
433 295
433 296
433 297
433 298
433 299
433 300
434 301
435 302
436 303
437 304
438 305
439 306
440 307
441 308
442 309
443 310
444 311
445 312
445 313
445 314
446 314
447 314
448 314
449 314
450 314
451 314
452 314
453 313
454 312
455 311
444 315
443 316
442 317
441 318
440 319
439 320
438 321
437 322
436 323
435 324
435 325
434 325
433 324
432 323
431 322
430 321
429 320
428 319
427 318
426 318
426 317
426 319
426 320
426 321
426 322
426 323
426 324
426 325
425 326
425 327
425 328
425 329
425 330
425 331
425 332
425 333
424 333
423 333
422 332
421 331
420 330
419 329
418 328
417 327
416 326
415 327
414 328
413 329
412 330
412 331
412 332
412 333
412 334
412 335
412 336
413 337
413 338
413 339
413 340
413 341
413 342
413 343
413 344
413 345
414 346
415 347
416 348
417 349
418 350
419 351
420 352
421 353
422 354
423 355
424 356
425 357
426 357
427 357
428 357
428 356
428 355
428 354
428 353
428 352
428 351
428 350
428 349
429 348
429 358
430 359
431 360
432 360
433 360
434 360
435 360
436 360
437 360
438 360
437 361
436 362
435 363
435 364
435 365
435 366
435 367
435 368
435 369
435 370
435 371
435 372
435 373
435 374
435 375
434 376
434 377
434 378
434 379
434 380
434 381
434 382
434 383
434 384
434 385
434 386
434 387
434 388
433 389
432 390
432 391
432 392
432 393
432 394
432 395
432 396
435 389
436 390
437 391
438 392
439 393
440 394
441 395
442 396
443 397
444 398
445 399
446 400
447 401
448 401
449 401
450 401
451 401
452 401
453 401
454 401
455 401
456 401
457 401
458 401
459 401
460 400
460 399
461 398
462 397
463 396
464 395
465 394
466 393
467 392
468 391
469 390
470 389
470 388
470 387
470 386
470 385
470 384
470 383
470 382
470 381
470 380
470 379
470 378
470 377
470 376
469 375
468 374
467 373
466 372
461 401
462 402
463 403
464 404
465 405
466 406
467 407
468 408
469 409
470 409
470 408
470 407
471 406
472 405
473 404
474 403
475 402
476 401
477 402
478 402
479 402
480 402
481 402
482 402
483 402
484 402
485 402
486 402
487 402
488 402
489 402
490 402
489 403
490 404
491 405
492 405
493 405
494 405
495 405
496 405
491 401
492 400
493 399
494 398
495 397
496 396
497 395
498 394
499 393
500 392
500 391
500 390
500 389
500 388
500 387
500 386
500 385
501 384
502 383
503 383
504 383
505 383
506 383
507 383
508 383
509 383
510 383
511 383
512 382
513 381
514 380
515 379
516 378
517 377
518 376
519 375
502 382
502 381
502 380
502 379
502 378
502 377
502 376
502 375
502 374
502 373
501 373
500 373
499 372
498 371
497 370
496 369
495 368
494 367
493 366
492 365
491 364
491 363
491 362
491 361
491 360
491 359
491 358
491 357
492 356
502 372
502 371
502 370
502 369
502 368
502 367
502 366
502 365
502 364
502 363
503 362
504 361
505 360
506 359
507 358
508 358
509 358
510 358
511 358
512 358
513 357
514 356
515 355
516 356
517 357
518 357
519 357
520 357
521 357
522 357
523 357
524 357
525 357
526 357
527 357
528 357
529 357
530 357
530 358
531 359
532 360
533 361
534 362
535 363
536 364
537 365
538 366
539 366
539 365
539 364
539 363
540 362
541 361
542 360
543 359
544 359
545 359
546 359
547 359
548 359
549 359
550 359
551 359
552 359
553 359
554 359
555 359
556 359
557 359
558 359
559 358
560 357
561 356
562 355
563 354
564 353
565 352
565 351
565 350
565 349
565 348
566 348
565 347
565 346
565 345
564 344
563 343
562 342
561 341
560 340
559 339
558 338
567 347
568 346
569 345
570 344
571 343
572 342
573 341
574 340
575 339
576 338
576 337
577 336
578 335
579 334
580 333
581 332
582 331
583 330
584 329
584 328
584 327
584 326
584 325
584 324
584 323
583 322
582 321
581 320
580 319
579 318
578 317
577 316
576 315
576 314
576 313
576 312
576 311
576 310
576 309
577 308
578 307
579 306
580 305
580 304
580 303
580 302
580 301
580 300
580 299
580 298
580 297
580 296
580 295
580 294
579 293
578 292
577 291
576 290
575 289
581 306
582 306
583 306
584 306
585 306
586 306
587 306
588 306
589 306
590 306
591 306
592 306
593 306
594 306
595 306
596 305
597 304
598 303
599 302
599 301
599 300
599 299
599 298
599 297
599 296
599 295
598 294
597 293
598 292
599 291
600 290
601 289
602 288
603 287
604 286
605 285
606 284
607 283
608 282
609 281
600 303
601 304
602 305
603 306
604 307
605 308
606 308
607 308
606 309
605 310
604 311
603 312
602 313
602 314
602 315
602 316
602 317
602 318
602 319
601 320
600 321
599 322
599 323
599 324
599 325
599 326
599 327
608 309
609 310
610 311
611 312
612 313
613 314
614 315
615 316
616 317
617 318
618 318
619 318
620 318
621 318
622 318
623 318
624 318
625 318
626 317
627 316
628 315
629 314
630 314
630 313
631 313
632 313
633 313
634 313
635 312
636 311
637 310
638 309
639 309
640 309
641 308
642 307
643 306
638 308
638 307
638 306
637 305
636 304
635 303
634 302
633 301
632 300
631 299
630 298
629 297
630 315
630 316
630 317
630 318
630 319
630 320
630 321
630 322
630 323
629 324
628 325
627 326
626 327
625 328
624 329
623 330
623 331
623 332
623 333
623 334
623 335
623 336
623 337
623 338
623 339
622 340
621 341
620 342
619 343
618 344
617 344
616 344
615 344
614 344
624 340
625 341
626 342
627 342
628 342
629 342
630 342
631 342
630 343
629 344
628 345
627 346
626 347
625 348
624 349
623 350
623 351
585 330
586 331
587 332
588 333
589 334
590 335
591 336
592 337
593 338
594 339
595 340
596 341
597 342
597 343
577 339
578 340
579 341
579 342
579 343
579 344
579 345
579 346
579 347
579 348
579 349
580 350
581 351
582 352
582 353
582 354
582 355
582 356
582 357
582 358
582 359
582 360
582 361
582 362
583 363
584 364
585 365
586 366
586 367
586 368
586 369
586 370
586 371
586 372
585 373
584 374
583 374
582 374
581 374
580 374
579 374
578 374
577 374
576 374
575 374
587 373
588 374
589 375
590 376
591 377
592 378
593 379
594 380
595 380
596 380
597 380
598 380
599 379
600 378
601 377
602 376
603 375
604 374
605 373
606 374
607 375
608 376
609 377
610 378
611 379
612 380
613 381
614 382
614 383
615 383
616 383
617 383
618 383
619 383
620 383
621 383
622 382
623 381
624 382
625 383
626 384
627 384
628 384
629 384
630 384
631 384
632 384
633 385
634 386
635 387
636 388
637 389
638 390
639 391
640 392
640 393
640 394
639 395
638 396
637 397
637 398
637 399
637 400
637 401
637 402
637 403
637 404
637 405
637 406
637 407
637 408
637 409
637 410
637 411
637 412
637 413
637 414
636 415
635 416
634 417
633 418
632 419
631 420
630 420
629 420
628 420
627 420
626 420
625 420
641 391
642 390
643 389
644 388
645 387
646 386
647 385
613 384
612 385
611 386
610 387
610 388
610 389
610 390
610 391
610 392
593 381
592 382
591 383
590 384
589 385
588 386
587 387
586 388
585 389
584 390
583 391
582 392
581 392
580 392
579 392
578 392
579 393
580 394
581 395
582 396
583 397
584 398
585 399
586 400
587 401
588 402
589 403
590 404
591 404
590 405
589 406
588 407
587 408
587 409
587 410
587 411
587 412
588 413
589 414
590 415
591 416
592 417
593 418
594 419
595 420
596 421
597 422
598 423
599 424
600 425
601 426
602 427
601 428
600 429
599 430
598 431
597 432
596 433
595 434
594 435
594 436
594 437
594 438
593 439
592 440
591 441
590 442
589 443
588 444
587 445
586 446
585 447
584 448
583 448
582 448
581 448
580 448
579 448
578 448
577 448
576 448
575 448
574 448
573 448
572 448
571 448
570 448
569 448
568 448
567 448
566 447
565 446
564 445
563 444
562 443
562 442
562 441
561 440
560 439
559 438
558 437
557 436
556 435
555 434
554 433
553 432
539 367
540 368
541 369
542 370
543 371
544 372
545 373
546 374
547 375
548 376
549 377
550 378
551 378
552 378
531 356
532 355
533 354
534 353
535 352
536 351
537 350
538 349
539 348
539 347
539 346
539 345
539 344
539 343
539 342
539 341
539 340
540 339
541 338
542 337
501 393
502 394
503 395
504 396
505 397
506 398
507 399
508 400
509 401
510 402
511 403
512 403
513 403
514 403
515 403
516 403
517 404
518 405
519 406
520 407
521 408
522 409
523 410
524 411
525 412
526 413
527 414
528 415
529 416
530 416
531 416
532 416
533 416
534 416
535 416
536 416
537 416
538 416
539 415
540 414
541 413
542 412
543 411
543 410
543 409
543 408
543 407
543 406
543 405
544 404
545 403
546 404
547 405
548 406
549 407
550 408
551 409
552 410
553 411
554 412
555 413
556 414
556 415
530 417
530 418
530 419
530 420
530 421
530 422
530 423
530 424
530 425
530 426
529 427
528 428
527 429
526 430
525 431
524 432
523 433
522 434
521 434
520 434
519 434
518 434
517 434
517 433
517 432
517 431
517 430
517 429
517 428
517 427
517 426
517 425
517 424
517 423
517 422
516 421
516 435
515 436
514 437
513 437
512 437
511 437
510 437
509 437
508 437
507 437
506 437
505 437
505 436
505 435
505 434
505 433
504 432
503 431
502 430
501 429
500 428
499 427
518 435
519 436
520 437
521 438
522 439
523 440
523 441
523 442
470 410
469 411
468 412
467 413
466 414
465 415
464 416
463 417
462 418
461 418
460 418
461 419
462 420
463 421
464 422
465 423
466 424
467 425
468 426
469 427
470 427
469 428
468 429
467 430
466 431
465 432
465 433
465 434
465 435
465 436
466 437
467 438
468 439
469 440
470 441
471 442
472 443
473 444
474 444
435 326
436 327
437 328
438 329
439 330
440 331
441 332
442 333
443 333
444 333
445 333
446 333
447 333
448 333
449 333
450 333
451 333
452 333
453 333
454 333
455 333
456 333
457 333
458 333
459 333
460 333
461 333
462 333
463 333
464 332
465 331
466 330
467 329
468 328
469 327
470 326
471 325
472 324
473 323
474 322
474 321
474 320
474 319
474 318
474 317
474 316
474 315
474 314
474 313
475 312
475 311
475 310
475 309
475 308
476 307
477 306
478 305
479 304
480 303
481 304
482 305
483 306
484 307
485 308
486 309
487 310
488 311
489 312
490 313
491 314
492 315
493 316
494 317
495 317
496 317
497 317
497 316
497 315
497 314
498 313
499 312
500 311
501 310
502 309
503 308
504 307
505 306
506 307
507 308
508 309
509 310
510 311
510 312
510 313
510 314
510 315
510 316
511 317
512 318
513 319
514 320
515 320
516 320
517 320
518 320
519 320
520 320
521 320
522 320
523 320
524 320
524 319
524 318
524 317
524 316
524 315
524 314
524 313
524 312
524 311
524 310
524 309
524 308
524 307
525 306
526 305
527 304
528 303
529 303
530 302
531 301
532 300
533 299
534 298
535 297
536 296
537 295
538 294
539 293
540 292
541 291
542 290
543 289
544 288
545 287
545 286
545 285
546 285
545 284
545 283
545 282
544 281
543 280
542 279
541 278
540 277
539 277
538 277
537 277
536 277
535 277
534 277
533 277
532 277
531 277
531 276
531 275
531 274
531 273
531 272
531 271
531 270
530 269
529 268
528 267
527 266
526 265
525 264
547 284
548 283
549 282
550 281
551 280
552 279
553 278
554 277
555 277
556 277
557 277
558 276
559 275
560 274
561 273
562 272
563 271
564 270
565 271
566 271
567 271
568 271
569 271
570 271
571 271
572 271
573 271
574 271
575 271
576 271
577 271
578 271
579 271
580 272
581 272
582 272
583 272
584 272
585 272
586 272
587 272
588 272
589 272
590 272
591 272
546 288
547 289
548 289
549 289
550 289
551 289
552 289
553 289
554 289
553 290
552 291
551 292
550 293
549 294
548 295
547 296
547 297
547 298
547 299
547 300
547 301
547 302
547 303
547 304
547 305
547 306
475 323
476 324
477 325
478 326
479 327
480 328
481 329
482 330
483 331
484 332
485 333
486 334
487 335
488 335
489 335
490 335
491 336
492 336
493 336
494 336
495 336
496 336
497 336
498 336
499 336
500 336
501 336
502 336
503 336
504 336
505 336
451 334
452 335
453 336
454 337
455 338
456 339
456 340
456 341
456 342
456 343
456 344
456 345
456 346
457 347
458 348
459 349
460 350
461 351
461 352
461 353
461 354
398 291
399 292
400 292
401 292
402 292
403 292
404 292
405 292
406 292
407 292
408 292
409 292
410 292
409 293
408 294
407 295
407 296
407 297
407 298
407 299
407 300
407 301
407 302
407 303
407 304
407 305
386 299
387 300
388 301
389 302
390 303
391 304
392 305
393 306
393 307
359 303
358 304
357 305
356 306
356 307
356 308
356 309
356 310
356 311
356 312
356 313
356 314
356 315
357 316
358 317
359 318
360 319
361 319
362 319
363 319
364 319
365 319
366 319
367 319
368 320
369 321
370 322
371 323
372 324
373 325
374 326
375 327
376 327
377 327
378 327
379 327
380 327
381 327
382 327
383 327
384 327
385 326
386 325
387 324
388 323
389 322
390 321
379 328
380 329
381 330
382 331
383 332
383 333
383 334
383 335
383 336
383 337
377 328
376 329
375 330
374 331
373 332
372 333
371 333
370 333
856
333 271
343 284
341 294
333 298
323 291
312 290
304 287
293 298
285 296
273 289
266 281
257 297
243 281
236 293
318 276
319 268
310 259
307 250
298 249
289 248
285 239
276 235
266 237
254 245
244 233
251 253
237 252
227 240
216 228
206 215
190 215
195 205
204 203
197 225
228 225
231 207
239 211
251 216
266 202
254 190
252 187
258 177
250 167
260 165
247 152
236 146
226 144
225 135
212 131
204 127
197 135
192 131
191 121
181 112
168 102
160 108
152 103
134 107
119 108
113 99
105 125
146 122
138 124
125 137
123 145
127 156
136 153
122 167
111 158
108 149
130 174
124 181
114 178
111 173
103 185
95 186
86 181
71 180
62 187
58 193
54 192
45 194
40 188
31 195
26 195
22 183
35 171
23 159
16 165
45 158
37 148
49 145
57 137
66 134
53 163
34 198
27 204
13 215
27 213
48 209
67 205
80 158
78 157
94 170
136 181
151 180
164 183
168 171
159 196
150 206
149 214
140 213
136 211
129 197
121 215
109 204
107 217
95 223
89 211
90 202
117 229
126 228
123 237
114 241
130 250
121 258
112 267
101 277
114 283
112 293
126 298
134 289
142 295
144 305
129 321
114 330
107 318
105 310
133 329
141 323
142 286
149 289
160 297
161 306
176 291
172 278
174 265
184 263
195 264
204 267
217 259
208 249
200 251
223 276
203 276
203 289
215 293
170 253
176 240
183 304
195 315
199 304
210 309
214 317
222 327
214 329
206 334
214 343
232 334
244 335
235 350
187 320
177 321
166 328
157 329
156 344
197 323
189 334
179 333
175 340
183 346
178 355
184 364
189 373
178 377
171 374
161 380
160 370
150 362
134 355
152 387
169 394
195 377
199 370
209 377
215 374
219 389
231 378
239 366
244 385
258 382
269 376
272 384
243 395
235 401
231 403
255 398
254 406
244 422
236 425
223 424
225 436
234 441
245 436
262 432
276 424
285 422
302 428
311 418
323 423
309 402
324 415
328 435
316 446
313 461
273 415
207 363
216 358
186 390
189 396
197 391
203 393
213 406
207 417
195 416
185 414
173 425
163 418
153 422
147 434
151 435
163 441
199 428
188 429
206 442
183 400
192 351
108 231
96 236
87 240
88 245
77 257
68 259
65 248
60 241
60 227
71 222
63 272
71 272
86 276
67 280
58 281
57 294
69 297
66 309
53 321
46 331
39 326
22 318
33 346
24 343
14 343
17 351
28 358
18 364
45 348
50 354
60 347
73 352
76 336
86 343
97 346
81 363
89 363
101 359
104 367
107 375
90 377
100 388
88 389
94 401
102 406
104 402
111 414
100 426
110 433
101 440
126 445
118 407
131 408
127 390
129 381
135 373
135 395
145 404
113 384
116 356
111 346
72 371
70 366
71 377
62 379
57 374
53 381
45 378
34 384
45 391
54 400
56 407
72 391
74 402
75 409
56 328
79 318
89 311
95 256
100 248
157 216
144 230
149 242
148 257
145 191
132 141
196 104
204 108
175 140
167 140
154 142
198 145
208 155
204 169
192 160
185 168
211 137
239 127
241 112
233 101
221 100
222 113
252 102
261 103
276 109
283 121
284 131
277 145
295 133
306 123
309 131
297 115
303 103
310 93
300 81
292 75
284 72
290 63
292 55
286 43
294 42
311 42
286 83
300 72
308 64
329 107
345 106
350 103
353 95
362 92
370 77
363 66
352 54
347 37
356 23
362 17
359 43
368 44
376 44
377 53
388 53
393 50
364 53
341 63
331 51
334 41
350 67
378 81
392 70
407 70
410 51
418 53
427 56
412 80
395 89
409 105
392 117
377 127
394 132
411 148
253 128
240 188
239 180
236 168
222 163
226 187
222 178
270 215
246 261
254 263
270 247
275 256
277 267
285 272
296 230
310 219
311 203
321 208
326 197
317 251
319 243
329 253
342 239
340 227
336 215
342 201
343 189
356 196
343 170
355 179
356 167
344 155
337 152
326 147
324 163
326 173
316 180
309 171
297 166
285 176
275 185
288 196
290 203
311 159
348 144
346 130
333 132
354 125
360 154
374 156
377 165
374 173
382 173
395 172
405 185
397 188
388 186
411 203
344 216
348 230
357 225
366 215
377 207
371 197
305 267
335 308
326 310
316 315
309 306
293 314
324 323
324 333
325 344
314 350
307 345
295 342
282 344
269 344
263 359
280 358
287 368
277 329
305 332
306 363
334 331
347 333
353 341
341 348
328 358
331 368
340 363
346 373
357 369
367 377
378 368
383 354
391 352
365 395
332 383
339 390
347 404
356 418
369 417
377 429
385 436
394 425
404 424
399 413
391 399
384 405
400 390
405 371
405 404
409 416
402 440
412 441
427 439
429 423
443 441
353 427
362 431
353 437
355 446
365 451
355 463
345 458
359 473
347 477
346 485
331 479
327 502
310 488
297 480
291 471
286 459
335 508
345 511
351 519
370 484
385 483
392 490
400 491
410 486
420 478
414 470
403 466
402 474
393 468
393 459
414 465
361 489
374 503
363 354
356 291
360 302
374 291
373 281
368 272
359 272
351 268
383 280
385 298
397 290
406 279
402 266
395 255
383 244
372 240
370 256
414 269
416 255
419 236
404 229
403 237
430 239
439 229
443 253
433 264
441 267
445 278
459 277
457 261
469 252
466 266
468 278
481 276
494 280
497 269
502 256
514 242
514 230
514 219
527 209
537 203
546 207
556 210
566 197
575 201
583 196
576 186
585 204
598 199
606 195
618 193
627 201
587 214
599 219
602 228
588 235
578 237
569 239
559 232
569 226
575 250
583 252
625 225
615 244
604 253
627 260
635 271
643 270
515 197
505 196
526 189
521 181
510 179
503 168
495 159
499 156
490 139
487 127
480 114
472 128
459 122
455 110
463 106
449 125
436 120
423 126
454 136
449 137
436 146
436 159
447 171
452 170
451 162
453 156
460 173
470 156
463 182
473 186
469 194
482 195
471 208
479 218
490 229
491 198
448 179
447 190
447 201
434 204
447 213
455 228
464 234
431 180
503 142
513 143
519 158
529 180
539 186
546 176
546 153
556 161
571 152
576 137
577 128
579 120
572 112
559 124
549 108
536 119
532 107
524 102
510 102
497 108
539 134
596 128
598 116
581 160
576 169
589 169
599 158
614 158
626 168
639 164
650 160
626 178
594 147
615 140
624 133
639 130
639 139
551 190
534 176
510 211
522 246
533 244
532 234
542 223
546 256
510 283
476 288
451 291
435 288
433 300
445 314
455 311
426 317
426 325
425 333
416 326
412 336
413 345
428 357
429 348
438 360
435 375
434 388
432 396
448 401
460 400
470 389
466 372
476 401
488 402
496 405
500 392
502 383
519 375
502 373
491 364
492 356
507 358
515 355
529 357
543 359
552 359
565 352
558 338
576 338
584 329
576 315
580 305
575 289
591 306
599 302
597 293
609 281
607 308
602 319
599 327
619 318
630 313
638 309
643 306
629 297
630 323
623 339
614 344
631 342
623 351
597 343
579 349
582 362
586 372
575 374
594 380
605 373
614 383
623 381
632 384
640 394
637 414
625 420
647 385
610 392
578 392
591 404
587 412
602 427
594 438
578 448
562 443
553 432
539 367
544 372
552 378
539 348
542 337
516 403
531 416
543 411
545 403
556 415
530 426
517 434
516 421
505 437
499 427
523 442
470 410
460 418
470 427
465 436
474 444
435 326
450 333
460 333
474 322
475 312
480 303
497 317
505 306
510 316
524 320
528 303
545 287
540 277
531 277
525 264
554 277
564 270
579 271
591 272
554 289
547 306
490 335
505 336
456 346
461 354
410 292
407 305
393 307
356 315
367 319
378 327
390 321
383 337
370 333
