9216
332 270
333 269
333 268
334 267
335 266
336 265
337 264
338 263
339 262
339 261
339 260
339 259
339 258
339 257
339 256
339 255
339 254
339 253
340 253
341 253
342 253
343 253
344 253
345 253
346 253
347 252
348 251
349 250
350 249
351 248
352 248
353 248
354 248
355 247
356 246
357 245
358 244
359 243
360 243
361 243
362 243
363 243
364 243
365 243
366 242
367 241
368 240
369 239
370 238
370 237
370 236
371 235
372 234
373 233
374 232
375 231
376 230
377 229
378 228
379 227
378 226
377 225
376 224
375 223
374 222
373 221
372 220
371 219
371 218
371 217
372 216
373 215
374 214
375 213
376 212
377 211
378 210
379 209
380 228
381 229
382 230
383 231
384 232
384 233
384 234
384 235
384 236
385 236
384 237
384 238
384 239
383 240
383 241
383 242
383 243
383 244
383 245
383 246
383 247
383 248
383 249
383 250
383 251
382 252
381 253
380 254
379 255
378 255
377 255
376 255
375 255
384 252
385 253
386 254
386 255
386 256
386 257
386 258
386 259
386 260
386 261
386 262
385 263
385 264
385 265
385 266
385 267
385 268
385 269
385 270
385 271
385 272
385 273
385 274
384 274
383 274
382 274
381 274
380 274
379 274
378 274
377 274
376 273
375 272
374 271
373 270
372 271
371 272
370 273
369 274
368 275
367 276
366 277
365 278
364 279
363 279
362 280
361 280
360 280
359 280
358 280
357 280
356 280
355 280
356 281
357 282
358 283
359 284
360 285
361 286
362 287
363 288
364 289
364 290
364 291
386 275
387 276
388 277
389 278
390 279
391 280
392 281
393 282
394 283
395 284
396 285
397 285
398 285
399 285
400 285
401 285
401 284
401 283
401 282
401 281
402 280
403 279
404 278
405 277
406 276
407 275
408 274
409 273
410 272
411 271
412 270
411 269
410 268
409 267
408 266
407 265
406 264
405 263
404 262
404 261
404 260
404 259
404 258
404 257
404 256
404 255
404 254
403 253
403 252
403 251
403 250
403 249
403 248
404 247
405 246
406 245
407 244
408 244
409 244
410 244
411 244
412 244
413 244
414 244
415 244
416 244
417 244
418 244
419 244
420 244
421 244
422 244
423 244
424 244
425 245
426 245
427 245
428 245
429 245
430 245
431 245
432 245
433 245
434 245
435 245
436 245
437 245
438 245
439 245
440 245
441 245
442 245
443 245
444 245
445 244
446 243
447 243
447 242
448 241
449 240
450 239
451 238
452 237
453 236
454 235
455 234
456 233
457 233
457 234
458 235
459 236
460 236
461 236
462 236
463 236
464 236
465 236
466 236
458 232
459 231
460 230
461 229
462 228
463 227
464 226
465 225
466 224
467 223
468 222
469 221
470 220
471 220
472 220
473 220
474 220
475 220
476 220
477 220
478 220
479 219
470 219
470 218
470 217
470 216
470 215
470 214
470 213
470 212
470 211
469 211
469 210
469 209
469 208
468 207
467 206
466 205
465 204
464 203
463 202
462 201
461 200
460 199
460 198
460 197
460 196
460 195
461 194
462 193
463 192
464 191
465 190
459 200
458 201
457 201
456 201
455 201
454 201
453 201
452 201
451 201
450 201
449 201
448 201
447 201
446 201
446 200
446 199
446 198
446 197
446 196
446 195
446 194
445 193
444 192
443 191
442 190
441 189
440 188
439 188
438 188
437 188
436 188
435 188
434 188
433 188
432 188
431 188
430 188
429 188
428 188
427 187
427 186
427 185
427 184
427 183
427 182
427 181
427 180
427 179
427 178
427 177
427 176
427 175
427 174
427 173
427 172
428 171
445 202
444 203
443 204
443 205
443 206
443 207
443 208
443 209
443 210
443 211
443 212
443 213
442 213
441 213
440 212
439 211
438 210
437 209
436 208
435 207
434 206
433 205
432 204
431 203
430 202
429 203
428 204
427 205
426 206
425 207
424 208
423 209
422 210
421 211
420 212
419 213
418 214
417 214
417 213
417 212
417 211
417 210
417 209
417 208
416 207
415 206
414 205
413 204
412 203
411 202
410 201
410 200
410 199
409 198
408 197
407 196
406 195
405 194
404 193
403 192
402 191
401 190
400 189
399 188
398 187
397 186
396 185
395 185
394 185
393 185
392 184
391 183
390 182
389 181
388 180
395 186
394 187
393 188
392 189
391 190
390 191
389 192
388 192
387 192
386 192
385 192
396 184
396 183
396 182
397 181
398 180
399 179
400 178
401 177
402 176
403 175
404 174
405 173
406 172
407 171
408 170
409 169
410 168
418 215
418 216
418 217
418 218
418 219
418 220
418 221
418 222
418 223
418 224
418 225
418 226
418 227
442 214
441 215
440 216
439 217
438 218
437 219
436 220
435 221
434 222
433 223
432 224
432 225
432 226
471 211
472 211
473 211
474 211
475 211
476 211
477 210
478 209
479 208
479 207
479 206
479 205
479 204
479 203
479 202
480 201
481 200
482 199
483 198
484 198
485 198
486 198
487 198
488 198
489 198
490 197
491 196
492 195
493 194
494 193
495 192
496 191
497 190
498 189
499 188
500 187
501 188
502 189
503 190
503 191
503 192
503 193
503 194
503 195
503 196
503 197
503 198
503 199
503 200
504 201
505 202
506 203
507 204
508 205
509 206
510 207
511 208
512 208
512 207
512 206
512 205
512 204
512 203
512 202
512 201
512 200
513 199
514 198
515 197
516 196
517 195
517 194
517 193
517 192
517 191
517 190
518 189
519 188
520 187
521 186
522 185
523 184
524 183
525 182
526 181
527 180
528 181
529 182
530 182
531 182
532 182
533 182
534 182
535 182
535 183
536 184
537 185
538 186
539 187
540 188
541 189
542 189
536 181
537 180
538 179
539 178
539 177
540 177
538 176
537 175
536 174
535 173
534 172
533 171
532 170
531 169
530 168
530 167
530 166
530 165
530 164
530 163
529 162
528 161
527 160
526 159
525 158
524 157
523 157
522 157
521 156
520 155
519 154
518 153
518 152
518 151
518 150
518 149
518 148
518 147
517 146
516 145
515 144
514 143
513 142
512 141
511 140
511 139
511 138
511 137
511 136
511 135
511 134
511 133
511 132
511 131
510 130
509 129
510 141
509 142
508 143
507 144
506 145
505 146
504 146
503 146
502 146
501 146
500 145
499 144
498 143
497 142
496 141
495 140
494 139
493 138
493 137
493 136
493 135
493 134
492 133
491 132
490 131
523 158
522 159
521 160
520 161
519 162
518 163
517 164
516 165
515 166
514 167
513 168
512 169
511 170
510 171
509 171
508 171
507 170
506 169
505 168
504 167
503 166
502 165
501 164
500 165
499 166
498 167
497 168
496 169
495 170
494 171
493 172
492 172
491 172
490 172
489 172
488 172
487 172
486 172
485 172
484 171
483 170
482 169
481 168
480 168
479 168
478 168
477 168
476 168
475 168
474 168
473 168
472 168
471 168
470 168
469 168
468 168
467 169
466 170
465 171
464 172
463 172
463 173
462 171
461 170
460 169
459 168
458 167
457 166
456 165
455 164
454 163
454 162
453 162
452 161
451 160
450 159
449 158
448 157
447 156
446 155
445 154
444 154
443 154
442 154
441 154
440 154
439 154
438 154
437 154
436 154
435 154
434 154
433 153
432 152
431 151
430 150
430 149
430 148
430 147
430 146
430 145
431 144
432 143
433 142
434 141
435 140
436 139
437 138
437 137
436 137
435 137
434 136
433 135
432 134
431 133
430 132
429 131
428 130
427 129
426 128
425 127
438 137
438 136
438 135
438 134
438 133
438 132
438 131
439 130
440 129
441 128
442 127
442 126
443 125
444 124
445 123
446 122
447 121
448 120
449 119
450 118
450 117
449 117
448 117
447 117
446 117
445 116
444 115
443 114
442 113
441 112
440 111
451 117
452 117
453 116
454 115
455 114
456 113
457 112
458 111
459 110
460 109
461 108
462 107
463 106
464 105
465 104
466 103
455 162
456 162
457 162
458 161
459 160
460 159
461 158
462 157
463 156
464 155
465 154
465 153
465 152
464 152
463 151
462 150
461 149
460 148
459 147
465 151
465 150
466 149
467 148
468 147
469 146
470 145
471 144
472 143
473 142
474 141
475 140
475 139
475 138
475 137
475 136
475 135
475 134
475 133
475 132
475 131
474 130
473 129
472 128
471 127
471 126
470 126
472 126
473 125
474 124
475 123
476 122
477 121
478 120
479 119
480 118
481 117
482 116
481 167
481 166
481 165
481 164
481 163
481 162
481 161
481 160
481 159
481 158
481 157
482 156
483 155
490 173
489 174
488 175
487 176
486 177
485 178
484 179
483 179
482 179
525 156
526 155
527 154
528 153
529 152
530 151
531 150
532 149
533 148
534 147
534 146
534 145
534 144
534 143
534 142
534 141
534 140
535 139
536 138
536 137
537 136
538 135
539 134
540 133
540 132
539 132
538 132
537 131
536 130
535 129
534 128
533 127
532 126
531 125
530 124
529 123
529 122
528 122
527 122
526 122
525 122
524 122
523 121
522 120
521 119
520 118
519 117
518 116
517 115
516 114
515 113
514 112
513 111
512 110
511 109
510 108
509 107
530 122
531 122
532 122
533 122
534 121
535 120
536 119
537 118
538 117
539 116
540 115
541 114
542 113
541 132
535 148
536 149
537 150
538 151
539 152
540 153
541 154
542 155
542 156
543 156
544 156
545 155
546 154
547 153
548 152
549 151
550 150
551 149
552 148
553 149
554 150
555 151
556 152
557 153
558 154
559 155
560 156
561 157
561 158
561 159
562 160
563 161
564 162
565 163
566 164
567 165
568 165
569 165
570 165
571 165
572 165
573 165
574 165
575 165
576 165
577 165
578 164
579 163
580 162
581 161
582 160
583 159
584 158
585 157
586 156
587 155
587 154
587 153
587 152
587 151
588 150
589 149
590 148
591 147
592 146
593 145
593 144
593 143
593 142
593 141
593 140
594 139
595 138
596 137
597 136
597 135
596 135
595 134
594 133
593 132
592 131
591 130
590 129
589 128
589 127
589 126
589 125
589 124
589 123
589 122
589 121
589 120
588 119
587 118
586 117
585 116
584 115
583 114
582 113
581 112
580 111
579 110
578 109
577 109
576 109
575 109
574 109
573 109
572 109
571 109
570 109
569 108
568 107
567 108
566 109
566 110
566 111
566 112
566 113
566 114
566 115
566 116
588 129
587 130
586 131
585 132
584 133
583 134
582 135
581 136
580 137
579 138
579 139
579 140
579 141
598 135
598 134
598 133
598 132
598 131
598 130
598 129
599 128
600 127
601 126
602 125
603 124
604 123
588 156
589 157
590 158
591 159
592 160
593 161
594 162
595 163
596 164
596 165
597 163
598 162
599 161
600 160
601 159
602 158
603 157
604 156
605 155
606 154
607 153
608 153
609 153
610 153
611 152
612 151
613 150
614 149
615 148
616 147
617 146
618 145
619 144
620 143
621 142
622 141
608 154
609 155
610 156
611 157
612 158
613 159
614 160
615 161
616 162
617 163
618 163
618 162
618 161
619 160
620 159
621 158
622 157
623 156
624 157
625 158
626 159
627 160
628 161
629 162
630 163
631 164
632 165
633 166
634 167
635 168
636 168
636 167
636 166
636 165
636 164
636 163
636 162
636 161
636 160
636 159
637 158
638 157
638 156
638 155
638 154
638 153
638 152
639 151
640 150
641 149
642 148
643 147
644 146
636 169
636 170
618 164
618 165
618 166
618 167
619 168
620 169
620 170
620 171
620 172
620 173
620 174
620 175
620 176
513 209
514 210
515 211
515 212
515 213
515 214
515 215
515 216
515 217
515 218
515 219
515 220
515 221
515 222
516 222
515 223
514 224
513 225
512 226
512 227
512 228
512 229
511 229
510 228
509 227
508 226
507 225
506 224
512 230
512 231
512 232
513 233
514 233
515 233
516 233
517 233
518 233
519 233
520 233
521 233
522 234
523 235
524 236
524 237
524 238
524 239
524 240
524 241
524 242
523 243
522 244
521 245
520 246
519 247
518 248
517 249
516 249
515 249
514 249
513 249
512 249
511 250
510 251
509 252
508 253
507 254
506 254
505 254
504 254
503 254
502 254
501 254
500 254
499 254
498 254
497 253
496 252
503 255
502 256
501 257
500 258
499 259
498 260
497 261
497 262
498 263
499 264
499 265
499 266
499 267
499 268
499 269
499 270
499 271
499 272
499 273
499 274
498 275
497 276
496 277
495 278
494 279
493 280
492 281
491 282
490 283
489 284
488 285
487 285
486 286
485 286
484 286
483 286
482 286
481 286
480 286
479 286
478 286
477 286
477 285
477 284
476 283
475 282
474 281
473 280
472 279
471 278
470 277
469 276
468 275
467 274
467 273
466 273
465 273
464 273
463 273
462 273
461 273
460 273
459 273
458 273
457 273
456 273
455 273
454 273
453 273
452 273
451 273
450 273
449 273
468 273
469 273
470 273
471 273
472 273
473 272
474 271
475 270
476 270
477 270
478 270
479 270
480 270
481 270
482 269
482 268
483 268
481 267
480 266
479 265
478 264
477 263
476 262
475 261
474 260
473 259
472 258
471 257
470 256
500 275
501 276
502 277
503 278
504 279
505 280
506 281
507 282
508 283
509 284
510 285
511 286
512 286
513 286
514 286
515 286
516 286
517 286
518 286
519 286
520 286
521 285
522 284
523 283
524 282
525 281
525 280
525 279
525 278
525 277
525 276
525 275
525 274
525 273
525 272
526 271
527 271
528 271
527 272
528 273
529 274
530 275
531 276
532 277
533 278
534 278
535 278
536 278
537 278
538 279
539 280
540 281
541 282
542 283
543 284
544 285
545 286
545 287
545 288
545 289
545 290
546 290
547 290
548 289
549 288
550 287
551 286
552 285
553 284
554 285
555 286
556 287
557 288
558 289
558 290
558 291
558 292
558 293
558 294
558 295
558 296
544 291
543 292
542 293
541 294
541 295
541 296
541 297
541 298
541 299
541 300
540 301
539 302
538 303
537 304
536 305
535 306
534 307
533 308
532 309
531 310
530 311
529 312
528 313
528 314
528 315
527 315
526 315
525 314
524 313
523 313
522 313
521 313
520 313
519 313
518 312
517 311
516 310
515 309
514 308
542 301
543 302
544 303
545 304
546 305
547 306
548 307
549 308
550 309
551 310
552 311
553 312
554 313
555 314
556 315
557 316
558 317
558 318
557 319
556 320
555 321
554 322
553 323
552 324
551 325
550 326
549 326
529 270
530 269
531 268
532 267
533 266
534 265
535 264
536 263
537 262
538 261
539 260
540 260
541 260
542 260
543 260
544 260
545 260
546 259
547 258
548 257
549 256
550 255
551 254
525 243
525 244
525 245
525 246
525 247
525 248
525 249
525 250
525 251
525 252
525 253
525 254
526 254
527 254
528 254
529 253
530 252
531 251
532 250
533 249
534 248
535 247
536 246
537 245
517 221
518 220
519 219
520 218
521 217
522 216
523 215
524 214
525 213
526 212
527 211
528 212
529 213
530 214
531 215
532 216
533 217
534 218
535 219
536 219
537 219
538 219
539 220
540 221
541 222
542 223
543 223
544 223
545 223
546 223
547 223
548 223
549 223
548 224
547 225
546 226
545 227
544 228
543 229
542 230
542 231
542 232
550 222
551 221
552 220
553 219
554 218
555 217
556 216
557 215
558 214
558 213
557 213
556 213
555 213
554 213
553 213
552 213
551 213
551 212
551 211
551 210
551 209
551 208
551 207
551 206
550 205
549 204
549 203
549 202
550 201
551 200
552 199
553 198
554 197
555 196
556 195
557 194
558 193
559 192
560 193
561 194
562 194
563 194
564 194
565 195
566 195
567 195
568 195
569 195
570 195
571 195
572 195
573 195
574 195
575 195
576 195
577 195
578 195
579 195
580 195
581 195
582 195
583 195
584 195
585 195
586 195
587 195
588 195
589 195
590 195
591 194
592 193
593 192
559 213
560 214
561 215
562 216
563 217
564 218
565 219
566 220
567 221
568 221
569 221
570 221
571 222
572 223
573 224
574 225
575 226
575 227
575 228
575 229
575 230
575 231
575 232
575 233
575 234
575 235
575 236
575 237
575 238
576 239
577 240
578 241
579 242
580 243
581 244
582 245
583 246
584 247
584 248
585 248
586 248
587 247
588 246
589 245
590 244
591 243
592 242
593 241
594 240
595 239
596 238
597 237
598 236
599 235
600 234
601 233
602 232
603 231
604 230
605 229
606 228
607 227
608 226
608 225
608 224
608 223
608 222
608 221
608 220
608 219
607 218
606 217
605 216
604 215
603 214
602 214
601 214
600 213
599 212
598 211
597 210
596 209
595 208
603 213
603 212
603 211
603 210
603 209
603 208
603 207
604 206
605 205
606 204
607 203
608 202
609 201
610 200
611 199
612 198
613 197
614 197
615 197
616 197
617 197
618 197
619 197
620 197
621 197
622 197
623 197
624 197
625 197
626 197
627 197
628 197
629 197
630 197
631 197
632 197
597 239
598 240
599 241
600 242
601 243
601 244
601 245
601 246
601 247
601 248
584 249
584 250
584 251
584 252
584 253
584 254
584 255
584 256
584 257
584 258
584 259
583 260
582 261
581 262
580 263
579 264
579 265
579 266
579 267
579 268
579 269
579 270
579 271
579 272
578 272
577 272
576 272
575 272
574 272
573 272
572 272
571 271
570 270
569 269
569 268
569 267
569 266
569 265
569 264
569 263
570 262
571 261
571 260
571 259
571 258
571 257
571 256
571 255
571 254
571 253
571 252
578 273
577 274
576 275
576 276
576 277
576 278
576 279
576 280
576 281
576 282
577 283
578 284
579 285
580 286
581 287
582 288
583 289
584 290
585 291
586 292
587 293
587 294
586 295
585 295
584 295
583 295
582 295
581 295
580 295
579 295
578 295
588 295
589 296
590 297
591 298
592 299
593 300
594 301
595 302
596 303
597 304
598 304
599 304
600 304
601 304
602 304
603 304
604 304
605 304
605 303
605 302
605 301
605 300
605 299
605 298
605 297
605 296
605 295
605 294
606 293
607 292
608 291
604 305
603 306
602 307
601 308
600 309
599 310
598 311
597 312
596 313
595 314
594 315
593 316
592 317
591 318
590 318
589 318
606 305
607 306
608 307
609 308
610 309
611 310
612 311
613 312
614 313
615 314
615 315
615 316
616 316
617 316
618 316
619 316
620 316
621 316
622 315
623 314
624 313
625 312
626 311
626 310
626 309
626 308
626 307
626 306
626 305
626 304
626 303
627 302
627 312
628 313
629 314
630 315
631 316
631 317
631 318
631 319
632 320
633 321
634 322
635 323
636 324
637 325
638 326
639 327
640 328
641 329
642 330
643 331
644 332
645 333
646 334
646 335
646 336
646 337
646 338
645 339
644 340
643 341
642 342
641 343
640 344
639 345
638 346
637 347
636 348
635 349
634 349
633 349
632 349
631 349
630 349
629 349
628 349
627 349
626 349
625 349
624 348
624 347
624 346
624 345
624 344
624 343
624 342
625 341
626 340
627 339
628 338
623 349
622 350
621 351
620 352
619 353
618 354
617 354
616 354
615 354
614 354
613 354
612 354
611 354
610 354
609 354
608 354
607 354
606 354
605 354
604 354
603 354
603 353
603 352
602 351
601 350
600 349
599 348
598 347
597 346
596 345
595 344
594 343
593 342
592 343
591 344
590 345
589 346
588 347
587 348
586 349
585 349
584 348
583 347
582 346
581 345
580 344
579 343
578 342
577 341
576 340
575 339
574 340
573 341
572 342
571 343
570 344
570 345
570 346
570 347
570 348
570 349
570 350
570 351
570 352
570 353
570 354
586 350
586 351
586 352
586 353
586 354
585 355
584 356
584 357
584 358
584 359
584 360
584 361
584 362
584 363
584 364
584 365
584 366
584 367
584 368
584 369
585 370
586 371
587 372
588 373
589 374
590 375
591 375
592 375
593 375
594 375
593 376
592 377
591 378
590 379
589 380
588 381
587 382
586 383
585 384
584 385
583 386
582 387
581 388
580 389
580 390
580 391
580 392
580 393
579 394
578 395
578 396
578 397
578 398
578 399
578 400
578 401
578 402
579 403
580 404
580 405
580 406
580 407
580 408
580 409
580 410
580 411
580 412
580 413
580 414
580 415
581 416
582 417
583 418
583 419
583 420
583 421
583 422
583 423
583 424
583 425
584 426
585 427
586 428
587 428
588 428
589 428
590 428
591 428
592 428
593 428
594 428
594 427
594 426
594 425
594 424
594 423
594 422
594 421
594 420
595 419
595 418
595 417
595 416
595 415
595 414
596 413
597 412
598 411
599 410
595 376
596 377
597 378
597 379
597 380
597 381
597 382
597 383
597 384
597 385
598 386
599 387
600 388
601 389
602 390
602 391
602 392
602 393
602 394
602 395
602 396
632 350
631 351
630 352
629 353
628 354
627 355
626 356
625 357
624 358
624 359
624 360
624 361
624 362
624 363
624 364
624 365
624 366
624 367
624 368
624 369
624 370
624 371
624 372
624 373
624 374
624 375
624 376
624 377
624 378
624 379
624 380
624 381
624 382
624 383
624 384
624 385
624 386
625 387
626 387
627 387
628 387
629 387
630 387
631 387
632 387
633 387
634 387
635 387
636 387
637 388
638 389
639 390
640 391
641 392
642 393
643 394
644 394
643 395
642 396
641 397
640 398
639 399
638 400
638 401
638 402
638 403
637 404
636 405
635 406
634 407
633 408
632 409
631 409
630 409
629 409
628 409
627 409
626 409
625 409
624 409
623 409
624 410
625 411
626 412
627 413
628 414
629 415
630 416
631 417
632 418
633 419
634 420
635 420
585 260
586 261
587 262
588 263
589 264
590 265
591 266
592 267
593 268
594 269
595 270
596 271
597 271
598 271
599 271
600 271
601 271
602 271
603 271
604 271
605 271
606 271
607 271
608 271
609 271
610 271
611 270
612 269
613 268
614 267
615 266
616 265
617 264
618 263
619 262
620 261
621 260
622 259
622 258
622 257
622 256
622 255
622 254
622 253
622 252
622 251
622 250
622 249
622 248
623 248
624 248
625 248
626 247
627 246
628 245
629 244
630 243
631 242
632 241
633 240
634 239
635 238
623 260
624 261
625 262
625 263
625 264
625 265
625 266
625 267
625 268
625 269
625 270
625 271
550 224
551 225
552 226
553 227
554 228
555 229
556 230
556 231
556 232
556 233
556 234
556 235
556 236
556 237
447 244
447 245
447 246
447 247
447 248
447 249
447 250
447 251
447 252
413 271
414 272
415 273
416 274
417 275
418 276
419 276
420 276
421 276
422 276
423 276
424 276
425 275
426 274
427 273
422 277
423 278
424 279
425 280
426 281
427 282
428 283
429 284
430 285
431 286
402 286
403 287
404 288
405 289
406 290
407 291
408 292
409 293
410 294
386 235
387 234
388 233
389 232
390 231
391 230
392 229
393 228
394 227
394 226
394 225
394 224
394 223
394 222
394 221
394 220
394 219
394 218
394 217
393 216
392 215
340 263
341 264
342 265
343 265
344 265
345 265
346 265
347 265
348 265
332 271
331 272
330 273
329 274
328 275
327 276
326 277
325 278
324 279
323 280
322 281
321 282
320 281
319 280
318 279
317 278
316 277
315 276
314 275
313 274
312 273
320 283
319 284
318 285
317 286
316 287
315 287
314 287
313 287
322 283
323 284
324 285
325 286
326 287
327 288
328 289
329 290
329 291
330 291
331 291
332 291
333 291
334 291
335 291
336 290
337 289
338 288
330 292
331 293
332 294
333 295
334 296
335 297
336 298
337 299
338 300
339 301
340 302
341 302
342 302
343 303
344 304
345 305
346 306
347 307
348 307
349 307
350 307
351 307
352 307
353 307
352 308
351 309
350 310
349 311
349 312
349 313
349 314
349 315
349 316
349 317
348 317
347 317
346 317
345 317
344 317
343 317
342 317
341 317
340 317
339 317
338 316
337 315
336 314
335 313
334 312
333 311
332 310
331 309
330 308
329 307
328 306
327 307
326 308
325 309
324 310
323 311
322 312
321 313
321 314
320 315
320 316
320 317
320 318
320 319
320 320
320 321
320 322
320 323
319 324
319 325
319 326
319 327
319 328
319 329
319 330
319 331
319 332
319 333
319 334
319 335
319 336
319 337
319 338
319 339
337 317
337 318
337 319
337 320
337 321
337 322
337 323
337 324
354 308
355 309
356 310
357 311
358 312
359 313
360 314
361 315
362 316
363 317
363 318
363 319
364 319
365 319
366 319
367 319
368 318
369 317
370 316
371 315
372 314
372 313
372 312
372 311
372 310
373 309
374 308
375 307
376 306
377 305
378 304
379 303
380 302
381 301
382 300
364 320
365 321
366 322
367 323
368 324
369 325
370 326
370 327
369 328
368 329
367 330
366 330
365 330
364 330
363 330
362 330
361 331
360 332
359 333
358 334
357 335
357 336
357 337
357 338
357 339
356 340
355 341
354 342
353 343
352 344
351 345
350 345
349 345
348 345
347 345
346 346
345 347
344 348
344 349
344 350
344 351
344 352
344 353
344 354
343 355
342 356
341 357
340 358
339 359
338 360
337 360
336 360
335 360
334 360
333 360
332 360
331 360
330 361
329 362
328 363
327 364
326 365
325 366
324 367
323 367
322 367
321 367
320 367
319 367
318 367
317 367
316 367
316 366
316 365
316 364
316 363
315 362
314 361
313 360
312 359
311 358
310 357
309 356
308 355
307 355
306 355
305 355
304 355
303 355
302 354
301 353
300 352
299 351
298 350
298 349
298 348
298 347
298 346
298 345
298 344
298 343
298 342
298 341
298 340
298 339
297 338
296 337
295 337
294 337
293 337
292 337
291 337
290 337
289 337
288 337
287 337
286 336
285 335
285 334
284 333
283 332
282 331
281 330
280 329
279 328
278 327
277 326
276 325
276 324
275 323
274 322
273 321
272 320
271 319
270 318
269 317
268 316
267 315
266 314
265 314
264 313
263 312
262 311
261 310
260 309
259 308
258 307
257 306
256 305
255 304
255 303
255 302
255 301
255 300
255 299
254 298
253 297
252 296
251 295
251 294
250 294
249 295
248 296
247 297
246 298
245 299
244 300
244 301
244 302
244 303
244 304
243 305
242 306
241 306
240 306
239 306
238 306
237 306
236 306
235 306
234 306
233 306
232 306
231 306
230 306
230 305
230 304
230 303
230 302
230 301
230 300
230 299
230 298
230 297
230 296
230 295
229 294
228 293
228 292
228 291
228 290
228 289
228 288
227 287
226 286
225 285
224 284
224 283
223 283
223 282
223 281
223 280
223 279
223 278
222 277
221 276
220 275
219 274
218 273
217 272
216 271
215 270
225 283
226 283
227 283
228 283
229 283
230 282
231 281
232 280
233 279
234 278
235 278
236 278
237 278
238 278
239 278
240 278
241 278
242 277
243 276
244 275
245 274
246 273
246 272
245 271
244 270
243 269
242 268
241 267
240 266
239 265
238 264
237 263
236 262
235 261
235 260
234 260
233 260
232 260
231 260
230 260
229 259
228 258
227 257
226 256
225 256
224 256
223 256
222 256
221 255
220 254
219 253
218 252
217 251
217 250
217 249
217 248
217 247
217 246
217 245
217 244
217 243
217 242
217 241
217 240
217 239
216 239
215 239
214 239
213 239
212 239
211 239
210 239
209 239
208 239
207 239
206 238
205 239
204 240
203 241
202 242
201 243
200 244
199 245
198 246
197 247
196 248
195 249
194 250
193 250
192 250
191 250
190 250
189 250
188 250
187 250
186 250
185 251
184 252
183 253
182 254
181 255
180 256
179 257
178 258
177 259
176 259
175 259
174 259
173 259
172 259
171 258
170 257
169 256
168 255
167 254
166 253
165 252
164 251
163 250
163 249
163 248
163 247
163 246
163 245
163 244
163 243
164 242
165 241
166 240
167 239
168 238
169 237
170 236
171 235
172 234
173 235
173 236
173 237
173 238
162 251
161 251
160 251
159 251
158 251
157 251
156 251
155 251
154 251
153 251
152 251
151 251
150 251
149 250
148 249
147 248
146 247
145 246
144 245
143 244
142 244
141 244
140 244
139 243
138 242
137 241
136 240
135 239
134 238
133 238
132 238
131 238
130 237
129 236
128 235
127 234
126 233
125 232
124 231
124 230
124 229
124 228
123 228
122 227
121 226
120 225
119 224
118 223
117 222
116 221
115 220
114 219
113 218
112 217
111 216
110 215
109 214
108 213
107 212
106 211
105 210
104 209
103 208
102 209
101 210
100 211
99 212
98 213
97 213
96 213
95 213
94 213
93 213
92 213
91 213
90 213
89 214
88 215
87 216
86 217
85 217
84 217
83 217
82 217
81 217
80 217
79 217
78 218
78 219
78 220
78 221
78 222
78 223
78 224
78 225
77 226
76 227
75 228
74 229
73 230
72 231
71 231
70 231
69 231
68 231
67 231
67 230
67 229
67 228
67 227
66 226
65 225
64 224
64 223
64 222
64 221
64 220
64 219
64 218
64 217
64 216
63 215
63 214
63 213
63 212
63 211
63 210
63 209
63 208
63 207
63 206
63 205
62 204
61 203
60 203
59 203
58 203
57 203
56 203
55 203
54 203
53 203
52 203
51 203
50 203
49 202
48 201
47 202
46 203
45 204
44 205
43 206
42 207
41 208
40 208
39 208
38 208
38 207
38 206
38 205
37 204
36 203
35 202
34 201
33 200
33 199
33 198
33 197
33 196
33 195
34 194
35 193
35 192
35 191
35 190
35 189
35 188
35 187
35 186
35 185
35 184
34 184
33 183
32 182
31 181
30 180
29 179
28 178
27 177
26 176
25 175
24 174
23 173
23 172
23 171
23 170
23 169
23 168
23 167
23 166
23 165
23 164
23 163
24 162
25 161
26 160
27 159
28 158
29 157
30 156
30 155
30 154
31 153
32 153
33 153
34 153
35 152
36 151
37 150
38 149
39 148
40 147
41 146
42 145
43 145
44 145
43 146
44 147
45 148
46 149
47 150
48 150
49 150
50 150
51 150
52 150
53 150
54 150
55 150
56 150
57 150
58 151
59 152
60 153
61 153
62 153
63 153
64 153
65 153
66 153
67 153
45 144
46 143
47 142
48 141
49 140
50 139
51 138
52 137
53 136
54 135
55 134
56 133
57 132
36 184
32 201
31 201
30 201
29 201
28 201
27 201
26 201
25 201
24 201
23 201
22 201
21 201
20 200
37 209
36 210
35 211
34 212
33 213
32 214
31 215
31 216
31 217
31 218
31 219
31 220
31 221
39 209
40 210
41 211
42 212
43 212
44 212
45 212
46 212
47 212
61 202
62 201
63 200
64 199
65 198
66 197
67 196
68 195
69 194
69 193
69 192
68 191
67 190
66 189
65 188
64 187
63 187
62 187
61 187
60 187
59 187
58 186
57 185
56 184
70 195
71 195
72 195
73 195
74 195
74 196
75 197
76 198
77 199
78 199
79 199
80 199
81 199
82 199
83 199
84 199
85 199
86 199
75 194
76 193
77 192
78 191
79 190
80 189
81 188
82 187
83 186
84 185
85 184
86 185
87 186
88 186
89 186
90 186
91 186
92 186
93 186
94 186
95 186
96 186
66 232
65 233
64 234
63 235
62 235
61 235
60 235
59 235
60 236
61 237
61 238
61 239
61 240
61 241
61 242
61 243
61 244
61 245
61 246
79 226
79 227
79 228
79 229
79 230
79 231
79 232
79 233
79 234
79 235
79 236
117 224
116 225
115 226
114 227
113 228
112 228
111 228
110 228
109 229
108 230
107 231
106 232
105 232
104 232
103 232
102 232
103 233
104 234
105 235
106 236
107 237
108 238
108 239
108 240
108 241
124 227
125 226
126 225
127 224
128 223
129 222
130 221
131 220
132 219
133 219
134 219
135 219
136 219
137 218
138 217
139 216
140 215
140 214
140 213
140 212
140 211
140 210
140 209
139 208
138 207
137 206
136 205
135 204
134 203
133 202
132 201
131 201
130 201
129 201
128 201
127 201
126 201
125 201
124 201
123 201
122 201
121 201
120 201
119 201
119 200
119 199
119 198
119 197
119 196
119 195
119 194
119 193
119 192
119 191
119 190
119 189
120 189
121 189
122 189
123 189
124 189
125 189
126 189
127 189
128 188
128 187
128 186
128 185
128 184
128 183
128 182
129 181
130 180
130 179
130 178
130 177
130 176
130 175
130 174
130 173
130 172
130 171
130 170
130 169
129 169
128 169
127 169
126 169
125 168
124 167
123 166
123 165
123 164
122 163
121 162
120 161
119 160
118 159
117 158
117 157
116 157
116 156
116 155
116 154
115 153
114 152
113 151
112 150
111 149
110 148
109 147
108 146
107 147
106 148
105 149
104 150
103 150
102 150
101 150
100 150
99 150
99 149
99 148
99 147
99 146
98 145
97 144
96 143
95 142
94 141
93 140
92 139
91 139
90 139
89 138
88 137
87 136
86 135
85 134
84 133
83 132
82 131
81 130
98 151
97 152
96 153
95 154
94 155
93 156
92 157
91 158
90 159
89 160
89 161
118 157
119 157
120 156
121 155
122 154
123 153
124 152
125 152
126 152
127 152
128 152
129 152
130 151
131 150
132 149
132 148
132 147
132 146
132 145
132 144
132 143
132 142
132 141
132 140
133 139
133 150
134 151
135 152
136 153
137 153
138 153
139 153
140 153
141 153
141 152
141 151
141 150
141 149
142 148
143 147
144 146
145 145
146 144
147 144
148 144
149 144
150 144
151 144
152 144
153 144
154 144
155 144
156 143
156 142
156 141
156 140
156 139
156 138
156 137
156 136
157 135
158 134
159 133
160 132
161 131
162 130
163 129
163 128
163 127
163 126
162 125
161 124
160 123
159 122
158 121
157 120
156 119
164 125
165 124
166 123
167 122
168 121
169 120
170 119
171 119
172 119
173 119
174 118
175 117
176 116
177 115
178 114
179 113
180 112
181 112
182 112
183 112
184 111
185 110
186 109
187 108
188 107
189 106
190 105
191 106
192 107
193 108
194 109
195 109
196 109
197 109
198 109
199 109
200 109
201 109
202 109
203 109
204 108
205 107
206 106
207 105
208 104
209 103
210 104
211 105
212 106
213 107
214 108
215 109
216 109
217 109
218 109
219 109
220 109
221 109
222 110
223 111
224 112
225 113
226 114
227 115
228 115
229 115
230 115
231 115
232 115
233 115
233 114
233 113
234 112
235 111
236 110
237 109
238 108
239 107
240 106
241 105
242 106
243 107
244 108
245 109
246 109
247 109
248 109
249 109
250 109
251 109
252 109
253 109
254 109
255 109
256 109
257 109
258 109
259 110
260 111
261 112
262 113
263 114
264 115
265 116
266 117
267 117
268 117
269 117
270 117
271 117
271 116
271 115
271 114
271 113
271 112
271 111
271 110
271 109
271 108
271 107
271 106
271 105
272 104
273 103
270 118
269 119
268 120
267 121
266 122
265 123
265 124
265 125
265 126
266 127
267 128
268 129
269 130
270 131
271 132
272 133
273 134
274 134
274 133
274 132
274 131
275 130
276 129
274 135
275 136
276 137
277 138
277 139
277 140
277 141
277 142
277 143
277 144
277 145
276 146
275 147
274 148
273 149
272 150
271 150
270 150
269 150
268 150
267 150
267 149
266 148
265 147
264 146
263 145
262 144
261 143
260 142
266 151
265 152
264 153
263 154
262 155
261 155
260 155
259 155
258 155
257 155
257 156
256 157
255 158
254 159
253 160
252 161
251 161
250 161
249 161
248 161
247 161
246 161
245 161
244 161
243 161
242 160
241 159
240 158
239 157
238 158
237 159
236 160
235 161
234 162
233 163
232 164
231 165
230 166
229 166
228 166
227 166
226 166
225 166
224 166
223 166
222 166
221 166
220 166
219 165
218 164
217 163
216 162
215 161
256 154
255 153
254 152
253 151
252 150
251 149
250 148
249 147
248 146
247 145
246 144
245 143
244 142
243 141
259 156
260 157
260 158
260 159
260 160
260 161
260 162
260 163
260 164
260 165
260 166
268 151
269 152
270 153
271 154
272 155
273 156
274 156
275 156
276 157
277 158
278 159
279 160
280 161
280 162
280 163
280 164
280 165
280 166
280 167
280 168
280 169
279 170
278 171
277 172
276 173
275 174
274 175
273 176
272 177
271 178
270 179
269 180
268 181
267 182
266 182
265 183
264 183
263 183
262 183
261 183
260 183
259 183
258 183
257 183
256 183
255 183
254 183
253 183
252 183
251 183
250 182
249 181
255 184
254 185
254 186
254 187
254 188
254 189
254 190
254 191
254 192
254 193
254 194
253 195
252 195
251 195
250 195
249 195
248 195
247 195
246 195
245 195
244 195
255 195
256 196
257 197
258 198
259 198
260 198
261 198
262 198
263 198
264 198
263 199
263 200
263 201
263 202
263 203
263 204
263 205
263 206
263 207
263 208
263 209
262 209
261 209
260 209
259 209
258 209
257 209
256 209
255 209
265 199
266 200
267 201
268 202
269 203
270 204
271 205
272 206
273 206
274 206
275 206
276 206
277 206
267 183
268 184
269 185
270 186
271 187
272 188
273 189
274 190
275 191
276 192
277 192
278 192
279 192
280 192
281 170
282 171
283 172
283 173
283 174
283 175
284 175
285 175
286 175
287 175
288 175
289 175
290 175
291 175
292 175
293 174
294 175
295 176
296 177
297 178
298 179
299 180
300 181
300 182
300 183
300 184
278 146
279 147
280 148
281 149
282 150
283 151
284 152
285 152
286 152
287 152
288 152
289 152
290 152
291 152
292 152
293 151
294 150
295 149
296 149
297 149
298 148
299 147
300 146
301 145
302 144
303 143
304 142
305 141
306 140
306 139
306 138
306 137
306 136
306 135
306 134
306 133
307 132
308 131
309 130
310 129
311 128
311 127
310 126
309 125
308 124
307 123
306 122
305 121
304 120
303 119
302 118
301 117
307 141
308 142
309 143
310 144
311 145
312 146
313 147
314 148
315 149
316 149
317 149
318 149
319 149
320 148
321 147
322 146
323 145
324 144
325 143
326 142
327 141
327 140
327 139
327 138
327 137
327 136
327 135
327 134
327 133
327 132
327 131
327 130
327 129
327 128
327 127
326 126
325 125
324 124
314 150
313 150
312 150
311 150
310 150
309 150
308 150
307 150
308 151
309 152
310 153
311 154
312 155
313 156
314 157
315 158
315 159
315 160
315 161
315 162
315 163
315 164
315 165
315 166
316 167
317 168
318 169
319 169
320 169
321 169
322 169
323 169
324 169
325 169
249 110
249 111
249 112
249 113
249 114
249 115
249 116
249 117
249 118
249 119
249 120
249 121
201 110
202 111
203 112
204 113
205 114
206 115
207 116
208 117
208 118
181 113
182 114
183 115
184 116
185 117
186 118
186 119
186 120
186 121
147 145
148 146
149 147
150 148
151 149
152 150
153 151
154 152
155 153
155 154
156 155
157 156
158 157
159 158
160 159
161 160
162 161
163 162
164 163
165 163
166 163
166 162
167 161
168 160
169 159
170 158
171 157
172 156
173 155
174 154
175 153
176 152
177 151
178 150
178 149
178 148
178 147
178 146
178 145
178 144
179 143
180 142
181 141
182 140
183 139
184 138
185 138
186 138
187 138
188 138
189 138
190 138
191 138
192 137
193 136
194 135
195 136
196 137
197 138
198 139
198 140
198 141
198 142
198 143
198 144
198 145
198 146
179 151
180 151
181 151
182 151
183 151
184 151
185 151
186 151
185 152
184 153
183 154
182 155
181 156
180 157
179 158
179 159
179 160
179 161
179 162
179 163
187 152
188 153
189 154
190 155
191 156
192 157
193 158
194 159
194 160
194 161
194 162
194 163
194 164
195 165
196 166
197 167
198 168
198 169
198 170
198 171
198 172
198 173
198 174
198 175
198 176
197 177
196 178
195 179
194 180
193 181
193 182
193 183
193 184
193 185
193 186
193 187
193 188
193 189
193 190
193 191
192 192
191 193
190 194
189 195
188 195
187 195
186 195
185 195
184 195
183 195
182 195
181 195
180 195
180 194
180 193
179 192
178 191
177 190
176 189
175 188
174 187
173 186
172 185
171 184
170 183
169 184
168 185
167 186
166 187
165 188
164 189
163 190
162 191
161 192
160 193
159 194
158 195
157 196
156 197
155 198
181 196
182 197
183 198
184 199
185 200
186 201
186 202
186 203
186 204
186 205
186 206
186 207
186 208
187 209
188 210
189 211
190 212
191 213
192 214
193 215
194 216
195 217
196 217
197 217
198 217
199 217
200 217
201 217
202 217
203 217
204 217
205 217
206 217
207 217
208 217
209 217
210 217
194 192
195 193
196 194
197 194
198 194
199 194
200 194
201 194
202 194
203 194
204 195
205 196
206 197
207 198
208 199
209 200
210 200
211 200
212 200
213 200
214 200
215 200
216 200
217 200
218 199
219 198
220 197
221 196
222 195
223 194
199 177
200 178
201 178
202 178
203 178
204 178
205 178
206 178
207 178
208 178
146 143
146 142
146 141
146 140
146 139
146 138
146 137
145 136
144 135
143 134
143 133
143 132
142 131
141 130
140 129
139 128
138 127
137 126
136 126
135 126
134 126
133 126
132 126
131 125
130 124
129 123
128 122
127 121
126 121
125 121
124 121
123 121
122 121
121 121
120 121
119 120
118 119
117 119
116 119
115 119
114 119
113 119
112 119
111 119
110 119
109 119
137 125
137 124
137 123
137 122
137 121
137 120
137 119
138 118
139 117
139 116
138 116
137 115
136 114
135 113
134 112
133 111
132 110
131 109
130 108
129 107
128 106
127 105
126 104
125 103
124 102
123 101
122 100
121 99
120 98
140 116
141 115
142 114
143 113
144 112
145 111
146 110
147 109
148 108
149 107
150 106
151 105
152 104
153 103
154 103
155 103
156 103
157 103
158 103
159 103
160 103
161 103
162 103
163 102
122 167
121 168
120 169
119 170
118 171
117 172
116 173
115 173
114 173
113 173
114 174
115 175
116 176
116 177
116 178
131 169
133 220
134 221
135 222
136 223
137 224
138 224
139 224
140 224
142 245
141 246
140 247
139 248
138 249
137 250
136 251
136 252
136 253
143 243
143 242
144 241
145 240
146 239
146 238
146 237
147 236
148 235
149 234
150 233
151 232
152 231
153 230
154 229
155 228
156 227
173 260
172 261
171 262
170 263
169 263
168 263
167 263
166 263
165 263
164 263
163 263
162 263
161 263
160 263
159 263
158 263
157 263
156 263
155 263
154 263
153 263
152 263
151 264
150 265
149 266
148 267
147 268
146 269
145 270
144 271
143 272
142 273
141 274
140 274
139 274
138 273
137 272
136 271
135 270
134 269
133 268
132 267
131 268
130 269
129 270
128 271
127 272
126 273
126 274
126 275
126 276
125 276
124 276
123 276
122 275
121 274
120 273
119 272
118 271
117 270
116 269
115 268
114 267
114 266
114 265
114 264
114 263
114 262
114 261
113 260
112 259
112 258
111 258
113 258
114 258
115 258
116 258
117 258
118 257
119 256
120 255
121 254
113 268
113 269
113 270
113 271
113 272
113 273
113 274
113 275
113 276
112 277
111 278
110 279
109 280
108 281
107 282
106 283
105 283
104 283
103 283
103 282
103 281
103 280
103 279
103 278
103 277
103 276
103 275
103 274
102 273
102 272
101 271
100 270
99 269
98 268
97 267
96 266
95 265
94 264
93 263
92 262
91 261
90 260
89 259
88 258
87 257
102 284
102 285
102 286
102 287
102 288
102 289
102 290
102 291
102 292
102 293
102 294
102 295
102 296
102 297
101 298
100 299
99 300
98 301
97 302
96 303
95 304
94 305
93 306
92 307
91 308
90 309
89 310
88 311
87 312
86 313
85 314
84 315
83 316
82 317
81 318
80 319
79 320
78 320
77 320
77 319
77 318
77 317
77 316
77 315
77 314
76 313
75 312
74 311
73 311
72 310
71 309
70 308
69 307
68 306
67 305
66 305
65 305
64 305
63 305
62 305
61 305
60 305
59 305
58 305
57 305
56 305
55 304
54 303
53 304
52 305
51 306
50 307
49 308
49 309
49 310
49 311
49 312
49 313
49 314
49 315
49 316
49 317
50 318
51 319
52 320
53 321
54 322
55 323
56 324
57 324
58 324
57 325
56 326
55 327
54 328
53 328
52 328
51 328
50 328
49 329
48 330
47 331
46 332
45 333
44 334
43 335
42 336
41 337
40 337
39 337
38 337
37 337
36 337
35 337
34 337
33 336
32 335
32 334
32 333
32 332
32 331
32 330
32 329
32 328
32 327
32 326
31 326
30 326
29 326
28 325
27 324
26 323
25 322
24 321
23 320
33 326
31 336
30 337
29 338
28 339
27 340
26 341
25 342
25 343
25 344
25 345
25 346
25 347
25 348
25 349
26 350
27 351
28 352
29 353
29 354
29 355
28 356
27 357
26 358
25 359
25 360
25 361
25 362
25 363
25 364
25 365
25 366
25 367
25 368
25 369
25 370
41 338
42 339
43 340
44 341
44 342
44 343
44 344
44 345
44 346
44 347
44 348
45 349
46 350
47 351
48 352
49 353
50 354
51 355
52 355
53 355
53 354
54 353
55 352
56 351
57 350
58 349
59 348
60 347
61 346
62 345
62 344
62 343
62 342
62 341
62 340
62 339
63 338
64 337
65 336
54 356
55 357
56 358
57 359
58 360
59 361
60 362
61 363
62 364
63 365
64 365
65 365
66 365
67 364
68 363
69 362
70 361
71 360
72 359
73 359
74 359
75 358
76 357
77 356
78 355
79 354
80 353
81 354
82 355
83 356
84 357
85 358
86 359
87 360
88 361
89 362
89 363
89 364
89 365
89 366
89 367
88 368
87 369
86 370
85 371
84 372
83 373
82 374
81 374
80 374
79 374
80 375
81 376
82 377
83 378
84 379
85 380
86 381
87 382
88 383
89 384
90 384
91 384
92 384
93 384
94 384
95 384
96 384
95 385
96 386
97 387
98 388
99 389
100 390
101 391
102 392
102 393
102 394
103 395
104 396
105 396
106 396
107 396
108 396
109 396
110 396
111 396
112 396
113 396
97 383
98 382
99 381
100 380
101 379
102 378
103 377
104 376
105 375
106 374
107 374
108 374
109 374
110 374
111 374
112 374
113 374
114 375
115 376
116 377
117 378
118 379
119 380
119 381
119 382
119 383
120 383
121 383
122 383
123 383
124 383
125 383
126 382
127 381
128 380
129 379
130 378
131 378
132 378
133 378
134 378
135 378
136 378
137 378
138 378
139 377
140 376
141 375
142 374
143 373
144 372
145 371
146 370
147 369
148 368
149 367
150 367
151 367
152 367
153 367
154 367
155 367
156 367
157 367
158 366
158 365
158 364
158 363
157 363
156 362
155 361
154 360
153 359
152 358
151 357
150 356
149 355
148 354
148 353
148 352
148 351
148 350
148 349
148 348
148 347
147 346
146 345
145 344
144 343
143 342
142 341
158 362
158 361
158 360
158 359
159 358
160 357
142 376
143 377
144 378
145 379
146 379
147 380
148 381
149 382
150 383
151 384
152 385
153 386
154 387
153 388
152 389
151 390
150 391
149 392
148 393
147 394
147 395
147 396
147 397
147 398
147 399
155 388
156 388
157 388
158 388
159 388
160 388
161 388
162 388
163 388
164 388
165 388
166 389
167 390
168 391
169 392
170 393
171 394
172 395
173 396
174 397
175 398
175 399
175 400
175 401
174 402
173 403
172 404
171 405
170 406
169 407
168 407
167 407
166 407
165 407
164 407
163 407
164 408
165 409
166 410
167 411
168 412
169 413
169 414
169 415
169 416
169 417
169 418
170 418
171 418
172 418
173 418
174 418
175 418
176 418
177 418
178 418
179 418
180 418
181 418
182 418
183 418
184 418
185 418
186 418
187 418
188 418
189 418
190 418
191 418
192 418
193 418
194 418
195 417
169 419
169 420
169 421
169 422
169 423
169 424
169 425
169 426
168 427
167 428
166 429
165 430
164 431
163 432
162 433
161 434
160 434
160 433
160 432
160 431
160 430
160 429
160 428
160 427
160 426
159 425
158 426
157 427
156 428
155 429
154 430
153 431
152 432
151 433
150 434
149 435
148 436
147 436
146 436
145 436
144 436
143 436
142 436
141 436
141 435
141 434
141 433
141 432
141 431
141 430
141 429
140 428
139 427
138 426
137 425
136 424
135 423
134 422
133 421
132 421
131 420
130 419
129 418
128 417
127 416
126 417
125 418
125 419
125 420
125 421
125 422
124 423
123 424
123 425
123 426
123 427
123 428
123 429
123 430
123 431
123 432
123 433
123 434
122 434
121 434
120 434
119 434
118 434
117 434
116 434
115 434
114 434
113 434
112 434
111 434
110 434
109 434
108 434
107 434
106 434
105 434
104 433
103 432
102 431
120 384
121 385
122 386
123 387
124 388
125 389
126 390
127 391
128 392
129 393
130 393
131 393
132 393
133 393
106 373
106 372
106 371
106 370
106 369
107 368
108 367
108 366
108 365
108 364
108 363
108 362
108 361
108 360
108 359
108 358
108 357
108 356
107 356
106 356
105 356
104 356
103 356
102 355
101 354
100 353
99 352
98 351
97 350
97 349
96 349
98 349
99 349
100 349
101 348
102 347
103 346
104 345
105 344
106 343
107 342
108 341
109 340
110 339
109 356
110 356
111 356
112 356
113 356
114 356
115 356
116 356
117 356
118 356
119 356
120 356
121 356
122 356
123 355
124 354
93 385
92 386
91 387
90 388
89 389
88 390
87 390
86 390
85 390
84 391
83 392
83 393
83 394
83 395
83 396
63 366
62 367
61 368
60 369
59 370
58 371
57 372
56 373
56 374
55 374
54 373
53 372
52 371
51 370
50 369
49 368
48 368
47 368
46 368
45 368
44 368
43 368
42 368
56 375
56 376
55 377
54 378
53 379
53 380
52 380
51 379
50 378
49 377
48 376
47 377
46 378
45 379
44 380
43 381
42 382
41 383
40 384
39 385
38 386
37 386
36 386
35 386
34 386
53 381
54 382
55 383
56 384
56 385
56 386
56 387
56 388
56 389
56 390
56 391
56 392
56 393
55 394
54 395
53 396
53 397
53 398
53 399
53 400
53 401
53 402
53 403
53 404
67 304
68 303
69 302
70 301
71 300
72 299
73 298
74 297
75 296
76 295
77 294
78 293
78 292
77 292
76 292
75 292
74 292
73 291
72 290
71 289
70 288
69 287
68 286
67 285
66 284
65 283
64 282
63 281
63 280
63 279
64 279
63 278
62 277
61 276
60 275
59 274
58 273
57 272
57 271
57 270
57 269
57 268
58 267
59 266
65 278
66 277
67 276
68 275
69 274
70 273
70 272
70 271
70 270
71 269
79 292
80 292
81 292
82 292
83 291
84 290
103 298
104 299
105 300
106 301
107 302
108 303
109 303
108 304
107 305
106 306
105 307
104 308
103 309
102 310
102 311
103 312
103 313
103 314
103 315
103 316
103 317
103 318
103 319
103 320
104 320
105 320
106 320
107 320
108 320
109 320
110 320
111 319
112 318
110 304
111 305
112 306
113 307
114 307
115 307
116 307
117 307
118 308
119 309
120 310
121 311
122 312
123 313
124 314
125 315
126 316
127 317
128 318
129 319
130 319
131 319
132 319
133 319
134 319
134 318
134 317
134 316
134 315
134 314
134 313
134 312
134 311
134 310
134 309
134 308
134 307
134 306
134 305
135 304
127 277
128 278
129 279
130 280
131 281
132 282
132 283
132 284
132 285
163 264
163 265
163 266
163 267
163 268
163 269
163 270
163 271
162 272
162 273
162 274
162 275
162 276
162 277
162 278
162 279
162 280
175 260
176 261
177 262
178 263
179 264
180 265
181 265
182 265
183 265
184 265
185 265
186 265
187 265
188 265
189 265
190 264
191 263
192 262
183 266
184 267
185 268
186 269
187 270
188 271
189 272
190 273
191 274
192 274
191 275
190 276
189 277
188 278
187 278
186 278
185 278
184 278
183 278
182 278
181 278
182 279
183 280
184 281
185 282
185 283
185 284
185 285
185 286
184 287
183 288
182 288
181 288
180 288
179 288
178 288
177 288
176 289
175 290
174 291
173 292
172 292
171 292
170 292
169 292
178 289
179 290
180 291
181 292
182 293
183 294
184 295
185 296
186 297
187 298
188 299
188 300
188 301
187 302
186 303
185 304
184 305
183 306
182 307
181 308
180 309
179 310
178 311
177 312
176 313
176 314
175 315
174 316
173 317
172 318
171 319
170 320
169 321
168 322
167 323
166 323
166 322
166 321
166 320
166 319
166 318
166 317
166 316
166 315
165 314
164 313
163 312
162 313
161 313
160 313
159 313
158 313
157 313
156 313
155 313
154 313
165 324
164 325
164 326
164 327
164 328
164 329
164 330
164 331
164 332
164 333
164 334
164 335
177 315
177 316
177 317
177 318
177 319
177 320
177 321
177 322
193 275
194 276
195 277
196 278
197 279
198 280
198 281
198 282
218 239
227 255
228 254
229 253
230 252
231 251
232 250
233 249
234 248
235 247
236 246
236 245
236 244
236 243
236 242
236 241
236 240
236 239
235 238
234 237
233 236
232 235
236 260
237 260
238 260
239 260
240 260
241 260
242 260
243 260
244 259
245 258
246 257
247 256
248 255
249 254
250 253
251 252
252 251
252 250
252 249
252 248
252 247
252 246
252 245
253 244
254 243
255 242
256 241
256 240
256 239
256 238
256 237
256 236
256 235
256 234
256 233
256 232
256 231
256 230
256 229
256 228
255 228
254 228
253 228
252 228
251 228
250 228
249 228
248 228
227 294
226 295
225 295
224 295
223 295
222 295
221 295
220 295
219 295
218 295
217 295
216 295
215 296
214 297
213 298
212 299
211 300
210 301
209 302
208 302
207 302
206 302
207 303
208 304
209 305
210 306
211 307
212 308
213 309
214 310
215 311
216 312
245 305
245 306
245 307
245 308
245 309
245 310
245 311
245 312
244 313
243 314
242 315
241 316
240 317
239 318
238 319
237 320
236 321
246 313
247 314
248 315
249 316
250 317
251 317
252 317
253 317
254 317
255 318
256 319
257 320
258 321
259 322
260 323
261 324
261 325
261 326
261 327
261 328
261 329
261 330
261 331
261 332
261 333
261 334
261 335
261 336
261 337
261 338
261 339
261 340
260 341
259 342
258 343
257 344
257 345
257 346
257 347
257 348
256 348
255 348
254 348
253 348
252 348
251 347
250 346
249 345
248 344
247 343
246 342
245 341
244 342
243 343
242 344
241 345
240 346
240 347
240 348
240 349
240 350
240 351
239 351
238 350
237 349
236 348
235 347
234 346
233 345
232 344
231 343
230 342
229 342
228 342
227 342
226 342
225 342
224 342
223 342
222 341
221 340
220 339
219 338
218 338
217 338
216 338
215 338
214 338
213 338
212 337
211 336
210 335
209 334
208 333
207 332
240 352
240 353
239 354
238 355
237 356
236 357
235 358
234 359
233 360
232 361
231 362
230 363
229 364
228 364
227 364
226 364
225 364
224 364
223 364
222 364
221 364
220 364
219 364
218 364
217 363
216 362
215 361
214 361
213 361
212 360
211 359
258 349
259 350
260 351
261 352
262 353
263 354
264 355
265 356
266 357
267 358
268 359
269 360
270 361
271 361
272 361
273 361
274 361
275 361
276 361
277 361
278 361
279 361
280 360
281 359
272 362
273 363
274 364
275 365
276 366
277 367
278 368
279 369
279 370
279 371
279 372
278 373
277 374
276 375
275 376
274 377
273 378
272 379
271 380
270 381
269 382
268 383
267 383
266 383
265 383
264 384
263 385
262 386
261 387
260 388
259 389
258 390
257 391
256 392
255 393
254 394
253 395
252 396
252 397
251 397
250 397
249 397
248 397
247 397
246 397
245 397
244 397
243 397
242 396
241 395
240 396
239 397
238 398
237 398
236 398
235 398
234 398
233 398
232 398
231 398
230 398
229 398
229 397
228 396
227 395
226 394
225 393
224 392
223 391
222 390
221 389
221 388
220 388
219 387
218 386
217 385
216 384
215 383
214 382
213 381
212 380
211 379
210 378
209 377
208 376
207 377
206 378
205 379
204 380
203 381
202 382
201 383
200 384
199 385
198 385
197 385
196 386
195 387
194 388
193 389
192 390
191 391
190 391
189 390
188 389
187 388
186 387
185 386
184 385
184 384
184 383
184 382
184 381
184 380
184 379
183 378
182 377
181 376
181 375
181 374
181 373
181 372
181 371
181 370
181 369
180 368
180 367
181 366
182 365
183 364
184 363
185 362
186 361
187 360
188 359
189 358
190 357
190 356
190 355
190 354
189 353
188 352
187 351
186 350
185 349
191 392
191 393
191 394
191 395
198 386
199 387
200 388
201 389
202 390
203 390
204 390
205 390
206 390
205 391
204 392
203 393
202 394
201 395
201 396
201 397
201 398
201 399
201 400
222 388
223 388
224 388
225 388
226 387
228 399
227 400
226 400
225 400
224 400
223 400
222 400
221 400
252 294
253 294
254 294
255 294
256 294
257 293
258 292
259 291
267 313
268 312
269 311
270 310
271 309
272 308
273 307
274 306
275 305
276 304
277 303
278 302
279 301
280 300
281 299
282 298
282 297
282 296
282 295
283 295
282 294
282 293
282 292
281 291
280 290
279 289
278 288
277 287
276 286
284 294
285 293
286 292
287 291
288 290
289 289
290 288
291 287
292 286
293 287
294 288
294 289
294 290
294 291
294 292
294 293
294 294
294 295
283 299
284 300
285 301
286 302
287 303
288 304
289 305
290 306
291 307
292 308
293 309
294 310
295 311
296 312
297 313
298 314
298 315
298 316
315 368
314 368
313 368
312 368
311 368
310 368
309 368
308 368
307 368
306 368
305 369
304 370
303 371
302 372
301 372
300 372
299 372
298 372
297 372
298 373
299 374
300 375
300 376
300 377
300 378
300 379
307 369
308 370
309 371
310 372
311 373
312 374
313 375
314 376
315 377
315 378
315 379
315 380
317 368
318 369
319 370
320 371
321 372
322 373
323 374
324 375
325 376
326 377
327 378
328 379
329 379
330 379
331 380
332 381
333 382
333 383
333 384
333 385
334 385
335 384
336 383
337 382
338 381
339 380
340 379
341 378
342 377
343 378
344 379
345 380
346 381
347 382
348 383
349 383
350 383
351 383
352 383
353 383
354 383
332 386
331 387
330 388
329 389
328 390
327 391
327 392
327 393
327 394
327 395
326 396
325 397
324 398
323 399
322 400
321 401
320 402
319 403
318 403
317 403
316 403
315 404
314 405
313 406
312 407
311 408
310 409
309 410
308 411
307 412
306 413
306 414
306 415
307 416
308 417
309 418
310 419
311 420
312 421
312 422
312 423
312 424
311 425
310 426
309 427
308 428
307 429
306 430
305 431
304 431
303 431
302 431
301 431
300 431
299 431
298 431
297 431
297 430
297 429
297 428
297 427
297 426
297 425
297 424
297 423
296 422
295 421
294 420
293 419
292 418
291 417
290 416
289 415
289 414
289 413
289 412
289 411
289 410
289 409
289 408
289 407
289 406
289 405
288 404
287 403
288 416
287 417
286 418
285 418
284 418
283 418
282 418
281 418
280 418
279 418
278 418
277 418
276 418
275 418
274 419
273 420
272 421
271 422
270 423
269 424
268 425
267 425
266 425
265 425
264 425
263 426
262 427
261 428
260 429
259 430
258 431
257 431
256 431
255 431
254 431
253 432
252 433
251 434
250 435
249 436
248 437
247 438
247 439
247 440
247 441
247 442
246 442
245 442
244 442
243 442
242 442
241 442
240 442
239 442
238 442
237 442
236 441
235 440
234 439
233 438
232 438
231 438
230 438
229 438
228 438
227 438
226 437
225 436
224 437
223 438
222 439
221 440
220 441
219 442
218 442
217 442
216 442
215 442
214 442
213 442
212 442
212 441
212 440
212 439
212 438
212 437
212 436
212 435
211 434
210 433
210 432
210 431
210 430
210 429
210 428
210 427
210 426
210 425
210 424
210 423
210 422
210 421
210 420
211 419
212 419
213 419
214 419
215 419
216 419
217 419
218 419
219 419
220 419
221 419
222 419
223 418
224 417
209 434
208 435
207 435
206 435
205 435
204 435
203 435
202 435
201 435
200 435
199 435
198 435
197 435
196 435
296 432
295 433
294 434
293 435
292 436
291 437
291 438
291 439
291 440
292 441
293 442
294 443
295 444
296 445
297 446
298 447
299 448
300 449
301 450
302 451
303 452
304 453
304 454
304 455
304 456
304 457
305 457
306 457
307 457
308 457
309 457
310 457
311 457
312 457
313 457
314 457
315 457
316 457
317 456
318 455
319 454
305 458
306 459
307 460
308 461
309 462
310 463
311 464
312 465
313 466
314 467
315 468
315 469
315 470
315 471
315 472
315 473
314 474
313 475
312 476
311 477
310 478
309 479
308 480
307 481
306 482
305 483
304 484
303 485
303 486
302 487
301 488
300 489
299 490
298 491
298 492
298 493
298 494
298 495
298 496
298 497
298 498
298 499
297 500
296 501
295 502
294 503
293 503
292 503
291 503
290 503
289 503
288 503
316 474
317 475
318 476
319 477
320 477
321 477
322 477
323 477
324 477
325 477
326 477
327 477
328 477
329 477
329 476
330 475
331 474
332 473
333 472
334 471
335 470
336 469
337 468
338 467
339 468
340 469
341 470
342 471
343 472
344 473
345 474
346 474
347 474
348 474
349 474
350 474
351 474
351 473
351 472
351 471
351 470
351 469
351 468
351 467
351 466
351 465
351 464
351 463
351 462
351 461
351 460
351 459
351 458
352 457
353 456
354 455
330 478
331 479
332 479
333 479
334 479
335 479
336 479
337 479
336 480
335 481
334 482
333 483
333 484
333 485
333 486
333 487
333 488
333 489
334 490
335 491
336 492
337 493
338 494
338 495
338 496
338 497
338 498
338 499
338 500
338 501
338 502
338 503
339 504
340 505
341 505
342 505
343 505
344 505
345 505
346 505
346 504
346 503
346 502
346 501
346 500
347 499
348 498
349 497
350 496
351 495
352 494
353 494
354 494
355 494
356 494
357 494
358 494
359 494
360 494
361 494
362 494
363 494
364 494
365 494
366 493
367 492
368 493
369 494
370 495
371 496
372 497
373 498
374 499
375 500
376 501
377 502
378 502
378 501
378 500
378 499
378 498
378 497
379 496
380 495
381 496
382 497
383 498
384 499
385 499
386 499
387 499
388 499
389 499
390 499
391 499
392 499
393 499
394 499
395 499
396 499
396 498
396 497
396 496
396 495
397 494
398 493
399 492
400 491
401 490
402 489
403 488
404 487
405 486
405 485
405 484
405 483
406 482
407 481
408 480
409 479
410 478
411 477
412 477
413 477
414 477
415 477
416 477
417 476
418 475
419 474
420 473
412 478
413 479
414 480
415 481
416 482
417 483
418 484
419 485
419 486
419 487
419 488
419 489
419 490
411 476
411 475
411 474
411 473
410 472
409 471
408 470
407 469
406 468
405 467
404 466
403 465
402 465
401 465
400 465
399 465
398 465
397 465
396 465
395 465
394 464
393 463
392 462
391 463
390 464
389 465
388 466
387 467
386 468
385 469
384 470
383 471
382 472
381 472
381 471
381 470
381 469
381 468
381 467
380 466
379 465
378 464
377 463
376 462
375 461
374 460
373 459
381 473
382 474
383 474
384 474
385 474
386 474
387 474
388 474
389 474
390 474
391 474
403 464
403 463
404 462
405 461
406 460
407 459
408 458
409 457
410 456
411 455
412 454
378 503
378 504
378 505
377 506
376 507
375 507
374 507
373 507
372 507
371 507
370 507
369 508
368 509
367 510
366 511
347 506
347 507
347 508
347 509
347 510
347 511
347 512
347 513
303 458
302 459
301 460
300 461
299 462
298 463
297 464
296 465
295 466
294 467
293 468
292 469
291 470
290 470
313 425
314 426
315 427
316 428
317 429
318 430
319 431
320 431
321 431
322 431
323 431
324 431
324 430
324 429
324 428
324 427
324 426
324 425
324 424
324 423
325 422
326 421
327 420
328 419
329 419
330 419
331 419
332 419
333 419
334 419
335 418
336 417
337 418
338 419
339 420
340 421
341 422
342 422
343 422
344 422
345 423
346 423
347 423
348 423
349 423
350 423
351 423
352 423
353 423
354 423
355 423
356 423
357 423
358 423
359 423
360 423
361 423
362 423
363 423
364 422
365 423
366 424
367 425
368 426
369 427
370 428
371 429
372 430
373 431
374 432
375 433
376 434
377 434
377 433
377 432
377 431
377 430
377 429
378 428
379 427
380 426
381 425
382 424
383 423
384 423
385 423
386 423
387 423
388 423
389 423
390 423
391 422
392 421
393 420
394 419
395 418
396 417
377 435
377 436
376 437
375 438
374 438
373 438
372 438
371 438
370 438
369 438
368 438
367 438
366 438
351 424
350 425
349 426
348 427
347 428
347 429
347 430
347 431
347 432
347 433
347 434
347 435
325 432
326 433
327 434
328 435
329 435
330 435
331 435
332 435
333 435
348 346
349 347
350 348
351 349
352 350
353 351
354 352
355 353
356 354
363 331
364 332
365 333
366 334
367 335
368 336
369 337
370 338
371 339
372 340
373 340
374 340
375 341
376 342
377 343
378 344
379 345
380 346
381 347
381 348
381 349
381 350
381 351
381 352
381 353
381 354
382 354
383 354
384 354
385 354
386 354
387 354
388 354
389 354
390 354
391 354
392 354
393 354
394 354
395 355
396 356
397 357
398 358
399 359
400 359
401 359
402 359
403 359
403 358
403 357
403 356
403 355
404 354
405 353
406 352
407 351
408 350
409 349
410 348
411 347
411 346
411 345
411 344
411 343
411 342
411 341
411 340
411 339
411 338
411 337
410 336
409 335
409 334
408 334
408 333
408 332
408 331
408 330
408 329
407 328
406 327
405 326
404 325
403 324
402 323
401 322
400 323
399 324
398 325
397 326
396 327
396 328
396 329
396 330
396 331
396 332
396 333
395 334
394 335
393 335
392 335
391 335
390 335
389 335
388 335
410 334
411 334
412 334
413 334
414 334
415 334
416 333
417 332
418 331
419 330
420 330
421 330
422 330
423 330
424 330
425 330
426 330
427 330
428 329
429 330
430 331
431 332
432 333
433 334
434 335
435 335
436 335
437 335
438 335
439 335
440 335
441 335
442 335
443 335
444 335
445 335
446 335
447 335
448 334
449 334
450 334
451 334
452 334
453 334
454 334
455 334
456 334
457 333
458 332
458 331
458 330
459 329
460 328
461 327
462 326
449 335
450 336
451 337
452 338
453 339
454 340
454 341
454 342
454 343
454 344
454 345
453 346
452 347
451 348
450 349
450 350
450 351
450 352
450 353
450 354
450 355
450 356
449 357
448 358
447 359
446 360
445 361
445 362
445 363
445 364
451 357
452 358
453 359
453 360
453 361
453 362
453 363
453 364
454 365
455 366
456 366
457 366
458 366
459 366
460 366
461 366
462 366
463 365
464 364
465 363
466 362
467 361
468 362
469 363
470 364
471 365
472 366
473 367
474 368
475 369
476 370
476 371
476 372
476 373
476 374
477 374
478 374
479 374
480 374
481 373
482 372
483 371
484 370
485 369
486 368
487 367
488 367
489 367
490 367
491 367
492 367
493 367
494 367
495 367
496 366
497 367
498 367
499 367
500 367
501 367
502 367
503 367
504 367
504 366
504 365
504 364
504 363
504 362
504 361
504 360
505 359
506 359
507 359
508 359
509 359
510 359
511 359
512 359
513 359
514 359
515 358
516 357
517 356
505 368
505 369
505 370
505 371
505 372
505 373
505 374
505 375
506 376
507 376
508 376
509 376
510 376
511 376
512 376
513 376
514 376
515 376
516 376
517 377
518 378
519 379
520 379
521 379
522 379
523 379
524 379
525 379
526 379
527 379
527 380
528 381
529 382
530 383
531 384
532 385
533 386
534 387
535 388
535 389
535 390
535 391
535 392
536 392
537 392
538 392
539 392
540 392
541 392
542 392
543 392
544 391
545 390
546 389
547 388
548 387
549 386
550 385
551 384
536 393
537 394
538 395
539 396
540 397
541 398
541 399
541 400
541 401
541 402
541 403
541 404
541 405
542 406
543 407
544 407
545 407
546 407
534 393
533 394
532 395
531 396
530 396
529 396
528 396
527 396
526 396
525 397
524 398
523 399
522 399
521 399
520 399
519 399
518 399
517 399
516 399
515 399
514 399
513 399
512 399
511 399
510 399
509 399
508 398
507 397
506 396
505 395
504 395
503 395
502 395
501 395
500 395
499 395
498 395
497 394
496 393
495 392
494 391
493 392
492 393
491 394
491 395
491 396
491 397
491 398
491 399
515 400
516 401
517 402
518 403
519 404
520 405
521 406
522 407
523 408
523 409
523 410
523 411
524 412
525 413
526 414
527 415
528 416
529 417
530 418
531 419
532 420
533 421
534 422
535 423
536 424
537 425
538 426
539 427
540 428
541 428
540 429
539 430
538 431
537 432
536 432
535 432
534 432
533 432
532 432
531 432
530 432
529 432
528 432
527 432
526 433
525 434
524 435
523 436
522 437
521 438
521 439
521 440
521 441
521 442
542 429
543 430
544 431
545 432
546 433
547 433
548 433
549 433
550 433
551 433
552 433
553 433
554 433
528 378
529 377
530 376
531 375
532 374
533 373
534 372
535 371
536 370
537 369
538 368
539 367
540 366
541 365
542 364
543 363
544 362
545 361
546 360
460 367
459 368
458 369
457 370
456 371
455 372
454 373
453 373
452 374
451 375
450 376
449 377
449 378
448 379
447 380
446 381
446 382
446 383
446 384
446 385
446 386
446 387
446 388
446 389
447 390
448 391
449 392
450 393
451 394
452 395
453 396
454 397
455 398
456 399
457 400
458 401
459 402
460 403
461 404
462 405
463 406
464 407
465 407
466 407
467 407
468 407
469 407
470 407
471 407
472 407
472 406
472 405
472 404
472 403
472 402
472 401
472 400
472 399
472 398
472 397
472 396
473 395
474 394
475 393
476 392
471 408
470 409
469 410
468 411
467 412
466 413
465 414
464 415
463 416
462 416
461 417
460 418
459 419
458 420
457 421
456 422
456 423
456 424
456 425
456 426
456 427
456 428
456 429
455 429
454 429
453 429
452 429
451 429
450 429
449 429
448 429
447 428
446 427
445 426
444 425
444 424
444 423
444 422
444 421
444 420
444 419
444 418
445 417
446 416
443 426
442 427
441 428
441 429
441 430
441 431
441 432
441 433
441 434
441 435
441 436
440 436
439 436
438 436
437 435
436 434
435 433
434 432
433 431
432 430
431 429
430 428
429 427
429 426
429 425
429 424
429 423
429 422
429 421
429 420
429 419
428 418
428 417
428 416
428 415
428 414
428 413
428 412
428 411
428 410
427 409
426 408
425 407
425 406
425 405
425 404
425 403
425 402
425 401
425 400
425 399
425 398
425 397
425 396
425 395
425 394
425 393
425 392
425 391
425 390
425 389
425 388
425 387
428 428
427 429
426 430
425 431
424 432
423 433
423 434
423 435
423 436
423 437
422 437
421 437
420 437
419 437
418 437
417 437
416 437
415 436
414 435
413 434
413 433
413 432
413 431
413 430
413 429
413 428
413 427
413 426
413 425
413 424
413 423
413 422
412 421
455 430
454 431
454 432
454 433
454 434
454 435
454 436
454 437
473 408
474 409
475 410
476 411
477 412
478 413
479 414
480 415
481 416
482 417
483 418
484 419
485 420
486 421
487 422
488 422
487 423
486 424
485 425
484 426
483 427
482 427
481 427
480 427
479 428
478 429
477 430
476 431
476 432
476 433
476 434
476 435
476 436
476 437
476 438
476 439
477 439
478 439
479 439
480 439
481 439
482 439
483 439
484 439
489 423
490 424
491 425
492 426
493 427
494 428
495 429
496 430
497 431
498 432
499 433
500 434
501 435
502 435
420 331
421 332
422 333
423 334
424 335
425 336
426 337
427 338
427 339
427 340
419 329
419 328
419 327
419 326
419 325
419 324
419 323
418 322
418 321
417 321
419 321
420 321
421 321
422 321
423 320
424 319
425 318
426 317
427 316
428 315
429 314
429 313
429 312
429 311
429 310
429 309
429 308
429 307
429 306
428 305
428 304
427 304
429 304
430 304
431 304
432 304
433 304
434 303
435 302
436 303
437 304
438 305
439 306
440 307
441 308
442 309
443 310
444 311
445 311
446 311
447 311
448 311
449 311
450 311
451 311
452 311
453 311
454 310
455 309
456 308
457 307
458 308
459 309
460 310
461 311
462 311
463 311
464 311
465 311
466 311
467 311
468 311
469 311
470 311
471 312
472 313
473 314
474 315
475 316
476 317
477 318
478 319
479 320
480 320
481 320
482 320
483 320
484 320
485 320
486 320
487 320
488 320
489 320
490 320
491 319
492 318
492 317
492 316
492 315
492 314
492 313
492 312
492 311
492 310
492 309
492 308
492 307
492 306
492 305
492 304
492 303
482 321
483 322
484 323
485 324
486 325
487 326
488 327
489 328
489 329
489 330
489 331
489 332
488 333
487 334
486 335
485 336
484 337
483 338
482 339
481 340
480 341
479 342
478 343
477 344
476 345
475 346
476 347
477 348
478 348
479 348
480 348
481 348
482 348
483 348
484 348
485 348
486 348
487 348
488 348
412 348
413 349
414 350
415 351
416 352
417 353
418 354
419 354
420 354
421 354
422 354
423 354
424 354
425 355
426 356
426 357
426 358
426 359
426 360
426 361
380 355
379 356
378 357
377 358
376 359
375 360
374 361
373 362
372 363
371 363
372 364
373 365
374 366
375 367
376 368
377 369
378 370
379 371
380 372
381 373
380 374
379 375
378 376
377 377
376 378
375 379
374 380
373 381
374 382
375 383
376 384
377 385
377 386
377 387
377 388
377 389
377 390
377 391
377 392
377 393
376 394
375 395
374 396
373 397
372 398
371 398
370 398
369 398
368 398
367 398
366 398
365 398
364 399
363 400
362 400
361 400
360 400
359 400
358 400
357 400
356 400
378 394
379 395
380 396
380 397
380 398
380 399
380 400
380 401
380 402
380 403
381 403
382 403
383 403
384 403
385 403
386 403
387 403
388 402
389 401
390 400
390 399
391 398
392 397
393 396
394 395
395 394
396 393
396 392
396 391
396 390
396 389
396 388
396 387
396 386
396 385
397 384
398 383
399 382
400 381
401 380
402 379
403 378
404 377
405 376
331 269
330 268
329 267
328 266
327 265
327 264
327 263
327 262
327 261
327 260
327 259
326 258
325 257
324 256
324 255
324 254
324 253
324 252
324 251
323 250
322 249
321 248
320 247
319 246
318 245
318 244
318 243
318 242
318 241
318 240
318 239
317 238
316 237
315 236
315 235
314 235
313 236
312 237
311 238
310 239
309 240
308 241
307 242
306 243
305 244
304 245
304 246
303 247
302 248
301 249
300 250
299 251
298 251
297 251
296 251
295 251
294 251
293 251
292 251
291 251
290 251
289 251
288 250
287 249
286 248
285 247
284 246
283 245
282 246
281 247
280 248
279 249
278 250
277 251
276 252
276 253
276 254
276 255
275 256
274 257
273 258
272 258
271 258
270 258
269 258
268 258
295 252
294 253
293 254
292 255
291 256
290 257
290 258
290 259
290 260
291 261
292 262
293 263
294 264
295 265
296 266
297 267
298 267
299 267
300 267
301 267
302 267
303 266
304 265
305 264
306 263
307 262
308 261
309 260
310 259
316 235
317 235
318 235
319 235
320 235
321 234
322 233
323 232
324 233
325 234
326 235
327 236
328 237
329 238
330 239
331 239
332 239
333 238
334 237
335 236
336 235
337 234
338 233
339 232
340 231
341 230
342 229
343 228
344 227
345 227
346 227
347 227
348 226
349 225
350 224
351 223
352 222
353 221
354 220
355 219
356 218
357 217
345 228
345 229
345 230
345 231
345 232
345 233
345 234
345 235
344 226
344 225
344 224
343 223
342 222
341 221
340 220
339 219
338 218
337 217
336 216
335 215
334 214
333 213
332 212
331 211
330 210
329 209
329 208
329 207
329 206
329 205
328 204
327 203
326 202
325 201
324 200
323 199
323 198
322 198
321 199
320 200
319 201
318 202
317 203
316 204
315 205
315 206
315 207
315 208
315 209
315 210
314 210
313 210
312 210
311 210
310 210
309 210
308 210
307 210
306 210
305 209
304 208
303 207
302 206
301 205
300 204
314 211
313 212
312 213
311 214
310 215
309 216
308 217
307 218
306 219
305 219
304 219
303 219
302 219
301 220
300 221
299 222
298 223
297 223
296 223
295 223
294 223
293 223
292 224
291 225
290 226
289 227
288 228
287 229
286 230
285 230
284 230
324 198
325 198
326 198
327 197
328 196
329 195
330 194
331 193
332 192
333 191
334 190
335 191
336 192
337 193
338 194
339 195
340 196
341 196
341 195
341 194
341 193
341 192
341 191
342 190
343 189
344 188
345 187
346 186
347 185
348 184
349 183
350 182
350 181
351 181
349 180
348 179
347 178
346 177
345 176
344 175
343 174
343 173
343 172
343 171
343 170
343 169
343 168
343 167
343 166
344 165
345 164
346 163
347 163
348 163
347 164
348 165
349 166
350 166
351 166
352 166
353 166
354 166
355 166
356 166
357 166
349 162
350 161
351 160
352 159
353 158
354 157
355 156
356 155
357 155
358 155
359 155
360 155
361 155
362 155
363 155
364 154
365 153
366 152
367 151
368 150
369 149
370 148
371 148
372 148
373 148
374 148
375 148
376 148
377 148
378 148
379 147
380 146
381 145
382 144
383 143
383 142
383 141
383 140
383 139
383 138
383 137
383 136
382 135
381 134
380 133
380 132
379 132
381 132
382 132
383 131
384 130
385 129
386 128
387 127
388 126
388 125
388 124
388 123
388 122
388 121
388 120
388 119
388 118
387 117
386 116
386 115
386 114
385 113
384 112
383 111
382 110
381 109
380 108
379 109
378 110
377 111
376 112
375 112
374 112
373 112
372 112
371 112
370 112
369 112
368 113
367 114
366 115
365 116
364 117
363 118
362 119
361 120
360 121
359 122
358 123
357 124
356 124
355 124
354 124
353 124
353 123
353 122
353 121
353 120
353 119
353 118
353 117
353 116
352 115
351 114
350 114
349 114
348 114
347 114
346 114
345 114
344 114
343 113
342 112
341 111
341 110
341 109
341 108
341 107
341 106
342 105
343 104
344 103
345 102
346 101
347 100
348 99
349 98
350 97
351 96
352 95
353 94
354 93
355 92
355 91
355 90
355 89
355 88
355 87
355 86
355 85
356 84
357 83
357 82
357 81
357 80
357 79
357 78
357 77
357 76
357 75
357 74
357 73
356 72
355 71
354 70
354 69
353 69
353 68
353 67
353 66
353 65
353 64
353 63
352 62
351 61
350 60
349 59
349 58
349 57
350 56
351 55
352 54
353 53
354 52
354 51
353 51
352 50
351 49
350 48
349 47
348 46
347 45
346 44
345 43
344 42
343 43
342 44
341 45
340 46
339 47
338 48
337 49
336 50
335 51
334 52
333 53
332 54
331 55
331 56
331 57
330 58
329 59
328 60
327 60
326 60
325 60
324 60
323 60
322 60
321 60
320 60
319 60
318 60
317 60
316 60
315 60
314 60
314 59
314 58
314 57
314 56
314 55
314 54
314 53
314 52
313 51
312 50
311 49
310 50
309 50
308 50
307 50
306 50
305 50
304 50
303 50
302 50
301 50
300 51
299 51
298 51
297 51
296 51
295 51
294 51
293 51
292 51
291 52
290 53
289 54
288 55
287 56
286 56
285 56
284 56
283 56
313 61
312 62
311 63
310 64
309 65
308 66
307 67
306 68
305 69
304 69
303 69
302 69
301 69
302 70
303 71
304 72
305 73
306 73
307 73
308 73
309 73
308 74
307 75
307 76
307 77
307 78
307 79
307 80
307 81
307 82
306 83
305 84
304 85
303 86
302 87
301 88
300 89
299 90
298 91
297 91
296 91
295 91
294 91
293 90
292 89
291 88
290 87
289 86
288 85
287 84
286 83
286 82
286 81
286 80
286 79
286 78
286 77
285 76
284 75
310 74
311 75
312 76
313 77
314 78
315 79
316 80
317 80
318 80
355 51
356 51
357 51
358 51
359 51
360 51
361 51
362 51
363 51
364 51
365 51
366 50
367 49
367 48
367 47
367 46
367 45
367 44
367 43
367 42
366 41
365 40
364 39
363 38
362 37
361 36
361 35
361 34
361 33
361 32
361 31
360 30
359 29
358 28
357 27
356 26
355 25
354 24
353 23
352 22
351 21
350 20
349 19
368 50
369 51
370 52
371 53
372 53
373 53
374 53
375 53
376 53
377 53
378 53
379 53
380 53
381 53
382 53
383 53
384 53
385 53
386 53
387 53
388 53
389 53
390 53
391 52
391 51
391 50
392 49
393 48
394 47
395 46
396 47
397 48
398 49
399 50
400 51
401 52
402 52
403 52
404 52
405 52
406 53
407 54
408 55
409 56
410 57
411 58
412 59
413 60
414 61
415 62
416 63
417 64
417 65
418 65
419 64
420 63
421 62
422 61
423 60
424 59
425 58
426 57
427 56
428 55
416 66
415 67
414 68
413 69
412 70
411 71
410 72
409 73
408 74
407 75
407 76
407 77
407 78
408 79
409 80
410 81
411 82
411 83
411 84
411 85
411 86
412 86
413 86
414 86
415 86
416 86
417 86
418 86
419 85
420 84
410 87
409 88
408 89
407 90
406 91
405 92
404 93
403 94
402 94
402 93
401 92
400 91
399 90
398 89
397 88
396 87
395 86
403 95
404 96
405 97
406 98
407 99
408 100
409 101
410 102
411 103
412 104
413 105
414 106
415 107
348 60
347 61
346 62
345 63
344 64
343 65
342 66
341 67
340 68
339 69
338 70
337 71
337 72
355 69
356 69
357 69
358 69
359 69
360 69
361 69
362 68
384 144
385 145
386 145
387 145
388 145
389 145
390 145
391 145
392 145
393 145
393 144
393 143
393 142
393 141
394 140
395 139
396 138
397 137
398 136
399 135
400 134
401 133
402 132
403 131
404 130
405 129
406 128
355 154
354 153
353 152
352 151
351 150
350 149
349 148
348 147
347 146
346 145
345 144
344 143
344 142
343 142
345 142
346 142
347 142
348 142
349 142
350 142
351 142
352 142
353 142
354 141
342 197
342 198
342 199
342 200
342 201
342 202
342 203
342 204
343 204
344 204
345 204
346 204
347 204
348 204
349 204
350 204
351 204
352 204
353 204
354 204
355 204
356 203
357 202
358 201
856
339 262
339 253
351 248
359 243
370 238
379 227
371 219
379 209
384 239
383 251
375 255
386 262
385 274
373 270
363 279
355 280
364 291
401 285
412 270
404 262
403 253
407 244
424 244
434 245
447 242
456 233
466 236
470 220
479 219
469 211
460 199
465 190
446 201
440 188
427 187
428 171
443 213
430 202
417 214
410 201
396 185
388 180
385 192
410 168
418 227
432 226
479 208
483 198
500 187
503 200
512 208
517 195
527 180
534 182
542 189
540 177
530 168
524 157
518 153
511 140
509 129
502 146
493 138
490 131
510 171
501 164
491 172
481 168
468 168
463 173
453 162
445 154
430 150
425 127
438 137
442 127
440 111
451 117
466 103
465 154
459 147
475 140
470 126
482 116
483 155
482 179
534 147
536 138
528 122
509 107
542 113
541 132
542 156
552 148
561 159
572 165
587 155
593 145
589 128
578 109
568 107
566 116
579 141
598 135
604 123
596 165
607 153
622 141
623 156
638 157
644 146
636 170
618 167
620 176
515 223
506 224
512 232
521 233
524 242
512 249
504 254
496 252
497 262
499 274
487 285
477 286
466 273
449 273
475 270
483 268
470 256
509 284
517 286
525 281
526 271
537 278
545 290
553 284
558 296
541 300
528 315
524 313
514 308
558 318
549 326
539 260
551 254
525 254
537 245
527 211
538 219
549 223
542 232
551 213
549 204
559 192
564 194
579 195
593 192
559 213
570 221
575 229
575 238
584 248
596 238
608 226
603 214
595 208
613 197
632 197
601 248
584 259
579 272
569 269
571 261
571 252
576 282
587 294
578 295
605 304
608 291
589 318
615 316
626 311
627 302
631 319
646 338
633 349
624 348
628 338
603 354
593 342
575 339
570 354
586 354
584 369
594 375
586 383
580 393
578 402
580 415
583 425
594 428
595 419
599 410
597 385
602 396
624 369
624 386
636 387
644 394
638 403
623 409
635 420
603 271
622 259
622 248
635 238
625 271
556 237
447 252
421 276
427 273
431 286
410 294
394 227
392 215
348 265
321 282
312 273
313 287
329 291
338 288
342 302
353 307
349 317
338 316
328 306
321 314
320 323
319 331
319 339
337 324
363 319
372 314
382 300
370 327
362 330
357 339
347 345
344 354
331 360
316 367
308 355
298 350
296 337
285 335
276 325
266 314
255 304
250 294
244 304
230 306
228 293
223 283
215 270
234 278
246 273
234 260
226 256
217 251
206 238
194 250
186 250
174 259
163 250
166 240
172 234
173 238
153 251
143 244
134 238
124 231
118 223
103 208
90 213
79 217
78 225
67 231
64 224
63 215
61 203
48 201
38 208
33 200
35 193
23 173
30 156
31 153
42 145
57 150
67 153
57 132
36 184
27 201
20 200
31 221
47 212
69 194
64 187
56 184
73 195
86 199
85 184
96 186
59 235
61 246
79 236
110 228
102 232
108 241
132 219
140 215
132 201
119 201
119 189
128 188
130 180
123 166
116 157
108 146
99 150
92 139
81 130
89 161
124 152
132 149
133 139
141 153
146 144
156 143
163 129
156 119
170 119
180 112
190 105
200 109
209 103
221 109
233 115
241 105
250 109
258 109
271 117
273 103
265 126
276 129
274 135
277 145
267 150
260 142
258 155
247 161
239 157
225 166
215 161
243 141
260 166
275 156
280 169
266 182
256 183
249 181
254 194
244 195
264 198
263 209
255 209
277 206
280 192
283 175
293 174
300 184
288 152
295 149
306 140
311 128
301 117
315 149
327 141
327 132
324 124
307 150
315 166
325 169
249 121
208 118
186 121
155 154
166 163
178 150
184 138
194 135
198 146
186 151
179 163
194 164
198 176
193 191
180 195
170 183
155 198
186 208
201 217
210 217
203 194
215 200
223 194
208 178
143 134
137 126
127 121
118 119
109 119
120 98
140 116
153 103
163 102
113 173
116 178
131 169
140 224
136 253
146 239
156 227
163 263
152 263
140 274
132 267
126 276
114 267
111 258
121 254
113 276
103 283
102 273
87 257
102 297
91 308
77 320
74 311
67 305
54 303
49 317
58 324
50 328
40 337
32 335
23 320
33 326
26 341
25 349
29 355
25 370
44 348
53 355
62 345
65 336
64 365
72 359
80 353
89 367
79 374
94 384
102 394
113 396
106 374
113 374
119 383
130 378
141 375
149 367
158 366
148 354
142 341
160 357
146 379
154 387
147 399
165 388
175 401
163 407
169 417
182 418
195 417
169 426
160 434
159 425
141 436
133 421
127 416
125 422
123 434
102 431
133 393
108 367
96 349
110 339
109 356
124 354
85 390
83 396
49 368
42 368
56 376
48 376
34 386
53 381
56 393
53 404
63 281
57 272
59 266
70 273
71 269
79 292
84 290
109 303
102 311
103 320
112 318
117 307
134 319
135 304
132 285
163 271
162 280
182 265
192 262
192 274
181 278
185 286
177 288
169 292
188 301
176 314
166 323
163 312
154 313
164 335
177 322
198 282
218 239
236 246
232 235
244 259
252 251
256 241
256 228
248 228
216 295
206 302
216 312
245 312
236 321
254 317
261 330
261 340
257 348
245 341
230 342
219 338
207 332
240 353
225 364
215 361
211 359
271 361
281 359
279 372
265 383
252 397
241 395
229 398
220 388
208 376
197 385
184 385
181 376
180 368
190 357
185 349
191 395
206 390
201 400
226 387
221 400
259 291
282 298
276 286
292 286
294 295
298 316
306 368
297 372
300 379
315 380
330 379
333 385
342 377
354 383
327 395
316 403
306 415
312 424
297 431
289 415
287 403
275 418
264 425
254 431
247 442
233 438
225 436
212 442
210 433
211 419
224 417
196 435
291 440
304 457
319 454
315 473
303 486
298 499
288 503
329 477
338 467
351 474
351 466
354 455
337 479
333 489
338 503
346 505
352 494
367 492
380 495
396 499
405 486
411 477
420 473
419 490
403 465
392 462
373 459
381 473
391 474
412 454
378 505
370 507
366 511
347 513
290 470
324 431
328 419
336 417
344 422
352 423
364 422
383 423
396 417
377 436
366 438
347 435
333 435
356 354
374 340
381 354
394 354
403 359
411 347
408 334
401 322
396 333
388 335
419 330
428 329
439 335
448 334
458 332
462 326
454 345
450 356
445 364
453 364
461 366
467 361
476 374
487 367
496 366
504 367
505 359
517 356
505 375
516 376
526 379
535 392
551 384
541 405
546 407
526 396
514 399
505 395
494 391
491 399
523 411
541 428
527 432
521 442
554 433
546 360
453 373
449 378
446 389
459 402
472 407
476 392
462 416
456 429
444 425
446 416
441 436
429 427
428 418
425 407
425 387
423 437
413 434
412 421
454 437
488 422
480 427
476 439
484 439
502 435
427 340
417 321
429 314
427 304
435 302
445 311
457 307
470 311
481 320
492 318
492 303
489 332
475 346
488 348
424 354
426 361
371 363
381 373
373 381
377 393
365 398
356 400
380 403
390 400
396 393
405 376
327 265
324 256
318 245
314 235
304 246
296 251
283 245
276 255
268 258
290 260
299 267
310 259
323 232
332 239
344 227
357 217
345 235
338 218
329 209
322 198
315 210
300 204
302 219
293 223
284 230
334 190
341 196
351 181
343 174
346 163
357 166
356 155
370 148
383 143
379 132
388 126
386 116
380 108
369 112
353 124
351 114
341 111
355 92
357 83
353 69
349 59
344 42
331 57
314 60
311 49
301 50
292 51
283 56
301 69
309 73
307 82
295 91
286 83
284 75
318 80
355 51
367 49
361 36
349 19
382 53
391 52
395 46
405 52
417 65
428 55
407 78
411 86
420 84
402 94
395 86
415 107
337 72
362 68
393 145
406 128
343 142
354 141
342 204
358 201
