9306
332 270
331 270
330 270
329 269
328 268
327 267
327 266
326 266
328 265
329 264
330 263
331 262
332 261
333 260
334 259
332 271
331 272
330 273
329 274
328 275
327 276
326 277
325 278
324 279
323 280
322 280
321 280
320 280
319 280
318 280
317 280
316 280
315 280
314 280
313 280
312 280
311 280
310 281
309 282
308 283
307 284
306 285
305 286
304 287
303 288
303 289
303 290
302 290
301 290
300 290
299 290
298 290
297 290
296 290
295 289
294 288
294 287
294 286
294 285
295 284
296 283
297 282
298 281
299 280
299 279
299 278
299 277
299 276
299 275
299 274
299 273
299 272
299 271
298 270
297 269
297 268
297 267
297 266
297 265
297 264
297 263
298 262
299 261
300 260
301 259
302 260
303 261
304 262
305 263
306 264
307 265
308 266
308 267
308 268
322 281
322 282
322 283
322 284
322 285
322 286
322 287
322 288
322 289
322 290
322 291
322 292
322 293
323 294
324 295
325 296
326 297
327 298
328 299
329 300
330 301
331 301
332 301
331 302
330 303
329 304
328 305
327 306
326 306
325 306
324 306
323 306
322 306
321 306
333 300
334 299
335 298
336 297
337 296
338 295
339 294
340 293
341 292
342 292
343 292
344 292
345 292
346 292
347 292
348 292
349 292
350 291
351 290
352 289
353 289
354 289
355 289
356 289
357 289
358 289
359 289
360 289
361 288
362 287
363 286
364 287
365 288
366 289
366 290
366 291
366 292
366 293
366 294
366 295
366 296
366 297
366 298
366 299
365 300
364 301
363 302
362 303
361 304
360 305
359 306
358 307
357 308
356 308
355 308
354 308
353 308
367 300
368 301
369 302
370 303
371 304
372 305
372 306
372 307
372 308
373 308
374 308
375 308
376 308
377 308
378 308
379 307
380 306
381 305
382 304
383 303
384 302
385 301
386 300
387 300
388 300
389 300
390 300
391 300
392 300
393 300
394 299
395 298
396 297
397 296
398 295
399 294
400 293
401 292
402 292
403 292
404 292
405 292
406 292
407 291
408 290
409 289
410 288
411 287
411 286
411 285
412 284
413 283
414 282
415 281
416 280
417 279
418 278
419 277
420 276
420 275
420 274
421 274
420 273
420 272
420 271
419 270
418 269
417 268
416 267
415 266
414 265
413 264
412 263
411 262
410 261
410 260
410 259
410 258
410 257
410 256
410 255
410 254
410 253
410 252
410 251
410 250
410 249
410 248
411 247
412 246
412 245
413 245
413 244
413 243
414 242
415 241
416 240
417 239
418 238
419 237
420 236
421 235
422 234
423 233
423 232
423 231
423 230
423 229
423 228
424 227
425 226
426 225
427 224
428 223
429 222
430 221
430 220
430 219
430 218
430 217
430 216
430 215
430 214
430 213
431 212
431 211
430 211
429 210
428 209
427 208
426 207
425 206
424 205
423 204
422 203
421 202
420 201
419 200
419 199
419 198
419 197
419 196
419 195
419 194
419 193
419 192
419 191
418 190
417 189
416 188
415 187
432 211
411 244
410 243
409 242
408 241
407 240
406 239
405 238
404 237
403 236
402 235
402 234
402 233
402 232
402 231
402 230
402 229
402 228
402 227
402 226
401 226
400 226
399 226
398 225
397 224
396 223
395 222
394 221
393 220
392 219
391 218
391 217
391 216
391 215
391 214
391 213
391 212
391 211
390 210
389 209
389 208
389 207
389 206
389 205
389 204
389 203
389 202
389 201
389 200
389 199
388 198
387 197
386 196
385 196
384 196
383 196
382 196
381 195
380 194
379 193
378 192
378 191
378 190
378 189
377 189
376 188
375 187
374 186
373 185
372 184
371 183
370 182
369 181
368 181
367 181
366 181
365 181
364 181
363 181
362 181
361 181
360 180
359 179
358 178
357 178
356 178
355 178
354 178
353 178
352 178
351 178
350 178
349 178
348 178
347 178
346 178
345 177
344 177
343 177
342 176
341 175
340 174
339 173
338 172
337 171
336 170
335 169
334 168
333 167
332 166
331 165
330 165
329 165
328 165
327 165
326 165
325 165
324 165
323 165
322 164
321 163
320 162
319 161
318 160
317 159
316 158
315 158
314 157
313 156
312 155
311 154
310 153
309 152
308 152
307 152
306 152
305 152
304 152
303 152
302 152
301 151
300 150
299 149
308 153
307 154
306 155
305 156
304 157
303 158
303 159
303 160
303 161
303 162
303 163
302 164
301 164
300 164
299 164
298 164
297 164
296 164
295 164
295 163
295 162
294 161
293 160
292 159
291 158
290 157
289 156
288 155
287 154
286 153
285 152
284 153
283 154
282 155
281 155
280 155
279 155
278 155
277 155
276 155
294 165
293 166
292 167
291 167
290 167
289 167
288 167
287 167
286 167
285 167
284 168
283 169
282 170
281 171
280 172
279 173
278 174
277 175
277 176
277 177
277 178
276 178
275 178
274 178
273 178
272 178
271 178
270 178
269 177
268 176
268 175
268 174
268 173
268 172
268 171
268 170
267 169
266 168
265 167
264 166
264 165
264 164
264 163
264 162
264 161
263 160
262 159
261 158
260 157
259 156
258 155
257 154
256 153
256 152
256 151
256 150
256 149
256 148
255 147
254 146
253 145
252 144
251 143
250 142
249 141
249 140
249 139
249 138
249 137
249 136
250 135
251 134
252 133
253 132
254 131
255 130
255 129
255 128
255 127
255 126
255 125
255 124
254 123
253 122
252 121
251 120
250 119
250 118
249 118
251 118
252 118
253 118
254 118
255 118
256 117
257 116
258 115
259 114
260 113
260 112
260 111
260 110
260 109
260 108
259 107
258 106
257 105
256 104
255 103
256 131
257 132
258 133
259 134
260 135
261 135
262 135
263 136
264 137
265 137
266 137
267 137
268 137
269 137
270 137
271 137
272 137
273 137
274 137
275 137
275 136
275 135
275 134
275 133
276 132
277 131
278 130
279 129
280 129
281 128
282 127
283 126
284 125
285 124
286 123
287 122
288 121
289 120
248 142
247 143
246 144
245 145
244 146
243 147
242 148
241 149
240 150
239 151
238 152
237 152
237 151
237 150
237 149
237 148
237 147
237 146
237 145
237 144
236 143
235 142
234 141
233 140
233 139
233 138
233 137
233 136
233 135
233 134
232 133
231 132
230 131
229 130
229 129
229 128
229 127
229 126
229 125
229 124
228 123
227 122
226 121
225 120
224 119
223 118
222 117
221 116
221 115
220 115
219 116
218 117
217 118
216 118
215 118
214 118
213 118
212 118
211 118
210 118
209 118
208 118
207 118
206 118
205 118
204 118
203 118
202 118
201 118
200 118
199 118
198 119
197 120
196 121
195 122
194 123
193 124
192 124
191 124
190 124
189 124
188 125
187 125
186 125
185 125
184 125
183 125
182 125
181 125
180 125
180 124
180 123
180 122
180 121
180 120
180 119
179 118
178 117
177 116
177 115
176 115
176 114
176 113
175 112
174 111
173 110
172 109
171 108
170 107
169 106
168 105
175 116
174 117
173 118
172 119
171 120
170 121
169 122
168 123
167 124
166 125
165 126
164 127
163 128
163 129
164 130
165 131
166 132
166 133
166 134
166 135
165 136
164 137
163 138
162 139
161 140
160 141
159 142
158 143
157 144
157 145
157 146
157 147
167 136
168 137
169 138
170 139
171 140
172 141
173 142
174 143
174 144
174 145
175 146
176 147
177 148
178 148
179 148
180 148
181 148
182 148
183 148
184 148
185 148
186 148
178 115
179 115
180 115
181 115
182 115
183 114
184 113
185 112
186 111
209 119
210 120
211 121
212 122
213 123
213 124
213 125
213 126
213 127
213 128
213 129
213 130
213 131
222 115
223 115
224 115
225 115
226 114
227 113
228 112
229 111
229 110
228 110
227 109
226 108
225 107
224 106
223 105
222 104
230 110
230 109
230 108
230 107
230 106
230 105
231 104
232 103
233 102
234 101
235 100
232 141
231 142
230 143
229 144
228 145
227 146
226 147
225 148
224 149
223 150
223 151
237 153
238 154
239 155
240 156
241 157
241 158
241 159
241 160
241 161
241 162
241 163
241 164
241 165
240 166
239 167
238 168
237 169
236 170
235 171
235 172
235 173
235 174
235 175
235 176
235 177
235 178
234 178
233 178
232 178
231 178
230 178
229 178
228 178
227 178
226 178
225 178
224 178
223 178
222 178
221 177
220 177
219 177
218 177
217 177
216 177
215 177
214 176
213 175
212 174
211 173
210 172
209 171
208 170
207 169
207 168
207 167
207 166
207 165
207 164
207 163
207 162
206 161
205 160
204 159
203 158
202 157
201 156
234 179
233 180
232 181
231 182
230 183
229 184
228 185
227 186
226 187
225 188
224 189
223 190
223 191
223 192
222 193
221 194
220 195
219 196
218 197
217 198
216 199
215 200
214 201
213 202
212 202
211 202
211 201
211 200
211 199
211 198
210 197
209 196
208 195
207 194
206 193
210 203
209 204
208 205
207 206
206 207
205 208
204 208
203 208
202 208
201 208
200 208
224 193
225 194
226 194
227 194
228 194
229 194
230 194
231 194
232 194
233 195
234 196
235 197
236 198
237 199
237 200
237 201
237 202
237 203
236 204
236 205
236 206
236 207
236 208
236 209
236 210
236 211
236 212
236 213
237 214
238 215
239 215
240 215
241 215
242 215
243 215
244 215
245 215
246 215
247 216
248 217
249 218
250 219
251 219
252 219
253 219
254 219
255 219
256 219
257 219
258 219
259 219
260 219
261 219
262 219
263 218
264 217
265 216
266 215
267 215
267 216
268 217
269 218
270 219
270 220
270 221
270 222
270 223
270 224
271 225
272 226
273 227
274 228
275 229
276 230
277 231
278 231
279 231
279 230
279 229
279 228
280 227
281 226
282 225
283 224
284 223
285 222
286 221
287 220
288 219
289 218
290 217
291 216
292 215
293 214
294 213
295 213
296 213
297 213
298 213
299 213
300 213
301 213
302 213
303 213
304 212
305 211
306 211
307 211
308 210
309 209
310 208
311 207
312 206
313 205
314 204
314 203
313 203
312 202
311 201
310 200
309 199
308 198
307 197
306 196
305 195
304 194
315 203
286 223
287 224
288 225
289 226
290 227
291 228
292 229
293 230
294 231
295 232
296 233
297 234
298 234
299 234
300 234
301 234
302 234
303 234
304 234
305 234
306 234
307 233
308 232
309 231
301 235
302 236
303 237
304 238
305 239
306 240
307 240
308 240
309 240
280 232
281 233
282 234
283 235
284 236
284 237
284 238
284 239
284 240
284 241
284 242
283 243
282 244
281 245
280 246
279 247
278 248
277 248
277 249
277 250
277 251
277 252
277 253
276 254
275 255
274 256
273 257
273 258
273 259
273 260
273 261
272 262
271 263
270 264
269 265
268 265
267 265
266 265
265 265
264 265
263 265
262 265
261 265
260 265
259 265
258 265
257 265
256 265
255 265
254 265
253 265
252 265
251 264
250 263
249 262
248 261
247 260
246 261
245 262
244 263
243 264
242 265
241 266
241 267
241 268
242 269
243 270
244 271
244 272
244 273
244 274
244 275
244 276
244 277
244 278
244 279
245 280
245 281
245 282
245 283
245 284
245 285
245 286
245 287
244 288
243 289
242 290
241 291
240 292
239 293
239 294
239 295
239 296
239 297
239 298
238 299
237 300
236 301
235 302
234 303
233 304
232 305
231 306
230 307
229 308
228 309
227 310
226 311
225 312
224 313
223 314
222 315
221 315
220 315
219 315
218 315
217 315
216 315
215 315
214 315
213 314
212 313
211 312
210 311
209 310
208 309
208 308
207 308
207 307
207 306
207 305
207 304
207 303
207 302
207 301
207 300
206 299
205 298
209 308
210 308
211 307
212 306
213 305
214 304
215 303
216 302
216 301
216 300
216 299
216 298
216 297
216 296
216 295
215 294
214 294
213 294
212 294
211 294
210 293
209 292
208 291
207 290
206 289
205 288
204 287
204 286
204 285
205 284
206 283
207 282
208 281
209 280
210 279
211 278
212 277
213 276
213 275
213 274
213 273
212 272
211 271
210 270
209 269
208 268
207 267
206 266
205 265
204 264
203 265
202 265
201 265
200 265
199 265
198 265
197 265
196 265
216 316
215 317
214 318
213 319
212 320
211 321
210 322
210 323
210 324
218 316
219 317
220 318
221 319
221 320
221 321
221 322
221 323
221 324
221 325
221 326
221 327
221 328
221 329
221 330
221 331
221 332
221 333
221 334
221 335
221 336
221 337
221 338
220 339
219 339
218 339
217 339
216 339
215 339
214 339
213 339
212 339
211 339
210 339
222 339
223 340
224 341
225 342
226 343
227 344
228 345
229 346
230 347
231 348
230 349
229 350
228 351
227 352
226 353
225 354
224 355
223 356
222 357
221 358
220 359
219 360
218 360
217 360
216 360
215 360
214 360
213 360
212 360
211 360
210 359
209 358
208 357
207 357
206 357
205 357
204 357
203 357
202 357
201 357
200 357
199 357
198 357
197 356
196 355
195 354
194 354
193 354
192 354
191 354
190 354
189 354
188 353
187 352
187 351
187 350
187 349
187 348
186 347
185 346
184 345
183 344
182 343
181 342
180 341
179 340
178 339
178 338
177 338
176 339
175 340
174 341
173 342
172 343
171 344
170 345
169 345
168 345
167 345
167 344
167 343
167 342
167 341
167 340
167 339
167 338
166 337
165 336
164 335
163 334
163 333
163 332
163 331
163 330
163 329
163 328
163 327
163 326
163 325
163 324
162 323
161 322
160 321
159 320
159 319
158 319
160 319
161 319
162 319
163 319
164 318
165 317
166 316
167 315
168 315
168 316
169 317
170 318
171 319
172 319
173 319
174 319
175 319
176 319
177 319
178 319
179 319
180 319
169 314
170 313
171 312
172 311
173 310
174 309
175 308
176 307
176 306
175 306
174 306
173 306
172 306
171 306
170 305
169 304
168 303
168 302
167 302
167 301
167 300
167 299
167 298
167 297
167 296
167 295
166 294
165 294
164 294
163 293
162 292
161 291
160 290
159 289
158 288
157 287
156 286
155 285
155 284
155 283
155 282
155 281
155 280
155 279
155 278
154 277
153 276
152 275
151 275
150 275
149 275
148 275
147 275
146 275
145 275
144 275
143 275
142 275
141 275
140 276
139 277
138 278
137 279
136 280
135 281
135 282
135 283
135 284
135 285
134 286
133 287
132 288
131 289
130 290
129 291
128 292
127 293
126 293
125 293
124 293
123 293
122 293
121 293
136 286
136 287
136 288
136 289
136 290
136 291
136 292
136 293
136 294
136 295
136 296
136 297
136 298
136 299
152 274
152 273
152 272
152 271
152 270
152 269
151 269
150 268
149 267
148 266
147 265
146 264
145 263
144 263
143 263
142 263
141 263
140 263
139 263
138 262
137 261
136 260
135 259
134 258
133 259
132 260
131 261
130 262
129 263
128 264
127 265
126 266
125 267
124 268
123 268
122 268
121 268
120 268
119 268
118 268
117 267
116 266
115 265
114 264
113 263
112 262
111 261
110 260
109 261
108 262
107 263
106 264
105 265
104 266
103 267
102 268
101 269
101 270
101 271
102 272
103 273
104 274
104 275
104 276
104 277
104 278
104 279
104 280
104 281
103 282
102 283
101 284
100 285
99 286
98 287
97 288
97 289
96 290
95 291
94 292
93 293
92 293
91 293
90 293
89 293
88 293
87 293
86 293
85 293
85 292
85 291
84 290
83 289
82 288
81 287
80 286
79 285
78 284
77 283
76 282
75 281
74 280
73 279
73 278
72 277
71 276
70 275
70 274
70 273
70 272
70 271
70 270
70 269
70 268
70 267
70 266
70 265
70 264
69 263
68 263
67 263
66 263
65 262
64 261
63 260
63 259
63 258
63 257
63 256
63 255
63 254
63 253
63 252
63 251
63 250
63 249
62 248
61 247
61 246
61 245
61 244
62 243
63 242
64 242
65 242
66 242
67 242
68 242
69 241
70 240
71 239
72 238
73 237
73 236
72 236
71 236
70 235
69 234
68 233
67 232
66 231
65 230
64 229
63 228
62 227
61 226
60 225
74 236
74 235
74 234
74 233
74 232
74 231
74 230
74 229
74 228
75 227
76 226
77 225
78 224
79 225
80 226
81 227
82 227
83 227
84 227
85 227
86 227
87 227
88 227
88 226
88 225
88 224
88 223
88 222
89 221
90 220
91 219
92 220
93 221
94 222
95 223
96 224
97 225
98 226
99 227
100 228
101 229
102 229
102 228
102 227
102 226
103 225
104 224
105 223
106 222
107 223
108 224
109 225
110 226
111 227
112 228
113 229
114 229
115 229
116 229
117 229
118 229
119 229
120 228
121 227
122 226
123 225
124 224
125 223
126 222
127 222
128 222
129 222
130 221
131 220
132 219
133 218
134 217
135 216
136 215
136 214
137 214
138 215
139 216
140 217
141 218
142 219
143 220
144 221
145 222
146 223
147 224
148 224
149 224
150 224
151 224
150 225
150 226
150 227
150 228
150 229
150 230
150 231
150 232
150 233
150 234
135 213
134 212
133 211
132 210
131 209
130 208
129 207
128 206
127 205
127 204
126 204
125 204
124 204
123 204
122 204
121 204
120 204
119 204
118 204
117 204
116 204
115 204
114 203
113 202
112 201
112 200
112 199
112 198
111 198
110 197
109 196
108 195
107 194
106 193
105 192
104 191
103 190
102 189
101 188
100 188
99 188
98 188
97 188
96 188
95 188
94 188
93 188
92 188
91 188
90 188
89 187
88 186
87 187
86 188
85 189
84 190
83 191
82 192
81 193
80 194
79 195
78 196
77 197
76 198
75 198
74 199
73 200
72 201
71 201
70 201
69 201
68 201
68 200
68 199
68 198
68 197
68 196
67 195
66 194
65 193
64 192
65 191
66 190
67 189
68 188
68 187
67 187
66 187
65 186
64 185
63 184
62 183
61 182
60 182
59 182
58 182
57 182
56 182
55 182
54 182
53 182
52 181
51 180
50 179
49 178
48 177
47 176
46 175
46 174
46 173
46 172
45 171
44 170
43 169
42 168
41 167
40 167
39 167
38 166
37 165
36 164
35 163
34 162
33 161
32 160
31 159
30 158
29 157
28 158
27 159
26 160
25 161
24 162
23 163
22 164
21 165
20 166
19 167
18 168
17 169
16 170
15 171
14 171
23 165
24 166
25 167
26 168
27 169
27 170
27 171
27 172
27 173
27 174
27 175
27 176
28 177
29 178
30 179
31 180
31 181
31 182
31 183
31 184
30 185
29 186
28 187
27 188
26 189
25 190
24 191
23 192
22 193
21 194
20 195
19 196
18 197
17 198
18 199
19 200
20 201
21 202
22 203
23 204
24 205
25 206
26 207
27 208
28 209
29 210
30 211
31 212
32 213
33 213
32 214
31 215
30 216
29 217
28 218
28 219
28 220
28 221
27 222
26 222
25 222
24 222
23 222
22 222
21 222
20 222
19 222
18 222
17 222
16 222
15 222
34 214
35 215
36 216
37 217
38 218
38 219
38 220
38 221
38 222
39 217
40 216
41 215
42 214
43 213
44 212
32 185
33 186
34 187
35 188
36 189
37 189
38 189
39 189
40 189
41 189
42 189
43 189
44 189
41 166
41 165
41 164
41 163
41 162
41 161
41 160
41 159
41 158
41 157
42 156
43 156
44 156
45 156
46 156
47 156
48 156
49 156
50 155
51 154
52 153
53 152
54 151
55 150
56 151
57 152
58 153
59 154
60 155
61 156
61 157
61 158
61 159
61 160
61 161
62 155
63 154
64 153
65 152
66 151
67 150
68 149
69 148
70 147
70 146
70 145
70 144
70 143
70 142
70 141
70 140
70 139
70 138
70 137
70 136
69 135
68 134
71 148
72 149
73 150
74 151
75 152
76 153
77 154
78 155
78 156
78 157
78 158
79 159
80 160
80 161
80 162
80 163
80 164
81 164
82 164
83 164
84 164
85 164
86 164
87 164
88 163
89 162
89 161
89 160
89 159
89 158
89 157
89 156
89 155
89 154
89 153
90 152
90 151
90 150
90 149
90 148
90 147
90 146
90 145
90 144
90 143
89 142
89 141
89 140
89 139
88 138
87 137
86 136
85 135
84 134
83 133
90 163
91 164
92 165
93 166
94 167
95 168
96 169
97 170
98 170
99 170
100 170
101 170
102 170
103 170
104 170
105 170
106 170
107 170
108 170
109 170
110 170
111 170
112 169
112 168
112 167
112 166
112 165
112 164
111 163
110 162
109 161
108 160
107 159
107 158
107 157
107 156
107 155
107 154
107 153
107 152
107 151
108 150
109 149
110 148
111 147
111 146
110 146
109 146
108 145
107 144
106 143
105 142
104 141
103 140
102 139
102 138
102 137
102 136
102 135
102 134
103 133
104 133
105 133
106 133
107 133
108 133
109 133
110 133
111 133
112 132
113 131
113 130
114 130
113 129
113 128
113 127
113 126
112 125
111 124
110 123
109 122
108 121
107 120
115 129
116 128
117 127
118 126
119 125
120 124
121 123
122 122
122 121
122 120
122 119
122 118
122 117
122 116
122 115
123 114
124 113
125 112
125 111
125 110
125 109
126 109
125 108
125 107
125 106
124 105
123 104
122 103
121 102
120 101
119 100
118 99
117 100
116 101
115 102
114 103
113 104
112 105
111 106
110 106
127 108
128 107
129 106
130 105
131 104
132 103
133 102
134 103
135 103
136 103
137 103
138 103
139 103
140 103
141 103
142 103
141 104
141 105
141 106
141 107
141 108
141 109
141 110
141 111
141 112
141 113
141 114
141 115
141 116
123 123
124 124
125 125
126 126
127 127
127 128
127 129
127 130
128 131
129 132
130 133
131 134
132 135
133 135
134 135
135 135
136 135
137 135
138 135
139 135
140 135
141 135
141 134
141 133
141 132
142 131
143 130
140 136
140 137
140 138
140 139
140 140
140 141
140 142
140 143
140 144
140 145
139 146
139 147
139 148
139 149
139 150
139 151
139 152
139 153
139 154
138 154
137 153
136 152
135 151
134 150
133 149
132 148
131 147
130 146
129 145
128 144
139 155
138 156
137 157
136 158
135 159
134 160
133 161
132 162
131 163
130 164
129 165
128 166
127 166
140 156
141 157
141 158
141 159
141 160
141 161
141 162
141 163
141 164
141 165
141 166
141 167
141 168
141 169
140 170
139 171
138 172
137 173
136 174
135 175
134 176
134 177
134 178
134 179
134 180
134 181
134 182
112 146
69 187
67 202
66 203
65 204
64 205
63 206
63 207
63 208
63 209
63 210
63 211
112 197
112 196
112 195
112 194
112 193
112 192
112 191
113 190
114 189
111 202
110 202
109 202
108 202
107 202
106 202
105 202
104 202
103 202
102 202
101 202
100 202
99 202
98 202
128 204
129 204
130 204
131 204
132 203
133 202
134 201
135 200
136 199
137 198
138 198
139 198
140 198
141 198
142 198
143 198
144 198
145 197
146 196
147 195
148 194
149 193
150 192
151 192
152 192
153 192
154 191
155 190
156 189
157 188
158 187
159 186
160 185
161 184
162 183
163 182
164 181
165 180
166 180
167 180
168 180
169 180
170 180
171 180
172 180
173 179
174 178
175 177
176 176
177 175
177 174
177 173
177 172
177 171
177 170
177 169
177 168
177 167
178 166
179 165
180 164
181 163
178 176
179 176
180 176
181 176
182 176
183 176
184 176
185 176
185 177
185 178
185 179
185 180
185 181
185 182
185 183
185 184
185 185
185 186
185 187
185 188
185 189
184 190
183 191
183 192
183 193
183 194
183 195
183 196
183 197
183 198
183 199
183 200
151 193
152 194
153 195
154 196
155 197
156 198
157 198
158 198
159 198
160 198
161 198
162 198
163 198
162 199
161 200
160 201
159 202
158 203
157 204
156 205
155 205
102 230
62 261
61 262
60 263
59 264
58 265
57 265
56 265
55 265
54 265
69 276
68 277
67 278
66 278
65 278
64 278
63 278
62 278
61 278
60 278
59 278
58 278
57 278
86 294
86 295
86 296
86 297
86 298
86 299
86 300
86 301
86 302
86 303
85 303
84 303
83 303
82 303
81 303
80 303
79 303
78 303
78 302
78 301
78 300
78 299
78 298
77 297
76 296
75 295
74 294
73 293
77 304
76 305
75 306
74 306
73 306
72 306
71 306
70 306
69 306
68 306
67 306
87 304
88 305
89 305
90 305
91 305
92 305
93 305
94 305
95 305
96 305
123 269
122 270
121 271
120 272
119 273
119 274
119 275
119 276
119 277
153 268
154 267
155 266
156 265
157 264
158 263
159 262
160 261
161 260
162 259
163 258
164 257
165 256
166 255
167 255
168 255
169 255
170 255
171 255
172 254
173 253
174 252
175 251
176 251
177 251
178 251
179 251
180 250
181 249
182 248
183 247
184 246
185 245
186 244
187 243
188 242
189 241
190 241
191 241
192 241
193 241
194 241
195 241
196 241
197 241
198 241
199 241
200 241
201 240
202 239
203 240
204 241
205 241
206 241
207 241
208 241
209 241
210 241
211 241
212 241
213 241
214 241
215 241
216 241
217 241
218 240
219 239
220 238
220 237
221 236
222 235
223 234
224 233
225 232
226 231
227 230
228 229
228 228
227 227
226 226
225 225
224 224
223 223
222 222
221 221
220 220
219 219
189 240
189 239
189 238
189 237
189 236
188 235
187 234
186 233
186 232
186 231
186 230
187 229
188 228
189 227
190 226
191 225
192 224
193 223
169 301
170 300
171 299
172 298
173 297
174 296
175 295
176 294
177 293
177 292
177 291
177 290
177 289
177 288
177 287
177 286
177 285
177 284
177 283
178 282
179 281
179 280
178 280
177 280
176 280
175 280
174 280
173 280
172 280
180 280
177 306
179 338
180 338
181 338
182 338
183 338
184 338
185 338
186 338
187 338
188 338
189 337
190 336
186 353
185 354
184 355
183 356
182 357
181 358
180 359
179 360
178 361
177 362
176 363
175 364
174 365
173 366
172 367
171 368
170 369
169 370
168 371
167 372
166 372
166 371
166 370
166 369
166 368
166 367
166 366
166 365
166 373
165 374
164 375
163 376
163 377
163 378
163 379
163 380
163 381
163 382
163 383
163 384
162 384
161 384
160 384
159 383
158 382
157 381
156 380
155 379
154 378
153 377
152 376
151 375
150 374
149 373
148 372
147 373
146 373
145 373
144 373
143 373
142 373
141 373
140 373
139 373
138 373
137 374
137 375
137 376
137 377
137 378
137 379
137 380
137 381
137 382
137 383
136 384
135 385
134 386
133 387
132 387
131 387
130 387
129 387
128 387
127 387
126 387
125 387
124 387
123 387
122 387
121 387
120 387
119 387
118 387
117 386
116 385
115 384
114 383
113 382
112 381
111 380
110 379
109 378
108 377
107 376
106 375
107 374
108 373
109 372
110 371
111 370
112 369
113 368
113 367
113 366
114 365
115 364
116 363
117 362
118 361
119 360
120 359
121 358
122 357
122 356
121 356
120 356
119 356
118 356
117 356
116 356
115 356
114 356
113 356
112 356
111 355
111 354
111 353
110 352
109 351
108 350
107 349
106 348
106 347
106 346
106 345
106 344
106 343
105 342
104 341
103 340
102 339
101 338
101 337
101 336
101 335
102 334
103 333
104 332
105 331
106 330
107 329
108 328
108 327
107 327
106 327
105 327
104 327
103 327
102 327
101 327
100 327
99 326
98 325
109 327
110 327
111 327
112 327
113 326
114 325
115 324
116 323
117 322
118 321
119 320
120 319
121 318
122 317
123 316
123 315
122 315
121 315
120 314
119 313
118 312
117 311
116 310
124 315
110 328
111 329
112 330
113 331
114 332
115 333
116 334
116 335
105 349
104 350
103 351
102 352
101 353
100 354
99 355
98 356
97 357
97 358
97 359
97 360
97 361
96 362
95 363
94 364
93 365
92 366
91 367
90 368
89 369
88 370
87 370
86 370
85 370
84 370
123 356
123 355
123 354
123 353
123 352
124 351
125 350
126 349
127 348
128 347
129 346
130 345
131 345
132 344
133 343
134 342
135 341
136 340
137 339
138 338
139 337
140 336
141 335
141 334
141 333
141 332
140 331
142 336
143 337
144 338
145 339
146 340
147 340
148 340
147 341
146 342
145 343
145 344
145 345
145 346
145 347
145 348
145 349
145 350
145 351
145 352
145 353
114 385
113 386
112 387
111 388
110 389
109 390
108 391
108 392
108 393
107 393
106 393
105 393
104 393
103 393
102 393
101 393
100 393
99 393
98 393
97 393
96 393
95 393
94 393
93 392
92 391
91 392
90 393
89 394
89 395
89 396
89 397
89 398
88 398
87 397
86 396
85 395
84 394
83 393
82 392
81 391
80 391
79 391
78 391
77 391
76 391
75 391
74 391
73 391
72 391
71 391
70 390
69 389
69 388
69 387
69 386
69 385
69 384
69 383
68 382
67 381
66 380
65 379
64 378
63 377
62 376
62 375
62 374
62 373
63 372
64 371
64 370
64 369
64 368
63 367
62 367
61 366
60 365
59 364
58 363
57 362
56 361
55 360
54 359
53 358
52 357
51 356
50 356
49 356
48 355
47 354
46 353
45 352
44 351
43 350
42 349
41 348
40 347
39 346
38 346
37 346
36 346
35 345
34 345
33 345
32 345
31 345
30 345
29 344
28 343
27 342
26 341
25 340
24 339
23 338
23 337
22 336
21 335
20 334
19 333
18 332
17 331
17 330
16 330
16 329
16 328
16 327
16 326
16 325
16 324
16 323
16 322
15 321
14 320
18 330
19 330
20 330
21 329
22 328
23 327
24 326
24 325
25 324
26 323
27 322
28 321
29 320
30 319
31 318
32 317
22 339
21 340
20 341
19 342
18 342
17 342
16 342
50 357
49 358
48 359
47 360
46 361
45 362
44 363
43 364
42 365
41 366
40 367
39 368
38 369
37 370
36 371
35 372
34 373
33 374
32 375
31 376
30 376
29 376
28 376
27 376
26 376
63 366
63 365
63 364
63 363
63 362
63 361
63 360
63 359
63 358
63 357
63 356
64 355
65 354
66 354
67 354
68 354
69 354
70 354
71 354
72 354
73 354
74 354
75 354
76 354
65 353
65 352
65 351
65 350
65 349
65 348
65 347
65 346
64 345
63 344
62 343
61 342
61 341
60 341
59 340
58 339
57 338
56 337
55 336
54 335
53 334
52 333
51 332
51 331
50 331
52 331
53 331
54 331
55 331
56 331
57 331
58 331
59 331
62 341
63 341
64 341
65 341
66 341
67 341
68 341
69 341
70 340
71 339
72 338
73 337
74 336
68 390
67 391
66 392
65 393
64 394
63 395
62 395
61 395
60 395
59 395
58 395
57 395
56 395
55 395
128 388
128 389
128 390
128 391
128 392
128 393
128 394
128 395
128 396
128 397
128 398
127 399
126 400
125 400
124 400
123 400
122 400
121 400
120 401
120 402
120 403
120 404
120 405
120 406
120 407
120 408
120 409
119 410
118 411
117 412
116 413
115 414
114 415
113 416
112 417
111 418
110 418
109 418
108 418
107 418
106 418
105 418
104 419
103 420
102 421
101 422
100 423
100 424
100 425
100 426
100 427
164 385
165 386
165 387
165 388
165 389
165 390
165 391
165 392
165 393
164 394
163 395
163 396
163 397
163 398
163 399
163 400
163 401
163 402
163 403
166 394
167 395
168 396
169 396
170 396
171 396
172 396
173 396
174 396
175 397
176 398
177 399
178 400
178 401
178 402
178 403
178 404
178 405
177 406
176 407
175 408
174 409
173 410
172 411
171 412
170 413
169 414
168 415
167 415
166 416
165 417
164 418
163 419
162 420
161 421
160 422
159 423
158 424
157 425
156 426
156 427
155 427
154 427
153 427
152 427
151 427
150 426
149 425
148 424
147 423
146 422
145 421
144 420
143 419
142 418
141 417
140 416
139 417
138 418
137 419
136 420
135 421
134 422
133 423
132 424
131 425
131 426
130 427
129 428
128 429
127 430
126 431
125 432
124 433
123 434
123 435
123 436
123 437
123 438
123 439
123 440
123 441
123 442
123 443
123 444
123 445
155 428
155 429
155 430
155 431
155 432
155 433
155 434
155 435
155 436
155 437
155 438
155 439
168 416
169 417
170 418
171 419
172 420
173 421
173 422
173 423
173 424
173 425
173 426
173 427
174 427
175 427
176 427
177 427
178 427
179 427
180 427
181 427
182 426
183 425
184 425
185 425
186 425
187 425
188 425
189 424
190 423
191 422
192 422
193 422
194 422
195 422
196 422
197 422
198 422
199 422
200 422
201 422
202 421
203 420
204 419
205 420
206 421
207 422
208 423
209 424
210 425
210 426
210 427
211 428
212 429
213 430
214 431
215 432
216 433
217 434
218 435
219 436
220 436
221 436
184 426
185 427
186 428
187 429
188 430
189 431
190 432
190 433
190 434
190 435
190 436
218 361
219 362
220 363
221 364
222 365
223 366
224 367
225 368
226 369
226 370
226 371
226 372
225 373
224 374
223 375
222 376
221 377
220 377
219 377
218 377
217 377
216 377
215 377
214 377
215 378
216 379
217 380
218 381
218 382
218 383
218 384
218 385
218 386
218 387
218 388
218 389
219 389
220 389
221 389
222 389
223 389
224 389
225 389
226 389
227 389
228 389
229 389
230 389
231 390
232 391
233 392
234 392
235 392
236 392
237 392
238 392
239 392
240 392
241 391
242 390
243 389
244 389
245 389
246 389
247 388
248 387
249 386
250 385
251 384
252 384
253 384
254 384
255 384
256 384
257 384
258 384
259 384
260 383
261 382
252 385
253 386
254 387
255 388
256 389
256 390
256 391
256 392
256 393
256 394
256 395
257 395
258 395
259 395
260 395
261 395
262 395
263 395
264 395
265 395
266 395
267 395
268 395
269 396
270 397
271 398
272 399
273 400
274 401
275 402
276 403
277 404
278 405
278 406
277 406
276 406
275 406
274 406
273 406
272 406
271 406
270 406
269 406
279 407
280 408
281 409
281 410
281 411
281 412
281 413
281 414
281 415
255 396
254 397
253 398
252 399
252 400
252 401
252 402
252 403
252 404
252 405
252 406
235 393
235 394
235 395
235 396
235 397
235 398
235 399
235 400
235 401
233 393
232 394
231 395
230 396
229 397
228 398
227 399
226 400
226 401
225 402
224 403
223 404
222 405
221 405
220 405
219 405
218 405
217 405
216 405
215 405
214 405
213 405
212 405
211 405
210 405
209 404
209 403
209 402
209 401
209 400
208 399
207 398
206 397
205 396
204 395
203 394
202 393
202 392
201 391
200 390
199 389
198 388
197 387
196 386
195 385
194 384
194 383
193 383
193 382
193 381
193 380
193 379
193 378
193 377
193 376
192 375
191 374
190 373
189 372
188 371
195 383
196 383
197 383
198 383
199 382
200 381
201 380
201 394
200 395
199 396
198 396
197 396
196 396
195 396
194 396
193 396
208 405
207 405
227 402
228 403
229 404
230 405
231 406
232 407
233 408
234 409
235 410
235 411
235 412
235 413
235 414
235 415
236 416
237 417
237 418
237 419
237 420
237 421
237 422
237 423
237 424
237 425
237 426
237 427
238 428
239 429
240 429
241 429
242 429
243 429
244 429
245 429
246 429
247 429
248 429
249 429
250 429
251 429
250 430
249 431
248 432
247 433
246 434
245 435
244 436
243 437
242 438
241 439
240 440
239 441
238 441
252 430
253 431
254 432
255 433
256 434
257 435
258 436
259 437
259 438
260 438
261 438
262 438
263 438
264 437
265 436
266 435
267 434
268 433
269 432
270 432
271 432
272 432
273 432
274 432
275 432
276 432
277 432
278 432
279 432
280 432
281 432
282 433
283 434
284 435
285 436
286 437
287 438
288 439
289 440
290 441
291 442
292 443
292 444
292 445
292 446
292 447
293 447
294 447
295 447
296 447
297 447
298 447
299 447
300 447
301 446
302 445
303 444
304 443
305 442
306 441
307 440
308 440
309 440
310 440
311 440
312 440
313 440
314 439
315 438
316 437
317 436
317 435
316 434
315 433
314 432
313 431
312 430
311 429
310 428
309 427
308 426
307 425
306 424
305 423
304 423
303 423
302 423
301 423
300 423
299 423
298 423
297 423
296 422
308 441
309 442
310 443
311 444
312 445
313 446
314 447
315 447
293 448
294 449
295 450
296 451
297 452
298 453
298 454
298 455
298 456
298 457
298 458
298 459
298 460
298 461
299 462
300 463
301 464
302 465
303 466
303 467
303 468
303 469
303 470
303 471
303 472
303 473
303 474
304 474
305 474
306 474
307 474
308 473
309 472
310 471
311 470
312 469
313 468
314 467
315 466
316 465
317 464
318 463
319 463
320 463
321 463
322 463
323 463
324 463
325 463
326 463
327 463
328 463
329 463
330 463
331 462
332 461
333 460
334 459
335 458
336 457
304 475
305 476
306 477
307 478
308 479
309 479
310 479
311 479
312 479
313 479
314 479
315 479
316 480
317 481
318 482
319 482
320 482
321 482
322 482
323 482
324 482
325 482
326 482
327 482
328 482
329 482
330 482
331 482
332 482
333 482
334 482
335 482
336 482
337 482
338 482
339 482
340 482
341 482
342 482
343 481
344 480
345 480
345 479
345 481
345 482
345 483
345 484
345 485
345 486
345 487
345 488
345 489
345 490
345 491
345 492
345 493
344 494
343 495
342 496
341 497
340 498
339 499
338 500
337 501
336 502
336 503
336 504
336 505
336 506
336 507
302 475
301 476
300 477
299 478
298 479
297 480
296 481
295 482
294 482
293 482
292 482
291 482
290 482
289 482
290 483
291 484
292 485
293 486
294 487
295 488
296 488
297 488
298 488
299 488
300 488
301 488
300 489
299 490
298 491
297 492
296 493
295 494
294 494
293 494
292 494
291 494
302 489
303 490
304 491
305 492
306 493
307 494
308 494
309 494
227 312
228 313
229 314
230 315
231 315
232 315
233 315
234 315
235 315
236 315
237 316
238 317
239 318
239 319
239 320
239 321
239 322
239 323
239 324
240 325
241 326
242 327
243 328
244 329
245 330
246 331
247 332
248 332
249 332
250 332
251 331
252 330
253 329
254 328
255 327
256 326
257 325
258 324
259 323
260 322
261 321
262 322
263 323
264 324
265 325
266 326
267 327
268 328
269 329
270 330
271 330
271 329
271 328
271 327
271 326
271 325
271 324
271 323
272 322
273 321
274 320
275 319
276 318
277 317
278 316
279 316
280 316
281 316
282 316
283 316
284 316
285 315
286 314
287 313
288 314
289 315
290 316
291 317
292 318
293 319
294 320
295 321
296 322
297 323
298 324
299 325
300 325
301 326
302 327
303 328
304 329
305 330
306 331
306 332
306 333
306 334
307 330
308 329
309 328
310 327
311 326
312 325
313 324
312 323
311 322
310 321
309 320
308 319
307 318
306 317
305 316
304 315
303 314
270 331
270 332
270 333
270 334
270 335
270 336
270 337
270 338
270 339
269 340
268 341
268 342
268 343
268 344
268 345
268 346
268 347
268 348
268 349
268 350
268 351
268 352
268 353
269 354
270 355
271 356
272 357
273 358
274 359
275 360
276 361
277 362
278 362
279 362
280 362
281 362
281 361
281 360
281 359
281 358
282 357
283 356
284 355
285 354
286 353
287 352
288 351
289 350
290 349
291 348
291 347
291 346
291 345
291 344
290 343
289 342
292 349
293 350
294 351
295 352
296 353
297 354
298 355
299 356
300 357
301 358
301 359
301 360
301 361
301 362
302 362
303 362
304 362
305 362
306 362
307 362
308 361
309 360
310 359
302 363
303 364
304 365
305 366
306 367
307 368
307 369
307 370
307 371
307 372
307 373
307 374
307 375
307 376
307 377
307 378
307 379
248 333
249 334
250 335
251 336
252 337
253 338
253 339
253 340
253 341
253 342
253 343
253 344
253 345
252 346
251 347
250 348
249 349
248 350
247 351
246 352
246 353
246 354
247 355
248 356
249 357
250 358
251 359
252 360
253 361
252 362
251 363
250 364
249 365
248 366
247 367
246 368
245 368
246 288
247 289
248 290
249 291
250 292
251 293
252 294
253 295
253 296
253 297
253 298
253 299
253 300
254 301
255 302
256 303
257 304
258 305
259 305
260 305
261 305
262 305
263 305
264 305
265 305
266 305
267 305
268 305
269 304
270 303
271 302
272 301
261 266
262 267
263 268
264 269
264 270
264 271
264 272
264 273
264 274
264 275
264 276
264 277
264 278
265 279
266 280
267 281
268 282
269 283
270 284
271 284
272 284
273 284
274 284
276 247
275 246
274 245
273 244
272 244
271 244
270 244
269 244
268 244
267 244
266 244
265 244
264 244
263 244
262 244
261 244
260 244
259 244
258 244
257 244
256 244
255 243
268 214
269 213
270 212
271 211
272 210
273 209
274 208
274 207
274 206
274 205
273 204
272 203
271 202
270 201
269 200
268 199
267 198
266 197
265 196
254 220
253 221
252 222
252 223
252 224
252 225
252 226
252 227
252 228
252 229
251 230
250 231
249 231
248 231
247 231
246 231
245 231
244 231
243 232
242 233
241 234
240 235
239 236
238 237
238 238
238 239
238 240
238 241
238 242
238 243
238 244
238 245
237 246
236 247
235 248
234 249
233 250
232 251
231 252
230 253
236 179
237 180
238 181
239 182
240 183
241 184
242 185
243 186
244 187
245 187
246 187
247 187
242 166
243 167
244 168
245 169
246 169
247 169
248 169
249 169
250 169
251 169
278 179
279 180
280 181
281 182
281 183
281 184
281 185
281 186
304 164
305 165
306 166
307 167
308 168
309 169
310 170
311 171
311 172
311 173
311 174
311 175
311 176
311 177
312 178
313 179
314 180
315 181
316 182
317 183
318 184
319 185
320 186
321 186
344 178
343 179
342 180
341 181
340 182
339 183
338 184
337 185
336 186
336 187
336 188
336 189
337 189
336 190
336 191
336 192
336 193
336 194
336 195
336 196
336 197
336 198
336 199
335 200
334 201
333 202
333 203
333 204
333 205
333 206
333 207
333 208
333 209
333 210
333 211
332 212
331 213
330 214
329 215
328 216
327 217
326 218
325 219
325 220
325 221
325 222
325 223
325 224
325 225
325 226
325 227
338 190
339 191
340 192
341 193
342 194
343 195
344 196
345 196
346 196
347 196
348 196
349 196
350 196
351 197
352 198
353 199
354 200
355 201
356 202
357 203
358 204
359 205
360 206
361 207
362 207
361 208
360 208
359 208
358 208
357 208
356 208
355 208
354 208
363 208
364 209
365 210
366 211
367 212
368 213
369 214
370 215
370 216
370 217
370 218
370 219
370 220
370 221
370 222
370 223
370 224
369 224
368 225
367 226
366 227
365 228
364 229
363 230
362 231
361 232
360 233
359 234
358 234
357 234
356 234
355 234
354 235
353 236
352 237
351 238
351 239
351 240
351 241
351 242
351 243
352 244
353 245
353 246
353 247
353 248
353 249
353 250
353 251
353 252
353 253
370 225
370 226
370 227
370 228
370 229
370 230
370 231
370 232
370 233
371 234
372 235
373 236
373 237
373 238
373 239
373 240
373 241
373 242
373 243
373 244
373 245
373 246
373 247
373 248
373 249
358 177
359 176
360 175
361 174
362 173
363 172
364 171
365 170
366 169
366 168
365 168
364 168
363 168
362 167
361 166
360 165
359 164
358 163
357 162
357 161
357 160
356 159
355 158
354 157
353 156
352 155
351 154
351 153
352 153
351 152
351 151
351 150
351 149
351 148
351 147
351 146
351 145
350 144
349 143
348 142
347 141
346 140
345 139
344 139
343 139
342 139
341 139
340 139
339 139
338 139
337 139
336 139
335 139
334 139
333 138
332 137
332 136
332 135
332 134
332 133
332 132
331 131
330 130
329 129
328 128
327 127
326 126
326 125
326 124
326 123
326 122
326 121
326 120
326 119
326 118
326 117
326 116
325 116
324 116
323 116
322 116
321 116
320 116
319 116
318 116
317 116
316 115
315 114
314 113
313 112
326 115
326 114
326 113
326 112
326 111
326 110
326 109
326 108
327 107
328 106
329 107
330 108
331 109
332 110
333 111
334 112
335 113
336 114
337 115
338 116
339 117
340 118
341 119
342 119
342 118
342 117
342 116
342 115
342 114
342 113
342 112
342 111
343 110
344 109
345 108
345 107
345 106
345 105
345 104
345 103
345 102
346 101
347 100
348 99
349 98
350 97
351 96
352 96
353 96
354 96
355 96
356 96
357 96
358 96
359 96
360 96
361 96
362 95
363 94
363 93
363 92
364 92
363 91
362 90
361 89
360 88
359 87
358 86
357 85
356 84
355 83
365 91
366 90
367 89
368 88
369 87
370 86
371 85
372 84
373 83
374 82
375 82
376 82
377 82
378 82
379 82
380 82
381 82
382 82
383 82
384 81
385 80
386 79
387 78
388 77
389 76
390 75
391 76
392 77
393 78
394 79
395 80
396 81
397 82
398 83
399 84
400 85
401 86
402 87
403 88
404 89
404 90
404 91
405 91
405 92
406 93
407 94
408 95
408 96
408 97
408 98
408 99
408 100
408 101
406 90
407 89
408 88
409 87
410 86
411 85
412 84
413 83
414 82
415 81
416 80
417 79
418 78
419 77
420 76
420 75
419 74
418 73
417 72
416 71
415 70
414 69
413 68
412 67
411 66
410 65
409 64
408 64
407 64
406 64
405 64
404 63
403 62
402 61
401 60
400 59
399 58
398 57
409 63
410 62
411 61
412 60
413 59
414 58
415 57
416 56
417 55
418 54
419 53
419 52
419 51
419 50
419 49
419 48
419 47
419 46
419 45
419 44
419 43
420 42
421 41
422 40
420 54
421 55
422 56
423 57
424 58
425 59
425 60
425 61
425 62
425 63
403 92
402 93
401 94
400 94
399 94
398 94
397 94
396 94
395 94
394 94
393 94
392 95
391 96
390 97
390 98
390 99
390 100
390 101
390 102
390 103
390 104
390 105
390 106
390 107
390 108
390 109
374 81
374 80
374 79
373 78
372 77
371 76
370 75
369 74
368 73
367 72
366 71
365 70
364 69
363 69
362 69
361 69
360 69
359 69
358 69
357 68
356 67
355 66
354 65
354 64
354 63
353 62
352 61
351 60
350 59
349 58
348 57
347 56
346 55
345 54
344 53
344 52
344 51
344 50
344 49
344 48
344 47
344 46
344 45
344 44
344 43
344 42
344 41
344 40
343 40
342 40
341 40
340 40
339 40
338 40
337 40
336 40
335 40
334 40
333 39
332 38
331 37
330 36
329 35
328 34
327 33
326 32
345 40
346 40
347 40
348 40
349 40
350 40
351 40
352 39
353 38
354 37
355 37
356 37
357 37
358 37
359 36
360 35
361 34
362 33
363 32
364 31
365 32
366 33
367 34
368 34
369 34
370 34
371 34
372 34
373 34
374 35
375 36
376 36
377 36
378 36
379 36
380 36
381 36
382 36
381 37
380 38
380 39
380 40
380 41
380 42
380 43
380 44
380 45
380 46
343 54
342 55
341 56
340 57
339 58
338 59
337 60
336 61
335 62
334 63
333 64
332 65
331 66
330 67
329 68
328 68
327 69
326 70
325 71
324 72
323 72
322 72
321 72
320 72
319 72
318 73
317 74
316 75
315 76
314 77
313 78
312 79
311 80
310 81
309 82
309 83
309 84
309 85
309 86
308 87
307 88
306 89
305 90
304 91
303 92
302 93
301 93
300 93
299 93
298 93
297 93
297 92
297 91
297 90
297 89
297 88
297 87
296 86
295 85
294 84
293 83
292 82
291 81
290 80
289 79
289 78
289 77
289 76
289 75
289 74
289 73
289 72
288 71
287 70
286 69
285 68
284 67
284 66
285 65
286 64
287 63
288 62
289 61
290 60
291 59
292 58
293 57
294 56
294 55
294 54
294 53
294 52
294 51
295 50
296 49
297 48
298 47
299 46
300 45
301 44
302 43
303 42
296 94
295 95
294 96
293 97
292 98
291 99
290 100
289 101
288 102
287 102
286 102
285 102
284 102
283 102
282 102
364 68
364 67
364 66
364 65
364 64
364 63
364 62
364 61
364 60
365 59
366 58
352 97
353 98
354 99
355 100
356 101
357 102
358 103
359 104
360 105
360 106
360 107
360 108
342 120
342 121
325 127
324 128
323 129
322 130
321 131
320 132
319 133
318 134
318 135
318 136
317 136
316 136
315 136
314 136
313 136
312 136
311 136
310 136
309 135
308 134
307 133
306 132
345 138
346 137
347 136
348 135
349 134
350 133
351 132
352 131
353 130
354 129
355 128
356 127
357 126
358 125
359 124
353 152
354 151
355 150
356 149
357 148
358 147
359 146
360 145
361 144
362 143
363 144
364 145
365 146
366 147
367 148
368 149
369 150
370 151
371 152
372 152
373 152
373 151
373 150
374 149
375 148
376 147
377 146
378 145
379 144
380 143
381 142
382 141
383 140
384 141
385 142
386 143
387 144
388 145
389 146
390 146
391 146
392 146
393 146
394 146
395 146
396 146
397 146
397 147
398 147
397 148
397 149
397 150
397 151
397 152
397 153
397 154
399 148
400 149
401 149
402 149
403 149
404 149
405 149
406 149
407 149
408 149
409 149
409 148
409 147
409 146
409 145
409 144
409 143
410 142
411 141
412 140
413 139
414 138
415 138
416 138
417 138
418 138
419 138
420 138
421 138
422 138
423 138
424 138
425 138
426 138
427 138
428 138
429 138
430 138
431 138
432 138
433 138
434 138
435 138
436 138
437 138
438 138
439 137
440 137
441 137
442 136
443 135
444 134
445 133
446 132
447 131
448 130
449 129
450 128
451 127
452 126
453 125
454 124
454 123
454 122
454 121
454 120
454 119
454 118
454 117
454 116
454 115
454 114
455 113
455 112
455 111
455 110
455 109
455 108
455 107
455 106
455 105
455 104
455 103
454 102
453 101
452 100
456 114
457 115
458 116
459 117
460 118
461 119
462 120
463 121
464 122
465 123
466 123
467 123
468 123
469 123
470 123
471 123
471 122
471 121
471 120
471 119
471 118
471 117
471 116
471 115
472 114
473 113
474 112
475 111
476 110
476 109
476 108
476 107
477 106
478 105
479 104
480 103
481 102
482 103
483 104
484 105
485 106
486 106
487 106
488 106
489 106
470 124
470 125
470 126
470 127
470 128
470 129
470 130
470 131
470 132
470 133
470 134
470 135
471 136
472 137
473 138
474 139
475 140
476 141
477 142
478 142
479 142
480 142
481 142
482 142
483 142
484 142
485 142
486 142
487 142
488 141
489 140
490 139
491 139
492 139
493 139
494 139
495 139
496 139
497 139
498 139
499 139
500 139
501 139
502 140
503 141
504 142
505 143
506 143
507 143
508 143
509 143
510 143
511 143
512 143
513 143
514 143
515 143
516 143
517 143
518 143
519 143
520 143
521 143
522 143
523 142
524 141
525 140
526 140
527 140
528 139
529 138
530 137
531 136
532 135
533 136
534 137
535 138
536 138
536 139
537 140
538 141
539 142
540 143
541 144
542 145
543 146
544 147
545 148
546 149
547 150
547 151
547 152
547 153
547 154
546 155
545 156
544 156
543 156
542 156
541 156
540 156
539 156
538 157
537 158
536 158
535 158
534 158
533 158
532 158
531 158
530 159
529 160
528 160
527 160
526 160
525 160
524 160
523 160
522 160
521 161
520 162
519 163
518 164
518 165
518 166
518 167
518 168
517 169
516 170
515 171
514 172
513 173
512 174
511 175
510 176
509 177
509 178
509 179
509 180
509 181
509 182
508 182
507 182
506 181
505 180
504 179
503 178
502 177
501 176
500 177
499 178
498 179
497 180
496 181
495 182
494 183
493 184
492 185
491 186
491 187
490 187
489 187
488 186
487 185
486 184
485 183
484 182
483 181
482 180
482 179
481 179
483 179
484 179
485 178
486 177
487 176
488 175
489 174
490 174
489 173
489 172
489 171
489 170
489 169
488 168
487 167
486 166
485 165
484 164
483 164
482 164
481 164
480 164
479 164
478 164
477 163
476 162
475 163
474 164
473 165
472 166
471 167
470 168
469 169
469 170
469 171
469 172
469 173
469 174
469 175
469 176
469 177
469 178
469 179
469 180
491 173
492 172
493 171
494 170
495 169
496 168
497 167
498 166
499 165
500 164
501 163
502 162
490 188
489 189
488 190
487 191
486 192
485 193
485 194
485 195
485 196
484 197
483 198
482 199
481 200
480 201
479 202
478 203
477 204
476 205
475 205
474 205
473 205
472 205
471 205
470 206
469 207
468 208
467 208
466 208
465 208
464 208
463 208
462 208
461 208
460 208
459 208
458 208
457 208
456 208
455 208
454 208
453 208
452 208
451 208
451 207
451 206
451 205
450 204
449 203
448 202
447 201
446 200
445 199
444 198
443 197
442 196
441 195
440 194
439 193
439 192
438 192
440 192
441 192
442 192
443 192
444 192
445 191
446 190
447 189
448 188
447 187
446 186
445 185
444 184
443 183
442 182
441 181
440 180
439 179
438 178
437 177
437 176
437 175
438 174
439 173
440 172
441 171
442 170
443 169
540 157
541 158
542 159
543 160
544 161
544 162
544 163
544 164
548 155
549 156
550 156
551 156
552 156
553 156
554 156
555 156
556 156
557 156
558 157
559 158
560 159
561 159
562 159
563 159
564 159
565 159
566 159
567 159
568 159
569 159
570 159
570 158
570 157
570 156
571 155
572 154
573 153
574 152
575 151
576 150
571 160
572 161
573 162
574 163
575 164
575 165
575 166
575 167
576 168
577 169
578 170
579 171
580 172
581 173
582 174
582 175
582 176
581 177
580 178
579 179
578 180
577 181
576 182
575 183
574 184
573 185
573 186
572 187
571 188
570 189
569 190
568 191
567 192
566 192
565 192
564 192
563 192
562 192
561 192
560 193
559 194
558 195
557 196
557 197
557 198
557 199
557 200
557 201
556 202
555 203
554 204
553 205
552 206
551 207
550 208
549 209
548 210
547 211
546 212
545 212
544 212
543 212
543 211
543 210
543 209
543 208
542 207
541 206
540 205
539 204
538 203
537 202
536 201
535 202
534 203
533 204
532 205
531 206
530 207
529 208
528 209
527 209
526 209
525 209
524 209
523 209
522 209
521 209
520 209
519 209
518 208
517 207
516 206
515 205
514 204
525 210
525 211
525 212
525 213
525 214
525 215
525 216
525 217
525 218
525 219
524 220
523 221
522 221
521 221
520 221
519 221
518 221
517 221
516 221
515 221
514 221
513 221
512 221
511 221
510 221
509 221
508 221
507 221
506 221
505 221
504 220
503 219
502 219
501 219
500 219
499 219
498 219
497 219
496 218
495 217
494 218
493 219
493 220
493 221
493 222
493 223
493 224
493 225
493 226
492 227
491 228
491 229
491 230
491 231
491 232
491 233
491 234
491 235
491 236
491 237
491 238
491 239
491 240
490 241
489 242
488 243
487 244
486 245
485 246
484 247
483 248
482 248
481 248
480 248
479 248
478 248
477 248
476 248
475 248
474 248
473 248
472 247
471 246
470 245
469 244
468 243
467 242
466 241
465 240
464 239
463 238
462 238
461 237
460 236
459 235
458 234
457 233
456 232
456 231
455 231
457 231
458 231
459 231
460 231
461 230
462 229
463 228
464 227
465 226
492 241
493 242
494 243
495 244
496 245
497 246
498 247
499 248
500 249
501 250
502 251
503 252
504 252
504 251
504 250
504 249
504 248
504 247
504 246
505 245
506 244
507 243
508 244
509 244
510 244
511 244
512 244
513 244
514 244
515 244
516 244
517 244
518 244
519 244
520 245
521 246
522 246
523 246
524 246
525 246
526 246
527 246
528 247
529 248
530 249
531 250
532 251
533 252
534 253
535 254
536 255
536 256
504 253
504 254
504 255
504 256
505 257
506 258
507 259
508 260
509 261
510 262
511 263
512 264
512 265
512 266
512 267
512 268
512 269
511 270
510 271
509 272
508 273
507 274
506 274
505 274
504 274
503 274
502 275
501 276
500 277
499 278
498 279
497 279
496 279
495 279
494 279
493 280
492 281
491 282
490 283
489 283
488 283
487 283
486 283
485 283
484 283
483 283
483 282
483 281
483 280
483 279
483 278
483 277
483 276
482 275
481 274
480 273
479 272
478 271
477 270
482 284
481 285
480 286
479 287
478 288
477 289
476 290
475 291
474 292
473 293
473 294
473 295
473 296
473 297
473 298
472 298
471 298
470 298
469 297
468 296
467 295
466 294
465 293
464 293
463 293
462 293
461 293
460 293
459 293
458 293
457 293
456 293
455 293
454 293
453 293
452 292
474 299
475 300
476 301
477 302
478 303
479 304
480 304
481 304
482 304
483 304
484 304
485 304
486 304
487 304
488 304
489 304
490 303
491 302
492 301
493 300
494 301
495 302
496 303
497 304
498 305
499 306
500 307
501 308
502 309
503 310
503 311
503 312
503 313
503 314
503 315
504 316
505 317
506 318
506 319
506 320
506 321
506 322
506 323
506 324
506 325
506 326
506 327
506 328
507 329
508 330
509 331
510 332
511 333
512 334
513 335
514 336
515 336
516 336
517 336
518 336
519 336
520 336
521 336
522 336
523 336
523 335
524 334
525 333
526 332
527 331
528 330
529 329
530 328
531 327
532 326
533 326
534 326
535 325
536 324
537 323
538 322
539 321
540 320
541 321
542 321
543 321
544 321
545 321
546 321
547 321
548 321
549 321
550 322
550 323
550 324
550 325
550 326
550 327
550 328
550 329
550 330
550 331
550 332
550 333
550 334
550 335
550 336
550 337
550 338
551 339
551 340
551 341
551 342
551 343
551 344
551 345
551 346
551 347
551 348
551 349
551 350
551 351
551 352
552 352
553 352
554 352
555 352
556 352
557 352
558 352
559 352
560 352
561 352
562 352
563 352
564 352
565 352
566 351
567 350
568 349
568 348
568 347
568 346
568 345
568 344
568 343
568 342
568 341
568 340
569 339
570 339
571 339
570 340
571 341
572 342
573 343
574 344
575 345
576 346
577 347
578 348
579 349
580 350
581 350
582 350
583 350
584 350
585 350
572 338
573 337
574 336
575 335
576 334
577 333
578 332
579 331
580 330
581 329
582 328
583 327
584 326
584 325
584 324
585 324
586 323
587 322
588 321
589 320
590 319
591 318
592 317
593 316
594 315
595 314
596 314
597 314
598 314
599 314
600 314
601 314
602 314
603 314
604 314
605 314
606 313
607 312
608 311
609 310
610 311
611 312
612 312
613 312
614 312
615 312
616 312
617 312
618 312
619 312
620 313
621 314
622 314
623 314
624 314
625 314
626 314
627 314
628 314
627 315
626 316
626 317
626 318
626 319
626 320
626 321
626 322
626 323
625 324
624 325
624 326
624 327
624 328
624 329
624 330
624 331
623 332
622 333
621 334
620 335
619 336
618 337
617 337
616 337
617 338
618 339
618 340
618 341
618 342
618 343
618 344
618 345
618 346
618 347
617 348
617 349
617 350
617 351
617 352
617 353
617 354
617 355
616 355
615 355
614 355
613 355
612 355
611 355
610 355
609 355
608 355
607 355
606 354
605 353
604 354
603 355
602 356
601 357
600 358
599 359
598 360
597 361
596 362
595 363
595 364
595 365
595 366
595 367
595 368
618 356
619 357
620 358
621 359
621 360
621 361
621 362
621 363
622 363
623 363
624 363
625 363
626 363
627 363
628 362
629 361
630 361
631 361
632 360
633 359
634 358
622 364
623 365
624 366
625 367
626 368
627 369
628 370
629 370
630 370
629 371
628 372
627 373
626 374
625 375
624 376
623 377
622 378
621 379
620 380
619 381
618 382
617 383
616 383
615 383
614 384
613 385
612 386
611 386
610 386
609 386
608 386
607 386
606 386
605 386
604 386
603 386
602 387
601 388
600 389
599 390
598 391
597 392
596 393
595 394
594 394
593 394
592 394
591 394
590 394
589 394
588 394
587 394
586 394
585 394
584 394
583 394
582 393
581 392
580 392
580 391
580 393
580 394
580 395
580 396
580 397
580 398
580 399
580 400
580 401
580 402
593 395
594 396
595 397
596 398
597 399
598 400
599 401
600 402
600 403
600 404
600 405
600 406
600 407
600 408
600 409
600 410
600 411
600 412
631 371
632 372
633 373
634 374
635 375
636 376
637 377
637 378
638 379
639 380
640 381
641 382
641 383
641 384
641 385
641 386
641 387
641 388
640 389
639 390
638 391
637 392
636 393
636 394
636 395
636 396
636 397
635 398
634 399
633 399
632 399
631 399
630 399
629 399
628 399
627 399
626 399
625 399
624 399
637 398
638 399
639 400
640 401
641 402
642 403
642 404
642 405
643 406
644 407
644 408
644 409
644 410
644 411
644 412
644 413
644 414
583 323
582 322
581 321
580 320
579 319
578 318
577 317
576 316
575 315
574 314
573 313
572 312
571 311
570 310
569 309
568 308
522 337
521 338
520 339
520 340
520 341
520 342
520 343
520 344
520 345
520 346
485 305
485 306
485 307
485 308
485 309
485 310
485 311
485 312
485 313
485 314
485 315
485 316
485 317
485 318
485 319
484 320
484 321
484 322
484 323
484 324
484 325
484 326
484 327
483 328
482 329
481 330
480 331
479 332
479 333
479 334
479 335
478 335
477 334
476 333
475 332
474 331
473 330
472 329
471 328
470 328
469 328
468 328
467 328
466 327
465 326
464 325
463 324
462 324
461 324
460 324
459 324
458 324
457 324
456 324
455 324
454 324
453 324
452 323
451 322
450 321
449 320
448 319
447 320
446 321
445 322
444 323
443 324
442 325
441 326
440 327
439 328
438 329
437 329
436 329
435 329
434 329
433 329
432 329
431 329
470 329
469 330
468 331
467 332
466 333
465 334
464 335
463 336
462 337
461 338
460 338
459 339
458 340
457 341
457 342
457 343
457 344
457 345
457 346
457 347
457 348
457 349
456 349
455 349
454 349
453 349
452 349
451 349
450 349
449 349
448 349
447 348
446 347
445 348
444 349
443 350
442 351
441 352
440 353
439 354
439 355
438 355
437 354
436 353
435 352
434 351
433 350
432 349
431 348
430 347
439 356
439 357
439 358
439 359
439 360
439 361
440 362
441 363
442 364
443 364
444 364
445 364
446 364
447 364
448 365
449 366
450 367
451 368
452 369
452 370
452 371
452 372
452 373
452 374
452 375
453 375
454 375
455 375
456 374
457 373
458 372
459 371
460 370
460 369
460 368
461 367
462 366
463 365
464 364
465 363
466 362
467 361
468 360
469 359
470 358
471 357
472 358
473 359
474 360
475 361
476 362
477 363
478 364
479 365
480 366
481 366
482 366
483 366
484 366
485 366
486 366
487 366
488 367
489 368
490 368
491 368
492 368
493 368
494 368
495 368
496 368
497 368
498 368
498 367
498 366
498 365
498 364
498 363
498 362
498 361
499 360
500 359
500 358
500 357
500 356
500 355
500 354
500 353
500 352
500 351
500 350
500 349
500 348
500 347
500 346
500 345
500 344
453 376
454 377
455 378
456 379
457 380
457 381
457 382
458 383
459 384
460 385
461 386
462 387
463 388
464 389
465 390
466 391
467 392
467 393
468 394
469 395
470 396
471 397
472 398
472 399
472 400
472 401
472 402
472 403
472 404
472 405
472 406
473 406
474 406
475 406
476 406
477 406
478 405
479 404
480 403
481 402
482 401
482 400
482 399
482 398
482 397
482 396
482 395
482 394
481 393
480 392
480 391
480 390
480 389
480 388
480 387
480 386
480 385
480 384
471 407
470 408
469 409
469 410
469 411
469 412
469 413
469 414
469 415
469 416
469 417
469 418
469 419
470 420
471 421
472 422
473 423
474 424
475 424
476 424
477 424
478 424
477 425
476 426
475 427
474 428
473 429
472 430
471 431
470 432
469 433
468 434
467 434
466 434
465 434
464 434
463 434
462 434
461 434
460 434
459 434
458 434
457 433
456 433
455 433
454 433
453 433
452 432
451 431
450 430
449 429
449 428
449 427
449 426
449 425
449 424
449 423
449 422
449 421
448 420
447 419
446 420
445 421
444 422
443 423
442 424
441 425
440 426
439 427
438 428
437 429
436 430
435 431
434 432
433 432
432 432
431 432
430 433
429 434
428 435
428 436
428 437
428 438
428 439
428 440
428 441
479 425
480 426
481 427
482 428
483 429
484 430
485 431
486 431
486 430
487 429
488 428
489 427
490 426
491 425
492 424
493 423
494 422
495 423
496 424
497 425
498 426
499 427
500 427
501 427
502 427
503 427
504 427
505 427
505 426
505 425
505 424
505 423
505 422
505 421
505 420
505 419
505 418
505 417
504 428
503 429
502 430
502 431
502 432
502 433
502 434
502 435
502 436
502 437
502 438
506 428
507 429
508 430
509 431
510 432
511 433
512 434
513 435
514 436
515 437
516 438
517 439
518 440
519 441
520 442
521 443
522 443
523 443
524 443
525 443
526 443
527 443
528 443
529 443
530 443
531 443
531 442
531 441
531 440
532 439
533 438
534 437
535 436
536 435
537 434
538 433
539 432
539 431
538 431
537 431
536 431
535 431
534 431
533 431
532 431
531 430
530 429
529 428
528 427
540 431
541 432
542 433
543 434
544 435
545 436
546 437
547 437
548 437
549 437
550 437
551 437
551 436
551 435
551 434
551 433
552 432
553 431
554 430
555 429
556 428
557 427
558 426
558 425
558 424
558 423
558 422
558 421
558 420
558 419
557 418
556 417
555 416
554 415
553 414
553 413
553 412
553 411
553 410
552 409
551 408
550 407
549 406
548 405
547 404
546 403
545 403
544 403
543 402
542 401
541 400
540 401
539 402
538 403
537 404
536 404
535 404
534 404
533 404
532 404
531 404
530 404
529 404
528 404
527 404
526 404
525 404
524 404
523 404
522 404
521 404
520 404
519 404
518 404
517 404
516 403
515 402
514 401
513 400
512 399
546 402
546 401
547 400
548 399
549 398
550 397
551 396
551 395
550 394
549 393
548 392
547 391
546 390
545 389
544 388
543 387
542 386
541 385
540 384
540 383
540 382
540 381
540 380
540 379
540 378
540 377
541 376
542 375
543 374
543 373
542 373
541 373
540 373
539 373
538 374
537 375
536 376
535 377
534 378
533 379
532 380
531 381
530 382
529 383
528 383
527 383
526 383
525 383
524 383
523 383
523 382
523 381
523 380
523 379
523 378
523 377
522 376
544 373
545 374
546 375
547 376
548 377
549 378
550 379
551 380
552 380
553 380
559 427
560 428
561 429
562 430
563 431
564 432
565 433
566 434
567 434
568 434
567 435
566 436
565 437
565 438
565 439
565 440
565 441
565 442
569 435
570 436
571 436
572 436
573 436
574 436
575 436
576 436
576 435
576 434
576 433
576 432
576 431
576 430
576 429
577 428
578 427
579 426
580 425
581 424
582 425
583 426
584 427
585 428
586 429
587 430
588 431
589 432
590 433
591 433
592 433
593 433
594 433
595 434
596 435
596 436
596 437
596 438
596 439
596 440
596 441
596 442
596 443
576 437
576 438
576 439
576 440
576 441
576 442
576 443
576 444
576 445
486 432
486 433
485 434
484 435
483 436
482 437
481 438
480 439
479 440
478 441
487 434
488 435
489 436
490 437
490 438
490 439
490 440
490 441
490 442
490 443
451 376
450 377
449 378
448 379
447 380
446 381
445 382
444 383
443 384
442 384
442 383
441 382
440 381
439 380
438 379
437 378
436 377
435 376
434 376
433 376
432 376
431 376
430 376
429 376
428 376
427 376
426 375
425 374
424 374
423 374
422 374
421 374
420 374
419 374
418 373
417 372
416 371
415 370
414 369
413 368
412 367
411 366
410 365
409 364
408 363
407 362
406 361
405 360
404 359
403 358
402 357
401 356
400 355
399 354
398 353
398 352
397 352
396 353
395 354
394 355
393 356
392 357
391 358
390 359
389 360
388 361
388 362
388 363
387 363
386 363
385 363
384 363
383 363
382 362
381 361
380 360
387 364
386 365
385 366
384 367
383 368
383 369
383 370
383 371
382 372
381 373
380 374
379 375
378 376
377 377
376 378
375 379
374 380
373 381
372 382
371 383
370 384
370 385
369 385
368 385
367 385
366 385
365 385
364 385
363 385
362 384
361 383
360 382
359 381
359 380
359 379
359 378
359 377
359 376
358 375
357 374
356 373
355 372
355 371
355 370
355 369
355 368
356 368
357 367
358 366
359 365
360 364
361 363
362 362
363 361
364 360
365 359
354 367
353 366
352 365
351 364
350 363
349 362
349 361
348 360
347 359
346 358
345 357
344 356
343 355
342 354
341 353
340 352
339 351
338 350
337 349
337 348
336 348
335 348
334 348
333 348
332 348
331 348
330 348
329 348
328 347
327 346
326 345
326 344
326 343
326 342
327 341
328 340
329 339
330 338
331 337
332 337
333 337
334 337
335 337
336 337
337 337
338 337
339 337
340 337
341 337
342 336
343 335
344 334
345 333
346 332
338 348
339 348
340 348
341 348
342 348
343 348
344 348
345 348
346 348
347 348
348 348
349 348
350 347
358 382
357 383
356 384
355 385
355 386
355 387
355 388
355 389
355 390
355 391
355 392
355 393
354 393
353 393
352 392
351 391
350 390
349 389
348 388
347 387
346 386
345 385
344 384
343 383
342 382
341 381
340 380
339 379
338 378
337 377
336 376
335 375
334 374
333 373
332 372
331 371
330 370
345 387
344 388
343 389
342 390
341 391
340 392
339 393
338 394
337 395
356 394
357 395
358 396
359 397
360 398
361 399
362 400
363 401
364 402
365 403
366 404
367 404
368 404
367 405
366 406
365 407
364 408
363 409
362 410
361 411
360 412
359 412
358 412
357 412
356 412
355 412
354 412
353 412
369 405
370 406
371 407
372 408
373 409
374 409
375 409
376 409
377 409
378 409
379 409
380 409
380 408
380 407
381 406
382 405
383 404
384 403
385 402
386 401
387 400
388 399
389 398
390 397
391 396
392 395
393 394
394 394
395 394
396 394
397 394
398 394
399 394
400 394
401 393
402 392
403 391
404 390
405 391
406 392
407 392
408 392
409 392
410 392
411 392
412 392
413 392
394 395
395 396
396 397
397 398
398 399
399 400
399 401
400 402
400 403
400 404
400 405
400 406
400 407
400 408
400 409
400 410
400 411
400 412
400 413
401 414
402 415
403 415
404 415
405 415
406 415
407 415
408 415
409 415
410 415
409 416
408 417
407 418
406 419
405 420
404 421
403 422
402 423
401 424
401 425
401 426
401 427
401 428
401 429
401 430
400 430
399 430
398 430
397 430
396 430
395 430
394 430
393 430
392 430
391 429
390 428
389 429
388 430
387 431
386 432
385 433
384 434
384 435
384 436
384 437
383 437
382 436
381 435
380 434
379 433
378 432
377 431
376 430
375 429
374 428
373 429
372 430
371 430
370 430
369 430
368 430
367 430
366 430
365 430
364 430
363 430
362 430
361 430
360 431
359 432
358 433
357 434
356 435
355 436
355 437
355 438
355 439
355 440
355 441
355 442
355 443
354 443
353 443
352 443
351 442
350 441
349 440
348 439
347 438
346 437
345 436
344 435
344 434
344 433
344 432
343 431
342 430
341 429
340 428
339 427
338 426
337 425
336 424
335 423
334 422
333 421
333 420
333 419
333 418
333 417
333 416
333 415
333 414
334 413
335 412
356 444
357 445
358 446
359 447
360 448
361 449
362 450
362 451
362 452
362 453
363 454
364 455
365 456
366 457
367 458
368 459
369 460
370 461
371 462
372 463
373 464
374 465
375 465
374 466
373 467
372 467
371 467
370 467
369 467
368 467
367 467
366 467
365 467
364 467
376 466
377 467
378 468
379 468
380 468
379 469
378 470
377 471
376 472
375 473
375 474
375 475
375 476
375 477
375 478
376 479
377 480
378 481
379 482
380 483
381 484
382 485
383 485
384 485
385 485
386 485
387 485
388 485
387 486
386 487
385 488
384 489
383 490
382 491
381 492
380 493
379 494
378 495
377 495
376 495
375 495
374 495
373 495
372 495
371 496
370 497
369 498
369 499
369 500
369 501
369 502
369 503
369 504
369 505
369 506
369 507
369 508
368 509
367 510
366 511
365 512
364 513
363 513
362 513
361 513
360 513
359 513
358 514
357 515
356 516
355 517
354 518
354 519
353 520
352 521
351 522
350 523
349 523
348 523
347 523
346 523
389 486
390 487
391 488
392 489
393 490
394 491
395 492
396 493
397 494
398 495
398 496
399 497
400 498
401 499
402 500
403 501
404 502
405 503
406 504
407 504
408 504
409 504
410 504
411 504
412 504
413 504
414 504
415 504
416 504
417 504
418 504
419 504
420 504
421 504
402 431
402 432
402 433
402 434
402 435
402 436
402 437
402 438
402 439
402 440
402 441
402 442
402 443
401 444
400 445
399 446
398 447
397 448
396 449
396 450
396 451
396 452
396 453
397 454
398 455
399 456
399 457
399 458
399 459
399 460
399 461
399 462
399 463
400 464
401 465
402 466
403 467
404 468
404 469
404 470
404 471
404 472
404 473
404 474
404 475
404 476
404 477
404 478
405 478
406 478
407 478
408 478
409 478
410 478
411 478
412 478
413 478
414 478
415 478
416 477
417 476
403 444
404 445
405 446
406 446
407 446
408 446
409 446
410 446
411 446
399 352
400 352
401 352
402 352
403 351
404 350
405 349
406 348
407 347
406 346
405 345
404 344
403 343
402 342
401 341
400 340
399 339
398 338
397 337
396 336
395 335
394 335
393 335
392 335
391 335
390 335
389 335
388 335
387 335
386 335
385 335
384 335
383 335
382 335
381 335
380 334
379 333
378 333
378 334
377 335
376 336
375 337
374 338
374 339
374 340
374 341
374 342
374 343
377 332
376 331
375 330
374 329
373 328
372 327
371 326
370 327
369 327
368 327
367 327
366 327
365 327
364 327
363 327
362 327
443 385
444 386
445 387
446 388
447 389
448 390
449 391
449 392
449 393
449 394
471 327
471 326
471 325
471 324
471 323
472 322
473 321
474 320
504 275
505 276
506 277
507 278
508 279
508 280
508 281
508 282
508 283
508 284
508 285
508 286
508 287
508 288
542 213
541 214
540 215
540 216
540 217
540 218
540 219
540 220
540 221
540 222
540 223
540 224
540 225
540 226
541 227
542 228
543 229
544 230
545 231
546 232
547 233
548 234
549 234
550 234
551 234
551 233
551 232
551 231
552 230
553 229
554 228
555 227
556 226
552 235
553 236
554 237
555 238
556 239
556 240
556 241
556 242
556 243
556 244
556 245
556 246
556 247
556 248
556 249
555 250
554 251
554 252
554 253
554 254
554 255
554 256
554 257
553 258
553 259
553 260
553 261
553 262
553 263
553 264
553 265
552 266
551 267
550 268
549 269
548 270
547 271
546 272
545 273
544 274
544 275
544 276
544 277
544 278
543 278
542 278
541 278
540 278
539 278
538 278
537 278
536 278
535 278
534 278
533 278
532 278
531 277
530 276
529 275
528 274
543 279
542 280
541 281
540 282
539 283
538 284
537 285
536 286
535 287
534 288
533 289
533 290
533 291
533 292
533 293
533 294
533 295
533 296
554 266
555 267
556 268
557 269
558 270
559 271
560 271
561 271
562 271
563 271
564 271
565 271
566 271
566 270
567 269
568 268
569 267
570 266
571 265
572 264
573 263
574 262
575 261
576 260
577 259
578 259
579 259
580 259
581 258
582 257
583 256
584 255
585 254
586 253
587 252
588 251
589 250
589 249
589 248
589 247
589 246
589 245
589 244
589 243
588 242
590 251
591 252
592 253
593 254
594 255
595 256
596 257
597 258
598 259
599 259
600 259
601 259
577 258
577 257
577 256
577 255
577 254
577 253
577 252
576 251
575 250
574 249
573 248
567 272
568 273
569 274
570 275
571 276
571 277
571 278
571 279
572 280
573 281
574 282
575 283
576 283
577 283
578 283
579 283
580 283
581 283
582 283
583 283
584 283
585 283
586 283
587 283
588 283
589 283
590 283
591 283
592 282
593 281
594 280
595 279
596 278
597 279
598 280
599 281
600 281
601 281
602 281
603 281
604 281
605 281
606 281
607 281
608 281
609 281
610 281
611 281
611 280
612 279
613 278
614 277
615 276
616 275
617 274
618 273
619 272
620 271
621 270
622 270
623 270
624 270
625 270
626 270
627 270
628 270
629 270
630 270
631 270
632 269
633 268
633 267
633 266
633 265
633 264
633 263
633 262
633 261
633 260
633 259
633 258
633 257
633 256
633 255
632 254
631 253
630 252
629 251
629 250
629 249
629 248
629 247
629 246
629 245
629 244
629 243
629 242
629 241
629 240
629 239
628 238
627 237
626 236
625 235
624 234
623 234
622 233
621 232
620 231
619 230
618 229
617 228
617 227
616 227
615 227
614 227
613 227
612 227
611 227
610 227
609 227
608 227
607 227
606 226
605 225
604 224
615 228
614 229
613 230
612 231
611 232
610 233
609 234
608 235
608 236
608 237
608 238
608 239
608 240
618 227
619 227
620 227
621 227
622 226
623 225
624 224
625 223
626 222
627 221
628 220
622 271
623 272
624 273
625 274
626 275
627 276
628 277
629 278
629 279
629 280
629 281
629 282
629 283
629 284
629 285
562 193
563 194
564 195
565 196
566 197
567 198
568 199
569 199
570 199
571 199
572 199
573 199
574 199
575 199
576 199
577 199
578 199
579 199
580 199
581 198
582 198
583 198
584 198
585 198
586 198
587 198
588 198
589 198
590 197
590 196
591 195
592 194
593 193
594 192
595 191
596 190
597 189
598 188
599 187
600 186
601 185
601 184
601 183
601 182
600 181
599 180
598 179
597 178
596 177
595 176
594 175
594 174
594 173
595 172
596 171
597 170
598 169
599 168
600 167
601 166
602 165
603 164
604 163
605 162
606 161
607 160
608 159
609 158
610 157
611 156
611 155
611 154
611 153
611 152
611 151
611 150
611 149
611 148
610 148
612 148
613 148
614 148
615 147
616 146
616 145
617 144
618 143
619 142
620 141
621 140
622 139
623 138
624 138
625 138
626 138
627 138
628 138
629 138
630 138
631 138
632 138
633 137
634 136
635 136
636 136
637 136
638 136
639 136
640 136
641 135
642 134
643 133
623 137
623 136
623 135
623 134
623 133
623 132
622 131
621 130
612 157
613 157
614 157
615 157
616 157
617 157
618 157
619 157
620 157
621 157
622 157
623 157
624 157
625 157
626 157
627 157
628 156
629 155
630 154
631 154
632 154
633 154
634 154
635 154
636 154
637 153
638 152
639 153
640 154
641 155
642 156
643 157
644 158
645 159
646 160
646 161
646 162
646 163
646 164
646 165
646 166
618 158
618 159
618 160
618 161
618 162
618 163
618 164
618 165
618 166
619 167
620 168
621 169
622 169
623 169
624 169
625 169
626 169
627 169
628 169
629 169
628 170
627 171
626 172
625 173
624 174
623 175
623 176
623 177
623 178
623 179
623 180
623 181
624 182
625 183
626 184
627 185
628 186
629 187
630 188
631 189
632 190
632 191
602 186
603 187
604 188
604 189
604 190
604 191
604 192
604 193
604 194
604 195
604 196
604 197
604 198
573 200
574 201
574 202
574 203
574 204
574 205
574 206
574 207
574 208
574 209
574 210
574 211
574 212
574 213
537 137
538 136
539 135
540 134
541 133
542 132
542 131
541 131
540 131
539 130
538 129
537 128
536 127
535 126
534 125
533 124
532 123
532 122
532 121
533 121
532 120
531 119
530 118
529 117
528 116
527 115
526 114
525 113
524 112
523 111
522 112
521 113
520 114
519 115
518 116
517 117
516 118
515 119
534 120
535 119
536 118
537 117
538 116
539 115
540 114
541 113
542 112
543 112
544 112
545 112
546 112
547 112
548 112
549 112
550 112
551 112
552 112
553 112
554 112
555 111
556 110
557 109
558 110
559 111
560 112
561 113
562 114
563 115
564 115
565 115
566 115
567 115
568 115
569 115
570 115
571 115
572 114
573 113
574 112
575 111
576 110
576 109
576 108
575 107
574 106
573 105
572 104
571 103
570 102
569 116
570 117
571 118
572 119
573 120
574 121
575 122
576 123
577 124
577 125
577 126
577 127
577 128
577 129
577 130
577 131
578 132
579 132
580 132
581 132
582 132
583 132
584 132
585 132
586 132
586 131
587 130
588 129
589 128
590 127
591 126
592 125
593 124
594 123
595 122
543 131
490 138
490 137
490 136
490 135
491 134
492 133
493 132
494 131
495 130
496 129
497 128
498 127
499 126
439 136
439 135
439 134
439 133
439 132
439 131
439 130
439 129
439 128
439 127
439 126
438 125
437 124
436 123
435 122
434 121
434 120
434 119
434 118
434 117
434 116
433 115
432 114
431 113
430 112
430 111
430 110
430 109
430 108
430 107
430 106
430 105
429 104
428 103
427 102
430 139
430 140
430 141
430 142
430 143
430 144
430 145
430 146
430 147
430 148
430 149
430 150
430 151
367 168
378 188
378 187
378 186
378 185
378 184
378 183
379 182
380 181
381 181
382 181
383 181
384 181
385 180
386 179
387 178
388 177
389 176
390 175
391 174
392 173
393 172
390 219
389 220
389 221
389 222
389 223
389 224
389 225
389 226
389 227
403 226
404 226
405 226
406 226
407 225
408 224
409 223
410 222
411 221
412 220
413 219
414 218
415 217
416 216
401 236
400 237
399 238
398 239
397 240
396 241
395 242
394 243
393 244
392 245
391 245
390 245
391 246
392 247
393 248
394 249
394 250
394 251
394 252
394 253
394 254
393 255
392 256
391 257
390 258
389 259
388 260
387 261
386 262
386 263
386 264
386 265
386 266
386 267
422 273
423 272
424 271
425 270
426 269
427 268
428 267
429 266
430 265
431 265
432 265
433 265
434 265
435 265
436 265
437 264
438 263
439 262
440 261
441 260
440 259
439 258
438 257
437 256
436 255
435 254
434 253
433 252
432 251
431 250
431 249
430 249
432 249
433 249
434 249
435 249
436 249
437 249
438 249
439 248
440 247
431 266
432 267
433 268
434 269
435 270
436 271
437 271
438 271
439 271
440 271
441 271
442 271
443 271
444 271
445 270
446 269
447 268
448 267
449 266
450 265
451 264
452 263
453 262
454 262
455 261
456 260
442 272
443 273
444 274
445 275
446 275
447 275
448 275
449 275
450 275
451 275
452 275
421 277
422 278
423 279
424 279
425 279
426 279
427 279
428 279
429 279
412 288
413 289
414 290
415 291
416 292
417 293
418 294
419 295
420 296
421 297
422 298
423 299
424 299
425 299
426 299
427 299
428 299
427 300
426 301
426 302
426 303
426 304
426 305
426 306
426 307
426 308
425 309
424 310
423 311
422 312
421 313
420 314
419 315
418 316
417 317
416 318
415 319
414 320
413 320
413 321
413 322
413 323
413 324
413 325
412 319
411 318
410 317
409 316
408 315
407 314
406 313
405 312
404 311
387 301
387 302
387 303
387 304
387 305
387 306
387 307
387 308
386 299
386 298
386 297
386 296
386 295
386 294
386 293
386 292
386 291
385 290
384 289
383 288
382 287
381 286
352 288
352 287
352 286
352 285
352 284
352 283
352 282
352 281
352 280
352 279
351 278
350 277
349 276
333 302
334 303
335 304
335 305
335 306
335 307
335 308
335 309
335 310
335 311
335 312
335 313
854
326 266
334 259
322 280
311 280
303 290
294 288
299 280
297 269
301 259
308 268
322 293
332 301
321 306
341 292
352 289
363 286
366 299
353 308
372 308
386 300
401 292
411 287
420 276
410 261
410 253
413 245
423 233
430 221
419 200
415 187
432 211
402 235
402 226
391 218
389 209
386 196
378 192
369 181
358 178
345 177
331 165
316 158
309 152
299 149
303 163
295 164
285 152
276 155
285 167
277 178
268 176
264 166
256 153
249 141
255 130
249 118
260 113
255 103
262 135
275 137
279 129
289 120
233 140
229 130
220 115
208 118
199 118
189 124
180 125
176 115
168 105
163 129
166 135
157 147
174 145
186 148
186 111
213 131
222 104
230 110
235 100
223 151
237 153
241 165
235 178
221 177
207 169
201 156
223 192
211 202
206 193
200 208
232 194
237 203
236 213
246 215
255 219
266 215
270 224
279 231
285 222
294 213
305 211
304 194
315 203
300 234
309 231
309 240
284 242
277 253
273 261
260 265
247 260
241 268
244 279
245 287
239 298
226 311
217 315
207 308
205 298
216 302
215 294
204 287
213 276
204 264
196 265
210 324
221 326
221 338
210 339
231 348
217 360
208 357
195 354
187 352
177 338
167 345
163 334
158 319
167 315
180 319
167 302
166 294
155 285
152 275
141 275
135 285
121 293
136 299
145 263
134 258
124 268
110 260
101 271
104 281
97 289
85 293
73 279
70 275
69 263
63 260
61 247
63 242
62 227
60 225
74 236
78 224
88 227
91 219
106 222
118 229
126 222
137 214
151 224
150 234
126 204
112 201
101 188
88 186
75 198
68 201
64 192
61 182
46 175
41 167
29 157
22 164
14 171
27 176
31 184
17 198
33 213
28 221
15 222
38 222
44 212
44 189
42 156
55 150
61 161
70 147
68 134
78 158
80 164
89 162
90 152
89 142
83 133
102 170
112 169
107 159
102 139
103 133
113 131
107 120
122 122
125 112
118 99
110 106
133 102
142 103
141 116
127 130
141 135
143 130
140 145
128 144
139 155
127 166
141 169
134 182
112 146
69 187
63 211
114 189
98 202
137 198
150 192
165 180
177 175
181 163
185 176
185 189
183 200
163 198
155 205
102 230
54 265
57 278
86 303
78 303
73 293
67 306
96 305
119 277
157 264
166 255
175 251
189 241
202 239
210 241
220 238
228 229
219 219
186 233
193 223
177 293
172 280
180 280
177 306
190 336
175 364
166 365
166 373
163 384
148 372
138 373
137 383
128 387
115 384
106 375
113 368
111 355
106 348
101 338
98 325
109 327
116 310
124 315
116 335
97 361
84 370
123 356
130 345
141 335
140 331
148 340
145 353
108 393
92 391
89 398
81 391
69 389
62 376
64 371
63 367
51 356
39 346
35 345
23 338
16 330
14 320
24 326
32 317
16 342
26 376
65 354
76 354
60 341
50 331
59 331
74 336
55 395
128 398
121 400
120 409
105 418
100 427
165 393
163 403
174 396
178 405
167 415
156 427
140 416
131 426
123 445
155 439
173 427
183 425
191 422
204 419
210 427
221 436
190 436
226 372
214 377
218 389
230 389
234 392
243 389
251 384
261 382
256 395
268 395
278 406
269 406
281 415
252 406
235 401
226 401
221 405
209 404
202 393
193 383
188 371
201 380
193 396
207 405
235 415
237 427
251 429
238 441
259 438
269 432
281 432
292 447
307 440
317 436
305 423
296 422
315 447
298 461
303 474
318 463
336 457
315 479
330 482
345 479
345 493
336 507
289 482
301 488
291 494
309 494
236 315
239 324
247 332
261 321
271 330
278 316
287 313
300 325
306 334
313 324
303 314
270 339
268 353
281 362
291 348
289 342
301 362
310 359
307 379
253 345
246 354
253 361
245 368
253 300
262 305
272 301
264 278
274 284
273 244
264 244
255 243
274 208
265 196
252 229
244 231
238 245
230 253
247 187
251 169
281 186
311 177
321 186
336 188
336 199
333 211
325 227
350 196
362 207
354 208
370 223
355 234
351 243
353 253
370 233
373 249
357 162
351 154
345 139
332 137
326 126
326 116
313 112
328 106
345 108
351 96
363 94
355 83
374 82
390 75
404 91
408 101
420 76
409 64
398 57
419 53
422 40
425 63
393 94
390 109
364 69
354 65
344 53
326 32
345 40
354 37
364 31
373 34
382 36
380 46
336 61
328 68
319 72
309 86
297 93
289 79
284 67
294 56
303 42
282 102
366 58
360 108
342 121
318 136
306 132
359 124
362 143
373 152
383 140
397 146
397 154
409 149
414 138
429 138
439 137
454 124
455 113
452 100
471 123
476 110
481 102
489 106
470 135
479 142
490 139
501 139
513 143
525 140
532 135
536 139
547 154
539 156
531 158
522 160
518 168
509 182
501 176
491 187
481 179
489 174
484 164
476 162
469 169
469 180
502 162
485 196
471 205
462 208
451 208
438 192
448 188
437 177
443 169
544 164
557 156
570 159
576 150
575 167
582 176
573 186
561 192
557 201
543 212
536 201
524 209
514 204
525 219
514 221
503 219
495 217
493 226
491 240
475 248
463 238
455 231
465 226
507 243
519 244
527 246
536 256
504 256
512 269
503 274
494 279
483 283
477 270
473 298
465 293
452 292
485 304
493 300
503 315
506 328
523 336
532 326
540 320
549 321
550 338
551 352
568 349
569 339
585 350
584 326
595 314
609 310
619 312
628 314
626 323
624 331
616 337
618 347
617 355
605 353
595 368
621 363
629 361
634 358
630 370
615 383
603 386
592 394
580 391
580 402
600 412
637 378
641 388
636 397
624 399
642 405
644 414
568 308
520 346
485 319
484 327
479 335
471 328
463 324
448 319
431 329
460 338
457 349
446 347
430 347
439 361
447 364
452 375
460 370
471 357
487 366
498 368
500 359
500 344
457 382
467 393
472 406
482 401
480 392
480 384
469 419
478 424
468 434
457 433
449 429
447 419
431 432
428 441
494 422
505 427
505 417
502 438
521 443
531 443
528 427
540 431
551 437
558 426
553 414
546 403
541 400
535 404
528 404
512 399
551 396
540 384
539 373
523 383
522 376
544 373
553 380
568 434
565 442
576 436
581 424
594 433
596 443
576 445
486 433
478 441
490 443
442 384
435 376
425 374
412 367
397 352
388 363
380 360
383 371
370 385
359 381
355 372
365 359
349 362
336 348
326 345
331 337
346 332
350 347
355 393
346 386
330 370
337 395
368 404
353 412
380 409
393 394
404 390
413 392
399 401
400 413
410 415
401 430
390 428
384 437
374 428
361 430
355 443
344 435
333 421
335 412
362 453
375 465
364 467
380 468
375 478
388 485
372 495
369 508
359 513
354 519
346 523
398 496
421 504
402 443
396 453
399 463
404 478
417 476
411 446
407 347
395 335
379 333
374 343
371 326
362 327
449 394
474 320
508 288
540 226
551 234
556 226
556 249
554 257
553 265
544 278
528 274
533 296
566 271
577 259
589 250
588 242
601 259
573 248
571 279
583 283
596 278
611 281
621 270
633 268
629 251
624 234
616 227
604 224
608 240
628 220
629 285
572 199
581 198
590 197
601 185
594 175
611 156
610 148
616 146
623 138
634 136
643 133
621 130
619 157
630 154
638 152
646 166
618 166
629 169
623 181
632 191
604 198
574 213
532 123
523 111
515 119
542 112
557 109
568 115
576 110
570 102
577 131
586 132
595 122
543 131
499 126
434 121
430 112
427 102
430 151
367 168
380 181
393 172
389 227
416 216
390 245
394 254
386 267
430 265
441 260
430 249
440 247
441 271
453 262
456 260
452 275
429 279
428 299
426 308
413 325
404 311
387 308
381 286
349 276
335 313
