9399
333 269
333 268
333 267
333 266
333 265
334 264
335 263
336 262
337 261
338 260
339 260
340 260
341 260
342 260
343 260
344 260
345 259
346 258
346 257
345 257
344 256
343 255
342 254
341 253
340 252
339 251
338 250
337 249
347 257
347 256
347 255
347 254
347 253
347 252
347 251
347 250
347 249
347 248
348 247
349 246
350 245
351 244
332 271
331 271
330 271
329 271
328 271
327 271
326 271
325 272
324 273
323 274
322 275
321 276
320 277
319 278
319 279
319 280
318 281
317 282
316 283
315 284
314 285
313 285
312 285
311 285
310 285
309 285
308 285
307 285
306 285
305 285
305 284
304 283
303 282
302 281
301 280
300 279
299 278
298 277
297 276
296 275
295 274
294 274
293 274
292 274
291 274
290 274
289 274
288 274
287 274
286 273
285 272
284 271
283 270
282 269
281 269
280 269
279 269
278 269
277 269
276 269
275 269
274 269
273 269
272 268
271 267
270 267
269 267
268 266
267 265
266 264
265 263
264 262
263 261
270 268
269 269
268 270
267 271
266 272
265 273
264 274
263 275
262 276
261 277
260 277
259 277
258 277
257 277
256 277
255 277
254 277
253 277
252 276
252 275
251 274
250 273
249 272
248 271
247 270
246 269
245 268
244 267
244 266
244 265
244 264
244 263
244 262
243 261
242 260
241 259
241 258
241 257
241 256
241 255
241 254
240 253
239 252
238 251
237 250
236 249
236 248
236 247
236 246
236 245
236 244
236 243
236 242
235 241
234 241
233 241
232 241
231 241
230 241
229 241
228 240
227 239
226 238
225 238
224 238
223 237
222 236
221 235
220 234
219 233
218 232
217 231
216 231
215 231
214 231
213 231
212 231
211 231
210 231
209 230
216 232
215 233
214 234
214 235
214 236
214 237
214 238
214 239
214 240
214 241
235 240
235 239
235 238
235 237
236 236
237 235
238 234
239 233
240 234
241 235
242 236
243 237
244 238
245 239
246 240
247 240
248 240
249 240
250 240
251 241
252 242
252 243
252 244
252 245
252 246
252 247
252 248
252 249
253 249
254 249
255 249
256 249
257 249
258 249
259 248
260 247
261 246
262 245
263 244
264 243
265 242
266 241
267 240
235 250
234 251
233 252
232 253
231 254
230 255
229 256
228 256
227 256
226 256
225 256
226 257
227 258
228 259
228 260
228 261
228 262
228 263
228 264
228 265
228 266
228 267
228 268
228 269
227 269
226 270
225 271
224 271
223 271
222 271
221 271
220 271
219 271
218 271
217 271
216 271
215 271
214 271
213 271
212 271
211 271
210 271
209 271
208 271
207 270
207 269
207 268
207 267
207 266
207 265
207 264
207 263
208 262
209 261
210 260
210 259
209 259
208 259
207 259
206 259
205 259
204 259
203 259
202 259
201 258
200 257
199 256
199 255
199 254
198 253
197 252
196 251
195 250
194 249
193 248
192 247
191 246
190 245
190 244
190 243
190 242
190 241
190 240
190 239
190 238
191 237
192 236
193 235
194 234
195 233
195 232
195 231
195 230
195 229
195 228
195 227
195 226
195 225
194 224
193 224
192 224
191 224
190 224
189 224
188 224
187 224
186 224
185 223
184 222
189 246
188 247
187 248
186 249
185 250
184 251
183 252
182 253
181 254
180 255
179 255
179 254
179 253
179 252
179 251
179 250
179 249
179 248
178 247
177 246
176 245
175 244
174 243
178 256
177 257
176 258
175 259
174 260
173 261
172 262
171 263
170 264
169 265
169 266
168 266
167 265
166 264
165 263
164 262
163 261
162 260
161 259
161 258
161 257
161 256
161 255
161 254
160 253
159 252
158 251
157 250
156 249
156 248
156 247
156 246
156 245
156 244
156 243
156 242
156 241
156 240
156 239
156 238
157 237
157 236
157 235
157 234
157 233
157 232
157 231
157 230
157 229
157 228
157 227
157 226
156 225
156 224
156 223
156 222
156 221
155 221
154 220
153 219
152 218
151 217
151 216
151 215
151 214
151 213
151 212
150 211
149 210
148 209
147 208
146 207
145 206
144 205
143 204
142 203
141 202
140 201
139 200
138 199
137 198
136 197
135 196
135 195
135 194
135 193
134 193
133 192
132 191
131 190
130 189
129 188
128 187
127 186
126 185
125 184
124 183
123 182
135 192
136 191
137 190
138 189
139 188
140 187
141 186
142 187
143 188
144 189
145 190
146 191
147 191
148 191
149 191
150 191
151 191
152 191
153 191
154 191
155 191
156 191
157 191
158 190
159 189
160 188
161 187
162 186
162 185
162 184
162 183
162 182
161 181
160 180
159 179
158 178
157 177
156 176
155 175
155 174
155 173
155 172
155 171
155 170
155 169
155 168
156 167
156 166
156 165
156 164
156 163
156 162
156 161
157 160
158 159
158 158
157 158
156 158
155 158
154 158
153 158
152 158
151 158
150 157
149 156
149 155
149 154
149 153
149 152
149 151
149 150
149 149
149 148
149 147
150 146
151 145
152 144
152 143
152 142
152 141
152 140
152 139
152 138
152 137
152 136
151 135
150 134
149 133
149 132
148 132
148 131
148 130
148 129
148 128
148 127
148 126
148 125
148 124
147 123
146 122
145 121
145 120
145 119
145 118
145 117
145 116
145 115
145 114
145 113
145 112
145 111
145 110
145 109
144 108
143 107
142 106
141 105
150 132
151 132
152 131
153 130
154 129
155 128
156 127
157 126
157 125
157 124
157 123
157 122
157 121
157 120
157 119
158 118
159 117
160 116
161 115
162 114
163 113
164 112
165 111
148 157
147 158
146 159
145 160
144 161
143 162
142 163
141 164
140 165
139 166
138 166
137 166
136 166
135 165
134 164
133 163
132 162
131 161
130 160
129 159
128 158
127 157
126 156
125 155
124 154
123 154
122 154
121 154
120 154
119 154
118 153
117 152
116 151
115 150
114 149
113 148
112 147
112 146
112 145
112 144
111 143
110 142
109 141
108 140
107 139
106 138
105 137
104 136
104 135
103 135
102 135
101 135
100 135
99 135
98 135
97 135
96 134
95 133
94 133
93 133
92 133
91 133
90 133
89 133
88 133
87 133
86 133
85 132
84 131
83 132
82 133
81 134
80 135
79 136
78 137
78 138
77 139
76 140
75 141
74 141
73 141
72 141
71 141
70 141
71 142
72 143
73 144
74 145
75 146
76 147
76 148
76 149
75 150
74 151
73 152
72 153
71 154
70 155
69 156
68 157
67 157
66 157
65 157
64 157
63 157
62 157
61 157
60 157
59 157
58 157
57 157
56 157
55 156
54 155
53 154
52 153
51 152
50 151
49 150
48 149
47 148
46 147
45 148
44 149
43 150
42 151
41 152
40 152
39 152
40 153
41 154
42 155
43 156
44 156
61 158
61 159
61 160
61 161
61 162
61 163
61 164
61 165
61 166
61 167
61 168
62 169
63 170
64 171
65 172
66 173
66 174
66 175
65 176
64 177
63 178
62 179
61 180
60 181
59 182
58 182
57 182
56 182
55 182
54 182
53 182
52 182
51 182
50 182
49 182
48 182
47 182
46 182
45 181
44 180
43 181
42 182
41 183
40 184
39 185
38 185
37 185
36 185
35 185
34 185
33 185
32 185
31 184
30 183
29 182
28 181
27 180
26 179
25 178
24 177
23 176
22 175
21 174
20 173
19 174
19 175
19 176
19 177
19 178
19 179
19 180
19 181
19 182
19 183
19 184
19 185
55 183
56 184
56 185
56 186
56 187
56 188
56 189
56 190
56 191
56 192
55 193
54 194
53 195
53 196
53 197
53 198
53 199
53 200
53 201
53 202
53 203
53 204
53 205
54 206
55 207
56 208
57 209
58 210
59 211
60 212
59 213
58 214
57 215
56 216
55 217
54 218
53 219
52 220
51 221
50 222
49 222
49 221
49 220
49 219
48 218
47 217
46 216
45 215
44 214
43 213
42 212
41 211
40 210
39 209
38 209
37 209
36 209
35 209
34 209
33 209
32 209
31 209
30 209
29 209
28 209
27 208
26 207
25 206
24 207
23 208
22 209
22 210
22 211
22 212
22 213
22 214
22 215
22 216
61 213
62 214
63 214
64 214
65 214
66 214
67 214
68 214
69 214
70 214
71 215
72 216
73 217
74 218
75 219
76 219
77 219
78 219
79 219
80 219
81 219
82 219
83 219
84 219
85 220
86 221
87 222
88 223
89 224
90 225
90 226
90 227
90 228
90 229
90 230
90 231
90 232
90 233
67 176
68 177
69 178
70 179
71 180
71 181
71 182
72 182
71 183
71 184
71 185
71 186
72 187
73 188
74 189
75 190
76 191
77 191
78 191
79 191
80 192
81 193
82 194
83 195
84 196
85 197
86 197
87 197
88 197
89 197
90 198
91 199
92 200
93 201
94 202
95 202
96 202
97 203
98 204
99 205
100 206
101 207
102 208
103 208
104 208
105 208
106 208
107 208
108 208
108 207
108 206
108 205
108 204
109 203
110 202
111 201
112 200
113 199
114 198
108 209
108 210
108 211
108 212
108 213
108 214
108 215
108 216
108 217
108 218
108 219
109 220
110 221
111 222
112 223
113 224
114 225
115 225
116 225
117 225
118 225
73 181
74 180
75 179
76 178
77 177
78 176
79 176
80 176
81 176
82 176
83 175
84 174
105 134
106 133
107 132
108 131
109 130
110 129
111 128
112 127
112 126
112 125
112 124
112 123
112 122
112 121
112 120
112 119
112 118
112 117
112 116
112 115
112 114
112 113
112 112
112 111
112 110
112 109
112 108
111 107
110 106
109 105
108 104
107 104
106 104
105 104
104 104
103 104
102 104
101 104
100 103
109 103
110 102
111 101
112 100
113 100
114 100
115 100
116 100
117 100
118 100
119 100
120 100
106 140
105 141
104 142
103 143
102 144
101 145
100 145
99 145
98 146
97 147
96 148
95 149
94 150
93 151
92 152
91 153
90 153
89 153
90 154
91 155
92 156
93 156
94 156
95 156
96 156
97 156
96 157
95 158
94 159
93 160
92 161
91 162
90 162
111 148
110 149
109 150
109 151
109 152
109 153
109 154
109 155
109 156
109 157
109 158
108 159
107 160
106 161
105 162
104 163
103 164
103 165
103 166
103 167
110 159
111 160
112 161
113 162
114 163
115 164
116 165
117 166
118 167
119 168
124 153
124 152
124 151
124 150
124 149
124 148
124 147
124 146
124 145
124 144
125 143
126 142
127 141
127 140
127 139
127 138
127 137
127 136
127 135
128 134
129 133
159 158
160 159
161 160
162 161
163 162
164 163
165 163
166 163
167 163
168 163
169 163
170 163
170 162
170 161
170 160
170 159
170 158
170 157
170 156
171 155
172 154
173 153
174 152
175 151
175 150
174 150
173 149
172 148
176 150
171 164
172 164
173 164
174 164
175 164
176 164
177 164
178 164
179 164
180 164
181 164
163 187
164 188
165 189
166 190
166 191
166 192
166 193
166 194
167 195
168 196
169 197
170 198
171 199
172 200
173 201
173 202
174 202
175 202
176 202
177 202
178 202
179 202
180 202
181 202
182 202
183 202
184 202
185 201
186 200
187 201
188 201
189 201
190 201
191 201
192 201
193 201
194 201
195 202
196 203
197 204
198 205
199 206
200 207
201 208
202 209
202 210
203 210
204 210
205 210
206 210
207 210
208 209
209 208
210 207
211 207
212 207
213 207
214 207
215 207
216 207
217 207
218 207
219 208
220 209
221 210
222 210
223 210
224 210
225 210
226 210
227 210
228 210
229 210
230 210
231 210
232 210
233 210
234 210
235 210
236 210
237 210
238 210
239 210
240 210
241 210
242 210
243 210
244 210
245 210
146 209
145 210
144 211
143 212
142 212
141 212
140 212
139 212
138 212
137 212
136 212
135 212
150 218
149 219
148 220
147 221
146 222
145 223
144 224
143 225
142 226
141 226
140 226
139 226
138 226
157 220
158 219
159 218
160 217
161 216
162 215
163 216
164 217
165 218
166 219
167 220
168 221
169 222
170 223
171 224
171 225
171 226
160 260
159 261
158 262
157 263
156 264
155 265
154 266
153 267
152 267
151 267
150 267
149 267
148 267
147 267
146 267
145 267
144 267
143 267
142 267
141 267
140 266
139 265
138 265
137 264
136 263
135 262
134 261
133 260
132 259
131 258
130 257
129 257
128 257
127 257
126 257
125 257
124 257
123 256
122 255
121 254
120 253
119 252
118 251
117 250
116 251
115 252
114 253
113 254
112 255
111 256
110 257
109 258
129 258
128 259
127 260
126 261
125 262
124 263
123 264
123 265
123 266
123 267
122 268
121 269
120 270
119 271
118 272
117 273
116 273
115 273
114 273
113 273
112 273
111 273
110 273
109 273
108 274
107 275
106 276
105 277
104 278
103 279
103 280
103 281
103 282
103 283
103 284
103 285
104 286
105 287
106 287
107 287
108 287
109 287
110 287
111 287
112 287
113 287
114 287
115 287
116 287
117 287
118 286
119 285
120 284
121 283
122 282
123 283
124 284
125 285
126 286
127 287
128 288
129 288
130 288
110 288
110 289
110 290
110 291
110 292
110 293
110 294
110 295
110 296
110 297
110 298
109 299
108 300
107 301
106 302
105 303
104 304
103 305
102 306
101 307
100 308
99 308
98 308
97 308
96 309
95 310
94 311
93 312
92 313
91 314
90 315
89 316
89 317
89 318
89 319
89 320
89 321
89 322
89 323
90 324
91 325
92 326
93 327
94 328
95 329
96 330
97 331
98 332
99 333
99 334
99 335
100 336
101 337
102 338
103 339
104 340
105 341
106 342
106 343
106 344
106 345
106 346
106 347
106 348
106 349
107 349
108 349
107 350
108 351
109 352
109 353
109 354
109 355
109 356
109 357
109 358
110 359
111 360
112 361
113 362
113 363
113 364
113 365
113 366
113 367
114 367
115 367
116 367
117 367
118 367
119 367
120 366
121 365
114 368
115 369
116 370
117 371
118 372
119 373
119 374
119 375
119 376
119 377
112 368
111 369
110 370
109 371
108 372
107 373
106 374
105 375
104 376
104 377
104 378
109 348
110 347
111 346
112 345
113 344
114 343
115 342
116 341
117 342
118 343
119 344
120 345
121 346
122 347
123 348
124 349
124 350
124 351
105 350
104 351
103 352
102 353
101 354
100 355
99 356
98 357
97 358
96 359
95 360
94 361
93 362
92 363
91 364
90 365
89 366
88 367
87 368
86 369
85 370
84 371
83 372
82 372
81 372
80 372
79 372
78 372
77 372
76 372
76 371
75 370
74 369
73 368
73 367
72 366
71 365
70 364
69 364
68 364
67 364
66 364
65 364
64 364
63 363
62 362
62 361
62 360
61 359
60 358
59 357
58 356
57 355
56 354
55 353
55 352
54 352
54 351
54 350
54 349
54 348
54 347
53 346
53 345
53 344
53 343
53 342
53 341
52 340
51 339
50 338
49 337
48 336
47 335
47 334
46 334
46 333
46 332
46 331
46 330
46 329
46 328
46 327
45 326
44 327
43 328
42 329
41 330
40 331
39 332
38 332
37 332
36 332
35 332
34 332
33 332
33 331
33 330
33 329
33 328
33 327
33 326
32 325
31 324
30 325
29 326
28 327
27 328
26 329
25 330
24 331
23 332
22 333
21 334
20 335
19 335
18 335
17 335
17 334
17 333
17 332
17 331
17 330
17 329
16 328
15 327
16 336
15 337
14 338
14 339
14 340
14 341
14 342
14 343
14 344
14 345
14 346
32 333
32 334
32 335
32 336
32 337
32 338
32 339
32 340
32 341
32 342
32 343
32 344
48 333
49 332
50 331
51 330
52 329
53 328
54 327
55 326
56 325
57 324
57 323
57 322
57 321
57 320
57 319
57 318
57 317
57 316
57 315
57 314
57 313
56 312
55 311
54 310
55 309
56 308
57 307
58 306
59 305
60 304
61 303
62 302
63 301
64 300
65 300
66 300
67 300
68 300
69 300
70 300
71 300
72 300
73 300
74 300
74 299
74 298
74 297
74 296
74 295
74 294
74 293
74 292
75 291
76 290
77 289
78 288
79 287
80 286
81 285
82 284
83 283
84 282
84 281
84 280
84 279
84 278
84 277
84 276
84 275
84 274
84 273
84 272
84 271
83 270
82 269
81 268
80 267
79 266
78 265
77 264
76 263
75 262
75 261
74 261
73 261
72 261
71 261
70 261
69 261
68 261
67 261
66 261
65 261
64 261
63 261
62 260
61 259
60 258
59 257
58 256
57 255
56 254
56 253
55 253
57 253
58 253
59 252
60 251
61 250
62 249
63 248
64 247
65 246
66 245
62 262
61 263
60 264
59 265
58 266
57 267
56 268
55 269
54 270
53 271
76 261
77 261
78 261
79 261
80 261
81 261
82 261
83 261
84 261
85 261
86 261
87 260
63 299
62 298
61 297
60 296
59 295
58 294
57 293
58 325
59 326
60 327
61 328
62 328
63 328
64 327
65 326
66 325
67 324
68 323
69 322
70 321
71 320
72 319
52 347
51 348
50 349
49 350
48 350
47 350
46 350
45 350
53 353
52 354
51 355
50 356
49 357
49 358
49 359
49 360
49 361
49 362
49 363
48 364
47 365
46 366
45 367
44 368
43 369
42 370
41 371
40 372
39 373
38 374
37 375
36 376
36 377
36 378
35 378
35 379
34 380
33 381
32 382
32 383
32 384
34 377
33 376
32 375
31 374
30 373
29 372
28 371
27 370
26 369
25 368
24 367
23 366
22 365
21 364
37 379
38 380
39 381
40 382
41 383
42 384
43 384
44 384
45 384
46 384
47 385
48 386
49 387
49 388
49 389
49 390
49 391
49 392
49 393
49 394
49 395
49 396
56 352
57 352
58 352
59 352
60 352
61 352
62 351
69 365
68 366
67 367
66 368
65 369
64 370
70 363
70 362
70 361
70 360
70 359
70 358
71 357
72 356
73 355
74 354
75 353
77 373
78 374
79 375
80 376
81 377
81 378
81 379
81 380
81 381
81 382
81 383
81 384
80 385
79 386
78 387
77 388
76 389
75 390
74 391
74 392
74 393
74 394
74 395
74 396
74 397
73 397
72 397
71 397
70 397
69 397
68 397
67 396
66 395
65 394
82 385
83 386
84 387
85 388
86 389
87 390
88 391
89 392
90 393
91 394
92 395
93 396
94 397
94 398
94 399
95 399
96 399
97 399
98 399
99 399
100 398
101 397
102 398
103 399
104 400
105 401
106 402
107 402
108 403
109 404
110 405
111 406
112 407
113 408
114 409
115 410
116 411
117 411
118 411
119 411
120 411
121 411
120 412
119 413
118 414
117 415
116 416
116 417
116 418
116 419
116 420
116 421
116 422
116 423
116 424
115 425
114 426
113 426
112 426
111 426
110 426
109 426
108 426
107 427
106 428
105 429
104 430
104 431
104 432
104 433
104 434
105 435
106 436
107 436
108 436
109 436
110 436
111 436
112 436
113 437
114 437
115 437
116 437
117 437
118 437
119 437
120 437
122 412
123 413
124 413
125 413
126 413
127 413
128 413
129 413
130 413
130 412
130 411
130 410
131 409
132 408
133 407
134 406
135 405
136 404
137 403
137 402
136 402
135 402
134 402
133 402
132 402
131 402
130 401
129 400
128 399
127 398
126 397
125 396
138 402
138 401
138 400
138 399
138 398
138 397
139 396
140 396
141 396
142 396
143 396
144 396
145 395
146 394
147 393
148 392
148 391
148 390
148 389
148 388
148 387
148 386
148 385
148 384
148 383
149 382
150 382
151 382
152 382
153 382
154 382
155 382
156 381
157 380
158 379
159 378
160 378
161 378
162 378
163 377
164 376
165 375
166 374
167 373
168 372
169 371
170 370
171 369
172 369
173 369
174 369
175 369
176 369
177 369
178 369
179 368
180 367
181 366
182 365
183 364
184 363
184 362
184 361
184 360
184 359
184 358
184 357
184 356
184 355
183 355
185 355
186 355
187 355
188 355
189 355
190 355
191 354
192 354
193 354
194 353
195 352
196 351
197 350
198 349
199 348
191 353
191 352
191 351
191 350
191 349
191 348
190 347
189 346
188 345
188 344
187 344
187 343
187 342
187 341
187 340
187 339
186 338
185 337
184 336
183 335
182 334
181 333
180 332
179 331
178 330
177 329
176 328
175 327
174 328
173 329
172 330
171 331
170 332
169 333
168 334
167 335
166 335
165 335
164 336
164 337
164 338
164 339
164 340
164 341
164 342
164 343
164 344
165 344
166 344
167 344
168 344
169 344
170 344
171 344
172 344
165 345
166 346
167 347
168 348
169 349
170 350
170 351
170 352
170 353
170 354
163 345
162 346
161 347
160 348
159 349
158 350
157 350
156 350
155 350
154 350
153 350
152 350
151 350
189 344
190 344
191 343
192 342
193 341
194 340
195 339
196 338
196 337
196 336
196 335
196 334
196 333
197 332
198 331
199 330
199 329
198 329
197 329
196 329
195 328
194 327
193 326
192 325
191 324
191 323
191 322
191 321
191 320
190 319
189 318
188 317
187 316
186 315
185 314
185 313
186 312
187 311
188 310
189 309
190 308
191 307
192 306
193 305
194 304
195 303
196 302
197 302
198 302
199 302
200 302
201 302
202 302
203 301
204 300
205 299
206 298
207 297
208 298
209 299
210 300
211 301
212 302
212 303
212 304
212 305
213 305
214 305
215 305
216 305
217 305
218 304
219 303
220 302
221 301
222 300
223 299
224 298
225 297
226 296
227 297
228 298
229 299
230 300
231 301
232 302
232 303
232 304
232 305
232 306
232 307
232 308
232 309
232 310
233 311
234 312
234 313
234 314
234 315
234 316
234 317
234 318
234 319
233 320
232 321
231 322
230 323
229 324
228 325
227 326
226 327
225 328
224 329
224 330
225 331
226 332
227 333
228 334
229 335
229 336
229 337
229 338
229 339
229 340
229 341
200 329
201 329
202 329
203 329
204 329
205 328
206 327
207 326
208 325
209 324
185 364
186 365
187 366
188 367
189 368
190 369
191 370
192 371
193 372
194 373
195 373
195 372
196 371
197 370
198 369
199 368
200 367
200 366
200 365
201 364
202 363
203 362
204 361
205 360
206 359
201 368
202 369
203 369
204 369
195 374
160 379
161 380
162 381
163 382
164 383
165 384
166 385
167 386
168 387
169 388
170 388
171 388
172 388
173 388
174 388
175 388
176 388
177 387
178 386
179 385
180 384
181 383
182 384
183 385
184 386
185 387
186 388
187 389
188 390
189 391
190 392
191 392
192 392
193 392
194 392
195 392
196 392
197 392
198 392
199 392
200 392
201 391
202 390
203 389
204 388
205 389
206 390
207 391
208 392
209 393
210 393
211 393
212 393
213 393
213 392
213 391
213 390
214 389
215 388
216 387
212 394
211 395
210 396
209 397
208 398
207 399
206 400
206 401
206 402
206 403
206 404
206 405
206 406
149 381
149 380
149 379
149 378
149 377
149 376
149 375
149 374
148 373
147 372
131 414
132 415
133 416
133 417
133 418
133 419
133 420
133 421
134 422
135 423
136 424
137 425
138 426
139 427
140 427
141 427
142 427
143 427
144 427
145 427
146 427
147 427
148 427
149 427
150 427
151 427
152 426
152 425
152 424
152 423
152 422
152 421
152 420
152 419
152 418
152 417
152 416
151 416
153 416
154 416
155 416
156 416
157 415
158 414
159 413
160 412
161 411
162 411
163 411
164 411
165 410
166 409
167 408
168 407
169 406
170 407
171 408
172 409
173 410
174 411
174 412
174 413
174 414
174 415
153 427
154 428
155 429
156 430
157 431
158 432
159 433
159 434
159 435
160 435
159 436
158 437
157 438
156 439
155 440
154 441
153 441
152 441
151 441
150 441
149 441
148 441
147 441
146 441
145 441
144 441
143 441
142 440
141 439
140 438
161 434
162 433
163 432
164 431
165 430
166 429
167 428
168 427
169 426
170 427
171 427
172 427
173 427
174 427
175 427
176 427
177 427
178 427
179 427
180 427
181 427
182 427
183 427
184 427
185 427
186 427
187 426
188 425
189 424
190 424
191 424
192 424
193 424
194 424
195 424
196 424
197 424
198 424
199 424
200 424
201 423
202 424
203 425
204 426
205 427
206 428
207 429
207 430
208 430
207 431
209 429
210 428
211 427
212 426
213 425
214 424
215 423
216 422
217 421
218 420
219 419
220 418
221 417
222 418
223 419
224 420
225 420
226 420
227 420
228 420
229 420
230 420
231 420
232 420
233 420
234 420
235 421
236 422
237 423
238 424
239 425
240 426
241 427
242 428
243 429
244 429
179 428
180 429
181 430
182 431
183 432
184 433
185 434
186 435
187 436
188 437
188 438
188 439
188 440
188 441
111 299
112 300
113 301
114 301
115 301
116 301
117 301
118 301
119 301
119 302
119 303
119 304
119 305
119 306
119 307
119 308
119 309
119 310
120 311
121 312
122 313
123 314
124 315
125 316
126 317
127 318
128 318
129 318
130 318
131 319
132 320
133 321
134 322
135 323
136 324
137 324
138 324
139 324
140 324
139 325
140 326
141 327
142 328
143 329
144 330
145 331
146 331
147 331
141 323
142 322
143 321
144 320
145 319
146 318
147 317
148 316
149 315
150 314
151 313
151 312
151 311
151 310
151 309
151 308
151 307
152 306
153 305
154 304
155 303
156 302
156 301
155 301
154 301
153 301
152 301
151 301
150 300
149 299
148 298
147 297
157 301
158 300
159 299
160 298
161 297
162 296
163 295
164 294
165 293
166 294
167 295
168 295
169 295
170 295
171 295
172 295
173 295
174 295
175 295
176 295
176 294
177 293
178 292
179 291
180 290
181 289
182 288
183 287
184 286
185 285
186 284
187 283
158 302
159 303
160 304
161 305
162 306
163 307
164 308
165 309
166 310
166 311
130 256
131 255
132 254
133 253
134 252
135 251
136 250
137 249
138 248
152 268
152 269
152 270
152 271
152 272
152 273
152 274
152 275
152 276
152 277
152 278
169 267
198 257
197 258
196 258
195 258
194 258
193 258
192 258
191 258
191 259
191 260
191 261
191 262
191 263
191 264
191 265
191 266
191 267
191 268
191 269
211 259
228 270
228 271
228 272
228 273
228 274
228 275
228 276
251 277
250 278
249 279
248 280
247 281
246 282
245 283
244 284
243 285
242 286
259 278
258 279
258 280
258 281
258 282
258 283
258 284
258 285
258 286
261 278
262 279
263 280
264 281
265 282
266 283
267 284
267 285
268 286
269 287
270 287
271 287
272 287
273 287
274 287
275 287
276 287
275 288
274 289
273 290
272 291
271 292
270 293
270 294
270 295
270 296
270 297
270 298
270 299
270 300
269 301
268 302
267 303
266 304
265 305
264 306
263 307
262 308
261 308
260 308
259 308
258 308
257 308
256 308
255 308
282 268
282 267
282 266
283 265
284 264
285 263
286 262
287 261
288 260
289 259
290 258
290 257
290 256
290 255
290 254
291 253
292 252
293 251
293 250
292 250
291 250
290 249
289 248
288 247
287 246
286 245
285 244
285 243
285 242
285 241
285 240
285 239
285 238
285 237
285 236
285 235
285 234
285 233
286 233
285 232
284 231
283 230
282 229
281 228
280 227
279 226
278 225
277 224
276 223
275 222
274 221
273 221
272 221
271 221
270 221
269 221
268 221
267 221
266 221
274 220
274 219
274 218
274 217
274 216
274 215
274 214
274 213
274 212
273 211
272 210
271 209
271 208
270 208
270 207
270 206
270 205
270 204
270 203
270 202
270 201
270 200
270 199
270 198
270 197
269 197
268 197
267 196
266 195
265 194
264 193
263 192
262 191
262 190
262 189
262 188
262 187
262 186
262 185
262 184
262 183
262 182
262 181
262 180
262 179
262 178
262 177
263 176
264 175
265 174
272 208
273 208
274 208
275 208
276 208
277 208
278 208
279 207
280 206
281 205
287 232
288 231
289 230
290 229
291 228
292 227
292 226
292 225
292 224
292 223
292 222
293 221
294 221
295 221
296 221
297 221
298 221
299 221
300 221
301 221
302 220
303 219
304 218
305 217
306 216
307 215
308 214
294 222
295 223
296 224
297 225
298 226
299 227
300 228
301 229
302 229
303 230
304 231
305 232
306 233
307 234
308 235
309 236
310 237
311 238
312 239
313 240
314 240
315 240
316 240
316 239
316 238
316 237
316 236
316 235
317 234
318 233
319 232
320 231
320 230
320 229
320 228
320 227
320 226
320 225
321 224
322 223
323 222
324 223
325 224
326 225
327 226
328 227
329 228
330 229
331 230
332 231
333 232
334 233
335 233
335 232
335 231
335 230
335 229
335 228
335 227
335 226
335 225
336 224
337 223
338 222
339 221
340 220
341 219
341 218
341 217
341 216
341 215
341 214
341 213
341 212
341 211
341 210
341 209
341 208
342 207
342 206
341 206
340 205
339 204
338 203
337 202
336 201
335 200
334 199
333 198
332 197
332 196
332 195
332 194
331 193
330 192
329 191
328 190
327 189
326 188
325 187
325 186
324 186
326 186
327 186
328 186
329 186
330 186
331 186
332 185
333 184
334 183
335 182
336 181
336 180
336 179
336 178
337 177
338 176
339 175
340 174
341 173
341 172
340 172
339 172
338 172
337 172
336 172
335 172
334 172
333 171
333 170
333 169
333 168
333 167
333 166
333 165
333 164
333 163
332 163
332 162
332 161
332 160
332 159
332 158
332 157
332 156
332 155
332 154
332 153
332 152
331 151
331 150
331 149
331 148
330 147
329 146
328 145
327 144
326 143
325 142
324 141
324 140
323 140
322 140
321 140
320 140
319 140
318 140
317 140
316 140
315 139
314 138
313 139
312 139
311 139
310 139
309 139
308 139
307 139
306 139
305 139
304 139
303 139
302 139
301 139
300 139
299 139
298 139
297 139
296 139
295 138
294 137
293 136
292 135
291 134
290 133
289 132
288 131
287 130
287 129
286 129
288 129
289 129
290 129
291 129
292 129
293 128
294 127
295 126
296 125
297 124
297 123
296 123
295 122
294 121
293 120
292 119
291 118
290 117
289 116
288 115
287 114
286 113
286 112
286 111
286 110
286 109
286 108
286 107
286 106
286 105
286 104
285 103
285 102
285 101
285 100
285 99
286 98
287 97
288 96
289 95
290 94
291 93
292 92
293 91
294 90
295 89
296 88
297 87
298 86
298 85
297 85
296 85
295 84
294 83
293 82
292 81
291 80
290 79
289 78
288 77
287 76
286 75
285 74
284 73
284 72
284 71
284 70
284 69
284 68
285 67
286 66
287 65
288 64
289 63
290 62
291 61
292 60
293 60
294 60
295 60
296 60
297 60
298 60
299 60
300 60
301 60
302 59
303 58
304 57
305 56
306 55
307 54
308 53
309 53
309 52
309 51
309 50
309 49
309 48
310 47
311 46
312 45
313 44
314 45
315 46
316 47
317 48
318 49
319 50
320 51
321 52
322 53
323 54
324 55
325 55
326 55
309 54
309 55
309 56
309 57
309 58
309 59
309 60
309 61
292 59
292 58
292 57
292 56
291 55
290 54
289 53
288 52
287 53
286 54
285 55
284 56
283 57
282 58
282 59
282 60
299 85
285 114
284 115
283 116
282 117
281 117
280 117
279 117
278 117
277 117
276 117
275 117
275 116
275 115
274 114
273 113
272 112
271 111
270 110
269 109
274 118
273 119
272 120
271 121
270 122
269 122
268 122
267 122
266 122
265 122
264 123
263 124
262 124
261 124
260 124
259 124
258 124
257 124
266 123
267 124
268 125
269 126
270 127
271 128
272 129
272 130
272 131
271 132
270 133
269 134
268 135
267 136
266 136
265 136
264 136
263 137
262 138
261 139
260 140
259 141
258 142
257 143
256 144
255 145
254 146
253 147
252 148
251 149
250 149
250 148
250 147
250 146
250 145
249 144
248 143
247 142
246 141
245 140
244 140
243 139
242 138
241 137
240 136
239 135
238 134
237 133
236 132
235 131
234 130
233 129
232 128
231 127
231 126
231 125
231 124
231 123
231 122
231 121
232 120
233 119
234 118
235 117
236 116
237 115
238 114
238 113
238 112
238 111
238 110
238 109
238 108
238 107
238 106
237 105
236 104
235 103
234 102
233 101
232 101
231 101
230 101
229 101
228 101
227 101
226 101
225 101
224 101
223 101
222 101
221 101
220 101
219 101
218 101
217 100
216 101
215 102
215 103
215 104
215 105
215 106
215 107
215 108
215 109
215 110
215 111
214 111
213 111
212 111
211 111
210 111
209 111
208 111
207 110
206 109
205 108
204 107
203 106
202 105
249 150
248 151
247 152
246 153
246 154
246 155
246 156
246 157
246 158
246 159
246 160
245 161
244 162
243 163
242 164
241 165
240 166
239 167
238 168
237 169
236 170
235 171
234 172
233 173
232 174
232 175
232 176
231 177
230 178
229 179
228 180
227 181
226 182
225 183
224 184
224 185
224 186
223 186
222 186
221 186
220 186
219 185
218 184
217 183
216 182
215 181
214 180
213 179
212 178
211 177
210 176
209 175
209 174
209 173
209 172
209 171
209 170
209 169
208 168
207 167
206 166
205 165
204 164
203 163
203 162
202 162
204 162
205 162
206 162
207 162
208 162
209 162
210 162
211 162
212 161
213 160
214 160
215 160
216 160
217 160
218 160
219 160
220 160
221 160
222 160
223 160
224 160
225 160
226 160
227 159
228 158
229 157
213 159
213 158
213 157
213 156
213 155
213 154
213 153
212 152
211 151
210 150
210 149
210 148
210 147
210 146
210 145
210 144
210 143
210 142
210 141
210 140
210 139
210 138
210 137
210 136
210 135
210 134
210 133
210 132
210 131
209 130
208 129
207 129
206 129
205 129
204 129
203 129
202 129
201 129
200 129
199 129
198 129
197 129
196 128
195 127
194 126
193 125
192 125
191 125
190 125
189 125
188 125
187 125
186 125
185 124
184 123
183 122
183 121
183 120
183 119
183 118
183 117
183 116
183 115
183 114
183 113
183 112
183 111
183 110
207 130
206 131
205 132
204 133
203 134
202 135
201 136
200 137
199 138
198 139
197 140
196 140
195 140
194 140
208 176
207 177
206 178
205 179
204 180
203 181
202 181
201 181
200 181
199 181
198 181
197 181
196 182
195 182
194 182
193 182
192 182
191 182
190 182
189 182
233 177
234 178
235 179
236 180
237 181
238 182
239 183
240 184
241 185
242 186
242 187
242 188
242 189
242 190
242 191
265 137
266 138
267 139
268 140
269 141
270 142
271 143
271 144
271 145
271 146
271 147
271 148
271 149
271 150
271 151
271 152
298 122
299 121
300 120
301 119
302 118
303 117
304 116
305 115
306 114
306 113
305 113
304 113
303 113
302 113
301 113
300 113
299 113
298 113
307 113
308 114
308 115
308 116
308 117
308 118
308 119
308 120
308 121
308 122
300 140
299 141
298 142
297 143
296 144
296 145
296 146
296 147
296 148
296 149
296 150
296 151
296 152
295 153
294 154
293 155
292 156
291 157
290 158
289 159
289 160
297 153
298 154
299 155
299 156
299 157
299 158
299 159
299 160
299 161
299 162
300 163
301 164
302 165
303 166
304 167
305 168
306 169
307 170
308 171
309 171
309 170
309 169
309 168
310 167
311 166
312 165
313 164
314 163
315 162
309 172
309 173
309 174
309 175
309 176
309 177
309 178
309 179
309 180
309 181
309 182
309 183
309 184
309 185
309 186
309 187
308 188
307 189
306 190
305 191
304 191
303 191
302 191
301 191
300 191
299 191
298 191
297 191
296 191
295 191
294 191
293 191
292 191
291 191
290 191
289 191
288 190
287 189
286 188
286 187
286 186
286 185
286 184
286 183
286 182
286 181
286 180
285 179
284 178
325 140
326 140
327 139
328 138
329 137
330 136
331 135
332 135
333 135
334 134
335 133
336 132
337 131
337 130
337 129
337 128
338 128
337 127
337 126
337 125
336 124
335 123
334 122
333 121
333 120
333 119
333 118
332 117
331 116
330 115
329 114
328 113
327 112
326 111
325 110
339 127
340 126
341 125
342 124
343 123
343 122
343 121
343 120
343 119
344 118
345 117
346 116
347 115
348 114
349 113
350 112
351 111
352 110
353 109
354 108
355 107
356 106
334 163
335 162
336 161
337 160
338 159
339 158
340 157
341 156
342 155
343 154
344 153
344 152
344 151
344 150
344 149
344 148
344 147
345 146
346 145
347 144
348 145
349 146
350 147
351 148
352 149
353 149
354 149
355 149
356 149
357 149
358 149
359 149
360 149
361 149
362 149
363 148
364 147
365 146
366 145
367 144
368 143
369 144
370 145
371 146
372 147
373 148
374 148
375 148
376 148
377 148
378 148
379 148
380 148
381 148
382 147
383 146
384 145
385 144
386 143
387 142
388 141
389 140
389 139
389 138
389 137
389 136
389 135
388 134
387 133
386 132
390 141
391 142
392 143
393 144
394 145
395 146
396 147
397 147
398 147
399 147
400 147
401 147
402 147
403 147
404 147
404 146
404 145
405 144
406 143
407 142
408 141
409 140
410 139
411 138
412 137
413 137
414 137
415 137
416 137
417 137
418 137
419 137
420 137
421 137
422 136
423 135
424 134
425 133
426 132
427 131
428 130
405 148
406 149
407 150
408 151
409 152
410 153
411 153
412 153
413 153
414 153
415 153
416 153
417 154
418 155
419 155
420 155
421 155
422 155
423 155
424 155
425 155
426 155
427 155
428 155
429 155
429 154
429 153
429 152
429 151
429 150
429 149
429 148
429 147
430 146
430 156
431 157
432 158
433 159
434 160
435 161
436 162
437 163
438 164
439 165
440 166
441 167
442 167
443 167
443 166
443 165
443 164
443 163
444 162
445 161
446 160
447 159
448 158
449 159
450 160
451 161
452 162
453 163
454 164
455 165
456 166
457 167
458 168
459 169
460 170
461 171
462 171
463 171
463 170
463 169
463 168
463 167
463 166
463 165
463 164
463 163
463 162
463 161
464 160
464 159
464 158
464 157
464 156
464 155
464 154
464 153
464 152
465 151
466 150
467 150
468 150
469 150
470 150
471 150
472 150
473 149
474 148
475 147
476 146
477 145
478 144
479 143
480 142
481 141
482 140
482 139
482 138
482 137
482 136
482 135
482 134
482 133
483 132
484 131
485 130
485 129
484 129
483 129
482 129
481 129
480 128
479 127
478 126
477 125
477 124
477 123
477 122
477 121
476 121
475 120
474 119
473 118
472 117
471 116
478 120
479 119
480 118
481 117
482 116
483 115
484 115
485 115
486 115
487 115
488 115
489 115
490 114
491 113
492 112
493 111
494 110
495 109
496 108
497 107
498 106
499 105
500 104
501 103
502 103
503 103
504 103
505 103
506 103
507 103
508 103
509 103
510 103
511 103
512 103
513 103
514 103
515 103
516 103
517 103
518 103
486 129
483 141
484 142
485 142
486 142
487 142
488 142
489 142
490 142
491 142
492 142
493 142
494 142
495 142
495 141
495 140
495 139
495 138
495 137
495 136
495 135
496 134
497 133
498 132
499 131
500 130
501 129
502 128
503 127
504 126
505 126
506 126
507 126
508 126
509 126
510 126
511 126
512 126
513 126
514 126
515 125
516 124
517 124
518 124
519 124
520 124
521 124
522 124
523 124
524 124
525 124
526 124
527 124
528 124
529 124
530 124
531 124
532 124
532 123
532 122
532 121
532 120
533 119
534 118
535 117
536 116
536 115
537 114
538 113
539 112
540 111
541 110
542 109
543 108
544 107
545 106
546 105
547 104
548 103
549 102
550 101
551 100
552 100
553 100
554 100
555 100
556 100
557 100
558 100
559 100
560 100
561 100
562 100
563 100
465 149
464 148
463 147
462 146
461 145
460 144
459 143
458 142
457 141
456 140
455 139
454 138
454 137
454 136
454 135
454 134
454 133
454 132
454 131
454 130
454 129
454 128
454 127
454 126
454 125
453 124
452 123
451 122
450 121
450 120
450 119
450 118
450 117
450 116
450 115
450 114
450 113
450 112
450 111
450 110
450 109
450 108
450 107
450 106
450 105
449 105
448 105
447 105
446 105
445 105
444 105
443 104
442 103
441 102
440 101
439 100
438 101
437 102
436 103
435 104
434 105
433 105
432 105
431 105
430 106
429 107
428 108
427 109
426 110
425 111
424 112
423 112
422 112
421 112
420 112
420 111
419 110
418 109
417 108
416 107
415 106
414 105
413 104
412 103
411 102
411 101
411 100
411 99
411 98
411 97
411 96
411 95
410 94
409 93
408 92
407 91
406 90
406 89
406 88
406 87
406 86
406 85
406 84
406 83
406 82
405 81
404 80
403 79
402 78
401 77
400 76
399 75
398 74
397 73
397 72
396 72
395 71
394 70
393 69
392 68
391 67
390 66
389 65
389 64
389 63
389 62
389 61
389 60
389 59
389 58
389 57
389 56
389 55
389 54
389 53
389 52
389 51
389 50
389 49
389 48
389 47
389 46
389 45
389 44
389 43
389 42
389 41
388 40
387 39
386 38
385 37
384 36
383 35
382 34
388 66
387 67
386 67
385 67
384 67
383 67
382 67
381 67
380 67
379 67
378 67
377 67
376 67
375 67
374 67
373 67
372 67
371 67
370 68
369 69
368 70
367 71
366 72
365 73
364 74
363 75
363 76
363 77
363 78
362 78
361 77
360 76
359 75
358 74
357 73
356 72
355 71
354 70
353 69
352 68
351 67
350 66
349 65
348 64
348 63
348 62
349 61
350 60
351 59
352 58
353 57
354 56
355 55
356 54
356 53
356 52
356 51
355 50
354 49
353 48
352 47
351 46
350 45
349 44
348 43
348 42
347 42
346 42
345 42
344 42
343 42
342 41
341 40
340 39
339 38
338 37
337 36
337 35
336 35
338 34
339 33
340 32
341 31
342 30
343 29
344 29
345 28
346 27
347 26
348 25
349 24
350 23
349 42
350 42
351 42
352 41
353 40
354 39
355 38
356 37
357 36
358 35
347 65
346 66
345 67
344 68
343 69
342 70
341 71
341 72
341 73
341 74
341 75
341 76
341 77
341 78
341 79
341 80
341 81
341 82
397 71
398 70
399 69
400 68
401 67
402 66
403 65
404 64
405 63
406 62
406 61
406 60
406 59
406 58
406 57
406 56
406 55
406 54
407 53
407 63
408 64
409 65
410 66
411 67
412 68
412 69
412 70
412 71
412 72
412 73
413 73
414 72
415 71
416 70
417 69
418 68
419 67
420 66
421 65
422 64
423 63
424 63
424 62
424 64
424 65
424 66
424 67
424 68
424 69
424 70
424 71
424 72
405 91
404 92
403 93
402 94
401 95
400 96
399 97
398 98
397 99
396 100
395 101
394 102
394 103
394 104
394 105
393 106
392 107
391 108
390 109
389 110
388 111
387 111
386 111
385 111
384 111
383 111
382 111
381 111
380 111
379 111
378 111
377 112
376 113
375 114
374 115
373 116
372 117
371 118
370 119
369 120
368 121
367 122
366 123
365 124
364 125
363 125
362 125
361 125
451 105
464 172
465 173
466 174
467 175
468 176
469 177
470 178
471 179
472 179
473 179
474 179
475 179
476 179
476 178
476 177
476 176
476 175
476 174
476 173
476 172
476 171
477 170
478 169
479 168
480 167
481 168
482 169
483 170
484 170
485 170
486 170
487 170
488 170
489 170
490 170
491 170
492 170
493 170
494 169
495 168
496 167
497 166
498 165
499 164
500 163
501 162
502 161
503 160
504 159
504 158
505 157
506 156
507 155
508 154
509 153
510 152
511 151
512 150
513 149
514 148
515 147
516 147
517 147
518 147
519 147
520 147
521 147
522 147
523 146
524 145
525 144
526 143
527 144
528 145
529 146
530 147
530 148
530 149
530 150
530 151
530 152
530 153
530 154
530 155
531 155
532 155
533 155
534 155
535 155
536 155
537 155
538 154
539 153
540 152
541 151
542 150
543 149
543 148
543 147
543 146
544 145
545 144
546 143
547 142
548 141
549 140
549 139
549 138
549 137
549 136
550 135
551 134
552 133
553 132
554 131
554 130
554 129
554 128
554 127
554 126
554 125
554 124
554 123
554 122
554 121
531 156
532 157
533 158
534 159
535 160
536 161
537 162
538 163
539 164
540 165
541 165
542 165
541 166
540 167
539 168
539 169
539 170
539 171
539 172
539 173
539 174
539 175
539 176
539 177
539 178
540 179
541 180
542 181
543 182
543 183
543 184
544 185
545 186
546 187
547 188
548 189
549 189
550 189
551 189
552 189
553 189
554 189
555 189
543 166
544 167
545 168
546 168
547 168
548 168
549 168
550 168
551 168
552 168
553 168
505 160
506 161
507 162
508 162
509 162
510 162
511 162
512 162
513 162
514 162
515 163
516 164
517 165
517 166
517 167
517 168
517 169
517 170
517 171
517 172
491 171
492 172
493 173
494 174
495 175
496 176
497 177
498 178
499 178
500 178
501 178
502 178
503 178
475 180
474 181
473 182
472 183
471 184
470 185
469 186
468 187
468 188
477 180
478 181
479 182
480 183
480 184
480 185
480 186
480 187
480 188
480 189
480 190
479 191
478 192
477 193
476 194
475 195
474 196
473 197
472 198
472 199
472 200
473 201
474 202
475 203
476 204
476 205
476 206
476 207
476 208
476 209
476 210
476 211
476 212
475 213
474 214
473 215
472 216
471 217
471 218
471 219
471 220
471 221
471 222
472 223
473 224
474 225
475 226
476 227
477 227
478 227
479 227
480 228
481 229
482 230
483 231
484 232
485 232
486 232
487 232
488 232
489 232
490 232
491 232
492 232
493 232
494 233
495 234
496 235
497 236
498 236
499 236
500 236
501 236
502 237
503 238
504 238
505 238
506 238
507 238
508 238
509 238
510 238
511 238
512 238
513 238
514 238
515 238
516 238
517 237
518 236
519 235
520 234
521 233
522 233
523 233
524 233
525 233
526 233
527 233
528 233
529 233
530 233
531 233
532 233
532 232
532 231
532 230
532 229
532 228
532 227
532 226
533 225
534 224
534 223
534 222
534 221
534 220
534 219
534 218
534 217
534 216
534 215
534 214
534 213
534 212
533 211
532 210
532 209
532 208
532 207
532 206
532 205
531 204
530 203
529 202
528 201
533 234
534 235
535 236
536 237
537 238
538 239
538 240
538 241
538 242
537 243
536 244
535 245
534 246
533 247
532 248
531 249
530 250
529 251
528 252
527 252
526 253
525 254
524 255
523 256
523 257
523 258
523 259
539 243
540 244
541 245
542 246
543 247
544 247
545 247
546 247
547 247
548 247
549 247
550 247
551 247
552 247
553 247
554 247
555 246
547 248
548 249
548 250
548 251
548 252
548 253
548 254
548 255
549 256
550 257
551 258
552 258
553 258
554 258
555 258
556 258
557 258
558 258
559 258
560 258
561 258
562 258
563 258
564 258
565 258
566 258
567 258
568 258
569 258
570 258
571 258
572 258
573 257
574 256
575 255
576 254
557 259
556 260
555 261
554 262
553 263
552 264
551 265
550 266
549 267
548 268
547 269
546 270
545 271
544 272
543 273
542 274
541 275
540 276
539 277
538 278
537 279
536 279
535 278
534 277
533 276
532 275
531 274
537 280
537 281
537 282
537 283
537 284
536 285
535 286
534 287
533 288
533 289
533 290
533 291
533 292
533 293
533 294
533 295
533 296
533 297
533 298
533 299
533 300
532 300
531 300
530 300
529 300
528 300
527 300
526 300
525 300
524 300
523 300
522 300
521 300
520 300
520 299
520 298
520 297
520 296
520 295
520 294
520 293
520 292
519 291
545 273
546 274
547 275
548 276
549 277
550 278
551 279
552 280
553 281
554 281
555 281
556 281
557 281
558 282
558 283
558 284
558 285
558 286
558 287
558 288
558 289
559 289
560 289
561 289
562 289
563 289
564 289
565 289
566 289
567 288
568 287
569 286
570 285
571 284
572 283
573 282
574 281
575 280
576 280
577 280
578 280
579 280
580 280
581 280
582 280
583 279
584 278
585 277
586 276
587 275
588 274
589 273
590 272
591 272
592 272
593 272
594 272
595 272
596 272
597 271
598 270
599 269
599 268
599 267
599 266
599 265
599 264
599 263
600 262
601 261
602 260
603 259
603 258
602 257
601 256
600 255
599 254
598 253
597 252
596 251
596 250
596 249
596 248
596 247
596 246
596 245
596 244
596 243
596 242
596 241
596 240
596 239
596 238
595 238
595 237
595 236
595 235
595 234
594 233
593 232
592 231
591 230
590 229
597 237
598 236
599 235
600 234
601 233
602 232
603 231
604 230
605 229
606 228
607 227
607 226
607 225
607 224
607 223
607 222
607 221
607 220
608 219
608 218
608 217
608 216
608 215
608 214
608 213
609 212
609 211
608 211
607 211
606 211
605 211
604 211
603 211
602 210
601 209
600 208
599 207
598 206
597 205
596 205
595 205
594 205
593 205
592 205
591 205
590 205
589 205
588 205
587 205
586 205
585 205
584 204
584 203
584 202
583 201
582 200
581 199
580 198
579 197
578 196
577 195
576 194
575 193
574 192
573 191
573 190
573 189
573 188
573 187
574 186
575 185
576 184
577 183
578 182
579 181
580 180
580 179
579 179
578 178
577 177
576 176
575 175
574 174
573 173
572 172
571 171
571 170
571 169
571 168
571 167
571 166
571 165
571 164
571 163
571 162
571 161
571 160
571 159
571 158
572 157
573 156
574 155
575 156
576 157
577 158
578 159
579 159
580 159
581 159
582 159
583 159
584 159
585 159
586 159
587 159
588 159
589 159
590 159
590 158
590 157
590 156
590 155
590 154
590 153
590 152
590 151
590 150
590 149
590 148
590 147
591 146
592 145
593 144
594 143
594 142
594 141
594 140
594 139
594 138
594 137
594 136
594 135
593 134
592 133
591 132
590 131
589 130
588 129
588 128
587 128
586 129
585 130
584 131
583 132
582 133
581 134
580 135
579 136
578 136
577 136
576 136
576 135
576 134
576 133
576 132
576 131
576 130
575 129
574 128
574 127
574 126
574 125
574 124
574 123
574 122
574 121
573 120
589 128
590 128
591 128
592 128
593 128
594 128
595 127
596 126
597 125
598 124
599 124
600 124
601 124
602 124
603 124
604 124
605 124
606 124
607 124
608 123
608 122
608 121
608 120
608 119
608 118
608 117
608 116
607 115
606 114
605 113
604 112
603 111
602 110
601 109
600 108
599 107
598 107
597 107
596 107
595 107
594 107
593 107
592 107
591 107
590 106
589 105
588 104
587 103
586 102
585 101
584 100
583 99
582 98
581 179
582 180
583 181
584 182
585 183
586 184
587 185
588 186
589 186
590 186
591 186
592 186
593 186
583 205
582 206
581 207
580 208
579 209
578 210
577 211
576 212
576 213
576 214
576 215
576 216
576 217
576 218
576 219
576 220
576 221
576 222
576 223
576 224
576 225
576 226
576 227
576 228
610 211
611 211
612 211
613 211
614 210
615 209
616 208
617 207
618 206
619 205
619 204
619 203
619 202
619 201
619 200
619 199
619 198
619 197
618 196
617 195
617 194
617 193
617 192
617 191
618 190
619 189
620 188
621 187
622 186
623 186
624 186
625 186
626 186
627 186
628 186
629 186
630 186
631 186
632 186
633 186
634 185
634 184
635 183
636 182
637 181
638 180
639 179
640 178
641 177
642 176
643 175
644 174
645 173
646 172
647 171
648 170
649 169
649 168
648 168
647 168
646 168
645 168
644 168
643 168
642 168
641 168
640 168
639 168
638 167
637 166
636 165
635 164
634 163
633 163
632 163
631 163
630 163
629 163
628 163
627 163
626 163
625 163
624 163
623 163
622 163
621 163
620 163
619 163
618 163
617 163
616 163
615 163
614 163
613 163
623 162
623 161
622 160
621 159
620 158
619 157
618 156
617 155
616 154
615 153
615 152
615 151
615 150
615 149
615 148
615 147
615 146
616 145
617 144
618 143
619 143
620 143
621 142
622 141
623 140
624 139
625 138
626 137
634 162
634 161
634 160
634 159
635 158
636 157
637 156
638 155
639 154
640 153
641 152
642 151
643 150
644 149
645 148
646 147
650 168
635 186
636 187
637 188
638 189
639 190
640 191
641 192
641 193
641 194
641 195
641 196
641 197
641 198
641 199
608 228
609 229
610 230
611 231
612 232
612 233
612 234
612 235
612 236
612 237
613 237
614 236
615 235
616 234
617 233
618 232
619 231
620 230
621 229
622 230
623 230
624 230
625 230
626 230
627 230
628 230
629 230
630 230
631 230
632 230
604 260
605 261
606 262
607 263
608 263
609 263
610 263
611 264
612 265
613 266
614 267
615 267
616 267
617 267
618 267
619 267
620 267
621 267
622 267
623 267
624 267
625 267
626 267
627 267
619 268
620 269
620 270
620 271
620 272
620 273
620 274
620 275
620 276
620 277
619 278
618 279
617 280
616 281
615 282
614 283
613 284
612 285
611 286
610 287
609 288
608 289
607 290
607 291
607 292
606 293
605 294
604 294
603 294
602 294
601 294
600 294
599 294
598 294
597 294
596 294
595 294
594 294
593 294
592 294
591 295
590 296
589 297
588 298
587 299
586 300
585 301
584 302
583 303
583 304
583 305
583 306
583 307
583 308
583 309
583 310
582 311
581 312
580 313
579 314
578 315
577 316
576 316
575 316
574 316
573 316
572 316
571 316
608 293
609 294
610 295
611 296
612 297
612 298
612 299
612 300
612 301
612 302
613 302
614 302
615 302
616 302
617 302
618 302
619 302
620 302
621 302
622 302
623 302
624 301
625 300
626 299
627 300
628 301
629 302
630 303
631 304
632 305
633 306
634 307
635 308
636 309
637 310
638 311
639 312
640 312
641 312
642 312
643 312
611 303
610 304
609 305
608 306
607 307
606 308
605 309
605 310
605 311
605 312
605 313
605 314
605 315
605 316
605 317
604 318
603 319
602 320
601 321
600 322
599 323
598 324
597 325
596 326
595 327
594 328
593 329
592 330
591 331
590 332
589 333
589 334
590 335
591 336
592 337
593 337
594 337
595 337
596 337
597 337
598 337
599 337
600 337
601 337
600 338
599 339
598 340
597 341
596 342
595 343
594 344
593 345
593 346
593 347
593 348
593 349
593 350
593 351
593 352
592 353
591 354
590 355
589 356
588 357
588 358
588 359
588 360
588 361
587 362
586 363
585 364
584 365
583 366
582 366
581 366
580 366
579 366
578 366
577 366
576 367
576 368
576 369
576 370
576 371
576 372
576 373
576 374
576 375
576 376
575 377
574 378
573 379
572 380
571 381
571 382
571 383
571 384
571 385
570 386
569 387
568 388
567 389
566 389
566 390
566 391
566 392
566 393
565 394
564 395
563 396
562 396
561 396
560 396
559 396
558 396
557 396
556 396
555 396
554 396
553 396
552 396
565 388
564 387
563 386
562 385
561 384
560 383
559 382
558 381
557 382
556 382
555 382
554 382
553 382
552 382
551 382
550 382
549 382
548 382
548 381
548 380
548 379
548 378
547 377
546 376
545 375
544 374
543 373
542 373
541 373
540 373
539 373
538 373
537 373
536 373
535 373
534 373
533 373
532 372
531 371
530 371
530 370
531 370
532 370
533 369
534 368
535 367
536 366
537 365
538 364
539 363
540 362
541 361
542 360
543 359
544 359
545 359
546 359
547 359
548 359
549 359
550 359
551 359
552 359
553 359
554 359
555 358
555 357
555 356
555 355
555 354
555 353
555 352
556 351
557 350
557 349
556 349
555 348
554 347
553 346
552 345
551 344
550 343
549 342
548 341
547 341
546 341
545 341
544 340
543 339
542 338
541 337
540 336
539 335
538 334
537 333
536 332
536 331
536 330
536 329
536 328
536 327
536 326
536 325
535 324
535 323
534 323
536 323
537 323
538 322
539 321
540 320
541 319
542 318
543 317
544 316
545 315
546 314
547 313
548 312
549 311
550 310
535 333
534 334
533 335
532 336
531 337
530 338
529 339
528 340
527 341
526 342
525 343
524 344
523 344
522 344
521 344
520 344
519 344
518 344
517 344
516 344
515 344
514 344
513 344
512 344
511 344
510 343
509 342
508 341
507 340
506 340
505 340
504 340
503 340
502 340
501 340
500 340
499 340
498 340
497 339
496 339
495 339
494 339
493 339
492 339
491 338
490 337
489 336
547 342
546 343
545 344
544 345
543 345
542 345
541 345
540 345
539 345
538 345
558 349
559 350
560 350
561 350
562 350
563 350
564 350
565 350
566 350
567 350
568 350
569 350
570 350
571 350
572 350
530 372
530 373
530 374
530 375
530 376
530 377
530 378
530 379
530 380
530 381
530 382
529 383
528 384
527 385
526 386
526 387
526 388
526 389
526 390
526 391
526 392
526 393
526 394
526 395
526 396
525 397
524 398
523 399
522 399
521 399
520 399
519 399
518 399
517 399
516 399
515 399
514 399
513 400
512 401
511 402
510 403
509 404
508 404
507 404
506 404
505 404
504 404
503 404
502 404
501 404
500 405
499 406
498 407
497 408
496 409
495 410
495 411
495 412
495 413
495 414
495 415
496 416
497 417
498 418
499 419
500 420
501 420
502 420
503 420
504 420
505 420
506 420
507 420
508 420
509 420
510 420
511 420
512 420
513 420
514 420
515 420
516 419
517 418
507 421
508 422
509 423
510 424
511 425
512 426
512 427
512 428
512 429
513 430
514 431
515 432
516 433
517 434
517 435
517 436
517 437
517 438
517 439
517 440
517 441
517 442
517 443
517 444
505 421
504 422
503 423
502 424
501 425
500 426
499 427
498 428
497 429
496 430
495 431
495 432
495 433
495 434
495 435
495 436
494 437
493 438
493 439
493 440
493 441
493 442
493 443
493 444
492 444
491 444
490 444
489 444
488 444
487 444
486 444
485 444
484 444
483 444
482 444
481 444
480 443
479 442
479 441
479 440
479 439
479 438
479 437
479 436
479 435
479 434
479 433
478 432
477 431
476 431
475 431
474 431
473 431
472 431
471 431
470 431
469 431
468 431
467 431
466 431
465 430
464 429
463 428
462 427
461 426
460 426
459 426
458 426
457 426
456 426
455 426
454 426
453 426
452 426
451 426
450 425
449 424
448 423
447 424
446 425
445 425
444 425
443 425
442 425
441 425
440 425
439 425
438 425
437 425
436 425
435 425
434 425
433 425
432 425
431 425
430 425
429 425
428 425
427 425
426 425
425 425
424 425
423 425
422 424
421 423
421 422
420 421
419 420
418 419
417 418
416 417
415 416
414 415
414 414
414 413
414 412
414 411
414 410
414 409
414 408
414 407
414 406
415 405
416 404
417 403
418 402
419 403
420 404
421 405
422 405
423 405
424 405
425 405
426 405
427 405
428 405
429 405
430 405
431 405
432 405
433 405
434 405
435 404
436 403
437 402
438 401
439 400
440 399
441 398
442 397
442 396
442 395
442 394
443 393
444 392
445 391
446 390
447 389
448 388
449 387
450 386
451 386
452 386
453 385
453 384
453 383
453 382
453 381
453 380
453 379
453 378
454 377
455 376
456 375
457 374
458 373
459 372
460 371
460 370
459 370
458 370
457 370
456 370
455 370
454 370
453 370
452 370
451 370
450 370
449 369
448 368
447 367
446 366
445 365
461 370
461 369
461 368
462 367
463 366
464 365
465 364
466 363
467 362
468 361
469 360
470 359
471 358
472 357
473 356
474 355
475 354
475 353
475 352
475 351
475 350
475 349
475 348
475 347
475 346
475 345
474 344
473 343
454 386
455 387
456 388
457 388
458 388
459 388
460 388
461 388
462 388
463 388
464 388
465 388
466 388
467 388
468 388
469 388
470 387
471 386
472 385
473 384
474 383
475 382
476 381
477 380
478 379
479 378
480 377
481 376
482 375
483 374
484 374
485 374
486 374
487 373
488 372
489 371
490 370
491 369
492 368
493 367
494 366
495 365
496 366
497 367
498 368
499 368
500 368
501 368
502 368
503 368
504 369
505 370
506 371
507 372
508 372
509 372
510 372
511 372
512 372
513 372
484 375
485 376
486 377
487 378
488 379
489 380
490 381
490 382
490 383
490 384
490 385
490 386
413 416
412 417
411 418
410 419
409 420
408 421
407 422
406 422
405 422
404 422
403 422
402 422
401 422
400 422
399 422
398 422
397 422
396 421
406 423
407 424
408 425
409 426
410 427
411 428
411 429
411 430
410 431
409 432
408 433
407 434
406 435
405 436
404 437
403 438
402 439
401 440
400 440
399 440
398 440
397 440
398 441
399 442
400 443
401 444
402 445
402 446
402 447
402 448
402 449
402 450
401 451
400 451
399 451
398 451
397 451
396 451
395 451
394 451
393 450
392 449
391 448
390 447
389 446
388 445
387 444
386 443
385 442
384 441
383 440
382 439
381 438
380 437
379 436
378 435
377 434
377 433
377 432
377 431
376 430
375 429
374 428
373 427
372 426
371 425
370 424
369 423
368 422
367 421
367 420
367 419
367 418
367 417
367 416
367 415
368 414
369 413
370 412
371 411
371 410
372 409
373 408
374 407
375 406
376 405
377 404
378 403
379 402
380 401
380 400
380 399
380 398
380 397
380 396
380 395
380 394
380 393
380 392
379 391
378 390
377 389
376 388
375 387
374 386
373 385
373 384
372 384
374 384
375 383
376 382
377 382
378 381
379 380
380 379
381 378
382 377
383 376
384 375
384 374
384 373
384 372
384 371
384 370
384 369
384 368
384 367
384 366
385 366
386 366
387 366
388 366
389 366
390 366
391 366
392 366
393 365
394 366
395 367
396 368
397 369
398 370
399 371
400 372
401 373
402 374
403 375
404 376
405 377
406 378
407 379
366 422
365 423
364 424
363 425
362 426
361 427
360 428
359 429
358 430
357 430
356 429
355 428
354 427
353 426
352 425
351 424
350 423
349 422
348 421
347 420
346 419
345 418
344 417
343 416
342 415
341 414
340 414
339 414
338 414
337 414
336 413
335 412
334 411
333 410
332 409
331 408
330 407
329 406
328 405
328 404
328 403
328 402
328 401
328 400
328 399
328 398
328 397
328 396
328 395
328 394
328 393
328 392
328 391
328 390
328 389
328 388
328 387
328 386
328 385
328 384
328 383
328 382
328 381
328 380
328 379
328 378
328 377
329 377
330 377
331 377
332 377
333 376
334 375
335 374
336 373
337 372
338 371
339 370
340 369
341 368
342 367
342 366
342 365
342 364
342 363
343 362
344 361
345 360
346 359
347 358
348 357
349 356
350 356
351 356
352 356
353 355
354 354
355 353
356 352
357 351
358 350
359 349
360 350
361 351
362 352
362 353
362 354
362 355
362 356
362 357
362 358
349 355
349 354
349 353
349 352
349 351
349 350
349 349
343 368
344 369
345 370
346 371
346 372
346 373
346 374
346 375
346 376
347 376
348 376
349 376
350 376
351 376
352 376
353 375
354 374
355 373
327 406
326 407
325 408
324 409
323 410
322 411
321 412
320 412
320 411
320 410
320 409
319 408
318 407
317 406
316 405
315 406
314 407
313 408
312 409
311 410
310 411
309 412
308 413
307 413
306 413
305 413
304 413
303 414
302 415
301 416
300 417
299 418
298 419
297 420
296 421
296 422
295 422
295 423
294 424
293 425
292 426
291 427
290 428
289 429
288 430
287 430
286 430
285 430
284 430
283 430
282 430
282 431
281 431
280 431
279 431
278 431
277 431
276 431
275 431
274 431
273 431
272 431
281 429
280 428
279 427
278 426
277 425
276 424
275 423
274 422
273 421
272 420
271 419
294 421
293 420
292 419
291 418
290 417
289 416
288 415
288 414
287 413
286 412
285 411
284 410
283 409
282 408
281 407
280 406
280 405
279 405
279 404
279 403
279 402
279 401
279 400
278 399
277 398
276 397
275 396
274 395
273 394
272 393
271 392
271 391
271 390
271 389
271 388
271 387
270 386
269 385
268 384
267 383
266 382
266 381
266 380
266 379
266 378
266 377
266 376
266 375
266 374
266 373
266 372
266 371
266 370
266 369
265 369
267 369
268 369
269 369
270 369
271 369
272 369
273 369
274 368
275 367
265 383
264 384
263 385
262 386
261 387
260 388
259 389
258 390
258 391
258 392
257 393
256 394
255 395
254 396
253 397
252 398
251 399
250 400
249 401
248 401
247 401
246 401
245 401
245 400
245 399
245 398
244 397
243 396
242 395
241 394
240 393
239 392
239 391
239 390
239 389
239 388
239 387
239 386
239 385
239 384
239 383
239 382
239 381
239 380
239 379
240 378
241 377
281 405
282 405
283 404
284 403
285 402
286 401
287 400
297 423
298 424
299 425
300 426
300 427
300 428
300 429
300 430
300 431
300 432
300 433
301 433
302 433
303 433
304 433
305 433
306 432
307 431
308 430
309 429
320 413
340 415
339 416
338 417
338 418
338 419
338 420
338 421
338 422
338 423
338 424
337 425
336 426
335 427
334 428
333 429
332 430
331 431
330 431
329 431
328 431
327 431
341 413
341 412
342 411
343 410
344 409
345 408
346 407
347 406
348 405
349 404
356 431
355 432
354 433
354 434
354 435
354 436
354 437
354 438
354 439
353 440
352 441
351 442
350 443
350 444
350 445
350 446
350 447
350 448
350 449
350 450
350 451
350 452
350 453
350 454
350 455
350 456
349 457
348 458
347 459
346 460
345 461
344 462
343 463
342 464
341 465
340 466
339 467
338 467
337 468
336 469
335 470
334 471
333 472
332 473
331 474
331 475
330 476
329 477
328 477
327 477
326 477
325 477
324 477
323 476
322 475
321 474
320 473
319 472
318 471
317 470
316 469
315 468
314 467
313 466
312 465
311 465
310 465
309 464
308 463
307 462
306 461
305 460
304 459
303 458
302 459
301 460
300 461
299 462
298 463
297 464
296 465
295 466
294 467
293 468
292 469
291 470
290 470
289 470
288 470
289 471
290 472
290 473
290 474
290 475
290 476
290 477
290 478
290 479
290 480
290 481
290 482
290 483
290 484
290 485
290 486
290 487
290 488
290 489
311 466
311 467
311 468
311 469
311 470
311 471
312 464
312 463
312 462
312 461
312 460
312 459
312 458
312 457
325 478
324 479
323 480
322 481
321 482
320 483
319 484
318 485
317 486
316 486
315 486
314 486
313 486
312 486
311 486
327 478
328 479
329 480
330 481
331 482
331 483
331 484
331 485
331 486
331 487
331 488
339 468
340 469
341 470
342 471
343 472
344 473
345 474
345 475
345 476
345 477
345 478
345 479
346 480
347 481
348 482
348 483
348 484
348 485
348 486
348 487
348 488
348 489
349 489
350 489
351 489
352 489
353 489
354 489
355 488
356 487
357 486
358 485
359 486
360 487
361 488
362 489
363 490
364 491
365 492
366 493
367 493
368 493
369 493
370 493
371 493
372 493
373 493
374 493
375 493
375 492
375 491
376 490
377 489
378 488
379 487
380 486
381 485
382 484
383 483
384 482
384 481
384 480
385 480
384 479
384 478
384 477
384 476
384 475
383 474
382 473
381 472
380 471
379 470
378 469
377 468
376 467
376 466
376 465
376 464
376 463
376 462
376 461
376 460
376 459
376 458
375 457
374 456
373 455
372 454
386 479
387 478
388 477
389 476
390 475
391 474
392 473
393 472
394 471
395 470
396 469
397 470
398 471
399 472
400 472
401 472
402 472
403 472
404 472
405 472
406 472
407 472
408 472
409 472
410 472
411 472
412 472
413 472
414 472
415 472
414 473
413 474
412 475
411 476
411 477
411 478
411 479
411 480
411 481
411 482
411 483
411 484
411 485
411 486
411 487
411 488
411 489
411 490
411 491
411 492
411 493
411 494
411 495
412 496
413 497
414 498
415 498
416 498
417 498
418 498
419 498
420 498
421 498
422 498
423 498
347 490
346 491
345 492
344 493
343 494
342 495
341 496
340 497
339 498
339 499
339 500
339 501
339 502
340 503
341 504
342 505
343 506
344 507
345 508
346 509
346 510
346 511
347 511
346 512
347 513
348 514
349 515
350 516
351 516
352 516
348 510
349 509
350 508
351 507
352 506
353 505
354 504
355 503
356 504
357 505
358 506
359 507
360 508
361 509
362 510
363 510
364 510
365 510
366 510
367 510
368 510
369 510
370 510
371 510
435 426
436 427
437 428
438 429
438 430
438 431
438 432
438 433
438 434
438 435
438 436
438 437
438 438
438 439
438 440
438 441
438 442
437 443
436 444
435 444
434 444
433 444
432 444
431 444
430 444
460 427
459 428
458 429
457 430
457 431
457 432
457 433
457 434
457 435
457 436
457 437
457 438
457 439
457 440
457 441
457 442
527 397
528 398
529 399
530 400
531 401
532 402
533 403
534 404
535 405
536 406
536 407
536 408
536 409
536 410
577 377
578 378
579 379
580 380
581 381
582 382
583 383
584 384
585 385
586 386
587 387
588 388
589 389
590 390
590 391
590 392
590 393
591 394
592 395
593 396
593 397
593 398
593 399
593 400
593 401
593 402
593 403
594 404
595 405
596 406
597 407
598 408
599 409
600 410
601 411
602 412
602 413
603 414
604 415
604 416
604 417
604 418
604 419
604 420
604 421
604 422
603 423
602 424
601 425
600 426
599 427
598 428
597 429
596 430
595 431
594 431
593 431
592 431
591 431
590 431
590 430
590 429
590 428
590 427
590 426
590 425
590 424
590 423
590 422
589 421
588 420
589 432
588 433
587 434
586 435
585 436
584 437
583 438
582 438
581 438
580 438
579 438
578 437
577 436
576 435
575 434
574 433
573 432
572 431
571 430
570 429
569 428
568 427
567 426
566 425
565 424
564 425
563 426
562 427
561 428
560 428
559 428
558 428
557 428
556 428
555 428
554 428
553 428
552 429
551 429
550 429
549 429
548 429
547 429
546 429
545 429
544 429
543 429
542 429
541 429
540 429
539 429
538 429
539 430
540 431
541 432
542 433
543 434
544 435
544 436
544 437
544 438
544 439
544 440
544 441
544 442
544 443
544 444
580 439
579 440
578 441
577 442
576 443
575 444
574 444
573 444
572 444
571 444
605 423
606 424
607 425
608 426
609 427
610 428
611 429
611 430
611 431
611 432
611 433
611 434
611 435
611 436
611 437
611 438
611 439
611 440
611 441
611 442
611 443
589 362
590 363
591 364
592 365
593 366
594 367
595 368
596 369
597 370
598 371
599 371
600 371
601 371
602 371
594 353
595 353
596 353
597 353
598 353
599 353
600 353
601 353
602 353
603 353
604 353
605 353
606 353
607 353
608 354
609 355
610 356
611 357
612 358
613 359
614 360
615 361
616 362
617 363
618 364
619 365
620 366
621 367
622 367
622 366
622 365
622 364
623 363
624 362
625 361
626 360
627 359
628 358
629 357
630 356
631 356
632 356
633 356
634 355
635 354
636 353
637 352
638 351
639 350
640 349
641 348
642 347
642 346
641 346
640 345
639 344
638 343
637 342
636 341
635 340
634 339
633 338
632 338
631 338
630 338
629 338
628 338
627 337
626 336
625 335
624 334
624 333
624 332
624 331
624 330
624 329
624 328
624 327
624 326
624 325
624 324
624 323
624 322
624 321
624 320
623 319
643 346
621 368
621 369
621 370
621 371
621 372
621 373
621 374
621 375
621 376
622 377
623 378
624 379
625 380
625 381
625 382
625 383
625 384
625 385
625 386
625 387
625 388
625 389
625 390
625 391
626 392
627 393
628 394
629 395
630 396
631 397
632 398
633 399
634 400
635 401
636 402
637 403
638 404
639 405
640 406
641 407
640 408
639 409
638 409
637 409
636 409
635 409
634 409
633 409
623 368
624 369
625 370
626 371
627 372
628 373
629 374
630 375
631 376
632 376
633 376
621 278
622 278
623 278
624 278
625 278
626 278
627 278
628 278
629 278
630 278
631 278
632 278
633 278
634 278
635 278
636 277
637 276
638 275
639 274
640 273
641 272
642 271
643 270
644 269
645 268
646 267
521 232
521 231
521 230
521 229
521 228
521 227
521 226
521 225
521 224
520 223
519 222
518 221
517 220
516 219
516 218
515 217
514 216
513 215
512 214
511 213
510 212
509 211
508 210
508 209
508 208
508 207
508 206
508 205
508 204
508 203
508 202
508 201
507 200
506 199
505 198
504 197
503 196
502 195
501 196
500 197
499 198
498 199
497 200
496 201
495 202
494 203
493 204
493 205
511 239
511 240
511 241
511 242
511 243
511 244
511 245
511 246
511 247
511 248
510 249
509 250
508 251
507 252
506 253
505 254
504 255
503 256
502 257
501 258
500 259
499 260
498 261
497 262
496 263
495 264
494 265
493 266
492 267
491 268
490 269
489 270
489 271
489 272
489 273
489 274
489 275
489 276
489 277
495 266
496 267
497 268
498 269
499 269
500 269
501 269
502 269
503 269
504 269
505 269
506 269
442 168
441 169
440 170
439 170
438 170
437 170
436 170
435 170
434 170
435 171
436 172
437 173
438 174
438 175
438 176
438 177
438 178
438 179
438 180
438 181
438 182
438 183
438 184
437 185
436 185
435 185
434 185
433 185
432 185
431 185
430 185
429 185
428 185
427 185
426 185
425 186
425 187
425 188
425 189
425 190
425 191
425 192
425 193
425 194
425 195
425 196
425 197
425 198
426 199
427 200
428 201
429 202
430 203
430 204
430 205
430 206
430 207
430 208
430 209
429 210
428 211
427 212
427 213
427 214
427 215
427 216
427 217
427 218
427 219
427 220
426 221
425 222
424 223
423 224
422 225
421 226
420 227
419 228
419 229
419 230
419 231
428 221
429 222
430 223
431 224
432 225
433 226
434 227
435 228
436 228
436 227
436 226
437 225
438 224
439 223
440 222
436 229
436 230
436 231
436 232
436 233
436 234
436 235
436 236
436 237
436 238
436 239
436 240
436 241
436 242
436 243
437 244
438 245
439 246
440 247
441 248
442 249
443 249
444 249
445 249
446 249
447 250
448 251
449 252
450 252
451 252
452 252
453 252
454 252
455 252
456 253
457 254
457 255
457 256
457 257
457 258
457 259
457 260
457 261
457 262
456 263
455 264
454 265
453 266
452 267
451 267
450 267
449 267
448 267
449 268
449 269
449 270
449 271
449 272
449 273
449 274
449 275
449 276
449 277
449 278
449 279
449 280
450 281
451 282
452 283
452 284
452 285
452 286
452 287
452 288
452 289
452 290
452 291
452 292
452 293
453 294
454 295
455 296
456 297
457 298
458 298
459 298
460 298
461 298
462 298
463 298
464 298
465 298
466 298
467 297
468 296
469 295
470 294
470 293
469 292
468 291
467 290
466 289
465 288
464 287
463 286
471 295
472 296
473 297
474 298
475 299
476 300
477 301
478 301
479 301
480 301
481 301
482 301
483 301
484 301
485 302
486 303
487 304
488 305
489 306
490 307
491 308
492 309
493 310
494 311
495 312
496 313
497 314
498 314
499 314
500 314
461 299
462 300
463 301
464 302
465 303
465 304
465 305
465 306
465 307
459 299
458 300
457 301
456 302
455 303
455 304
455 305
455 306
455 307
454 308
453 309
452 310
451 311
450 312
449 313
448 314
447 314
446 314
445 314
445 313
445 312
445 311
445 310
444 309
443 308
442 307
441 306
440 306
439 306
438 306
437 306
436 306
435 306
434 305
433 304
433 303
433 302
433 301
433 300
433 299
433 298
433 297
433 296
433 295
433 294
432 294
431 294
430 294
429 293
428 292
427 291
426 290
425 289
424 288
434 294
432 305
431 306
430 307
429 308
428 309
427 310
426 311
425 312
424 313
423 313
422 313
422 314
421 314
420 314
419 314
418 314
417 314
416 314
415 315
414 316
413 317
412 318
411 319
410 320
409 320
408 320
407 320
406 320
405 320
404 320
403 320
421 312
420 311
419 310
418 309
417 308
416 307
415 306
414 305
413 304
445 315
445 316
445 317
445 318
445 319
445 320
445 321
445 322
445 323
445 324
444 325
443 326
442 327
441 328
440 329
440 330
440 331
440 332
440 333
439 334
438 335
437 336
436 337
435 338
434 339
433 340
433 341
433 342
432 343
431 344
430 345
429 346
428 347
427 348
426 349
425 350
424 351
423 351
422 351
421 351
420 351
419 351
418 351
417 351
416 352
415 353
414 354
413 355
412 356
411 357
410 358
410 359
410 360
418 352
419 353
420 354
421 355
422 356
423 357
424 358
425 358
426 358
441 334
442 335
443 336
444 337
445 338
446 339
447 339
448 339
449 339
450 339
451 339
452 339
458 263
459 264
460 264
461 264
462 264
463 264
464 264
465 264
466 264
467 264
468 264
469 264
470 264
439 185
440 186
441 187
442 188
443 189
444 190
445 191
446 192
447 193
448 194
449 195
450 195
451 195
451 196
451 197
451 198
451 199
451 200
451 201
451 202
451 203
451 204
451 205
451 206
377 149
378 150
379 151
380 152
381 153
382 154
383 155
384 156
385 157
385 158
384 158
383 159
382 160
381 161
380 162
379 163
378 164
377 165
376 166
375 166
374 166
373 166
372 166
371 166
385 159
385 160
385 161
385 162
385 163
385 164
385 165
385 166
342 172
343 173
344 174
345 174
346 174
347 174
348 174
349 174
350 174
351 174
351 173
351 172
351 171
351 170
351 169
351 168
351 167
351 166
352 175
353 176
354 177
354 178
354 179
354 180
354 181
354 182
354 183
354 184
355 185
356 186
357 187
358 188
359 188
360 188
361 188
362 188
363 189
364 190
365 191
366 192
367 193
368 194
369 195
370 196
371 197
372 198
373 199
374 200
375 200
376 200
376 199
376 198
377 197
378 196
379 195
380 194
381 193
382 193
383 193
384 193
385 193
386 193
387 193
388 193
389 193
390 192
390 191
390 190
391 189
392 188
393 187
394 186
395 185
396 184
397 183
398 182
399 181
400 181
401 181
402 181
403 181
404 181
405 181
406 181
407 181
408 181
409 182
409 183
409 184
409 185
409 186
409 187
409 188
409 189
409 190
408 191
407 192
406 193
405 194
404 195
404 196
404 197
404 198
404 199
404 200
404 201
405 202
406 203
406 204
406 205
406 206
406 207
406 208
406 209
406 210
406 211
375 201
374 202
373 203
372 204
371 205
370 206
369 207
368 207
367 207
366 207
365 207
364 207
365 208
366 209
367 210
368 211
368 212
368 213
368 214
368 215
368 216
368 217
368 218
368 219
368 220
367 220
366 220
365 220
364 220
363 220
362 220
361 220
360 220
359 220
358 220
357 220
369 221
369 222
369 223
369 224
369 225
369 226
369 227
369 228
369 229
369 230
369 231
369 232
377 201
378 202
379 203
380 204
381 205
382 206
383 206
384 206
385 206
386 206
387 206
388 207
389 208
390 209
391 210
392 211
392 212
392 213
392 214
392 215
392 216
392 217
392 218
392 219
392 220
392 221
392 222
392 223
392 224
392 225
393 226
394 227
395 228
396 229
397 230
398 230
399 230
400 230
399 231
398 232
398 233
398 234
398 235
398 236
398 237
398 238
397 239
396 240
395 241
394 242
393 243
392 244
391 245
390 246
389 247
388 248
387 248
388 249
389 250
390 251
391 252
392 253
393 254
394 255
395 256
396 257
397 257
398 257
399 257
400 258
401 259
402 260
403 261
404 262
405 262
406 262
407 262
406 263
405 264
404 265
403 266
402 267
401 268
400 269
400 270
331 198
330 199
329 200
328 201
327 202
326 203
325 204
325 205
325 206
325 207
343 206
317 241
318 242
319 243
320 244
321 245
322 246
322 247
322 248
322 249
322 250
322 251
322 252
284 245
283 246
282 247
281 248
280 249
279 250
278 251
277 252
277 253
277 254
277 255
294 250
295 251
296 252
297 253
298 254
299 255
300 255
301 255
302 255
303 255
304 255
305 255
306 255
304 286
303 287
302 288
301 289
300 290
299 291
298 292
297 293
296 294
296 295
295 296
294 297
293 298
293 299
293 300
293 301
293 302
293 303
293 304
293 305
293 306
293 307
293 308
292 309
291 310
290 311
289 312
288 313
287 314
286 315
285 315
284 315
283 316
282 317
281 318
280 319
279 320
278 321
277 322
276 323
275 324
274 324
274 323
274 322
274 321
274 320
274 319
274 318
273 317
272 316
274 325
273 326
272 327
271 328
270 329
269 330
268 331
267 332
266 333
265 334
264 335
263 336
263 337
263 338
262 339
261 340
260 341
259 342
258 343
257 343
256 343
255 343
254 343
253 343
252 343
251 343
250 343
249 343
248 343
247 344
246 345
245 346
244 347
243 348
242 349
241 350
240 351
240 352
240 353
240 354
240 355
240 356
240 357
240 358
240 359
240 360
264 339
265 339
266 339
267 339
268 339
269 339
270 339
271 339
272 339
273 339
274 339
275 340
276 341
277 342
278 343
279 344
280 344
281 344
282 344
283 344
284 344
285 344
286 344
287 344
288 344
289 344
290 344
291 344
292 344
293 344
294 344
295 343
262 335
261 334
260 333
259 332
258 331
257 330
256 329
255 328
254 327
275 326
276 327
277 328
278 329
279 329
280 329
281 329
282 329
283 329
284 329
285 329
286 329
287 329
306 286
307 287
307 288
307 289
307 290
307 291
307 292
307 293
307 294
307 295
307 296
308 297
309 298
310 299
311 300
311 301
311 302
311 303
311 304
311 305
311 306
311 307
311 308
312 309
313 310
314 311
315 312
316 313
317 314
317 315
317 316
317 317
318 317
317 318
317 319
317 320
317 321
316 322
315 323
314 324
313 324
312 324
311 324
310 324
309 324
308 324
307 324
306 324
305 324
304 324
318 322
319 323
320 324
321 325
322 326
323 327
324 327
325 327
326 327
327 327
328 327
329 327
330 327
331 327
332 327
333 327
334 327
335 327
336 327
337 327
338 327
339 326
339 325
339 324
340 323
341 322
342 321
343 320
344 319
345 318
346 317
347 316
347 315
347 314
347 313
347 312
347 311
347 310
347 309
348 308
349 307
349 306
349 305
349 304
349 303
349 302
349 301
349 300
349 299
350 298
351 297
352 296
352 295
352 294
352 293
352 292
352 291
352 290
352 289
352 288
351 287
350 286
348 317
349 318
350 319
351 320
352 321
352 322
352 323
352 324
353 324
354 324
355 324
356 323
357 322
358 321
359 320
360 319
361 318
362 317
363 316
364 316
365 316
366 316
367 316
368 315
369 314
370 313
371 312
372 312
373 312
374 312
375 312
376 312
377 312
378 312
379 312
380 312
381 312
382 312
383 312
384 311
385 310
386 309
387 308
371 311
371 310
371 309
371 308
371 307
371 306
371 305
370 304
369 303
368 302
368 301
368 300
368 299
369 298
370 297
371 296
372 295
373 294
374 293
375 292
376 291
377 290
378 289
379 288
379 287
378 287
377 287
376 287
375 287
374 286
373 285
372 284
371 283
370 282
369 281
369 280
369 279
369 278
369 277
369 276
369 275
369 274
369 273
368 272
367 271
366 270
366 269
366 268
366 267
366 266
366 265
366 264
366 263
366 262
366 261
366 260
366 259
367 258
368 257
380 287
380 286
380 285
380 284
380 283
380 282
381 281
382 280
383 279
384 278
385 279
386 280
387 281
388 282
389 283
390 284
391 285
392 285
393 285
394 285
395 285
396 285
364 317
365 318
366 319
367 320
368 321
369 322
370 323
371 324
372 325
372 326
372 327
372 328
373 329
374 330
375 330
376 330
377 330
378 330
379 330
380 330
381 330
382 330
383 330
384 331
385 332
386 333
387 334
388 335
389 336
390 337
391 338
391 339
391 340
391 341
391 342
391 343
327 328
328 329
329 330
330 331
331 332
332 333
332 334
332 335
332 336
332 337
332 338
332 339
332 340
332 341
331 342
330 343
329 344
328 345
327 346
326 347
325 348
324 349
323 349
322 349
321 349
320 349
319 349
318 349
317 349
316 349
315 349
314 350
313 351
312 352
311 353
310 354
309 355
308 356
307 357
306 358
305 359
304 360
303 361
302 362
301 363
301 364
301 365
301 366
302 367
303 368
304 369
305 370
306 371
307 372
308 373
309 374
319 316
320 315
321 314
322 313
323 312
324 311
325 310
326 309
327 308
320 281
321 282
322 283
323 284
324 285
325 286
326 287
327 288
328 288
329 288
330 288
331 288
332 288
333 288
334 288
854
338 260
337 249
347 257
351 244
326 271
319 280
305 285
295 274
282 269
271 267
263 261
260 277
252 276
244 267
241 259
236 249
235 241
226 238
217 231
209 230
214 241
239 233
250 240
252 249
267 240
225 256
228 268
218 271
207 270
199 256
190 245
195 233
194 224
184 222
179 255
174 243
161 259
156 249
157 237
156 225
151 217
147 208
135 196
123 182
141 186
151 191
162 186
155 175
156 167
149 156
152 144
148 132
145 121
141 105
157 126
165 111
137 166
124 154
112 147
107 139
103 135
95 133
84 131
78 138
70 141
76 149
70 155
61 157
46 147
39 152
44 156
61 168
66 175
54 182
44 180
36 185
20 173
19 185
56 192
53 205
60 212
49 222
39 209
25 206
22 216
70 214
84 219
90 233
71 186
79 191
89 197
96 202
108 208
114 198
108 219
118 225
78 176
84 174
112 127
112 115
108 104
100 103
112 100
120 100
99 145
89 153
97 156
90 162
109 158
103 167
119 168
127 141
129 133
159 158
170 163
172 148
176 150
181 164
166 194
173 202
186 200
194 201
202 210
210 207
218 207
234 210
245 210
135 212
138 226
162 215
171 226
151 267
139 265
130 257
117 250
109 258
123 267
109 273
103 285
111 287
122 282
130 288
110 298
97 308
89 323
99 335
106 349
109 358
113 367
121 365
119 377
104 378
116 341
124 351
99 356
89 366
76 372
73 368
70 364
62 362
54 352
53 346
46 334
45 326
33 332
31 324
17 335
15 327
14 346
32 344
57 324
54 310
64 300
74 300
84 282
74 261
63 261
55 253
66 245
53 271
87 260
57 293
61 328
72 319
45 350
49 363
36 378
32 384
21 364
46 384
49 396
62 351
64 370
75 353
81 384
74 397
65 394
94 399
101 397
107 402
121 411
116 424
108 426
104 434
112 436
120 437
130 413
125 396
138 402
139 396
148 392
149 382
159 378
171 369
184 363
183 355
191 354
199 348
187 344
184 336
175 327
165 335
164 344
172 344
170 354
151 350
196 338
191 324
185 314
196 302
207 297
212 305
226 296
232 310
234 319
224 330
229 341
200 329
209 324
200 367
206 359
204 369
195 374
172 388
181 383
191 392
204 388
213 393
216 387
206 406
147 372
133 421
142 427
152 426
151 416
161 411
169 406
174 415
159 436
150 441
140 438
169 426
178 427
189 424
201 423
207 431
221 417
234 420
244 429
188 441
119 301
119 310
130 318
138 324
147 331
151 313
147 297
157 301
165 293
176 295
187 283
166 311
138 248
152 278
169 267
191 258
191 269
211 259
228 276
242 286
258 286
267 285
276 287
270 300
255 308
290 258
285 244
285 235
274 221
266 221
270 208
270 197
262 191
265 174
281 205
292 227
293 221
308 214
302 229
316 240
320 231
323 222
335 233
341 219
332 197
324 186
336 181
333 171
332 163
331 151
323 140
314 138
301 139
286 129
297 124
286 113
285 103
284 73
292 60
309 52
313 44
326 55
309 61
288 52
282 60
299 85
275 117
269 109
265 122
257 124
272 131
264 136
250 149
245 140
231 127
238 114
233 101
217 100
215 111
202 105
246 160
232 176
224 186
209 175
202 162
213 160
229 157
210 150
210 138
208 129
193 125
183 122
183 110
194 140
197 181
189 182
242 191
271 152
298 113
307 113
308 122
296 152
289 160
299 162
315 162
309 174
309 187
296 191
286 188
284 178
331 135
337 131
333 121
325 110
343 123
356 106
344 153
347 144
362 149
368 143
376 148
389 140
386 132
404 147
412 137
428 130
416 153
429 155
430 146
443 167
448 158
463 171
464 160
466 150
482 140
477 125
471 116
483 115
501 103
518 103
486 129
495 142
504 126
516 124
532 124
536 116
551 100
563 100
454 138
450 121
439 100
431 105
420 112
411 102
406 90
397 73
389 65
389 55
382 34
371 67
363 78
348 64
356 54
347 42
336 35
343 29
350 23
358 35
341 82
406 62
407 53
412 73
424 62
424 72
394 105
378 111
361 125
451 105
476 179
480 167
490 170
504 159
515 147
526 143
530 155
543 149
549 140
554 131
554 121
542 165
539 178
543 184
555 189
553 168
514 162
517 172
503 178
468 188
480 190
472 200
476 212
471 222
479 227
493 232
501 236
511 238
521 233
532 233
534 224
532 210
528 201
538 242
527 252
523 259
546 247
555 246
548 255
558 258
576 254
544 272
531 274
537 284
533 300
520 300
519 291
557 281
558 289
575 280
590 272
599 269
603 259
596 251
595 238
590 229
607 227
608 219
597 205
584 204
573 191
571 171
574 155
590 159
594 143
587 128
576 136
574 128
573 120
598 124
608 123
599 107
582 98
581 179
593 186
576 215
576 228
610 211
619 205
617 195
622 186
634 185
634 163
623 163
613 163
615 153
618 143
626 137
646 147
650 168
641 199
612 237
621 229
632 230
610 263
618 267
627 267
620 277
607 292
592 294
583 310
571 316
612 302
626 299
643 312
605 317
589 334
601 337
593 352
588 361
577 366
576 376
571 385
566 393
552 396
558 381
548 382
543 373
530 370
543 359
555 358
548 341
536 332
534 323
550 310
521 344
507 340
497 339
489 336
538 345
558 349
572 350
530 382
526 396
514 399
501 404
495 415
506 420
517 418
512 429
517 444
495 436
493 444
479 442
477 431
461 426
448 423
434 425
421 423
414 415
418 402
428 405
442 397
450 386
453 385
445 365
461 370
475 354
473 343
467 388
483 374
495 365
503 368
513 372
490 386
405 422
396 421
411 430
397 440
402 450
394 451
377 434
367 421
371 411
380 401
377 389
372 384
376 382
384 375
384 366
393 365
407 379
357 430
341 414
328 405
328 389
328 377
342 367
349 356
359 349
362 358
349 349
346 376
355 373
316 405
304 413
296 422
283 430
272 431
271 419
288 415
279 405
271 392
266 382
265 369
275 367
258 392
245 401
239 392
241 377
287 400
300 433
309 429
320 413
338 424
327 431
349 404
354 439
350 456
338 467
331 475
326 477
312 465
303 458
288 470
290 489
311 471
312 457
311 486
331 488
345 479
348 489
358 485
375 493
384 482
376 467
372 454
396 469
415 472
411 495
423 498
339 502
346 512
352 516
355 503
371 510
438 442
430 444
457 442
536 410
590 393
593 403
602 413
604 422
590 431
588 420
581 438
565 424
553 428
538 429
544 444
571 444
611 443
602 371
607 353
622 367
630 356
633 338
624 334
623 319
643 346
621 376
625 391
641 407
633 409
633 376
630 278
646 267
516 219
508 210
502 195
493 205
511 248
494 265
489 277
506 269
434 170
438 184
426 185
425 198
430 209
427 220
419 231
440 222
436 230
436 243
446 249
455 252
457 262
448 267
449 280
452 293
460 298
470 294
463 286
484 301
500 314
465 307
455 307
445 314
441 306
433 304
424 288
434 294
423 313
416 314
403 320
413 304
445 324
440 333
433 342
417 351
410 360
426 358
452 339
470 264
451 195
451 206
385 157
371 166
385 166
342 172
351 174
351 166
354 184
362 188
376 200
381 193
390 192
399 181
408 181
409 190
404 201
406 211
364 207
368 220
357 220
369 232
387 206
392 211
392 225
400 230
398 238
387 248
399 257
407 262
400 270
325 207
343 206
322 252
277 255
294 250
306 255
296 295
293 308
284 315
272 316
274 325
263 338
248 343
240 360
274 339
285 344
295 343
254 327
287 329
307 296
311 308
317 321
304 324
326 327
339 326
347 316
349 307
352 296
350 286
352 324
363 316
371 312
387 308
368 302
369 281
366 270
368 257
380 287
384 278
396 285
372 328
383 330
391 343
332 341
315 349
301 366
309 374
327 308
334 288
