9234
333 269
333 268
333 267
334 266
335 265
336 264
337 263
338 262
339 261
340 260
341 259
342 258
343 257
344 256
344 255
345 255
344 254
344 253
344 252
344 251
344 250
344 249
344 248
343 247
342 248
341 249
340 250
339 251
338 252
337 253
336 254
335 254
334 254
333 254
332 254
331 253
330 252
329 251
328 250
327 249
326 248
325 247
324 246
323 245
322 244
321 243
320 243
319 243
318 243
317 243
316 243
315 243
314 242
313 241
320 244
319 245
318 246
317 247
316 248
315 249
314 250
313 251
312 252
312 253
312 254
312 255
312 256
346 254
347 253
348 252
349 251
350 250
351 249
352 248
353 248
354 248
355 248
356 248
357 248
358 248
359 248
360 248
361 248
362 248
363 247
364 246
365 246
366 246
367 246
368 246
369 246
370 245
371 244
372 243
373 242
373 241
373 240
373 239
373 238
373 237
373 236
373 235
373 234
374 233
364 245
364 244
364 243
364 242
364 241
364 240
364 239
364 238
363 237
362 236
361 235
360 235
359 235
358 235
357 235
356 235
355 235
354 235
353 234
352 233
351 232
350 231
349 230
349 229
348 229
347 229
346 229
345 229
344 229
343 229
342 229
341 229
340 229
339 229
338 229
337 229
336 229
336 228
336 227
336 226
336 225
336 224
336 223
336 222
335 221
334 220
333 219
332 218
332 217
331 217
330 218
329 219
328 220
327 221
326 222
325 223
324 224
323 225
322 225
321 225
320 225
319 225
318 225
317 225
316 225
315 225
314 224
313 223
312 222
311 221
333 217
334 217
335 217
336 217
337 216
338 215
339 214
340 213
340 212
340 211
340 210
340 209
340 208
340 207
340 206
340 205
340 204
340 203
340 202
341 201
342 200
343 199
344 198
345 197
346 196
346 195
346 194
347 193
348 192
349 191
350 190
351 189
352 188
353 187
353 186
352 186
351 186
350 186
349 186
348 186
347 186
346 185
345 184
344 183
343 182
342 181
341 180
340 179
339 178
338 178
337 178
336 178
335 178
334 178
333 178
332 178
331 178
330 178
329 177
328 176
327 175
327 174
327 173
327 172
327 171
327 170
327 169
327 168
327 167
327 166
327 165
328 164
329 163
330 162
331 161
331 160
331 159
331 158
331 157
331 156
331 155
331 154
331 153
330 152
329 151
330 150
331 149
332 148
333 147
334 146
335 145
336 144
336 143
335 143
334 143
333 143
332 143
331 143
330 143
329 142
328 141
327 140
326 139
325 138
337 143
337 142
337 141
337 140
337 139
337 138
338 137
339 136
340 135
341 134
342 133
343 132
344 131
345 130
346 129
347 128
348 127
349 126
350 127
351 128
352 128
353 128
354 128
355 128
356 128
357 128
358 128
359 128
360 128
361 128
362 128
363 128
364 128
365 128
366 127
367 126
368 125
369 124
370 123
371 123
372 123
373 123
374 123
375 123
376 122
377 121
378 120
378 119
378 118
378 117
378 116
378 115
378 114
377 113
376 112
375 111
374 110
373 109
373 108
373 107
373 106
373 105
373 104
373 103
373 102
373 101
373 100
372 99
371 98
370 97
369 96
368 95
367 94
366 93
365 92
364 91
364 90
364 89
364 88
364 87
364 86
364 85
363 84
363 83
362 83
364 83
365 83
366 83
367 83
368 83
369 83
370 82
371 81
372 80
373 79
373 78
374 78
373 77
373 76
373 75
373 74
373 73
373 72
373 71
373 70
373 69
372 68
371 67
375 77
376 76
377 75
378 74
379 73
380 72
381 71
382 70
383 69
384 68
385 67
386 66
387 65
388 64
389 63
390 63
391 63
392 63
393 63
394 63
395 63
396 63
397 62
398 61
399 60
400 59
401 58
402 57
403 56
404 55
405 56
406 57
407 58
407 59
407 60
407 61
407 62
407 63
407 64
407 65
407 66
407 67
407 68
407 69
407 70
408 71
409 72
410 73
411 74
412 75
413 76
414 77
415 78
416 78
416 77
417 76
418 75
419 74
420 73
421 72
422 71
423 70
424 69
425 68
426 67
426 66
426 65
426 64
426 63
426 62
426 61
426 60
426 59
426 58
427 57
428 56
429 55
416 79
416 80
416 81
416 82
416 83
416 84
415 85
414 86
413 87
412 88
411 89
410 89
409 89
408 89
407 89
406 89
405 89
404 89
403 89
402 89
401 89
400 89
399 89
398 88
397 89
397 90
397 91
397 92
397 93
397 94
397 95
397 96
397 97
398 98
399 99
400 100
401 101
402 102
403 103
404 104
405 105
406 106
406 107
406 108
406 109
406 110
406 111
405 112
404 113
403 114
402 115
401 116
400 117
400 118
400 119
400 120
401 121
402 122
403 123
404 124
405 125
406 126
407 127
408 128
408 129
408 130
408 131
408 132
408 133
408 134
408 135
408 136
408 137
407 112
408 113
409 114
410 114
411 114
412 114
413 114
414 114
415 114
416 114
417 114
418 114
419 114
420 114
421 114
422 113
363 92
362 93
361 94
360 95
359 95
358 95
357 95
356 95
355 95
354 95
354 94
354 93
354 92
354 91
354 90
354 89
353 88
352 87
351 86
350 85
349 84
348 83
347 82
346 81
345 80
345 79
345 78
345 77
345 76
345 75
345 74
344 73
343 72
342 71
341 70
340 69
339 68
339 67
338 67
338 66
338 65
338 64
338 63
338 62
338 61
338 60
338 59
338 58
337 58
337 57
337 56
337 55
337 54
337 53
337 52
337 51
337 50
337 49
336 48
336 47
336 46
336 45
336 44
336 43
336 42
336 41
336 40
336 39
336 38
336 37
336 36
336 35
336 34
336 33
339 58
340 58
341 57
342 56
343 55
344 54
345 53
346 52
347 51
347 50
347 49
347 48
347 47
348 46
349 45
350 44
351 43
352 42
353 41
354 40
355 39
356 38
357 37
358 36
359 35
360 34
361 33
362 32
340 67
341 67
342 67
343 67
344 66
345 65
346 64
347 65
348 66
349 66
350 66
351 66
352 66
353 66
354 66
355 66
356 66
371 124
372 125
372 126
372 127
372 128
372 129
372 130
372 131
372 132
373 132
374 132
375 132
376 132
377 132
378 132
379 131
380 130
381 131
381 132
381 133
381 134
381 135
381 136
381 137
382 138
383 139
384 140
385 141
386 142
387 143
388 144
389 145
389 146
389 147
388 148
387 149
386 150
385 151
384 152
383 153
382 154
382 155
382 156
338 144
339 145
340 146
341 147
342 148
343 149
344 150
345 151
346 152
347 152
348 152
349 152
350 152
351 152
352 152
353 152
354 152
326 176
325 177
324 178
323 179
322 180
322 181
322 182
322 183
322 184
322 185
322 186
322 187
322 188
322 189
322 190
354 186
355 186
356 186
357 186
358 186
359 186
360 185
361 184
362 183
363 182
364 181
365 180
366 179
350 229
351 229
352 228
353 227
354 226
355 225
356 224
357 223
358 222
359 221
360 220
361 220
362 220
363 220
364 220
365 220
366 219
367 218
368 217
369 216
370 215
371 214
372 214
373 214
374 214
375 213
376 212
377 211
378 210
379 209
380 208
381 209
382 210
382 211
382 212
382 213
382 214
382 215
382 216
382 217
382 218
383 218
384 218
385 218
386 217
387 216
388 215
389 214
390 213
391 212
392 211
393 210
393 209
394 208
395 207
396 206
397 205
398 204
398 203
398 202
398 201
398 200
398 199
397 198
396 197
395 196
394 195
393 194
392 193
391 192
390 191
389 190
389 189
389 188
389 187
389 186
390 186
389 185
388 184
387 183
386 182
385 181
384 180
391 185
392 184
393 183
394 182
395 181
396 182
397 183
398 184
399 184
400 184
401 184
402 184
403 184
404 184
404 183
404 182
404 181
404 180
404 179
404 178
404 177
405 176
406 175
407 174
408 173
409 172
410 171
411 170
411 169
411 168
411 167
411 166
411 165
411 164
411 163
411 162
411 161
411 160
410 159
409 158
408 157
407 156
406 155
399 205
400 206
401 207
402 208
403 209
404 210
404 211
405 211
406 211
405 212
406 213
407 213
408 213
409 213
410 213
411 213
412 213
407 210
408 209
409 208
410 207
411 206
412 205
413 204
383 219
384 220
385 221
386 222
387 223
388 224
389 225
389 226
390 226
391 226
392 226
393 226
394 226
395 226
396 226
397 226
398 226
399 226
400 225
401 226
402 227
403 228
404 229
405 230
406 231
406 232
406 233
406 234
406 235
406 236
407 236
408 236
409 236
410 236
411 236
412 235
413 234
414 233
415 232
416 231
417 230
418 229
419 228
407 237
408 238
409 239
410 240
411 241
412 242
413 243
414 244
415 245
416 246
417 247
416 248
415 249
414 250
413 251
412 252
411 253
410 254
409 255
408 256
407 257
406 258
405 259
404 260
403 261
402 262
401 263
401 264
401 265
401 266
401 267
401 268
401 269
401 270
400 270
399 270
398 270
397 270
396 270
395 270
394 270
393 270
392 270
391 270
390 270
389 270
388 269
387 268
386 267
385 268
384 269
383 270
382 271
381 272
380 273
380 274
380 275
379 275
378 274
377 273
376 272
375 271
374 270
373 269
372 268
371 269
370 270
369 271
368 272
367 273
366 274
365 275
364 275
363 275
362 276
361 277
360 278
359 279
358 280
357 281
356 281
356 280
355 279
354 278
353 277
352 276
351 275
350 274
349 273
348 272
356 282
356 283
356 284
356 285
356 286
355 287
354 288
353 289
352 290
351 291
350 292
350 293
350 294
350 295
350 296
350 297
380 276
380 277
380 278
380 279
379 280
378 281
377 282
376 283
375 284
375 285
375 286
375 287
376 288
377 289
378 290
379 291
380 292
381 293
382 294
383 295
384 296
385 297
386 298
387 299
387 300
387 301
387 302
387 303
402 271
403 272
403 273
403 274
403 275
403 276
403 277
403 278
403 279
403 280
403 281
403 282
403 283
404 284
405 284
406 284
407 284
408 284
409 284
410 284
411 284
412 284
413 285
414 286
415 287
416 288
417 289
417 290
417 291
417 292
417 293
416 294
415 295
414 296
413 297
412 298
411 299
410 299
409 299
418 294
419 295
420 296
421 297
422 298
423 299
424 300
425 301
426 302
427 303
428 304
429 305
430 306
431 307
432 308
433 309
433 310
410 256
411 257
412 258
413 259
414 260
415 261
416 262
417 263
417 264
417 265
417 266
417 267
418 248
419 249
420 250
421 251
422 252
423 253
424 254
425 254
426 254
427 254
427 253
427 252
427 251
428 250
429 249
430 248
431 247
432 246
432 245
432 244
432 243
432 242
432 241
433 240
434 239
435 238
436 237
437 236
438 235
439 234
440 235
441 236
442 237
443 238
444 239
445 240
446 241
447 242
448 243
449 244
450 244
451 244
452 244
453 244
454 244
455 244
456 244
457 244
458 244
459 244
460 244
461 243
462 242
463 241
463 240
463 239
463 238
464 237
465 236
466 235
467 234
468 233
468 232
467 232
466 231
465 230
464 229
463 228
462 227
461 226
460 225
460 224
460 223
460 222
460 221
460 220
460 219
460 218
460 217
460 216
460 215
460 214
460 213
460 212
459 212
458 212
457 212
456 212
455 212
454 212
453 212
452 212
451 211
450 210
450 209
450 208
450 207
450 206
450 205
450 204
449 203
448 202
447 201
446 200
445 199
445 198
444 198
444 197
444 196
444 195
444 194
443 193
442 192
441 191
440 190
439 189
439 188
438 188
437 188
436 188
435 188
434 188
433 188
432 188
431 188
430 188
429 187
428 186
427 185
426 184
426 183
426 182
427 181
428 180
429 179
430 178
431 177
432 176
433 175
433 174
433 173
433 172
433 171
433 170
433 169
433 168
434 167
435 166
435 165
435 164
435 163
435 162
435 161
435 160
434 159
433 158
432 157
431 156
430 155
429 154
428 153
437 189
436 190
435 191
434 192
433 193
433 194
433 195
433 196
433 197
434 198
434 199
434 200
434 201
434 202
434 203
434 204
434 205
434 206
440 188
441 188
442 187
443 186
444 185
445 184
446 183
447 182
448 181
449 181
450 181
451 180
452 179
453 178
454 177
455 176
456 175
457 174
458 173
459 173
460 173
461 173
462 172
463 171
464 170
465 169
465 168
465 167
465 166
466 166
465 165
464 164
463 163
462 162
461 161
467 165
468 164
469 163
470 162
471 161
472 160
473 159
473 158
473 157
473 156
473 155
473 154
473 153
473 152
473 151
473 150
473 149
473 148
473 147
473 146
472 146
471 146
470 146
469 146
468 146
467 146
466 146
465 146
464 146
463 145
462 144
461 143
474 146
475 146
476 145
477 144
478 143
479 142
480 141
481 140
482 139
482 138
482 137
482 136
482 135
483 134
484 133
485 132
486 131
487 130
488 129
489 128
490 127
490 126
489 126
488 126
487 126
486 126
485 126
484 125
483 124
482 123
481 122
480 121
479 120
478 119
477 118
477 117
477 116
478 115
479 114
480 113
481 112
482 111
483 110
484 109
485 108
486 107
487 106
488 105
489 104
490 104
491 104
492 104
493 104
494 104
495 104
496 104
497 104
498 103
499 102
500 101
476 119
475 120
474 121
473 122
472 123
471 124
470 124
469 124
468 124
467 124
466 124
465 124
464 124
464 123
464 122
464 121
464 120
464 119
464 118
464 117
464 116
464 115
464 114
464 113
463 112
462 111
461 111
460 111
459 111
458 111
457 111
456 111
455 111
454 111
453 111
452 111
451 110
450 109
449 108
448 107
447 106
446 105
445 104
463 125
462 126
461 126
460 126
459 126
458 126
457 126
456 126
455 126
454 127
453 127
452 127
451 127
450 127
449 127
448 127
447 127
446 127
445 127
444 127
443 127
444 128
445 129
446 130
446 131
446 132
446 133
446 134
446 135
446 136
446 137
446 138
446 139
491 126
474 160
475 161
476 162
476 163
476 164
476 165
476 166
476 167
477 168
478 169
479 170
480 171
481 172
482 173
483 173
484 173
484 172
485 171
486 170
487 169
488 168
489 167
490 166
491 165
492 164
493 163
494 162
494 161
494 160
494 159
494 158
495 157
496 156
497 155
498 154
499 153
500 152
501 151
502 150
503 149
504 148
505 147
506 146
507 145
508 144
509 144
510 144
511 144
512 144
513 144
514 144
515 144
516 143
516 142
516 141
516 140
516 139
515 138
514 137
513 136
512 135
511 134
510 133
509 132
459 174
460 175
461 176
462 177
463 178
464 178
465 178
466 178
446 198
447 198
448 198
449 198
450 198
451 198
452 198
453 198
454 198
454 197
454 196
454 195
454 194
454 193
455 192
456 191
457 190
458 189
469 232
469 231
469 230
469 229
469 228
470 227
471 226
472 225
473 224
474 223
475 222
476 223
477 224
478 225
479 226
480 227
481 227
481 226
482 225
483 224
484 223
485 222
486 221
486 220
487 220
487 219
487 218
487 217
487 216
487 215
487 214
487 213
487 212
487 211
488 210
489 209
489 208
489 207
489 206
489 205
489 204
489 203
490 202
491 201
492 200
493 199
494 198
495 197
496 196
496 195
495 195
494 195
493 194
492 193
491 192
490 191
489 190
488 189
487 188
486 187
497 195
498 195
499 194
500 193
501 192
502 191
503 190
504 189
505 188
506 187
507 186
508 185
490 210
491 211
492 212
493 213
494 214
495 215
496 216
497 217
498 218
499 219
500 219
485 219
484 218
483 217
482 216
481 215
480 214
479 213
478 212
481 228
481 229
481 230
464 242
465 243
466 244
467 245
468 246
469 247
470 248
471 248
472 248
473 248
474 248
473 249
472 250
471 251
470 252
469 253
469 254
469 255
469 256
468 257
467 258
466 259
465 260
464 260
463 260
462 260
461 260
460 261
459 262
458 263
457 264
456 265
455 266
455 267
455 268
454 268
453 267
452 266
451 265
450 264
449 263
448 262
455 269
455 270
455 271
455 272
455 273
456 274
457 275
458 276
459 277
460 278
460 279
460 280
460 281
461 282
462 283
463 284
464 285
465 286
466 287
467 288
468 289
469 290
470 291
471 292
471 293
472 293
473 293
474 293
475 293
476 293
477 293
478 292
479 291
480 290
481 289
481 288
480 288
479 287
478 286
477 285
476 284
475 283
474 282
473 281
482 288
482 287
482 286
482 285
483 284
484 283
485 282
483 289
484 290
485 291
486 292
487 293
486 294
485 295
484 296
484 297
484 298
484 299
484 300
484 301
484 302
484 303
470 294
469 295
468 296
467 297
467 298
467 299
467 300
467 301
467 302
467 303
466 304
465 305
464 306
463 307
462 308
461 308
460 308
459 308
458 308
457 308
456 308
456 307
456 306
456 305
456 304
456 303
455 302
454 301
453 300
452 299
451 298
450 297
449 296
448 295
447 294
446 293
445 292
444 291
443 290
442 289
441 288
440 287
439 286
457 309
458 310
459 311
460 312
461 313
462 314
463 315
464 316
465 317
466 317
467 317
468 317
470 257
471 258
472 259
473 260
474 261
475 262
476 263
477 263
478 263
479 263
480 263
481 263
482 263
483 263
483 262
483 261
484 260
485 259
486 258
487 257
488 256
489 255
490 254
491 253
492 252
493 251
494 250
484 264
485 265
486 265
487 265
488 265
489 265
490 265
491 265
492 265
493 265
494 265
495 265
496 265
497 265
498 265
499 265
500 265
501 265
502 265
503 265
504 266
505 267
506 268
507 269
508 270
509 271
510 272
510 273
510 274
510 275
510 276
510 277
510 278
511 278
511 279
512 280
513 281
514 282
515 283
516 284
517 285
518 286
519 287
520 288
520 289
519 290
518 291
517 292
516 293
515 294
514 294
513 294
512 294
511 294
510 294
509 294
508 294
507 294
506 294
521 290
522 291
523 292
524 293
525 294
526 295
527 296
528 297
529 298
529 299
529 300
530 300
531 300
532 300
533 300
534 300
535 300
536 300
537 300
538 300
539 300
540 300
541 300
542 300
543 300
544 300
545 299
546 298
547 297
548 297
549 297
550 297
551 297
552 297
553 297
554 297
555 297
556 296
557 295
558 294
559 293
528 301
527 302
526 303
525 304
524 305
523 306
522 307
521 308
520 309
520 310
519 310
518 310
517 310
516 310
515 310
514 310
513 309
512 308
511 309
510 310
509 311
508 312
507 312
506 312
505 312
504 312
519 311
518 312
517 313
517 314
517 315
517 316
517 317
517 318
518 319
519 320
520 321
521 322
522 323
523 324
524 325
525 326
524 327
523 328
522 329
521 330
520 331
519 332
519 333
519 334
519 335
519 336
519 337
519 338
518 338
517 338
516 338
515 338
514 338
513 338
512 338
511 337
510 338
509 339
508 340
507 340
506 340
505 340
504 340
503 340
502 340
501 340
500 340
499 340
498 339
497 338
496 337
495 336
494 335
493 334
492 333
491 332
491 331
491 330
491 329
491 328
491 327
491 326
490 325
489 324
488 323
487 322
486 321
485 320
504 341
505 342
506 343
507 344
508 345
508 346
508 347
508 348
508 349
507 349
506 349
505 349
504 349
503 349
502 349
501 349
500 349
526 327
527 328
528 329
529 330
530 331
531 332
532 332
533 332
534 332
535 332
536 332
537 332
538 332
539 332
538 333
537 334
537 335
537 336
537 337
537 338
537 339
537 340
537 341
537 342
538 343
539 343
540 343
541 343
542 343
543 343
544 343
545 343
546 343
546 342
547 341
548 340
549 339
550 338
551 337
552 336
553 335
554 336
555 337
556 338
557 339
558 340
559 341
560 342
561 343
562 343
563 344
564 345
565 346
566 347
567 348
568 349
569 350
570 351
571 352
572 352
572 351
572 350
573 349
574 348
575 347
576 346
577 345
578 344
579 343
580 342
581 341
582 340
583 339
584 339
585 339
586 339
587 339
588 339
589 339
590 339
591 339
592 339
593 338
594 337
595 337
596 337
597 337
598 337
599 337
600 337
601 337
602 337
603 337
604 337
605 337
606 337
607 337
608 337
609 337
610 337
611 336
611 335
611 334
611 333
612 332
613 331
614 330
615 329
616 328
617 327
618 326
619 325
620 324
620 323
621 323
621 322
621 321
621 320
621 319
621 318
621 317
621 316
621 315
622 314
623 313
624 312
624 311
624 310
625 309
626 308
627 307
628 306
629 305
630 304
630 303
630 302
630 301
630 300
630 299
630 298
630 297
630 296
629 295
628 294
627 293
626 292
625 291
619 322
618 321
617 320
616 319
615 318
614 317
613 316
612 315
611 314
610 313
609 313
608 313
607 313
606 313
605 313
604 313
603 313
602 313
601 313
600 313
599 312
598 311
597 310
597 309
597 308
597 307
596 306
595 305
594 304
593 303
592 302
591 301
590 300
589 299
588 298
587 297
586 296
585 295
584 294
584 293
583 293
585 293
586 293
587 293
588 293
589 293
590 293
591 293
592 293
593 293
594 293
595 293
596 293
597 293
598 293
599 292
600 291
600 290
600 289
600 288
600 287
600 286
600 285
600 284
601 283
602 282
603 281
604 280
605 279
606 278
607 277
608 277
607 276
607 275
607 274
607 273
607 272
607 271
606 270
605 269
604 268
604 267
604 266
604 265
604 264
604 263
604 262
603 261
602 260
601 259
601 258
601 257
601 256
601 255
602 254
603 253
604 252
605 251
606 250
607 250
608 250
609 250
610 250
611 250
612 250
613 250
614 250
615 250
616 250
617 250
618 250
619 249
620 248
621 247
622 246
623 245
624 244
625 243
626 242
627 241
628 240
629 240
630 240
631 240
632 240
633 240
634 240
635 240
636 240
637 240
638 239
639 238
639 237
638 237
637 236
636 235
635 234
634 233
633 232
632 231
631 230
630 229
629 228
628 227
627 226
640 237
609 276
610 275
611 274
612 273
613 272
614 271
615 270
616 269
617 268
618 267
619 267
620 267
621 267
622 267
623 267
624 267
625 267
626 267
627 266
628 265
629 264
630 263
631 264
632 265
633 266
634 267
635 268
636 269
637 270
638 270
639 270
640 270
641 270
642 270
643 270
644 270
645 269
646 268
596 311
595 312
594 313
593 314
592 315
591 316
590 316
589 316
588 316
587 316
586 316
585 316
584 316
583 316
582 316
581 316
580 316
579 316
578 316
577 316
572 353
572 354
573 355
574 356
575 357
576 358
576 359
576 360
576 361
577 362
578 363
579 364
580 365
581 366
581 367
581 368
581 369
581 370
581 371
581 372
581 373
581 374
581 375
581 376
581 377
581 378
581 379
581 380
582 380
583 380
584 380
585 380
586 379
587 378
588 377
589 376
590 375
591 374
592 373
593 372
594 371
595 370
596 369
597 370
598 371
599 372
600 373
601 374
602 375
603 376
604 377
605 378
606 379
607 380
608 381
609 382
610 383
610 384
610 385
610 386
611 386
611 387
612 388
613 389
614 390
615 390
616 390
617 390
618 390
619 390
620 390
621 390
622 390
623 390
624 391
625 391
626 391
627 391
628 391
629 391
630 391
631 391
632 391
633 391
634 391
635 391
636 391
637 391
638 391
639 391
640 391
641 391
642 391
643 391
644 391
634 392
634 393
634 394
634 395
634 396
634 397
634 398
634 399
634 400
634 401
634 402
634 403
633 403
632 403
631 403
630 403
629 403
628 403
627 403
626 403
625 404
624 405
623 406
622 407
621 408
620 408
619 408
618 408
617 408
616 408
635 403
636 403
637 403
638 403
639 403
640 403
641 403
642 403
612 385
613 384
614 383
615 382
616 381
617 380
618 379
619 378
620 377
621 376
622 375
623 374
624 374
625 374
626 374
627 374
628 374
629 374
630 374
631 374
632 373
633 372
634 371
634 370
633 369
632 368
631 367
630 366
629 365
628 364
627 363
626 362
625 361
624 360
582 381
583 382
584 383
584 384
584 385
584 386
584 387
584 388
584 389
584 390
583 391
582 392
581 393
581 394
581 395
581 396
581 397
581 398
581 399
581 400
580 401
579 402
578 403
577 404
576 405
575 406
575 407
575 408
575 409
575 410
575 411
576 411
577 411
578 411
579 411
580 411
581 411
582 411
583 411
584 411
545 344
544 345
543 346
542 347
541 348
540 349
540 350
540 351
539 352
538 353
538 354
538 355
538 356
538 357
538 358
538 359
537 359
536 359
535 359
534 359
533 359
532 359
531 359
530 359
529 359
528 358
527 357
526 358
525 359
524 360
523 361
522 362
521 363
520 364
520 365
520 366
519 367
518 368
517 369
516 370
515 371
514 372
513 373
512 374
511 375
510 376
510 377
510 378
510 379
509 380
508 381
507 382
507 383
506 383
505 383
504 383
503 383
502 383
501 382
500 381
499 380
498 379
497 378
496 377
495 376
494 375
493 374
506 384
505 385
504 386
503 387
502 388
501 389
500 390
499 391
498 392
497 393
496 394
495 395
494 396
493 397
493 398
493 399
492 399
491 398
490 397
489 396
488 395
487 394
486 393
485 392
484 392
483 392
482 392
481 392
480 392
479 391
478 390
477 389
476 388
475 387
474 386
473 385
472 384
472 383
472 382
472 381
472 380
472 379
472 378
472 377
472 376
472 375
473 374
474 373
475 372
475 371
474 371
473 370
472 369
471 368
470 367
469 366
468 365
467 364
466 363
465 362
464 361
463 360
462 359
461 358
461 357
461 356
461 355
462 354
463 353
464 352
465 351
466 350
467 349
468 348
469 347
470 347
471 347
472 347
473 347
474 347
475 347
476 347
477 347
478 347
479 347
480 347
481 347
469 346
469 345
469 344
469 343
469 342
469 341
470 341
471 340
472 339
473 338
474 337
475 336
476 335
468 340
467 339
466 338
465 337
464 336
460 359
459 360
458 361
457 362
456 363
455 364
454 365
453 366
452 366
451 366
450 366
449 366
448 366
447 366
446 366
446 365
446 364
446 363
446 362
446 361
446 360
445 359
444 358
443 357
443 356
443 355
443 354
443 353
443 352
442 351
441 350
440 349
439 348
438 347
442 358
441 359
440 360
439 360
438 360
437 360
436 360
435 360
434 360
433 360
432 360
431 360
430 360
430 359
430 358
430 357
430 356
429 355
428 354
427 353
426 352
425 351
425 350
425 349
425 348
425 347
425 346
425 345
425 344
424 343
423 342
422 341
421 340
421 339
420 339
420 338
420 337
420 336
420 335
420 334
419 333
418 332
417 331
416 330
415 329
414 328
422 338
423 337
424 336
425 335
426 334
427 333
428 332
429 332
430 332
431 332
432 332
433 332
434 332
435 332
436 332
437 331
438 330
439 329
476 371
471 385
470 386
469 387
468 388
467 389
466 390
465 391
464 392
463 392
462 392
461 392
460 392
459 393
458 394
457 395
456 396
455 397
454 398
453 399
452 400
451 401
450 402
449 402
448 402
447 402
446 402
445 402
444 402
443 402
442 402
441 402
440 402
439 402
438 402
437 402
436 402
435 402
434 402
433 402
432 401
431 400
430 399
429 398
429 397
428 397
427 397
426 397
425 397
424 397
423 397
422 397
421 397
420 396
419 395
418 394
417 393
416 392
415 391
414 390
413 389
412 390
411 391
410 392
409 393
408 394
407 395
406 396
405 397
404 398
403 399
403 400
403 401
404 402
405 403
406 404
407 405
408 406
409 407
410 408
411 408
430 397
431 397
432 396
433 395
434 394
435 393
436 392
437 391
438 390
444 403
443 404
442 405
441 406
440 407
439 408
438 409
437 410
436 411
437 412
438 413
439 414
440 415
441 416
442 416
443 417
444 418
445 419
446 420
447 421
447 422
447 423
447 424
447 425
447 426
446 427
445 428
444 429
443 430
442 431
441 432
440 433
439 434
438 434
437 434
436 433
435 432
434 431
433 430
432 429
431 428
430 427
429 426
428 425
427 424
426 423
425 424
424 425
423 426
422 427
421 428
420 429
419 430
418 431
417 432
416 433
415 433
415 432
415 431
414 430
413 429
412 428
411 427
410 426
409 425
408 424
407 424
406 424
405 424
404 424
403 424
402 424
401 424
400 424
399 424
398 423
397 422
396 421
395 420
394 420
394 419
394 421
394 422
394 423
394 424
394 425
394 426
394 427
393 428
392 429
391 430
390 431
389 432
388 433
387 434
386 434
387 435
388 436
389 437
389 438
389 439
389 440
389 441
389 442
389 443
390 443
391 443
392 443
393 443
394 442
395 441
396 440
397 439
398 438
390 444
391 445
392 446
393 447
394 448
395 449
396 450
397 451
397 452
397 453
397 454
397 455
397 456
397 457
398 458
399 459
400 460
401 460
402 460
403 460
404 460
405 460
406 460
407 460
408 460
409 460
410 460
411 460
412 460
413 460
414 459
415 458
416 459
417 460
418 461
419 462
420 463
421 464
422 465
423 466
422 467
421 468
420 469
419 470
419 471
419 472
419 473
419 474
419 475
419 476
419 477
418 478
417 479
416 480
415 481
414 482
413 483
412 484
411 484
410 484
409 484
408 484
407 484
406 484
405 484
404 485
403 486
402 487
401 488
400 489
399 490
398 491
397 492
396 493
395 494
395 495
395 496
395 497
395 498
406 485
407 486
408 487
409 488
410 489
411 490
412 491
413 492
414 493
415 494
416 495
416 496
404 461
403 462
402 463
401 464
400 465
399 466
398 467
397 468
396 469
395 470
394 470
393 471
392 472
391 473
390 474
389 475
388 476
387 477
386 478
385 479
384 479
383 479
382 479
381 479
380 479
379 479
378 479
377 478
376 477
375 476
374 475
373 474
372 473
371 472
370 471
369 470
369 469
368 468
367 467
366 466
365 465
364 464
363 463
362 462
361 461
360 461
359 461
358 461
357 461
356 461
355 461
354 461
353 461
352 462
351 463
350 464
349 465
348 466
347 467
346 468
345 469
344 470
343 471
342 472
341 472
340 473
339 474
338 475
337 476
336 476
335 476
334 476
333 476
332 476
331 476
330 476
329 476
328 476
327 476
326 476
325 477
324 478
323 479
322 480
321 481
320 482
319 482
318 482
317 482
316 482
315 482
314 482
313 482
312 482
311 482
310 482
309 482
308 482
307 482
306 482
305 482
304 481
303 480
302 479
301 478
300 477
299 476
298 475
309 483
308 484
307 485
306 486
305 487
304 488
303 489
302 490
301 491
300 492
299 493
298 494
297 495
296 496
295 497
294 497
293 497
292 497
291 497
290 497
289 497
342 473
343 474
344 475
345 476
346 477
347 478
348 479
349 479
350 479
351 479
352 479
351 480
350 481
349 482
348 483
347 484
346 485
345 486
344 487
343 488
342 489
341 490
340 491
339 492
338 493
337 494
336 495
335 496
334 497
333 498
332 499
331 500
330 501
345 488
346 489
346 490
346 491
346 492
346 493
346 494
346 495
346 496
346 497
346 498
346 499
347 500
348 501
349 502
350 503
351 504
352 505
353 506
354 507
355 508
355 509
353 480
354 481
355 482
356 483
357 484
358 485
359 485
360 485
361 485
362 485
363 485
364 485
365 486
366 487
367 488
368 489
369 490
370 491
371 492
372 493
373 494
374 494
375 494
376 494
375 495
374 496
374 497
374 498
374 499
374 500
374 501
374 502
374 503
374 504
375 505
376 506
376 507
376 508
376 509
376 510
376 511
376 512
376 513
376 514
461 393
462 394
462 395
462 396
462 397
462 398
462 399
462 400
462 401
462 402
462 403
462 404
493 400
493 401
493 402
493 403
493 404
493 405
508 384
509 385
510 386
511 387
512 388
512 389
513 390
514 391
515 392
516 393
517 394
518 395
519 396
520 397
521 398
521 399
522 399
523 398
524 398
525 398
526 398
527 398
528 397
529 396
530 395
531 394
531 393
531 392
531 391
531 390
531 389
531 388
531 387
532 386
533 385
534 385
535 385
536 384
537 383
538 382
539 381
540 380
533 384
533 383
533 382
532 381
531 380
532 395
533 396
534 396
535 396
536 396
537 396
538 396
539 396
540 396
541 397
542 398
543 399
544 400
545 400
546 400
547 400
548 400
549 400
550 400
549 401
550 402
551 403
552 404
553 405
554 406
554 407
554 408
554 409
554 410
554 411
554 412
554 413
554 414
554 415
554 416
553 417
552 418
551 419
550 420
549 421
548 421
547 421
546 421
545 421
544 421
543 421
542 421
541 422
540 423
539 424
538 425
538 426
538 427
538 428
538 429
538 430
538 431
538 432
538 433
537 434
536 435
535 436
534 437
533 437
532 437
531 437
530 437
529 437
528 437
527 437
526 437
525 437
524 437
523 437
539 434
540 434
541 434
542 434
543 434
544 434
545 434
546 434
547 434
548 434
549 434
550 434
555 417
556 418
557 419
558 420
559 421
560 422
561 423
562 424
563 425
564 426
565 427
566 428
567 429
568 430
569 431
570 432
571 433
572 434
573 435
574 435
575 436
576 437
577 438
578 439
579 440
580 441
581 442
582 443
583 444
584 445
585 446
586 447
587 446
588 445
589 444
590 443
591 442
592 441
593 440
594 439
595 439
596 438
597 437
598 436
599 435
600 434
601 433
602 432
551 399
552 398
553 397
554 396
555 395
556 394
520 400
519 401
518 402
518 403
518 404
518 405
518 406
518 407
518 408
517 408
516 408
515 408
514 408
513 408
512 408
511 408
510 408
509 408
508 407
507 406
519 409
519 410
519 411
519 412
519 413
519 414
519 415
519 416
519 417
519 418
519 419
518 420
517 421
516 422
515 423
514 424
513 425
512 426
511 427
510 428
509 429
508 430
507 431
507 432
507 433
506 434
505 435
504 436
503 437
502 438
501 439
500 439
499 439
498 439
497 439
496 439
495 439
494 439
493 439
492 439
491 439
490 439
489 439
488 438
487 437
486 436
485 435
484 434
483 433
482 434
481 435
480 436
479 437
478 438
477 439
476 440
476 441
476 442
476 443
475 443
474 443
473 443
472 443
471 443
470 443
469 442
468 441
467 440
466 439
465 438
464 437
547 344
548 345
549 346
550 347
551 348
552 349
553 350
554 351
554 352
554 353
554 354
512 277
513 276
514 275
515 274
516 273
517 272
518 271
519 271
520 271
521 271
522 271
523 271
524 271
525 271
526 271
527 270
528 269
529 268
530 267
531 266
532 265
533 264
534 263
534 262
534 261
534 260
534 259
534 258
533 257
532 256
531 255
530 254
529 253
529 252
530 251
531 250
532 249
533 248
534 247
535 246
536 245
536 244
536 243
536 242
537 242
536 241
536 240
536 239
536 238
536 237
536 236
536 235
536 234
535 233
534 232
533 231
532 230
531 229
530 228
529 227
528 226
527 225
526 224
526 223
526 222
526 221
526 220
526 219
526 218
526 217
526 216
526 215
527 214
528 213
529 212
530 211
531 210
532 209
533 208
534 208
535 208
536 208
537 208
538 208
539 208
540 208
541 208
542 208
543 207
544 206
545 205
545 204
545 203
545 202
545 201
545 200
545 199
545 198
545 197
545 196
545 195
545 194
544 193
543 192
542 192
541 192
540 192
539 192
538 191
537 190
536 189
535 188
534 188
533 188
532 187
531 186
530 185
529 184
528 183
527 182
526 181
525 180
525 179
524 179
526 179
527 179
528 179
529 178
530 177
531 176
532 175
533 174
534 173
535 172
535 171
535 170
535 169
535 168
535 167
535 166
535 165
535 164
535 163
535 162
535 161
536 160
536 159
536 158
536 157
536 156
536 155
536 154
536 153
536 152
537 151
538 151
539 151
540 151
541 150
542 149
543 148
544 147
545 146
546 145
546 144
546 143
546 142
546 141
546 140
546 139
547 138
548 137
549 136
550 135
551 134
552 133
553 132
554 131
555 130
555 129
555 128
555 127
555 126
555 125
555 124
555 123
555 122
555 121
555 120
555 119
555 118
556 117
557 116
558 115
559 114
559 113
558 113
557 113
556 113
555 113
554 113
553 113
552 113
551 113
550 113
549 113
548 113
547 113
546 113
545 113
544 112
543 111
542 110
560 113
561 114
562 115
563 116
564 116
565 116
566 116
567 116
568 116
569 116
570 116
571 116
572 116
573 116
574 116
575 116
576 116
577 116
578 116
579 116
580 116
581 116
582 116
583 116
584 115
585 114
586 113
587 113
588 113
589 113
590 113
591 113
592 112
593 111
594 110
595 109
596 108
597 107
598 106
599 107
600 108
601 109
602 110
603 111
604 112
605 113
606 114
606 115
606 116
606 117
586 112
586 111
586 110
586 109
586 108
586 107
586 106
586 105
586 104
586 103
585 102
584 101
583 100
577 117
578 118
579 119
580 120
580 121
580 122
580 123
580 124
579 125
578 126
577 127
577 128
577 129
577 130
577 131
577 132
577 133
577 134
547 146
548 147
549 148
550 149
551 150
552 151
552 152
552 153
552 154
552 155
552 156
552 157
552 158
537 150
537 149
537 148
537 147
537 146
537 145
537 144
537 143
543 191
543 190
543 189
543 188
544 187
545 186
546 185
547 184
548 183
549 182
550 183
551 184
552 185
553 185
554 185
555 185
556 185
557 185
558 185
546 206
547 206
548 206
549 206
550 206
551 206
552 206
553 206
554 206
555 206
556 206
557 206
558 206
559 206
560 206
561 206
562 205
563 204
564 203
565 202
566 201
567 200
568 201
569 202
570 202
571 202
572 202
573 202
574 202
575 202
576 202
577 202
578 202
579 202
580 202
581 202
582 202
583 202
584 203
585 204
586 205
587 206
588 207
589 208
590 209
591 210
592 211
592 212
592 213
593 213
592 214
591 215
590 216
589 217
588 218
588 219
588 220
588 221
588 222
588 223
588 224
588 225
588 226
588 227
588 228
588 229
588 230
587 231
586 232
585 233
584 234
583 235
582 236
581 237
580 238
579 239
578 239
577 239
576 239
575 239
574 239
594 212
595 211
596 210
597 209
598 208
599 207
600 206
601 205
602 204
603 203
604 202
605 201
606 200
607 199
608 198
609 197
609 196
608 196
607 195
606 194
605 193
604 192
603 191
602 190
601 189
600 189
599 189
598 189
597 189
596 189
595 189
594 189
593 189
592 189
591 189
590 188
589 187
588 186
587 185
586 184
586 183
586 182
586 181
586 180
586 179
586 178
586 177
586 176
587 175
588 174
589 173
590 172
591 171
592 170
593 169
594 168
594 167
593 167
592 167
591 167
590 166
589 165
588 164
587 163
587 162
586 161
585 160
584 159
583 158
582 157
581 156
580 155
579 154
578 153
577 152
576 153
575 154
574 155
573 156
572 157
571 158
571 159
571 160
571 161
571 162
595 167
595 166
595 165
595 164
595 163
596 162
597 161
598 160
599 159
600 158
601 157
602 156
603 155
604 154
605 153
606 152
607 151
608 150
609 149
609 148
608 148
607 148
606 147
605 146
604 145
603 144
610 148
611 148
612 148
613 148
614 148
615 148
616 147
617 146
618 145
619 144
620 143
621 142
622 141
623 140
624 139
625 138
626 137
627 136
628 135
629 134
630 133
631 132
632 133
633 134
634 135
635 136
636 136
637 136
638 136
639 136
640 136
641 136
642 136
643 136
642 137
641 138
640 139
639 140
638 141
637 142
636 143
635 144
634 145
635 146
636 147
637 148
638 149
639 150
640 151
641 152
642 153
643 153
644 153
645 153
646 153
647 153
648 153
649 153
650 153
651 153
642 154
641 155
640 156
639 157
638 158
637 159
636 160
636 161
636 162
635 163
634 164
633 165
632 166
631 167
630 168
629 169
628 170
627 171
627 172
627 173
627 174
627 175
626 175
625 175
624 174
623 173
622 172
621 171
620 170
619 169
618 168
610 196
611 197
612 198
613 199
614 199
615 199
616 199
617 199
618 199
619 199
620 199
621 199
622 199
623 199
624 199
625 199
626 199
525 225
524 226
523 227
522 228
521 229
520 230
519 231
518 232
517 233
516 234
515 235
514 236
513 237
512 237
538 241
539 240
540 239
541 238
542 237
543 236
544 235
545 234
546 233
547 232
548 231
549 230
550 229
551 228
552 229
553 230
554 231
554 232
554 233
554 234
554 235
554 236
554 237
554 238
554 239
554 240
535 264
536 265
537 266
538 267
538 268
538 269
538 270
539 270
538 271
538 272
540 269
541 268
542 267
543 266
544 265
545 264
546 263
547 262
548 261
549 260
550 259
551 260
552 261
553 262
554 262
555 262
556 262
557 262
558 262
559 263
560 264
561 265
562 266
563 267
564 268
565 269
566 270
567 271
568 272
569 272
570 272
570 271
570 270
570 269
570 268
570 267
570 266
570 265
570 264
570 263
570 262
571 262
572 262
573 262
574 262
575 262
576 262
577 262
578 262
579 261
389 227
389 228
389 229
389 230
389 231
389 232
389 233
389 234
389 235
390 236
391 237
392 238
392 239
392 240
392 241
392 242
392 243
392 244
392 245
392 246
392 247
332 271
331 272
330 273
329 274
328 275
327 276
327 277
326 278
325 279
324 279
323 279
322 279
321 279
320 279
319 279
318 279
317 279
316 279
315 279
314 279
313 279
312 278
311 277
310 276
309 275
308 274
307 274
306 274
305 274
304 274
303 274
302 274
301 274
300 274
299 274
298 273
307 275
306 276
305 277
304 278
303 279
302 280
301 281
300 282
299 283
298 284
297 285
296 286
295 287
294 288
293 289
292 290
291 290
290 290
289 290
288 290
287 290
286 290
286 289
286 288
286 287
286 286
286 285
286 284
286 283
286 282
286 281
286 280
286 279
285 278
285 277
285 276
285 275
285 274
285 273
285 272
285 271
285 270
285 269
285 268
285 267
285 266
286 265
287 264
288 263
289 262
290 261
291 260
292 259
293 258
285 291
284 292
283 293
282 294
281 295
280 295
279 295
278 295
277 295
276 295
275 295
274 295
273 294
272 293
271 292
270 291
269 290
268 289
268 288
268 287
268 286
268 285
269 284
270 283
271 282
272 281
272 280
272 279
272 278
272 277
272 276
271 275
270 274
269 273
268 273
267 273
266 273
265 273
264 273
263 273
262 273
261 273
260 273
259 273
258 272
257 272
256 272
255 272
254 272
253 272
252 272
251 272
250 271
249 270
248 269
247 268
246 267
246 266
246 265
246 264
246 263
245 262
244 261
243 260
242 259
241 258
241 257
241 256
241 255
241 254
241 253
241 252
241 251
241 250
241 249
241 248
240 247
240 259
239 259
238 259
237 259
236 259
235 259
234 259
233 259
232 259
231 259
230 259
229 258
228 257
227 256
226 255
225 254
224 253
223 252
222 251
221 250
220 249
219 248
218 248
218 249
217 250
217 251
217 252
217 253
217 254
217 255
217 256
217 257
217 258
217 259
218 260
218 261
218 262
218 263
218 264
218 265
218 266
218 267
217 247
216 246
215 245
214 244
213 243
212 242
211 241
210 240
210 239
210 238
210 237
210 236
209 235
208 234
207 233
206 232
205 231
204 230
204 229
203 229
202 229
201 229
200 228
199 227
198 226
197 225
196 224
196 223
195 223
195 222
195 221
195 220
195 219
195 218
195 217
194 216
193 215
192 214
191 213
190 212
189 212
188 211
187 210
186 209
185 208
184 207
183 206
182 205
181 205
180 205
179 205
178 205
177 205
176 205
175 205
174 204
173 204
172 203
171 202
170 201
169 200
168 199
167 198
166 197
165 196
165 195
164 195
163 195
162 195
161 194
160 193
159 192
158 191
157 190
156 189
155 188
154 187
153 186
152 186
151 186
150 186
149 186
148 186
147 186
146 186
145 186
144 185
143 184
142 183
141 182
140 182
139 182
138 182
137 182
136 182
135 182
134 181
133 180
132 179
131 178
131 177
131 176
131 175
130 174
129 173
128 172
127 171
126 170
125 169
124 168
123 167
122 167
122 168
121 169
120 170
119 171
118 172
117 173
116 174
116 175
116 176
116 177
116 178
116 179
116 180
116 181
115 182
114 183
113 184
112 184
111 184
110 184
109 184
108 184
107 185
106 186
105 187
104 188
103 189
102 189
101 189
100 189
99 189
98 189
97 189
96 189
95 189
95 188
95 187
95 186
95 185
94 184
93 183
92 182
91 181
90 180
89 179
88 178
87 177
86 176
86 175
87 174
87 173
88 173
86 172
85 171
84 170
83 169
82 168
81 167
80 166
79 165
78 164
77 163
76 162
75 161
74 160
73 159
72 158
71 157
70 156
70 155
69 155
68 155
67 155
66 155
65 155
64 154
63 153
62 152
61 151
60 150
59 149
58 148
57 147
56 146
55 145
54 144
53 143
52 142
51 141
50 140
49 141
48 142
47 143
46 144
46 145
45 146
44 147
43 148
42 148
41 148
40 148
39 149
38 150
37 151
36 152
35 153
34 154
33 155
32 156
31 157
30 158
29 159
28 160
27 161
26 162
25 163
71 154
72 153
73 152
74 151
75 150
76 149
77 148
78 147
79 146
80 145
81 144
82 143
83 142
84 141
85 140
86 139
87 138
87 137
87 136
87 135
86 134
85 133
84 132
83 131
82 130
88 139
89 140
89 141
89 142
89 143
89 144
89 145
89 146
89 147
89 148
89 149
89 150
89 151
89 152
96 190
97 191
97 192
97 193
97 194
97 195
97 196
97 197
97 198
97 199
97 200
97 201
97 202
97 203
96 204
95 205
94 205
93 205
92 205
91 205
90 205
89 205
88 205
87 205
88 206
89 207
90 208
91 209
92 210
93 211
93 212
93 213
93 214
93 215
93 216
93 217
93 218
93 219
92 220
91 221
90 222
89 223
88 224
87 225
86 226
85 226
84 226
83 226
82 226
81 226
80 226
79 226
78 227
77 228
76 229
75 229
74 229
73 229
72 229
71 229
70 229
69 229
68 229
68 228
68 227
68 226
68 225
68 224
68 223
68 222
68 221
68 220
68 219
67 218
66 217
65 216
64 215
64 214
64 213
64 212
64 211
64 210
64 209
64 208
64 207
64 206
63 205
62 204
61 203
60 202
60 201
59 201
58 200
57 199
56 198
55 197
54 196
53 195
52 194
51 193
50 192
49 191
48 190
47 189
46 188
45 187
44 186
43 185
42 184
60 200
60 199
60 198
60 197
60 196
60 195
60 194
60 193
60 192
60 191
60 190
60 189
60 188
60 187
60 186
60 185
60 184
61 183
62 182
59 203
58 204
57 205
56 206
55 207
54 208
53 209
52 210
51 210
50 210
49 210
48 210
47 209
46 208
45 207
44 206
43 205
42 204
41 204
40 204
39 204
38 204
37 203
36 202
35 201
34 200
33 199
32 198
31 197
30 196
29 195
28 194
27 193
26 192
25 191
24 190
23 189
22 188
21 187
20 188
19 189
18 190
17 191
16 192
16 193
16 194
16 195
16 196
16 197
16 198
16 199
16 200
16 201
16 202
16 203
50 211
49 212
48 213
47 214
46 215
45 216
44 216
43 216
42 216
41 216
67 230
67 231
67 232
67 233
67 234
67 235
67 236
67 237
67 238
67 239
67 240
67 241
67 242
68 243
69 244
70 245
71 246
72 246
73 246
72 247
71 248
70 249
69 250
68 251
67 252
66 253
65 254
64 254
63 255
62 256
61 257
60 258
59 259
58 260
58 261
58 262
58 263
58 264
58 265
58 266
58 267
57 268
56 269
55 270
54 271
53 272
53 273
53 274
53 275
53 276
53 277
53 278
59 268
60 269
61 270
62 271
63 272
64 273
65 273
74 247
75 248
76 249
77 250
78 251
79 252
80 253
81 254
82 255
83 256
84 257
85 258
86 259
87 260
88 261
89 262
80 227
81 228
82 229
83 230
84 231
85 232
86 233
87 234
88 234
94 220
95 221
96 222
97 223
98 224
99 224
100 224
101 224
102 224
103 224
104 224
105 224
106 224
107 224
108 224
109 224
110 224
111 223
112 222
113 221
114 220
115 219
116 218
117 217
118 216
119 217
120 218
121 219
122 220
123 221
124 222
125 223
125 224
125 225
125 226
126 227
127 228
128 229
129 230
130 231
131 232
132 233
133 234
133 235
133 236
133 237
133 238
133 239
133 240
134 240
134 241
135 242
136 243
137 244
138 245
139 245
140 245
141 245
142 245
143 246
143 247
143 248
143 249
143 250
143 251
143 252
143 253
143 254
142 255
141 256
140 257
139 258
138 259
137 260
136 261
135 261
135 260
135 259
135 258
134 257
133 256
132 255
131 254
130 255
129 256
128 257
127 258
126 259
125 260
124 261
123 262
122 263
121 264
120 265
119 265
118 265
117 265
116 265
115 265
114 265
113 265
112 265
111 265
110 264
109 263
108 262
107 261
135 262
136 263
137 264
138 265
138 266
138 267
138 268
138 269
138 270
138 271
139 271
140 271
141 271
142 271
143 271
144 270
145 269
146 268
147 269
148 270
148 271
148 272
148 273
148 274
148 275
148 276
149 277
150 278
151 278
152 278
153 278
154 278
155 278
156 278
157 278
158 278
159 278
159 277
159 276
160 275
161 274
162 273
163 272
164 271
165 270
166 269
167 268
168 267
168 266
167 265
166 264
165 263
164 262
163 261
162 260
161 259
160 258
160 257
160 256
160 255
160 254
160 253
160 252
160 251
159 250
159 249
159 248
159 247
159 246
159 245
159 244
159 243
159 242
159 241
159 240
160 239
161 238
162 237
163 236
160 279
161 280
162 281
163 282
164 283
164 284
164 285
164 286
164 287
164 288
165 289
166 290
167 291
168 292
168 293
168 294
168 295
168 296
168 297
168 298
169 298
168 299
167 300
166 301
165 302
164 303
163 304
162 305
161 306
160 307
159 307
158 307
157 307
156 307
155 306
154 305
153 304
152 303
151 302
150 301
149 301
148 301
147 301
146 301
145 300
144 299
143 298
143 297
143 296
143 295
143 294
143 293
143 292
143 291
142 290
141 289
169 300
170 301
171 302
172 303
173 304
174 305
175 306
176 307
177 308
178 308
179 308
180 308
181 308
182 308
183 308
184 308
185 308
186 308
187 308
188 307
189 306
190 305
191 304
192 303
192 302
192 301
193 300
194 299
195 298
196 297
197 296
198 295
199 294
200 293
201 294
202 295
203 295
204 295
205 295
206 295
207 295
208 295
209 295
210 295
211 295
212 295
213 295
214 295
215 295
216 295
217 295
218 295
219 295
220 295
221 295
222 295
223 295
224 294
225 295
226 296
226 297
226 298
226 299
226 300
226 301
226 302
226 303
225 304
224 305
223 306
222 307
221 308
220 309
219 310
218 311
217 312
217 313
217 314
217 315
217 316
216 316
216 317
215 318
214 319
214 320
214 321
214 322
214 323
214 324
214 325
213 325
212 325
211 325
210 325
209 325
208 325
207 325
206 325
205 324
204 323
203 322
202 323
201 324
200 325
199 326
198 327
197 328
196 329
195 330
194 331
193 332
192 333
191 334
190 334
190 333
190 332
190 331
190 330
190 329
190 328
189 327
188 326
187 327
186 327
185 327
184 327
183 327
182 327
181 327
180 327
179 327
190 335
190 336
189 337
188 338
187 339
186 340
185 341
184 342
183 342
182 342
181 342
180 342
179 343
178 344
177 345
176 346
175 347
174 348
173 348
172 348
171 348
170 348
169 348
169 347
169 346
169 345
169 344
169 343
169 342
168 341
167 340
166 339
165 338
164 337
163 336
162 335
161 334
160 335
159 336
158 337
157 338
156 339
155 340
154 340
153 340
168 349
167 350
166 351
165 352
164 353
164 354
164 355
164 356
164 357
164 358
164 359
163 359
162 359
161 359
160 359
159 359
158 358
157 357
156 356
155 355
154 356
153 357
152 358
151 359
150 360
149 361
148 361
147 361
146 361
145 362
144 363
143 364
142 365
141 366
140 367
139 368
138 368
137 368
137 367
137 366
136 365
135 364
134 363
133 362
133 361
133 360
133 359
133 358
133 357
133 356
133 355
132 354
131 353
130 352
129 351
128 350
127 349
127 348
127 347
127 346
127 345
127 344
127 343
128 342
129 341
130 340
131 339
131 338
131 337
131 336
131 335
131 334
131 333
131 332
131 331
131 330
131 329
131 328
131 327
132 326
133 325
126 350
125 351
124 352
123 353
122 354
121 354
120 354
119 354
118 354
117 354
116 354
115 353
114 352
113 351
112 350
111 349
110 348
109 347
108 346
107 345
106 344
105 343
104 342
103 341
103 340
103 339
103 338
103 337
103 336
103 335
103 334
103 333
103 332
104 331
105 330
106 330
107 330
108 330
109 330
110 330
111 330
112 329
113 328
114 327
114 326
114 325
114 324
114 323
114 322
114 321
114 320
115 319
116 318
117 317
118 316
132 363
131 364
130 365
129 366
129 367
129 368
129 369
138 369
139 370
140 371
140 372
140 373
140 374
140 375
140 376
140 377
140 378
140 379
139 380
138 381
137 382
136 383
135 384
135 385
135 386
135 387
135 388
134 388
133 388
132 388
131 387
130 386
129 385
128 384
127 383
126 382
125 381
124 382
123 382
122 382
121 382
120 382
119 382
118 382
117 382
116 382
115 382
114 382
113 382
112 382
111 381
110 380
109 379
108 378
107 377
106 376
105 376
104 376
103 376
102 376
101 376
100 376
99 376
98 376
97 376
96 375
95 374
94 373
93 372
93 371
93 370
93 369
93 368
92 367
91 366
90 365
89 364
88 364
87 364
86 364
85 364
84 364
83 364
82 363
81 362
80 361
79 360
78 359
77 358
76 357
75 356
74 355
73 354
72 353
71 352
70 351
69 350
68 349
67 348
67 347
66 347
66 346
66 345
66 344
66 343
66 342
65 341
64 340
63 339
62 338
61 337
60 336
60 335
61 334
62 333
63 332
64 331
65 330
66 329
67 328
68 327
69 326
70 325
71 324
72 323
73 323
74 323
75 323
76 323
77 323
78 323
79 323
80 323
81 322
82 321
83 320
84 319
84 318
84 317
84 316
84 315
84 314
85 314
86 313
87 312
88 311
89 310
90 309
90 308
90 307
90 306
90 305
90 304
90 303
91 302
92 301
93 300
94 299
95 298
96 297
97 296
98 295
99 294
100 293
101 293
102 293
103 293
104 293
105 293
106 293
107 293
108 293
109 293
110 293
111 293
112 292
112 291
113 291
113 290
113 289
114 288
115 287
116 286
117 285
118 284
119 283
114 292
115 293
116 293
117 293
118 293
119 293
120 293
121 293
122 293
123 293
111 290
110 289
109 288
108 287
107 286
106 285
105 284
104 283
103 282
102 281
101 280
83 313
82 312
81 311
80 310
79 309
78 308
77 307
76 306
76 305
76 304
76 303
76 302
76 301
76 300
76 299
75 298
74 297
73 296
72 295
71 294
70 293
69 292
72 322
72 321
72 320
71 319
70 318
69 317
68 316
67 315
66 314
65 313
64 312
63 311
62 310
59 337
58 338
57 338
56 338
55 338
54 338
53 338
52 338
51 338
50 338
49 338
48 338
47 338
46 339
45 340
44 340
43 340
42 340
41 340
40 340
39 341
38 342
37 342
36 342
35 342
34 342
33 342
32 342
31 342
30 342
29 341
28 340
27 340
26 340
25 340
24 340
23 340
22 340
21 339
20 338
20 337
20 336
20 335
20 334
20 333
21 332
22 331
22 330
21 330
20 330
19 330
18 330
17 330
16 329
15 328
14 327
23 330
23 329
23 328
23 327
23 326
23 325
24 324
25 323
26 322
27 321
28 320
29 321
30 322
31 323
32 324
33 324
34 324
35 325
36 326
37 326
38 326
39 326
40 326
41 326
42 326
43 326
44 326
36 343
35 344
34 345
33 346
33 347
33 348
33 349
33 350
33 351
33 352
33 353
32 354
31 355
30 356
29 357
29 358
29 359
29 360
29 361
28 362
27 363
26 364
25 365
24 365
23 365
22 365
21 365
20 365
19 365
65 348
64 349
63 350
62 351
61 352
60 352
59 352
58 353
57 354
56 355
55 356
54 356
53 356
52 356
51 356
50 356
68 347
69 347
70 347
71 347
72 347
73 347
74 346
75 345
76 344
77 343
78 342
79 341
80 340
88 365
87 366
86 367
85 368
84 369
83 370
92 373
91 374
90 375
89 376
88 377
87 378
86 379
85 380
84 381
83 382
83 383
83 384
83 385
134 389
133 390
132 391
131 392
130 393
129 394
128 395
127 396
126 397
125 397
124 397
123 397
122 397
121 397
120 397
119 396
118 395
117 394
116 394
115 394
114 394
113 394
112 394
111 394
110 394
109 394
108 394
107 394
106 394
105 393
104 392
103 393
102 394
101 395
100 396
99 397
98 398
98 399
98 400
98 401
97 402
96 403
95 404
94 405
93 406
92 406
91 406
90 406
89 406
88 406
87 406
86 406
85 406
84 406
83 406
82 405
81 404
80 403
79 402
78 403
77 404
76 405
75 406
74 407
74 408
74 409
73 409
72 409
71 409
70 409
69 408
68 407
67 406
66 405
65 404
64 404
63 404
62 404
61 403
60 402
59 401
58 400
57 399
56 398
55 397
55 396
55 395
55 394
55 393
55 392
55 391
55 390
54 389
53 388
52 387
51 386
50 385
50 384
49 384
48 384
47 384
46 384
45 384
44 384
43 384
42 384
41 384
40 384
39 383
38 382
37 381
36 380
51 384
52 383
53 383
54 383
55 383
56 383
57 383
58 383
59 383
60 382
61 381
62 380
141 380
142 381
143 382
144 383
145 384
146 385
147 386
148 387
149 388
150 389
151 390
152 390
153 390
154 390
155 390
156 391
157 392
158 392
159 392
160 392
161 392
162 392
163 392
164 392
165 392
164 393
163 394
162 395
161 396
160 397
159 398
158 399
158 400
158 401
158 402
158 403
157 404
156 405
155 406
154 407
153 408
152 409
151 410
151 411
151 412
151 413
151 414
151 415
151 416
151 417
152 418
152 419
152 420
152 421
152 422
152 423
152 424
152 425
152 426
152 427
152 428
152 429
153 429
154 429
155 429
156 429
157 429
158 428
159 427
160 426
161 425
162 424
163 423
164 422
165 421
166 422
167 423
168 424
169 425
170 426
171 427
172 428
173 429
174 430
175 431
176 432
177 432
178 432
179 432
178 433
177 434
176 435
176 436
176 437
176 438
176 439
176 440
176 441
176 442
151 430
150 431
149 432
148 433
147 434
146 435
146 436
145 436
144 435
143 434
142 433
141 432
140 431
139 430
138 431
137 432
136 433
135 433
134 433
133 433
132 434
131 435
130 436
129 437
128 437
127 437
126 437
125 437
124 437
124 436
123 435
122 434
121 433
120 432
119 431
118 430
117 429
116 428
115 427
114 426
113 425
112 424
112 423
111 423
110 424
110 425
110 426
110 427
110 428
110 429
110 430
110 431
110 432
110 433
110 434
110 435
113 423
114 423
115 423
116 423
117 422
118 421
119 420
120 419
121 418
125 438
126 439
127 440
127 441
127 442
146 437
146 438
146 439
146 440
165 360
166 361
167 362
168 363
169 364
169 365
169 366
169 367
169 368
170 368
169 369
169 370
171 367
172 366
173 365
174 364
175 363
176 362
177 363
178 364
179 365
180 366
181 367
182 368
183 369
184 370
185 370
186 370
187 370
188 370
189 370
190 370
191 370
192 370
193 370
194 370
195 370
196 369
197 368
198 369
199 370
200 371
201 372
202 373
203 374
204 375
204 376
204 377
205 374
206 373
207 372
208 371
209 370
210 369
189 371
189 372
189 373
189 374
189 375
189 376
189 377
189 378
189 379
190 380
191 381
192 382
193 383
194 384
195 385
195 386
195 387
195 388
195 389
195 390
195 391
195 392
195 393
196 394
197 395
198 396
199 397
200 397
201 397
202 397
203 397
204 398
205 398
206 398
207 398
208 398
209 398
181 343
182 344
183 345
184 346
185 347
186 348
186 349
186 350
187 351
188 352
189 353
190 354
191 355
192 355
193 355
194 355
191 337
192 338
193 339
194 340
195 340
196 340
197 340
198 340
199 340
200 340
201 340
202 340
215 315
214 314
213 313
212 312
211 311
210 310
209 309
170 297
171 296
172 295
173 294
174 293
175 292
176 291
176 290
176 289
176 288
176 287
176 286
176 285
177 284
178 283
179 282
180 281
181 280
182 279
183 278
184 277
185 276
186 275
187 275
188 275
189 275
190 275
191 275
192 275
193 275
194 274
135 239
136 238
137 237
138 236
139 235
140 234
106 225
107 226
108 227
109 228
109 229
109 230
109 231
109 232
109 233
109 234
109 235
121 166
120 165
119 164
118 163
117 162
116 161
115 160
114 159
113 158
112 157
111 156
110 155
123 166
123 165
123 164
123 163
123 162
123 161
123 160
123 159
124 158
125 157
126 156
127 157
128 158
129 159
130 159
131 159
132 159
133 159
134 159
135 159
136 159
137 159
138 159
139 159
140 159
141 159
142 159
143 159
144 159
145 159
146 158
147 157
148 156
149 155
149 154
149 153
149 152
149 151
149 150
149 149
149 148
149 147
148 146
147 145
146 144
145 143
144 142
143 141
142 140
141 139
140 138
139 137
138 136
138 135
139 134
140 133
141 132
142 131
143 130
144 129
145 128
146 127
147 126
148 126
149 126
150 126
151 125
152 124
153 123
154 122
155 121
156 120
157 120
158 120
159 120
160 119
161 118
162 117
163 116
164 115
165 114
166 113
166 112
166 111
166 110
166 109
166 108
166 107
166 106
166 105
167 104
168 103
169 102
170 101
171 100
172 101
173 102
174 103
175 104
176 105
177 105
178 105
179 105
180 105
181 105
182 105
183 105
184 106
185 107
186 108
187 109
188 110
189 111
190 112
191 112
192 112
193 112
194 112
195 112
196 112
197 112
198 112
199 112
200 112
201 112
202 112
203 112
204 112
205 112
206 112
207 111
208 110
209 109
157 121
158 122
159 123
160 124
161 125
162 126
163 127
164 127
165 127
166 127
167 127
168 127
169 127
170 126
171 125
172 124
173 123
174 122
175 121
176 120
177 119
178 118
179 119
180 120
180 121
180 122
180 123
180 124
180 125
180 126
181 126
182 126
183 126
184 126
185 126
186 126
187 126
188 126
189 126
190 126
191 126
192 126
193 126
194 127
195 128
196 129
197 130
198 131
199 132
200 133
201 134
202 135
203 135
204 135
205 135
206 135
205 136
204 137
203 138
203 139
203 140
203 141
203 142
203 143
203 144
203 145
203 146
203 147
203 148
203 149
207 134
208 133
209 132
210 131
211 130
212 129
213 128
214 127
181 127
182 128
183 129
184 130
185 131
186 132
187 133
188 134
188 135
188 136
188 137
188 138
188 139
189 140
189 141
189 142
189 143
189 144
189 145
189 146
189 147
189 148
189 149
189 150
189 151
189 152
166 128
165 129
164 130
163 131
163 132
163 133
163 134
163 135
163 136
163 137
163 138
163 139
163 140
156 119
156 118
156 117
156 116
156 115
156 114
156 113
156 112
156 111
155 111
154 111
153 111
152 110
151 109
150 108
149 107
148 106
147 105
146 106
145 107
144 108
143 109
142 110
141 111
140 112
139 113
139 114
138 114
137 114
136 113
135 112
134 111
133 112
132 113
131 114
130 114
129 114
128 114
127 114
126 114
126 113
126 112
126 111
126 110
126 109
126 108
126 107
126 106
125 106
127 105
128 104
129 103
130 102
131 101
132 100
133 99
137 137
136 138
135 139
134 140
133 141
132 142
131 142
131 141
130 140
129 139
128 138
127 137
126 136
125 135
124 134
123 133
122 132
121 132
120 132
119 132
118 132
117 132
116 131
115 130
114 129
113 128
112 127
111 126
110 125
109 124
108 123
107 122
106 121
105 120
104 119
104 118
104 117
104 116
104 115
104 114
104 113
104 112
104 111
104 110
104 109
104 108
104 107
103 106
102 105
101 104
100 103
121 133
120 134
119 135
118 136
117 137
116 138
115 139
114 140
113 141
112 142
111 142
150 156
151 156
152 156
153 156
154 156
155 156
156 156
157 156
158 156
159 156
160 156
161 157
162 158
163 159
163 160
163 161
163 162
163 163
163 164
163 165
163 166
163 167
139 160
140 161
141 162
142 163
143 164
144 165
145 166
146 166
147 166
148 166
149 166
163 196
162 197
161 198
160 199
159 200
159 201
159 202
159 203
158 204
157 205
156 205
155 205
154 205
153 205
152 205
151 205
150 205
149 206
148 207
147 208
146 209
145 210
144 211
143 212
142 213
141 214
140 215
139 216
151 206
152 207
152 208
152 209
152 210
152 211
152 212
152 213
152 214
152 215
152 216
152 217
166 195
167 195
168 194
169 193
170 192
171 191
172 190
173 189
174 188
175 187
174 186
173 185
172 184
171 183
170 182
169 181
168 180
167 179
176 188
177 189
178 190
179 191
180 191
181 191
182 191
183 191
184 191
185 191
186 191
187 191
188 191
189 191
190 191
191 191
192 191
193 190
193 189
193 188
193 187
192 186
191 185
190 184
189 183
188 182
187 181
186 180
186 179
186 178
186 177
186 176
186 175
186 174
185 173
184 172
183 171
182 170
181 169
194 186
195 185
196 184
197 183
198 182
199 181
200 182
201 183
202 183
203 183
203 182
203 181
204 180
205 179
206 178
207 177
208 176
209 175
210 174
210 173
209 172
208 171
207 170
206 169
205 168
204 167
211 175
212 176
213 177
214 178
215 179
216 180
217 181
218 181
219 181
220 181
221 181
222 181
223 181
224 181
225 181
226 181
227 181
228 181
229 182
230 183
231 184
232 185
232 186
232 187
232 188
232 189
232 190
233 190
232 191
232 192
234 189
235 188
236 187
237 186
238 185
239 184
240 183
241 184
242 185
242 186
242 187
243 187
244 187
245 187
246 187
247 187
248 187
249 187
250 187
251 186
251 185
252 184
253 183
254 182
255 181
256 180
257 179
258 178
259 177
260 176
260 175
259 175
258 175
257 175
256 174
255 173
254 172
253 171
252 170
251 169
250 168
249 167
248 166
247 165
246 165
245 165
244 165
243 164
242 163
241 162
240 161
239 160
238 159
237 158
236 157
235 156
234 155
233 154
232 153
231 152
231 151
231 150
231 149
231 148
231 147
231 146
231 145
231 144
231 143
232 143
233 142
234 141
235 140
236 139
237 138
238 137
239 136
240 135
241 134
242 133
243 132
244 131
245 131
246 131
247 131
248 131
249 131
250 131
251 130
252 129
253 128
254 127
255 126
256 125
256 124
256 123
256 122
256 121
256 120
256 119
256 118
256 117
255 117
254 117
253 117
252 117
251 117
250 117
249 117
248 116
247 115
246 114
245 113
244 112
243 111
242 110
241 109
240 108
239 107
238 106
256 116
256 115
256 114
256 113
256 112
256 111
256 110
256 109
256 108
256 107
256 106
256 105
256 104
256 103
257 102
258 102
259 102
260 102
261 102
262 102
263 102
264 102
265 102
266 102
267 102
268 102
269 102
270 102
271 101
272 100
273 100
274 100
275 100
276 100
277 100
278 100
279 100
280 100
281 100
282 100
283 100
273 101
274 102
275 103
276 104
277 105
277 106
277 107
277 108
277 109
277 110
277 111
277 112
277 113
277 114
277 115
277 116
277 117
277 118
277 119
277 120
277 121
277 122
278 123
279 123
280 123
281 123
282 123
283 123
284 123
285 123
286 123
287 123
288 123
287 124
286 125
285 126
284 127
283 128
282 129
281 130
280 131
279 132
278 133
277 134
276 135
289 124
290 125
291 126
292 127
293 128
294 129
295 130
296 130
297 130
298 130
299 130
300 130
301 130
302 129
303 128
304 127
305 126
306 125
307 124
308 123
309 122
310 121
310 120
310 119
310 118
310 117
310 116
310 115
310 114
311 113
312 112
312 111
312 110
312 109
312 108
312 107
311 106
310 105
309 104
309 103
309 102
309 101
309 100
310 99
311 98
312 97
313 96
313 95
313 94
313 93
312 92
311 91
310 90
309 89
309 88
308 88
307 88
306 88
305 88
304 87
303 86
302 85
301 84
300 83
299 82
298 81
297 80
296 79
295 78
295 77
294 77
294 76
293 75
292 74
291 73
290 72
289 71
288 70
287 69
287 68
287 67
287 66
287 65
287 64
287 63
287 62
287 61
296 77
297 77
298 76
299 75
300 74
301 73
302 72
303 71
304 70
305 69
306 69
307 69
308 69
309 69
310 69
311 69
312 69
313 69
314 69
315 69
316 69
317 69
318 69
305 68
305 67
305 66
305 65
305 64
305 63
305 62
304 61
303 60
303 59
302 59
302 58
302 57
302 56
302 55
302 54
302 53
302 52
302 51
302 50
302 49
302 48
302 47
302 46
302 45
301 44
300 43
299 43
298 43
297 43
296 43
295 43
294 43
293 43
292 43
291 43
290 43
304 59
305 59
306 59
307 59
308 59
309 59
310 59
311 58
312 57
313 56
314 55
315 54
316 53
317 52
307 89
306 90
305 91
304 92
303 93
302 94
301 94
300 94
310 88
311 88
312 88
313 88
314 87
315 86
316 85
313 113
314 113
315 113
316 113
317 113
318 113
319 113
320 113
321 113
322 113
323 113
245 132
246 133
247 134
248 135
249 136
250 137
230 153
229 154
228 155
227 155
226 155
225 155
224 155
223 155
247 164
247 163
247 162
247 161
247 160
247 159
248 158
249 157
261 175
252 187
253 188
254 189
255 190
256 191
257 192
258 193
258 194
243 188
244 189
245 190
245 191
245 192
245 193
245 194
245 195
245 196
246 197
247 198
248 199
249 200
250 201
251 202
252 203
253 204
254 205
255 206
254 207
253 208
253 209
253 210
253 211
253 212
253 213
253 214
253 215
253 216
253 217
217 182
217 183
217 184
217 185
217 186
217 187
217 188
217 189
194 191
195 192
196 193
197 194
198 194
199 194
200 194
201 194
202 194
203 194
204 194
181 206
180 207
179 208
178 209
177 210
176 211
175 212
175 213
175 214
176 215
177 216
178 217
179 218
180 219
181 220
181 221
181 222
181 223
181 224
181 225
197 223
198 223
199 223
200 223
201 222
202 221
203 220
204 220
205 220
206 220
207 220
208 219
209 218
210 217
211 216
212 216
213 216
214 216
215 215
216 214
217 213
218 212
219 211
219 210
219 209
219 208
219 207
219 206
219 205
219 204
219 203
218 202
217 201
216 200
220 212
221 213
222 214
223 215
224 216
225 217
226 218
227 219
228 219
228 218
228 217
228 216
228 215
229 214
230 213
231 212
232 211
233 210
234 209
228 220
229 221
230 222
231 223
232 224
233 225
234 226
235 227
236 227
237 227
238 227
211 215
211 214
211 213
211 212
210 211
209 210
208 209
207 208
206 207
205 206
202 230
201 231
200 232
199 233
198 234
197 235
196 236
196 237
196 238
195 239
194 240
193 241
192 241
191 241
190 241
189 241
188 241
187 241
186 241
185 241
186 242
187 243
188 244
189 245
190 246
191 247
192 248
193 249
194 250
194 251
194 252
205 229
206 229
207 229
208 229
209 229
210 229
211 229
212 229
213 228
245 268
244 269
243 270
242 271
241 272
240 273
239 274
238 275
237 275
236 275
235 275
234 275
233 275
232 275
257 273
256 274
255 275
254 276
253 277
252 278
251 279
250 280
250 281
250 282
249 283
248 284
247 285
246 286
245 287
244 288
243 289
242 290
241 291
241 292
241 293
241 294
241 295
241 296
258 271
258 270
258 269
259 268
260 267
261 266
262 265
263 264
264 263
265 262
266 261
267 261
268 260
269 259
270 258
271 257
272 256
273 255
274 254
275 253
276 252
277 251
278 250
279 249
279 248
279 247
279 246
279 245
279 244
278 243
277 242
276 241
275 240
274 240
273 240
272 240
271 240
270 240
269 240
268 240
267 239
266 238
265 237
264 236
263 236
262 236
261 236
260 236
259 236
258 236
257 236
256 235
255 234
254 233
264 235
264 234
264 233
264 232
264 231
264 230
264 229
264 228
265 227
266 226
266 225
266 224
267 223
268 222
269 221
270 220
271 219
272 218
273 217
274 216
275 215
276 214
277 213
278 212
279 211
280 210
281 209
282 208
283 207
284 206
285 206
286 206
287 205
288 204
289 203
290 202
291 201
292 200
293 199
294 198
295 197
296 197
296 198
297 199
298 200
299 201
300 202
300 203
300 204
300 205
297 196
298 195
299 194
300 193
301 192
302 191
303 190
303 189
303 188
303 187
303 186
303 185
303 184
303 183
303 182
303 181
284 205
284 204
284 203
284 202
284 201
284 200
284 199
284 198
284 197
283 196
283 195
283 194
283 193
282 192
281 191
280 190
279 189
278 188
277 187
276 186
275 185
275 184
274 184
276 184
277 184
278 183
279 182
280 181
281 180
282 179
283 178
283 177
283 176
283 175
284 174
285 173
286 172
287 171
288 170
289 169
290 168
291 167
292 166
293 165
294 164
295 163
295 162
294 162
293 161
292 160
291 159
290 158
289 157
288 156
287 155
286 154
285 153
284 152
283 151
295 161
295 160
295 159
295 158
295 157
296 156
297 155
298 154
299 153
300 153
301 153
302 153
303 153
304 153
305 153
306 152
307 151
308 150
282 197
281 198
280 199
279 200
278 201
277 202
276 203
275 204
274 204
273 204
272 204
275 239
275 238
275 237
275 236
275 235
275 234
275 233
275 232
275 231
276 230
277 229
277 296
276 297
275 298
274 299
273 299
272 299
271 299
270 299
269 299
268 299
267 300
266 301
265 302
264 303
263 304
262 305
261 306
260 307
259 308
258 308
257 308
256 308
255 308
256 309
257 310
257 311
257 312
257 313
257 314
257 315
257 316
257 317
256 318
255 319
254 320
253 321
252 322
251 323
250 324
249 325
248 325
247 325
246 325
245 325
244 325
258 318
258 319
258 320
258 321
258 322
258 323
258 324
258 325
258 326
258 327
259 327
260 327
261 327
262 327
263 327
264 327
265 327
266 327
267 327
268 327
269 327
270 327
271 327
272 327
273 328
274 329
275 330
276 331
277 332
278 333
279 334
279 335
279 336
279 337
279 338
257 328
256 329
255 330
255 331
255 332
255 333
255 334
255 335
255 336
255 337
255 338
255 339
255 340
254 341
253 342
252 343
251 344
250 345
249 346
248 347
247 347
246 347
245 347
244 347
243 347
242 347
241 347
240 347
239 347
238 347
237 347
236 346
235 345
234 346
233 347
232 348
231 349
230 350
229 351
228 352
227 353
226 353
225 353
256 341
257 342
258 343
258 344
258 345
258 346
258 347
258 348
258 349
257 350
256 351
256 352
256 353
256 354
256 355
256 356
256 357
256 358
257 359
258 360
259 361
260 362
261 363
262 363
263 363
264 364
265 365
266 366
267 367
268 368
269 369
270 370
271 371
272 372
273 372
274 372
274 371
274 370
274 369
274 368
274 367
274 366
275 365
276 364
277 364
278 364
279 364
280 363
281 362
282 361
283 360
284 359
285 358
286 357
287 356
288 355
289 354
289 353
289 352
289 351
289 350
289 349
289 348
290 347
291 346
292 345
293 344
294 343
295 342
296 341
297 340
297 339
297 338
297 337
298 336
299 335
300 334
301 333
302 332
303 331
303 330
302 330
301 330
300 329
299 328
298 327
297 326
296 325
295 324
295 323
295 322
295 321
295 320
295 319
295 318
296 317
297 316
298 315
299 314
300 313
301 312
302 311
303 310
304 309
305 308
306 307
304 330
298 341
299 342
300 343
301 344
302 345
303 346
304 347
304 348
304 349
304 350
304 351
304 352
305 352
306 352
307 352
308 352
309 352
310 352
311 352
312 352
313 352
314 352
315 351
316 350
317 349
318 348
319 347
320 348
321 348
322 348
323 348
324 348
325 348
326 348
327 348
327 347
327 346
327 345
327 344
327 343
327 342
328 341
329 340
330 339
331 339
332 339
333 339
334 339
335 339
336 339
337 338
338 337
339 336
340 335
340 334
339 334
338 334
337 333
336 332
335 331
334 330
333 329
332 328
341 334
342 334
343 334
344 334
345 333
346 332
347 331
348 330
349 329
350 328
351 327
352 326
353 325
354 324
342 335
343 336
344 337
345 338
346 339
347 340
348 341
349 342
350 343
351 344
351 345
351 346
351 347
326 349
325 350
324 351
324 352
324 353
324 354
324 355
324 356
324 357
324 358
324 359
325 360
326 361
327 362
328 363
329 364
330 365
331 366
332 367
333 367
334 367
335 367
336 367
337 367
338 367
339 367
340 367
341 367
342 367
343 367
344 367
345 367
346 367
347 367
348 367
349 366
350 365
351 364
352 363
353 362
277 365
278 366
279 367
280 368
281 369
282 370
283 371
283 372
284 372
285 372
286 372
287 372
288 372
289 372
290 372
291 372
292 372
293 372
294 372
295 372
296 371
297 371
298 371
299 371
300 371
301 371
302 371
303 371
304 371
305 370
273 373
272 374
271 375
270 375
269 375
268 375
267 375
266 375
265 375
266 376
266 377
266 378
266 379
266 380
266 381
266 382
266 383
266 384
265 385
264 386
263 387
262 388
261 389
260 390
259 391
258 392
257 393
257 394
257 395
257 396
257 397
257 398
257 399
256 399
255 399
254 399
253 399
252 399
251 399
250 399
249 399
248 399
247 399
246 399
245 398
244 397
243 396
242 397
241 398
240 398
239 398
238 398
237 398
236 398
235 398
234 398
234 397
234 396
234 395
233 394
232 393
231 392
230 391
229 390
229 389
229 388
229 387
230 386
231 385
232 384
233 383
267 385
268 386
269 387
270 388
271 389
272 390
273 391
274 392
274 393
274 394
274 395
274 396
275 397
276 398
277 398
278 398
279 398
280 398
281 398
282 398
283 398
284 398
285 398
286 398
287 398
288 398
289 399
290 400
291 401
292 402
293 402
294 402
295 402
296 402
297 402
298 402
299 402
298 403
297 404
297 405
297 406
297 407
297 408
297 409
297 410
297 411
297 412
297 413
297 414
297 415
296 416
295 417
294 418
293 419
292 420
291 421
290 422
289 423
288 424
287 425
286 426
285 426
284 426
284 425
284 424
284 423
284 422
284 421
284 420
284 419
284 418
284 417
283 416
282 417
281 418
280 419
279 420
278 421
277 422
276 423
275 423
274 423
273 423
272 423
271 423
270 423
269 423
268 423
267 423
266 423
265 423
283 427
282 428
281 429
280 430
279 431
278 432
277 433
276 434
275 435
274 435
273 436
272 437
271 438
270 439
269 439
268 439
267 439
266 439
265 440
264 441
263 441
262 441
261 441
260 441
259 441
258 441
257 441
256 441
256 440
256 439
256 438
255 437
254 436
253 435
252 434
251 433
250 432
249 431
248 430
247 429
246 430
245 431
244 432
243 433
242 434
241 435
240 435
239 435
238 435
237 435
237 434
237 433
237 432
237 431
236 430
235 429
234 428
233 427
233 426
233 425
233 424
233 423
233 422
234 422
233 421
232 420
231 419
230 418
229 417
228 416
227 417
226 418
225 419
224 420
223 421
222 421
221 421
220 421
219 421
218 421
217 421
216 421
215 421
214 421
213 421
212 421
211 421
210 421
209 420
208 419
207 418
206 417
205 416
204 416
203 416
202 416
201 416
200 416
199 416
198 416
197 416
196 416
195 416
194 416
193 416
192 416
191 415
217 422
216 423
215 424
214 425
213 426
212 427
211 428
210 429
209 430
208 431
207 432
206 433
205 434
204 435
203 435
202 435
201 435
200 435
199 435
198 435
197 435
235 421
236 420
237 419
238 418
239 417
240 416
241 416
242 416
243 416
244 416
245 416
246 416
247 416
248 416
249 416
250 415
275 436
276 437
277 438
278 438
279 438
280 438
281 438
282 438
283 438
298 416
299 417
300 418
301 419
302 420
303 420
304 420
305 420
306 420
307 420
308 420
309 420
310 420
311 420
312 420
313 421
314 422
315 423
316 424
317 425
317 426
317 427
317 428
317 429
317 430
318 430
319 430
320 430
321 430
322 430
323 430
324 429
325 428
326 427
327 426
328 425
329 426
330 427
331 428
332 428
333 428
334 428
335 428
336 428
337 428
338 428
339 429
340 430
341 431
342 432
343 433
344 434
345 435
346 436
347 437
348 438
349 439
350 439
351 439
351 438
351 437
351 436
351 435
352 434
353 433
354 432
355 431
356 430
357 430
358 430
359 430
360 430
361 430
362 430
363 430
364 430
365 430
366 429
367 428
367 427
368 426
369 425
370 424
371 423
372 422
373 421
374 420
375 419
376 418
377 417
378 416
378 415
378 414
378 413
378 412
378 411
378 410
378 409
377 408
376 407
375 406
374 405
373 404
373 403
373 402
373 401
373 400
372 399
371 398
370 397
369 396
369 395
368 395
367 395
366 394
365 393
364 392
363 391
362 390
361 389
360 388
359 387
358 386
368 394
368 393
368 392
368 391
368 390
368 389
368 388
368 387
368 386
368 385
369 384
370 383
371 382
372 381
373 380
374 379
375 378
376 377
377 376
378 375
379 374
379 373
378 373
377 373
376 373
375 373
374 373
373 372
372 371
371 370
370 369
369 368
369 367
369 366
369 365
369 364
369 363
369 362
369 361
369 360
370 359
371 359
372 359
373 359
374 359
375 359
376 359
377 359
378 359
379 359
380 358
381 357
382 356
382 355
382 354
382 353
383 352
384 351
385 350
386 349
387 348
388 347
389 347
390 347
391 347
392 347
393 347
394 347
395 347
396 347
397 346
398 347
399 348
400 349
401 350
402 351
402 352
402 353
402 354
402 355
402 356
402 357
402 358
403 359
404 360
404 361
404 362
404 363
404 364
404 365
404 366
404 367
404 368
404 369
404 370
404 371
388 346
388 345
388 344
388 343
388 342
388 341
388 340
388 339
388 338
387 337
386 336
385 335
384 334
383 333
382 332
382 331
382 330
382 329
381 328
380 327
379 326
378 325
377 324
376 323
381 333
380 334
379 335
378 335
377 335
376 335
375 335
374 335
373 335
372 335
371 335
380 373
370 395
371 394
372 393
373 392
374 391
375 390
376 389
356 429
356 428
356 427
356 426
356 425
356 424
356 423
355 422
354 421
353 420
352 419
352 418
352 417
352 416
352 415
352 414
352 413
352 412
352 411
352 410
352 409
351 408
350 407
349 406
348 405
347 405
346 405
345 405
344 405
343 405
342 405
341 405
340 405
339 405
338 405
337 405
336 405
335 405
334 404
333 403
332 402
331 401
330 400
329 399
328 398
327 397
350 440
349 441
348 442
347 443
346 444
345 445
344 446
343 447
342 448
341 449
340 450
339 451
338 452
337 453
336 454
336 455
316 431
315 432
314 433
313 434
312 435
311 435
310 435
309 435
308 436
307 437
306 438
305 438
304 438
303 438
302 438
301 438
300 438
279 296
280 297
281 298
282 299
282 300
282 301
282 302
282 303
320 280
321 281
322 282
323 283
324 284
325 285
326 286
327 287
328 288
329 289
330 290
331 291
332 291
333 292
334 293
334 294
334 295
334 296
334 297
334 298
334 299
334 300
334 301
334 302
334 303
335 304
336 305
337 306
338 307
338 308
338 309
338 310
338 311
338 312
338 313
855
344 256
343 247
335 254
321 243
313 241
312 256
352 248
364 246
373 242
374 233
361 235
348 229
336 229
331 217
316 225
311 221
340 213
346 196
339 178
327 175
331 161
329 151
325 138
337 143
349 126
361 128
370 123
378 120
373 109
364 91
362 83
373 79
371 67
389 63
404 55
407 70
426 67
429 55
416 84
407 89
398 88
397 97
406 111
400 120
408 137
414 114
422 113
354 95
345 80
338 67
337 58
336 48
336 33
347 51
362 32
346 64
356 66
372 132
380 130
381 137
389 147
382 156
354 152
322 190
354 186
366 179
360 220
371 214
380 208
382 218
393 210
398 204
389 190
384 180
395 181
404 184
411 170
406 155
404 211
412 213
413 204
389 226
400 225
406 236
419 228
417 247
409 255
401 270
386 267
372 268
363 275
348 272
356 286
350 297
380 279
375 287
387 303
403 283
412 284
417 293
409 299
433 310
417 267
427 254
432 246
439 234
454 244
463 241
460 225
460 212
450 210
444 198
438 188
426 184
433 175
435 166
428 153
433 197
434 206
448 181
458 173
465 169
461 161
473 159
472 146
461 143
482 139
477 118
489 104
500 101
464 124
462 111
445 104
455 126
443 127
446 139
491 126
476 167
484 173
494 162
508 144
516 143
509 132
466 178
454 198
458 189
469 232
475 222
487 220
489 209
486 187
497 195
508 185
500 219
478 212
481 230
474 248
469 256
461 260
448 262
455 273
460 281
471 293
473 281
482 288
485 282
487 293
484 303
467 303
456 308
452 299
439 286
468 317
483 263
494 250
491 265
503 265
510 278
520 289
506 294
529 300
547 297
559 293
520 310
512 308
504 312
517 318
525 326
519 338
511 337
503 340
491 332
485 320
508 349
500 349
539 332
537 342
546 343
553 335
562 343
583 339
594 337
611 336
621 323
624 312
630 304
625 291
610 313
597 310
583 293
600 291
607 277
604 268
601 259
606 250
628 240
627 226
640 237
618 267
630 263
637 270
646 268
577 316
572 354
576 361
581 380
596 369
610 386
623 390
634 391
644 391
634 403
626 403
616 408
642 403
623 374
634 371
624 360
584 390
581 400
575 411
584 411
540 351
538 359
527 357
520 366
510 379
507 383
493 374
499 391
485 392
477 389
472 384
461 358
469 347
481 347
476 335
464 336
446 366
443 357
438 347
430 360
425 351
420 339
414 328
428 332
439 329
476 371
460 392
445 402
437 402
428 397
413 389
403 401
411 408
438 390
436 411
442 416
447 426
437 434
426 423
415 433
408 424
394 419
394 427
386 434
389 443
398 438
397 457
405 460
415 458
423 466
419 477
405 484
395 498
416 496
394 470
384 479
369 470
361 461
353 461
341 472
326 476
310 482
298 475
289 497
352 479
344 487
330 501
346 499
355 509
364 485
376 494
374 504
376 514
462 404
493 405
512 389
521 399
523 398
531 394
533 385
540 380
531 380
540 396
548 400
554 416
542 421
538 433
523 437
550 434
574 435
586 447
594 439
602 432
556 394
518 408
507 406
519 419
507 433
499 439
483 433
476 443
464 437
554 354
518 271
534 263
529 253
536 245
533 231
526 224
533 208
545 205
543 192
535 188
524 179
535 172
536 160
537 151
546 145
555 130
542 110
560 113
576 116
586 113
598 106
606 117
583 100
580 124
577 134
552 158
537 143
549 182
558 185
556 206
567 200
583 202
592 214
588 230
574 239
601 189
586 184
587 163
577 152
571 162
595 167
603 144
610 148
619 144
631 132
643 136
634 145
643 153
651 153
636 162
627 175
618 168
610 196
626 199
512 237
551 228
554 240
538 272
550 259
558 262
570 272
570 262
579 261
389 235
392 247
327 277
319 279
308 274
298 273
299 283
286 290
285 278
285 266
293 258
278 295
268 289
272 281
269 273
258 272
246 267
241 258
240 247
230 259
219 248
217 259
218 267
210 240
203 229
195 223
190 212
182 205
174 204
164 195
153 186
141 182
131 178
123 167
116 181
108 184
95 189
86 176
88 173
69 155
50 140
46 145
40 148
25 163
87 138
82 130
89 152
97 203
87 205
93 219
79 226
68 229
64 215
60 202
42 184
62 182
51 210
42 204
21 187
16 203
41 216
67 242
73 246
64 254
58 267
53 278
65 273
89 262
88 234
105 224
118 216
125 226
133 240
142 245
143 254
131 254
120 265
107 261
135 262
138 271
146 268
148 276
159 278
168 267
160 258
159 250
163 236
164 288
168 299
159 307
150 301
143 298
141 289
182 308
192 303
200 293
213 295
224 294
226 303
217 316
214 325
203 322
188 326
179 327
190 336
180 342
169 348
161 334
153 340
164 359
155 355
146 361
137 368
133 362
127 349
131 339
133 325
117 354
103 341
105 330
114 327
118 316
129 369
140 379
135 388
125 381
119 382
106 376
93 372
89 364
74 355
66 347
60 336
72 323
84 319
90 309
100 293
113 291
119 283
123 293
101 280
76 306
69 292
62 310
47 338
40 340
37 342
28 340
20 338
14 327
23 330
28 320
34 324
44 326
33 353
29 361
19 365
59 352
50 356
80 340
83 370
83 385
126 397
117 394
104 392
98 401
83 406
79 402
74 409
65 404
55 397
49 384
36 380
52 383
62 380
155 390
165 392
158 403
151 417
152 429
165 421
179 432
176 442
139 430
133 433
124 437
111 423
110 435
121 418
127 442
146 440
169 370
176 362
188 370
197 368
204 377
210 369
189 379
195 393
203 397
209 398
186 350
194 355
202 340
209 309
176 291
186 275
194 274
140 234
109 235
110 155
126 156
138 159
149 155
146 144
138 136
147 126
156 120
166 113
171 100
183 105
193 112
209 109
167 127
178 118
180 126
193 126
206 135
203 149
214 127
188 139
189 152
163 140
156 111
147 105
139 114
134 111
126 114
125 106
133 99
131 142
122 132
104 119
100 103
111 142
160 156
163 167
149 166
159 203
150 205
139 216
152 217
175 187
167 179
184 191
193 190
186 180
181 169
199 181
203 183
210 174
204 167
217 181
228 181
232 192
240 183
242 187
251 186
247 165
231 152
231 143
244 131
256 125
256 117
238 106
257 102
272 100
283 100
277 111
277 122
288 123
276 135
300 130
310 121
312 112
309 104
313 96
308 88
294 77
287 69
287 61
305 69
318 69
302 59
300 43
290 43
317 52
300 94
316 85
323 113
250 137
223 155
249 157
261 175
258 194
245 196
255 206
253 217
217 189
204 194
175 214
181 225
203 220
211 216
219 211
216 200
234 209
228 220
238 227
205 206
196 238
185 241
194 252
213 228
232 275
250 282
241 296
266 261
279 249
275 240
264 236
254 233
266 226
272 218
284 206
295 197
300 205
303 190
303 181
283 196
274 184
283 178
295 163
283 151
299 153
308 150
272 204
277 229
268 299
255 308
257 317
244 325
258 327
272 327
279 338
255 340
247 347
235 345
225 353
258 349
256 358
263 363
274 372
276 364
289 354
297 340
295 324
306 307
304 330
304 352
319 347
327 348
330 339
332 328
341 334
354 324
351 347
324 359
339 367
353 362
283 372
296 371
305 370
265 375
266 384
257 399
243 396
234 398
229 390
233 383
274 396
288 398
299 402
297 415
284 426
283 416
273 423
265 423
274 435
266 439
256 441
247 429
237 435
233 427
228 416
218 421
205 416
191 415
207 432
197 435
240 416
250 415
283 438
312 420
317 430
328 425
338 428
351 439
356 430
367 428
378 416
373 404
368 395
358 386
368 387
369 368
370 359
382 356
388 347
397 346
402 358
404 371
382 332
376 323
371 335
380 373
376 389
352 419
348 405
327 397
336 455
309 435
300 438
282 303
332 291
334 303
338 313
