9390
334 270
333 269
333 268
333 267
333 266
333 265
332 264
331 263
330 262
329 261
328 260
327 261
326 262
325 263
324 264
323 264
322 264
321 264
320 264
320 263
320 262
320 261
320 260
319 259
318 258
317 257
316 256
315 255
314 254
313 254
312 254
311 254
310 254
309 254
308 254
307 254
306 254
305 255
304 256
303 256
302 256
301 256
300 256
299 256
298 256
297 256
296 256
295 256
294 256
293 256
293 255
293 254
292 253
291 252
290 251
289 250
288 249
287 248
286 247
286 246
286 245
286 244
286 243
286 242
286 241
286 240
286 239
286 238
286 237
286 236
286 235
286 234
285 233
314 253
314 252
314 251
314 250
314 249
315 248
316 247
317 246
318 245
319 244
319 243
318 243
317 243
316 242
315 241
314 240
313 239
312 238
311 237
310 236
309 235
308 235
307 235
306 235
305 235
304 235
303 234
302 233
301 232
300 231
300 230
300 229
300 228
300 227
300 226
300 225
301 224
302 223
303 222
304 221
305 220
306 219
307 218
308 218
309 218
310 218
311 217
312 216
313 215
314 214
315 213
316 212
317 211
320 243
321 244
322 244
323 244
324 244
325 244
326 244
327 244
328 244
329 244
330 244
331 244
332 244
333 244
334 244
335 244
336 243
337 242
337 241
337 240
337 239
337 238
338 238
337 237
336 236
335 235
334 234
333 233
332 232
331 231
330 230
339 237
340 236
341 235
342 234
343 233
344 232
345 231
346 230
346 229
346 228
346 227
346 226
346 225
346 224
346 223
346 222
346 221
346 220
346 219
347 218
347 217
346 217
345 217
344 217
343 217
342 217
341 216
340 215
339 214
338 213
348 217
347 231
348 232
349 233
350 233
351 233
352 233
353 233
354 233
355 234
356 235
357 236
358 237
359 238
360 239
361 240
362 241
363 242
364 242
365 242
366 242
367 242
368 242
369 242
370 242
371 242
372 242
373 242
374 241
375 240
376 239
377 238
378 237
379 236
380 235
381 234
382 234
383 234
384 234
385 234
386 233
387 232
388 231
389 230
390 229
391 228
392 227
393 226
393 225
392 225
391 225
390 225
389 225
388 224
387 223
386 222
385 221
384 220
384 219
383 219
383 218
383 217
383 216
383 215
382 214
381 213
380 212
379 211
385 219
386 219
387 218
388 217
389 216
390 215
391 214
391 213
391 212
391 211
390 210
389 209
388 208
388 207
387 207
389 207
390 207
391 207
392 206
393 205
394 204
394 203
394 202
394 201
394 200
394 199
394 198
394 197
394 196
394 195
394 194
394 193
394 192
394 191
394 190
394 189
393 188
392 188
391 188
390 188
389 188
388 188
387 188
386 188
385 187
385 186
385 185
385 184
385 183
384 182
383 181
382 180
381 179
380 178
379 177
378 176
378 175
378 174
378 173
378 172
377 171
376 170
375 169
374 168
373 167
372 166
371 165
370 164
369 163
368 164
367 165
366 166
365 167
364 168
364 169
364 170
364 171
364 172
364 173
364 174
363 175
362 176
361 177
360 178
359 179
358 179
357 179
356 179
355 179
354 179
353 179
353 178
353 177
353 176
353 175
352 174
351 173
350 172
349 171
352 180
351 181
350 182
350 183
350 184
350 185
350 186
350 187
350 188
350 189
349 189
348 189
347 189
346 188
345 187
344 186
343 185
342 184
341 184
341 185
340 186
339 187
338 188
337 188
336 188
335 188
334 188
333 188
340 183
339 182
338 181
337 180
336 179
335 178
334 177
333 177
332 177
331 177
330 177
329 176
328 175
327 174
326 173
325 172
324 171
323 170
322 169
321 170
320 171
319 172
318 173
317 174
316 174
315 174
314 174
313 174
312 174
311 174
310 174
309 174
308 174
307 174
306 174
305 174
304 174
303 174
302 174
301 174
300 174
299 174
298 174
297 174
296 174
295 174
294 174
294 173
294 172
294 171
294 170
294 169
294 168
293 167
292 166
291 165
290 164
289 163
288 162
287 161
286 160
285 159
285 158
285 157
285 156
285 155
285 154
285 153
284 152
283 151
282 150
281 149
280 148
279 147
279 146
279 145
279 144
279 143
279 142
279 141
279 140
279 139
279 138
279 137
279 136
279 135
278 135
277 135
276 135
275 135
274 135
273 134
272 133
271 132
270 131
269 130
268 129
267 128
266 128
265 128
264 128
263 128
262 128
261 128
260 128
259 128
258 128
257 128
256 127
255 126
254 125
254 124
254 123
254 122
254 121
254 120
254 119
254 118
254 117
254 116
253 115
252 114
251 113
250 112
249 111
248 111
247 111
246 111
245 111
244 111
243 110
242 109
241 108
240 107
239 108
238 109
238 110
238 111
238 112
238 113
238 114
238 115
238 116
237 117
236 118
236 119
236 120
236 121
236 122
236 123
236 124
236 125
236 126
235 127
234 128
233 129
232 130
231 131
230 132
229 133
228 134
227 135
226 136
225 137
225 138
225 139
225 140
224 141
224 142
224 143
224 144
224 145
224 146
224 147
224 148
226 141
227 142
228 143
229 144
230 145
231 146
232 147
233 148
234 149
235 150
236 151
237 152
238 153
239 154
240 154
240 153
240 152
241 151
242 150
243 149
244 148
245 147
246 146
247 145
248 144
249 143
240 155
250 110
251 109
252 108
253 107
254 106
255 105
256 104
257 103
267 127
267 126
267 125
267 124
267 123
267 122
267 121
268 120
269 119
277 136
276 137
275 138
274 139
273 140
272 141
271 142
270 143
269 144
268 144
267 144
266 144
265 144
280 135
281 135
282 134
283 133
284 132
285 131
286 130
287 129
288 128
289 129
290 130
291 131
292 132
293 133
294 134
295 135
296 136
297 137
298 138
299 139
300 140
301 140
301 139
301 138
301 137
301 136
302 135
303 134
304 133
304 132
304 131
304 130
304 129
304 128
304 127
304 126
304 125
304 124
304 123
304 122
304 121
305 121
306 121
307 121
308 121
309 121
310 121
311 121
312 121
313 121
314 120
315 119
316 118
317 117
318 116
304 120
304 119
304 118
304 117
303 116
302 115
301 114
300 113
299 112
298 111
297 110
296 109
296 108
296 107
296 106
296 105
296 104
296 103
295 102
294 101
294 100
294 99
294 98
294 97
294 96
294 95
294 94
294 93
295 92
296 91
296 90
296 89
296 88
296 87
296 86
296 85
296 84
295 83
294 82
293 81
292 80
291 79
290 78
289 77
288 76
288 75
287 75
287 74
287 73
287 72
287 71
287 70
287 69
286 68
285 67
284 66
283 65
283 64
283 63
283 62
283 61
283 60
283 59
283 58
283 57
282 56
281 55
281 54
281 53
281 52
282 51
283 50
284 49
285 48
286 47
287 46
288 45
289 44
290 43
291 42
292 41
289 75
290 75
291 75
292 74
293 73
294 72
295 71
296 71
297 71
298 71
299 71
300 71
301 71
302 71
303 71
304 70
305 70
306 70
307 70
308 69
309 68
310 67
311 66
312 65
313 64
314 63
315 62
315 61
315 60
315 59
315 58
315 57
316 56
317 55
318 54
319 53
320 52
321 51
322 50
323 49
324 48
325 47
326 46
327 45
328 44
329 45
330 46
331 47
332 48
333 49
334 50
335 51
336 52
337 53
338 53
338 52
338 51
338 50
338 49
339 48
340 47
341 46
342 45
343 44
344 43
345 42
346 42
347 42
348 42
349 42
350 42
351 42
352 42
353 42
354 42
355 43
356 44
357 45
358 46
359 47
360 47
361 47
362 47
363 47
364 47
365 47
366 47
367 47
368 47
369 46
370 45
371 44
372 43
373 42
374 41
375 40
376 39
364 48
365 49
366 50
367 51
368 52
369 52
370 52
371 52
372 53
373 53
374 53
375 53
376 53
377 53
378 53
379 53
380 54
381 55
382 56
383 57
384 58
385 59
386 60
387 61
388 62
389 63
390 64
391 65
392 66
393 67
394 68
395 69
396 70
397 71
398 72
398 73
398 74
399 74
400 74
401 74
402 74
403 74
404 74
405 74
406 73
407 72
408 71
409 70
410 69
411 68
412 67
413 66
414 65
415 64
416 63
416 62
416 61
417 60
418 59
419 58
420 57
421 56
422 55
423 54
424 53
425 52
426 51
426 50
425 50
424 50
423 50
422 50
421 50
420 50
419 50
418 50
417 50
416 50
415 49
414 48
413 47
412 46
411 45
410 46
409 47
408 47
407 47
406 47
405 47
404 47
403 47
402 47
401 47
400 47
427 50
417 64
418 64
419 64
420 64
421 64
422 64
423 64
424 64
345 41
345 40
345 39
344 38
343 37
342 36
341 35
340 34
339 33
338 32
337 31
336 30
335 29
346 38
347 37
348 36
349 35
350 34
351 33
352 32
353 32
354 32
355 32
356 32
357 31
358 30
359 29
360 28
361 27
361 26
360 25
359 24
358 23
357 22
356 21
355 20
338 54
338 55
338 56
339 57
340 58
341 59
342 60
343 61
344 62
345 63
346 64
347 65
347 66
347 67
347 68
348 69
349 70
350 71
351 72
352 73
353 74
354 75
355 76
356 77
357 78
358 79
359 80
359 81
359 82
359 83
359 84
360 84
361 84
362 84
363 84
364 83
365 82
366 81
367 80
368 79
369 78
305 71
306 72
307 73
308 74
309 75
310 76
311 77
312 78
313 79
314 79
315 79
316 79
315 80
315 81
315 82
315 83
315 84
315 85
315 86
315 87
315 88
315 89
315 90
315 91
315 92
315 93
315 94
315 95
315 96
315 97
305 134
306 135
307 136
308 136
309 136
310 136
311 136
312 136
313 136
314 136
315 136
316 136
317 136
318 136
301 141
300 142
299 143
298 144
297 145
296 146
295 146
294 146
293 146
302 142
302 143
302 144
302 145
302 146
302 147
302 148
302 149
302 150
303 151
304 151
305 151
306 151
307 151
308 151
309 151
310 151
311 151
312 151
313 151
314 151
315 151
316 151
293 175
292 176
291 177
290 178
289 179
288 180
287 181
286 182
285 183
284 184
283 185
282 186
281 187
280 187
279 187
278 187
277 187
276 186
275 185
279 188
278 189
277 190
277 191
277 192
277 193
277 194
277 195
277 196
310 175
311 176
312 177
313 178
314 179
315 180
316 181
317 182
317 183
316 184
316 185
316 186
316 187
316 188
316 189
316 190
316 191
334 176
334 175
334 174
334 173
334 172
334 171
334 170
334 169
334 168
334 167
334 166
335 165
335 164
335 163
335 162
335 161
335 160
335 159
335 158
335 157
335 156
335 155
335 154
335 153
335 152
335 151
335 150
335 149
336 148
336 147
336 146
336 145
336 144
336 143
337 142
338 141
339 140
340 139
341 138
341 137
341 136
341 135
341 134
341 133
341 132
341 131
341 130
341 129
342 128
343 127
344 126
345 125
346 124
346 123
345 123
344 123
343 123
342 123
341 123
340 122
339 121
338 120
337 119
337 118
337 117
337 116
337 115
337 114
337 113
337 112
336 111
347 123
348 122
349 121
350 120
351 119
352 118
353 117
354 116
355 115
356 114
357 113
357 112
356 111
355 110
354 109
353 108
352 107
351 106
350 105
349 104
358 114
359 115
360 116
361 117
362 118
363 119
364 120
364 121
364 122
364 123
365 123
366 123
367 123
368 123
369 123
370 123
371 123
372 123
373 122
374 121
375 121
376 121
377 120
378 119
379 118
380 117
381 116
382 115
383 114
384 113
385 112
386 112
386 113
387 114
388 115
389 116
390 117
390 118
390 119
390 120
390 121
390 122
390 123
391 124
392 125
393 126
394 127
395 128
396 129
397 130
398 131
399 132
400 133
401 134
402 135
403 136
403 137
403 138
403 139
403 140
404 141
404 142
404 143
404 144
404 145
404 146
404 147
404 148
404 149
404 150
387 111
388 110
389 109
390 108
391 107
392 106
393 105
394 104
395 103
396 102
397 101
398 100
399 99
400 98
401 99
402 100
403 101
403 102
403 103
403 104
403 105
403 106
403 107
404 107
405 107
406 107
407 107
408 107
409 107
410 107
411 107
412 107
413 107
414 107
415 107
416 106
417 105
418 104
419 104
419 103
419 105
419 106
419 107
419 108
419 109
419 110
419 111
419 112
419 113
419 114
419 115
419 116
419 117
365 124
366 125
367 126
368 127
369 128
370 129
371 130
372 131
372 132
372 133
372 134
372 135
372 136
342 139
343 140
344 141
345 142
346 143
347 144
348 144
349 144
350 144
351 144
352 144
353 144
354 144
354 180
355 181
356 182
357 183
358 184
359 185
360 186
360 187
361 188
362 189
363 190
364 191
365 192
366 192
367 192
395 205
396 206
397 206
398 206
399 206
398 207
399 208
400 209
401 209
402 209
403 209
404 209
405 209
406 209
407 209
408 209
409 209
410 209
411 209
412 209
413 209
414 209
415 209
416 209
417 209
418 209
419 209
420 209
421 208
422 207
423 206
424 205
425 204
426 203
427 202
428 203
429 204
430 205
431 206
432 207
433 208
434 209
435 210
435 211
436 212
437 213
438 214
439 215
440 216
441 217
442 217
443 217
444 217
445 217
446 217
447 217
448 217
449 216
450 215
451 214
452 213
453 212
454 211
455 210
456 209
457 208
457 207
456 207
455 206
454 205
453 204
452 203
451 202
450 201
449 200
448 199
447 198
446 197
445 196
444 195
443 194
458 207
459 208
460 209
461 209
462 209
463 209
464 209
465 209
466 209
467 209
468 209
469 209
470 209
471 209
472 210
473 211
474 211
475 211
476 211
477 211
478 211
479 211
480 211
481 211
482 211
482 210
482 209
483 208
484 207
485 206
486 205
487 204
488 203
489 202
490 201
491 200
491 199
490 199
489 199
488 199
487 199
486 199
485 198
484 197
483 196
482 195
481 194
480 193
479 192
478 191
478 190
478 189
478 188
478 187
478 186
478 185
478 184
477 183
476 184
475 185
474 186
473 187
472 188
471 189
470 189
469 189
468 189
467 189
467 188
467 187
467 186
467 185
466 184
465 183
464 182
464 181
463 181
465 180
466 179
467 178
468 177
469 176
470 175
471 174
472 173
473 172
473 171
472 171
471 170
470 169
469 168
468 167
467 166
466 165
465 164
464 163
463 162
462 161
461 161
460 161
459 161
458 161
457 161
456 161
455 161
454 161
453 161
452 161
451 161
450 161
449 161
448 161
447 161
446 161
445 161
444 160
443 161
442 162
441 163
440 164
439 165
438 166
437 167
436 167
435 167
435 166
435 165
435 164
435 163
434 162
433 161
432 160
431 159
430 158
430 157
430 156
430 155
430 154
430 153
430 152
430 151
430 150
430 149
430 148
430 147
430 146
431 145
432 144
474 171
475 170
476 169
477 168
478 167
479 166
492 199
492 198
492 197
492 196
492 195
492 194
492 193
492 192
492 191
492 190
492 189
492 188
492 187
492 186
492 185
493 185
494 184
495 183
496 182
497 181
498 180
499 179
500 178
500 177
500 176
500 175
501 174
502 173
503 172
504 171
505 170
506 169
506 168
505 168
504 168
503 168
502 168
501 167
500 166
499 165
498 164
507 168
508 168
509 168
508 169
509 170
510 171
511 172
512 173
513 174
514 175
515 176
516 177
517 178
517 179
517 180
517 181
517 182
517 183
518 184
519 185
520 186
521 187
522 188
522 189
522 190
522 191
522 192
522 193
522 194
522 195
522 196
522 197
523 197
524 197
525 197
526 197
527 197
528 197
529 196
530 195
531 194
532 193
533 192
534 191
535 192
536 193
537 194
538 194
539 194
540 194
541 194
542 194
543 194
544 194
545 194
546 194
547 194
548 194
549 194
550 194
550 193
550 192
550 191
550 190
551 189
552 188
553 187
554 186
555 187
556 188
557 189
558 190
559 191
560 192
561 192
562 193
563 194
564 195
565 196
566 197
567 198
568 199
569 200
570 201
571 202
572 203
573 203
574 203
575 203
576 203
577 203
578 203
579 204
580 205
581 206
582 207
583 208
584 209
585 210
586 211
587 212
588 213
589 214
590 215
591 215
592 215
593 215
594 215
595 215
596 215
597 215
598 215
599 215
600 215
601 215
602 215
603 215
604 215
605 215
606 214
607 213
608 212
609 211
610 211
611 211
612 211
613 211
614 211
615 211
616 211
617 211
618 211
619 211
620 211
621 211
622 211
623 211
624 210
625 209
626 208
627 209
628 210
628 211
628 212
628 213
628 214
628 215
628 216
590 216
590 217
590 218
590 219
590 220
590 221
590 222
590 223
590 224
590 225
590 226
590 227
590 228
590 229
590 230
590 231
590 232
590 233
591 234
592 235
593 235
594 235
595 235
596 235
597 235
598 235
599 235
600 235
601 236
602 237
603 238
604 239
605 240
606 241
607 242
608 243
609 243
609 242
609 241
609 240
610 239
611 238
612 237
613 236
614 237
615 238
616 239
617 240
618 240
619 240
620 240
621 240
622 241
623 242
624 243
625 244
626 245
627 246
627 247
627 248
627 249
627 250
627 251
627 252
628 252
629 252
630 252
631 252
632 251
633 250
634 249
635 248
636 247
637 246
638 245
639 244
640 243
641 242
642 241
643 240
644 239
645 238
609 244
608 245
607 246
606 247
605 248
604 249
603 249
602 249
601 249
600 249
599 249
598 249
597 249
596 249
510 167
511 166
512 165
513 164
514 163
515 162
516 161
517 160
518 159
519 158
519 157
519 156
519 155
519 154
519 153
519 152
519 151
518 150
517 149
516 148
515 147
514 146
513 145
513 144
512 144
511 144
510 144
509 144
508 144
507 144
506 144
505 143
504 142
503 141
502 140
502 139
502 138
502 137
502 136
502 135
502 134
502 133
501 132
501 131
501 130
500 129
499 128
498 127
497 126
496 125
495 124
495 123
495 122
495 121
495 120
495 119
495 118
495 117
495 116
495 115
495 114
495 113
494 113
494 112
494 111
494 110
494 109
494 108
494 107
494 106
494 105
493 114
492 115
491 115
490 115
489 115
488 115
487 115
486 115
485 115
484 115
483 115
482 115
481 115
480 115
480 114
480 113
480 112
480 111
480 110
480 109
479 108
478 107
477 106
476 105
475 104
474 103
473 102
479 116
478 117
477 118
476 119
475 120
474 121
473 122
472 123
471 123
470 123
469 123
468 123
467 123
466 123
465 123
464 124
463 125
462 126
461 127
460 128
459 129
458 130
458 131
458 132
458 133
458 134
458 135
458 136
457 129
456 128
455 127
454 126
453 125
452 124
451 123
450 122
449 121
449 120
449 119
449 118
449 117
449 116
449 115
449 114
449 113
449 112
449 111
448 110
447 109
446 108
445 107
444 106
443 105
442 104
441 103
440 102
439 101
466 124
467 125
468 126
469 127
470 128
471 129
472 130
472 131
473 132
474 133
475 134
475 135
475 136
476 137
477 138
478 139
479 140
480 141
481 142
482 143
482 144
496 113
497 113
498 113
499 113
500 113
501 112
502 111
503 110
504 109
505 108
506 107
507 107
508 107
509 107
510 107
511 107
512 107
513 107
514 107
515 107
516 106
517 105
518 104
519 103
520 102
507 108
508 109
509 110
510 111
511 112
511 113
511 114
511 115
511 116
511 117
514 144
515 144
516 144
517 144
518 143
519 142
520 141
521 140
522 139
523 138
524 137
525 136
525 135
525 134
526 133
527 132
528 133
529 134
530 134
531 134
532 134
533 134
534 134
535 134
536 134
537 134
538 134
539 133
540 132
541 131
541 130
541 129
541 128
541 127
541 126
541 125
541 124
541 123
541 122
541 121
541 120
541 119
542 118
543 117
544 116
545 116
546 116
547 116
548 116
549 116
550 116
551 116
552 116
553 116
554 115
555 114
556 113
557 112
558 111
559 110
560 110
561 110
562 110
563 110
564 110
565 110
566 110
567 110
568 110
569 110
570 110
571 110
572 110
573 109
574 108
575 107
576 106
577 106
578 106
579 106
580 106
581 106
582 106
583 106
584 106
585 106
586 106
587 106
588 106
589 106
590 106
591 106
592 106
593 106
594 106
595 106
596 105
597 104
598 103
599 102
600 101
577 107
578 108
579 109
580 110
581 111
582 112
583 113
584 114
585 115
586 116
587 117
588 118
589 119
590 120
591 121
590 122
589 123
588 124
587 125
586 126
586 127
586 128
586 129
586 130
585 131
584 132
583 133
582 134
581 135
580 136
579 137
579 138
579 139
580 140
581 141
582 142
583 143
584 144
585 145
586 146
587 146
588 146
589 146
590 146
591 146
592 147
593 148
594 149
595 150
596 151
597 152
597 153
597 154
597 155
597 156
597 157
597 158
597 159
598 159
599 159
600 159
601 159
602 159
603 159
604 159
605 159
606 158
607 157
608 156
609 155
610 154
611 153
612 152
613 151
613 150
613 149
614 148
615 147
616 146
617 145
618 144
618 143
618 142
618 141
619 140
620 139
621 138
622 137
623 136
624 135
625 134
626 133
627 132
628 131
629 130
630 129
631 128
619 145
620 146
621 147
622 148
623 149
624 149
625 149
626 149
627 149
628 149
629 150
630 151
631 152
632 153
633 154
634 155
635 156
636 157
637 158
638 159
639 160
640 161
641 161
642 161
643 161
644 161
645 161
646 161
647 161
648 161
649 161
650 161
641 162
640 163
639 164
638 165
637 166
636 167
635 168
634 169
633 170
633 171
633 172
633 173
633 174
633 175
633 176
633 177
632 178
631 179
630 180
629 181
628 182
628 183
628 184
628 185
628 186
628 187
596 160
595 161
594 162
593 163
592 164
591 165
590 166
589 167
588 168
587 168
586 168
585 168
584 168
585 169
586 170
587 171
588 172
589 173
590 174
591 175
592 176
593 177
593 178
593 179
593 180
593 181
593 182
593 183
593 184
594 185
595 186
596 187
597 187
598 187
599 187
600 187
601 187
602 187
603 187
604 187
605 187
544 115
544 114
544 113
544 112
544 111
544 110
544 109
544 108
543 107
542 106
541 105
533 135
534 136
535 137
536 138
537 139
537 140
537 141
537 142
537 143
538 143
539 143
540 142
541 141
542 140
543 141
544 142
545 143
546 144
547 145
548 146
548 147
548 148
548 149
548 150
549 151
550 152
551 153
552 154
553 155
553 156
553 157
553 158
553 159
553 160
493 200
494 201
495 202
496 203
497 204
497 205
497 206
497 207
497 208
498 208
499 207
500 206
501 205
502 204
503 203
504 202
505 201
506 200
483 212
484 213
485 214
486 215
487 216
488 217
489 218
490 219
491 220
492 221
493 222
494 223
495 224
496 224
495 225
494 226
494 227
494 228
494 229
494 230
494 231
494 232
494 233
494 234
495 235
496 236
497 237
498 238
499 239
500 240
501 241
502 242
503 243
504 244
505 245
506 246
507 247
507 248
507 249
508 249
509 248
510 247
511 246
512 245
513 244
514 243
515 242
516 241
517 240
518 239
519 238
520 237
521 236
522 236
523 236
524 236
525 236
526 235
527 234
528 233
529 232
530 231
531 230
532 229
533 228
534 227
535 226
536 225
537 224
537 223
537 222
537 221
537 220
537 219
537 218
537 217
537 216
537 215
538 214
539 213
540 212
541 211
542 210
543 211
544 212
545 213
546 214
547 215
548 216
549 217
550 218
551 218
552 218
553 218
554 218
555 218
554 219
554 220
554 221
554 222
554 223
554 224
554 225
554 226
554 227
554 228
554 229
554 230
554 231
554 232
522 237
523 238
524 239
525 240
526 241
527 242
528 242
529 242
506 250
505 251
504 252
503 253
502 254
501 255
500 256
499 257
498 258
497 258
496 258
497 225
498 226
499 227
500 228
501 228
502 228
503 228
504 228
400 205
401 204
402 203
403 202
404 201
405 200
406 199
407 198
408 197
409 196
410 195
411 194
411 193
411 192
411 191
411 190
411 189
411 188
411 187
410 186
394 225
367 243
368 244
369 245
370 246
371 247
372 248
372 249
372 250
372 251
372 252
371 253
370 254
369 255
369 256
369 257
369 258
369 259
369 260
369 261
369 262
369 263
368 264
367 265
366 266
365 267
364 268
363 269
362 270
361 271
361 272
362 273
363 274
364 275
365 276
366 277
367 278
368 279
368 280
368 281
368 282
369 282
370 282
371 282
372 282
373 282
374 282
375 282
376 281
377 280
378 279
379 279
380 279
381 279
382 279
383 279
384 279
385 278
386 277
387 276
388 275
389 274
390 275
391 276
391 277
391 278
391 279
391 280
391 281
391 282
391 283
390 284
390 285
390 286
390 287
390 288
390 289
390 290
390 291
391 292
392 293
393 294
394 295
395 296
396 297
397 298
398 299
398 300
398 301
398 302
398 303
399 304
400 305
401 306
402 307
403 308
404 309
405 310
405 311
405 312
405 313
405 314
405 315
404 316
403 317
402 318
401 318
400 318
399 318
398 318
397 318
396 318
395 318
394 318
393 318
392 318
391 318
390 318
389 318
388 318
387 318
386 318
385 318
384 318
383 318
382 318
382 317
382 316
382 315
382 314
382 313
382 312
381 311
380 310
379 311
378 312
377 313
376 314
375 315
374 316
373 317
372 318
371 319
370 320
369 321
368 322
367 323
367 324
366 325
365 326
364 327
363 328
362 329
361 330
360 331
359 332
358 333
357 334
356 335
355 335
354 335
354 334
354 333
354 332
354 331
354 330
354 329
354 328
354 327
354 326
353 325
352 324
351 324
350 324
349 324
348 324
347 324
346 324
345 324
344 324
343 324
342 324
341 324
340 323
339 322
338 322
337 322
336 322
335 322
334 321
333 320
332 319
331 318
330 318
329 318
328 318
327 318
326 318
325 317
324 316
323 315
322 314
321 313
321 312
320 312
322 312
323 312
324 312
325 311
326 310
327 309
328 308
329 307
330 306
331 305
332 304
332 303
332 302
332 301
332 300
332 299
332 298
332 297
332 296
331 295
330 294
330 319
329 320
328 321
327 322
326 323
325 324
324 325
323 326
322 327
321 328
320 329
319 329
318 329
317 329
316 330
315 331
314 332
313 333
312 334
311 335
310 335
309 335
308 336
307 337
306 338
305 339
304 340
303 341
302 341
301 341
300 342
299 343
299 344
299 345
299 346
299 347
299 348
299 349
298 349
297 349
296 349
295 349
294 349
293 349
292 349
291 349
290 349
289 348
288 347
287 346
286 345
285 345
284 345
283 344
282 343
281 342
280 341
279 340
278 339
277 338
276 337
300 350
301 351
302 352
303 352
304 352
305 352
306 352
307 352
308 352
309 352
308 353
308 354
308 355
308 356
308 357
308 358
308 359
308 360
308 361
307 362
306 363
305 364
304 365
303 366
302 367
301 368
301 369
301 370
301 371
300 372
299 373
298 374
297 375
296 376
295 377
294 378
293 379
292 380
291 381
290 382
289 383
288 384
287 384
286 384
285 384
284 384
283 384
282 383
281 382
280 381
279 380
278 379
277 378
276 377
275 377
275 378
274 379
274 380
274 381
274 382
274 383
274 384
274 385
274 386
273 386
272 386
271 386
270 386
269 386
268 386
267 386
266 386
265 385
264 384
263 383
262 382
261 383
260 384
259 385
258 386
257 387
257 388
257 389
257 390
257 391
257 392
257 393
257 394
256 394
256 395
255 395
254 395
253 395
252 395
251 395
250 395
249 395
248 395
247 395
246 396
245 397
244 398
243 399
243 400
243 401
243 402
243 403
243 404
243 405
243 406
255 393
254 392
253 391
252 390
251 389
250 388
249 387
248 386
247 385
246 385
245 385
244 384
243 383
242 382
241 381
240 380
239 379
238 378
237 377
236 376
235 375
234 374
233 374
232 374
231 374
230 373
229 372
228 371
227 370
226 369
225 368
224 367
223 366
222 366
221 366
220 366
219 366
218 366
217 366
216 365
234 373
234 372
234 371
234 370
235 369
236 368
237 367
238 366
239 365
240 364
241 363
241 362
241 361
241 360
241 359
241 358
241 357
241 356
242 355
243 356
244 357
245 358
246 358
247 358
248 358
249 358
250 358
251 358
275 387
276 388
277 389
278 390
279 391
280 392
281 393
282 394
283 395
283 396
283 397
283 398
283 399
283 400
283 401
283 402
283 403
274 376
273 375
272 374
271 373
270 372
269 371
268 370
267 369
266 368
265 367
265 366
265 365
265 364
265 363
265 362
265 361
266 360
267 359
268 358
269 357
277 376
278 375
279 374
280 373
281 372
282 371
283 370
284 369
310 353
311 354
312 355
313 356
314 357
315 358
316 359
317 359
317 358
317 357
317 356
317 355
318 354
319 353
320 352
321 351
317 360
318 361
319 362
320 363
321 364
321 365
321 366
321 367
321 368
321 369
321 370
321 371
321 372
321 373
320 374
319 375
318 376
317 377
316 378
316 379
316 380
316 381
316 382
316 383
316 384
316 385
316 386
316 387
315 388
314 389
313 390
312 391
311 392
310 392
309 392
308 392
307 392
306 392
305 392
304 392
305 393
306 394
307 395
308 396
308 397
308 398
308 399
308 400
308 401
308 402
308 403
308 404
322 374
323 375
324 376
325 377
326 378
327 379
328 379
329 379
330 379
331 379
332 379
333 379
334 379
335 379
336 380
337 381
337 382
337 383
337 384
337 385
337 386
337 387
337 388
337 389
337 390
338 391
339 392
340 393
341 394
342 394
343 394
344 394
345 394
346 394
347 394
348 394
348 393
349 392
350 391
351 390
352 389
353 388
354 387
355 386
356 386
357 386
358 386
359 386
360 386
361 386
362 385
363 384
364 383
365 382
366 381
367 381
368 381
369 381
370 381
371 381
372 381
373 381
374 381
375 380
376 379
376 378
376 377
376 376
376 375
376 374
376 373
376 372
376 371
377 370
378 369
379 368
347 395
346 396
346 397
346 398
346 399
346 400
346 401
346 402
346 403
346 404
346 405
318 330
319 331
320 332
321 333
322 334
323 335
324 336
325 337
326 338
327 338
353 336
353 337
353 338
353 339
353 340
353 341
353 342
353 343
353 344
353 345
353 346
354 347
355 348
356 349
357 349
358 349
359 349
360 349
361 349
360 350
359 351
358 352
357 353
356 354
356 355
356 356
356 357
356 358
355 359
354 360
354 361
354 362
354 363
354 364
354 365
354 366
406 316
407 317
408 318
409 319
410 320
411 320
412 320
413 320
414 320
415 321
416 322
417 323
418 324
419 324
420 324
421 324
422 324
423 324
424 324
423 325
422 326
421 327
420 328
419 329
418 330
417 331
416 332
415 333
414 334
413 335
412 336
411 337
410 337
409 337
408 337
407 337
406 337
405 337
404 337
403 337
402 337
401 337
400 337
399 336
398 335
397 334
408 338
407 339
406 340
405 341
404 342
403 343
402 344
401 345
400 346
399 347
398 348
397 349
398 350
399 351
400 352
401 353
402 354
403 355
404 356
405 357
406 358
407 359
408 360
409 361
410 362
411 362
412 361
413 360
414 359
414 358
414 357
414 356
415 355
416 354
417 353
418 352
419 351
420 350
421 349
422 348
423 349
424 350
425 351
426 352
427 353
428 354
428 355
428 356
428 357
428 358
429 353
430 352
431 351
432 350
433 349
434 348
435 349
436 350
437 350
438 350
439 350
440 350
441 350
442 350
443 350
444 350
445 350
446 350
447 350
448 350
449 351
450 352
451 353
452 354
453 354
454 354
455 354
456 354
457 354
458 354
459 354
458 355
457 356
456 357
456 358
456 359
456 360
456 361
456 362
456 363
455 364
454 365
453 366
452 367
451 368
450 369
449 370
448 371
447 372
446 373
445 374
444 375
443 376
442 377
442 378
442 379
442 380
442 381
442 382
442 383
442 384
442 385
442 386
441 387
440 388
439 389
439 390
439 391
439 392
439 393
439 394
438 395
437 395
436 395
435 395
434 395
433 395
432 395
431 395
430 395
429 395
428 395
427 395
426 395
425 395
424 395
423 395
422 395
421 394
420 393
419 392
418 391
417 390
417 389
418 389
417 388
417 387
417 386
417 385
416 384
415 383
414 382
413 381
412 380
411 379
410 378
409 379
408 380
407 381
406 382
405 383
404 384
403 385
402 386
401 387
400 388
399 389
398 390
398 391
398 392
419 388
420 387
421 386
422 385
423 384
424 383
425 396
424 397
423 398
422 399
421 400
420 401
419 402
418 403
417 404
416 405
415 406
414 407
413 407
412 408
411 409
410 410
409 411
409 412
409 413
409 414
409 415
408 416
407 417
406 418
405 419
404 420
404 421
404 422
404 423
403 424
402 425
401 426
400 427
399 427
398 427
397 427
396 427
395 427
394 427
393 427
392 427
391 427
390 427
389 427
388 426
387 425
386 424
385 423
384 422
383 421
382 420
382 419
382 418
381 418
380 417
379 416
378 415
377 414
376 413
375 412
374 411
373 410
382 417
383 416
384 415
385 414
386 413
387 412
388 411
389 410
390 409
381 421
380 422
379 423
378 424
377 425
376 426
375 427
375 428
375 429
375 430
375 431
374 432
373 433
372 434
371 435
370 436
369 437
369 438
368 439
367 440
366 441
365 442
364 443
363 444
363 445
363 446
363 447
363 448
363 449
362 450
361 451
360 452
359 453
358 454
357 455
356 455
355 455
354 455
353 455
352 455
351 455
350 455
349 455
348 455
347 456
346 457
345 458
344 459
343 460
342 461
341 462
340 463
339 464
338 464
337 464
336 464
335 464
334 464
335 465
336 466
337 467
337 468
337 469
337 470
337 471
337 472
337 473
338 473
339 473
340 473
341 473
342 473
343 473
344 472
345 471
346 470
347 469
337 474
337 475
337 476
337 477
337 478
337 479
337 480
337 481
337 482
336 483
335 484
334 485
333 486
332 486
331 486
330 486
329 486
328 486
327 486
326 485
325 484
324 483
323 482
322 481
321 480
320 479
319 478
318 477
317 477
316 477
315 477
314 477
313 477
312 477
311 477
310 477
317 478
316 479
315 480
315 481
315 482
315 483
315 484
315 485
315 486
314 487
313 488
312 489
311 490
310 491
309 491
308 491
307 491
306 491
305 491
304 492
303 493
302 493
301 493
300 493
299 493
298 493
297 493
296 493
296 492
296 491
296 490
296 489
296 488
296 487
296 486
295 485
294 484
293 483
292 482
291 481
290 480
289 479
288 478
318 476
318 475
318 474
318 473
318 472
318 471
318 470
318 469
318 468
317 467
316 466
315 466
314 466
313 466
312 466
311 466
310 466
309 466
308 466
307 466
306 465
305 464
304 463
303 462
302 461
316 465
316 464
316 463
316 462
316 461
316 460
316 459
316 458
316 457
316 456
316 455
317 454
318 453
319 452
319 451
319 450
319 449
318 448
317 447
316 446
315 445
314 444
313 443
312 442
311 441
310 440
309 439
308 438
308 437
307 437
306 437
305 437
304 437
303 436
302 435
301 434
300 433
299 432
298 431
297 430
296 429
295 428
294 427
293 426
292 425
291 424
290 424
289 424
288 424
287 424
286 424
285 424
284 424
283 424
282 424
281 424
290 425
289 426
288 427
287 428
286 429
285 430
284 431
283 432
282 433
281 434
280 435
280 436
280 437
306 438
305 439
304 440
303 441
302 442
301 443
300 444
299 445
298 445
297 445
296 445
295 445
294 446
293 447
292 448
291 449
290 450
289 451
288 452
287 453
286 454
286 455
286 456
286 457
286 458
286 459
286 460
309 437
310 437
311 437
312 437
313 437
314 437
315 437
316 437
317 437
318 436
319 435
320 434
321 433
322 433
323 433
324 433
325 433
326 433
327 433
328 433
329 433
330 433
331 433
332 433
333 433
334 433
335 433
336 433
337 432
338 431
339 430
340 430
341 430
342 430
343 429
344 428
345 427
346 426
347 425
348 424
349 423
321 432
321 431
321 430
321 429
321 428
321 427
320 427
319 426
318 425
317 424
316 423
315 422
314 421
321 426
322 425
323 424
324 423
325 422
326 421
326 420
326 419
326 418
326 417
326 416
326 415
327 414
328 413
329 412
338 483
339 484
340 485
341 486
342 487
343 488
344 489
345 490
346 490
347 490
348 490
349 490
350 490
351 490
352 490
353 490
354 489
355 488
355 487
355 486
355 485
355 484
356 483
357 482
358 481
359 480
360 479
361 478
362 477
363 477
364 476
365 475
366 474
367 473
368 472
369 471
370 470
371 469
372 468
373 467
374 466
375 465
376 464
377 465
378 466
379 467
380 468
381 469
382 470
383 471
384 472
385 473
386 474
387 475
388 476
388 477
389 477
390 477
391 477
392 477
393 477
394 477
395 476
396 475
397 474
398 473
399 472
400 471
400 470
400 469
400 468
400 467
400 466
400 465
400 464
400 463
400 462
400 461
401 460
402 459
403 458
404 457
401 472
402 473
403 474
404 475
405 476
406 477
407 478
408 479
409 480
410 481
411 482
412 482
413 482
414 482
415 482
416 482
417 482
418 482
419 482
420 482
420 483
420 484
420 485
420 486
420 487
420 488
420 489
420 490
420 491
420 492
420 493
420 494
420 495
420 496
420 497
420 498
420 499
420 500
389 478
390 479
391 480
392 481
393 482
394 483
395 484
396 485
397 485
398 485
356 489
357 490
358 491
359 492
360 493
361 494
362 495
363 496
364 497
365 498
366 499
367 500
368 501
369 502
370 503
371 504
371 505
370 506
369 507
368 508
367 509
366 510
365 511
364 512
363 513
362 514
361 515
360 516
359 517
359 518
359 519
359 520
359 521
359 522
345 491
344 492
343 493
342 494
341 495
340 496
339 497
338 498
337 499
336 500
335 501
334 502
333 503
332 504
332 505
332 506
332 507
332 508
332 509
332 510
332 511
394 428
393 429
393 430
393 431
393 432
393 433
393 434
393 435
396 428
397 429
398 430
399 431
400 432
401 433
402 434
403 434
404 434
405 434
410 416
411 417
412 418
413 419
414 420
415 421
416 422
417 423
418 424
419 424
420 424
421 424
422 425
423 426
424 427
425 428
426 429
427 430
428 431
429 432
430 432
431 432
430 433
429 434
428 435
427 436
426 437
425 438
424 439
423 440
422 441
421 442
420 442
421 443
421 444
421 445
421 446
421 447
421 448
421 449
421 450
421 451
421 452
421 453
421 454
421 455
421 456
421 457
421 458
421 459
440 395
441 396
442 397
443 398
444 399
445 400
446 401
447 402
448 403
449 404
449 405
449 406
449 407
449 408
449 409
449 410
449 411
449 412
449 413
449 414
449 415
449 416
449 417
449 418
448 419
447 420
447 421
447 422
447 423
447 424
447 425
447 426
447 427
447 428
447 429
447 430
447 431
447 432
447 433
448 434
449 435
450 436
451 437
452 438
453 439
454 440
455 441
456 442
457 442
458 442
459 442
460 442
461 442
462 442
463 441
464 440
465 439
466 438
457 364
458 365
459 366
460 367
461 368
462 368
392 284
393 285
394 286
395 287
396 287
397 287
398 287
399 287
400 287
401 287
402 287
403 287
404 287
405 287
405 286
405 285
405 284
405 283
405 282
405 281
405 280
405 279
406 278
407 277
408 276
367 283
367 284
367 285
367 286
367 287
367 288
367 289
367 290
367 291
366 292
365 293
364 294
363 295
362 296
361 296
360 296
359 296
358 296
357 296
356 296
355 296
354 296
355 297
356 298
356 299
356 300
356 301
356 302
356 303
356 304
356 305
356 306
373 253
374 254
375 255
376 256
377 257
378 258
379 259
380 260
381 260
382 260
383 260
384 260
385 260
386 260
387 260
388 260
389 259
390 258
391 257
392 256
393 257
394 258
395 258
396 258
397 258
398 258
399 258
400 258
401 258
402 258
403 258
404 258
405 258
406 258
407 257
408 256
409 255
410 256
411 257
412 258
413 259
414 259
415 259
416 259
417 259
418 259
419 260
420 261
421 262
422 263
423 263
424 263
425 263
426 263
427 263
426 264
427 265
428 266
429 267
430 268
431 269
432 270
433 271
434 272
435 273
436 273
437 273
428 262
429 261
430 260
431 259
432 258
433 257
434 257
435 257
436 256
437 255
438 254
439 253
440 252
441 251
442 250
443 249
444 248
445 247
445 246
444 246
443 246
442 246
441 246
440 246
439 246
438 246
437 246
436 246
435 245
434 244
433 243
432 242
432 241
431 240
430 239
429 238
428 237
427 236
426 235
425 234
424 233
423 232
422 231
421 230
420 229
419 228
418 227
417 226
446 246
447 246
448 246
449 246
450 246
451 246
452 246
453 246
454 246
455 246
456 245
457 244
458 243
459 242
460 241
461 242
462 243
462 244
462 245
462 246
462 247
462 248
462 249
463 249
464 249
463 250
464 251
465 252
466 253
467 254
468 255
468 256
468 257
469 258
470 259
471 260
471 261
471 262
471 263
471 264
471 265
471 266
470 267
469 268
468 268
467 268
466 268
465 268
464 268
463 268
462 268
463 269
463 270
463 271
463 272
463 273
463 274
463 275
463 276
463 277
463 278
462 279
461 280
461 281
461 282
461 283
461 284
461 285
461 286
461 287
461 288
461 289
461 290
462 291
463 292
464 293
465 294
466 295
467 296
468 297
469 298
470 298
470 297
470 296
470 295
470 294
471 293
472 292
473 291
474 290
475 289
476 288
477 287
470 299
469 300
468 301
467 302
466 303
465 304
464 305
463 306
462 307
461 308
460 309
460 310
459 310
458 310
457 310
456 310
455 309
454 308
453 307
452 306
452 305
452 304
452 303
451 302
450 301
449 300
448 299
447 298
446 299
445 300
444 301
443 302
442 303
441 304
440 305
439 305
439 304
439 303
439 302
439 301
438 300
437 299
436 298
435 297
434 296
433 295
432 294
439 306
439 307
438 307
437 307
436 307
435 307
434 307
433 307
432 307
431 307
430 307
429 307
461 311
462 312
463 313
464 314
465 315
465 316
465 317
465 318
465 319
465 320
465 321
465 322
465 323
465 324
464 325
463 326
462 326
461 326
460 326
459 326
458 326
457 326
456 326
455 326
454 326
453 326
452 327
451 328
450 329
449 330
448 331
447 332
446 332
445 332
444 332
443 332
442 332
441 332
440 332
439 332
466 325
467 326
468 327
469 328
470 328
471 328
472 328
473 328
473 327
473 326
473 325
473 324
474 323
475 322
476 321
477 320
478 319
479 318
480 317
481 316
482 316
483 316
484 316
485 316
486 316
487 316
488 316
489 316
490 315
491 314
492 313
493 312
494 311
494 310
494 309
495 308
496 307
497 306
498 305
499 304
500 303
501 302
502 301
503 301
504 301
505 301
506 301
507 301
508 301
509 301
510 301
511 300
511 299
511 298
511 297
511 296
511 295
511 294
511 293
511 292
511 291
511 290
511 289
512 288
513 287
514 286
514 285
514 284
514 283
514 282
514 281
514 280
514 279
514 278
514 277
513 276
515 287
516 288
517 289
518 289
519 289
520 289
521 289
522 289
523 289
524 289
525 289
526 289
527 289
527 288
527 287
527 286
527 285
527 284
527 283
527 282
527 281
527 280
527 279
527 278
527 277
528 276
529 275
530 275
531 275
532 275
533 275
534 275
535 275
536 275
537 275
538 275
539 274
540 274
541 274
540 275
541 276
542 277
543 278
544 279
545 280
546 281
547 282
548 283
549 284
549 285
550 285
551 285
552 284
553 283
554 282
555 281
556 280
557 279
558 278
559 277
560 277
560 278
561 279
562 280
563 281
564 282
565 283
566 284
567 285
568 286
569 287
570 286
571 285
572 284
573 283
574 282
575 281
576 280
577 279
578 278
579 279
580 280
581 281
582 282
583 282
584 282
585 282
586 282
587 282
588 282
589 283
590 284
591 285
592 285
593 285
594 285
595 285
596 285
597 285
598 285
599 285
600 285
601 285
602 285
603 285
604 285
605 285
606 285
607 285
608 284
609 283
610 283
611 283
612 282
613 281
614 280
615 279
616 278
617 277
618 276
619 275
620 275
621 275
622 275
623 275
624 275
625 275
626 275
627 275
628 275
629 275
630 275
631 275
632 275
633 275
634 275
635 275
636 275
637 275
638 275
639 275
640 275
641 275
595 286
594 287
593 288
592 289
591 290
591 291
591 292
591 293
591 294
591 295
591 296
591 297
591 298
590 299
589 300
588 301
587 302
586 303
585 304
584 305
583 306
582 306
581 306
580 306
579 306
580 307
581 308
582 309
583 310
584 311
584 312
584 313
584 314
583 315
582 316
581 317
580 318
579 319
578 320
577 321
576 322
575 323
574 324
574 325
574 326
592 299
593 300
594 301
595 302
596 303
597 304
598 305
599 306
600 307
601 308
602 309
603 310
604 311
605 312
606 313
607 314
608 314
609 314
610 314
611 314
612 314
613 314
614 314
615 314
616 313
617 312
618 311
619 310
620 309
621 308
622 307
623 306
624 305
625 304
626 305
627 306
628 307
628 308
628 309
628 310
628 311
628 312
628 313
629 313
630 313
631 313
632 313
633 313
634 313
635 313
636 313
637 313
638 313
639 313
640 313
641 313
642 312
643 311
644 310
645 309
646 308
629 314
630 315
630 316
630 317
630 318
630 319
630 320
630 321
630 322
630 323
630 324
630 325
630 326
630 327
630 328
630 329
629 330
629 331
629 332
629 333
629 334
629 335
629 336
629 337
629 338
629 339
629 340
628 341
627 342
626 343
625 344
624 345
623 346
622 347
621 348
620 349
619 350
618 351
617 351
616 351
615 351
614 351
613 351
612 351
630 341
631 342
632 343
633 343
634 343
635 343
636 343
637 343
636 344
635 345
634 346
633 347
632 348
631 349
631 350
631 351
631 352
631 353
631 354
631 355
631 356
631 357
631 358
631 359
631 360
631 361
631 362
632 363
633 364
634 365
635 366
636 367
637 368
637 369
637 370
637 371
637 372
637 373
637 374
637 375
637 376
637 377
637 378
637 379
561 276
562 275
563 274
564 273
565 272
566 271
567 270
567 269
567 268
567 267
567 266
567 265
567 264
567 263
568 262
569 261
570 260
571 259
572 258
573 257
574 256
574 255
574 254
574 253
574 252
574 251
574 250
574 249
574 248
574 247
574 246
574 245
574 244
573 243
572 242
571 241
542 273
543 272
544 271
545 270
546 269
547 268
548 267
549 266
550 265
550 264
550 263
550 262
550 261
549 260
548 259
547 258
546 257
539 273
539 272
539 271
539 270
539 269
539 268
538 267
537 266
536 265
535 264
534 263
533 262
532 261
503 302
504 303
505 304
506 305
507 306
508 307
509 308
510 309
511 310
512 311
513 312
514 313
515 313
516 313
517 313
518 313
519 313
520 313
521 312
522 311
523 310
524 309
525 309
526 309
527 309
528 309
529 309
530 308
531 307
532 306
533 305
515 314
516 315
517 316
518 317
519 318
520 319
521 320
522 321
523 322
524 323
525 324
526 324
525 325
524 326
524 327
524 328
524 329
524 330
524 331
524 332
524 333
524 334
524 335
524 336
524 337
525 338
526 339
527 340
527 341
527 342
527 343
527 344
527 345
526 346
525 347
524 348
523 349
522 350
522 351
522 352
522 353
522 354
522 355
522 356
522 357
521 357
520 357
519 357
518 357
517 357
516 357
515 356
514 355
513 354
512 353
512 352
512 351
511 350
510 349
509 348
508 347
507 346
506 345
505 344
504 343
503 342
502 341
501 340
501 339
500 339
500 338
500 337
500 336
500 335
500 334
501 333
502 332
503 331
504 330
505 329
506 328
499 340
498 341
497 342
496 343
495 344
494 345
493 346
492 347
491 348
490 349
489 350
488 351
487 352
487 353
487 354
486 355
485 356
484 357
483 358
482 359
481 360
480 361
479 362
478 363
478 364
502 339
503 339
504 339
505 339
506 339
507 339
508 339
509 339
510 339
521 358
520 359
520 360
520 361
520 362
520 363
520 364
520 365
520 366
520 367
520 368
520 369
520 370
527 325
528 326
529 327
530 328
531 329
532 330
533 330
534 330
535 330
536 330
537 330
538 330
538 329
538 328
538 327
538 326
538 325
538 324
538 323
538 322
539 321
540 320
539 331
540 332
541 332
542 332
543 332
544 332
545 332
546 332
547 332
548 332
548 331
549 330
550 329
551 328
552 327
553 326
554 325
555 324
555 323
555 322
555 321
555 320
556 319
557 318
558 317
559 316
559 315
559 314
559 313
559 312
559 311
559 310
559 309
559 308
559 307
559 306
558 305
557 304
549 333
550 334
551 335
552 336
553 337
554 338
555 339
556 340
557 341
557 342
558 343
559 344
560 345
560 346
560 347
560 348
560 349
560 350
560 351
560 352
560 353
560 354
561 354
562 353
563 352
564 351
565 350
566 349
567 348
568 347
569 346
570 345
571 344
572 343
573 342
574 343
575 344
576 345
577 346
577 347
577 348
577 349
577 350
577 351
577 352
578 352
579 352
578 353
579 354
580 355
581 356
582 357
583 358
584 359
585 360
586 361
586 362
586 363
586 364
586 365
586 366
587 367
588 368
589 369
590 370
591 371
592 372
593 373
594 374
595 375
596 376
597 376
598 376
599 376
600 376
601 377
602 378
603 379
604 380
605 381
606 382
607 383
608 384
609 385
610 386
611 386
612 386
613 386
614 386
613 387
612 388
611 389
610 390
609 391
608 392
607 393
606 394
605 395
604 396
603 397
602 398
601 399
600 400
600 401
600 402
599 403
598 404
597 405
597 406
597 407
597 408
597 409
597 410
597 411
597 412
597 413
597 414
597 415
597 416
597 417
596 418
595 419
594 420
593 421
592 422
591 423
590 424
590 425
590 426
590 427
589 428
588 429
587 430
586 431
585 432
584 433
583 434
582 435
581 436
580 436
579 436
578 436
577 435
576 434
575 433
574 432
573 431
572 430
571 429
570 428
569 427
591 428
592 429
593 430
594 431
595 432
596 433
597 434
598 435
599 436
600 437
601 438
602 439
603 440
604 441
604 442
603 443
602 444
601 445
600 446
599 447
598 447
597 447
589 423
588 422
587 421
586 420
585 419
584 418
583 417
582 416
581 415
580 414
579 413
579 412
579 411
579 410
579 409
579 408
579 407
579 406
579 405
579 404
579 403
580 402
581 401
582 400
582 399
582 398
582 397
582 396
582 395
582 394
582 393
582 392
582 391
582 390
582 389
583 388
584 387
615 387
616 388
617 389
618 390
619 391
619 392
619 393
619 394
619 395
619 396
619 397
619 398
619 399
619 400
619 401
619 402
619 403
619 404
620 404
621 404
622 404
623 404
624 404
625 404
626 404
627 404
628 404
629 404
630 404
631 404
632 404
633 404
634 404
635 404
636 404
637 404
638 404
639 404
640 405
640 406
640 407
640 408
640 409
640 410
640 411
640 412
640 413
640 414
640 415
640 416
619 405
619 406
619 407
619 408
619 409
619 410
619 411
619 412
619 413
619 414
619 415
619 416
619 417
580 351
581 350
582 349
583 348
584 347
585 346
586 345
587 344
588 343
589 342
590 341
591 340
559 355
558 356
557 356
556 356
555 356
554 356
553 356
552 356
551 356
550 356
549 355
548 354
547 353
546 352
545 351
544 350
543 349
542 348
541 347
540 346
551 357
550 358
549 359
548 360
547 360
546 360
545 360
544 360
543 360
542 360
541 360
540 360
539 360
538 361
537 362
536 363
535 364
535 365
535 366
535 367
535 368
535 369
535 370
535 371
540 361
541 362
542 363
543 364
544 365
545 366
546 367
547 368
548 369
548 370
549 371
550 372
551 373
552 374
553 375
553 376
553 377
554 378
555 379
556 380
556 381
556 382
556 383
556 384
556 385
556 386
556 387
556 388
556 389
556 390
555 391
554 391
553 391
552 391
551 391
550 391
549 391
548 391
547 392
546 393
545 394
544 395
543 396
542 397
541 398
540 398
539 398
538 398
537 398
536 398
535 398
534 398
533 398
532 398
531 398
530 397
529 396
528 395
527 394
526 393
525 392
524 392
523 392
522 392
521 392
520 391
519 390
518 389
517 388
516 387
515 386
514 385
513 384
512 385
511 386
510 387
509 388
508 388
507 388
506 388
524 393
523 394
522 395
521 396
520 397
519 398
518 399
517 400
516 401
515 402
514 403
513 404
512 405
511 406
511 407
512 408
513 409
514 410
515 411
516 412
516 413
516 414
516 415
516 416
515 417
514 418
513 419
512 420
511 420
510 420
509 420
508 420
507 419
506 418
505 417
504 416
503 415
502 414
501 413
500 412
499 411
498 410
497 409
496 408
496 407
495 406
494 405
493 404
492 403
491 402
490 401
489 400
488 399
487 398
486 397
485 396
484 395
484 394
483 394
483 393
483 392
483 391
483 390
483 389
482 388
481 387
480 386
479 385
478 384
482 395
481 396
480 397
479 398
478 399
477 399
476 399
475 399
474 399
473 399
485 394
486 394
487 394
488 393
489 392
490 391
495 409
494 410
493 411
492 412
491 413
490 414
489 415
488 415
487 415
486 415
485 415
484 415
483 415
482 415
481 415
480 416
479 416
478 416
477 416
476 416
475 416
474 416
473 416
472 416
471 416
470 416
469 416
468 416
467 416
466 416
465 416
507 421
506 422
505 423
504 424
503 425
502 426
501 427
500 428
499 429
498 430
497 431
496 432
495 433
494 434
493 435
492 436
491 436
490 436
489 436
488 436
517 417
518 418
519 419
520 420
521 421
521 422
521 423
521 424
521 425
521 426
521 427
521 428
521 429
520 430
519 431
518 432
517 433
516 434
515 435
514 435
513 435
512 436
511 437
510 438
510 439
510 440
510 441
510 442
510 443
510 444
522 430
522 431
522 432
522 433
522 434
522 435
522 436
522 437
537 399
538 400
539 401
540 402
541 403
541 404
541 405
541 406
541 407
542 408
543 409
544 410
545 411
546 412
547 413
548 414
549 415
549 416
549 417
548 418
547 419
546 419
545 419
544 419
543 419
542 419
541 419
540 419
539 419
540 420
541 421
541 422
541 423
541 424
541 425
541 426
541 427
541 428
541 429
541 430
541 431
541 432
541 433
541 434
541 435
542 436
543 437
544 438
545 439
545 440
545 441
545 442
545 443
545 444
482 317
483 318
484 319
485 320
485 321
485 322
485 323
485 324
472 267
473 268
474 269
475 270
476 270
477 270
478 270
479 270
480 271
481 272
482 273
483 274
484 275
485 276
486 277
487 277
488 277
489 277
490 277
491 277
492 277
465 248
466 247
467 246
468 245
469 244
470 243
471 242
472 241
473 240
319 265
318 266
317 267
317 268
317 269
317 270
317 271
317 272
317 273
317 274
317 275
317 276
317 277
317 278
316 278
315 278
314 278
313 278
312 278
311 278
310 278
309 278
308 278
307 277
306 276
305 275
304 276
303 277
302 278
301 279
300 280
299 281
298 282
297 283
296 284
295 284
294 284
294 283
294 282
294 281
294 280
294 279
294 278
293 277
292 276
291 275
290 274
289 273
288 272
287 272
286 271
285 270
284 269
283 268
282 267
281 266
280 265
279 264
278 263
277 262
276 262
275 262
274 262
273 262
272 261
271 260
270 259
269 258
268 257
267 256
266 255
265 254
264 253
263 252
276 263
275 264
274 265
273 266
272 267
271 268
270 268
269 268
293 285
293 286
293 287
293 288
293 289
293 290
293 291
293 292
293 293
293 294
293 295
293 296
293 297
293 298
292 299
291 300
290 301
289 302
288 303
287 304
286 304
285 304
284 304
283 304
282 304
281 304
280 304
279 304
278 304
277 304
276 304
275 304
274 304
273 304
272 304
271 304
270 304
269 304
268 304
267 304
266 304
265 303
264 302
263 301
262 301
261 301
260 301
259 301
258 301
257 301
256 300
255 299
254 298
253 297
253 296
252 296
251 296
250 296
249 296
248 296
247 296
246 296
245 296
244 295
243 294
242 295
241 295
240 295
239 295
238 295
237 295
236 295
235 295
234 295
233 295
232 295
231 295
230 295
229 295
228 295
227 295
226 295
225 295
224 294
223 293
222 292
221 291
220 290
219 289
218 290
217 291
216 292
215 293
214 294
213 295
212 296
211 297
210 298
209 299
208 300
207 301
206 302
205 302
204 302
203 302
202 301
201 300
200 299
199 298
198 297
198 296
197 296
197 295
197 294
197 293
197 292
197 291
197 290
197 289
197 288
196 287
196 286
196 285
196 284
196 283
196 282
196 281
196 280
196 279
196 278
197 277
198 276
198 275
197 275
196 275
195 275
194 275
193 275
192 275
191 275
190 275
189 274
188 273
187 272
186 272
185 272
184 272
183 272
182 272
181 271
180 270
179 269
178 270
177 271
176 272
175 273
174 274
173 275
172 276
171 277
170 278
170 279
169 280
168 281
167 282
166 282
165 282
164 282
163 282
162 282
161 282
161 281
161 280
161 279
161 278
161 277
161 276
161 275
161 274
160 273
159 272
159 271
159 270
159 269
159 268
159 267
159 266
159 265
159 264
159 263
159 262
160 261
160 260
160 259
160 258
160 257
159 256
158 255
157 254
156 253
155 252
154 251
153 250
152 249
151 248
150 247
158 273
157 274
156 275
155 276
154 277
153 278
152 279
151 279
150 279
149 279
148 279
147 279
146 278
145 277
144 276
143 275
142 274
141 273
140 272
139 271
138 270
137 269
136 268
135 267
134 266
133 267
132 267
131 267
130 267
129 267
128 267
127 267
126 267
126 266
126 265
126 264
126 263
126 262
126 261
126 260
125 259
124 258
123 258
122 258
121 258
120 258
119 258
118 258
117 258
116 258
115 258
114 257
113 256
112 256
111 256
110 256
109 256
108 256
107 255
106 254
105 253
105 252
104 252
104 251
104 250
104 249
104 248
104 247
103 246
102 245
101 244
100 243
99 242
98 241
97 240
96 241
95 242
94 243
93 244
92 245
91 245
90 245
89 245
88 245
87 245
86 245
85 245
84 245
83 245
82 244
81 243
80 242
79 241
91 246
90 247
90 248
90 249
90 250
90 251
90 252
90 253
90 254
89 255
88 256
87 257
86 258
85 259
84 260
83 261
82 262
81 262
80 262
79 262
78 262
77 262
76 262
75 263
74 264
73 265
72 266
71 267
70 268
69 268
68 268
68 267
68 266
68 265
68 264
67 263
66 262
65 261
64 260
63 259
62 258
62 257
62 256
61 255
60 254
59 253
58 252
57 251
56 250
55 249
54 248
53 247
53 246
53 245
53 244
53 243
53 242
53 241
53 240
53 239
53 238
54 237
55 236
56 235
56 234
56 233
56 232
56 231
56 230
56 229
56 228
56 227
56 226
56 225
57 224
58 223
59 222
60 221
61 221
62 220
63 219
64 218
65 217
66 216
67 215
67 214
67 213
67 212
66 211
65 210
64 209
63 208
62 207
61 206
60 205
59 204
59 203
58 203
57 204
56 205
55 206
54 207
53 208
52 209
51 210
50 211
49 211
48 211
47 211
46 211
45 212
44 212
43 212
42 212
41 212
40 212
39 212
38 212
60 202
61 201
62 200
63 199
64 198
65 197
66 196
66 195
65 195
64 195
63 195
62 195
61 194
60 193
59 192
58 191
57 190
56 189
55 188
54 187
53 186
53 185
53 184
53 183
53 182
53 181
53 180
53 179
52 178
51 177
67 195
67 194
67 193
67 192
67 191
67 190
67 189
67 188
68 187
69 186
69 185
69 184
69 183
69 182
69 181
69 180
69 179
69 178
69 177
70 177
71 177
72 177
73 176
74 175
75 174
76 173
77 172
78 171
79 170
80 169
81 168
81 167
80 167
79 167
78 167
77 166
76 165
75 164
74 163
73 162
73 161
74 160
75 159
76 158
77 157
78 156
79 155
80 154
81 153
82 152
82 151
82 150
82 149
82 148
82 147
82 146
81 145
80 144
79 143
78 142
77 141
76 140
75 139
74 138
73 139
72 140
71 141
70 142
69 143
68 144
67 145
66 145
65 145
64 145
63 145
62 145
62 144
62 143
62 142
61 141
60 140
59 139
58 138
57 137
56 136
55 137
54 138
53 139
52 140
51 141
50 142
49 143
48 144
47 145
46 146
45 147
44 148
43 149
42 150
41 150
40 150
39 150
38 150
37 151
36 152
35 153
34 154
33 155
32 156
31 157
30 158
29 159
28 160
27 161
26 162
25 163
24 164
23 165
23 166
23 167
23 168
23 169
23 170
23 171
23 172
23 173
22 174
21 175
20 176
19 177
18 178
17 179
16 180
15 181
14 182
14 183
13 184
13 185
13 186
13 187
13 188
13 189
13 190
13 191
13 192
13 193
13 194
13 195
13 196
13 197
13 198
13 199
13 200
13 201
13 202
13 203
13 204
13 205
13 206
83 153
84 153
85 153
86 153
87 153
88 153
89 153
90 153
91 153
92 153
92 152
92 151
92 150
93 149
93 148
93 147
93 146
94 146
93 145
93 144
92 143
91 142
90 141
89 140
88 139
95 145
96 144
97 143
98 142
99 141
100 140
101 139
102 138
103 138
104 138
103 139
104 140
105 141
106 142
106 143
106 144
106 145
106 146
105 147
105 148
105 149
105 150
105 151
105 152
105 153
105 154
105 155
105 137
106 136
107 135
108 134
109 133
109 132
108 132
107 132
106 132
105 132
104 131
103 130
102 129
110 132
110 131
110 130
110 129
111 128
112 127
113 126
114 125
115 124
115 123
115 122
115 121
115 120
115 119
116 119
115 118
114 117
113 116
112 115
111 114
110 113
110 112
110 111
110 110
109 109
108 108
107 107
106 106
105 105
104 104
117 118
118 117
119 116
120 115
121 114
122 114
123 113
124 112
125 111
126 110
127 109
128 108
129 107
130 106
116 125
117 126
118 127
119 128
120 129
121 129
122 129
123 129
124 129
125 129
126 129
82 167
83 168
84 169
85 170
86 171
87 172
88 173
89 174
90 175
91 176
92 177
93 178
94 178
95 178
96 178
97 178
98 178
99 178
100 178
101 178
102 177
103 176
104 177
105 178
106 179
107 179
108 179
109 179
110 179
111 179
112 179
113 179
113 178
113 177
113 176
113 175
113 174
113 173
114 172
115 171
116 170
117 169
118 168
118 167
119 166
120 165
121 164
122 163
123 162
124 161
125 160
126 159
127 158
127 157
126 157
125 157
124 157
123 157
122 157
121 156
120 155
119 154
128 157
129 157
130 156
131 155
132 154
133 153
134 152
135 151
136 150
137 150
138 150
139 150
140 149
141 148
142 147
143 146
144 145
145 144
146 143
147 142
148 142
149 142
150 142
151 142
152 142
153 142
154 142
155 142
156 141
157 140
158 139
159 138
160 137
161 136
162 135
163 134
164 133
165 133
166 133
167 133
168 133
169 133
170 133
171 133
172 133
173 133
174 132
175 131
176 130
177 129
178 128
179 128
180 128
181 128
182 127
183 126
184 125
185 124
186 123
187 122
187 121
186 121
185 121
184 121
183 121
182 121
181 120
180 119
179 118
178 117
188 121
188 120
188 119
188 118
188 117
188 116
188 115
189 114
190 113
191 112
192 111
193 110
194 109
195 108
196 107
197 107
198 107
199 107
200 107
201 107
202 107
203 107
204 107
205 107
206 107
207 107
208 107
209 107
210 107
211 107
212 107
213 107
214 106
215 105
216 104
217 103
218 102
219 101
207 108
208 109
209 110
210 111
211 112
212 113
213 114
214 115
215 116
216 117
216 118
216 119
216 120
179 129
180 130
181 131
182 132
183 133
184 134
184 135
184 136
184 137
184 138
184 139
185 140
186 140
187 140
188 140
189 140
190 140
191 140
192 140
193 140
194 140
195 140
196 140
197 140
198 140
164 132
164 131
164 130
164 129
164 128
164 127
164 126
164 125
163 124
162 123
161 122
161 121
161 120
161 119
161 118
161 117
161 116
161 115
161 114
161 113
161 112
161 111
162 110
162 109
162 108
162 107
163 107
164 106
165 105
166 104
167 103
168 102
161 106
160 105
159 104
158 103
157 102
156 103
155 104
154 105
153 106
152 107
151 108
150 108
149 108
148 108
119 169
120 169
121 169
122 169
123 169
124 169
125 169
126 169
127 169
128 169
129 169
130 169
131 169
132 169
133 169
134 169
135 169
136 169
137 169
138 169
139 169
140 168
141 167
142 167
143 167
144 167
145 167
146 166
147 165
148 164
149 163
150 162
151 161
152 160
142 168
143 169
144 170
145 171
146 172
147 173
148 174
149 175
150 176
150 177
114 180
115 181
116 182
117 183
118 184
119 185
120 185
121 185
122 185
123 185
124 185
125 185
68 196
69 197
70 198
71 199
72 200
73 201
74 201
75 201
76 201
77 201
78 201
79 200
80 199
81 198
82 197
83 196
84 195
85 194
68 216
69 217
70 218
71 219
72 220
73 221
74 222
75 223
76 223
77 223
67 269
66 270
65 271
64 272
63 273
62 273
61 273
60 273
59 273
58 273
57 273
69 269
70 270
71 271
71 272
71 273
71 274
72 275
73 276
74 277
75 277
76 277
77 277
78 277
79 277
80 277
81 277
82 277
83 276
84 275
85 274
86 273
87 272
106 252
107 251
108 250
109 249
110 248
111 247
112 246
112 245
112 244
112 243
112 242
112 241
112 240
112 239
112 238
112 237
112 236
112 235
113 234
114 233
115 232
115 231
115 230
115 229
115 228
115 227
115 226
115 225
115 224
115 223
114 222
113 222
112 222
111 222
110 222
109 222
108 221
107 220
106 219
105 219
104 219
103 219
102 219
101 219
100 219
99 219
98 218
97 217
97 216
97 215
97 214
97 213
97 212
97 211
98 210
99 209
100 208
114 221
114 220
114 219
114 218
114 217
114 216
114 215
115 214
116 213
117 212
118 211
119 210
120 209
121 208
122 207
123 206
124 205
125 204
126 203
127 204
128 205
129 206
130 207
131 208
132 209
133 210
134 211
135 212
136 213
137 214
138 215
139 216
140 216
140 215
140 214
140 213
140 212
140 211
141 210
142 209
143 208
144 207
144 206
144 205
144 204
144 203
144 202
144 201
144 200
144 199
145 198
145 208
146 209
147 210
148 210
149 210
150 210
151 210
152 210
153 210
154 210
155 210
156 210
157 210
158 210
159 210
160 210
161 210
162 210
163 209
164 208
165 207
166 207
167 207
168 207
169 207
170 207
171 206
172 205
171 204
170 203
169 202
168 201
167 200
166 199
165 198
164 197
163 196
162 195
161 194
161 193
161 192
161 191
161 190
161 189
162 188
163 187
164 186
165 185
166 184
167 183
168 183
169 183
170 183
171 183
172 182
173 181
174 180
175 179
176 178
177 177
178 176
179 175
179 174
179 173
178 172
177 171
176 170
175 169
174 168
173 167
172 166
171 165
170 164
169 163
168 162
168 161
168 160
168 159
168 158
168 157
168 156
168 155
168 154
167 153
166 208
167 209
168 210
169 211
170 212
171 213
172 214
173 215
173 216
173 217
173 218
173 219
173 220
174 220
175 220
176 220
177 220
178 220
179 220
180 220
181 220
182 219
183 218
184 217
185 216
186 215
187 214
188 213
189 212
190 211
191 210
192 209
193 208
194 207
195 206
195 205
195 204
195 203
195 202
194 202
193 201
192 200
191 199
190 198
189 197
188 196
187 195
195 201
195 200
195 199
196 198
197 197
198 196
199 196
200 196
201 196
202 196
203 196
204 196
205 196
206 195
206 194
206 193
206 192
206 191
206 190
206 189
206 188
206 187
206 186
206 185
206 184
206 183
206 182
205 181
204 180
204 179
204 178
204 177
204 176
204 175
204 174
203 173
202 172
201 171
200 170
199 169
198 168
197 168
196 168
195 168
194 168
193 168
192 167
191 166
190 165
189 164
188 163
187 162
186 161
185 160
184 159
198 167
198 166
198 165
198 164
198 163
198 162
198 161
198 160
184 219
185 220
186 221
187 222
188 223
189 224
190 225
191 226
192 227
192 228
193 229
194 230
195 231
196 232
197 233
198 234
199 235
200 235
193 226
194 225
195 224
196 223
197 222
198 221
199 220
200 221
201 221
202 221
203 221
204 221
205 221
206 221
207 221
208 221
209 221
210 221
211 221
212 221
213 221
214 221
215 221
216 221
217 221
218 220
219 219
220 218
221 217
222 216
223 215
224 214
224 213
225 212
226 211
227 210
228 209
229 208
230 207
231 206
232 205
233 204
234 203
235 202
236 201
237 200
238 199
238 198
237 198
236 197
235 196
234 195
233 194
232 193
231 192
230 191
229 190
228 189
227 190
226 191
225 192
224 193
223 194
223 195
223 196
223 197
223 198
238 197
238 196
238 195
238 194
238 193
238 192
238 191
238 190
239 189
239 188
239 187
239 186
239 185
239 184
239 183
239 182
240 181
241 180
241 179
240 179
239 179
242 179
239 200
240 201
241 202
241 203
241 204
241 205
241 206
241 207
225 215
226 216
227 217
228 218
229 219
230 220
231 221
232 222
232 223
232 224
232 225
232 226
232 227
232 228
233 228
234 228
235 228
236 228
237 228
238 228
239 228
240 228
241 228
242 228
243 228
244 228
245 227
246 226
247 226
248 226
249 226
250 226
251 226
252 226
253 226
254 225
255 224
256 223
257 222
258 221
259 222
260 223
261 224
262 225
263 226
264 227
265 227
266 227
267 227
268 227
269 227
269 226
269 225
269 224
269 223
269 222
269 221
269 220
270 219
271 218
272 217
273 216
274 215
231 229
230 230
229 231
229 232
229 233
229 234
229 235
229 236
229 237
210 222
211 223
212 224
213 225
214 226
214 227
214 228
214 229
214 230
174 221
175 222
176 223
177 224
177 225
177 226
177 227
177 228
176 229
175 230
174 231
173 232
172 233
171 234
170 235
169 235
168 235
167 235
166 235
166 234
166 233
165 232
164 231
163 230
162 229
161 228
160 227
159 226
158 225
178 229
178 230
178 231
178 232
178 233
178 234
178 235
178 236
178 237
178 238
178 239
139 217
138 218
137 219
136 220
135 221
134 222
134 223
134 224
134 225
134 226
134 227
134 228
135 229
136 230
137 230
138 230
139 230
140 230
141 230
142 230
143 230
144 230
145 230
123 259
122 260
121 261
120 262
119 263
118 264
117 265
116 266
115 267
114 267
113 267
124 257
124 256
124 255
124 254
125 253
126 252
127 251
128 250
129 249
160 283
159 284
158 285
157 286
156 287
156 288
156 289
156 290
156 291
156 292
156 293
156 294
155 295
154 296
153 297
153 298
153 299
153 300
153 301
153 302
153 303
153 304
153 305
154 306
155 306
156 306
157 306
158 306
159 306
160 306
161 306
162 306
180 268
181 267
182 266
183 265
184 264
185 263
186 262
186 261
185 261
184 261
183 261
182 261
181 261
180 260
179 259
178 258
177 257
176 256
175 255
187 261
188 261
189 261
190 260
191 259
192 258
193 257
194 256
195 255
196 254
197 253
198 254
199 255
200 256
201 257
202 257
203 257
204 257
205 257
206 257
207 258
208 259
209 260
210 261
211 262
212 263
213 264
214 265
215 266
216 267
217 268
218 268
219 268
220 268
221 268
222 268
223 268
224 268
225 268
226 268
227 268
228 268
229 268
230 267
231 266
231 265
231 264
231 263
231 262
231 261
231 260
231 259
231 258
231 257
231 256
231 255
231 254
231 253
230 253
232 253
233 253
234 253
235 253
236 253
237 253
238 253
239 252
240 251
241 250
242 249
243 248
244 247
245 246
246 245
247 244
232 267
233 268
234 269
235 270
236 271
237 272
238 272
239 272
240 272
239 273
238 274
238 275
238 276
238 277
238 278
238 279
238 280
238 281
199 275
196 297
195 298
194 299
193 299
192 299
191 299
190 299
189 299
188 299
187 299
186 299
185 299
199 296
200 295
201 294
202 293
203 292
204 291
205 290
205 303
204 304
203 305
202 306
201 307
200 308
199 309
198 310
197 311
196 312
195 313
194 314
193 314
192 315
191 316
190 317
189 318
188 318
187 318
186 318
185 318
184 318
183 318
182 318
181 318
180 319
179 320
178 321
177 322
176 322
175 322
174 322
173 322
172 322
171 322
170 322
169 322
168 322
167 322
166 323
165 324
164 324
163 324
162 324
161 324
160 324
159 324
158 324
157 324
156 324
155 324
154 324
153 324
152 325
151 326
150 327
149 328
148 329
147 330
146 331
145 332
144 333
143 334
142 335
142 336
141 337
140 338
139 339
139 340
139 341
139 342
139 343
139 344
139 345
139 346
140 347
140 348
140 349
140 350
140 351
140 352
140 353
140 354
140 355
140 356
140 357
140 358
140 359
139 360
138 361
137 362
136 363
135 363
134 363
133 363
132 363
131 363
130 363
129 363
128 363
127 363
126 363
125 363
124 363
123 362
122 361
121 360
120 359
119 358
118 357
117 356
116 355
116 354
116 353
116 352
117 351
118 350
119 349
120 348
121 347
122 346
123 345
124 344
125 343
125 342
125 341
125 340
125 339
125 338
125 337
125 336
124 335
123 334
122 333
121 332
120 331
120 330
119 330
118 330
117 330
116 330
115 330
114 330
113 330
112 330
111 329
110 328
110 327
110 326
110 325
110 324
110 323
110 322
110 321
110 320
109 319
108 318
107 317
106 316
105 316
104 316
103 316
102 316
101 315
100 314
99 313
98 312
97 313
96 314
95 315
94 316
93 317
93 318
93 319
93 320
93 321
93 322
93 323
93 324
92 325
91 326
90 327
89 328
88 329
87 329
86 329
85 329
84 329
84 328
84 327
84 326
84 325
84 324
84 323
83 322
82 321
81 320
80 319
79 318
78 317
77 317
76 317
75 317
74 316
73 315
72 314
71 313
70 312
69 311
68 310
67 309
66 308
66 307
65 307
67 307
68 307
69 307
70 307
71 306
72 305
73 304
74 303
74 302
73 301
72 300
71 299
70 298
69 297
68 296
67 295
66 294
65 293
64 292
63 292
62 292
61 292
60 292
59 292
58 292
57 292
56 292
55 292
83 330
82 331
81 332
80 333
80 334
80 335
80 336
80 337
80 338
80 339
80 340
80 341
79 342
78 343
77 344
76 345
75 346
74 347
73 348
72 348
71 348
71 347
70 346
69 345
68 344
67 343
66 342
65 341
64 340
63 339
62 338
70 349
69 350
68 351
67 351
72 349
73 350
74 351
75 352
76 353
77 353
78 353
79 353
80 354
81 355
82 356
83 357
84 358
85 359
85 360
86 360
85 361
86 362
87 363
88 364
89 365
89 366
89 367
89 368
89 369
89 370
87 359
88 358
89 357
90 356
91 355
92 354
93 353
94 352
95 351
96 350
97 349
98 348
99 349
100 350
100 351
100 352
100 353
100 354
119 329
120 328
121 327
122 326
123 325
124 324
125 323
126 322
127 321
128 320
129 319
129 318
128 318
127 318
126 318
125 317
124 316
123 315
122 314
122 313
122 312
122 311
122 310
123 309
124 308
125 307
126 306
126 305
126 304
126 303
127 302
128 301
129 300
130 299
131 298
132 297
133 296
134 295
134 294
133 294
132 294
131 294
130 294
129 294
128 294
127 294
126 294
125 294
124 293
123 292
122 291
135 294
130 318
130 317
130 316
130 315
130 314
131 313
132 312
133 311
134 310
135 309
136 308
121 330
122 330
123 330
124 330
125 330
126 330
127 330
127 364
127 365
127 366
127 367
127 368
127 369
127 370
127 371
127 372
126 372
125 372
124 372
123 372
122 372
121 372
120 372
119 371
118 370
117 369
116 368
115 369
114 370
113 371
112 372
111 373
110 374
109 375
108 376
107 376
106 376
105 376
106 377
107 378
108 379
109 380
109 381
109 382
109 383
109 384
109 385
109 386
110 387
111 388
112 389
113 390
114 391
115 392
116 393
117 393
118 393
119 393
120 393
121 393
122 392
123 391
124 390
125 389
126 388
127 387
116 394
116 395
116 396
116 397
116 398
116 399
116 400
115 401
114 402
113 403
113 404
113 405
113 406
113 407
113 408
113 409
112 409
111 408
110 407
109 406
108 405
107 404
106 403
106 402
106 401
106 400
106 399
105 398
104 397
103 397
102 397
101 397
100 396
99 395
98 394
97 393
96 392
95 391
94 390
93 389
92 390
91 391
90 392
89 393
88 394
87 395
86 395
85 395
84 395
83 395
82 395
81 395
80 395
79 395
78 395
77 395
76 395
75 395
74 394
73 393
72 392
71 392
70 392
69 392
68 392
67 392
66 392
65 392
64 392
63 392
62 391
62 390
62 389
62 388
61 387
60 386
59 385
58 384
57 383
56 382
55 381
54 380
53 379
53 378
53 377
52 376
51 375
50 374
49 373
48 372
48 371
48 370
48 369
49 368
50 367
51 366
51 365
50 365
49 364
48 363
47 362
46 361
45 360
44 359
43 358
42 357
41 356
40 355
40 354
39 354
39 353
39 352
39 351
39 350
38 349
37 348
36 347
35 346
34 345
33 344
32 343
31 343
31 344
30 345
29 346
28 347
27 348
26 349
25 350
24 351
23 352
22 352
21 352
20 352
19 352
18 352
17 352
16 352
30 342
29 341
28 340
27 340
26 340
25 340
24 340
23 340
22 340
21 340
20 340
19 340
18 339
18 338
18 337
18 336
18 335
19 334
20 333
21 332
22 331
23 330
24 329
25 328
25 327
25 326
25 325
25 324
25 323
25 322
24 321
23 320
22 319
21 318
20 317
29 339
30 338
31 337
32 336
33 335
34 334
35 333
36 332
37 331
38 355
37 356
36 357
35 358
34 359
33 360
32 361
31 362
30 363
29 364
28 365
27 365
26 365
26 366
26 367
26 368
26 369
26 370
26 371
26 372
26 373
26 374
26 375
26 376
26 377
26 378
26 379
26 380
26 381
26 382
41 354
42 354
43 354
44 354
45 354
46 354
47 354
48 354
49 353
50 352
52 365
61 392
60 393
59 394
58 394
57 394
56 394
55 394
54 394
53 394
52 394
53 395
53 396
53 397
53 398
53 399
53 400
53 401
53 402
53 403
53 404
54 405
55 406
56 406
57 406
58 406
72 391
72 390
72 389
72 388
72 387
72 386
72 385
72 384
85 396
84 397
83 398
82 399
81 400
80 401
79 402
78 403
77 404
76 405
75 406
75 407
75 408
75 409
75 410
113 410
112 411
111 412
110 413
109 414
108 415
107 416
106 417
105 418
104 419
103 420
103 421
103 422
103 423
103 424
103 425
103 426
103 427
103 428
103 429
114 411
115 412
116 413
117 414
118 414
119 414
120 414
121 414
122 414
123 414
124 414
125 414
126 414
127 414
128 413
129 412
130 411
131 410
132 409
133 408
134 407
135 406
136 405
137 404
138 405
139 406
139 407
139 408
139 409
139 410
139 411
139 412
139 413
139 414
139 415
139 416
139 417
139 418
139 419
139 420
138 421
137 422
136 423
135 424
134 425
133 426
132 427
131 428
130 429
129 430
128 431
128 432
128 433
128 434
128 435
128 436
140 421
141 422
142 423
143 423
144 423
145 423
146 424
147 425
148 426
149 427
150 428
149 429
148 430
147 431
146 432
145 433
145 434
145 435
145 436
145 437
145 438
145 439
151 429
152 430
153 431
154 432
155 433
156 434
157 435
158 436
159 437
160 438
161 439
162 440
163 441
164 442
165 442
141 360
142 361
143 362
144 363
145 364
146 365
147 366
148 367
149 368
150 369
150 370
150 371
150 372
149 373
148 374
147 375
146 376
145 377
144 378
143 379
142 380
141 381
141 382
142 383
143 384
144 385
145 386
146 387
147 387
148 387
149 387
150 387
151 387
152 387
153 387
154 386
155 385
156 384
148 388
149 389
150 390
151 391
152 392
153 393
154 394
155 395
156 396
157 397
158 398
159 399
160 400
161 400
162 399
163 398
164 397
165 396
166 395
167 394
168 393
169 392
170 391
171 390
172 389
173 388
174 387
175 386
176 385
177 385
178 384
179 383
180 382
181 381
182 380
183 379
184 378
185 377
186 376
186 375
186 374
186 373
186 372
186 371
186 370
186 369
186 368
185 367
184 366
183 365
182 366
181 367
180 368
179 369
178 369
177 369
176 369
175 369
174 369
187 377
188 378
189 379
190 380
191 381
192 382
193 383
194 384
195 385
196 386
197 387
197 388
197 389
197 390
198 390
199 389
200 388
201 387
202 386
203 385
204 386
205 387
206 387
207 387
208 387
209 387
210 387
211 387
212 387
213 387
175 384
174 383
173 382
172 381
162 401
163 402
163 403
163 404
163 405
163 406
163 407
163 408
163 409
164 410
165 411
166 412
167 413
168 414
168 415
168 416
168 417
168 418
168 419
168 420
168 421
168 422
168 423
168 424
169 424
170 424
171 424
172 424
173 424
174 424
175 424
176 424
177 424
178 423
179 422
180 421
181 420
182 419
183 418
183 417
183 416
183 415
183 414
183 413
183 412
183 411
183 410
183 409
183 408
184 407
185 406
184 419
185 420
186 420
187 420
188 420
189 420
190 420
191 420
192 420
193 420
194 420
195 420
195 421
195 422
195 423
195 424
195 425
195 426
195 427
195 428
195 429
195 430
194 431
193 432
192 433
191 434
190 435
189 436
188 436
188 435
187 434
186 433
185 432
184 431
188 437
188 438
188 439
188 440
196 431
197 432
198 433
199 434
200 435
201 436
202 437
203 437
204 437
205 437
206 437
207 438
208 439
209 440
210 441
211 442
212 442
213 442
214 442
215 442
215 441
215 440
215 439
215 438
215 437
215 436
215 435
215 434
216 433
216 432
216 431
216 430
216 429
216 428
216 427
217 426
218 425
218 424
217 424
216 424
215 424
214 424
213 424
212 423
211 422
210 421
209 420
219 424
219 423
219 422
219 421
219 420
220 419
221 418
222 417
223 416
224 415
224 414
224 413
224 412
224 411
224 410
224 409
224 408
224 407
224 406
225 405
226 404
220 425
221 425
222 425
223 425
224 425
225 425
226 425
227 425
228 425
229 425
230 425
231 425
232 425
233 425
234 425
235 425
236 425
237 425
238 425
239 424
240 425
241 426
242 427
243 428
244 429
245 430
246 431
247 432
248 433
249 434
250 435
251 436
252 437
253 438
254 438
255 438
256 438
143 337
144 338
145 339
146 340
147 341
148 342
149 343
150 344
151 345
152 346
153 347
154 348
155 348
156 348
156 347
156 346
156 345
156 344
156 343
156 342
156 341
156 340
156 339
168 323
169 324
170 325
171 326
172 327
173 328
174 329
175 330
176 331
177 332
178 333
179 334
180 335
181 336
182 336
183 336
184 336
185 336
186 336
187 337
187 338
187 339
187 340
187 341
187 342
187 343
187 344
187 345
187 346
187 347
207 303
208 304
209 305
210 306
211 307
212 308
213 309
214 310
215 311
216 312
217 313
218 314
219 314
220 314
221 314
222 314
223 314
224 313
225 312
226 311
227 310
228 311
229 312
230 313
231 313
232 313
233 313
234 313
235 313
236 313
237 314
238 315
239 316
240 317
241 318
242 319
243 320
244 320
245 320
246 320
247 320
248 320
249 320
248 321
247 322
246 323
246 324
246 325
246 326
246 327
246 328
246 329
246 330
246 331
246 332
250 321
251 322
252 323
253 323
254 323
255 323
256 323
257 323
258 323
259 323
260 323
219 315
219 316
219 317
219 318
219 319
219 320
219 321
219 322
219 323
218 324
217 324
216 324
215 324
214 324
213 324
212 324
211 324
210 325
209 326
208 327
207 328
206 329
205 330
205 331
205 332
205 333
205 334
205 335
205 336
205 337
205 338
205 339
205 340
206 341
207 341
208 341
209 341
210 341
211 341
212 341
213 341
214 341
215 341
216 341
217 341
218 341
219 341
220 341
254 295
255 294
256 293
257 292
258 291
259 290
260 289
261 288
262 287
263 287
264 287
265 287
266 287
267 287
268 286
269 285
270 284
283 305
282 306
281 307
280 308
279 309
278 310
277 311
276 312
275 313
275 314
275 315
275 316
275 317
275 318
294 299
295 300
296 301
297 302
298 303
299 304
299 305
299 306
299 307
299 308
300 309
301 310
301 311
301 312
301 313
301 314
301 315
301 316
334 271
335 270
336 270
337 270
338 270
339 270
340 269
341 268
342 267
343 266
344 265
345 264
346 263
346 262
346 261
346 260
346 259
346 258
347 257
348 256
349 255
350 254
351 253
352 252
335 272
336 273
337 274
338 275
339 276
340 277
341 278
342 279
343 280
344 281
345 281
346 281
854
328 260
320 264
314 254
306 254
293 256
286 247
285 233
309 235
300 231
307 218
317 211
320 243
329 244
337 242
330 230
346 230
338 213
348 217
354 233
366 242
381 234
383 219
379 211
391 214
387 207
394 204
393 188
385 187
378 176
369 163
364 174
353 179
349 171
350 189
342 184
333 188
334 177
322 169
309 174
294 174
285 159
279 147
278 135
267 128
254 125
249 111
240 107
238 116
236 126
225 140
224 148
249 143
240 155
257 103
269 119
265 144
288 128
304 133
304 121
318 116
296 109
294 101
296 91
287 75
283 65
281 55
292 41
295 71
304 70
315 62
328 44
345 42
354 42
363 47
376 39
371 52
379 53
398 74
416 63
411 45
400 47
427 50
424 64
335 29
352 32
361 27
355 20
338 56
347 68
359 84
369 78
316 79
315 97
318 136
301 141
293 146
302 150
316 151
280 187
275 185
277 196
317 183
316 191
335 165
336 148
341 138
337 119
336 111
347 123
357 113
349 104
364 123
374 121
385 112
390 123
403 140
404 150
400 98
403 107
419 103
419 117
372 136
354 144
360 187
367 192
397 206
411 209
427 202
435 211
444 217
443 194
458 207
471 209
482 211
478 191
477 183
467 189
463 181
462 161
444 160
435 167
430 158
432 144
474 171
479 166
492 199
492 185
500 178
498 164
507 168
517 183
522 197
534 191
550 194
554 186
561 192
578 203
591 215
609 211
626 208
628 216
590 233
600 235
613 236
621 240
627 252
645 238
609 244
596 249
519 158
512 144
502 140
501 132
495 124
494 113
494 105
480 115
473 102
465 123
458 136
449 121
439 101
472 131
475 136
482 144
506 107
520 102
511 117
525 136
527 132
532 134
541 131
544 116
559 110
576 106
589 106
600 101
591 121
586 130
579 139
591 146
597 159
613 151
618 144
631 128
628 149
642 161
650 161
633 177
628 187
584 168
593 184
605 187
541 105
537 143
542 140
548 150
553 160
497 208
506 200
496 224
494 234
507 249
521 236
537 224
542 210
555 218
554 232
529 242
496 258
504 228
411 194
410 186
394 225
372 252
369 263
361 272
368 282
378 279
389 274
391 283
390 291
398 303
405 315
396 318
382 318
380 310
367 324
354 335
352 324
339 322
331 318
320 312
332 304
330 294
317 329
309 335
301 341
299 349
286 345
276 337
309 352
308 361
301 371
285 384
276 377
274 386
262 382
257 394
247 395
243 406
247 385
234 374
223 366
216 365
241 363
242 355
251 358
283 403
265 367
269 357
284 369
321 351
317 360
321 373
316 387
304 392
308 404
335 379
337 390
348 394
355 386
366 381
376 379
379 368
346 405
327 338
353 346
361 349
356 358
354 366
414 320
424 324
409 337
397 334
397 349
410 362
414 359
422 348
428 358
434 348
448 350
459 354
456 363
442 378
442 386
439 394
426 395
417 390
410 378
398 392
424 383
413 407
409 415
404 423
395 427
382 420
373 410
390 409
375 431
369 438
363 449
348 455
334 464
337 473
347 469
337 482
327 486
318 477
310 477
315 486
305 491
296 493
288 478
316 466
302 461
319 452
307 437
298 431
291 424
281 424
280 437
295 445
286 460
321 433
329 433
339 430
349 423
314 421
326 421
329 412
346 490
355 488
362 477
376 464
388 477
400 471
404 457
420 482
420 500
398 485
371 505
359 522
332 511
393 435
405 434
421 424
431 432
420 442
421 459
449 405
449 418
447 433
456 442
466 438
462 368
405 287
408 276
367 291
354 296
356 306
384 260
392 256
400 258
409 255
418 259
425 263
437 273
433 257
432 242
417 226
446 246
460 241
462 249
468 257
471 266
462 268
463 278
461 290
477 287
470 299
460 310
452 306
447 298
432 294
439 307
429 307
465 324
453 326
439 332
473 328
481 316
494 311
502 301
511 300
514 286
513 276
527 289
529 275
539 274
549 285
559 277
569 287
578 278
588 282
596 285
609 283
619 275
641 275
591 298
579 306
584 314
574 326
610 314
625 304
628 313
646 308
630 329
629 340
612 351
637 343
631 350
631 362
637 379
567 270
574 256
571 241
550 265
546 257
532 261
514 313
524 309
533 305
526 324
524 337
527 345
522 357
512 353
500 339
506 328
487 354
478 364
510 339
520 370
538 330
540 320
548 332
555 324
559 316
557 304
557 342
560 354
573 342
577 352
586 366
600 376
614 386
600 402
597 417
590 427
578 436
569 427
604 442
597 447
579 413
582 400
584 387
619 404
639 404
640 416
619 417
591 340
552 356
540 346
539 360
535 371
548 370
553 377
556 390
548 391
536 398
525 392
513 384
506 388
511 407
516 416
508 420
496 408
483 394
478 384
473 399
490 391
481 415
465 416
488 436
521 429
513 435
510 444
522 437
541 407
549 417
539 419
541 435
545 444
485 324
479 270
492 277
473 240
317 278
305 275
294 284
288 272
277 262
263 252
269 268
293 298
284 304
271 304
263 301
252 296
243 294
231 295
219 289
206 302
197 296
196 287
187 272
179 269
170 279
161 282
159 272
160 261
150 247
148 279
134 266
126 267
124 258
113 256
104 252
97 240
92 245
79 241
90 254
76 262
68 268
62 258
53 247
56 235
60 221
67 215
58 203
46 211
38 212
53 186
51 177
67 195
69 186
69 177
73 162
82 152
74 138
62 145
56 136
38 150
23 173
14 183
13 206
92 153
93 149
88 139
102 138
106 146
105 155
102 129
110 132
115 124
110 113
104 104
121 114
130 106
126 129
82 167
93 178
103 176
113 179
118 168
119 154
128 157
136 150
147 142
164 133
178 128
178 117
188 121
196 107
206 107
219 101
216 120
184 139
198 140
161 122
162 110
168 102
157 102
148 108
129 169
141 167
152 160
150 177
125 185
74 201
85 194
77 223
57 273
71 274
78 277
87 272
112 246
115 232
114 222
106 219
97 217
100 208
118 211
126 203
140 216
144 207
145 198
153 210
165 207
172 205
161 194
167 183
179 175
168 162
167 153
173 220
183 218
195 206
187 195
198 196
206 195
204 180
198 168
184 159
198 160
192 228
200 235
199 220
209 221
224 214
238 199
228 189
223 198
239 189
239 179
242 179
241 207
232 228
246 226
258 221
269 227
274 215
229 237
214 230
177 228
166 235
158 225
178 239
134 228
145 230
113 267
129 249
156 294
153 305
162 306
175 255
187 261
197 253
206 257
218 268
231 266
230 253
238 253
247 244
240 272
238 281
199 275
185 299
205 290
193 314
181 318
167 322
153 324
142 336
139 346
140 359
128 363
116 355
125 343
119 330
110 328
106 316
98 312
93 324
84 329
78 317
65 307
74 303
64 292
55 292
80 341
71 348
62 338
67 351
79 353
85 361
89 370
98 348
100 354
122 314
126 306
122 291
135 294
130 318
136 308
127 330
127 372
116 368
105 376
109 386
117 393
127 387
116 400
106 403
104 397
93 389
86 395
72 392
62 391
53 379
48 372
39 354
32 343
26 349
16 352
28 340
18 339
25 328
20 317
37 331
26 365
26 382
50 352
52 365
52 394
53 404
58 406
72 384
75 410
113 410
103 429
122 414
137 404
139 420
128 436
145 423
150 428
145 439
165 442
150 372
141 382
147 387
156 384
161 400
176 385
186 376
183 365
174 369
197 390
203 385
213 387
172 381
163 409
168 424
183 418
185 406
195 420
195 430
184 431
188 440
206 437
215 442
216 433
209 420
219 424
224 415
226 404
227 425
239 424
256 438
156 348
156 339
178 333
186 336
187 347
218 314
227 310
236 313
249 320
246 332
260 323
219 323
211 324
205 340
220 341
262 287
270 284
275 318
299 308
301 316
346 263
352 252
346 281
