9361
333 269
333 271
333 272
333 273
333 274
333 275
333 276
333 277
333 278
333 279
332 280
331 281
330 282
329 282
328 282
327 282
326 282
325 282
324 282
323 283
322 284
321 285
320 286
319 286
318 286
317 286
316 286
315 286
314 286
313 286
313 287
313 288
313 289
313 290
313 291
313 292
313 293
313 294
334 280
335 281
336 282
337 283
338 284
339 285
340 286
340 287
340 288
340 289
340 290
340 291
340 292
341 292
342 292
343 292
344 292
345 292
346 292
347 292
348 292
349 291
350 290
351 289
352 288
353 287
354 287
355 287
356 287
357 287
358 287
359 287
360 286
361 285
362 284
362 283
362 282
362 281
362 280
362 279
361 279
360 278
359 277
358 276
357 275
356 274
355 273
362 278
362 277
363 276
364 275
365 274
366 273
367 273
368 273
369 273
370 273
371 273
372 273
373 273
374 273
375 273
376 273
377 272
378 271
379 270
380 269
381 268
382 267
383 266
384 265
385 264
386 265
387 266
388 267
389 268
389 269
389 270
389 271
389 272
339 293
339 294
339 295
339 296
339 297
339 298
339 299
339 300
339 301
339 302
339 303
339 304
339 305
339 306
338 307
337 308
336 309
335 310
334 311
333 312
332 313
332 314
332 315
332 316
332 317
332 318
332 319
331 319
330 319
329 319
328 318
327 317
326 316
325 315
324 314
323 313
322 312
321 311
320 310
319 309
333 320
334 321
335 322
336 323
337 324
338 325
339 326
340 327
341 328
342 329
343 329
344 329
344 330
345 330
344 331
344 332
344 333
344 334
344 335
344 336
344 337
344 338
344 339
344 340
344 341
344 342
344 343
343 344
342 345
341 346
340 347
339 348
338 349
337 350
336 351
335 352
334 353
333 354
332 355
331 356
330 356
330 355
329 354
328 353
327 352
326 351
325 350
324 349
323 348
322 347
321 346
320 345
320 344
319 344
318 344
317 344
316 343
315 342
314 341
313 340
312 339
311 338
310 337
309 336
308 336
307 336
306 336
305 336
304 336
303 336
302 336
301 336
300 336
299 336
298 336
297 336
296 336
295 336
294 336
293 336
292 336
291 336
290 336
289 335
288 334
287 333
286 332
285 331
285 330
284 330
283 330
282 330
281 330
280 330
279 330
278 330
277 330
276 330
275 330
274 330
273 330
272 330
271 330
270 330
269 330
268 330
267 330
266 329
265 328
264 327
263 327
262 327
261 327
260 327
259 327
258 327
257 327
256 327
255 327
254 327
253 327
252 327
251 326
250 327
249 328
248 329
247 330
246 331
245 332
244 333
243 334
242 335
242 336
242 337
242 338
241 338
240 338
239 338
238 338
237 338
236 338
235 338
234 338
233 337
232 336
231 335
230 334
229 333
228 334
227 335
226 336
225 336
224 336
223 336
222 336
221 336
220 336
219 336
218 336
217 336
216 336
241 339
240 340
239 341
238 342
237 343
236 344
236 345
236 346
235 347
235 348
235 349
235 350
235 351
235 352
235 353
235 354
235 355
234 356
233 357
232 358
231 359
230 360
229 360
228 360
227 360
226 360
225 360
224 360
223 359
222 358
221 357
220 356
219 355
218 354
217 353
216 352
215 351
214 352
214 353
214 354
214 355
214 356
214 357
214 358
214 359
214 360
214 361
213 362
212 363
211 363
210 363
209 363
208 363
207 363
206 363
205 363
204 363
203 364
202 365
201 366
200 367
199 368
198 369
197 370
196 370
196 369
196 368
196 367
196 366
195 365
194 364
193 363
192 362
191 361
190 360
191 359
192 358
193 357
194 356
195 355
196 354
197 353
198 352
199 351
200 350
201 349
202 348
202 347
202 346
202 345
202 344
202 343
202 342
201 341
200 340
200 339
200 338
200 337
200 336
200 335
200 334
200 333
200 332
200 331
201 330
201 329
200 329
199 329
198 329
197 329
196 329
195 329
194 329
194 328
194 327
193 326
192 325
191 324
190 323
189 322
188 321
187 320
186 319
185 318
184 317
184 316
184 315
184 314
184 313
184 312
184 311
183 310
182 309
181 308
180 307
179 306
178 305
177 304
177 303
176 303
175 303
174 303
173 303
172 303
171 302
170 301
169 300
168 299
167 299
166 299
165 299
164 299
163 298
162 297
161 296
160 295
160 294
160 293
160 292
160 291
160 290
160 289
160 288
160 287
159 286
158 287
157 288
156 289
155 290
154 291
153 292
152 293
151 293
150 293
149 293
148 293
147 293
146 293
145 293
144 293
143 293
142 293
141 293
140 292
139 291
138 290
138 289
138 288
138 287
138 286
138 285
138 284
137 283
136 282
135 281
134 280
133 279
132 278
131 278
130 278
129 278
128 278
127 278
126 278
125 278
124 278
132 277
132 276
132 275
132 274
132 273
132 272
132 271
133 270
134 269
135 268
136 267
136 266
135 266
134 265
133 264
132 263
131 262
130 261
129 260
128 259
127 258
126 257
125 256
124 255
124 254
124 253
124 252
125 251
126 250
127 249
128 248
129 247
130 246
131 245
131 244
130 244
129 244
128 244
127 244
126 243
125 242
124 241
124 240
123 240
125 239
126 238
127 237
128 236
129 235
130 234
131 233
132 232
132 231
132 230
132 229
132 228
131 227
130 226
129 225
128 224
127 223
126 222
126 221
126 220
126 219
126 218
126 217
126 216
127 215
128 214
129 213
130 212
131 211
132 210
133 210
134 210
135 209
136 208
137 207
138 206
139 205
140 204
141 204
142 204
143 204
144 204
145 204
146 204
147 204
148 204
149 204
150 204
151 203
151 202
151 201
151 200
151 199
151 198
151 197
151 196
152 195
153 194
154 193
155 192
156 191
157 190
158 189
159 189
160 189
161 189
162 189
163 189
164 189
165 189
166 189
167 189
168 189
169 188
170 189
171 190
172 191
173 192
174 193
175 194
176 195
177 196
178 196
179 196
180 196
181 196
182 196
183 196
184 196
185 196
186 196
187 196
188 196
189 196
190 196
191 195
192 194
192 193
192 192
191 191
190 190
189 189
188 188
187 187
186 186
185 185
184 184
183 183
182 182
182 181
182 180
182 179
182 178
182 177
183 176
184 175
185 174
186 173
187 172
188 171
189 170
190 169
193 195
194 196
195 197
196 198
197 199
198 200
199 201
200 202
201 203
201 204
201 205
201 206
202 207
203 208
204 209
205 210
206 211
207 211
208 211
209 211
210 211
211 211
212 211
213 211
212 212
211 213
210 214
209 215
208 216
207 217
206 218
205 219
204 220
203 221
202 221
201 221
200 221
202 202
203 201
204 200
205 199
206 198
207 197
207 196
207 195
207 194
207 193
207 192
207 191
207 190
207 189
208 188
209 187
210 187
211 187
212 187
213 187
214 187
215 187
216 186
217 185
218 184
219 183
220 182
221 181
222 180
223 180
223 179
224 179
225 179
226 179
227 179
228 179
229 178
230 177
230 176
230 175
230 174
230 173
230 172
230 171
230 170
230 169
230 168
230 167
230 166
230 165
230 164
230 163
230 162
230 161
229 160
228 159
231 178
232 179
233 180
234 181
235 182
236 183
237 184
238 185
239 186
240 187
241 188
242 189
243 189
244 189
245 189
223 181
223 182
223 183
223 184
223 185
223 186
223 187
209 186
209 185
209 184
209 183
209 182
208 181
207 180
206 179
205 178
204 177
203 176
203 175
203 174
203 173
204 172
205 171
206 170
207 169
158 188
157 187
156 186
155 185
154 184
153 183
152 182
151 181
150 181
149 181
148 181
147 181
146 181
145 181
144 181
143 181
142 181
141 181
140 181
139 181
138 182
137 183
136 184
135 185
134 186
133 187
132 187
131 187
130 187
129 187
128 187
127 187
126 187
125 187
124 187
123 186
122 185
121 184
120 183
119 182
118 181
117 180
116 179
116 178
116 177
116 176
116 175
116 174
116 173
116 172
116 171
116 170
117 169
118 168
119 168
120 168
121 168
122 168
123 168
124 168
125 168
126 168
127 168
128 167
129 167
130 166
131 165
132 164
133 163
134 162
135 161
136 160
136 159
136 158
136 157
136 156
136 155
136 154
136 153
136 152
136 151
136 150
136 149
135 148
135 147
135 146
135 145
135 144
135 143
135 142
135 141
135 140
135 139
135 138
135 137
134 136
133 136
132 136
131 136
130 136
129 136
128 136
127 136
126 136
125 137
124 138
123 138
122 138
121 138
120 138
119 138
118 138
117 139
116 140
115 141
114 142
114 143
114 144
114 145
114 146
114 147
114 148
114 149
114 150
113 151
112 152
111 153
110 154
109 155
108 156
107 157
106 158
105 159
104 160
103 160
102 160
101 160
100 160
99 160
98 159
97 158
96 157
95 156
94 155
94 154
93 153
92 152
91 151
90 150
89 149
88 148
87 147
86 146
85 146
84 146
83 146
82 146
81 145
80 144
79 143
78 142
77 141
76 140
75 139
75 138
74 138
73 138
72 138
71 138
70 138
69 138
68 138
67 138
66 138
65 138
64 137
63 137
62 137
61 137
60 137
59 137
58 137
57 137
56 136
55 137
54 138
53 139
53 140
53 141
53 142
53 143
53 144
52 145
51 146
50 147
49 148
48 149
47 150
46 151
45 152
44 153
43 154
42 155
42 156
42 157
42 158
42 159
41 160
40 161
39 162
38 163
37 164
36 165
35 166
34 167
33 168
32 169
31 170
30 171
29 172
28 173
27 173
27 172
27 171
27 170
27 169
27 168
27 167
27 166
27 165
27 164
27 163
27 162
26 161
25 160
24 159
27 174
28 175
29 176
30 177
31 178
32 179
33 180
34 181
35 181
36 182
37 183
38 183
39 183
40 183
41 183
40 184
39 185
38 186
37 187
36 188
35 189
34 190
33 191
32 192
31 193
30 194
29 195
29 196
29 197
29 198
29 199
29 200
29 201
29 202
29 203
29 204
29 205
28 206
27 207
26 208
25 209
24 210
23 211
22 212
21 213
21 214
21 215
54 145
55 146
56 147
57 148
58 149
59 150
60 151
61 152
62 153
63 153
64 153
65 153
66 153
67 154
68 155
69 156
70 157
71 158
72 159
73 160
74 161
75 162
76 163
76 164
75 165
74 166
73 167
72 168
71 169
70 170
69 171
68 171
67 171
66 171
65 171
64 171
63 171
62 171
61 171
60 171
77 165
78 166
79 167
80 168
81 169
82 170
83 170
84 170
83 171
82 172
81 173
80 174
79 175
78 176
78 177
78 178
78 179
77 180
76 181
75 182
74 183
73 184
72 185
71 186
70 187
69 188
68 189
67 190
66 190
65 190
64 190
63 190
62 190
61 190
62 191
63 192
64 193
65 194
66 195
67 196
68 197
68 198
68 199
68 200
68 201
68 202
67 203
66 204
66 205
66 206
66 207
66 208
66 209
66 210
66 211
65 212
64 213
63 214
62 215
62 216
61 216
60 216
59 216
58 216
57 215
56 214
55 213
54 212
53 213
52 214
51 215
51 216
51 217
51 218
51 219
51 220
51 221
52 222
53 223
54 224
55 225
56 226
57 227
58 228
59 229
60 230
61 231
62 232
63 233
64 234
65 235
65 236
64 237
63 237
62 237
61 237
60 237
59 237
58 237
57 237
56 237
55 237
54 237
55 238
56 239
57 240
58 241
59 242
60 243
61 244
62 245
63 246
64 247
65 248
76 138
77 137
78 136
79 135
80 134
81 133
134 135
133 134
132 133
131 132
130 131
129 130
128 129
128 128
127 128
129 128
130 128
131 128
132 128
133 128
134 128
135 127
136 126
137 125
115 180
114 181
113 182
112 183
112 184
112 185
112 186
112 187
112 188
112 189
111 190
110 191
109 192
108 193
108 194
108 195
108 196
107 196
107 197
106 198
105 199
104 200
103 201
102 202
101 203
100 204
99 204
98 204
97 205
96 206
95 207
94 208
93 209
92 210
91 211
90 212
89 213
88 214
87 215
87 216
87 217
87 218
88 219
89 219
90 219
91 219
92 219
93 219
94 219
95 219
94 220
93 221
92 222
91 223
91 224
91 225
91 226
91 227
91 228
96 220
97 221
98 222
99 223
100 224
101 225
102 226
103 227
104 228
105 228
104 229
104 230
104 231
106 227
107 226
108 225
109 224
110 223
106 195
105 194
104 193
103 192
102 191
101 190
100 189
99 188
98 187
97 186
96 185
152 204
153 204
154 204
155 204
156 204
157 204
158 204
159 204
160 204
159 205
158 206
158 207
158 208
158 209
158 210
158 211
158 212
157 213
156 214
155 215
154 216
153 217
152 218
152 219
152 220
152 221
152 222
153 223
154 224
155 225
156 226
157 227
158 228
159 229
160 230
161 231
161 232
162 232
161 233
161 234
161 235
161 236
161 237
161 238
161 239
160 240
159 241
158 242
158 243
158 244
158 245
158 246
158 247
158 248
158 249
158 250
158 251
157 252
156 253
155 254
154 255
153 256
152 257
151 258
150 258
149 258
149 259
149 260
149 261
149 262
149 263
149 264
149 265
149 266
149 267
149 268
159 252
160 253
161 254
162 254
163 254
164 254
165 254
166 254
167 254
163 233
164 234
165 234
166 234
167 234
168 234
169 234
170 234
171 235
172 236
173 237
174 238
175 238
176 238
177 238
178 238
179 238
180 238
181 238
182 238
183 238
184 238
185 238
186 238
187 238
188 237
189 238
190 239
191 239
192 239
193 239
194 239
195 239
196 239
197 239
198 239
199 239
200 239
201 239
202 239
203 239
204 239
205 239
206 238
195 240
194 241
193 242
193 243
193 244
193 245
193 246
193 247
193 248
192 249
191 250
190 251
189 252
188 253
187 254
186 255
185 256
184 257
183 257
182 257
181 257
180 257
194 249
195 250
196 251
196 252
196 253
196 254
196 255
196 256
196 257
196 258
196 259
196 260
197 260
198 260
199 260
200 260
201 260
202 260
203 260
204 260
205 260
206 260
207 260
208 260
209 260
210 259
211 258
197 261
198 262
199 263
200 264
201 265
202 266
203 267
204 268
205 269
206 270
206 271
206 272
206 273
206 274
195 261
194 262
193 263
192 264
191 265
190 266
189 267
188 268
187 269
186 270
185 271
184 271
183 271
182 272
181 273
180 274
179 275
178 276
177 277
176 278
176 279
176 280
177 281
178 282
179 283
180 284
181 285
182 286
183 286
184 286
185 286
186 286
187 286
175 277
174 276
173 275
172 274
171 273
170 272
169 271
168 270
167 269
132 209
132 208
132 207
131 206
130 205
129 204
128 203
127 202
132 244
123 256
122 256
121 256
120 256
119 256
118 256
117 256
116 256
115 256
114 256
113 257
112 258
111 259
110 260
109 261
108 262
107 263
106 264
105 265
105 266
105 267
105 268
105 269
105 270
105 271
136 265
136 264
136 263
136 262
136 261
136 260
136 259
146 294
145 295
145 296
145 297
145 298
145 299
145 300
145 301
145 302
145 303
145 304
145 305
145 306
144 307
143 308
142 309
141 310
140 311
139 312
138 313
137 314
136 315
135 316
135 317
135 318
135 319
135 320
134 320
133 319
132 318
131 317
130 316
129 315
128 314
127 313
126 312
125 311
124 310
123 309
122 310
121 311
120 312
119 312
118 312
117 312
116 312
115 312
114 312
113 312
112 312
111 312
111 311
111 310
111 309
111 308
111 307
111 306
111 305
110 304
110 303
110 302
110 301
110 300
111 299
112 298
113 297
114 296
115 295
109 305
108 306
107 307
106 308
105 309
104 310
103 311
102 312
101 313
100 314
99 315
98 315
97 315
96 316
95 317
94 318
93 319
92 320
91 321
90 322
89 323
88 324
87 325
86 325
85 326
84 327
83 328
82 329
81 330
80 331
79 332
78 333
77 334
76 335
75 336
74 337
73 338
72 339
71 339
70 339
69 339
68 339
67 339
66 339
65 339
64 339
63 339
62 339
61 338
60 337
59 336
58 335
57 334
56 333
55 332
54 331
53 330
52 329
51 328
51 327
50 327
49 327
48 327
47 327
46 327
45 327
44 327
43 327
42 327
41 327
40 326
39 325
38 325
37 325
36 325
35 325
34 325
33 325
32 325
31 325
30 325
29 325
28 324
38 326
37 327
36 328
35 329
34 330
33 331
32 332
31 333
31 334
31 335
30 336
29 337
28 338
27 339
26 340
25 341
24 342
23 343
22 344
21 345
20 346
19 347
18 347
18 346
18 345
18 344
17 343
16 342
15 341
14 340
18 348
17 349
16 350
15 351
14 352
14 353
14 354
14 355
14 356
14 357
15 358
16 359
17 360
18 361
19 362
20 363
21 364
22 365
23 366
24 366
25 366
26 366
27 366
28 366
29 366
30 365
31 364
32 363
32 336
33 337
34 338
35 339
35 340
35 341
35 342
35 343
35 344
35 345
35 346
35 347
52 327
53 326
54 325
55 324
56 323
57 322
58 321
59 320
60 319
61 318
62 317
62 316
62 315
63 314
64 313
65 312
66 311
67 310
68 309
69 308
70 308
71 308
72 308
73 308
74 307
75 306
76 305
77 304
78 303
69 307
69 306
69 305
69 304
68 303
67 302
66 301
65 300
64 300
63 300
62 300
61 300
60 300
59 299
58 298
57 297
56 296
55 295
54 294
53 293
53 292
53 291
53 290
53 289
53 288
53 287
53 286
54 285
55 284
56 285
57 286
58 287
59 287
60 287
61 287
62 287
63 287
64 287
65 287
66 287
67 287
68 287
69 286
70 285
71 284
72 283
73 282
74 281
75 280
76 279
77 278
77 277
77 276
77 275
77 274
77 273
77 272
77 271
77 270
77 269
76 269
75 269
74 269
73 269
72 269
71 269
70 269
69 269
68 269
67 269
66 269
65 269
64 270
63 271
63 272
78 268
79 267
80 266
81 265
82 264
83 263
84 262
85 261
86 260
87 260
88 259
89 258
90 257
91 256
92 255
93 254
94 253
95 252
96 251
97 250
98 249
98 248
97 248
96 248
95 248
94 248
93 248
92 247
91 246
99 248
78 279
79 280
80 281
81 282
82 282
83 282
84 282
84 281
84 280
84 279
84 278
85 277
86 276
87 275
88 274
89 275
90 276
91 277
92 278
93 279
94 280
95 281
96 282
97 283
98 284
99 285
99 286
64 301
63 302
62 303
61 304
60 305
59 306
58 307
57 307
63 318
64 319
65 320
66 321
67 322
68 322
69 322
70 322
71 322
65 340
66 341
66 342
66 343
66 344
66 345
66 346
66 347
65 348
64 349
63 350
62 351
61 352
60 353
59 354
58 355
57 356
56 357
55 358
54 359
53 359
52 359
67 348
68 349
69 350
70 351
71 352
72 352
73 352
74 352
75 352
76 352
77 352
78 352
79 352
80 352
81 351
82 350
83 349
84 348
85 347
86 346
87 347
87 348
87 349
87 350
87 351
87 352
87 353
87 354
87 326
88 326
89 326
90 326
91 326
92 326
93 326
94 326
95 326
96 327
97 328
98 329
99 330
100 331
101 332
102 333
103 334
103 335
103 336
103 337
103 338
103 339
103 340
103 341
135 321
134 322
133 323
132 324
131 325
130 326
129 327
128 328
127 328
126 328
125 328
126 329
127 330
128 331
129 332
130 333
131 334
132 335
133 336
134 337
134 338
134 339
134 340
134 341
134 342
135 343
136 344
137 345
138 346
139 347
140 348
141 349
142 350
143 351
144 351
145 351
146 351
147 351
148 351
147 352
146 353
145 354
144 355
143 356
142 357
141 358
140 359
140 360
140 361
140 362
140 363
139 363
138 363
137 363
136 363
135 363
134 363
133 363
132 363
131 363
130 363
129 363
128 362
127 361
126 362
125 363
124 364
123 365
122 366
121 367
120 368
119 369
118 369
117 369
116 369
115 369
114 368
113 367
112 366
111 365
110 364
109 363
108 362
107 361
106 360
105 359
104 358
103 357
102 358
101 359
100 360
99 361
98 362
97 363
96 364
95 365
95 366
95 367
95 368
95 369
95 370
95 371
95 372
94 373
93 374
92 375
91 376
91 377
91 378
91 379
91 380
91 381
91 382
91 383
91 384
91 385
91 386
91 387
90 387
89 387
88 387
87 387
86 386
85 385
84 384
83 383
82 382
81 381
80 380
79 379
79 378
79 377
79 376
79 375
79 374
78 373
77 372
76 371
78 380
77 381
76 382
75 383
74 384
73 385
72 386
71 387
70 388
69 388
68 389
67 390
66 391
65 392
64 393
63 394
62 395
61 396
60 397
59 397
58 397
57 397
56 397
55 397
54 397
53 397
52 397
51 397
50 397
49 397
48 397
47 397
46 397
45 397
44 396
43 395
42 394
41 393
40 392
39 391
38 390
37 389
70 389
71 390
72 391
73 392
73 393
73 394
73 395
73 396
73 397
73 398
74 399
74 400
74 401
74 402
74 403
74 404
74 405
74 406
74 407
74 408
74 409
74 410
74 411
90 388
90 389
90 390
90 391
90 392
90 393
90 394
90 395
90 396
90 397
90 398
117 370
117 371
117 372
117 373
117 374
117 375
117 376
117 377
117 378
117 379
117 380
116 381
115 382
114 383
114 384
114 385
114 386
115 387
115 388
115 389
115 390
115 391
115 392
115 393
115 394
115 395
116 396
117 397
118 398
119 399
120 400
121 401
122 402
123 403
124 403
125 403
124 404
123 405
122 406
121 407
120 408
119 409
119 410
119 411
119 412
119 413
119 414
119 415
119 416
118 417
117 418
116 419
115 419
114 419
113 419
112 420
111 421
111 422
111 423
111 424
111 425
111 426
111 427
110 428
109 429
108 430
107 431
106 431
105 431
104 431
103 431
102 431
101 431
100 431
112 428
112 429
112 430
112 431
112 432
112 433
112 434
112 435
112 436
112 437
113 438
113 439
113 440
113 441
113 442
113 443
113 444
113 445
114 445
115 445
116 444
117 443
118 442
119 441
120 440
121 439
122 439
123 439
124 439
125 439
126 439
127 439
128 439
129 438
130 437
131 436
132 435
133 434
134 433
135 433
136 433
137 433
138 433
139 433
140 433
141 433
142 432
143 431
144 430
145 430
146 430
147 430
148 430
149 430
150 430
151 430
152 429
153 429
154 429
155 429
156 429
157 429
158 429
159 429
160 429
145 431
146 432
147 433
148 434
149 435
150 436
151 437
152 438
153 439
154 440
155 441
156 441
143 429
142 428
141 427
140 426
139 425
138 424
137 423
137 422
136 422
136 421
135 420
134 419
133 418
132 417
138 421
139 420
140 419
141 418
142 417
143 416
144 415
145 414
119 370
120 371
121 372
122 373
123 374
124 375
125 376
126 377
127 378
128 379
129 380
149 352
150 353
151 354
152 355
153 356
154 357
155 358
156 359
156 360
156 361
156 362
178 303
179 303
180 303
181 302
182 301
183 300
184 299
183 318
182 319
181 320
180 321
179 322
178 322
177 322
176 322
175 322
174 322
173 322
172 322
171 322
170 322
169 322
168 322
167 323
166 324
166 325
166 326
166 327
166 328
166 329
166 330
166 331
166 332
166 333
166 334
166 335
166 336
202 329
202 328
202 327
202 326
202 325
202 324
201 323
200 322
199 321
198 320
197 319
196 318
203 323
204 322
205 321
206 320
207 319
208 318
209 317
210 316
210 315
210 314
210 313
210 312
210 311
210 310
209 309
208 308
207 307
206 306
205 305
204 304
203 303
203 302
202 302
204 302
205 302
206 302
207 302
208 302
209 302
210 302
211 302
212 302
213 302
214 301
214 300
214 299
215 298
216 297
217 296
218 295
219 294
220 293
220 292
220 291
220 290
221 289
222 288
223 287
224 286
225 285
215 302
216 303
217 304
218 305
219 306
220 307
221 308
222 309
223 310
224 310
224 311
225 309
226 308
227 307
228 306
229 305
230 304
231 303
232 302
233 301
199 341
198 342
197 342
196 342
195 342
194 342
193 342
192 342
195 371
194 372
193 373
192 374
191 375
190 376
189 377
188 378
187 379
186 380
185 380
185 379
185 378
184 377
183 376
182 375
181 374
180 373
179 372
178 371
177 370
176 369
175 368
174 367
173 366
172 365
184 381
183 382
182 382
181 382
180 382
179 382
178 382
177 382
176 382
176 383
175 383
174 384
173 384
172 384
171 384
170 384
169 384
168 384
167 384
166 384
165 384
164 385
163 386
162 387
161 388
160 389
159 390
158 391
158 392
158 393
158 394
157 394
156 394
155 394
154 394
153 394
152 394
151 393
150 392
149 391
148 392
147 393
146 394
145 395
144 396
143 397
142 397
141 397
176 384
176 385
176 386
176 387
176 388
176 389
176 390
176 391
176 392
176 393
175 394
174 395
173 396
172 397
171 398
171 399
171 400
171 401
171 402
171 403
170 404
169 405
168 406
167 406
166 406
186 381
187 382
188 383
189 384
190 385
190 386
190 387
190 388
190 389
189 390
188 391
187 392
187 393
187 394
187 395
187 396
188 397
189 398
190 399
191 400
191 401
191 402
191 403
191 404
191 405
191 406
192 407
193 408
194 409
194 410
194 411
194 412
194 413
194 414
194 415
193 416
192 417
191 418
190 419
189 420
188 421
187 421
186 421
185 421
184 421
185 422
186 423
187 424
188 425
188 426
188 427
188 428
188 429
187 430
186 431
185 432
184 433
183 433
182 433
181 433
180 433
189 430
190 431
191 432
192 433
193 434
194 435
195 436
195 437
195 438
195 439
195 440
195 441
195 442
195 416
196 417
197 418
198 419
199 420
200 421
201 422
202 423
202 424
202 425
203 425
204 425
205 425
206 425
207 425
208 425
209 425
210 425
211 425
212 425
213 425
214 425
215 425
216 424
217 423
218 422
203 426
204 427
205 428
206 429
207 430
208 431
209 432
210 433
211 434
212 435
213 436
213 437
213 438
213 439
213 440
213 441
191 390
192 391
193 392
194 393
195 394
196 395
197 395
198 395
199 395
200 396
201 397
202 398
203 399
204 400
205 400
206 399
207 398
208 397
209 396
210 395
211 394
212 393
213 392
214 391
215 390
215 389
215 388
215 387
216 386
217 385
218 384
219 383
220 382
221 381
222 380
222 379
222 378
222 377
222 376
223 375
224 374
225 373
226 372
216 391
217 392
218 393
219 394
220 395
221 396
221 397
222 397
223 397
224 397
225 396
226 395
227 394
228 393
228 392
228 391
228 390
228 389
229 388
230 387
231 386
232 385
233 384
229 394
230 395
231 396
232 397
233 398
234 399
235 400
236 401
237 402
238 403
239 404
240 405
241 406
242 407
243 407
244 408
245 409
245 410
245 411
245 412
245 413
245 414
245 415
246 416
247 417
248 418
249 419
250 420
251 421
252 422
253 423
254 424
255 425
256 426
257 427
258 428
259 429
260 429
260 428
260 427
260 426
260 425
260 424
260 423
261 422
262 421
263 420
264 419
265 418
266 419
267 420
268 421
269 422
270 423
271 423
272 423
273 423
274 424
275 425
276 425
277 425
278 425
279 425
280 425
281 425
282 425
283 425
284 425
285 425
286 425
287 426
288 427
289 428
290 429
291 430
292 430
293 430
294 430
295 430
296 430
297 430
260 430
259 431
258 432
257 433
256 434
255 435
255 436
255 437
255 438
255 439
256 440
257 440
258 440
259 440
260 440
261 440
262 440
263 440
264 440
265 440
266 440
267 440
268 440
269 440
270 440
271 440
272 440
273 440
274 440
275 440
276 440
277 441
278 442
279 443
280 444
281 445
282 446
283 447
284 448
285 449
286 450
287 451
288 452
289 453
290 454
290 455
290 456
290 457
290 458
291 458
292 458
293 458
294 458
295 458
296 458
297 458
298 458
299 458
300 457
301 456
302 455
303 454
303 453
303 452
303 451
303 450
304 449
305 448
306 447
307 446
308 445
309 444
310 443
311 442
312 441
313 440
314 439
315 438
316 437
317 436
317 435
317 434
317 433
317 432
317 431
317 430
317 429
317 428
317 427
317 426
317 425
317 424
316 423
315 422
291 459
292 460
293 461
294 462
295 463
296 464
297 465
297 466
297 467
297 468
297 469
297 470
297 471
297 472
297 473
297 474
297 475
298 476
299 477
300 478
301 479
302 480
303 481
304 481
305 481
306 481
307 481
308 481
307 482
306 483
305 484
304 485
303 486
303 487
303 488
303 489
303 490
303 491
303 492
304 493
305 494
306 495
307 496
308 496
309 496
310 496
311 496
312 496
313 496
314 496
315 496
316 496
317 496
318 496
319 496
320 496
321 496
322 496
323 496
324 495
325 494
326 493
326 492
326 491
326 490
326 489
326 488
326 487
325 486
324 485
323 484
323 483
323 482
323 481
323 480
323 479
324 478
325 477
326 476
327 475
328 474
329 475
330 476
331 477
332 478
333 478
334 478
335 478
336 478
337 478
338 478
339 478
340 478
341 478
342 478
342 477
342 476
342 475
342 474
342 473
342 472
342 471
343 470
344 469
345 468
346 467
346 466
345 466
344 466
343 466
342 466
341 466
340 466
339 465
338 464
337 463
336 462
335 461
334 460
333 459
347 466
348 467
349 468
350 469
351 470
352 471
353 472
354 473
355 474
356 475
357 476
358 477
359 477
360 477
361 477
362 477
362 476
362 475
362 474
362 473
362 472
362 471
362 470
362 469
362 468
362 467
363 466
364 467
365 468
366 469
367 470
368 471
369 472
370 473
371 474
372 475
373 476
374 477
375 478
376 479
377 480
376 481
375 482
375 483
375 484
375 485
375 486
375 487
375 488
375 489
375 490
375 491
375 492
375 493
376 494
376 495
376 496
376 497
376 498
376 499
376 500
376 501
376 502
376 503
316 497
317 498
318 499
319 500
320 501
321 502
322 503
323 504
324 505
325 506
325 507
326 508
327 509
328 510
329 511
330 512
331 513
332 514
333 514
334 514
335 514
336 514
337 513
338 512
339 511
340 510
341 509
342 508
343 507
344 506
344 505
344 504
344 503
344 502
344 501
344 500
344 499
344 498
344 497
344 496
344 495
344 494
345 493
345 507
346 508
347 509
348 510
349 511
350 512
351 513
352 514
353 515
354 515
355 515
356 515
357 515
356 516
355 517
354 518
353 519
352 520
351 520
350 520
349 520
348 520
220 398
219 399
218 400
218 401
218 402
218 403
218 404
218 405
197 371
198 372
199 373
200 374
200 375
200 376
236 356
237 357
238 358
239 359
240 360
241 361
242 361
243 361
244 361
245 361
246 361
247 361
248 361
249 361
250 361
251 360
252 359
253 358
254 357
255 356
256 357
257 358
258 359
259 360
260 361
261 362
262 363
263 364
264 365
265 366
266 367
266 368
267 369
268 370
269 371
269 372
269 373
269 374
269 375
269 376
268 377
267 378
266 379
265 380
264 381
263 382
262 383
261 384
260 385
259 386
258 387
257 388
256 389
255 390
270 377
271 378
272 379
273 380
274 381
275 382
276 383
277 384
278 385
279 386
279 387
279 388
279 389
279 390
279 391
280 392
280 393
280 394
280 395
280 396
280 397
280 398
280 399
280 400
280 401
280 402
280 403
245 362
245 363
245 364
245 365
245 366
245 367
245 368
245 369
245 370
274 331
273 332
272 333
271 334
270 335
270 336
270 337
270 338
269 339
268 340
267 341
266 342
265 342
264 342
263 342
262 342
261 342
260 342
259 342
258 342
283 331
282 332
282 333
282 334
282 335
282 336
282 337
282 338
282 339
282 340
282 341
282 342
283 343
284 344
285 345
286 346
287 347
288 348
289 349
289 350
288 351
287 352
286 353
285 354
284 355
283 356
283 357
283 358
283 359
283 360
283 361
286 330
287 330
288 330
289 329
290 328
291 327
292 326
293 325
294 324
295 323
296 322
297 321
298 320
299 319
321 344
322 343
323 342
324 341
325 340
326 339
327 338
331 357
331 358
331 359
331 360
331 361
331 362
331 363
331 364
331 365
331 366
331 367
331 368
332 368
333 368
334 368
335 368
336 368
337 368
338 368
339 368
340 368
341 368
342 368
343 368
344 368
345 368
346 369
347 370
348 371
349 372
350 373
351 373
352 373
353 373
354 373
355 373
356 373
357 373
358 373
359 372
360 371
361 370
362 369
363 368
364 367
365 366
366 365
367 364
368 363
359 374
360 375
361 376
362 377
363 377
364 377
365 377
366 377
367 377
368 377
369 377
330 369
329 370
328 371
327 372
326 373
325 373
324 373
323 373
322 373
321 373
320 373
319 373
318 373
317 373
316 374
315 375
314 376
313 377
313 378
313 379
312 379
311 379
310 378
309 377
312 380
311 381
310 382
309 383
308 384
307 385
306 386
305 386
304 386
314 380
315 381
316 382
317 383
317 384
317 385
318 386
319 387
320 387
321 387
322 387
323 387
324 387
325 387
326 387
327 387
328 387
329 387
330 388
331 388
332 388
333 388
334 388
335 388
336 388
337 388
336 389
335 390
334 391
333 392
332 393
331 394
330 395
329 396
328 397
327 398
326 399
325 400
324 401
324 402
338 389
339 390
340 391
341 392
342 393
343 394
344 395
345 396
346 397
347 398
348 399
349 400
350 401
351 402
352 402
352 401
353 400
354 399
355 398
356 397
357 396
358 395
352 403
353 404
354 405
355 406
356 406
357 406
358 406
359 406
360 406
361 406
362 406
363 406
364 406
365 406
366 406
367 406
368 406
369 406
370 406
371 406
372 406
373 406
374 405
359 407
358 408
357 409
356 410
355 411
354 412
353 413
353 414
353 415
353 416
352 417
351 417
350 417
349 417
348 417
347 417
346 417
345 417
344 417
343 418
342 419
341 420
340 421
339 422
339 423
339 424
339 425
339 426
339 427
339 428
339 429
339 430
339 431
339 432
354 417
355 418
356 419
357 420
358 421
359 422
359 423
359 424
359 425
359 426
359 427
346 331
347 332
348 333
349 334
350 335
351 335
352 335
353 335
354 335
355 335
356 335
357 335
358 335
359 335
360 335
361 336
362 337
363 338
364 339
365 340
366 341
366 342
366 343
366 344
366 345
334 268
335 267
336 266
337 265
338 264
339 263
340 262
341 261
342 260
343 259
344 258
345 258
346 258
347 258
348 258
349 258
350 258
351 258
352 258
353 258
354 258
355 258
356 258
357 258
358 258
359 257
360 257
361 257
362 257
363 257
364 256
365 255
366 254
367 253
368 252
369 251
370 251
371 251
372 251
373 251
374 251
375 250
376 249
377 248
378 247
379 246
379 245
379 244
379 243
379 242
379 241
380 240
381 239
382 238
383 237
384 236
385 235
386 234
387 233
388 232
389 233
390 234
391 235
392 236
393 237
394 238
395 239
396 240
397 241
398 241
369 250
369 249
369 248
369 247
369 246
369 245
369 244
369 243
369 242
369 241
369 240
369 239
369 238
369 237
369 236
369 235
369 234
369 233
369 232
370 231
370 230
370 229
370 228
370 227
370 226
370 225
370 224
370 223
370 222
370 221
369 220
368 219
368 218
367 218
367 217
367 216
367 215
367 214
367 213
366 212
365 211
364 210
369 217
370 216
371 215
372 214
373 213
374 212
375 211
376 210
377 209
378 208
378 207
378 206
378 205
377 204
376 203
375 202
374 201
373 200
372 199
371 198
370 198
369 198
368 198
367 198
366 198
365 198
364 198
363 198
362 198
361 198
360 198
359 197
358 196
357 195
356 195
355 195
354 195
353 195
352 195
351 195
350 195
349 195
348 195
347 195
346 196
345 197
344 198
343 199
342 200
341 201
340 202
339 203
338 204
337 205
336 205
335 206
334 207
333 208
332 209
331 210
330 211
329 212
328 213
327 214
326 215
325 216
324 216
323 216
322 216
321 216
320 216
319 215
318 214
317 213
316 212
315 211
314 210
313 209
312 208
311 207
310 206
309 205
308 204
307 203
306 203
305 203
304 203
303 203
302 203
301 203
300 203
299 203
298 202
298 201
298 200
298 199
297 198
296 197
295 196
294 195
294 194
293 194
292 195
291 196
290 197
289 197
288 197
287 197
286 197
285 197
284 197
283 197
282 197
281 197
280 197
279 197
278 197
277 197
276 197
275 197
274 197
273 197
272 197
271 196
270 195
270 194
270 193
270 192
270 191
270 190
269 189
268 188
267 187
266 186
265 185
264 184
263 183
262 182
262 181
261 181
261 180
261 179
261 178
261 177
261 176
260 175
259 174
258 173
257 172
256 171
255 170
254 169
253 168
252 167
251 166
263 181
264 181
265 181
266 181
267 180
268 179
269 178
295 194
296 194
297 193
298 192
299 191
300 190
301 189
301 188
301 187
301 186
301 185
300 185
299 184
298 183
297 182
296 181
295 180
294 179
294 178
294 177
294 176
294 175
293 174
292 173
291 172
290 171
289 170
288 169
287 168
287 167
286 167
285 167
284 167
283 167
282 167
281 167
280 167
279 167
278 167
277 166
276 165
275 164
274 163
273 162
272 161
271 160
270 159
269 158
268 157
267 156
266 155
265 154
264 153
263 152
262 151
261 150
260 149
259 148
288 167
289 167
290 167
291 166
292 165
293 164
293 180
292 181
291 182
290 183
289 183
288 183
287 183
286 183
285 183
284 183
301 184
302 183
303 182
304 181
305 180
306 179
307 178
308 177
309 178
310 179
311 180
312 181
313 182
314 183
315 183
316 183
317 183
318 183
319 183
320 183
321 183
322 183
323 182
324 181
325 180
326 179
327 178
328 177
329 176
330 175
331 174
332 173
333 172
333 171
333 170
333 169
333 168
333 167
333 166
333 165
333 164
333 163
333 162
334 162
335 162
336 162
337 162
338 162
339 162
340 162
341 161
342 160
343 159
344 159
345 159
346 159
347 159
348 159
349 159
350 158
351 157
352 156
353 155
344 160
345 161
346 162
347 163
348 164
349 165
350 166
351 167
352 168
353 169
354 170
355 171
356 172
357 173
357 174
333 161
332 160
331 159
330 158
329 157
328 156
327 155
326 154
325 153
324 152
324 151
323 151
322 151
321 151
320 151
319 151
318 151
317 151
316 151
315 151
314 151
313 150
312 150
311 150
310 149
309 148
308 147
307 146
306 145
305 144
305 143
305 142
305 141
305 140
305 139
305 138
305 137
305 136
306 135
307 134
304 145
303 146
302 147
301 148
300 148
299 148
298 148
297 148
296 148
295 148
294 148
293 148
292 148
291 147
290 146
289 145
288 144
287 143
286 142
285 141
285 140
286 140
285 139
285 138
285 137
285 136
285 135
285 134
285 133
285 132
284 131
283 130
282 129
281 128
280 128
279 128
278 128
277 128
276 128
275 128
274 128
273 128
272 128
271 128
270 128
269 128
268 128
267 128
266 128
265 128
264 128
263 128
262 128
261 128
260 128
259 128
258 128
257 128
256 127
255 126
254 125
253 124
252 123
251 122
250 121
249 120
248 119
247 118
247 117
246 117
245 117
244 117
243 117
242 117
241 117
240 117
239 117
238 117
237 117
236 117
235 117
234 117
233 117
232 116
231 117
230 118
229 118
228 118
227 118
226 118
225 118
224 118
223 118
222 118
221 118
220 118
219 118
218 118
217 118
216 117
215 116
214 115
213 114
212 113
211 112
210 111
209 112
208 113
207 114
206 115
205 116
204 117
203 118
202 119
201 120
200 121
199 121
198 121
197 121
196 121
196 120
196 119
196 118
196 117
196 116
196 115
196 114
196 113
196 112
196 111
196 110
196 109
196 108
195 108
194 108
193 108
192 108
191 108
190 108
189 108
188 108
187 108
186 107
185 106
184 105
183 104
182 103
181 102
180 101
179 100
195 122
194 123
193 124
192 125
191 126
191 127
191 128
191 129
191 130
190 131
190 132
190 133
190 134
189 134
188 133
187 132
186 131
185 130
184 129
183 128
182 127
181 126
180 125
179 126
178 126
177 126
176 126
175 126
174 126
173 126
172 126
171 126
170 126
169 126
168 126
167 126
166 126
165 126
164 126
163 126
162 126
161 126
160 125
159 125
158 125
157 125
156 125
155 125
154 125
153 125
152 125
160 124
160 123
160 122
160 121
160 120
160 119
160 118
160 117
160 116
160 115
159 114
158 113
157 112
156 111
155 110
154 109
153 108
152 107
151 106
150 105
149 104
148 103
147 102
146 101
145 102
144 103
143 104
142 105
141 106
140 107
139 107
138 107
137 107
136 107
135 107
134 106
133 105
132 104
131 103
130 102
129 101
128 100
127 99
126 98
125 97
124 98
123 99
122 100
121 101
120 102
119 103
118 103
117 103
116 103
115 103
114 103
113 103
112 103
111 103
110 103
109 104
108 105
107 106
106 107
105 108
104 109
103 109
102 109
101 109
100 109
101 110
102 111
103 112
104 113
105 114
106 115
107 116
107 117
107 118
107 119
170 127
169 128
168 129
167 130
166 131
165 132
164 133
163 134
162 135
161 136
160 137
159 138
158 139
157 140
158 141
159 142
160 143
161 144
162 145
163 146
163 147
163 148
163 149
163 150
163 151
163 152
163 153
163 154
163 155
163 156
163 157
163 158
163 159
163 160
163 161
163 162
163 163
190 135
191 136
192 137
193 138
194 139
195 140
196 141
197 142
198 142
199 142
218 119
217 120
216 121
215 122
214 123
213 124
212 125
212 126
212 127
212 128
248 117
249 117
250 117
251 117
252 117
253 117
254 117
255 117
256 117
257 116
258 115
258 114
258 113
257 112
256 111
255 110
254 109
253 108
252 107
251 106
250 105
249 104
249 103
248 103
250 103
251 103
252 103
253 103
254 102
255 101
256 100
257 100
258 100
259 100
260 100
261 100
262 100
263 100
264 100
281 127
281 126
281 125
281 124
282 123
283 122
284 121
285 120
286 119
287 118
287 117
287 116
287 115
287 114
287 113
287 112
287 111
287 110
288 109
289 110
290 111
291 111
292 111
293 111
294 111
295 111
296 111
297 111
298 111
298 110
298 109
298 108
298 107
298 106
298 105
298 104
299 103
300 102
301 101
301 100
301 99
301 98
301 97
301 96
301 95
301 94
301 93
301 92
301 91
287 139
288 138
289 137
290 136
291 135
292 134
293 133
294 132
325 151
326 150
327 149
328 148
329 147
330 146
331 145
332 144
333 143
333 142
332 142
331 142
330 142
329 141
328 140
327 139
326 138
325 137
325 136
324 136
326 136
327 135
328 134
329 133
330 132
331 131
332 130
334 142
335 142
336 142
337 142
338 141
339 140
340 139
341 138
342 137
343 136
344 135
344 134
345 133
346 132
347 131
348 130
349 131
350 132
351 133
352 134
353 135
354 136
355 137
356 137
356 136
357 135
358 134
359 133
360 132
360 131
360 130
361 129
362 128
363 127
364 126
365 125
366 124
367 123
368 122
369 121
370 120
370 119
370 118
370 117
370 116
370 115
370 114
369 113
368 112
367 111
366 110
365 109
364 108
364 107
363 107
363 106
363 105
363 104
362 103
361 102
360 101
359 101
358 101
357 101
356 101
355 101
354 101
353 101
352 101
351 101
350 100
349 99
349 98
349 97
349 96
349 95
349 94
349 93
349 92
348 91
347 90
346 89
345 88
344 87
343 87
342 87
341 87
340 87
339 87
338 86
337 85
336 84
335 83
334 82
333 81
332 80
331 79
330 80
329 81
328 82
327 83
326 84
325 85
324 86
323 87
322 88
321 89
320 90
319 91
318 92
318 93
318 94
318 95
318 96
318 97
318 98
318 99
318 100
318 101
318 102
318 103
318 104
318 105
318 106
344 86
344 85
344 84
344 83
344 82
344 81
344 80
344 79
345 78
345 77
346 76
347 75
348 74
349 73
350 72
351 71
352 70
353 69
354 68
354 67
353 67
352 67
351 67
350 67
349 67
348 67
347 67
346 66
345 65
345 64
345 63
345 62
345 61
344 60
343 59
342 58
341 57
340 56
339 55
338 54
337 53
336 52
335 53
334 53
333 53
332 53
331 53
330 53
329 53
328 53
327 54
326 55
325 56
324 57
323 58
322 59
321 60
321 61
321 62
321 63
321 64
321 65
320 66
319 67
318 68
317 69
316 70
315 71
314 71
313 71
312 71
311 71
310 71
309 71
308 71
307 71
306 71
305 71
304 71
303 71
302 71
301 71
300 71
299 71
298 71
297 70
296 69
295 68
294 67
293 66
292 65
291 64
291 63
290 63
290 62
290 61
290 60
290 59
290 58
290 57
290 56
290 55
290 54
290 53
289 52
288 51
287 50
292 62
293 61
294 60
295 59
296 58
297 57
298 56
299 55
300 54
301 53
302 52
303 51
304 50
305 49
306 48
346 60
347 59
348 58
349 57
350 56
351 55
352 54
353 53
354 52
355 52
356 52
357 52
358 51
359 50
360 49
361 48
362 47
363 46
364 45
364 44
364 43
364 42
364 41
363 40
362 39
361 38
360 37
359 36
358 35
358 34
357 34
357 33
357 32
357 31
357 30
357 29
356 28
355 27
354 26
353 25
352 24
351 23
350 22
349 23
348 24
347 25
346 26
345 27
344 28
343 29
342 30
341 31
340 32
339 33
338 34
337 34
336 34
335 34
359 34
360 34
361 34
362 34
363 34
364 34
365 34
366 34
367 34
368 33
369 32
370 33
371 34
372 35
373 36
374 37
375 38
376 39
377 39
377 40
378 41
379 42
379 43
379 44
379 45
379 46
379 47
379 48
379 49
379 50
379 51
379 52
379 53
379 54
379 55
379 56
379 57
380 58
381 59
382 60
383 61
384 62
385 63
386 64
387 64
388 64
389 64
390 64
391 64
392 64
393 64
394 64
395 64
396 64
397 64
398 64
399 63
400 62
401 61
402 60
403 59
403 58
403 57
403 56
403 55
403 54
403 53
403 52
403 51
403 50
403 49
403 48
403 47
403 46
402 45
402 44
401 44
403 44
404 44
405 44
406 44
407 44
408 44
409 44
410 43
411 44
412 45
413 46
414 47
415 48
416 49
417 50
418 51
419 52
420 53
421 54
422 54
423 54
424 54
425 54
426 54
427 54
428 54
429 54
429 55
429 56
429 57
429 58
429 59
429 60
429 61
429 62
429 63
429 64
429 65
429 66
429 67
429 68
429 69
429 70
428 71
427 72
426 73
425 74
424 74
423 74
393 65
394 66
395 67
396 68
397 69
397 70
397 71
397 72
397 73
397 74
397 75
396 76
395 77
394 78
393 79
392 80
391 81
391 82
391 83
391 84
398 76
399 77
400 78
401 79
402 80
403 81
404 82
405 83
406 84
407 85
408 86
409 87
410 88
411 89
412 90
413 91
414 92
415 93
378 38
379 37
380 36
381 35
355 67
356 68
357 69
358 70
359 71
360 72
361 72
362 72
363 72
364 72
365 72
366 72
367 72
368 72
369 73
370 74
371 75
372 76
373 76
374 76
375 76
376 76
375 77
374 78
373 79
372 80
372 81
372 82
372 83
372 84
372 85
372 86
348 100
347 101
346 102
345 103
345 104
345 105
345 106
345 107
345 108
345 109
345 110
345 111
345 112
345 113
365 107
366 107
367 107
368 107
369 107
370 107
371 107
372 107
373 108
374 109
375 110
376 111
377 112
378 113
379 114
380 115
381 116
382 117
383 117
384 117
385 117
386 117
387 118
388 119
389 119
390 119
391 119
392 119
393 119
394 119
395 119
396 119
397 119
398 119
399 119
400 119
401 119
402 119
403 118
404 117
397 120
398 121
399 122
400 123
401 124
402 125
403 126
404 127
404 128
403 129
402 130
401 131
400 132
399 133
398 134
397 135
396 136
396 137
396 138
396 139
396 140
396 141
405 129
406 130
407 131
408 132
409 133
410 134
411 135
412 136
413 137
414 138
415 139
415 140
415 141
415 142
416 143
417 144
418 145
419 146
420 147
421 147
422 147
423 147
424 147
425 147
426 147
427 147
428 147
429 147
429 146
429 145
429 144
429 143
429 142
429 141
429 140
429 139
429 138
430 137
431 138
432 139
433 139
434 139
435 139
436 139
437 139
438 139
439 139
440 139
441 139
441 138
441 137
441 136
441 135
441 134
441 133
442 132
443 131
444 130
445 129
446 128
447 127
447 126
447 125
447 124
446 123
445 122
444 121
443 120
442 119
441 118
440 117
439 116
438 115
437 114
437 113
437 112
437 111
438 110
439 109
440 108
441 107
442 106
443 105
444 104
445 105
446 106
447 106
448 106
449 106
450 106
451 106
452 106
453 106
454 106
455 106
456 106
457 106
458 107
459 108
460 109
461 110
462 111
462 112
462 113
462 114
462 115
436 115
435 116
434 117
433 118
432 119
431 120
430 121
429 121
428 121
427 121
426 121
425 121
424 121
430 148
431 149
432 150
433 151
434 152
435 153
436 154
437 155
438 156
439 157
439 158
439 159
439 160
440 161
441 162
442 163
443 164
444 165
445 166
446 167
447 168
448 169
449 170
450 171
451 172
450 173
449 174
448 175
447 175
446 175
445 175
444 175
443 175
442 176
441 177
440 178
439 179
438 180
437 181
436 182
435 182
444 176
445 177
445 178
445 179
445 180
445 181
445 182
445 183
445 184
444 185
443 186
442 187
441 188
440 189
439 190
438 191
437 192
436 193
435 194
434 195
433 196
432 196
431 196
430 196
429 196
428 196
427 196
426 196
425 196
424 196
423 196
422 196
421 196
420 196
419 196
418 196
417 196
416 196
415 196
423 195
423 194
422 193
421 192
420 191
419 190
418 189
417 188
416 187
415 186
414 185
413 184
412 183
412 182
412 181
412 180
412 179
412 178
412 177
412 176
412 175
412 174
412 173
411 172
410 173
409 174
408 175
407 176
406 177
405 177
404 177
403 177
402 177
401 177
400 177
399 177
398 177
398 178
397 179
396 180
395 181
394 182
393 183
392 183
391 183
390 183
389 183
388 183
387 183
386 183
385 183
384 183
383 183
382 183
381 183
380 183
379 183
378 183
377 183
376 182
397 176
396 175
395 174
394 173
393 172
392 171
391 170
391 169
390 169
392 169
393 168
394 167
395 166
396 165
397 164
398 163
399 162
400 161
401 160
402 159
403 158
404 157
435 196
436 197
436 198
436 199
436 200
436 201
436 202
436 203
436 204
435 205
434 206
433 207
432 208
431 209
430 210
429 211
428 212
427 212
426 212
425 212
424 212
423 213
423 214
423 215
423 216
423 217
423 218
423 219
423 220
423 221
423 222
423 223
423 224
424 224
423 225
423 226
423 227
423 228
423 229
423 230
423 231
423 232
423 233
422 234
421 235
420 236
419 237
418 238
417 239
416 240
415 241
414 242
413 243
413 244
413 245
412 246
411 247
410 248
409 249
408 250
407 251
406 252
405 253
404 254
403 255
402 256
401 256
424 234
425 235
426 236
427 237
428 238
429 239
430 240
431 241
432 242
433 243
434 244
435 245
436 246
437 247
438 248
439 249
440 250
441 251
442 252
443 253
444 254
445 254
446 254
445 255
444 256
443 257
442 258
441 259
440 260
439 260
438 260
437 260
436 260
435 260
434 260
433 260
432 260
431 260
430 260
429 260
428 260
427 260
426 259
425 258
424 259
423 260
422 260
421 260
420 260
419 260
418 260
417 260
416 260
415 260
414 261
413 262
412 263
411 264
411 265
411 266
411 267
411 268
411 269
412 270
413 270
414 270
415 270
416 270
417 270
418 270
419 270
420 270
421 271
422 272
423 273
424 274
425 275
426 276
426 277
426 278
426 279
426 280
426 281
426 282
426 283
426 284
426 285
425 286
424 287
423 288
422 289
421 290
420 291
419 292
418 293
418 294
418 295
418 296
417 297
416 298
415 299
414 300
413 301
413 302
413 303
413 304
413 305
413 306
413 307
412 308
411 309
410 310
409 311
408 312
407 313
406 314
405 315
405 316
404 316
403 315
402 314
401 313
400 312
399 311
398 310
397 309
396 308
395 307
394 306
393 305
393 304
393 303
393 302
393 301
392 300
391 299
390 298
389 297
388 296
387 295
386 294
385 295
384 296
383 297
382 298
381 299
380 300
379 301
378 301
377 301
376 301
375 301
374 301
373 301
372 301
371 301
370 302
369 303
368 304
367 305
366 306
365 307
364 307
363 307
362 307
361 307
360 307
359 307
358 307
357 307
392 306
391 307
390 308
390 309
390 310
390 311
390 312
390 313
390 314
390 315
391 316
391 317
391 318
391 319
391 320
391 321
391 322
391 323
391 324
391 325
391 326
391 327
390 328
389 329
388 330
387 331
386 332
385 333
384 334
383 335
384 336
385 337
386 338
387 339
388 340
389 341
390 342
390 343
390 344
390 345
391 345
391 346
392 347
393 348
394 349
395 350
396 351
397 352
397 353
397 354
397 355
397 356
397 357
396 358
395 359
394 360
393 360
392 360
391 360
390 360
389 360
388 360
387 360
386 360
385 360
386 361
387 362
388 363
389 364
390 365
391 366
391 367
391 368
391 369
391 370
391 371
391 372
391 373
391 374
398 358
399 359
400 360
401 361
402 362
403 363
404 364
405 365
406 366
407 367
407 368
407 369
407 370
407 371
408 372
409 373
410 373
411 373
412 373
413 373
414 373
415 373
416 373
392 344
393 343
394 342
395 341
419 297
420 298
421 299
422 300
423 301
424 302
425 303
425 304
425 305
425 306
425 307
425 308
425 309
425 310
425 311
425 312
425 313
425 314
425 315
425 316
425 317
424 318
423 319
422 320
421 321
420 322
419 322
418 322
417 322
416 322
415 323
415 324
415 325
415 326
415 327
415 328
415 329
415 330
415 331
415 332
415 333
415 334
415 335
415 336
426 318
427 319
428 320
429 320
430 320
431 320
432 320
433 320
434 320
435 320
436 321
437 322
438 323
439 324
440 325
441 326
442 327
443 328
444 328
443 329
442 330
441 330
440 330
439 330
438 330
437 330
436 330
445 329
446 330
447 331
448 332
449 333
450 334
451 334
450 335
449 336
448 337
447 338
446 339
445 340
444 341
443 342
442 342
441 342
440 343
439 344
438 345
437 346
436 347
435 348
434 349
433 350
432 351
432 352
432 353
442 343
443 344
444 345
445 346
445 347
445 348
445 349
445 350
446 351
447 352
448 353
449 354
450 355
451 356
452 357
453 358
454 358
455 358
456 358
457 359
457 360
457 361
457 362
456 363
455 364
454 365
453 366
452 367
451 368
450 369
449 370
448 371
447 372
446 373
445 374
444 375
443 376
443 377
443 378
443 379
443 380
443 381
443 382
443 383
443 384
443 385
443 386
443 387
443 388
442 389
441 390
441 391
441 392
441 393
441 394
441 395
441 396
441 397
441 398
441 399
440 399
439 399
438 399
437 399
436 399
435 398
434 397
433 396
432 395
431 394
430 393
429 392
428 391
427 390
426 391
426 392
426 393
426 394
426 395
426 396
426 397
426 398
426 399
426 400
426 401
425 402
424 403
423 404
422 405
421 405
420 405
419 405
418 405
417 405
416 405
415 405
414 406
413 407
412 408
411 409
410 410
409 411
408 412
407 413
406 414
405 415
404 416
403 417
402 418
401 419
400 420
399 420
399 419
399 418
399 417
399 416
399 415
399 414
398 413
397 412
396 411
395 410
394 409
393 408
392 407
398 421
397 422
396 423
395 424
394 425
393 426
392 427
392 428
392 429
392 430
392 431
392 432
392 433
391 434
390 435
389 436
388 436
387 436
386 436
385 436
384 436
383 436
382 436
381 436
380 436
379 436
378 436
400 421
401 422
402 423
403 424
404 425
405 426
406 427
407 428
408 429
409 430
410 431
411 432
412 433
413 434
414 435
415 436
414 437
414 438
414 439
414 440
414 441
414 442
414 443
414 444
414 445
414 446
414 447
414 448
414 449
414 450
414 451
413 452
412 453
411 454
410 455
409 455
408 455
407 455
406 455
405 455
404 455
403 455
402 455
401 455
400 455
399 455
398 455
399 456
400 457
400 458
400 459
400 460
400 461
400 462
400 463
400 464
400 465
400 466
400 467
400 468
400 469
400 470
400 471
400 472
400 473
400 474
401 475
402 476
403 477
404 477
405 477
406 477
407 477
408 477
409 477
410 477
411 477
412 477
413 477
414 477
413 478
412 479
411 480
410 481
409 482
408 483
407 484
407 485
407 486
407 487
407 488
407 489
408 490
409 491
410 492
410 493
410 494
410 495
410 496
410 497
410 498
410 499
410 500
410 501
410 502
410 503
410 504
416 437
417 438
418 439
419 440
420 441
421 441
422 441
423 441
424 441
425 441
426 441
427 441
428 441
429 441
430 441
431 441
432 441
433 441
434 441
435 441
436 441
437 441
438 441
439 441
440 440
441 439
416 406
416 407
416 408
416 409
416 410
416 411
416 412
416 413
416 414
416 415
416 416
416 417
416 418
416 419
417 419
418 419
419 419
420 419
421 419
422 419
423 419
424 419
425 419
426 419
427 419
428 419
429 419
430 418
458 363
459 364
460 365
461 366
462 367
463 368
464 369
465 370
466 371
467 372
468 373
469 373
469 374
468 375
467 376
466 377
465 377
464 377
463 377
462 377
470 372
471 371
472 370
473 369
474 368
475 367
476 366
477 365
477 364
478 364
479 365
480 366
480 367
480 368
480 369
480 370
480 371
480 372
481 373
482 374
483 375
484 376
485 377
486 377
487 377
488 377
489 377
490 377
491 377
490 378
490 379
490 380
490 381
490 382
490 383
490 384
490 385
490 386
490 387
489 388
488 389
487 390
486 391
485 392
484 393
483 394
482 395
481 396
480 397
479 398
479 399
479 400
478 401
477 402
476 403
475 404
474 404
473 404
472 404
471 404
470 404
469 404
468 404
467 403
466 402
465 401
464 400
463 399
462 398
469 405
468 406
467 407
466 408
465 409
464 410
463 411
462 412
461 413
460 413
471 405
472 406
473 407
474 408
475 409
476 410
477 411
478 412
478 413
478 414
478 415
477 416
476 417
475 418
474 419
473 420
472 421
471 422
470 423
470 424
470 425
469 426
468 427
467 428
466 429
465 430
464 431
463 432
462 433
461 434
460 435
460 436
460 437
460 438
460 439
460 440
460 441
460 442
460 443
460 444
471 426
472 427
473 428
474 429
475 430
476 431
477 431
478 431
479 431
491 388
492 389
493 390
494 391
495 392
496 393
497 394
498 395
499 395
500 395
501 395
502 395
503 396
504 397
505 398
506 399
507 400
508 401
508 402
508 403
508 404
508 405
508 406
508 407
509 408
510 409
511 410
512 411
513 412
514 413
514 414
514 415
514 416
514 417
514 418
514 419
514 420
514 421
515 422
516 423
517 424
517 425
517 426
517 427
517 428
517 429
516 430
515 431
514 431
513 431
512 431
511 431
510 431
509 431
508 431
507 431
506 431
505 431
504 431
503 431
502 431
501 430
500 429
499 428
498 427
497 426
496 425
495 424
509 432
509 433
509 434
509 435
509 436
509 437
509 438
509 439
509 440
509 441
518 430
519 431
520 431
521 431
522 431
523 431
524 431
525 431
526 431
527 431
528 431
529 431
530 431
531 431
532 431
532 432
533 433
534 434
535 435
536 436
537 437
538 438
539 438
540 438
533 430
534 429
535 428
536 427
537 426
538 425
539 424
540 423
541 424
542 425
543 425
544 425
545 425
546 425
547 425
548 425
549 425
550 425
551 425
552 425
553 426
554 427
555 427
556 427
557 427
558 427
559 427
560 427
561 427
562 427
563 427
564 427
565 427
566 427
567 427
568 427
569 427
570 426
571 425
572 424
573 423
573 422
573 421
573 420
573 419
573 418
573 417
573 416
573 415
573 414
574 413
575 412
576 411
577 410
578 409
574 424
575 425
576 426
577 427
578 428
579 429
580 430
581 431
582 432
583 433
584 434
584 435
584 436
584 437
584 438
584 439
584 440
584 441
584 442
584 443
584 444
585 445
586 446
587 447
588 447
589 447
590 447
591 447
592 447
593 447
594 447
595 447
596 447
597 447
492 376
493 375
494 374
495 373
496 372
497 371
498 371
499 371
500 371
501 371
502 371
503 371
504 371
505 370
505 369
505 368
505 367
505 366
505 365
505 364
505 363
505 362
504 362
503 362
502 362
501 362
500 362
499 362
498 361
497 360
496 359
495 358
494 357
493 356
493 355
493 354
493 353
493 352
493 351
493 350
493 349
493 348
493 347
493 346
493 345
494 344
494 343
494 342
494 341
494 340
493 339
492 338
491 337
490 336
489 335
488 334
487 335
486 336
485 337
484 338
483 339
482 339
481 339
480 339
479 339
478 339
505 361
505 360
505 359
505 358
505 357
505 356
505 355
506 354
507 353
508 352
509 351
510 350
511 349
512 348
513 348
514 348
515 348
516 348
517 348
518 348
519 348
520 347
521 346
522 345
522 344
523 344
524 344
525 343
526 342
527 341
528 340
529 339
530 338
531 337
532 336
533 335
534 334
535 333
536 332
537 331
538 330
539 331
540 332
541 333
542 334
543 335
544 336
545 337
546 337
547 337
548 337
548 336
548 335
548 334
548 333
549 332
550 331
551 330
552 329
552 328
552 327
552 326
552 325
552 324
552 323
552 322
552 321
552 320
551 319
550 319
549 319
548 319
547 319
546 319
545 319
544 319
543 319
542 318
541 318
540 318
539 318
538 318
537 318
536 318
535 318
534 318
533 318
532 318
531 318
530 318
529 318
528 318
527 318
526 318
525 318
524 318
523 318
522 317
522 316
522 315
522 314
522 313
522 312
522 311
522 310
521 309
520 308
519 307
518 306
518 305
517 305
516 305
515 305
514 305
513 304
512 303
511 302
510 301
509 300
508 299
507 300
506 301
505 302
504 303
503 304
502 305
501 305
500 305
499 305
498 305
497 305
497 304
497 303
497 302
497 301
496 300
495 299
494 298
493 297
493 296
493 295
493 294
493 293
493 292
493 291
493 290
493 289
493 288
493 287
493 286
493 285
493 284
493 283
492 282
492 281
491 281
493 281
494 281
495 281
496 281
497 281
498 281
499 281
500 281
501 281
502 281
503 281
504 281
505 281
492 298
491 299
490 300
489 301
488 302
487 303
486 304
485 305
484 305
483 304
482 303
481 302
480 301
479 300
478 299
477 298
476 297
475 296
474 295
473 294
472 293
471 292
470 291
469 290
485 306
485 307
498 306
499 307
500 308
501 309
501 310
501 311
501 312
501 313
519 305
520 305
521 305
522 305
523 305
524 304
525 303
526 302
527 301
528 300
529 299
530 298
531 297
532 298
533 299
534 300
535 301
536 302
537 302
538 302
539 302
540 302
541 302
551 318
551 317
551 316
552 315
553 314
554 313
555 312
556 311
556 310
556 309
556 308
556 307
556 306
556 305
556 304
556 303
556 302
556 301
556 300
556 299
556 298
555 297
557 312
558 313
559 314
560 315
561 316
562 317
563 318
564 319
565 319
566 319
567 319
568 319
569 319
570 319
571 319
572 319
573 319
574 319
575 319
576 319
577 319
578 318
579 317
580 316
581 315
581 314
581 313
581 312
581 311
582 311
581 310
581 309
581 308
581 307
580 306
579 305
578 304
578 303
578 302
578 301
578 300
578 299
578 298
578 297
578 296
577 295
577 294
577 293
577 292
577 291
577 290
577 289
577 288
577 287
578 286
577 285
576 284
575 283
574 282
573 281
572 280
571 279
570 278
569 277
568 276
567 275
566 274
565 273
565 272
565 271
566 270
567 269
568 268
569 267
564 274
563 275
562 276
561 277
560 278
559 279
558 280
558 281
557 281
556 281
555 281
554 280
553 279
552 278
551 277
550 276
549 275
548 274
547 273
546 272
545 271
583 310
584 309
585 308
586 307
587 306
588 305
589 304
590 303
591 302
592 302
593 302
594 302
595 302
596 301
597 300
598 299
599 298
600 297
601 296
602 295
603 294
604 293
605 292
605 291
605 290
605 289
606 289
605 288
604 287
603 286
602 285
601 284
600 283
599 282
598 281
597 280
607 288
608 287
609 286
610 285
611 284
612 283
613 282
614 281
615 280
616 279
616 278
616 277
616 276
616 275
616 274
616 273
616 272
617 271
618 270
618 269
617 269
616 269
615 269
614 269
613 269
612 269
611 269
610 269
609 268
608 267
607 266
606 265
605 264
604 263
603 262
602 261
601 260
600 259
599 258
598 257
597 256
596 255
595 254
619 269
620 269
621 269
622 268
623 267
624 266
625 265
626 264
627 263
628 262
629 261
630 260
631 259
631 258
631 257
631 256
631 255
631 254
631 253
631 252
631 251
631 250
631 249
631 248
631 247
631 246
630 245
629 244
628 243
627 242
626 241
625 240
625 239
625 238
625 237
625 236
625 235
625 234
625 233
625 232
625 231
625 230
625 229
625 228
625 227
625 226
625 225
625 224
625 223
626 222
626 221
626 220
626 219
626 218
626 217
626 216
626 215
626 214
626 213
626 212
626 211
626 210
626 209
626 208
626 207
626 206
627 205
627 204
627 203
627 202
627 201
628 200
629 199
630 198
631 197
631 196
631 195
631 194
631 193
631 192
631 191
631 190
630 189
629 188
629 187
629 186
629 185
629 184
629 183
629 182
629 181
628 180
627 179
626 178
625 177
624 176
623 175
606 293
606 294
606 295
606 296
606 297
606 298
606 299
606 300
606 301
607 302
608 303
609 304
610 305
611 306
612 307
613 308
614 309
614 310
614 311
614 312
615 312
616 311
617 310
618 309
619 308
620 307
621 306
622 305
623 304
624 303
625 302
626 301
627 300
628 299
629 298
582 316
583 317
584 318
585 319
586 320
587 321
588 321
589 321
590 321
591 321
592 321
593 321
594 321
595 321
594 322
593 323
592 324
592 325
592 326
592 327
592 328
592 329
592 330
592 331
592 332
593 333
594 334
595 335
596 336
597 337
598 338
599 338
600 338
601 338
547 338
546 339
545 340
544 341
543 342
542 343
541 344
540 345
539 346
539 347
539 348
539 349
549 338
550 339
551 340
552 341
553 342
554 343
555 344
556 345
557 346
558 347
559 348
560 349
560 350
561 348
562 347
563 346
564 345
565 344
566 343
567 342
568 341
569 340
570 339
571 338
521 343
520 342
519 341
518 340
517 339
516 338
515 337
514 336
513 335
506 371
507 372
508 373
509 374
510 375
511 376
512 377
513 377
514 377
515 377
516 377
517 377
518 377
517 378
517 379
517 380
517 381
517 382
517 383
517 384
517 385
517 386
517 387
517 388
517 389
517 390
518 391
519 392
520 392
521 392
522 392
523 392
524 392
525 392
526 392
527 392
528 392
529 392
530 392
531 392
532 392
533 392
534 392
535 391
536 390
537 389
538 388
539 387
539 386
539 385
539 384
539 383
540 382
541 381
542 380
543 379
544 378
545 377
545 376
544 376
543 376
542 376
541 376
540 375
539 374
538 373
537 372
536 371
535 370
534 369
546 376
546 375
546 374
546 373
546 372
546 371
547 370
548 369
549 368
547 377
548 378
549 379
550 380
551 381
552 382
553 382
554 382
555 382
556 382
557 382
558 382
559 382
560 382
561 382
562 381
563 380
564 379
565 378
566 377
567 376
568 375
569 374
570 373
571 373
571 374
572 375
572 376
572 377
572 378
572 379
572 380
572 381
572 382
572 383
572 384
572 385
572 372
573 371
574 372
575 373
576 374
577 375
578 376
579 377
580 378
581 379
582 380
583 381
584 382
585 382
585 383
585 384
586 381
587 380
588 379
589 378
590 377
591 376
592 375
592 374
592 373
592 372
592 371
592 370
592 369
592 368
592 367
592 366
592 365
592 364
592 363
591 363
590 363
589 363
588 362
587 361
586 360
585 359
584 358
583 357
593 363
594 363
595 363
596 363
597 363
598 363
599 362
600 361
601 360
602 359
603 358
604 357
593 376
594 376
595 376
596 376
597 376
598 376
599 376
600 376
601 377
602 378
603 379
604 380
605 381
605 382
605 383
605 384
605 385
605 386
606 386
607 386
608 386
609 386
610 386
611 386
612 386
613 386
614 386
615 386
616 385
617 384
618 385
619 386
620 387
621 388
622 389
623 390
624 391
625 392
626 393
627 394
628 395
629 396
630 397
631 398
631 399
631 400
632 400
631 401
631 402
631 403
632 404
633 404
634 404
635 404
636 404
637 404
638 404
639 404
640 404
641 404
642 404
643 404
643 405
643 406
643 407
643 408
643 409
643 410
643 411
643 412
643 413
633 399
634 398
635 397
636 396
637 395
638 394
639 393
640 392
640 391
640 390
640 389
640 388
640 387
640 386
640 385
640 384
640 383
640 382
641 381
642 380
643 379
644 378
644 377
644 376
643 375
642 374
641 373
640 372
639 371
638 370
637 369
636 368
635 367
634 366
633 365
632 364
631 363
630 362
629 361
628 360
628 359
628 358
628 357
628 356
628 355
628 354
628 353
629 352
630 352
631 352
632 351
633 350
634 349
635 348
636 347
637 346
637 345
638 345
636 344
635 343
634 342
633 341
632 340
631 339
630 338
629 337
628 336
627 335
626 334
604 387
603 388
602 389
601 390
600 391
599 392
599 393
599 394
599 395
599 396
599 397
599 398
599 399
599 400
599 401
599 402
599 403
600 404
601 405
602 406
603 407
603 408
603 409
603 410
603 411
603 412
602 413
601 414
600 415
600 416
600 417
600 418
600 419
600 420
600 421
600 422
558 383
557 384
556 385
555 386
555 387
555 388
555 389
555 390
555 391
555 392
555 393
555 394
554 395
553 396
552 397
551 398
550 399
549 400
548 400
476 363
475 362
474 361
473 360
472 359
471 358
470 357
469 356
452 335
453 336
454 337
455 338
456 339
457 340
458 341
458 342
458 343
458 344
447 255
448 256
449 257
450 258
451 259
452 260
453 261
454 262
455 263
456 263
457 263
456 264
455 265
454 266
453 267
452 268
451 269
450 269
449 269
458 264
459 265
460 266
460 267
460 268
460 269
460 270
460 271
460 272
459 273
458 274
457 275
456 276
455 277
454 278
453 279
452 280
451 281
450 282
449 282
448 282
449 283
449 284
449 285
449 286
449 287
449 288
449 289
449 290
449 291
449 292
449 293
449 294
449 295
425 225
426 226
427 227
428 228
429 228
430 228
431 228
432 228
433 228
434 228
437 205
438 206
439 207
440 208
441 209
442 210
443 211
444 211
445 211
446 211
447 211
448 211
449 211
450 211
451 211
452 211
453 211
454 211
455 211
456 211
456 210
456 209
456 208
456 207
456 206
456 205
456 204
456 203
456 202
456 201
456 200
455 200
454 200
453 200
452 200
451 199
450 198
449 197
448 196
457 200
458 201
459 202
460 203
461 204
462 205
463 206
464 207
465 208
466 208
467 208
468 208
468 207
468 206
468 205
468 204
468 203
468 202
468 201
468 200
468 199
469 198
469 197
469 196
469 195
469 194
469 193
470 192
471 191
472 190
473 189
474 188
475 187
476 186
477 185
477 184
477 183
477 182
477 181
477 180
477 179
477 178
478 177
479 176
480 175
481 176
482 176
483 176
484 176
485 176
486 176
487 176
488 176
489 176
490 176
491 176
492 176
493 176
494 176
495 176
496 176
497 176
498 176
499 176
500 175
500 174
500 173
500 172
500 171
500 170
500 169
500 168
500 167
500 166
500 165
501 164
502 163
503 163
504 163
505 163
506 163
507 163
508 163
509 163
510 163
511 163
512 162
513 161
514 160
515 159
516 158
517 157
518 156
519 157
519 158
519 159
519 160
519 161
519 162
519 163
519 164
519 165
519 166
519 167
519 168
519 169
502 162
502 161
502 160
502 159
501 158
500 157
499 156
498 155
497 154
496 153
495 152
494 151
493 150
492 149
491 149
490 149
489 148
488 147
487 146
486 145
485 144
484 143
483 142
482 141
481 140
480 141
479 142
478 143
477 144
477 145
477 146
477 147
477 148
476 149
475 150
474 151
473 152
472 153
471 154
470 154
469 154
468 154
468 153
467 152
466 151
465 150
464 149
463 148
462 147
461 146
460 145
459 144
458 143
457 142
457 141
457 140
457 139
457 138
457 137
457 136
457 135
458 134
459 133
460 132
461 131
462 130
492 148
492 147
492 146
492 145
493 144
494 143
495 142
496 141
497 140
498 140
499 140
500 140
501 140
502 140
503 140
504 140
505 140
506 139
507 138
507 137
507 136
507 135
507 134
507 133
507 132
507 131
507 130
508 129
509 128
510 128
511 128
512 128
513 128
514 128
515 128
516 128
517 128
518 128
519 128
520 128
521 128
522 128
523 128
524 128
525 128
526 128
527 128
528 128
529 128
530 127
531 126
532 125
533 124
534 123
535 123
536 123
537 123
538 123
539 123
540 123
541 123
542 123
543 123
544 123
545 122
545 121
545 120
545 119
546 118
547 117
548 116
549 115
550 114
551 113
552 113
552 114
553 115
554 116
555 117
555 118
555 119
555 120
555 121
556 122
556 123
556 124
556 125
556 126
556 127
556 128
556 129
556 130
553 112
554 111
555 110
556 109
557 108
558 107
559 106
560 105
509 127
509 126
509 125
509 124
509 123
509 122
509 121
509 120
508 119
507 119
506 119
505 119
504 119
503 119
502 119
501 119
500 119
499 119
498 119
497 119
496 119
495 118
494 117
493 117
492 117
491 117
490 117
489 117
488 117
487 117
486 117
485 117
484 117
483 117
482 117
481 116
480 115
479 114
479 113
479 112
479 111
479 110
479 109
479 108
479 107
479 106
479 105
480 104
481 103
482 102
483 101
484 101
485 101
486 101
487 101
488 101
489 101
490 101
491 101
492 101
493 101
494 101
495 101
508 118
508 117
508 116
509 115
510 114
511 113
512 112
513 111
514 110
515 109
516 108
517 107
518 106
519 105
520 104
521 103
522 104
523 104
524 104
525 104
526 104
527 104
528 104
529 104
530 104
501 176
502 177
502 178
502 179
502 180
502 181
502 182
502 183
502 184
502 185
478 186
479 187
480 188
481 189
482 190
483 191
484 192
485 193
486 193
487 193
488 194
489 195
490 196
491 197
492 198
493 199
494 200
495 201
496 202
497 203
498 204
499 205
500 205
501 205
502 205
503 205
504 205
505 205
506 205
507 205
508 205
509 205
510 205
511 205
512 205
513 205
514 205
515 205
516 204
517 203
518 202
519 201
520 202
521 203
522 204
523 205
524 206
525 206
526 206
527 206
528 206
529 206
528 207
527 208
527 209
527 210
527 211
527 212
527 213
527 214
527 215
527 216
527 217
527 218
527 219
527 220
526 221
525 222
525 223
525 224
525 225
525 226
525 227
525 228
525 229
525 230
524 231
523 232
522 233
521 234
520 235
519 235
518 235
517 235
516 235
515 235
514 235
513 236
512 236
511 236
510 236
509 236
508 236
507 236
506 236
505 236
504 236
503 236
502 236
501 237
500 238
499 239
499 240
499 241
499 242
499 243
499 244
499 245
498 246
497 247
496 248
495 249
494 250
493 251
492 252
491 252
490 252
489 252
488 252
487 252
486 252
485 252
484 252
483 252
482 252
481 252
490 253
489 254
488 255
487 256
486 257
485 258
484 259
484 260
484 261
484 262
500 246
501 247
502 248
503 249
504 250
505 251
505 252
504 253
503 254
503 255
526 231
527 232
527 233
527 234
527 235
527 236
527 237
527 238
526 239
525 240
524 241
524 242
524 243
524 244
524 245
524 246
524 247
524 248
524 249
524 250
524 251
524 252
524 253
524 254
524 255
524 256
524 257
524 258
524 259
525 260
526 261
527 262
527 263
527 264
527 265
527 266
527 267
527 268
527 269
527 270
527 271
527 272
528 239
529 240
530 241
531 242
532 243
533 244
534 245
535 246
536 247
537 248
538 249
539 250
540 250
541 250
542 250
543 250
544 251
545 252
546 252
547 252
548 252
549 252
550 252
551 252
551 251
552 250
553 249
554 248
555 247
556 246
557 245
558 244
559 243
559 242
559 241
559 240
559 239
559 238
559 237
559 236
559 235
559 234
559 233
559 232
558 232
557 232
556 232
555 232
554 232
553 232
552 232
551 232
550 232
549 231
548 230
560 232
530 205
531 204
532 203
533 202
534 201
535 200
536 199
537 198
538 197
539 196
540 195
541 194
542 193
543 192
544 191
544 190
544 189
544 188
544 187
543 187
542 186
541 185
540 184
539 183
538 182
537 181
537 180
537 179
538 178
539 177
540 176
541 175
542 174
543 173
544 172
545 171
546 171
547 171
548 171
549 171
550 171
551 171
552 171
553 171
554 170
555 169
555 168
556 167
557 166
558 165
559 164
559 163
559 162
559 161
559 160
559 159
559 158
559 157
559 156
559 155
560 154
561 153
561 152
560 152
559 152
558 152
557 152
556 152
555 152
554 151
553 150
562 152
563 153
564 154
565 155
566 156
567 157
568 158
569 159
570 160
571 161
572 162
573 163
574 164
575 165
576 165
576 164
576 163
576 162
576 161
576 160
576 159
576 158
577 157
578 156
579 155
580 154
581 153
582 152
583 151
583 150
583 149
583 148
583 147
583 146
583 145
583 144
583 143
583 142
583 141
583 140
583 139
583 138
583 137
583 136
583 135
583 134
583 133
584 132
585 131
586 130
587 129
588 128
589 127
590 126
590 125
590 124
590 123
590 122
590 121
590 120
590 119
590 118
590 117
590 116
590 115
591 114
592 113
593 112
594 111
594 110
594 109
594 108
593 108
592 107
591 106
590 105
589 104
588 103
587 102
586 101
585 100
584 99
583 98
582 97
581 96
595 107
596 106
597 105
598 104
599 103
600 102
601 101
584 152
585 153
586 154
587 155
588 156
589 157
590 158
591 158
592 158
593 158
594 158
595 158
596 158
597 158
598 158
599 158
600 158
601 158
602 158
603 158
604 158
605 157
606 156
607 155
608 154
609 153
610 152
611 151
612 150
613 149
614 148
615 147
616 147
617 147
616 148
617 149
618 150
619 151
620 152
621 153
622 154
623 155
624 155
625 155
626 155
627 155
628 155
629 155
630 155
631 155
632 155
633 155
634 155
635 156
636 157
637 158
638 158
639 158
640 158
641 158
642 158
643 158
644 158
645 158
646 158
647 158
648 158
649 158
650 158
618 146
619 145
620 144
621 143
622 142
623 141
624 140
625 139
626 138
627 137
628 136
629 135
630 134
577 166
578 167
579 168
580 169
581 170
582 171
583 172
584 173
585 174
586 175
587 176
588 177
589 178
590 178
591 178
544 186
545 185
546 184
547 183
545 192
546 192
547 192
548 192
549 192
550 192
551 192
552 192
553 192
554 193
555 194
556 195
557 196
558 197
559 198
560 199
561 200
562 201
563 202
564 202
565 202
566 202
567 202
568 203
569 204
570 205
571 206
572 207
573 208
574 209
575 210
576 211
577 212
578 213
579 214
580 215
580 216
580 217
581 218
582 219
583 220
584 221
585 222
586 223
587 224
588 225
589 226
590 227
591 227
592 227
593 227
594 227
595 227
596 227
597 227
598 227
599 227
600 226
601 225
602 224
603 223
603 222
603 221
603 220
603 219
603 218
603 217
603 216
602 215
601 214
600 213
599 212
598 211
597 211
596 211
595 210
594 209
593 208
592 207
591 206
590 205
589 204
588 203
587 202
586 201
604 224
605 225
606 226
606 227
606 228
606 229
606 230
606 231
606 232
606 233
606 234
606 235
606 236
589 228
589 229
589 230
589 231
589 232
589 233
589 234
589 235
589 236
445 212
446 213
447 214
448 215
449 216
450 217
451 218
452 219
453 220
454 221
454 222
454 223
454 224
454 225
454 226
455 227
456 228
457 229
458 230
459 231
460 231
461 231
462 231
463 231
464 231
465 231
466 231
467 231
468 231
469 231
470 231
452 173
453 173
454 173
455 173
456 173
457 173
458 173
459 173
460 173
461 173
462 173
463 173
462 174
461 175
461 176
461 177
461 178
461 179
461 180
461 181
461 182
461 183
461 184
361 133
362 134
363 135
364 136
365 137
366 138
367 139
368 140
369 141
370 142
371 143
372 144
372 145
372 146
372 147
372 148
372 149
372 150
372 151
372 152
372 153
356 138
356 139
356 140
356 141
297 203
297 204
297 205
297 206
297 207
297 208
297 209
297 210
321 217
320 218
319 219
318 220
317 221
317 222
317 223
317 224
317 225
317 226
316 227
315 228
314 229
313 230
312 231
311 232
310 233
309 234
308 235
307 236
307 237
307 238
307 239
307 240
307 241
306 242
305 243
305 244
305 245
305 246
305 247
305 248
305 249
305 250
305 251
305 252
305 253
305 254
305 255
304 256
303 257
302 258
301 259
300 260
299 261
299 262
299 263
299 264
299 265
299 266
299 267
299 268
298 268
297 268
296 268
295 268
294 268
293 268
292 267
291 266
290 265
289 264
288 264
287 264
286 263
285 262
284 261
283 260
282 259
282 258
281 258
283 258
284 258
285 257
286 256
287 255
288 254
289 253
290 252
291 251
292 250
292 249
292 248
292 247
292 246
291 245
290 244
289 243
288 242
287 241
288 265
287 266
286 267
285 268
284 269
283 270
283 271
283 272
283 273
283 274
283 275
283 276
283 277
282 278
281 279
280 280
279 281
278 282
277 283
276 284
275 284
274 284
273 284
272 285
271 286
270 286
269 286
268 286
267 286
266 286
265 286
264 286
263 286
262 286
261 286
260 286
259 285
258 284
257 283
256 282
255 281
254 280
253 279
253 278
253 277
253 276
253 275
253 274
253 273
253 272
253 271
253 270
253 269
252 268
251 267
250 266
250 265
250 264
250 263
251 262
252 261
253 260
254 259
255 258
256 257
256 256
256 255
256 254
257 254
258 253
259 252
260 251
261 250
262 249
263 248
264 247
265 246
266 245
267 244
267 243
267 242
267 241
267 240
267 239
267 238
267 237
267 236
268 235
269 234
269 233
269 232
269 231
270 231
269 230
269 229
269 228
268 227
267 226
266 225
265 224
264 223
263 222
262 221
261 220
271 230
272 229
273 228
274 227
275 226
276 225
277 224
278 223
279 222
279 221
279 220
279 219
279 218
279 217
279 216
279 215
280 214
255 253
254 252
253 251
252 250
251 249
250 248
249 247
248 246
247 245
246 244
245 243
245 242
245 241
245 240
245 239
245 238
245 237
245 236
245 235
244 234
243 233
242 232
241 231
240 230
240 229
240 228
240 227
241 226
242 225
243 224
244 223
245 222
245 221
244 221
243 221
242 221
241 221
240 221
239 221
238 221
237 220
236 219
235 218
234 217
233 216
232 215
231 214
230 213
246 221
244 244
243 245
242 245
241 245
240 245
239 245
238 245
237 245
236 245
235 246
234 247
233 248
232 249
231 250
230 251
229 251
228 250
227 249
226 248
225 247
224 246
223 245
222 244
221 243
230 252
230 253
230 254
230 255
257 258
258 259
259 260
260 260
261 260
262 260
263 260
264 260
265 260
252 280
251 281
250 282
249 283
248 284
247 284
246 284
245 284
244 284
243 284
263 287
262 288
262 289
262 290
262 291
262 292
262 293
262 294
262 295
262 296
262 297
262 298
262 299
262 300
261 301
260 302
259 303
258 304
257 305
256 306
255 307
254 307
253 307
252 307
251 307
250 307
263 301
264 302
265 303
266 304
267 305
268 306
269 307
269 308
269 309
269 310
270 310
271 310
272 310
273 310
274 310
275 310
276 310
277 310
278 309
279 308
280 307
281 306
282 305
284 278
285 279
286 280
287 281
287 282
287 283
287 284
287 285
287 286
287 287
287 288
287 289
287 290
287 291
308 242
309 243
310 244
311 245
312 246
313 247
314 248
315 249
316 250
317 251
318 252
319 252
320 252
321 252
322 252
323 252
337 206
338 207
339 208
340 209
341 210
342 211
343 212
344 213
344 214
379 209
380 209
381 209
382 209
383 209
384 209
385 209
386 209
387 209
388 209
389 209
390 209
391 209
392 209
393 209
393 210
393 211
393 212
393 213
393 214
393 215
393 216
393 217
359 256
359 255
359 254
359 253
359 252
359 251
359 250
359 249
359 248
358 247
357 246
356 245
355 244
354 243
353 242
352 241
351 240
854
333 279
324 282
313 286
313 294
340 292
353 287
362 284
355 273
366 273
375 273
385 264
389 272
339 306
332 319
319 309
344 329
344 343
330 356
319 344
309 336
295 336
284 330
275 330
264 327
251 326
242 338
229 333
216 336
236 346
235 355
225 360
215 351
214 361
204 363
196 370
190 360
198 352
202 348
200 340
194 329
184 317
176 303
168 299
160 295
159 286
147 293
138 290
132 278
124 278
136 267
124 255
123 240
132 232
126 222
132 210
140 204
151 203
158 189
169 188
181 196
192 194
182 182
190 169
201 206
213 211
200 221
207 197
209 187
223 179
230 177
228 159
245 189
223 187
203 176
207 169
151 181
139 181
127 187
116 179
118 168
128 167
136 160
135 148
134 136
126 136
118 138
114 150
101 160
94 155
86 146
74 138
64 137
56 136
53 144
42 159
24 159
27 174
35 181
41 183
29 205
21 215
66 153
76 164
71 169
60 171
84 170
78 179
61 190
68 202
66 211
62 216
54 212
51 221
65 236
54 237
65 248
81 133
127 128
137 125
112 189
108 196
98 204
87 218
95 219
91 228
104 231
110 223
96 185
160 204
158 212
152 222
161 231
161 239
158 251
149 258
149 268
167 254
170 234
177 238
188 237
196 239
206 238
193 248
180 257
196 260
211 258
206 274
183 271
176 280
187 286
167 269
127 202
132 244
114 256
105 271
136 259
145 306
123 309
111 312
110 304
115 295
97 315
86 325
73 338
64 339
50 327
39 325
28 324
31 335
14 340
18 348
14 357
23 366
32 363
35 347
62 317
69 308
78 303
65 300
53 293
55 284
67 287
77 278
76 269
65 269
63 272
86 260
91 246
99 248
84 282
88 274
99 286
57 307
71 322
66 347
52 359
74 352
86 346
87 354
95 326
103 341
135 321
125 328
134 342
148 351
140 363
127 361
118 369
103 357
95 372
91 387
79 379
76 371
69 388
53 397
37 389
73 398
74 411
90 398
117 380
114 386
115 395
125 403
119 416
113 419
111 427
100 431
112 437
113 445
121 439
134 433
144 430
152 429
160 429
156 441
136 422
132 417
145 414
129 380
156 362
184 299
168 322
166 336
202 329
196 318
210 316
202 302
214 301
220 293
225 285
224 311
233 301
192 342
185 380
172 365
176 382
165 384
158 394
149 391
141 397
176 393
171 403
166 406
190 389
187 396
191 406
194 415
184 421
188 429
180 433
195 442
202 425
218 422
213 441
199 395
205 400
215 390
222 380
226 372
221 397
228 393
233 384
243 407
245 415
265 418
273 423
286 425
297 430
260 430
255 439
263 440
276 440
290 458
303 454
317 436
315 422
297 475
308 481
303 492
315 496
326 493
323 484
328 474
342 478
333 459
347 466
362 477
363 466
377 480
375 493
376 503
325 507
332 514
344 506
345 493
357 515
348 520
218 405
200 376
245 361
255 356
266 368
269 376
255 390
279 391
280 403
245 370
270 338
258 342
282 342
289 350
283 361
299 319
327 338
331 368
345 368
358 373
368 363
369 377
317 373
313 379
309 377
304 386
317 385
329 387
337 388
324 402
358 395
352 403
360 406
374 405
353 416
344 417
339 432
359 427
360 335
366 345
344 258
359 257
369 251
379 246
388 232
398 241
369 241
370 231
367 218
364 210
378 208
371 198
357 195
347 195
336 205
322 216
307 203
298 202
293 194
281 197
270 195
261 181
251 166
269 178
301 189
294 179
286 167
273 162
259 148
293 164
284 183
308 177
318 183
333 172
333 162
343 159
353 155
357 174
323 151
313 150
305 144
307 134
295 148
285 141
281 128
267 128
259 128
246 117
232 116
219 118
210 111
196 121
196 108
179 100
191 130
180 125
171 126
160 125
152 125
160 116
146 101
137 107
125 97
110 103
100 109
107 119
157 140
163 153
163 163
190 135
199 142
212 128
258 115
248 103
256 100
264 100
287 118
288 109
298 111
301 101
301 91
294 132
324 136
332 130
334 142
344 135
348 130
360 132
370 120
363 107
360 101
349 99
344 87
331 79
319 91
318 106
345 78
345 65
336 52
328 53
321 65
305 71
290 63
287 50
306 48
354 52
364 45
357 34
350 22
335 34
369 32
377 40
379 43
379 57
392 64
403 59
401 44
410 43
429 54
429 70
423 74
397 75
391 84
415 93
381 35
355 67
368 72
376 76
372 86
345 113
372 107
386 117
396 119
404 117
404 128
396 141
415 142
429 147
430 137
441 139
447 127
437 114
444 104
457 106
462 115
424 121
439 160
451 172
443 175
435 182
445 184
434 195
423 196
415 196
412 183
411 172
399 177
387 183
376 182
390 169
404 157
436 204
424 212
423 223
423 233
413 245
401 256
434 244
446 254
437 260
425 258
415 260
411 269
420 270
426 285
418 296
413 307
405 316
393 305
386 294
371 301
357 307
390 315
391 327
383 335
390 345
397 357
385 360
391 374
407 371
416 373
395 341
425 306
425 317
416 322
415 336
435 320
444 328
436 330
451 334
441 342
432 353
445 350
456 358
457 362
447 372
443 388
441 399
427 390
426 401
415 405
399 420
392 407
392 433
378 436
415 436
414 451
398 455
400 474
414 477
407 489
410 504
431 441
441 439
416 419
430 418
469 374
462 377
478 364
480 372
490 377
490 387
479 400
470 404
462 398
460 413
478 415
470 425
460 444
479 431
502 395
508 407
514 421
517 429
509 431
495 424
509 441
531 431
540 438
540 423
552 425
562 427
573 423
578 409
584 444
597 447
497 371
505 370
505 362
493 356
494 344
488 334
478 339
512 348
523 344
538 330
548 337
552 329
551 319
542 318
532 318
522 317
517 305
508 299
497 305
493 297
491 281
505 281
469 290
485 307
501 313
531 297
541 302
556 311
555 297
571 319
581 315
578 304
577 295
578 286
565 273
569 267
558 281
545 271
591 302
605 292
597 280
616 279
606 265
595 254
619 269
631 259
625 240
626 222
626 214
627 205
631 197
629 188
623 175
606 301
614 312
629 298
595 321
592 332
601 338
539 349
560 350
571 338
513 335
518 377
517 390
526 392
539 387
534 369
546 376
549 368
559 382
570 373
572 385
573 371
585 384
592 375
583 357
593 363
604 357
600 376
605 386
617 384
631 403
643 404
643 413
640 392
644 378
628 360
629 352
638 345
626 334
599 403
603 412
600 422
555 394
548 400
469 356
458 344
457 263
449 269
460 272
448 282
449 295
434 228
444 211
456 211
448 196
457 200
468 208
469 198
477 185
480 175
490 176
500 175
502 163
518 156
519 169
492 149
481 140
477 148
468 154
457 142
462 130
497 140
507 138
509 128
519 128
534 123
545 122
551 113
555 121
556 130
560 105
508 119
494 117
479 114
483 101
495 101
521 103
530 104
502 185
487 193
501 205
511 205
519 201
529 206
527 220
525 230
514 235
502 236
499 245
491 252
481 252
484 262
505 252
503 255
527 238
524 249
524 259
527 272
543 250
551 252
559 243
548 230
560 232
544 191
537 181
545 171
555 169
559 164
553 150
562 152
576 165
583 151
583 134
590 126
594 111
581 96
601 101
597 158
615 147
634 155
650 158
630 134
591 178
547 183
553 192
567 202
580 217
590 227
603 223
598 211
586 201
606 236
589 236
454 226
470 231
463 173
461 184
368 140
372 153
356 141
297 210
317 226
307 241
305 255
299 268
289 264
281 258
292 250
287 241
283 277
273 284
264 286
253 279
250 266
256 257
267 244
269 234
261 220
279 222
280 214
245 243
240 230
230 213
246 221
236 245
221 243
230 255
265 260
243 284
262 300
250 307
269 310
282 305
287 291
323 252
344 214
393 209
393 217
351 240
