1511
120 89
120 88
120 87
120 86
120 85
120 84
120 83
120 82
121 81
121 80
120 80
119 80
118 80
117 80
116 80
115 80
114 79
113 78
112 77
111 76
110 75
122 80
119 91
118 92
117 92
116 92
115 92
114 92
113 92
112 92
111 92
110 92
109 92
108 93
107 94
106 95
105 96
104 97
103 98
103 99
102 99
101 98
100 97
99 96
98 95
98 94
98 93
98 92
98 91
97 90
96 89
95 88
94 87
93 86
92 85
91 84
91 83
91 82
91 81
91 80
92 79
93 78
90 85
89 86
88 87
87 88
86 89
85 90
84 91
83 92
82 93
81 93
80 93
79 93
78 93
77 93
76 92
75 91
74 90
73 89
72 88
71 87
70 86
69 85
68 84
68 83
67 83
66 83
65 83
64 82
63 81
62 81
61 80
60 79
59 78
58 77
57 77
56 77
55 77
54 77
53 77
52 77
51 77
50 77
49 77
48 77
47 77
47 76
47 75
47 74
47 73
47 72
47 71
46 70
45 69
44 68
43 67
42 66
41 66
40 65
39 64
38 63
38 62
37 62
39 61
40 60
41 59
42 58
43 57
44 56
45 55
46 54
46 53
45 53
44 53
43 53
42 53
41 53
40 52
39 51
38 50
37 50
36 50
35 50
34 50
33 50
32 50
31 49
30 48
29 47
28 46
27 45
26 44
25 45
24 46
24 47
24 48
24 49
24 50
24 51
24 52
24 53
24 54
24 55
24 56
38 49
38 48
38 47
38 46
38 45
38 44
38 43
38 42
39 41
40 40
41 39
42 39
43 39
44 39
45 39
46 39
47 39
48 38
48 37
48 36
49 35
50 34
51 33
52 32
52 31
53 30
54 30
55 30
56 30
57 30
58 30
59 29
60 28
61 27
62 26
54 31
55 32
56 33
57 34
58 35
59 36
60 37
61 37
62 37
63 37
64 37
65 36
66 35
67 34
68 33
69 32
70 31
71 30
72 29
73 28
74 27
75 26
76 26
77 26
78 26
79 26
80 26
81 26
82 26
83 26
84 26
85 26
86 26
87 26
88 25
47 53
48 53
49 53
50 53
51 53
52 53
53 53
54 53
55 53
56 52
57 51
58 50
59 51
60 52
61 53
62 53
63 53
64 53
65 53
66 54
67 55
68 56
69 57
70 58
71 59
72 60
73 61
74 61
75 61
76 61
77 61
78 61
79 61
80 61
81 61
82 61
83 61
84 61
85 61
86 61
87 60
88 59
88 58
88 57
89 56
90 55
91 54
92 53
93 52
94 51
95 50
96 49
97 48
97 47
96 47
95 46
94 45
93 44
92 43
91 42
90 42
89 42
88 42
87 42
86 42
85 42
84 42
83 41
82 40
81 39
80 38
79 39
78 40
78 41
78 42
78 43
78 44
78 45
78 46
78 47
91 41
91 40
91 39
92 38
93 37
94 36
95 35
96 34
97 33
98 32
99 31
100 30
101 29
102 28
103 28
104 28
105 28
106 28
107 28
108 28
109 28
110 27
111 26
112 25
113 24
98 47
99 47
100 47
101 47
102 47
103 47
104 47
105 47
106 46
107 45
108 44
109 43
110 42
111 43
112 44
113 45
114 45
115 45
116 45
117 45
118 45
119 45
120 45
121 45
122 45
122 44
122 43
122 42
123 41
124 40
125 39
126 38
126 37
126 36
126 35
126 34
126 33
126 32
126 31
126 30
126 29
126 28
127 27
123 46
124 47
125 48
126 48
127 48
128 48
129 48
130 48
131 48
132 47
133 46
134 45
135 44
136 43
137 42
138 43
139 44
140 45
141 46
142 47
143 48
144 49
145 49
146 49
146 48
146 47
146 46
146 45
146 44
146 43
146 42
146 41
147 40
148 39
148 38
148 37
148 36
148 35
147 34
146 33
145 32
144 31
143 30
142 29
141 28
149 40
150 41
151 42
152 43
153 44
154 45
155 46
156 47
157 48
157 49
158 49
159 49
160 49
161 49
162 49
163 49
164 49
165 49
166 48
167 47
168 46
169 46
169 47
170 48
171 49
172 50
173 51
174 52
175 53
175 54
175 55
175 56
168 45
168 44
167 43
166 42
165 41
164 40
163 39
162 38
161 37
160 36
160 35
160 34
160 33
160 32
160 31
160 30
161 30
162 29
163 28
164 27
165 26
166 25
159 29
158 28
157 27
156 26
155 25
170 45
171 44
172 43
172 42
172 41
172 40
172 39
173 38
174 37
175 36
176 35
177 34
178 33
179 32
180 33
181 33
182 33
183 33
184 33
185 33
186 33
187 33
188 33
189 34
190 35
191 36
192 37
193 37
194 37
195 38
196 38
197 39
198 40
199 41
199 42
199 43
199 44
199 45
199 46
199 47
200 48
201 48
202 48
203 48
204 48
205 48
206 48
207 48
208 48
209 48
210 48
173 44
174 44
175 44
176 44
177 44
178 44
179 44
180 44
181 44
182 44
183 44
128 49
129 50
130 51
131 52
132 53
133 54
133 55
133 56
133 57
133 58
133 59
132 60
131 61
130 62
129 63
128 64
127 65
126 66
125 67
124 68
123 68
122 68
122 67
121 66
120 65
119 64
118 63
117 62
116 61
115 60
114 59
113 58
112 57
89 60
90 61
91 61
92 61
93 61
94 61
95 61
96 61
97 61
98 61
99 61
46 78
45 79
44 80
43 80
42 80
41 80
40 80
39 80
38 80
37 80
36 80
35 80
34 80
33 80
32 80
31 80
30 79
29 78
28 77
27 76
26 75
25 74
24 73
36 81
35 82
34 83
33 84
32 85
31 86
30 87
29 88
28 89
27 90
26 91
26 92
57 78
56 79
55 80
54 81
53 82
52 83
51 84
50 85
50 86
50 87
50 88
50 89
49 90
48 91
47 92
46 93
45 93
44 93
43 93
42 93
41 93
40 93
39 93
38 93
39 94
40 95
41 96
41 97
41 98
41 99
41 100
41 101
41 102
41 103
40 104
39 105
38 105
37 106
36 106
35 106
34 106
33 106
32 106
31 106
30 106
29 106
28 106
27 106
26 107
25 108
24 109
23 110
23 111
23 112
23 113
23 114
23 115
23 116
23 117
39 106
40 107
41 108
41 109
41 110
41 111
41 112
41 113
41 114
41 115
41 116
40 117
39 118
38 119
37 120
36 120
35 120
34 121
33 122
32 123
31 124
30 125
29 126
28 127
28 128
28 129
28 130
28 131
28 132
36 121
37 122
38 123
39 124
40 125
41 126
41 127
41 128
42 129
43 130
44 131
45 132
46 133
47 134
48 135
49 136
50 137
51 137
52 137
53 137
54 137
55 137
56 137
57 137
58 137
59 137
60 137
61 137
62 137
63 136
64 135
64 134
64 133
64 132
64 131
64 130
65 129
66 128
67 127
68 126
69 125
65 136
66 136
67 136
68 136
69 136
70 136
71 136
72 136
73 136
74 136
75 136
75 135
75 134
75 133
76 132
77 131
78 130
79 129
80 128
81 128
82 128
83 128
84 128
85 127
86 126
87 125
88 124
89 123
90 122
91 121
92 120
93 119
94 118
74 137
73 138
72 139
71 140
70 141
70 142
70 143
70 144
70 145
70 146
70 147
70 148
53 138
54 139
55 140
55 141
55 142
55 143
55 144
55 145
55 146
55 147
58 76
58 75
58 74
58 73
59 72
60 71
61 70
62 69
62 68
61 68
60 68
59 67
58 66
63 68
69 83
70 83
71 83
72 82
73 81
74 80
78 94
77 95
76 96
75 97
75 98
74 98
73 98
72 98
71 98
70 98
69 98
68 97
67 96
66 97
65 98
64 99
63 100
62 101
61 102
60 103
59 104
58 105
57 106
56 106
55 106
56 107
57 108
58 108
59 108
60 108
61 108
60 109
59 110
58 111
57 112
56 113
55 114
54 115
54 116
54 117
54 118
97 96
96 97
95 98
94 99
93 99
92 99
91 100
90 101
89 102
88 103
87 104
86 105
85 106
84 107
83 108
82 109
81 110
80 111
80 112
104 100
105 101
106 102
107 103
121 91
122 92
123 93
124 94
125 95
126 96
127 96
127 95
127 94
128 93
129 92
130 91
131 92
132 93
133 94
134 95
135 96
136 97
137 98
138 99
139 99
139 98
139 97
139 96
139 95
139 94
139 93
139 92
140 91
141 90
142 89
143 88
143 87
143 86
143 85
143 84
143 83
142 82
141 81
140 80
139 79
138 78
137 77
136 76
144 89
145 90
146 91
147 92
148 92
149 92
150 92
151 92
152 92
153 92
154 92
155 93
156 94
156 95
156 96
156 97
156 98
156 99
156 100
156 101
156 102
156 103
157 103
158 103
159 103
160 103
161 103
162 103
163 103
164 102
165 101
166 100
167 99
168 99
169 99
168 100
169 101
170 102
171 103
172 104
173 105
174 106
175 107
176 107
177 107
176 108
175 109
174 110
173 111
173 112
173 113
173 114
173 115
173 116
173 117
173 118
172 119
171 120
171 121
171 122
171 123
171 124
171 125
171 126
171 127
171 128
171 129
170 129
170 130
169 130
168 130
167 130
166 130
165 131
164 132
164 133
164 134
164 135
164 136
164 137
164 138
164 139
163 139
162 139
161 138
160 137
159 136
158 135
157 134
156 133
155 132
154 131
153 132
152 133
151 134
150 135
150 136
149 136
148 135
147 134
146 133
145 132
144 131
143 130
150 137
150 138
150 139
150 140
150 141
150 142
150 143
150 144
150 145
150 146
150 147
150 148
150 149
150 150
150 151
164 140
165 140
164 141
164 142
164 143
164 144
164 145
164 146
164 147
164 148
164 149
164 150
166 141
167 142
168 143
169 144
170 145
171 145
172 145
173 145
174 145
175 145
176 145
177 145
178 145
179 145
180 145
181 145
182 145
183 145
184 145
185 145
186 145
187 144
188 143
188 142
189 141
190 140
191 140
192 140
193 140
194 140
195 140
196 139
197 139
198 139
199 139
200 139
201 139
202 139
203 139
204 139
205 138
206 137
207 136
207 135
207 134
208 133
209 132
196 138
196 137
196 136
196 135
196 134
196 133
196 132
196 131
196 130
196 129
196 128
197 128
198 128
199 127
200 126
201 125
202 124
203 123
204 122
205 121
206 120
207 119
208 118
208 117
208 116
208 115
208 114
208 113
208 112
208 111
208 110
208 109
208 108
209 107
210 106
211 105
212 104
169 128
168 127
167 126
166 125
165 124
164 123
163 122
162 121
161 120
160 119
159 118
174 119
175 120
176 121
177 122
178 123
179 123
180 123
181 123
182 123
183 123
184 123
185 123
186 123
187 123
188 123
189 122
190 121
191 120
192 119
193 118
194 117
195 116
195 115
195 114
194 113
193 112
192 111
191 110
191 109
191 108
191 107
192 106
193 105
194 104
195 103
195 102
195 101
195 100
195 99
195 98
194 97
193 96
192 95
191 94
190 93
190 92
189 92
191 92
192 92
193 92
194 92
195 91
196 90
197 89
198 89
199 89
200 89
201 89
202 89
203 89
204 89
205 88
206 87
207 86
208 85
197 88
197 87
197 86
197 85
197 84
197 83
197 82
197 81
197 80
197 79
196 78
196 77
196 76
196 75
196 74
196 73
196 72
196 71
196 70
197 69
198 68
199 67
199 66
198 66
197 66
196 66
195 66
194 65
193 64
192 63
191 62
190 61
189 60
200 66
201 67
202 68
203 69
204 70
205 71
206 72
207 73
208 73
209 73
210 73
211 73
211 72
211 71
211 70
211 69
211 68
211 67
211 66
211 65
212 64
213 63
214 62
215 61
170 98
171 97
172 96
172 95
172 94
172 93
172 92
172 91
172 90
172 89
172 88
172 87
172 86
172 85
172 84
171 84
170 84
169 84
168 83
167 82
166 81
165 80
165 79
166 78
167 77
168 76
169 75
170 74
171 73
171 72
171 71
170 70
169 69
168 68
167 67
166 66
165 65
164 64
163 63
162 62
161 63
160 63
159 63
158 63
157 63
156 63
155 63
154 63
153 63
152 63
151 63
150 64
149 65
148 66
148 67
148 68
148 69
148 70
148 71
148 72
148 73
148 74
148 75
173 83
174 82
175 81
176 80
177 79
178 78
179 77
180 76
181 75
182 74
127 97
127 98
126 99
125 100
124 101
123 102
122 103
123 104
124 105
125 106
126 107
127 108
127 109
127 110
127 111
127 112
127 113
126 114
125 115
124 116
123 117
122 118
121 119
120 120
119 120
118 120
117 120
116 120
115 120
114 119
113 118
112 117
111 116
110 115
109 114
119 121
118 122
117 123
116 124
116 125
116 126
116 127
116 128
116 129
116 130
116 131
115 132
114 133
113 134
112 135
111 136
110 137
109 138
108 139
107 139
106 139
105 139
104 139
103 139
102 139
101 139
100 139
99 138
98 137
97 136
96 135
95 134
94 133
93 134
92 135
91 136
90 137
90 138
90 139
90 140
90 141
90 142
89 143
88 144
87 145
86 146
85 147
85 148
85 149
85 150
85 151
85 152
85 153
102 140
102 141
102 142
102 143
102 144
102 145
102 146
102 147
102 148
102 149
102 150
104 140
105 141
106 142
107 143
108 144
109 145
110 146
111 147
112 148
113 148
114 148
115 148
116 148
117 132
118 133
119 134
120 135
121 136
122 137
123 138
124 139
125 140
126 141
127 142
128 143
129 144
130 145
131 145
128 114
129 115
130 116
131 117
131 118
131 119
131 120
131 121
131 122
131 123
131 124
132 124
133 124
134 124
135 124
136 124
137 124
138 123
139 122
140 121
141 120
142 119
143 118
159
110 75
122 80
109 92
103 99
98 95
91 84
93 78
79 93
67 83
63 81
58 77
47 77
42 66
37 62
38 50
26 44
24 56
41 39
48 38
50 34
52 32
53 30
62 26
64 37
75 26
88 25
47 53
58 50
65 53
77 61
88 59
91 42
80 38
78 47
102 28
113 24
98 47
110 42
122 45
126 38
127 27
127 48
137 42
146 49
148 39
141 28
157 49
168 46
175 56
160 36
166 25
155 25
172 43
179 32
188 33
194 37
196 38
199 47
210 48
183 44
133 59
122 68
112 57
99 61
37 80
24 73
26 92
50 89
38 93
41 103
38 105
27 106
23 117
41 116
35 120
28 132
41 128
52 137
64 135
69 125
75 136
80 128
94 118
70 148
55 147
58 66
63 68
74 80
75 98
67 96
55 106
61 108
54 118
92 99
80 112
107 103
130 91
139 99
143 88
136 76
154 92
156 103
167 99
177 107
173 118
171 129
166 130
164 139
154 131
143 130
150 138
150 151
164 150
176 145
187 144
188 143
190 140
196 139
207 136
209 132
196 128
208 118
212 104
159 118
184 123
195 116
191 110
195 103
189 92
197 89
208 85
196 78
189 60
200 66
211 73
215 61
172 96
171 84
165 80
171 73
162 62
151 63
148 75
182 74
127 98
122 103
127 113
120 120
109 114
116 131
103 139
94 133
90 142
85 153
102 150
116 148
131 145
131 124
143 118
