1448
119 90
118 90
117 90
116 90
115 90
114 90
113 90
112 90
111 90
110 89
110 88
110 87
110 86
109 85
108 84
107 83
106 82
105 81
104 80
104 79
103 79
103 78
103 77
103 76
103 75
103 74
102 73
101 72
100 71
99 70
98 69
97 68
96 68
95 68
94 68
93 68
92 68
91 68
90 68
89 68
88 68
87 68
86 67
87 66
88 65
89 64
90 63
91 62
92 61
93 60
94 59
95 58
96 57
97 56
102 80
101 81
100 82
99 83
98 84
98 85
98 86
98 87
97 87
96 87
95 87
94 87
93 86
92 85
91 84
90 83
89 82
88 81
87 82
86 83
85 84
84 85
84 86
84 87
84 88
84 89
84 90
84 91
84 92
83 92
82 92
81 92
80 92
79 92
78 92
77 92
76 92
75 92
74 92
73 92
72 91
72 90
72 89
72 88
72 87
72 86
72 85
72 84
71 83
70 82
69 81
68 80
67 79
67 78
66 77
65 76
64 75
63 74
62 73
61 72
60 71
59 70
59 69
58 69
57 70
56 70
55 70
54 70
53 70
52 70
51 70
50 70
49 70
48 70
47 70
46 70
45 70
60 69
61 68
61 67
61 66
61 65
61 64
61 63
61 62
61 61
61 60
61 59
61 58
62 57
61 56
60 55
59 54
58 53
58 52
59 51
60 50
61 49
62 48
63 47
64 46
64 45
64 44
64 43
63 42
62 41
61 40
60 39
60 38
60 37
60 36
60 35
60 34
59 33
58 32
57 31
56 30
55 29
55 28
54 28
53 29
52 30
51 31
50 32
49 33
49 34
48 35
47 36
47 37
47 38
47 39
47 40
47 41
46 42
46 43
46 44
46 45
46 46
46 47
46 48
46 49
46 50
46 51
46 52
45 53
44 54
43 55
42 56
41 56
40 56
39 56
38 56
38 55
38 54
38 53
38 52
38 51
37 50
36 49
35 48
34 47
33 46
32 45
32 44
32 43
33 42
34 41
35 40
37 57
36 58
35 59
34 60
33 61
32 61
31 61
30 61
29 61
28 61
27 61
26 61
25 61
24 61
56 28
57 28
58 27
59 27
60 27
61 27
62 27
63 27
64 27
65 27
66 27
67 27
68 27
69 27
70 28
71 29
72 30
73 31
74 32
75 33
76 34
77 35
78 35
78 34
78 33
79 32
80 31
81 30
82 29
83 28
84 27
85 26
86 27
87 28
88 29
89 30
90 31
91 32
92 33
93 34
94 34
95 34
96 34
78 36
78 37
78 38
63 58
64 59
65 60
66 61
67 62
68 63
69 64
70 65
71 65
72 65
73 65
73 64
73 63
73 62
74 61
75 60
76 59
77 58
78 57
79 56
80 55
81 54
66 80
65 81
64 82
63 83
62 84
61 85
60 86
59 87
58 87
57 87
56 87
55 87
54 87
53 87
52 87
51 87
50 87
49 87
48 87
47 87
46 87
45 87
44 86
43 85
42 86
41 87
40 88
39 89
38 90
37 91
36 91
35 91
34 91
33 91
33 90
33 89
33 88
33 87
33 86
33 85
33 84
33 83
33 82
32 81
31 80
30 79
29 78
28 77
71 92
70 93
69 94
68 95
67 96
66 97
65 98
64 99
64 100
64 101
64 102
64 103
63 104
62 105
61 105
60 105
59 105
58 105
57 105
56 105
55 105
54 105
53 105
52 105
51 105
50 104
49 103
48 102
47 101
46 102
45 103
44 104
43 105
42 106
41 107
40 107
39 107
38 107
37 108
36 109
35 110
34 111
33 112
32 113
31 114
30 114
30 115
30 116
30 117
30 118
30 119
30 120
29 113
28 112
27 111
26 110
25 109
24 108
59 106
60 107
61 108
61 109
61 110
61 111
61 112
61 113
61 114
61 115
60 116
59 117
58 118
57 119
56 119
55 119
54 119
53 119
52 119
51 119
62 116
63 117
64 118
65 119
66 119
67 119
68 119
69 119
70 119
71 119
72 119
105 79
106 79
107 79
108 79
109 79
110 79
111 78
109 90
108 91
107 92
106 93
105 94
104 95
103 96
103 97
103 98
103 99
104 100
105 101
106 102
107 103
108 103
109 103
110 103
109 104
108 105
107 106
106 107
105 108
104 109
103 110
102 110
101 110
100 110
99 110
98 110
97 110
96 109
95 108
94 107
93 106
92 105
91 104
90 105
89 105
88 105
87 105
86 105
85 105
84 105
83 105
82 105
81 105
80 105
79 105
103 111
104 112
105 113
106 114
107 115
107 116
107 117
107 118
107 119
106 120
105 121
104 122
103 122
102 122
101 122
100 122
99 122
98 122
97 122
96 122
95 122
94 122
93 122
92 122
91 121
90 120
89 119
88 118
101 123
102 124
103 125
104 126
105 127
106 128
107 129
107 130
106 131
105 132
104 133
104 134
104 135
104 136
104 137
104 138
103 138
102 138
101 138
100 138
99 137
98 136
97 135
96 134
95 133
94 134
93 135
92 136
91 137
90 137
89 137
88 137
87 137
86 137
85 137
84 137
83 137
82 137
81 136
80 135
79 134
78 133
77 134
76 135
75 136
74 136
73 136
72 136
71 136
70 136
69 136
68 136
67 135
66 134
65 133
64 132
63 132
62 132
61 132
60 132
59 132
58 132
57 132
56 132
55 132
54 132
53 132
52 132
51 132
50 132
49 132
48 132
47 132
46 132
45 133
44 134
43 135
42 136
41 136
40 136
39 136
38 136
37 136
36 136
35 136
34 136
33 136
32 136
31 136
30 136
29 136
28 136
27 136
26 136
25 136
24 135
63 131
63 133
63 134
63 135
62 136
61 137
60 138
59 139
58 140
57 141
56 142
55 143
54 144
53 145
53 146
52 146
51 145
50 144
49 143
54 147
55 148
56 148
57 148
58 148
74 137
74 138
74 139
74 140
74 141
74 142
74 143
74 144
74 145
74 146
74 147
103 139
102 140
101 141
100 142
99 143
98 144
97 145
96 146
95 147
95 148
95 149
105 139
106 140
107 141
108 142
109 143
109 144
109 145
109 146
109 147
109 148
109 149
109 150
109 151
108 120
109 121
110 122
111 122
112 122
113 122
114 122
115 122
116 122
117 122
118 122
119 122
120 123
121 124
122 125
123 126
124 127
125 128
126 129
127 130
127 131
127 132
127 133
126 133
125 133
124 133
123 133
122 133
121 133
128 134
129 135
130 135
131 135
132 135
133 134
134 133
135 132
136 131
137 130
138 129
138 128
138 127
138 126
138 125
138 124
138 123
138 122
138 121
138 120
137 119
136 118
136 117
136 116
136 115
136 114
136 113
136 112
136 111
135 110
134 109
133 108
132 107
131 107
130 107
129 107
128 107
127 107
126 107
125 107
124 107
123 107
122 106
139 130
140 131
141 132
142 133
142 134
142 135
143 135
144 135
145 135
146 135
147 135
148 134
149 133
150 132
150 131
150 130
150 129
150 128
150 127
150 126
150 125
150 124
150 123
150 122
150 121
151 133
152 134
153 135
154 136
155 136
156 136
157 136
158 136
159 136
160 136
161 136
162 136
163 135
164 134
165 133
166 132
167 131
168 130
168 129
168 128
168 127
168 126
168 125
168 124
168 123
168 122
167 121
166 120
165 119
165 118
165 117
165 116
165 115
165 114
165 113
165 112
165 111
165 110
165 109
166 108
167 107
167 106
167 105
167 104
168 103
169 102
170 101
171 100
172 99
172 98
172 97
172 96
172 95
172 94
172 93
172 92
172 91
173 90
174 89
174 88
173 88
172 88
171 87
170 86
169 85
168 84
167 83
166 82
165 81
165 80
166 79
167 78
168 77
169 76
170 75
171 74
171 73
171 72
171 71
171 70
170 69
169 68
168 67
168 66
167 66
167 65
167 64
167 63
167 62
167 61
167 60
167 59
166 58
165 57
164 56
163 55
164 54
165 53
166 52
167 51
168 50
169 49
170 48
171 47
172 48
173 49
174 49
175 49
176 49
177 49
178 49
179 49
180 49
181 49
182 49
182 48
183 47
184 46
185 45
186 44
187 43
188 42
189 41
190 40
191 39
192 38
192 37
191 37
190 36
189 36
188 36
187 36
186 35
185 34
184 34
183 33
182 32
181 31
180 30
179 29
178 30
177 31
176 32
175 33
174 34
173 34
172 34
171 34
170 34
169 34
168 34
193 37
194 38
195 38
196 39
197 39
198 39
199 40
200 41
200 42
200 43
200 44
201 44
202 44
203 44
204 44
205 44
206 44
207 44
208 44
209 44
210 44
211 43
169 66
170 65
171 64
172 63
173 62
174 61
164 82
163 83
162 84
161 85
160 86
159 87
158 87
157 87
156 87
175 88
176 89
177 90
178 91
179 92
180 93
181 94
182 94
183 94
184 94
185 94
186 94
187 94
188 95
189 96
190 97
191 98
192 98
193 98
194 98
195 99
196 100
197 101
198 102
199 103
200 104
201 105
202 106
203 107
204 108
205 108
206 108
206 107
206 106
207 105
208 104
209 103
210 102
211 101
212 100
213 99
214 98
215 97
215 96
215 95
215 94
215 93
215 92
214 91
213 90
212 89
211 88
210 87
209 86
208 85
207 85
206 85
205 85
204 85
203 85
202 85
201 85
200 84
199 83
198 82
197 81
196 81
195 81
194 81
193 80
192 79
191 78
190 77
189 76
189 75
189 74
190 73
191 72
192 71
193 70
194 69
193 68
192 67
191 66
190 65
189 64
189 63
188 63
190 62
191 61
192 60
193 59
194 58
197 80
198 79
199 78
200 77
201 76
202 75
203 74
204 73
205 72
206 71
207 70
207 69
207 68
207 67
207 66
207 65
207 64
207 63
208 62
209 61
210 60
211 59
212 58
213 57
205 109
204 110
203 111
202 112
201 113
200 114
199 115
198 116
197 117
196 117
195 117
194 117
193 117
192 117
191 117
190 117
189 117
188 117
187 117
186 117
185 117
184 117
183 116
182 115
181 114
169 131
170 132
171 133
172 134
173 135
173 136
173 137
173 138
173 139
173 140
173 141
173 142
173 143
173 144
174 144
175 144
176 144
177 144
178 144
179 144
180 144
181 144
182 144
183 144
184 143
184 142
184 141
184 140
184 139
184 138
184 137
184 136
184 135
184 134
184 133
185 132
186 133
187 134
188 135
189 136
190 137
191 138
192 139
193 139
194 139
195 139
196 139
197 139
198 138
199 138
200 138
201 138
202 137
203 137
204 137
205 136
206 136
207 136
208 136
209 136
210 135
210 134
210 133
210 132
210 131
210 130
210 129
210 128
210 127
210 126
210 125
211 124
212 123
213 122
157 137
157 138
157 139
157 140
157 141
157 142
157 143
157 144
157 145
157 146
157 147
157 148
157 149
157 150
157 151
157 152
128 136
127 137
127 138
127 139
127 140
127 141
127 142
127 143
127 144
127 145
127 146
128 147
129 148
130 148
131 148
132 148
133 148
134 148
135 148
136 148
137 148
138 148
139 148
121 89
122 89
123 89
124 88
125 87
126 86
127 85
128 84
129 83
130 82
130 81
131 81
132 82
133 83
134 83
135 83
136 83
137 83
138 83
139 83
140 82
141 81
142 80
143 79
144 78
145 78
144 77
144 76
144 75
144 74
144 73
143 72
142 71
141 70
140 69
139 68
139 67
138 67
140 66
141 65
142 64
143 63
144 62
145 61
146 60
147 59
148 58
149 57
149 56
149 55
149 54
149 53
149 52
149 51
149 50
149 49
149 48
150 47
151 46
151 45
151 44
151 43
151 42
151 41
151 40
151 39
151 38
151 37
150 36
150 35
150 34
150 33
150 32
150 31
150 30
150 29
150 28
150 27
150 26
150 25
149 24
148 25
147 25
146 25
145 25
144 25
143 25
142 25
141 25
140 25
139 25
138 25
137 25
136 25
135 25
134 25
133 25
132 25
131 25
130 25
129 25
128 25
127 25
126 25
125 24
124 25
124 26
124 27
124 28
124 29
124 30
124 31
124 32
124 33
124 34
123 34
122 33
121 32
120 31
119 30
118 29
117 28
116 27
115 26
114 25
113 24
124 35
146 77
147 76
148 75
149 74
150 73
151 72
152 71
153 70
154 69
155 68
136 84
136 85
136 86
136 87
136 88
136 89
136 90
136 91
136 92
136 93
136 94
137 95
138 96
139 97
140 98
141 99
142 100
143 101
144 101
145 101
146 101
129 80
128 79
127 78
126 77
125 76
124 75
123 74
122 73
122 72
123 71
124 70
125 69
126 68
126 67
126 66
126 65
125 64
124 63
123 62
122 61
121 60
120 60
119 60
118 60
117 60
116 60
115 60
114 60
113 60
112 60
111 60
110 59
109 58
122 59
123 58
124 57
125 56
126 55
127 54
128 53
129 52
130 51
131 50
131 49
130 49
129 49
128 49
127 49
126 49
125 49
124 49
123 49
122 48
121 48
120 48
119 47
118 46
117 45
116 44
115 43
114 42
113 41
112 40
111 39
132 49
133 49
134 48
135 47
136 46
137 45
138 44
159
110 89
103 79
97 68
86 67
97 56
98 87
88 81
84 92
72 91
67 79
58 69
45 70
61 68
62 57
58 53
64 46
60 39
54 28
49 34
47 41
46 52
38 56
32 45
35 40
24 61
58 27
69 27
85 26
96 34
78 38
73 65
81 54
56 87
43 85
33 91
28 77
64 103
58 105
47 101
38 107
30 120
24 108
61 115
51 119
72 119
111 78
103 99
110 103
102 110
91 104
79 105
107 119
100 122
88 118
107 130
104 138
95 133
87 137
78 133
75 136
57 132
46 132
33 136
24 135
63 131
63 135
53 146
51 145
50 144
49 143
58 148
74 147
95 149
109 151
119 122
127 133
121 133
129 135
138 129
136 118
132 107
122 106
142 135
150 132
150 121
157 136
168 130
165 119
167 107
172 99
165 81
171 74
167 66
163 55
171 47
182 49
190 36
185 34
179 29
168 34
193 37
195 38
198 39
200 44
211 43
174 61
156 87
175 88
187 94
194 98
206 108
215 97
208 85
197 81
189 76
194 69
188 63
194 58
207 70
213 57
194 117
181 114
171 133
173 144
184 143
185 132
196 139
198 138
202 137
205 136
210 135
213 122
157 152
127 146
139 148
121 89
131 81
135 83
144 78
138 67
149 57
151 46
150 36
149 24
137 25
125 24
113 24
124 35
155 68
136 94
146 101
122 73
126 68
121 60
109 58
122 48
111 39
132 49
138 44
