2645
280 203
281 204
282 205
283 206
284 206
285 206
286 206
287 206
288 206
289 206
290 206
291 206
292 205
293 204
294 203
295 202
296 201
297 200
298 199
299 198
300 197
301 196
302 195
303 194
304 193
305 192
306 191
307 190
308 189
309 190
310 190
311 190
312 190
313 190
314 190
315 190
316 190
317 190
318 190
319 190
320 190
321 190
322 190
323 190
324 190
325 190
326 190
327 190
328 191
329 192
330 193
331 194
332 195
333 196
334 197
335 198
336 199
336 200
336 201
337 201
338 201
339 201
340 200
341 199
342 198
343 197
344 196
345 195
346 194
347 193
347 192
347 191
347 190
346 189
345 188
344 187
343 186
342 185
341 184
340 183
340 182
339 182
341 182
342 181
343 180
344 179
345 178
346 177
347 176
348 175
349 174
350 173
351 172
352 171
353 170
354 169
354 168
354 167
354 166
354 165
354 164
354 163
354 162
354 161
354 160
354 159
354 158
354 157
354 156
354 155
355 154
356 153
357 152
357 151
357 150
357 149
357 148
357 147
357 146
357 145
357 144
357 143
358 142
359 141
360 140
361 139
362 138
363 137
363 136
362 135
361 134
360 133
359 132
358 131
357 130
356 129
355 128
355 127
355 126
355 125
355 124
355 123
355 122
355 121
355 120
355 119
355 118
354 117
353 116
354 129
353 130
352 131
351 132
350 133
350 134
350 135
349 135
348 134
347 133
346 132
345 131
344 130
343 129
342 128
341 127
340 126
339 125
338 124
337 123
336 124
335 125
334 126
333 127
332 128
331 129
330 130
329 131
328 132
327 132
326 132
325 132
324 132
323 132
322 132
321 132
320 132
319 132
319 131
318 130
317 129
316 128
315 127
314 126
313 125
312 124
311 123
310 122
309 121
308 120
307 119
306 118
305 118
304 118
303 118
302 118
301 118
300 118
299 118
298 118
297 118
296 118
295 118
294 117
293 116
292 115
292 114
292 113
292 112
292 111
292 110
292 109
292 108
292 107
291 106
290 105
289 104
288 103
288 102
288 101
288 100
288 99
288 98
288 97
288 96
288 95
288 94
288 93
288 92
288 91
288 90
288 89
288 88
289 87
290 86
287 104
286 105
285 106
284 107
283 108
282 108
281 108
280 108
279 108
278 108
277 108
276 108
275 108
274 108
273 108
272 108
271 108
270 108
269 108
268 107
267 106
266 105
265 104
264 103
263 102
262 101
261 100
260 99
259 98
259 97
258 97
260 97
261 97
262 97
263 97
264 97
265 97
266 96
267 95
268 94
269 93
269 92
269 91
269 90
268 89
267 88
266 87
265 86
264 85
263 84
262 83
261 82
260 81
270 109
269 110
268 111
267 112
266 113
265 114
264 114
263 114
262 114
261 114
260 114
259 114
258 114
305 119
304 120
303 121
302 122
301 123
300 124
300 125
300 126
300 127
300 128
300 129
300 130
300 131
300 132
300 133
300 134
299 135
298 136
298 137
298 138
298 139
298 140
299 141
300 142
301 143
301 144
301 145
301 146
301 147
301 148
301 149
301 150
301 151
301 152
301 153
300 154
299 155
298 156
297 157
296 158
295 159
295 160
295 161
295 162
295 163
295 164
295 165
295 166
302 154
303 155
304 156
305 157
306 158
307 159
308 160
309 161
310 162
311 162
312 162
313 162
314 162
315 162
315 161
316 160
317 159
318 158
319 157
320 156
321 155
322 154
323 153
324 152
306 117
306 116
306 115
307 114
308 113
309 112
310 111
311 110
312 109
313 108
314 107
315 106
316 105
317 105
318 105
319 105
320 105
321 104
322 103
323 102
324 101
325 100
326 99
327 98
328 97
329 96
330 95
331 94
332 93
333 92
334 91
335 92
336 92
337 92
338 92
339 92
340 92
341 92
342 92
343 92
344 92
345 92
346 92
347 92
348 92
349 92
350 92
351 92
316 104
316 103
316 102
316 101
316 100
316 99
316 98
316 97
316 96
316 95
316 94
316 93
316 92
316 91
316 90
315 89
350 136
337 202
338 203
339 204
340 205
341 206
342 207
343 208
344 209
345 210
346 211
346 212
345 213
344 214
343 215
343 216
343 217
343 218
343 219
343 220
343 221
343 222
343 223
343 224
342 225
341 226
341 227
341 228
341 229
341 230
341 231
341 232
341 233
341 234
341 235
341 236
341 237
341 238
341 239
341 240
341 241
341 242
341 243
341 244
341 245
341 246
341 247
342 248
343 249
344 250
345 251
346 252
347 253
348 254
349 255
350 256
351 257
352 258
353 259
354 260
355 261
356 262
357 263
358 264
359 265
360 266
361 267
362 268
362 269
361 270
360 271
363 270
364 270
365 270
366 270
367 270
368 270
369 270
370 270
371 270
372 270
373 270
374 270
375 269
376 268
377 268
378 268
379 268
380 268
381 268
382 268
383 268
384 268
385 268
386 268
387 268
388 268
389 268
390 268
391 269
392 270
393 271
394 272
395 273
396 274
397 275
398 276
399 277
400 278
401 278
402 278
403 278
404 278
405 278
406 278
407 278
408 278
409 278
410 278
411 278
412 278
412 277
412 276
412 275
412 274
413 273
414 272
415 271
416 270
417 269
418 268
419 267
419 266
419 265
419 264
419 263
419 262
419 261
419 260
419 259
419 258
419 257
419 256
419 255
420 254
421 253
422 253
423 253
424 253
425 253
426 253
427 253
428 253
429 253
430 253
431 253
432 252
433 251
434 250
435 249
436 248
437 247
438 248
439 249
440 250
441 251
442 251
443 251
444 251
445 251
446 251
447 251
448 251
449 251
450 252
451 253
452 254
453 255
454 255
455 255
456 255
457 255
458 255
459 255
460 255
461 255
460 256
459 257
458 258
457 259
456 260
455 261
454 262
453 263
452 264
452 265
452 266
452 267
452 268
462 256
463 257
464 257
465 257
466 257
467 257
468 257
469 257
470 257
471 257
472 257
473 257
474 257
475 257
476 257
477 257
478 257
479 257
480 257
481 257
481 256
481 255
481 254
481 253
481 252
481 251
481 250
481 249
481 248
481 247
481 246
481 245
481 244
481 243
482 242
483 242
484 242
485 242
486 242
487 242
488 242
489 242
490 242
491 242
492 242
493 242
494 242
495 242
496 242
497 242
498 242
499 241
500 240
501 239
502 238
503 237
504 236
504 235
504 234
504 233
504 232
504 231
504 230
504 229
504 228
504 227
504 226
504 225
504 224
504 223
504 222
504 221
504 220
504 219
504 218
504 217
504 216
504 215
504 214
504 213
504 212
504 211
504 210
504 209
504 208
504 207
504 206
505 205
506 204
507 203
508 202
509 201
510 200
511 199
512 198
513 197
514 196
515 195
516 194
517 193
518 192
519 191
520 190
521 189
522 188
523 187
524 186
525 185
526 184
527 183
528 182
529 181
530 180
531 179
532 178
533 177
533 176
533 175
533 174
533 173
533 172
533 171
533 170
533 169
533 168
533 167
533 166
533 165
533 164
532 163
531 162
530 161
529 160
528 159
527 158
526 157
525 156
524 155
523 154
522 153
521 152
520 151
519 150
518 149
517 148
516 147
515 146
515 145
515 144
515 143
515 142
515 141
515 140
515 139
515 138
515 137
516 136
517 135
518 134
519 133
520 132
521 131
522 130
522 129
521 129
520 129
519 129
518 129
517 129
516 129
515 129
514 129
513 129
512 128
511 127
510 126
509 125
509 124
509 123
509 122
509 121
509 120
509 119
509 118
508 117
507 116
506 115
505 114
523 129
505 237
506 238
507 239
508 240
509 241
510 242
511 243
512 244
513 245
514 245
515 245
482 258
483 259
484 260
485 261
486 262
487 263
487 264
487 265
487 266
487 267
487 268
487 269
487 270
487 271
487 272
487 273
488 273
489 273
490 273
491 273
492 273
493 273
494 273
495 273
496 273
497 273
498 272
499 272
500 272
499 273
500 274
501 275
502 276
503 277
504 278
505 279
506 280
507 281
508 282
509 283
510 284
511 285
511 286
511 287
511 288
512 289
513 290
514 291
515 292
516 293
517 293
518 293
519 293
520 293
521 293
522 293
523 293
524 293
525 293
526 293
527 293
528 293
529 293
530 293
501 271
502 270
503 269
504 268
486 274
485 275
485 276
485 277
485 278
485 279
485 280
485 281
485 282
485 283
485 284
485 285
420 268
421 269
422 270
423 271
424 272
425 273
426 274
427 275
428 275
429 275
430 275
431 275
376 267
376 266
376 265
376 264
376 263
376 262
376 261
376 260
376 259
376 258
376 257
376 256
376 255
376 254
376 253
376 252
376 251
376 250
376 249
376 248
376 247
376 246
376 245
375 244
374 243
373 242
282 207
281 208
280 209
279 210
278 211
277 212
276 213
275 214
274 215
273 216
272 217
271 218
270 219
269 220
268 220
267 220
266 219
265 218
264 217
263 216
262 215
261 214
260 213
259 212
258 211
257 210
256 209
255 208
254 207
253 208
252 209
251 210
250 211
249 212
248 213
247 214
246 215
245 216
244 216
243 216
242 216
241 216
240 216
239 216
238 216
237 216
270 221
271 222
272 223
273 224
274 225
275 226
276 227
277 228
278 229
279 229
280 229
281 229
282 229
283 229
282 230
281 231
280 232
279 233
278 234
277 235
276 236
275 237
274 238
273 239
273 240
273 241
273 242
272 242
271 242
270 242
269 242
268 242
267 242
266 242
265 242
264 242
263 242
262 242
261 242
260 242
259 242
258 242
257 241
256 242
255 243
254 244
253 245
252 245
251 245
250 245
249 245
248 245
247 245
246 245
245 245
244 245
243 245
242 245
241 245
240 245
239 246
238 247
237 248
236 249
235 250
234 251
233 252
232 253
231 254
230 255
229 256
228 257
228 258
228 259
227 259
226 259
225 259
224 259
223 259
222 259
221 259
220 259
219 259
218 259
217 259
216 258
215 257
214 256
213 255
213 254
213 253
213 252
213 251
213 250
213 249
213 248
213 247
213 246
213 245
213 244
214 243
215 242
216 241
217 240
217 239
216 239
215 239
214 239
213 239
212 239
211 239
210 239
209 239
208 239
207 239
206 239
205 239
204 238
203 237
202 236
201 235
200 234
199 233
198 233
197 233
196 233
195 233
194 233
193 233
192 233
191 233
190 233
189 232
188 231
188 230
188 229
188 228
188 227
188 226
188 225
188 224
188 223
188 222
188 221
188 220
188 219
188 218
188 217
189 216
190 215
191 214
192 213
193 213
194 213
195 213
196 213
197 213
198 213
199 213
200 213
201 213
202 212
203 211
204 210
205 209
206 208
207 207
208 206
208 205
208 204
208 203
208 202
208 201
208 200
208 199
208 198
209 197
210 196
211 195
212 194
213 193
214 192
215 191
192 212
192 211
192 210
192 209
191 208
190 207
189 206
188 205
187 204
186 203
185 202
184 202
183 201
182 200
181 199
180 198
179 197
178 196
177 195
176 194
175 193
174 192
173 191
172 190
171 189
170 188
169 189
168 189
167 189
166 189
165 189
164 189
163 189
162 189
161 189
160 189
159 189
158 189
157 189
156 189
155 189
154 189
153 189
152 190
151 191
150 192
149 193
148 194
148 195
148 196
148 197
148 198
148 199
148 200
148 201
148 202
148 203
148 204
148 205
148 206
147 206
146 206
145 206
144 206
143 206
142 206
141 206
140 206
139 206
138 206
137 206
136 206
135 205
134 204
133 203
132 202
131 202
130 202
129 201
128 200
127 199
126 198
125 197
124 196
123 195
147 207
146 208
146 209
146 210
146 211
146 212
146 213
146 214
146 215
146 216
146 217
146 218
146 219
146 220
146 221
146 222
146 223
145 224
144 225
143 226
142 227
141 228
140 229
139 230
138 231
137 232
136 233
135 233
134 233
133 233
132 233
131 233
130 233
129 233
128 233
127 233
126 233
125 233
124 234
123 235
122 236
121 237
120 238
119 239
118 240
117 241
116 242
115 242
114 241
113 240
112 239
111 238
110 237
109 236
108 235
107 234
106 233
105 233
104 233
103 233
102 233
101 233
100 233
99 232
98 231
97 230
96 229
95 228
94 227
93 228
92 229
91 230
90 231
89 231
88 231
87 231
86 231
85 231
84 231
83 231
82 231
82 230
82 229
82 228
81 227
80 226
80 225
80 224
80 223
80 222
80 221
80 220
80 219
80 218
79 217
78 216
77 215
76 214
75 215
74 216
73 217
72 218
71 219
70 220
69 221
68 222
67 223
67 224
67 225
67 226
66 226
66 227
65 228
64 229
63 230
62 231
61 232
60 233
59 234
58 235
57 236
56 237
55 237
55 236
55 235
55 234
55 233
54 232
53 231
52 230
51 229
50 228
55 238
55 239
55 240
55 241
55 242
65 225
64 224
63 223
62 222
61 221
60 220
59 219
58 218
57 217
56 216
55 215
54 214
53 213
52 212
51 211
50 210
49 209
48 208
47 207
46 206
45 205
44 204
43 203
43 202
43 201
43 200
43 199
43 198
43 197
43 196
43 195
43 194
43 193
44 192
45 191
46 190
47 189
48 188
49 187
50 186
50 185
49 185
48 185
47 185
46 185
45 185
44 185
43 185
42 185
41 185
40 184
39 183
38 182
37 181
36 180
35 179
34 178
33 177
32 176
31 175
31 174
31 173
31 172
31 171
31 170
31 169
31 168
31 167
31 166
31 165
31 164
31 163
30 162
29 161
28 160
28 159
27 159
27 158
27 157
27 156
27 155
27 154
27 153
27 152
27 151
27 150
27 149
27 148
27 147
27 146
27 145
27 144
27 143
27 142
27 141
27 140
27 139
27 138
27 137
27 136
27 135
26 134
25 133
25 132
25 131
25 130
25 129
25 128
25 127
25 126
25 125
25 124
25 123
25 122
25 121
25 120
26 119
27 118
28 117
29 116
30 115
31 114
32 113
33 112
34 111
35 110
35 109
35 108
35 107
35 106
35 105
35 104
36 103
37 102
38 101
39 100
40 99
41 98
41 97
41 96
41 95
41 94
41 93
41 92
41 91
41 90
41 89
41 88
40 87
39 87
38 87
37 87
36 87
35 87
34 87
33 87
32 87
31 87
30 87
29 87
28 86
28 85
28 84
28 83
28 82
28 81
28 80
28 79
28 78
28 77
28 76
27 75
26 74
25 73
24 72
23 71
27 87
27 88
27 89
27 90
27 91
27 92
27 93
27 94
27 95
27 96
27 97
40 86
40 85
41 84
42 83
43 82
44 81
45 80
46 79
47 78
48 77
49 76
50 75
50 74
51 74
50 73
49 72
48 71
47 70
46 69
45 68
44 67
43 66
42 65
42 64
42 63
42 62
42 61
42 60
42 59
42 58
42 57
41 56
40 55
39 54
38 53
37 52
52 73
53 72
54 71
55 70
56 71
57 72
58 73
59 74
59 75
59 76
59 77
59 78
60 79
61 80
62 81
63 82
64 83
65 84
66 85
67 86
68 87
69 88
70 89
71 90
72 90
72 89
73 88
74 87
75 86
76 85
77 84
78 83
79 82
80 81
81 80
82 79
83 78
84 77
85 76
86 75
86 74
86 73
86 72
86 71
86 70
86 69
86 68
86 67
86 66
86 65
86 64
86 63
86 62
87 61
88 60
89 61
90 62
91 63
92 64
93 65
94 65
95 65
96 65
97 65
98 65
99 65
100 65
101 65
102 65
103 65
104 65
105 65
106 65
107 66
108 67
108 68
108 69
108 70
108 71
108 72
108 73
108 74
108 75
108 76
108 77
108 78
108 79
109 79
110 78
111 77
112 76
113 75
114 74
115 73
116 72
117 71
118 70
119 69
120 68
121 67
122 66
123 65
124 66
125 67
126 68
127 69
128 70
129 71
130 72
131 73
132 74
133 75
134 76
135 77
136 78
137 79
138 79
139 79
140 79
141 79
141 78
141 77
141 76
141 75
141 74
141 73
141 72
141 71
141 70
142 69
143 68
144 67
145 66
146 65
140 80
139 81
138 82
137 83
136 84
135 85
134 86
133 87
132 88
131 89
130 90
129 91
129 92
142 80
143 81
144 82
145 83
146 84
147 85
148 86
149 87
150 87
150 88
150 89
150 90
150 91
151 92
152 93
153 93
154 93
155 93
156 93
157 93
158 93
159 93
160 93
161 93
162 93
163 93
164 93
165 93
166 93
167 93
168 93
169 93
170 93
171 93
172 93
173 93
174 93
175 93
176 93
177 93
178 93
179 93
180 93
181 93
182 93
183 93
184 93
185 93
186 93
187 93
188 92
189 91
190 91
191 91
192 91
193 91
194 91
195 91
196 91
197 91
198 90
199 89
200 88
201 87
201 86
201 85
201 84
201 83
200 83
199 82
198 81
197 80
196 79
195 78
194 77
193 76
192 75
191 74
202 82
203 81
204 80
205 79
206 78
207 77
208 76
209 75
210 74
211 73
212 72
190 92
191 93
192 94
193 95
194 96
195 97
196 98
197 99
198 100
199 101
200 102
200 103
200 104
200 105
201 106
202 107
203 108
204 109
205 109
206 109
207 109
208 109
209 108
210 107
211 106
212 105
213 104
214 103
215 102
216 101
216 100
216 99
216 98
216 97
216 96
216 95
216 94
216 93
216 92
217 91
218 90
151 86
152 85
153 84
154 83
155 82
156 81
157 80
158 79
159 78
160 77
161 76
162 75
163 74
164 73
165 72
166 71
167 70
107 80
106 81
106 82
106 83
106 84
106 85
106 86
106 87
106 88
106 89
106 90
106 91
106 92
106 93
106 94
106 95
106 96
72 91
72 92
72 93
72 94
72 95
29 159
30 159
31 159
32 159
33 159
34 159
35 159
36 159
37 159
38 159
39 159
39 158
39 157
40 156
41 155
42 154
43 153
44 152
45 151
46 150
47 149
48 148
49 147
50 146
51 145
52 144
53 143
54 142
51 185
52 185
53 185
54 185
55 185
56 185
57 185
58 185
59 185
60 185
61 185
62 185
63 185
64 185
65 184
66 184
67 184
68 184
69 184
70 184
71 184
72 184
73 184
74 184
75 184
76 184
77 184
78 184
79 184
80 184
81 184
82 184
83 184
84 183
85 182
86 182
87 182
88 182
89 182
90 182
91 182
92 182
93 182
94 182
95 182
96 182
97 181
98 180
99 179
42 204
41 205
40 205
39 205
38 205
37 206
36 207
35 208
34 209
33 210
32 211
31 212
30 213
29 214
28 215
27 216
26 217
25 218
24 219
23 220
22 221
21 222
20 223
19 224
19 225
19 226
19 227
19 228
19 229
19 230
19 231
19 232
19 233
52 210
53 209
54 208
55 207
81 232
80 233
79 234
78 235
77 236
76 237
75 238
74 239
116 243
116 244
116 245
116 246
116 247
116 248
116 249
116 250
126 234
127 235
128 236
129 237
130 238
131 239
132 240
133 241
134 242
135 243
136 244
136 245
136 246
136 247
147 224
148 225
149 226
150 226
151 226
152 226
153 226
154 226
155 226
156 226
157 226
158 226
159 226
160 226
161 226
162 226
163 226
164 227
165 228
166 229
166 230
166 231
166 232
166 233
166 234
166 235
166 236
166 237
166 238
166 239
167 240
168 241
169 242
170 243
171 244
172 245
173 246
174 247
175 248
176 249
177 250
178 251
179 252
180 253
181 254
182 255
183 256
184 256
185 256
218 239
212 256
211 256
210 256
209 256
208 256
207 256
206 256
205 256
284 230
285 230
286 230
287 230
288 230
289 230
290 230
291 230
292 230
293 230
294 230
295 230
296 230
297 230
298 230
299 230
300 230
301 229
302 228
303 227
304 226
305 225
306 224
307 223
294 231
295 232
296 233
297 234
298 235
299 236
300 237
301 238
302 239
303 240
304 241
305 241
306 241
305 242
304 243
303 244
303 245
303 246
303 247
303 248
303 249
303 250
303 251
303 252
303 253
303 254
302 254
301 254
300 254
299 254
298 254
297 254
296 253
295 252
294 251
293 250
292 249
291 248
290 247
289 248
289 249
289 250
289 251
289 252
289 253
289 254
289 255
289 256
289 257
289 258
289 259
288 260
287 261
286 262
285 263
284 264
283 265
282 266
281 267
280 268
279 269
278 270
277 271
276 272
275 272
274 272
273 272
272 272
271 272
270 272
278 272
278 273
278 274
278 275
278 276
277 277
277 278
277 279
277 280
277 281
277 282
277 283
277 284
277 285
277 286
277 287
277 288
276 289
275 290
274 291
273 292
272 293
271 294
270 295
269 296
268 297
267 298
266 298
265 298
264 298
263 298
262 298
261 298
260 298
259 298
259 297
259 296
258 295
257 294
256 293
255 292
254 291
253 290
252 289
251 288
250 287
249 286
248 285
247 284
246 283
245 282
258 299
257 300
256 301
256 302
256 303
256 304
256 305
256 306
256 307
256 308
256 309
255 310
254 311
253 312
252 313
251 314
250 315
249 316
248 317
247 318
246 319
245 320
244 321
243 321
242 321
241 321
240 321
239 321
238 321
237 321
236 321
235 321
234 321
233 321
232 321
231 321
230 321
229 321
228 321
227 321
226 322
225 323
224 324
223 325
222 326
221 327
221 328
221 329
221 330
221 331
221 332
221 333
221 334
220 334
219 333
218 332
217 331
216 330
215 329
214 328
213 327
212 326
211 325
210 324
209 323
208 322
207 321
206 320
205 319
204 318
203 317
202 316
201 315
200 316
199 317
198 318
197 319
196 320
195 321
194 321
193 321
192 321
191 321
190 321
189 321
188 321
187 321
186 321
185 321
184 321
183 321
182 321
181 321
180 321
179 321
178 321
221 335
221 336
221 337
220 338
219 339
218 340
217 341
216 342
215 343
214 344
213 345
212 346
211 346
210 346
209 346
209 345
208 344
207 343
206 342
210 347
211 348
212 349
213 350
214 351
215 352
216 353
217 354
218 355
219 356
219 357
219 358
260 299
261 300
262 301
263 302
264 303
265 304
266 305
267 306
268 307
269 308
270 309
271 310
272 311
273 312
274 313
275 314
276 315
277 316
278 317
279 318
280 319
281 320
282 321
282 322
283 322
284 322
285 322
286 322
287 322
288 322
289 322
290 322
291 322
292 322
293 321
294 320
295 319
296 318
297 317
298 316
299 315
300 314
283 323
284 324
285 325
286 326
287 327
288 328
289 329
290 330
291 331
292 332
293 333
294 334
295 335
296 335
297 335
298 335
299 335
300 335
301 335
302 335
303 335
304 335
305 335
306 334
307 333
308 332
309 331
310 330
311 329
312 328
313 327
314 326
315 325
316 324
317 323
318 322
319 321
320 320
321 319
301 336
300 337
299 338
299 339
299 340
299 341
299 342
299 343
299 344
299 345
299 346
299 347
299 348
298 349
297 350
296 351
295 352
294 353
293 353
292 353
291 353
290 353
289 353
289 352
289 351
288 350
287 349
286 348
285 347
288 354
287 355
286 356
285 357
284 358
283 359
282 360
281 361
280 362
279 363
278 363
277 362
276 361
275 360
274 359
274 358
273 357
272 356
271 355
270 354
269 353
268 352
267 351
266 351
265 351
264 351
263 351
279 364
279 365
290 354
291 355
292 356
293 357
294 358
295 359
296 360
297 361
298 362
299 363
300 363
301 363
302 363
303 364
304 365
305 366
306 367
307 368
308 369
309 370
310 371
311 372
312 373
313 373
314 373
315 373
316 373
317 373
318 373
319 373
320 372
321 371
322 370
323 369
324 368
325 367
326 366
312 374
311 375
310 376
309 377
308 377
307 377
306 377
305 377
304 377
303 377
302 377
301 377
303 255
303 256
303 257
303 258
303 259
303 260
303 261
303 262
303 263
303 264
303 265
303 266
302 267
301 268
300 269
299 270
298 271
297 272
296 272
295 272
294 272
293 272
292 272
293 273
294 274
294 275
294 276
294 277
294 278
294 279
189
283 206
308 189
327 190
336 201
347 193
339 182
354 169
357 152
363 137
355 128
353 116
337 123
319 132
306 118
292 115
288 103
290 86
271 108
258 97
269 93
260 81
258 114
300 134
298 140
301 153
295 166
315 162
324 152
316 105
334 91
351 92
315 89
350 136
346 212
343 224
341 247
362 269
360 271
365 270
376 268
390 268
412 278
419 267
421 253
437 247
449 251
461 255
452 268
481 257
482 242
504 236
533 177
515 146
509 125
505 114
523 129
515 245
487 273
498 272
511 288
530 293
504 268
485 285
431 275
373 242
269 220
266 219
254 207
237 216
283 229
273 242
257 241
240 245
228 259
213 255
199 233
188 231
192 213
208 206
215 191
185 202
170 188
153 189
148 206
132 202
123 195
146 223
125 233
106 233
94 227
82 231
80 226
76 214
67 226
50 228
55 242
51 211
43 203
31 175
27 159
25 133
35 110
41 98
40 87
28 86
23 71
27 97
50 75
42 65
37 52
55 70
59 78
86 75
88 60
106 65
108 79
123 65
141 79
146 65
129 92
150 91
159 93
170 93
189 91
201 87
191 74
212 72
200 105
204 109
216 101
218 90
167 70
106 96
72 95
39 159
54 142
51 185
65 184
85 182
99 179
38 205
19 233
55 207
74 239
116 250
136 247
163 226
166 239
185 256
218 239
205 256
293 230
307 223
306 241
303 254
290 247
289 259
277 271
270 272
278 276
277 288
259 298
245 282
256 309
227 321
201 315
178 321
221 337
209 346
206 342
219 358
282 322
300 314
302 335
321 319
299 348
289 353
285 347
274 359
267 351
263 351
279 365
302 363
313 373
326 366
301 377
303 266
292 272
294 279
